PD94bWwgdmVyc2lvbj0iMS4wIiBlbmNvZGluZz0iVVRGLTgiIHN0YW5kYWxvbmU9InllcyI_Pgo8QklSIHhtbG5zPSJodHRwOi8vc3RhbmRhcmRzLmlzby5vcmcvaXNvLWllYy8xOTc4NS8tMy9lZC0yLyI-CiAgICA8QklSSW5mbz4KICAgICAgICA8SW50ZWdyaXR5PmZhbHNlPC9JbnRlZ3JpdHk-CiAgICA8L0JJUkluZm8-CiAgICA8QklSPgogICAgICAgIDxWZXJzaW9uPgogICAgICAgICAgICA8TWFqb3I-MTwvTWFqb3I-CiAgICAgICAgICAgIDxNaW5vcj4xPC9NaW5vcj4KICAgICAgICA8L1ZlcnNpb24-CiAgICAgICAgPENCRUZGVmVyc2lvbj4KICAgICAgICAgICAgPE1ham9yPjE8L01ham9yPgogICAgICAgICAgICA8TWlub3I-MTwvTWlub3I-CiAgICAgICAgPC9DQkVGRlZlcnNpb24-CiAgICAgICAgPEJJUkluZm8-CiAgICAgICAgICAgIDxJbnRlZ3JpdHk-ZmFsc2U8L0ludGVncml0eT4KICAgICAgICA8L0JJUkluZm8-CiAgICAgICAgPEJEQkluZm8-CiAgICAgICAgICAgIDxJbmRleD41NDAyNDJhMi04Y2Y1LTQyYWMtOGY1OS02MjFjM2M5M2U3ODQ8L0luZGV4PgogICAgICAgICAgICA8Rm9ybWF0PgogICAgICAgICAgICAgICAgPE9yZ2FuaXphdGlvbj5Nb3NpcDwvT3JnYW5pemF0aW9uPgogICAgICAgICAgICAgICAgPFR5cGU-NzwvVHlwZT4KICAgICAgICAgICAgPC9Gb3JtYXQ-CiAgICAgICAgICAgIDxDcmVhdGlvbkRhdGU-MjAyMi0wMS0wOVQxMjoxMzo0Ni4wOTE2MzNaPC9DcmVhdGlvbkRhdGU-CiAgICAgICAgICAgIDxUeXBlPkZpbmdlcjwvVHlwZT4KICAgICAgICAgICAgPFN1YnR5cGU-TGVmdCBMaXR0bGVGaW5nZXI8L1N1YnR5cGU-CiAgICAgICAgICAgIDxMZXZlbD5SYXc8L0xldmVsPgogICAgICAgICAgICA8UHVycG9zZT5FbnJvbGw8L1B1cnBvc2U-CiAgICAgICAgICAgIDxRdWFsaXR5PgogICAgICAgICAgICAgICAgPEFsZ29yaXRobT4KICAgICAgICAgICAgICAgICAgICA8T3JnYW5pemF0aW9uPkhNQUM8L09yZ2FuaXphdGlvbj4KICAgICAgICAgICAgICAgICAgICA8VHlwZT5TSEEtMjU2PC9UeXBlPgogICAgICAgICAgICAgICAgPC9BbGdvcml0aG0-CiAgICAgICAgICAgICAgICA8U2NvcmU-OTQ8L1Njb3JlPgogICAgICAgICAgICA8L1F1YWxpdHk-CiAgICAgICAgPC9CREJJbmZvPgogICAgICAgIDxCREI-UmtsU0FEQXlNQUFBQUMweEFBRUJBUUFBTFNFSDVBb0pFQ29wQWw0QUFBQUFBQUVyQUVBQUR3SUFRQUlBUUFJS0FBRUI5QUgwQWZRQjlBZ0ZIUUVZQVowQUFDeXZBQUFBREdwUUlDQU5Db2NLQUFBQUZHWjBlWEJxY0RJZ0FBQUFBR3B3TWlBQUFBQkhhbkF5YUFBQUFCWnBhR1J5QUFBQm5RQUFBUmdBQVFjSEFBQUFBQUFQWTI5c2NnRUFBQUFBQUJFQUFBQWFjbVZ6SUFBQUFCSnlaWE5qbWNvQUFabktBQUVBQUFBQUFBQnFjREpqLzAvL1VRQXBBQUFBQUFFWUFBQUJuUUFBQUFBQUFBQUFBQUFCR0FBQUFaMEFBQUFBQUFBQUFBQUJCd0VCLzJRQUl3QUJRM0psWVhSdmNqb2dTbUZ6VUdWeUlGWmxjbk5wYjI0Z01TNDVNREF1TWY5a0FCQUFBVVZ1WTBsRU9rZFNRbFF3TWY5U0FBd0FBZ0FKQUFVRUJBQUEvMXdBSTBKdkVHN29idWh1dUdiOFp2eG00RjlNWDB4ZllrZ0RTQU5JUlUvU1Q5SlBZUCtRQUFvQUFBQUFLNmNBQWYrVHo1cUVFLzhGM093VmcrRFRQMUs3NEdjQmptVVlRRnh1U0d6WUMrN2dmVmgzUXpUbUdtbmk3TXFQWnkweHVPMUgvYXd0YTU0L2hDVjRSTmw4VFdhZys2b04xM1hYZ0lDQWdQRUFHN1VhRXZXTURzMm4xa2YvRC94OUZvRHhBT1ZPTUxQeWFsRnNUWDVsejREZHAxT0F3eVlPcWoxQ29HRGRmR2h4S21sTlBmYlhkNmYwR1FoQjY1QUx5bWhsZ2xIZ09KQjFNSEhOWWwzMG5mbUxqTXN4alJIdkJYeS9BUWo4RHdDcDdwZWZHUXBCRWRkKyt2Yk5tc1J0SkgyMUtXdlVTelQ4c0ZTOUl5V3JBR2ZEZGh5SzRBMTU0emI1S0pXQUNUQlRvdVQ5Z1ZEUy93bDA4b2NSNGVBK1NxRFZRY2xuZ2JBU01RczNUOVdWUHpqRWdLWTM2QTgyQnlPajZnUk40YVU5bk1ZSW9pdXovdFArUmw1dis3V0F4NDhZNlcxcXhrRXpjL2J6cDZnZGNYVmhTcHpFSnN6aWVJWW85VjFmZDlXV2VEdE5CQWtneEZjRkpJdkxKdnE5Ylp6ZyswUlpRbkIzT0R3VU4xU2htcUZGc29ZaThPbEFnYnRKUnJXQXc2NXEwRnFndzhkUnErY1d1ckpKWWdac2wzbG5vY2F6MjNtd0FDNi8yc1MvdHh1UHB6QzRhS0tvVDVyTE1XNUwzZEhJdXB6ZnVpSXBNWExjZFdWdVl4Vkwza294MmxrUjU1VlJTQk9BODJ2TGZpMmg5VUhmWExaVGtLdjFTWk1QRTBjZHJ1ZnlRaW5CYTA5cWhNTm9JWmhoRE9lL1huMnM3TWdTZC9aUHR4NnluQXZuT3dRbkE2Tnd3RmtlTDZ6a1dHNzdtM1RtdW1BOXRUTXIzQVVUMFFkRWtkRER5T1F4OG9SK3k0VUhxTkZ0U1R0eEFsUjRXcVA3dlJEL2EraUZzeU1iWkk5Wis5RUdEUTh6ZnB4RWNPRjZFNjBGNGdXK1FCZHNqMEVkMlMrK0lTdGZHY0YrMkVEMmsxbUExZFYxV0xTZjFreXJDcnBmNG1pL2pPZzRwMi9yTXlMbklYU3VzVVZkcjFneUJHNy9NTFpwQTBuT2tEbjZyL2cxTG5NWWJGRmFuV1FaS1U3WkY3Y0lrTnZGcklObS9vd2pjaFR4OSswL0FBcFdQRWxjUnBjbHhzNmZwc2JjeFBRbDdZZWd2am5CY1JmY0Zhb1dxMElWSHRETWNsYis3RWFIVHY0UGZ4OGo5dTZtbFZZVGNnQVJ2aUFlV1RYRDRmaFF1c1RGMHRIUmdodVR5ejNXQnh1Zm1yNjRoOWo4YTJPU0FOQTI1R1llN1k1dWh4VzRRWjlYS0RoSWY0dlBZbldVQW5iaVRFa3B4OUxqc1ZYc1ZNOWhkUnlTOW0zRGpORzVEWFk4czM2U1dZdGpUVE1IMStKMm5yTHN3dnRmVjViRzRlcXhKeEh4OGdRSjdFUVExbmYwZEhjZWRaeVlUSnhFb3pqcDRCbkhyb2gydDIvaytmc2ZkSTlianUrS09vMjBkWXZ2L0ZNek1GSHg0NDhBOTVWRWlxSHRheEdqZERDamJzQmRUL2thM0dvSUp2OERZa0RHWll6d1RaVE05WkwrRDB0eHBtcmk4MnVPYytUdmJmMUwyUmpmVnBKVUdsZHFjS3VzVkhlWlJUYTZPMWpqVXJVY2JOcEk5MFFsUUNpM3VWYTN6TldHSFcydnpsWk9qUzFrcFdIYmw0VE5uZzFqRCtFRjlwTCtiNVZ1aWNSRWlHS3d3T0w1NkZzS3ArSmlmMDFXVUtzRkhuV1dtWGhnOXFMSGRNUXU4TStseWhOT2FMUVQ3RlZ2eVdNMlRmakNGUFlDb09mdHRXRjVsYVhSeForK01NQTRENGh4VGtnd0U5eFk0a0hoWGo3T1VQZVAzcGpiT3RNUGNOWVU0MURlRys2a1NYSW1qR2hIL3VLREpYT25DUXV4bUM5L0dtVDBDYVhLVERJZFdOM1ZHTFYrU0xESXdyejYvd2VIOFVoenFCTFZLSmcrSVBSTVRWL2ZHOG02U2QrcFhzbzRNbFhheFc3TElJYW1BMk83RmtEclhyMytpM3p5VE5QZ2tMUzhYbktNajFxYnZGTWZqWnczOHFyUkJXYjJ3TjF5SHhFVlgvZXN4Tit0RDQ3TGZ1Z2dyK2llOEZlUjUySk4yRzM0TThQaUtpemJyb0tZRVVoZ3FxY3N3UnpNRXVHNVpYOGlLSU16YitwRjllQnZwY3ZtVEpyYWZEUEZ6WGNKd0puYTZWakpiNGV1c2ZIMmZCbnZ6Zml1TlhJOWgwWFY3SWlrd254eFhFUzlFRUx0Yjd1NzN0YjJwYk1KY2ZyWlQrd2YrUVV1M2FqVGlJWk8zTnlVL1ozM1A0Z0xadDhqMHhoU3Z0MzFObUVXek5QV3AvWENYZ1JteWs3V0tBVXQzVkE0VWhpWGpKT1NFdHdpYmVsdUhtTTU3dWJqQ21iU0J4SGIxRVo0eUd3VXBZZ3BoeklmcG1ubjg4ZzVFQWVwaXM4T2hJRWhOWWVUc3p0bHgreDJMQ1V0ckxCR2syWVJnN2M4M0lZZzR2UXNkMUFNOVAyTDlKMUgycFNSYTl0M0pjYjh5aWxUZEx5bENOa2h1V2MvSW1oQjlEK1hrbmFDSndZTEMwNEc1Wk1WblRVdy9DbERPSndjNU5NVWU5b1lOY2MvRHdnaUdOSVp5Mmhtc25BVnhXVzlmVjJpK01oSlMvM3FrMld4dVpPc09sM3c3L3BSQm9hUmlucTQ5MldYU3hyS0FRR2pLcWlTalZ1NURQeEZ2bjF1bGhET2FvNlhPRnBKMXNDbHlxUjI4ZGZnVk9PbDUrbHMzemw4QWU3M2xoczEydmRqNEE1WEFCQjhuWTBlOEhQaUx0UDBvaEpIL3FyZWNGMEoyN0gvZUZVMXY0ckRXVzJGeGFYZHNtR2lzN2JqZ2Q0ZkdZaGxxVkVrUWRHKytSVE9yMGRDU3BzQXhmT2pwTGV6b05rVG5meFhON1h6aUdZWXR1TU1mdFNkUmRVUUVNN2pzQ1NSYVNHS1g5aUtESmVDYWNvSmlJL3ZJWE9sblo1QkFxeThuQXliWVVWQzdZRjFYckEyZFc0aCtQUk11dllib2QxMVVRUEZhaW9Kc3RFRGVzZ2s2dGI3YVFWWGJla3UzR3NnTy9RQXN2RWJIbFFIaVFLK1ZGSlMxUEM4UUJJZTd3alVsRkpUaXM1ME5KY0liZjBEM1EvU2VxZTFlblBRaWV1dnFiRGRQTjRaMndLTW9rZzZybVR0RUdoTUtTZlRHRXFlNWE5MUg5a1NoS3kvZWdkSGxlSmx1YlYxT2ZFcjBpbEZJaG9UWFFPUDNaeDRuUEZhK044SHNSSlFlSzd4bTBZOGh2WWhWb3R5M1Z6MnNLcG12SDgwYXhneWF6ZTBqVS9hWm4wTksvZ2QrbzJ3UVF1RE9PZHNsNmhBUnlXMk5jUC9HT1VHblROd0ZPcE1lZTkxdi93aTV2YmptZ0x5d2hZaEcyakZ1VXE1dXc2VnB0VS9oTDYvUlpqTnNneGkwOHMyVlp6K0dYaHd0dzltQlN4OExSRHZCZkR4TEk4Um5TSHM1QTlsN3ZrY1llNGZiQ1NZQUNRTnZWczBNRnlzN29yK1MrUllhUTlwYU9yYXFzWEJvZjNrL1VrNnhOZXY4Rmp5U1hsOFlwVUxFOEplQjh1M0NFdnI5dTFhZmZMSTVDaTlncEdqOHVrczlvcTB4cU5rc1dWRHRwZ2Y0L29mNlFWOWczWEc2VzFReW9US2pNc1VHQ1VkZGtMVlI4WFVzSWU3OUFCOHEvSVBSWVRWeitGTENsaEhSU1JsM1BjbnpnQ1VSYXFqSmMrVHhKankrK2czemFUbU5yZVVkcUYrdmo5b2FpRXJrMEZYUjJTa2VqQld0ZGZNeG5HSVRiZy9WcUgvQUJuUXVDUzJiVmtKK2pTQTdTWEE1YWtjSmMrQ1dHb0hZa3B0cFF3dmtUbkczWWFzZjlEMWszWFNhMkt0RURqeUhZL3ZIaXFyTktqcDgvTjRvOXJwUExia3ZQUUJRVkF1ak5yK0JGS1hZSGtMNXY3S0hLVFFTcXZHN2swMjBCb0hzdFhKZlQzM2tvd0tCSzJyUkxjK09WSkMyamVvNklYMmZ1NDFHNjZPV1U0ek42dGh6dWNBaUhQYkxPZ0IvcXdDSExZWDFSaThHVnZLMHlTOTJHZSthVERZWTRjTkJlSTR5dHdONytlY2xXRXNDOGdJNXlDQUtnczR2R3BZNGZYK0dYTUdMWU1GLzJGRlpBc3FRSG03Z1BwRnRobC9MejR2WFRVRDkyaGFmK0V5R3JwWDJDM1lXNENzVXZ4ZGpvaFpVR0w3UFJ3RnJxSUNXSHRkVWZVbHZSRGlNUmM5RGVTb1djQkZ2eE0reDUydUFmV1Q1dGZzUGtZZEE4OUM1YStpMEphWkJIRmZuR0FYNWtvQUJXbHRseTN4OW84SHFneWFtdlhzaThJZ3EzZmdmN1ZuSjUzMTdIOHExNTIxMkNMVmJMZDR3YlZ4RjVJeUFLcm9IS3A2Y0R5ajhyeWtKdG1uS1BFMUlDdmE5V2tzMnpRbW5aT3g1UGRTZ2VvZEFnVUVTeUlmVEs3aEdlVGV5Yks5YVNOWVplZU5vcDRWem4yc2M0T1JwRmFmcThKTUdiV1JEUWNRL3p4S3BRSVFyTXlBQlZWM09pbkc5WVNhMGhQeDlTK01jcmZHNDZadGgrVlBiUTdoR252SVUwU2J5MzNqaFJqMWRXaWNGK2lHWldzVmxZcXU0Mm9oZ1VRcFpkUWc1bzY0L2tHV2o1TkwzbVR5emFheDgrT1ZnbUx6aHVQUzdmM2MyT0gySEZQc2I1SElyUHZLMjdsejErbHRzcVhqalFUanV5Q3ErNHc1VlZFZWdsS28rSUNBZ0lDenRjOTdFTVBkSXczcFV4L1NZSXFpbFY2c1FjL3NLS3kzdWtBVGlHMXJGVjcxWU9MdUxHYW1kdWluZmllb3NISU96Nnl6OW52bmRQVlZCK2xTTUp6eThPenN2MXRNVk1leUJjZDBDNEIrTnh2QllKSm0remppdi9qdG9mbmljVkU4QmUzaEFPdTR4emZCUTFvU0x0NXhRc0VkNEVxQVBzZ2RiaFhGMWlac3F5aHVsREVOQ0l2QURyZFVxM0Y5WmRoZi9qalhkeVVPUFpmbG5OSWdxY0ZPTi9qU2ZSd05semdxRG92WjZyaGNrNUdSVk9aL2pJa2lTVGJaSnFBS01vRzFuQXpwWnZsd0lMT0xiZFd3Mlk2T0thMVZxdTdwc2RoMmZSNHBmM2hlcTdYS2RVZ2R6Sno5akhMdkdZUHRCakV5ejk4UU1zUW41NzFmV3Q3dmpYRUE4ZnJJeEN4ZXU2NWp5RnZxcXpoeTI4bmhiaWV4dWtnZmYvRXdSendZMUFlSklaVkJoejdhVVpEMlRvVlhrejlmSlczNk12TVVWQnBUcTkzS2d1TGhZWU5qMDRlT1B1MVh4cStmNlJ2NlQyUkdIT291S2k3TW1IMGgwVzVDSks0cWVsaUhGeHM1ODUxMkxIUm05YVBIc3VYSFhnblZrZHBoZHVvYVJTQlR0NjM4d2ZuWjAzQ0M2M2Q1MkVndXZkdmNqR3hES0V6NmhmVzR6Q3Y2bHVNZzU3d0xwWHJ1MWtocE5IdWVpNE9hYklxZ25tSEdraTlPMmtOMndMTlpENHRNbFhYd3VhaW1YNGREaHFiWnk4SzEza2hJbmtLOTMrNTRSZUJhbkJZSy9WNnlESVZwY3pySDJ5OVE0RVdPZjNQWG1zVlQ5M1B4WGJVQ21CT3dSTWxkM3Q2T2pQMzdRYUZLNGtTUzREdzNVeGxhTGNGb0dOVUo4WFNlSmlrclJuaVFKWmlDNGM4c1lmaHRldnQ1cjUwQ1VxbHZHUURkZjA3TjFXamhGWldQRlJ4RVc0RGJWR2hxRDAzOEcyS09rWlhHM1RubCtqN0xGSkJFdjg0QTBIcVpYczdud3VkL1FrUmNQMEVqN250WnArcWxQY3UwV0txbGQ2cC9LMGczeE1PdEVHUUdVWXI5aDBoS0FpTzN4eDdQeFJ5RnNmWitkakgzek5BbmpEMklJZDhWdlVWQUJzcHlGMXAyangrZkFNMlNVZDNyMW10b2RhUGEyR082cUhDdTlvYkJhOEtXUkxZL08rOGdLaXZBcFRHTVhaTXA0ZTE4WFZ3M05TUkFPaCswTHdHbk9sQ1dsZHVBMm9ESXNkN29jMWtsWmxNYmhZVGFqenJKL1NvdnlXRitqZGpsTzRkV09uTkNzVFljZnM0d2t0Tk1JaVFFanZVTXpNN2VVWmtKZnlCakhKYnc1Q1VJM0p5aCtSK2k4cUNBL2RMYzQ4ZDNzeFVvSjZMNWRsdEUzZ0hTcmplMnM5QUdhbVRKdWh0L2Ezc01UOWkyTlhuUkk2SFAxcE9HWjl1SXBMRWNWa0NyK0VTVDc5d1k1Slk5N3lPM3pJZFdnc1U4bGVkQ2RNd0U5VkgzZWhCRlE2bFpzZHlyT0p6MlUvTndkV09QcDI0UzhYekt6bmFQSTJuSlFrQnpxQTEzK0RTcnMvSEZJMWpOUThZK29mdHUrYWpBRG9VajJWNktGK2c3OGQyZkFWbWRIWXI4MzF1ZVlNRWpYWGpUUHg2c2ZWTjROZnVTMThpNW9yK1JRdU9jMHg2UHRXNzlmOE5Gb0lyOUZSbHpkL1A2Sk9pU0NWSGlXTmxkZFBpV1dISTYvU3ZiSzl6R0xhTUFiVFVQYTVJbS9aeGRheFl6Tm9tYjRpMXNCc2FwMmlnTlFycjFreWVrWnhMNTBXK1ZUUllmSUozaEJsOW5tT2VJRGk2eXd1TWxnRFVuUldrcW5jeXJjQUNnaUk0clZuREc2MTgvZU5nVTFTcERBOTRzVnhITk45WFVldzRBcEJnMEpNZ3dlK2NIRGw2cUM1N1BHUm8rSmpsOHBidnFScW9acmQ1Z1JiT0s5dWJyYlFqY1VEY0pxWXVCbGtrSXNZaHpsOGFHaTNjVGpiOXNoL0dIb1RpVVZoRE1xMVBkVFFWQ1Rwb0lmS1VOeXczZ2J6QmVTWWNoamRKbDFac0hDQ0VXQ2lSVm1NRCtUNURIemlCVjY4MFZ5a053RXorUlFHbTRTakdLOHErT09VZElEV01JMmllUjdCdHNtNkY2UjVja0Z2MWF1Uk05M2l5Ym15YUtKS3lqWXJGK2l1Zk1DN2p1RHJlZzgwemU1RDZCWWV5NVM2c2FxRTVFMEtPdGk2V1BoQTQ3MnQyMnk5cmhYUmVXa0ZRdzdqOVplYW13RWUwUENMQXR3MjNXRWswU2IwU0NUdlNyNVl3QUtqWHZYTjRlRzFudXpHUERON2tyaWdMN1JwN3VFVEduN0FudEM2dmliOXQ0NVRHZHQ5WjQ5MjRjYmZVQ0piU1FxdzFaTU1DWnpZbXpvNXNZUnFRY0hrVHZkL2hDUUxQMzU0YWpQMXZYYnI2Ny8xY3dhTmM2SXVmUTg0NU44MjQ2aU1rKytNQ1ViNDBWOXNuWlZ0cWJCZXhjbXo1cC9HWTMxWlpUMWRxa1VGN2dJY0JWNlp4YzVHbkFPVk1sQ2VpM1hQUXA3cXJoWjJMTnMwNDRpcUV6TkJqQ090SEEwWS94K1psUVU4MTBkdDdXTm56RXVoTFZYaDAvTWJ0MnlsVkJBSGE1aUF4SWxNNzl3dng1Q2RsL2xLQk5IalZlbTdIV3pBN25kUkNRaVlodVE4bHBLckhZaVI0dzRYN3pYYjdsQVBPR1JleEt0d2NvV1pEVWxhYWlBeWpkWEcxOUg5UERMNjk3ZlFYbzBYL0tBQnVMZ2JxZ1daL2toM3pKWVNEeVRmSWN5WFlBUXlwUTdEdEluL0tsSDBwVTk5RUFSVytSY0V0MllCM3dxVEtVQUU3VnlGYjJCVFVLemdPdTNIVCtZWVkyRE9tajVDYXJ0MzgxZ2JmM1JFREVYRXRvMlZSa2l5N2tPQXFOVGd0SHlYTGJvWlpiV0xZT1lJNk5UL3ZhUDduMlpVY1FxK0RJRllqVVVCVE9FRnNUalNnUHFlcU5SRzdvWk1yczFreU9SLzVUTk1TbVZVbTV1ZzVWNEN1eFROUldkQi9qbURjQ3V6S3ZNOEhCS0NJYUY0SjM5Y0ZLZlY0K0c3d0kxSjNDSmNPajFsZW1USDh3a3JONWFQc3VPa3JQNWJJYlNMVDk3Qzh0cHNLTExvdjcwaFF5ZDV2Q1ZrbDdwM3BrVVB0QUV5TVVHbGdmT1FaOWVZWk12ZnEySFg0VmlBbis1VlF0d0t4aG9MTUY1TUZTUlIzaXlMRkdDOFdkZzM1eWlZdWVxbGtVaXptdklScWFyWE4zM0JVenI5VVVTdGZ3SHVTV0tBR2Q1bHpJZDZsMmQySWI1ckZsUG12VDJlbGJBRTJialJXb0N0NEg5Z25WUWlvbU1nQlFhOG8wRUJRMmRSQlhrZkRZVWVYV3VyRW8zbnNySVFkQXdXUmYyU2JTa1FWL1BJdHJScW9wd0pvUDQySit5U01yYkJpajhlUXA3VlJaU1dkY2JTNjA1SlZjOEZmVVJibEV4RzV0RGlRTURNMnYxZHAxVE1ab00rTmRNSE52WHpIVzVZSlZodXlZdnorbDRGY0kzSjN4SkFkSElFTXF4TU9hTHdGczN5Y1hsUkZLQWJ2RTlVejdab3N2MFQySFNGYm1OcnpxbWhva2VoMXdKZUovd0JlbXNma2pod2h3ZDdLTldCQ1R1T2IzK3ZSREI0Q0pGclZ5UG9iaWQ0QXNvZzFoMS9aSG40QWN0bGxQamNxOGR0V1NkS1lsajIvenJyeXJnZ2dkZnEzcXNFbDZCdXBTVGFyazFCb2oxbTB1RFdtMDhvRm5PVlZjZTIwRmE3dXBmOE9oZmg5NXdLcTMvS1B2OHJ3SXhyTzRKeTE0VVQxKzI1QTB6bEhzOUpUMmt5amhrQ3UxREZOalQvbUNBeEs5aVZRVXdXRXVzZXFkTGEzeTAzcEU5ODgxRjhnWWY4bmoydTc0Y0sxMjM1WEFlYU1WU2pvdmJGL2xyTWh5d3NmMlpjL0hzV2hwWXBoL3hvRHRjMzJNSUFoUGlPY3JkY0RldU1ibm00MlplSWVvWFBwdjJlL0V5QU51VERETUw5OHRkdnUxbHpwVmdPMWdxWDRjY25Mb3dmN3A5cEpBOU90SHZ0Nm5QL0xRT0Znb2dQc0d2RGlOVjFUVXlsTVVlK0cyNUdKd1FoNk84WlJidGJ0MUNTWmMzMHlhdDJHTEljaTJvUkpYc2ZHeWJVUk9LRTJvc0ZxM1dtRVFGdHBRK1ZGdGZ6VmQ1OHp1RjRGNEh4dHNpcXIwWmxNUmFlOUw2cUtmT21oZTVoT2dsU25zbTYwY1RLWFlBTkdVTllyREwrVFcyN0R5UDRuY2o1Z2xoNWVtYXc0Yk54MDdsYjZvWDNHanAxQTU4TjI2ekUvcWRIUllnRnVDczU3UWZMOWJtTTY2OHU0SzFMQ3RqdjNDSFpZSXJ6dm56T0tRRXFEaThKYkNGNTFjdElwQVkxVERQWjVhYStMVE5SN3VCdnZ2eDZWL2JNYnVJOGg3Z1ByT21TalJKcWM2dm5vWXRRRTdGQTVWQU5hQUJJSDJKeWczbUJibEoyQnFndzZtOU1ySjZHZ0RYTHlha05NR00wSUdLekNQU1hIN2I2c0h4Qk1pS0kyZkJWOVV0V0ppcjZLZjhjQy9BWC8vZTVrcURQaEdERGJDTXBKL3hjYUcybGlrbVE1TE5MNFdNZk1QZ1EvTFdqOGQ5YmdCenRlNXVBNnpNVnMwbE15a3lRZ1E1em5tQ1RJaDdMdHBzbTZsZHc0UGtYVVpoVndWUXc3MGhteHVFTmNxWkU5aUl3SmJGd1Z2VUphbTJiQmh5QmtXTEVTTVJSTzlsVUI0RHBaK0dHRnZuc08yMFIzUDRMSENJenZTK0JlY01kN2hNNG9TSnJ4Rk9ITGdSeU9WYjhjRWtadXZIV2VUcklaU1cycmhuOG5PNGxHTHlPeFJQWDBvS3o1eW9mN2FwbTBYQjFDSkVJSk1pazBicGN1UCtHODNnY0RaejBhM0U5cEh1K0IzOU1IMitMTi83QVBDWGNMRG1IT0hvZE1xSUxMQXNvRC9Sc0VSeVp0b2Q4dElGZkUyZkhjVmltK0I5YU1rQ3FlWXM0bUI2RWFZclJIVVpNbTVCVmNrc29BRUpLdHlVRmxwQ1pRWXFWQzk1eDBveTBYbkV4bms0TFM5UW50WG0zVDFoV2l0T1M0VENXaFJlVllFMEFtOXBpVW5IejFDUmc4TzVQeXJRbWZCSTRmRURRRFJ5cnZ1R2VpVUdaVnMyQjduYkdRMjB6QlJkKzRIckFLTld5MGd3OGF3RFNPb0pEUUhzbUljd1IvNHZNams3SzlTbUZFMnFqTDRCQUtUQzdReXBOTmtvMk1CclZBZjMzd1NTZm9La1pieUpCTHMvWlhneXprQUxna0lFSVVwVW4zVnBSUUlSR2VKQkRRV1lUYnUzMnlkaFdkU1RYWFFHVHQ1RER1ZGdSZjIzUlp0QmpBU01BbDdTekV4bkdqK25pazNZNk5DZlJkaHVXdjFUZ3VOQlkvZU43NWxua0FTbUw0dmF1K3gyNjFvN3VzWjlwWjRMb1JHNWNTblhpNXVWWExwaXF4UzhSL21kcjd5UGcrTnNZKzdsRWVKWmhGRXJSdFkrWjY0MjA4VFZJaWpoV0xPUkh2UFhHNnNiOVhnYmVrTjVwdVJQc0xJQnM4a0R6YmNnRFBSS3dabW1VY3p3UGd4N3AwRkQvalJ6TjNveTRTZGZFblhiRGVVNEdkcDVJTHFiRkZObEZ4SEF6a1FRa3laMmduWm1wd3RpODFudzEvS0FCYXh4dWtLSi9ZYUNDNHYzRGxCUUkxWmxvNGhhY21NU1YzVFJiTDdJcWRSWkRzSGQ1TjM4Mis2WFZjMUxNK25pWjJxYlhrR1lpSTREZjN6ZzcvcDZJMDMvSjZxTkFabXNQc3dhTENBeGNqd1NFUnovempVaUoyNFdVVkJpT1YvZlFTdGpIQXozVzAxZFI5ck4vNmtpc1IrbG1HYWlJdkdvNGlHbHpKZldhbHRZajV0Uk9CMHdydFh5R2pxZnl4Tnc5OUljNkh2cHJ5cGlIcDNGSVloRVAxbHZzeUMyd1cvQ0VmSEkwazhWVGtaNVk0enhFK3FhT1ZWRTdwZWVKcGYvMzBkQWY2VnhTODBYRUtDazRZaktJeUlWaTRTUWVtMFA3WW9HdW82QXY3NVE3cGVkblBJTzlGakVLZ1A4YkdKSUhpRTRSdDQvTVpxbFRiU2FxN25CWXMzU244ME9QbEpSVWdIemVKcm1BUkFrTk1lVkJQcU5qM2RSQ0x1dkFRU012WjZyd2F3d0RBckpTZFgyNXhsVkdWY1puTVlIMDlqRG8vYWRlcFdiTVV2YkZkaUc4VGVDczQzQ212MWM0cTF6dExVNklNQlN2TFlMeHRMaVc4ZDdqT2hKQURoSzh4K1dUZUExNXF3VnBYT3Z2WVhSSjV1aFUzdGZjSkFORnA3eVpRMjRkVERVUWhFaHhuWnY3NkNpaDZ1eXFTVjZ6bHF3NXRGUUZySUN4clVBaC9QanJYck4rL0FEWTdKc3ZQdDI3WDJnQzFGVm1BbDJQenU4OEdJVnkwL0tCUVdGQWYwdW4yWXVLcU4xaEVDRU12SWhQT3lkeWFHS01hWmtVQkp3b0VXQkZSbUl2c2VvRkt4RVIzejRqcmhiZ0c1U0M2bVVlUmNtUjRBK202bEtVa1cxTXdrMDVqdytXazRwdXZRRXJMTitPaSt6RUg2Nm0wV2o2U3NyN0xDejZNdmIzdGRTY1MyUjNUSHFKZ01iREl3eUd3OFdIY1RScTVCcWJqb3A5V2FKZ2g2ZU9MNE90MVpVRmFkR1NhMVNSQm1VbGc2SVJ5SklycHdJN2g3dk1DRXFESGVheEVBVHBKOG5Pd0poaVRZVjhDVjdmT0NHbldXQUgrWHRMd3o0YUtxRUdIK1l1QXhNOU9kOVQ2SnFDclQ1VDdpb2FYeE9XUUtqdkZkazlYNEZPL2tBaWhCM2pBalJCK1lJc0FYZkh1UU01d0xOazFiSkttWm5acTVMck5qamF0Ykh4QVlEMmZjS1ZzUG1tQTBZMGFVNE8yRG11T3RPTC9yTkdqYVRxN25ZS3RnTWZ4NlNoVjFla3plaEpnUGdyc29xK0d3NnREVVo3L1ZJc1gxZGxVeW5vYXlkZXd6OGIyRlhoYjNjeWtPOGtwV1pQOUZzMW00aGJ3U2t5UEM1T3NRcmhvajdaNVplRnRVSkg4RE9nTGx2WHpUaFVyNWNaclBjWGJxM05MSVhpa053L2kraGdyWlhGQVlkWUV1YlZteHNmaWtvdUJiSEdjOUR3cjZGSU04cWVVTEU0Z3Z6QmtXZHRMWmdHZDRBYmpEWUk2UkdER3NzRnhNekduSllhK1RKL0V6c2xVM1YrT1VQeU5WdHRyQXVrQXlyMXdoVkhMbWphN2dtV0pXbVg2bW9ZaTBHNGpoQ05lUkV2R1FaM3kxWkZ2MnJtVklsMW1JU2VDMTVNT0JnY1VsVDhlZ2xpbHEra1lBMGpHSHNSUHJjeENUd05Jc3M3aWc1ZU1kc0ZpN2ZodmxvN2ZiUkFJNDltMTRnRUtNRWU3NU1DRVVnS1NyMWo1b0tUYkF4RWozVG04dVl2cHo2WWhhalBRUjhTOWxEUTNhcERRUFNtQjZNZmRMOTF5cU4vOStQZFlveVZQT0NJU1B0T0Y1d0x5ZGdWclZ4MFZnWDI2bXhVcCs4WDFOZ0tNUk1wYmNRblY5THI5RjJtenJnQjlIUldkam4xby8rTlBWZTExaFhCbG1pY2JqRzNiQ3NLNFBKcllzbDQwei9oQ2dwOVJoTCs0TWdqT3ZtMEM2SExqMkJaYUpyN0hSTk5FdWwzQUxlcCt2WGFvVno2dVRXN3BIUGZCQ25Uak5OcGRpTUVrejkvOXl0bGlLSTZ4UDdWemkyOE9NZmlJK0lZSEx6K20yeGVwS1lIOHdhYTNXb0w4U0p5TUhlSzAxUCtDY3YyeXBhSmNxbDBBRE5FTG9SN2dUWTV0dnFQWElSYm8wNjJHcXB6VXZ4UEhGYkUrdWZpZTVUelovcENhanpFQ0l3Yi94TzZWbTFBTVcwaEdZNTJra21IM0JBSEFxRWV6b3ZTQitmTWtzOWtldDFERUdPZUdDWW1paEw3TnBUeWpSUm9WakJyZ1JmejduMStGV1pLNjMzeGt0d242N3o0TER5L3ZQT0E3dHBmOEZQbVZTTDIwZ2x1MEFqMndRck9DeWxMR2p1RW5ObGxTN1hLeDhldlNJM1UyRTMwUzB5THBBamVDbzFidkxHV3dmaGFLMm5FSlFITThRMk04WXNEblhYTkowSHBnL3VaZDZmY0wxeithanMwb1BsZk9vb3hEK3p6ZHgySG5PQ1RhaE96UjRHTC9INTdrbGJTV1lvdHNHZHVaQ0VCdHB6aXl6b0RMaW1PUVBBWGlWZm9yNFlmZnhkbEVlWldOZThzNHp5d3VXZzBraFFYRmxHTEgzSCtMaER2OVZEOHlaZlpFUm9GTGsxTmMvTmtXWmZTeTJ4cGtLb3JScnEyclZzYmtWT0lMQjBDcUJGNUdPbzVHVEpTN2ozU2N5ZjZNZVRwc1RxWG1hRmVsNEplR2RDRUEwbHovTjIrUGJUNjFmUFRtS3BqdHYwTkk4ekpBcEovOXF6eGluSXpxd0haZS9wYTN3bzBIYmdMZ1ZGYktkd3JRZWhHdVk0SzRkRFFTTlppNzBwWkczbCtya2ZaNXhXTWh0TnhTVXZxYmFhTVZSeDVUcjVPNG1OaUJmNHZFMDBQVHhoZk11N2hRVU9GeVRkV2VnR2w5ak1WclU0TzRZdnM3S2dnUWRvMXFIVHcyQWdJQ0FnTFIya0FEeE1nSFpVNENyTmJvZEpFeTdsUjZLT0JmaEhkR2FpV0FBd0h2QnkyOHpwNndWdVpJU3AxVUlpNkorMEdxaFpjRzBZZWNDNGk4MXh3YlpaL2Z2Mm4zczBUUWtTVjhwbHZSYVRZNTk1UmpwU0tOQzF0VTdwaCttMk9DSEw2RzBtTHpRVGVHSU5va0d3L1pVdkFHMDdkbU1lYzA3Nzl6bjhnTEtLbTdkTVh2TEdXT2p6bUZrMmM0ZjVyTFhLdk1wa2diNkwzV202cHZ4SWc3STg0TjlZVVNlNzQ2WHlDZEtCN25aSEJnVUF6ZFl1eGxMc25rQnk3ZGZnRW1MOXllejQrd2d2dXZMOFpnNTB6NVBYSDdiZVM2d2Y1SHcwSEpkWW9jaVpuUXU2U2VPN1FQeXh4a3UyUmxiUjJHR2ZSemhvME0zSnNHVnpKN0c5eC9ucUtVSnAwL0hzNEpuNUFVOG9jaGk5K0kxLzBmaEJVdTlzcFhEY2plY090TXBWaUFCczJQNEhkWGhkRVkzdWtBOXRITC9jd2NQTTZCNGc3elFVRzVrLzNKdkJ6bU12NVlpZXpXRWw5WFFQdWFmNzgxaFJ4dTlJV2ZXcmNzbU85R0F3OGYxZFBhZGNOSTRPTzRKbHRmV0RQaXQ5NGFPa2lYWlQ1Y0txdzloaVJodVpXaGRaVy9PdEpVd0tmTWdhTEdLZlF6MmpUd1NTY3J2N0VMcWNFbVVJTTA5OEpvUFJaVmx3YTJaWmlLczE2S0RaK3FmTlZyTWhURE0ycGcrU2k3dmtSejQyYitRbWFrWkxyejljQmtZakdOR3Ivc2JhMHN0S0F1LzVEOUR0djRhSSsydEVkQU9wSU1JbzhSUXdBZHB4b0Jtay9KbGJYUEVJL3dLQ1cxNXFYclYzNE9yTjdXZmc2VjVvUzkxYnVkaS9CMldQZzZSWmhidFMvQnAzWDd2dWQzc1ZiVFhkT0RyUmdBMEVxMGgrU25GRmp1UGpmZXpXSXBQcjcvWnJWcEpOd3d1V1VjMHd1SUs2UW9ab2tTejZuRitOVS9TdUVhVmJlTHpuLzlQY2ZFaHMxUzdvUlZhQkxCcU9vdFdmci9lMFdMQ2RmZlozOFk5SnJpNEl6STljek9nM1llaHdkQWFYdUZpRGE1WWhLVFk0R3dGMmwrb1R0VncrNXhpa3hVYUxsTUMzL2plT0NTUTRJU2NvelV4eHJsUkROUzY0T0hrdVlpbCtaYVJXdENXUUVzM2xoL0RrWXZvTXY4Z3d5RlJZeHRxUkJnWmhFWURhVXNubEsrOE9LakhkR0dqM2haeTdpZlhZaTY4Z0pZTW9uUFNKaS9PYURadHVuU3VLS2wxb2szZTZBTnBRNTU2UmM5MGxQaEorZ0NTaVo4RXRNRjBPak1mbHlKQXJuSEFkdFFMYnlRQS95UTdoYUdJYVJ0SzRQeUVnNktENkJzSm1iMEdZcWJCVjB5eEVMazdJYjVXa0VDMXMrVCsvSmJIM0lQeWQyOEQxQUJjUEZ3UFlRcEtXM2pab29sOVlwSHZKNFRsakVyUWY5ZGppZGJWMnhZUkduQnEzUE1TS3RvYlgzL2dpcDU3NGlBM2VCV24yZzN3U0w2V2hCT0xTZEczK0dBeVlraEdEeVVyRHI3L2E2QkZOOUhncGluK2Zic081NW1tbi8xdFJGbUtHU3VpRCtJa0FOeXh5YXVJQnZvbFNNOU51OWtHME9QNTljTXpCM1pVYWFDOU16TStsdWhrRU9NNlU0am9aK28rY0tYamJnbEdxUnorZGZlRnU4Sk92MDYyVFRkc3lBMUh6bTl0VlNuOUo2aFpDblFXaklsS0kwbnozaERrWnhKMW9sUmZqcVo3NkRjSlNIU3ZzMjN5aE5QSWg3QXFORVhLY2g4SjdYSFEyQ1kxcnpmSklNUFBpOFVZL244MUxJT3ZhU0pBOHNqd2dWeXVmWm5EWGVTM0Y2ZjFEV0I4cTg5U0tubE5iN2wrM0pTb3VVeGl6WmN6OHpnTG92amJydjlmTXZNQkhWa2FlZVQyOHRUSWhnbnU4NW0yWTlya0VhVGtCVVlxTXNEc1EzeHN2dm10Rk9XUXFXT0MxOWZ4VmplN0x6endKQ01BUDkya3ZLT2kzYU8xMzN2L1pxYVlUa1RNam1jRUo1WFR4eWl0VFRZNmh1WHBuQldGeWpqKy9XaWxvbTJxeitWQUFlaTNwMFJkWFA2ZnJnQmphbHpabmZFTUlSdWcxc2ZkWXowUzF4Sjgzd3o2SWZWZTQycHBTdnl0SFNDN0hNWk0yRklWMXFlTEtTUzhVaHJDaG05ejBVeXVHVkZ2emZtWnBpV1FPSU4vSW9HaHFic3lTUyttMG52Qk4vQ21heVlIeHViTER6bEZxNk5MeTJZbDZlQnQvb21JMmJMbFBUenIxMS8ycEF2Z3h2cGNnR2dWc3Z5YXF2TDVSV2R3VUVUT1I4cnhETi85YmNvWFVyS3E3bVBhdnhETjhJekdKdjAvOUlqbk54blcvMERXdEJZWXRPRG1yaEVqU05yVGVUSG04MnV2T2lwV29veERXUm9uSUY1Y1JsVXhmNlljVlkzVU11ZitUQlVtL0hGZEp5RGpFSlAyYVdDL2YvOGNoOU5KZDhiV1JJemtSYW9lVDJnTElyVGxjb3NqNjduVyswOWt3bGJicFNONC9lR0VUQlNWOGxscFpiM2NOaXZUK1BPV1NNdXEyTkF6L0JjTWJhUXNsNDU4V2xzSmZ2QTNUUDZYVFQva0thMXZ6Z2VPaTlNQk5sYkVMcnI1NE10VGV6K3lNZE5sdlZxei9RYy9KbUR3eHdkdUY0RUlWNHJndko3SDVVc1l0MzM2L1JRVVFtQ0kxOHZ1MnVWcjBHSU1kV0FqODViRU9KRis5b1RFcEdKZzFMUGpsajdwekVaVEdrMnYrVnRrRW1mSzFTQlRtdDJnejE4WkY3c3FFaTdUS2pqY3FxRGtITnF5UlZTd0llREZZM0xPeFgyTmRlOFFSU3dmWEpjZGdCQXpGQVdldWFScFV4Q2M1WHp0Tk9TZ2dteEliR05wcmNGUXUyZUp3UFhML25XY05XZVJZVUNXWU12RSsvVHZHUU1WV0ZFbXo1bE91am9uT2E4RGhVME5Tc0VHWC9GbjlPRWd0YmRLUjJ6ZklSc0xVbzN6QzR4cFUwNzd2NWtTbXNqL05KL2I4QytodU9XV0szaXVzdS8zOGQxRVF4NUlCeEoyN1BpalBNblVLb2xIMjBhaldZVzQ5VU9sZHh0aGhzY1RkcTZnMzYzWlo5ZUxaRWlMS3RKSTM5SUM3ZHRYM2wxMFhXdGkrTHFUK0lkcnNzWHJ5NHl1Z1NEaGVGVE5pdUovRyszL2RFMCtEaWVHVDc0cUxhZTVJd3loYjFJajcrU3V1aFZKVndlT1NWOWNyUURjSmVCeDVuNktrdUxRcnFLamNuVVRjbHh5bFVTUXFIT2J2MmdUR2VrdFI3QmtRZmVId1I0TkNYMXk4ZXVJbmFQU045K2RYekxQZTVLVjY0LzBUdVRtRnRhNjdjRVVhRjE4d3FOR3F1ZlpRK2R5SEpCVWJTMmI5aVZFVkNidEhvLzYwaUhoSTNpTnNsNG1OOG1XVjhPTmJlS1lJNHRTdGZac29HSkVNUmJTN0RIbVZDR1FEeDk4STNXdDFlQlBlSmJMdnRXVGxMVldKUDFjQlZ4VnRaZXZ5RVllTkFZNldKVGo2N2ZGbkZ5bG0zNUJPYWNMbHMrTXM5VERzWk11b0pNTkZxWFY2NCtZRlowUkxtMTRrV0grSVpFeCs4MWFROGhUa21YdHZMSkFvK0hIVVlOM3h2eElqMXV3K2pxN1AwcHY2VUdXU2pRNGZrQ3dwbGpMbU1QdWl5MnF6VEVBbFZCbm5ocHBQWDJuUjZFYW5vTDYwUFVDTE04U1V6cnZLc084MEtidUQ1OG1zUDlDRW1yaDUvNmtwYmRjcTVqMElVWkFRbHNxQS9jVHpKQ3hScWsxMXhINUZmNXdxak1mY0JYWDNsVkxudC9nQ28zNVNRcVBPSDVDeHhEY1FzU2tybWU3QUpPOHRzN1ZXaWRGWVZMMkRjc0lPSFVBdzZIZU9mQWJUS1E4OTFQZVVoeHR4QlpRWlowWFVkNExKZm8weHZTWGpZWFJMVnFKekNFYW1BdWVFbS93YjBVU2hmaDlQTWd3UUlINFBKdDVXVXljTjZzKzg3NG9xNjJNNms0dTdUczlNeFo4SUlrMzdKWDVleHorRkdWUS9hOHY5TXJod2o3cjBjczRnTGVMbGNmV0JFdTRVMjJYeUpwQUs2bjFvU2hwSUhwa09DL3g2QkppVlh1alkxbmgwQkJRWmFHbUJwQ2NZRkZQQnd1a0ZOYjNCVkFwSmVVOFMvN3JJOXgyWWliUndDeHN5TENYaFdTS0xSVktkSHRpVys0N2hPeDkvaHJneHB3TldzSWZETnA1M29wd28vOGorWWVLaVJhQ1FsMUZhREhLQVBJSGQ0ZmM3V00yb1lBeGZHdzNiY0NqYXdSdzEwQXIxbWxQMnFlbHVXRWhRZk5VMDBvVWZxb1ZYekt6NTdKV0FUaWVzdnIxMk5pQ2MzZm1sL0tSeG54eHo3SEhtTmxBWG5vd0N4KzlqdjBmUG5YaDFiSXQyZzR6YnBta0d0VEl6bjNXbUtWUGpQVmZJb1VVV1htS21jVm9nWVlnZ3FBcnpWMjJnS3dyNU1xZ0p6dnNGUGgzQ3JVSmZwNFQreDNqcHhKeHF4Wmw4VWJ3NWdVVDZqZDhIREphUFl6Q2xJaXk0TXl3Z0QzMWhoVkdZWGdYNmRieWNiRGZEakpabEltakh6aHlrdDJlTERtSjRhVDJ6amJma0hxRFBKN3IrSkVWbXVkSU9KT0RpNjNmck5aaUtGa2tvSUdhUnJsTWlVSUVTc2xXUHlYSXRXRW9XYnZwQVhiTUFXMVErZTg4K0dNeUw5MExSTmhaOVVGcXRXK3RrNk1aK1Vjci80VjA3TmNDbXhKVzgyYlo1NSsreXJ6Z1VHN3krbmJBalZ6VUVQSjBPK1h2ZFNGYkFYR01zWVl5RFIyaFdmb09jMWtOZkpOdnBZVHQ2TjFoU2swZ1diS2x6b1p6MjFhNUw1cGErTVVrV1FrZ3MvWkpUdmxmdkdBNzVRamNHaC9JekcvMlJQaXFEeDF6aGVzWmNoak5lc1Zabm9uWEdxVjNMUmUybUlGU1BEak1CR1ZYTG44eVZwckp4YmxCT2JjQzRBWEpSdTNObW9VYzU3ZEJYY1lUVVFLQkRmdTVzY3Aya2dNWDVRSWJMeUQxZXp2YVUxbG9pbStFS3hXUjA4WlBIU1BtbmJxcm1LU0plTTAydUpjdnUrcTZkSTF4MzNoVHd3YmtYeXdjNGFrVDhNSWt0R2M3dmNaQ2J2S00zaW5rRkF0M09Rd25lUnJRc3VxcjBmRitkT1Y0cVpqZ25TaVByUGZLZElRY0xoRHdFZGpXdFZLTTVpd1JCTU9pNkFSZmFMZVBXdTlrbUtOa2VJTkFjVHEzenI4dUUvcXJTeU9keWFWUlFqZGFybTFDdWpsSHU5NU9wRng3ckVjUWJGTFdHSjV0U0RIRGlUWUVPOEV1YVk4TjhNblRWalRBOHRkTFQyLy9SN0l6cW5LVFhMTzczWksvNE9wRTNFRHFINWhaMTdSWG11SURlVVA1KzArYVJzTlNMWnVwZ2ZFdnJKNytPY1huR0FHYWhhZ3dydnN3QXJhdnBOM0xIek54ZldtbXNmL1pBQUVBR2dCQUFBRXJBRUFBRHdFS0t3SUFBQUFBQVJnQm5RQUFBZ0FKQWdFQkNnSUFBd0FhVkdocGN5QnBjeUJ2WmlCR2FXNW5aWElnS0RFd0tRPT08L0JEQj4KICAgICAgICA8U0I-WlhsS05FNVhUV2xQYkhOcFZGVnNTbEpxWkZWUk1FNUNUMVprYmxGWVpFcFJhMFp1VTFWS1ExWkZSazlSYldSeVkxZG9jbUZWWXpWa2VrSkRVVlpHZWxKclJrVlJiR1JPVlZoT00xRXhSbHBTUmxwU1ZWVmtSbVF3Y0V0WmJYQkdWRlV4UW1Jd1pFSk5WbFpHVVRCR00xSkhSWGxTYm14T1ZWaGtNMUV5WkZwU1JscFNWVlZvUlZGVk5YQlphMmhLWlVWU1ZWRlZlRU5hTURWWFVXdEdkbFJWU2toVmJYaHJZV3RzTkZKR1VrSlVSVXB1Vkd4YVExRllUazVSYTJSVFlrZFNjVk5ZYUVWV1JVWk5VVzFrVDFaclNrSlVWVEZEVWpGS2MxcEhjRXBrTUdodldUQTFUbUZyVmpSVVYzQk9aREF4UlZvemFFOWhhMncyVmpKb2FsUnJNWEZUV0dST1ZrVnJNVlJWVW01bFJUVnhVMWh3V0dGclNsaFVWa1o2WkRCT1VsZFZVbGRWVmtaSVVsaGtTMU50U25GU1ZURk9VVmM1U0ZGVVJsWlNWVTVDWkRCU1ZFMXJXalZVVmtZelpEQk9ibGRWVWxkVlZrWkpVa1ZHVDFFeVNrbFRXR2hGVmtWR1RWRnRaRTlXYTBwQ1lqQXhRMUpXY0VOVlZFSldaVVZTVlZGVmVFTmFNRFZYVVd0R2VsUlZTa1pYYTBwU1RVWldORkpHVWtKVVJVcHVWR3hhUTFGVk1VNVJhMVpoVVd4RmQxWllaRzVhTUd4d1ZGVkZkMUl3VGxSalZXUlVVMWRKZWxKR1JrWlJhMFpTVmxWR1FrNUZiRVJTU0dSQ1pESmtibE5WZEVKaU1HeEVVVlpHUkdGSFJsQk5SMmN6VjFoV1ZWTXlkRzVpTVU1TVRXMTRTRll4WjNkU2EzTnlWbFZzZFV3eVVrbGxSM0JaWWpBd00xUnRTblZhYmxseVRWUm9XVTB6V2twUmJGWktZa1pTYTFac1RuRlhWV016VFZSb1JsSXpRbEZQUnpReVZucFZkMDVVVmxCYVZ6VnJUSHBTTTFKWWNHRmhTRkpLVmpCa01FNUZPWFpUZWxKclZWVldUV0Z0VWxsVE1tTjRWMFZTZEUxWFNreGxWa295WW10dmRscHNVbk5VVXpsWFkyeGtWV0ZxYkdsWldFWjRWVmRzVUZaRk5IWldSVkpIVTFkRmVWUjZUakJNTUZKYVlXcFJORlZIV1hsYWJUQXpVV3hOTWxaWWNHRlViVW96VWxoQ1VXVlZaR3hsUkVWNFZrYzVNbGRyU2xSU1JUbEhXbXhhY0ZOclVucE9Wa1Z5VG14dk5GRllRakJoVlRWV1VqTm9RbUZxV2taa1ZFMTRZVmhhYVdOclZtOWlNRTVJVVd0U2RXTlZZM3BPVjNkNVRESTFjbFl5YUZCaVdFWndXV3RaZDJSWGFEWk5hazVSVFRCa1ZWbHNXVE5rUlZWMldrWm9RMUpFYUZsUk1IQjRUak5LVG1SSFJrMWliV1EwWXpKYWJWTXdiSE5UYmsweFRWVk9lbFZWTUhKamJteEZTM3BHYUZZeU1ETlNSWGhVVVZWT05HTkVTalZhTVdoWVdXcFdVazVzUm1oVmVrWm9Xa1JvY2xSc2NFdFdWbHBQWlVjeFQxWnVaRFJTYVRsTlYwTjBWbGx1YUdwT2JrWktZbnBXVGswd2RFZGtSRXBoVjJzeGNXRnNiRTlPVnpWcVkwWndSbEpyZUhSalZWWmhXVlZHTTFKNlJsUmlSVko0V1ZSU2RtSkZlSGxSTUZwRVdXeENhbVJHVW5Sa2JIQXlZekphUkdONlpEUk9iV3MwVlcxck5XRklWalphYmtZMFdtcEthazVyY0cxaGExSktXVEpvVmxwcE9IaFZhemx0WVZoamVtSXdjRU5qZW13eFZsZEtiMDF0TVZGT2JVNXBWR3hvUzJGRmRGcGxWMUp3WVZkTk1sRnFRVFZTTW04MVQxVmFTVTVWTVdwbFJFcExUMWhKZW1OWGFHaFpiVFV3WWpOQk1tSnNVa05hYW1ReFVrUkNXVk42UWpaWGEyUTFWMnBDVTFwWVRuQlZWemcwVGtVMVZWa3hiR3hPZWtwM1l6QmFZV0ZYY0RGVlJVWk9ZVlJHWVZkSVJraGhhMmgyVGpKbk5WWlZiR2hpYkZreVUzcHNSMVpIY0V4aVZXaEdaVmhqZWxZelJrNVNNMmg1VmpOS00xTXpSbWxXUmtaTlUwUmFibUV5TUROa2VtUnpZa1phUTFGV1RuaFdNRVpPV2xaT2NsRnJiSEJaTVVaU1UxaHNWMlZGVlRSVlJteFhUWHBrVEZVeVVsWk5SV00wVW10NE5GUXpWa3BPU0ZVelkyMTBSRTVxVmt4Tk0xcEVUVEJLYW1Ock1VdFBSWGhWVXpOVmRtUnRlRWRTVjFKUVkydDRWV1JHWkZsVmFtaHRaREJrYTJWSGNHeGhSbWcyWTFoa1NsSkZSbEpSVlVwMlRrVm9SMVJWYkVsUk1ERkNZVEJrUWsxV1ZtdFNXR1JTVVRBeFFsRllaRVpWVm14TFYxVnNZVk5WUmxwWmFsSlNXakJXUTFGclJsSlNSVVp1VmpKa1RsSkZNVWhSTVdSRVVqRk9RbEl3WTNKU1ZXeERVa1pHVW1KVlduQlZiRUpxVWpGYU1WWlVSazlVVld4R1drZDRhV0pXV2pWWFZtaFRZa1p3UkZGclVtbFNNbmh6V1cwMVVsb3hSWGxXYm14clVqSjRkRmxXWkU5aFIxSklWbGhrU1ZWV2JFVldiRWwzVkRCS1ExZFZWa2RVV0ZKdFZURmthMUpzV2twT1YwcHhVV3hXZEUweVJUVldhMlIzVGpOT01tRkhNSEpVVlVrMFVqQkZlRlpYVWtwa01VWmFWRlZLYUZGVldrTk5TR3Q2VGxka01VOUdiSFJpVlVwMFYwVndiRk15VW5wV00yaHlWMWhLV0dOWWNFNVJWRkpJVVZSR1ZscEZVak5TVlVsMlpERkdSbEZZWkVwU2FsSkZVVmRTUTFvd05WZFRSazVXVWxWYWNWRldWa05hTW1SNVVXMWtSbEpyU2xKWk1GSkNXakZzU2xNelpGcFJhMHBTVmxWb1FtUXhSak5TUmtaYVUydDBkbGRyYkc5a2JVNVBVVlpHUmxSRlNsSlJWVkp1V2pCc1ExRlZSWHBTUlhjMVRsVjRhbVJGZDNKU1ZXY3dXbFpvTkZJd1JuTlZlbEp2WVhwV1NWbFliRFZqTVZaclZFUlZjazlFUmtOaVIyaERZM2wwV2xReFJrNWlNazVDWlZVeGFtUXlXVEJNTUZwU1lXcFNTV0ZIWkhOVU1rWnVZbGRSZDJWcVpGTmlXRkpzVlVWb1MyUXhSVE5STVVKTVRrWmFNRTlZY0hKVE1qZzFaRzB4Y2s5VVdtOVVhbFp6V2tWM01GbDZSazFpYmtJMFZVWmFXVlZIZDNKVmJGSkdXVlZLYzAxWFpIWmtNazB3WlVkT2VsZEhXakpUTW1oRlRsWmFUMDFYU2tSVlJrazBaRWhDU21OSWEzSlhibWcyVDFab1RHRllSalpTUXpsdVZHdGtSazE2UmtwaFJFSnBVbGN4V2sxV1JuUldiRll6V2xkM2VsZEhOVnBOVldzMFlUQmFNVlJYYkZsV1dIQkxUa2RPZWxGdGVIUmhia0pEUzNwc05WRlhWazFXUjFvd1l6TkZORlJVYXpWbGJteGFZbFpzUjJGSWNGaFpNbXh1VkdwR1JrMHdSbFpWUXpoM1VrUktNRlZHY0ROVVZYQlNWRE5yTlZJd2JIWldhbHBEVkVWS2VsWnRTWHBMTWpBd1RXMVNkV05XV2t4a01WSjJaRlZTUjJWWVJqRk5iR3MxWldwS1JrNVlUa2hTYkhBeFdWTnplRk14VWxkVFJuQXhUVEJOTUZWdVZrSlVSVTVRWlVoQ05FOUdTWFpqTVVwWFVtNUNTMkl6YkVwWmJscERUVlpDZVZGVlpGVmpSazVUVWxaS1YyRldTbFpVV0U1WFltNU9TbFpFVWtaalZHUklUMU4wVEZaV1NsSmpSbXhOV2tkYVMxSkdhREZTYTJnMFZUSXhVVTR6VGxoa2JtZHlVa1U1ZWxsc1dYcFViV1IzVTFkNGRVc3pXbEZaYWtKdVdrUmtiMVF4UmxCak1XUjJaR3RzZUdRd1NrOWhNRlp5VGtVNU5XRXpjREZVUlU1d1lsZEdNbVZVVmtsa1JYQjRXVzFzVGxscE9IcFZWbWhTVDBWV2IwOUViRWxWTUZab1VXMU5kMHd6VWxkT2F6QXlZMWRvVDFWclNuSldWR3hJVFZjNVUyUjZiSE5YYlVwdVlqQnNSbVI2V1RCT01tUkZaV3M1WVZKR1NtbGFXRVp6VGtVNVNrc3hjRkZpUjNBMVQwZHdVbHBGYUZGWGJrcDJaVWhTUldWWE5ESmlSbXN4VVRCb05GVjZaRFpqZWtac1kxZEdiazVXUWxOTlZGcENWakpHVFZKRVdqUmpha0l5VlRKT2RXRllXWGxsV0ZKc1YxVmtkVk5GYkZsT2JXaE5WRVJaZGxkWGFFUmlNWEJvWkZkWk5WSnVhSFZrTVVaT1lWUk9UVmRFVFROaFJHeFZVbTAxWVUwd2JIUk9RM055VkZkYWMxTkZOVlZOUkZKWlltNVNkVTVIU25GWGFtUnVVVzF2ZDAxSVdsaE5WMVl5VFRCV2FGRldjRlZVVkVFeldsUlNjMWt5U1hoVlJWSldZV2s1ZEZsdWJ6UlRhazVXVVZWR01tVnFhSEZqU0VJd1dXNUdWMGxzTUhOSmJVWnpXbmxKTmtsc1NsUk5hbFV5U1dsM2FXUkliSGRKYW05cFUyeGtWVWx1TUM0dVNWb3llSFZLUjNNM1QxUjNka1Y0VTNvNFUwRkRkRFpTVnpscWMybFZOMmhGTlVGR2NGRlVYM0V5ZUVORllWTmljVGhTUlZGU1pIYzBkemhXTjBGYVVsUkJObkZtYmpaZlEzbExlR1JYWXpNelFqSlJNSG81VFdkellVOWtNREZPVW5oSFlubGlSbVpxVFhGR1IwNWtTR0pRYTBNMVIzY3pXR0YwVGxOcU1rdzVha2hyTFROZmFrcDZOVTlVTVZscU5FRnZNRTlsUkdOSlMwMXdOell3TWpSS1pFVkJSalpRVEZRNGJIZHVOVk0xVXpWWE1rcGFXV3RtWVRGVFJGRndjVkl3UkhGblpWSnJUVjlhZEVJemNXMVBlR3RUVFdzMk0xaHRVMVJNVDBoUlZEWkNPVVJzWm5SaWF6SmpaVk5KWTFwVlFWVXhURVIwU2todVZ6SnZXaTF1Vmt0dlJXNDViVFpwVDJwMk5VbHFNek5sYTNOWldraFdPRzFpT1ZGdk9FRk1lbk5sWjJzMlNtaHJXblZQUVhwME5rMXVaVmQyZEVwblUyOUVSVTlsT1hWTE5HUjFMVkJNVFdoelpITmlWVmx6UWs0d1ZGbzJORk5UZFdWUFYzWmlWVWhoWjBaSE0weFZXRE14VXpRMGNWWXpOVkY0VFdOTlpYWmtkVGgzVVU4elUzVk1Xa0Y1VjJaZmRFbzVXVjlKV2tvdFUzVXhielJ2UlVWVVVDMTJkVWh0UkVSdWNXY3plbkZsT1daM00xQkJlRUZRYzNGclRFWkNjbEF6VnkxaGNYbHFaRVJ6TW5KUlprOWxVRWxMWVZGeWJuaExTREo0YzBKT1ZVeGlaMmszZGpoVVJXMWhTMDlRTjNOalpHNU9NRlpSTmxSYUxWUnlkbFpwYW10c00yeE9aMUJXY1ZKeFUzUkJiRWhITVRCUE0yOUxTMmRSVWtWRFduUlZTSEkxV1dzek9IZDZXa2xqYzJoamNrZGZjWFIxTUhwNWVFOUNjbWRyYldSNFR6bEVjR1F5TFhWbFExbEVPRVJwT1c5NFNqaHpNbXN0TlVsTWFEa3RRakJwWXpKcFQzWlFUSEZ4YTNSUVl6SlNNMFpJTVVWbGQyOVdSVlkwVG1OVFVsSmhPV3BzVmpWSGIwcHJSWE5STFhKZmFYTmlZazFwVkdOcE5WVlpaWEkyTlU5U2RHMWFPRE51Y0RnPTwvU0I-CiAgICAgICAgPG90aGVycz4KICAgICAgICAgICAgPGVudHJ5IGtleT0iU1BFQ19WRVJTSU9OIj4wLjkuNTwvZW50cnk-CiAgICAgICAgICAgIDxlbnRyeSBrZXk9IlJFVFJJRVMiPjA8L2VudHJ5PgogICAgICAgICAgICA8ZW50cnkga2V5PSJGT1JDRV9DQVBUVVJFRCI-ZmFsc2U8L2VudHJ5PgogICAgICAgICAgICA8ZW50cnkga2V5PSJFWENFUFRJT04iPnRydWU8L2VudHJ5PgogICAgICAgICAgICA8ZW50cnkga2V5PSJQQVlMT0FEIj57ImRpZ2l0YWxJZCI6ImV5SjROV01pT2xzaVRVbEpSamRVUTBOQk9WZG5RWGRKUWtGblNVSkNWRUZPUW1kcmNXaHJhVWM1ZHpCQ1FWRnpSa0ZFUWxkTlVYTjNRMUZaUkZaUlVVZEZkMHBLWW1wRlRVMUJiMGRCTVZWRlEwRjNSR0V5Um5sTlVYZDNRMmRaUkZaUlVVaEVRVTVwWWtoSmVFUlVRVXhDWjA1V1FrRnZUVUpIVW14a2FrbDRSRlJCVEVKblRsWkNRWE5OUWtkU2JHUnFTWGhFVkVGTVFtZE9Wa0pCVFUxQ1IxSnNaR3BKZDBob1kwNU5ha1Y0VFdwTmQwMUVaM2hPYWtsNlYyaGpUazFxU1hkTlZFazFUVVJuZUU1cVNYcFhha0pYVFZGemQwTlJXVVJXVVZGSFJYZEtTbUpxUlUxTlFXOUhRVEZWUlVOQmQwUlRNa1o1VFZGM2QwTm5XVVJXVVZGSVJFRk9RMkpJU1hoRVZFRk1RbWRPVmtKQmIwMUNSVnBDVVRCVmVFUlVRVXhDWjA1V1FrRnpUVUpGV2tKUk1GVjRSRlJCVEVKblRsWkNRVTFOUWtWYVFsRXdWWGRuWjBscFRVRXdSME5UY1VkVFNXSXpSRkZGUWtGUlZVRkJORWxEUkhkQmQyZG5TVXRCYjBsRFFWRkRhR0ZQTUdnM1dYVlVTMnRuYjFOTE1teEhWMWd3UmtzclZVbHVMMlJJZUdwWWIwMDNUbUp1Wm5Zck1UaFlNM1pKUWxWSmJGUmtWbE5xV1VjM01UaEZSM0JRT0c0MlZ6VXdOVFZQWlc1a0x6UjNSWHBhYUhSSlYwZDBORTl2U3pSa1VVVk1hbVJZUzJjeFdFUnRNV0pMZVZKMmJrb3ZabFJzVFM5V2NsZFVhamxpWVhGeFVXbFBWRTR2VkVSR1NXRXlUek4wTDBSWmFqUTRVR1l5Wm0wM1FsTTJWWHBhVG1KM1JYQlFlVWRsZURFeFZHOTJXa0pUUkU5R1psWnBTa1J6TlZFck5sbzRRWEIwYVU1VlIzaEJhalpGZFRNeGFYWmlja1ZvYjBOSFFrUnVjVWN6Tld3eUwyNXJWMmhQYlhGcFlrWXdkV2g2TWpOUU0wZFVZbFkzZEVVdlpGaENSRGhZUTBweE4zSk5kR0ZNYm1kNGMyWm1TMGxzU25NMU1VTnpVVTByY25sRUt6RmhWMjAzUkV4VFFVTjRjREo1WjFoWFlqVlJObEZoVXpGaFpEaHJUbHBLVlZaT2VHMU9WbmQ0Umk5TVdDdFZZbmhqTm5GSmJ6Vk5NMHRHZERKYVdrMXFhbGxPTlc1amNGcEZSa3h0Y1VWYVlVRjNSekZUYkVSeFlUUnZiRXh5UTBaRFlsQmpkRlJ0ZGxwMmMyWkRjemQ0Tm1rNFVtazVhSFY2Wm5GNFpqSmpOa3BtYWtSSlkyaFZaaTh4VWs5bWFYY3piMHBDY3psMVZXSm9NbTFRTm1OaVRsaEthRXRaZVdScGFXTTJRakE1UjJvNU9VWklOVTFqZURKS09YSXpjV2hoWW01MGIzQTJibFJDWmpkMVJEQllTekI2V2tkNVdqQlNaWE5wVVc4NE5FNVVZMWxsTnpKd2MwWmFhV3AxVUVGTmFURmFXSEZIYWtodk4yZzVWVWxoYmxZMlN6bEdWR3BMYlVoRmVYY3pWM0ZOUjNoeVYzSjNTM0ZpVkZGTVNEWm5hMjAzZHpkc2JGWkNRVk54VjBGTlpWTnJRa2xwWTFGUlNYbFdlRVU0VUZsV016ZExVMlJWTUVjNFJreDRUM1ZKTkhVM2NtdEROalZMTTNaRE0wSmpjazFLT0V4VVMzVXZkbXhHUldSUGNreFVkRmRZVWpobWQwZGtlR3BsYUZoNmNYZEpSRUZSUVVKdk5FaEdUVWxJUTAxQmEwZEJNVlZrUlhkUlEwMUJRWGRGVVZsS1dVbGFTVUZaWWpSUlowVkNRa0ZSUkVGblYyZE5SRTFIUTFkRFIxTkJSMGNyUlVsQ1JGRlJiVVpwVWxCalIxWjFWVEZPVFVsRlpHeGliVlo1V1ZoU2JGcERRa1JpUjJ4c1ltNVJaMUV5Vm5sa1IyeHRZVmRPYUdSSFZYZElVVmxFVmxJd1QwSkNXVVZHVFhSbVUxZGtSbFpKTldKcVFsVnRNMkU1Vmtkd04zTjJhRzByVFVJNFIwRXhWV1JKZDFGWlRVSmhRVVpDTUhrek5XZDFPRmx0YlVKdFdFcGxTMlJ6VjNocldYSlhjWHBOUVRSSFFURlZaRVIzUlVJdmQxRkZRWGRKUmpSRVFXUkNaMDVXU0ZOVlJVWnFRVlZDWjJkeVFtZEZSa0pSWTBSQloxbEpTM2RaUWtKUlZVaEJkMUYzUkZGWlNrdHZXa2xvZG1OT1FWRkZURUpSUVVSblowbENRVUV6UkV3NU5VeGpkRXdyUlVnMFpWaDRSMEZzVXpSb2F6VklZWGw1YzFWa1REVXJPREZDYkdoQ2N5dFpUMUZOYjJOQmVVMWpkMlkwTDBaUmFqUklhR2RzVDJGbmJXUXdlamRTYlhSbFVFaEtkMUUzUTFCTE5GWjBPWHByUzI4NWRtMXJPVFpvVGpWc1pFdzBZekZNYm5CNFVGWllVR3dyVWxSRllVSnNNV2R2ZDJNMGVHTnpXR1oyUzJoRU5WWk9NV0pEVUZJNGRIQkpjSGtyV25oNk9WaExhWEY2UkM5blRrZEZNekZKYURCaVJXMVpNVkZ0VmxWM1pXd3pXRzVaTVVrNGEwWjFUV2xZVlhwS05HTnpRbXh0YW5CQ0t6bDVRV1ZNVkdaMGMzRTRUVGs1ZW5sWmJWbEdhSHBYWTJsblRqRkZNMEZWVUM4d1JESjBVRnAzVFVwUlQzazVSMGx2VmpaQ1RFSnpWbUl6SzIwME1tUnVjVlpMZDFSdmRVUkdlWEYxTWxrNWVqSkZOWE5IUmxwMVlTc3hTMVJXU0ZwMU0wTTBVblZCVEVOUGVIQjRPRkl2YzFKV1JuQktiM2xKWW5aQ01WQnlRVWRVY0ZOU1JWSldhVkpWVFhOV2JuTkpWRFJGY1RkSE9TdExWVkpSY0ZsTVpHWktSRmgxUmtoNFUyMVFOM05YZG5nclJFOXpZbFl6VG1kd1NXeHVLM1pRWWpCblpEZG9UMUZQYzFkdmRrbHhkMEpPYTBWck5FOTVhM3AxVEVOcGJXRjJlVFZJZEVweFltbE5ZaTh6VVZoUk9FVm9PRGxJVTBWaFFtTXdMM1JXTmswMmNXaE9Va0pyVlRsSE1XOVNkemxzV21KbmIwbEZkelkwTjJkRWVrOWFSRkppWlhGc05FOUpLMXBRYkdwNU9HcFJaRWhRV25KdmVIUkVlVzQyYkZrMVEwaDRVemQ2Y3pGbGNXRm5OVkJTTVRaQlYyRk1SRFo0Y2pCMlUyTnVhWFl5ZVhSbFdVZHVTRWxZTm1oTVREWXZXV2hEYjFwaGRXWTVSbmh1ZDFGTmFUTk1XRE0zYURsVVJtNWFNMGx0TkNzclRXWnNTRTVVTURSWWJuUnVOR0pxV2pkblFtb3dNSFpYTVdWMk0wVmhRVnBVVFRBM1pUUnNZMkl4VUVSVmFpOXRZbm80U2pOVlFVRjJlamhxY0hCMFluRldJbDBzSW1Gc1p5STZJbEpUTWpVMklpd2lkSGx3SWpvaVNsZFVJbjAuZXlKelpYSnBZV3hPYnlJNklqRXlNelExTmpjNE9UQWlMQ0p0WVd0bElqb2lUVTlUU1ZBaUxDSnRiMlJsYkNJNklsTk1RVkF3TVNJc0luUjVjR1VpT2lKR2FXNW5aWElpTENKa1pYWnBZMlZUZFdKVWVYQmxJam9pVTJ4aGNDSXNJbVJsZG1salpWQnliM1pwWkdWeVNXUWlPaUpOVDFOSlVDNVFVazlZV1M1VFFra2lMQ0prWlhacFkyVlFjbTkyYVdSbGNpSTZJazFQVTBsUUlpd2laR0YwWlZScGJXVWlPaUl5TURJeUxUQXhMVEE1VkRFeU9qRXpPakUwV2lKOS5pbWF0LWJOYTU4MDgzcjFuRXJydG4wRmFucjVvdTkxeFU3bzZBbFI2SzlhaWZ6NkQtQm8tVmpJYlFmZ0VwQWw0X0lldlliQkRxQmFiT2dqV1pQcUpMaWgzbTY3bWdBT20zb1B0OEk2SGZWb1ZvSVFwSHlFbXc5OURzelFJMzJjVEYwQnlHUWNKbmZnVU1wT0VYa3NZWm5LOWFJdFJCT1FwMlNDMWN2V29VbnNXUDhZYWdZaXR4SC05OGNucktNUk1oNEUyaENEMzIweDZZTDJMcHA2X1QyVE1MMmROV2xyRUZkQXRuWmplT2JFQ3FuV1JBLTVDSW0zVEh3WE55Y1dKRXVLTHl5NWtLcjNmeWgybEF3TGVrQlYyc3MydGVnVzRPNHJfY3VlbmxDMVFXOHVSQ2tPOEdCNDJPY0dYRzJfb1ZadEFIVDk1OWhOX1VDWXZVX0kwZzhEMlU3Y2o1Z1VrOTVPSjRTWmw5Y2FmeXBFbEtLSEU5SXlTeWFzUFNwT1pDVU9id1B2YlcyTFVCRl9HZlg5eXQ0UlIyOXJZQjZjTGNFclFGM3BNY3BuMjU4NEFtY0tMLUdjVWwwRVYzcGRaU1cyR3FubnBVSGVmbXROY0FRS0FtTlc0NDB1elpPUEdEeDJUSlh2WEZfN3d4VXZ3R2xlWGJuR2RCaEZTUnFiS3RHMjBUaUFQdklkdHQwRlQzbGxkWUNwdXJSMDctMzNDR3ppUTJOOExZTUhiUDdmcjNmV3ZHUUo5M19QVkliRlhWUTVkZ2NqT3J2VFFOTmJqVzJ4Y1lieDYyLVdtYUF2LWlYVTAwNTVXQmRCazVjV3BDbjJsSkVJZktuOEFOLVNPSDNYMTFVQUgwVkV1T1c2Vk9wNzk0LU42cjI5eXo0RU4xOHVDSVFHeXVHZyIsImRldmljZUNvZGUiOiJiNjkyYjU5NS0zNTIzLXNsYXAtOTlmYy1iZDc2ZTM1ZjE5MGYiLCJkZXZpY2VTZXJ2aWNlVmVyc2lvbiI6IjAuOS41IiwiYmlvVHlwZSI6IkZpbmdlciIsImJpb1N1YlR5cGUiOiJMZWZ0IExpdHRsZUZpbmdlciIsInB1cnBvc2UiOiJSZWdpc3RyYXRpb24iLCJlbnYiOiJTdGFnaW5nIiwiYmlvVmFsdWUiOiImbHQ7YmlvVmFsdWUmZ3Q7IiwidHJhbnNhY3Rpb25JZCI6ImU4N2E0ZWY2LTU4ZjUtNDA5MC1hMmYzLWUxM2Y4NWVjNTRkZCIsInRpbWVzdGFtcCI6IjIwMjItMDEtMDlUMTI6MTM6MTRaIiwicmVxdWVzdGVkU2NvcmUiOiI0MCIsInF1YWxpdHlTY29yZSI6Ijk0In08L2VudHJ5PgogICAgICAgICAgICA8ZW50cnkga2V5PSJTREtfU0NPUkUiPjAuMDwvZW50cnk-CiAgICAgICAgPC9vdGhlcnM-CiAgICA8L0JJUj4KICAgIDxCSVI-CiAgICAgICAgPFZlcnNpb24-CiAgICAgICAgICAgIDxNYWpvcj4xPC9NYWpvcj4KICAgICAgICAgICAgPE1pbm9yPjE8L01pbm9yPgogICAgICAgIDwvVmVyc2lvbj4KICAgICAgICA8Q0JFRkZWZXJzaW9uPgogICAgICAgICAgICA8TWFqb3I-MTwvTWFqb3I-CiAgICAgICAgICAgIDxNaW5vcj4xPC9NaW5vcj4KICAgICAgICA8L0NCRUZGVmVyc2lvbj4KICAgICAgICA8QklSSW5mbz4KICAgICAgICAgICAgPEludGVncml0eT5mYWxzZTwvSW50ZWdyaXR5PgogICAgICAgIDwvQklSSW5mbz4KICAgICAgICA8QkRCSW5mbz4KICAgICAgICAgICAgPEluZGV4PjYzNTAwOTY5LTNmN2YtNDI3Ny1hZDk2LTQ4MzE4NDkxYmJlZDwvSW5kZXg-CiAgICAgICAgICAgIDxGb3JtYXQ-CiAgICAgICAgICAgICAgICA8T3JnYW5pemF0aW9uPk1vc2lwPC9Pcmdhbml6YXRpb24-CiAgICAgICAgICAgICAgICA8VHlwZT43PC9UeXBlPgogICAgICAgICAgICA8L0Zvcm1hdD4KICAgICAgICAgICAgPENyZWF0aW9uRGF0ZT4yMDIyLTAxLTA5VDEyOjEzOjQ2LjA5MTcyNVo8L0NyZWF0aW9uRGF0ZT4KICAgICAgICAgICAgPFR5cGU-RmluZ2VyPC9UeXBlPgogICAgICAgICAgICA8U3VidHlwZT5SaWdodCBUaHVtYjwvU3VidHlwZT4KICAgICAgICAgICAgPExldmVsPlJhdzwvTGV2ZWw-CiAgICAgICAgICAgIDxQdXJwb3NlPkVucm9sbDwvUHVycG9zZT4KICAgICAgICAgICAgPFF1YWxpdHk-CiAgICAgICAgICAgICAgICA8QWxnb3JpdGhtPgogICAgICAgICAgICAgICAgICAgIDxPcmdhbml6YXRpb24-SE1BQzwvT3JnYW5pemF0aW9uPgogICAgICAgICAgICAgICAgICAgIDxUeXBlPlNIQS0yNTY8L1R5cGU-CiAgICAgICAgICAgICAgICA8L0FsZ29yaXRobT4KICAgICAgICAgICAgICAgIDxTY29yZT45NDwvU2NvcmU-CiAgICAgICAgICAgIDwvUXVhbGl0eT4KICAgICAgICA8L0JEQkluZm8-CiAgICAgICAgPEJEQj5Sa2xTQURBeU1BQUFBRTYrQUFFQkFRQUFUcTRINUFvSkVDc3lBdGNBQUFBQUFBRk5BRUFBRHdJQVFBSUFRQUlCQUFFQjlBSDBBZlFCOUFnRkhRR0lBZjhBQUU0OUFBQUFER3BRSUNBTkNvY0tBQUFBRkdaMGVYQnFjRElnQUFBQUFHcHdNaUFBQUFCSGFuQXlhQUFBQUJacGFHUnlBQUFCL3dBQUFZZ0FBUWNIQUFBQUFBQVBZMjlzY2dFQUFBQUFBQkVBQUFBYWNtVnpJQUFBQUJKeVpYTmptY29BQVpuS0FBRUFBQUFBQUFCcWNESmovMC8vVVFBcEFBQUFBQUdJQUFBQi93QUFBQUFBQUFBQUFBQUJpQUFBQWY4QUFBQUFBQUFBQUFBQkJ3RUIvMlFBSXdBQlEzSmxZWFJ2Y2pvZ1NtRnpVR1Z5SUZabGNuTnBiMjRnTVM0NU1EQXVNZjlrQUJBQUFVVnVZMGxFT2tkU1FsUXdNZjlTQUF3QUFnQUpBQVVFQkFBQS8xd0FJMEp2RUc3b2J1aHV1R2I4WnZ4bTRGOU1YMHhmWWtnRFNBTklSVS9TVDlKUFlQK1FBQW9BQUFBQVRUVUFBZitUejVhaUZBQWRLV1RMbGxoUW5XL0ExNldqZklVdjdjcm9lU1Rock1EQjk0RDJZUWZsOTRkaHJuazZNVDNXK25DOWl1djNpWkMzbGdOOVc4OGVSRmZLN3pCUldzZ3VCMjRFUjQyNXg5OExpUU5EVndXVWdOVEFOMDl3WEtwWEhxcGN0WUFpSjVKNjJUOUdtSUNBOE9oUm95cGZ4dFNDTWM2RjY1dU1LTDlEWlVWUWFtWW1POWxzZ0JDUHk0RHc2S3RmYnlsYWRMVXh6MVBTUkQzNUh5MDZOcEdpdnRvWFYrRnZOTnpUZ0lDQXdkWWc2b0JyMzNJMXpTUW04YWo0d05XWEhDTzZwazA0K3hpYUd5WklFcHZib0FMTDRYUFMyWTJwUmgrNkhBQ0FpcEFyd0JwV1piS29yZkNLb3ppTUhsZmNwOXFjMFhIZzk5NXJuRzAwYVNnRmhRTXFNWkJYTHF4Tnp1Y1NnRkVBNU9jL0JPL1hTRndybXNTNEVBRFdReFBQVjB3Y3IzdEdpTkhlSlIvTmp1S1MvVkRWcWMwZSs5OU12ZDZ5R0xENjV0TXE2a1I5NG5mTElXbjc4TVNkUkNTQ2lBUEhmSGNheXhYcDRXUXh4TTlPMSswdlErTWwzTlFiTDN1UGxRRm95VHNiTHJ2L0RGRkg5MkFSYm9YQWhEeUJYVmtmRTFKNGJMRWJSSURGUlVRQS9mYXNqWXJWVExLRmh1QVM2UDJ2YmlhTHEwR0JUWjMwMnFJSmNlSFliaHpQN0huQXlXV203YjY5WTdkWEFkUUxXYmk4eWNVdjhUdE1ITEdINXdiR1ljY3ozcnB0YnUwOERvQ0F3N1F3N1V3N1hzUGJXdWpTNHZjLzgzK0xLdVN0YmtpbmU4ejVZby9wdkJobmNzQ0tUeGltd01FT3RORHZpcEhSZVgvdUxBN3o1V0lWNXNSalV3QWd3SlhDSkthVE1sd0MrUU5jcENJL05DbXdvVU5UVVlReHBibmFHU1lyQS9wUXN3djJhOE4xYVBYREdiOUg1ZVR3SnZYZG1DU0RlVnR1L0dqSUo5b1ZGVXVBODFYbXZhM0FYSFU3bHNXY0FLV08wanlSdEs2UE9yWFNxOFBKVFZaTVdYc2t6TVhmUkM0azNvWStYaXFPZWc2bU5xOG5pZkdGNWMxSVpBbFVPbHI2U0xEdDUzM04rWkpWaHFhQk96WU5sTHptcnNDWnFNUDcyajFvMHFVV1BXaEtmMzhRNXhUUGdreFM0UU1ibENPVjVyTFRrQ2RLV2ZYNUdvUURDallYc29uRU1RZlBSZ1dnOC9DUTA2K1ppd3JaYVE2ZmF5WlcwemZZa2cyeE10cWl5a1JiY3hTeUtnc0NIS29HTlhwUC9QT0FQNnBvOEVrdjNtNFdIV1crRlFON21WTTBGVko0VnVrejhsb2dkMmVzam5RUjdEU2dobnhFbWJwOVdmWmt6T3dEdnQ2dFhReW5MK0toS2xtNThFYS9reUMwUmhHNjIwOFpXelZoOURGekRVZFJKOEt6emRjWUNueEExUXFmYWFBVWRIcjVmcjNsT09VVzd6TkNCY2t4SjVvRWp0d05nNithRVVXNWZmV2g5MFlOMTBGSExoY2JWYnhGb20vcWZDaEtRKzZ4Z3BjVVU5TGZBVkE3QVljS2MwTzBZdUZqYjJHdDl1UTByZ25VQmIvcWdQYVJ0bzQybENIRVJEa2dZak5Gd1o1dXMxdmxtZ05BSkJnV0pBbWhFVU9wWE9TVXcwRFU5eFAzbTd5aDU0VU1zdDF5YnExYnpxUEREdGo0L2xuRUIyaGp3SnNlVlU0azFjcjR6cEJjVUV5aEJrUytDWXZoTmlkSVJMRzN6OXd2Rmp2QlpWR0dEZUo5TnRKeVVpcHNOcnZaZ0ZpNkZxZnk3K1BmMEZ6WFJDZ2g4NlRpcGoyNFhmdE1NdnhXR3RJVU0wakRaRTJqZmthT1lPRGVEdURnWmpEakNaeWMyZUNZYUR1eHU2dHlZaTJrR3hjZzhlWTFEV3hpTTZ5Zzh4L202NkFoUVJtR282ZmxKS3VDUjN3RDBGdGgwSDFEM3lSSkg1SEhUUnBXNkJ1TzBzdXBuN2o4TnQ3ektkRmp2c1U0ZHF1M3g3alZHd0JZVHBGRUdLT2ErSzM3dUVSU0NseDREdXJhT01wQTRaRzhDME5vRnh4R0tDejJLSXhIWkNBbm55RUQwS3k1SUw5aS9JNFA5S3Btbkg4TWJIY2ppVVZ3dXJQSWRZUmxrakZOZE1KQko4Vi96cjN2UWJIQmJsV2hVNnJCdjlCSzkxdU16Z0t5dW5EVjhuUTBNRnpKRFl2bHpoNkN2cEZQYlBOU01ybVNiZTJYR1dxSGxHYUF6S3UzamNZT2FOUmNJRXJTdmtjWnV0NTQwV0trS3JxSDF1c0FubG1PTjlQT2pmSWtwaTNGTnhQb3pacGlLdDhjenhNdjBzM1QrSjdrYzBaTWdDaS9WNnVGektIRGJOVVNpejZoZkxYSUsyM0tzRWxveTBjcXlxT2VrZ0NJa0VVcUxPd3hpNXFtR21lWjA1M2R0RGdlWU5TWE1oRGdURTdpalFDRnk0VkJMYjVMaENVdzhlV3RmQ1U3c3hIUTgzYzhONUNZd1FWMGdOZGRNUjZrY1JLK2JXTUJ3OGtqMUllWWQwMWJFRmxXR0wzK24yUy8zUzhYc2dnNitjY3pGalJlNFQyaU5FNzh5ODlCK0x6R3R0bFlvL1k0S3VoUENTbVZMS283dFo5aEFVbUNRenluT1dDajRhTVAwOGcrMThkN3NSdG8yeTdLU1YzeHJLa2wrV1ZmMGJQYVQrVTRLMjZ4aW5QcnI4d0JLRVNTdnhRSTBmc1JVY0gzc2w5Q0Z3RVNiSlQreUZGL2JzRXRCOGZXcE0xbVV3UnJ3V3ROVnpmUEtKUExWZjRCZW9OZTRSSXVJQUpURVMwdEVtSm9LcjgwMWQzSC9OSmM5ZUxuMFN4cXdPZ0tqOTF1TC9BREViL3RnRTFXK1E4eXpjYUt1MnlOMlZ6eGFzZ1UrN3VNNjQxSmt2TUlNcTBOMjdxYk4vYmc4ZER3Tys5TlhxZllsTThNekRwd3ZFbWtwNTJwYkhUbkNpNDNJM29TZDllVm5Wd01mbjJNSExobXB6K3VEeUVoSmcrMlB3Rld2OFQ3c3pOR3ZkeW1uVnRGMXFCdmQzMmNVODAvNGhlQldqMUJQK0RBZEZzaXlob1RkK28zaExnY1UwMmFoS01RdTVjMjErSndkTERCRHB0dzFyWWNBaW9rNndXdi9VZkFzSmdoV2w3WC9rZ3BwbjF5WmJSNlh6WUR2VWcvK1J1OGI3bllWQzZWWXhseFRwaTFqZ2FJOTRsSEdyZC91TEo5S0NtNXdQME44Vm8yeUlaOVREVGFTMDBEQXpKR096VGh1d0xsc1ZZSkFJVkpnOEVFVFYyZE5MaWM3QlUxdCtjZFZiQnJGcDBmcHBLWW5uOGtZeG53UTZ5Tk5yZ0NaRVdiZlVVZ1pDY3pJWVF1b1RTUURuUlp4Z1p4L3A3TytoV295MS8rNUU4cWR2WVVyU1lOajNTQVRSVVUwMkRDWTZJMDNCRURrdnMyaUNiRyt6NGVyaXlQQW1mZitJQnp5Y3V1eGhpWmUvSnZXdytBdEthazhaeWN5MVNYWVV5cFFRV095SEQ4eVRzbmgzRFAvMzd5NWRwQmFqQkNiVHZSM3lzQnhDRHRHd0FvVE1RWTBmbkl5SjlHTnkwYUtqaGZnWHJOMytQL1l1RGVNUmRkUlcyK01IRTZaNDhjaGRaZzZHVWR1Q2pMbHhaT3g4QVBqRHBMRml1Q1VZWjJIQ0ZUaHBNUmFPZXBYMm1iTmZJYWR2OGdQWWpNbkdFeVUxdGx6TG9yR0FnTHVnZWp0ZXA3UzdyNXBseUVHVW1wdnVwUmE4dnhpWGNmUmJMdE9HcmRHUmlsWFNxWHl2SGRTUytXbFUxSm1sakZtVkJmRW1MNnIrY0lBS21QcDUxZjQ0enF3U3VJbUZaVnA4enRpM0FmdVdobWxQUENMbzdMb1p0WlB5K0N1UDhKN1N4SXlhajBFb2grRkwxWTdSaWsrMTNOOUpCYXBUMkZ2UjdCdWVCZU5VUEc0b3pobWtRb3dKR0FpSWkyQnI2bXphZDhJRU1Hd2g5VHdaNGRDVmhsbXY4elY4ak1IY25rK1JjM2RyNmtsOSs1RmpCaFR5dlpQRk0zQk1XY3ExLzJPM3l3RHhBQVRFdDd1Vkd4R0VZc2hxWmlKeCtMd3BuUlFKZGVTRlltNWRkcTJ2dVNJcG90eFVWNmk5eWZGbk1pT3YxRktrRmtpNGFwYWFLaXZ3Vmd5OFdMWXB3ZDU0YnJhQ0E1OVVCSGdNbnA0MnIxUWpmR1dKK2o4aFhvVk0yYmozN2FiQWR0V2NvRWN6TUxxN3RPTnovamd4Y0JYekZWOVlUY1Vxb0NiT1FzOXZaOUl3TVlieUFXcnBrM0NzY0xlWHUrY25QTEhackdlcjB1RUpuR3ZBd3VZenlCV1FEbjJrZldaUnVtTFJ5VlZsUERNWEdWNnBUc0NyTzA0NFpORkFHdGt3ejFDaHd5YVBWamhCSm8rRHhOYkV0MGtsQ01PcVExeUphT0g1QVU2c2JheHVNd1o1OVhNM0VVN0l3NXRrMzVjQko4eWg4Nkt2MHlCK0NXVXY4dzBVMVB3bkhpakpmMy9td1BzcE9ON3NualVaYjA5RHJtYkRXQU02OWhwU1dYYSttRHVMTFFtTGdmSGp4U1ljak9PcE1vM0lWaWJiMGZld0FoS2NZcXc0VWMxWjVRL2VjQWJMNDBtV3ZoSFRDRmx5emtCRFNkbUJPYXFiTDlYU0NQbGplaGlUdE1FR25QL3VRNmFYUzVkeTlwRkd1ZlV3VFR6L01Wekk1c2JZUUYwL0VsaFFSSHR6MzhXQnJuV0h2REtkaXJRVTd0UWVwSWJha0ZUajBLeDRDOTlsUmlUVkFSY3B3cW0vbjVwU2Jza1p5OS9wU05DWXg3M0UvRVAyY1VMWHd3Y24xdDI4a0NSeWgzZWlWdWZONlNwOWVlOUFJNGtTUHZUY25pSkVGZlM2SmJ4Ung3Ulp1dStMbVlmVTFiR3Fiam41cnI2VnBZRk5mMFB3WmtHRkl4cnM0T2sxSzdlNk16UXpXVXNqRWhtMlRndno4TGx2dHd1OUp3c3Q4Ri9lRWhlbmtzRGdKcDJwVm81czFJNHR2eHBrcmpDS3NQMTI0ZkpoZXlGaHd0K1FIODd0OXBGMmZSUE1VNTNybWFlenFVaXVxeVhPQU9iSFRCTUFRanVQeEFuTXNvaW5wY3pWcUN6b0J6bFZQTkZITzllZHR6OEJlVDIrQlJwZ3NaOG5IY2FmVEtibHl1SWlKMTV1RVZ4eHNEL3ozc3prSVRWUXlxKzVCVFNVdThicm9HbDZxZ2Q4ZXNNZVdzSDd1ZDJkUTljSlBlOU5BazlZN1g0SjJtZzdwdEhScUZlTlljTWJVZk9XdWdHaWIxVjRhbk9qNU8xRXpYcmpaNW9ZMEwwamQ1aVRkL1NtdzdSWEdBVXpHTXlUT0RyZ0tzN09tRVhyNEZwWkNQQmtZd2g1Vmo0NENuRkZDM1hnNkNHQzgySFF3Z0V1S3dnd1JQakZieEg0cDZpb2tzcW9hVkZSeW9NemF4ODlzS0pzcjVFRmF0Ny96Sm5zZ3FJSVlLNWNFQ01CZ3pqRGJ2UEdlbmtITkp6UXpjdXpwWmFnRGVydjlscGRzWlVOVzlrbHBBT2NTT3AvSzJuUHd0SjJqV24rS016OXViMEQ4Y2NVSWQ3QUFwZFErVFp6azM3eFlnQXhjY25GMjhKM3dNeTRDeFpvNHhxUVZNUTZaQlkrWGZ5RlhFdEhzNVVVa3IzWUtGMHJUOVZSZ1J4N1NGNG85Skcrb094L2ptLzNoYUdVRnRHaTFoazd6MmlMQ1U4THVOSlJXQW5MUnlMU3JDZC9RcmtKU20yeU5BV2huQTJzK0dsQWNmUlVZVm5yWkFySkY5eFF1VFlvSWNVT1pNTnE2VDBEdVVrSnJNY1o3ZWp0eGtxMEVjVllUTmNTcFUrT1RDMGxhZDVlcDlYNUhJT2J2ajN2Nk1rRU1WSE53ajRaYXB0dmwvTFVvalcrVTh3c3VLRDRmcEd1Tk9YR3lxOGdua1VaSGlQNUFOZ2RQN2F4Rm56MGw4Sk84WU1UYlZGU2JrTm1wTGR3akM3cmRIci85dWtTNG45bUpIQXlkV0tpVC9PVGdIWXpjR2xhT0s1K0gzQXVvWko2TXJiMzk0ZTF0Sy95WHpmbVI2Y25EUTFScWdqTnBhMlVxNkVld3Qyc1ZWQTR5QkMweE51dGR5THdjRmdaNkpFMHFIcG5WVGkySTc3UHZxNE9zcjYveGw2aldaRnRFYmlNeEltWHdnaXd0Mnl5UWNaTFdVZXdQNEJnUldUYkZnWG1JRDJSNFBUMHZSK05UQzBpMzZPNCtTZWhVeU4wRmVIVm9pUUtoaFoyR2wxZHA0MlQxdVJpY204N0s1WGxlSDRidERLaEFtbEJkK2ZNdG5kaHNoUDBob3gxMzNpRFpDTDdtTzRxc0l2RXNBN2hoKzVGcGJld2RhNlBhLy9Ka3Q1ZzdMZFY3bUFmczNqVWZyOGFUNmsvSSt5UFlWM0IwTFZROVo3Y0J2R0UxczBpQldEeU1pOG5nUHcybTVMa1ZGUTE4OVBWTVdybU9PcDRYV3A5L0Z2b3ZqMlVMYXNLVUtnbVRCNXNJYXdhNmpyei95QndKbWFmbXlIZjFHZXNrczJrZ0tBUlNFekJuTVM1cVFZY0tJR1IxVDd1SGw1UlVkZmtlWWxHVzlKeit2bTRZYnVxWXJycERmbzUxRHRkVGw4QVMvZFVENFNMUEFJSEhXTU9OWndKdTNLa2QzekpmUk5nNXcwWVB2T1d6ZVNQTm1jc0hIaTdDMW9MYTlBeFNRRHhIQWxkWE82K2h0WlFDYkhlblFxcnZ1dEU4UUNkRDJuZnVRdmpYcDdFc2NMVko4ZDVjRmhFVFBCMXRNZ29nTCt5R2NncUl2Mm9HNmxEU29pbk9hQUpGWkhSdEVkTDZ0S3NsOXpySm1NRmFWaTR0UjFqMEt5cXJTczI2R0cxU1gzUWFiYndGekt3NExRSy93N2tOdHhQbmI3bXBtYWZzem9Idlh3UjlkWFBaU3hrcENMNlZHZnNlVC9WOEoxelA3bDAwNHROeDJnZUk1Y3hHUzNHNTgrNEFicHh2Z1dxVWl0Y2R4L1p1QktvTVo4VFVDQkpjYTZ0M2dQeGhBbGVuZW9ibmlKVmROU0NmYmFGTEk0Z0ljRnQ0Z1h5TGpoaWdjaCtSRVBOaFJvQXk3cHhGOS92UE9SWlZxRGVRVmJ3TU1sTG5NOGh0ZVJsOVNjU1YyeTlpMW1VQ3VjSDBCU3FjTWNVdVliK1VQc25TWFFCeWlOVlV1bE9zMnMwRnFWazVjcmttUXErR21oblpWREFIRVZLZjE1M1hjckNNYVZoY2JIRms5TDVJL0lNYmFBYXd5NUVZblRHVmNESnZrdHVIQjRnZkpmcmJCV1hVUndHU1o1YWllWVI2ZTRvNmlWMVY5WkM3eDhnTExLcWRnZFY5RUcvcFlqRVAyRFExZHhiWitmN1U1MnFhekUweHBwYTVjWDQ3dEc3SGt3emszQ0xHamRrZkF6a21PWTJBRkJPTlY2MC85QmpNZmtyekxqSXpBb21mdmdNcGZJNk1wUUFUb1NUNGovQnlFbC85QlN0RDlHRldndFBnalBUT1c0VW82MVpPQlBKMGVMK0Uxd1NhL1BXM1JEWjN5YStlMXFoRmpneWsxem9qVFd0OUZJMEpzb3BPMnZlUDhkRStMZTA4VU1jUlRrYWpqVHREMnYrMFBkQWkxQzZ4MzRUcnIwcjAwd1Y0QjlEdi9WajBrdm1SWXFwRi9oVlNVRUR0UExRMVorOVJIWVlsVlNxSmpOMEVodU0zUllrSmw0Y1dTbmpyTDdvSXc0LzM1eEFIbER4UERLZlRyaE9YYnB2UXJzQWJqK3dDRXozcFhlNkNiWCtkeVo2M3NURVB5aGlRNDBveEVpdGtKbDcxZjhOMk5iY2pPcEFUbkxRdG9ITlRQMjgrbnZmdnYwMVphZE8rK1hPRTJ4eUUrVTN5WDNrS0RPbXlPYnJPRWdaZGs4bXdwdmNWY1VoMzNTSUxobEttVnppclBySVFoNUtpUjdlWktGTWNaV0w1MElHRmFjQStkUE9hWUdMZlZmdmt3Y2c2c1Q3ZTVEcllXQUo0SVQ2S3RhV0M3dS9tVE1HWXRpVDVaL2FtM0xmOU9zYlpSY21TeWFkeHhua0FEcHdVZ1lFSlNtdTlrdWdONzdpanUyNUs5NXg1djlqeVRjVXFUQmtaUTBZZ1BNZ1V6WHR4eERJSDZlVElvTllDQWdMUFBTSUNjaWdiM0Fsc0dnaFhzU3RIT253NFZNQ2t5ZU43ZVhYYVJPWk9PcXhlMlhXMGRTRnI5WGRpVHMzUHVxZTJ0dnkwVndZS0hWSVQ3ZGpQaEg3czJ3b2tGcnE4L3RmQW02dFh3c29XTks1VGtkNmVoelB1b3BxTTBNSlZ0MmwvSWV6VlJPaFdqdjFCSG1ZekpmaG1DcWN0Yzd5N0FSL0EwOVc0cUpBNE9CMXZNOUNaUWhTYU42eklMNFdHQk1qNmJpc3R2NTJrOTZnQjFJUFBHNU85ci9nQmFTQ0pWSWJHTXNjbjNuRUVkd0t6c1oydHZKemd4ZUg3NDNUN01QT25FMVdNWFlXUzFyZ0VYWDFRRENOcHVkc1dkNDZQRUttZWtsaGJkbjBVenRtNWNLZTVMZGFieENwNGY3aGdYQkRqWjdZU2RvNjhqcmZJb0UxWmo5WkNhSnZrNVRBUmZsbFE5Rk5ocG1ISUMyTDVFVmxNTXlJcjNZc2dvUGRTZGxNQVMxUU1hZFBzODVNRmp2Y0ZWb1JGWSswYXk4dm5obkdqL0s3b2NHcmVWbWVlZTZFZVdRd0pwSVFTL2ZJdGs4aHpyMWU4VWR4SUdhZWVMS0VPVkNiN2c4bTdVT0pkVFRsNXJnaXZVSytWMmprTHRkdmV1NjdPcHIzU2ZkZTUxNEhZOXM0b2c0WEFIcGNPMFkzVzRNU1c2Vm02TWxiekpHWnJzNjlKK2NIODAwaW80K3ZLU2NaNU1OUjdoUWVOYTVVd3FjdVI0amtmTzRhcXZRNG5wYVNKMmdLZHZsbW40aGtvTUpTODhrZUtmd1plOFdzWHk0anRKRU5RWERtK3RvM3NPaUpGY2ZPK2ZWYnpDTUtSNUVNeWxxSWJQc011MEdpd0RrcVUzMFlRTjJHTWdMS1NpU3cwVEhISWIvUjJxRzF3N0NpNkNOKzErNVJLdXpJLzFlanQ3RUVVSWpqRXU3YjF4eWRDY0FrWGMybWtWMitiYTBIYWJFT08vdjZ2Vi9VUG1uMUR4VmVzL2U3Z3IrT0RTdUZZR1hiZHdmUHE1bmwxWjdndXhHWDN4L0h4bkpmZDNIdlZ5MzhlS3JnK3ppcm1hRXZIak04RU1PSHFBRURvaVJEdHdvWlFwcGxmenVMdGhXUll5YTg5U3BuSnRuNlJGbkg0NG9rT0ZYMThlUmtNVG1LeG1sRW1OekNzWXpKSEVsMDY1YllpZkVERE1FeTNZYlZJdEFwa0VrWXRCeDI0WE5NWGtmMVJJTFNRSEt0NmkzVzZ3UGRTWUdlQnRmUkFsVVBWZ1NlZ2NNVmwvQWNwUkVjWnphQ2FoNHZGOWo4bEZFZnNJOTh3bHhLeDhPT3c1TkpJcjR5ejN5VkUveTNIWmdXRUthMU0wUDd3Vk9QYUxPamFmR1hFTThkVG55bDdRaFNvSmgzeDhpL3YwcnNEaTVXN1NiREVuU3d2Q3NIaCtNdEh6UDY3V29WWDNxYTNwaXplb3djNDNRbEtna1p3N3NFUHVhLzVxcmRuTit6UlF3V0pIbTZCM2JxcWRqYjhwWFA4cmxmdkg4cWpPQWd2YzVRdGpUaWsrMS82U09aWUljYXQ2NEU3YjJoOTNRUlFWN2VNUzB6ZVdFZzlFUTRrU0tSd1IyT3V2SEYzT1Fkeno5VFpMdm82ckhOd2tNRGJkOUdJL2NEZnBXZ25HVUtVY2JOQjF1NTRvblNEVXNCSm9DZlVBWFUyeFNqUlBoeVFyUVBIN2NxRlFKSGh1VDdGUmRrMnh0dXZFQjhBTDhKMHZlTjE5bXI5M3dTTmhsVUJlNGUwWG12ZHkvcldqNEROTVZjSHhJblJ0eFl3aGM0Rit4QUR6ZUVPRndDOUJmTnBPTFVvMk1zSXJiYjNUU1I2U0xmem9jMlBDbGtCS0VOR2tIenFvWHBGRGhOZC9TMVlkY3Qrd1I5TDREc09MLzNsdHU1Rmk1UEo1Z2gzeXE0bDVuOFBZVG1QazlicnFxVE1lNWxLRnJ1ZEcycXNsYitETThrdDlrWElWU21BeisyODdFNVRhQkFReFllbG9kcXozbGYwdGdjdVU2RjNZRS9ETHZQVGxHR1N6cGpsVDVyaWdzWklOUVF1V3JVR1dCd2Vhc2Y1ZzduZnd4dGV2bHVvanRXOHUxYnR3aElQOWxRYmFXSWc1TSt5OUNDY2cvcEx4bGNydUhlNklnL1lYemw5WFNUR0h4bytBVG02STV3aTNiMVR0am4zd3FuWUpwZDdncndRa1o4UzU3WXVDN0dOM3Y4M1VJZ3F0QmxOczlUd2luZjNkd20xM09Xc0JDMmJVcWpQcjZhdXE5SDdxSzJuOWN1UWNqL05ZYXE1QjQ4Nm4yM0I1M3lnUCtuTUR5ZTBUYWNnb0lDMkp3eEU3NjRkbzVnaDIwclBKc250a0hQMU91dkswS0hHb1ZvUjMva1BRQTg3ZDRnT2M5U3pYWGZaT1dqVktGZDc3cm40aEtObTA0OTlNbXkrZkc5b2NCTmo2L2c0R1hWeUhXTUMwbkIzQTZHZVJVSXJjclZTS1Z1cjE1b1cwVXlzUURnMmorSGdVSTk3d0IvbU5mWkQ5S0NtNll0VGFSRGM3YVZNUWRtNFpQN3Z5dU5lZGZnU2Mvb240RkJuN2JWU1ZKblpNZzVKa3NyMlB4QnRGZStxU3J2Zzljd2M4YnBlK3pRcy9ScVVIeHl5ek4xREJzbHkwa2hLK1ZNZllGVXIzNTdmZXNNcUdWeUIxNDB6OTN3ZkhMU1JhL3o2T0tVdk1Fd3Q5ZkM5VE55NUtXeWRSdWxRVUg2TEd6VzBpS2N5Y2lrQmtDSDVWUnhnbGpndDhFQVRiallSZTZoSE1kRXRDUVhtdW5OQWNjT05DWHJCUmszVWtIS0ZDL0tKcmJWeDRjVVVyVWk1VDRlWWJJR2wrOGpWSTlKZzZOaFcyMlFJemw5SFRZMkxPK2l4SWNJa1ZaWmxpbUNRUFFFd01uTjhjbjEyZzM0UW9xVDdKVWdDKzFheVBlaXNLM1VaZ2FIeWp2U3VUUWNtSERuaTJLUzBmYWpUVDJTY243eWNMckVlM05kVmlTcTFGdGVPMTl5REJXRVh1NkJRL0JJOHIvTFBIL2wyNXZRbkoybEtLdFlxQWNHR3dzUy9RajEwdDByYmVUT2F6QWJ4d0dvMUxEa3ZSa2RpYWJmcGlaRGZQbVhZKzhralFtTXdTVE0xS1F1cms1eW5va0NkUVIxWHBjZEdTVk1vbzFlUDQ3d3hWYll3RnhyUk5rMmovY3dyZ3A0dHBEeXI3UzlzeGEweEJuM1VkKzNPekdhYmxNT3ZDNzhyQnNVMG9Zc1RCc0ZXbjZjL1ZBVUVjVDZwOFhBL0tkZFZzUUtIL0VDOW0rZk9yNGJmRENyUHZCdVk2eWxESk5PY2F3eTJiOUpCVXBHZEYyQVpQZXpMWWppKzkrQllKNUhTKzlHNHRNdlJGWHhnNEdabnBwcEk1dmJteTV0a2pSTmVtYkZCQlRQcDU0SzdkRk1NSDE4ODhMSWlmMmorTHhVVWZVSFFTODZRb0owem9zNWI2V0JCbVJqSnJtZVkxT29jTTJPamY2TkJYdTdhTE1MUzR3UzZQZ3dDRjQzQkFVY1h1NlpyeXZSUGowN1J0VHU0ZTNJUjR3b3R5L29UUzZ6U1R1TnovRlBucHpCejJ1OTRROGUzRzJVNW5XcXVjMlozb2RnYjFuM1p2S3ZWZWpIQzJuOFE5VGZ6Y1BLaVI5aDQ3aGpYMDFtSHJMN28xYWNLWS8zWGlEOHBxK2xSb0ZFcXlGdVNwRm00RjFWd0IxNDNQYzZadUhYQjVqejJ6cWQzK3lGbU51d0ZuTWh1L2d5Rkl2Ri9ZbHBxdUNFUTExZDkzSXErdmkrTmFEc0FFem1XU2RiSG9nUXpOOEMvUUNsTmR3R2JVUVhpb2VmeVJPL2Z3bzRqQ2g1bktzSlRqeTFZVXorK3pNQWJoaEVlYWt4d1JQc1FMdkxRYXVVdEgvdEJPQ1MxNEQ2NlY3Vkp5clVhRWRDM2RoWUEydDJld2hGbm1NWjJ1bitJWGZxcjJNUUk0OHorY3p4bERIT1J1WHFoMWhnRVZyeENkRU9PcDN4WWdmK3lMeFI3cXlUSlg1NTlTWURnV1c2cmx1RTRrTGNGRXVPTUlubGdDdWxQSytBMXBLVWhNRWVIWVdyZHhGNEdLd1ZHQUMzT2gzSHQvc0NzTUhmd3JPWFR1SmJsWFdxbi9GczJieFFtNThXRGQzdCt4UllmOGNzTjBhSEhBRk53eDBoMFRXblhmNi9DTjZCV1BpQkZ1eWVPcERrTmVsUFh6SkZtUGJmWm0yT3p2WFlkN2RScVpDb2Nqd2xva0NpSktZRVJDTlI0Y0VXcVZ5cmcySlBxRGFFQVBhak9pYzZoTUhYT1h4aDlPMWVUQ1lLbkhPLzdZMm5hVmJPTTlkSEpoK0ZVRW16eG5GUUIvc0szZnVQM3o1em1SaFhqL2QzRXVhN3BXYjhRdGZab21ZeVFBYnBWZCs1TEJvWWQ0bjVGK3NyS3dxcklRektnY091NDc4SVFEWXJtWFNTbHp5Vk1tK1YxVEpnSytrUlJFK2RaVW5LeWJucG9DQ0l2aFVyUi8yK1dYL0RTZUZ2ZFZuYnBtVW00V2hWSUtQbEpVcUtuUVhzOTEwTm1zUWJsZWlUNUpld0RQOVZYakU1UGpRWUxHUk5YOWdVZHpSdGhlUlF3S1NSZFdSaXpKTlR6Y2k5aFA0c3AyN3JpekswZzJaT0dGbG1QRkZIbHJTM05jTUIyYk5xQjVBUDlYM05mbW5XMXB6M2lTS1Q5cmhTZGZRUTJUSWMvYUgxNkNBd2hYVzVnMm1PTmd3ZUgzemFKRmh2ejRCQkowdURvNkhYWTNIOWIzdFI3bWt6WnF0NzYzRE5hNzRTMVdsM0tFYmMrWGxNMnJSNVNpMlRYVGdvMWVid1JWRk9WR0Z5UndkeDRkckQxeWpJZUhrSEdVSWE0V1ZTY2MwVTNVMVpBdVJUL1NCQzNkS09yS3JROTdndWRNRURLanlOdUdPVDMyVnpSZWw0MHdWcGdkUFlwSXA0UWFxeDcrTnRUNVNJcVJRY2w4SEZVRm9TUTYzNnQwNitlOVR1VDFRODg5VnRkYTJDUUM2Z3gxdUc2d21PSmZKazVyWFZKd0VkQU9Ya1ZyNitQS2o0Q2RzUkhKdTUraUhLUzU2MWtFY2dnYnFJdFMwNXl0eUg4Mjk2NzlSSHdtS2ZZMCtPQzBmMXl2cXFNejhHeTU5eG1MUmd0Sms0aWlkd2NRZDJDVkozbHhwQm00N2hjbGZLMUtPLzVuMXlQVUhrZ2tvcW4yem5hbUJ4NlVYZkszekI5TkFNRFk1bWNEcWIydmZoV0hFZkFtZWF0dG1EZTVEN0hPak1wQmtCT05KcE1CMVMxdDVnTXU5amh1bDZkNDZaTXhtRVhQZk1LRkZzdXRJcG5NQ0FFMkFMZ0tnR2tLbmoxNzRiVnVEOUxYQ1BPd2FsMWR5dnc1OHhWejMxR3U4a1Ria3pTYjhHb1pyeDZlTHhhdmxXZFVzNTZSQkxOb09DTU44bnZFaWxXTlZta212WFlyMWFGck9UZG44RTJpaXlnc0htMXpYTGRUTkphR1EwdTUrYWV5eWp2bENQOCtZejhUYXdQaWpxNHMvVllrdXpCWXFhZ0E0a2pRZ3BNZVdTT1h3b3JiQ0dTaFNPQWdUY01xSG45Z1YrVXZWSjZDY3d5NXpMR0daQ3F3d2Nua2FmR3JRWkFTMTdEby93ZmZpcFZQTWdGVmVQYTdtU2xsY3JlZUVTK3Zjb3hCdHhQTDJqSFQ0RjlUWnJVWkM2bkpuODNLcGh0VC9KWVdPZytJM0l0MUJMK0dGU3gvcG01SnV0L3pjU2FyWGZJb3Rzd2F0Sk5HcWJxeHArYlFXUzRoVS84TjhFWjBtMENWQm52TmhpRkpTMmlKMWo0Tms3SXFYQnpQN0dyQmpIaXRaekxSR3JKZ2VrdUVRT2tvZzBud2gyYjQxTXJQRHpTMGQyQ0tXWk1xdUJiMDBSTU95SzBOMkg1QUJsb3lMWFlXNWlCNjlBUU5ROTczWmRHZEtKek9pL0EzODM0NTVVRE9HMTJhazNxcmE5ZStMMWhFTkhQL00zMjdEc3JtOUQ2SUloVzVLOGFaUUhqUldFOW0zV2daaUJSbUlYOVd3dG0vUkVFRHFhdHRNdUZuY2FvaG03Rk1GOTlwNlh3VTlLSUNZK0o5bklGNjVSWStFaTd0NG0rRW90RTZCQ1JJeU50WUpFZGY5aVFQYytlSUIzeEdCY0Z4R1lwbEcvaW1yUVZQK05EYlVHUjZBaGp4TjgxNDFWMkRoWkVNYTQ3djRzREpMTEhndFBwTjN4cWMyK3M3MS8yQk45NVhXRnZDTG1IbThEbU94NWcwUi9va2VaQmlKZXJ1TmZIT09hb0pCRVd4RnpHMEp3bitJajlZbU1iN3NaOVhRcmI3b2svbEFIRkE1Zk9BdGFsNEdiSUZzZ2x4NEVrZWxyMGtWM3NNMm9zN1Y2eE01alpWelhtcS9oZWY2eEc4SEdKdmNVL1FXOG5hQVU5cTA2S2lMNmYxa3p3UzMrRjlZb0IvNE5lQkJpRGJLODV2TWhlMXZkTjdDa0dFUUtNTlpheXdtUFZWdE5EcDdwRkFzK0RQSkl4VWM3MWJmWTVxbXVqMFZxZ29hWElFaDdUVDRYZzBSL0NWdTBUaHo4WU5MTUxPSjhVVWVoUU04cVhoRU90SjNHWTQ3bUE2OEx3V2dBdW1BYVF6cnNwOHR4MW5idjdnbHRoTkF1OEdJSGpxYWQrR091N25XRVJ2QTloYTVMUEplbHpDS1QyMWovaXNodWtJYVNMa2RDQkhnc2IrQVdqNmllaC9aQzBKL2pXUUthMGpoR2JPTk5DN1lFYVpNMzZPeWZRcnA4RlBKcm84a2FvWkxvcTZXOW00ek5ZaUIreFM2YUE0a0UvUmEzQlhYNkQ5MEJVY20rVmJTalZuZ2Y3UERvbHFIMDBERTNsYUszdGlYWUdkbEUyZmVta0pGalhxM29lWHhBUlFLOWtjUFVtZm50ckVqeE5xRGVpejlDb2ova1FSb0Vad2k2M3BKNm0rOThNZkpJMisrakp5eGxrYUwwL0tCNXpzS05xWXdIdldraTNzZU5waXhuTVd1RXZjYWlRZS9ueC9ML3RmRmlrWXN2MVB4bkxwWGNmVEdQbnRWdUJOR1FqU1ArVnV0YlYwV2VleG52dCsyTzRRblZhN2pia3FEc1l0dE5MaUR3RzArQm9aK1JVMXFiVUJ5QXVSWFJiKzA2azg0dGZNUDd5OFMyWG5ybWZsVU1ML01jQTRkTlJiNTBScnNEbDRxSGNRWVJKOHp3QnR5bWl1WXJxZWRHOFJnRk94RDczcDIrR3JzaG02blB4RE56cXlUNXM2N0FZWTRjaDFsSkJRY3NVdnlmb1hVL01lRThXRzBrVFBIMm9UT1d5Z3IzYm04Z0xsV3pQdHJFOS8wa1lSSGlrM2NKZlRwRDl6cXpHQkFCa3hNb0dnVzZWekZLOTNKNXlOUWFoVGl2S2cxY2tNM3krOStqQnl2bm0zV09EU3B4QTNzdXcxR1JIeDVvK2NvRTRpMVR6amc0OWZLUmNmRGwxYzJvdStuSUFyRUt5Y3B5blhRbTIwWmZ0a0JyOEYyUndSdmFGVHlsbXU1WUxITTQ4czBKNVJkK0ZsU0tpVTFiQXJYZ1Nqd2tRSDJXQW1KenQxZ1VnUDZYNzRYYUk2YXhha3QwY08rcEcwVm5POHlYTmpkYm45cnFORUFTRWVEV1czZHd4R0tuL3owaXBudTVTWSt5bmdiaDllaXRHM0tIQjJ6RUF4QTR0ZUhhNlZIbUUxVC9ud0JxdGt6OUJaWTNrTlptZ1IrVmJGRnF3bCt2US8rUWZzZHNrNzhYaGE0UkpCbjBuWDk4N2RpaWlHTmR0UDhWZWZKS1I5NWg0bUxwbFQ3UlJQbUdldGRkUkF2aEpWd21JM3kza2dTTkpsL3RjeUo0NVEySHJsTXV2VmNIRk5DaGJWYy81SnlaQWIzTklmM1MzUFl2VVNmSTlod203ZWlCRkxTRTA2NUVuL1RESzY1Tk9WeUQ1ZnIyZHBybGpvK2kreTZUYXJydnRxTHhPTFh5QXAvV01DM04zV1R2QVI4eVBBZ3pxWHJhQmV0Tk1DRWdSdU5abHpqZG9NcnFaSXdYa2lrbkNHUW1TWWkwV0RiaFVQcUJ5eUJMSTQySW5yMk54N0hmcHJITWMvWTBmV2JOTUo3UU9aUFo1QVBGeXduMTdiWFE4SGRHbHQ4cnFuNDhueDlVb0VQWFd0MmQ1WVpVMXlmbjdWc1E0RHVyR2FPc0UxT1NUU29QbU1RL1lpUEdQZ1RsRDNHVUtNemZsMzBDcURGWFliQlVIWlY0YTFSU1pORHpiUzBGZmI3czNQNTR5Ym5YVklPeWd4dVNZVjRsVitvbjJqQzlsMHVwN2RUbUlFQ3l5WEs0UFcycTFRVlVwSVdJN0piVkN5dkRhbVA2MG95dHo3aWd2dFBxeEZWbU1SWnRVK0RRcktQSVJPTHhadTk1aVZqWlJ2UjU3cGdEWDNoU3FCWDJ6Tk9DVWF1SHcrcDRmaWlQVFo5WHB3aHV1eCt3dTN2YjFTbmc1S1JPTnkwanZaNG9sQVJDU1JhMFB0L1ZLU2NuWWM3OEIvUUtnS1dLVHptVkhSdVUvZmhPVDlubVZpTUIzMGZGbjltRVVqMHMxa1pPMUI1cWxvSHJaRC9rZmhSTHJPOFNMb0ZtR2RTWExUU2p5WWJwdVFaUFRBMWJ6T1BlaVp3N3ZXZk4rbXR5Szl0OUMwNkhEWmNXdUk4VENZZ1hYNVUwUTljWjNwV2tpbDdyN3RrY3RoTjVZZWtQVUNPWWFveHBFd2lZR0ZFUlVpczYrcXAzTjA2QmgrUndWZ0RaL05EL2l5Sko2SVZEYWcvNElaMDBFVUFIcUFKeElwQ3hDdWdacWZnWlpJYTgrMm5valU5WVlseG0zcU01aHVVVmNFaklGa0pYSXRERWpzYzNDR0hpUnN3a1V0Z0NlRHg5UGQ2cC8xM0RhSGN2c1R1UDRKeUNabC92YWNzZTVsWW5Kc0lQUDF6MEdZa3dwT1JZclBvK21kUXk0dU1xYkovWE9aQ3ozcGpOOGIzUEZXZ2RzWEJsK1FqTkdvUzB5ZExUVGtlWkdFYUlUUTZUQ2N5Tmp0bU1YalBDS0d6Mm83aG9RbEVRUVNxMnRGTWFzbThVb1ZYWGxSSXFiclVJQk1DSDVZazFndWZ4cjlpVld2QUVKY1QyM0tyMVd1N21MbThra082NXZOSmhoaGRwS3ZxKzRkMFNhSTNzd290VGllblFib0JzVXUxN3QzWG5oQTV3dFpUb3ZYcVJJdVJjeFA1a1RLQzgwM0FoMmx6c2I3ZFQ0QlU5aUNjeG1udjErT2dHbDhWTUp6dGRwSFRhSDk0Rnd3My8xRm5EWnhVR3E4VVc5MGlvRG8rTFFBRWZVYUN0N1I3Zmd4bVBNL05rSUVyRE5zRzJ6SlRvcVRCcmM2R2lxcDlSNkd4dGR5cEFhKzkwVk1NL3duMHBKVURvTVN1NHV1aHNBTVgvRktFek9FVWJheEw2bzV5OXd5RDRZUHk0ZTlIcXlxY1BBZE9SZEVta2x3YkFHUGd4azk3Q01BbmdJMTYwMjZLVC90SVpMWERYay9uZEpHME1BUjBQeTErdkdCcTJnWmE5Nm1NMnJDOHpnQ0JrQWREMGZacDNCejVzOTcxTXFRVTZCM3NMRENySndabEQ1NHd1RzEydkRvejBMYlYwVzc2bFRiREZDWU1NZHJjR1lrQno5dFBZUDBEanZpK2dicXJGbUw3TkwyNFJ0YldKMUNrc0VVbkc4UG9Ma29IOFk0dVVFQ1NsRXZoS3VmdnNUY0ZGV2Q3RERuVnA2SjlRN1FjMVdHTmdpc2p6eU9iK2RRZmFvaXBlZy9NemsrNGROc2hoRVozMGZzcjJtRWdNcHdpOEltamR3UDRoeGpybVpZUE5HbGszVlJWelZoNjVkTmk4aFlQa2hOUEFwc3IzOC90REVvM2RvNzdXWE04OXJab3ZEMzlvOFZENk52ejVERDJGTW1HNzNrWjBDUEl4ZGgwOTlURjRYTDVjMys4eVBmbjZtOVZ1SFNNSkpzS3dxOTNvZG5aNlZEaTVMZ1lUSFhkREprd3lqdXpOOEdWZUYxcEZsb2NhYXZQb25DakRvVVBDa2JFeERWN0dCQVJhQ3lCNDdXSFFJWUJDMVpyMlVYR0tLOTFsUXh3d09ZNkFTWDRlVUoxampqSnhuOTA5Zisrak5kQVlJR0JDcEpYQlN0dU12REFLUUU1V2NLOUR1VFVmd3pBRHJhaDhpWEsvSVExUnhjelV1Q2JwUW9ianp1VG5XekUxSURXUzB1b203ZWUyUVdmNUNZak5rZmRSQjVkWjY3eDJxaFBnUmptQXFRdFREaHMyT1dYZXliMVlzaVZLak5UQXR5NW5NSlF2T2h5S0cya2ZQaElVSEJ3MWVDMzgrMVFneXVtSkM5R29UcU9laUZCS09FQldXaVplM3h6dmxHQWpoc3dkeVA4T3J1QWZBSEozeVBLNzdiQnc4WEwzSUt1TWg0Umh5WHlYWm9kZTdWZkNpa0RhTTJIc1FhbktJUS96R09ObUpOVWlOWmdKYVRJSWZnRnRCa2IzRWtPY01vTHlZdWd3MXdLb29KU3hKS1lYRmd4SG1LWmg4aFBnZTRRelp3eUJrRWtYMzVVVlZSR3E5YlNkNmRteEh3SHpreFhtcTZUYm83aXdjcWJ5QTFMRlo0Zld5c0FSK0p5UWN4MHdzVklOTW9mRTlmQ1F2MG1SbTJGditBeWFoR05mTjNaKzIxUGE3cEVSTGMybzd2am1qckx6R1FuM3V4TUMrYTdHb29nY2U1WCtReWV3aFFGRXJTa29kTDQxVmZHL2hEdFBUc0sxMHZQbjRMTlV3ZTB6TWVXMEplZGxXUXRPV2JWVm45NEZTK3Nza2U2cm5kb1hiRURGN3AvcW5Yc0QvL2Q1K3FKczRqaXRiUjRLMEpuNko1TmYwTitZb1NZRW43RGErZVlpYW5KeUkwcnhQcUdwSE9aVnN0TVI0cmUvVnpselI2SU90TEJ4aDlWYXUzQ1lCV21ZN2twUE9PZmxBaVF5TEkzNklaUFR0YXlvY3M3cFhXNUZuNW5pS2VLZUpDZW9zUW93ZmxyWkVrKzMzd2FleldJN2REOVBnc0RHVmV0SzQ0dnhWdGxTSzNoWFpMUlRIeWxFZVhndThKYjFqdEZqQ2NFYjd2Nkg4R2Z3cldYanZuQ0xqcytEd2VaQzV1eEdlMVN2dW5NV2lLeGJlODc3Yk4wZzlqL3c1L0o4M1dBS1dqbzZWUFZubW1nc1psZHdST1U1czBxS2pYWVh3aHZUbFI2V2twOFNFRTJOQ2pGN3VDRHpzbkxaUGMvV1J4VlZtYXlCQWpOdU1HMEYySVUzL2loTzdzUkRjcWdpN2I5V3lZYzM3Uy9xa1RmTU9SeWY4dGRhb3FEMmFFU3l3emJZTndXQXArbGc2VmVjSDN3WllFeXJ2Y285NEVoQWg4NHdsOG1EbCtIVHhyd1NoQ2tKVVRZbExWUkk3UjgwdDE0N1dabjRtK05IWE5ZTjRTZGozZ3lLdWhHMTBUWUZKTlJLQUszOURlOWFwRDBoSklyN2E2R3RlVVB1WENBMXZ1S0doVXJzOHV2cEs0Smh0akprZUhaN2NuQlIxQzAxamZJbnFsVW02MTRoV2tkTFlwc1h3Sjd5R2hIbm1qYUVkc3c5L2dBa0I3c0t6aWZ1amdmN0VrZ052UXBZOHVDRVlSVHloemsyd2VZZXFSZ0NqNEFZVU1sTmcxVWZMcUh3eWpTcGF0VGlyRVlRZUVKemNnZndFSnZMS2o0ZnBPZ0VDWlo5aS95ekxMM0QzZTlFbTV4R2xqREMrYzdhWWl3T3FVNGxmVzJza2c2WG9qbXhXUVZlUHRnZ0hsMTV2ZGkwWWt1a0xNYkFrN2UvZVNwelNWMU1iQVM1SEV4N0YwejBsS0NVU1poZHNLZDFoWkIvbFo4TUdHdzJ5MTVObWF0ZHIrdGpXT242Z29yM3FxUnFlQmdQUkwvMDFXd2dObXdJeE5ZVDRLa0xwVHppMUdnbUNBNTZ4N3ZNNFpienJseDNHcE9nc0RvVmRKeW4vWUh1bElQelhieERlRFR2OHRIcWFkaFFmZXkwb2IrZFp5VW9qTmdibzhHblZwUmpqNjVzdHdEcm5DYnpUZGlDTDFiQkIvZkUveE9lU3VnM1pNVzVpY0VJNENTTXhZMVpKUVZQOVppZzBrV0hrYk11b292ZXIvUTNkVFVOWVpVVU5QdmhQc3pJMU11Q0JyQzRIOVViUUxDekZYcmFFTWdQN1hOdk42c2hXTHd6a2JqUGNQa2hDVC8xNzg4L25XUzlJRTR3OXhIZXJkOUJSSGI5R21mejM3YWdVV1JYNWRwT3R3RWxrMkxtWkxLNUNRdnhOK0ZhL2pOSlI1SktaZ3ZTT1JNOEVXV3o1TG9SOE9nTFM2MGFYU2ZueVA2Skh6eUxiMzIzditlUFZrWHl0b0dCU3BNM0I5Ylltek10dk0xQ0hGakc5QXpmS3U2T3RZcTV2NVFlZ2tOUUJ4eHh5TlVHMjV3cVVZNlVYL2dHZG9YTGlWYzZKNVUyZjBicWsrWGxLSGNUd3I1ZERtM203Z01OQVBmQVRiQjlQb2RsaUg5TExSZ21wOGEreDNCdmVjd0IyVHZCQmVxMDZwM1gwa3ljbWNOLzR2SW5WZ3k2R2ZsTUJIN2hjRXdpYjdhTmsrWXgzaTIwR3dRLzN4eFVkY0h1RjJRdW9STWpJMkVQUzFybDJCRG5ocmZCaXZhekZvdGRqQVZKY3BtTEZTNU1ZNktKM2lsT3lKRnoxMy9GV2ttMDdSajFhcU5mNVBzaWN1bjJ5emNEemZ0MG93MnF3ejRETkoxM1JmaFR1amhwRTVCa2ZnUHF2V2FsM1ZqWmNtMHBkazREV28yaWg4MmFxRU5FUmJydFZMMUJzRzVEKzBCQ0pVaEhHSi9ZT3NUUEZBYXJhcWZhZVQ2blpqS3pvVVI4SlE1SzFtanpyRWVCelpEaXA4UHFYOU5xREFtV29MK0svZmhuQzN2dHl5SjBCQW5nU1lhM2E4QkxiQlJtelhORVh5VEhHWnBETSs1UzFoWGVIYmtYT2FBNEpENHhabW1ERUZtUk5iRXJnQzVTeEFrTk1TL2ZLKzkzSDRJdVpDeVBCeEVKUmd0Y1hWQW5ZS3V0eDZCZm01UUN2bFk4Y3RrV3JkL3Q5aHVjTjlWdEZMRjEwWDcwSUFISjQ5T3VNY3habFZtbS9nVFhLaUt4VmUwZ1JOVE5Mb2JuZHcyRXgxam13dGlNRzc3OU10SVNBQXp1UjV1RzNzUzdYZUhqUDRESTMyZ3N3b1k3cXZKR3B5cDd5MXJiVmhSbytGeGpwOVBaSjA0aGxHdEdPb2NMdk9SUHpJbmNGNkQ0NXJPT0VFSzkzQThUejJHUFpSZjJDTDVnU29abm9tc0lWajF5TGVUNWFWcHJ4M3RLa1h6ZE0xUGRtVW1OV3NrSmRDSzNONzhJT1FTU1ZYdUZjQVRua1BvVVpSRlUrYkRhUUYzYmVNZ2RhQVdLckNOekYxUGZrZ0JQcW5UY00rbHRFL2o0U3ZsclJvdUpZTks0STlDSGJBWjlJUHEwZ1RWbnNvZDRqVHE2RXhzTlR1S2Z2S1EyWHhMYjA1UGtxcnBCN3hnT2E4RDJaRVFQbTRWN1cxcG9mWjV5MXFBLzhrY3pPTWF1bVdzQW54c3hPS0MwSFFUK0Fuc0tvMVN0Vm1PSHQxZzJOZE9IbXMyVVFsOGVxNHQrdDh3c2JzS2syTjNiOHdkbmlFWEZ1NGs5SmYzYmsveUxIVXJVaGc3WG5MbW8vamlJS3dpMnFxaWlpOVpuK0RVSWtCd2ZLMjVlczhsc3J3UDRlVVFTTm1uczNsSWovSDkyQlJ0UXZadjBNS1dvVWVHaE92eW1FVE0zLzIxOFJlSkZSTkJhdEJkdTZ2b3FtRFd5MVhadksyNlhTaHora3RSS281Njd2UXVRT1Y3UTZHNE9heSsySDZCWFV3UE9Zd2p4MHNtVWFhT05Zc1Z5K2hpMmlEcllRUVpqb0V2WEpFVlpLTEJLT0swcHh5Ny9TMWxiRks0d25vaE5IWWQ5ZHFib0oyZjJIek5GNmJjYTFRd1JrcGFGekJmbWtxdGJTYXNLVFJLbzZiMGFEdk1NNkMyN1NyU2M3MjRxcmkrb1ZYUFZEVmNmaHFnUjlLNGRWbXhhdzlXTGZoYlVkNmRsOUl4aHFwWjIwdkhxTmxscnFuNkZlaW9udkgzNjMrVWNIbzRXTlVzRjlFWEdxMmViR243NUhNVzRhRTZMWDViSHYwak5NMnhIaVhzb3dBK2lETHhhdjA2QVppWWh6ZTJvN3lxZnNSZWxSWGRMTjZPalFKVGdiRnAwZDlnZHNCaDRuQ1VhOHkrNVhCdU5TM2J3NHNuV0ZreEhSUmxlcWI0QUc4M2xWQzB6YlduLzd4bWhmR09HNE1qN2ljZml6Rm9Yc2dCWVhGRXlVWTg3eUJ0dHdMTUpVc1oxM2ZNYzkwNXNZTjcyTS9QdmVGNEFpbWEvbGNQSVZsZS9hWVA4NkVyMFk2ck4zSXpwanFjaXVVblRLWlpUekV6TGU1L09YUzA1eEZRdVhBRXF0SWt1a2c2YmVpdzZ5cWJtVEwxWjNyd3Ixb0hBU2lGTEF6UjVqZXhBdDdIMnczMXlwWFhVY1dtM1lDVlQ2bXBSZ2lHZTRMaHdTQXBrWHYvQmxNVEszNEZsRmNCWWYrd01URlJZQ3E4OGZLYkFSTDY0bldNYkU2alIwRzFJMSt3NGp5cnh6NnZpd2ZBSEVEdHRyRE5RMkhRS2t2V2h3NjMvZmtjSHBuUWNIbEZ2NEMxa1NQQkNVNFhLN2drK2Y3QnpNYmJwTkMvaExHZjh1MDhnSnl5TjF5Wkh4aHVzdlRnSUNBZ0lDQWdPRWZlbzcxTWFQdllBRHpFbkFMRXM2Mks3dW1FdllhTmN3MlJ4WUQ1VkJuNStQRGZmenVPaCtwa0txNXNpQ05qb1lIWEtpRktSTldBUzhGaHdpWFE4WEF2ZllTUWsvaUZ3ZUJIcmYwS3NkTTdwWEdXL3ErNldjMDN2dXBxeUg5LzBFbjZZb3ptcXc3OHZJdGs2MEtTcDlmc3VzTXIycnpDVm41RjdxR1hCRG1TcDdueTJFSFJ1VVFxS011NXVHa0xSUGg2Q0k0K2RYM2JqVXFOWnVKVHFYcU9YT25EcTZkSlpwSWhGQmdrUVZPa3hpa3VLVTZId0JrSGxhQWtJbk1kZVBpblZNS0crZDNqZnhUKzVlWkpBYXdPTkQ5RHQ0MktKWXNLdzZ1UHg1TTNUSzFybkEyZ0VMY2Y4amFPdExEeSt5amJYeG84S1Jqd0lSUi9xc0FvbElwYk1HRWhrQlAwcVh4VldRdkF1aEpQTEp0T1d3akxrMlpGZHJKRDVlNnhpWUxWMTZ6Vnp2bWI3MTd3YjVkdGdKNVNvcGQxRHdJVm1rUElUa0I0dGQ5dGJUVHpMNlViNlpra0h1MmtnM3NIajlFMUhmcm1lcTdOK3YvVWVvSyt3ZnNOeWdtWTlZUlNYYm53QzdNQkVlZngzSklsWFc2VnZEWmthczU4UTc3NTkzZDdhemU5aXZ3KytITi9mZnFVZmg5cXZlbkRlKzI2MVcyZ0x2YnZOc2Y4UGZ5NzZqWGZhSDhQclUzblErMG05OU96cVlBOFJBNDhydnd5dGJNZ0M5N0xzbUhrWVVCMVJRYWl4RTNWMGNDY3pSdi9rVmtSVitmeEE4WHdsVU5XeGNPTnRwSFJHZzliNjZlYmxNNzJsWG42ZXI5Q3NLN0NldTBvR2JHSldtY04wQWo0MGlLaW9NSHZkb0JvbE4rTGNUVEVMclFycVAzMTZnZkNJb3JMcm05WmZ1U1pTdElPeDhNWCsvRmh6SURFUlAwNHdVNVhjcXBLN2Y1U3liM1VmS3ZQQU5zNy81RVBiakVLRjJXSEJuZHUxbVdaU0RQdlBCakp0NHNIRitsVGNnNVFhUFhPa3dUcy9vaEdpejd6RzFETVRRUks0WmlhRXJXaWdSWC94WmYxZTFEUklINkwrWW1xcEhMR1ZwZ05naE4wa3NqQUQvbUZKMDlMRHBUV0draW1GN2svTVhKME5JVi9JdFkrQmdwVjBlL2piQWo5S0l6MmorbG1JSEMvaFQxckJQRWUvRXl4Z1V2UXdzYk0zMjhLeSs4YkluT2ZTQ2FnZGdiOVVpR2pxVmoxOHRmRzFsTmx4VHdUcWdLclIwNGlXUnh5b3V4NUhVNEt4VUFWWTJxMWZ2NWtaWGhxeFl1WmNRV0VrMHhrV0RQc1g2cStDYVFEQTVyK0ZuRXg3T21QMFphTStvSkVWNHNlUElPa0svM3pkNmFDOE5PZWYzb1hmUHJTa0I4VXZYOHJpWDV3QVhnVzQ4dGlJSmxkUjMydGdGSE9Nd0VsOEJlM3hqSmtSa2RsZEhZS3lHZzJ5YkpQaFAyVXpXQ3VTdHJ2REpwS3hnaW5qZWZIdDFCaVlVUElGZWhMbGZsQ28zeDV2TEh4MCtDNzZKb0xvZzQ5VG8razdSaG91RU1EU21USWRrZzduT0dDb0pZbURHeGExR0l4eXdtZGpIT0w5cVB6eXJCK01kUlBKS0hkTkp1TlNJMlRqL1RTcUp1Y3VmUGp0UTg0OEM4Y3czSzU5NSt3bkV3VVZPeXBoVUlDMVFzT0FVRGpiMzEzNVc1Z3Z5S0VNL2tZTEpwSmsxd0E1ODcxNDE3Zy94UmwveTJzT1paS01jbkJHOEYvMnd1NUJoTGMwK2IzMml0SDl2OHFOUXdjS3c4ZUdqY1c0endMd3FlcjdMTUsvaC9STlhua3VMUFhRS0U4T3pxSFhIcmhWYkpWZlFTUjVaaEIvcmdOYlEraTZXS0FTSWNmc2MvekdwM28yUmJKc3dBOFR1dElNSmNPTHMyV2gzOERIRzBUNmUvWkVOVHJqZklqeDFTem8zalhRMjBjY1MwTzdLWitOeTJ1VnU0Vk4xZ0ZqdWlKRlpFUksvMHZNbGRyaDZGSXIxakcyQ1pnL1ZMWGltZGpyQlRXU3BFdkpxOTBxL0FaOEx1bnFueDNrZ0Uva3Zua21WV2VsR1lmU0JWaENYVjE5RG5qYjdlVk42dzYvdDdpWmJRbzVvWU5OZkU0bjlWN2s2TGs0Z2phdkJ2MWpXZkQ3UHF3M09sMFBySEZ4SFpXZlpFb2lxTUI1a1VERDhsZUVFbTM3VjBmRDRjZEk1MXBoaWgxMTNVa2FKZjNRb21qNFVUb212QkFOUW9WelF0M3gyV1MrUFZOMUJ0Q0xpMFEra1NkTWZYM0pGNDZ1eC9ZUEFDZGozMmpkb09XYTBvWWZrUklRcTlDbHNSL2FEcFJTUFo3RFNnNjMyTWg4WDFudmZFQUhlOEoydm1JbVUrUHJNYlhGc200RXA3VWwrNmhBYVVuZlhINGg0cnFxTDdkYm9ZWmVyNUZ5Vmlma0hWOEYxdlJvZ3ZXdDlwOERGZmJpeTZCajd0OE16OGNSTWtNV0ZkZHJuWjJRT3IyQ1ZHdFpGaTY4QWxRN25kTmVGZSt3RDVWWTU1QUEzdTBpSTFCSTdFckdzUHZxN0t2MkNFMkZ3WUx3akE2dG5XT3FKRjFxUEYrdktBT2NyMFh4bUlOdUxkSGw5c29FcEJpWUJ3RnlRdlJqRWlWMzZrd3JWSnpCUzRLTkVqeEQ4OTZSNVVYbDNhOVcyOC9OWXJybEFyd1RjemtrU3RNTHd1WkhoNVJQUWE3NDlwNmh5YWJGWEZzS3lFUUhlQTVqSCttQVgzM3FDcm5aVEprQnZrNGd0c1pRVXhSbG14dHJpWDlkRmRGYTdMY3FGVG1tM2JPTFY2Y3lDTWlISnFyYTNoV1pDREZQOStxdTZMYStXOW00azNxbmNRQlhzRit6eG1IeC8xbmxJQlRKSmRnUkw4bkVxZWt6N1hodUVXb0cvb0Urbjd2bUQrb015NGFqM2lxS1gvRkJNVFVUekxhUXpjYjlEbXhMbUxVOGZua1VzeEhVcDlxbml5THpTV1FPb1VxN3JUOHByTnlHNTNwUHdPdVNqMlc2T0tVZW9SMmd1WlNNN2pqQ0FMS3gxdkF1ckdieTdjWER2VEUvOWlmdTVSZDI1NC9yY3pmTDVyMk9CbmwvM1hjRTc0NFVTN0UzbjNtNXZCa0Q2aVBIUXFTR2Y1Ui9qSzB2YkhPUnpmK1dhRzBMd2tnSjhNVitVZ0FYRC9SUGZIRzU1Nld6K2NJVXBEYkNkUUQvRUZpWHV3V0dUNVErazZQZzU0Z2NHZGZCL3J0d0pWZUJHa2dtWVkrR21CdGg1WWhlS3pNRUt3QjEzeTlLdGl2dldhNW9Hek1CZkZ3bDlxM2ZWUHZuWXNzMUFwTExiT0czTXVwWWhhRlZzTERGeFAxZkFDcFA4UDZ4aFVtcGI0dHpRcU9ockdNdmo5Y1Q0ZUdnUVB3by9pOVRNTXUvRnpHazUxdEY2eXdOSVNidDVVUVJGeTFWcFpYTkI1Nk9QQkV0ZHdYQldCUHlQakptaWtCdDBrL2xzWHFsQzZCRFZWQ2E3d3NwVVZza2hrMkxGZGswQzk5SzZBQTlQRHJDdDlTS1BaelYxa0MyYnFMT01nQlZlNW1qaFJSTVVHR2pFQ1FXQnRub1loVzRIN1dzTEVOalo2Q1ZQUE81NFhDREdnQXBMK1lHem9kdHh0TGxhbm1OMmkyRFVuQktXd3pkUGl4OUtYQWlhQ3BqT0p2elJETG4xd3ZIM243WkduSWtMNUFycnE5cnA1cmx1UFB2Q1hZRVZhaGo3WmUwUmVzUk5zbVNHYjQzZTJvNk1OM3owRkNWbm5hbkMzWWRXRlVDaUVMRVMyUU5KYUx3c29WRkJZSFpsMHV6RUZRcjV5akVXRHA1b2V1MjhaU2FHRmJwYjUvbDVpeG52QXZVQTczUGtoRlczR2J6S1hEYjg0RkxDdm5KTUVIQ1I5ZVBjdmI4eVpKQkthRitrQU1QODhadW9ybW9BdVd5L2NCNkViWGoyU044OEYwR0t4ekhRSUp2SXBmN1E5TFVScU5PZDJrSDNEVVhid0cwRGZsaktRWFFlYmtMNHF2SlN5OVN5SG1OQ0dvc2IvZmNiWUdMTmFuV0pCOW56WmxYbkJxVlRzNWV3S3BiRy9meDZTSEZVQnluUWtLTkNYWDdnTm5aclpZaXMyTWRLRWd1MCtaU2N6V1lEZDRnTG0vWnVja1hHTWtMVDRaMysrOXliMW96WVNiNnNCa3FzOE5rVzRpK0xNelRLYWRRVHZ5QkUxUC81UnNiMklwV0cxTW95TG1vTCtHbFBKaW9uSTA4MStZSkRPZUozYzdCdW1WcWw4QTNIYmUrL0xyYldZdldGcW53a1ZuOEZ3YTdrU2d2YmNOZjkySFFXbTY5b1hOM0VHOE9oRTl2NjY2MnRyaUdzSHdEM1ZudHVCcjZrc0VJNy9Fbm9MeXNkR0t1RzcwY3FyczkyYU9OSEgwQ1dZY3A3S21RSkVNZ0tUeWN1YlhSSzRWMzR0UlVXR3JKNC9SSk1OVzFwZjdyVnprZC92Vnl6U0dBZDBUK1pYYk1NZHl6YzlJajNzd08vQzRneUJ6T09VU1kzWThNdlBtNDVIQ2VSOWN0NWVXMzUreXp5WUhZUzlPTjV2VDdrcnhGdnNXeUlYWS9wMDhGckZYcW5YWGZ6TXJwY0FMSkN5ZlpvRmQ2YkpCVVcrczJ1T0kzS3VaUHVzZkJ3S2pOS21ULzVUOTNsYksxUzRhQ0pCbE10UFlMQUU4ZzI5SllmRER2TURuNjBiZnJWaGhmeHg2ZkE2dy9XQ2U5ZjdZTzNFd3cwK1gxSHd3K2R1QUNZV1Awcy8wTjFERnZnRmM2ZGVkZDQ2VUVpU2xsdlVKUTE5bzJnWkVQMWpjTXhHekovOFBRSXRBWTdTQ0trcTNHVDRuelJuT2wrWGdyTTBYMmpSRXNtWjFBYzh3OTFGVUs3VWdaS1lzdjJZMnNoQ1l3NXFYenIrK3kyOHRyNjZaeTB1elo5ZGFSajA3MVd1b0c2Qk56dDFpOThZbjhZZkF4clBxOGErTmVhU0MvRGJiMDNCMzZhelBWcUNPR3BGeTludmxNcUViU0hRR2VtRFZOakJjSklIODBjOFU3SHFVdXA0NHB2SzhDWmdjRWo4MWFGZ3o4Wm00NGJBUUtuM2VYY0E5MGZpbmRNS05LU1gvMTZlV1pTbXRhQktNejZIWmxEUDFuaGpzOCtNUk9QUUliUmE3Ump4cFdxY3BZL0hncFhXcE5IZzVac1ltYU5Dd1h6WWRGUE1SL3BFNjBiemJGL3NTRGladmZCT0RLZ0lBdW9vN1BVd084TS9RUXpSOE4zeG41dXJBMHRnR1Q4b1ppWElYSnNtQkxzUUkxZGFFZHhWNTJSeG1CajJCNmNpZGhkVUx6N3VjTFVNRHZxby9SNmFZYmIyVmttS3IwZCtkTWFPVmxiYW5EczRFc0l2OFA4dXQwRSsrRzJ1YW5zbUNYMjUvR0tmVERENDN3WHdNN3U1enRjdVY2T0FYME5aTTd1Tk00OGpjOGVOaDd4eFNKYUd4WDlKMWdQenBTWjFuRlZJS1NhVkZyejU1YlBNNUpLd2hjR1Zrdjgzdjd6QmxwbGhDRUJpNkNhYVNRVkZNelBwWGhYUnpSSEVXTTczTXBZcjR1dE1aOGtONE9aem9PbVVtbENrRTE3a2JqSVBsUlNBMjRKenlER1RuVWRGTkJxRU1DSlI4ekhXSjhYOHlwVnFaTk9iWHNMR2c4VEtIRTFxUS9HNUVxK0hqaC9GendMZmVzMzBrTFJZaVJEbVpwZmlQbWF6YTJ6T2lEZE1MZWdUQW1Pa3h6b2I4Wis5Ry94UnFoTHpkKzJWVkdjUWZIaC9TZkVySXdoQ00rVURacUE3OEgvU0YwMzQ3cksvam5pWE5TTXE4S0RZQVQ2bDdIbU03QzB6NkdpcDBJeWFzL3ZiN3JGUHdsZmdpQ1Rhd1Z6Wk1Ja2hFV1hGcDdKM3Q2TFYvM2xLVTNXRnFWQm55eFlYVGJZMnd1dk45QnhjUTMzR3hsSkI2YWZIdmlPR2lMczNPaDJNUVlrWm42dHZPK2dteXlXanlJSlZVcFZoRit0OGdFTndPbzQ0c01WeHd4QkRxc0FJMkJCWlFSSUYvS1Z5dVpYRkU5Rk9ETUlXY1QwRHp6Q1VIaFlsUkliUXVGZHhVMStlNi9NUWJPUlVpeTY3azYwWm13WXNSREdRbVRQZktydHpXMGVyck04amFKZXFhUlVpdXZRZ1dqS2xBZ2wra055eEtaVDZRa2hIQ0xncGdxSWVsMUVQZFNXRXIreUdSbVQ2aG5TaS9JT0JrL1Z1WUdyUUZrT2FwL2RWUmx4Y2R0aTZCSXhvTGUzMU1UZVBXK3cwZGx5dzNScEU2b2hoYi9aY1JnSUpPM0l3VSt0WVd1T1pIRVQ1NUJVZmhCMTkzYXBwS2FtVE13RDdndXZkV0pZdG9tYVllVXlHRE00NGxuZERhQ1ZHYmVZVU9VWUdyNXV1U3RSSzBqQ3M0NEVXY0FibU96Tm91dVpiU0drNGtFbm1PSWRhM1ExQitpbU1HVjJhaHpDTTBaTEdRdW1CYXN6MWdVOXYxTHpNZjVadDdvUXlsaS9WcnRkSis2OWlobXJZOUtmdTVXcmJ3Nk04Y0JBY01HN2VGVTVaeEErVkxoUnVMbEQ4OWtIdU1GMGtBckhkUU5kK3dJR3RPNmVsV3BscU9rSHJsejNzcGJ1M2M5TkhvQ2RMdHovYUl6ZytKT3d1d0MzVW80TlhUVFFFaWtZRlFyWDFxSkRqa3FoRFY1N25PQ0kwNXZWUTV2Zk9jdGVJMlVtNlpBNEJ2NmtpMXNPNzlNdHRDa3NNMThHQWlSR2JBbHdjVS8xRDdXQmdXV2tSMmhobExpMkpsVHRQZ0hMcXNzdWdqUzB0eWVDaHk1S2Y4aHhLeVcyUFhZajJjWjFmV1U3MlV2WWJtOVF2QW9qWDY2QWlXQ2w3UDdZaDJCbUlsUmNrRHRBOCtSRlBybWFydWMyNHBTL2swU1lxd3NXQ1V1eHV4LzcvTGJaT1Uwc3kzVlNNRytHQTNtV1NUUytwYjNhWG5rYlFXVWs0djBndDZyMGt3OERIdHpBWndVYXhGNmpXb0FHL08yUXk1emNGU0NGRlg2TWN6UnpRcDRzbHlEV0pvbXdTS05SdlVqM053R0lmLzArUkNndjA2d1plQXFGTUlsd1RLTDh0c25RRUlNVnFrTVltODh5dW1WRUtuTnBVeC9vaUFndUU1Ylg0VEJXTTdoNTdVMWJhQ0JKdmhyMXRMUGpORWdlT0pjMkliY3FMNDVvMzZuMGRQQkY4L016aXhKelVwdkwwNjB1bldrVWEwVG1sZkIydUEvbVZNa29JOVpLL3lOUUI2cDVMUHRRM1Z0aXV4SmtSSE9EZ0srajI0MDZJbzhFWGYzR0NPbWJXbXRzUUxZa2krQkJNNldEY0RkZVhwWVhnZldlYTZ6T1UxbCtram9tSXM1Z2RuMkc4V2lZeXA0TmpJR1ppc0dwNGMxUjMxOTFjMFI5UnFOcDVVK0dwSGhtbE1FVkgzcklBb0lkN2Q4MUhrdGM1NGRQa1JqSmRUU1Z2RTJBSThtVmZlRmZVY1oxTmlkR1RXcktlSHprZGFyS0ZET3JtUmFtbnJxQkxVL2hzVHd2QzR4UWd1T3VQVkVTZ3RNM2RFbWdYL2JJMlBLMzBYbEJGV0kralFwQlpqb1VUYmhoQ2N0c1JKeXpydXpPa2hQNTRvdU5wZGZEaTI3VEJmVlorL2F4UGsrbEJ3d0I5SUltbDA4R1ZIQWVFZ0pPb3dYNlAxeWdZUmxiUnpSKzRYSk9qNDBKQ1JEejRqcElid0xMRlF4d2dKYzVhSXdrQTRKdklkcmNhQ0Z5Mko4RjgrTWlWM3hmV0IwMDhlVGdma1ZKMWFQaUZLU0tMU0R6L2NXN2puemtaSUlvQjFVR1JEaTY4aWVibDJpczNZTlV3ekVTOFkyaERZZTgrR3dtY2xnN3lQTzZ1Z21kVzRYSU16TG9URnNCZit0NzE4c1ZXTnJTV2ladzBWMEd6UGpmeVcxRDRrWlN3eWlaZ0hsVkhncnF0T0F0cnl0c2pwaTVxYXVHM1JrdHNLR0dFNkpFbGxPQVRmQ2FXZkNZMWVDMmQrNE4xcEhwRjRtYk8zODFVeHZHVzRkcUFIRWlrTTR3dTNWdHhZdGpXUFJhWk9FamZsUXNrMmNjemdjVlJscUxSTWVKTS9NUVMzMzdObjg0ZitMTjRWeUFTdmFxOEdBT1dTQlNYYkZiU09DMUREaWY4VUpkR2NBb05tVVhXd1NySnVaaTZxOTJmYzhaazh0YjBDTVBUVVUvWm9mMzlZc3RhZ3dTaDIxVFA4UFFRKzNCdDFoUmo4VDhORVlZZWFkdU1VdTl3Ym1BSkhXVXlaUXBGVy9jajlSektnUVFXY21jZUFNVE1pelRSSzR0TzlCdDhYVjhHbDU5UFFIL2R6RUl1QTJJWjRZT3MyWFVTbFBEWUdySDRWbGRCL3p4citpY0JMN1FZMDdaRDJZSUZLN3dYM2tqSHVONWJUYkFPMS9wcnhMakJtQWNMV285WjhtNFpQMVNtamdkOU1KakZSa3RBdjYzN2c5bXVac3krN1RzV3RjWnlzakU1aFNqMnM1SEV4QitveDJKYk1GUHJXUHJ4L3NjZ0pjZzhETFcxSVBvcVQ2a3hVWVdFNGFndStEZHgxb1hGWXZwQ1B1MWVvMUc3b2JRbkNlOThoZlYvRTAzRzhURGxKV1h3elBkT0d3ZXN1NEN3aWRPaWFKemdGUnpBQ2Jub3NDcVdYUkY2eXQyTHhKN0ZNZ2JHRVJicXYydWFsUnJKekNqWVdqdFUvUlU3Wlg5TFd3MTJkVmY3NHZIQUJWTkxQV2FiYzNROEdPNWUrYmJMSFhWUmYyZi9ZcTBBeUJzWGUwR0xZMmFuREZsQ283S05PRWxqZ3NUdUw0YmhzUSt5K2VYZ1hxbmsrY0IvSlNBc0E1MlRTcnJ1ekJvN2NIU0s2NFFaYVM3SXBXSEEzbVpLM081a3ZpeTRSQklReGR1SWVoUVJlb09aaSsxQ1haeWV2L0NJM1hjQU03QVFxSkoydmZNS0RYNXFYS2tNUHl2WEpSdzJ3TVVnSk5nVTVCblIzSVFPajUyZWhUU0VoKzJTaFE1MVZuaEloS1pOWXY5TVZVNmhMY05Td0MyaTFMMmNKSWJjTHNsa1BKNXh3UGxmbW9XUGRCSHk5dXFZVy9xK0RlM0RlV1kxdzNveXZDdzhlNHY3VzFTUDRYRDBOenhoTUdYbDY1dlBYZGFzdnlzR0hnSGZzeUNGazYzdVZlNHlrWFZ4dC95dzNUNUo2RHgweE4xUTRMZVhyYlBEVVYrbXBObTJoRnAxMS9rVkRjd25VWXp2VlBsb0lTdnJKSWJtTGxhT0hiZG85VEN1dWtjdlo4blUzUkN5ZmpRci8xSHRybDRXb0ZDWHBqamk0U0JpVEV2WmtZNHFPbVFMRHVrWHpMd29SZ1UzTGNBNHF2cWdBK0pVdUZHZkxpOFU3WTNic1FWS0NGdHRySFRLOFI4aVBYNmpYeWtrclFsallTa0FRN1o4bndCRXN3enZZY1ZpSWcxb2NxZzRyVVhxYkI5RTdFdStudytYdCswdVc2U1VDcmRDSllaVzU2M2g4Z0trSldxU1Y4WkZMOTlzTVI2UG9rU1NMVzZqZTNsYTdiSXNtSU1vc1YyaTJ2THZsR09aQWpvRk8xZGEvZEZsQUR1TkJzQ1k4cWxYV2c0YVRaYWk4T0wwL2tSTXIxZ3FjTW0rQkFlTkhBLzcwVXUyNEpYNlptYlAvSmQ5RnBLL1ZVZnJaNUxSTkdsdXp1dDRjbVFEdmpGMENtUVJTc1c3WnFRWlVRZGgzTFZJcDE3OThVbkp5ZTZSdjIvRFdXbGsxZ21BNVBCY0Zremw0eXhjbDVYUXM2OFh0ZDJIcDcvYlZaN2o2U3NVSUFkaVZsc0lId1hyTE1tS2YvMzJ1alhETnl1M2xGSEpnSTdmNW1RZlVOd0hNUmpCODlIblJoMmplTmU2YnNabytLamVnc29FbnROckZhRmtvSFlURFdRVHhnM3hpZWNKWDd4aVdmUUc5QWVRTzdFK3JpZE83dFExbWNWeG5Ock82OUd6eGFNMTZtQSswdE9GdmdzMXZqdXh3ZVI5S3V6elVtczM5NWwvRWdtZU12NUtMUEw1ZzZzS0VUVEkyRjcxQVdseFQwdnFyMlE1enZtVUp0MEhSSFpJSnRIZjRFdVd4Q3A1aVZKcGpDSXVrU1dLaG5JL2FhNWEydUxpbmx3aWFSUXpGcXNKVS9oOW5pQ3pGL2xZbEl3eGpkUFlKOVAyS1hBOWNrMzJCVStkdEdUSkJ2M3dpWXFRUXNvTzJPTXVMMkdMSVJvR2tLZTBaREd2ZnBsYVRhcFM2RFNHaHlqa0YwS3RaRUlnQ3NLbjdyZW1oUVJIS1lVUkgvbDA2MzhRYmlnbFRrVDBoSzdPWTl3R1ZJQU54UVNya3ZBbC9BWmI5TkN1NUw1eE9ldlNoR3YxdDZKVHV0a04yZXlrTWwzRldRREl5WUNPQWhpTS9EZ2lwM0NWSHBtQUMzV3VWWjFDTnBYU21Id3dqODFaejdzVjk4aHdHMU4wZ0Z2WEZZcFVmck9mUzNwV01yNEJ2YUpCWmRTVDlKZVllR0twaWwrTms5dW0vdlJNMjdzMWFHbEh4cFhRUWpRbVltbk1PcTNiTmZvazl3Y3B4V0pvdXlvNTBncUtKZXkrSEQwOWpleG52VFM4T24xT1VTUzYxM0p2VjJvemJLOTVJRytoOGlPZzZJcGk5T2syckpzenJscEplU3FxbEpJM3B4Z2NRcFYyZ1RFL1F0Y1k3MDlyaU51UlZieTdKOEtVNC9MUWsvd1VMNDJ2R0gySzJVTGgzTUtNU3F2N1RoSmFmdmc2Q3N1cWZBeEhRN2YweUJMRk8wdU1zaU4zUTdnT3Z0RHA0eHNhUkpGWTRWYWdVQUZ6cHY4T0hJdFcyNUppcG5KQXM2R3NaOHd1WTk5V0hrQkMxR1hYRXE4cUcweTZZb2tFMEZGRlIvNTErUHQvUkRpWFAxWHRlQnA4NUNoeXVsdzEyVVp1Skx2R0RhcGJlamhFcXlFNXNJSmwwVnp2SXI5ZWQ3UUFkUkFxNVpHREhCNisxQmNsZDVDNHMxVUVXWlRTd0R5bDZQUXFrbncvVG45UFRMQ0xjeXNQRkVyZDlCSDB0eUFnZmhtTmtJN2pzRURDSys4YmxxbUs1RFhwWDRSOUQxMy8yUUFCQUJvQVFBQUJUUUJBQUE4QkFVMENBQUFBQUFHSUFmOEFBQUlBQ1FJQkFRb0NBQU1BR1ZSb2FYTWdhWE1nYjJZZ1JtbHVaMlZ5SUNneEtRPT08L0JEQj4KICAgICAgICA8U0I-WlhsS05FNVhUV2xQYkhOcFZGVnNTbEpxWkZWUk1FNUNUMVprYmxGWVpFcFJhMFp1VTFWS1ExWkZSazlSYldSeVkxZG9jbUZWWXpWa2VrSkRVVlpHZWxKclJrVlJiR1JPVlZoT00xRXhSbHBTUmxwU1ZWVmtSbVF3Y0V0WmJYQkdWRlV4UW1Jd1pFSk5WbFpHVVRCR00xSkhSWGxTYm14T1ZWaGtNMUV5WkZwU1JscFNWVlZvUlZGVk5YQlphMmhLWlVWU1ZWRlZlRU5hTURWWFVXdEdkbFJWU2toVmJYaHJZV3RzTkZKR1VrSlVSVXB1Vkd4YVExRllUazVSYTJSVFlrZFNjVk5ZYUVWV1JVWk5VVzFrVDFaclNrSlVWVEZEVWpGS2MxcEhjRXBrTUdodldUQTFUbUZyVmpSVVYzQk9aREF4UlZvemFFOWhhMncyVmpKb2FsUnJNWEZUV0dST1ZrVnJNVlJWVW01bFJUVnhVMWh3V0dGclNsaFVWa1o2WkRCT1VsZFZVbGRWVmtaSVVsaGtTMU50U25GU1ZURk9VVmM1U0ZGVVJsWlNWVTVDWkRCU1ZFMXJXalZVVmtZelpEQk9ibGRWVWxkVlZrWkpVa1ZHVDFFeVNrbFRXR2hGVmtWR1RWRnRaRTlXYTBwQ1lqQXhRMUpXY0VOVlZFSldaVVZTVlZGVmVFTmFNRFZYVVd0R2VsUlZTa1pYYTBwU1RVWldORkpHVWtKVVJVcHVWR3hhUTFGVk1VNVJhMVpoVVd4RmQxWllaRzVhTUd4d1ZGVkZkMUl3VGxSalZXUlVVMWRKZWxKR1JrWlJhMFpTVmxWR1FrNUZiRVJTU0dSQ1pESmtibE5WZEVKaU1HeEVVVlpHUkdGSFJsQk5SMmN6VjFoV1ZWTXlkRzVpTVU1TVRXMTRTRll4WjNkU2EzTnlWbFZzZFV3eVVrbGxSM0JaWWpBd00xUnRTblZhYmxseVRWUm9XVTB6V2twUmJGWktZa1pTYTFac1RuRlhWV016VFZSb1JsSXpRbEZQUnpReVZucFZkMDVVVmxCYVZ6VnJUSHBTTTFKWWNHRmhTRkpLVmpCa01FNUZPWFpUZWxKclZWVldUV0Z0VWxsVE1tTjRWMFZTZEUxWFNreGxWa295WW10dmRscHNVbk5VVXpsWFkyeGtWV0ZxYkdsWldFWjRWVmRzVUZaRk5IWldSVkpIVTFkRmVWUjZUakJNTUZKYVlXcFJORlZIV1hsYWJUQXpVV3hOTWxaWWNHRlViVW96VWxoQ1VXVlZaR3hsUkVWNFZrYzVNbGRyU2xSU1JUbEhXbXhhY0ZOclVucE9Wa1Z5VG14dk5GRllRakJoVlRWV1VqTm9RbUZxV2taa1ZFMTRZVmhhYVdOclZtOWlNRTVJVVd0U2RXTlZZM3BPVjNkNVRESTFjbFl5YUZCaVdFWndXV3RaZDJSWGFEWk5hazVSVFRCa1ZWbHNXVE5rUlZWMldrWm9RMUpFYUZsUk1IQjRUak5LVG1SSFJrMWliV1EwWXpKYWJWTXdiSE5UYmsweFRWVk9lbFZWTUhKamJteEZTM3BHYUZZeU1ETlNSWGhVVVZWT05HTkVTalZhTVdoWVdXcFdVazVzUm1oVmVrWm9Xa1JvY2xSc2NFdFdWbHBQWlVjeFQxWnVaRFJTYVRsTlYwTjBWbGx1YUdwT2JrWktZbnBXVGswd2RFZGtSRXBoVjJzeGNXRnNiRTlPVnpWcVkwWndSbEpyZUhSalZWWmhXVlZHTTFKNlJsUmlSVko0V1ZSU2RtSkZlSGxSTUZwRVdXeENhbVJHVW5Sa2JIQXlZekphUkdONlpEUk9iV3MwVlcxck5XRklWalphYmtZMFdtcEthazVyY0cxaGExSktXVEpvVmxwcE9IaFZhemx0WVZoamVtSXdjRU5qZW13eFZsZEtiMDF0TVZGT2JVNXBWR3hvUzJGRmRGcGxWMUp3WVZkTk1sRnFRVFZTTW04MVQxVmFTVTVWTVdwbFJFcExUMWhKZW1OWGFHaFpiVFV3WWpOQk1tSnNVa05hYW1ReFVrUkNXVk42UWpaWGEyUTFWMnBDVTFwWVRuQlZWemcwVGtVMVZWa3hiR3hPZWtwM1l6QmFZV0ZYY0RGVlJVWk9ZVlJHWVZkSVJraGhhMmgyVGpKbk5WWlZiR2hpYkZreVUzcHNSMVpIY0V4aVZXaEdaVmhqZWxZelJrNVNNMmg1VmpOS00xTXpSbWxXUmtaTlUwUmFibUV5TUROa2VtUnpZa1phUTFGV1RuaFdNRVpPV2xaT2NsRnJiSEJaTVVaU1UxaHNWMlZGVlRSVlJteFhUWHBrVEZVeVVsWk5SV00wVW10NE5GUXpWa3BPU0ZVelkyMTBSRTVxVmt4Tk0xcEVUVEJLYW1Ock1VdFBSWGhWVXpOVmRtUnRlRWRTVjFKUVkydDRWV1JHWkZsVmFtaHRaREJrYTJWSGNHeGhSbWcyWTFoa1NsSkZSbEpSVlVwMlRrVm9SMVJWYkVsUk1ERkNZVEJrUWsxV1ZtdFNXR1JTVVRBeFFsRllaRVpWVm14TFYxVnNZVk5WUmxwWmFsSlNXakJXUTFGclJsSlNSVVp1VmpKa1RsSkZNVWhSTVdSRVVqRk9RbEl3WTNKU1ZXeERVa1pHVW1KVlduQlZiRUpxVWpGYU1WWlVSazlVVld4R1drZDRhV0pXV2pWWFZtaFRZa1p3UkZGclVtbFNNbmh6V1cwMVVsb3hSWGxXYm14clVqSjRkRmxXWkU5aFIxSklWbGhrU1ZWV2JFVldiRWwzVkRCS1ExZFZWa2RVV0ZKdFZURmthMUpzV2twT1YwcHhVV3hXZEUweVJUVldhMlIzVGpOT01tRkhNSEpVVlVrMFVqQkZlRlpYVWtwa01VWmFWRlZLYUZGVldrTk5TR3Q2VGxka01VOUdiSFJpVlVwMFYwVndiRk15VW5wV00yaHlWMWhLV0dOWWNFNVJWRkpJVVZSR1ZscEZVak5TVlVsMlpERkdSbEZZWkVwU2FsSkZVVmRTUTFvd05WZFRSazVXVWxWYWNWRldWa05hTW1SNVVXMWtSbEpyU2xKWk1GSkNXakZzU2xNelpGcFJhMHBTVmxWb1FtUXhSak5TUmtaYVUydDBkbGRyYkc5a2JVNVBVVlpHUmxSRlNsSlJWVkp1V2pCc1ExRlZSWHBTUlhjMVRsVjRhbVJGZDNKU1ZXY3dXbFpvTkZJd1JuTlZlbEp2WVhwV1NWbFliRFZqTVZaclZFUlZjazlFUmtOaVIyaERZM2wwV2xReFJrNWlNazVDWlZVeGFtUXlXVEJNTUZwU1lXcFNTV0ZIWkhOVU1rWnVZbGRSZDJWcVpGTmlXRkpzVlVWb1MyUXhSVE5STVVKTVRrWmFNRTlZY0hKVE1qZzFaRzB4Y2s5VVdtOVVhbFp6V2tWM01GbDZSazFpYmtJMFZVWmFXVlZIZDNKVmJGSkdXVlZLYzAxWFpIWmtNazB3WlVkT2VsZEhXakpUTW1oRlRsWmFUMDFYU2tSVlJrazBaRWhDU21OSWEzSlhibWcyVDFab1RHRllSalpTUXpsdVZHdGtSazE2UmtwaFJFSnBVbGN4V2sxV1JuUldiRll6V2xkM2VsZEhOVnBOVldzMFlUQmFNVlJYYkZsV1dIQkxUa2RPZWxGdGVIUmhia0pEUzNwc05WRlhWazFXUjFvd1l6TkZORlJVYXpWbGJteGFZbFpzUjJGSWNGaFpNbXh1VkdwR1JrMHdSbFpWUXpoM1VrUktNRlZHY0ROVVZYQlNWRE5yTlZJd2JIWldhbHBEVkVWS2VsWnRTWHBMTWpBd1RXMVNkV05XV2t4a01WSjJaRlZTUjJWWVJqRk5iR3MxWldwS1JrNVlUa2hTYkhBeFdWTnplRk14VWxkVFJuQXhUVEJOTUZWdVZrSlVSVTVRWlVoQ05FOUdTWFpqTVVwWFVtNUNTMkl6YkVwWmJscERUVlpDZVZGVlpGVmpSazVUVWxaS1YyRldTbFpVV0U1WFltNU9TbFpFVWtaalZHUklUMU4wVEZaV1NsSmpSbXhOV2tkYVMxSkdhREZTYTJnMFZUSXhVVTR6VGxoa2JtZHlVa1U1ZWxsc1dYcFViV1IzVTFkNGRVc3pXbEZaYWtKdVdrUmtiMVF4UmxCak1XUjJaR3RzZUdRd1NrOWhNRlp5VGtVNU5XRXpjREZVUlU1d1lsZEdNbVZVVmtsa1JYQjRXVzFzVGxscE9IcFZWbWhTVDBWV2IwOUViRWxWTUZab1VXMU5kMHd6VWxkT2F6QXlZMWRvVDFWclNuSldWR3hJVFZjNVUyUjZiSE5YYlVwdVlqQnNSbVI2V1RCT01tUkZaV3M1WVZKR1NtbGFXRVp6VGtVNVNrc3hjRkZpUjNBMVQwZHdVbHBGYUZGWGJrcDJaVWhTUldWWE5ESmlSbXN4VVRCb05GVjZaRFpqZWtac1kxZEdiazVXUWxOTlZGcENWakpHVFZKRVdqUmpha0l5VlRKT2RXRllXWGxsV0ZKc1YxVmtkVk5GYkZsT2JXaE5WRVJaZGxkWGFFUmlNWEJvWkZkWk5WSnVhSFZrTVVaT1lWUk9UVmRFVFROaFJHeFZVbTAxWVUwd2JIUk9RM055VkZkYWMxTkZOVlZOUkZKWlltNVNkVTVIU25GWGFtUnVVVzF2ZDAxSVdsaE5WMVl5VFRCV2FGRldjRlZVVkVFeldsUlNjMWt5U1hoVlJWSldZV2s1ZEZsdWJ6UlRhazVXVVZWR01tVnFhSEZqU0VJd1dXNUdWMGxzTUhOSmJVWnpXbmxKTmtsc1NsUk5hbFV5U1dsM2FXUkliSGRKYW05cFUyeGtWVWx1TUM0dWJHZ3lZVEU0ZWxaSVVYaGZWVkpGY25weVYwYzFhV2hVU25ZeE1YZFVUbUl5Y0RKMGIwMWZSRmRJUVd4eVdYTllNV2xHYzJKU1gxTXdXbkIzYmxsa1ZsOVVhVkpCWW14T2JqbFRiekZUUmxOT2FFaEpaVGRLU0dSTVZHZ3RNRzFmWWs4NFVtbE5aaTFRYVZGRWJtdFFhVFJETm5KR2RuVnVZMVpmVTJzMmVqWTNlRkJQZVcxTk9XdERiRGMxV2pKVVF6ZzRibVp5UjI5V1MyVlhTVmh2UkZoRVJtdE9NVVZWTmt0V1VFNU5WbGxKUlRGTk0zSmlkRGxtWnpGMFozaDJZMTl2YTJWdVVXMDRlVm93TTNONVdFeEljbDl6WXpsaFoyTlBOa0ZOYTBOMWNrSndaRmcwVlRKRVozaFpiVVpCT0dwWFUyOUpWM1ZsU2paT05WOXhablZsVEdseFZXOTRaVEV5YUhOd05IZFlhM0ZUWlZrM0xVUnhWM0ZWUkZwdlVFRXdiVTB4UTJVNGJsTTRTazlCTmtKMFIwcHdVbEJyYkcxYU9HMWliVzlYUjBkbk5UWTBSemx4YjNCVk1VSTRORmx3ZURGcGVXaDJlVWg1TUU4MmVuVTVkRGxKUXpsa1EyZ3pWV0psVUc4M1dsTmFkazlMZW05d2VuRkdXVWgyTVd0SGJqa3RRMTlTUTE5T1RsZE1kMDVLTFRGNFZYaGFZbGxzTlZNd05FUjFkRzQwTjNWRU9FOU1SSFZYZW01SFdDMW9TR05FTVRSdFgwWTNWMjFwYTJ4SFVYRTNhRE4xVVhGeWRsSTFkRXRKTTNwNWRIcGZXRjl0TlhZMllYTnBlVEZSTTJwRUxVbHJkM2h0WlhkWFVqaGhNRmczU1hkME9FdHlWVlJyT1dZNFQzTXdWMFJpTm5OYUxUQmxaVVJLWTNOblpETm1aMnRuVEVKcGIxZG1VWGxTV2padWVqaFJWa0ZaTXpkWVpEUkRkM1YwZEZGelZVbG5NVVZyZUZaTk5UUmhkR3RQVkVGbmNHVndZbUkyVmtScmREQjFZV2h4YTJ0d2FrVllObUYxZWxCd056VkVWRVYwY1VkUU1FSllSalozUkdwTWVtVllhV3RIWjB3MllUbDBTbkp6TkRVdGJtZzJORXRxVUdFelEwWllWamxhZFRGR1oxSkNOMFpmVjB3MFVGcDNlQzB3UWpnPTwvU0I-CiAgICAgICAgPG90aGVycz4KICAgICAgICAgICAgPGVudHJ5IGtleT0iU1BFQ19WRVJTSU9OIj4wLjkuNTwvZW50cnk-CiAgICAgICAgICAgIDxlbnRyeSBrZXk9IlJFVFJJRVMiPjA8L2VudHJ5PgogICAgICAgICAgICA8ZW50cnkga2V5PSJGT1JDRV9DQVBUVVJFRCI-ZmFsc2U8L2VudHJ5PgogICAgICAgICAgICA8ZW50cnkga2V5PSJFWENFUFRJT04iPnRydWU8L2VudHJ5PgogICAgICAgICAgICA8ZW50cnkga2V5PSJQQVlMT0FEIj57ImRpZ2l0YWxJZCI6ImV5SjROV01pT2xzaVRVbEpSamRVUTBOQk9WZG5RWGRKUWtGblNVSkNWRUZPUW1kcmNXaHJhVWM1ZHpCQ1FWRnpSa0ZFUWxkTlVYTjNRMUZaUkZaUlVVZEZkMHBLWW1wRlRVMUJiMGRCTVZWRlEwRjNSR0V5Um5sTlVYZDNRMmRaUkZaUlVVaEVRVTVwWWtoSmVFUlVRVXhDWjA1V1FrRnZUVUpIVW14a2FrbDRSRlJCVEVKblRsWkNRWE5OUWtkU2JHUnFTWGhFVkVGTVFtZE9Wa0pCVFUxQ1IxSnNaR3BKZDBob1kwNU5ha1Y0VFdwTmQwMUVaM2hPYWtsNlYyaGpUazFxU1hkTlZFazFUVVJuZUU1cVNYcFhha0pYVFZGemQwTlJXVVJXVVZGSFJYZEtTbUpxUlUxTlFXOUhRVEZWUlVOQmQwUlRNa1o1VFZGM2QwTm5XVVJXVVZGSVJFRk9RMkpJU1hoRVZFRk1RbWRPVmtKQmIwMUNSVnBDVVRCVmVFUlVRVXhDWjA1V1FrRnpUVUpGV2tKUk1GVjRSRlJCVEVKblRsWkNRVTFOUWtWYVFsRXdWWGRuWjBscFRVRXdSME5UY1VkVFNXSXpSRkZGUWtGUlZVRkJORWxEUkhkQmQyZG5TVXRCYjBsRFFWRkRhR0ZQTUdnM1dYVlVTMnRuYjFOTE1teEhWMWd3UmtzclZVbHVMMlJJZUdwWWIwMDNUbUp1Wm5Zck1UaFlNM1pKUWxWSmJGUmtWbE5xV1VjM01UaEZSM0JRT0c0MlZ6VXdOVFZQWlc1a0x6UjNSWHBhYUhSSlYwZDBORTl2U3pSa1VVVk1hbVJZUzJjeFdFUnRNV0pMZVZKMmJrb3ZabFJzVFM5V2NsZFVhamxpWVhGeFVXbFBWRTR2VkVSR1NXRXlUek4wTDBSWmFqUTRVR1l5Wm0wM1FsTTJWWHBhVG1KM1JYQlFlVWRsZURFeFZHOTJXa0pUUkU5R1psWnBTa1J6TlZFck5sbzRRWEIwYVU1VlIzaEJhalpGZFRNeGFYWmlja1ZvYjBOSFFrUnVjVWN6Tld3eUwyNXJWMmhQYlhGcFlrWXdkV2g2TWpOUU0wZFVZbFkzZEVVdlpGaENSRGhZUTBweE4zSk5kR0ZNYm1kNGMyWm1TMGxzU25NMU1VTnpVVTByY25sRUt6RmhWMjAzUkV4VFFVTjRjREo1WjFoWFlqVlJObEZoVXpGaFpEaHJUbHBLVlZaT2VHMU9WbmQ0Umk5TVdDdFZZbmhqTm5GSmJ6Vk5NMHRHZERKYVdrMXFhbGxPTlc1amNGcEZSa3h0Y1VWYVlVRjNSekZUYkVSeFlUUnZiRXh5UTBaRFlsQmpkRlJ0ZGxwMmMyWkRjemQ0Tm1rNFVtazVhSFY2Wm5GNFpqSmpOa3BtYWtSSlkyaFZaaTh4VWs5bWFYY3piMHBDY3psMVZXSm9NbTFRTm1OaVRsaEthRXRaZVdScGFXTTJRakE1UjJvNU9VWklOVTFqZURKS09YSXpjV2hoWW01MGIzQTJibFJDWmpkMVJEQllTekI2V2tkNVdqQlNaWE5wVVc4NE5FNVVZMWxsTnpKd2MwWmFhV3AxVUVGTmFURmFXSEZIYWtodk4yZzVWVWxoYmxZMlN6bEdWR3BMYlVoRmVYY3pWM0ZOUjNoeVYzSjNTM0ZpVkZGTVNEWm5hMjAzZHpkc2JGWkNRVk54VjBGTlpWTnJRa2xwWTFGUlNYbFdlRVU0VUZsV016ZExVMlJWTUVjNFJreDRUM1ZKTkhVM2NtdEROalZMTTNaRE0wSmpjazFLT0V4VVMzVXZkbXhHUldSUGNreFVkRmRZVWpobWQwZGtlR3BsYUZoNmNYZEpSRUZSUVVKdk5FaEdUVWxJUTAxQmEwZEJNVlZrUlhkUlEwMUJRWGRGVVZsS1dVbGFTVUZaWWpSUlowVkNRa0ZSUkVGblYyZE5SRTFIUTFkRFIxTkJSMGNyUlVsQ1JGRlJiVVpwVWxCalIxWjFWVEZPVFVsRlpHeGliVlo1V1ZoU2JGcERRa1JpUjJ4c1ltNVJaMUV5Vm5sa1IyeHRZVmRPYUdSSFZYZElVVmxFVmxJd1QwSkNXVVZHVFhSbVUxZGtSbFpKTldKcVFsVnRNMkU1Vmtkd04zTjJhRzByVFVJNFIwRXhWV1JKZDFGWlRVSmhRVVpDTUhrek5XZDFPRmx0YlVKdFdFcGxTMlJ6VjNocldYSlhjWHBOUVRSSFFURlZaRVIzUlVJdmQxRkZRWGRKUmpSRVFXUkNaMDVXU0ZOVlJVWnFRVlZDWjJkeVFtZEZSa0pSWTBSQloxbEpTM2RaUWtKUlZVaEJkMUYzUkZGWlNrdHZXa2xvZG1OT1FWRkZURUpSUVVSblowbENRVUV6UkV3NU5VeGpkRXdyUlVnMFpWaDRSMEZzVXpSb2F6VklZWGw1YzFWa1REVXJPREZDYkdoQ2N5dFpUMUZOYjJOQmVVMWpkMlkwTDBaUmFqUklhR2RzVDJGbmJXUXdlamRTYlhSbFVFaEtkMUUzUTFCTE5GWjBPWHByUzI4NWRtMXJPVFpvVGpWc1pFdzBZekZNYm5CNFVGWllVR3dyVWxSRllVSnNNV2R2ZDJNMGVHTnpXR1oyUzJoRU5WWk9NV0pEVUZJNGRIQkpjSGtyV25oNk9WaExhWEY2UkM5blRrZEZNekZKYURCaVJXMVpNVkZ0VmxWM1pXd3pXRzVaTVVrNGEwWjFUV2xZVlhwS05HTnpRbXh0YW5CQ0t6bDVRV1ZNVkdaMGMzRTRUVGs1ZW5sWmJWbEdhSHBYWTJsblRqRkZNMEZWVUM4d1JESjBVRnAzVFVwUlQzazVSMGx2VmpaQ1RFSnpWbUl6SzIwME1tUnVjVlpMZDFSdmRVUkdlWEYxTWxrNWVqSkZOWE5IUmxwMVlTc3hTMVJXU0ZwMU0wTTBVblZCVEVOUGVIQjRPRkl2YzFKV1JuQktiM2xKWW5aQ01WQnlRVWRVY0ZOU1JWSldhVkpWVFhOV2JuTkpWRFJGY1RkSE9TdExWVkpSY0ZsTVpHWktSRmgxUmtoNFUyMVFOM05YZG5nclJFOXpZbFl6VG1kd1NXeHVLM1pRWWpCblpEZG9UMUZQYzFkdmRrbHhkMEpPYTBWck5FOTVhM3AxVEVOcGJXRjJlVFZJZEVweFltbE5ZaTh6VVZoUk9FVm9PRGxJVTBWaFFtTXdMM1JXTmswMmNXaE9Va0pyVlRsSE1XOVNkemxzV21KbmIwbEZkelkwTjJkRWVrOWFSRkppWlhGc05FOUpLMXBRYkdwNU9HcFJaRWhRV25KdmVIUkVlVzQyYkZrMVEwaDRVemQ2Y3pGbGNXRm5OVkJTTVRaQlYyRk1SRFo0Y2pCMlUyTnVhWFl5ZVhSbFdVZHVTRWxZTm1oTVREWXZXV2hEYjFwaGRXWTVSbmh1ZDFGTmFUTk1XRE0zYURsVVJtNWFNMGx0TkNzclRXWnNTRTVVTURSWWJuUnVOR0pxV2pkblFtb3dNSFpYTVdWMk0wVmhRVnBVVFRBM1pUUnNZMkl4VUVSVmFpOXRZbm80U2pOVlFVRjJlamhxY0hCMFluRldJbDBzSW1Gc1p5STZJbEpUTWpVMklpd2lkSGx3SWpvaVNsZFVJbjAuZXlKelpYSnBZV3hPYnlJNklqRXlNelExTmpjNE9UQWlMQ0p0WVd0bElqb2lUVTlUU1ZBaUxDSnRiMlJsYkNJNklsTk1RVkF3TVNJc0luUjVjR1VpT2lKR2FXNW5aWElpTENKa1pYWnBZMlZUZFdKVWVYQmxJam9pVTJ4aGNDSXNJbVJsZG1salpWQnliM1pwWkdWeVNXUWlPaUpOVDFOSlVDNVFVazlZV1M1VFFra2lMQ0prWlhacFkyVlFjbTkyYVdSbGNpSTZJazFQVTBsUUlpd2laR0YwWlZScGJXVWlPaUl5TURJeUxUQXhMVEE1VkRFeU9qRXpPakl6V2lKOS5lcHloVEhhTFJnRkxwNF9FM2RQUW1GT1luQnMwZVVnbjF6MDFrYzZGVmRQQmtTaU4yRXB5UmN6YzE5Z1BoR0t2bDJWVU15TllIM3pRWFhLcWZETDJSMF8zZmUxWllobF9VSjhTSGNraXk3UG1FRWxQRE1UNUJJQnB1b3VBa1kxWkR5bURaZFRKM3VkLVJBZFNyZFhnZ3IzUGJVV2hNSlhMMGRvRWU4Y1pRSWFwTmRiUTFpTEVQUlVQbzU1dHNaWGJlSW5xNTFzdnZ1X2treFFPUEp5T0tINHNtRTF6RlY3TGFBeTdTRWlNY2JsM0tnZkppcXo3T0ZmZlc2WFNxNXZzZm55bzBwSmNaNWJLQzZwYkIzMGZnUWF6dWpEVXhZZEdPQkFOLWdKUDVmcC1BVDFrNFJtNWw3SHMxV05WTGM2TWZBeXk4WnJ0WE1OY2dja1k4M3NuTnJ3TE0tbHRMYS12SkNkWVVRQy1wYjk4ZXBjLUo1MnQ3Ulk2Um9yOXQ0TjYtalpNNnp0TUszdjVvMWRVSjNOUGpKVS1tbVJzWTZnOUJpOHY4dWNvU3pnN2pSdFNOSkctamxZd2Q4YmJRdE9mNVB3eUV4ci02Vmt6SjU2WHIwbXl5ZFA3dVFTdWlrSzczeDF2cVVjbWJRMjc3QU1YWDNtbENpZy1wM1NUb0ZUanhQdW5MTGJsZ04wNThqNDIyNUJPV3dYQkc2Q280QXpmelU1SE9uT3FXTGlkZ2xSRUdRNURtMlkwYUxweWExZjVwUWdDanJqMTVBazB5UzN5ekJaS0E1UDBLYUhRQS11SHNTSDRPOEo4cFpBenJYbEhtcm81SHJOVnd0aEpVMmlFQm05ZWhfcHR1YXlHd3A0OGVIUWpEcHVVeGdkbFoyMUhFY3IwbGJiWUNYbyIsImRldmljZUNvZGUiOiJiNjkyYjU5NS0zNTIzLXNsYXAtOTlmYy1iZDc2ZTM1ZjE5MGYiLCJkZXZpY2VTZXJ2aWNlVmVyc2lvbiI6IjAuOS41IiwiYmlvVHlwZSI6IkZpbmdlciIsImJpb1N1YlR5cGUiOiJSaWdodCBUaHVtYiIsInB1cnBvc2UiOiJSZWdpc3RyYXRpb24iLCJlbnYiOiJTdGFnaW5nIiwiYmlvVmFsdWUiOiImbHQ7YmlvVmFsdWUmZ3Q7IiwidHJhbnNhY3Rpb25JZCI6ImFjMjhkZjhlLTIzODgtNDRkNi1iYWYwLWMyZDQzNjNkNzNmNiIsInRpbWVzdGFtcCI6IjIwMjItMDEtMDlUMTI6MTM6MjNaIiwicmVxdWVzdGVkU2NvcmUiOiI0MCIsInF1YWxpdHlTY29yZSI6Ijk0In08L2VudHJ5PgogICAgICAgICAgICA8ZW50cnkga2V5PSJTREtfU0NPUkUiPjAuMDwvZW50cnk-CiAgICAgICAgPC9vdGhlcnM-CiAgICA8L0JJUj4KICAgIDxCSVI-CiAgICAgICAgPFZlcnNpb24-CiAgICAgICAgICAgIDxNYWpvcj4xPC9NYWpvcj4KICAgICAgICAgICAgPE1pbm9yPjE8L01pbm9yPgogICAgICAgIDwvVmVyc2lvbj4KICAgICAgICA8Q0JFRkZWZXJzaW9uPgogICAgICAgICAgICA8TWFqb3I-MTwvTWFqb3I-CiAgICAgICAgICAgIDxNaW5vcj4xPC9NaW5vcj4KICAgICAgICA8L0NCRUZGVmVyc2lvbj4KICAgICAgICA8QklSSW5mbz4KICAgICAgICAgICAgPEludGVncml0eT5mYWxzZTwvSW50ZWdyaXR5PgogICAgICAgIDwvQklSSW5mbz4KICAgICAgICA8QkRCSW5mbz4KICAgICAgICAgICAgPEluZGV4PjI0MGI3YjZiLTMzNzAtNDE5ZS1iMzJkLTg1NmIzZjZmMTc3MzwvSW5kZXg-CiAgICAgICAgICAgIDxGb3JtYXQ-CiAgICAgICAgICAgICAgICA8T3JnYW5pemF0aW9uPk1vc2lwPC9Pcmdhbml6YXRpb24-CiAgICAgICAgICAgICAgICA8VHlwZT43PC9UeXBlPgogICAgICAgICAgICA8L0Zvcm1hdD4KICAgICAgICAgICAgPENyZWF0aW9uRGF0ZT4yMDIyLTAxLTA5VDEyOjEzOjQ2LjA5MTc4MVo8L0NyZWF0aW9uRGF0ZT4KICAgICAgICAgICAgPFR5cGU-RmluZ2VyPC9UeXBlPgogICAgICAgICAgICA8U3VidHlwZT5SaWdodCBJbmRleEZpbmdlcjwvU3VidHlwZT4KICAgICAgICAgICAgPExldmVsPlJhdzwvTGV2ZWw-CiAgICAgICAgICAgIDxQdXJwb3NlPkVucm9sbDwvUHVycG9zZT4KICAgICAgICAgICAgPFF1YWxpdHk-CiAgICAgICAgICAgICAgICA8QWxnb3JpdGhtPgogICAgICAgICAgICAgICAgICAgIDxPcmdhbml6YXRpb24-SE1BQzwvT3JnYW5pemF0aW9uPgogICAgICAgICAgICAgICAgICAgIDxUeXBlPlNIQS0yNTY8L1R5cGU-CiAgICAgICAgICAgICAgICA8L0FsZ29yaXRobT4KICAgICAgICAgICAgICAgIDxTY29yZT45NDwvU2NvcmU-CiAgICAgICAgICAgIDwvUXVhbGl0eT4KICAgICAgICA8L0JEQkluZm8-CiAgICAgICAgPEJEQj5Sa2xTQURBeU1BQUFBRFRNQUFFQkFRQUFOTHdINUFvSkVDc2FBaVVBQUFBQUFBRk5BRUFBRHdJQVFBSUFRQUlDQUFFQjlBSDBBZlFCOUFnRkhRRW1BYzRBQURSTEFBQUFER3BRSUNBTkNvY0tBQUFBRkdaMGVYQnFjRElnQUFBQUFHcHdNaUFBQUFCSGFuQXlhQUFBQUJacGFHUnlBQUFCemdBQUFTWUFBUWNIQUFBQUFBQVBZMjlzY2dFQUFBQUFBQkVBQUFBYWNtVnpJQUFBQUJKeVpYTmptY29BQVpuS0FBRUFBQUFBQUFCcWNESmovMC8vVVFBcEFBQUFBQUVtQUFBQnpnQUFBQUFBQUFBQUFBQUJKZ0FBQWM0QUFBQUFBQUFBQUFBQkJ3RUIvMlFBSXdBQlEzSmxZWFJ2Y2pvZ1NtRnpVR1Z5SUZabGNuTnBiMjRnTVM0NU1EQXVNZjlrQUJBQUFVVnVZMGxFT2tkU1FsUXdNZjlTQUF3QUFnQUpBQVVFQkFBQS8xd0FJMEp2RUc3b2J1aHV1R2I4WnZ4bTRGOU1YMHhmWWtnRFNBTklSVS9TVDlKUFlQK1FBQW9BQUFBQU0wTUFBZitUejQzSUUvOS9RMUVTaEZhVmZlbDc1RzhSMy95WFBNdThaNDQ1cFBPWTRzODlwaVRBVmhsWTNDYWdqdld1V1g5VUNNTzZyRjhhTFlsWXdZU1U1SURzVno3RExmdW04b0dBMVlESjAxRC9CQ1ZTa2F1WC9JRHhjTjVhTlB0Z3F5WDRJVENIY05WUFRGV012RFROU1hJcWdJRHhRQTB2b3lSRFgyUGMwSndidXlJai8wb3NqdmR0Z01HZUFCbVJkQU1SKzI0ZGlmNldNaG96SjREa3dLc0E1UXA2WXZYb01XNlpJajFJRWlMN2labUZDZmJWVElHZWc1TXNEN1Q1dCtXb2dqZEJ5emhlVHBBUGwxZVhPUnh4ZDhMR2FJWHQ3anp0cFVYaE83RVpRQ2ZWWDVsS0RDZjhwakF2Z3BIdlZ2SUpnL0Vsb09JWmM3UWEvSlZKaEVxRjBSVzBkMmVtZThkQnlZRHF6UlpidEQ0UHlDV05LMnppOHFBWXJ5d3NwZGE2YzVtY0FOV3prV3Y1ZTZPbGQxY3FTTmd5Uld6RTZiK1JGOFhGOEhnVitya1o3TlVHRVJuanZuUUY0R2xJQzdmVFRER2VKNk9sY3hRaUoxU1JnSUNobnNwU3ZreXFqQkxxUDlOSU5wOW1DN09oMXdDYzN2akw3RTB4MmlXTVNhT3dkeW9CTmxZdFByTFpqNDNROUpGcHVpbmtCOEtKN2dvV1NGMTQzVVRCYWRxMnlDOFcvajArL0ZDbHc5WmFoNVNSMGQ1SGdlQmQzT1ZzZ1Z3UDAwSGFkZUJiWlQzS0x5SVlVbmtuL09IUUJDaUlERWMzZEdtamR1UzlHN25IM2QyNGQyT0M4WFpSalFEVVRoeGNYUkFUY1hrSHdGVDN3c2FpMVRQZjRoR3IvZm5zSWUyRXJYVmtZL1cvWWQ5TWh0Q2JnRHB2Sm9LWXVkKy9hYkFWMnJLZGUxSlBSSjZhQnU2WjZCYW9kQ3hYTVI5dEczU3d3b2J0MXhnMndUWmt6a3FaRzdnWGNvSE16SVhhaC9Mam5wNTJvcGVvL0Q5MUxBWFIxcUIrbkRxMDNYQ2NCVWkzY25CSEhJd3VRTXVxV2FTVnJvTE0yK0hCYVNuZWd2anVQVFFyaEwvcXJIaGNqcGxmaElQRGg0c1FPZUZkUk9VWUhwUllGRmcweGtIRDNUZlBFSE4zcW1adFlzNTkvSDhLUTBSeXhVUGNMT0RhWjNFWUNVVW1RTkJmcGlOWEhQRmZycVptVWlGQnRMYnlMY1EyS1ovMFpiZXVmU2pVTkdqMk5Scy8rdEdURTVBd3dxZThBYXdmakVDZ1lJN3UrNTZadTJxZ2hOaUVyQm81K0FuNjZpY2xaR2RqM2RCVVBmQURmaTVVWU9KQkJFeDhhYTBQMGw1QkNheWUySVRCa0ZTOHdWMlgxcHk1SlRVYkczQUlxRGtyekRHY3FIU0wxSm1pMmFWU2t4eENpaG85UmNTdlNNdzFBNEg5Q0lmUCtJSnBZTC84LzJuUFlUQXpRWEo3MHB6ejVKSFdJMUFuQWo3cGJ6VFdkbDE5aUpIem5rNUVZVEd2N2hudzg0VXVNYUYweTljYU5NNDg4OVlGY081NmhIeWU1RThWYlJzMkVGaGlMbEI2Z1l4VHM3aW9rWHppc1hSd0NqU0thV3ZjZ1A5UURvRjNwVjVYcjdnZVNCR0NpVnVjYktMMVFGTHF5N0NHWWprK3oxVFNyWW1QVGFwdmtCOUlDd1BXdUZCblM2d294RmUvM0NJZE1oeTJwanRaVTByWis0Z0gxdTJsbnZ4WVp1MGk4UXZlZ1hZdEwyc1hJQkNYbGxxSCsybU1KclIwTllHcVl5ZVROY2JXNDlSdEVPR0lHZXB4eGQvbE9BY1ovYXNwZGpldGJ0Z2YwaGtLSk05YmVBQ1JDQTd5WTNEZTdqbFdwWkNPSEhUUU9WUTZGWExCbnozM2pKYTJmREdlaEo4aE8ybFlLVXhZWC83YzJtRHl1ZjBQTkswMU5ZUjBsQjdqTlgrREZJbUQrcUcwSzlMckdSakdwdzdCMGxkcDFYRDNsQ3M4UXBaLzU1aGFzRThjUUtOdkRaWjBSa1NEOG5JV05kSzcwandkRjJTTnovNytPazA5S21uN2lwaUh6d01sQmtWSE9WVHBnT21XeWRNSFJPQ0VkSGtBVExldkl3VFRDbDZ6Z09xOXFNUjc4eEUrRG9UWXliQW81dXJNVzZ0Z1hJQzdmSmZBbHNOSUlRKzQ4blVWZkpPWVh3RkNESWdzQi9MWGZYalBHeERmQkZLamdFQWFJVjg2TkZSMmxEK1lWQ1FyTUtKYTd2SlNLaWxRYSsySkJIaXNRMGZscHllZm5DR2dVTVpoZDNlU3RXOFdQbVViSzBvNHBZVVNVcWxUYUlJaWRLcFpBU2NiL3dLTHBVZGw5SDZwNEM2UFgvZWQzNDRacnZJSFA3VFJrZStENUtDSHBycklUTjJCbVFGU2JPdmNxd2VWYXJDSmt3ZG1wWkptU2pPY3V0aEhpUERPYWlHTlhEOWJzajBZbHMwR3lUOSttdFBrVG1Kdk95Vm05NlFtajJYTEg0WFZ0L21LQUF2aGp0OS84eGJlQWc0R243Y1ZvV1BwbXRhbTFqQyszRGdNaTZDTVdXQitUaG1DYzZDa3dTTG9RblFnM0RFMXZpcXBtcWtYQ0U0OE9pVW5wZFpVVWlMVmlvOFpaMnB2TC9LaGtxV1BDTjQ3eHFnUENrNW5FNkw3R0k4NXFWS1VCdmQrRG5ycVRRWlpEYkVvWFVxZVJHaE1paHhyVmh1SC95V25TdG9ZbThTRU9vQStXYlc2eU1VdFk1UlVTcFBRZWp6eXVIdU0yS3ZZMWVmdVJlU2lBZlZ4ZTlsaEpHQjhzSDZUVTNtYVNNQy80amdySDNZV0lFb1JaZFNkeS94cVMxa0UzMW1BcGxmZGNXN1hqTzJvUmRLMXF6ZkNoOTdiclZuUFBySlVTb0NNZ0JiMWtHQnpQNzFXZXlWUG4zTHhTdm5sSDZTWXhqblNwZUxyRUk5U01CWUlYTTRJWEx5V2VFbkxsaGxhek13azNaRUY3ZVdoNEl2Zmh0OVNxdXRQUkI0d2NvZGFFTFM1ZWdIZ1kwNEY5Q0VVSXUyREIxQmsrVFl1ZkNRa0RWcGQ0TG1zSTg1ZG43YVkveExtWTloR2tnbUdlYjVhakVDUzF1N0tYRzdqS3hZQVRrOUxRbktpSTR3RFA4MTgveHNDaU1PVFJqRjNOVnZuK3pxSnRXeWZtdENidjlxUzMvRTdOSlh4SktPNGprWWZlajdxZFZFM0hWREttNG0yWmdBdmRPV28xVDdibzZuajIyZk5Hb2NvamFsMXl5UU9CM3lJRWJOaVNoeWxLeVNzT0UvZ2JDQ0duUWxGRytIWTFSNUtPU2lMcUFjY1Y1YlJTcjNBeUNhWHpWSTNLblJkVWZUaTRPWTZraStPM0RZQkM0OW55NWZrRTFKODFuZ1k3ejNjdm40ZUsvclNYcGtGV2NGL29pTlhWdC9ESUdNcWNWNXVBTWVvb1lCWXVPNnA0RVo2d1VhZUVmT1NPL1RnNWVXS3R0SWdBMzBwUEsrV083RWxSQnJEazZhck4rZmlkUXRSczc3VGlxb25WcEg2MXBQOXM4YXQ4K3g0K0FHV2pTRFluZHM3NXdmOFgvMmlQSFRYN3h5QndkNzdhT0hHdWFoYTR0NTNZSk9xRk1XN21FSnlKZFJRbTV2a3hqb1BSNWFjRnpNcUF2THJqbGx2ZVNYRDh2RWdxRzJrR3QyVlllRGpJdWdvSXFJTW13MG8zellRTXY4aVNVMG1Va3QxSlVuWFBSV1JWYkdDMWV0Qmtmb2o5ckl3a2NrWlpMRC9CSitmbktaSFh3cFcxZzNLVXZKUmtPZXhTWGN1bTQrS3gvYWdPWVovaWtGTVVJRG5nc1NaZ29NUG9aRWtFblU1S0dVdndZeG9jeGRJb3N4LzFKZGxxRW1qWnVBSXdmcFllMXRHTVBzNUNXRFUyY1FrckE3WEpGT24wVUdvemlGaHVaVDh3V2E0ZWM1bEtRcEhDUHlWQUNENmM3R29uRERjNnpSc1p6WklGeVdYWjZqNU1MT0gzeFp0ZU9KSWs4d093VXBwQzA5Nzd3RjFyYXBXZXJCOUpxc1FtcmtUTnRKNm54YTE1UmpFTW1veHE1dUtFcCt6aVhxeVk0UjY3MEx6cGt5NW1tZFcyUkZlSkNaUjlFb3V0VjAvR1dCQmIwS2kvZFRyRGdDWWhuM2FOdWJpWjltQTh3ZXA5NkZEOFh4NGloYTFld2doQ0E5SFBHcmNreHNsM21hTUpvZzltTUdGSCtuR1VSM2lxRnpCSllubWZQbVNmQUxwTzB4Nkxra1B0TmZYeExBSGVQWE1kTERJc2xuTjZPQjlnM0wxUVdNajRRVkVzNjRDT3Q3aTByME03WXhVWk9lMHl3THowakVrcWNJQnVabSt1d2EwUTFpQ0I1QjBEVDc2ZXB0dXJvTEovTEpqWWRNTDQ1TUxGa2pNRENZZHdOR1JBcDh1MG44c2xzbStMd3JTcnlXZm9yTmFseWZMbzVpN0VKZmNZRWtRQlNrd1pNYklrQlhVcFl0MHlYc0hYTnVvTmpUUSsvSU5zTURoYmlqb094TlZXcExoMkNWRUFFeEtyUTRlQ2NaSUZ3b0JVS3M0bDhTcGgxRzV0OW9hTTBZMGRucHZUMXVGaDkwU0wxYVRMWjNBcWZEMTQ5cEhnQW9CbzVldzJVWEhaRGdubkJSeUxpQkYvU2FZQ2NoeWppOUtsUGpXc1JlODhDaHBaMHNQYStlRitzbDQrUmFYRy9oZk1mWVhiUmp4bHFLYWJKWFBkaERRanNQL2RBZ05nRGtDblM3dHR0RlRmdGVOd1dXYVJrRGI4MjduaGRZVi96WDJpUXNET0NITDNaeDVZeGZoRGlIck0wME9KbS9OdGtBcSs1RmF0WjdBTmVGT2oxUzc5WFBIeFQraFlzVk1hd29YSEtLY09yUnpER3VKa3RadnlaMWJraElvZ2F2c0wrYkdidUZ0eDZVN1ptTER3K3dLTGFFZm9NdnlXS2tKSlgvZlROcFF4UFhlZE8xYVY5WFhiM1pqTTRmbkk4ZmlhRW84RUZPN1prRk9tY0tLS2FJZER4NjhHckN6TGhidDJxaFNlSUh4RlBFQmJYS0FKdG8yamVoUnM3SjlXaVEzSnZOQXYzWWdVWjBYcXA2ckQ2WEpDTjVwcDY3Qnd1Y1FNWjl2Yk8xUGdmVFVaN1BxVW4vTG5KeUduakxSTjlibmJ5M2MxYUY2LzFjdEhkcmdHTHNLaTFuQi9JbnFpbUYwUm1PVjRFdHp4eGUxNGxSR1czWHhNK3pKanovMmJ4YWgxNmhXK0FBZ3E3TGt3L1V4MEZnSkpoWW9Ld1grOWxESFJmYi9JOFJtSWRRUlpuY1JUU2I3MTM0RmViTnVzM0VVRGwxZXRoWnpHbXk3cHFMM08ycVh0Z1R3QnUwWnlOMThLeHhsYlI4RXFHM3BpTTViM3gzNDlvcyt1eWNPSVQ2MW55ZWltaFBhdzE5SE1ZMFh2d2tnR1dQM3picHMrdExMM0d6NXptWXdHdmYzSWZxNUJjYWhaRTJvMlFmQk9rUVE3cTZYUEM0RTVjeFJFcVZ6bGF3N2FzeU1uTTJCNElsOHhadTROWmFPMzFHdzBYUXFuWm5IOE44eHl0b1FVUldZMUhFa29nZHVyV1JqRm0vTnBEUFFVdG9zT3J4aHphWmoybWNUVHRsUjlFYWpVcGRmcnE3ZG15VjB5N1JUUWQ3OXc3K3RpR2hBWXZkSXdXakpCcFptR3llbVVIMWJWTG9PdjVKTVpibmg2RWQ4VnorQWdJQ3pkK0NNazI5N0tob1Q3QUxlVUdpdVdXdHVmNTdBdG5Mb3RVYWUwT0ZCTWJ3RnZWSFlORFBFaUN3YzRpRU82UHZUYUJRM0FqOTZHZW1TRlJFeFd3ZkU3ZWpublJ4bDU1Mjg5Q0JBd3l4c1JzVStTbEFEaEJpd1l2ZGVFRVhJajFJYjFPUlIwUXlnNmRMS0ZRNkFwRkxHbDBwTlhMT0VJcFhaMVRBLzcrazgrYW5xSWh5eWJMNW9CS0tDalhRai8wMUFtODNJYVE2SndMdk9hODZCdEJGY3Y3cDd5S3Z0S0p1dkdlUW9JbDg1bitxYVAvNGszclRQZUszWkgyTTNDUGNBd1F0a2h5dFdtVGdXS1ZpK294WXpvNUJHKzlTeU9WYTVRTDBMd2tVNHY0aW1EQi9LOEpoYnQrZkhWWjNPNE02TlNjU2dFWTV0aWdsZWhQdC94TS84cG5kZlRiU1drem55SHFZYUdEY0VzNm52MVhXQmI0OUZrbkVJSWl6L0N6L2pGQXltMWxHREY0WG1FdUhDSTBCSjZRNkJ1dEtEM3ZkUkoxdzZvcDY1RjRMa29ld1BMcFR4L01wc3RaTXRMdE9Ic2VNdWlkMlgxd3VTZTBCUzJwM1Yxb3BiWk45VGp0NzRYU2RBdTZXa3FVaTg0OGpKc0VXcFVRQllQV0cxYTdIYkhibTBuRkZQMkNhT0ZXaUFLdE0rUmozNlQ5Z2hDWlJVZTQ5YUpRaEU0bmdpSG9QOVlBU1lQSkVZZmRibHI4QlAveERxVU1kWGRpblNpNXcrR1ZuNGVkdUllUHJhYzRHVUYrMzY3TDNTaEZTVVptZ2x3NVk4cHV3ZG8wY2NjSlJ1bks5QkRVaWdraHdmSk9WVGJneUlaME12QlB0a0doT3NHZXZnVm1qb1QySHdxQllvRXdqaVFTWHlLVWU4ck1HRVlKaVo2UUNCWEhlc3N3dlZKcUZ5QjM3akcvTDQxeVZnR055aTNoeFcvM2RHWmxsSUxaRHhaMmJkamwxd2NRcGtyaUoxOXE3L0tneUJacWpPeDc4VXd5VXkrS20zYmxpbXozT2R3VnY3VjBNRllON2RKZmlsTzU5dFEyNURYc0tSUXhxOHFUdlBuSnM2VENvNWlTbkNoZkRzRlRQcFVQb3lqNEpKNGZST0pSZ3pHeC9TM0VuV2QxTnc0VFFTcVlSd2dhL1VwWk92OGk0ZHdUYVpyeW9tR0pkSitycmgwVmxra0xSREloeXRyZDU0clFrdXU1VlgyMG5IM1FDclJhSW0zeHFaWlhyMXFIbmhlVk4zZVk5dFJIOVZPUWlHT0d1NGpyQ3JVOWpTQnJaNTJaMzE2enFBNEYvRjVWekhpSHVXeEx1aksvUC9Nd0pWQXQ0VXVQbjBhSDVUVEtjQjNNSHU5Wk1jSSsrajdXY2VoRnJ6N1Z4Q1k3b0c3SGNhWkluTlg0QjBVK3ZlNkNvellNMjVlSDd0S0xxNXR2NXBObjNiWXdhYkdKaHl3MDZvZWlpZks3a1kvMGZKTWdZQy94S1FnL1BxN2pYK3NwbmQ1dlpkZXpjaVR3eXk1K1NMUWhyM2VtdHlHWFRYZmJQdHpRdXB6aSsxUGI0bWZXalVSK284ZWUxZ1A4NS96SjFZc0tDSk1aWnVkVGRaVFFMNzdQMEJEa2k0N1B5VUowMWtYanI3N0d3S216RUpwUEF2UzNZT2Rnc0p3ZWhoaW4xVFc1S29xVW1vbUsxMUgyS3FwYzhyd3FhOWZXbnFJWWxFWWwvV1lZZyszUU9OOWJ4bGh5akltTmFWSFZvYWpLRi9yYTlaZ0M4aEprbjg4QStyemlhV1phS3NSSWxlSUdZV00rTGQvZnhmSUd1WEhGYUI5T0Myd01ZS0h2dy9BRXpDYXpYM1BlTU9qeERCQWtVUjYxS0VCL29hczJGNHl2bXhNdlRJbVBGM3pEVjU4NHNWbmtDODY0VVJhczQxVkZ1SkVsUnJDeUI5VUl5aU13NUxGQkRPanVEQ1gwZ3Q2Ny8yWC85aDk3eXBGSWxpRy9PRmc0T3Jwdmx5K3dRMDFqUU81SHRobGtrVXVUaXJCOWlaVmRlR2NpQTZqbEw2M0tPQk1IUmRrVk90VnZyVW4yM3RxRW1IWFpLV3NsUVR6L0QzTWdaREF4SXRScGNoMWF4QlpVZUFzTzZCeVlKT2FiSFVzNTJFUjdVcGp5YXRVZmVucmh5ZTl2dnZkSTFXUEQzWlNUVDVZQ25DQnZLR2dsUmYwMkcwY3h0MlVVRXhrTmNsRFVBZXptdFNIRnV1NFJUdEFtLzNmWE00QTA3UVZMK3RKQld3ZGxlRmpKMk5VVm5XS1pOQWFTRHllaGhUbDNwSDdLRXlTL2drcmVQZlVvcGh1V3pTcUZ3Y042M2ZCTjBCRXFWWEdGRDJWSkRNcitpckNrbVM3dzlzeGhBVjlvbmx1ODRPdmk4UnFoTjFiY24vS1B0eG9wQ2IzMXRrM1B3U1JVUm9jUkRZTVBVbm50Q0VSTU9DNHY5RTNjOUVtampsNEtucytoa1NKR21GZy9sMy8wZXo5VnlxZWRWTkFaVHNZTHdXM1Q3UnZMN1lSSTR6SWFabUpLdEFoSlVPVzRDUnVVdXBWUUhib3BwQjFsb1kxejF3cW1JVzI0VGpzMHMySWRHcTJ0SmFCdWpHMEtGWTBVbWtGSUovVERUemlXeDNTQ25FVUtvZ1V2YlZKaGJoOVArRm5FSWdZbHZLaEFGQ3RyblRONlBta09qNE5LcEhYajZtZFNCSkh5REVhajhja1YyaHJoMUdEa1BFcUErMVZUbkRlK0Z5ZDNucnM0Y0dRc2tIZWRnaTlMZmdNR0xUYWlrVVpiUCtteWowc2hEQnp3dkhKSW5HRXBkcjk3dVpHSzVEYzVWYXY3QzZNYTBEbUhiTUlta3U2bGtzQ21wbVI0V1NsdkJWVVh3OUdBaVUra2VZZHFrQ3ZWMTgycm0vMmY5Sit2MWlyNnVENEl0Mkh3amJqcEFZQWV6Uk4yMkRsOXlvb0FlWGI2NitPU1VVbTZOajMrYlRRRDJUTmZISHk3LzM0eFdyUVRmWmVvd2lPaGpIUXhobE9sV0NjbkZhM1o2L3N4VU1KS1ErTGdmclJrRkFhVzljODJ2clAwaE1mYmdsRUVxcXVwNkZEWHd2aDBjdDhCZXkybGlDU3VrRG1KeVdSVWcyY25idWV4N2IzcmhsRmRHeXJvbW1kbDVKRzN2bzBiK2ZqVjNmcUdCOFVZQWloSTRQV2xpUTZWYjVsU3Z2TTBQNmVFUUdRc0NET0tqMXQwUmNSb1BYNE9YeEVLdU0vR3lqZTdpRENkYm92ZGx4ZlJJK2lwR3Vwd2NwVkVWYVY0NW8rbEkydWVxNGJac2ppOGNUQ0Z4NDQ4aFRyWlE1c2FzU1NNS1ZNVEJCaGhuMmduR29DTHJiL3p6ZXE4c28wRko4N3JTTTZDYmdOelVxZnovbjgwaVFzL1ZwYVFYeGgvMVNqZ2gxUDJRZFZkZUhXbHBaNlBJeHhEWDkyckx0eFZuU2M5MzBBdTRrNWdJaXlNQmR6dlRyTklsSitzcWlHZlRTcUgyK1pXaVJlcVJvcTJIaVl4SklrU3IzenRWSU1NUEtQczI3RTlVSm1xYUptS2JxWG9jRE9zeWUrTWk1c2x6YkFNK3RZSEVYWkJIWnpzWUdhNVNXRklRTGRWMzQxLzQva1VydTRxNFhtdDEybnhqOFU0UWVLYzMzMElDM1NXWVhPKzQxbzBPVS96eFllbUdwSDB3cEJCQTFzUmpDWFg3VFloanFjQUk4dkpBSit3Vm8rQy9rM3NaWkhtT0JwVWpzOFV3d1VyWlFtcUtzeUoxWi8xT3N4bW5PQ1huQXlZUTkzVElTNTY2djRHRVdubzNyemY5Q0tScTZEdGo3RHNvcmJ2bzV1VG1WSitPTTVWV09CU2tQQ2g3VVhaanBpYVpZSFk5Wi8xUVF0UkhtN29NUExXaTNkUzIyWCt4QURNQ2NpVVVJWFVxVTJRUUpwRWNBbThmeDhjY2dKQTZDYUFEVWJmOS9RQmQxdHRXdVZza3R1eS9MRUgxWlN2UlJKcVRKV3FMeDZvR3RWTFozbWpqY1ovNU5aREw4VjhkOGplelVwRXo1TGFjSmVYcmdDK29EYTFYZFIzeElQTFRxekkzSmQ4RVNzSUVrRGZma3h5TzhIYXdoWllTYmR4NnBoQWpkRDNxRkZqdGFDa1ZmakNCYXZLMHlVaW94aFBFUEFKbi9jYmwyRXJSazNQeDlWOVRwMXhlaDEwN2x1c2tOVVpvVGxYRnFZTzdzMlpJYi9ya04zTFl5MFlPeUdRd3NRWHAzcDRPNjhxWmc0dVRKYkdYbDhwUDJ6LzAyN2V6SFlYQU5rYm13M0hZR3dWVU0vUVpGcitlTWMzMXpoS2p2bVNwRys0YlhMOTZObHRRL0xDOGtwYmx6Z3p4L3AzakpuZ0I2WXVDUEFKbjhLbENKMk5lMUk4WWFUZlBhOXF2MkFWSEhxcnJNdklFdURuZnNTeU51UUZiSEhkNkJNM0FDUnNMZy9oZTJMNS9IZ01zQldGbzhla1d2WHorSEJGQnhCa2xjNE53SE43R2cwcGtxSzk3djNIUm9aVGU0OEhmWTFqL3FSVWRhQWJTY0ZDcUEvYmdFQkdwYnB0SnJScnVEdmVSL3M3YVBkcnB2TkpNNnJDVEFjSWJoQ0FtYlVRR3UrVmFIT0ZBNjNNN3hZVjhjUUJZY1JWWkNkVVZzK0xNSEVmWkM0OXhEb3NkdGgycTMvYWtxTWRLaWFxSHVSUkZ3eUxFM09NVUFUK3ZQRlp5U2xrRkdFSGw4d1RJS1VYTXluVDl1YWlwdVNWMUhleG1xZFhhY2FPb0ZJZnF5WWpLUDJBT0ozSFlBdzJaeU0zNlZqQUZjbUMydEJCVmZjY0FvMzQra3ZtNEdhcHp1am1YbEgyOXRsUHcrUW9nZWx3a2xSNXVidTBqMHM0Zmtvc1htRWJOd2tSbkNVZUUzb0ZETStBRWtNTmNrNmVKc2NYT0dkMkxHZSsyY3ArTW1KV1ZJaXFRSUloQ050M21uOTFJTGpIaDhTVDJGWXh4N3pEYkIwdkZtbXl3TkZWenVqbVhNeU9OK3NVWGNHTkdHM3F2Rldyc0VkcDl6OU8zcFkrc3R2bnpJNUxVZXRxQnA2Q3NPUDlVcXlvZWx3THRReWQ0Qnk0b3VMMFF6UFZpazBvbFFhNmlkd09GOHg5NXRuc25FWWFjM21ZL29Edk1LWDgzVEtyQUJMS1dpK1hTcDJuZTZ2aDBzdDZyVUtGbUZXV3ZxbExCa1Y4dHZDOSt4YWdmeUFjZUVQVUdnOTkvaUgvSDdmaWYrbThyMk02VjQzSTVhcUpGdnIwS1o3YTF0ZkQ0NGN3TTZjR1M0ZWY4QWg0bXNqbWIrckRycUxsL0xnU2ZjRWEybFJHRndJcTVYT0NXdmRHa3NCNmlhd2JNcGdKMGhRRXYyNldHT2pwSWUvaDdqejc5UjBsY2xZR1d0ZWVEU0hZRkNDK3RxaWJjaVlmN0xvTXpQZkp2cDdOMGZXZysrSUk4VG5UZVkzbXcrSENnTTByUzRFeENQNDlsenJwZ3Mwd3ZoczFWWmpRZzduR3ZQV2hON2MzOGpJZjJwTWdFU0hKcGlrVjc0Y0lrd3hFaGVlK3NWYy9vc044ZTJDaDEyOHN5TVZXUk9qU0Y2YXVFSFQxcktqZ1NiTjlwOW1GcnZLL1Y4T2pIOFJvWWtiS3RkZzFrdDRGdnRnU2IwOGNFUmpndHFDNS9XeTV0WUVoVUY1UTlGQ2IybkxFTFpoUStrMEZQd3NQU3lkTm8xZElydjBOUnJCU2xOMHhscFFOLzJzWmtFVEJLSWhyaE5ZYlBpTXRBTWVIRFBZS2RVdWFqSkRscFkxRmVjRXI3cm1kMzVHMXZVc3lLcWxVcW50VXlBVkR0UC90VTViVzdYZ04xSzViMWRZTzliMmZxQlU4RXNoVXZjM3dZTzhBTjVSRXlwNUFTVjl1UVFNbTY1a05zSTdoYU9UR0M2SmlIQnh0aTdOK2dDQ0pDNWNYdmhLejBEdWt1bHk0Si9OWElqNFRBWkVUQ3ErdVVPcm9BTk9LVHZJMHpESUJpQjRYM0FEK2hFU0gxT3BsYkcrY1Nsd3JmTUo3a0hnSGllYS9vYUNJWThPaG12UVdNNy9hZ2JqdmV1YzRuYkZnWGtvcWFJYWFFUVFjOTdqbFlZeDlWYVlQcDVUYUhVT1VtelRpVVR3cGRWak1Db2JxSDdRY2NyT2pSUVVYVGJvYnFpbThJek84MU52TUxkdXlYem9oT1kvTmlEM1o2Z0c1RnRBTXhMVjV6citYZGFFdnRTY2VZczQ0aVB6R0lzNTVDR2d2VHg0aEpoSVBrZ2dIMFcrZDFDYWx5Q2ZZM1hlQWdMSUlFZ1BTM09lQkZJZ0hzU1F6RkxVMDZNU0I4VmlWdnZTWUNwMUk3VUVoM042N3ZBYnJ1SGdPT1BXSVh3ZEw5bVFwM1FSZGRBMi9sSUdONlB5Tks5dnIyYU9xRGI3cU1YQThaNmcrK2FVTkxRWi82T1o2T3YyYmxubjhBTlFiV3RvaWNSeEZBc3NhRU1JNkkvZUd3eGtpQUROY2tPNEtlN0hqUTJHeXF4eTlyV0tWSE5mV3VwSVhTYUhNY0tkRkxQazJ0WlVFYjhGYVdteEdSRjRxN1RYMzRUenp5Kzh3K1hIUTd1bFhyS1pCMnFzbFErZVhzeHdLdzUwS1M3bm1QS2tmUnREazhxTXNpcVZHcTd5TEJUamZPQkNXYXlIeTg0TGJ6Zi9SaGRCQkN6WnVvamc0b1p0ODRHbTBhNVRFanB2bWxYQSs3bVJqQ2p6QmN3amM4RDJmYjNRZzNObVh1aGhtUkI5R1p4OXZNNWNtcmwxUDQ3dTNFZUd3RTY4dFF1VVFuTlJNTEgxeDR2R3Vsd0VXVTNvZENwcVRwbk1qS0ZnQ2N1Vkt3cTNxZXZVREtDUndrTnJIMjFNOUJxbU5EK0JYcDBxYXFWUmZuY1hNM1RrSHBsWFZwVUJxenFicXlyQTJlaXdhOUxLUVFmc2FIYXdneWlsMDcvUEZqZklGTExuVDZEL1diQUhVTWF5cllqSjM4SW8xQ0tFZlRIMkJ5aGRFK0NDcFZNU0Y1RnpUR25Hdmg1Q0hPc3F1aW5ISEhkWEY4Q3ZZeVN2RVlKM2ZVRjNNQjNxbzJ0TzN0eHRHRG9BZ2JnWmw2elJCZ2pCTGdiTjZ0RWZjY2NybWdpQ2hqSXdzT0ZHa3R0QUROVnl3QlNxcWk1c1MrRDBna29ERHVNWGpVUjVsVjNGK0tmcjBaWTVsSXRkV3ZzZ2tCRlljRmg2ZEhVRGxuZk5ydVk0RVZXTWNlWHZ2OGFHL2VZN1ZFd2o5MDdaUk5mMHVKQUIxTmZ1NDdHd2x1UU1QRGFaYUpoVS9YK3VvWFRvSjlEd3MvcUthOHNNWVl3SVBEL1J2Q1dZVHdyNjQwM2oySjI5Q3hXdG95RkVwT3ROZzhPSlJ5V1pWUVFNRlZzV2x1WU5hMzU5TFlBL2tKU083K3RyS0hsQkF2NE43VEdyd0hWMHFaWUpSWFkvVTl1T3BQRTFKVndwWHpsSmFYRVRhb2RoTGdwTUtlTlpSRXJjRzVXcHdxTDFOVUpScUE3eTV1TVgxcjIyZEx2T3pnWU1KY3Zxc3dGTytkYkM0ZUk5NGtnbUZtelhZbFlYMDhaTDBtN0c2Yll5Z3BIR3RZS3JFeE9RRDRjZ1JYNzYzck9vVzFDWklYVVBqQUxvZmhKd2dRc0lUeEl5RzAyWXZTQkE0aTNDM3NQc1BCQUJ0T0VRRmdaNFBOWitycGtMZWpTeDd1MUlVMkFadVNyYmx4T1pFN3Z0K2R2SHFKQ2FwZGFkejFjQkxmRnBDSzQ5VXBkdW5LaVAzc3VpM2RneEVmRkpVdytZTnZKSWoyTlF1TG50cHduNVZTc01GTDQwMWlsN0ZWMDRVeUZxSXNIejh5Y1JYOE5rR1pmUjN6bE5YekNPUytOZE5TZVU4WHk4SStjOG9Ebkh1OVV2T0phemVIcVBDN1ZkWEhKalI2aE1raEp2L1pVbERDZmFtNGU5Ym9WN04vSGZ3dUlOcjYxWVkwbFB0VVZ1bWQrKzFPUXlSSW1kNFBqbUE5TzZRSzVYZFZ3NmkrclhicUFtZFh4aGVvYm5ZcHFMZ2huRXZqMmRpdk9VNmVTTmptb08xQjU3S0ZWNHY2aTdDR28wdm5TaVJwekR2Mkxsa1pXV3lHdGFiZjYxV0ZVTzE3TnZRTlJkYXdMOXk3ZTBRRS9TTS9BbitLYkpvWUlDcGsvcStWelBPOWc3RmoxUW9YQ29NR2dWNTB3cituM1BOelB5RHV5Q0QrMzdTL0RDUFBmT1FGVXZrNDBJb1VhRytFYklUNVNrdW9PazE0bmtCaTFZTjIwRWljbGhsZ0VzcDNDUWh3RGVETzE5ZW1XQUUzRnYzWUlqZWJmL25sUTc2U000T0FoUkh1VVVKRXVZNVFDZjNXRFVhSkdZb0pmTjE4MS9pSWhiY0R5RzNrTVdCZ1h2TXRIZEEyMGw5czhqNGxWWm5Qa3lpek9NQTdhejlyY0NzTlFoNVdYdjYxUzFLMGFZN2JORlRiTkJWN3huSGVaMWVoVDJKeDg5Q0ZZSFFXL3VSS28yOUcxbEoxaVF0TyswVWdxS3JINFp6NExmNllhRUpUZmI1T1lJT2VaN0FheHZ1VGl1cFRyblJPMDF0ckRKVzBJb1FiQittdmtCbkZQb0hMbXhySlZWdENPTGcyWVVxVStIVU12WGNWVTNSckhtSm5VZHhJTC9yR3dYMk1yOUVjWFJCTkF5WHVXVE9zNTNFTm52aFBnbUUyMlpSck04L3lUSEZKL0V0dStPZ0thTEFFUHRuTkx6K3g5blg1cWNVMERYNEFVVUZHcUlrcHJmTVIrcXpsMzgrV3doOGxvazJBR2svUE5ZempkNFpkeE44S2lMMVd4RlNTRllROHdMSllDVXpLaFdPak15aUkyTmxuUEYwRkRaM3lKL2JycnVsUDhKU1RZcUlTWkp0d2VMMXFtMFFyMWtsRng3NjY5Q3pIMGluNmQ4UUE1SG53bTNBSUpQd1ZYbURpMklQSHZLRlJnRnVXclZ0NFlnWjlDV1pzby8yZzE5TmV1UWkzU29HNkNtamNIaGl4dzNZTEFWMm16Rm1YTzlsd1hZOFkrN2RYaUhncSsvbGpzbkNlcWVCcE1VSFZpZGJ3MTZhRnk1U29IU0VtZERCWnB4L1FFUlpNUkx0NGY4aDdTbkdLK0c1Sk1FTDhPRVdZSzV1c2hJMGNNMlUvK2FDVkJMN2daL3JpYld1SW9tT3grZHZ6cCtOM3NPbjNOcm9jQlNwbzJ1blNTYlRSOURzakdGRGd2V0VzTG1zQzZDSzhjS2FjYjRmTGdCeVBuNzZ4M3NZQmcwNUNQMVlOd1JHMElreXMxa0FVTTNzL3JMYkdPTkVJVUxsd0tvNmNWdmRLQ1hTRVR6cjRXNkMwdGI4eHdkdHNTYW5TME5rTnFpcW4wNW1NQjIrWHJFS0tSN0lDT1BJT1c4aUpudmMxbkRTeUZudXZVRzBXSXY4ZlV0bW50MWpWYjkrRG1YWEQ0dFpCdnNHRnhvZ0wycWRid0pGcHIvV1hPM3c3Qk5tbXllRUpDVWk1RHBSbXo4ZEl2NzVGY1BYTmErM1pNOFNpSCtEZ2dDS0RIaXI5bmZmVUZPcXA4YUpGQTJ1QmlPbnlWOGliN2FNZldyNjBXUm4wRUtZamxlNGR4amFKNTdXZmh5bEpPUEQ3Q2x6enBKUDd0Q0JUN2dNL1puVkt0YXhsdmFrMG1HWk83ME1SeUoxR2tsMUFuT0N1UllMZ2c2UEJHUmZ2dVVQN1BiRTIzckRvamxqSlhXZldOc1dKNS9wYkVHdWMyVVl6TE0xYS9wSFFHVFRCem9CaDFEVThVTTJHTTR0RWErcUYrbjB1T1d5bGp2cmtGbjlaT3gvVzRyblVta0VHVklwSUR6MFFXc1lwL0U5djVvZHZaUGw1SW5vbzg0QXZldUlCWHBlWmRRMTNtQU5mT1pEQ0oyQlFIVm9CVnZzWFlnY2dpQkVEeG4ydUY2UEVvYlNSS2xDejZLZ0hVTXAyLzB0Y2wxUGNuems1b29rSElHT3dFR2NoN2J0MGk3RWhwWlIwZEp2V3BMMXBJMEVTTGNFWTcwRDl1NXNYaHNEL2VCcXViTUtIUkZmak56c2lhY0k3cWNuUXhaL0o3Q2hEVHNYYk83aE9sbTJSa1JmUHVVL3Z3NStITFk3V3FpeEM4YmJCR2xJbGVhanFZSmUwNm5lSEpGRE5TNzZHbjZiT1Z2UnNHdzNzYXRQcUl0TlptZDRXTXprdnRrVlN0cWxaM0pCV0hoU2J0bC9SZGZOL1lMbldBZ0lDQWdJQ0E0UjZ1QU9sYjM0a1BHbXM5V2pzMkROK3FPSFhHK3puUmVBd01sYzlIKzlQMTcxbnZPNCtldHY1enFmYkZ4dWRSdS9RNVhPdC9nNlZ1MG5kOTNmdy9SSXUraWwzMERJUTdFbEZWQm9ZTWw1VUcxdVAwdTRXWUNRYnRUaFF6bFkyZkFQY3VrdjhQTDFCM3Z6ZDVRdjQydncyM1VMTFptSjZyWk9hTEhmdVc5R2lyWnFpbXM5dzVrK3VxMmF0aTM0RzRjcEx4YUppTXZTcFgxSjdOYTNRT1Fvc1pKZWFaWlNqdzZ4WEkvcnlyMS81UHhlZGQ2bEpJaEhPR3BkTnNES0xjU0ZuZnQ5SGorWFl4N2JlcjlSeVdXZXRCMytNSzBDVUVVWlV2c3EzUDJ0enNrcDNyQnV2UnVJaUxpT2hRUWVhamNOZlBHUzYvS1Via2RSdXlIUVgyL1BHUzkwc1Y5dzV2Uk9UWUR0UCtWbUlqZlpURDR1c2daNDNNdXRNZndlR2x3VGYwZzNHVW9uQlJuRlduQ3pRSEVQZ3dvVU5kczdURGMvZWxVTUs2UWU5U3d2ZTdUN0ZyZDhqdlhNd3dSMkJ0SG1iNUNVNGxkQmVzUVlubFR3Q2lOT2J5V0k4K3prZm5RaVZxSFFZN0ZhVHo5N0dWclZQdDFUUmdoVStPZVJNT3dMV0kyaDZDWkVpOHZ4ZzJWb3BTTUVWa1V0T1lqenhDdmFWOEVUVnpzZzZFeHdVU0Z4UUMwbkV2czRuYWVvaldOTmkvUE1ndlB1NEN4bjU3VkRsMFRlblU0dUNuZEdjOGJTVkFUSmY2bUVDU292TkVMYlU5cnJXc1g2MUp1bjBDclFRbUJKaEMxcnI0SjVtRFNMUXhrZm83UGlRTE1sdlhjd1l6R1BqRnh4ZUljNTc5SnRPL2xYTkxEMGF2TG42V2RUMnVuOTVQb0wyWTJia2NKcllkZzZ2UFRCZUJMKzhIY3dSb3ZoMUphRHpRWXNTdW9neWxzMVlEUk4yR1h1bW95d0ZFbDU4R1NSYVQ1S2puaklMQ3hnWGw2Nkw5Nzl6ZWltbVNDNVpmRU9Ia3Fva1JLdEFZVEp1bk0vUVhQMXBOS0g1S3JmUGt4RXM3NXh1cnpUREZEZktPallnakNTZ1lSekZTM2FncTd2OERUQysvdnhhZGE0M0MyZ3djNll5MTQ2dWNSdFVIYytiWmw4UnhaWUdrMU52WHV5Tm5xUmRsUUx6REJYY202Vll4SkhLd29icmlUbUt4b2JFNnlsSUtUamt6a0c0TUErWWlrUDAxWjdxWkxHVU5rWE9Gd1A4QjRHWU55V2NhZGZ2RkhLeWIzdmVGeTlqL0dRUU5xWFBFTFBQZTd6MlBweEd6YU9PNFl3by85N1lGS29zQUMzU2JBQ3R5d1FHNEhFVG9uTkJBQ0d3ZkRIb0FmeCtubHI3K2hIb21tUzQvWm8ybWhrbnlRKy9jQzhPTE5TOE1VZ29yazFDWUE4ZUhyd013YjVNdDI2ejhSOUlXREdKSVMrTFJoald4R09TeEdRZUNhMVp6Szh0SFduWUFmN0s1c04rQ0FkVGIwWm84VC9qanBKN2FhOXdiaFV4M3VqR2owMmp1U2RqKysyTjJIRTlZOW5Wb2JoS2pJWTRQUEVjZ09ocWJ3TURiSWRNWFJlY0dWSml1Qm5YZm0vampqVFVEMzhBZWw0WGNvYWIyZkw0QUQ2cC9sdGNKY0wzSmZXY3hXRTMraElhUHRtVXpYeEM3ekNMOTFiaFdpaEgwRUdteEFDY2J5endnb1Z3RWtKei9QcmRCU1YvdjFSR3JEOXI2THluNVhRcXkvY1FKQnBrUk5PcmR1THMyVnZ4dlYxUi9ta3dXeGd3WkRJcVA5em1ucEdIY0xua2gxaGtURWFEbytiSFZzT2VyRng1RjhGbldvZ2w3bEliTmFGV0ZIck1SUmViWlB3YVRpY3VnbzFIYjBqUDdHeGw1cHNTRTI4NWZQR29ybVVoYUcyVVorblNJUzNrRWQvUFpGN0YwMFIwdXVmb081emdNVHVQdUVRK1JyMkdvRW5MMGJ6K0ZJY3dnVStKdE9JQXVPSG9rRjdpSzFJazhuYlNpbThJM0E5NDBBcDJyQzR2cTJOVytYYWRPL25KTG12RjZLYnF2QnF5S3dWaDJJNDFtUHRuL2V0V2hPUHMvUkpuRGovMW1QWmxqMFU3bnMxejZGKy9jTUZ3NjNlcVIrM2p0dnROS0txSCtkWHdJdDFxeGRoMTVTSXNSR2txYVhHK1pWOWRzVWpwWXFtOWpBVkozZzg3WFQ5aUVLNW1BRGp1dTJhTkRNK1JXcjU3MEpCb255RHFlMi9JNjRFS3NTRGdyNk9JUmlCSXUvWlhNMk1ZK0dWcmZIcmlra0dtVFEyYk5tVnMzQ01KQkN5clJTaGlzV0l4OG50ek1OQzJKbmZtSmNKdXhycFBVZkJlcW1wVDNad05TRTBOQVFkVDFwK0NiRHBQK2JtVHY4NmRkd2RZZUZ5ek1QOFNnVno1UG9NZ1djVTJvWEsvdHRsZkR1QjRFL3pSV1o5WjYzQklDdW8vc3NwWGFENmd2UVV1NG5zSU1PRGx5bjc2eVd2YXgvMS83TTFMT2lMckJ4RUhIbUdaTXpyMnhiREY0QjFEbVg1U3hhSXhka0pYUlN3MUpPdnhKdTFOekl3QkNmVWw1NVRFSXd0L3VCZGJqNmVOSUZKd2dtZnpBU3VHalVVeHUwNlZaQXNWMnRma1kzWkJVYnowaWdCbG5oYm5NSTlkaW53NTNEVkxFRC84ZE9DVlg1UnBBUytLeEFQcnJoUEhDSEdFbTExSC9iZ01YM1lNLzY0cXdqNjZnKzN2dkgwbVVteHE4KzBWMVFPVW5Dc205NG1VeHRicXViaUJRTWxJUWFxTXk5ZVM2K2ltLy9hWG8zUUxYSEdvL20zdW9HK2VFZEJkMWZDMkM2Qjh6dlpmOHJUTW5HeXEwMTlSdUZxbDYxY2NPWXBEc2NTM3lUUUZGZC85V0dhNEltY1NJR1lZU1l1NXg1VVd3T1FFbzBLTTVESGZTTDYxVjRSdjZicHkyelZ5TlhpYy9TNXR6bUExdnNKMDBlS0xUYktIVnZQZ3FHdHljenJQcFhuZFB4bVlqL2EvL01oclR3Y1BLVDh6dHJpK0g1VUY0TE1LaWx5YlFNd3VhTlc4VkhHejdMaU5aajYyM25GSXM2eEdtV2NwSDR0L0gyNWRJRVhBYU5RcEE3ck9lWGRIN1V5Z1RoMVFNV1ZtdzBVYXcvTnNmTzUwMlpZSjJTbFA1WExHcjNadERNRjR2MG9yeHZGR2d2RlpMbThrSHl5U2FkWmkwRlRnamlWa3BlRFpXS1pDQ2dqWTkxT0NoV1ZwK2RudmRaT05TSEx6b3V3TEV1akdFZTJsV08zQjI3TFovVDVtZFpYYWJKWnZ5Rlo2bnlUZ01LdW9wK0ppR0tQbzRJVndEVVJ5cVZ3ZWQ5YzA2SFZOcDFaTU1kWGxuNGlXaUxIdyt5c29XOERYck0xemU4SnpKM0Nsa1RJcmJJNU1IS0pybWt3MTN4aXpPajd6MC9QaW1BZks1dDVqc1ZDaG5SWHUzbmpYRHlRRjRJMlVHcXhkRGNZcGhJVXMrTmo5ajBiVXNVQTFmZXVvV0RtbG1KZGlQSVpmWTh2TW9taUdLK0ZhMDNGTVYrdU4rZjJZa01YVGI2S25iQlBCazlkKzUrUmZWTnpVWkIva0JIblduSDdyTG9BcytoZW5udjlnUVV5enE0WkVIa3BEbU1TMEkvcjZSK3d4ZkRueWp2dFRNM1ludjhsaGU0bkE3eDBud05XbjAzMjF1SmVoaTE2cU00RUNwSlFzcFV2a3NsemFGVnR6QlJJSFNtdStVTGZYVXhqeFBRQ294VWlLZGU1c1RCN2tENXJWV3A3Q2F1L2huaFlScG5HYVkwYnREU1ZqaDJjTkdkSE9uNFZiY1BtVUhoMUNnNGR5N0ZNNytxNGRQQ3Q3Vy9YUVU3WUtuWC9yaUVsNDNyV0I3aHRTY1NTUEpRRXRIMkVOMVdhYlc2R2Y0RGlwaFZXREo2eThKOEt4ajlXK2IxRkJsN2h1ZUUyS2lCQlBmcVJsS1Nmb1Rob1lzcjBtSDVZZlRMU2JJSjdqOEM1djFSYUFHVi9wc3dPdkFMMW9nQ0c5OE1mdUd1d1lzcEdVc2lRNXFqWGIwUUxsa3lNZnoveXJCendpNlNLWUN5ZDdQMWlONkdHOXNiUVU1ZkdSUHNZc0JZOTk5N1JPVFM4Qy9rQ1F0eW05TUdiZWNaaVFubUZYNDlFamRKY1NTZVZGUlg5R3BqanhlUDdvYk1UOTNRcSt1SzRkbC9McXJjTG1IUGJoOEoxUUt6V0NVMnhhVU1hRjdiaENrd0NjREV5Vjc0N0dEamJyODJBaCs4TXVoa0pGTkl6K3czekpWbTMyNFRYZUUyc3h5cDE5dEhPcXRXQUp4c1AxaWI4TktDd2Z6aG9SbWh4TTNnTytLUElhd1M0OEh4OXllZkVOUU1EaUhmWjBLWTd3Mml5aVBWbDl5OXpLeE85eWVsT0hzSlNuQWgwVU1CM01kTkhLQ1RNYVEvM3V4VlBIYzBGZnRKcmdmUzJWSWlGS2tCV3hZRG1UODZaRDdYZ2lDZzZud2FObWFocU5nU2FBNWJQZ0xXN3VtTDNGUG5aRnJ5cTR5NGdXdHVVa3E2a2xLQlI3SXdIYkx6dlhDSy81TVJjV05RVWU3S1Z4U09YT0FGTkFaUlVMODFLSkVyUlJEazZDZ0tUV2JwVGlqY0tPeVhvNzMxek5Pa2dRRWdzK2dmazY5ZG1RTzZJVi82bWNEa1NBVjR3aGdCRldmQVdzUnpSSER2ZlNreHdLVHVwTHF4U2Fvc010VWVSL0Fsam93RHRCSk9NYkdEYkVGaStyWVJpMSsyYndqQlp6MHc5cGd1aVdWK3VlcG1OMVJkZDdSaXg5RmdrSmtod1JEVm1JMzQzN2lYdWZDdWdBSFZ2OTk4U2l4cVZFemRTcTkxM1ZYNjNYbTFVNU1TRDlsOXFvcXlZM2VXdlNvZTRucHZTSWxNZmFaeXVUL0dMY0xoeEJyaUp6K2tnbGN5SlRZWGYzM3hYYjdTTDlFdlZvM2JrS0E2MkkwZ01IVVlNdXF1RVgreXRBbUd6V2hGSDZGbEN3WVpvbEI3bVVubmdVSDBWbzJBdFJVakZZalM5YWxUZ1hQbFhIb3lkUE5HY2grWTdQaHR5NHlhTS9ZQXFwMUMvYXJlTFF1Wjg2eGpOaXlZUm9pNkd0QmxpMlU1S3RkWWk4UjJVM1hTbDU2WlI1NURsK1QyUkFMdDNGUGlXdElEVXJVN3VyNzZ4VDVGNVNqK1hRTms2NmN3SStPWGExWkwvQ1ZXSFNiMXZmMW5ReTJTRTVWMm5DdDBWWHdSclIwUVp1ZDNSZXJpU1k2QjBjSFFYR2s0aTRrZzkvTlNBckFFOWVKbitvaC93b3IxNHlwT00rN2hab0MxS09ENnM3am5iRDdVNFNNdVc5Wk11SER6QW9DUm5qY3FvR3Y0bDdtL204Sy9TdHEwbTFZYXhLTFRYUGNkd1JzdzVMRVNBTVM1bURqTHBCVnRocnVMT2MzVHVxV2IvUXpKZzcvWVZGZmY3eGNIVUpIMVplYkkyVVY1bFhDWFZ4NDdPS1NKc3hCalB1TENEd0pnUTRPMG5IeTdvSCs2Qy9aemhaOHhDVHdxRUxxSDE0aUFxYzNFWUpaK2ZPdC92a3FSU1VWcXlodjVFM3h3OXdZVlYrUGd5bTdERjJVTi9OU293NWtSd21ZOUhveXF4ZllCa0FEZHk5Zk05eFNpRTRKcG55MW9ER2wyMjg5QWNCckhMUWFJTGVES3RnbEFWejlRdUVKSUVqV1Q3T2dSRk15WUV0R3V3ZUlsY2RCSTI4aGM4Y3BvSFhXSkhOams4WlVXRnptTkVxZ0I3OXJpZVZreXIxL0hjcWJEbFNxK1ZUK3VYaWtkMTVteE0xOUhaY1V0V1Mrcy9NRkJYSkpFc1pWcVJiSlFYQ0NPZTZUMFNIVGdlaHVSY3U5MTJQdFVETUoxS3Vubkp1Q2s3ZFQrZmtWc1pPWk95Q0lLME43dXZuYjJOc0l0WThkZ2ViS1dzZ0ZKRjRvOWN6QnJOYmhDNjZDL2FLeXZ1QmxWRHVNK1pKRGlqN0p6Si9nSzRGNTJGYTVXTi8vYXQ1bTkxZC9NdXhhbWZ6cnRRaFl1U2lOUllDQ01ua1BYWjkwVDdXeTVMWVZrbVFubXVoWEZRbURUYmFwL1hPMStIeWwzcVZiakxzZ3lLWTNxQWtBVFFwd1VGSkZFN2p5d0N4TTRid1dBWTZId0RpY0lJaVJ4b3ZMVmk1bi8xd2ZBODRtYU5tbFNWVm9WbWdOTlVDazJYWDRrNDlzZldZdzRhSlMrTloySllqeVU3UEVEcElEaHhmSUs4TXZCbWdqWExEc1FNaHJJTXIxRFB1dWYrM3AvbllPc1U4V3VFMDBBMm84OGZBOWNVSmxpYThDWUlNa2NQeWppMjQwdGptMjY0aG1MUTFqMzdEbmJnSnhaa1BleDFmTWswOHVOTERSL0hUbXRKM1lrdzRHTDU0MllpaFlVQVI1b05mT2RaRFArZHovU25aVEpDM0greWxmcVFaYkF5aERicEE2N1lBNGNBMDA5TDNGamtiY0QrdGt3bk9kZTEvR2JzQUt1M29TNEQ0aWhZZkgrbit5QnhFRmFVc0E3WjMzdFVrYzhSbytLQ0RzenhrRUcyVHd4RndYa1NiVGQxUGdhMlAxQzdCKzIxMlBmdksvL29EeHFaUm5SSldUTXpDUlFtODR3czhVVUNyNnVwNy8yUUFCQUJvQVFBQUJUUUJBQUE4QkFrMENBQUFBQUFFbUFjNEFBQUlBQ1FJQkFRb0NBQU1BR1ZSb2FYTWdhWE1nYjJZZ1JtbHVaMlZ5SUNneUtRPT08L0JEQj4KICAgICAgICA8U0I-WlhsS05FNVhUV2xQYkhOcFZGVnNTbEpxWkZWUk1FNUNUMVprYmxGWVpFcFJhMFp1VTFWS1ExWkZSazlSYldSeVkxZG9jbUZWWXpWa2VrSkRVVlpHZWxKclJrVlJiR1JPVlZoT00xRXhSbHBTUmxwU1ZWVmtSbVF3Y0V0WmJYQkdWRlV4UW1Jd1pFSk5WbFpHVVRCR00xSkhSWGxTYm14T1ZWaGtNMUV5WkZwU1JscFNWVlZvUlZGVk5YQlphMmhLWlVWU1ZWRlZlRU5hTURWWFVXdEdkbFJWU2toVmJYaHJZV3RzTkZKR1VrSlVSVXB1Vkd4YVExRllUazVSYTJSVFlrZFNjVk5ZYUVWV1JVWk5VVzFrVDFaclNrSlVWVEZEVWpGS2MxcEhjRXBrTUdodldUQTFUbUZyVmpSVVYzQk9aREF4UlZvemFFOWhhMncyVmpKb2FsUnJNWEZUV0dST1ZrVnJNVlJWVW01bFJUVnhVMWh3V0dGclNsaFVWa1o2WkRCT1VsZFZVbGRWVmtaSVVsaGtTMU50U25GU1ZURk9VVmM1U0ZGVVJsWlNWVTVDWkRCU1ZFMXJXalZVVmtZelpEQk9ibGRWVWxkVlZrWkpVa1ZHVDFFeVNrbFRXR2hGVmtWR1RWRnRaRTlXYTBwQ1lqQXhRMUpXY0VOVlZFSldaVVZTVlZGVmVFTmFNRFZYVVd0R2VsUlZTa1pYYTBwU1RVWldORkpHVWtKVVJVcHVWR3hhUTFGVk1VNVJhMVpoVVd4RmQxWllaRzVhTUd4d1ZGVkZkMUl3VGxSalZXUlVVMWRKZWxKR1JrWlJhMFpTVmxWR1FrNUZiRVJTU0dSQ1pESmtibE5WZEVKaU1HeEVVVlpHUkdGSFJsQk5SMmN6VjFoV1ZWTXlkRzVpTVU1TVRXMTRTRll4WjNkU2EzTnlWbFZzZFV3eVVrbGxSM0JaWWpBd00xUnRTblZhYmxseVRWUm9XVTB6V2twUmJGWktZa1pTYTFac1RuRlhWV016VFZSb1JsSXpRbEZQUnpReVZucFZkMDVVVmxCYVZ6VnJUSHBTTTFKWWNHRmhTRkpLVmpCa01FNUZPWFpUZWxKclZWVldUV0Z0VWxsVE1tTjRWMFZTZEUxWFNreGxWa295WW10dmRscHNVbk5VVXpsWFkyeGtWV0ZxYkdsWldFWjRWVmRzVUZaRk5IWldSVkpIVTFkRmVWUjZUakJNTUZKYVlXcFJORlZIV1hsYWJUQXpVV3hOTWxaWWNHRlViVW96VWxoQ1VXVlZaR3hsUkVWNFZrYzVNbGRyU2xSU1JUbEhXbXhhY0ZOclVucE9Wa1Z5VG14dk5GRllRakJoVlRWV1VqTm9RbUZxV2taa1ZFMTRZVmhhYVdOclZtOWlNRTVJVVd0U2RXTlZZM3BPVjNkNVRESTFjbFl5YUZCaVdFWndXV3RaZDJSWGFEWk5hazVSVFRCa1ZWbHNXVE5rUlZWMldrWm9RMUpFYUZsUk1IQjRUak5LVG1SSFJrMWliV1EwWXpKYWJWTXdiSE5UYmsweFRWVk9lbFZWTUhKamJteEZTM3BHYUZZeU1ETlNSWGhVVVZWT05HTkVTalZhTVdoWVdXcFdVazVzUm1oVmVrWm9Xa1JvY2xSc2NFdFdWbHBQWlVjeFQxWnVaRFJTYVRsTlYwTjBWbGx1YUdwT2JrWktZbnBXVGswd2RFZGtSRXBoVjJzeGNXRnNiRTlPVnpWcVkwWndSbEpyZUhSalZWWmhXVlZHTTFKNlJsUmlSVko0V1ZSU2RtSkZlSGxSTUZwRVdXeENhbVJHVW5Sa2JIQXlZekphUkdONlpEUk9iV3MwVlcxck5XRklWalphYmtZMFdtcEthazVyY0cxaGExSktXVEpvVmxwcE9IaFZhemx0WVZoamVtSXdjRU5qZW13eFZsZEtiMDF0TVZGT2JVNXBWR3hvUzJGRmRGcGxWMUp3WVZkTk1sRnFRVFZTTW04MVQxVmFTVTVWTVdwbFJFcExUMWhKZW1OWGFHaFpiVFV3WWpOQk1tSnNVa05hYW1ReFVrUkNXVk42UWpaWGEyUTFWMnBDVTFwWVRuQlZWemcwVGtVMVZWa3hiR3hPZWtwM1l6QmFZV0ZYY0RGVlJVWk9ZVlJHWVZkSVJraGhhMmgyVGpKbk5WWlZiR2hpYkZreVUzcHNSMVpIY0V4aVZXaEdaVmhqZWxZelJrNVNNMmg1VmpOS00xTXpSbWxXUmtaTlUwUmFibUV5TUROa2VtUnpZa1phUTFGV1RuaFdNRVpPV2xaT2NsRnJiSEJaTVVaU1UxaHNWMlZGVlRSVlJteFhUWHBrVEZVeVVsWk5SV00wVW10NE5GUXpWa3BPU0ZVelkyMTBSRTVxVmt4Tk0xcEVUVEJLYW1Ock1VdFBSWGhWVXpOVmRtUnRlRWRTVjFKUVkydDRWV1JHWkZsVmFtaHRaREJrYTJWSGNHeGhSbWcyWTFoa1NsSkZSbEpSVlVwMlRrVm9SMVJWYkVsUk1ERkNZVEJrUWsxV1ZtdFNXR1JTVVRBeFFsRllaRVpWVm14TFYxVnNZVk5WUmxwWmFsSlNXakJXUTFGclJsSlNSVVp1VmpKa1RsSkZNVWhSTVdSRVVqRk9RbEl3WTNKU1ZXeERVa1pHVW1KVlduQlZiRUpxVWpGYU1WWlVSazlVVld4R1drZDRhV0pXV2pWWFZtaFRZa1p3UkZGclVtbFNNbmh6V1cwMVVsb3hSWGxXYm14clVqSjRkRmxXWkU5aFIxSklWbGhrU1ZWV2JFVldiRWwzVkRCS1ExZFZWa2RVV0ZKdFZURmthMUpzV2twT1YwcHhVV3hXZEUweVJUVldhMlIzVGpOT01tRkhNSEpVVlVrMFVqQkZlRlpYVWtwa01VWmFWRlZLYUZGVldrTk5TR3Q2VGxka01VOUdiSFJpVlVwMFYwVndiRk15VW5wV00yaHlWMWhLV0dOWWNFNVJWRkpJVVZSR1ZscEZVak5TVlVsMlpERkdSbEZZWkVwU2FsSkZVVmRTUTFvd05WZFRSazVXVWxWYWNWRldWa05hTW1SNVVXMWtSbEpyU2xKWk1GSkNXakZzU2xNelpGcFJhMHBTVmxWb1FtUXhSak5TUmtaYVUydDBkbGRyYkc5a2JVNVBVVlpHUmxSRlNsSlJWVkp1V2pCc1ExRlZSWHBTUlhjMVRsVjRhbVJGZDNKU1ZXY3dXbFpvTkZJd1JuTlZlbEp2WVhwV1NWbFliRFZqTVZaclZFUlZjazlFUmtOaVIyaERZM2wwV2xReFJrNWlNazVDWlZVeGFtUXlXVEJNTUZwU1lXcFNTV0ZIWkhOVU1rWnVZbGRSZDJWcVpGTmlXRkpzVlVWb1MyUXhSVE5STVVKTVRrWmFNRTlZY0hKVE1qZzFaRzB4Y2s5VVdtOVVhbFp6V2tWM01GbDZSazFpYmtJMFZVWmFXVlZIZDNKVmJGSkdXVlZLYzAxWFpIWmtNazB3WlVkT2VsZEhXakpUTW1oRlRsWmFUMDFYU2tSVlJrazBaRWhDU21OSWEzSlhibWcyVDFab1RHRllSalpTUXpsdVZHdGtSazE2UmtwaFJFSnBVbGN4V2sxV1JuUldiRll6V2xkM2VsZEhOVnBOVldzMFlUQmFNVlJYYkZsV1dIQkxUa2RPZWxGdGVIUmhia0pEUzNwc05WRlhWazFXUjFvd1l6TkZORlJVYXpWbGJteGFZbFpzUjJGSWNGaFpNbXh1VkdwR1JrMHdSbFpWUXpoM1VrUktNRlZHY0ROVVZYQlNWRE5yTlZJd2JIWldhbHBEVkVWS2VsWnRTWHBMTWpBd1RXMVNkV05XV2t4a01WSjJaRlZTUjJWWVJqRk5iR3MxWldwS1JrNVlUa2hTYkhBeFdWTnplRk14VWxkVFJuQXhUVEJOTUZWdVZrSlVSVTVRWlVoQ05FOUdTWFpqTVVwWFVtNUNTMkl6YkVwWmJscERUVlpDZVZGVlpGVmpSazVUVWxaS1YyRldTbFpVV0U1WFltNU9TbFpFVWtaalZHUklUMU4wVEZaV1NsSmpSbXhOV2tkYVMxSkdhREZTYTJnMFZUSXhVVTR6VGxoa2JtZHlVa1U1ZWxsc1dYcFViV1IzVTFkNGRVc3pXbEZaYWtKdVdrUmtiMVF4UmxCak1XUjJaR3RzZUdRd1NrOWhNRlp5VGtVNU5XRXpjREZVUlU1d1lsZEdNbVZVVmtsa1JYQjRXVzFzVGxscE9IcFZWbWhTVDBWV2IwOUViRWxWTUZab1VXMU5kMHd6VWxkT2F6QXlZMWRvVDFWclNuSldWR3hJVFZjNVUyUjZiSE5YYlVwdVlqQnNSbVI2V1RCT01tUkZaV3M1WVZKR1NtbGFXRVp6VGtVNVNrc3hjRkZpUjNBMVQwZHdVbHBGYUZGWGJrcDJaVWhTUldWWE5ESmlSbXN4VVRCb05GVjZaRFpqZWtac1kxZEdiazVXUWxOTlZGcENWakpHVFZKRVdqUmpha0l5VlRKT2RXRllXWGxsV0ZKc1YxVmtkVk5GYkZsT2JXaE5WRVJaZGxkWGFFUmlNWEJvWkZkWk5WSnVhSFZrTVVaT1lWUk9UVmRFVFROaFJHeFZVbTAxWVUwd2JIUk9RM055VkZkYWMxTkZOVlZOUkZKWlltNVNkVTVIU25GWGFtUnVVVzF2ZDAxSVdsaE5WMVl5VFRCV2FGRldjRlZVVkVFeldsUlNjMWt5U1hoVlJWSldZV2s1ZEZsdWJ6UlRhazVXVVZWR01tVnFhSEZqU0VJd1dXNUdWMGxzTUhOSmJVWnpXbmxKTmtsc1NsUk5hbFV5U1dsM2FXUkliSGRKYW05cFUyeGtWVWx1TUM0dWJFNU1ObXc0VkdSS1ZEbHNhR3RUYVc5elpYVktSamhwTVdJd1NUQnBRblkzWWxGc1NWbHZRbUZJV1hsTFNEWjROVzlVWkdKeWIxSjFVVUZCVGxCM01YZ3hUWE5NYTE5emRrOVdaamhTVG10NE5FMXNiVGxpZFVodFptZDRha05VUkRaME9WcFdRWEZXT1dscVkxQlJXVmhsWm1VdFdWRmZhamsyTnpoQ2JGTjVTRzFLUlRCMk1VaEZhUzB3UXpoaFV6WnNVRnBoV1RWd1ExWnlSR0ZZYURoNGVWZEhWbFF5Y0RWM1ptOUNUMXBFU1Zoc1VHVllkVzEyVkRWNmNuUmlVeTFKTnpGS1ZVbHJZVGx4V0ZKUWNYSjVWamxrYmxkelduaDJYMFo1Y0hCdFRHVjZVWEIwVkZRNWNFWkNaakJzZVdzeVRGSlpaVEZuZGtobFRtSlJUMWhrTUc5SlFsbFllbnBIV0V0eFYzaFZVRFJ6TlhWbWNuTXROMVJSYWpOemEzSnNWV2xvYUZGT1dYSk5SMGxGZDBVNE16Uk5SR3hTZVhweGMwMUJXbEpQUlVsV05YbFZPRmhmTlUxWlVHbHBaVGx0VUdKWk1VNDJTREp4UVdaV1VreFphbTlzU0U5b1RtdzFTbXhhZG5FeU5YTTVSWEoxYTNONFJ6VXhkVEo0TVZwWVExWTVSaTFPY2xWTlUwdFhXbUZwUkhrMU0xZGxhemRRWW5OdGVXVTFiSEY1VlRsSGJsRTJNV2hqY2xwaFZrbDROa1ZvVW5OWlIxcDZZWFJZUWxKaGNGQlNUelV6WWw4Mk0xRnRhSFo1V0hScVZqQjVhWEpWUjAxaE1XOU9XRlpyV1haYU5rdG9jbWc0TWtSS1NXNDVZMnBvV0dScGVXSmhVVFYxWjBGSmRsUnRUR0pQYWtOeFNUaGpaMFZhYkdZMWNubFlRVXBrT1daYWJGQnFiMk5TYTJkaVNrOXRaR1l5TTBkckxYRnRZMVZ5TTFadGVVc3dWWEp6UTNWcFpsWXRiVmRDVUUxeVNYSTROWFpKU214TWExVTJPSGc0UVV4amVWbExNM1owYW1kclpFa3hSMUp4ZEhvelZqRkdabEpFUldsS1MxQTJTWGRGY21wRVJsOUVlalZZYzNoRWVFaExNeTAzU2s5M2RFWTViMnBXVFZreFpWZHBSazlOTTFwVFdrZFlTa2xSUzAwPTwvU0I-CiAgICAgICAgPG90aGVycz4KICAgICAgICAgICAgPGVudHJ5IGtleT0iU1BFQ19WRVJTSU9OIj4wLjkuNTwvZW50cnk-CiAgICAgICAgICAgIDxlbnRyeSBrZXk9IlJFVFJJRVMiPjA8L2VudHJ5PgogICAgICAgICAgICA8ZW50cnkga2V5PSJGT1JDRV9DQVBUVVJFRCI-ZmFsc2U8L2VudHJ5PgogICAgICAgICAgICA8ZW50cnkga2V5PSJFWENFUFRJT04iPnRydWU8L2VudHJ5PgogICAgICAgICAgICA8ZW50cnkga2V5PSJQQVlMT0FEIj57ImRpZ2l0YWxJZCI6ImV5SjROV01pT2xzaVRVbEpSamRVUTBOQk9WZG5RWGRKUWtGblNVSkNWRUZPUW1kcmNXaHJhVWM1ZHpCQ1FWRnpSa0ZFUWxkTlVYTjNRMUZaUkZaUlVVZEZkMHBLWW1wRlRVMUJiMGRCTVZWRlEwRjNSR0V5Um5sTlVYZDNRMmRaUkZaUlVVaEVRVTVwWWtoSmVFUlVRVXhDWjA1V1FrRnZUVUpIVW14a2FrbDRSRlJCVEVKblRsWkNRWE5OUWtkU2JHUnFTWGhFVkVGTVFtZE9Wa0pCVFUxQ1IxSnNaR3BKZDBob1kwNU5ha1Y0VFdwTmQwMUVaM2hPYWtsNlYyaGpUazFxU1hkTlZFazFUVVJuZUU1cVNYcFhha0pYVFZGemQwTlJXVVJXVVZGSFJYZEtTbUpxUlUxTlFXOUhRVEZWUlVOQmQwUlRNa1o1VFZGM2QwTm5XVVJXVVZGSVJFRk9RMkpJU1hoRVZFRk1RbWRPVmtKQmIwMUNSVnBDVVRCVmVFUlVRVXhDWjA1V1FrRnpUVUpGV2tKUk1GVjRSRlJCVEVKblRsWkNRVTFOUWtWYVFsRXdWWGRuWjBscFRVRXdSME5UY1VkVFNXSXpSRkZGUWtGUlZVRkJORWxEUkhkQmQyZG5TVXRCYjBsRFFWRkRhR0ZQTUdnM1dYVlVTMnRuYjFOTE1teEhWMWd3UmtzclZVbHVMMlJJZUdwWWIwMDNUbUp1Wm5Zck1UaFlNM1pKUWxWSmJGUmtWbE5xV1VjM01UaEZSM0JRT0c0MlZ6VXdOVFZQWlc1a0x6UjNSWHBhYUhSSlYwZDBORTl2U3pSa1VVVk1hbVJZUzJjeFdFUnRNV0pMZVZKMmJrb3ZabFJzVFM5V2NsZFVhamxpWVhGeFVXbFBWRTR2VkVSR1NXRXlUek4wTDBSWmFqUTRVR1l5Wm0wM1FsTTJWWHBhVG1KM1JYQlFlVWRsZURFeFZHOTJXa0pUUkU5R1psWnBTa1J6TlZFck5sbzRRWEIwYVU1VlIzaEJhalpGZFRNeGFYWmlja1ZvYjBOSFFrUnVjVWN6Tld3eUwyNXJWMmhQYlhGcFlrWXdkV2g2TWpOUU0wZFVZbFkzZEVVdlpGaENSRGhZUTBweE4zSk5kR0ZNYm1kNGMyWm1TMGxzU25NMU1VTnpVVTByY25sRUt6RmhWMjAzUkV4VFFVTjRjREo1WjFoWFlqVlJObEZoVXpGaFpEaHJUbHBLVlZaT2VHMU9WbmQ0Umk5TVdDdFZZbmhqTm5GSmJ6Vk5NMHRHZERKYVdrMXFhbGxPTlc1amNGcEZSa3h0Y1VWYVlVRjNSekZUYkVSeFlUUnZiRXh5UTBaRFlsQmpkRlJ0ZGxwMmMyWkRjemQ0Tm1rNFVtazVhSFY2Wm5GNFpqSmpOa3BtYWtSSlkyaFZaaTh4VWs5bWFYY3piMHBDY3psMVZXSm9NbTFRTm1OaVRsaEthRXRaZVdScGFXTTJRakE1UjJvNU9VWklOVTFqZURKS09YSXpjV2hoWW01MGIzQTJibFJDWmpkMVJEQllTekI2V2tkNVdqQlNaWE5wVVc4NE5FNVVZMWxsTnpKd2MwWmFhV3AxVUVGTmFURmFXSEZIYWtodk4yZzVWVWxoYmxZMlN6bEdWR3BMYlVoRmVYY3pWM0ZOUjNoeVYzSjNTM0ZpVkZGTVNEWm5hMjAzZHpkc2JGWkNRVk54VjBGTlpWTnJRa2xwWTFGUlNYbFdlRVU0VUZsV016ZExVMlJWTUVjNFJreDRUM1ZKTkhVM2NtdEROalZMTTNaRE0wSmpjazFLT0V4VVMzVXZkbXhHUldSUGNreFVkRmRZVWpobWQwZGtlR3BsYUZoNmNYZEpSRUZSUVVKdk5FaEdUVWxJUTAxQmEwZEJNVlZrUlhkUlEwMUJRWGRGVVZsS1dVbGFTVUZaWWpSUlowVkNRa0ZSUkVGblYyZE5SRTFIUTFkRFIxTkJSMGNyUlVsQ1JGRlJiVVpwVWxCalIxWjFWVEZPVFVsRlpHeGliVlo1V1ZoU2JGcERRa1JpUjJ4c1ltNVJaMUV5Vm5sa1IyeHRZVmRPYUdSSFZYZElVVmxFVmxJd1QwSkNXVVZHVFhSbVUxZGtSbFpKTldKcVFsVnRNMkU1Vmtkd04zTjJhRzByVFVJNFIwRXhWV1JKZDFGWlRVSmhRVVpDTUhrek5XZDFPRmx0YlVKdFdFcGxTMlJ6VjNocldYSlhjWHBOUVRSSFFURlZaRVIzUlVJdmQxRkZRWGRKUmpSRVFXUkNaMDVXU0ZOVlJVWnFRVlZDWjJkeVFtZEZSa0pSWTBSQloxbEpTM2RaUWtKUlZVaEJkMUYzUkZGWlNrdHZXa2xvZG1OT1FWRkZURUpSUVVSblowbENRVUV6UkV3NU5VeGpkRXdyUlVnMFpWaDRSMEZzVXpSb2F6VklZWGw1YzFWa1REVXJPREZDYkdoQ2N5dFpUMUZOYjJOQmVVMWpkMlkwTDBaUmFqUklhR2RzVDJGbmJXUXdlamRTYlhSbFVFaEtkMUUzUTFCTE5GWjBPWHByUzI4NWRtMXJPVFpvVGpWc1pFdzBZekZNYm5CNFVGWllVR3dyVWxSRllVSnNNV2R2ZDJNMGVHTnpXR1oyUzJoRU5WWk9NV0pEVUZJNGRIQkpjSGtyV25oNk9WaExhWEY2UkM5blRrZEZNekZKYURCaVJXMVpNVkZ0VmxWM1pXd3pXRzVaTVVrNGEwWjFUV2xZVlhwS05HTnpRbXh0YW5CQ0t6bDVRV1ZNVkdaMGMzRTRUVGs1ZW5sWmJWbEdhSHBYWTJsblRqRkZNMEZWVUM4d1JESjBVRnAzVFVwUlQzazVSMGx2VmpaQ1RFSnpWbUl6SzIwME1tUnVjVlpMZDFSdmRVUkdlWEYxTWxrNWVqSkZOWE5IUmxwMVlTc3hTMVJXU0ZwMU0wTTBVblZCVEVOUGVIQjRPRkl2YzFKV1JuQktiM2xKWW5aQ01WQnlRVWRVY0ZOU1JWSldhVkpWVFhOV2JuTkpWRFJGY1RkSE9TdExWVkpSY0ZsTVpHWktSRmgxUmtoNFUyMVFOM05YZG5nclJFOXpZbFl6VG1kd1NXeHVLM1pRWWpCblpEZG9UMUZQYzFkdmRrbHhkMEpPYTBWck5FOTVhM3AxVEVOcGJXRjJlVFZJZEVweFltbE5ZaTh6VVZoUk9FVm9PRGxJVTBWaFFtTXdMM1JXTmswMmNXaE9Va0pyVlRsSE1XOVNkemxzV21KbmIwbEZkelkwTjJkRWVrOWFSRkppWlhGc05FOUpLMXBRYkdwNU9HcFJaRWhRV25KdmVIUkVlVzQyYkZrMVEwaDRVemQ2Y3pGbGNXRm5OVkJTTVRaQlYyRk1SRFo0Y2pCMlUyTnVhWFl5ZVhSbFdVZHVTRWxZTm1oTVREWXZXV2hEYjFwaGRXWTVSbmh1ZDFGTmFUTk1XRE0zYURsVVJtNWFNMGx0TkNzclRXWnNTRTVVTURSWWJuUnVOR0pxV2pkblFtb3dNSFpYTVdWMk0wVmhRVnBVVFRBM1pUUnNZMkl4VUVSVmFpOXRZbm80U2pOVlFVRjJlamhxY0hCMFluRldJbDBzSW1Gc1p5STZJbEpUTWpVMklpd2lkSGx3SWpvaVNsZFVJbjAuZXlKelpYSnBZV3hPYnlJNklqRXlNelExTmpjNE9UQWlMQ0p0WVd0bElqb2lUVTlUU1ZBaUxDSnRiMlJsYkNJNklsTk1RVkF3TVNJc0luUjVjR1VpT2lKR2FXNW5aWElpTENKa1pYWnBZMlZUZFdKVWVYQmxJam9pVTJ4aGNDSXNJbVJsZG1salpWQnliM1pwWkdWeVNXUWlPaUpOVDFOSlVDNVFVazlZV1M1VFFra2lMQ0prWlhacFkyVlFjbTkyYVdSbGNpSTZJazFQVTBsUUlpd2laR0YwWlZScGJXVWlPaUl5TURJeUxUQXhMVEE1VkRFeU9qRXpPakU1V2lKOS5QcFlTaXVxdzJ3Vzdxck9XbldTLXFqVTBJaGU3QXpYXzE0bHlVX2RfTGd4cDdJdVdzS2t1UGFEN3pwdkNnd0JDSkhKWW1ka0U2Q21GOW5SR2kwdGoyeDBXTVRPMThoMHljMWpyTjJJRk41STJJTDhxNi1melM3NWMyeVZ0enJQX190THZKZzR5LTBwbGExUl95azVXQ0dybmVaLTRPeVhsMjVFR2haR0JaRXZ3RkR3SmpReVJhYmVQUlBGMnFkTkI0VnF2SWMxZnowcjNucEJqZV9pRzZzVUtWOXVXaVFNTk1NN2pYM01QU2Q5Nm96UkJMM2d2RzJ4dkVhNEVmdTVJc3dWQkJBSk1XWk9IOHhzSTNRc2hIZ1NEZ2RGWnpEYWFTUmdXbE9TUmprMWNQSG1GY0RZUVJQQjFsdXdSRmtFX3cxOEtkLWZEOVl1NThaQXhXR2wxMzQxY19wU2ZvM24wM1pJZUxvMFJOOHRKSnVtdXFUTTNYSk9EdS1EV1JuT3VXUkRqSngzRmJqdEpabG4yMThuOEU5NVBBQkNqelNwX0FKRWV0ZmE5d2xQYWlFZm1icjNOYXFVc01pR3dOVHU5cXZKS0RtRmppZjFPMHQzQU1JVHk0YmJIdnR1eDBhYUVvYzFoX0c3aFpWeUlNNk90OXF0d0hUM2lOOV90Y2oyU0VubjRsUURyNjVlMHpiSmNsWEM5YmNnMjNtZzJQQUVySUhzTDl3d3hDc3F1THdGVzhlMjFpbUhKRlNYVDhfODBiYUNmaWY2Umdzd1F5bjZtMll0Y3FhTVRMbTZTM211REU5d0YxeE54WDcxM0thbS12M3YzRjE3QjFlTGtQMmc3VXpoUXZrWnFhWVRKWkNmM2NoWmNqeGQ4WHFRYTNPUWlKYllXdW96cWR5MCIsImRldmljZUNvZGUiOiJiNjkyYjU5NS0zNTIzLXNsYXAtOTlmYy1iZDc2ZTM1ZjE5MGYiLCJkZXZpY2VTZXJ2aWNlVmVyc2lvbiI6IjAuOS41IiwiYmlvVHlwZSI6IkZpbmdlciIsImJpb1N1YlR5cGUiOiJSaWdodCBJbmRleEZpbmdlciIsInB1cnBvc2UiOiJSZWdpc3RyYXRpb24iLCJlbnYiOiJTdGFnaW5nIiwiYmlvVmFsdWUiOiImbHQ7YmlvVmFsdWUmZ3Q7IiwidHJhbnNhY3Rpb25JZCI6IjAwNzRmZThhLWJhNGYtNGRlMi1hZTgwLWFkNmRlNTU0NjA1ZCIsInRpbWVzdGFtcCI6IjIwMjItMDEtMDlUMTI6MTM6MTlaIiwicmVxdWVzdGVkU2NvcmUiOiI0MCIsInF1YWxpdHlTY29yZSI6Ijk0In08L2VudHJ5PgogICAgICAgICAgICA8ZW50cnkga2V5PSJTREtfU0NPUkUiPjAuMDwvZW50cnk-CiAgICAgICAgPC9vdGhlcnM-CiAgICA8L0JJUj4KICAgIDxCSVI-CiAgICAgICAgPFZlcnNpb24-CiAgICAgICAgICAgIDxNYWpvcj4xPC9NYWpvcj4KICAgICAgICAgICAgPE1pbm9yPjE8L01pbm9yPgogICAgICAgIDwvVmVyc2lvbj4KICAgICAgICA8Q0JFRkZWZXJzaW9uPgogICAgICAgICAgICA8TWFqb3I-MTwvTWFqb3I-CiAgICAgICAgICAgIDxNaW5vcj4xPC9NaW5vcj4KICAgICAgICA8L0NCRUZGVmVyc2lvbj4KICAgICAgICA8QklSSW5mbz4KICAgICAgICAgICAgPEludGVncml0eT5mYWxzZTwvSW50ZWdyaXR5PgogICAgICAgIDwvQklSSW5mbz4KICAgICAgICA8QkRCSW5mbz4KICAgICAgICAgICAgPEluZGV4PmJiNmU3YTM2LTRhYmQtNGZiYy05MmFkLWI2NGQzY2U5ODUzMjwvSW5kZXg-CiAgICAgICAgICAgIDxGb3JtYXQ-CiAgICAgICAgICAgICAgICA8T3JnYW5pemF0aW9uPk1vc2lwPC9Pcmdhbml6YXRpb24-CiAgICAgICAgICAgICAgICA8VHlwZT43PC9UeXBlPgogICAgICAgICAgICA8L0Zvcm1hdD4KICAgICAgICAgICAgPENyZWF0aW9uRGF0ZT4yMDIyLTAxLTA5VDEyOjEzOjQ2LjA5MTg1NFo8L0NyZWF0aW9uRGF0ZT4KICAgICAgICAgICAgPFR5cGU-RmluZ2VyPC9UeXBlPgogICAgICAgICAgICA8U3VidHlwZT5SaWdodCBMaXR0bGVGaW5nZXI8L1N1YnR5cGU-CiAgICAgICAgICAgIDxMZXZlbD5SYXc8L0xldmVsPgogICAgICAgICAgICA8UHVycG9zZT5FbnJvbGw8L1B1cnBvc2U-CiAgICAgICAgICAgIDxRdWFsaXR5PgogICAgICAgICAgICAgICAgPEFsZ29yaXRobT4KICAgICAgICAgICAgICAgICAgICA8T3JnYW5pemF0aW9uPkhNQUM8L09yZ2FuaXphdGlvbj4KICAgICAgICAgICAgICAgICAgICA8VHlwZT5TSEEtMjU2PC9UeXBlPgogICAgICAgICAgICAgICAgPC9BbGdvcml0aG0-CiAgICAgICAgICAgICAgICA8U2NvcmU-OTQ8L1Njb3JlPgogICAgICAgICAgICA8L1F1YWxpdHk-CiAgICAgICAgPC9CREJJbmZvPgogICAgICAgIDxCREI-UmtsU0FEQXlNQUFBQUREYkFBRUJBUUFBTU1zSDVBb0pFQ3NhQUhvQUFBQUFBQUU3QUVBQUR3SUFRQUlBUUFJRkFBRUI5QUgwQWZRQjlBZ0ZIUUVtQWFzQUFEQmFBQUFBREdwUUlDQU5Db2NLQUFBQUZHWjBlWEJxY0RJZ0FBQUFBR3B3TWlBQUFBQkhhbkF5YUFBQUFCWnBhR1J5QUFBQnF3QUFBU1lBQVFjSEFBQUFBQUFQWTI5c2NnRUFBQUFBQUJFQUFBQWFjbVZ6SUFBQUFCSnlaWE5qbWNvQUFabktBQUVBQUFBQUFBQnFjREpqLzAvL1VRQXBBQUFBQUFFbUFBQUJxd0FBQUFBQUFBQUFBQUFCSmdBQUFhc0FBQUFBQUFBQUFBQUJCd0VCLzJRQUl3QUJRM0psWVhSdmNqb2dTbUZ6VUdWeUlGWmxjbk5wYjI0Z01TNDVNREF1TWY5a0FCQUFBVVZ1WTBsRU9rZFNRbFF3TWY5U0FBd0FBZ0FKQUFVRUJBQUEvMXdBSTBKdkVHN29idWh1dUdiOFp2eG00RjlNWDB4ZllrZ0RTQU5JUlUvU1Q5SlBZUCtRQUFvQUFBQUFMMUlBQWYrVHo0M0lFODNIelNaYzFBbk9rd2ZUaFA4MlYzK1RkTFNFZHk5QktLcXZKdXF0N3g1eU9kNm1ybklEM2owU3YvNEtkcDJodFBERmY1aHlzZ3hqOHBCb1dZdkNPVy9CeHRKQTVIVmhQYmpaemNxQWdJRHhJSSt6K1B5VTlKcWNNQXZwZHdWNi9QYjg2NER4UUVieGwwbXRpUlBuTFF5bUtBcWQ2MDBTRHNlaWdNRmVBQ0RueTBaOGV0Y090OVdKdGJNOXhhRE5BQ0dxMHhaRzZMSFRyY0NEL3pQdy9qNEpRSm4zNGE1MkR2TFVjUDhRT3N6aUlPajBUWWdtT3g5Q1BhSXR1blpqb3pCUjJFKzl6WEhBdXczUDZoVVJ3QStjODBUYkxvWFJGTnlaZk9kc3N3UTFPSVZrbFFCc2x1YmVQS0IrclBFT1UrSUE4UDB6UlRNWHhJbDMwMStUR2pZVllBajhQSERncVNEYnZLcDd6TlhrS0FpaXpRdXpmcFRsc0hOZVN2UlpEYjV0djd6UmdNZEY3WWVidk5ZNm1Wb24wUzVwOFI2WnhRQy9GZ2FmOTZRNTBCUlJuekpLSXFBWGpXOWxLVHltMnMzZ3h5YU1BNUw0akNVc2JYT0IxS3k2VGNZZWtJZ1VxOERrWjBNZm9sRG1SUk1PcElERHJud1BnTWNxMnlieVMrbXJYZy9Nc3lIYUt0b2JKZTBHY25BbjRSaFljUjdUbERrN3pva3V2dWczeFZuL1pTRVdrNk5hYS95Q0dBMnFaOUUra2gvTmtPcUFuMUNmUTBsazQwNVFmVGU1d1oxUXNvN25va1B6YjgzL0c1RHNjdjNvdWpzeTdEdGZLVGduRkhkOC9BeEJjZEd3ZU9rTVQwRDFKdFkvMkdRSlZOSXJ3bDZrVjZZQnM5dnJDbmpBSTFoZUw0WDFlajRIdjJVY0hkNTN2VWJCVHJxSnVUT2R3bE94akt5SVZ4Rk1FUEZqYmc1WFZ6aURLTWtzWnptdVh4cHNKZWVIamJSSkVRVDRzU3dPN3RyMCtUejFGNUY3dHRQOXk4ZENoWWlvcS9nZGtETnVGZ3ZaQlExcm56dnRTRUsyeWlydmpIWmxTVVNuMVpRYWgyVDVEUVdTai9zTHhNWEdtT05XZ05hVm5WclA0RFBOTms4NjAwQk9wWXlPZVNLUTBhTUJMcUlJcU5YSnRYWmFKVVluRkVZMlM2T1VhZ0ZQUmtnaGl6cEJEWXFXUkVPVDdnbXljaEJza0Zya25kTjArVmNrQmdSSGdqcEQ3U3Znam1GOGNYZk41bUVmRCswcHBCNGNiZksrdlpJZHcyaDJMTHFmOFFBbVNIWnh5RnFWSmVBbGRsTHI1V1BMVTZqclFhMU9nMUFYZXhFSU1TcTRsdVQ4aTlCWjlFb1hzUyt4NFRpV0ZNcGdkc216dHRmUlVHYk9Va2I5WXluVG9iZ3FveVcyRzZqekJtYXg2K2kvWm5qbHcvZjkrMXdiYU9LNkl1Y25yVVNFSkxnZ1VwelJpY2t4RktDaGRsc3hjTmY4ZnE0cWozOFdNRy84eDF2cW42U290bFM2Sm10YUNieFpvZnV0aTYrK3RyZDl3c2M4R2ZBaGgrd015WUVjY2o0bVd3WWlUSjQ3TXZYZEFkc0tiay8zaS83N2tRd085OHpQWWVvUDNET2ZITGttakhuRWJtcU5HazhoMG1CUy9YZmxzQmRtT3B4SndzYlN4dWtBM0NobjRPd01LSVFWV0xkd1g4UC9RRnNkNHFMV3Z1ZVdsU1d0ZG9iNnA1bzd4T0FiVjJ0dmNMU1N2WlFtaWZQeVgvOHY1RmRvdUYvdGtyL0pGSGRYcVptRG9oWGJqQ042MkdCZXRJWW5COXNiUEZIejRQZm1MSnBtU1VZYzFIN1VocFY2UFZqTVl1bVpoeURHWXJKY2E2Q096Wnkva2pZSjFIeWVFbjBRWUdQRUU4cHZ5NXZCOFROaG1rdi9IS2xhSS9Sb2JYVk0rUmdzUkcraEMvb2VpOW8vR1hoczlyalE3NGR6R0U4dXhaZXVHQXVZeERzSERLS1d5NDI4ZVowakZBa0hWVnRmNHhyNGs2WGMxY2hWWkRNMHhLQTlSNXdrak9ZTnFRREE3dzZLY2lRQzUva0hqZVovczdubTkvSVRrbUNsZENNYWk0Y2pRMkhybTh4aWRHWTJhVFpLKzJKWDU5N3Y5R2xiWGl3V0lUSFFWMkRXVC9WZVd1U21VNHhIQkxwbjdNcXpPSnNpYTlhM05mVkFpTURzdDJoc3B3eHY4VVkzMnMxckMveFRZS1BQNFVDQzI3YzBuZWRySFoyY1MxeG4vamNnQ1orajc1M1h1dVR2cTExM0Z2RUxnL1VPL0dEUGlqWjRqNERUQkxLSldFenJIZ2QrTDl1c1FYSlNobUdqMHU0a2pPcWFqWlJ2NU5wMDJMTENpMEJhRU5hdTZBblFXUUM2bWtjZWtsMUx2ZkY0L1FGaTJ2OUtPN1E4amFNUFU1M3RnZVFvQTBlcG5ma2piUGV2bjJmUnFIOTl4ZnRWUE45bkNnN2lwcE1wYU1saExialk1TnZJc3RJVTRLOUJLSlFRNzRtblpKbmNDMjNYTUhNVFFHZjdwRDBJQTFwR3dzaW1kaXlXODhUK0M4SVlTZFlkcUc1bmJEMHg0a2IvUW1BdGQ1K215ekgrRk9rZmtMeTVMYU9tMCtvekpuTTk3S3dsWW9CVURudzJYZWpZWXl0a0pQR3BTbDMrbWxyYmJkb3FDb09SdW02NkhYb2UrY2NKckkyRSsvRlhNNjZ1NXppYUwxOGZYeSswZzBubTJGaGd5SEtSV0pyQjg2WXVaVXVRYjZjejBLSHcrd1ZlTEZaZ0I5dmhUYkthTGZvV2s5a1RlS01jNFUxTHFYamo1akhIZ05oTTNaNTQvaDlFNDM1S0hIV1ZNcm55YzZack1jWnJIZGxwdGRQV005bWZHSGF1Z3BYYmJoVFNpNm5ZQUN0dVkvRFE5N21UeUJML2VpYVZuMkM3ZVYzUXpjZHUrWVowbVErcFJuNVM2dUYzTmlHS0FRd2dIRmFvZlZWYzJ3aks4UzFGSERBUDRhWVdlRDFJNmh2UlVJcTlKcHZvZ1MxSWErRE9TNGo4TXZSYStvU1ZRSVhWVk1BbFJUODQyUFh1OHU0dnYwS0JIYkpnQ2N1S25mMDBEcEhqZVlIYzgxL3FITEZDODluRXpqV25GWlIyamFFMEVHRUtGbnk1a1QreDNmNzgzTkVRdmp1Wk85Y253VlpQUStpRlRKWjBDQTFCZjNHMFE4MXArcklXTHNTNEd6R3BETDVtcXp5ZEo1RytsREsvZlFJZmdBNmxZbnY1ZlZEazJPVldHY1RsU05DQkVFNU9zTVVSRHlNMi9pcXlNS2ZRVWFDQW9lZlZWVXJVY0lTamM5ajJqSlJrN1hRYTVKY0VrRndSVUlQb0JxTWtXeG9vRmlaSGNxWUIwOW91OVk4Z0kxMnBOL2I3THM2MkMrTXlVdTl3cXA2YTRkVXlKdjA0YXpzdjh4UFNyRERXQ2FQbUp3eUN5RXI4VnNXeFhrYUtFUGRYS1VCT3Vwb0xxRlgzZmZSWTBQdk9uc04zYkdBVXc3cm9iWHpScGFOblY3SklHc256OXNLRWtKalNSaEp2cjY3Q1pnbUJLMkd6VTMxNEJlemZWazJGVVk3RnFIQVZ6MWNDcmI5TGRlOEtRaUs0R3lzZFcvUlpBYnpmU1RrMGhaVjRGU2VXSy8yZ09EaVVhSjBRUjRMUnI0VWRhVFRESmhadHhpYjhscTlKN0lyK0JnZDM0b1FSTStiNEdmVkgzQ3B5dUJhMCtoUnNadjR1N2tRQmFLWXFYSkxld1NhNGcxdFhWT1RsZ3ZSeis1aWZUWnoyaG8zZDlFR0pGOXNSSlpOK1dVOFJkbUFOY29MZUVXMzJqcFZwK3FXM2ZzRkJiQkoyNTl3bTdOMklmeSt5RG83VWVJeDhIVEV0MC9ORVR1SldaSVk0elo4LzUzMlJGOE9iV3UrUUlZaEkzT011ODhvNDBtclp6Q2Z2QWg3SmhiMG8vY3BaYnIweWNzYlRoMFBtbGdrUFB3eXN1bko2Q0t6ZTdnTzlMRjVvdFRlajhzS2VycUlTYllkNzM3QTdKOVQxTU9lTFlHWklpbldJZFk5WlpLTXJzbWNzeWpvbUNvdFFYa2xIQVMxZERiajJNcnhZS0R1WnN6aDQrVFBiMVpVZDRUbUdFRDVBZi9OYVNOdTN0MUtLUzZnV003WDNWWUMwU3dVRGgyb0NHTkVyNktEQW0xYXhrcE5QQk9kcTM1dm1CZDl4M0hjeFhwWFA3SUJVU3YxeUNQcTNoeTlKdjFUUEVnaENEamp6YUpPb2wvVVJVRkRVcnVGeE9BYkpuRVJLNllQZUlLYkJFRUdYcWtDVkdPc0JmbVN3K3plMHI0VUV1NzJBN0VLQytwaGwraTBvL2tpWWVPb3QyNFlqY2tYNm5xdzlYSWhLT2lMTms4Y1JYM1h2TUFSTW0xZ25TSDA3c1Y3WVRGYjM5VlhLczRmSXZobVNEUDY1Nmozd3FJYXpVNU5EM3RmSWF5Z1RSamgyNWN4UFVsZWJXVHkvVUJwUW9rYW0vVGJLbTVET3NSSHIrdndXTkFrTUN2bFV3WW1sOEVaUWtHWHhaWERiaWtTdTRUWlpBNWx6SzlZcVJWZWY2TlNwWXlYTFNXbUFlQWVPRzlVc3c1OEhLY1p1ZDBGeE9QQ0xmRG5RTFloQ2J1d1JDWTljY204cUVScGRQSEpVcUFCeGpFYWVIdXZlMVRIb0dxaG50QlgzVUZUR2lBNXdnYWJ6b1QxTnFSL2pwZGNJbDlYSk9haEF0T0c4UkZiSnNYUU9RbEw0bEsxMXNpZ2cwajMrcHJlVGVuWW5sMHlDM1BhTndoaUJTK0N0c1Q5TWM4YUxyV1lOMTVIWGhWVE9OQk5qaHpuQ2NCM0cvejIyNCtwdkxtRXBUQXU4UlhZL3dwcCtsbWc0VHAvcU1rb3FIR3lFTEMzU1hBbmd4N00rS29oSTVwYUZnL1gwSEh4Q0JlMytxekd4L2RpUU5raU5tZmlwcUlMZDlpOGZLbUVOek5ORVNDcEFHaWZmeFlsZjFWbHhobG1yV0RTbElTN1hDZ1FDV2JvdkdFTU1pOXp6NTU3ajlzbWNmemt4U3FHb2VoYTBpMWV1dVJ5NlJ0Q3Y0OGIxMG9rTFlHVzhkcng3Ui9rZzN4TDhVa0hHTXBYSXIxREx5Wjk1TS9rR1QyUFZYcW4yVFNrRGlkY2hWVERCdXJHNzg5K3c3MjZncTJITUx6a0pMZDZINGZPUkdKbnBlcnpJNHU3S0NDd2JueVgxTjVVUkxIaFJMZDcwT2p3NlJxeWhTeFhjdXFCeHZZQ0FnSURuYllaNzZCdTFvUEppSnJ2NlZQWXRPR0kyN2tIMjhvVStvREwyNlhxZ3hpTE5JVURlVGdwb1Q1YjhDMHQ5WXBodTd2TUg5Z1BRdDZzMEVTb0FsOFZIVUtQUlhQY0Rtcmd3QXluWjVGUkdVcWVGNFNja254OEduUmQwc29HcDBWaCtWMkY5MWZsVktIc3lRM3V6RC9Eb2N4RVZ3a1VjeEhPTGx5SjA0djNyZ3ZGRHRMTWlJRGR2N3UwL3ZQUTRLOVpldExFbmJXdVArWm1aME54M29kdW9IbUFKM1RldEdKekt4eHhRZXNOWkI4WmtHRGJqZDlPOC9wRVpNZEZ3VjVtT2lrM2pvUjYxQjBwMzZKeEN3SUdDeFFRWS96WWMyZEVJVVVIRlowTWpCMi9JcHo5dGsxUStYS2I0MEZvZWwxK2RKc2ZTMFhHRGxLd2xxM0xyWm5hdml2OWFnVmowMXQ0K1MzWnlWNk1VZzhkY0RhVUFNTkc3a0k1cUEzQ0RDWVFSMjJYWkhycnlPblI2cDI0WkJTTWhubGpEMUVJazlSQzlCOEpwb1U5OUNOTG8vVU9CcEduTWlLTzI2T00ycWxlYlhIQ1MyQ3phMUcvd1pnSGVBbnVvb0p6cEJGc1BzT2xpL2t5TUdDWHRTUGRqR3RkdWdxRkZCSFUwTm5VWWU5ZVRYTEMyZS82c3lPK250SnFWWWlvTzBVOWtQL1dVVmt1Q3hSMzNoQmIyazFqZXlEeFFidEVrR1hQTnNHdjkxRDE1cnpRZ0FqMEZVRFpOUzM5UlpyajlnTFF1WFg2RWd1T0grTEZnYldKYitnUFFDQjRnellUWDJZRWNoN2dDQThWV2huVHE5VHZHNHc2OEtEUDBYelhsblErM2lLa0p3UE1kaHF2cWFRUlkwUFpyRVBxTUJOR3JsUXNDcDdSaTNNZDhDQ0hmdldFV1ZBWkgwY1dnemJMUiszTG5rT0JaN1JpVUZsL2dDTnVXSlpMd2w2TkJkQVFOTWs5RUZvQ3BNVzA0cmo2VEdVWVZ0dHdJRTdObG1SVFhYRTZzRkF6MTFBU1lrWjdCWkhCMTVGSCtVT2dqMkl0Z0dUK0Q1Q2NBM1BNM20xQXp3RGhCaWtaMDE1NlpPbngzN1JQOEVhcGNKQjFIU25NVDVDRUdlNlBhUUt0M0JWOCtYM3lvYk1tUUlmV1dnT2MveE14L1dxSGw3a1pvYWtmOHdoZHlTU3h2b0tiSS9IdFZkWmpiUlN6SXgyYzk1OEErdjdUc3dIRkxWQVdoY3pjSUNhbUNyK2Nva1E0dEdOYWttVVhlczZaUEVmWXZmd2pyZTU2TTFEd3I2SDdyVHpCL2JOOU1pakZody84Ylk2OHhPNXJRY2dCd2EyQVR5Z3JmaktPdlpYdUhmNldIbVBON1FMRVFISXIvUHhxWURtRVlqTmZLMnRxR3RVR0V3QlJUWXVKUGpCTmQycEtEOUx5cHRRaTFqZXF6cTcrLzR6MStscWZMYkNpSzc5cHNhRTVmZ0JSVlY4V3NGa05zYW45ZVVPUHdRWG5DcVFWZ2pnbitlUGx3cmVCK0JUQmRYZGRCS0tqSXVDNE9XVHJ4N0N6U1dJMlNacWZKcHh0Tjh2WFY4cHRDaG5penBqNktvTkxIT3hla29Wa1VBeFBhRWRtNG02aitSbldOWWtIZnFHSnVkMU1HWXFuNnBaZ3JPZmhSOUNmdEsxYUJYQXNON0FIci92Y1hZOXpiTGk1YktWWFdTcVNZYjh2ZWJqWjRzMnY0OG8vVmF2YlhGR21LTjE2MlNuNXQyV0tESDVsZ2JqNENONVdWc0JqUmVNcHV6NGE3M1JFNHpFaFNPM3lzL3l5YnZ5V2sxVTZCejAxR0Z3c25yWGhkVVBhcHJGdEJYSWMyWHRDS2NBMjc5ZzMybFRnKzNseGI1QVRrbkpxeXcwaHJxZE1GYnp1NlFWSzdLTCtiV1gvZ2NMcnJWRjk5bGQwTGxXeE1UZmFEeTZtcE1pSmVEQUlMazhiSTNENWhwc1p5MUQ5WUpaeXo4TWtCT2tnb3RMSy9ydnNFZWhKZDNtcmUwd3FkMzBnRkVML2ora0pLMGQxMVQvTlFqWWRGUFNxZkRZdnVrNDAvdkVwcWloQkd4MjF4czFra0FsQlVQS2N5a3FSbkpSTWpDQVlpVzhjZmhudW1OL3Y4V1VwZklZelhYZEJLelE2alNhdWxFY2luVFN2MjEvZVk5L25SLzI0N3U3NWdUN09TSEE1akdrbFU3OG16N1I1K3ZBSnhqZUNURUtOOWZLVG5qbjhVanQ1Nk9tL2UzSkN1dXBmOWNlWFh5ZG04ZzhkVTZzNU5XL2d3QTVRdkF0ODdEMWpsRDhvdmpIMFBvaUw3UXJ4VEJBM0JOVkREdit0SlVFQ1hsQTZXRHdsT1hBNmRjYWlXQnpCeHphWnFra3FiY2ZsUFFVdUx6V0sxY2RtNng0TWpjZWIyZEZxL0JkRkdsemNjZ00xdDVXU003VVlUWkJNSWJTZzFsWTlYRlF2dG5oNmc4OXJocUxJZXBoaVhlWGlmMERXUGFwb1B2SEduc0lhWlh5MWxnSG1STW1TUUszZGFwSzZMTzdBeDZka3JHeElZU25EL0lFanNLTTI4UmpuV1dlQlgrSTFEUG1LbWMwUTY3ZVBvcktUTG5BTGY0NjYyUjRjbitqMUliZ2FWT25BSytSTjhwZC96L3c5bklleEEzdExCbmlKK29yZFBMVW0xUjJPK3c3YmFqd3gxOGpFRnBwZS9kVDRUVGhzb3RQU1F6SDR5bHp2c2oxN3E0OTlCQnFkUlgyZWRrK2hFTkM2NEVqUi84ZFZLVi9CaUg2R0IrcThWM2ZtSDY3Um1LWDJQOGVOcTdSWkZYYW1VdDJobmRqMzFTZTlhQU50WGhKdHRsS0x3LzM2T2Q2dUt1UDdhQ1dSbk54dVcrajJLdFp5RkdPYVI0VjJ0MFpGd0xwUFlxSHJmTmJoTHQxMTk4QnJYVUlhVDNabS95Uy9GOUFDQzRpRFhlNU1NWEZUbnpzSEpheS9nYmdLK0s1eEl6OURtOGhvUmlTMWt0Sndma2dWRG1qYVl5S1FKV1ZoMUM1QTJUZG5LUytKQ0RwSkFHaThlaExiaGRsNHlZTFZjZ1RsQjI3ajR5RHdVRk1GWnprU2RDREt4S0hZRGlDU2YvdzVIYnZRN2wwZTBRSFNmUmtUV0xINTJWeHh0S0hWVHNqcUpDVDhOTlo0bGI5UWdESUp2YWZGRVkramw5dGdnUWFkVUEzWnZVT1hKNmY0MHdxWC9idGtHRUhuVlRtTFNxeXVHSVlYM1d5bjh1MlJSalBBUlBhQkpIOFJFK2d0NXFoV09MRUx5eFRuRVk1c2VydmVHTXowRk11b2U0VU5HZGRjOGFQZFdDdm1OeXBQczJEajRka2xraTFRV1RoUUlVMGJXVllDcGg3MWpYTlNKb1BQMFBGY1lTNWZVMFJvOWV3cU11d3Rmbml4SlM3TXpwdGg5MDdEZXdlc2I4WkVhQ3FYVHRqN2ZHS3RGY3M0aWhwN2dML1E1anlxZTZOUmo4Y2FtTndhZjBiMWNzZ0JlOGZWdnU2RDlzeXJKUEJOM2tyb2FOZDVXbHVXeXBMUEhpSndqcFVMZnhyWjRJaWVUNlpEQXlZRkNmL2I4dzV1SE5tUWY2dmFmUGhtdnBvdi9Od2hnZENucWtjZCs0TVNmWUZNckM3LzBDOXg3ZDBzbC9xRXdLc0tHc3h1ZGUrWTdDcXZmS21zc2l5TEEvVzFiSUpTVExpelZVbzJtUUM5S0YxbzA3blVqYjBlRVNiSmdJQXJ0UGg1SUkvOXpRb3dvQkd0WTJZblJ2N1JXYUVEMUloUGJ4a3ZmOE5OUmhaQW1KV1U1eDNKd2hsM1R4M3c1Y2R4d3Z4Ykh2enJ3SXdSVXhuNWtNU2l1bm1pMEVIaWZUT3hBSER3endvZGVnYzliS3UzK0ZCVkxkczZEUjZRbExTM3lvK2V6Q0ROY281RllpQy8xR2VWZmRSelVqeGhuelRoVWd3a0F5RjlXUHkwNzdrazd6TlhSWVZweTByTko4RWFILzBxVm00RGRCbVphWFVxdjlDY3RTT3hOY2QzNWFyb2RNQVQ1dFpVZFN0RmtBVm9haFdXbVZpdzdZZ3YvUEIwRE1Td0UrbHF1OEd5eDlFcUYvWEQ3YVQ5QkQ0bGZSMVdtd3lYVkxrZVFJbHFDRmpMb0RiTUtwcG9oZGhTRzNuWXlET2pzelN0RlVKYW41d2lvenJvdlVWT1U3SmNiU25aVml0dDhGckM4TzBkUG4rNGZuSFNPN3o2L2JpREJXTUlML0lnRmlwN0RXR243TUo2eWtLbFBuNHdCR0FzV2ZtWVBUTWRRL2x0TjRJUE4vT01vS1FjVWpPN2NOUGpyUTVtVmM3S1JWTWREbC82STlrR2dFdXg5OXJER1ZmWVhEMWhMdCtFa2MrUmRCNnlZRDNuRmZoTjZNSWIzK0pIa2V1UC9QVWNiR1hzQU9RNTh3Y2F4dWFsZjJlMTZlclhzWWpYZlFwUngvSVVBblA5bFplTE1rdGhmbUoyL1JNYTdmaGsxUXdNQ3U4djhkc3A3WGgzbVY0SzZMYUZXaDdqK1owVmhIRXVuV2tjWHhtbHFOYllMUE9va2lLWHQrMmxBRmhOWDFtM3JsR0EwaVhMbU9Za3RXS0J2VkY2Mno2YW1PMUg5N2xCUi8xd3NRWWNLcUd4b005R2RZV1B2VElRK3dXMkx0eDJXYUh5YWNwWFNGVzIxbCtUQ1pSVWxnbFhaenQ3RXY2VFZmVXpQRElvcGppTkxKY013MVh0Z1hxL1dmVU1LMm9iU1JSYktGQ2F5V004ODVHTzZUdnF6S2JIVWNEWEl0R3JjcGVjM3c3TVZTUFd3ZGdXdCtRUXVjUjMyY1hQWXpldzFJQWFGUEhUWGEyUXltait3bURNQTRydHRhbjlRYWJJY2pwV2lmc0ZLRndSM3hiOWNsci8xN3JjQkZUeXIydmxkOWFxWHd4TnVadEdjRTNQeUl2QmZyN3ZFMmZna3B2NkdqTEdaQndkemdNM2lzc3NVbGkvVUVRSUp3cGI0ek1xekRSb2xCdkNDWkJwWDFtMFRMRlQ1bDVoZHN4TEpsTlhYakhLbThyNnJHWXJYanZML0x0VHpSKzdvQUg2RE5XUy83U3lHM0VoTzRadnZTK2NmL05zVHA4dGlPZGNpOWRuZGs5alp0eVU2WldJQndPMTBMUXJUZG9hb3B3NVRzeUt4S0JJNjQyeTkyemRzYS8yNjBQYVdzWXYwN01ZZ25CTFJhM1plQzFJS2trdTdFQVNqZlhOTHIvOEREY3lnaGNVZlAzeWtmRUZFb2RFSi9UUVJKeldZV1dWdHBxQlNLb2tBMkc3YlBrcEV3MEI4TWZLV0E0MmdtaE15c3Y2bElhTHBZSnA1aWltd3ZTcGxGRVhSaWJNcEY5UU42aHIxdnprcTFFbXIrMUNXVkdBbmUrQnBCN01acG9ZWStiVHl4cUVDanVxakxNSXhSQitrVU1Eck9FYnJzZjZ0ZmVGL3VHTVk1VXk2emVFQ2xTN1JJVFdCK0JHamFlNStob2RuQzNxRG1BR1lQRlhZS08rSlhGQm1KWUNiSmE5UWh5czY4d2xYYVF4UDZvaFdIMFBDbHFoUWNlb1g4ZCtRdDZXT2l6bUlOcnlPclU2RkJCMnZpWmV5OHE1WGc5azBNYVVGMWpidW1qM2FwVldZQWpXaG41NWtJNUtubnkweEQxcTgweGdOVUZxUUpNaUhhYXYxN2NQSzRLN25MTEs2SFQzWnp0Mjd1UlNYTElqMUlQR2xlRS9SRjBBTTJjeVk4V0l6YXMzNGh1emVYZE9EMjEwUmluclRvV3JyTUJQaUVPZFhxYU1lY09GVWk0TUtveDNHRElteHIrUEM1WjA3emdPRktmVFNWY1lRMEFDaDFyVWE3SXl0Mmk4N2hFK05jaS9ZVXZ5MWw4ZjE4Nng0K0pJbDV0YzhTenpodXdqakN2TWlrMjNsalhYNmIrS2o1Qm5IRWk1NEJONXZPelU4aEFYalpzQVJWUURidk1yck5kdUFDZGo3V1NlaytVdHNzNlhnc1RNVzlxOWt0bDlSbjZ3RFJXS3hFL0YwNnN5bjR2RjJxL1o2OWdlNVZDS09iaVdJdCtIeFRicTFnU25sK2JXY3FNRG5kWTc3NE8ydHZ1MnNVNXQxTmVsVEtpZndJQnZHOFB4ZDdObllUOWJBTk10cUdhZ01ONER2cFgxYlpPVUJiY0tLNlNhajJjNHNTWlRlbnJPRVlCOHM0M0NyMVZkNkhjMXNTVTQ5dDFzYjArWTZUdnVnendiUjNZZkVSTVpEU2NzdHRBbGdDNHQvaEM4dW9URGdjck90L1dEYlZrZHU5MDg2MU1wTmp2cm9ic3J3amc5citBU2NidE5VWFVxcGE5ZHpFa3FiMjA2Z3QrT2VaUm53NlNLdFhveVdiaEZKeGhlOHRCYitWV2dZMCt1c2ZXWnNTT3ZXWHZITlJmNi9DTEpiTTFnYXZjblVIVFNPRnNpbGtOckJiVDdtU2xZT0VISzNaVFhkOGpoZTQzaVlqSElFM3RJU1c4Mis4R3NVTmt5emtYWHZpM0N5cHlTU1dCYmZ2cmdnRnNoVDczcklCblNValVaY2lpbGR5dUlpSCtTenN0RUxwTDFGWk1WdStjQ2c2MkE2Y2F5czNNYk02RmNsSFdLR0g3WmVhZ05kV2hzZllrNkVnTm1JQ094MzFKNkZacW5VMm5nZEdUanNhazZGQzNocFIrZ1RtTGkzZ1RlTHc1dU9YZkR4WmdRNGVwRDBkaW1UR0ttTjZiM1JvbjRGaW5lZXdVbkY2dXIyTUJZUWRFbjRRcGk3bHRYRkEwWmFWejZFd1lkcXo4aXRzZkdYOGkxOTliRmVhT1pTNDV2Q2Flc2NjLzNZUTRCTW85OUNkNlc2WDVPL0pJbGF4OEYwQ0l6b0NJb2dzU2M4cjF1S3V3WGtlajcwWDFYaGUzN0xBQlNVZ0FCa3l3WEdEUzI4Yk5BQ3BRV2RwTHUxUGc5VFZhMjY0WjBVTENyd1pCTzh6NWtTM2ZwM0cyZmpJWDJ3M0wvNGlMWC9GM2JkZDhjVDBaRDhIOWpZekJFMFpoemk0TlZ3RE1KMTI2UG4xbTE0UU8rSlB3dTNPdnRaQW5FS1FNci9DUnpxUzNSMnB1bE1jL0pNdC85WElhOTV1MkU2cE5BcGZhVmNXQXFnQnZqVTRjeGRweTlNY1BPMnNoVmJlUkxSd21Ia3dvYzVvUEJZT25MRmkwMWxtWHpTd0N1bEJjQmtUaDlnUmRXenEzOUdyZHhmWE9Bdk5hVXowQXc0cjZCekllUzZxS1JoZzVZdXdFNEI5QlRteFVGa0RJR1dqbnBxcEtBT1ByRWN2WDQwR2p5WkI3RnVDN2NqSG14eCtxTnJCc0NEbnJHTkU5a2F5WlEzNXFxUnIwN3dmc2t3VkNhVjFuYndBZVNaUHdJMTJjZ2RhU1lCcE1vTWNvSUxGOGpYS3JuN0h4OUN5SzZ3cGJSUUN5RU9MTlQzZXU3RURWSTBpeXBNbVhmUnJvRi9Gd0VGUC9qekdlbk43MVM3U2YyMkJubEVrQnh2R0pXcTJ3bmZTaUZFcVFFK1d1bzV0c0ZGUXpBS0VBKzBuRXI0Zmw2TE94cEY4S25PT2FLTVRzN0xoY0ROTG1mZ1FHUnVjK2tRVEIzQXI0NXFUM25VdjNWczdGUkFIMUQ3ajRzK3QxbDJvMTNYdnVJKzlKREQzVUpZbGhwR2J4RWw5MElBeWhPVEdDWjhSWHowU1F4Snc4a3IzVUdtTUcrQk9RTTMvejJlSDlQTXNmbmh0NWd1aEpqM0VMeTQ2c1NjOUFCNzRNbTFOemd3b2oxSVJWMmdLQ2tNbFR0TnA0eHJyMmZTM3hBZzY0bzd5VEJnejJwdVlBZnpEREE0cE5NelpZNmwzeE1MeEtobkpJWEsvaDI5QVQyZlJESXFYbU50L1dqb3BobXkrRXc2Zm42Ym4vVldVVWxXbGN1YXI4MXVqdXRHQXFnZk4zTkM4cWhFTGVua1JzamEvc0xIUlJkbTQ4cjdjS0pqVHF4cWlMV0dqbnhyNEhmYzBneVMxcE5XNXBISGdTbkJTalJJTkVUSUJ2WlRDTThTM3pjbDliVW1pb0xSMEJDWE1PMnZRTFh3WmU2WDhUVXBkUnRyc2VLMy9QaXNWRU9tVnJTSlJHY2ErbDhObTdhbVQwZE1uUWhBQlBqM3d3TVNBcGc5YitWRnFkSXJUUXVQQnNPZ3BiQUNZZzZHRnVCcGZQczB6NW5mbW1hWUxva2liazZJRWVGVDc5S0F0N2UrT1JRaGlMWTlwQkUwQVNRVkplQi9Ja25lNFVPOHEwM00vT2pnWFNRSkNLbURmdlBIMDJDQnI0cG01NmlMM2NlOEdtUlpMVThIQnJwT0JLZVNaRnJTUFljQmFiTnRxSS9jWlZHUlRXSStjYTBOZXR2SkJvMUdoUTR3MDhNdjNpQUtHTFlTaWI1L0tacWN3aDl1UVQwU1Q5aXlGdG8vd0FkZWJRbGhnZFVnem5QQ3pXM2ZmYlRNZjI4OEZFMkRJZEUwbjJkMXArblRPY2Z6V2tORzVsZkxDVG5pUXJ2WE9RaGdmTlRSUUhjN3NBZXF3NDZsUllRYWFQVGUrdkZCNERZQlBqdHZRSElCQjV1dWhYYmp2VVFPV2lnY0FCbmoxNWRYMzJ5NEVJVURpbmZDSGdWbFdReFlqUi9tQXNuZG9RTEo0WXlTVW9XbWJpVWthV1MyN2RtbXJDMG12amJKNFJ3dzc2WTE2MnZ6dlJ4dU5rUnlGdVZrQjcwWkpIaEROMU1PZ2tOK1lsOWIxaU5RSUNpaE1yYXNnSzBNUnpmZG1lbkR2MUdCV2JzSWg5b085VFU2bVRNSFRSRG5UQ2ovTVhIdjhTbllKRmpaaXZ0MVpXYVBFNHBnWCtkdzFqNXAybXBJK3ZPNkNSK3F2b0htRkRLRnFXRk5zNHZTY1RHaGtwUXg5aml1cXpsblQ2bnRtY0czWktWNStlOUNqT0FnNGFBdDBLN1ZnQXZ6YWo3NFlxcEpQQzhXaVRkdjVLRVpBeEtpeTd4Y08yazlzeUQ4U2dTYThEbXh6TWZRaCtXSzkxWnQ3UUxFKytwcFkyeWtNMysrRkFJUjlON1JYeFN5Wm5mdnFRNCtnSUNBZ0lDQTRqMWtTRWVhN3BNRmRkWVA1bURWSHF1cFc3QllzWURWTEd1RytOMEE2cEtGZllOSnluNEFwU0pUZzZ5SFV3YzhBT2Z6WE1EVDNHdlJGVXpzU0dZRWRzb2REd1AyWTdHd0ZpQWdoMXNRZUo4ZHFSRGQ5TDYxNzNwTDk2V3JuNzN2UDMybjJyZFlkMzFNL0Q2K1B3YTdjNmQrRGR1OXM3cXR0SDdwNzE4QXlMK0NKNjkyRncwa1h0QnE0OEQzMWwvZ3Y0T1F3aUlDU0RybEpjanpFeW9scldqZjI2b1pGSGFGeERTd3NmREVmbXh3K0czZlBieXpzRW1pSk92cjBpZFB0Z0k0ajdwb1Y3azhOOWN2UXFONzJkWWZnRDlITGRUM29lMTJQcVVvcllPM1FSSUlKRnRLSVhQVy8zbWovc0Q1bUFia0o0OGwyY0M2RC9pNXQ5ekdxemZjZ1Uwcmg0OThEWEJPRi8zOFE1S3FkUnovRGFpVjY3Y2ZweUJjb1czL2UzVjMxcEZFRjhZcVhyMjk0cWhjUkZWcXU1MkVPL1U3amM3MmVtQ0Q4bUt4a0Jqc0hjQ1hoZFBZek1TajhrMTFKWXdRalM1MGoxVk54L1ZyYVQxVXdyMDBGSm5MNTJ6TEo5V2xVbzdWYS82NXFMc0g2SXhoU3NkQXluU1p4NUdGUVhaU1JSNzVmakY4cHpBVXBTdnBwZERXcElzYVRxREk4RXpUbjI4cG1mZDZjYkNNVkpYb1FybWxndDVZemFTbFR0VVc5NHNERHlpdVNqY3BWc0xFQURiZWhxUExvaHVsZW00U2hRSzAxaGkxZ2wvMzM1UGVOMTYwMlM0eVkxZ01TdksyNTc4QnlFY0phSWlzd1NmcmpCQlhRbFNiOUgwcU5NcWV1MnNFaHhuNE5ReWZFQnpyMkV4N1VTL1kvek5VRHliaEVlRG9kc0U1SUk1UVdZUFRDRXhUdTErL0k3RTE1RlV1N01qUTNZd1dHbmVGT2MrenkvQ2U5M0IzRnRGMVBLTGQzTTYwelBQaXdnNjlNeUFORThJYnM2OXpoSHNwMytRTTdleVE4em94VVB1ZFp4dklRRTE3a2hqT2RpNSt5MjloWlZDUm9QWTl4dHV6ZkVxckxPL1BuWCtVN094WjllcDN6N3JxWHRXd3ZRVlV5cXhQd3RLN0FwdUpyVitEcnZFcWdvTCtnT3hqVWhFM1hzd2c2NzZnYWxXL05XUDNDcVZjbXNXNVUwM0IveUJ4cmc5TUFIbXBTeTlWVEszOENCNGVPNS9NYm93SjR6MVlZUHVSeWxhbTd1OTRoNjYwZEF3TEFKMlpiQmxyUy81cmc3VGNpQ1hpRElNYUNLOHdGTXdidS9KbjN3T1ZPY1ZMam9PWnNzdFhRamFTck5tamUrNmRwYlEwTy9remhpWkUzdGJpaEdKQnptQndGSXRkQWZuMUtKRllFaUNzaGxwSGV5YVdQd3hJeVFyam92cEQ4ZVlNUGs0aEord2ovNHd0Tm83bTcvZmxDOWEvVlFWY3Zqem1MUHY1OWRGaGJGaC9OYkd5RzJlSExnWUFCaUMwK1V3bHBRRzVVSzQvbzZtdk9iWmhRYThtUUxIaG9ualBRbVBMQXRZOXFMMy9kUUlxMVB4ZWJPSzZqYk1HUHZmUDFaUEJLUjE0aU1pNTBnUFBZUlF1ZUxEblNtWlBrZXM1YURJK3ovWjYwV3dBZm5OVTFsOUVManptNTNnN01qK2pFZnZaN1dRaTI0QVpRVm9YY1ZBZGxzUU1YU3BvSlRDa215bHJlRXNSZDVrSHk4T0xMM0dnR2tQdEdIaG1VOTQwKyt3bGlOM0lRY3NNdFN3bUNtUzZiZ2twS2FYbUtjRzNpejRMZEZraFJCenVXbmFrSmY4T2tvWWkxUVVxWWtTYjFvNDA4VkFFRnd1Y3gvVEU2QkZSeHlBdUtLTkJKM0J2YndNd1d5Uk8rMThhSTNVckhFVkY5OFF3MGhPb2ZTSlZMSEVsZ2ZyQVc5OTFHTG56cW54b2VUdjFBTG1ZN0pxRFJzTTkzaDRxMW9yNkYvS2QwTnA0UFExeWRBR2pGUmlZT3RoYkRtUzV1cFhLa0VudEpmcW1HbUV6KzhCVlRCbURVYVRuRXlxVk5BbmV4dWVIb3l0RFpXZnNZK084V0pwSmg3OElUNTJxLzNhN1A5ZzZJZVdLYkZzOVRZVnZiRUNROHVqb1diRFY0QzdUUWUvd3VjL3VncWt5WURyTFF0ejVJVW1aZGR0WE83NDRZTEpSZzRNK1NBWENMQnBxZDZjWmZuWmFPZHJWaUFDbWE3N0JPN2JRbU1EeUtOYXdsWFFaMWIyejlSaThIenNDanlyNDRESVJuZXJZMWxSQkxKZkQzem5ySGs3YlA2a1dhQkNhdkZCSWRaQ2pBY0hudHBWaEtad2VHQWU3WVJ3Tk9pRy9oU2VFSmJhYWVOeVZvM0ZadjB0a09XTkpmSmFBZXhJaHJ1MHNteENaY3ZZSk5EQzZDU1FlK1JGWWVFTENUNlhzZ1RHTElIU2RHWkJ5Q1ozN1pqQUh3UGhPdDZBNDVWcTByeVc5ay9rZjZTME9ma3NoTDRKU1I1RUQyQmcxVXlFUmE5NEtKKzl2MXc4bVE3WEZ2a2xvbFE5clA4ck94M3A5cmtCSUpoM2FMcG1XRGp5TlhrUGFnQUsyMlJjMFpMWHphUmNqQnZ1UzVZT1JoRjVEOEFHNXFVZDBKaktodmkwVlIyKzgxSWV6VHIyeGdBQ2J6UEFsa0VEbDUwVExId3ZjaHJPZzNHMzlVclUwUmVISXgyQWMvQXloREFQek5GRlRyUjBHSDFlSHZ3clVVWUVsK1NjVjRDWk13OEUrOFFRWUpoVTgwWmY4cTRUbzN0M0ErY0FDeXhNdFhXeGR5UTV3UU1yNHBoM0NwOGkwNW1DVXF5YWh0YnhaYXFEdnlxMFQrc0Z6dldsTlViSUk5NHNwWVVRVngyT1Z0WHhKOTlZN2lZbUhFWEJMRW02YjdUZGpRVFZMQmdUV0NrcWUycU9iQU1uMUg1Wk5pQVFXdjNkYXY0V25RSFhCZlRoRzgwVXF4dWR3NlVxNytBdlFaYmJnVU5KejlNVmhheE9WVXdaMWpaaW5aa3UrSXpYOTJCSm9BbzBVcElxOEZ2N3BsY2l6Q2pvZUl5SEJ0cCt5TzVlRCswdGdONmRDZU1KQVFhL3pwbW9UUE1FS3RNdWp5RVkraVpmWWZDQThSbjIwcGVoVC9qbnpZZC9lN1I4ODlQb09ibUdYNkExMUp3Y1VhdC9BcmUzcjhpUnQvaXVnbjRQallqYjRtTXBlUkN1S3ZSbGlHNnFTbmw5UHpZVnFFU1RnV2lHd0k1eW5wRG5tRWhjSEVPK0NkaU0xZlA4cnV4Szg5MFlwcnA1T0VpRzkvR21ad1p6V0dhM0cvSnBKdnBURmJ5aFpENDEyZlpDNkJvdFNGT0dxbWNlYytzQXp6a1RJY3pQVVJVUzRyWkI1SVJoczNDUnAySGxIVWdnV1NBTEViVWpDdXlUV2QxREM4RGJkMTdXZzZHZ2xPUHlRNjh4a0ZwbVlpTDJOMVJwOFpJVytqWHNtYzBycENLRE13dUJnRThScVJjbDg4TnhPanpFYVoxdEpPdnozZ280cDVLblU4ZHZjbXB4YXNYcWNTUGdJN0Z0NkxzcWJ4cHFRVVZIV05sQlFlcGlqVmdIbzdPU2ZyL1dDdzdRMjNCWThOUVZvV0hDbEhuK1J1aGY2aG11M2V2clR5TngzQk5BRThQSHRJcTM3MW5peVFiM1pqYUgrVno3My8wZkQ0bERNN3M0cjJnbk1ZaXdnT1Vmc3VBSGhXbjRXb0RlWDZqU243T3A0S2pjS3dFQUxIYUZWSG8yeHBOYzlHSGFUV0Fobk9oZURHQUdIZkwvWGdXVGN5cmVuWWtiTzNhSmZHM0RpTUZzb1lpbCtWd2dCeUluM2ZUbk1xaHp3VUxJYnJidzV4ZEFmdkpmNUZFME5VSlRabFF6U0Fvb0lDTmV4UXkrSS9wV1U0K0xnM0hZZURzSitJbXBjNDYyYVF5Y2R4SkFyVzVjTE04OXExdWMxdDZWYlQvME5NUFRtTkRHTmt2YlJhNW80d0Y3VXBQYWNTZzRtUjRlZ1d4MzVoK0RRRnRYaVBVbFAvd3JLSy8zRno5eHFYdTdBZlVDWnFFWjFEdk9Cd3diNFZaUmt4UEdoVlhUaEYwYXJjYnRiNTN0QnZKSXZHVXpONXZSV0dyNStoWGFib1VKR0NFby9WNXJVd3lxUUhKMkZ6SEVNWGswMkdpdSszY3NhUE41Q0hSUXdJQk5CQ1FxNnBKZGxxSTJGZWM0WmhsV21yekRqM1JZVnZDSWdGOEVVSUlFR3IydU1BQ3RxQUN0NlV0WmUwUnM4UTVnMWJ0V1pNS1JVd3BhYnVrQTRXZGNjbUlNbGRPb28wSHo5MTFRdnpQd0tVUDRXM3dudjdBV1ppbnZKRHB5NzBYOXp2VDRBTlg3NGhHTjhuaXhsNVZxemExQW9xZ0Z5VjlwTTBNU0JNZHIzY3ZKK1dHcUtFRHVGMW1ibUlZd0dSeU1WU2F1Wm5ET1lINFI0VTJJTnRvSlYrSi9MWmNpUnZkbC9nTEMyV3BrdDUrTHI3NVBCNjFVcHU4am9ES09uWWZkVHBEL3laREZjSUxGa2d6ZHhWTzc1eWNKdVg0TVh4eTk5UVV6eU1wUXRqVnlQdGlQOXl2T1MxU2svY2F0a24xdHVQUUh2S1BGWDRuZjBzbk0rb0xUN21rMy9MWC9JbVJua1h6dHJ6dFZ3aU5QQ0M5NXlpKy83MVlMaUJMTkNlNnJoNVRQenlXMXVlOXRGa1I5N0tIdnIrTW55RXZacTVhM08vQ2hId2dVUEw2RkhqUFkzVjlDZ29WK3gzY3drMFZuem9VbVpjUGtPUW9mTDNGQTBrWGRFNkI0ZFRRRGs1aUg4cko2ZmY1ZnZ3ditGQVQ3NXJ0dXBYWEdMeXc1UmNYUFhxb1dwT0pUUE4vMElCQVZsRm5xNGMrUzRDczdvdVpTc3J3Q250WWlmWTlkUTVvMTJBbzE3NkVqUmJ3NHFDSUFyOXZqb3F0alN4d2RiVEtjUEZvVXpEZ2o1aEdqU3dlUlEvamQ3Yzd0SG96a2YxRGdrWTdFbU1qUG1LR1ErV0FLUDFUQUNnTlZuTWc4by9ManJGOFhQa05GaVNBbEF3TGI3YnlJeitoaGEyWkt1MGJQbm9hZWNETVhEVGM5MUdqMlVFRXhldHF4dGZ5NlZUc1V0ZVZYa09ZMGVpS1RBeUxENW9OYUY1ejYyUDhjNFFuZkpFL3R0dHhLekZXYnh3cDJYR2NGK0xPbmp0SVZnbnY1V0MxQ2gwRndWVkpkb1hxSnZjQmNmVjhuMU50RFFienVhZnZYMnhQbFlGT3FpaEpFejQwWjVRd1ByT3IzYVZjWWRiV1lscVJvMExzZXFYNUFOWjJYaTZscERHRHNJbmlVcnk5SUc5ZW9POGhLQ2QzQVZJaitEekJVblVDSTBFdUhYakh4WEw2SWJRWFJzeGtCQVFsdEdhdTBLTTF4a0Z5NmlpS0kvNzhvTnZXc1lHY0dGd1haM0tsZWlSeU15YXFoN1pMUWFUL0VMejlROVc0RHRQdDNpaFl5M3dnZWNnR09DWllCQ2RJcGFJWmJ4SGM2aHR2NGt5SjJTYm1CZFV4WXVodWl0cjV4cmt1cWsxWWRVNjlwLytFbDkycUxzK09JL0xPSTRJU3pSZEEyUFp0Y0ROcmFQVm5RQWNZMHdNRUpyaGNyM2hPVWhBZHJJSk1yeTBicmlram1GQyt4UlY5NGcvTDNUUzBoY3VQb25OVmNubVBVZWpiQU1tL3U4MjdXZWJYbXl0ckM3N1JoRytQbkRFN0YrL013QzZrdmpPZFRPbGF2MElQc1FING5Cd0R5YUFJT256elRoY2ZSQkNDTmg0M3c1clZMdEpUSkxOVTVzeUp0UXZhN0tTeEdJV3hrbHF6Umx5V1dnaGdud3phMExFTHE5WVl4NEZCLzBYUThNUVdPTUx1ZUlweUZkaEhFaHc2dFZoMGlPelE4WDZPM0ZneDFqdGtEZTJNUk1MblJqVE5FZlRFMGgvQW1NU3EzZ0FROG9BR0x6V215d2pvVU14c1p6N0djZ2RrK1R5Y1Z4YmlBYmtpNXJneG12cm91bDU5OFdaZldvVjluaDdRd2Q0Y0puWFdKNjRmV1NvS0J2bk5neFU5M3FPSXhhLzJqc2FBUFpTdUVyZzdkcXJBanIwM2pRaXFEVTJMTW80UXpEVlhtOWtrVjdZQlo1UjJvQnJJaU1xR0NVdGo4cDhpZGhrS1Q2UWp5bHA1eW51MU9la2tqMXUzZU0zWVVaV0ZsRXRNV0JSZGZ5OFhxTXI0Nldpb3dhSG4zQ1M0Rk1BY2kveS9CYmlUR2Zicy9DUms3N2dCeEJwSlFJOWhOZnN5TnloRXVianRqL00ySVpBRzFMWXZRN0Uwa3FkM0RkN1pRamlzMEQydVFrNU1reUVZcUxaWXAyYXN0cktJbStvMDFqOHFETXpYdDlMY2tHLzNHekNrcnFlOFJ2dEhsYURMRGpTYi82NU5kS0JMRHdybGVHK3FtYVFWMHBJdno3Z3ZJcVYvZElkM2czVWN5VUNuYXlXb2NQRTdoZWhmZUJUU0VTaS9JeFc3dHJoaWVaTks0V0lYcDZ2bUFDcVlwNHZ3VWNUY3IwWlNQYUgwZzlvOUF5T3NOVE5Ja3k5UC9aQUFFQUdnQkFBQUU3QUVBQUR3RUZPd0lBQUFBQUFTWUJxd0FBQWdBSkFnRUJDZ0lBQXdBWlZHaHBjeUJwY3lCdlppQkdhVzVuWlhJZ0tEVXA8L0JEQj4KICAgICAgICA8U0I-WlhsS05FNVhUV2xQYkhOcFZGVnNTbEpxWkZWUk1FNUNUMVprYmxGWVpFcFJhMFp1VTFWS1ExWkZSazlSYldSeVkxZG9jbUZWWXpWa2VrSkRVVlpHZWxKclJrVlJiR1JPVlZoT00xRXhSbHBTUmxwU1ZWVmtSbVF3Y0V0WmJYQkdWRlV4UW1Jd1pFSk5WbFpHVVRCR00xSkhSWGxTYm14T1ZWaGtNMUV5WkZwU1JscFNWVlZvUlZGVk5YQlphMmhLWlVWU1ZWRlZlRU5hTURWWFVXdEdkbFJWU2toVmJYaHJZV3RzTkZKR1VrSlVSVXB1Vkd4YVExRllUazVSYTJSVFlrZFNjVk5ZYUVWV1JVWk5VVzFrVDFaclNrSlVWVEZEVWpGS2MxcEhjRXBrTUdodldUQTFUbUZyVmpSVVYzQk9aREF4UlZvemFFOWhhMncyVmpKb2FsUnJNWEZUV0dST1ZrVnJNVlJWVW01bFJUVnhVMWh3V0dGclNsaFVWa1o2WkRCT1VsZFZVbGRWVmtaSVVsaGtTMU50U25GU1ZURk9VVmM1U0ZGVVJsWlNWVTVDWkRCU1ZFMXJXalZVVmtZelpEQk9ibGRWVWxkVlZrWkpVa1ZHVDFFeVNrbFRXR2hGVmtWR1RWRnRaRTlXYTBwQ1lqQXhRMUpXY0VOVlZFSldaVVZTVlZGVmVFTmFNRFZYVVd0R2VsUlZTa1pYYTBwU1RVWldORkpHVWtKVVJVcHVWR3hhUTFGVk1VNVJhMVpoVVd4RmQxWllaRzVhTUd4d1ZGVkZkMUl3VGxSalZXUlVVMWRKZWxKR1JrWlJhMFpTVmxWR1FrNUZiRVJTU0dSQ1pESmtibE5WZEVKaU1HeEVVVlpHUkdGSFJsQk5SMmN6VjFoV1ZWTXlkRzVpTVU1TVRXMTRTRll4WjNkU2EzTnlWbFZzZFV3eVVrbGxSM0JaWWpBd00xUnRTblZhYmxseVRWUm9XVTB6V2twUmJGWktZa1pTYTFac1RuRlhWV016VFZSb1JsSXpRbEZQUnpReVZucFZkMDVVVmxCYVZ6VnJUSHBTTTFKWWNHRmhTRkpLVmpCa01FNUZPWFpUZWxKclZWVldUV0Z0VWxsVE1tTjRWMFZTZEUxWFNreGxWa295WW10dmRscHNVbk5VVXpsWFkyeGtWV0ZxYkdsWldFWjRWVmRzVUZaRk5IWldSVkpIVTFkRmVWUjZUakJNTUZKYVlXcFJORlZIV1hsYWJUQXpVV3hOTWxaWWNHRlViVW96VWxoQ1VXVlZaR3hsUkVWNFZrYzVNbGRyU2xSU1JUbEhXbXhhY0ZOclVucE9Wa1Z5VG14dk5GRllRakJoVlRWV1VqTm9RbUZxV2taa1ZFMTRZVmhhYVdOclZtOWlNRTVJVVd0U2RXTlZZM3BPVjNkNVRESTFjbFl5YUZCaVdFWndXV3RaZDJSWGFEWk5hazVSVFRCa1ZWbHNXVE5rUlZWMldrWm9RMUpFYUZsUk1IQjRUak5LVG1SSFJrMWliV1EwWXpKYWJWTXdiSE5UYmsweFRWVk9lbFZWTUhKamJteEZTM3BHYUZZeU1ETlNSWGhVVVZWT05HTkVTalZhTVdoWVdXcFdVazVzUm1oVmVrWm9Xa1JvY2xSc2NFdFdWbHBQWlVjeFQxWnVaRFJTYVRsTlYwTjBWbGx1YUdwT2JrWktZbnBXVGswd2RFZGtSRXBoVjJzeGNXRnNiRTlPVnpWcVkwWndSbEpyZUhSalZWWmhXVlZHTTFKNlJsUmlSVko0V1ZSU2RtSkZlSGxSTUZwRVdXeENhbVJHVW5Sa2JIQXlZekphUkdONlpEUk9iV3MwVlcxck5XRklWalphYmtZMFdtcEthazVyY0cxaGExSktXVEpvVmxwcE9IaFZhemx0WVZoamVtSXdjRU5qZW13eFZsZEtiMDF0TVZGT2JVNXBWR3hvUzJGRmRGcGxWMUp3WVZkTk1sRnFRVFZTTW04MVQxVmFTVTVWTVdwbFJFcExUMWhKZW1OWGFHaFpiVFV3WWpOQk1tSnNVa05hYW1ReFVrUkNXVk42UWpaWGEyUTFWMnBDVTFwWVRuQlZWemcwVGtVMVZWa3hiR3hPZWtwM1l6QmFZV0ZYY0RGVlJVWk9ZVlJHWVZkSVJraGhhMmgyVGpKbk5WWlZiR2hpYkZreVUzcHNSMVpIY0V4aVZXaEdaVmhqZWxZelJrNVNNMmg1VmpOS00xTXpSbWxXUmtaTlUwUmFibUV5TUROa2VtUnpZa1phUTFGV1RuaFdNRVpPV2xaT2NsRnJiSEJaTVVaU1UxaHNWMlZGVlRSVlJteFhUWHBrVEZVeVVsWk5SV00wVW10NE5GUXpWa3BPU0ZVelkyMTBSRTVxVmt4Tk0xcEVUVEJLYW1Ock1VdFBSWGhWVXpOVmRtUnRlRWRTVjFKUVkydDRWV1JHWkZsVmFtaHRaREJrYTJWSGNHeGhSbWcyWTFoa1NsSkZSbEpSVlVwMlRrVm9SMVJWYkVsUk1ERkNZVEJrUWsxV1ZtdFNXR1JTVVRBeFFsRllaRVpWVm14TFYxVnNZVk5WUmxwWmFsSlNXakJXUTFGclJsSlNSVVp1VmpKa1RsSkZNVWhSTVdSRVVqRk9RbEl3WTNKU1ZXeERVa1pHVW1KVlduQlZiRUpxVWpGYU1WWlVSazlVVld4R1drZDRhV0pXV2pWWFZtaFRZa1p3UkZGclVtbFNNbmh6V1cwMVVsb3hSWGxXYm14clVqSjRkRmxXWkU5aFIxSklWbGhrU1ZWV2JFVldiRWwzVkRCS1ExZFZWa2RVV0ZKdFZURmthMUpzV2twT1YwcHhVV3hXZEUweVJUVldhMlIzVGpOT01tRkhNSEpVVlVrMFVqQkZlRlpYVWtwa01VWmFWRlZLYUZGVldrTk5TR3Q2VGxka01VOUdiSFJpVlVwMFYwVndiRk15VW5wV00yaHlWMWhLV0dOWWNFNVJWRkpJVVZSR1ZscEZVak5TVlVsMlpERkdSbEZZWkVwU2FsSkZVVmRTUTFvd05WZFRSazVXVWxWYWNWRldWa05hTW1SNVVXMWtSbEpyU2xKWk1GSkNXakZzU2xNelpGcFJhMHBTVmxWb1FtUXhSak5TUmtaYVUydDBkbGRyYkc5a2JVNVBVVlpHUmxSRlNsSlJWVkp1V2pCc1ExRlZSWHBTUlhjMVRsVjRhbVJGZDNKU1ZXY3dXbFpvTkZJd1JuTlZlbEp2WVhwV1NWbFliRFZqTVZaclZFUlZjazlFUmtOaVIyaERZM2wwV2xReFJrNWlNazVDWlZVeGFtUXlXVEJNTUZwU1lXcFNTV0ZIWkhOVU1rWnVZbGRSZDJWcVpGTmlXRkpzVlVWb1MyUXhSVE5STVVKTVRrWmFNRTlZY0hKVE1qZzFaRzB4Y2s5VVdtOVVhbFp6V2tWM01GbDZSazFpYmtJMFZVWmFXVlZIZDNKVmJGSkdXVlZLYzAxWFpIWmtNazB3WlVkT2VsZEhXakpUTW1oRlRsWmFUMDFYU2tSVlJrazBaRWhDU21OSWEzSlhibWcyVDFab1RHRllSalpTUXpsdVZHdGtSazE2UmtwaFJFSnBVbGN4V2sxV1JuUldiRll6V2xkM2VsZEhOVnBOVldzMFlUQmFNVlJYYkZsV1dIQkxUa2RPZWxGdGVIUmhia0pEUzNwc05WRlhWazFXUjFvd1l6TkZORlJVYXpWbGJteGFZbFpzUjJGSWNGaFpNbXh1VkdwR1JrMHdSbFpWUXpoM1VrUktNRlZHY0ROVVZYQlNWRE5yTlZJd2JIWldhbHBEVkVWS2VsWnRTWHBMTWpBd1RXMVNkV05XV2t4a01WSjJaRlZTUjJWWVJqRk5iR3MxWldwS1JrNVlUa2hTYkhBeFdWTnplRk14VWxkVFJuQXhUVEJOTUZWdVZrSlVSVTVRWlVoQ05FOUdTWFpqTVVwWFVtNUNTMkl6YkVwWmJscERUVlpDZVZGVlpGVmpSazVUVWxaS1YyRldTbFpVV0U1WFltNU9TbFpFVWtaalZHUklUMU4wVEZaV1NsSmpSbXhOV2tkYVMxSkdhREZTYTJnMFZUSXhVVTR6VGxoa2JtZHlVa1U1ZWxsc1dYcFViV1IzVTFkNGRVc3pXbEZaYWtKdVdrUmtiMVF4UmxCak1XUjJaR3RzZUdRd1NrOWhNRlp5VGtVNU5XRXpjREZVUlU1d1lsZEdNbVZVVmtsa1JYQjRXVzFzVGxscE9IcFZWbWhTVDBWV2IwOUViRWxWTUZab1VXMU5kMHd6VWxkT2F6QXlZMWRvVDFWclNuSldWR3hJVFZjNVUyUjZiSE5YYlVwdVlqQnNSbVI2V1RCT01tUkZaV3M1WVZKR1NtbGFXRVp6VGtVNVNrc3hjRkZpUjNBMVQwZHdVbHBGYUZGWGJrcDJaVWhTUldWWE5ESmlSbXN4VVRCb05GVjZaRFpqZWtac1kxZEdiazVXUWxOTlZGcENWakpHVFZKRVdqUmpha0l5VlRKT2RXRllXWGxsV0ZKc1YxVmtkVk5GYkZsT2JXaE5WRVJaZGxkWGFFUmlNWEJvWkZkWk5WSnVhSFZrTVVaT1lWUk9UVmRFVFROaFJHeFZVbTAxWVUwd2JIUk9RM055VkZkYWMxTkZOVlZOUkZKWlltNVNkVTVIU25GWGFtUnVVVzF2ZDAxSVdsaE5WMVl5VFRCV2FGRldjRlZVVkVFeldsUlNjMWt5U1hoVlJWSldZV2s1ZEZsdWJ6UlRhazVXVVZWR01tVnFhSEZqU0VJd1dXNUdWMGxzTUhOSmJVWnpXbmxKTmtsc1NsUk5hbFV5U1dsM2FXUkliSGRKYW05cFUyeGtWVWx1TUM0dVdGcGtNREJPWDNsdFRESmFNMlZyU2xkdk4xUlhha1YxYVdsNmExZEpXVUpWYVVrdExUZGZlRnBqUzJwS1ltVndOVU5SV0hkNGJUZE9lbk40U1dGVGQwazVlRTQxTTI5b1pua3daMEZFTW5RMlF6SllRelJ4V2xGVlRGcDZhRTlRU25wVVJrUlZWRUpxTFZjMmMwVmZabXRrWDJ0S01uVktkVjlTYUc4eWIwaG1kRko0U25WWlF6QnNkVm8xWVhwME1VWnNUMmg1Uld0blJUYzFjRE10V1V4cVEzTlNObkJXTFVsbVdFaHhiVUpOUTA4eVZWWkJZVVJ4Y1dwMVdrSldjbEI0TkhsV09UTjBObmxHYVVWVk9UWnVVMEl6WDBOdFJrVTRUbmx4TURKNWNscEZVbUZGWjJac2Qxb3hSVXhRVldWbVIwOWtaR3R3Tmtnd1lsRnZYMnMzYUhaNmMweE1jV1prUVVKRU1rcGhiVlJKVDFoeGFVdHpSVVpuU1RaT05HVmtibEZmYldWd1RWSmpVM1E1Y0doQlpIQktaMUZXU0VWMVpVWTFRakZRVUROVk9FNU5TWEZNVW1wbGRHMWlVbFZhY0hoQk1YSXRYekV5ZW5oM2EwcHpSVW95VXpSWVUwaHRVV1pZT1RSblZFZzNZalY1VDJwTE0wRktSbFp3YVhsc2RrMHlPRjl6ZVdOMWRsbERSRWhuWW1SU1RFTllNMFl3TkVGdVFqVTBUbWRDVmxsb01rZFBka1ZUZFV4SVoxTXRZVzF5UzFWVlUzTjZiMjFZUldsc1RtMW5lbmx3U0dwd1JuTjFlbkU0VVdwdU0wMDJhWHBCVVVwNGQxcDNjVFV3YUZScVNVYzVUa0k0YTFscVpGWmtVMVZwT0RSRlV6VkpNbmhyVDJKNVFuQTBhR3RJZVVwTFZtUXhUbkExT1daTFUxbExNVU00TTIxcVJrZHFVV0UwUVVsMVVHNW1Oa05FTVRNdFUwbFFjMFZFY1VOdVNsaDNhM2R4UW0xQ1VFOXJVRWcxVFZrNE0wMTNNalY0YVU1allUQjRSV052VEROR1dVbEZVMnhzWjBaNlMxZE5kemhYUTBRM2FubHJiWGRuVjFCRWVHVTBUVE5JVHpCdGNYUm5iRE52VmpOM09FSkdWR3BIU2taSFFrbHljbTlOYkhoWGEyZ3pPRGxhV0ZWQmJWSklOek5aYTBFPTwvU0I-CiAgICAgICAgPG90aGVycz4KICAgICAgICAgICAgPGVudHJ5IGtleT0iU1BFQ19WRVJTSU9OIj4wLjkuNTwvZW50cnk-CgkJCTxlbnRyeSBrZXk9IlJFVFJJRVMiPjA8L2VudHJ5PgogICAgICAgICAgICA8ZW50cnkga2V5PSJGT1JDRV9DQVBUVVJFRCI-ZmFsc2U8L2VudHJ5PgogICAgICAgICAgICA8ZW50cnkga2V5PSJFWENFUFRJT04iPnRydWU8L2VudHJ5PgogICAgICAgICAgICA8ZW50cnkga2V5PSJQQVlMT0FEIj57ImRpZ2l0YWxJZCI6ImV5SjROV01pT2xzaVRVbEpSamRVUTBOQk9WZG5RWGRKUWtGblNVSkNWRUZPUW1kcmNXaHJhVWM1ZHpCQ1FWRnpSa0ZFUWxkTlVYTjNRMUZaUkZaUlVVZEZkMHBLWW1wRlRVMUJiMGRCTVZWRlEwRjNSR0V5Um5sTlVYZDNRMmRaUkZaUlVVaEVRVTVwWWtoSmVFUlVRVXhDWjA1V1FrRnZUVUpIVW14a2FrbDRSRlJCVEVKblRsWkNRWE5OUWtkU2JHUnFTWGhFVkVGTVFtZE9Wa0pCVFUxQ1IxSnNaR3BKZDBob1kwNU5ha1Y0VFdwTmQwMUVaM2hPYWtsNlYyaGpUazFxU1hkTlZFazFUVVJuZUU1cVNYcFhha0pYVFZGemQwTlJXVVJXVVZGSFJYZEtTbUpxUlUxTlFXOUhRVEZWUlVOQmQwUlRNa1o1VFZGM2QwTm5XVVJXVVZGSVJFRk9RMkpJU1hoRVZFRk1RbWRPVmtKQmIwMUNSVnBDVVRCVmVFUlVRVXhDWjA1V1FrRnpUVUpGV2tKUk1GVjRSRlJCVEVKblRsWkNRVTFOUWtWYVFsRXdWWGRuWjBscFRVRXdSME5UY1VkVFNXSXpSRkZGUWtGUlZVRkJORWxEUkhkQmQyZG5TVXRCYjBsRFFWRkRhR0ZQTUdnM1dYVlVTMnRuYjFOTE1teEhWMWd3UmtzclZVbHVMMlJJZUdwWWIwMDNUbUp1Wm5Zck1UaFlNM1pKUWxWSmJGUmtWbE5xV1VjM01UaEZSM0JRT0c0MlZ6VXdOVFZQWlc1a0x6UjNSWHBhYUhSSlYwZDBORTl2U3pSa1VVVk1hbVJZUzJjeFdFUnRNV0pMZVZKMmJrb3ZabFJzVFM5V2NsZFVhamxpWVhGeFVXbFBWRTR2VkVSR1NXRXlUek4wTDBSWmFqUTRVR1l5Wm0wM1FsTTJWWHBhVG1KM1JYQlFlVWRsZURFeFZHOTJXa0pUUkU5R1psWnBTa1J6TlZFck5sbzRRWEIwYVU1VlIzaEJhalpGZFRNeGFYWmlja1ZvYjBOSFFrUnVjVWN6Tld3eUwyNXJWMmhQYlhGcFlrWXdkV2g2TWpOUU0wZFVZbFkzZEVVdlpGaENSRGhZUTBweE4zSk5kR0ZNYm1kNGMyWm1TMGxzU25NMU1VTnpVVTByY25sRUt6RmhWMjAzUkV4VFFVTjRjREo1WjFoWFlqVlJObEZoVXpGaFpEaHJUbHBLVlZaT2VHMU9WbmQ0Umk5TVdDdFZZbmhqTm5GSmJ6Vk5NMHRHZERKYVdrMXFhbGxPTlc1amNGcEZSa3h0Y1VWYVlVRjNSekZUYkVSeFlUUnZiRXh5UTBaRFlsQmpkRlJ0ZGxwMmMyWkRjemQ0Tm1rNFVtazVhSFY2Wm5GNFpqSmpOa3BtYWtSSlkyaFZaaTh4VWs5bWFYY3piMHBDY3psMVZXSm9NbTFRTm1OaVRsaEthRXRaZVdScGFXTTJRakE1UjJvNU9VWklOVTFqZURKS09YSXpjV2hoWW01MGIzQTJibFJDWmpkMVJEQllTekI2V2tkNVdqQlNaWE5wVVc4NE5FNVVZMWxsTnpKd2MwWmFhV3AxVUVGTmFURmFXSEZIYWtodk4yZzVWVWxoYmxZMlN6bEdWR3BMYlVoRmVYY3pWM0ZOUjNoeVYzSjNTM0ZpVkZGTVNEWm5hMjAzZHpkc2JGWkNRVk54VjBGTlpWTnJRa2xwWTFGUlNYbFdlRVU0VUZsV016ZExVMlJWTUVjNFJreDRUM1ZKTkhVM2NtdEROalZMTTNaRE0wSmpjazFLT0V4VVMzVXZkbXhHUldSUGNreFVkRmRZVWpobWQwZGtlR3BsYUZoNmNYZEpSRUZSUVVKdk5FaEdUVWxJUTAxQmEwZEJNVlZrUlhkUlEwMUJRWGRGVVZsS1dVbGFTVUZaWWpSUlowVkNRa0ZSUkVGblYyZE5SRTFIUTFkRFIxTkJSMGNyUlVsQ1JGRlJiVVpwVWxCalIxWjFWVEZPVFVsRlpHeGliVlo1V1ZoU2JGcERRa1JpUjJ4c1ltNVJaMUV5Vm5sa1IyeHRZVmRPYUdSSFZYZElVVmxFVmxJd1QwSkNXVVZHVFhSbVUxZGtSbFpKTldKcVFsVnRNMkU1Vmtkd04zTjJhRzByVFVJNFIwRXhWV1JKZDFGWlRVSmhRVVpDTUhrek5XZDFPRmx0YlVKdFdFcGxTMlJ6VjNocldYSlhjWHBOUVRSSFFURlZaRVIzUlVJdmQxRkZRWGRKUmpSRVFXUkNaMDVXU0ZOVlJVWnFRVlZDWjJkeVFtZEZSa0pSWTBSQloxbEpTM2RaUWtKUlZVaEJkMUYzUkZGWlNrdHZXa2xvZG1OT1FWRkZURUpSUVVSblowbENRVUV6UkV3NU5VeGpkRXdyUlVnMFpWaDRSMEZzVXpSb2F6VklZWGw1YzFWa1REVXJPREZDYkdoQ2N5dFpUMUZOYjJOQmVVMWpkMlkwTDBaUmFqUklhR2RzVDJGbmJXUXdlamRTYlhSbFVFaEtkMUUzUTFCTE5GWjBPWHByUzI4NWRtMXJPVFpvVGpWc1pFdzBZekZNYm5CNFVGWllVR3dyVWxSRllVSnNNV2R2ZDJNMGVHTnpXR1oyUzJoRU5WWk9NV0pEVUZJNGRIQkpjSGtyV25oNk9WaExhWEY2UkM5blRrZEZNekZKYURCaVJXMVpNVkZ0VmxWM1pXd3pXRzVaTVVrNGEwWjFUV2xZVlhwS05HTnpRbXh0YW5CQ0t6bDVRV1ZNVkdaMGMzRTRUVGs1ZW5sWmJWbEdhSHBYWTJsblRqRkZNMEZWVUM4d1JESjBVRnAzVFVwUlQzazVSMGx2VmpaQ1RFSnpWbUl6SzIwME1tUnVjVlpMZDFSdmRVUkdlWEYxTWxrNWVqSkZOWE5IUmxwMVlTc3hTMVJXU0ZwMU0wTTBVblZCVEVOUGVIQjRPRkl2YzFKV1JuQktiM2xKWW5aQ01WQnlRVWRVY0ZOU1JWSldhVkpWVFhOV2JuTkpWRFJGY1RkSE9TdExWVkpSY0ZsTVpHWktSRmgxUmtoNFUyMVFOM05YZG5nclJFOXpZbFl6VG1kd1NXeHVLM1pRWWpCblpEZG9UMUZQYzFkdmRrbHhkMEpPYTBWck5FOTVhM3AxVEVOcGJXRjJlVFZJZEVweFltbE5ZaTh6VVZoUk9FVm9PRGxJVTBWaFFtTXdMM1JXTmswMmNXaE9Va0pyVlRsSE1XOVNkemxzV21KbmIwbEZkelkwTjJkRWVrOWFSRkppWlhGc05FOUpLMXBRYkdwNU9HcFJaRWhRV25KdmVIUkVlVzQyYkZrMVEwaDRVemQ2Y3pGbGNXRm5OVkJTTVRaQlYyRk1SRFo0Y2pCMlUyTnVhWFl5ZVhSbFdVZHVTRWxZTm1oTVREWXZXV2hEYjFwaGRXWTVSbmh1ZDFGTmFUTk1XRE0zYURsVVJtNWFNMGx0TkNzclRXWnNTRTVVTURSWWJuUnVOR0pxV2pkblFtb3dNSFpYTVdWMk0wVmhRVnBVVFRBM1pUUnNZMkl4VUVSVmFpOXRZbm80U2pOVlFVRjJlamhxY0hCMFluRldJbDBzSW1Gc1p5STZJbEpUTWpVMklpd2lkSGx3SWpvaVNsZFVJbjAuZXlKelpYSnBZV3hPYnlJNklqRXlNelExTmpjNE9UQWlMQ0p0WVd0bElqb2lUVTlUU1ZBaUxDSnRiMlJsYkNJNklsTk1RVkF3TVNJc0luUjVjR1VpT2lKR2FXNW5aWElpTENKa1pYWnBZMlZUZFdKVWVYQmxJam9pVTJ4aGNDSXNJbVJsZG1salpWQnliM1pwWkdWeVNXUWlPaUpOVDFOSlVDNVFVazlZV1M1VFFra2lMQ0prWlhacFkyVlFjbTkyYVdSbGNpSTZJazFQVTBsUUlpd2laR0YwWlZScGJXVWlPaUl5TURJeUxUQXhMVEE1VkRFeU9qRXpPakU1V2lKOS5QcFlTaXVxdzJ3Vzdxck9XbldTLXFqVTBJaGU3QXpYXzE0bHlVX2RfTGd4cDdJdVdzS2t1UGFEN3pwdkNnd0JDSkhKWW1ka0U2Q21GOW5SR2kwdGoyeDBXTVRPMThoMHljMWpyTjJJRk41STJJTDhxNi1melM3NWMyeVZ0enJQX190THZKZzR5LTBwbGExUl95azVXQ0dybmVaLTRPeVhsMjVFR2haR0JaRXZ3RkR3SmpReVJhYmVQUlBGMnFkTkI0VnF2SWMxZnowcjNucEJqZV9pRzZzVUtWOXVXaVFNTk1NN2pYM01QU2Q5Nm96UkJMM2d2RzJ4dkVhNEVmdTVJc3dWQkJBSk1XWk9IOHhzSTNRc2hIZ1NEZ2RGWnpEYWFTUmdXbE9TUmprMWNQSG1GY0RZUVJQQjFsdXdSRmtFX3cxOEtkLWZEOVl1NThaQXhXR2wxMzQxY19wU2ZvM24wM1pJZUxvMFJOOHRKSnVtdXFUTTNYSk9EdS1EV1JuT3VXUkRqSngzRmJqdEpabG4yMThuOEU5NVBBQkNqelNwX0FKRWV0ZmE5d2xQYWlFZm1icjNOYXFVc01pR3dOVHU5cXZKS0RtRmppZjFPMHQzQU1JVHk0YmJIdnR1eDBhYUVvYzFoX0c3aFpWeUlNNk90OXF0d0hUM2lOOV90Y2oyU0VubjRsUURyNjVlMHpiSmNsWEM5YmNnMjNtZzJQQUVySUhzTDl3d3hDc3F1THdGVzhlMjFpbUhKRlNYVDhfODBiYUNmaWY2Umdzd1F5bjZtMll0Y3FhTVRMbTZTM211REU5d0YxeE54WDcxM0thbS12M3YzRjE3QjFlTGtQMmc3VXpoUXZrWnFhWVRKWkNmM2NoWmNqeGQ4WHFRYTNPUWlKYllXdW96cWR5MCIsImRldmljZUNvZGUiOiJiNjkyYjU5NS0zNTIzLXNsYXAtOTlmYy1iZDc2ZTM1ZjE5MGYiLCJkZXZpY2VTZXJ2aWNlVmVyc2lvbiI6IjAuOS41IiwiYmlvVHlwZSI6IkZpbmdlciIsImJpb1N1YlR5cGUiOiJSaWdodCBMaXR0bGVGaW5nZXIiLCJwdXJwb3NlIjoiUmVnaXN0cmF0aW9uIiwiZW52IjoiU3RhZ2luZyIsImJpb1ZhbHVlIjoiJmx0O2Jpb1ZhbHVlJmd0OyIsInRyYW5zYWN0aW9uSWQiOiIwMDc0ZmU4YS1iYTRmLTRkZTItYWU4MC1hZDZkZTU1NDYwNWQiLCJ0aW1lc3RhbXAiOiIyMDIyLTAxLTA5VDEyOjEzOjE5WiIsInJlcXVlc3RlZFNjb3JlIjoiNDAiLCJxdWFsaXR5U2NvcmUiOiI5NCJ9PC9lbnRyeT4KICAgICAgICAgICAgPGVudHJ5IGtleT0iU0RLX1NDT1JFIj4wLjA8L2VudHJ5PgogICAgICAgIDwvb3RoZXJzPgogICAgPC9CSVI-CiAgICA8QklSPgogICAgICAgIDxWZXJzaW9uPgogICAgICAgICAgICA8TWFqb3I-MTwvTWFqb3I-CiAgICAgICAgICAgIDxNaW5vcj4xPC9NaW5vcj4KICAgICAgICA8L1ZlcnNpb24-CiAgICAgICAgPENCRUZGVmVyc2lvbj4KICAgICAgICAgICAgPE1ham9yPjE8L01ham9yPgogICAgICAgICAgICA8TWlub3I-MTwvTWlub3I-CiAgICAgICAgPC9DQkVGRlZlcnNpb24-CiAgICAgICAgPEJJUkluZm8-CiAgICAgICAgICAgIDxJbnRlZ3JpdHk-ZmFsc2U8L0ludGVncml0eT4KICAgICAgICA8L0JJUkluZm8-CiAgICAgICAgPEJEQkluZm8-CiAgICAgICAgICAgIDxJbmRleD40YjE2NDM2NS1mNjk1LTQ4OGUtYTg5My0yYTNhNDFlOTczMWM8L0luZGV4PgogICAgICAgICAgICA8Rm9ybWF0PgogICAgICAgICAgICAgICAgPE9yZ2FuaXphdGlvbj5Nb3NpcDwvT3JnYW5pemF0aW9uPgogICAgICAgICAgICAgICAgPFR5cGU-OTwvVHlwZT4KICAgICAgICAgICAgPC9Gb3JtYXQ-CiAgICAgICAgICAgIDxDcmVhdGlvbkRhdGU-MjAyMi0wMS0wOVQxMjoxMzo0Ni4wOTIwNzJaPC9DcmVhdGlvbkRhdGU-CiAgICAgICAgICAgIDxUeXBlPklyaXM8L1R5cGU-CiAgICAgICAgICAgIDxTdWJ0eXBlPlJpZ2h0PC9TdWJ0eXBlPgogICAgICAgICAgICA8TGV2ZWw-UmF3PC9MZXZlbD4KICAgICAgICAgICAgPFB1cnBvc2U-RW5yb2xsPC9QdXJwb3NlPgogICAgICAgICAgICA8UXVhbGl0eT4KICAgICAgICAgICAgICAgIDxBbGdvcml0aG0-CiAgICAgICAgICAgICAgICAgICAgPE9yZ2FuaXphdGlvbj5ITUFDPC9Pcmdhbml6YXRpb24-CiAgICAgICAgICAgICAgICAgICAgPFR5cGU-U0hBLTI1NjwvVHlwZT4KICAgICAgICAgICAgICAgIDwvQWxnb3JpdGhtPgogICAgICAgICAgICAgICAgPFNjb3JlPjk0PC9TY29yZT4KICAgICAgICAgICAgPC9RdWFsaXR5PgogICAgICAgIDwvQkRCSW5mbz4KICAgICAgICA8QkRCPlNVbFNBREF5TUFBQUFIUFpBQUVBQVFBQWM4a0g1QWdDRXlJWC8vOEJjMTh3QmdBQUFRRURDZ0FCalFFckNBQUEvLy8vL3dBQUFBQUFBQUFBQUFBQUFBQUFjNVVBQUFBTWFsQWdJQTBLaHdvQUFBQVVablI1Y0dwd01pQUFBQUFBYW5BeUlBQUFBQzFxY0RKb0FBQUFGbWxvWkhJQUFBRXJBQUFCalFBQkJ3Y0FBQUFBQUE5amIyeHlBUUFBQUFBQUVRQUFBQUJxY0RKai8wLy9VUUFwQUFBQUFBR05BQUFCS3dBQUFBQUFBQUFBQUFBQmpRQUFBU3NBQUFBQUFBQUFBQUFCQndFQi8yUUFJd0FCUTNKbFlYUnZjam9nU21GelVHVnlJRlpsY25OcGIyNGdNUzQ1TURBdU1mOVNBQXdBQUFBQkFBVUVCQUFCLzF3QUUwQkFTRWhRU0VoUVNFaFFTRWhRU0VoUS81QUFDZ0FBQUFCeXlRQUIvNVBmZlFSell0MDNRTTVNTHFPUXRDR1R6OUp3UCtpL2xRc2hXaE05WGVtZ3NCYU1MUkM1bGxRM1FKZGMyUFY3OGNCbkFzTm1wSmp5VEFoQituUGkwNDVwREtqTTlZV3R0ZFBmTGM5Tm1mcDRkQ2hPMnRtWUY5dVh2V1orYzhKcmQrTGFtRHZqV2ZkTStmbjNpNVFGenk3aG0yUU9PRGFUcXl5NkpnSG9YT0V0ckUzYjI3a2Z3K213eDlqSEQ3RjRHb1Vpc3MvT0dOOEpZZzN1aWhqL0FpbzdnRzhBaG94eXptZ29LcVdnTU53ZUY4SWY1VWl4aHU3ZUhHVTlKRWFUYUttd2QzZW9tajA3S2JGdUM2VGltK0plZjROcmZKeUFNcGF5MHdIL0F5VG1SRFN3bFU5elRrVzkrejQ3bUk3eGZ6UkE1NFlka3V6QXVZR29QRnQ0REw1ZGROZzJxSlNGL2ZWY2c1MTREa1d6UVpVbEppRVdNK1Z3NERRT21DV0RjOUlFWExtQ3JjaGZ3YW9QNFpUN05adDd2YUJuVTJTTWlZUnRBTUl5bWVOaSs0RzhXdUY3ZWhCditNT0N6UW1KeE1PVGYyMHNuck45eXhxa0YrR2tRMmlJc2hUUkNFRVpEZmJnZFBRLy9sVFNPUk9OSHlJMTZzTmZwMHhMMG5qRGF4L2ZrRUNubmVwcHJVSDB3QmNWZGYzdGZ1Qzc4eTMyajdTV0FPZTlyVTZjWDhuMWhiUXlSd2laVHBDeCtvT09SM2pIMmFpUjltcTBQczFZclJMYUNYOVlQV2tLclpXdXhhdnA1VVlvbUpuWi9PTVIzL0dwdlpDNkRTOTBqR1ZWKzN1Q1BjZ3h3emFWbGl5K0pNYy9zSElLUDA1M3lQSyt1bjNTLzF2OGhrVTNqQWl3ZGZwVE5lanZtc3pPYlRla2R3dVhjclJoU0ZmMllxVzQ5ZlU4MHBWQXdIQlRMY2o5ZlkzTTRqSWZhWDJPcGdNUVRqU2JaZTVVNTUydDdCdEt3UnhjNUxGT1lqL09US2VwajlHR0RVOExHOGdnSEthV1dIY1FURnpmWkZyb2VFb2lkMG0zd2p4ZEMxa1dUcDR2T3Jud0d1OUFwVTAyODFpVHlhSkhydDRua1BJeWhNRHFNWUR4N1RmcVpjYWxkRVhmYllDYmgzU3dYRU1CdTg4MzU0ZjFNOXl3M2lnNVRTdzJxZVpOUXVmaXpydnAvMjhQWVJoeDdTazh1bkl5bDRHZjRXNSsyeWxMclRzRnBnbHlhSWd1SkQ1RnlKNUdkNUErV0dZMUw5aDhlNHBtcUd1Tm13NFZXZEtSc3ZETkdRWDBGN0dUUXUyUytBZE5UZXQvclNEalF2SlF1WUtuTk53R3dOcEcwVTdIUWNJd0ltZmZNN0JWYVFvbHpGd0daaXljd1Fhc1JXMjc2emlpM0ZtcCt1eXZKUy90VjU0SFRFcjMxRjMzbXBoYmszNDdxakVLNjFTTjdtTldGL3pXYXNKNWozK284dUZac2dCWENzdDRjRDdVT1FaVjJKSkVkVWRkSFNrTmVJa0NWUkFaejRsRzFrendxakp4TXVhREUyR0g0T01jaGVhaDJsWm1XSzU2RVYrYWR2MUR2RG45eGNwcEtlNVJnVlIxLzN4OHpHYkJnQlVSdHU5REVSRHdNaGptQmJ3SjRucEJtVEV4aHI2WFlETGt1ZjM4MXprZVNpNmhaN213TTVKUHl1VXRkWUw3aEI2SW1Qd053VGRvWEthd0wrTy9FOE52TnJYTkR4UTg2WVVJSm11WmU3eFdNekZiQmNlRldsRno1SkYyamhrUW55Y0JQWU1DTDBlSjRkTnh5UVV2eUhVdUxSbDhCR1RsZExzVFJpcEMyYkk0QlNCZUt2R0grK0R5OVBUUC9rTUNGb09XNHI2d1VKQVYyb24xcVRTYXM1TVdZNzcwb3dpVE5jS0F4djkvV1ZGbSt0RnZFcm15cmxFWlVRYTR2bCsxWmtXNlc2bmNEcHFJajRCRnJiZzlCTEprYUpidHBFUjYzZ21IQzVlZmc4Q1dkc1k0Z1dkQmptWGtZaTh3Q2hjUlVJY1Z3M2F3UGlyVmliUHVxOVpLODNMV0szdUxDWUw3NVJsSzZtKzFaY0pDUE1od3RoZnZJV0N6RWhnMG5Idy92RUJiUkpBN1hxYnBCT0t1U3JkYjBiR0RCQjkwSHdWcmtCZit4SnRDWHorVmhRTDVmelFrN2I5ZUNOcjRkUG1PQW5zTzhqTFRBSUpjNHFFR2J5azVWSkZwWjlRa1k0SDNwTU4zNG1hb1RMU2QyOXFWWHVHV3p4MmpEOTdua1I1NWwrWm1xelpvSm40d2RyS1p1RGdNRis2Y0xzeWlHMXBZZklGYWt4WmNQeGRMUEpJUG5IWGEyZ1hLNisvNEkvRFVPdGYvU2ZKTFdFWGx0RE5IUjNacU9UNDdGdS9jeWVLc3NzVTZMc3pEdjBNRXdrcUtqZ3YxZlNBZTB5ZGhtZElrdUt4NFlwNU8wQllYWi9CWDhkMldFcUhYTXZOekt4SkRtMFhYOE1pN09NeFFGbDFsWk4vSDJla2pIMmVrckgyZDRRQ1JFdTlZcjRSVExDTGdWTjU0NlFQYnFPa0xjT280cUhrbnhpamUwbFVlcVNvRzdTMGpOeUhQaHBmRXhBcTQyU0NRbWNSQW5QaXV5T1VUUUt6REZDUjFjQ3premIweFI0YlA1Nk5MRWZkL2dCQStWc0dkYXMyU1lEbFhxbklxTmpCWDNzZkp1bVZWSVZFM1M4aThqcVdZQ1IzMmlTMHNsanlaalU4aDQ1T1QycmlNU1EyMmR1N0xpR0YwaEhTZjA5Q3dMYnZyUWY2RXd0aXFZdDNTRGluSWtoVVE5T0F5OTgycHUxaGhvcEhydU9UM3Zxb3RmT0g4U3RibDkxRnhBaXhBZUhsV05BYnJubEdKdjVEUnlOb3paaTVmd0QyTHlWTmpINkxOa1dXaUV4eElTVTFBYnd0Q1BRZzhPbEVWNFBoSXlGVGFPZXNId1llTHM3RnZWdlFIL0tFWGl1QmQzYTBFTStTMFpudFpZSWEvSmhUNU9LaFBwSTZIaVJySlFBMkNXREt5ZEh0YlU2RnBDTW5TczNwRFpidGFhMlJFVmhBNFdaWEFHb1JkZFdkR2xjbTFodVpISk9kbGZKZDY2dHlUai8xUTJUeHJtWkNIaWNrSzhYR2RuRU9oNW1Hdzgyc1dnRU41Zzd5NEFObjBJVWtoN1dmMkErRWU2WUJuZVQrT0FpdXAwMFduV1Z6QlVvZDI0bkthNUZOamVQV3Zrd1l2YTRWOGx5bDZrUUpsdWlRQjltNnJvM3c2VVFXRUYrY3JxQzd3Y3R5MlY5N3QySXJWSlF4enZTWEI2NzNqTGl3cDBVR1dmbmJUcDYyMVJTZG1NZTh1cmZORUtnMzVOd1plWElHNUN3MnJ0bE5FN2s1aGtmVE5Ld3RPNm9MRllCQjhLUmhuckNzQ0xmZGJlamVlcld1SEphejY0SldpTGwwdGMyY2NzazlBSkM2Z0ZhVms2K3EyUVhCeE9ObUdJWmluTDZWelR2ekpvMnl2ejVZdW5TSVh5NkRxRkhGckdEMTZ5RzlEaWxiZ21IdStXWUJudmNFQk9adXZ3elZmbC9TTG5pV3dDRnVNalZoeGhOMG9rWktHTGc0dGdaQjhlUU0rT2FlOUhWeUc5T2hORDJuWkFoekFQTmsvS1F2OGlFRUx3dHBUSWQ4NUtDU0wzL3l5QzhIT1RKUWdjcWgxcUQycGgyODR2YkhlQWlCRWdUeUFENVZ0TWlPTUcwWjBKZnRWeTNJYkY2TGlTMk5xWTRLcmFMTUtJSktYb3FYNEVkREJtNTBRWFh1b2JFYkhHRnZDWTlGZUs3VTUyRGU3RnZrNjZaYmI4MkJ5NVZlVW9KT0xreDk5ZUhOOVg4WVY1VVZPTy9rMUt5NGhpNFpHNi9kbXBrNUNzZmFEYlNaZ21pRlpmeTNsaTRRbXBXZGhudEdVSmdqMGRFQ0h6NjFwalNyRmZZQXNKaEhMTTRhdFl1anZPR0o4Zk9FZm9ZQnBUaG51LzFOSEJxZy9QRmpLS1poYi9haUZlOXJrcStnMEZLdjZ5cFFINWxxWkcvR292OFVOcmo2Qld4T1JwQTlBblNLNTVMeElwQ3VFTjZkMWFNT0FnVXJUd3h3RTRpRDJOOURRWjV4cXIrUHpYTEFadHhyTURFaXpXblc2Ky9Cd1ltT1ZMZmtXZTh1SWxMd2VHSk0yTlliZE9VTzVtckM1ZG1OemgwRTA1MUZrVm1pMUhIWS9FV1E3WUtBdnlxcVorMTJRa0JRbmgrWTBIVUxCeWtJQ0szd3UzZTdCQklVanhoVVVOTTd5bDM3cEhtVnA2MnEreENvK2pOU24zdVZEOU5kWk52cjByN1o0OXIzVnVEVk5JZG1DaUxWc1pPalhDZ0FzR0s1Zk9qVkdGVFhXQ3dJMVRSNjZnRW9iWjRiVlRGTkhBWmdLUzJjTE9ML0dGckRwdG1WR012QUsvM2FQSjIzZDd6TmhyK29SaURoSkFDcmd4d0JoM3FqMzIzMWM5TkhsUjQybktTaklKUmRRcXJZNjlNU1FmMkdYV0Njd1VLZDAyMGc1Vm13YW9SelZuOEdWNk5mT0o0aGptVE1vbmE4NDFENU5QMzJMRCsrZ0J6WTZjVnpsdWV0Tk40aG1BYjlyYm9UTEk5allDcVBNMk9MdzBmSWlJaHBpUjVrMU4zbWxiSTl2SVFidU55anFrTnNuSUFPS2VwR2xiSExSWlVCQ3ljNmVpODVsc2RjSXJYNjMyMUpDN3ZlbHVITVU1TWFybmpSR3lzbkVwUVp4Wk5lenNpMS8xTm5yUWdJc3dPa3JXRUd0Vnpxb2RLNE94VUNNRDZkbWZodlZ5K3JNZ3c3bHNjdnZWTDNEM0ZKdG9mR01CajlxcUR6VTRMeHRCc1NwTDk4NDVNSmJVOU5BNGllNGhjekJzRWJxSHNRSHBWZnBUWUIvazBLUlEyVUdSQ2hnL1Rqc2RhbVd1NFRVTWY3VTdYWnFjWEIvN0Q3RUpoc0kvSlFKMnQzQVJZRkZvSkh4a2FqUmVmRk5TaXE3aVlZWVhvSXBKSXo2WUFySG85YmN3UTY0R1VaWmh0V1FTQi95UHdOd0xhelp5MEVvK3hmSnoyZzF1bzZ3ZFVXTFRxRWNKN2x6U3lzc2FaMUtETDhZN214YUxyMlhUUklvVmhXMWNBTUcrdXN0bDFrS1NpTkl2bWowS04wRVhPS2Vwa29zQXVnempRVitJZnRHS2JENWtsdzF6QjdVaFJTTTZmTmNWMGxQVjFQZ2FSbjZIUlN1ZmpzZm9lZmFKUHFrSnk4cXFiV005eWk1em8xeFlLTmp5c3BNVi9XRkZBSWFaWXhHYjFrcTZzYmNnem12ZE5zQWZsMWhvbmt5b1kyTkFsWjJaMEtXYmVvU2lrWlNUNzU3MEdONWdMQTV2RGpMcTdvalhuOHl6NXhrcVpkSjVCaGJIMTNNZVVnRGJnOWF6SE5vMWxBMlh0eXlBMWVndDdpdDZmRXVJWng2T051RTkwa2FlQTAyK2RVN2xWOUloRU5QRWEvTTJ0V0tlVy9vTzh6M2FyelJIUGRjN3VST0Rib1RGaUVGQnZnbGdwMEtoOWpDa2xKdVEyeUNMbVJoTnZIeHREVTRqUkhUMWoyRlh0cWplMS92cktaTWQvQk5ETnh1aUhHRmxDZ2RnRjAvdkdOMHpuRDhndVJ5bDNPQm11RjB3V1d2c2xZZGl5NG1EbmQ4MTVFYzdLeUYxN29aSUFXbjJ3cUIwdkgxaFcvdWtGbXI2VkJ2dTJQVnNPeXVzOWdQVWcyZzFialZGQTJyeWlOZnFZa3FrWjZYMnZzOGdibFRSNGZIWnRiOUlTZnhVUXZiUG9rRUdKenNKOGtqNHBNUFM1UlB3WDFxRnhGcG5ScDR4Ris2eDBLUkJFeVJpRWFXTDRLWHRoWlB5N0g4bDV1SklWczFURUcyWVJlNlBCcVlzNzJ5K2hOQVRCSTlueUdSeUc5akJERU9ydHVqbVNYY2c5N0U0TThMT3lDd0lXMktOUldnS0Z5a3BqUDAyVXpYcGtRSmpJc1lDbXdhcHV1dFhWcERIcWdreUptZmpzUVM4RmJSajR4N2NISEEvMnY4bGxRcENjeFdOK1g0U09mbHlYY05OaHhQenI5KzZ0VVoxU0VCTXAxZEtQOHVlb2dacHhSRFczQlNnbXpRa0NVcnZVWnd3Z3ZTVHBjNkJtV3EwWGJxaEd5WEl5RkppT2U2MVhSRHhBYlJwVVptV1BZZmwwbHNMRVNzTVVlTjFnVDZBOVcxTE1Nb3o0UVY3a1VmQ1ZiWCtTUjg1NG1lV2RwQ1B1bEc5N0VUMmI3Q3RmTDdjSnh1MjlyeXhXNzNhaVQ3eWtvSzRkcUVmeGNoOHNLWmdzYzRwQVgwM3kvMWN0Q3BVSWVpeCtCUDVtN25ueUUrM0g2ekVtQUpqM2x0cXBHdDd5M05sNFk2eVVPL01WSFBaMk1QZlFXSzFibUhSd2w1QmgzZVQ1d05pZ0dwTDNLNDRReTF1dTUwK1dQUUVtcXZtK2dKVGJTMmZrQkEzME9jei8xbEZZcURWVy9hRkszcDE5TllEZ2dmRldhTnU1em1jdVE0RkI4WGcyT3M3SWdVYUpQMk5hVm1mejhPYk1aU3JCdDVFWmtjT3psVVN5Rjd2NVJIWFptM0tMd3pMQlVCVTdKdnJxWTN3Yjlrcy9ZMkVtM2Q4RmVFTzd4cUVoWHFOdEpJbSs5N0JyQ0s0ZzVheGhnUCswL3hRZFAwMzc5UjdETXFPY0piV0VHQ2tEMWs2VUR2WEVzWU45Ukp2RjBnVUFJcmFCOFRVTTBieEZVdXh1OGJOS0lWL2k1M2lKUDRwMWUwbk8xcTBHUk1obzlNRUsxckNFb1I4UHZsQ1ZJSWcvRFBTK2poWFFMZk9KY2lrVDl1eEN0Zm9SSkdQK1VKb0JkRVBzTG92b1pNSHBzQW5teWhPbEdTQ2Z1RC8yYjNoZ09kZmdLV3V4cXE5bC9TZUNuUDhaMWpvMEo1UklaM0VJWXJzc1U5Zk8zaU9JMjF2bkpSblJDSWtEdjV3SHpFTXhNallOYzhDLzY5ZUYzeURyb1Q1WGF0OGdJc2tEU056ZVpsaFFac2ZsRlpZaDFCZ3JiNjlLM0k2VFRlbzJyVjJpaTZROGozQjUwNXZEOFkvMm5PdldqVEYvOTM4WkxOdElaYzduR2ZGbWI5TDRCemhYRklCa0VzSkczdmUySExmNXo4OVJPTVd5NHhXMEVPMzRTVFhvUmxhOCtPZzBqUnVBbHJqakg1M3pSb1JSa1c3NytDSTM3dVE4NWFtZEZSbHBFNEpYQXVXZmdLd0FVZEFYTUZueTFTQmd6QlN3cmJHS1VNY1NtRE5xRjZuNTk0TkI0UDQzT20ycVZYc0lKczUxSGFobzZPN2FwY2VuSm9UTDVXMGlSQVExMVFSZnNqTUZCbSswTUJ5c3NJaTRCbDRETEZKRDhvUEcyeHZocExQWFhUeERmZVJUTCtGU09jSFdaR1lPU3N1U3pNNXE2alBLWUZBWUJuNE9kb2piM0srbW5TYkpwUk13VXpZYTRLNWN6c1VHQmdxblN4eVFUSnJKVVhqUDU3OFo3Z1RseWgvSVl2aXUxTTl6YVR4ZUNkOGJ4a0pwSlRIVWtteFc0Yk1va016SnpFSm50Q2d3eWNJYXo4eklTSy95RFZWdmQyNy83MnZxTnpUY2MxWUpON084ZUlMUXZKSE5RaGx0REtWQkpabGVicWRKY21WeXpSWE8vTE5Ra2FlemN3M2UrTERZeDJNcHc5MkRDbXBUS2lVZlZLRk5YYlBTNlFIRFByZG5uR0xlTjBaTWpPaUxvcGdaM1E5UTUxL3RjdFJmcVRjNDh5SmlML1BYWi9sZmgwREpYN3BrRDQwdVNpSkdTSVp0UWlYTE9WSk16U1AxdElVT0tCUGFsM1crVDlHb3VoZndMSmRQK0JOSkZJcWJYOWNlc2QzclV4V0NKb2U3d2ZtVG1weEd5TFAvOXNTcDhxQWlJZzk4YklWeUw3dGx6bkZHMXlkRHhnWnJ6eXExYkV0ZWtrc2ZsNnRCd0tXUXR1eDNxaFRvK0VDeUFTV0JiQTVwRXpUU21ITkVVUnJBNVM0Q0N3TWFRbTVoYnNMWnlQWVFHRFU4c1hiWkdhT2hNM0FpUitZNUJJajVpd09BMWlxVFZvd3Q1eWo5NEFGOXZ1VjFRTnBTTHhXNmVmUFZLS0pNZlNyU3JwU0lBZGhvbmRtMVpGQ24zaWtBSmNlWGNlWnRMMlNFN1E2cVF6ZnVDbXZjM3NtL05oMnZHTDdZNE1FSG9zUlRNK3hra1kxRTRxTnB6R2FraVNIL3h1WjUvRHJKa281KzMyNlo4L3QxajVOMXcrSFVzL2I3UnQ5WGNuZlp1REh5Vy9EOUgyQ2YwZTB5K1hvWkhhd05rY01aUzFUOVVLUXM2TmM3bUw4bFprWWVVNkZjUVpBMllZMnpCRUVNaUFwVUVCUVBQUGZaeUFqK1JqQjczZFV4N2xGTDJlWmpRTEwrcFQ2ekVOcy9zVnJlQ1J4RklINkNrZENpSjY2TjI5R0F3ekNyb29GcmhkL3BSSE5GVkZrT25UNFZvK2E5YTdCSU9kNitwTjZtcUNCa0N0NkVzcXpRMzRqYjBzN3c5SVBIVTVnek5FUGN4RkRaSWMxOTVMeDJMQmdiTlQ3TlErVDk5citpRkxhVjBkRkZJQmxESmcwMU1aWHJYSm5WZFg1OVQ4Y3VNbDlGZ2JKdzc4QkxSTHVhKzJHNFQrSEthejdFNDNNMjcycnNEL1VmVTRiazJCM0tEVUtWUnpRbW1MdXUzckVUaTJYam9UQ3J0MFlxbXlibThlR1djb1ZucWs2SW1xSjZxR2JLSlRoc2kzSjQ1Z2w0aXlibEh1NHRRaWE0V2FLWGM5cFMwK0UyOFFZOUlFS0NPdWx0SThQOFg1OGcyUVYvTFdtTnR5MkVzWXVJN2I1ZFJ6VnBjdUx1ZmNjWU56NG5NYXh0UWRwU1lMS2U5KzNZWW4rYXUwZWFNM2phakNOMHZwWFNScEJoa0kxdHhXTkNCOUNCMldFTmNROUNTNjUwNVRGT04yaXQvWEkwR2xGbDJ0eC9abG5EMDhFRVhubzJWMTdqNzFyMGk3SUNNWUpZWGltekxWNE5iRTJBL0FkZWh6MW5RbXNWd241VjBZOHRpcXlNNVRnb1R3L3VrMHhiMnpaZjl1NHppZk5RNXYvd0llY093V2NrWGs1aXFFYTdlaU1SOXAvdFBDbnpCZm9BWTQxMXdwS0xId0UzMXZKZjdsdWdmMElKY28vcjZvUFBnNVBXa0h5UXRodlN5ZWg3SUYrZ3hLblo5MHlIcFJqOGVGaFJTeHJVUE1RUEQ3Zmx2RGhEQWZkancyeHRXT0VpbjM1S0hWVGpPa1BhdEp0Y1M5ZmFXOENCRW04L1hrdXNYUjhBOE90a21xVGVaa3M5OGdjb1ExTEtEcWhFTC9jdHVuMEVSSjgxeHB5TkZBRlIvelFNeUw4VTFUQzJKZHBOUlZTMFlsRTh5aTFPdUZQYmYwdHY1TGNxY1NGYklSd1c4NEZHSU5VZlNjYUYrVDVkYTRQZ1lOSFlVQ2hQOUFobzJzbWo4TEdFcloycjJZc2kreVpXbkZzSy9NQURpdFJxS2s4Um9Yb3hCREt3OEZBdnpUb0hmRnVTeDdBZ3lPMkU2ZDNlZWZMOEhzdlpjM2piTXBTZlF1RUUzWkM1Tlk1SFVJL1JRUk5uRkJ2SW1uRXhWVVlrMUh2b0FKdGwvZC9UN1FwUVM3S24xSkdPSVZ6eG5xMzNnc0RSU3p2Y1hodGJaZldpWFFYRTBTWkZYSklMcHVDUjU5TWlIbWNiUGRqK2tmQU9iQTViYnpmUng0YmszVTVSa2hIV0tnYzJCaitOdVdmR28vaVZobERscEQ3QmFHNS83U0dHTDdsNkVOcVFJUkZOWkRJZDNXZWNPUUIvQzk1UU5lU0c2MEVVNXBncjZqRklFbTgxc2pCS2ZwOFFUS21zU0hHdm9rWGQ0SU00TmkvanMvaDJhRkd4emdjRDU2bVI4WHdNQ3Z0Z3NTTGZjUHEwOERDUDBxaEFlOWlYSGV6L0d1SmZjMU9sc21Dck1QWmloSk14d0EwbU9BeEk4cDJrTnA0SWpKdVpRTUVmd2pqNndyUE5WZm9HczUrYnhCV3lRTnA2VU9mckJja2NwMXQ5N3MwVEZ0K0xMOGlQaTJ4Y0J5TXFab3R5YThzR2FGZi80aDFUMEIrUEpod2xBSER1eXp0Z0hOWlpxNXRCLzBCdG1JRWdHWTU3RFp0ZHBTaVNBODhVZ0pGS1hWb1VJNlVOeDRhOWg1Z3RvZk5QV09ERWZqMGNiMU9kWEtyR3UxdHBabUp4Y0lPWE1QL1hqY3hUQUJvUU9KZndFVVpoaFZJUFEvSWtKM295SWNCRWdUY0JjeVZua2RBY2hvTzYwSnJib3RYb2l6YlVUVG5jWjRnZEltVUVZSGwwZy91TlhFUU1ETmZtYm9DMzR0OWxTcC9DSEFVS2NQSHUwcUFVQUZ2dkpqVzV1OStuVmtuay9BSnFiZEM4djR5SVdkRFNRdFRrZ2M1c2wzZy9jWlVxWEpxVkJpQWs4MkZRYU9NQVB1VGwvMUgrTEFndnZqcVNwL0xSSlZ5ZlRJSjY5VEh5MzlKSkdEaXIzNG8wM1FmT0NkZHhaSFlncDczRDRSTUFVTjd5TjEyS3hQMVBFQVNWd2JvT1FRLzFwemkrZXpoRHVndzZiWjhVRmdERUJYdDVFbjVPR09qb0luNDRuOUdLTVBFNGlpQzBZZ0NYc0xoN0NheWJSK0ZQY29rekJwNFFrS3FucUpTYU42NUFQTWpDNWhkbWNFLzN4Ukd1YjR1VzhnTGZLcWMzT3h4Uk13N3ZRM0ZCRjMrUFJySlppanNGZWdVWEE2U0dRNTVCRlVpYVNmVlBQOHB1a2dXQlpNUktHR1h2ZnpwaWhZNzVZK3Z1ajFXNENNWmovNXZMMnRTcXFMTUN6NGNlemNXV2dtRWVkSGhkNmFNWXZMdmVyRW1sa0JLajY4ZnlJN1NVNzJ4M3o5VEtocnQvTnFTZFc0elRKVFc5ZS9RTUxzYkxsK0VqbFRBQ2RRK3pkb2taVERzYkFOaWk0U1Y5THJpNUVtcm51ZFo0QnJ5eXlSSmpTbmJBckZsekwxWXpBN043S2daTTFqcTNzZWI1b3hkdTI4T2JoSWpGTFd1N1gwekowS20yTi9JdENBNlVCZlBLaWNTajZLSUZFcm1RQUZ6TitxSWFUMFNRRXIvQTlES3VUTDQ4M24vckJtR08vampWdS90SkJHdmx4OE4xdkZ2NXJGaTNOZnBOekRPM0s2L3I3bExOZEgyNlhNK1NTU1pneU13czRvMUF2QjhoSmF5WUVESWp4YnFqZDVNT2ZZT3IvUVF3bVlzTTQvV3BTTGd2bDdIZGU0RHQwYnI1RjdxTXdJSEhmVW9JQis3cHZRbnVvVnFCcUQ2TFB5em9GdTBaaW9mOTlhT09sR0J4QjFLc01aMHQ1SmZKaVZHRzZBZzlaVHZCWnY4ZmhROGMzNWVLenFPbld5ZG1HZi96K0FDUXNpN2Ezb3l4YlhtUlZjK3BCWHIwUTlDSzEzcnZaMHJBbnd1TmtGUjhPbVo0bXpIdHlLSlRjYlQ5cHFSMmUyVGt2eWdOZVdNckJSQ2xQSm45Si9HNXJIRVdaV3VJSDdnRm1oRWFFSFRpTWZCRjRWN3VwaXhCbE9MRTdnd0NLQ2lsRVNWa05oNWw3OGlNOTl6MGR2aEdYWVRqTDhaaEd4UnJUWDFoMnhybU5GVGZmTzQ2OGlveXljbzBQQlYvcVpXa2V3bTRnRElYWmlYRG5SbEs3bzhTaTBodVJQSTZyUUtxWVREeDQ0TkRKaUVQSDVSeUx0Tzd6L1hjZ3k5VzhFNlc1VlhrS0JYRWVoWDBwdlNXT0RzSjB6S1pxZjUvSzlZbU53V2llNE5xMjFYSFpPVDBuUTFybWU2ZnIvRUZsZENVMWlKNnZOczBGUjhoWHVhYUNudGJzb2hZcVdOQzh3ZzM1UjRDdzZMRUdqQTNTUW82YlF4Z1J6QlVtdU5MNnBnRWlVUUFYdCtXakk4M2Z0dUhGMG9LZHJlL3BwaFM1ZEV2YWZoekdtNE5ES1IxT0dsOWVYbUo2YkpaTEpSQ3NaVEdFNkRGbVcwY0Q4eStFUXFZdFFaVGRqYUlXZzJ4M2Vjbm9lUFg2UTFvYlQyR3h4c1FEeEMwdytucmpRajZzbW1BSGowMmZ1bituNGZZdXluNWEyY3FibGhxLytiLzVSOUpCTVhrTWQ4VHNnSmtzZXlpajh5dGpIZ0thV0hwMFpZYUt3emo0NFpUNlh4aXl2MmlMck0xczZ3a0krL0NRN01iSTV4d1hGYWZFSzlLcEJmZ01KbU1sNVlLb05SVG05aWY3UjhLY3ZBWCt1SkVnTEpsY0VUMEFNVG91S1pCMEROUUN0TnNIQ0NKMmJZMVQzNWk5U1dZeHZkcmRhWXVzMGtpODZRVnR4UFkwK3pzRUpSK3VYclh2dTBMTUU1Uy9Sb1FpbWUvblQxYWdJUVJ4cW1jYk5pN3F2Ni84emc3cHhVOE9mdmdRQXVBazVQbGY4cEw2aWdyZ3NNZEJaRXRnVmNGbk1Gbkg5UmdGdW42NEd0ZEZqOEd2aHg0U0dMUFl3c3hYdFN6eTIyQVNCNHNiejhvS21LN29oQUVBVjA5L1Q1SGNndTRDT0ZVUWRJVmxsb3hTSk1oTDd5VmRNK1hEQUIyQ24yajhFOUgyb0RJemlYMjMrOFRxUFVYeXhqUEtmcHRTTjlNUVo5WnAwN0Zva1RHcVNON09iWUlPcVZ2MGJidUxGaVJMc3NuSHQvaXBuYWd6VnA2N0FxSk8xbXl2Ri9mRWk4N21LMndvQ1V0NXVScWdMbzJteXVPRFh2ejZXS0FiU0o4UVdWemV4eHhYNU5zTjhIc1RKcE9mbkJNNVpEWWZGSS9nWU0rQllQQjdFaFZjWXJQb29MTmhHeTdmbmlOeHN5SFcwcnBWY28rQzl6dTdUcW1RMjRndG16WXdYaFhNNE5PbTJmNmZvZmQ0cFVPMmZsTG5QeVp3UGRlNEpYSGEwRW5mZjZ2bnVhcUE0YUV3ODhnNmpYd0g5Y215TEthdFcvM005dnZJb0dtLys2RzJYeHBOend3cjBtWTFhTGJTWTJlRUhXOUw3WXpoM3RUQy9DTHo5V3ZJa3dZTGptYUo0RDhDRHJwSFNPRXU5N1ZiWS9LUkdBSEVKaG1uUnR1QXdhYTUxeExWcytOK0RkWkhTWWFRWHpzL2xDY1ZMYUswbmI2NGNoRWFYdVJtWThrRGExY2NOaHFyOUI2TU1uOFBKREFiMms3SFh3ek42cTJNU1pWVEJhOWNKTEppVDBZeUxnd1NtSlpBOXZSODYrY2FQeDZta21uQWNadnN0RUUzRnJJN2pPbTZmVXo4c0JRdHFrY3Fnc2MwRXB5bjRiSjdwQXRyUyszc1QydU5wUnpna0RId1hYVEpLeGJrTDA3UXA3alg4KytwZkZ3UHVFdWVodVNZZ3VzQzNwNHBOVEI2dGpFMFFuaHNEWHBySm8zZ3l6eU1Ea2RBak5uNTRMK0lvemNzRUZkOXo2UndIOXpzSnU5QkJ3dXMvV2dyS25XNnZqQ3JjVjZDc3Vrb3hDdjlSUG82ZndzTGFzR1JVWFUydG9IUjVRNVpuQ1RHUHhJTkN2a3FFTmZRUURNMW5pK3hSRHIyYjF5UWordmthUE1nSzFkYWkzTDNtV29UaEtOdVBvYzRheDFJeWl5MXFvcWtKUkVud1FjOGEvd24zeXc2Z2pXdWE2U3hFcCtxdE5yd1hpZGhGY2xPdVRXbXEwbkh5VEFYMFVXaUs3WlFPejMrWHM3alBGN3dicHRsTXcrMDNYcVFjaE1udXFtN0dvdm5XbklmVThsOHdxQXhMcGs3Z1ZUM3FTa0RBb28wRWtKcXlkaDlHaE13WnJXcGZNWTR3QzIxN2g4d2JsL2FWR0VmR25sd2czdFNHWVp5RWU3YlZjdGhEU2gvOGVTSU1uN0ZkNkRtdWFRWjBtZE9Wclpta1k4NHZEM1MvM3Z3bFRVWGFmS0tlSWtzUmpKSXl4UDhGNVAzbGIxcmdsaDcvTVIxNitqRCtxSW9zWEhlbFBjVTRqeUp2bmhoZzVvQ1BXcDZ0aURNc3k2MzRBc0lmQWlrZGZYZkZHcytJcjZabitzMGdmNlNtcWY5Y0JmOE1xcGZLbmJiTTVSTkNDZUIzSER2NGtkcXR6Smk4K0pYY1NNZnBYUzJLVzB2SEl4YXBYRE54WStaM0pBYVczK1h4MWlhQXoreVl0bk1Edld4eEJSa3Ezekpic1R1bkEvYlN5WWZFSUJhZ2NsTjVGczJyRUNmeWxUWDRncUtNYTVNU05IdkVQelkzTWk0T2lkREx1ay94ZnRoU1lhbDlEYUNyOUVkK1d0aU8waEQ0ZU9iYjFocVhjazlhaEhZMGxMYmxwekxYdEw1WlJndTFCWW90TlBpTDNkZThzTThIUWVHdjVjbG5XdDdRTUFURlozNHI1YmdHZEp3anV0SWMwQVhPTkNjRDcwdCtuMUJtQkJ4SmEvblJDVXJ4Qk81OXI3RVdDR2s3ZlZVazNYU1liQ3pKaHhLL1FWSXBDblhjcU55R0h0UWhCd0FsUis5UEtXMC81R3Zqekd0Z2s3QkpWY0k5WmViS1hRTUlzQlRBazdNM3ZVOEV5MWRLb1NDWkhXU244UENCZ0hUaVYyK3pLUFhuY1J4QUVMelFTQXNNU0RZaDExSWYzYnFieDRqZ1hHTSs3c21rOGxxVi9SOE5VTkJCTXdRZUdLQnovdFQ2RldNZ0kveldzU0paM2V6a2FBa2RnNm04d3NUSXhPTW5BdUFvSURjNzlFditvS2FGdVNWb1hWK0pyeldxa3pGeHBXNGI4TUZQSGtVRmJ3VmhlRHNINnBCcXJXeURYRDdjRTNlMlAwV21IaEVKa0pXT3RCSjdQWDYxSis2LzNHakdhVEh0NGh0bWNxMUo2NGkrR1E0amxoMkp2YnNxbzNIZmVCVzF1VkpNaG82eG9raWtFckcvVEtCYzRzQ3F5Z2VVc3BmZnFVcERhUFkrUklxVzRKd3RoZWpjTWRzYk9pTFlKMU5kK3VyR2RNaE85bjUzQnlqOVZPRVVPUkdFTi9INmlQTU4zVGxHc2YwMWtzYTI0Rm1JVUtzN1NvMlZMOTlGNWdmaGVNNjdvZ2tuMXJkMEMremNLY1VtU05ITy9RYXBDK2oyVGxjNnIxQTFaczYxUnNzb2FiVnM0YnZvZ0FBaVFCendlb2tqU3N4ZW1MZ3J4RDhHR3llQkMzV0tyL3dlZDNjcXNJMng4WnhBQUNxYmpyZWlXRUtvcVJ1cTZqaGZDbXJmcGRaM3hVanJ2QUVJbzFMbld4SlY0Ry9uV3lGRmpPZHF0Z2t2c1U3dm82Sk9TWmdPZTA3NWdIU3VNaTdzbEt5UWJROXlTeHFZWlEydnZCSFhITGt1aWlZK0JUeXZlcWIwRXVJYkVCSW5zUEloZzg0bWtYQUNFY2MrL0dKVzJnSVVuNWNDMkgxa0JWU3ZITmM4cUpUSGRzdmp5VUkrVHA2WURJTUNsSEorTXJMRXBJOHJwbGJZMzRCN0YxVldBdkhLSVh2eGQxRTdJOEM1em8xUEhWT0ZGNUY2dlVxUlVhb0dBR1NKMnora3FhbWd0MzZFVzZhSFZnbkdSQ0JqeWpvQ2lwaHB6c0p1QkNCbkxIRE9vSjJpS0pOMndhd0Y4ZXZxbHphSGdJMk5Yd0Nya0crMlJmV3JkMjE3Q3BwaUxROGF6UTh2dnB6ZnQzOFlzUzNpTFpiTmxNL1F2UllxYlI4K001WkRzUlpvVzlpSHI4TkY4NVB4SHFJalBWaXNvS2djaGpFZXBCdE95L3ZoM1ZFaDdQT0dBb2loZE9OMDdMditrb2p3ci9zUnBENGZjUFBQb0dubXMxYzV6S3RNeW5tQkNnNVZEdXBxSzZ5Z0puMDJSYjZTb3ZFRG9HZGxVNXhWTXRleUdhK0JaRk8rbk91ZXBnV1RJOGRtTHI1TURyN2RqKzZYRDgyb2p1VzRDeG9hRVlwSDJPREFCN0p4Uk05ZHF3WXdFRURmK3VlMTk5dWpJNnE3WE5aTnZueEFSV3NKd3l0V2p5K25OVS84dGxEcThqL3FQRUtSaWxXZTFBbmtZVzl1TFRtaEphNkRjUU1ReUwvSHFXSVY0blRvbHdxZWVsU1A3end5ZjhjMFlNZkFGV1ZRMm5YbUdjQnRqQTM5aXNNZmcwWXdYc3oraE5SVXJEb25ZQU1RS0dPMzZJd2QrQ3ZORE5kUVNxYlAvWW5BZzhxYkF4WEkvWVRKcVRldUM3UWRyQ2lHVHlCM2VxeUhXak0yS1IrQ2ZpTmFHbHBjb2c5V3RTT28wMHFmbmFISlJVRmlCNzNpTnZCR2xQUlBpMzVJaXhvbTRyNFFEelA0MG8wWU92VGhPQmlOQzhCSHJHN3p0Um5rNDUrSDZRZC8wSzI4NVFXVi9hcS8wK1RwdG80eSthMXBVcE41T0xXSG9YTDZRR2xLVHdvek9xOUdUV0pMK21kZ1VHZWNoNUVYMUs1ZnpDK1NWNzJmQWFHSDNJQWNmVTE0SklaRTRSQWkwcitWVHVFR1doSWlicHhETXE3UVRWNnBHY0N1RG5ORVJ2T1dLaGZGblkraDh5ekdkUElSQ3JwdGdOWmJ2ejdhbmhhWEdTTW5tV2NXVDQvTlo5WTdoeHVmNm1Pb28vV1hGLzFMemRuY04zNFAwSnh5cFFUZFZlUTJxbk03MVNUaUNtMFlWMmt3VFljbTZKY3ZyTzRKd2lQTjZzR05WWW10Wi9wc2QrdVFJS3ozazFVOWM1T1FlR2QzZXJzS054RFpsMkR0enE3SmxZdE1kRWkzWXhPSzl3MEpuSUtXbVpCMS9URDVaMW9BMnpRZWEzK0pZMmVuQ3Y0bldsMDNVZXlFRVlBNUp6SXNPMGM3ZC9oZG5keU1NSVhkUi9CV0pGRDFjN3d4MkRvZEF0c2RRRVE2OXE3cVFVbks0OW16NTQzalpCNFkxUFNNN2NHMnR3b2dHR3JzSGhhWnIxVHlrMXJmYjdBcERtUU1BVVFFK0VlcFdFY0Frd0YzTG1lRHZJbk5IU2xVQnlNKzM4aHJFVlpaY3dsaGcreWptd29BcytDZzgwWVpxczhaZ3hwcEpuODBmRDE2dXJPVXRKeCtYSXhxUFZGK3RvcnhtOVJaTmFVaWdGc2pic21CZW90UmYyT21vSTJwbDQ5MXgyeGJzcE9nUjZ4cVlLT3F4TFQ3dk4wOFp4YjhCeWNsUUljSlc5eit0RXNXVDB6SXRPZU1IRWx5Y0M0c1NOQzBDbDgxSXQ3a0VQeWNMLzZ5Q2xYTDE5S0NXWVBFbDZiMWppZ3QvQkVJNkl2c1o1UU9aOEdFQU5xVlZ2T3ZIblhsaHh3SmpxS25qVlJCcGpZS2pXZUFKOTloRlNIMGl1Z1RzZVhQbG5hdnlzMHlqOFZoR09pTXZyZnBwZjcrUnBTTHJKTHk5OUxHaGJXcUlNdzM2eUVXbk9uVmxycG5BL0g4MmkxWG5wTFRBVHBkZnRqeFloKzFIMTRmRjA2bS9YNVZJekFSVDM3ZVZua214cVdOd1NFYXVtc2xkMVlLSzVZVG1wRFZTVmlJY1loWGRhNnlxZng1Z3B2cWNlQ1pRb0E2TS84ZlBQR3B1MEREVkRUdXppVGZmYmtWanpGZkF1WXpzMjVCcmFSSDdxTW9xRlJoWFFNR3RoVERiUmNYbjR3ZDgrVGltWEJiaE4ydTk2NU1EUnpOK1hRYzh5RkNKRTNNbjdGaVBTVDJvdjRCdEFNVUUxbnJLbExrYTNsSFdlWm10dHM4ZXJvTWQwaG13WXIyRzJhTEJmQ1hrT29Td0UwZ21DalZHbHdzL1RGeXN0OXBXMVgzVEJUVU1iZll4emJnUU5aTGFERVRFTThkakVQMW9ZVFhrNnZaamU1U283cnEzUkVqRmZHSHJIcC9tT1AvSElwQjUxQzhxdDNtUE9Yai9HdnB2WmVxVWhKQXBRUEhNQ0ZOS2ZQcWlBakJRVUZjU3lLa0VKNzc4QmJYNVlPZkYyNXRuWXJqQy9SYkRXTDJ1dXJQME8xYW04czZMVnV2aWttWXAyMTh2aDA4R1BqdlVoaWFpMTB5VGppSCt4bVZhVzIvTjkrdkZyRUhrVlZzYmdsUlhxUTdUZkx6ZjRDRjdyY1pvWGorbE1nVFFleTNWRUhDYlNicHZXTXNaVWlNdWJEQzZadW9Td1RDNnZmcG85RHJORHdDNFdnNzRXQTZ6WUE2SDlEbDJnMWVySnByazZoYzBKL2xhaXJLamJsVU1BbUt0dE8zS2lwc2w1Mko0NDFpaW96aFVGQWw1MXFMQW5US0J0UWVXYjBkZ25jejNpQlc3RzlsbVI1QnJORU5WWmFJZEc3NFpuanJLNStCNmpUb1IxZjVpK3RiOUZ5eDlrUzdlYnpLTDZrSmQ1RWg5WVV3c2JEaktWKzZnQWJtRHNNNGFpcGluRFVROXV1b29IZW5JRnp1UDBoSCs1dFFYTGxHejdySmhDaGNOSzMvUjVCRThFNC9zTk42ZUVJSEFhV0lUdUtWV3RoS3J6d2ZzWmpldityTEtGS1Fma2tZUlJGS25aenphNVNxMzBOMzFJYkY5b2dXN2w3ZHIwRXdKWjlBekJpN1BCbkdNNXBDN1RraEdyZTdsVUJyWjJVUm9VNmVYTW1FeWF2aXAyOTAwQ04zdkpnRVZqdTRoQXdVVHNmSk9zT255S1RjUktCcmE3TGJoenlZWVF1bWFIUVBXRnFCdXJDZ0FSdXBXbmw2Kzh0UXdoeWwvUllISWNtUHQ4bU5TZCswSllDUmNIUWN1UjQ2Ulhsc09BcThTV0haMU9SWU5XUUFPRlRXSXZhaHMxYTVxWG5tV1NQRlhjWks3TUJuN1cvL05aWWlKcXFmTXhvWFpQTXN3bzhRZjcxY1RDSHdCK0g2aDQvUVZJTFBmcVpINVFtdzMrSndhbVUvU0UwVE5JcE14SlozN2lqT2tLUzZhMUhEOG82Z0hyWlNycVdQM21YN24rTS9UaHMzbUxLM1JNYng5QUMwRE9ucXd6NS9JcGZwSlZDNEdMSmpVRTQxanBia2tsN3Rrb2VobDBodE1rTHpZUFE1eS96TnJzaitTWmRiVU9CK2ZDQ2JBZVcrOHRSMGlqUW9BLzl4bm5ubUwyL050dGxlbzBKVU1tdlhaU203QnNOMnNSQlFHRVhhZlp1Nk5wWG9QeW8vUzVwU05IeHhLU24yOUVTVjVMQmRRUmc2bDdIbWVCdWRldXRndDRNczVjOXIwQUc2WHI2WW95UkxlQVNrSG5yQ0prdkx5dEI5T3lwSVVVbEFHR3lnMVVBSlBrVUp1K21TaXk4bXllTWY5THpxWk5kMElpcmNjdTJ4MXJDQ2ZQN2xoTkNYQjNyUDlwaUgxRHZaWEFMcmtBK0s4T0lrb1ZRWHNxOXZISE1DN1phY1doY25XbE53Sjl1TTRpUWdQNEhtaW9FazNuUzd3VXRUN3V5NC8xQ3BNSlJDaVorUitWVWI4M0c1NVpYTGxOUUdMa0J0WUlTV1VCRitscStBVnN2aUs0UGN6U2pBajVSOUZ5clVMa05nd1YxVktoYkRSTFdwTkhPN0EwYVlJUDNpL1V5dnIxbllYZ01DOTlrZWxFWEV3cUYwMDN6UjdsMnkzaEl3VWkydWRhbmlpZDhzSTJlb05KcGZiUGF5dUJYYTJJd2srbUg0dE44YVhxY3MxOHZrRGVMejhtY1BVMlNkRWZ4WjhFZEc3L1oyWTlSa09YWklVaTBYcjg1ZU0ydFZDMHZuV1J6RHpyS2dxeGxhRkNyQkJBWjF2bTlrdkNsbnBhTkpXbkJINTVKVnkvcWNRdWJ3L3FSV2cwQXJhbGVKaUFjUFhnQkZUZHFwK3ZXSC9nZjRUSVVSczlqcHdKelJUZndHWnFVOFo2Yi9ibFVWNkV1L3lSZmRlUnBDbU1SWkZvZ1YvcmZvSzh0a0JGTWVVdU5kZDZlcU1HS1BjY3ZqZ1hveW5pVHNlUWhmT0QzdTN0TE53TXJxdHVZWEVIc0hhZXBwaU5VKzFML2Rmcy9LK0lPMzRNK2trRFhHOTFXU2ZFb09COTJacmZZUGFISXVNUXpZQmFQRzV4MWRWUzgzc2JNTkJ1WkJFbWwwQ0ZzNjF2Q1J4ek00Y1AyRjQwclFqTTdVZVNKV0dQUlRidHVKajV5dDJsZlBuQmxjRWYxbHBhdVBPckNCTFN1ODZpOTdsZVk3SlFrb0o5NTBGUHA1YmE0cStKTVpVbzNiUzFPTi9WbDRSYmUvMjR6RFBVVXBKd3cyQWV0elJhV2N0cHpSaWgvL1lRYWd6anRsOU5YeXNTSUIybldEVUxhZC9jM0hvc2IwUFBMWVJTa1NFT3pJWWVwSFhIY0dRWmRna2NwUDJ2aGRLSWRTbmc0UzJ1SWN1UDZKSnlkM0FGOVZoYmlkaiszOE9DNmRWWlBRTzV4TWU2aVZTUnl4KytPbFAxKzdkWno2ZHpoOEN4VHY3RDBKYTYxOEV5Z0FHTTdWV0JnWHpPalpLaXBrQXVCcG5EZUhhMUlROW1mcDMzRVlnWlU2M05PaFRheHZSVHZKcUhKUEd2UDl5WVBBR1F1Tm1odGxpM2o0aVRSbGMzbDIrTkxONDN5U3JvR1V3dWhZM3k0WHBIcWpON3NIaW5QTGFoMmE5L2NMdXovQzgwYUdZQ2tQMmJIb1pTYU5mN1lFeVZUY3ZzWGNGZHp0QkNCbVFDOW9hYm4yOThpVWw2SVNBSmFQTVV0a1Uzc25lOHFSWkFrREliUVlwVjZIKzUvVnkyVEd3QkhUY3oxZ2V4eFNiUHlQekJUWlVudFNDYXU1QzNPV1VVZlN5OXpZZU5LaGdOSndCNWdSMWpTY0dpa2s4TXd5dVFnMTFWRjhPMnNuOWQ2TjlCR3dyaXp0TVk0VnBueURubldUMS9RUFlFd25vQlFoejZ4RzJhN28wcG5rNFRwUmI3bEN5OGlnMkRqUzMwQTZxbXJEYm16c2RoU0FVbnFKd0xXelI5ek5vcHJ0QlRUb0Y1TFUwTzMzbUpzU2JBb05COFBHQVZzL2hPdHB6NFNVTHlRUXZvaEVUL0hDTEVqcFd0NWpUUG5raWw4dVphUFNGTzlpWEtHVzY5ZVg5c3dmR3dTS2JKQitsbUZuZ3hOajJCa01nRElUYlZLcTR3eGpTNVluVzF0ZUZhb2lSVHVDTmxEckhJam55SVduaXBUaEY0YVVsbFNqRmhCT0VBM21oaDNBQUVybWNnVlN5S0wrUnRVVnBXMWF5S2ZhWjJObC9iN1oxaWxaYVdaVHdpaGtUcDJXczdvQ2M2YnpMelBQcUd4UTlhcjIrN0xISVRleklyRU5BdW01Vlg4alYyTUJSNG1CQ01EbTRpWWZIMWh3SnFDdDBzYk1WcjVpUHNFYWMzL1VlME5ZRXEvNUdKODh0VkJXbVQraHFLNldMTDRnNHdqa3dZS2ZKazB4WlE2eDRId1dXMU03MVFuYUxhd1NHNURXQ09IWlRNRHJkdlJpNzdVSmdDb2tIRUVSSzBMVldIZGcrWHowd1VIR0gvZkVhMFAxNzk0TEpwY251TUN1bCtnVjlsMGtQbitvZjZyRFI0dHcyckR6bEc4QVNSSEFVUnNTRXNRbHllQUw2OXFITkt5bHEzNUFtTVNnR0ZwQ2ZpcTJqbUFRUFlTMWViblRjQ2k3dmFHa1BQTzJZMWdiYnFiYkpiVUtiQ09LMWNQYVJuVlhadm8wZ1hocWlWS3JRRkwrOFpLZ3FyOU5qV3hnUkJJSjZ6RkNrNXh6bXBLZGFpZzNsWUtkd1hJVkRUdVZXZHRkanRuMHFoOXdpMld5QTVtR2lPSlF6YmVTMk11dlpaTlhBTWFoZUxTeWZpVXFGMjFnUEJtRVZ3ZDU2WXQ3MzkrZ0Fpai9PMnMwTFQxSE4rTXpJU1ZsQ2pJdkp3Ti9udnJyOS9nZVhIVVg5T0lyYUNMa2diRXB4WUhnd1FpWlNkSFBtRjNuRTdsRmNBMDNSTW9Ia3RuL0g3MHB4bE9paDFKSUhYV0FvWHpGdXRjMU00TkhkdllxOWlML0tYb0kyMkZuS29nS29WSlNJV2lpcmcwNEljM0FML2ZXSFU1UjMxMWlyVFBCWGg1K3RaMmR2WkhrRU40djJMb3NyK0ZNMEduaDRQUFpBakVsemtyRVJzUUlra01iSVlOWUoyb1lZV3NlelVRSkQ1UEZpWXlDL1llSXNZL2RyaXIrOE9mRjNscXRRbmgvMlk1aHFpU1liUzBET1VPT2NIVlFWUXJIdnhXSmIxaW14K1k3MXJQL1p4N0pUSCt6UFJFQTZ1eVg0bHBJVVYxRWFkakc1bS9POTEwSnBCM2d5a0oxa0pxN2lpcUoySks4WUl1VGRvUjdySjFUZEFHMHhLaDFTR3cyUDRxS25FSS9aM1l4Zjc4eCtabnRhUlZwcWxCYU1MUytxR0JYSHVxY2lOcVplZlZ5OXV4OEx4UEZGRTlKOU5ZQW14R1g3b2wxazVKbGtNRmVUVUtLcnhxVklvUkxiVzltOTlYOVpiY1Nza3c1blAwRUE5QWU4eWd3eUJ5c25QZ21TUkliUjEvWVJYcG10ejNMSVZWR0pudnFycXY4UGFBRU5ySUt4UGZPYXBKTE1QRGJVY2Q5ejdNSlczcEN2d1o1UnBxNHZZa1FrY2FzazJTT1JkUE1PSUsyMjlMa0ZtUmVNcTgzWDNqQjJSckswY2V5SVdKV1ZNcDE0dE1qQU9xcGlJZitvR2lKc0JDMlM0YnhDVWkrZXpNZTlEQzcxeTIrRHJodjkwcm1mcGNwak8yVVdReGFMNHZmaWcvTHhGZ0VjWnBBeHprN2NKOU5Jekh1SW1ZdEw5Zi9DMXJGWVZGNmkrMU5LblU1dEt1Z0lydzVKUHQ4UWozeVJMaHJwSHlhenNQeXV3YnRuNzNCRlpGSUtDY2NINDhYTlNLazJrVFlTSWxldVVwaUJWMCtqeFhLdHFkMm9lTUtEQytXSkxWTk02YnNNak10eWlqSm9iUm92WmRzSVpUR1dGQkFRMmhkdW51d3ZtQ09SNmYxSTVPbDZITVM5KzRRUU02aXFYQnQ5T3FLSVRiRjVWMFBlR1VZR3JIelJ1WVRWcUpIV2FEZThmeE15ZmJaaUdjOVBrS0NhSXlZbHZwWU0vVk5XdXp2dkYvZ0M5ancyWUVMS3VSUDRvLytiYXIwYlBBVVpBMU9IOHFjRUtSSHh2VURFUXFJZncvNHZycGwyaCtQTURkSVIydTVJVTNCSVEwNVgvMzVpV0h0MzlxaHArYzZaaFc4WnlEOFdMcHZaeXFPeDU2V09jQTZDMm11MHZoWUtPM1FuYVNPU2E5YVhGK0VlLzRxd2s2OUdNWENlWERHaEIxbCs4RktPaW5SaFArSjNQQ3kzdUJwd3ZBTjhLZGVlYkExSk05U3BoQWNqaE5veFh1TzdmNFlqT2hqeWowN0E5N3Rwcmh4bE5oQndLTytKQjY3a1hxenRvc0wyQW5OWTBmbzdZZkhBaGVhcVJpZ1RJKzBWSXZCeElBV1FTU0pFM3EwZld5UVl1dzU5Z0VDbC80clQ3NVQxbGJUekVkcDVJUnIycmhSVEpOYWs2V2tMaHVTanV3eHR3SmU5dU1DdGdDU3hFOEw0TTZmdkVxM256UUVMQ2FBalg5WTZFeW5ieW1oSmhHczIrVDhWWWpaMXdUWERnSTJQWUZCbGo3UElPT2R2a2ZNWEhlTGUyL2tPN3h4Ums3dUpGRThUdEVSUGh6WktSc2FGYitCMElnd1h1bkJkc3h0SUZ2N2MvVmFJMkE1dWp4S3VTMzNOcXN4SnFRN0Uyc0hqWXVnWmIzc1RLZTlJTXNsTmM5Qjc0blFBYUFQbGVQdzZubnh2bStpOStuNkFPZmo5dkg0NnhmTjZ0cjV2ZVBmQjlzZDhHcDUrUHBiK1BaV1B3YkhUY2I1dm90L3A5N3UvTjlEVDgra0o4ZnVabngrODIrVDZSVStIb25mbTlLOThmWXJINE8xZm5lRGZENlQvazZHNzhQZVYxdStIcWUrSHI2NzFTMzRlZ0x0ME81OVlUck9PZEJaOFBmRWZqVHhaelA2Y0tpeTEwZklLazNGaXR5TXJzRjJ5SUNENU9ZZUVSeWh5ckVwWUJ0RDkzZDRyZ0tKd2Y4YXJjUHhMekZTQjBuSWxHMlBtTXJkamJ1MU8yOXdYUUZBcUpmTmo2d3dHWUpXS2ZwLy9aRXd6bGNhNzJpdXYyVDRhWWsxZlY3aEhwbkZKZlczQmpTNWdsbk9XNEdPZkg3MVhibWphOSsreW10RzVIUFJKOHoxR3gwVGpveVdzV1JLdGRHOCtqaDVRc1dPbklTeWZKS21VOFdKejdFbWJ6NVdGOXJYczBWTmJCQk1YMUwxbzdzb3hheDR4Y1F5ZUd6RnFhZ0VwWnB4dTlRM09DaXN5ZWRuSlFZVzd3eTJuTUlzclF4SXZTMDkyOEkvenJZYUM0MERqeEZPOE9ReUlMTXRadVcrVm1tbUhGTWlDdElueXZWMkpsWVFpeWwwMnlYL1RaZG9na3d6ZzloK3BiSlI0RHMzdTJ4ZVVKaXdLQXo3Q2J5Y3FMam1hYzlEOXlkZHNWM25mWHBhR1pqdCs4RC9mRkZ1Sk50Y2FUNjZyR2hCNjVDSERDc1pxbit2WC9zQlhlMElyMUl3OXp0cEo1WVF6L1pDbFZzYXFzVWRKOGdwU0RrNWt2MmVwdXFyUjR6ZDR0dnpDNEc3M3ViY3lqY2Z5UVlzMERtSGplSktvMUZYL0pWUFpkd2dTMXNFaVdiV0JwaWxhR3pQZWVtcnZWVG5DQ2lHdnFvdGRUbkFtbFNZaVhwTmVTMGhqdXg5cmVGb3N0a3B3SnV4UDhzMlpFVW0rTmI1NTBZdFJ5N2k3UW55WmorMkR2b2pDeCtHcGxxQTBORHZMeHFkWGRwU0U0SHJwSEtjaElock1meU04UUU5cWNaU1l4VDU0MGpwMDlOay9PWjJRdGIzSFBsVHRKZEtmRlVPdmxrdWFjblhUbTBtMTJTd0NuR3pBZjFxdVV0WDZuZUJCRHdodEtBR2NYLzZkcGx6NFdncjZoM1hMbkZPNWlLZnpPekhWTjNhT3hZVEFkanhERUNaTFJ0SWxzL2ErZ0h4MU1RNGp6YUJ6L3A5QkRhbHVVczI0S1RZcjF1ajhhd3BzMGNaN3lQVG9hZUhpMVdXMjBNdHR3OEwvVUtWWWhaVjE1TjR5d0lOMmNDRFhTeEluUHhDUlk3V3BKaGJrbUZLTHdXSzNKaXJrRGxsK3pqcE11Rjc1T05KcGU4NlVXTFRNcFNObTU0dU1Uenl4OU5VU21XTGlhUGFsdmxXeE5HaXVyQzJmREY5VnY5WHVLZ04zWUdERFNlOTlHek9jY3docE9Ra0xETzdSeDd4bHYwejVlT3VaQ1Vlc0VacWxYQjUvTlg0YzNEejV0Kzc0Nlg4V05pSnBWTmtzNnh2WVZOTXE3bWR2K3ltSURxSGoxTTdZL0IyVXUrQzRndU0vYnBSYjFmRFVpTU9LeVVpNmxwUTJJM2ZQRVp1YWREcG96WDhMbEcxR0Uxc2wrMEpiZmN3T3RIVEwxbVZtTW9rY2V3clJ1L1A2WmpIMHUweE85TWJ0cTdrN2Qyblh6SWhCVC9oRi9CdlljY2wrdWZnOGhaK3ZCb3FpWXhVV2FLb2I1eEtaa3ZhcnlNWWJNWktmejdHSkRmK0JacjJ4TWhKQ0ZWVTYxMCs5VXJHMTZBMFdmUmxPanNFdmdhYVdKbDB2WGdHZS9uMFpVb2J4YnhFY3MwQ1paU2RrallSL25NUXMwcnZFaGRKK3ptcExuRnRuSXo3R0VpeW44QU9FeGhMcVdhcVRjUFdiZnV5dDcwdDNRZWJJaS9HcXRrcDFzQk9CdytBcnB6Q2NDdytOWXBFMEdMc3JrL2o2dTg5R1hlQlluc1ZKeUdlcHErY1BYTVBpbnVBdU5PRjkzTUdEbHNObXNGM0MrMnN2TERCd3k0a0FuRC9UWndzZThaZUx3SjlPcEhSeFMrVTVaekU3ak9iZ0picDByNTJnc2ZwcTR5OGJ0ZXhPQ2xzczZKYzlMY2FWTG5VbjQ2bWE3ajBpNHBjSmJla0ExcDhhRGx1K0x4bzU0MXE1OU1UYUU4QmZJdkJZb3JQZzFyb1RUYSttSi82U1RBcDhaRzlQdFRLYzJkSzJlRVdsZ2xUV2JaTkhwNVRBMkFMZk5tcFNUN3BBbVl5bDFqZlNSVCtzeEhIbWNQWHMvZHBEc1VvYWtCbFZHRXpmOXQ1eW9aNmM4TXZmb0VEcjdqd0RCQ1FZMmpBZUVySkI5dDVPVzBpVVJKRVd0S2xVaVFsbkN1OGJYdDBnKzllTFZySmlDaXAwbjRzT1JjSjRIaXRiZEJRWmkvUjhWd3lJcVdvMHdDY0h5TUhCZjI1NVZTSGxDRTBUWmQzZy81MHF4TFN6VTg2NTBYbjFUbk1hNUxhdnVpcGQzbEc0S1FsMWZqL0pRcVdTMDg0aTF4SFgvVEhkOTBQenVTSHc2TDN1c3lMQXBERzVIaFJiY3V1VENra2ZzYVZqUFh0OWdaM0g5VWx0YnJyZC9TWTAwVThDSW5MVFo1UEQ2NWpDMHltTmxVUDNTTWhLVnVrR1BKak1sM1ZVQlB4dUlIVDBHSXR0UjRBK3ZUTXpIUWNyL0tNVjYxZ0tQR0VieGJNK0dkVkl1UlJabENzeldROURYZFFyNEw0WmVTV2oxL1VjREhkSVVMTkdLRXhvNFd6bkxjNTNxMHZGZXJFNEt6S2NHVTQ4NFE0bVVrNUVSUTgvaEF6TGl3NG5ZSllpUkUrWlc3U0tQbVFzNG5Sd0o2UGF5K21zbmdZME5qK3B4TUs0eHJQSlhEWmZSbjMyUUc3bm93N0J4ZGtOcDhyL056c2ZTS05GTU9YOTJ3dm0yY2xZK2JhT2tNd01oZ0pyVGNwS29aYlh1WklKaWZmM1hIWVNLdmJUbE1rUU1MamJ3NkI4dlU3SEQ5MUdRVUJQUmpyTUNpMGxNcTNjazVud0VZN29TQm5VbmlIRUxGZzFmbTdIbU9Senp3TWMwZzE0ZXArRnQ1MjFHUmxwWm1LMzNkY0RIZ2hFK09xeEVrQUkrdlVnRUU0bkc0ejNsYXMvaXRib1lMSElFNXovckpZSlEveFlBSWFvbzJuU1FRVElMWlIxQ2l3SVFPSmI0RGNoZkVYckZpUzZkc21KQ1JrK3k5R1ZJOUFVN2hnY1ozM2E3djFsU3pCNUMxcjROL0owOUpoalEzNnJCVDhVOWVlR2N0NzQxWmxWbHI5WW03UzN0QXkzVGxFTmQxUXpMN1VidG9Id3p5eWZmTDY0aEJCOGhGYnNQSlpxMmwyRWdCc0c4RW1PRjNyYm14cVliTE5OUlNqWW0vUzVhSDhubE5zWVhkTXlJSlA5eUFyN3I4UGRwZ3JnVHV3c3dHZDdsdXN4SXlZZVZBRXdpMEhXc2UyS3ZnSE5EQkhNZ1A3Z1JlSmQwN2ZCVXZlMDZEcmZBZnRRcU12ZE4zZmZhT0FoMHFIYnFOeldUNGJ3WXU2RHJwZVQ5SG9yNWdGZlJuMm1XdVRUbDhxdzJzNGdPMmhKazkrek5xc09CNHlHLzgyRVBJK1E5UWt6YkwvQzR1cEJITUx0M2xheEdFTmVsMGNQZGlmTHE0R25rOUwwb1NvcjJTemRvQVVHRGRhQ29ITE1DQk52S1pqUXppTzZBODIwOVRFaFA3dVZVeTJ4emE3SUU2T0tVd2ZaUWY3dTl2TnUvYlVrUThzQ1krbFR6Nk5NOXF4djhqcUdrSzhsOGpnaUd2NmRmOWxad1F2QlBidUtPQytITjRxdmdCWW5XVlI4RFd0T21zUXBwclFHY2FHVXBEaG55Vm5IRzRpQ0Q1cStBNytta0NYcUdqMHQ5Zzc2UDhrMXFmL2F1aitVOW1LM3lsM2ptL0E3L1FZYmZEeHhnOWZjZ3VwSHg3aituRDgwNXg1OVZ5TFZXWG1HQnhZdXdlcFcwdWNGN2xqcEQ4Y0JCYVFxZ3VJeGVOQ0g4a1pRNk45cEZKSjJzM2FBTnVsN3E0dmxkTlJSNnpoL3c5RDVpSksrYkF6ZUVVRVZJL2k0R2J0R3l1OEdYNDVLQWx0OG85S2N5OUJrWDdyZGd4V3FoNVFqSHZvREhKdEdYcG5lRnhnTkpNNWVrVW1zL0xBYmxMVjl0Z3RwanZBTFpvalB0RXp6YzFHNDRMYlVxZHdtNElXL2lPd3AvWFE5K0V3NkxwWTBxNDRyeEVlYVRNWG5wUjBKcGxCeHRxN01FSUoxK3pTbTVsZWo3OFhValNldGJwUkFpcWo5eXhRNHU1alU0aEgzd2lXejdGZ0VudzBKNnluMWh5NlNJc1pmUktzUE5mUVhmc01zd3Bld0ZBMHd2VWMxWlU5RVovVXlnNFFnZmE4VVBaREZPaWc2aHRJRkF0QjRYMm0ySXQ1THRXSDNFWEVFaXBVNVdjU1FEZzE2cG4zM0cxTm4wZVRlWG04azNRVUZxNm5LRGRJcnQ2LzAycGhFeG9Nb3ozMmU3bTZxOEpScS85VnlYQTVUbzhvenJVd2w0c1RubWJSVWt0MFhvaUpMRC9WNnBvaGFzanNNWFM3REtCNEl6ZUdwaGpZUSt4RFZmTmJrRVc3NmxHV1ppaWtEQnVadmdTa01ZakZweitwa3Q0aG9WMklpWVhEY25KN0FhK0RCQlJZK2FuaExEcHUvSE8reVNiWDU4Y01yMExzSzZYSkxmZW13K1o4b05HK21vWDRmQmhDSk9rWFZ3dEkxaFJJRW1MRkh4ZkFqZUFKSTFPNWt2RnVaSVlFdTJHRXFJZkpsNUF4eVgrTFlqZG05aElzd09ZT1JZcDdjYlp3YzRZVlkvMithTHpkVG93emMrSktjZUVkYTBQSWlvMldKQWJQbnF5NkVPWHZOZm9neHowTUxuZ1Z3MFlGbDlTOFRpZGV2K2Q4bm9XdVhlZlFVTmRsdjBad1dzY3ROaWVaZjFYZkhuajVyM0thNkdHTTgrbS9oUU4zdW1TeEJrY201OVFlWnNKN2pYTkRjNGJmcjlkdS96czRCVTVFSEdMUUI0bVdycVhKQ3pkV09EQ2tkWVZVV2dJMlcrRXZlSXFQbzk4QUtKdWF2KzY2L1lHNVlNY0tveVJ0S1AwNEFpcUQ0VG1xVUZmYVVDNjR2TTVFK0lpNHFpOUViM3VhRngxRVE2TlR1V0FPWFY0MG96VjcwcTFubmZ3U1hoUCsrR1lTcHR1NGY1bi9UVVovdVdZVy96VEM1TWd5UkVnb2NJcG9GZXNDQnhZWDBneTFaWFB0SGpCMjhtOGJBUENSS1QvNnlyd3FyYUhjU21maEV0a1VRZG9wOWZwalRmYzBUam5SYXhERVlrMU1oVHkxQ01LU25IM3NNcXRUa1RxWUxuYm5BZXpENVpEWGwzTVNBS3dpZFc4anhQUnRwOWJNV0N0Nkc1K0lmK1JEMDRpNElxbllxTlpRbzZMMjU2WGhBaWZOQVJRbm45NDM0MkQzdG9RVHhRak9HR0txd2dqVEI3T0tsM0l2SGR0eldtaW9RNFltQ2RvRTlQTkVQNDg4b0Z1c1FnVnh3dStSSjBFWEtlV3k1cEY3bWFva1VwWm5Pa0creE9jVFFhUzRoOE5NVDdwMmFkampPNFAyOUkyVno4dmxEMHlPNGVxS1VCL21RazlnMXdPa1VNRUpidEEzL1N3b0lZczhkUzRTKzRIazNpV2JIWjBqZWFYdVdSYlZOMHBLbUFnV1E0YjMwa1R5YkpubDNQSEh6Q05iUUY5djVTRFFOVm5pMVNKcnFzdDhveVpvNWRPMVppRjd6MXJkN1pTYnVMd0lIN2N5bUdicjhkSzJkQlR5NjZqQ2k5b3g5U3FkK01hbE91dlhJNWk3c0UrVGVTVTJlVFRxR29DQ1cvaHdUdjNXYzRNeHlDTHFNZ3p3QjB4aWFCT1hDSnFCUkFmdWdTZURXcWVLaC9OWDhWUHVaK2labEtHQjZxY3hMcnQxSDE0S0xHdldzZk1YTGNRYnFLVFNPc1RLRnFwUTVGZDdlUFYvelUrRHh2bFpLTE5UYnpFaStDMVhUUVByNlZWZVRUNzNFRU0xSEs4OFBkdFo2a2JOVVpoOTJzVERyektmUHIzRXArK1IwSHVHcVYxS0FSM2ZUbUE1Sm1KU3Y2ZjR2Wk4xTk9vSWFyMUM2eEdHd3dxTVI2UXZKUmJwV3RlRnVwS09MdkU1SkpZcHRTeW1KVkhWYVB3WmVkVDEwSU53VXhuVFBpZzNjbFBQcmFzaTdzYlY3K2FvRkpBcndobFBNdVBiakg2UlhPUGZiMDFYTmFSZWZsdGhFams0MEhKWGdLMHFxMzZOODUwWWM3YkNGbUJaSENtVnAxRG1BUGFoYk1HR1Z4ZDFVaC9INzRBK3B2Q0VMZjA0eGVRdTgxL2ZLTzA1dUpqUk96WVdrTERKUEV4NGE5Q3luSEdpVXZwcTFBTERrWkpkanI0b0p4WGFKN2svdWlVMUVndG5LN3VqZ1cvMUQrZzVaRDJmY0ppTzdvcTBNMDlZZmJNbTdZOWFPVlE5anFKYlVCODlJd3B4ZVNaSktHemRPS21zcm1wcDE0WjFLQkxuOGxpTFdhMjdYRGpiUzJHMldzR3hRWUQwN2xzamVycnNZbFVxNmdUU1ViS0JUMThwNTFkM1d4UFczM2dHUWo2NzlKWlduTnNQaUFzMTlwSkFCWk0veFlTb3dtTFozWmJiaHhsb2dKYzd2WDhnRE1ZenptSnB2Nk90UXVya0NMcWNDZExnVGFXTWY5T0NVVytqN1NQTndlSEV4TlBib29UK1JxaHp3L2w0cHJ4QWJpL2ZkRVFwd1BYT2NZeU5PR2txNGZ3Q3RCTm4rRTAxbHdiUlQ4bjA4QlpnWTF1bnMrbU9vTFhjSlhTVW1JU2hEbmZIWXg0amRCWU4wcVYrQmpPbTdobUxvNDRTcURKQUlTc21RQUo0eUxkWHU0dW43RVhuTS9VcFpqalIrSEtHRkhwSzNkV0J6eXZoNGdSa3NqNUZVUEdWQ1NrY3h6anRUSUIzNDFtSDhNbTRYMU9tUHY3N3FldmUwMFgvRlFTOVdOWDZrVkkzV2RzaUd6N0dONlFLTGZYWEllaDQvbnFBMUxKTzh4WGYrSTNkMFd6a0Nvanc5QjkrMHlLZlZOZnpuUnNyV3ROdTljQVl2SFBLOGZBYy8wdTRleEFnQlpEZXg1T0JNTU54UC92OHRJRS90WEVETGpRbnZaZ1gvcGF0Wk5pNzVud2ZqKzVhZkVxMmJYUVVURytSbDl3Y2xxeXB0ejVNNDRBOU9JM1U0RDlnejVLalEvRjN3TWIwWHM1SllHSmt2Tll6UnN5akV6ZXNpbm5qQ2h3VHArS3hRcEJCclI0RXB0b3lLQ2FGZGpKQk03cXpTVi9ObDhEakR5Qm1hVDlZZ1JwZVFXWS9sTG5BdnptUHQ3MiswNlFKc1JoU0hxZXUwQUNPQzRtbUFXMmpISFpPZW9jOFlYWHBoTFVGSVYvZ0t3dmJxb1p6ajVZR1NabC91b3BQemUwZjFCZnZtODNXMVdrQ3dJaVZuYllSWDU2b205aVJrK0p3TThlbXI5RUdRQ1hEcG0rUXhHdTBSSzNJSjROZ3ROM0ZuOG9heHBtR2pqUVVzS0RtVkZjUFZrREJHY295ZVp0Q2FvVUhCTGEyYjRVVjdET0FaaHFsb0ZxTENaUW04VVROL1FxN1pPOFRLQ3lVYkl4NDRXaG9FMjFTSlJGMnp0L0FnYVY2dW82VnZiYWJnWFNyKzJ5blE2Y2d5MkNBK3RHWVA1T0VPNnFGMUJEYVViK0dKK3dXZHBINUxNQm05L3pIckZ3RnFPenNIcEkrZHlOZVUyenpLNlpGYklTcys4ZEhhODJ5ZUFEVmIxaWZocCtseEEzckxkMHFtVXVCOEZsZmN5UVNJRHBzMFc1MHdLc3prMTQvWWMwanFvQkZuQ24rVytsTGRyYzlSTjNya0VlSWhtZUpZNHRoM2RqZkNBaTdkU2ZKcGxhOHh0RzVKWU1mdHlsTTAvYkJ1WjVDOW9haUV1RVZwbE4vUzdqSUkvU2QzYnk4Q0RiajlIRUpqeGo3OXRzR25WNXBBNDZib21YbjB0T1p3MjJobnM0ZnFGQXgybVF6anluOWEra0JtMWlINVY3enNGQzUzTHdLYlJlTXE5alNVSGR1YldDZ1dLbThSTllOeFlXN0ZTbFVVM3MveG1PMVpLbkRTUWxyUjlKY25JMXRaZ1dDMVA0MG9ybE5HY2NjWFo5di9EcXU1cUtMTFA2cU85VkdzVWdKM3hhMGJLbDZPZ3YxM29nSE1hQlliNDhvZ1BadnZWVWhTVGRoelJiNUk4SUxaNklCa1BjRXlnc00rK2FnTTJsa2V4d0tSWEM4ZUpKeGwzNUtOSyt1ZkpJdlR1ZGNHdyt1bEgrbS94K3dGcFk0NkJRdndicEZWclR0Rmk4T1p0UmtMQlk3aXNxeklxTTIvR1JRQ2xUZ1dRRW9tUklUTnhNNjRuUFFCSlIrNG9ydTdtZndIVEhlTTkwUFRFSnEvaWI3c0Rma041MFlPbjY1UGdkVkZORWpQNExQTGxVd2FOdSsvQTZIRUwycnJnOTZXR0FCWnFmK2ttM2dZanlvTjhkc3AvaHpuV3BWMVl3bWhtQ1NrOVhQNXJjd0ZpcVZkM040MndFdDJSTkhZMFZFbjYwRTJLaGo1L2ZYWWE4SGlwYVZlZ3RyL2lUTTAzaUlGblZvRmtyQU0rczdUQWphcitVUWk1UG91eG1uYjl4VWl5U1dYaGhDbFNGNWowUmNKL3d3WUlQVjN0NHdSTFJqNyszeUpjeEtseVVCKzZOM3gyMjI5UUtNRzNsZit1alhhamsvT0UzbmVPTS9hUENKQjl1N2NMSGo4dzEvaXJ0SDVzTUREUXlGbzc2Q2VuWVhsM2lSZDZUYjAxaEk1Z0hacGhaUnpNaUF3UGYvRlZUZmZwTHFvRE5ZazBzWGZOa3FGYnJySnlRZGIyZTV2KzlFVXo0c3FuRHN3VXhmQUltL2dFaVQ2eUx2OFhsaWhUeXRCcG9HWElLZFRLK2twelUwMnI1cUVDUElpeWRLdkhVN0lJYS9vNXkwN25ob1k4YmdvQ3d3TzNHOVl2dFBSZFJYVUlyU2dZZGxsQk0rTnVvSHlGM0tJdWxnTGExM3ZaKytxU2YxYnBmVGdVaHBNV2dpbUxNWUxCRXZOTjJHamxiNlloZ3dGazFLZ0JsN280ajFSWjZmMnZROHVMejVUeVhYNXpReFNvbXFUZEJoaGZsZGNGWFRRT0c3ZWhUZ2NzNDlwZEY5TkR5d093b2FiS0o1UmFVaVh5VDlnMjFBQkFTNnRsM2l5L3kzQnRISWVnMTI1b2ltSnltV1NTQVNVUm1xN25ZWTNUZHdYaGZmT0d4VnFHdjU4QVBFUnV0TUZPODdTemhQc01OTHljNkxVYWg3SGxrWHF0UnNBdjhLWEZwYVBjczNQL1JnRFY5UDRodVRpYWUxdGhaZ3lOS0RUOEEwczl6UnhlNXhzWm9xbVJxZjJaTDRLYTRTWWZqMWs5ditiVy9EWDNTK29zRzR0dHhZaTdXSmlrUlpQMTV2YWJWem1wK1RiekNRbmZFcXRWNWdrcWJRWmkya3k3c2M4TGxKcmhIYkhGREtza2VhaGU1VVAxK29FbHNzd0ltOHBrRFI3SUVYZlZ4NXp1Q0prdHMxQk5DNlVvOTdacG51NGNNV0RIV2kxbHFCL29vWXlPQ2xJbGt2b0c3eWZ1V2JHa3hDbkkwd3R4eGZ5Q0RnTHY4bHMvMjljWVJEYjA4RWlsMDFFQVcvclY0YW5veUZPZ09hL3lQdUwvZk94ZGpidzZWRVB1ZGFJRStYQlpuV0pJR0kralhQQytOMVRqTTlrb3FBbzN2NGpYTExGNXFHUHFQL0E4bmdjMUNva2VhMjNHOUpJaWJKV2Y3V3hML2ZuVW1rOGhUTDNrbW5HeVBUZkRzY1lPTUtjSlNtNzF0TWNLOWhJWHFvZkZwa21xZFlYckVQb0U5MVV6dysrUXRkb3Fyd1g2Y2J1UlFPRFFHaWdreVNDOVdNaUtKK0VtNGE0enJEQ2FGNDNSME1RdHRGTm9JQTFuZHdpTm5MWEp1em53NERWdTFpa2cxNnhKQTAyZVUvK0RkTUt4bWdhanhVV2JrdFFvdEN6WmpoRjdrTFY1ZzdqVzVEVU95S09MekdDTDBUVnkrcEY1TlprY21YVGJFRlFtRGNaKzJXSHVBczYvSWsvTVR2eld4UmJDT3Z5dWJ5dUtQWGljbE4yc1pQZmRSQlQ2WFFnNjhHSVpTNVEvNG5aWGd1aXplbUJ2MWhmVFdXdDRTR1IvREhRaVlhRkIzeTFKUkkzanhMZGJDdE54d1JEelQ3ODVJdFovNXhxbW8vQ1ViVnlvYUllSThJNFBSUzdZTkVvZGdEWm9CTU9taFJ3TFZmWEZtVGg5K1NZZlRBWjh0d2hXeURaVXhMZjdRKzFISjlRL1JKRFVFU2JJNkdoRHUweHEzR1UxNTFhSmJoQkZxOXFubjFxVnU4dkJiSDZiNVpKdDdGcDhKKzNad1JpWHRCbk5Oa0c2UUdxaytTNDk5VkN6L0JCWTFFN05tTjlRNXVXWVZPdTFRQm94WFpjbjRrYnJhaFdZZUZuN0ZvVmhwTU80V213SUY0V2VQWDhjaElzRW1hSlVmMXFlaGhUaGpHb0J6QUFPakNGR1ZuOU9JajliQks3OXBIMFdSd3Z4WVloWHRGMzVNMmRQaHM4QWFPekNqdjhLOTFpTlRjNmQyb3F4UWlGNy9XS2xzUENJNkJLMDJ0VWxIWmk5RkZZdVhHNzdTc3B3WGxjUm1NeTRGQ2YwTmFybjd5ZGRReDdMSzlIcVNTeGU0YUVOYzFwVmFxTXZIRGlZanFlaFFnZWRtaXl3M1NOQWlVa0ZGemx2MDhqM3lsZGVaNnRHUDZTeDg1c1FycDJtTFl1aHZlZzhxcEdQejZuR3NieFIrMnpTMW11OERkcjBHcDNDYXovanN2Uy9pcUl2ekV0VVoxUU56a0JyTjk2dVlPMGd0NjhyaC8vVzAwbzY2MWY3WDRGK0ZzWkpIeEV4aWVBenJRaWo1UUhCRnBlWEw3cklVSmhLellqOXRkL09adlVjVGJuVXNjcnlyNGRpakJadUNnYnR4MWRtYkl2cUlNcDJ0MnZ1S0NYVGxMdWdIalVmTVRQYjJWQXZ0MitGSStVdkZLa3hONjU0MlNaeFNyZFJQcW5xZlJ3YmZ2NnBUcW9ZdEpHTWxYVllsdzVOcHpJV2I4eUdYQUJ5L1hzakRHV3NCYTI0ZHV3SXZqdkMyOWdFV0g3YVNNcUY1aU56bllYOHFKTlNTTTJsQ0c0c1Y1MHNZRUE5QWpFbkEzdGNsSzBROWZ2TE54M0J4N0NGbmVvOTA4WlNwY2ZkTmFsNE5aNTVOUkhxd042empLUzJwbUhSUjY3MHRJZFZpYnJoc21PbTV4T3d0RkxQQThyVklwSmsvWmp6OFRHd0ZmTWluc0ltckowRW82amcvYUg2b0c3dTJwa2FNU3dCTytETlZQNElkaHlMa21IL3gxZndUbGIyMEN6NTJWT25xVUNsUVIwMVRkRW10TXg4SHU0MGg3amxqeDJxd2RSbXBjOXFIT2NvT3EyNkwxMU1MakFQd3RKNEttZGZ3cjUrdDU5UHJrQzlvRnZCVGdOQTQxQzN2Rk5UcVk1aUhDTTRoMmdFNFNnVERsWm82c0RpLzliSXlxMTd6QTIwMitpMG13RGNqZFI3engxNmVQNTQ2VG4zaE1kVkZab3d6MktFbmlpK05VeUhjYm9kNVhRdFJUdWF4Qms1NG11TWZORS9TK04vOStXVXhZN3NuVGIraUpsL3BJMjFFcGRoeVZCVHhYY0p2M1hLWXU1VU1SeEpJa1JRNkdNWU15MStuV25nQWVOQk9wT0dMaTJOdWVIMjlXNWh5YjlBaHZrcFMrTUNEUnRCSDZXMWJpMkJ6UjJSOVlLOW1BK3U2Y3B2VkkvbEkwMTQ0UjhESHB1NDZPc2I3V3VMby9jdks3aWtka0p2RU5NNnF5OEtCTHhiN3A3SUc1VG1xWmNJSnp1MEd1bVV6bGpHVE9RcVdEdzVYK0JuRlZTU3JxVGFlbkhDUkpPQ2dZeUJOMENyRTRlT3FvOEhYRmlNMC90NDRxL3poMm15Yy9yemhMQmNMSzFlaUYvUVN6cFBEWjJNbHBwYm1Kb0xHalhFNW0zVThmTjBhaHdTa1d4SXp1RFpTNXhYZmdCbk8zMkt2THVrWEc0Z2dWQ0RIdm5GeU9POWlVc3RHZFliemNranBlZ3BNWVBlZ2pVdzNSK1JBU0dpWVB1bU9ER0xwRmVBRE4rZFA2eTA5Vk15NXZBYjlYdDBjSUNpWkFGK0wrV25SMzRVekhkd3FwbHVVei95Rkp0VCtMaTRISHBndVlCZ0dScVdhVm1yYnlLYlVjT1FOM2t0UUNHRW1VWFJHSUdIMEdlWlBHQzladGl5MU5mTE52QzFFUFBGV2UwUTBrQzdzTXoybHpwWTN1TW5iS3EwY0ZYVkxhMi9wRXNOcnJDMGNVaEJjY3QwMWVMd0srYkxmTVMvYlRYSEt3Y09LMSt6Y1dmSzEwRW9GM0Iyb1BiWDBRZGMwODdPVlRHSS9QQmk1K00wbmNSQTFwN3R4YVc3N2lOeEVhSzBTN08rYXFLNzBTYUVpMzBOV2c5VnJCZEkzVnFhMWpPSlVBTmYzcTNiWmoyeWxVV05NdUlwcXNiQ3pVUHlkVDFBVjdoV3ZZV0JoTCtGaVdWaE9RZ2Y5cEdNMlpQVForK1pwR2s0QVZlak5OR2kzQUtqQ3RWZ0tjeEZqcUdMSEpoVnhhQ2RscURaY25kZFRPbTJtNWdRS2pTNEhpRTNpa29xbUo5NG0yMFRlTXFINytteGxYSjBKNTRTeEhUT2xZTDR0SjVpRXBzZUVqeWsvc0RnVzMyclhDdFpGemVmSDNuV1FiRmRBSElhdE1Dd1NLWHV3RjI1SHN5UVFBRHdtRFBXMERHeFhWSkxUbGRpeTR4NnV3QmVEdE9IV3hKTlRxcWZub3dFUWJhNlVLNjRjM2dTUzdNOTREdW5xUXNwdElBR1hYUkF3bDQrejJadzFiTlZpcG9qUGdSL2ozQ0hYZEdlVzk4TFZuWVVRLzRuYzg0dWliTjdQbUFMeFRHSzBvNW1NcGFUVXU5Yll1RmtUZU5Zc2NONnhhT3loamlJdUs4bUkrS3ZyU2pTcyt1U2hFNUw3NkRJN2xQaHpxUjJUWTNaMEZJNU1HOUlDOStZT3htNWxPbDh4SW9ONlluUURLWkduMkJjbVM5WnZSTW96bVZrREFMNUxnQzRibVpNWjRRWllBUVNsek16SkRjQ3hua2s0eU8wTmhQbkJSNVJTWHZLSXFSVnB0MWo4eGY5L01RKzIzSy94Q2J0RlYvU2gvaXcrT3dwQ2ZEMU9iSG1SRmhjRTBZWkg1b0VyUXBGa2VtNWMyaTVQMmJCeVN2SmZGSHBRcTNId05Xdzl3dmJBV25KL0JQTjlQd2lmY0VPbDFGSE95NkRjK2M5cHIwTlkxYzZHMlIxWjVMS0xIVEQ2Zkl4czdOb3NLaDg2MkFKN2hOMXcydWIwSkZWUFdXUVVXVnZ3Z2ZIL1cwTy8zZWY4YVNOdmU4aUNTdTB4aGlTUE42VFRNK1lEajFSR2FCdWJtQWNJSnNob2xRVEI2ZDVPQ1FFNHFER3BFeXJXTGQ1RzZHN1cyZkR0cmFmT0ZjOXZ2U0p1N2dHNC9zZ0hLSXpESnJ5cFhYQWMvbDZEZmVMcm5JOXdIZTdRNnh6SHphcWowMDN1dmxjVUh1aGpiL25CNlZTTkcydDArNUhHUDg5VE5oVVZ6TER1Y000WHFkdmNzVXZXTkRobGVENDdudG5lYjI5TDZnb2JNdVV1WVBBUlJWYi9UYjNORnIxT3A2a2c4SGgraVZ2d1R0OG1SUVZraXd3ZUMxQmlKSzdHamVQVWtHODg1dnhQUndaWklWVEVBbmRTWU50UGxjTUI0bmtRV2xqM0FIVTJBdGVXczZDa1RRZllycExKQ2QvbjI3cHRqKzVRdll6N0FaMldvU2gyekJvcWRsMWtuOXhPZ1pZaWUybmhSL0NxbUoyNExUWDdheGVRZzUvaGFGZSs0NEl1aUI2Mk1XVFdoUG1PRy94Y3NiRTBvR3JLM0ZnbWhnSVFscVdHU3ZndUJHcDI4WmR1enZjWjBIejhudVJKUUJUMkxkTHBnRzFOUlBkdXRPTExJM2VNL3RoSlVtcmxCUnpwU2JCRU1uSTEvRkF1QzRmNEhVMGpBZkhKRlhRRUttand1dUJlK1JMRTBIWlEwREhPbGdhRWlLbVMwTXZpa2F3MlJEV2I0amU4aExFR0lhVUFQemVFbnBLbWtzaUlaelZ6S0M3MXhnTUVFZkl0MXZtNHh5c05JYk5KYVVxemJ3UzlXNWR0MFhJaHJocTJEbHJxODQ3L1p1MUtZQlpXemxaRml4dHRVQ2ZyUUpiZUJucDc3a1gvQXk0ZTd3d3R1cTB2NktsUGIxVXcrM3lUNzhFMUlqNUxNN2gvU0FUTExHTlUva1BHdENvZVJ6cGozSGdmZTdKY1VURTcwVCtPMWJwRWlnSWtQV3o2TGJjdUpZVlhaQVcyZ2NqaEJvMDZaOWpZV1Z2OWtyMUxBZVFrRVZGZDJmUDYycmFuYXhHdFJlTUh0OWRtVmh2OU5yWkF2TzRIZ0dIbS9MQ2dSR0kzVjcwOGZsNTQ4OW5LR0YzaGJXSlNIVldFckR3eHVpZ2JOM25aYy9HaUpGaEc4YkE4T3FFRjRkdS9kZlQwdDFOdXpLYWNQSWh2VXBGN3p2VlpqZmdSKzd4TjdyTXgvQ1dUc1VQU1JPaXBXVVVRRGxSYWtBTjlHaWdleEZpa2ljNzgwQmRvZURoamdtTlNjQXFVL1Fmay9sa2p3VUJJNXNwMEdqNkhyZUdna1dDUitzOVQvUGc2U3FxcDVZN3c3UXpoNjZ0RE1PVVFiaU1QMnpFYlRValdiQXFXbG5LRjJiaUlzRU5MbHM3VjMxZXo1QTdZUjFzUzJYb1Nsc2lON2Z4NnBpUThGRDR2YmRRckpPL2VWQkdibDYwaUE0VVRabUFzLzJuejRPZFJ6N2xDSlVaa01ySHRjUzg0Z1BwZWRFN1ZrejFCVDQxZXd0UDJORithMU5kY0twQ2QvSHRmKzBmQmMrUjNBZTQ2citrN0c0SThaTFQwcDNvZ0d1ZmtCQS9FNzZFV1RSSGQ3K2RsZzNsQkZJamZLMzdSVWVqR1dMNGJ6UlI5VGhaQVFiYVRRc2dRdEttdGZORGc3aVZSSGhpTXhtUDYzRk8rcXVpcTNMT09uNXVnVUNkYWtqUTQzMEtabGQ5WCtyZ3BjOWJ5SmRKeXFDSTE5SjNUZjMrV0xnSmpvMmQxM0g4YWlndFlicmUxOTBYTjVma1RzRzhBeDJzazgwOHZiU1NHV01jMHZyaWpiYzRDeHg1cGxRYXFrdGRJR20ydHFCQktORk5hdXJaeUg5amV6OEdTN1kzSlBiMmZVemM3cGRHaWJtZ3FWS21OY01tVzN2WFdweW43S0RIWUdWblRIU3ovRG9pZGM4Nk1pWm1KdUliQ0gzazRaUTcvUUxDSlpldjRGWGFKUHpSQlVFUzNMNUlsZlFRWjdKMU1UbFBSUkQ5ZjBqR3hienhuTHRSbDhFMVFSODhRbVVYeGdCQVJhTjhBRlBiaVU4YVRLdHBwK0FRNWlnYzNKVUlEdHBLRG1OazNENmp1TjJpUVVEMnJkNFpKQnhGSjNKVHVtcHg3L1ZpdFBGeHFrdTZxbXc3ckY0Y1RtMXFYSUh1clluNmFQZzRpcCtaYm05OGpNVHdpM0ZWbFlEbE9JVFVSTHZiTk5WbkdWcEsrZUZNNi9uNDlMK1BBUEhURHB3RmFWRHBua3BYOXNqWEQ1N2xKcVpTdHYxMU8xTWh6TGRWRUtQcERFYUhvUEtyTWUyOUNTQ0szVnhJUTV2MjBJc0dIUjJFUVZ2MVVYRS94TnQ0V21mUitIaXAremlodHhFTGVkcTcwbVZyUnhtanJIUktrWFNybDJHK1pVUmw1WFZaVnBNdFI0L3BXb21UbjdsMTJ1a0NGekVTYjJBQ3dZMHZpMWJpdjRlL3BHTE4wUnhTNy9RUHU3YytXUVpWYm9XQXpMNUx5RGRXbFhJNkVmQys0RS9DeDhjUDlCZmR1UXhkL2VNV21BZWFla0JlUW9leGlrWWlpNDRZdi9OQUFWbXVZUncwdFl1Y0ZOdEFMVHhrSWlCOFdFRkVINkZ3Tk1vYStmTWpOVk5IT1FOc1JqUEZ2dFdKVVZiZ2hKSGxVNFBEVis0c0lNZUdpRkQ1eWlIdU1oWk0xd0JIakpLUjVoUTRSNHl3SDlWdWgxeEVIempMSVFUbzRIdVphRFRPMHNseDM5UXptZEczWElISnE3dTJtV1R1Zm9IWGh0Z1ozSElNWEplVkh5NTIxYmtuZVc3SysreGFhMitrR2FvcEpKbmlHQ1pWeXFkWFovZ2ZZS1Q0dXVpMDJ2ZlRRQzdqTnNLUkEyZ1lic2xXK2VwU0xFYTFZaFdrS1JuS2wzdGJYcmJZeWR1TlJydUZMdHd5eDBaUGdSWlQrRGE3TEZ3Zm5EZlNKZlR4OHhtcjFiYWZGNmoyckE0a1N5YWgwbk9VSGNUa3Y4amorVUhqbXpINjJESmtvODRZSU11MlFHTnBRRFNCOSt0dkJYTDFaaisyd0IwNzkvckFwWllhQkRMZTJ2OGc2Q29xYk03QVdmakFkMDJVaWZoUzIybU1jUXhlT1lYbitMSmFhemhMZHE2Zmx5cC9NMitkOHJLcVdqYWQwUTJuaERJOVpSTVdzNzI3RDlhdnpmZ3lZZ255aVpNbUJ6ZnM1dmlmd3puclpiRnFvaDJhWWdXaUJxV3VUQ2N0S1BzRXZPV0QwbThITTVTZk90TVZXV0x0bFBUaDhOSVpjUXhjYUkzSWRiOHQ1YS8xTnVtcS9LS2Y4N2JvVUk3VlBuc0RNVHVheXAvQUFSc3lpbHJmQ1IyNDlTWE9KdmtCTXFPVUd5d3IzWGtacVpwZ2YyWHBPRTgrR0hCOXIxKzlpSjNySkJDSUtyVDRFamI1NGc1a05QMmNCR3pTeWkrK3g2VlBoZmoxQXYyL0NLNDdZY1o0ZjJDOEp2RjdVeXE3WUx2cHp0bFB2dHVqU3l2R2tUOEpIQXZUVXo4cWNpNmt3bGFnbE52WjNDWTErVDU3QkEwakVGMk5Kbkh0YzI1VjRqMy9kZ0paUkoxRmtUS1BHbnhycjdPT1NYUXZQTS9VUlNnem03akVYekJ4UTRkdXFLSHREa0wwcCt5cW05cmIyMkRleTJPdFJNNXNTVldGVnp6WE1CZzlvejl1Z0lTSkNPSmZHMnBWLzYwdy9IMjRwMlpNaDVqTytNRGR2TktoYmE0bktjKzFteGo1TzRUbEY1RTNoNEJXVklZTUdmUXQ3VGNPcWp3bWlaRjlJWWlMSDl5NUw5T1ZBNnRpNndlZFNhUi9JeU5xc3l5OWsrci9EQ0p3QlFFd2ozZkFCZm1ibUozNFczQmZ5SjdQVzFDNlorSzdQeTh4eFc4ZzhHZVk1ZWNGU0pRRHQ1ZjRUSzEzZllCRkxobE4rbnVzZ3VqSVNrcDhaZjA5OWpxa2pTVFJFeFkrOEFNVEc4TWtwTDBEeXVPUFEyTDI4SXpsdVU4MlptMncxWTdhYjhxeHdlcDd4YmNraDR4NmtMbHVINXM3QjZGVDBVQng1V3RlQzdKOHh2NFBKdGtFY1VCTnpFTlhiR1VMeVlrVFUvb2N2aEZaVHZoR2lZV2lBNVczK25nRmRBQXp5US9rRWVNZUthaUtzR0xHbll6ZE4vTHk0ZFU4Y1RLejRYekQyWjBWVnBvbUZpNkJja2hvNEhpaG9NSURkY25DRDJuUzhFbmhxT1ZlWTJVYjJobHFWSUxyRW93L2NTMHQ5ZFFTUTd6RVhEelB4WXc2VkMzNTIvZnZISkZSNFlhRDlMRzFUVndKcmk1djFTSndWajFURVVrS0dIQi9aSHBPa0FzenNXRGtDQ1FzOVN6RTlvMTFQSGFIbG5MVnJnVWRMU0Z4L3F4SG5QVWp4bUlBck9ienhoZVg5RWQ5b01CeHVnbUlpNGk3cWhPS2FQVTcrMHF2YXZCQVIrK2cxZnc3YXZBSWpTSVBRd0lZVUl6d0xtRW1XQkJQOGRuNW9jZXlIekhCWnBPeEk5cENCY1h1eXE2ZWxVOHBETnBGeUJlZlBzME1lQlQyU2w1NW8zakNPZXlBZFRmNnVYWnd6N2srT0sraDJ2WmFYOG5SbDQzRlVGeHBDTWhPTjZUcGVjZnlQU0ppVXY2S2JTdE1jcng1eDVmRHd6ZWgwdEc3VTFrWUtCRHFSbU5UU0xOdk9zaDNjM1p2enpYYjYvaFI5S0tGUExqeWVEY2Y3dTNCZzdJZWpUNHZNNy91ZFNRNHdQb0FZSkZSajZ1Sm9TUXFsWE5JVVZsbS9oVXd0Tk1kR1R2NGJ5c3RwaU8wT1JQMWlZVHlYSkxrZnZiWERqcmlYZEx2K0FST0RXME1aRzgyb1p6UDNBM3dUdUJhS0xvMnprWG80bGhYV3had240QTJZdXBZUExVVHVoZTBodXNIdzZ5WGI1ZkJ6cWhydGtIRHhvRU16a1dLWDAySXpTeCt6Y2t4d04vQ2VURlRCWFE1NmYrTlV3QzBXUXNUd04xb0xlbzZkeVROaEVDaHRnbjc1anZSQ3JZZ2RvV3FsZnlFeks5alg2N0E0QnVOam51NHNZaThEeEdyTWFSTFM0NjVvdjNhZzJJRG9iNU9kWlFXeUMydkdKU0FsMjZnRGZUSGYyWG8rU2VPV2lLWlVURDd2Q0hRZThzYXlTeHQvT280Q3lDSjIzbUNvVTFaZytjZGV5S3dZTEpZaDFhUFgrMDc0SGxNUkl0UUZQdExZQWdtTFoza0pFdmhobkF1ODJOQ2pQTjNOZCtLYmZpTzNRaW1wVDdudHJ2ejJ1YWdJQXhDZnJhdDBCRDVWazNjbGRkWnFOVnZpS0NNY0dKRm0vUXN3dHdHVkFsR0pJdlNzNjdCajREZHhTVER6RFNxMDVvRkxrazZPYnp5dFZFT0RrcnRDeVkwdGg4TzlyOGpyQUVpVTZQdG9OUFpQeFZJdll2S2pkeDhtclFXbXJVVXluNzVPU20xL2xheDFiM3lmWlRnVFBYay9LTGRnWVNlNGdUQVN2YU5WN0RzaDBrckJoL1RFKzVyWCt2QndQc0hKZlcxVjdLRTNNOGpEOHZrS1B3Uzh4akRKdEpNeE5YcGtjeFZMcW5Edm5nYmdNNE1wcXcranlNREVXQ3VoNnhhMHlPaG9zME4rV2IvZXRYQzN3S3FZYWljMWNIVzJBV2IyL093dVFxNnViNWs3OVdBdW1EMG5VR2Z1NVFsYTA5djlLL1ZibWJvT0p6VHlsMmZQQmlhY3JBbVUxMEhFb0Q5OHNEcXlXY1ZUSjFrN0t4WUlSMXIxZUdQWWJ0QWpqWHZvcmNES0xMUXVobnNiUEJ4YzdrajZJU3RLLzkvTDBxWXpicVVwc3c3bDJveUl3MGlkM1FZNUozalk1VkVsZTdLUFcxZk5rNEtJZnJ5d3U3Y284UkZPSE1aRVRZcmZKMzBxSmFTQkdaU3lDSHNhckJ3MVRneEZPNE5aTmR5R083ODFHV3FHZHFGVUhTMk83OS9sNnRkdkdhZ3RGclRHQjJQVjRuUm5DNHR4Mml6WUpCcHNaMVFHZDBsYkowK25LNlR1OWtHL3d4RnlzU0NzcWRhSlhTclpnQm1jeUViazZwRlZOR1VaY2ltejZFd3N6VFcyUGJaWEVIc2hERVJ6emFlWllWK21tVlEvNWpTNjBtbEN1amNydU9Bb0NDTkpWWlU2UE1WcFQyUXpWRm10cHBkeDJrd0pJd2ZvVDd4OUpWK1lkWmNTTTlGSWlmV25xWUk4OVlyUVJhSTI1cS9kemxucU5uT0JiZW0yNU9WU1ZxT1VtZGpxVTV0QjZodzZtTDgvdWZ5ZFdKWjY1SG9xckF1SG0xa0ErS2lqUFRRc0xFaVhLRnJwVFRNWHhoN2dxcUFxZFhNN2xFU2kyV1ovMWFCZDlHOUhEYmIzWXQzMFFIQ3VKRUp6T29HWEZmVG5Mcm9JVzZ0RkQvTzFpeGFWNlBwRm5XTEZpdkNZdHZYOXc4ZmQ4TTRoTjZjNTJWckxlRVZ1NHFrejBEZ2FNZVA4bUxuRnFRbFVQd0wzcWFTMFQ2T2RYR2FjSE51UExaLzk5Tnl6a0lkeU1CWEg0MEZaSzVDSWF3N0RXdm1ha25hUk9idkFsazczRjNOeHJGQ3VNczZXMnhLbDJTZDEwUlVvRm50a21lZzZGSTkzem5jUWt2dzBoaDkzYUFPaUpQVGhQZ0RjQjVldCtGZUJwREhsMGpsUlFhVU5EQ0NnRTMyYjVCb2tXSDZwZ2NNZGRLQk5XZE1OSTNxZ010b3dGZThwVVI2ZnlBVkpCQkRqNWNLMmJsRFZjcnFUQm82Y3lOWndndFJnUGxPUFo1Z3A1WHNDQXJwVVZLWWdqcFJMR2V6UFRicGFzWlJsNUUwYTBvT0NabXRzTUxwRUt5UjlkNGNMaWtCQVV3cm1WRmdxRFQzS084dU5QNnZwRTM4SFdudTl2UUdHY2o5bUFyVlVtUWNJRWFSemplWDdSd3lReHU1OVNWMVpLOE9jVDR2Q3lPUDhzY1phTHU0Q3lwQThnN0tjbkg3SGtTc0I3UlljWlpLYnM4dXpoTWw0Tm92dENNNjJKdWRPYW9PdVNxRlc5WEFGQ1p5dm9KdmZxajZmUUpTL3ZFbzNCQldvZ0g3K3dPTkFuOTZtNzNJOE1QdzZ5RlAzZWUvYVJHemFBWEh0TzFod012YStIWU1scUJrbE9WT0pSSGs1aTBWRWlROXl5aDY1UTNydWdvTnAweHRKa0Y4c3o0ZEZ5Rzh0T014OGhZMVE2R2EwQUsvVXlBK2ZyMXI3WGVEVHcrR3hWVCtLRy9Fc3BPd1FaOFY5eWFLdlQ3TlcxdVc3MW13RTc4SDNSekF3Qkx1RXY5Uk1WZ0ppVTI5Q3pqRGdyUmZmQ3VHajlHMFNmbThseXVOcU52ZXNBSFlEM0ptUWFCOGRHbXJhVlNPRkFJeHJncEptMlZCcGZwaTl6aWdkMWZDSEo2ZVYxeU1oR3VlQUp1ZTdaRS9vV3JWYUdrcHRiOEFNMWVMRTc3Ym9YREttYzMzSHBGQXVpbkRKMGpnNTZkYWJSL2pobzVHUEZHZ0J5V3JUWm9iTkdTRE9lWjNHYmFDbnhIU3BBQzFDU1FGVWx0bUMvWExFR2hkc0lSU2gxZEhnK0hWak5mdk1CWXVjTm5EWlBITUxQK0YzTUNYbHBzaDZoQ3d6K2xiSGRKYVE1UnNreFZzUHRLMzB4aTFYU2F6ZlBIN1cvelRndTVvUlFESS9nOW1OckpIRUh1cmhjcHhSMmFHejUxZVU5dW9wdFF5bEMyOTNITjd1ejNreUlFdWNQL3djQnB1eVBmcTBVL2N3VUg0VENZSSt2cVd6S0xXVTFOT3NaM0tlK1VaUmVaL2JBRkdGMmplektmTDZvM3Q3VU5zYnRDYzhnSFBEbGxhKzZGWkFTY0tQU3BoU2ZyVWc3S3pEUEpwamtwVXR2eGtWTXhBNkF2M21MK1VtaGd0cHJBaWxOQWZ5TlMxNEU2QVcvVVhuNG1WMkdtZEFXbFRISENPM2tkbmppOWtIZkx0d3JjRHZJd0FSUjUyTGt4Skw5YkQ4b1piRDdwR1NVZWZIWVQraUhqa3llTnQ5ekNIcmN3Ujc1bU9QRjNobmpISkxXRDd4bDFzcTdYc0JGcm1ob1I4b1ZPZkhoWlAzb2NTUzQ3cVBTZXRKN21QU0xCWlZQK3F0d0dQYlpkK0F1YjJmOCtDeGZPQWprOGhqb0pwZ0tnL0g5RDhuRW9wbk1kVjVJV1lVbDlVQ1BxZDJCQVlac0c1ZlZtdVNrdkhWMXd4QjJweTFtak9TUnlmOXRqWDBYSUo0NkRaQjVLaUkrVWZkbmlTbkRGZmpSQkp3NkMvZWNUZStJUUdVRWc4NUtFNkxrQ2l4NlErWVBJSXN4ZWpWY0xISURtZC91bmoyeG5Ddjh5emZTWEpZUEFLOVJCMDBjejliZHl5VzVpb2JHWWpGUnQ3bXNvWG43UkUvckVyd20xci9DY0xXY2pxWmE0VWZGTCsvZlZlWjBRbk05Yzl0R1EveDhRalV2dENDQnA1RTUwTFVOREx5SUZ6cFY5b25mYWlmYUFDYmUxaEpiMFFnRFdBQW5pd3Z3d2FueW51d0tRdGhuYThJOWlkSFFxRjZWOUNKR3ZsMUNJbkNNbzBUOTlpUk4xVzAxL1VtcEU1QzNsdFVxWVpFejY0dTgyVnhXZzlxcVJFVTYwZjlxNEhJbFdJTm9aL1RyZHRjNmV6N3h5V2xkN0pCcW9paHRSZnU0T0RxUTRmbGVDY0ovdkNMNGxlOUpSVGZ2L0NGWWxab2pKU2FXL2JEcGU5ZzBrQzY5NUNMQ0plTnFtWUtBT0FIeWRLYVlqaUtGTmhZcVRNakxpK01PUkJKZlVaMzRCeDM4cjVtcVJVMVZtc2RicDY2SU5vbTF2RlkyOFBpWVpZeE9NV0ZPbWFrK28xc0dyU3pteVRveWdBc3ZEdFRyN2lBNXM3TVUvc2paR2NzRzVxK3hkMlRXeGlmelNnY2ZCeitPUG9GbHN6cTFnaExKSmNtd0JrV3JQZkVMeVVoT1NJd3lpMzQyM2lYSEVycThENjdwUUNITDRBc203YlV0OGZnaHJGTFRCV0htY0lxblBVMEJZZE41NHlGb0VoMmExS1ZkbkFZNFpabmh6N0ZYL0dYM0VudGU1N3lHYUV3VzhyU3FWQ1k3VDR2VEtVenZuMmRFVzZJcUREUEhHNnVFaHRrc1ZWRzdpaUM1UmdIdHhsY0VmRlY2eTJNN0g1YzJRSU84MEdZTXA0SzRsOUFaMWs4ejVzT3pQUnhnUWJhNXBVYWQvYjUrTVpaRWgyK3JPQTZ2NWNOQ3ZEbjRwcWRjK05pMEUxeW1EbTNHa2xkU0x1ekJmTEhwd2lSYmFGOTJsT1p0NVRNSHVZaGZjM3VpUjVYQ3REa2JnK055NnBPYkI2VDhxTVIvUHRLRk8ycldPNi8vRnpBRzJiQytTQ054aURPVTJkOERDZEI1ejVQWHpVNzdOTXNkMU9ReVZEWkY1UEJsOTN1dEhzb0MyU2x5OWpSTXZxZFo5TjB6M2hGbnFJb3NkdGF5RDBQMTh0QXVTcDl5VjM3U056NVFHd1hlYkxmMGV3akU1Vms1NlZnK0Njd1premFZVWNkSTRsTnVIcTl4WUtESTRKclM1djhDRUppN1BESVVjZEU4YlpwV3ZpOUxJK3BneGM1T1hrY0ZzNUcycWQydllwenJVTytkODRHc1oyZ0paNjlGWnVEQlF2YysxVUxuZnFrdmg2NmI3enl5bjJrdHVNOWEzMU1pSlhPM3ZNR1pkMU0xaWhWd2xaNlNmRDAwRFlpcVN2b0RocEkxYkg1dVlacUxUYTNmL3VTWDRxN0tBN0dRdC9iclFpSFFWeS9hUW5Beit1c1FjWmMrZGpTN0gzRW9uZ1BjVWUzQ25wSVp4Wmd6bEhDQ25sYytnc1hrbm1CMkl2aVhIMjJwYndCbkJWVVlCaUl6M3ozWFJSbHFyNEtCdDYrYW12UWU3czNadnNCZVp2VUpMd0drMkQrYytTMHpiSkFjWWpCYURUTW5PUWhhclVqQzFnenZidERqZHMrY256Y0pnVitRRmhoMGhKYzJMcHVZZHpJYTBQdkxYS3ozMTZ6Q2RrU2hEdktKeUpBMnM1OEs0NmZlUWJZaXhNWURLT0U2amE1Z0ZZbzAxT3Z0U2hIUzI2ZnppNjlzcmhHSG8rbkpicXI4dTBPT2F2Wm1xaFY3ODZtNEN6YkJpSHo0ZDhpaDE4NkNpNU1OSnQ0dk5BZmw4SVRRUGVrSFF3OTJLRVUyYnFWTlJETE9Id2dJNnRrSDZzTUtEVkJHcDlQRnhjcGZYZXM4cGVzQkRKT0dkY1FXL05XaDNKaFFmSnphd2k4WWVQWnBzdWhHcFlDRllZMGhHc0hlcHptenFxUTgweUFRSmUyTWNYeHNCTVRMMjZyNkJ6QXlRcGo1SldlRXB0L2F5Y04zbmQ5MmUvbEEyNXJFSkhNc2JVOUNDTFhmQ2NNTUdwL005QzJXVERoMzJBNWRwYm12eUN1a2orblNZbm1qU3p5d05jNFQ2ejEwUWJhSG1URWE1b215WU1pLzUxM3JrajkzN2puNDh5OWRZd1lnYkxvY251ME5FS0hma1lQVjNZdkFsMzNNS0ZtaExFSDNBYmxBYVM1UElVbUwvYkVJRXE1SE1vQVZ6c21HU0kyVXBuYTRnNWR1cVg4NC8wNXFPajVmSzBwSmtSL2pLTEhKWW1nZXdzTVpRZG9mbTI4NWRwZUt6dE9jT3g5VUQ0b25WazJITFRFQ2NrdlJTZXhFQitUU2lFUVRZbys5RGNsbk4zUnVVQXF5NlhvTXNyWGpqWGJ3MElQdjYvVFkvMHpaa3dVRnJVcEhIdDQ3dG43TFN6TVZCL2laL3JJTkNQY1l2QVRwNDdUVVRRZHEyQTk5WjNhbk1GSUtCMmpyS0cybFlCeU9ERlZjVTRWTXViWWpweUViK29kREdNSHN6Q2NaR0Y0K1ZxaTNwaUJFMjhlMG9La2JWQ1VCR1FScHRjN2wxMGI1ZmZHcVV3OTdBOVJOMC9Ea1NURFM2Ymg0OGJ4RTFTcXNheDRNTm5NT2Z6eUNQNTZxZVRXNkR4N2tSTmkzdnVYN2kveUwzZVVmYlBraldqV0E5U3QxcGI1RUpGWFJWV2V4V0FFUmhBMHBzWUNpUUNDQXhwSzFPZ0dUNmtVM3JqazRGUFlGcVZsZFgxekhjZDF1VnpWUnpEMjRWSERLM1Z3V1lBUzExOUs5MnI4TEplbU5ib0ZEenRwaE9rb0VhbjdUTnhBNmtJOWR4SDNPMmpwbDZPR3gxdUJMS3BxeTFNUmZuMXloR0IwTmxreXFxWkR0U2tJWlpnTDJBYzYvZ1hDQnBJcVhGZ3NrRHk5ZGJJTndYcVM3Rnp5NE9SYm01YnJQU3JPNWt3dFNGV05wcUFMTldoeEY0b0VPVk1ObWx0aHJUaWUwbE5PUGVvL1FNSHliclFJaVRkS1YzbjZncDd4bjdqME1sZzZtblRGb0hoTCtpSjArSlpBUmpQd1NwMDA5R1NhRVBuMExQbEVwNFNCRUFWRVpCaUNobkJXcDRLRWJjNmpmSjVGb0U0T0M0R2tvaGtXM1JMbGZkNG9ZMTJVbVNqOXNxakY2RkczNGZXZW04MXYwSlNhNW0rVjdZd3RXcC9Ed3grMU5IT2l3VlBwUkEvWitBMGNaVmFEYlhHdVV6RkdKd0M3b0FKZmJ5WG5WbkNUTkhSUm15UUJramJLVStEc3U5VUkva3VQNGtxZjczYVliL0E4Z1Q5MEY2QTNOeHhrWXQ5TWx5S3o4ZDhLSm9sTXlxMVVoSmluOVhzQWdWNjEwc0lNWmIyVUpsQ25XZm1qN3Q1YnhKQ3NSM2RYWDBrNWU0MzZDclYvWVo0V2lYZUc4VWtkZVJBNjBCdVlZMVo1YWJQampBOU8zTFBSanAwUGYzUkpZVlRUYzlMYmJobmVPT1pyMUpISEU5MXZiY283YW5zTWxQNzEvTEhRMVJaNXVTeC92ZjRoeHA4MEk3Um0zaDlGc0cwK252cHZodS9RTlJPWHNvZFpoUUVkc0JXMjZvNjExY1dQb2Fxb2xRWmIrMGtRNWJuL0lzL3FxNWgyY3ROcmw0RnRBVmVkYTJPL3NleFZnSUNJNUNSN3lyVFgwMnIyMXllVkplM2pGaFErRlJaMVU0empQY3FESldDT2tnNmN1bG5MZWF3YmZSMnNhR0V2TVZCVERwVytaMy83aWFMellQa0dHdkd2cDRvY2hlYUtxaVgzRTRMUWpna0pWSEJUaTlTTVlxaEJkN2ZIa1lyUDh5RmIzNHFCR2hIdms1LzhZeTZCZlR6QWxnYUJjUEhuRnVuQk5wdFNTZ1F6Z3ZZeUZwOHdXT3RwanF2eERDQzIzaW15ZFYwcm56MWdJaUhyL2ZGM1Yrb3dwcFFFRklBQmh6NFdrRHpSRERrZE03dFdGVGdlV1hqRE5KRFJRNWFSdzZLVmV2d2k5clU2djJ2SllqNnBjRnVBK2JCZFNhaXpaL1RSRmowYmFHV0xHQW1kenVkMkZhQ3hxbnVoTWw0VmVVM1FrVjlXbEpuYUtYZ2w5RzFaRXpTY2xTd25CZGkvTmEvQUc2OGs1dERXQkd5V0NPME5TVDBuMlVKUXhtMjZIY3dsZVl6OStialVyekNKbDJTT0U4NS9qanlFRlRMeVgvMGE4RDBUSFpFb3diNmxCK3Z2Qi9IMUxZMDllbVFsWVE5T0tpWHZ0aTRuaW5CYlI5N3RFcjRxUXRwZDNGS213bXFhV0dxSDVIVVNhRTduMUtzS0E3YWJJbnd5SE5aV3F2blQ0dGIzNGcvOWlWNmJWY0pQM0ViRlJuWHg4K2hEWGdXd080K0kyazN6Snkyb21RSGgwczQ4a09VdkFndGZwc29TWlRJcCttdFF1bGxWRi9Gbmd0WWZMcWhUNGNleTVlOFJtYko1M1BLYnNPSndDZHJRVU0yeGh0NHJVWUF5SjVHSEZhYzB4eDJoMzdtbSs2WSticTU1Y1o4WHN2NlVSUzVkOEpEVnVPT3k5d1V0b3BjdnMyV3RxTjJJWTFYajdHbGtYaGd6Z0huRnl5ZzNWNXpHS0N2NWRPVFFrZlJNbEt2dnUzbnlZdTRJRHVlNTk5aC8zc1VwdFM0TGZRT2NncG9QRnJZL3ZNdDltaVgrdVp6MWRuWDc4ZjhiREFIMWQxYnhIT3V4TDlDQWZrTTJhT3JvN0o1ZTQwUXBFTGpQOVQwcnFRbmUwMy9aT1FNb1BEeFBuUktScWRUWTFiNU16R2ZVb0FhV0l2L1hhMVNSQi9MMWFybkpKVmZwb3UvYzlYM2N4N1loT3RJUlJsZ0ZMSVlJV25OZmFMdm8xemo4Y21NQlFtcjAwT3VqN1JXQVUxaU9wM1hneDA3b2FBMDdvNHMzcUNKbHRrSWZJT3BESHIrN1NGRjlXQW9xNEtyWU55UkVycDYyYWF2aXlOQ25wZHhyeUZFcUlQMDIrWTE0NWlOVXZPZVlWbjFFUnArdGlHdUVjMFhGcERKWEEzaXczTmhhQW5GSkZzZ0VsQW5xdUtFR0ZtZ21Gb3lSSEFKeFVCTGpvQktqdVZwd2o2U3Fla2xCeC9CMzV0Uk1sdGdDTW5IaEM2RHpydFdLN0srSS9Id1JXQkx4bUdCMjFObVNwR3JJdCt4Z0RvREFYelY1azI2VUVxOVFMTzRsMTdBSDkvekRaK1RaZ1gwSWxTM0lZUkZKYVBGZTRaaEx4VFZSaWNjckVmTlRZNGcwK0ViMmJrKy90WVAxVDQ5ZzhNOWpVODVmMlZuOTZPNXlDalQwVkVzOTBXMDNpYldCRmorKzBCYVFjUzNPempxOGF6Q2VhY1J5Uy85a0FBQUFBQUFBQUFBQUFBQUFBQUFBQUFBQUFBQUFBQUFBQUFBQUFBQUFBQUFBQUFBQUFBQUFBQUFBQUFBQUFBQUFBQUFBQUFBQUFBQUFBQUFBQUFBQUFBQUFBQUFBQUFBQUFBQUFBQUFBQUFBQUFBQUFBQUFBQUFBQUFBQUFBQUFBQUFBQUFBQUFBQUFBQUFBQUFBQUFBQUFBQUFBQUFBQUFBQUFBQUFBQUFBQUFBQUFBQUFBQUFBQUFBQUFBQUFBQUFBQUFBQUFBQUFBQUFBQUFBQUFBQUFBQUFBQUFBQUFBQUFBQUFBQUFBQUFBQUFBQUFBQUFBQUFBQUFBQUFBQUFBQUFBQUFBQUFBQUFBQUFBQUFBQUFBQUFBQUFBQUFBQUFBQUFBQUFBQUFBQUFBQUFBQUFBQUFBQUFBQUFBQUFBQUFBQUFBQUFBQUFBQUFBQUFBQUFBQUFBQUFBQUFBQUFBQUFBQUFBQUFBQUFBQUFBQUFBQUFBQUFBQUFBQUFBQUFBQUFBQUFBQUFBQUFBQUFBQUFBQUFBQUFBQUFBQUFBQUFBQUFBQUFBQUFBQUFBQUFBQUFBQUFBQUFBQUFBQUFBQUFBQUFBQUFBQUFBQUFBQUFBQUFBQUFBQUFBQUFBQUFBQUFBQUFBQUFBQUFBQUFBQUFBQUFBQUFBQUFBQUFBQUFBQUFBQUFBQUFBQUFBQUFBQUFBQUFBQUFBQUFBQUFBQUFBQUFBQUFBQUFBQUFBQUFBQUFBQUFBQUFBQUFBQUFBQUFBQUFBQUFBQUFBQUFBQUFBQUFBQUFBQUFBQUFBQUFBQUFBQUFBQUFBQUFBQUFBQUFBQUFBQUFBQUFBQUFBQUFBQUFBQUFBQUFBQUFBQUFBQUFBQUFBQUFBQUFBQUFBQUFBQUFBQUFBQUFBQUFBQUFBQUFBQUFBQUFBQUFBQUFBQUFBQUFBQUFBQUFBQUFBQUFBQUFBQUFBQUFBQUFBQUFBQUFBQUFBQUFBQUFBQUFBQUFBQUFBQUFBQUFBQUFBQUFBQUFBQUFBQUFBQUFBQUFBQUFBQUFBQUFBQUFBQUFBQUFBQUFBQUFBQUFBQUFBQUFBQUFBQUFBQUFBQUFBQUFBQUFBQUFBQUFBQUFBQUFBQUFBQUFBQUFBQUFBQUFBQUFBQUFBQUFBQUFBQUFBQUFBQUFBQUFBQUFBQUFBQUFBQUFBQUFBQUFBQUFBQUFBQUFBQUFBQUFBQUFBQUFBQUFBQUFBQUFBQUFBQUFBQUFBQUFBQUFBQUFBQUFBQUFBQUFBQUFBQUFBQUFBQUFBQUFBQUFBQUFBQUFBQUFBQUFBQUFBQUFBQUFBQUFBQUFBQUFBQUFBQUFBQUFBQUFBQUFBQUFBQUFBQUFBQUFBQUFBQUFBQUFBQUFBQUFBQUFBQUFBQUFBQUFBQUFBQUFBQUFBQUFBQUFBQUFBQUFBQUFBQUFBQUFBQUFBQUFBQUFBQUFBQUFBQUFBQUFBQUFBQUFBQUFBQUFBQUFBQUFBQUFBQUFBQUFBQUFBQUFBQUFBQUFBQUFBQUFBQUFBQUFBQUFBQUFBQUFBQUFBQUFBQUFBQUFBQUFBQUFBQUFBQUFBQUFBQUFBQUFBQUFBQUFBQUFBQUFBQUFBQUFBQUFBQUFBQUFBQUFBQUFBQUFBQUFBQUFBQUFBQUFBQUFBQUFBQUFBQUFBQUFBQUFBQUFBQUFBQUFBQUFBQUFBQUFBQUFBQUFBQUFBQUFBQUFBQUFBQUFBQUFBQUFBQUFBQUFBQUFBQUFBQUFBQUFBQUFBQUFBQUFBQUFBQUFBQUFBQUFBQUFBQUFBQUFBQUFBQUFBQUFBQUFBQUFBQUFBQUFBQUFBQUFBQUFBQUFBQUFBQUFBQUFBQUFBQUFBQUFBQUFBQUFBQUFBQUFBQUFBQUFBQUFBQUFBQUFBQUFBQUFBQUFBQUFBQUFBQUFBQUFBQUFBQUFBQUFBQUFBQUFBQUFBQUFBQUFBQUFBQUFBQUFBQUFBQUFBQUFBQUFBQUFBQUFBQUFBQUFBQUFBQUFBQUFBQUFBQUFBQUFBQUFBQUFBQUFBQUFBQUFBQUFBQUFBQUFBQUFBQUFBQUFBQUFBQUFBQUFBQUFBQUFBQUFBQUFBQUFBQUFBQUFBQUFBQUFBQUFBQUFBQUFBQUFBQUFBQUFBQUFBQUFBQUFBQUFBQUFBQUFBQUFBQUFBQUFBQUFBQUFBQUFBQUFBQUFBQUFBQUFBQUFBQUFBQUFBQUFBQUFBQUFBQUFBQUFBQUFBQUFBQUFBQUFBQUFBQUFBQUFBQUFBQUFBQUFBQUFBQUFBQUFBQUFBQUFBQUFBQUFBQUFBQUFBQUFBQUFBQUFBQUFBQUFBQUFBQUFBQUFBQUFBQUFBQUFBQUFBQUFBQUFBQUFBQUFBQUFBQUFBQUFBQUFBQUFBQUFBQUFBQUFBQUFBQUFBQUFBQUFBQUFBQUFBQUFBQUFBQUFBQUFBQUFBQUFBQUFBQUFBQUFBQUFBQUFBQUFBQUFBQUFBQUFBQUFBQUFBQUFBQUFBQUFBQUFBQUFBQUFBQUFBQUFBQUFBQUFBQUFBQUFBQUFBQUFBQUFBQUFBQUFBQUFBQUFBQUFBQUFBQUFBQUFBQUFBQUFBQUFBQUFBQUFBQUFBQUFBQUFBQUFBQUFBQUFBQUFBQUFBQUFBQUFBQUFBQUFBQUFBQUFBQUFBQUFBQUFBQUFBQUFBQUFBQUFBQUFBQUFBQUFBQUFBQUFBQUFBQUFBQUFBQUFBQUFBQUFBQUFBQUFBQUFBQUFBQUFBQUFBQUFBQUFBQUFBQUFBQUFBQUFBQUFBQUFBQUFBQUFBQUFBQUFBQUFBQUFBQUFBQUFBQUFBQUFBQUFBQUFBQUFBQUFBQUFBQUFBQUFBQUFBQUFBQUFBQUFBQUFBQUFBQUFBQUFBQUFBQUFBQUFBQUFBQUFBQUFBQUFBQUFBQUFBQUFBQUFBQUFBQUFBQUFBQUFBQUFBQUFBQUFBQUFBQUFBQUFBQUFBQUFBQUFBQUFBQUFBQUFBQUFBQUFBQUFBQUFBQUFBQUFBQUFBQUFBQUFBQUFBQUFBQUFBQUFBQUFBQUFBQUFBQUFBQUFBQUFBQUFBQUFBQUFBQUFBQUFBQUFBQUFBQUFBQUFBQUFBQUFBQUFBQUFBQUFBQUFBQUFBQUFBQUFBQUFBQUFBQUFBQUFBQUFBQUFBQUFBQUFBQUFBQUFBQUFBQUFBQUFBQUFBQUFBQUFBQUFBQUFBQUFBQUFBQUFBQUFBQUFBQUFBQUFBQUFBQUFBQUFBQUFBQUFBQUFBQUFBQUFBQUFBQUFBQUFBQUFBQUFBQUFBQUFBQUFBQUFBQUFBQUFBQUFBQUFBQUFBQUFBQUFBQUFBQUFBQUFBQUFBQUFBQUFBQUFBQUFBQUFBQUFBQUFBQUFBQUFBQUFBQUFBQUFBQUFBQUFBQUFBQUFBQUFBQUFBQUFBQUFBQUFBQUFBQUFBQUFBQUFBQUFBQUFBQUFBQUFBQUFBQUFBQUFBQUFBQUFBQUFBQUFBQUFBQUFBQUFBQUFBQUFBQUFBQUFBQUFBQUFBQUFBQUFBQUFBQUFBQUFBQUFBQUFBQUFBQUFBQUFBQUFBQUFBQUFBQUFBQUFBQUFBQUFBQUFBQUFBQUFBQUFBQUFBQUFBQUFBQUFBQUFBQUFBQUFBQUFBQUFBQUFBQUFBQUFBQUFBQUFBQUFBQUFBQUFBQUFBQUFBQUFBQUFBQUFBQUFBQUFBQUFBQUFBQUFBQUFBQUFBQUFBQUFBQUFBQUFBQUFBQUFBQUFBQUFBQUFBQUFBQUFBQUFBQUFBQUFBQUFBQUFBQUFBQUFBQUFBQUFBQUFBQUFBQUFBQUFBQUFBQUFBQUFBQUFBQUFBQUFBQUFBQUFBQUFBQUFBQUFBQUFBQUFBQUFBQUFBQUFBQUFBQUFBQUFBQUFBQUFBQUFBQUFBQUFBQUFBQUFBQUFBQUFBQUFBQUFBQUFBQUFBQUFBQUFBQUFBQUFBQUFBQUFBQUFBQUFBQUFBQUFBQUFBQUFBQUFBQUFBQUFBQUFBQUFBQUFBQUFBQUFBQUFBQUFBQUFBQUFBQUFBQUFBQUFBQUFBQUFBQUFBQUFBQUFBQUFBQUFBQUFBQUFBQUFBQUFBQUFBQUFBQUFBQUFBQUFBQUFBQUFBQUFBQUFBQUFBQUFBQUFBQUFBQUFBQUFBQUFBQUFBQUFBQUFBQUFBQUFBQUFBQUFBQUFBQUFBQUFBQUFBQUFBQUFBQUFBQUFBQUFBQUFBQUFBQUFBQUFBQUFBQUFBQUFBQUFBQUFBQUFBQUFBQUFBQUFBQUFBQUFBQUFBQUFBQUFBQUFBQUFBQUFBQUFBQUFBQUFBQUFBQUFBQUFBQUFBQUFBQUFBQUFBQUFBQUFBQUFBQUFBQUFBQUFBQUFBQUFBQUFBQUFBQUFBQUFBQUFBQUFBQUFBQUFBQUFBQUFBQUFBQUFBQUFBQUFBQUFBQUFBQUFBQUFBQUFBQUFBQUFBQUFBQUFBQUFBQUFBQUFBQUFBQUFBQUFBQUFBQUFBQUFBQUFBQUFBQUFBQUFBQUFBQUFBQUFBQUFBQUFBQUFBQUFBQUFBQUFBQUFBQUFBQUFBQUFBQUFBQUFBQUFBQUFBQUFBQUFBQUFBQUFBQUFBQUFBQUFBQUFBQUFBQUFBQUFBQUFBQUFBQUFBQUFBQUFBQUFBQUFBQUFBQUFBQUFBQUFBQUFBQUFBQUFBQUFBQUFBQUFBQUFBQUFBQUFBQUFBQUFBQUFBQUFBQUFBQUFBQUFBQUFBQUFBQUFBQUFBQUFBQUFBQUFBQUFBQUFBQUFBQUFBQUFBQUFBQUFBQUFBQUFBQUFBQUFBQUFBQUFBQUFBQUFBQUFBQUFBQUFBQUFBQUFBQUFBQUFBQUFBQUFBQUFBQUFBQUFBQUFBQUFBQUFBQUFBQUFBQUFBQUFBQUFBQUFBQUFBQUFBQUFBQUFBQUFBQUFBQUFBQUFBQUFBQUFBQUFBQUFBQUFBQUFBQUFBQUFBQUFBQUFBQUFBQUFBQUFBQUFBQUFBQUFBQUFBQUFBQUFBQUFBQUFBQUFBQUFBQUFBQUFBQUFBQUFBQUFBQUFBQUFBQUFBQUFBQUFBQUFBQUFBQUFBQUFBQUFBQUFBQUFBQUFBQUFBQUFBQUFBQUFBQUFBQUFBQUFBQUFBQUFBQUFBQUFBQUFBQUFBQUFBQUFBQUFBQUFBQUFBQUFBQUFBQUFBQUFBQUFBQUFBQUFBQUFBQUFBQUFBQUFBQUFBQUFBQUFBQUFBQUFBQUFBQUFBQUFBQUFBQUFBQUFBQUFBQUFBQUFBQUFBQUFBQUFBQUFBQUFBQUFBQUFBQUFBQUFBQUFBQUFBQUFBQUFBQUFBQUFBQUFBQUFBQUFBQUFBQUFBQUFBQUFBQUFBQUFBQUFBQUFBQUFBQUFBQUFBQUFBQUFBQUFBQUFBQUFBQUFBQUFBQUFBQUFBQUFBQUFBQUFBQUFBQUFBQUFBQUFBQUFBQUFBQUFBQUFBQUFBQUFBQUFBQUFBQUFBQUFBQUFBQUFBQUFBQUFBQUFBQUFBQUFBQUFBQUFBQUFBQUFBQUFBQUFBQUFBQUFBQUFBQUFBQUFBQUFBQUFBQUFBQUFBQUFBQUFBQUFBQUFBQUFBQUFBQUFBQUFBQUFBQUFBQUFBQUFBQUFBQUFBQUFBQUFBQUFBQUFBQUFBQUFBQUFBQUFBQUFBQUFBQUFBQUFBQUFBQUFBQUFBQUFBQUFBQUFBQUFBQUFBQUFBQUFBQUFBQUFBQUFBQUFBQUFBQUFBQUFBQUFBQUFBQUFBQUFBQUFBQUFBQUFBQUFBQUFBQUFBQUFBQUFBQUFBQUFBQUFBQUFBQUFBQUFBQUFBQUFBQUFBQUFBQUFBQUFBQUFBQUFBQUFBQUFBQUFBQUFBQUFBQUFBQUFBQUFBQUFBQUFBQUFBQUFBQUFBQUFBQUFBQUFBQUFBQUFBQUFBQUFBQUFBQUFBQUFBQUFBQUFBQUFBQUFBQUFBQUFBQUFBQUFBQUFBQUFBQUFBQUFBQUFBQUFBQUFBQUFBQUFBQUFBQUFBQUFBQUFBQUFBQUFBQUFBQUFBQUFBQUFBQUFBQUFBQUFBQUFBQUFBQUFBQUFBQUFBQUFBQUFBQUFBQUFBQUFBQUFBQUFBQUFBQUFBQUFBQUFBQUFBQUFBQUFBQUFBQUFBQUFBQUFBQUFBQUFBQUFBQUFBQUFBQUFBQUFBQUFBQUFBQUFBQUFBQUFBQUFBQUFBQUFBQUFBQUFBQUFBQUFBQUFBQUFBQUFBQUFBQUFBQUFBQUFBQUFBQUFBQUFBQUFBQUFBQUFBQUFBQUFBQUFBQUFBQUFBQUFBQUFBQUFBQUFBQUFBQUFBQUFBQUFBQUFBQUFBQUFBQUFBQUFBQUFBQUFBQUFBQUFBQUFBQUFBQUFBQUFBQUFBQUFBQUFBQUFBQUFBQUFBQUFBQUFBQUFBQUFBQUFBQUFBQUFBQUFBQUFBQUFBQUFBQUFBQUFBQUFBQUFBQUFBQUFBQUFBQUFBQUFBQUFBQUFBQUFBQUFBQUFBQUFBQUFBQUFBQUFBQUFBQUFBQUFBQUFBQUFBQUFBQUFBQUFBQUFBQUFBQUFBQUFBQUFBQUFBQUFBQUFBQUFBQUFBQUFBQUFBQUFBQUFBQUFBQUFBQUFBQUFBQUFBQUFBQUFBQUFBQUFBQUFBQUFBQUFBQUFBQUFBQUFBQUFBQUFBQUFBQUFBQUFBQUFBQUFBQUFBQUFBQUFBQUFBQUFBQUFBQUFBQUFBQUFBQUFBQUFBQUFBQUFBQUFBQUFBQUFBQUFBQUFBQUFBQUFBQUFBQUFBQUFBQUFBQUFBQUFBQUFBQUFBQUFBQUFBQUFBQUFBQUFBQUFBQUFBQUFBQUFBQUFBQUFBQUFBQUFBQUFBQUFBQUFBQUFBQUFBQUFBQUFBQUFBQUFBQUFBQUFBQUFBQUFBQUFBQUFBQUFBQUFBQUFBQUFBQUFBQUFBQUFBQUFBQUFBQUFBQUFBQUFBQUFBQUFBQUFBQUFBQUFBQUFBQUFBQUFBQUFBQUFBQUFBQUFBQUFBQUFBQUFBQUFBQUFBQUFBQUFBQUFBQUFBQUFBQUFBQUFBQUFBQUFBQUFBQUFBQUFBQUFBQUFBQUFBQUFBQUFBQUFBQUFBQUFBQUFBQUFBQUFBQUFBQUFBQUFBQUFBQUFBQUFBQUFBQUFBQUFBQUFBQUFBQUFBQUFBQUFBQUFBQUFBQUFBQUFBQUFBQUFBQUFBQUFBQUFBQUFBQUFBQUFBQUFBQUFBQUFBQUFBQUFBQUFBQUFBQUFBQUFBQUFBQUFBQUFBQUFBQUFBQUFBQUFBQUFBQUFBQUFBQUFBQUFBQUFBQUFBQUFBQUFBQUFBQUFBQUFBQUFBQUFBQUFBQUFBQUFBQUFBQUFBQUFBQUFBQUFBQUFBQUFBQUFBQUFBQUFBQUFBQUFBQUFBQUFBQUFBQUFBQUFBQUFBQUFBQUFBQUFBQUFBQUFBQUFBQUFBQUFBQUFBQUFBQUFBQUFBQUFBQUFBQUFBQUFBQUFBQUFBQUFBQUFBQUFBQUFBQUFBQUFBQUFBQUFBQUFBQUFBQUFBQUFBQUFBQUFBQUFBQUFBQUFBQUFBQUFBQUFBQUFBQUFBQUFBQUFBQUFBQUFBQUFBQUFBQUFBQUFBQUFBQUFBQUFBQUFBQUFBQUFBQUFBQUFBQUFBQUFBQUFBQUFBQUFBQUFBQUFBQUFBQUFBQUFBQUFBQUFBQUFBQUFBQUFBQUFBQUFBQUFBQUFBQUFBQUFBQUFBQUFBQUFBQUFBQUFBQUFBQUFBQUFBQUFBQUFBQUFBQUFBQUFBQUFBQUFBQUFBQUFBQUFBQUFBQUFBQUFBQUFBQUFBQUFBQUFBQUFBQUFBQUFBQUFBQUFBQUFBQUFBQUFBQUFBQUFBQUFBQUFBQUFBQUFBQUFBQUFBQUFBQUFBQUFBQUFBQUFBQUFBQUFBQUFBQUFBQUFBQUFBQUFBQUFBQUFBQUFBQUFBQUFBQUFBQUFBQUFBQUFBQUFBQUFBQUFBQUFBQUFBQUFBQUFBQUFBQUFBQUFBQUFBQUFBQUFBQUFBQUFBQUFBQUFBQUFBQUFBQUFBQUFBQUFBQUFBQUFBQUFBQUFBQUFBQUFBQUFBQUFBQUFBQUFBQUFBQUFBQUFBQUFBQUFBQUFBQUFBQUFBQUFBQUFBQUFBQUFBQUFBQUFBQUFBQUFBQUFBQUFBQUFBQUFBQUFBQUFBQUFBQUFBQUFBQUFBQUFBQUFBQUFBQUFBQUFBQUFBQUFBQUFBQUFBQUFBQUFBQUFBQUFBQUFBQUFBQUFBQUFBQUFBQUFBQUFBQUFBQUFBQUFBQUFBQUFBQUFBQUFBQUFBQUFBQUFBQUFBQUFBQUFBQUFBQUFBQUFBQUFBQUFBQUFBQUFBQUFBQUFBQUFBQUFBQUFBQUFBQUFBQUFBQUFBQUFBQUFBQUFBQUFBQUFBQUFBQUFBQUFBQUFBQUFBQUFBQUFBQUFBQUFBQUFBQUFBQUFBQUFBQUFBQUFBQUFBQUFBQUFBQUFBQUFBQUFBQUFBQUFBQUFBQUFBQUFBQUFBQUFBQUFBQUFBQUFBQUFBQUFBQUFBQUFBQUFBQUFBQUFBQUFBQUFBQUFBQUFBQUFBQUFBQUFBQUFBQUFBQUFBQUFBQUFBQUFBQUFBQUFBQUFBQUFBQUFBQUFBQUFBQUFBQUFBQUFBQUFBQUFBQUFBQUFBQUFBQUFBQUFBQUFBQUFBQUFBQUFBQUFBQUFBQUFBQUFBQUFBQUFBQUFBQUFBQUFBQUFBQUFBQUFBQUFBQUFBQUFBQUFBQUFBQUFBQUFBQUFBQUFBQUFBQUFBQUFBQUFBQUFBQUFBQUFBQUFBQUFBQUFBQUFBQUFBQUFBQUFBQUFBQUFBQUFBQUFBQUFBQUFBQUFBQUFBQUFBQUFBQUFBQUFBQUFBQUFBQUFBQUFBQUFBQUFBQUFBQUFBQUFBQUFBQUFBQUFBQUFBQUFBQUFBQUFBQUFBQUFBQUFBQUFBQUFBQUFBQUFBQUFBQUFBQUFBQUFBQUFBQUFBQUFBQUFBQUFBQUFBQUFBQUFBQUFBQUFBQUFBQUFBQUFBQUFBQUFBQUFBQUFBQUFBQUFBQUFBQUFBQUFBQUFBQUFBQUFBQUFBQUFBQUFBQUFBQUFBQUFBQUFBQUFBQUFBQUFBQUFBQUFBQUFBQUFBQUFBQUFBQUFBQUFBQUFBQUFBQUFBQUFBQUFBQUFBQUFBQUFBQUFBQUFBQUFBQUFBQUFBQUFBQUFBQUFBQUFBQUFBQUFBQUFBQUFBQUFBQUFBQUFBQUFBQUFBQUFBQUFBQUFBQUFBQUFBQUFBQUFBQUFBQUFBQUFBQUFBQUFBQUFBQUFBQUFBQUFBQUFBQUFBQUFBQUFBQUFBQUFBQUFBQUFBQUFBQUFBQUFBQUFBQUFBQUFBQUFBQUFBQUFBQUFBQUFBQUFBQUFBQUFBQUFBQUFBQUFBQUFBQUFBQUFBQUFBQUFBQUFBQUFBQUFBQUFBQUFBQUFBQUFBQUFBQUFBQUFBQUFBQUFBQUFBQUFBQUFBQUFBQUFBQUFBQUFBQUFBQUFBQUFBQUFBQUFBQUFBQUFBQUFBQUFBQUFBQUFBQUFBQUFBQUFBQUFBQUFBQUFBQUFBQUFBQUFBQUFBQUFBQUFBQUFBQUFBQUFBQUFBQUFBQUFBQUFBQUFBQUFBQUFBQUFBQUFBQUFBQUFBQUFBQUFBQUFBQUFBQUFBQUFBQUFBQUFBQUFBQUFBQUFBQUFBQUFBQUFBQUFBQUFBQUFBQUFBQUFBQUFBQUFBQUFBQUFBQUFBQUFBQUFBQUFBQUFBQUFBQUFBQUFBQUFBQUFBQUFBQUFBQUFBQUFBQUFBQUFBQUFBQUFBQUFBQUFBQUFBQUFBQUFBQUFBQUFBQUFBQUFBQUFBQUFBQUFBQUFBQUFBQUFBQUFBQUFBQUFBQUFBQUFBQUFBQUFBQUFBQUFBQUFBQUFBQUFBQUFBQUFBQUFBQUFBQUFBQUFBQUFBQUFBQUFBQUFBQUFBQUFBQUFBQUFBQUFBQUFBQUFBQUFBQUFBQUFBQUFBQUFBQUFBQUFBQUFBQUFBQUFBQUFBQUFBQUFBQUFBQUFBQUFBQUFBQUFBQUFBQUFBQUFBQUFBQUFBQUFBQUFBQUFBQUFBQUFBQUFBQUFBQUFBQUFBQUFBQUFBQUFBQUFBQUFBQUFBQUFBQUFBQUFBQUFBQUFBQUFBQUFBQUFBQUFBQUFBQUFBQUFBQUFBQUFBQUFBQUFBQUFBQUFBQUFBQUFBQUFBQUFBQUFBQUFBQUFBQUFBQUFBQUFBQUFBQUFBQUFBQUFBQUFBQUFBQUFBQUFBQUFBQUFBQUFBQUFBQUFBQUFBQUFBQUFBQUFBQUFBQUFBQUFBQUFBQUFBQUFBQUFBQUFBQUFBQUFBQUFBQUFBQUFBQUFBQUFBQUFBQUFBQUFBQUFBQUFBQUFBQUFBQUFBQUFBQUFBQUFBQUFBQUFBQUFBQUFBQUFBQUFBQUFBQUFBQUFBQUFBQUFBQUFBQUFBQUFBQUFBQUFBQUFBQUFBQUFBQUFBQUFBQUFBQUFBQUFBQUFBQUFBQUFBQUFBQUFBQUFBQUFBQUFBQUFBQUFBQUFBQUFBQUFBQUFBQUFBQUFBQUFBQUFBQUFBQUFBQUFBQUFBQUFBQUFBQUFBQUFBQUFBQUFBQUFBQUFBQUFBQUFBQUFBQUFBQUFBQUFBQUFBQUFBQUFBQUFBQUFBQUFBQUFBQUFBQUFBQUFBQUFBQUFBQUFBQUFBQUFBQUFBQUFBQUFBQUFBQUFBQUFBQUFBQUFBQUFBQUFBQUFBQUFBQUFBQUFBQUFBQUFBQUFBQUFBQUFBQUFBQUFBQUFBQUFBQUFBQUFBQUFBQUFBQUFBQUFBQUFBQUFBQUFBQUFBQUFBQUFBQUFBQUFBQUFBQUFBQUFBQUFBQUFBQUFBQUFBQUFBQUFBQUFBQUFBQUFBQUFBQUFBQUFBQUFBQUFBQUFBQUFBQUFBQUFBQUFBQUFBQUFBQUFBQUFBQUFBQUFBQUFBQUFBQUFBQUFBQUFBQUFBQUFBQUFBQUFBQUFBQUFBQUFBQUFBQUFBQUFBQUFBQUFBQUFBQUFBQUFBQUFBQUFBQUFBQUFBQUFBQUFBQUFBQUFBQUFBQUFBQUFBQUFBQUFBQUFBQUFBQUFBQUFBQUFBQUFBQUFBQUFBQUFBQUFBQUFBQUFBQUFBQUFBQUFBQUFBQUFBQUFBQUFBQUFBQUFBQUFBQUFBQUFBQUFBQUFBQUFBQUFBQUFBQUFBQUFBQUFBQUFBQUFBQUFBQUFBQUFBQUFBQUFBQUFBQUFBQUFBQUFBQUFBQUFBQUFBQUFBQUFBQUFBQUFBQUFBQUFBQUFBQUFBQUFBQUFBQUFBQUFBQUFBQUFBQUFBQUFBQUFBQUFBQUFBQUFBQUFBQUFBQUFBQUFBQUFBQUFBQUFBQUFBQUFBQUFBQUFBQUFBQUFBQUFBQUFBQUFBQUFBQUFBQUFBQUFBQUFBQUFBQUFBQUFBQUFBQUFBQUFBQUFBQUFBQUFBQUFBQUFBQUFBQUFBQUFBQUFBQUFBQUFBQUFBQUFBQUFBQUFBQUFBQUFBQUFBQUFBQUFBQUFBQUFBQUFBQUFBQUFBQUFBQUFBQUFBQUFBQUFBQUFBQUFBQUFBQUFBQUFBQUFBQUFBQUFBQUFBQUFBQUFBQUFBQUFBQUFBQUFBQUFBQUFBQUFBQUFBQUFBQUFBQUFBQUFBQUFBQUFBQUFBQUFBQUFBQUFBQUFBQUFBQUFBQUFBQUFBQUFBQUFBQUFBQUFBQUFBQUFBQUFBQUFBQUFBQUFBQUFBQUFBQUFBQUFBQUFBQUFBQUFBQUFBQUFBQUFBQUFBQUFBQUFBQUFBQUFBQUFBQUFBQUFBQUFBQUFBQUFBQUFBQUFBQUFBQUFBQUFBQUFBQUFBQUFBQUFBQUFBQUFBQUFBQUFBQUFBQUFBQUFBQUFBQUFBQUFBQUFBQUFBQUFBQUFBQUFBQUFBQUFBQUFBQUFBQUFBQUFBQUFBQUFBQUFBQUFBQUFBQUFBQUFBQUFBQUFBQUFBQUFBQUFBQUFBQUFBQUFBQUFBQUFBQUFBQUFBQUFBQUFBQUFBQUFBQUFBQUFBQUFBQUFBQUFBQUFBQUFBQUFBQUFBQUFBQUFBQUFBQUFBQUFBQUFBQUFBQUFBQUFBQUFBQUFBQUFBQUFBQUFBQUFBQUFBQUFBQUFBQUFBQUFBQUFBQUFBQUFBQUFBQUFBQUFBQUFBQUFBQUFBQUFBQUFBQUFBQUFBQUFBQUFBQUFBQUFBQUFBQUFBQUFBQUFBQUFBQUFBQUFBQUFBQUFBQUFBQUFBQUFBQUFBQUFBQUFBQUFBQUFBQUFBQUFBQUFBQUFBQUFBQUFBQUFBQUFBQUFBQUFBQUFBQUFBQUFBQUFBQUFBQUFBQUFBQUFBQUFBQUFBQUFBQUFBQUFBQUFBQUFBQUFBQUFBQUFBQUFBQUFBQUFBQUFBQUFBQUFBQUFBQUFBQUFBQUFBQUFBQUFBQUFBQUFBQUFBQUFBQUFBQUFBQUFBQUFBQUFBQUFBQUFBQUFBQUFBQUFBQUFBQUFBQUFBQUFBQUFBQUFBQUFBQUFBQUFBQUFBQUFBQUFBQUFBQUFBQUFBQUFBQUFBQUFBQUFBQUFBQUFBQUFBQUFBQUFBQUFBQUFBQUFBQUFBQUFBQUFBQUFBQUFBQUFBQUFBQUFBQUFBQUFBQUFBQUFBQUFBQUFBQUFBQUFBQUFBQUFBQUFBQUFBQUFBQUFBQUFBQUFBQUFBQUFBQUFBQUFBQUFBQUFBQUFBQUFBQUFBQUFBQUFBQUFBQUFBQUFBQUFBQUFBQUFBQUFBQUFBQUFBQUFBQUFBQUFBQUFBQUFBQUFBQUFBQUFBQUFBQUFBQUFBQUFBQUFBQUFBQUFBQUFBQUFBQUFBQUFBQUFBQUFBQUFBQUFBQUFBQUFBQUFBQUFBQUFBQUFBQUFBQUFBQUFBQUFBQUFBQUFBQUFBQUFBQUFBQUFBQUFBQUFBQUFBQUFBQUFBQUFBQUFBQUFBQUFBQUFBQUFBQUFBQUFBQUFBQUFBQUFBQUFBQUFBQUFBQUFBQUFBQUFBQUFBQUFBQUFBQUFBQUFBQUFBQUFBQUFBQUFBQUFBQUFBQUFBQUFBQUFBQUFBQUFBQUFBQUFBQUFBQUFBQUFBQUFBQUFBQUFBQUFBQUFBQUFBQUFBQUFBQUFBQUFBQUFBQUFBQUFBQUFBQUFBQUFBQUFBQUFBQUFBQUFBQUFBQUFBQUFBQUFBQUFBQUFBQUFBQUFBQUFBQUFBQUFBQUFBQUFBQUFBQUFBQUFBQUFBQUFBQUFBQUFBQUFBQUFBQUFBQUFBQUFBQUFBQUFBQUFBQUFBQUFBQUFBQUFBQUFBQUFBQUFBQUFBQUFBQUFBQUFBQUFBQUFBQUFBQUFBQUFBQUFBQUFBQUFBQUFBQUFBQUFBQUFBQUFBQUFBQUFBQUFBQUFBQUFBQUFBQUFBQUFBQUFBQUFBQUFBQUFBQUFBQUFBQUFBQUFBQUFBQUFBQUFBQUFBQUFBQUFBQUFBQUFBQUFBQUFBQUFBQUFBQUFBQUFBQUFBQUFBQUFBQUFBQUFBQUFBQUFBQUFBQUFBQUFBQUFBQUFBQUFBQUFBQUFBQUFBQUFBQUFBQUFBQUFBQUFBQUFBQUFBQUFBQUFBQUFBQUFBQUFBQUFBQUFBQUFBQUFBQUFBQUFBQUFBQUFBQUFBQUFBQUFBQUFBQUFBQUFBQUFBQUFBQUFBQUFBQUFBQUFBQUFBQUFBQUFBQUFBQUFBQUFBQUFBQUFBQUFBQUFBQUFBQUFBQUFBQUFBQUFBQUFBQUFBQUFBQUFBQUFBQUFBQUFBQUFBQUFBQUFBQUFBQUFBQUFBQUFBQUFBQUFBQUFBQUFBQUFBQUFBQUFBQUFBQUFBQUFBQUFBQUFBQUFBQUFBQUFBQUFBQUFBQUFBQUFBQUFBQUFBQUFBQUFBQUFBQUFBQUFBQUFBQUFBQUFBQUFBQUFBQUFBQUFBQUFBQUFBQUFBQUFBQUFBQUFBQUFBQUFBQUFBQUFBQUFBQUFBQUFBQUFBQUFBQUFBQUFBQUFBQUFBQUFBQUFBQUFBQUFBQUFBQUFBQUFBQUFBQUFBQUFBQUFBQUFBQUFBQUFBQUFBQUFBQUFBQUFBQUFBQUFBQUFBQUFBQUFBQUFBQUFBQUFBQUFBQUFBQUFBQUFBQUFBQUFBQUFBQUFBQUFBQUFBQUFBQUFBQUFBQUFBQUFBQUFBQUFBQUFBQUFBQUFBQUFBQUFBQUFBQUFBQUFBQUFBQUFBQUFBQUFBQUFBQUFBQUFBQUFBQUFBQUFBQUFBQUFBQUFBQUFBQUFBQUFBQUFBQUFBQUFBQUFBQUFBQUFBQUFBQUFBQUFBQUFBQUFBQUFBQUFBQUFBQUFBQUFBQUFBQUFBQUFBQUFBQUFBQUFBQUFBQUFBQUFBQUFBQUFBQUFBQUFBQUFBQUFBQUFBQUFBQUFBQUFBQUFBQUFBQUFBQUFBQUFBQUFBQUFBQUFBQUFBQUFBQUFBQUFBQUFBQUFBQUFBQUFBQUFBQUFBQUFBQUFBQUFBQUFBQUFBQUFBQUFBQUFBQUFBQUFBQUFBQUFBQUFBQUFBQUFBQUFBQUFBQUFBQUFBQUFBQUFBQUFBQUFBQUFBQUFBQUFBQUFBQUFBQUFBQUFBQUFBQUFBQUFBQUFBQUFBQUFBQUFBQUFBQUFBQUFBQUFBQUFBQUFBQUFBQUFBQUFBQUFBQUFBQUFBQUFBQUFBQUFBQUFBQUFBQUFBQUFBQUFBQUFBQUFBQUFBQUFBQUFBQUFBQUFBQUFBQUFBQUFBQUFBQUFBQUFBQUFBQUFBQUFBQUFBQUFBQUFBQUFBQUFBQUFBQUFBQUFBQUFBQUFBQUFBQUFBQUFBQUFBQUFBQUFBQUFBQUFBQUFBQUFBQUFBQUFBQUFBQUFBQUFBQUFBQUFBQUFBQUFBQUFBQUFBQUFBQUFBQUFBQUFBQUFBQUFBQUFBQUFBQUFBQUFBQUFBQUFBQUFBQUFBQUFBQUFBQUFBQUFBQUFBQUFBQUFBQUFBQUFBQUFBQUFBQUFBQUFBQUFBQUFBQUFBQUFBQUFBQUFBQUFBQUFBQUFBQUFBQUFBQUFBQUFBQUFBQUFBQUFBQUFBQUFBQUFBQUFBQUFBQUFBQUFBQUFBQUFBQUFBQUFBQUFBQUFBQUFBQUFBQUFBQUFBQUFBQUFBQUFBQUFBQUFBQUFBQUFBQUFBQUFBQUFBQUFBQUFBQUFBQUFBQUFBQUFBQUFBQUFBQUFBQUFBQUFBQUFBQUFBQUFBQUFBQUFBQUFBQUFBQUFBQUFBQUFBQUFBQUFBQUFBQUFBQUFBQUFBQUFBQUFBQUFBQUFBQUFBQUFBQUFBQUFBQUFBQUFBQUFBQUFBQUFBQUFBQUFBQUFBQUFBQUFBQUFBQUFBQUFBQUFBQUFBQUFBQUFBQUFBQUFBQUFBQUFBQUFBQUFBQUFBQUFBQUFBQUFBQUFBQUFBQUFBQUFBQUFBQUFBQUFBQUFBQUFBQUFBQUFBQUFBQUFBQUFBQUFBQUFBQUFBQUFBQUFBQUFBQUFBQUFBQUFBQUFBQUFBQUFBQUFBQUFBQUFBQUFBQUFBQUFBQUFBQUFBQUFBQUFBQUFBQUFBQUFBQUFBQUFBQUFBQUFBQUFBQUFBQUFBQUFBQUFBQUFBQUFBQUFBQUFBQUFBQUFBQUFBQUFBQUFBQUFBQUFBQUFBQUFBQUFBQUFBQUFBQUFBQUFBQUFBQUFBQUFBQUFBQUFBQUFBQUFBQUFBQUFBQUFBQUFBQUFBQUFBQUFBQUFBQUFBQUFBQUFBQUFBQUFBQUFBQUFBQUFBQUFBQUFBQUFBQUFBQUFBQUFBQUFBQUFBQUFBQUFBQUFBQUFBQUFBQUFBQUFBQUFBQUFBQUFBQUFBQUFBQUFBQUFBQUFBQUFBQUFBQUFBQUFBQUFBQUFBQUFBQUFBQUFBQUFBQUFBQUFBQUFBQUFBQUFBQUFBQUFBQUFBQUFBQUFBQUFBQUFBQUFBQUFBQUFBQUFBQUFBQUFBQUFBQUFBQUFBQUFBQUFBQUFBQUFBQUFBQUFBQUFBQUFBQUFBQUFBQUFBQUFBQUFBQUFBQUFBQUFBQUFBQUFBQUFBQUFBQUFBQUFBQUFBQUFBQUFBQUFBQUFBQUFBQUFBQUFBQUFBQUFBQUFBQUFBQUFBQUFBQUFBQUFBQUFBQUFBQUFBQUFBQUFBQUFBQUFBQUFBQUFBQUFBQUFBQUFBQUFBQUFBQUFBQUFBQUFBQUFBQUFBQUFBQUFBQUFBQUFBQUFBQUFBQUFBQUFBQUFBQUFBQUFBQUFBQUFBQUFBQUFBQUFBQUFBQUFBQUFBQUFBQUFBQUFBQUFBQUFBQUFBQUFBQUFBQUFBQUFBQUFBQUFBQUFBQUFBQUFBQUFBQUFBQUFBQUFBQUFBQUFBQUFBQUFBQUFBQUFBQUFBQUFBQUFBQUFBQUFBQUFBQUFBQUFBQUFBQUFBQUFBQUFBQUFBQUFBQUFBQUFBQUFBQUFBQUFBQUFBQUFBQUFBQUFBQUFBQUFBQUFBQUFBQUFBQUFBQUFBQUFBQUFBQUFBQUFBQUFBQUFBQUFBQUFBQUFBQUFBQUFBQUFBQUFBQUFBQUFBQUFBQUFBQUFBQUFBQUFBQUFBQUFBQUFBQUFBQUFBQUFBQUFBQUFBQUFBQUFBQUFBQUFBQUFBQUFBQUFBQUFBQUFBQUFBQUFBQUFBQUFBQUFBQUFBQUFBQUFBQUFBQUFBQUFBQUFBQUFBQUFBQUFBQUFBQUFBQUFBQUFBQUFBQUFBQUFBQUFBQUFBQUFBQUFBQUFBQUFBQUFBQUFBQUFBQUFBQUFBQUFBQUFBQUFBQUFBQUFBQUFBQUFBQUFBQUFBQUFBQUFBQUFBQUFBQUFBQUFBQUFBQUFBQUFBQUFBQUFBQUFBQUFBQUFBQUFBQUFBQUFBQUFBQUFBQUFBQUFBQUFBQUFBQUFBQUFBQUFBQUFBQUFBQUFBQUFBQUFBQUFBQUFBQUFBQUFBQUFBQUFBQUFBQUFBQUFBQUFBQUFBQUFBQUFBQUFBQUFBQUFBQUFBQUFBQUFBQUFBQUFBQUFBQUFBQUFBQUFBQUFBQUFBQUFBQUFBQUFBQUFBQUFBQUFBQUFBQUFBQUFBQUFBQUFBQUFBQUFBQUFBQUFBQUFBQUFBQUFBQUFBQUFBQUFBQUFBQUFBQUFBQUFBQUFBQUFBQUFBQUFBQUFBQUFBQUFBQUFBQUFBQUFBQUFBQUFBQUFBQUFBQUFBQUFBQUFBQUFBQUFBQUFBQUFBQUFBQUFBQUFBQUFBQUFBQUFBQUFBQUFBQUFBQUFBQUFBQUFBQUFBQUFBQUFBQUFBQUFBQUFBQUFBQUFBQUFBQUFBQUFBQUFBQUFBQUFBQUFBQUFBQUFBQUFBQUFBQUFBQUFBQUFBQUFBQUFBQUFBQUFBQUFBQUFBQUFBQUFBQUFBQUFBQUFBQUFBQUFBQUFBQUFBQUFBQUFBQUFBQUFBQUFBQUFBQUFBQUFBQUFBQUFBQUFBQUFBQUFBQUFBQUFBQUFBQUFBQUFBQUFBQUFBQUFBQUFBQUFBQUFBQUFBQUFBQUFBQUFBQUFBQUFBQUFBQUFBQUFBQUFBQUFBQUFBQUFBQUFBQUFBQUFBQUFBQUFBQUFBQUFBQUFBQUFBQUFBQUFBQUFBQUFBQUFBQUFBQUFBQUFBQUFBQUFBQUFBQUFBQUFBQUFBQUFBQUFBQUFBQUFBQUFBQUFBQUFBQUFBQUFBQUFBQUFBQUFBQUFBQUFBQUFBQUFBQUFBQUFBQUFBQUFBQUFBQUFBQUFBQUFBQUFBQUFBQUFBQUFBQUFBQUFBQUFBQUFBQUFBQUFBQUFBQUFBQUFBQUFBQUFBQUFBQUFBQUFBQUFBQUFBQUFBQUFBQUFBQUFBQUFBQUFBQUFBQUFBQUFBQUFBQUFBQUFBQUFBQUFBQUFBQUFBQUFBQUFBQUFBQUFBQUFBQUFBQUFBQUFBQUFBQUFBQUFBQUFBQUFBQUFBQUFBQUFBQUFBQUFBQUFBQUFBQUFBQUFBQUFBQUFBQUFBQUFBQUFBQUFBQUFBQUFBQUFBQUFBQUFBQUFBQUFBQUFBQUFBQUFBQUFBQUFBQUFBQUFBQUFBQUFBQUFBQUFBQUFBQUFBQUFBQUFBQUFBQUFBQUFBQUFBQUFBQUFBQUFBQUFBQUFBQUFBQUFBQUFBQUFBQUFBQUFBQUFBQUFBQUFBQUFBQUFBQUFBQUFBQUFBQUFBQUFBQUFBQUFBQUFBQUFBQUFBQUFBQUFBQUFBQUFBQUFBQUFBQUFBQUFBQUFBQUFBQUFBQUFBQUFBQUFBQUFBQUFBQUFBQUFBQUFBQUFBQUFBQUFBQUFBQUFBQUFBQUFBQUFBQUFBQUFBQUFBQUFBQUFBQUFBQUFBQUFBQUFBQUFBQUFBQUFBQUFBQUFBQUFBQUFBQUFBQUFBQUFBQUFBQUFBQUFBQUFBQUFBQUFBQUFBQUFBQUFBQUFBQUFBQUFBQUFBQUFBQUFBQUFBQUFBQUFBQUFBQUFBQUFBQUFBQUFBQUFBQUFBQUFBQUFBQUFBQUFBQUFBQUFBQUFBQUFBQUFBQUFBQUFBQUFBQUFBQUFBQUFBQUFBQUFBQUFBQUFBQUFBQUFBQUFBQUFBQUFBQUFBQUFBQUFBQUFBQUFBQUFBQUFBQUFBQUFBQUFBQUFBQUFBQUFBQUFBQUFBQUFBQUFBQUFBQUFBQUFBQUFBQUFBQUFBQUFBQUFBQUFBQUFBQUFBQUFBQUFBQUFBQUFBQUFBQUFBQUFBQUFBQUFBQUFBQUFBQUFBQUFBQUFBQUFBQUFBQUFBQUFBQUFBQUFBQUFBQUFBQUFBQUFBQUFBQUFBQUFBQUFBQUFBQUFBQUFBQUFBQUFBQUFBQUFBQUFBQUFBQUFBQUFBQUFBQUFBQUFBQUFBQUFBQUFBQUFBQUFBQUFBQUFBQUFBQUFBQUFBQUFBQUFBQUFBQUFBQUFBQUFBQUFBQUFBQUFBQUFBQUFBQUFBQUFBQUFBQUFBQUFBQUFBQUFBQUFBQUFBQUFBQUFBQUFBQUFBQUFBQUFBQUFBQUFBQUFBQUFBQUFBQUFBQUFBQUFBQUFBQUFBQUFBQUFBQUFBQUFBQUFBQUFBQUFBQUFBQUFBQUFBQUFBQUFBQUFBQUFBQUFBQUFBQUFBQUFBQUFBQUFBQUFBQUFBQUFBQUFBQUFBQUFBQUFBQUFBQUFBQUFBQUFBQUFBQUFBQUFBQUFBQUFBQUFBQUFBQUFBQUFBQUFBQUFBQUFBQUFBQUFBQUFBQUFBQUFBQUFBQUFBQUFBQUFBQUFBQUFBQUFBQUFBQUFBQUFBQUFBQUFBQUFBQUFBQUFBQUFBQUFBQUFBQUFBQUFBQUFBQUFBQUFBQUFBQUFBQUFBQUFBQUFBQUFBQUFBQUFBQUFBQUFBQUFBQUFBQUFBQUFBQUFBQUFBQUFBQUFBQUFBQUFBQUFBQUFBQUFBQUFBQUFBQUFBQUFBQUFBQUFBQUFBQUFBQUFBQUFBQUFBQUFBQUFBQUFBQUFBQUFBQUFBQUFBQUFBQUFBQUFBQUFBQUFBQUFBQUFBQUFBQUFBQUFBQUFBQUFBQUFBQUFBQUFBQUFBQUFBQUFBQUFBQUFBQUFBQUFBQUFBQUFBQUFBQUFBQUFBQUFBQUFBQUFBQUFBQUFBQUFBQUFBQUFBQUFBQUFBQUFBQUFBQUFBQUFBQUFBQUFBQUFBQUFBQUFBQUFBQUFBQUFBQUFBQUFBQUFBQUFBQUFBQUFBQUFBQUFBQUFBQUFBQUFBQUFBQUFBQUFBQUFBQUFBQUFBQUFBQUFBQUFBQUFBQUFBQUFBQUFBQUFBQUFBQUFBQUFBQUFBQUFBQUFBQUFBQUFBQUFBQUFBQUFBQUFBQUFBQUFBQUFBQUFBQUFBQUFBQUFBQUFBQUFBQUFBQUFBQUFBQUFBQUFBQUFBQUFBQUFBQUFBQUFBQUFBQUFBQUFBQUFBQUFBQUFBQUFBQUFBQUFBQUFBQUFBQUFBQUFBQUFBQUFBQUFBQUFBQUFBQUFBQUFBQUFBQUFBQUFBQUFBQUFBQUFBQUFBQUFBQUFBQUFBQUFBQUFBQUFBQUFBQUFBQUFBQUFBQUFBQUFBQUFBQUFBQUFBQUFBQUFBQUFBQUFBQUFBQUFBQUFBQUFBQUFBQUFBQUFBQUFBQUFBQUFBQUFBQUFBQUFBQUFBQUFBQUFBQUFBQUFBQUFBQUFBQUFBQUFBQUFBQUFBQUFBQUFBQUFBQUFBQUFBQUFBQUFBQUFBQUFBQUFBQUFBQUFBQUFBQUFBQUFBQUFBQUFBQUFBQUFBQUFBQUFBQUFBQUFBQUFBQUFBQUFBQUFBQUFBQUFBQUFBQUFBQUFBQUFBQUFBQUFBQUFBQUFBQUFBQUFBQUFBQUFBQUFBQUFBQUFBQUFBQUFBQUFBQUFBQUFBQUFBQUFBQUFBQUFBQUFBQUFBQUFBQUFBQUFBQUFBQUFBQUFBQUFBQUFBQUFBQUFBQUFBQUFBQUFBQUFBQUFBQUFBQUFBQUFBQUFBQUFBQUFBQUFBQUFBQUFBQUFBQUFBQUFBQUFBQUFBQUFBQUFBQUFBQUFBQUFBQUFBQUFBQUFBQUFBQUFBQUFBQUFBQUFBQUFBQUFBQUFBQUFBQUFBQUFBQUFBQUFBQUFBQUFBQUFBQUFBQUFBQUFBQUFBQUFBQUFBQUFBQUFBQUFBQUFBQUFBQUFBQUFBQUFBQUFBQUFBQUFBQUFBQUFBQUFBQUFBQUFBQUFBQUFBQUFBQUFBQUFBQUFBQUFBQUFBQUFBQUFBQUFBQUFBQUFBQUFBQUFBQUFBQUFBQUFBQUFBQUFBQUFBQUFBQUFBQUFBQUFBQUFBQUFBQUFBQUFBQUFBQUFBQUFBQUFBQUFBQUFBQUFBQUFBQUFBQUFBQUFBQUFBQUFBQUFBQUFBQUFBQUFBQUFBQUFBQUFBQUFBQUFBQUFBQUFBQUFBQUFBQUFBQUFBQUFBQUFBQUFBQUFBQUFBQUFBQUFBQUFBQUFBQUFBQUFBQUFBQUFBQUFBQUFBQUFBQUFBQUFBQUFBQUFBQUFBQUFBQUFBQUFBQUFBQUFBQUFBQUFBQUFBQUFBQUFBQUFBQUFBQUFBQUFBQUFBQUFBQUFBQUFBQUFBQUFBQUFBQUFBQUFBQUFBQUFBQUFBQUFBQUFBQUFBQUFBQUFBQUFBQUFBQUFBQUFBQUFBQUFBQUFBQUFBQUFBQUFBQUFBQUFBQUFBQUFBQUFBQUFBQUFBQUFBQUFBQUFBQUFBQUFBQUFBQUFBQUFBQUFBQUFBQUFBQUFBQUFBQUFBQUFBQUFBQUFBQUFBQUFBQUFBQUFBQUFBQUFBQUFBQUFBQUFBQUFBQUFBQUFBQUFBQUFBQUFBQUFBQUFBQUFBQUFBQUFBQUFBQUFBQUFBQUFBQUFBQUFBQUFBQUFBQUFBQUFBQUFBQUFBQUFBQUFBQUFBQUFBQUFBQUFBQUFBQUFBQUFBQUFBQUFBQUFBQUFBQUFBQUFBQUFBQUFBQUFBQUFBQUFBQUFBQUFBQUFBQUFBQUFBQUFBQUFBQUFBQUFBQUFBQUFBQUFBQUFBQUFBQUFBQUFBQUFBQUFBQUFBQUFBQUFBQUFBQUFBQUFBQUFBQUFBQUFBQUFBQUFBQUFBQUFBQUFBQUFBQUFBQUFBQUFBQUFBQUFBQUFBQUFBQUFBQUFBQUFBQUFBQUFBQUFBQUFBQUFBQUFBQUFBQUFBQUFBQUFBQUFBQUFBQUFBQUFBQUFBQUFBQUFBQUFBQUFBQUFBQUFBQUFBQUFBQUFBQUFBQUFBQUFBQUFBQUFBQUFBQUFBQUFBQUFBQUFBQUFBQUFBQUFBQUFBQUFBQUFBQUFBQUFBQUFBQUFBQUFBQUFBQUFBQUFBQUFBQUFBQUFBQUFBQUFBQUFBQUFBQUFBQUFBQUFBQUFBQUFBQUFBQUFBQUFBQUFBQUFBQUFBQUFBQUFBQUFBQUFBQUFBQUFBQUFBQUFBQUFBQUFBQUFBQUFBQUFBQUFBQUFBQUFBQUFBQUFBQUFBQUFBQUFBQUFBQUFBQUFBQUFBQUFBQUFBQUFBQUFBQUFBQUFBQUFBQUFBQUFBQUFBQUFBQUFBQUFBQUFBQUFBQUFBQUFBQUFBQUFBQUFBQUFBQUFBQUFBQUFBQUFBQUFBQUFBQUFBQUFBQUFBQUFBQUFBQUFBQUFBQUFBQUFBQUFBQUFBQUFBQUFBQUFBQUFBQUFBQUFBQUFBQUFBQUFBQUFBQUFBQUFBQUFBQUFBQUFBQUFBQUFBQUFBQUFBQUFBQUFBQUFBQUFBQUFBQUFBQUFBQUFBQUFBQUFBQUFBQUFBQUFBQUFBQUFBQUFBQUFBQUFBQUFBQUFBQUFBQUFBQUFBQUFBQUFBQUFBQUFBQUFBQUFBQUFBQUFBQUFBQUFBQUFBQUFBQUFBQUFBQUFBQUFBQUFBQUFBQUFBQUFBQUFBQUFBQUFBQUFBQUFBQUFBQUFBQUFBQUFBQUFBQUFBQUFBQUFBQUFBQUFBQUFBQUFBQUFBQUFBQUFBQUFBQUFBQUFBQUFBQUFBQUFBQUFBQUFBQUFBQUFBQUFBQUFBQUFBQUFBQUFBQUFBQUFBQUFBQUFBQUFBQUFBQUFBQUFBQUFBQUFBQUFBQUFBQUFBQUFBQUFBQUFBQUFBQUFBQUFBQUFBQUFBQUFBQUFBQUFBQUFBQUFBQUFBQUFBQUFBQUFBQUFBQUFBQUFBQUFBQUFBQUFBQUFBQUFBQUFBQUFBQUFBQUFBQUFBQUFBQUFBQUFBQUFBQUFBQUFBQUFBQUFBQUFBQUFBQUFBQUFBQUFBQUFBQUFBQUFBQUFBQUFBQUFBQUFBQUFBQUFBQUFBQUFBQUFBQUFBQUFBQUFBQUFBQUFBQUFBQUFBQUFBQUFBQUFBQUFBQUFBQUFBQUFBQUFBQUFBQUFBQUFBQUFBQUFBQUFBQUFBQUFBQUFBQUFBQUFBQUFBQUFBQUFBQUFBQUFBQUFBQUFBQUFBQUFBQUFBQUFBQUFBQUFBQUFBQUFBQUFBQUFBQUFBQUFBQUFBQUFBQUFBQUFBQUFBQUFBQUFBQUFBQUFBQUFBQUFBQUFBQUFBQUFBQUFBQUFBQUFBQUFBQUFBQUFBQUFBQUFBQUFBQUFBQUFBQUFBQUFBQUFBQUFBQUFBQUFBQUFBQUFBQUFBQUFBQUFBQUFBQUFBQUFBQUFBQUFBQUFBQUFBQUFBQUFBQUFBQUFBQUFBQUFBQUFBQUFBQUFBQUFBQUFBQUFBQUFBQUFBQUFBQUFBQUFBQUFBQUFBQUFBQUFBQUFBQUFBQUFBQUFBQUFBQUFBQUFBQUFBQUFBQUFBQUFBQUFBQUFBQUFBQUFBQUFBQUFBQUFBQUFBQUFBQUFBQUFBQUFBQUFBQUFBQUFBQUFBQUFBQUFBQUFBQUFBQUFBQUFBQUFBQUFBQUFBQUFBQUFBQUFBQUFBQUFBQUFBQUFBQUFBQUFBQUFBQUFBQUFBQUFBQUFBQUFBQUFBQUFBQUFBQUFBQUFBQUFBQUFBQUFBQUFBQUFBQUFBQUFBQUFBQUFBQUFBQUFBQUFBQUFBQUFBQUFBQUFBQUFBQUFBQUFBQUFBQUFBQUFBQUFBQUFBQUFBQUFBQUFBQUFBQUFBQUFBQUFBQUFBQUFBQUFBQUFBQUFBQUFBQUFBQUFBQUFBQUFBQUFBQUFBQUFBQUFBQUFBQUFBQUFBQUFBQUFBQUFBQUFBQUFBQUFBQUFBQUFBQUFBQUFBQUFBQUFBQUFBQUFBQUFBQUFBQUFBQUFBQUFBQUFBQUFBQUFBQUFBQUFBQUFBQUFBQUFBQUFBQUFBQUFBQUFBQUFBQUFBQUFBQUFBQUFBQUFBQUFBQUFBQUFBQUFBQUFBQUFBQUFBQUFBQUFBQUFBQUFBQUFBQUFBQUFBQUFBQUFBQUFBQUFBQUFBQUFBQUFBQUFBQUFBQUFBQUFBQUFBQUFBQUFBQUFBQUFBQUFBQUFBQUFBQUFBQUFBQUFBQUFBQUFBQUFBQUFBQUFBQUFBQUFBQUFBQUFBQUFBQUFBQUFBQUFBQUFBQUFBQUFBQUFBQUFBQUFBQUFBQUFBQUFBQUFBQUFBQUFBQUFBQUFBQUFBQUFBQUFBQUFBQUFBQUFBQUFBQUFBQUFBQUFBQUFBQUFBQUFBQUFBQUFBQUFBQUFBQUFBQUFBQUFBQUFBQUFBQUFBQUFBQUFBQUFBQUFBQUFBQUFBQUFBQUFBQUFBQUFBQUFBQUFBQUFBQUFBQUFBQUFBQUFBQUFBQUFBQUFBQUFBQUFBQUFBQUFBQUFBQUFBQUFBQUFBQUFBQUFBQUFBQUFBQUFBQUFBQUFBQUFBQUFBQUFBQUFBQUFBQUFBQUFBQUFBQUFBQUFBQUFBQUFBQUFBQUFBQUFBQUFBQUFBQUFBQUFBQUFBQUFBQUFBQUFBQUFBQUFBQUFBQUFBQUFBQUFBQUFBQUFBQUFBQUFBQUFBQUFBQUFBQUFBQUFBQUFBQUFBQUFBQUFBQUFBQUFBQUFBQUFBQUFBQUFBQUFBQUFBQUFBQUFBQUFBQUFBQUFBQUFBQUFBQUFBQUFBQUFBQUFBQUFBQUFBQUFBQUFBQUFBQUFBQUFBQUFBQUFBQUFBQUFBQUFBQUFBQUFBQUFBQUFBQUFBQUFBQUFBQUFBQUFBQUFBQUFBQUFBQUFBQUFBQUFBQUFBQUFBQUFBQUFBQUFBQUFBQUFBQUFBQUFBQUFBQUFBQUFBQUFBQUFBQUFBQUFBQUFBQUFBQUFBQUFBQUFBQUFBQUFBQUFBQUFBQUFBQUFBQUFBQUFBQUFBQUFBQUFBQUFBQUFBQUFBQUFBQUFBQUFBQUFBQUFBQUFBQUFBQUFBQUFBQUFBQUFBQUFBQUFBQUFBQUFBQUFBQUFBQUFBQUFBQUFBQUFBQUFBQUFBQUFBQUFBQUFBQUFBQUFBQUFBQUFBQUFBQUFBQUFBQUFBQUFBQUFBQUFBQUFBQUFBQUFBQUFBQUFBQUFBQUFBQUFBQUFBQUFBQUFBQUFBQUFBQUFBQUFBQUFBQUFBQUFBQUFBQUFBQUFBQUFBQUFBQUFBQUFBQUFBQUFBQUFBQUFBQUFBQUFBQUFBQUFBQUFBQUFBQUFBQUFBQUFBQUFBQUFBQUFBQUFBQUFBQUFBQUFBQUFBQUFBQUFBQUFBQUFBQUFBQUFBQUFBQUFBQUFBQUFBQUFBQUFBQUFBQUFBQUFBQUFBQUFBQUFBQUFBQUFBQUFBQUFBQUFBQUFBQUFBQUFBQUFBQUFBQUFBQUFBQUFBQUFBQUFBQUFBQUFBQUFBQUFBQUFBQUFBQUFBQUFBQUFBQUFBQUFBQUFBQUFBQUFBQUFBQUFBQUFBQUFBQUFBQUFBQUFBQUFBQUFBQUFBQUFBQUFBQUFBQUFBQUFBQUFBQUFBQUFBQUFBQUFBQUFBQUFBQUFBQUFBQUFBQUFBQUFBQUFBQUFBQUFBQUFBQUFBQUFBQUFBQUFBQUFBQUFBQUFBQUFBQUFBQUFBQUFBQUFBQUFBQUFBQUFBQUFBQUFBQUFBQUFBQUFBQUFBQUFBQUFBQUFBQUFBQUFBQUFBQUFBQUFBQUFBQUFBQUFBQUFBQUFBQUFBQUFBQUFBQUFBQUFBQUFBQUFBQUFBQUFBQUFBQUFBQUFBQUFBQUFBQUFBQUFBQUFBQUFBQUFBQUFBQUFBQUFBQUFBQUFBQUFBQUFBQUFBQUFBQUFBQUFBQUFBQUFBQUFBQUFBQUFBQUFBQUFBQUFBQUFBQUFBQUFBQUFBQUFBQUFBQUFBQUFBQUFBQUFBQUFBQUFBQUFBQUFBQUFBQUFBQUFBQUFBQUFBQUFBQUFBQUFBQUFBQUFBQUFBQUFBQUFBQUFBQUFBQUFBQUFBQUFBQUFBQUFBQUFBQUFBQUFBQUFBQUFBQUFBQUFBQUFBQUFBQUFBQUFBQUFBQUFBQUFBQUFBQUFBQUFBQUFBQUFBQUFBQUFBQUFBQUFBQUFBQUFBQUFBQUFBQUFBQUFBQUFBQUFBQUFBQUFBQUFBQUFBQUFBQUFBQUFBQUFBQUFBQUFBQUFBQUFBQUFBQUFBQUFBQUFBQUFBQUFBQUFBQUFBQUFBQUFBQUFBQUFBQUFBQUFBQUFBQUFBQUFBQUFBQUFBQUFBQUFBQUFBQUFBQUFBQUFBQUFBQUFBQUFBQUFBQUFBQUFBQUFBQUFBQUFBQUFBQUFBQUFBQUFBQUFBQUFBQUFBQUFBQUFBQUFBQUFBQUFBQUFBQUFBQUFBQUFBQUFBQUFBQUFBQUFBQUFBQUFBQUFBQUFBQUFBQUFBQUFBQUFBQUFBQUFBQUFBQUFBQUFBQUFBQUFBQUFBQUFBQUFBQUFBQUFBQUFBQUFBQUFBQUFBQUFBQUFBQUFBQUFBQUFBQUFBQUFBQUFBQUFBQUFBQUFBQUFBQUFBQUFBQUFBQUFBQUFBQUFBQUFBQUFBQUFBQUFBQUFBQUFBQUFBQUFBQUFBQUFBQUFBQUFBQUFBQUFBQUFBQUFBQUFBQUFBQUFBQUFBQUFBQUFBQUFBQUFBQUFBQUFBQUFBQUFBQUFBQUFBQUFBQUFBQUFBQUFBQUFBQUFBQUFBQUFBQUFBQUFBQUFBQUFBQUFBQUFBQUFBQUFBQUFBQUFBQUFBQUFBQUFBQUFBQUFBQUFBQUFBQUFBQUFBQUFBQUFBQUFBQUFBQUFBQUFBQUFBQUFBQUFBQUFBQUFBQUFBQUFBQUFBQUFBQUFBQUFBQUFBQUFBQUFBQUFBQUFBQUFBQUFBQUFBQUFBQUFBQUFBQUFBQUFBQUFBQUFBQUFBQUFBQUFBQUFBQUFBQUFBQUFBQUFBQUFBQUFBQUFBQUFBQUFBQUFBQUFBQUFBQUFBQUFBQUFBQUFBQUFBQUFBQUFBQUFBQUFBQUFBQUFBQUFBQUFBQUFBQUFBQUFBQUFBQUFBQUFBQUFBQUFBQUFBQUFBQUFBQUFBQUFBQUFBQUFBQUFBQUFBQUFBQUFBQUFBQUFBQUFBQUFBQUFBQUFBQUFBQUFBQUFBQUFBQUFBQUFBQUFBQUFBQUFBQUFBQUFBQUFBQUFBQUFBQUFBQUFBQUFBQUFBQUFBQUFBQUFBQUFBQUFBQUFBQUFBQUFBQUFBQUFBQUFBQUFBQUFBQUFBQUFBQUFBQUFBQUFBQUFBQUFBQUFBQUFBQUFBQUFBQUFBQUFBQUFBQUFBQUFBQUFBQUFBQUFBQUFBQUFBQUFBQUFBQUFBQUFBQUFBQUFBQUFBQUFBQUFBQUFBQUFBQUFBQUFBQUFBQUFBQUFBQUFBQUFBQUFBQUFBQUFBQUFBQUFBQUFBQUFBQUFBQUFBQUFBQUFBQUFBQUFBQUFBQUFBQUFBQUFBQUFBQUFBQUFBQUFBQUFBQUFBQUFBQUFBQUFBQUFBQUFBQUFBQUFBQUFBQUFBQUFBQUFBQUFBQUFBQUFBQUFBQUFBQUFBQUFBQUFBQUFBQUFBQUFBQUFBQUFBQUFBQUFBQUFBQUFBQUFBQUFBQUFBQUFBQUFBQUFBQUFBQUFBQUFBQUFBQUFBQUFBQUFBQUFBQUFBQUFBQUFBQUFBQUFBQUFBQUFBQUFBQUFBQUFBQUFBQUFBQUFBQUFBQUFBQUFBQUFBQUFBQUFBQUFBQUFBQUFBQUFBQUFBQUFBQUFBQUFBQUFBQUFBQUFBQUFBQUFBQUFBQUFBQUFBQUFBQUFBQUFBQUFBQUFBQUFBQUFBQUFBQUFBQUFBQUFBQUFBQUFBQUFBQUFBQUFBQUFBQUFBQUFBQUFBQUFBQUFBQUFBQUFBQUFBQUFBQUFBQUFBQUFBQUFBQUFBQUFBQUFBQUFBQUFBQUFBQUFBQUFBQUFBQUFBQUFBQUFBQUFBQUFBQUFBQUFBQUFBQUFBQUFBQUFBQUFBQUFBQUFBQUFBQUFBQUFBQUFBQUFBQUFBQUFBQUFBQUFBQUFBQUFBQUFBQUFBQUFBQUFBQUFBQUFBQUFBQUFBQUFBQUFBQUFBQUFBQUFBQUFBQUFBQUFBQUFBQUFBQUFBQUFBQUFBQUFBQUFBQUFBQUFBQUFBQUFBQUFBQUFBQUFBQUFBQUFBQUFBQUFBQUFBQUFBQUFBQUFBQUFBQUFBQUFBQUFBQUFBQUFBQUFBQUFBQUFBQUFBQUFBQUFBQUFBQUFBQUFBQUFBQUFBQUFBQUFBQUFBQUFBQUFBQUFBQUFBQUFBQUFBQUFBQUFBQUFBQUFBQUFBQUFBQUFBQUFBQUFBQUFBQUFBQUFBQUFBQUFBQUFBQUFBQUFBQUFBQUFBQUFBQUFBQUFBQUFBQUFBQUFBQUFBQUFBQUFBQUFBQUFBQUFBQUFBQUFBQUFBQUFBQUFBQUFBQUFBQUFBQUFBQUFBQUFBQUFBQUFBQUFBQUFBQUFBQUFBQUFBQUFBQUFBQUFBQUFBQUFBQUFBQUFBQUFBQUFBQUFBQUFBQUFBQUFBQUFBQUFBQUFBQUFBQUFBQUFBQUFBQUFBQUFBQUFBQUFBQUFBQUFBQUFBQUFBQUFBQUFBQUFBQUFBQUFBQUFBQUFBQUFBQUFBQUFBQUFBQUFBQUFBQUFBQUFBQUFBQUFBQUFBQUFBQUFBQUFBQUFBQUFBQUFBQUFBQUFBQUFBQUFBQUFBQUFBQUFBQUFBQUFBQUFBQUFBQUFBQUFBQUFBQUFBQUFBQUFBQUFBQUFBQUFBQUFBQUFBQUFBQUFBQUFBQUFBQUFBQUFBQUFBQUFBQUFBQUFBQUFBQUFBQUFBQUFBQUFBQUFBQUFBQUFBQUFBQUFBQUFBQUFBQUFBQUFBQUFBQUFBQUFBQUFBQUFBQUFBQUFBQUFBQUFBQUFBQUFBQUFBQUFBQUFBQUFBQUFBQUFBQUFBQUFBQUFBQUFBQUFBQUFBQUFBQUFBQUFBQUFBQUFBQUFBQUFBQUFBQUFBQUFBQUFBQUFBQUFBQUFBQUFBQUFBQUFBQUFBQUFBQUFBQUFBQUFBQUFBQUFBQUFBQUFBQUFBQUFBQUFBQUFBQUFBQUFBQUFBQUFBQUFBQUFBQUFBQUFBQUFBQUFBQUFBQUFBQUFBQUFBQUFBQUFBQUFBQUFBQUFBQUFBQUFBQUFBQUFBQUFBQUFBQUFBQUFBQUFBQUFBQUFBQUFBQUFBQUFBQUFBQUFBQUFBQUFBQUFBQUFBQUFBQUFBQUFBQUFBQUFBQUFBQUFBQUFBQUFBQUFBQUFBQUFBQUFBQUFBQUFBQUFBQUFBQUFBQUFBQUFBQUFBQUFBQUFBQUFBQUFBQUFBQUFBQUFBQUFBQUFBQUFBQUFBQUFBQUFBQUFBQUFBQUFBQUFBQUFBQUFBQUFBQUFBQUFBQUFBQUFBQUFBQUFBQUFBQUFBQUFBQUFBQUFBQUFBQUFBQUFBQUFBQUFBQUFBQUFBQUFBQUFBQUFBQUFBQUFBQUFBQUFBQUFBQUFBQUFBQUFBQUFBQUFBQUFBQUFBQUFBQUFBQUFBQUFBQUFBQUFBQUFBQUFBQUFBQUFBQUFBQUFBQUFBQUFBQUFBQUFBQUFBQUFBQUFBQUFBQUFBQUFBQUFBQUFBQUFBQUFBQUFBQUFBQUFBQUFBQUFBQUFBQUFBQUFBQUFBQUFBQUFBQUFBQUFBQUFBQUFBQUFBQUFBQUFBQUFBQUFBQUFBQUFBQUFBQUFBQUFBQUFBQUFBQUFBQUFBQUFBQUFBQUFBQUFBQUFBQUFBQUFBQUFBQUFBQUFBQUFBQUFBQUFBQUFBQUFBQUFBQUFBQUFBQUFBQUFBQUFBQUFBQUFBQUFBQUFBQUFBQUFBQUFBQUFBQUFBQUFBQUFBQUFBQUFBQUFBQUFBQUFBQUFBQUFBQUFBQUFBQUFBQUFBQUFBQUFBQUFBQUFBQUFBQUFBQUFBQUFBQUFBQUFBQUFBQUFBQUFBQUFBQUFBQUFBQUFBQUFBQUFBQUFBQUFBQUFBQUFBQUFBQUFBQUFBQUFBQUFBQUFBQUFBQUFBQUFBQUFBQUFBQUFBQUFBQUFBQUFBQUFBQUFBQUFBQUFBQUFBQUFBQUFBQUFBQUFBQUFBQUFBQUFBQUFBQUFBQUFBQUFBQUFBQUFBQUFBQUFBQUFBQUFBQUFBQUFBQUFBQUFBQUFBQUFBQUFBQUFBQUFBQUFBQUFBQUFBQUFBQUFBQUFBQUFBQUFBQUFBQUFBQUFBQUFBQUFBQUFBQUFBQUFBQUFBQUFBQUFBQUFBQUFBQUFBQUFBQUFBQUFBQUFBQUFBQUFBQUFBQUFBQUFBQUFBQUFBQUFBQUFBQUFBQUFBQUFBQUFBQUFBQUFBQUFBQUFBQUFBQUFBQUFBQUFBQUFBQUFBQUFBQUFBQUFBQUFBQUFBQUFBQUFBQUFBQUFBQUFBQUFBQUFBQUFBQUFBQUFBQUFBQUFBQUFBQUFBQUFBQUFBQUFBQUFBQUFBQUFBQUFBQUFBQUFBQUFBQUFBQUFBQUFBQUFBQUFBQUFBQUFBQUFBQUFBQUFBQUFBQUFBQUFBQUFBQUFBQUFBQUFBQUFBQUFBQUFBQUFBQUFBQUFBQUFBQUFBQUFBQUFBQUFBQUFBQUFBQUFBQUFBQUFBQUFBQUFBQUFBQUFBQUFBQUFBQUFBQUFBQUFBQUFBQUFBQUFBQUFBQUFBQUFBQUFBQUFBQUFBQUFBQUFBQUFBQUFBQUFBQUFBQUFBQUFBQUFBQUFBQUFBQUFBQUFBQUFBQUFBQUFBQUFBQUFBQUFBQUFBQUFBQUFBQUFBQUFBQUFBQUFBQUFBQUFBQUFBQUFBQUFBQUFBQUFBQUFBQUFBQUFBQUFBQUFBQUFBQUFBQUFBQUFBQUFBQUFBQUFBQUFBQUFBQUFBQUFBQUFBQUFBQUFBQUFBQUFBQUFBQUFBQUFBQUFBQUFBQUFBQUFBQUFBQUFBQUFBQUFBQUFBQUFBQUFBQUFBQUFBQUFBQUFBQUFBQUFBQUFBQUFBQUFBQUFBQUFBQUFBQUFBQUFBQUFBQUFBQUFBQUFBQUFBQUFBQUFBQUFBQUFBQUFBQUFBQUFBQUFBQUFBQUFBQUFBQUFBQUFBQUFBQUFBQUFBQUFBQUFBQUFBQUFBQUFBQUFBQUFBQUFBQUFBQUFBQUFBQUFBQUFBQUFBQUFBQUFBQUFBQUFBQUFBQUFBQUFBQUFBQUFBQUFBQUFBQUFBQUFBQUFBQUFBQUFBQUFBQUFBQUFBQUFBQUFBQUFBQUFBQUFBQUFBQUFBQUFBQUFBQUFBQUFBQUFBQUFBQUFBQUFBQUFBQUFBQUFBQUFBQUFBQUFBQUFBQUFBQUFBQUFBQUFBQUFBQUFBQUFBQUFBQUFBQUFBQUFBQUFBQUFBQUFBQUFBQUFBQUFBQUFBQUFBQUFBQUFBQUFBQUFBQUFBQUFBQUFBQUFBQUFBQUFBQUFBQUFBQUFBQUFBQUFBQUFBQUFBQUFBQUFBQUFBQUFBQUFBQUFBQUFBQUFBQUFBQUFBQUFBQUFBQUFBQUFBQUFBQUFBQUFBQUFBQUFBQUFBQUFBQUFBQUFBQUFBQUFBQUFBQUFBQUFBQUFBQUFBQUFBQUFBQUFBQUFBQUFBQUFBQUFBQUFBQUFBQUFBQUFBQUFBQUFBQUFBQUFBQUFBQUFBQUFBQUFBQUFBQUFBQUFBQUFBQUFBQUFBQUFBQUFBQUFBQUFBQUFBQUFBQUFBQUFBQUFBQUFBQUFBQUFBQUFBQUFBQUFBQUFBQUFBQUFBQUFBQUFBQUFBQUFBQUFBQUFBQUFBQUFBQUFBQUFBQUFBQUFBQUFBQUFBQUFBQUFBQUFBQUFBQUFBQUFBQUFBQUFBQUFBQUFBQUFBQUFBQUFBQUFBQUFBQUFBQUFBQUFBQUFBQUFBQUFBQUFBQUFBQUFBQUFBQUFBQUFBQUFBQUFBQUFBQUFBQUFBQUFBQUFBQUFBQUFBQUFBQUFBQUFBQUFBQUFBQUFBQUFBQUFBQUFBQUFBQUFBQUFBQUFBQUFBQUFBQUFBQUFBQUFBQUFBQUFBQUFBQUFBQUFBQUFBQUFBQUFBQUFBQUFBQUFBQUFBQUFBQUFBQUFBQUFBQUFBQUFBQUFBQUFBQUFBQUFBQUFBQUFBQUFBQUFBQUFBQUFBQUFBQUFBQUFBQUFBQUFBQUFBQUFBQUFBQUFBQUFBQUFBQUFBQUFBQUFBQUFBQUFBQUFBQUFBQUFBQUFBQUFBQUFBQUFBQUFBQUFBQUFBQUFBQUFBQUFBQUFBQUFBQUFBQUFBQUFBQUFBQUFBQUFBQUFBQUFBQUFBQUFBQUFBQUFBQUFBQUFBQUFBQUFBQUFBQUFBQUFBQUFBQUFBQUFBQUFBQUFBQUFBQUFBQUFBQUFBQUFBQUFBQUFBQUFBQUFBQUFBQUFBQUFBQUFBQUFBQUFBQUFBQUFBQUFBQUFBQUFBQUFBQUFBQUFBQUFBQUFBQUFBQUFBQUFBQUFBQUFBQUFBQUFBQUFBQUFBQUFBQUFBQUFBQUFBQUFBQUFBQUFBQUFBQUFBQUFBQUFBQUFBQUFBQUFBQUFBQUFBQUFBQUFBQUFBQUFBQUFBQUFBQUFBQUFBQUFBQUFBQUFBQUFBQUFBQUFBQUFBQUFBQUFBQUFBQUFBQUFBQUFBQUFBQUFBQUFBQUFBQUFBQUFBQUFBQUFBQUFBQUFBQUFBQUFBQUFBQUFBQUFBQUFBQUFBQUFBQUFBQUFBQUFBQUFBQUFBQUFBQUFBQUFBQUFBQUFBQUFBQUFBQUFBQUFBQUFBQUFBQUFBQUFBQUFBQUFBQUFBQUFBQUFBQUFBQUFBQUFBQUFBQUFBQUFBQUFBQUFBQUFBQUFBQUFBQUFBQUFBQUFBQUFBQUFBQUFBQUFBQUFBQUFBQUFBQUFBQUFBQUFBQUFBQUFBQUFBQUFBQUFBQUFBQUFBQUFBQUFBQUFBQUFBQUFBQUFBQUFBQUFBQUFBQUFBQUFBQUFBQUFBQUFBQUFBQUFBQUFBQUFBQUFBQUFBQUFBQUFBQUFBQUFBQUFBQUFBQUFBQUFBQUFBQUFBQUFBQUFBQUFBQUFBQUFBQUFBQUFBQUFBQUFBQUFBQUFBQUFBQUFBQUFBQUFBQUFBQUFBQUFBQUFBQUFBQUFBQUFBQUFBQUFBQUFBQUFBQUFBQUFBQUFBQUFBQUFBQUFBQUFBQUFBQUFBQUFBQUFBQUFBQUFBQUFBQUFBQUFBQUFBQUFBQUFBQUFBQUFBQUFBQUFBQUFBQUFBQUFBQUFBQUFBQUFBQUFBQUFBQUFBQUFBQUFBQUFBQUFBQUFBQUFBQUFBQUFBQUFBQUFBQUFBQUFBQUFBQUFBQUFBQUFBQUFBQUFBQUFBQUFBQUFBQUFBQUFBQUFBQUFBQUFBQUFBQUFBQUFBQUFBQUFBQUFBQUFBQUFBQUFBQUFBQUFBQUFBQUFBQUFBQUFBQUFBQUFBQUFBQUFBQUFBQUFBQUFBQUFBQUFBQUFBQUFBQUFBQUFBQUFBQUFBQUFBQUFBQUFBQUFBQUFBQUFBQUFBQUFBQUFBQUFBQUFBQUFBQUFBQUFBQUFBQUFBQUFBQUFBQUFBQUFBQUFBQUFBQUFBQUFBQUFBQUFBQUFBQUFBQUFBQUFBQUFBQUFBQUFBQUFBQUFBQUFBQUFBQUFBQUFBQUFBQUFBQUFBQUFBQUFBQUFBQUFBQUFBQUFBQUFBQUFBQUFBQUFBQUFBQUFBQUFBQUFBQUFBQUFBQUFBQUFBQUFBQUFBQUFBQUFBQUFBQUFBQUFBQUFBQUFBQUFBQUFBQUFBQUFBQUFBQUFBQUFBQUFBQUFBQUFBQUFBQUFBQUFBQUFBQUFBQUFBQUFBQUFBQUFBQUFBQUFBQUFBQUFBQUFBQUFBQUFBQUFBQUFBQUFBQUFBQUFBQUFBQUFBQUFBQUFBQUFBQUFBQUFBQUFBQUFBQUFBQUFBQUFBQUFBQUFBQUFBQUFBQUFBQUFBQUFBQUFBQUFBQUFBQUFBQUFBQUFBQUFBQUFBQUFBQUFBQUFBQUFBQUFBQUFBQUFBQUFBQUFBQUFBQUFBQUFBQUFBQUFBQUFBQUFBQUFBQUFBQUFBQUFBQUFBQUFBQUFBQUFBQUFBQUFBQUFBQUFBQUFBQUFBQUFBQUFBQUFBQUFBQUFBQUFBQUFBQUFBQUFBQUFBQUFBQUFBQUFBQUFBQUFBQUFBQUFBQUFBQUFBQUFBQUFBQUFBQUFBQUFBQUFBQUFBQUFBQUFBQUFBQUFBQUFBQUFBQUFBQUFBQUFBQUFBQUFBQUFBQUFBQUFBQUFBQUFBQUFBQUFBQUFBQUFBQUFBQUFBQUFBQUFBQUFBQUFBQUFBQUFBQUFBQUFBQUFBQUFBQUFBQUFBQUFBQUFBQUFBQUFBQUFBQUFBQUFBQUFBQUFBQUFBQUFBQUFBQUFBQUFBQUFBQUFBQUFBQUFBQUFBQUFBQUFBQUFBQUFBQUFBQUFBQUFBQUFBQUFBQUFBQUFBQUFBQUFBQUFBQUFBQUFBQUFBQUFBQUFBQUFBQUFBQUFBQUFBQUFBQUFBQUFBQUFBQUFBQUFBQUFBQUFBQUFBQUFBQUFBQUFBQUFBQUFBQUFBQUFBQUFBQUFBQUFBQUFBQUFBQUFBQUFBQUFBQUFBQUFBQUFBQUFBQUFBQUFBQUFBQUFBQUFBQUFBQUFBQUFBQUFBQUFBQUFBQUFBQUFBQUFBQUFBQUFBQUFBQUFBQUFBQUFBQUFBQUFBQUFBQUFBQUFBQUFBQUFBQUFBQUFBQUFBQUFBQUFBQUFBQUFBQUFBQUFBQUFBQUFBQUFBQUFBQUFBQUFBQUFBQUFBQUFBQUFBQUFBQUFBQUFBQUFBQUFBQUFBQUFBQUFBQUFBQUFBQUFBQUFBQUFBQUFBQUFBQUFBQUFBQUFBQUFBQUFBQUFBQUFBQUFBQUFBQUFBQUFBQUFBQUFBQUFBQUFBQUFBQUFBQUFBQUFBQUFBQUFBQUFBQUFBQUFBQUFBQUFBQUFBQUFBQUFBQUFBQUFBQUFBQUFBQUFBQUFBQUFBQUFBQUFBQUFBQUFBQUFBQUFBQUFBQUFBQUFBQUFBQUFBQUFBQUFBQUFBQUFBQUFBQUFBQUFBQUFBQUFBQUFBQUFBQUFBQUFBQUFBQUFBQUFBQUFBQUFBQUFBQUFBQUFBQUFBQUFBQUFBQUFBQUFBQUFBQUFBQUFBQUFBQUFBQUFBQUFBQUFBQUFBQUFBQUFBQUFBQUFBQUFBQUFBQUFBQUFBQUFBQUFBQUFBQUFBQUFBQUFBQUFBQUFBQUFBQUFBQUFBQUFBQUFBQUFBQUFBQUFBQUFBQUFBQUFBQUFBQUFBQUFBQUFBQUFBQUFBQUFBQUFBQUFBQUFBQUFBQUFBQUFBQUFBQUFBQUFBQUFBQUFBQUFBQUFBQUFBQUFBQUFBQUFBQUFBQUFBQUFBQUFBQUFBQUFBQUFBQUFBQUFBQUFBQUFBQUFBQUFBQUFBQUFBQUFBQUFBQUFBQUFBQUFBQUFBQUFBQUFBQUFBQUFBQUFBQUFBQUFBQUFBQUFBQUFBQUFBQUFBQUFBQUFBQUFBQUFBQUFBQUFBQUFBQUFBQUFBQUFBQUFBQUFBQUFBQUFBQUFBQUFBQUFBQUFBQUFBQUFBQUFBQUFBQUFBQUFBQUFBQUFBQUFBQUFBQUFBQUFBQUFBQUFBQUFBQUFBQUFBQUFBQUFBQUFBQUFBQUFBQUFBQUFBQUFBQUFBQUFBQUFBQUFBQUFBQUFBQUFBQUFBQUFBQUFBQUFBQUFBQUFBQUFBQUFBQUFBQUFBQUFBQUFBQUFBQUFBQUFBQUFBQUFBQUFBQUFBQUFBQUFBQUFBQUFBQUFBQUFBQUFBQUFBQUFBQUFBQUFBQUFBQUFBQUFBQUFBQUFBQUFBQUFBQUFBQUFBQUFBQUFBQUFBQUFBQUFBQUFBQUFBQUFBQUFBQUFBQUFBQUFBQUFBQUFBQUFBQUFBQUFBQUFBQUFBQUFBQUFBQUFBQUFBQUFBQUFBQUFBQUFBQUFBQUFBQUFBQUFBQUFBQUFBQUFBQUFBQUFBQUFBQUFBQUFBQUFBQUFBQUFBQUFBQUFBQUFBQUFBQUFBQUFBQUFBQUFBQUFBQUFBQUFBQUFBQUFBQUFBQUFBQUFBQUFBQUFBQUFBQUFBQUFBQUFBQUFBQUFBQUFBQUFBQUFBQUFBQUFBQUFBQUFBQUFBQUFBQUFBQUFBQUFBQUFBQUFBQUFBQUFBQUFBQUFBQUFBQUFBQUFBQUFBQUFBQUFBQUFBQUFBQUFBQUFBQUFBQUFBQUFBQUFBQUFBQUFBQUFBQUFBQUFBQUFBQUFBQUFBQUFBQUFBQUFBQUFBQUFBQUFBQUFBQUFBQUFBQUFBQUFBQUFBQUFBQUFBQUFBQUFBQUFBQUFBQUFBQUFBQUFBQUFBQUFBQUFBQUFBQUFBQUFBQUFBQUFBQUFBQUFBQUFBQUFBQUFBQUFBQUFBQUFBQUFBQUFBQUFBQUFBQUFBQUFBQUFBQUFBQUFBQUFBQUFBQUFBQUFBQUFBQUFBQUFBQUFBQUFBQUFBQUFBQUFBQUFBQUFBQUFBQUFBQUFBQUFBQUFBQUFBQUFBQUFBQUFBQUFBQUFBQUFBQUFBQUFBQUFBQUFBQUFBQUFBQUFBQUFBQUFBQUFBQUFBQUFBQUFBQUFBQUFBQUFBQUFBQUFBQUFBQUFBQUFBQUFBQUFBQUFBQUFBQUFBQUFBQUFBQUFBQUFBQUFBQUFBQUFBQUFBQUFBQUFBQUFBQUFBQUFBQUFBQUFBQUFBQUFBQUFBQUFBQUFBQUFBQUFBQUFBQUFBQUFBQUFBQUFBQUFBQUFBQUFBQUFBQUFBQUFBQUFBQUFBQUFBQUFBQUFBQUFBQUFBQUFBQUFBQUFBQUFBQUFBQUFBQUFBQUFBQUFBQUFBQUFBQUFBQUFBQUFBQUFBQUFBQUFBQUFBQUFBQUFBQUFBQUFBQUFBQUFBQUFBQUFBQUFBQUFBQUFBQUFBQUFBQUFBQUFBQUFBQUFBQUFBQUFBQUFBQUFBQUFBQUFBQUFBQUFBQUFBQUFBQUFBQUFBQUFBQUFBQUFBQUFBQUFBQUFBQUFBQUFBQUFBQUFBQUFBQUFBQUFBQUFBQUFBQUFBQUFBQUFBQUFBQUFBQUFBQUFBQUFBQUFBQUFBQUFBQUFBQUFBQUFBQUFBQUFBQUFBQUFBQUFBQUFBQUFBQUFBQUFBQUFBQUFBQUFBQUFBQUFBQUFBQUFBQUFBQUFBQUFBQUFBQUFBQUFBQUFBQUFBQUFBQUFBQUFBQUFBQUFBQUFBQUFBQUFBQUFBQUFBQUFBQUFBQUFBQUFBQUFBQUFBQUFBQUFBQUFBQUFBQUFBQUFBQUFBQUFBQUFBQUFBQUFBQUFBQUFBQUFBQUFBQUFBQUFBQUFBQUFBQUFBQUFBQUFBQUFBQUFBQUFBQUFBQUFBQUFBQUFBQUFBQUFBQUFBQUFBQUFBQUFBQUFBQUFBQUFBQUFBQUFBQUFBQUFBQUFBQUFBQUFBQUFBQUFBQUFBQUFBQUFBQUFBQUFBQUFBQUFBQUFBQUFBQUFBQUFBQUFBQUFBQUFBQUFBQUFBQUFBQUFBQUFBQUFBQUFBQUFBQUFBQUFBQUFBQUFBQUFBQUFBQUFBQUFBQUFBQUFBQUFBQUFBQUFBQUFBQUFBQUFBQUFBQUFBQUFBQUFBQUFBQUFBQUFBQUFBQUFBQUFBQUFBQUFBQUFBQUFBQUFBQUFBQUFBQUFBQUFBQUFBQUFBQUFBQUFBQUFBQUFBQUFBQUFBQUFBQUFBQUFBQUFBQUFBQUFBQUFBQUFBQUFBQUFBQUFBQUFBQUFBQUFBQUFBQUFBQUFBQUFBQUFBQUFBQUFBQUFBQUFBQUFBQUFBQUFBQUFBQUFBQUFBQUFBQUFBQUFBQUFBQUFBQUFBQUFBQUFBQUFBQUFBQUFBQUFBQUFBQUFBQUFBQUFBQUFBQUFBQUFBQUFBQUFBQUFBQUFBQUFBQUFBQUFBQUFBQUFBQUFBQUFBQUFBQUFBQUFBQUFBQUFBQUFBQUFBQUFBQUFBQUFBQUFBQUFBQUFBQUFBQUFBQUFBQUFBQUFBQUFBQUFBQUFBQUFBQUFBQUFBQUFBQUFBQUFBQUFBQUFBQUFBQUFBQUFBQUFBQUFBQUFBQUFBQUFBQUFBQUFBQUFBQUFBQUFBQUFBQUFBQUFBQUFBQUFBQUFBQUFBQUFBQUFBQUFBQUFBQUFBQUFBQUFBQUFBQUFBQUFBQUFBQUFBQUFBQUFBQUFBQUFBQUFBQUFBQUFBQUFBQUFBQUFBQUFBQUFBQUFBQUFBQUFBQUFBQUFBQUFBQUFBQUFBQUFBQUFBQUFBQUFBQUFBQUFBQUFBQUFBQUFBQUFBQUFBQUFBQUFBQUFBQUFBQUFBQUFBQUFBQUFBQUFBQUFBQUFBQUFBQUFBQUFBQUFBQUFBQUFBQUFBQUFBQUFBQUFBQUFBQUFBQUFBQUFBQUFBQUFBQUFBQUFBQUFBQUFBQUFBQUFBQUFBQUFBQUFBQUFBQUFBQUFBQUFBQUFBQUFBQUFBQUFBQUFBQUFBQUFBQUFBQUFBQUFBQUFBQUFBQUFBQUFBQUFBQUFBQUFBQUFBQUFBQUFBQUFBQUFBQUFBQUFBQUFBQUFBQUFBQUFBQUFBQUFBQUFBQUFBQUFBQUFBQUFBQUFBQUFBQUFBQUFBQUFBQUFBQUFBQUFBQUFBQUFBQUFBQUFBQUFBQUFBQUFBQUFBQUFBQUFBQUFBQUFBQUFBQUFBQUFBQUFBQUFBQUFBQUFBQUFBQUFBQUFBQUFBQUFBQUFBQUFBQUFBQUFBQUFBQUFBQUFBQUFBQUFBQUFBQUFBQUFBQUFBQUFBQUFBQUFBQUFBQUFBQUFBQUFBQUFBQUFBQUFBQUFBQUFBQUFBQUFBQUFBQUFBQUFBQUFBQUFBQUFBQUFBQUFBQUFBQUFBQUFBQUFBQUFBQUFBQUFBQUFBQUFBQUFBQUFBQUFBQUFBQUFBQUFBQUFBQUFBQUFBQUFBQUFBQUFBQUFBQUFBQUFBQUFBQUFBQUFBQUFBQUFBQUFBQUFBQUFBQUFBQUFBQUFBQUFBQUFBQUFBQUFBQUFBQUFBQUFBQUFBQUFBQUFBQUFBQUFBQUFBQUFBQUFBQUFBQUFBQUFBQUFBQUFBQUFBQUFBQUFBQUFBQUFBQUFBQUFBQUFBQUFBQUFBQUFBQUFBQUFBQUFBQUFBQUFBQUFBQUFBQUFBQUFBQUFBQUFBQUFBQUFBQUFBQUFBQUFBQUFBQUFBQUFBQUFBQUFBQUFBQUFBQUFBQUFBQUFBQUFBQUFBQUFBQUFBQUFBQUFBQUFBQUFBQUFBQUFBQUFBQUFBQUFBQUFBQUFBQUFBQUFBQUFBQUFBQUFBQUFBQUFBQUFBQUFBQUFBQUFBQUFBQUFBQUFBQUFBQUFBQUFBQUFBQUFBQUFBQUFBQUFBQUFBQUFBQUFBQUFBQUFBQUFBQUFBQUFBQUFBQUFBQUFBQUFBQUFBQUFBQUFBQUFBQUFBQUFBQUFBQUFBQUFBQUFBQUFBQUFBQUFBQUFBQUFBQUFBQUFBQUFBQUFBQUFBQUFBQUFBQUFBQUFBQUFBQUFBQUFBQUFBQUFBQUFBQUFBQUFBQUFBQUFBQUFBQUFBQUFBQUFBQUFBQUFBQUFBQUFBQUFBQUFBQUFBQUFBQUFBQUFBQUFBQUFBQUFBQUFBQUFBQUFBQUFBQUFBQUFBQUFBQUFBQUFBQUFBQUFBQUFBQUFBQUFBQUFBQUFBQUFBQUFBQUFBQUFBQUFBQUFBQUFBQUFBQUFBQUFBQUFBQUFBQUFBQUFBQUFBQUFBQUFBQUFBQUFBQUFBQUFBQUFBQUFBQUFBQUFBQUFBQUFBQUFBQUFBQUFBQUFBQUFBQUFBQUFBQUFBQUFBQUFBQUFBQUFBQUFBQUFBQUFBQUFBQUFBQUFBQUFBQUFBQUFBQUFBQUFBQUFBQUFBQUFBQUFBQUFBQUFBQUFBQUFBQUFBQUFBQUFBQUFBQUFBQUFBQUFBQUFBQUFBQUFBQUFBQUFBQUFBQUFBQUFBQUFBQUFBQUFBQUFBQUFBQUFBQUFBQUFBQUFBQUFBQUFBQUFBQUFBQUFBQUFBQUFBQUFBQUFBQUFBQUFBQUFBQUFBQUFBQUFBQUFBQUFBQUFBQUFBQUFBQUFBQUFBQUFBQUFBQUFBQUFBQUFBQUFBQUFBQUFBQUFBQUFBQUFBQUFBQUFBQUFBQUFBQUFBQUFBQUFBQUFBQUFBQUFBQUFBQUFBQUFBQUFBQUFBQUFBQUFBQUFBQUFBQUFBQUFBQUFBQUFBQUFBQUFBQUFBQUFBQUFBQUFBQUFBQUFBQUFBQUFBQUFBQUFBQUFBQUFBQUFBQUFBQUFBQUFBQUFBQUFBQUFBQUFBQUFBQUFBQUFBQUFBQUFBQUFBQUFBQUFBQUFBQUFBQUFBQUFBQUFBQUFBQUFBQUFBQUFBQUFBQUFBQUFBQUFBQUFBQUFBQUFBQUFBQUFBQUFBQUFBQUFBQUFBQUFBQUFBQUFBQUFBQUFBQUFBQUFBQUFBQUFBQUFBQUFBQUFBQUFBQUFBQUFBQUFBQUFBQUFBQUFBQUFBQUFBQUFBQUFBQUFBQUFBQUFBQUFBQUFBQUFBQUFBQUFBQUFBQUFBQUFBQUFBQUFBQUFBQUFBQUFBQUFBQUFBQUFBQUFBQUFBQUFBQUFBQUFBQUFBQUFBQUFBQUFBQUFBQUFBQUFBQUFBQUFBQUFBQUFBQUFBQUFBQUFBQUFBQUFBQUFBQUFBQUFBQUFBQUFBQUFBQUFBQUFBQUFBQUFBQUFBQUFBQUFBQUFBQUFBQUFBQUFBQUFBQUFBQUFBQUFBQUFBQUFBQUFBQUFBQUFBQUFBQUFBQUFBQUFBQUFBQUFBQUFBQUFBQUFBQUFBQUFBQUFBQUFBQUFBQUFBQUFBQUFBQUFBQUFBQUFBQUFBQUFBQUFBQUFBQUFBQUFBQUFBQUFBQUFBQUFBQUFBQUFBQUFBQUFBQUFBQUFBQUFBQUFBQUFBQUFBQUFBQUFBQUFBQUFBQUFBQUFBQUFBQUFBQUFBQUFBQUFBQUFBQUFBQUFBQUFBQUFBQUFBQUFBQUFBQUFBQUFBQUFBQUFBQUFBQUFBQUFBQUFBQUFBQUFBQUFBQUFBQUFBQUFBQUFBQUFBQUFBQUFBQUFBQUFBQUFBQUFBQUFBQUFBQUFBQUFBQUFBQUFBQUFBQUFBQUFBQUFBQUFBQUFBQUFBQUFBQUFBQUFBQUFBQUFBQUFBQUFBQUFBQUFBQUFBQUFBQUFBQUFBQUFBQUFBQUFBQUFBQUFBQUFBQUFBQUFBQUFBQUFBQUFBQUFBQUFBQUFBQUFBQUFBQUFBQUFBQUFBQUFBQUFBQUFBQUFBQUFBQUFBQUFBQUFBQUFBQUFBQUFBQUFBQUFBQUFBQUFBQUFBQUFBQUFBQUFBQUFBQUFBQUFBQUFBQUFBQUFBQUFBQUFBQUFBQUFBQUFBQUFBQUFBQUFBQUFBQUFBQUFBQUFBQUFBQUFBQUFBQUFBQUFBQUFBQUFBQUFBQUFBQUFBQUFBQUFBQUFBQUFBQUFBQUFBQUFBQUFBQUFBQUFBQUFBQUFBQUFBQUFBQUFBQUFBQUFBQUFBQUFBQUFBQUFBQUFBQUFBQUFBQUFBQUFBQUFBQUFBQUFBQUFBQUFBQUFBQUFBQUFBQUFBQUFBQUFBQUFBQUFBQUFBQUFBQUFBQUFBQUFBQUFBQUFBQUFBQUFBQUFBQUFBQUFBQUFBQUFBQUFBQUFBQUFBQUFBQUFBQUFBQUFBQUFBQUFBQUFBQUFBQUFBQUFBQUFBQUFBQUFBQUFBQUFBQUFBQUFBQUFBQUFBQUFBQUFBQUFBQUFBQUFBQUFBQUFBQUFBQUFBQUFBQUFBQUFBQUFBQUFBQUFBQUFBQUFBQUFBQUFBQUFBQUFBQUFBQUFBQUFBQUFBQUFBQUFBQUFBQUFBQUFBQUFBQUFBQUFBQUFBQUFBQUFBQUFBQUFBQUFBQUFBQUFBQUFBQUFBQUFBQUFBQUFBQUFBQUFBQUFBQUFBQUFBQUFBQUFBQUFBQUFBQUFBQUFBQUFBQUFBQUFBQUFBQUFBQUFBQUFBQUFBQUFBQUFBQUFBQUFBQUFBQUFBQUFBQUFBQUFBQUFBQUFBQUFBQUFBQUFBQUFBQUFBQUFBQUFBQUFBQUFBQUFBQUFBQUFBQUFBQUFBQUFBQUFBQUFBQUFBQUFBQUFBQUFBQUFBQUFBQUFBQUFBQUFBQUFBQUFBQUFBQUFBQUFBQUFBQUFBQUFBQUFBQUFBQUFBQUFBQUFBQUFBQUFBQUFBQUFBQUFBQUFBQUFBQUFBQUFBQUFBQUFBQUFBQUFBQUFBQUFBQUFBQUFBQUFBQUFBQUFBQUFBQUFBQUFBQUFBQUFBQUFBQUFBQUFBQUFBQUFBQUFBQUFBQUFBQUFBQUFBQUFBQUFBQUFBQUFBQUFBQUFBQUFBQUFBQUFBQUFBQUFBQUFBQUFBQUFBQUFBQUFBQUFBQUFBQUFBQUFBQUFBQUFBQUFBQUFBQUFBQUFBQUFBQUFBQUFBQUFBQUFBQUFBQUFBQUFBQUFBQUFBQUFBQUFBQUFBQUFBQUFBQUFBQUFBQUFBQUFBQUFBQUFBQUFBQUFBQUFBQUFBQUFBQUFBQUFBQUFBQUFBQUFBQUFBQUFBQUFBQUFBQUFBQUFBQUFBQUFBQUFBQUFBQUFBQUFBQUFBQUFBQUFBQUFBQUFBQUFBQUFBQUFBQUFBQUFBQUFBQUFBQUFBQUFBQUFBQUFBQUFBQUFBQUFBQUFBQUFBQUFBQUFBQUFBQUFBQUFBQUFBQUFBQUFBQUFBQUFBQUFBQUFBQUFBQUFBQUFBQUFBQUFBQUFBQUFBQUFBQUFBQUFBQUFBQUFBQUFBQUFBQUFBQUFBQUFBQUFBQUFBQUFBQUFBQUFBQUFBQUFBQUFBQUFBQUFBQUFBQUFBQUFBQUFBQUFBQUFBQUFBQUFBQUFBQUFBQUFBQUFBQUFBQUFBQUFBQUFBQUFBQUFBQUFBQUFBQUFBQUFBQUFBQUFBQUFBQUFBQUFBQUFBQUFBQUFBQUFBQUFBQUFBQUFBQUFBQUFBQUFBQUFBQUFBQUFBQUFBQUFBQUFBQUFBQUFBQUFBQUFBQUFBQUFBQUFBQUFBQUFBQUFBQUFBQUFBQUFBQUFBQUFBQUFBQUFBQUFBQUFBQUFBQUFBQUFBQUFBQUFBQUFBQUFBQUFBQUFBQUFBQUFBQUFBQUFBQUFBQUFBQUFBQUFBQUFBQUFBQUFBQUFBQUFBQUFBQUFBQUFBQUFBQUFBQUFBQUFBQUFBQUFBQUFBQUFBQUFBQUFBQUFBQUFBQUFBQUFBQUFBQUFBQUFBQUFBQUFBQUFBQUFBQUFBQUFBQUFBQUFBQUFBQUFBQUFBQUFBQUFBQUFBQUFBQUFBQUFBQUFBQUFBQUFBQUFBQUFBQUFBQUFBQUFBQUFBQUFBQUFBQUFBQUFBQUFBQUFBQUFBQUFBQUFBQUFBQUFBQUFBQUFBQUFBQUFBQUFBQUFBQUFBQUFBQUFBQUFBQUFBQUFBQUFBQUFBQUFBQUFBQUFBQUFBQUFBQUFBQUFBQUFBQUFBQUFBQUFBQUFBQUFBQUFBQUFBQUFBQUFBQUFBQUFBQUFBQUFBQUFBQUFBQUFBQUFBQUFBQUFBQUFBQUFBQUFBQUFBQUFBQUFBQUFBQUFBQUFBQUFBQUFBQUFBQUFBQUFBQUFBQUFBQUFBQUFBQUFBQUFBQUFBQUFBQUFBQUFBQUFBQUFBQUFBQUFBQUFBQUFBQUFBQUFBQUFBQUFBQUFBQUFBQUFBQUFBQUFBQUFBQUFBQUFBQUFBQUFBQUFBQUFBQUFBQUFBQUFBQUFBQUFBQUFBQUFBQUFBQUFBQUFBQUFBQUFBQUFBQUFBQUFBQUFBQUFBQUFBQUFBQUFBQUFBQUFBQUFBQUFBQUFBQUFBQUFBQUFBQUFBQUFBQUFBQUFBQUFBQUFBQUFBQUFBQUFBQUFBQUFBQUFBQUFBQUFBQUFBQUFBQUFBQUFBQUFBQUFBQUFBQUFBQUFBQUFBQUFBQUFBQUFBQUFBQUFBQUFBQUFBQUFBQUFBQUFBQUFBQUFBQUFBQUFBQUFBQUFBQUFBQUFBQUFBQUFBQUFBQUFBQUFBQUFBQUFBQUFBQUFBQUFBQUFBQUFBQUFBQUFBQUFBQUFBQUFBQUFBQUFBQUFBQUFBQUFBQUFBQUFBQUFBQUFBQUFBQUFBQUFBQUFBQUFBQUFBQUFBQUFBQUFBQUFBQUFBQUFBQUFBQUFBQUFBQUFBQUFBQUFBQUFBQUFBQUFBQUFBQUFBQUFBQUFBQUFBQUFBQUFBQUFBQUFBQUFBQUFBQUFBQUFBQUFBQUFBQUFBQUFBQUFBQUFBQUFBQUFBQUFBQUFBQUFBQUFBQUFBQUFBQUFBQUFBQUFBQUFBQUFBQUFBQUFBQUFBQUFBQUFBQUFBQUFBQUFBQUFBQUFBQUFBQUFBQUFBQUFBQUFBQUFBQUFBQUFBQUFBQUFBQUFBQUFBQUFBQUFBQUFBQUFBQUFBQUFBQUFBQUFBQUFBQUFBQUFBQUFBQUFBQUFBQUFBQUFBQUFBQUFBQUFBQUFBQUFBQUFBQUFBQUFBQUFBQUFBQUFBQUFBQUFBQUFBQUFBQUFBQUFBQUFBQUFBQUFBQUFBQUFBQUFBQUFBQUFBQUFBQUFBQUFBQUFBQUFBQUFBQUFBQUFBQUFBQUFBQUFBQUFBQUFBQUFBQUFBQUFBQUFBQUFBQUFBQUFBQUFBQUFBQUFBQUFBQUFBQUFBQUFBQUFBQUFBQUFBQUFBQUFBQUFBQUFBQUFBQUFBQUFBQUFBQUFBQUFBQUFBQUFBQUFBQUFBQUFBQUFBQUFBQUFBQUFBQUFBQUFBQUFBQUFBQUFBQUFBQUFBQUFBQUFBQUFBQUFBQUFBQUFBQUFBQUFBQUFBQUFBQUFBQUFBQUFBQUFBQUFBQUFBQUFBQUFBQUFBQUFBQUFBQUFBQUFBQUFBQUFBQUFBQUFBQUFBQUFBQUFBQUFBQUFBQUFBQUFBQUFBQUFBQUFBQUFBQUFBQUFBQUFBQUFBQUFBQUFBQUFBQUFBQUFBQUFBQUFBQUFBQUFBQUFBQUFBQUFBQUFBQUFBQUFBQUFBQUFBQUFBQUFBQUFBQUFBQUFBQUFBQUFBQUFBQUFBQUFBQUFBQUFBQUFBQUFBQUFBQUFBQUFBQUFBQUFBQUFBQUFBQUFBQUFBQUFBQUFBQUFBQUFBQUFBQUFBQUFBQUFBQUFBQUFBQUFBQUFBQUFBQUFBQUFBQUFBQUFBQUFBQUFBQUFBQUFBQUFBQUFBQUFBQUFBQUFBQUFBQUFBQUFBQUFBQUFBQUFBQUFBQUFBQUFBQUFBQUFBQUFBQUFBQUFBQUFBQUFBQUFBQUFBQUFBQUFBQUFBQUFBQUFBQUFBQUFBQUFBQUFBQUFBQUFBQUFBQUFBQUFBQUFBQUFBQUFBQUFBQUFBQUFBQUFBQUFBQUFBQUFBQUFBQUFBQUFBQUFBQUFBQUFBQUFBQUFBQUFBQUFBQUFBQUFBQUFBQUFBQUFBQUFBQUFBQUFBQUFBQUFBQUFBQUFBQUFBQUFBQUFBQUFBQUFBQUFBQUFBQUFBQUFBQUFBQUFBQUFBQUFBQUFBQUFBQUFBQUFBQUFBQUFBQUFBQUFBQUFBQUFBQUFBQUFBQUFBQUFBQUFBQUFBQUFBQUFBQUFBQUFBQUFBQUFBQUFBQUFBQUFBQUFBQUFBQUFBQUFBQUFBQUFBQUFBQUFBQUFBQUFBQUFBQUFBQUFBQUFBQUFBQUFBQUFBQUFBQUFBQUFBQUFBQUFBQUFBQUFBQUFBQUFBQUFBQUFBQUFBQUFBQUFBQUFBQUFBQUFBQUFBQUFBQUFBQUFBQUFBQUFBQUFBQUFBQUFBQUFBQUFBQUFBQUFBQUFBQUFBQUFBQUFBQUFBQUFBQUFBQUFBQUFBQUFBQUFBQUFBQUFBQUFBQUFBQUFBQUFBQUFBQUFBQUFBQUFBQUFBQUFBQUFBQUFBQUFBQUFBQUFBQUFBQUFBQUFBQUFBQUFBQUFBQUFBQUFBQUFBQUFBQUFBQUFBQUFBQUFBQUFBQUFBQUFBQUFBQUFBQUFBQUFBQUFBQUFBQUFBQUFBQUFBQUFBQUFBQUFBQUFBQUFBQUFBQUFBQUFBQUFBQUFBQUFBQUFBQUFBQUFBQUFBQUFBQUFBQUFBQUFBQUFBQUFBQUFBQUFBQUFBQUFBQUFBQUFBQUFBQUFBQUFBQUFBQUFBQUFBQUFBQUFBQUFBQUFBQUFBQUFBQUFBQUFBQUFBQUFBQUFBQUFBQUFBQUFBQUFBQUFBQUFBQUFBQUFBQUFBQUFBQUFBQUFBQUFBQUFBQUFBQUFBQUFBQUFBQUFBQUFBQUFBQUFBQUFBQUFBQUFBQUFBQUFBQUFBQUFBQUFBQUFBQUFBQUFBQUFBQUFBQUFBQUFBQUFBQUFBQUFBQUFBQUFBQUFBQUFBQUFBQUFBQUFBQUFBQUFBQUFBQUFBQUFBQUFBQUFBQUFBQUFBQUFBQUFBQUFBQUFBQUFBQUFBQUFBQUFBQUFBQUFBQUFBQUFBQUFBQUFBQUFBQUFBQUFBQUFBQUFBQUFBQUFBQUFBQUFBQUFBQUFBQUFBQUFBQUFBQUFBQUFBQUFBQUFBQUFBQUFBQUFBQUFBQUFBQUFBQUFBQUFBQUFBQUFBQUFBQUFBQUFBQUFBQUFBQUFBQUFBQUFBQUFBQUFBQUFBQUFBQUFBQUFBQUFBQUFBQUFBQUFBQUFBQUFBQUFBQUFBQUFBQUFBQUFBQUFBQUFBQUFBQUFBQUFBQUFBQUFBQUFBQUFBQUFBQUFBQUFBQUFBQUFBQUFBQUFBQUFBQUFBQUFBQUFBQUFBQUFBQUFBQUFBQUFBQUFBQUFBQUFBQUFBQUFBQUFBQUFBQUFBQUFBQUFBQUFBQUFBQUFBQUFBQUFBQUFBQUFBQUFBQUFBQUFBQUFBQUFBQUFBQUFBQUFBQUFBQUFBQUFBQUFBQUFBQUFBQUFBQUFBQUFBQUFBQUFBQUFBQUFBQUFBQUFBQUFBQUFBQUFBQUFBQUFBQUFBQUFBQUFBQUFBQUFBQUFBQUFBQUFBQUFBQUFBQUFBQUFBQUFBQUFBQUFBQUFBQUFBQUFBQUFBQUFBQUFBQUFBQUFBQUFBQUFBQUFBQUFBQUFBQUFBQUFBQUFBQUFBQUFBQUFBQUFBQUFBQUFBQUFBQUFBQUFBQUFBQUFBQUFBQUFBQUFBQUFBQUFBQUFBQUFBQUFBQUFBQUFBQUFBQUFBQUFBQUFBQUFBQUFBQUFBQUFBQUFBQUFBQUFBQUFBQUFBQUFBQUFBQUFBQUFBQUFBQUFBQUFBQUFBQUFBQUFBQUFBQUFBQUFBQUFBQUFBQUFBQUFBQUFBQUFBQUFBQUFBQUFBQUFBQUFBQUFBQUFBQUFBQUFBQUFBQUFBQUFBQUFBQUFBQUFBQUFBQUFBQUFBQUFBQUFBQUFBQUFBQUFBQUFBQUFBQUFBQUFBQUFBQUFBQUFBQUFBQUFBQUFBQUFBQUFBQUFBQUFBQUFBQUFBQUFBQUFBQUFBQUFBQUFBQUFBQUFBQUFBQUFBQUFBQUFBQUFBQUFBQUFBQUFBQUFBQUFBQUFBQUFBQUFBQUFBQUFBQUFBQUFBQUFBQUFBQUFBQUFBQUFBQUFBQUFBQUFBQUFBQUFBQUFBQUFBQUFBQUFBQUFBQUFBQUFBQUFBQUFBQUFBQUFBQUFBQUFBQUFBQUFBQUFBQUFBQUFBQUFBQUFBQUFBQUFBQUFBQUFBQUFBQUFBQUFBQUFBQUFBQUFBQUFBQUFBQUFBQUFBQUFBQUFBQUFBQUFBQUFBQUFBQUFBQUFBQUFBQUFBQUFBQUFBQUFBQUFBQUFBQUFBQUFBQUFBQUFBQUFBQUFBQUFBQUFBQUFBQUFBQUFBQUFBQUFBQUFBQUFBQUFBQUFBQUFBQUFBQUFBQUFBQUFBQUFBQUFBQUFBQUFBQUFBQUFBQUFBQUFBQUFBQUFBQUFBQUFBQUFBQUFBQUFBQUFBQUFBQUFBQUFBQUFBQUFBQUFBQUFBQUFBQUFBQUFBQUFBQUFBQUFBQUFBQUFBQUFBQUFBQUFBQUFBQUFBQUFBQUFBQUFBQUFBQUFBQUFBQUFBQUFBQUFBQUFBQUFBQUFBQUFBQUFBQUFBQUFBQUFBQUFBQUFBQUFBQUFBQUFBQUFBQUFBQUFBQUFBQUFBQUFBQUFBQUFBQUFBQUFBQUFBQUFBQUFBQUFBQUFBQUFBQUFBQUFBQUFBQUFBQUFBQUFBQUFBQUFBQUFBQUFBQUFBQUFBQUFBQUFBQUFBQUFBQUFBQUFBQUFBQUFBQUFBQUFBQUFBQUFBQUFBQUFBQUFBQUFBQUFBQUFBQUFBQUFBQUFBQUFBQUFBQUFBQUFBQUFBQUFBQUFBQUFBQUFBQUFBQUFBQUFBQUFBQUFBQUFBQUFBQUFBQUFBQUFBQUFBQUFBQUFBQUFBQUFBQUFBQUFBQUFBQUFBQUFBQUFBQUFBQUFBQUFBQUFBQUFBQUFBQUFBQUFBQUFBQUFBQUFBQUFBQUFBQUFBQUFBQUFBQUFBQUFBQUFBQUFBQUFBQUFBQUFBQUFBQUFBQUFBQUFBQUFBQUFBQUFBQUFBQUFBQUFBQUFBQUFBQUFBQUFBQUFBQUFBQUFBQUFBQUFBQUFBQUFBQUFBQUFBQUFBQUFBQUFBQUFBQUFBQUFBQUFBQUFBQUFBQUFBQUFBQUFBQUFBQUFBQUFBQUFBQUFBQUFBQUFBQUFBQUFBQUFBQUFBQUFBQUFBQUFBQUFBQUFBQUFBQUFBQUFBQUFBQUFBQUFBQUFBQUFBQUFBQUFBQUFBQUFBQUFBQUFBQUFBQUFBQUFBQUFBQUFBQUFBQUFBQUFBQUFBQUFBQUFBQUFBQUFBQUFBQUFBQUFBQUFBQUFBQUFBQUFBQUFBQUFBQUFBQUFBQUFBQUFBQUFBQUFBQUFBQUFBQUFBQUFBQUFBQUFBQUFBQUFBQUFBQUFBQUFBQUFBQUFBQUFBQUFBQUFBQUFBQUFBQUFBQUFBQUFBQUFBQUFBQUFBQUFBQUFBQUFBQUFBQUFBQUFBQUFBQUFBQUFBQUFBQUFBQUFBQUFBQUFBQUFBQUFBQUFBQUFBQUFBQUFBQUFBQUFBQUFBQUFBQUFBQUFBQUFBQUFBQUFBQUFBQUFBQUFBQUFBQUFBQUFBQUFBQUFBQUFBQUFBQUFBQUFBQUFBQUFBQUFBQUFBQUFBQUFBQUFBQUFBQUFBQUFBQUFBQUFBQUFBQUFBQUFBQUFBQUFBQUFBQUFBQUFBQUFBQUFBQUFBQUFBQUFBQUFBQUFBQUFBQUFBQUFBQUFBQUFBQUFBQUFBQUFBQUFBQUFBQUFBQUFBQUFBQUFBQUFBQUFBQUFBQUFBQUFBQUFBQUFBQUFBQUFBQUFBQUFBQUFBQUFBQUFBQUFBQUFBQUFBQUFBQUFBQUFBQUFBQUFBQUFBQUFBQUFBQUFBQUFBQUFBQUFBQUFBQUFBQUFBQUFBQUFBQUFBQUFBQUFBQUFBQUFBQUFBQUFBQUFBQUFBQUFBQUFBQUFBQUFBQUFBQUFBQUFBQUFBQUFBQUFBQUFBQUFBQUFBQUFBQUFBQUFBQUFBQUFBQUFBQUFBQUFBQUFBQUFBQUFBQUFBQUFBQUFBQUFBQUFBQUFBQUFBQUFBQUFBQUFBQUFBQUFBQUFBQUFBQUFBQUFBQUFBQUFBQUFBQUFBQUFBQUFBQUFBQUFBQUFBQUFBQUFBQUFBQUFBQUFBQUFBQUFBQUFBQUFBQUFBQUFBQUFBQUFBQUFBQUFBQUFBQUFBQUFBQUFBQUFBQUFBQUFBQUFBQUFBQUFBQUFBQUFBQUFBQUFBQUFBQUFBQUFBQUFBQUFBQUFBQUFBQUFBQUFBQUFBQUFBQUFBQUFBQUFBQUFBQUFBQUFBQUFBQUFBQUFBQUFBQUFBQUFBQUFBQUFBQUFBQUFBQUFBQUFBQUFBQUFBQUFBQUFBQUFBQUFBQUFBQUFBQUFBQUFBQUFBQUFBQUFBQUFBQUFBQUFBQUFBQUFBQUFBQUFBQUFBQUFBQUFBQUFBQUFBQUFBQUFBQUFBQUFBQUFBQUFBQUFBQUFBQUFBQUFBQUFBQUFBQUFBQUFBQUFBQUFBQUFBQUFBQUFBQUFBQUFBQUFBQUFBQUFBQUFBQUFBQUFBQUFBQUFBQUFBQUFBQUFBQUFBQUFBQUFBQUFBQUFBQUFBQUFBQUFBQUFBQUFBQUFBQUFBQUFBQUFBQUFBQUFBQUFBQUFBQUFBQUFBQUFBQUFBQUFBQUFBQUFBQUFBQUFBQUFBQUFBQUFBQUFBQUFBQUFBQUFBQUFBQUFBQUFBQUFBQUFBQUFBQUFBQUFBQUFBQUFBQUFBQUFBQUFBQUFBQUFBQUFBQUFBQUFBQUFBQUFBQUFBQUFBQUFBQUFBQUFBQUFBQUFBQUFBQUFBQUFBQUFBQUFBQUFBQUFBQUFBQUFBQUFBQUFBQUFBQUFBQUFBQUFBQUFBQUFBQUFBQUFBQUFBQUFBQUFBQUFBQUFBQUFBQUFBQUFBQUFBQUFBQUFBQUFBQUFBQUFBQUFBQUFBQUFBQUFBQUFBQUFBQUFBQUFBQUFBQUFBQUFBQUFBQUFBQUFBQUFBQUFBQUFBQUFBQUFBQUFBQUFBQUFBQUFBQUFBQUFBQUFBQUFBQUFBQUFBQUFBQUFBQUFBQUFBQUFBQUFBQUFBQUFBQUFBQUFBQUFBQUFBQUFBQUFBQUFBQUFBQUFBQUFBQUFBQUFBQUFBQUFBQUFBQUFBQUFBQUFBQUFBQUFBQUFBQUFBQUFBQUFBQUFBQUFBQUFBQUFBQUFBQUFBQUFBQUFBQUFBQUFBQUFBQUFBQUFBQUFBQUFBQUFBQUFBQUFBQUFBQUFBQUFBQUFBQUFBQUFBQUFBQUFBQUFBQUFBQUFBQUFBQUFBQUFBQUFBQUFBQUFBQUFBQUFBQUFBQUFBQUFBQUFBQUFBQUFBQUFBQUFBQUFBQUFBQUFBQUFBQUFBQUFBQUFBQUFBQUFBQUFBQUFBQUFBQUFBQUFBQUFBQUFBQUFBQUFBQUFBQUFBQUFBQUFBQUFBQUFBQUFBQUFBQUFBQUFBQUFBQUFBQUFBQUFBQUFBQUFBQUFBQUFBQUFBQUFBQUFBQUFBQUFBQUFBQUFBQUFBQUFBQUFBQUFBQUFBQUFBQUFBQUFBQUFBQUFBQUFBQUFBQUFBQUFBQUFBQUFBQUFBQUFBQUFBQUFBQUFBQUFBQUFBQUFBQUFBQUFBQUFBQUFBQUFBQUFBQUFBQUFBQUFBQUFBQUFBQUFBQUFBQUFBQUFBQUFBQUFBQUFBQUFBQUFBQUFBQUFBQUFBQUFBQUFBQUFBQUFBQUFBQUFBQUFBQUFBQUFBQUFBQUFBQUFBQUFBQUFBQUFBQUFBQUFBQUFBQUFBQUFBQUFBQUFBQUFBQUFBQUFBQUFBQUFBQUFBQUFBQUFBQUFBQUFBQUFBQUFBQUFBQUFBQUFBQUFBQUFBQUFBQUFBQUFBQUFBQUFBQUFBQUFBQUFBQUFBQUFBQUFBQUFBQUFBQUFBQUFBQUFBQUFBQUFBQUFBQUFBQUFBQUFBQUFBQUFBQUFBQUFBQUFBQUFBQUFBQUFBQUFBQUFBQUFBQUFBQUFBQUFBQUFBQUFBQUFBQUFBQUFBQUFBQUFBQUFBQUFBQUFBQUFBQUFBQUFBQUFBQUFBQUFBQUFBQUFBQUFBQUFBQUFBQUFBQUFBQUFBQUFBQUFBQUFBQUFBQUFBQUFBQUFBQUFBQUFBQUFBQUFBQUFBQUFBQUFBQUFBQUFBQUFBQUFBQUFBQUFBQUFBQUFBQUFBQUFBQUFBQUFBQUFBQUFBQUFBQUFBQUFBQUFBQUFBQUFBQUFBQUFBQUFBQUFBQUFBQUFBQUFBQUFBQUFBQUFBQUFBQUFBQUFBQUFBQUFBQUFBQUFBQUFBQUFBQUFBQUFBQUFBQUFBQUFBQUFBQUFBQUFBQUFBQUFBQUFBQUFBQUFBQUFBQUFBQUFBQUFBQUFBQUFBQUFBQUFBQUFBQUFBQUFBQUFBQUFBQUFBQUFBQUFBQUFBQUFBQUFBQUFBQUFBQUFBQUFBQUFBQUFBQUFBQUFBQUFBQUFBQUFBQUFBQUFBQUFBQUFBQUFBQUFBQUFBQUFBQUFBQUFBQUFBQUFBQUFBQUFBQUFBQUFBQUFBQUFBQUFBQUFBQUFBQUFBQUFBQUFBQUFBQUFBQUFBQUFBQUFBQUFBQUFBQUFBQUFBQUFBQUFBQUFBQUFBQUFBQUFBQUFBQUFBQUFBQUFBQUFBQUFBQUFBQUFBQUFBQUFBQUFBQUFBQUFBQUFBQUFBQUFBQUFBQUFBQUFBQUFBQUFBQUFBQUFBQUFBQUFBQUFBQUFBQUFBQUFBQUFBQUFBQUFBQUFBQUFBQUFBQUFBQUFBQUFBQUFBQUFBQUFBQUFBQUFBQUFBQUFBQUFBQUFBQUFBQUFBQUFBQUFBQUFBQUFBQUFBQUFBQUFBQUFBQUFBQUFBQUFBQUFBQUFBQUFBQUFBQUFBQUFBQUFBQUFBQUFBQUFBQUFBQUFBQUFBQUFBQUFBQUFBQUFBQUFBQUFBQUFBQUFBQUFBQUFBQUFBQUFBQUFBQUFBQUFBQUFBQUFBQUFBQUFBQUFBQUFBQUFBQUFBQUFBQUFBQUFBQUFBQUFBQUFBQUFBQUFBQUFBQUFBQUFBQUFBQUFBQUFBQUFBQUFBQUFBQUFBQUFBQUFBQUFBQUFBQUFBQUFBQUFBQUFBQUFBQUFBQUFBQUFBQUFBQUFBQUFBQUFBQUFBQUFBQUFBQUFBQUFBQUFBQUFBQUFBQUFBQUFBQUFBQUFBQUFBQUFBQUFBQUFBQUFBQUFBQUFBQUFBQUFBQUFBQUFBQUFBQUFBQUFBQUFBQUFBQUFBQUFBQUFBQUFBQUFBQUFBQUFBQUFBQUFBQUFBQUFBQUFBQUFBQUFBQUFBQUFBQUFBQUFBQUFBQUFBQUFBQUFBQUFBQUFBQUFBQUFBQUFBQUFBQUFBQUFBQUFBQUFBQUFBQUFBQUFBQUFBQUFBQUFBQUFBQUFBQUFBQUFBQUFBQUFBQUFBQUFBQUFBQUFBQUFBQUFBQUFBQUFBQUFBQUFBQUFBQUFBQUFBQUFBQUFBQUFBQUFBQUFBQUFBQUFBQUFBQUFBQUFBQUFBQUFBQUFBQUFBQUFBQUFBQUFBQUFBQUFBQUFBQUFBQUFBQUFBQUFBQUFBQUFBQUFBQUFBQUFBQUFBQUFBQUFBQUFBQUFBQUFBQUFBQUFBQUFBQUFBQUFBQUFBQUFBQUFBQUFBQUFBQUFBQUFBQUFBQUFBQUFBQUFBQUFBQUFBQUFBQUFBQUFBQUFBQUFBQUFBQUFBQUFBQUFBQUFBQUFBQUFBQUFBQUFBQUFBQUFBQUFBQUFBQUFBQUFBQUFBQUFBQUFBQUFBQUFBQUFBQUFBQUFBQUFBQUFBQUFBQUFBQUFBQUFBQUFBQUFBQUFBQUFBQUFBQUFBQUFBQUFBQUFBQUFBQUFBQUFBQUFBQUFBQUFBQUFBQUFBQUFBQUFBQUFBQUFBQUFBQUFBQUFBQUFBQUFBQUFBQUFBQUFBQUFBQUFBQUFBQUFBQUFBQUFBQUFBQUFBQUFBQUFBQUFBQUFBQUFBQUFBQUFBQUFBQUFBQUFBQUFBQUFBQUFBQUFBQUFBQUFBQUFBQUFBQUFBQUFBQUFBQUFBQUFBQUFBQUFBQUFBQUFBQUFBQUFBQUFBQUFBQUFBQUFBQUFBQUFBQUFBQUFBQUFBQUFBQUFBQUFBQUFBQUFBQUFBQUFBQUFBQUFBQUFBQUFBQUFBQUFBQUFBQUFBQUFBQUFBQUFBQUFBQUFBQUFBQUFBQUFBQUFBQUFBQUFBQUFBQUFBQUFBQUFBQUFBQUFBQUFBQUFBQUFBQUFBQUFBQUFBQUFBQUFBQUFBQUFBQUFBQUFBQUFBQUFBQUFBQUFBQUFBQUFBQUFBQUFBQUFBQUFBQUFBQUFBQUFBQUFBQUFBQUFBQUFBQUFBQUFBQUFBQUFBQUFBQUFBQUFBQUFBQUFBQUFBQUFBQUFBQUFBQUFBQUFBQUFBQUFBQUFBQUFBQUFBQUFBQUFBQUFBQUFBQUFBQUFBQUFBQUFBQUFBQUFBQUFBQUFBQUFBQUFBQUFBQUFBQUFBQUFBQUFBQUFBQUFBQUFBQUFBQUFBQUFBQUFBQUFBQUFBQUFBQUFBQUFBQUFBQUFBQUFBQUFBQUFBQUFBQUFBQUFBQUFBQUFBQUFBQUFBQUFBQUFBQUFBQUFBQUFBQUFBQUFBQUFBQUFBQUFBQUFBQUFBQUFBQUFBQUFBQUFBQUFBQUFBQUFBQUFBQUFBQUFBQUFBQUFBQUFBQUFBQUFBQUFBQUFBQUFBQUFBQUFBQUFBQUFBQUFBQUFBQUFBQUFBQUFBQUFBQUFBQUFBQUFBQUFBQUFBQUFBQUFBQUFBQUFBQUFBQUFBQUFBQUFBQUFBQUFBQUFBQUFBQUFBQUFBQUFBQUFBQUFBQUFBQUFBQUFBQUFBQUFBQUFBQUFBQUFBQUFBQUFBQUFBQUFBQUFBQUFBQUFBQUFBQUFBQUFBQUFBQUFBQUFBQUFBQUFBQUFBQUFBQUFBQUFBQUFBQUFBQUFBQUFBQUFBQUFBQUFBQUFBQUFBQUFBQUFBQUFBQUFBQUFBQUFBQUFBQUFBQUFBQUFBQUFBQUFBQUFBQUFBQUFBQUFBQUFBQUFBQUFBQUFBQUFBQUFBQUFBQUFBQUFBQUFBQUFBQUFBQUFBQUFBQUFBQUFBQUFBQUFBQUFBQUFBQUFBQUFBQUFBQUFBQUFBQUFBQUFBQUFBQUFBQUFBQUFBQUFBQUFBQUFBQUFBQUFBQUFBQUFBQUFBQUFBQUFBQUFBQUFBQUFBQUFBQUFBQUFBQUFBQUFBQUFBQUFBQUFBQUFBQUFBQUFBQUFBQUFBQUFBQUFBQUFBQUFBQUFBQUFBQUFBQUFBQUFBQUFBQUFBQUFBQUFBQUFBQUFBQUFBQUFBQUFBQUFBQUFBQUFBQUFBQUFBQUFBQUFBQUFBQUFBQUFBQUFBQUFBQUFBQUFBQUFBQUFBQUFBQUFBQUFBQUFBQUFBQUFBQUFBQUFBQUFBQUFBQUFBQUFBQUFBQUFBQUFBQUFBQUFBQUFBQUFBQUFBQUFBQUFBQUFBQUFBQUFBQUFBQUFBQUFBQUFBQUFBQUFBQUFBQUFBQUFBQUFBQUFBQUFBQUFBQUFBQUFBQUFBQUFBQUFBQUFBQUFBQUFBQUFBQUFBQUFBQUFBQUFBQUFBQUFBQUFBQUFBQUFBQUFBQUFBQUFBQUFBQUFBQUFBQUFBQUFBQUFBQUFBQUFBQUFBQUFBQUFBQUFBQUFBQUFBQUFBQUFBQUFBQUFBQUFBQUFBQUFBQUFBQUFBQUFBQUFBQUFBQUFBQUFBQUFBQUFBQUFBQUFBQUFBQUFBQUFBQUFBQUFBQUFBQUFBQUFBQUFBQUFBQUFBQUFBQUFBQUFBQUFBQUFBQUFBQUFBQUFBQUFBQUFBQUFBQUFBQUFBQUFBQUFBQUFBQUFBQUFBQUFBQUFBQUFBQUFBQUFBQUFBQUFBQUFBQUFBQUFBQUFBQUFBQUFBQUFBQUFBQUFBQUFBQUFBQUFBQUFBQUFBQUFBQUFBQUFBQUFBQUFBQUFBQUFBQUFBQUFBQUFBQUFBQUFBQUFBQUFBQUFBQUFBQUFBQUFBQUFBQUFBQUFBQUFBQUFBQUFBQUFBQUFBQUFBQUFBQUFBQUFBQUFBQUFBQUFBQUFBQUFBQUFBQUFBQUFBQUFBQUFBQUFBQUFBQUFBQUFBQUFBQUFBQUFBQUFBQUFBQUFBQUFBQUFBQUFBQUFBQUFBQUFBQUFBQUFBQUFBQUFBQUFBQUFBQUFBQUFBQUFBQUFBQUFBQUFBQUFBQUFBQUFBQUFBQUFBQUFBQUFBQUFBQUFBQUFBQUFBQUFBQUFBQUFBQUFBQUFBQUFBQUFBQUFBQUFBQUFBQUFBQUFBQUFBQUFBQUFBQUFBQUFBQUFBQUFBQUFBQUFBQUFBQUFBQUFBQUFBQUFBQUFBQUFBQUFBQUFBQUFBQUFBQUFBQUFBQUFBQUFBQUFBQUFBQUFBQUFBQUFBQUFBQUFBQUFBQUFBQUFBQUFBQUFBQUFBQUFBQUFBQUFBQUFBQUFBQUFBQUFBQUFBQUFBQUFBQUFBQUFBQUFBQUFBQUFBQUFBQUFBQUFBQUFBQUFBQUFBQUFBQUFBQUFBQUFBQUFBQUFBQUFBQUFBQUFBQUFBQUFBQUFBQUFBQUFBQUFBQUFBQUFBQUFBQUFBQUFBQUFBQUFBQUFBQUFBQUFBQUFBQUFBQUFBQUFBQUFBQUFBQUFBQUFBQUFBQUFBQUFBQUFBQUFBQUFBQUFBQUFBQUFBQUFBQUFBQUFBQUFBQUFBQUFBQUFBQUFBQUFBQUFBQUFBQUFBQUFBQUFBQUFBQUFBQUFBQUFBQUFBQUFBQUFBQUFBQUFBQUFBQUFBQUFBQUFBQUFBQUFBQUFBQUFBQUFBQUFBQUFBQUFBQUFBQUFBQUFBQUFBQUFBQUFBQUFBQUFBQUFBQUFBQUFBQUFBQUFBQUFBQUFBQUFBQUFBQUFBQUFBQUFBQUFBQUFBQUFBQUFBQUFBQUFBQUFBQUFBQUFBQUFBQUFBQUFBQUFBQUFBQUFBQUFBQUFBQUFBQUFBQUFBQUFBQUFBQUFBQUFBQUFBQUFBQUFBQUFBQUFBQUFBQUFBQUFBQUFBQUFBQUFBQUFBQUFBQUFBQUFBQUFBQUFBQUFBQUFBQUFBQUFBQUFBQUFBQUFBQUFBQUFBQUFBQUFBQUFBQUFBQUFBQUFBQUFBQUFBQUFBQUFBQUFBQUFBQUFBQUFBQUFBQUFBQUFBQUFBQUFBQUFBQUFBQUFBQUFBQUFBQUFBQUFBQUFBQUFBQUFBQUFBQUFBQUFBQUFBQUFBQUFBQUFBQUFBQUFBQUFBQUFBQUFBQUFBQUFBQUFBQUFBQUFBQUFBQUFBQUFBQUFBQUFBQUFBQUFBQUFBQUFBQUFBQUFBQUFBQUFBQUFBQUFBQUFBQUFBQUFBQUFBQUFBQUFBQUFBQUFBQUFBQUFBQUFBQUFBQUFBQUFBQUFBQUFBQUFBQUFBQUFBQUFBQUFBQUFBQUFBQUFBQUFBQUFBQUFBQUFBQUFBQUFBQUFBQUFBQUFBQUFBQUFBQUFBQUFBQUFBQUFBQUFBQUFBQUFBQUFBQUFBQUFBQUFBQUFBQUFBQUFBQUFBQUFBQUFBQUFBQUFBQUFBQUFBQUFBQUFBQUFBQUFBQUFBQUFBQUFBQUFBQUFBQUFBQUFBQUFBQUFBQUFBQUFBQUFBQUFBQUFBQUFBQUFBQUFBQUFBQUFBQUFBQUFBQUFBQUFBQUFBQUFBQUFBQUFBQUFBQUFBQUFBQUFBQUFBQUFBQUFBQUFBQUFBQUFBQUFBQUFBQUFBQUFBQUFBQUFBQUFBQUFBQUFBQUFBQUFBQUFBQUFBQUFBQUFBQUFBQUFBQUFBQUFBQUFBQUFBQUFBQUFBQUFBQUFBQUFBQUFBQUFBQUFBQUFBQUFBQUFBQUFBQUFBQUFBQUFBQUFBQUFBQUFBQUFBQUFBQUFBQUFBQUFBQUFBQUFBQUFBQUFBQUFBQUFBQUFBQUFBQUFBQUFBQUFBQUFBQUFBQUFBQUFBQUFBQUFBQUFBQUFBQUFBQUFBQUFBQUFBQUFBQUFBQUFBQUFBQUFBQUFBQUFBQUFBQUFBQUFBQUFBQUFBQUFBQUFBQUFBQUFBQUFBQUFBQUFBQUFBQUFBQUFBQUFBQUFBQUFBQUFBQUFBQUFBQUFBQUFBQUFBQUFBQUFBQUFBQUFBQUFBQUFBQUFBQUFBQUFBQUFBQUFBQUFBQUFBQUFBQUFBQUFBQUFBQUFBQUFBQUFBQUFBQUFBQUFBQUFBQUFBQUFBQUFBQUFBQUFBQUFBQUFBQUFBQUFBQUFBQUFBQUFBQUFBQUFBQUFBQUFBQUFBQUFBQUFBQUFBQUFBQUFBQUFBQUFBQUFBQUFBQUFBQUFBQUFBQUFBQUFBQUFBQUFBQUFBQUFBQUFBQUFBQUFBQUFBQUFBQUFBQUFBQUFBQUFBQUFBQUFBQUFBQUFBQUFBQUFBQUFBQUFBQUFBQUFBQUFBQUFBQUFBQUFBQUFBQUFBQUFBQUFBQUFBQUFBQUFBQUFBQUFBQUFBQUFBQUFBQUFBQUFBQUFBQUFBQUFBQUFBQUFBQUFBQUFBQUFBQUFBQUFBQUFBQUFBQUFBQUFBQUFBQUFBQUFBQUFBQUFBQUFBQUFBQUFBQUFBQUFBQUFBQUFBQUFBQUFBQUFBQUFBQUFBQUFBQUFBQUFBQUFBQUFBQUFBQUFBQUFBQUFBQUFBQUFBQUFBQUFBQUFBQUFBQUFBQUFBQUFBQUFBQUFBQUFBQUFBQUFBQUFBQUFBQUFBQUFBQUFBQUFBQUFBQUFBQUFBQUFBQUFBQUFBQUFBQUFBQUFBQUFBQUFBQUFBQUFBQUFBQUFBQUFBQUFBQUFBQUFBQUFBQUFBQUFBQUFBQUFBQUFBQUFBQUFBQUFBQUFBQUFBQUFBQUFBQUFBQUFBQUFBQUFBQUFBQUFBQUFBQUFBQUFBQUFBQUFBQUFBQUFBQUFBQUFBQUFBQUFBQUFBQUFBQUFBQUFBQUFBQUFBQUFBQUFBQUFBQUFBQUFBQUFBQUFBQUFBQUFBQUFBQUFBQUFBQUFBQUFBQUFBQUFBQUFBQUFBQUFBQUFBQUFBQUFBQUFBQUFBQUFBQUFBQUFBQUFBQUFBQUFBQUFBQUFBQUFBQUFBQUFBQUFBQUFBQUFBQUFBQUFBQUFBQUFBQUFBQUFBQUFBQUFBQUFBQUFBQUFBQUFBQUFBQUFBQUFBQUFBQUFBQUFBQUFBQUFBQUFBQUFBQUFBQUFBQUFBQUFBQUFBQUFBQUFBQUFBQUFBQUFBQUFBQUFBQUFBQUFBQUFBQUFBQUFBQUFBQUFBQUFBQUFBQUFBQUFBQUFBQUFBQUFBQUFBQUFBQUFBQUFBQUFBQUFBQUFBQUFBQUFBQUFBQUFBQUFBQUFBQUFBQUFBQUFBQUFBQUFBQUFBQUFBQUFBQUFBQUFBQUFBQUFBQUFBQUFBQUFBQUFBQUFBQUFBQUFBQUFBQUFBQUFBQUFBQUFBQUFBQUFBQUFBQUFBQUFBQUFBQUFBQUFBQUFBQUFBQUFBQUFBQUFBQUFBQUFBQUFBQUFBQUFBQUFBQUFBQUFBQUFBQUFBQUFBQUFBQUFBQUFBQUFBQUFBQUFBQUFBQUFBQUFBQUFBQUFBQUFBQUFBQUFBQUFBQUFBQUFBQUFBQUFBQUFBQUFBQUFBQUFBQUFBQUFBQUFBQUFBQUFBQUFBQUFBQUFBQUFBQUFBQUFBQUFBQUFBQUFBQUFBQUFBQUFBQUFBQUFBQUFBQUFBQUFBQUFBQUFBQUFBQUFBQUFBQUFBQUFBQUFBQUFBQUFBQUFBQUFBQUFBQUFBQUFBQUFBQUFBQUFBQUFBQUFBQUFBQUFBQUFBQUFBQUFBQUFBQUFBQUFBQUFBQUFBQUFBQUFBQUFBQUFBQUFBQUFBQUFBQUFBQUFBQUFBQUFBQUFBQUFBQUFBQUFBQUFBQUFBQUFBQUFBQUFBQUFBQUFBQUFBQUFBQUFBQUFBQUFBQUFBQUFBQUFBQUFBQUFBQUFBQUFBQUFBQUFBQUFBQUFBQUFBQUFBQUFBQUFBQUFBQUFBQUFBQUFBQUFBQUFBQUFBQUFBQUFBQUFBQUFBQUFBQUFBQUFBQUFBQUFBQUFBQUFBQUFBQUFBQUFBQUFBQUFBQUFBQUFBQUFBQUFBQUFBQUFBQUFBQUFBQUFBQUFBQUFBQUFBQUFBQUFBQUFBQUFBQUFBQUFBQUFBQUFBQUFBQUFBQUFBQUFBQUFBQUFBQUFBQUFBQUFBQUFBQUFBQUFBQUFBQUFBQUFBQUFBQUFBQUFBQUFBQUFBQUFBQUFBQUFBQUFBQUFBQUFBQUFBQUFBQUFBQUFBQUFBQUFBQUFBQUFBQUFBQUFBQUFBQUFBQUFBQUFBQUFBQUFBQUFBQUFBQUFBQUFBQUFBQUFBQUFBQUFBQUFBQUFBQUFBQUFBQUFBQUFBQUFBQUFBQUFBQUFBQUFBQUFBQUFBQUFBQUFBQUFBQUFBQUFBQUFBQUFBQUFBQUFBQUFBQUFBQUFBQUFBQUFBQUFBQUFBQUFBQUFBQUFBQUFBQUFBQUFBQUFBQUFBQUFBQUFBQUFBQUFBQUFBQUFBQUFBQUFBQUFBQUFBQUFBQUFBQUFBQUFBQUFBQUFBQUFBQUFBQUFBQUFBQUFBQUFBQUFBQUFBQUFBQUFBQUFBQUFBQUFBQUFBQUFBQUFBQUFBQUFBQUFBQUFBQUFBQUFBQUFBQUFBQUFBQUFBQUFBQUFBQUFBQUFBQUFBQUFBQUFBQUFBQUFBQUFBQUFBQUFBQUFBQUFBQUFBQUFBQUFBQUFBQUFBQUFBQUFBQUFBQUFBQUFBQUFBQUFBQUFBQUFBQUFBQUFBQUFBQUFBQUFBQUFBQUFBQUFBQUFBQUFBQUFBQUFBQUFBQUFBQUFBQUFBQUFBQUFBQUFBQUFBQUFBQUFBQUFBQUFBQUFBQUFBQUFBQUFBQUFBQUFBQUFBQUFBQUFBQUFBQUFBQUFBQUFBQUFBQUFBQUFBQUFBQUFBQUFBQUFBQUFBQUFBQUFBQUFBQUFBQUFBQUFBQUFBQUFBQUFBQUFBQUFBQUFBQUFBQUFBQUFBQUFBQUFBQUFBQUFBQUFBQUFBQUFBQUFBQUFBQUFBQUFBQUFBQUFBQUFBQUFBQUFBQUFBQUFBQUFBQUFBQUFBQUFBQUFBQUFBQUFBQUFBQUFBQUFBQUFBQUFBQUFBQUFBQUFBQUFBQUFBQUFBQUFBQUFBQUFBQUFBQUFBQUFBQUFBQUFBQUFBQUFBQUFBQUFBQUFBQUFBQUFBQUFBQUFBQUFBQUFBQUFBQUFBQUFBQUFBQUFBQUFBQUFBQUFBQUFBQUFBQUFBQUFBQUFBQUFBQUFBQUFBQUFBQUFBQUFBQUFBQUFBQUFBQUFBQUFBQUFBQUFBQUFBQUFBQUFBQUFBQUFBQUFBQUFBQUFBQUFBQUFBQUFBQUFBQUFBQUFBQUFBQUFBQUFBQUFBQUFBQUFBQUFBQUFBQUFBQUFBQUFBQUFBQUFBQUFBQUFBQUFBQUFBQUFBQUFBQUFBQUFBQUFBQUFBQUFBQUFBQUFBQUFBQUFBQUFBQUFBQUFBQUFBQUFBQUFBQUFBQUFBQUFBQUFBQUFBQUFBQUFBQUFBQUFBQUFBQUFBQUFBQUFBQUFBQUFBQUFBQUFBQUFBQUFBQUFBQUFBQUFBQUFBQUFBQUFBQUFBQUFBQUFBQUFBQUFBQUFBQUFBQUFBQUFBQUFBQUFBQUFBQUFBQUFBQUFBQUFBQUFBQUFBQUFBQUFBQUFBQUFBQUFBQUFBQUFBQUFBQUFBQUFBQUFBQUFBQUFBQUFBQUFBQUFBQUFBQUFBQUFBQUFBQUFBQUFBQUFBQUFBQUFBQUFBQUFBQUFBQUFBQUFBQUFBQUFBQUFBQUFBQUFBQUFBQUFBQUFBQUFBQUFBQUFBQUFBQUFBQUFBQUFBQUFBQUFBQUFBQUFBQUFBQUFBQUFBQUFBQUFBQUFBQUFBQUFBQUFBQUFBQUFBQUFBQUFBQUFBQUFBQUFBQUFBQUFBQUFBQUFBQUFBQUFBQUFBQUFBQUFBQUFBQUFBQUFBQUFBQUFBQUFBQUFBQUFBQUFBQUFBQUFBQUFBQUFBQUFBQUFBQUFBQUFBQUFBQUFBQUFBQUFBQUFBQUFBQUFBQUFBQUFBQUFBQUFBQUFBQUFBQUFBQUFBQUFBQUFBQUFBQUFBQUFBQUFBQUFBQUFBQUFBQUFBQUFBQUFBQUFBQUFBQUFBQUFBQUFBQUFBQUFBQUFBQUFBQUFBQUFBQUFBQUFBQUFBQUFBQUFBQUFBQUFBQUFBQUFBQUFBQUFBQUFBQUFBQUFBQUFBQUFBQUFBQUFBQUFBQUFBQUFBQUFBQUFBQUFBQUFBQUFBQUFBQUFBQUFBQUFBQUFBQUFBQUFBQUFBQUFBQUFBQUFBQUFBQUFBQUFBQUFBQUFBQUFBQUFBQUFBQUFBQUFBQUFBQUFBQUFBQUFBQUFBQUFBQUFBQUFBQUFBQUFBQUFBQUFBQUFBQUFBQUFBQUFBQUFBQUFBQUFBQUFBQUFBQUFBQUFBQUFBQUFBQUFBQUFBQUFBQUFBQUFBQUFBQUFBQUFBQUFBQUFBQUFBQUFBQUFBQUFBQUFBQUFBQUFBQUFBQUFBQUFBQUFBQUFBQUFBQUFBQUFBQUFBQUFBQUFBQUFBQUFBQUFBQUFBQUFBQUFBQUFBQUFBQUFBQUFBQUFBQUFBQUFBQUFBQUFBQUFBQUFBQUFBQUFBQUFBQUFBQUFBQUFBQUFBQUFBQUFBQUFBQUFBQUFBQUFBQUFBQUFBQUFBQUFBQUFBQUFBQUFBQUFBQUFBQUFBQUFBQUFBQUFBQUFBQUFBQUFBQUFBQUFBQUFBQUFBQUFBQUFBQUFBQUFBQUFBQUFBQUFBQUFBQUFBQUFBQUFBQUFBQUFBQUFBQUFBQUFBQUFBQUFBQUFBQUFBQUFBQUFBQUFBQUFBQUFBQUFBQUFBQUFBQUFBQUFBQUFBQUFBQUFBQUFBQUFBQUFBQUFBQUFBQUFBQUFBQUFBQUFBQUFBQUFBQUFBQUFBQUFBQUFBQUFBQUFBQUFBQUFBQUFBQUFBQUFBQUFBQUFBQUFBQUFBQUFBQUFBQUFBQUFBQUFBQUFBQUFBQUFBQUFBQUFBQUFBQUFBQUFBQUFBQUFBQUFBQUFBQUFBQUFBQUFBQUFBQUFBQUFBQUFBQUFBQUFBQUFBQUFBQUFBQUFBQUFBQUFBQUFBQUFBQUFBQUFBQUFBQUFBQUFBQUFBQUFBQUFBQUFBQUFBQUFBQUFBQUFBQUFBQUFBQUFBQUFBQUFBQUFBQUFBQUFBQUFBQUFBQUFBQUFBQUFBQUFBQUFBQUFBQUFBQUFBQUFBQUFBQUFBQUFBQUFBQUFBQUFBQUFBQUFBQUFBQUFBQUFBQUFBQUFBQUFBQUFBQUFBQUFBQUFBQUFBQUFBQUFBQUFBQUFBQUFBQUFBQUFBQUFBQUFBQUFBQUFBQUFBQUFBQUFBQUFBQUFBQUFBQUFBQUFBQUFBQUFBQUFBQUFBQUFBQUFBQUFBQUFBQUFBQUFBQUFBQUFBQUFBQUFBQUFBQUFBQUFBQUFBQUFBQUFBQUFBQUFBQUFBQUFBQUFBQUFBQUFBQUFBQUFBQUFBQUFBQUFBQUFBQUFBQUFBQUFBQUFBQUFBQUFBQUFBQUFBQUFBQUFBQUFBQUFBQUFBQUFBQUFBQUFBQUFBQUFBQUFBQUFBQUFBQUFBQUFBQUFBQUFBQUFBQUFBQUFBQUFBQUFBQUFBQUFBQUFBQUFBQUFBQUFBQUFBQUFBQUFBQUFBQUFBQUFBQUFBQUFBQUFBQUFBQUFBQUFBQUFBQUFBQUFBQUFBQUFBQUFBQUFBQUFBQUFBQUFBQUFBQUFBQUFBQUFBQUFBQUFBQUFBQUFBQUFBQUFBQUFBQUFBQUFBQUFBQUFBQUFBQUFBQUFBQUFBQUFBQUFBQUFBQUFBQUFBQUFBQUFBQUFBQUFBQUFBQUFBQUFBQUFBQUFBQUFBQUFBQUFBQUFBQUFBQUFBQUFBQUFBQUFBQUFBQUFBQUFBQUFBQUFBQUFBQUFBQUFBQUFBQUFBQUFBQUFBQUFBQUFBQUFBQUFBQUFBQUFBQUFBQUFBQUFBQUFBQUFBQUFBQUFBQUFBQUFBQUFBQUFBQUFBQUFBQUFBQUFBQUFBQUFBQUFBQUFBQUFBQUFBQUFBQUFBQUFBQUFBQUFBQUFBQUFBQUFBQUFBQUFBQUFBQUFBQUFBQUFBQUFBQUFBQUFBQUFBQUFBQUFBQUFBQUFBQUFBQUFBQUFBQUFBQUFBQUFBQUFBQUFBQUFBQUFBQUFBQUFBQUFBQUFBQUFBQUFBQUFBQUFBQUFBQUFBQUFBQUFBQUFBQUFBQUFBQUFBQUFBQUFBQUFBQUFBQUFBQUFBQUFBQUFBQUFBQUFBQUFBQUFBQUFBQUFBQUFBQUFBQUFBQUFBQUFBQUFBQUFBQUFBQUFBQUFBQUFBQUFBQUFBQUFBQUFBQUFBQUFBQUFBQUFBQUFBQUFBQUFBQUFBQUFBQUFBQUFBQUFBQUFBQUFBQUFBQUFBQUFBQUFBQUFBQUFBQUFBQUFBQUFBQUFBQUFBQUFBQUFBQUFBQUFBQUFBQUFBQUFBQUFBQUFBQUFBQUFBQUFBQUFBQUFBQUFBQUFBQUFBQUFBQUFBQUFBQUFBQUFBQUFBQUFBQUFBQUFBQUFBQUFBQUFBQUFBQUFBQUFBQUFBQUFBQUFBQUFBQUFBQUFBQUFBQUFBQUFBQUFBQUFBQUFBQUFBQUFBQUFBQUFBQUFBQUFBQUFBQUFBQUFBQUFBQUFBQUFBQUFBQUFBQUFBQUFBQUFBQUFBQUFBQUFBQUFBQUFBQUFBQUFBQUFBQUFBQUFBQUFBQUFBQUFBQUFBQUFBQUFBQUFBQUFBQUFBQUFBQUFBQUFBQUFBQUFBQUFBQUFBQUFBQUFBQUFBQUFBQUFBQUFBQUFBQUFBQUFBQUFBQUFBQUFBQUFBQUFBQUFBQUFBQUFBQUFBQUFBQUFBQUFBQUFBQUFBQUFBQUFBQUFBQUFBQUFBQUFBQUFBQUFBQUFBQUFBQUFBQUFBQUFBQUFBQUFBQUFBQUFBQUFBQUFBQUFBQUFBQUFBQUFBQUFBQUFBQUFBQUFBQUFBQUFBQUFBQUFBQUFBQUFBQUFBQUFBQUFBQUFBQUFBQUFBQUFBQUFBQUFBQUFBQUFBQUFBQUFBQUFBQUFBQUFBQUFBQUFBQUFBQUFBQUFBQUFBQUFBQUFBQUFBQUFBQUFBQUFBQUFBQUFBQUFBQUFBQUFBQUFBQUFBQUFBQUFBQUFBQUFBQUFBQUFBQUFBQUFBQUFBQUFBQUFBQUFBQUFBQUFBQUFBQUFBQUFBQUFBQUFBQUFBQUFBQUFBQUFBQUFBQUFBQUFBQUFBQUFBQUFBQUFBQUFBQUFBQUFBQUFBQUFBQUFBQUFBQUFBQUFBQUFBQUFBQUFBQUFBQUFBQUFBQUFBQUFBQUFBQUFBQUFBQUFBQUFBQUFBQUFBQUFBQUFBQUFBQUFBQUFBQUFBQUFBQUFBQUFBQUFBQUFBQUFBQUFBQUFBQUFBQUFBQUFBQUFBQUFBQUFBQUFBQUFBQUFBQUFBQUFBQUFBQUFBQUFBQUFBQUFBQUFBQUFBQUFBQUFBQUFBQUFBQUFBQUFBQUFBQUFBQUFBQUFBQUFBQUFBQUFBQUFBQUFBQUFBQUFBQUFBQUFBQUFBQUFBQUFBQUFBQUFBQUFBQUFBQUFBQUFBQUFBQUFBQUFBQUFBQUFBQUFBQUFBQUFBQUFBQUFBQUFBQUFBQUFBQUFBQUFBQUFBQUFBQUFBQUFBQUFBQUFBQUFBQUFBQUFBQUFBQUFBQUFBQUFBQUFBQUFBQUFBQUFBQUFBQUFBQUFBQUFBQUFBQUFBQUFBQUFBQUFBQUFBQUFBQUFBQUFBQUFBQUFBQUFBQUFBQUFBQUFBQUFBQUFBQUFBQUFBQUFBQUFBQUFBQUFBQUFBQUFBQUFBQUFBQUFBQUFBQUFBQUFBQUFBQUFBQUFBQUFBQUFBQUFBQUFBQUFBQUFBQUFBQUFBQUFBQUFBQUFBQUFBQUFBQUFBQUFBQUFBQUFBQUFBQUFBQUFBQUFBQUFBQUFBQUFBQUFBQUFBQUFBQUFBQUFBQUFBQUFBQUFBQUFBQUFBQUFBQUFBQUFBQUFBQUFBQUFBQUFBQUFBQUFBQUFBQUFBQUFBQUFBQUFBQUFBQUFBQUFBQUFBQUFBQUFBQUFBQUFBQUFBQUFBQUFBQUFBQUFBQUFBQUFBQUFBQUFBQUFBQUFBQUFBQUFBQUFBQUFBQUFBQUFBQUFBQUFBQUFBQUFBQUFBQUFBQUFBQUFBQUFBQUFBQUFBQUFBQUFBQUFBQUFBQUFBQUFBQUFBQUFBQUFBQUFBQUFBQUFBQUFBQUFBQUFBQUFBQUFBQUFBQUFBQUFBQUFBQUFBQUFBQUFBQUFBQUFBQUFBQUFBQUFBQUFBQUFBQUFBQUFBQUFBQUFBQUFBQUFBQUFBQUFBQUFBQUFBQUFBQUFBQUFBQUFBQUFBQUFBQUFBQUFBQUFBQUFBQUFBQUFBQUFBQUFBQUFBQUFBQUFBQUFBQUFBQUFBQUFBQUFBQUFBQUFBQUFBQUFBQUFBQUFBQUFBQUFBQUFBQUFBQUFBQUFBQUFBQUFBQUFBQUFBQUFBQUFBQUFBQUFBQUFBQUFBQUFBQUFBQUFBQUFBQUFBQUFBQUFBQUFBQUFBQUFBQUFBQUFBQUFBQUFBQUFBQUFBQUFBQUFBQUFBQUFBQUFBQUFBQUFBQUFBQUFBQUFBQUFBQUFBQUFBQUFBQUFBQUFBQUFBQUFBQUFBQUFBQUFBQUFBQUFBQUFBQUFBQUFBQUFBQUFBQUFBQUFBQUFBQUFBQUFBQUFBQUFBQUFBQUFBQUFBQUFBQUFBQUFBQUFBQUFBQUFBQUFBQUFBQUFBQUFBQUFBQUFBQUFBQUFBQUFBQUFBQUFBQUFBQUFBQUFBQUFBQUFBQUFBQUFBQUFBQUFBQUFBQUFBQUFBQUFBQUFBQUFBQUFBQUFBQUFBQUFBQUFBQUFBQUFBQUFBQUFBQUFBQUFBQUFBQUFBQUFBQUFBQUFBQUFBQUFBQUFBQUFBQUFBQUFBQUFBQUFBQUFBQUFBQUFBQUFBQUFBQUFBQUFBQUFBQUFBQUFBQUFBQUFBQUFBQUFBQUFBQUFBQUFBQUFBQUFBQUFBQUFBQUFBQUFBQUFBQUFBQUFBQUFBQUFBQUFBQUFBQUFBQUFBQUFBQUFBQUFBQUFBQUFBQUFBQUFBQUFBQUFBQUFBQUFBQUFBQUFBQUFBQUFBQUFBQUFBQUFBQUFBQUFBQUFBQUFBQUFBQUFBQUFBQUFBQUFBQUFBQUFBQUFBQUFBQUFBQUFBQUFBQUFBQUFBQUFBQUFBQUFBQUFBQUFBQUFBQUFBQUFBQUFBQUFBQUFBQUFBQUFBQUFBQUFBQUFBQUFBQUFBQUFBQUFBQUFBQUFBQUFBQUFBQUFBQUFBQUFBQUFBQUFBQUFBQUFBQUFBQUFBQUFBQUFBQUFBQUFBQUFBQUFBQUFBQUFBQUFBQUFBQUFBQUFBQUFBQUFBQUFBQUFBQUFBQUFBQUFBQUFBQUFBQUFBQUFBQUFBQUFBQUFBQUFBQUFBQUFBQUFBQUFBQUFBQUFBQUFBQUFBQUFBQUFBQUFBQUFBQUFBQUFBQUFBQUFBQUFBQUFBQUFBQUFBQUFBQUFBQUFBQUFBQUFBQUFBQUFBQUFBQUFBQUFBQUFBQUFBQUFBQUFBQUFBQUFBQUFBQUFBQUFBQUFBQUFBQUFBQUFBQUFBQUFBQUFBQUFBQUFBQUFBQUFBQUFBQUFBQUFBQUFBQUFBQUFBQUFBQUFBQUFBQUFBQUFBQUFBQUFBQUFBQUFBQUFBQUFBQUFBQUFBQUFBQUFBQUFBQUFBQUFBQUFBQUFBQUFBQUFBQUFBQUFBQUFBQUFBQUFBQUFBQUFBQUFBQUFBQUFBQUFBQUFBQUFBQUFBQUFBQUFBQUFBQUFBQUFBQUFBQUFBQUFBQUFBQUFBQUFBQUFBQUFBQUFBQUFBQUFBQUFBQUFBQUFBQUFBQUFBQUFBQUFBQUFBQUFBQUFBQUFBQUFBQUFBQUFBQUFBQUFBQUFBQUFBQUFBQUFBQUFBQUFBQUFBQUFBQUFBQUFBQUFBQUFBQUFBQUFBQUFBQUFBQUFBQUFBQUFBQUFBQUFBQUFBQUFBQUFBQUFBQUFBQUFBQUFBQUFBQUFBQUFBQUFBQUFBQUFBQUFBQUFBQUFBQUFBQUFBQUFBQUFBQUFBQUFBQUFBQUFBQUFBQUFBQUFBQUFBQUFBQUFBQUFBQUFBQUFBQUFBQUFBQUFBQUFBQUFBQUFBQUFBQUFBQUFBQUFBQUFBQUFBQUFBQUFBQUFBQUFBQUFBQUFBQUFBQUFBQUFBQUFBQUFBQUFBQUFBQUFBQUFBQUFBQUFBQUFBQUFBQUFBQUFBQUFBQUFBQUFBQUFBQUFBQUFBQUFBQUFBQUFBQUFBQUFBQUFBQUFBQUFBQUFBQUFBQUFBQUFBQUFBQUFBQUFBQUFBQUFBQUFBQUFBQUFBQUFBQUFBQUFBQUFBQUFBQUFBQUFBQUFBQUFBQUFBQUFBQUFBQUFBQUFBQUFBQUFBQUFBQUFBQUFBQUFBQUFBQUFBQUFBQUFBQUFBQUFBQUFBQUFBQUFBQUFBQUFBQUFBQUFBQUFBQUFBQUFBQUFBQUFBQUFBQUFBQUFBQUFBQUFBQUFBQUFBQUFBQUFBQUFBQUFBQUFBQUFBQUFBQUFBQUFBQUFBQUFBQUFBQUFBQUFBQUFBQUFBQUFBQUFBQUFBQUFBQUFBQUFBQUFBQUFBQUFBQUFBQUFBQUFBQUFBQUFBQUFBQUFBQUFBQUFBQUFBQUFBQUFBQUFBQUFBQUFBQUFBQUFBQUFBQUFBQUFBQUFBQUFBQUFBQUFBQUFBQUFBQUFBQUFBQUFBQUFBQUFBQUFBQUFBQUFBQUFBQUFBQUFBQUFBQUFBQUFBQUFBQUFBQUFBQUFBQUFBQUFBQUFBQUFBQUFBQUFBQUFBQUFBQUFBQUFBQUFBQUFBQUFBQUFBQUFBQUFBQUFBQUFBQUFBQUFBQUFBQUFBQUFBQUFBQUFBQUFBQUFBQUFBQUFBQUFBQUFBQUFBQUFBQUFBQUFBQUFBQUFBQUFBQUFBQUFBQUFBQUFBQUFBQUFBQUFBQUFBQUFBQUFBQUFBQUFBQUFBQUFBQUFBQUFBQUFBQUFBQUFBQUFBQUFBQUFBQUFBQUFBQUFBQUFBQUFBQUFBQUFBQUFBQUFBQUFBQUFBQUFBQUFBQUFBQUFBQUFBQUFBQUFBQUFBQUFBQUFBQUFBQUFBQUFBQUFBQUFBQUFBQUFBQUFBQUFBQUFBQUFBQUFBQUFBQUFBQUFBQUFBQUFBQUFBQUFBQUFBQUFBQUFBQUFBQUFBQUFBQUFBQUFBQUFBQUFBQUFBQUFBQUFBQUFBQUFBQUFBQUFBQUFBQUFBQUFBQUFBQUFBQUFBQUFBQUFBQUFBQUFBQUFBQUFBQUFBQUFBQUFBQUFBQUFBQUFBQUFBQUFBQUFBQUFBQUFBQUFBQUFBQUFBQUFBQUFBQUFBQUFBQUFBQUFBQUFBQUFBQUFBQUFBQUFBQUFBQUFBQUFBQUFBQUFBQUFBQUFBQUFBQUFBQUFBQUFBQUFBQUFBQUFBQUFBQUFBQUFBQUFBQUFBQUFBQUFBQUFBQUFBQUFBQUFBQUFBQUFBQUFBQUFBQUFBQUFBQUFBQUFBQUFBQUFBQUFBQUFBQUFBQUFBQUFBQUFBQUFBQUFBQUFBQUFBQUFBQUFBQUFBQUFBQUFBQUFBQUFBQUFBQUFBQUFBQUFBQUFBQUFBQUFBQUFBQUFBQUFBQUFBQUFBQUFBQUFBQUFBQUFBQUFBQUFBQUFBQUFBQUFBQUFBQUFBQUFBQUFBQUFBQUFBQUFBQUFBQUFBQUFBQUFBQUFBQUFBQUFBQUFBQUFBQUFBQUFBQUFBQUFBQUFBQUFBQUFBQUFBQUFBQUFBQUFBQUFBQUFBQUFBQUFBQUFBQUFBQUFBQUFBQUFBQUFBQUFBQUFBQUFBQUFBQUFBQUFBQUFBQUFBQUFBQUFBQUFBQUFBQUFBQUFBQUFBQUFBQUFBQUFBQUFBQUFBQUFBQUFBQUFBQUFBQUFBQUFBQUFBQUFBQUFBQUFBQUFBQUFBQUFBQUFBQUFBQUFBQUFBQUFBQUFBQUFBQUFBQUFBQUFBQUFBQUFBQUFBQUFBQUFBQUFBQUFBQUFBQUFBQUFBQUFBQUFBQUFBQUFBQUFBQUFBQUFBQUFBQUFBQUFBQUFBQUFBQUFBQUFBQUFBQUFBQUFBQUFBQUFBQUFBQUFBQUFBQUFBQUFBQUFBQUFBQUFBQUFBQUFBQUFBQUFBQUFBQUFBQUFBQUFBQUFBQUFBQUFBQUFBQUFBQUFBQUFBQUFBQUFBQUFBQUFBQUFBQUFBQUFBQUFBQUFBQUFBQUFBQUFBQUFBQUFBQUFBQUFBQUFBQUFBQUFBQUFBQUFBQUFBQUFBQUFBQUFBQUFBQUFBQUFBQUFBQUFBQUFBQUFBQUFBQUFBQUFBQUFBQUFBQUFBQUFBQUFBQUFBQUFBQUFBQUFBQUFBQUFBQUFBQUFBQUFBQUFBQUFBQUFBQUFBQUFBQUFBQUFBQUFBQUFBQUFBQUFBQUFBQUFBQUFBQUFBQUFBQUFBQUFBQUFBQUFBQUFBQUFBQUFBQUFBQUFBQUFBQUFBQUFBQUFBQUFBQUFBQUFBQUFBQUFBQUFBQUFBQUFBQUFBQUFBQUFBQUFBQUFBQUFBQUFBQUFBQUFBQUFBQUFBQUFBQUFBQUFBQUFBQUFBQUFBQUFBQUFBQUFBQUFBQUFBQUFBQUFBQUFBQUFBQUFBQUFBQUFBQUFBQUFBQUFBQUFBQUFBQUFBQUFBQUFBQUFBQUFBQUFBQUFBQUFBQUFBQUFBQUFBQUFBQUFBQUFBQUFBQUFBQUFBQUFBQUFBQUFBQUFBQUFBQUFBQUFBQUFBQUFBQUFBQUFBQUFBQUFBQUFBQUFBQUFBQUFBQUFBQUFBQUFBQUFBQUFBQUFBQUFBQUFBQUFBQUFBQUFBQUFBQUFBQUFBQUFBQUFBQUFBQUFBQUFBQUFBQUFBQUFBQUFBQUFBQUFBQUFBQUFBQUFBQUFBQUFBQUFBQUFBQUFBQUFBQUFBQUFBQUFBQUFBQUFBQUFBQUFBQUFBQUFBQUFBQUFBQUFBQUFBQUFBQUFBQUFBQUFBQUFBQUFBQUFBQUFBQUFBQUFBQUFBQUFBQUFBQUFBQUFBQUFBQUFBQUFBQUFBQUFBQUFBQUFBQUFBQUFBQUFBQUFBQUFBQUFBQUFBQUFBQUFBQUFBQUFBQUFBQUFBQUFBQUFBQUFBQUFBQUFBQUFBQUFBQUFBQUFBQUFBQUFBQUFBQUFBQUFBQUFBQUFBQUFBQUFBQUFBQUFBQUFBQUFBQUFBQUFBQUFBQUFBQUFBQUFBQUFBQUFBQUFBQUFBQUFBQUFBQUFBQUFBQUFBQUFBQUFBQUFBQUFBQUFBQUFBQUFBQUFBQUFBQUFBQUFBQUFBQUFBQUFBQUFBQUFBQUFBQUFBQUFBQUFBQUFBQUFBQUFBQUFBQUFBQUFBQUFBQUFBQUFBQUFBQUFBQUFBQUFBQUFBQUFBQUFBQUFBQUFBQUFBQUFBQUFBQUFBQUFBQUFBQUFBQUFBQUFBQUFBQUFBQUFBQUFBQUFBQUFBQUFBQUFBQUFBQUFBQUFBQUFBQUFBQUFBQUFBQUFBQUFBQUFBQUFBQUFBQUFBQUFBQUFBQUFBQUFBQUFBQUFBQUFBQUFBQUFBQUFBQUFBQUFBQUFBQUFBQUFBQUFBQUFBQUFBQUFBQUFBQUFBQUFBQUFBQUFBQUFBQUFBQUFBQUFBQUFBQUFBQUFBQUFBQUFBQUFBQUFBQUFBQUFBQUFBQUFBQUFBQUFBQUFBQUFBQUFBQUFBQUFBQUFBQUFBQUFBQUFBQUFBQUFBQUFBQUFBQUFBQUFBQUFBQUFBQUFBQUFBQUFBQUFBQUFBQUFBQUFBQUFBQUFBQUFBQUFBQUFBQUFBQUFBQUFBQUFBQUFBQUFBQUFBQUFBQUFBQUFBQUFBQUFBQUFBQUFBQUFBQUFBQUFBQUFBQUFBQUFBQUFBQUFBQUFBQUFBQUFBQUFBQUFBQUFBQUFBQUFBQUFBQUFBQUFBQUFBQUFBQUFBQUFBQUFBQUFBQUFBQUFBQUFBQUFBQUFBQUFBQUFBQUFBQUFBQUFBQUFBQUFBQUFBQUFBQUFBQUFBQUFBQUFBQUFBQUFBQUFBQUFBQUFBQUFBQUFBQUFBQUFBQUFBQUFBQUFBQUFBQUFBQUFBQUFBQUFBQUFBQUFBQUFBQUFBQUFBQUFBQUFBQUFBQUFBQUFBQUFBQUFBQUFBQUFBQUFBQUFBQUFBQUFBQUFBQUFBQUFBQUFBQUFBQUFBQUFBQUFBQUFBQUFBQUFBQUFBQUFBQUFBQUFBQUFBQUFBQUFBQUFBQUFBQUFBQUFBQUFBQUFBQUFBQUFBQUFBQUFBQUFBQUFBQUFBQUFBQUFBQUFBQUFBQUFBQUFBQUFBQUFBQUFBQUFBQUFBQUFBQUFBQUFBQUFBQUFBQUFBQUFBQUFBQUFBQUFBQUFBQUFBQUFBQUFBQUFBQUFBQUFBQUFBQUFBQUFBQUFBQUFBQUFBQUFBQUFBQUFBQUFBQUFBQUFBQUFBQUFBQUFBQUFBQUFBQUFBQUFBQUFBQUFBQUFBQUFBQUFBQUFBQUFBQUFBQUFBQUFBQUFBQUFBQUFBQUFBQUFBQUFBQUFBQUFBQUFBQUFBQUFBQUFBQUFBQUFBQUFBQUFBQUFBQUFBQUFBQUFBQUFBQUFBQUFBQUFBQUFBQUFBQUFBQUFBQUFBQUFBQUFBQUFBQUFBQUFBQUFBQUFBQUFBQUFBQUFBQUFBQUFBQUFBQUFBQUFBQUFBQUFBQUFBQUFBQUFBQUFBQUFBQUFBQUFBQUFBQUFBQUFBQUFBQUFBQUFBQUFBQUFBQUFBQUFBQUFBQUFBQUFBQUFBQUFBQUFBQUFBQUFBQUFBQUFBQUFBQUFBQUFBQUFBQUFBQUFBQUFBQUFBQUFBQUFBQUFBQUFBQUFBQUFBQUFBQUFBQUFBQUFBQUFBQUFBQUFBQUFBQUFBQUFBQUFBQUFBQUFBQUFBQUFBQUFBQUFBQUFBQUFBQUFBQUFBQUFBQUFBQUFBQUFBQUFBQUFBQUFBQUFBQUFBQUFBQUFBQUFBQUFBQUFBQUFBQUFBQUFBQUFBQUFBQUFBQUFBQUFBQUFBQUFBQUFBQUFBQUFBQUFBQUFBQUFBQUFBQUFBQUFBQUFBQUFBQUFBQUFBQUFBQUFBQUFBQUFBQUFBQUFBQUFBQUFBQUFBQUFBQUFBQUFBQUFBQUFBQUFBQUFBQUFBQUFBQUFBQUFBQUFBQUFBQUFBQUFBQUFBQUFBQUFBQUFBQUFBQUFBQUFBQUFBQUFBQUFBQUFBQUFBQUFBQUFBQUFBQUFBQUFBQUFBQUFBQUFBQUFBQUFBQUFBQUFBQUFBQUFBQUFBQUFBQUFBQUFBQUFBQUFBQUFBQUFBQUFBQUFBQUFBQUFBQUFBQUFBQUFBQUFBQUFBQUFBQUFBQUFBQUFBQUFBQUFBQUFBQUFBQUFBQUFBQUFBQUFBQUFBQUFBQUFBQUFBQUFBQUFBQUFBQUFBQUFBQUFBQUFBQUFBQUFBQUFBQUFBQUFBQUFBQUFBQUFBQUFBQUFBQUFBQUFBQUFBQUFBQUFBQUFBQUFBQUFBQUFBQUFBQUFBQUFBQUFBQUFBQUFBQUFBQUFBQUFBQUFBQUFBQUFBQUFBQUFBQUFBQUFBQUFBQUFBQUFBQUFBQUFBQUFBQUFBQUFBQUFBQUFBQUFBQUFBQUFBQUFBQUFBQUFBQUFBQUFBQUFBQUFBQUFBQUFBQUFBQUFBQUFBQUFBQUFBQUFBQUFBQUFBQUFBQUFBQUFBQUFBQUFBQUFBQUFBQUFBQUFBQUFBQUFBQUFBQUFBQUFBQUFBQUFBQUFBQUFBQUFBQUFBQUFBQUFBQUFBQUFBQUFBQUFBQUFBQUFBQUFBQUFBQUFBQUFBQUFBQUFBQUFBQUFBQUFBQUFBQUFBQUFBQUFBQUFBQUFBQUFBQUFBQUFBQUFBQUFBQUFBQUFBQUFBQUFBQUFBQUFBQUFBQUFBQUFBQUFBQUFBQUFBQUFBQUFBQUFBQUFBQUFBQUFBQUFBQUFBQUFBQUFBQUFBQUFBQUFBQUFBQUFBQUFBQUFBQUFBQUFBQUFBQUFBQUFBQUFBQUFBQUFBQUFBQUFBQUFBQUFBQUFBQUFBQUFBQUFBQUFBQUFBQUFBQUFBQUFBQUFBQUFBQUFBQUFBQUFBQUFBQUFBQUFBQUFBQUFBQUFBQUFBQUFBQUFBQUFBQUFBQUFBQUFBQUFBQUFBQUFBQUFBQUFBQUFBQUFBQUFBQUFBQUFBQUFBQUFBQUFBQUFBQUFBQUFBQUFBQUFBQUFBQUFBQUFBQUFBQUFBQUFBQUFBQUFBQUFBQUFBQUFBQUFBQUFBQUFBQUFBQUFBQUFBQUFBQUFBQUFBQUFBQUFBQUFBQUFBQUFBQUFBQUFBQUFBQUFBQUFBQUFBQUFBQUFBQUFBQUFBQUFBQUFBQUFBQUFBQUFBQUFBQUFBQUFBQUFBQUFBQUFBQUFBQUFBQUFBQUFBQUFBQUFBQUFBQUFBQUFBQUFBQUFBQUFBQUFBQUFBQUFBQUFBQUFBQUFBQUFBQUFBQUFBQUFBQUFBQUFBQUFBQUFBQUFBQUFBQUFBQUFBQUFBQUFBQUFBQUFBQUFBQUFBQUFBQUFBQUFBQUFBQUFBQUFBQUFBQUFBQUFBQUFBQUFBQUFBQUFBQUFBQUFBQUFBQUFBQUFBQUFBQUFBQUFBQUFBQUFBQUFBQUFBQUFBQUFBQUFBQUFBQUFBQUFBQUFBQUFBQUFBQUFBQUFBQUFBQUFBQUFBQUFBQUFBQUFBQUFBQUFBQUFBQUFBQUFBQUFBQUFBQUFBQUFBQUFBQUFBQUFBQUFBQUFBQUFBQUFBQUFBQUFBQUFBQUFBQUFBQUFBQUFBQUFBQUFBQUFBQUFBQUFBQUFBQUFBQUFBQUFBQUFBQUFBQUFBQUFBQUFBQUFBQUFBQUFBQUFBQUFBQUFBQUFBQUFBQUFBQUFBQUFBQUFBQUFBQUFBQUFBQUFBQUFBQUFBQUFBQUFBQUFBQUFBQUFBQUFBQUFBQUFBQUFBQUFBQUFBQUFBQUFBQUFBQUFBQUFBQUFBQUFBQUFBQUFBQUFBQUFBQUFBQUFBQUFBQUFBQUFBQUFBQUFBQUFBQUFBQUFBQUFBQUFBQUFBQUFBQUFBQUFBQUFBQUFBQUFBQUFBQUFBQUFBQUFBQUFBQUFBQUFBQUFBQUFBQUFBQUFBQUFBQUFBQUFBQUFBQUFBQUFBQUFBQUFBQUFBQUFBQUFBQUFBQUFBQUFBQUFBQUFBQUFBQUFBQUFBQUFBQUFBQUFBQUFBQUFBQUFBQUFBQUFBQUFBQUFBQUFBQUFBQUFBQUFBQUFBQUFBQUFBQUFBQUFBQUFBQUFBQUFBQUFBQUFBQUFBQUFBQUFBQUFBQUFBQUFBQUFBQUFBQUFBQUFBQUFBQUFBQUFBQUFBQUFBQUFBQUFBQUFBQUFBQUFBQUFBQUFBQUFBQUFBQUFBQUFBQUFBQUFBQUFBQUFBQUFBQUFBQUFBQUFBQUFBQUFBQUFBQUFBQUFBQUFBQUFBQUFBQUFBQUFBQUFBQUFBQUFBQUFBQUFBQUFBQUFBQUFBQUFBQUFBQUFBQUFBQUFBQUFBQUFBQUFBQUFBQUFBQUFBQUFBQUFBQUFBQUFBQUFBQUFBQUFBQUFBQUFBQUFBQUFBQUFBQUFBQUFBQUFBQUFBQUFBQUFBQUFBQUFBQUFBQUFBQUFBQUFBQUFBQUFBQUFBQUFBQUFBQUFBQUFBQUFBQUFBQUFBQUFBQUFBQUFBQUFBQUFBQUFBQUFBQUFBQUFBQUFBQUFBQUFBQUFBQUFBQUFBQUFBQUFBQUFBQUFBQUFBQUFBQUFBQUFBQUFBQUFBQUFBQUFBQUFBQUFBQUFBQUFBQUFBQUFBQUFBQUFBQUFBQUFBQUFBQUFBQUFBQUFBQUFBQUFBQUFBQUFBQUFBQUFBQUFBQUFBQUFBQUFBQUFBQUFBQUFBQUFBQUFBQUFBQUFBQUFBQUFBQUFBQUFBQUFBQUFBQUFBQUFBQUFBQUFBQUFBQUFBQUFBQUFBQUFBQUFBQUFBQUFBQUFBQUFBQUFBQUFBQUFBQUFBQUFBQUFBQUFBQUFBQUFBQUFBQUFBQUFBQUFBQUFBQUFBQUFBQUFBQUFBQUFBQUFBQUFBQUFBQUFBQUFBQUFBQUFBQUFBQUFBQUFBQUFBQUFBQUFBQUFBQUFBQUFBQUFBQUFBQUFBQUFBQUFBQUFBQUFBQUFBQUFBQUFBQUFBQUFBQUFBQUFBQUFBQUFBQUFBQUFBQUFBQUFBQUFBQUFBQUFBQUFBQUFBQUFBQUFBQUFBQUFBQUFBQUFBQUFBQUFBQUFBQUFBQUFBQUFBQUFBQUFBQUFBQUFBQUFBQUFBQUFBQUFBQUFBQUFBQUFBQUFBQUFBQUFBQUFBQUFBQUFBQUFBQUFBQUFBQUFBQUFBQUFBQUFBQUFBQUFBQUFBQUFBQUFBQUFBQUFBQUFBQUFBQUFBQUFBQUFBQUFBQUFBQUFBQUFBQUFBQUFBQUFBQUFBQUFBQUFBQUFBQUFBQUFBQUFBQUFBQUFBQUFBQUFBQUFBQUFBQUFBQUFBQUFBQUFBQUFBQUFBQUFBQUFBQUFBQUFBQUFBQUFBQUFBQUFBQUFBQUFBQUFBQUFBQUFBQUFBQUFBQUFBQUFBQUFBQUFBQUFBQUFBQUFBQUFBQUFBQUFBQUFBQUFBQUFBQUFBQUFBQUFBQUFBQUFBQUFBQUFBQUFBQUFBQUFBQUFBQUFBQUFBQUFBQUFBQUFBQUFBQUFBQUFBQUFBQUFBQUFBQUFBQUFBQUFBQUFBQUFBQUFBQUFBQUFBQUFBQUFBQUFBQUFBQUFBQUFBQUFBQUFBQUFBQUFBQUFBQUFBQUFBQUFBQUFBQUFBQUFBQUFBQUFBQUFBQUFBQUFBQUFBQUFBQUFBQUFBQUFBQUFBQUFBQUFBQUFBQUFBQUFBQUFBQUFBQUFBQUFBQUFBQUFBQUFBQUFBQUFBQUFBQUFBQUFBQUFBQUFBQUFBQUFBQUFBQUFBQUFBQUFBQUFBQUFBQUFBQUFBQUFBQUFBQUFBQUFBQUFBQUFBQUFBQUFBQUFBQUFBQUFBQUFBQUFBQUFBQUFBQUFBQUFBQUFBQUFBQUFBQUFBQUFBQUFBQUFBQUFBQUFBQUFBQUFBQUFBQUFBQUFBQUFBQUFBQUFBQUFBQUFBQUFBQUFBQUFBQUFBQUFBQUFBQUFBQUFBQUFBQUFBQUFBQUFBQUFBQUFBQUFBQUFBQUFBQUFBQUFBQUFBQUFBQUFBQUFBQUFBQUFBQUFBQUFBQUFBQUFBQUFBQUFBQUFBQUFBQUFBQUFBQUFBQUFBQUFBQUFBQUFBQUFBQUFBQUFBQUFBQUFBQUFBQUFBQUFBQUFBQUFBQUFBQUFBQUFBQUFBQUFBQUFBQUFBQUFBQUFBQUFBQUFBQUFBQUFBQUFBQUFBQUFBQUFBQUFBQUFBQUFBQUFBQUFBQUFBQUFBQUFBQUFBQUFBQUFBQUFBQUFBQUFBQUFBQUFBQUFBQUFBQUFBQUFBQUFBQUFBQUFBQUFBQUFBQUFBQUFBQUFBQUFBQUFBQUFBQUFBQUFBQUFBQUFBQUFBQUFBQUFBQUFBQUFBQUFBQUFBQUFBQUFBQUFBQUFBQUFBQUFBQUFBQUFBQUFBQUFBQUFBQUFBQUFBQUFBQUFBQUFBQUFBQUFBQUFBQUFBQUFBQUFBQUFBQUFBQUFBQUFBQUFBQUFBQUFBQUFBQUFBQUFBQUFBQUFBQUFBQUFBQUFBQUFBQUFBQUFBQUFBQUFBQUFBQUFBQUFBQUFBQUFBQUFBQUFBQUFBQUFBQUFBQUFBQUFBQUFBQUFBQUFBQUFBQUFBQUFBQUFBQUFBQUFBQUFBQUFBQUFBQUFBQUFBQUFBQUFBQUFBQUFBQUFBQUFBQUFBQUFBQUFBQUFBQUFBQUFBQUFBQUFBQUFBQUFBQUFBQUFBQUFBQUFBQUFBQUFBQUFBQUFBQUFBQUFBQUFBQUFBQUFBQUFBQUFBQUFBQUFBQUFBQUFBQUFBQUFBQUFBQUFBQUFBQUFBQUFBQUFBQUFBQUFBQUFBQUFBQUFBQUFBQUFBQUFBQUFBQUFBQUFBQUFBQUFBQUFBQUFBQUFBQUFBQUFBQUFBQUFBQUFBQUFBQUFBQUFBQUFBQUFBQUFBQUFBQUFBQUFBQUFBQUFBQUFBQUFBQUFBQUFBQUFBQUFBQUFBQUFBQUFBQUFBQUFBQUFBQUFBQUFBQUFBQUFBQUFBQUFBQUFBQUFBQUFBQUFBQUFBQUFBQUFBQUFBQUFBQUFBQUFBQUFBQUFBQUFBQUFBQUFBQUFBQUFBQUFBQUFBQUFBQUFBQUFBQUFBQUFBQUFBQUFBQUFBQUFBQUFBQUFBQUFBQUFBQUFBQUFBQUFBQUFBQUFBQUFBQUFBQUFBQUFBQUFBQUFBQUFBQUFBQUFBQUFBQUFBQUFBQUFBQUFBQUFBQUFBQUFBQUFBQUFBQUFBQUFBQUFBQUFBQUFBQUFBQUFBQUFBQUFBQUFBQUFBQUFBQUFBQUFBQUFBQUFBQUFBQUFBQUFBQUFBQUFBQUFBQUFBQUFBQUFBQUFBQUFBQUFBQUFBQUFBQUFBQUFBQUFBQUFBQUFBQUFBQUFBQUFBQUFBQUFBQUFBQUFBQUFBQUFBQUFBQUFBQUFBQUFBQUFBQUFBQUFBQUFBQUFBQUFBQUFBQUFBQUFBQUFBQUFBQUFBQUFBQUFBQUFBQUFBQUFBQUFBQUFBQUFBQUFBQUFBQUFBQUFBQUFBQUFBQUFBQUFBQUFBQUFBQUFBQUFBQUFBQUFBQUFBQUFBQUFBQUFBQUFBQUFBQUFBQUFBQUFBQUFBQUFBQUFBQUFBQUFBQUFBQUFBQUFBQUFBQUFBQUFBQUFBQUFBQUFBQUFBQUFBQUFBQUFBQUFBQUFBQUFBQUFBQUFBQUFBQUFBQUFBQUFBQUFBQUFBQUFBQUFBQUFBQUFBQUFBQUFBQUFBQUFBQUFBQUFBQUFBQUFBQUFBQUFBQUFBQUFBQUFBQUFBQUFBQUFBQUFBQUFBQUFBQUFBQUFBQUFBQUFBQUFBQUFBQUFBQUFBQUFBQUFBQUFBQUFBQUFBQUFBQUFBQUFBQUFBQUFBQUFBQUFBQUFBQUFBQUFBQUFBQUFBQUFBQUFBQUFBQUFBQUFBQUFBQUFBQUFBQUFBQUFBQUFBQUFBQUFBQUFBQUFBQUFBQUFBQUFBQUFBQUFBQUFBQUFBQUFBQUFBQUFBQUFBQUFBQUFBQUFBQUFBQUFBQUFBQUFBQUFBQUFBQUFBQUFBQUFBQUFBQUFBQUFBQUFBQUFBQUFBQUFBQUFBQUFBQUFBQUFBQUFBQUFBQUFBQUFBQUFBQUFBQUFBQUFBQUFBQUFBQUFBQUFBQUFBQUFBQUFBQUFBQUFBQUFBQUFBQUFBQUFBQUFBQUFBQUFBQUFBQUFBQUFBQUFBQUFBQUFBQUFBQUFBQUFBQUFBQUFBQUFBQUFBQUFBQUFBQUFBQUFBQUFBQUFBQUFBQUFBQUFBQUFBQUFBQUFBQUFBQUFBQUFBQUFBQUFBQUFBQUFBQUFBQUFBQUFBQUFBQUFBQUFBQUFBQUFBQUFBQUFBQUFBQUFBQUFBQUFBQUFBQUFBQUFBQUFBQUFBQUFBQUFBQUFBQUFBQUFBQUFBQUFBQUFBQUFBQUFBQUFBQUFBQUFBQUFBQUFBQUFBQUFBQUFBQUFBQUFBQUFBQUFBQUFBQUFBQUFBQUFBQUFBQUFBQUFBQUFBQUFBQUFBQUFBQUFBQUFBQUFBQUFBQUFBQUFBQUFBQUFBQUFBQUFBQUFBQUFBQUFBQUFBQUFBQUFBQUFBQUFBQUFBQUFBQUFBQUFBQUFBQUFBQUFBQUFBQUFBQUFBQUFBQUFBQUFBQUFBQUFBQUFBQUFBQUFBQUFBQUFBQUFBQUFBQUFBQUFBQUFBQUFBQUFBQUFBQUFBQUFBQUFBQUFBQUFBQUFBQUFBQUFBQUFBQUFBQUFBQUFBQUFBQUFBQUFBQUFBQUFBQUFBQUFBQUFBQUFBQUFBQUFBQUFBQUFBQUFBQUFBQUFBQUFBQUFBQUFBQUFBQUFBQUFBQUFBQUFBQUFBQUFBQUFBQUFBQUFBQUFBQUFBQUFBQUFBQUFBQUFBQUFBQUFBQUFBQUFBQUFBQUFBQUFBQUFBQUFBQUFBQUFBQUFBQUFBQUFBQUFBQUFBQUFBQUFBQUFBQUFBQUFBQUFBQUFBQUFBQUFBQUFBQUFBQUFBQUFBQUFBQUFBQUFBQUFBQUFBQUFBQUFBQUFBQUFBQUFBQUFBQUFBQUFBQUFBQUFBQUFBQUFBQUFBQUFBQUFBQUFBQUFBQUFBQUFBQUFBQUFBQUFBQUFBQUFBQUFBQUFBQUFBQUFBQUFBQUFBQUFBQUFBQUFBQUFBQUFBQUFBQUFBQUFBQUFBQUFBQUFBQUFBQUFBQUFBQUFBQUFBQUFBQUFBQUFBQUFBQUFBQUFBQUFBQUFBQUFBQUFBQUFBQUFBQUFBQUFBQUFBQUFBQUFBQUFBQUFBQUFBQUFBQUFBQUFBQUFBQUFBQUFBQUFBQUFBQUFBQUFBQUFBQUFBQUFBQUFBQUFBQUFBQUFBQUFBQUFBQUFBQUFBQUFBQUFBQUFBQUFBQUFBQUFBQUFBQUFBQUFBQUFBQUFBQUFBQUFBQUFBQUFBQUFBQUFBQUFBQUFBQUFBQUFBQUFBQUFBQUFBQUFBQUFBQUFBQUFBQUFBQUFBQUFBQUFBQUFBQUFBQUFBQUFBQUFBQUFBQUFBQUFBQUFBQUFBQUFBQUFBQUFBQUFBQUFBQUFBQUFBQUFBQUFBQUFBQUFBQUFBQUFBQUFBQUFBQUFBQUFBQUFBQUFBQUFBQUFBQUFBQUFBQUFBQUFBQUFBQUFBQUFBQUFBQUFBQUFBQUFBQUFBQUFBQUFBQUFBQUFBQUFBQUFBQUFBQUFBQUFBQUFBQUFBQUFBQUFBQUFBQUFBQUFBQUFBQUFBQUFBQUFBQUFBQUFBQUFBQUFBQUFBQUFBQUFBQUFBQUFBQUFBQUFBQUFBQUFBQUFBQUFBQUFBQUFBQUFBQUFBQUFBQUFBQUFBQUFBQUFBQUFBQUFBQUFBQUFBQUFBQUFBQUFBQUFBQUFBQUFBQUFBQUFBQUFBQUFBQUFBQUFBQUFBQUFBQUFBQUFBQUFBQUFBQUFBQUFBQUFBQUFBQUFBQUFBQUFBQUFBQUFBQUFBQUFBQUFBQUFBQUFBQUFBQUFBQUFBQUFBQUFBQUFBQUFBQUFBQUFBQUFBQUFBQUFBQUFBQUFBQUFBQUFBQUFBQUFBQUFBQUFBQUFBQUFBQUFBQUFBQUFBQUFBQUFBQUFBQUFBQUFBQUFBQUFBQUFBQUFBQUFBQUFBQUFBQUFBQUFBQUFBQUFBQUFBQUFBQUFBQUFBQUFBQUFBQUFBQUFBQUFBQUFBQUFBQUFBQUFBQUFBQUFBQUFBQUFBQUFBQUFBQUFBQUFBQUFBQUFBQUFBQUFBQUFBQUFBQUFBQUFBQUFBQUFBQUFBQUFBQUFBQUFBQUFBQUFBQUFBQUFBQUFBQUFBQUFBQUFBQUFBQUFBQUFBQUFBQUFBQUFBQUFBQUFBQUFBQUFBQUFBQUFBQUFBQUFBQUFBQUFBQUFBQUFBQUFBQUFBQUFBQUFBQUFBQUFBQUFBQUFBQUFBQUFBQUFBQUFBQUFBQUFBQUFBQUFBQUFBQUFBQUFBQUFBQUFBQUFBQUFBQUFBQUFBQUFBQUFBQUFBQUFBQUFBQUFBQUFBQUFBQUFBQUFBQUFBQUFBQUFBQUFBQUFBQUFBQUFBQUFBQUFBQUFBQUFBQUFBQUFBQUFBQUFBQUFBQUFBQUFBQUFBQUFBQUFBQUFBQUFBQUFBQUFBQUFBQUFBQUFBQUFBQUFBQUFBQUFBQUFBQUFBQUFBQUFBQUFBQUFBQUFBQUFBQUFBQUFBQUFBQUFBQUFBQUFBQUFBQUFBQUFBQUFBQUFBQUFBQUFBQUFBQUFBQUFBQUFBQUFBQUFBQUFBQUFBQUFBQUFBQUFBQUFBQUFBQUFBQUFBQUFBQUFBQUFBQUFBQUFBQUFBQUFBQUFBQUFBQUFBQUFBQUFBQUFBQUFBQUFBQUFBQUFBQUFBQUFBQUFBQUFBQUFBQUFBQUFBQUFBQUFBQUFBQUFBQUFBQUFBQUFBQUFBQUFBQUFBQUFBQUFBQUFBQUFBQUFBQUFBQUFBQUFBQUFBQUFBQUFBQUFBQUFBQUFBQUFBQUFBQUFBQUFBQUFBQUFBQUFBQUFBQUFBQUFBQUFBQUFBQUFBQUFBQUFBQUFBQUFBQUFBQUFBQUFBQUFBQUFBQUFBQUFBQUFBQUFBQUFBQUFBQUFBQUFBQUFBQUFBQUFBQUFBQUFBQUFBQUFBQUFBQUFBQUFBQUFBQUFBQUFBQUFBQUFBQUFBQUFBQUFBQUFBQUFBQUFBQUFBQUFBQUFBQUFBQUFBQUFBQUFBQUFBQUFBQUFBQUFBQUFBQUFBQUFBQUFBQUFBQUFBQUFBQUFBQUFBQUFBQUFBQUFBQUFBQUFBQUFBQUFBQUFBQUFBQUFBQUFBQUFBQUFBQUFBQUFBQUFBQUFBQUFBQUFBQUFBQUFBQUFBQUFBQUFBQUFBQUFBQUFBQUFBQUFBQUFBQUFBQUFBQUFBQUFBQUFBQUFBQUFBQUFBQUFBQUFBQUFBQUFBQUFBQUFBQUFBQUFBQUFBQUFBQUFBQUFBQUFBQUFBQUFBQUFBQUFBQUFBQUFBQUFBQUFBQUFBQUFBQUFBQUFBQUFBQUFBQUFBQUFBQUFBQUFBQUFBQUFBQUFBQUFBQUFBQUFBQUFBQUFBQUFBQUFBQUFBQUFBQUFBQUFBQUFBQUFBQUFBQUFBQUFBQUFBQUFBQUFBQUFBQUFBQUFBQUFBQUFBQUFBQUFBQUFBQUFBQUFBQUFBQUFBQUFBQUFBQUFBQUFBQUFBQUFBQUFBQUFBQUFBQUFBQUFBQUFBQUFBQUFBQUFBQUFBQUFBQUFBQUFBQUFBQUFBQUFBQUFBQUFBQUFBQUFBQUFBQUFBQUFBQUFBQUFBQUFBQUFBQUFBQUFBQUFBQUFBQUFBQUFBQUFBQUFBQUFBQUFBQUFBQUFBQUFBQUFBQUFBQUFBQUFBQUFBQUFBQUFBQUFBQUFBQUFBQUFBQUFBQUFBQUFBQUFBQUFBQUFBQUFBQUFBQUFBQUFBQUFBQUFBQUFBQUFBQUFBQUFBQUFBQUFBQUFBQUFBQUFBQUFBQUFBQUFBQUFBQUFBQUFBQUFBQUFBQUFBQUFBQUFBQUFBQUFBQUFBQUFBQUFBQUFBQUFBQUFBQUFBQUFBQUFBQUFBQUFBQUFBQUFBQUFBQUFBQUFBQUFBQUFBQUFBQUFBQUFBQUFBQUFBQUFBQUFBQUFBQUFBQUFBQUFBQUFBQUFBQUFBQUFBQUFBQUFBQUFBQUFBQUFBQUFBQUFBQUFBQUFBQUFBQUFBQUFBQUFBQUFBQUFBQUFBQUFBQUFBQUFBQUFBQUFBQUFBQUFBQUFBQUFBQUFBQUFBQUFBQUFBQUFBQUFBQUFBQUFBQUFBQUFBQUFBQUFBQUFBQUFBQUFBQUFBQUFBQUFBQUFBQUFBQUFBQUFBQUFBQUFBQUFBQUFBQUFBQUFBQUFBQUFBQUFBQUFBQUFBQUFBQUFBQUFBQUFBQUFBQUFBQUFBQUFBQUFBQUFBQUFBQUFBQUFBQUFBQUFBQUFBQUFBQUFBQUFBQUFBQUFBQUFBQUFBQUFBQUFBQUFBQUFBQUFBQUFBQUFBQUFBQUFBQUFBQUFBQUFBQUFBQUFBQUFBQUFBQUFBQUFBQUFBQUFBQUFBQUFBQUFBQUFBQUFBQUFBQUFBQUFBQUFBQUFBQUFBQUFBQUFBQUFBQUFBQUFBQUFBQUFBQUFBQUFBQUFBQUFBQUFBQUFBQUFBQUFBQUFBQUFBQUFBQUFBQUFBQUFBQUFBQUFBQUFBQUFBQUFBQUFBQUFBQUFBQUFBQUFBQUFBQUFBQUFBQUFBQUFBQUFBQUFBQUFBQUFBQUFBQUFBQUFBQUFBQUFBQUFBQUFBQUFBQUFBQUFBQUFBQUFBQUFBQUFBQUFBQUFBQUFBQUFBQUFBQUFBQUFBQUFBQUFBQUFBQUFBQUFBQUFBQUFBQUFBQUFBQUFBQUFBQUFBQUFBQUFBQUFBQUFBQUFBQUFBQUFBQUFBQUFBQUFBQUFBQUFBQUFBQUFBQUFBQUFBQUFBQUFBQUFBQUFBQUFBQUFBQUFBQUFBQUFBQUFBQUFBQUFBQUFBQUFBQUFBQUFBQUFBQUFBQUFBQUFBQUFBQUFBQUFBQUFBQUFBQUFBQUFBQUFBQUFBQUFBQUFBQUFBQUFBQUFBQUFBQUFBQUFBQUFBQUFBQUFBQUFBQUFBQUFBQUFBQUFBQUFBQUFBQUFBQUFBQUFBQUFBQUFBQUFBQUFBQUFBQUFBQUFBQUFBQUFBQUFBQUFBQUFBQUFBQUFBQUFBQUFBQUFBQUFBQUFBQUFBQUFBQUFBQUFBQUFBQUFBQUFBQUFBQUFBQUFBQUFBQUFBQUFBQUFBQUFBQUFBQUFBQUFBQUFBQUFBQUFBQUFBQUFBQUFBQUFBQUFBQUFBQUFBQUFBQUFBQUFBQUFBQUFBQUFBQUFBQUFBQUFBQUFBQUFBQUFBQUFBQUFBQUFBQUFBQUFBQUFBQUFBQUFBQUFBQUFBQUFBQUFBQUFBQUFBQUFBQUFBQUFBQUFBQUFBQUFBQUFBQUFBQUFBQUFBQUFBQUFBQUFBQUFBQUFBQUFBQUFBQUFBQUFBQUFBQUFBQUFBQUFBQUFBQUFBQUFBQUFBQUFBQUFBQUFBQUFBQUFBQUFBQUFBQUFBQUFBQUFBQUFBQUFBQUFBQUFBQUFBQUFBQUFBQUFBQUFBQUFBQUFBQUFBQUFBQUFBQUFBQUFBQUFBQUFBQUFBQUFBQUFBQUFBQUFBQUFBQUFBQUFBQUFBQUFBQUFBQUFBQUFBQUFBQUFBQUFBQUFBQUFBQUFBQUFBQUFBQUFBQUFBQUFBQUFBQUFBQUFBQUFBQUFBQUFBQUFBQUFBQUFBQUFBQUFBQUFBQUFBQUFBQUFBQUFBQUFBQUFBQUFBQUFBQUFBQUFBQUFBQUFBQUFBQUFBQUFBQUFBQUFBQUFBQUFBQUFBQUFBQUFBQUFBQUFBQUFBQUFBQUFBQUFBQUFBQUFBQUFBQUFBQUFBQUFBQUFBQUFBQUFBQUFBQUFBQUFBQUFBQUFBQUFBQUFBQUFBQUFBQUFBQUFBQUFBQUFBQUFBQUFBQUFBQUFBQUFBQUFBQUFBQUFBQUFBQUFBQUFBQUFBQUFBQUFBQUFBQUFBQUFBQUFBQUFBQUFBQUFBQUFBQUFBQUFBQUFBQUFBQUFBQUFBQUFBQUFBQUFBQUFBQUFBQUFBQUFBQUFBQUFBQUFBQUFBQUFBQUFBQUFBQUFBQUFBQUFBQUFBQUFBQUFBQUFBQUFBQUFBQUFBQUFBQUFBQUFBQUFBQUFBQUFBQUFBQUFBQUFBQUFBQUFBQUFBQUFBQUFBQUFBQUFBQUFBQUFBQUFBQUFBQUFBQUFBQUFBQUFBQUFBQUFBQUFBQUFBQUFBQUFBQUFBQUFBQUFBQUFBQUFBQUFBQUFBQUFBQUFBQUFBQUFBQUFBQUFBQUFBQUFBQUFBQUFBQUFBQUFBQUFBQUFBQUFBQUFBQUFBQUFBQUFBQUFBQUFBQUFBQUFBQUFBQUFBQUFBQUFBQUFBQUFBQUFBQUFBQUFBQUFBQUFBQUFBQUFBQUFBQUFBQUFBQUFBQUFBQUFBQUFBQUFBQUFBQUFBQUFBQUFBQUFBQUFBQUFBQUFBQUFBQUFBQUFBQUFBQUFBQUFBQUFBQUFBQUFBQUFBQUFBQUFBQUFBQUFBQUFBQUFBQUFBQUFBQUFBQUFBQUFBQUFBQUFBQUFBQUFBQUFBQUFBQUFBQUFBQUFBQUFBQUFBQUFBQUFBQUFBQUFBQUFBQUFBQUFBQUFBQUFBQUFBQUFBQUFBQUFBQUFBQUFBQUFBQUFBQUFBQUFBQUFBQUFBQUFBQUFBQUFBQUFBQUFBQUFBQUFBQUFBQUFBQUFBQUFBQUFBQUFBQUFBQUFBQUFBQUFBQUFBQUFBQUFBQUFBQUFBQUFBQUFBQUFBQUFBQUFBQUFBQUFBQUFBQUFBQUFBQUFBQUFBQUFBQUFBQUFBQUFBQUFBQUFBQUFBQUFBQUFBQUFBQUFBQUFBQUFBQUFBQUFBQUFBQUFBQUFBQUFBQUFBQUFBQUFBQUFBQUFBQUFBQUFBQUFBQUFBQUFBQUFBQUFBQUFBQUFBQUFBQUFBQUFBQUFBQUFBQUFBQUFBQUFBQUFBQUFBQUFBQUFBQUFBQUFBQUFBQUFBQUFBQUFBQUFBQUFBQUFBQUFBQUFBQUFBQUFBQUFBQUFBQUFBQUFBQUFBQUFBQUFBQUFBQUFBQUFBQUFBQUFBQUFBQUFBQUFBQUFBQUFBQUFBQUFBQUFBQUFBQUFBQUFBQUFBQUFBQUFBQUFBQUFBQUFBQUFBQUFBQUFBQUFBQUFBQUFBQUFBQUFBQUFBQUFBQUFBQUFBQUFBQUFBQUFBQUFBQUFBQUFBQUFBQUFBQUFBQUFBQUFBQUFBQUFBQUFBQUFBQUFBQUFBQUFBQUFBQUFBQUFBQUFBQUFBQUFBQUFBQUFBQUFBQUFBQUFBQUFBQUFBQUFBQUFBQUFBQUFBQUFBQUFBQUFBQUFBQUFBQUFBQUFBQUFBQUFBQUFBQUFBQUFBQUFBQUFBQUFBQUFBQUFBQUFBQUFBQUFBQUFBQUFBQUFBQUFBQUFBQUFBQUFBQUFBQUFBQUFBQUFBQUFBQUFBQUFBQUFBQUFBQUFBQUFBQUFBQUFBQUFBQUFBQUFBQUFBQUFBQUFBQUFBQUFBQUFBQUFBQUFBQUFBQUFBQUFBQUFBQUFBQUFBQUFBQUFBQUFBQUFBQUFBQUFBQUFBQUFBQUFBQUFBQUFBQUFBQUFBQUFBQUFBQUFBQUFBQUFBQUFBQUFBQUFBQUFBQUFBQUFBQUFBQUFBQUFBQUFBQUFBQUFBQUFBQUFBQUFBQUFBQUFBQUFBQUFBQUFBQUFBQUFBQUFBQUFBQUFBQUFBQUFBQUFBQUFBQUFBQUFBQUFBQUFBQUFBQUFBQUFBQUFBQUFBQUFBQUFBQUFBQUFBQUFBQUFBQUFBQUFBQUFBQUFBQUFBQUFBQUFBQUFBQUFBQUFBQUFBQUFBQUFBQUFBQUFBQUFBQUFBQUFBQUFBQUFBQUFBQUFBQUFBQUFBQUFBQUFBQUFBQUFBQUFBQUFBQUFBQUFBQUFBQUFBQUFBQUFBQUFBQUFBQUFBQUFBQUFBQUFBQUFBQUFBQUFBQUFBQUFBQUFBQUFBQUFBQUFBQUFBQUFBQUFBQUFBQUFBQUFBQUFBQUFBQUFBQUFBQUFBQUFBQUFBQUFBQUFBQUFBQUFBQUFBQUFBQUFBQUFBQUFBQUFBQUFBQUFBQUFBQUFBQUFBQUFBQUFBQUFBQUFBQUFBQUFBQUFBQUFBQUFBQUFBQUFBQUFBQUFBQUFBQUFBQUFBQUFBQUFBQUFBQUFBQUFBQUFBQUFBQUFBQUFBQUFBQUFBQUFBQUFBQUFBQUFBQUFBQUFBQUFBQUFBQUFBQUFBQUFBQUFBQUFBQUFBQUFBQUFBQUFBQUFBQUFBQUFBQUFBQUFBQUFBQUFBQUFBQUFBQUFBQUFBQUFBQUFBQUFBQUFBQUFBQUFBQUFBQUFBQUFBQUFBQUFBQUFBQUFBQUFBQUFBQUFBQUFBQUFBQUFBQUFBQUFBQUFBQUFBQUFBQUFBQUFBQUFBQUFBQUFBQUFBQUFBQUFBQUFBQUFBQUFBQUFBQUFBQUFBQUFBQUFBQUFBQUFBQUFBQUFBQUFBQUFBQUFBQUFBQUFBQUFBQUFBQUFBQUFBQUFBQUFBQUFBQUFBQUFBQUFBQUFBQUFBQUFBQUFBQUFBQUFBQUFBQUFBQUFBQUFBQUFBQUFBQUFBQUFBQUFBQUFBQUFBQUFBQUFBQUFBQUFBQUFBQUFBQUFBQUFBQUFBQUFBQUFBQUFBQUFBQUFBQUFBQUFBQUFBQUFBQUFBQUFBQUFBQUFBQUFBQUFBQUFBQUFBQUFBQUFBQUFBQUFBQUFBQUFBQUFBQUFBQUFBQUFBQUFBQUFBQUFBQUFBQUFBQUFBQUFBQUFBQUFBQUFBQUFBQUFBQUFBQUFBQUFBQUFBQUFBQUFBQUFBQUFBQUFBQUFBQUFBQUFBQUFBQUFBQUFBQUFBQUFBQUFBQUFBQUFBQUFBQUFBQUFBQUFBQUFBQUFBQUFBQUFBQUFBQUFBQUFBQUFBQUFBQUFBQUFBQUFBQUFBQUFBQUFBQUFBQUFBQUFBQUFBQUFBQUFBQUFBQUFBQUFBQUFBQUFBQUFBQUFBQUFBQUFBQUFBQUFBQUFBQUFBQUFBQUFBQUFBQUFBQUFBQUFBQUFBQUFBQUFBQUFBQUFBQUFBQUFBQUFBQUFBQUFBQUFBQUFBQUFBQUFBQUFBQUFBQUFBQUFBQUFBQUFBQUFBQUFBQUFBQUFBQUFBQUFBQUFBQUFBQUFBQUFBQUFBQUFBQUFBQUFBQUFBQUFBQUFBQUFBQUFBQUFBQUFBQUFBQUFBQUFBQUFBQUFBQUFBQUFBQUFBQUFBQUFBQUFBQUFBQUFBQUFBQUFBQUFBQUFBQUFBQUFBQUFBQUFBQUFBQUFBQUFBQUFBQUFBQUFBQUFBQUFBQUFBQUFBQUFBQUFBQUFBQUFBQUFBQUFBQUFBQUFBQUFBQUFBQUFBQUFBQUFBQUFBQUFBQUFBQUFBQUFBQUFBQUFBQUFBQUFBQUFBQUFBQUFBQUFBQUFBQUFBQUFBQUFBQUFBQUFBQUFBQUFBQUFBQUFBQUFBQUFBQUFBQUFBQUFBQUFBQUFBQUFBQUFBQUFBQUFBQUFBQUFBQUFBQUFBQUFBQUFBQUFBQUFBQUFBQUFBQUFBQUFBQUFBQUFBQUFBQUFBQUFBQUFBQUFBQUFBQUFBQUFBQUFBQUFBQUFBQUFBQUFBQUFBQUFBQUFBQUFBQUFBQUFBQUFBQUFBQUFBQUFBQUFBQUFBQUFBQUFBQUFBQUFBQUFBQUFBQUFBQUFBQUFBQUFBQUFBQUFBQUFBQUFBQUFBQUFBQUFBQUFBQUFBQUFBQUFBQUFBQUFBQUFBQUFBQUFBQUFBQUFBQUFBQUFBQUFBQUFBQUFBQUFBQUFBQUFBQUFBQUFBQUFBQUFBQUFBQUFBQUFBQUFBQUFBQUFBQUFBQUFBQUFBQUFBQUFBQUFBQUFBQUFBQUFBQUFBQUFBQUFBQUFBQUFBQUFBQUFBQUFBQUFBQUFBQUFBQUFBQUFBQUFBQUFBQUFBQUFBQUFBQUFBQUFBQUFBQUFBQUFBQUFBQUFBQUFBQUFBQUFBQUFBQUFBQUFBQUFBQUFBQUFBQUFBQUFBQUFBQUFBQUFBQUFBQUFBQUFBQUFBQUFBQUFBQUFBQUFBQUFBQUFBQUFBQUFBQUFBQUFBQUFBQUFBQUFBQUFBQUFBQUFBQUFBQUFBQUFBQUFBQUFBQUFBQUFBQUFBQUFBQUFBQUFBQUFBQUFBQUFBQUFBQUFBQUFBQUFBQUFBQUFBQUFBQUFBQUFBQUFBQUFBQUFBQUFBQUFBQUFBQUFBQUFBQUFBQUFBQUFBQUFBQUFBQUFBQUFBQUFBQUFBQUFBQUFBQUFBQUFBQUFBQUFBQUFBQUFBQUFBQUFBQUFBQUFBQUFBQUFBQUFBQUFBQUFBQUFBQUFBQUFBQUFBQUFBQUFBQUFBQUFBQUFBQUFBQUFBQUFBQUFBQUFBQUFBQUFBQUFBQUFBQUFBQUFBQUFBQUFBQUFBQUFBQUFBQUFBQUFBQUFBQUFBQUFBQUFBQUFBQUFBQUFBQUFBQUFBQUFBQUFBQUFBQUFBQUFBQUFBQUFBQUFBQUFBQUFBQUFBQUFBQUFBQUFBQUFBQUFBQUFBQUFBQUFBQUFBQUFBQUFBQUFBQUFBQUFBQUFBQUFBQUFBQUFBQUFBQUFBQUFBQUFBQUFBQUFBQUFBQUFBQUFBQUFBQUFBQUFBQUFBQUFBQUFBQUFBQUFBQUFBQUFBQUFBQUFBQUFBQUFBQUFBQUFBQUFBQUFBQUFBQUFBQUFBQUFBQUFBQUFBQUFBQUFBQUFBQUFBQUFBQUFBQUFBQUFBQUFBQUFBQUFBQUFBQUFBQUFBQUFBQUFBQUFBQUFBQUFBQUFBQUFBQUFBQUFBQUFBQUFBQUFBQUFBQUFBQUFBQUFBQUFBQUFBQUFBQUFBQUFBQUFBQUFBQUFBQUFBQUFBQUFBQUFBQUFBQUFBQUFBQUFBQUFBQUFBQUFBQUFBQUFBQUFBQUFBQUFBQUFBQUFBQUFBQUFBQUFBQUFBQUFBQUFBQUFBQUFBQUFBQUFBQUFBQUFBQUFBQUFBQUFBQUFBQUFBQUFBQUFBQUFBQUFBQUFBQUFBQUFBQUFBQUFBQUFBQUFBQUFBQUFBQUFBQUFBQUFBQUFBQUFBQUFBQUFBQUFBQUFBQUFBQUFBQUFBQUFBQUFBQUFBQUFBQUFBQUFBQUFBQUFBQUFBQUFBQUFBQUFBQUFBQUFBQUFBQUFBQUFBQUFBQUFBQUFBQUFBQUFBQUFBQUFBQUFBQUFBQUFBQUFBQUFBQUFBQUFBQUFBQUFBQUFBQUFBQUFBQUFBQUFBQUFBQUFBQUFBQUFBQUFBQUFBQUFBQUFBQUFBQUFBQUFBQUFBQUFBQUFBQUFBQUFBQUFBQUFBQUFBQUFBQUFBQUFBQUFBQUFBQUFBQUFBQUFBQUFBQUFBQUFBQUFBQUFBQUFBQUFBQUFBQUFBQUFBQUFBQUFBQUFBQUFBQUFBQUFBQUFBQUFBQUFBQUFBQUFBQUFBQUFBQUFBQUFBQUFBQUFBQUFBQUFBQUFBQUFBQUFBQUFBQUFBQUFBQUFBQUFBQUFBQUFBQUFBQUFBQUFBQUFBQUFBQUFBQUFBQUFBQUFBQUFBQUFBQUFBQUFBQUFBQUFBQUFBQUFBQUFBQUFBQUFBQUFBQUFBQUFBQUFBQUFBQUFBQUFBQUFBQUFBQUFBQUFBQUFBQUFBQUFBQUFBQUFBQUFBQUFBQUFBQUFBQUFBQUFBQUFBQUFBQUFBQUFBQUFBQUFBQUFBQUFBQUFBQUFBQUFBQUFBQUFBQUFBQUFBQUFBQUFBQUFBQUFBQUFBQUFBQUFBQUFBQUFBQUFBQUFBQUFBQUFBQUFBQUFBQUFBQUFBQUFBQUFBQUFBQUFBQUFBQUFBQUFBQUFBQUFBQUFBQUFBQUFBQUFBQUFBQUFBQUFBQUFBQUFBQUFBQUFBQUFBQUFBQUFBQUFBQUFBQUFBQUFBQUFBQUFBQUFBQUFBQUFBQUFBQUFBQUFBQUFBQUFBQUFBQUFBQUFBQUFBQUFBQUFBQUFBQUFBQUFBQUFBQUFBQUFBQUFBQUFBQUFBQUFBQUFBQUFBQUFBQUFBQUFBQUFBQUFBQUFBQUFBQUFBQUFBQUFBQUFBQUFBQUFBQUFBQUFBQUFBQUFBQUFBQUFBQUFBQUFBQUFBQUFBQUFBQUFBQUFBQUFBQUFBQUFBQUFBQUFBQUFBQUFBQUFBQUFBQUFBQUFBQUFBQUFBQUFBQUFBQUFBQUFBQUFBQUFBQUFBQUFBQUFBQUFBQUFBQUFBQUFBQUFBQUFBQUFBQUFBQUFBQUFBQUFBQUFBQUFBQUFBQUFBQUFBQUFBQUFBQUFBQUFBQUFBQUFBQUFBQUFBQUFBQUFBQUFBQUFBQUFBQUFBQUFBQUFBQUFBQUFBQUFBQUFBQUFBQUFBQUFBQUFBQUFBQUFBQUFBQUFBQUFBQUFBQUFBQUFBQUFBQUFBQUFBQUFBQUFBQUFBQUFBQUFBQUFBQUFBQUFBQUFBQUFBQUFBQUFBQUFBQUFBQUFBQUFBQUFBQUFBQUFBQUFBQUFBQUFBQUFBQUFBQUFBQUFBQUFBQUFBQUFBQUFBQUFBQUFBQUFBQUFBQUFBQUFBQUFBQUFBQUFBQUFBQUFBQUFBQUFBQUFBQUFBQUFBQUFBQUFBQUFBQUFBQUFBQUFBQUFBQUFBQUFBQUFBQUFBQUFBQUFBQUFBQUFBQUFBQUFBQUFBQUFBQUFBQUFBQUFBQUFBQUFBQUFBQUFBQUFBQUFBQUFBQUFBQUFBQUFBQUFBQUFBQUFBQUFBQUFBQUFBQUFBQUFBQUFBQUFBQUFBQUFBQUFBQUFBQUFBQUFBQUFBQUFBQUFBQUFBQUFBQUFBQUFBQUFBQUFBQUFBQUFBQUFBQUFBQUFBQUFBQUFBQUFBQUFBQUFBQUFBQUFBQUFBQUFBQUFBQUFBQUFBQUFBQUFBQUFBQUFBQUFBQUFBQUFBQUFBQUFBQUFBQUFBQUFBQUFBQUFBQUFBQUFBQUFBQUFBQUFBQUFBQUFBQUFBQUFBQUFBQUFBQUFBQUFBQUFBQUFBQUFBQUFBQUFBQUFBQUFBQUFBQUFBQUFBQUFBQUFBQUFBQUFBQUFBQUFBQUFBQUFBQUFBQUFBQUFBQUFBQUFBQUFBQUFBQUFBQUFBQUFBQUFBQUFBQUFBQUFBQUFBQUFBQUFBQUFBQUFBQUFBQUFBQUFBQUFBQUFBQUFBQUFBQUFBQUFBQUFBQUFBQUFBQUFBQUFBQUFBQUFBQUFBQUFBQUFBQUFBQUFBQUFBQUFBQUFBQUFBQUFBQUFBQUFBQUFBQUFBQUFBQUFBQUFBQUFBQUFBQUFBQUFBQUFBQUFBQUFBQUFBQUFBQUFBQUFBQUFBQUFBQUFBQUFBQUFBQUFBQUFBQUFBQUFBQUFBQUFBQUFBQUFBQUFBQUFBQUFBQUFBQUFBQUFBQUFBQUFBQUFBQUFBQUFBQUFBQUFBQUFBQUFBQUFBQUFBQUFBQUFBQUFBQUFBQUFBQUFBQUFBQUFBQUFBQUFBQUFBQUFBQUFBQUFBQUFBQUFBQUFBQUFBQUFBQUFBQUFBQUFBQUFBQUFBQUFBQUFBQUFBQUFBQUFBQUFBQUFBQUFBQUFBQUFBQUFBQUFBQUFBQUFBQUFBQUFBQUFBQUFBQUFBQUFBQUFBQUFBQUFBQUFBQUFBQUFBQUFBQUFBQUFBQUFBQUFBQUFBQUFBQUFBQUFBQUFBQUFBQUFBQUFBQUFBQUFBQUFBQUFBQUFBQUFBQUFBQUFBQUFBQUFBQUFBQUFBQUFBQUFBQUFBQUFBQUFBQUFBQUFBQUFBQUFBQUFBQUFBQUFBQUFBQUFBQUFBQUFBQUFBQUFBQUFBQUFBQUFBQUFBQUFBQUFBQUFBQUFBQUFBQUFBQUFBQUFBQUFBQUFBQUFBQUFBQUFBQUFBQUFBQUFBQUFBQUFBQUFBQUFBQUFBQUFBQUFBQUFBQUFBQUFBQUFBQUFBQUFBQUFBQUFBQUFBQUFBQUFBQUFBQUFBQUFBQUFBQUFBQUFBQUFBQUFBQUFBQUFBQUFBQUFBQUFBQUFBQUFBQUFBQUFBQUFBQUFBQUFBQUFBQUFBQUFBQUFBQUFBQUFBQUFBQUFBQUFBQUFBQUFBQUFBQUFBQUFBQUFBQUFBQUFBQUFBQUFBQUFBQUFBQUFBQUFBQUFBQUFBQUFBQUFBQUFBQUFBQUFBQUFBQUFBQUFBQUFBQUFBQUFBQUFBQUFBQUFBQUFBQUFBQUFBQUFBQUFBQUFBQUFBQUFBQUFBQUFBQUFBQUFBQUFBQUFBQUFBQUFBQUFBQUFBQUFBQUFBQUFBQUFBQUFBQUFBQUFBQUFBQUFBQUFBQUFBQUFBQUFBQUFBQUFBQUFBQUFBQUFBQUFBQUFBQUFBQUFBQUFBQUFBQUFBQUFBQUFBQUFBQUFBQUFBQUFBQUFBQUFBQUFBQUFBQUFBQUFBQUFBQUFBQUFBQUFBQUFBQUFBQUFBQUFBQUFBQUFBQUFBQUFBQUFBQUFBQUFBQUFBQUFBQUFBQUFBQUFBQUFBQUFBQUFBQUFBQUFBQUFBQUFBQUFBQUFBQUFBQUFBQUFBQUFBQUFBQUFBQUFBQUFBQUFBQUFBQUFBQUFBQUFBQUFBQUFBQUFBQUFBQUFBQUFBQUFBQUFBQUFBQUFBQUFBQUFBQUFBQUFBQUFBQUFBQUFBQUFBQUFBQUFBQUFBQUFBQUFBQUFBQUFBQUFBQUFBQUFBQUFBQUFBQUFBQUFBQUFBQUFBQUFBQUFBQUFBQUFBQUFBQUFBQUFBQUFBQUFBQUFBQUFBQUFBQUFBQUFBQUFBQUFBQUFBQUFBQUFBQUFBQUFBQUFBQUFBQUFBQUFBQUFBQUFBQUFBQUFBQUFBQUFBQUFBQUFBQUFBQUFBQUFBQUFBQUFBQUFBQUFBQUFBQUFBQUFBQUFBQUFBQUFBQUFBQUFBQUFBQUFBQUFBQUFBQUFBQUFBQUFBQUFBQUFBQUFBQUFBQUFBQUFBQUFBQUFBQUFBQUFBQUFBQUFBQUFBQUFBQUFBQUFBQUFBQUFBQUFBQUFBQUFBQUFBQUFBQUFBQUFBQUFBQUFBQUFBQUFBQUFBQUFBQUFBQUFBQUFBQUFBQUFBQUFBQUFBQUFBQUFBQUFBQUFBQUFBQUFBQUFBQUFBQUFBQUFBQUFBQUFBQUFBQUFBQUFBQUFBQUFBQUFBQUFBQUFBQUFBQUFBQUFBQUFBQUFBQUFBQUFBQUFBQUFBQUFBQUFBQUFBQUFBQUFBQUFBQUFBQUFBQUFBQUFBQUFBQUFBQUFBQUFBQUFBQUFBQUFBQUFBQUFBQUFBQUFBQUFBQUFBQUFBQUFBQUFBQUFBQUFBQUFBQUFBQUFBQUFBQUFBQUFBQUFBQUFBQUFBQUFBQUFBQUFBQUFBQUFBQUFBQUFBQUFBQUFBQUFBQUFBQUFBQUFBQUFBQUFBQUFBQUFBQUFBQUFBQUFBQUFBQUFBQUFBQUFBQUFBQUFBQUFBQUFBQUFBQUFBQUFBQUFBQUFBQUFBQUFBQUFBQUFBQUFBQUFBQUFBQUFBQUFBQUFBQUFBQUFBQUFBQUFBQUFBQUFBQUFBQUFBQUFBQUFBQUFBQUFBQUFBQUFBQUFBQUFBQUFBQUFBQUFBQUFBQUFBQUFBQUFBQUFBQUFBQUFBQUFBQUFBQUFBQUFBQUFBQUFBQUFBQUFBQUFBQUFBQUFBQUFBQUFBQUFBQUFBQUFBQUFBQUFBQUFBQUFBQUFBQUFBQUFBQUFBQUFBQUFBQUFBQUFBQUFBQUFBQUFBQUFBQUFBQUFBQUFBQUFBQUFBQUFBQUFBQUFBQUFBQUFBQUFBQUFBQUFBQUFBQUFBQUFBQUFBQUFBQUFBQUFBQUFBQUFBQUFBQUFBQUFBQUFBQUFBQUFBQUFBQUFBQUFBQUFBQUFBQUFBQUFBQUFBQUFBQUFBQUFBQUFBQUFBQUFBQUFBQUFBQUFBQUFBQUFBQUFBQUFBQUFBQUFBQUFBQUFBQUFBQUFBQUFBQUFBQUFBQUFBQUFBQUFBQUFBQUFBQUFBQUFBQUFBQUFBQUFBQUFBQUFBQUFBQUFBQUFBQUFBQUFBQUFBQUFBQUFBQUFBQUFBQUFBQUFBQUFBQUFBQUFBQUFBQUFBQUFBQUFBQUFBQUFBQUFBQUFBQUFBQUFBQUFBQUFBQUFBQUFBQUFBQUFBQUFBQUFBQUFBQUFBQUFBQUFBQUFBQUFBQUFBQUFBQUFBQUFBQUFBQUFBQUFBQUFBQUFBQUFBQUFBQUFBQUFBQUFBQUFBQUFBQUFBQUFBQUFBQUFBQUFBQUFBQUFBQUFBQUFBQUFBQUFBQUFBQUFBQUFBQUFBQUFBQUFBQUFBQUFBQUFBQUFBQUFBQUFBQUFBQUFBQUFBQUFBQUFBQUFBQUFBQUFBQUFBQUFBQUFBQUFBQUFBQUFBQUFBQUFBQUFBQUFBQUFBQUFBQUFBQUFBQUFBQUFBQUFBQUFBQUFBQUFBQUFBQUFBQUFBQUFBQUFBQUFBQUFBQUFBQUFBQUFBQUFBQUFBQUFBQUFBQUFBQUFBQUFBQUFBQUFBQUFBQUFBQUFBQUFBQUFBQUFBQUFBQUFBQUFBQUFBQUFBQUFBQUFBQUFBQUFBQUFBQUFBQUFBQUFBQUFBQUFBQUFBQUFBQUFBQUFBQUFBQUFBQUFBQUFBQUFBQUFBQUFBQUFBQUFBQUFBQUFBQUFBQUFBQUFBQUFBQUFBQUFBQUFBQUFBQUFBQUFBQUFBQUFBQUFBQUFBQUFBQUFBQUFBQUFBQUFBQUFBQUFBQUFBQUFBQUFBQUFBQUFBQUFBQUFBQUFBQUFBQUFBQUFBQUFBQUFBQUFBQUFBQUFBQUFBQUFBQUFBQUFBQUFBQUFBQUFBQUFBQUFBQUFBQUFBQUFBQUFBQUFBQUFBQUFBQUFBQUFBQUFBQUFBQUFBQUFBQUFBQUFBQUFBQUFBQUFBQUFBQUFBQUFBQUFBQUFBQUFBQUFBQUFBQUFBQUFBQUFBQUFBQUFBQUFBQUFBQUFBQUFBQUFBQUFBQUFBQUFBQUFBQUFBQUFBQUFBQUFBQUFBQUFBQUFBQUFBQUFBQUFBQUFBQUFBQUFBQUFBQUFBQUFBQUFBQUFBQUFBQUFBQUFBQUFBQUFBQUFBQUFBQUFBQUFBQUFBQUFBQUFBQUFBQUFBQUFBQUFBQUFBQUFBQUFBQUFBQUFBQUFBQUFBQUFBQUFBQUFBQUFBQUFBQUFBQUFBQUFBQUFBQUFBQUFBQUFBQUFBQUFBQUFBQUFBQUFBQUFBQUFBQUFBQUFBQUFBQUFBQUFBQUFBQUFBQUFBQUFBQUFBQUFBQUFBQUFBQUFBQUFBQUFBQUFBQUFBQUFBQUFBQUFBQUFBQUFBQUFBQUFBQUFBQUFBQUFBQUFBQUFBQUFBQUFBQUFBQUFBQUFBQUFBQUFBQUFBQUFBQUFBQUFBQUFBQUFBQUFBQUFBQUFBQUFBQUFBQUFBQUFBQUFBQUFBQUFBQUFBQUFBQUFBQUFBQUFBQUFBQUFBQUFBQUFBQUFBQUFBQUFBQUFBQUFBQUFBQUFBQUFBQUFBQUFBQUFBQUFBQUFBQUFBQUFBQUFBQUFBQUFBQUFBQUFBQUFBQUFBQUFBQUFBQUFBQUFBQUFBQUFBQUFBQUFBQUFBQUFBQUFBQUFBQUFBQUFBQUFBQUFBQUFBQUFBQUFBQUFBQUFBQUFBQUFBQUFBQUFBQUFBQUFBQUFBQUFBQUFBQUFBQUFBQUFBQUFBQUFBQUFBQUFBQUFBQUFBQUFBQUFBQUFBQUFBQUFBQUFBQUFBQUFBQUFBQUFBQUFBQUFBQUFBQUFBQUFBQUFBQUFBQUFBQUFBQUFBQUFBQUFBQUFBQUFBQUFBQUFBQUFBQUFBQUFBQUFBQUFBQUFBQUFBQUFBQUFBQUFBQUFBQUFBQUFBQUFBQUFBQUFBQUFBQUFBQUFBQUFBQUFBQUFBQUFBQUFBQUFBQUFBQUFBQUFBQUFBQUFBQUFBQUFBQUFBQUFBQUFBQUFBQUFBQUFBQUFBQUFBQUFBQUFBQUFBQUFBQUFBQUFBQUFBQUFBQUFBQUFBQUFBQUFBQUFBQUFBQUFBQUFBQUFBQUFBQUFBQUFBQUFBQUFBQUFBQUFBQUFBQUFBQUFBQUFBQUFBQUFBQUFBQUFBQUFBQUFBQUFBQUFBQUFBQUFBQUFBQUFBQUFBQUFBQUFBQUFBQUFBQUFBQUFBQUFBQUFBQUFBQUFBQUFBQUFBQUFBQUFBQUFBQUFBQUFBQUFBQUFBQUFBQUFBQUFBQUFBQUFBQUFBQUFBQUFBQUFBQUFBQUFBQUFBQUFBQUFBQUFBQUFBQUFBQUFBQUFBQUFBQUFBQUFBQUFBQUFBQUFBQUFBQUFBQUFBQUFBQUFBQUFBQUFBQUFBQUFBQUFBQUFBQUFBQUFBQUFBQUFBQUFBQUFBQUFBQUFBQUFBQUFBQUFBQUFBQUFBQUFBQUFBQUFBQUFBQUFBQUFBQUFBQUFBQUFBQUFBQUFBQUFBQUFBQUFBQUFBQUFBQUFBQUFBQUFBQUFBQUFBQUFBQUFBQUFBQUFBQUFBQUFBQUFBQUFBQUFBQUFBQUFBQUFBQUFBQUFBQUFBQUFBQUFBQUFBQUFBQUFBQUFBQUFBQUFBQUFBQUFBQUFBQUFBQUFBQUFBQUFBQUFBQUFBQUFBQUFBQUFBQUFBQUFBQUFBQUFBQUFBQUFBQUFBQUFBQUFBQUFBQUFBQUFBQUFBQUFBQUFBQUFBQUFBQUFBQUFBQUFBQUFBQUFBQUFBQUFBQUFBQUFBQUFBQUFBQUFBQUFBQUFBQUFBQUFBQUFBQUFBQUFBQUFBQUFBQUFBQUFBQUFBQUFBQUFBQUFBQUFBQUFBQUFBQUFBQUFBQUFBQUFBQUFBQUFBQUFBQUFBQUFBQUFBQUFBQUFBQUFBQUFBQUFBQUFBQUFBQUFBQUFBQUFBQUFBQUFBQUFBQUFBQUFBQUFBQUFBQUFBQUFBQUFBQUFBQUFBQUFBQUFBQUFBQUFBQUFBQUFBQUFBQUFBQUFBQUFBQUFBQUFBQUFBQUFBQUFBQUFBQUFBQUFBQUFBQUFBQUFBQUFBQUFBQUFBQUFBQUFBQUFBQUFBQUFBQUFBQUFBQUFBQUFBQUFBQUFBQUFBQUFBQUFBQUFBQUFBQUFBQUFBQUFBQUFBQUFBQUFBQUFBQUFBQUFBQUFBQUFBQUFBQUFBQUFBQUFBQUFBQUFBQUFBQUFBQUFBQUFBQUFBQUFBQUFBQUFBQUFBQUFBQUFBQUFBQUFBQUFBQUFBQUFBQUFBQUFBQUFBQUFBQUFBQUFBQUFBQUFBQUFBQUFBQUFBQUFBQUFBQUFBQUFBQUFBQUFBQUFBQUFBQUFBQUFBQUFBQUFBQUFBQUFBQUFBQUFBQUFBQUFBQUFBQUFBQUFBQUFBQUFBQUFBQUFBQUFBQUFBQUFBQUFBQUFBQUFBQUFBQUFBQUFBQUFBQUFBQUFBQUFBQUFBQUFBQUFBQUFBQUFBQUFBQUFBQUFBQUFBQUFBQUFBQUFBQUFBQUFBQUFBQUFBQUFBQUFBQUFBQUFBQUFBQUFBQUFBQUFBQUFBQUFBQUFBQUFBQUFBQUFBQUFBQUFBQUFBQUFBQUFBQUFBQUFBQUFBQUFBQUFBQUFBQUFBQUFBQUFBQUFBQUFBQUFBQUFBQUFBQUFBQUFBQUFBQUFBQUFBQUFBQUFBQUFBQUFBQUFBQUFBQUFBQUFBQUFBQUFBQUFBQUFBQUFBQUFBQUFBQUFBQUFBQUFBQUFBQUFBQUFBQUFBQUFBQUFBQUFBQUFBQUFBQUFBQUFBQUFBQUFBQUFBQUFBQUFBQUFBQUFBQUFBQUFBQUFBQUFBQUFBQUFBQUFBQUFBQUFBQUFBQUFBQUFBQUFBQUFBQUFBQUFBQUFBQUFBQUFBQUFBQUFBQUFBQUFBQUFBQUFBQUFBQUFBQUFBQUFBQUFBQUFBQUFBQUFBQUFBQUFBQUFBQUFBQUFBQUFBQUFBQUFBQUFBQUFBQUFBQUFBQUFBQUFBQUFBQUFBQUFBQUFBQUFBQUFBQUFBQUFBQUFBQUFBQUFBQUFBQUFBQUFBQUFBQUFBQUFBQUFBQUFBQUFBQUFBQUFBQUFBQUFBQUFBQUFBQUFBQUFBQUFBQUFBQUFBQUFBQUFBQUFBQUFBQUFBQUFBQUFBQUFBQUFBQUFBQUFBQUFBQUFBQUFBQUFBQUFBQUFBQUFBQUFBQUFBQUFBQUFBQUFBQUFBQUFBQUFBQUFBQUFBQUFBQUFBQUFBQUFBQUFBQUFBQUFBQUFBQUFBQUFBQUFBQUFBQUFBQUFBQUFBQUFBQUFBQUFBQUFBQUFBQUFBQUFBQUFBQUFBQUFBQUFBQUFBQUFBQUFBQUFBQUFBQUFBQUFBQUFBQUFBQUFBQUFBQUFBQUFBQUFBQUFBQUFBQUFBQUFBQUFBQUFBQUFBQUFBQUFBQUFBQUFBQUFBQUFBQUFBQUFBQUFBQUFBQUFBQUFBQUFBQUFBQUFBQUFBQUFBQUFBQUFBQUFBQUFBQUFBQUFBQUFBQUFBQUFBQUFBQUFBQUFBQUFBQUFBQUFBQUFBQUFBQUFBQUFBQUFBQUFBQUFBQUFBQUFBQUFBQUFBQUFBQUFBQUFBQUFBQUFBQUFBQUFBQUFBQUFBQUFBQUFBQUFBQUFBQUFBQUFBQUFBQUFBQUFBQUFBQUFBQUFBQUFBQUFBQUFBQUFBQUFBQUFBQUFBQUFBQUFBQUFBQUFBQUFBQUFBQUFBQUFBQUFBQUFBQUFBQUFBQUFBQUFBQUFBQUFBQUFBQUFBQUFBQUFBQUFBQUFBQUFBQUFBQUFBQUFBQUFBQUFBQUFBQUFBQUFBQUFBQUFBQUFBQUFBQUFBQUFBQUFBQUFBQUFBQUFBQUFBQUFBQUFBQUFBQUFBQUFBQUFBQUFBQUFBQUFBQUFBQUFBQUFBQUFBQUFBQUFBQUFBQUFBQUFBQUFBQUFBQUFBQUFBQUFBQUFBQUFBQUFBQUFBQUFBQUFBQUFBQUFBQUFBQUFBQUFBQUFBQUFBQUFBQUFBQUFBQUFBQUFBQUFBQUFBQUFBQUFBQUFBQUFBQUFBQUFBQUFBQUFBQUFBQUFBQUFBQUFBQUFBQUFBQUFBQUFBQUFBQUFBQUFBQUFBQUFBQUFBQUFBQUFBQUFBQUFBQUFBQUFBQUFBQUFBQUFBQUFBQUFBQUFBQUFBQUFBQUFBQUFBQUFBQUFBQUFBQUFBQUFBQUFBQUFBQUFBQUFBQUFBQUFBQUFBQUFBQUFBQUFBQUFBQUFBQUFBQUFBQUFBQUFBQUFBQUFBQUFBQUFBQUFBQUFBQUFBQUFBQUFBQUFBQUFBQUFBQUFBQUFBQUFBQUFBQUFBQUFBQUFBQUFBQUFBQUFBQUFBQUFBQUFBQUFBQUFBQUFBQUFBQUFBQUFBQUFBQUFBQUFBQUFBQUFBQUFBQUFBQUFBQUFBQUFBQUFBQUFBQUFBQUFBQUFBQUFBQUFBQUFBQUFBQUFBQUFBQUFBQUFBQUFBQUFBQUFBQUFBQUFBQUFBQUFBQUFBQUFBQUFBQUFBQUFBQUFBQUFBQUFBQUFBQUFBQUFBQUFBQUFBQUFBQUFBQUFBQUFBQUFBQUFBQUFBQUFBQUFBQUFBQUFBQUFBQUFBQUFBQUFBQUFBQUFBQUFBQUFBQUFBQUFBQUFBQUFBQUFBQUFBQUFBQUFBQUFBQUFBQUFBQUFBQUFBQUFBQUFBQUFBQUFBQUFBQUFBQUFBQUFBQUFBQUFBQUFBQUFBQUFBQUFBQUFBQUFBQUFBQUFBQUFBQUFBQUFBQUFBQUFBQUFBQUFBQUFBQUFBQUFBQUFBQUFBQUFBQUFBQUFBQUFBQUFBQUFBQUFBQUFBQUFBQUFBQUFBQUFBQUFBQUFBQUFBQUFBQUFBQUFBQUFBQUFBQUFBQUFBQUFBQUFBQUFBQUFBQUFBQUFBQUFBQUFBQUFBQUFBQUFBQUFBQUFBQUFBQUFBQUFBQUFBQUFBQUFBQUFBQUFBQUFBQUFBQUFBQUFBQUFBQUFBQUFBQUFBQUFBQUFBQUFBQUFBQUFBQUFBQUFBQUFBQUFBQUFBQUFBQUFBQUFBQUFBQUFBQUFBQUFBQUFBQUFBQUFBQUFBQUFBQUFBQUFBQUFBQUFBQUFBQUFBQUFBQUFBQUFBQUFBQUFBQUFBQUFBQUFBQUFBQUFBQUFBQUFBQUFBQUFBQUFBQUFBQUFBQUFBQUFBQUFBQUFBQUFBQUFBQUFBQUFBQUFBQUFBQUFBQUFBQUFBQUFBQUFBQUFBQUFBQUFBQUFBQUFBQUFBQUFBQUFBQUFBQUFBQUFBQUFBQUFBQUFBQUFBQUFBQUFBQUFBQUFBQUFBQUFBQUFBQUFBQUFBQUFBQUFBQUFBQUFBQUFBQUFBQUFBQUFBQUFBQUFBQUFBQUFBQUFBQUFBQUFBQUFBQUFBQUFBQUFBQUFBQUFBQUFBQUFBQUFBQUFBQUFBQUFBQUFBQUFBQUFBQUFBQUFBQUFBQUFBQUFBQUFBQUFBQUFBQUFBQUFBQUFBQUFBQUFBQUFBQUFBQUFBQUFBQUFBQUFBQUFBQUFBQUFBQUFBQUFBQUFBQUFBQUFBQUFBQUFBQUFBQUFBQUFBQUFBQUFBQUFBQUFBQUFBQUFBQUFBQUFBQUFBQUFBQUFBQUFBQUFBQUFBQUFBQUFBQUFBQUFBQUFBQUFBQUFBQUFBQUFBQUFBQUFBQUFBQUFBQUFBQUFBQUFBQUFBQUFBQUFBQUFBQUFBQUFBQUFBQUFBQUFBQUFBQUFBQUFBQUFBQUFBQUFBQUFBQUFBQUFBQUFBQUFBQUFBQUFBQUFBQUFBQUFBQUFBQUFBQUFBQUFBQUFBQUFBQUFBQUFBQUFBQUFBQUFBQUFBQUFBQUFBQUFBQUFBQUFBQUFBQUFBQUFBQUFBQUFBQUFBQUFBQUFBQUFBQUFBQUFBQUFBQUFBQUFBQUFBQUFBQUFBQUFBQUFBQUFBQUFBQUFBQUFBQUFBQUFBQUFBQUFBQUFBQUFBQUFBQUFBQUFBQUFBQUFBQUFBQUFBQUFBQUFBQUFBQUFBQUFBQUFBQUFBQUFBQUFBQUFBQUFBQUFBQUFBQUFBQUFBQUFBQUFBQUFBQUFBQUFBQUFBQUFBQUFBQUFBQUFBQUFBQUFBQUFBQUFBQUFBQUFBQUFBQUFBQUFBQUFBQUFBQUFBQUFBQUFBQUFBQUFBQUFBQUFBQUFBQUFBQUFBQUFBQUFBQUFBQUFBQUFBQUFBQUFBQUFBQUFBQUFBQUFBQUFBQUFBQUFBQUFBQUFBQUFBQUFBQUFBQUFBQUFBQUFBQUFBQUFBQUFBQUFBQUFBQUFBQUFBQUFBQUFBQUFBQUFBQUFBQUFBQUFBQUFBQUFBQUFBQUFBQUFBQUFBQUFBQUFBQUFBQUFBQUFBQUFBQUFBQUFBQUFBQUFBQUFBQUFBQUFBQUFBQUFBQUFBQUFBQUFBQUFBQUFBQUFBQUFBQUFBQUFBQUFBQUFBQUFBQUFBQUFBQUFBQUFBQUFBQUFBQUFBQUFBQUFBQUFBQUFBQUFBQUFBQUFBQUFBQUFBQUFBQUFBQUFBQUFBQUFBQUFBQUFBQUFBQUFBQUFBQUFBQUFBQUFBQUFBQUFBQUFBQUFBQUFBQUFBQUFBQUFBQUFBQUFBQUFBQUFBQUFBQUFBQUFBQUFBQUFBQUFBQUFBQUFBQUFBQUFBQUFBQUFBQUFBQUFBQUFBQUFBQUFBQUFBQUFBQUFBQUFBQUFBQUFBQUFBQUFBQUFBQUFBQUFBQUFBQUFBQUFBQUFBQUFBQUFBQUFBQUFBQUFBQUFBQUFBQUFBQUFBQUFBQUFBQUFBQUFBQUFBQUFBQUFBQUFBQUFBQUFBQUFBQUFBQUFBQUFBQUFBQUFBQUFBQUFBQUFBQUFBQUFBQUFBQUFBQUFBQUFBQUFBQUFBQUFBQUFBQUFBQUFBQUFBQUFBQUFBQUFBQUFBQUFBQUFBQUFBQUFBQUFBQUFBQUFBQUFBQUFBQUFBQUFBQUFBQUFBQUFBQUFBQUFBQUFBQUFBQUFBQUFBQUFBQUFBQUFBQUFBQUFBQUFBQUFBQUFBQUFBQUFBQUFBQUFBQUFBQUFBQUFBQUFBQUFBQUFBQUFBQUFBQUFBQUFBQUFBQUFBQUFBQUFBQUFBQUFBQUFBQUFBQUFBQUFBQUFBQUFBQUFBQUFBQUFBQUFBQUFBQUFBQUFBQUFBQUFBQUFBQUFBQUFBQUFBQUFBQUFBQUFBQUFBQUFBQUFBQUFBQUFBQUFBQUFBQUFBQUFBQUFBQUFBQUFBQUFBQUFBQUFBQUFBQUFBQUFBQUFBQUFBQUFBQUFBQUFBQUFBQUFBQUFBQUFBQUFBQUFBQUFBQUFBQUFBQUFBQUFBQUFBQUFBQUFBQUFBQUFBQUFBQUFBQUFBQUFBQUFBQUFBQUFBQUFBQUFBQUFBQUFBQUFBQUFBQUFBQUFBQUFBQUFBQUFBQUFBQUFBQUFBQUFBQUFBQUFBQUFBQUFBQUFBQUFBQUFBQUFBQUFBQUFBQUFBQUFBQUFBQUFBQUFBQUFBQUFBQUFBQUFBQUFBQUFBQUFBQUFBQUFBQUFBQUFBQUFBQUFBQUFBQUFBQUFBQUFBQUFBQUFBQUFBQUFBQUFBQUFBQUFBQUFBQUFBQUFBQUFBQUFBQUFBQUFBQUFBQUFBQUFBQUFBQUFBQUFBQUFBQUFBQUFBQUFBQUFBQUFBQUFBQUFBQUFBQUFBQUFBQUFBQUFBQUFBQUFBQUFBQUFBQUFBQUFBQUFBQUFBQUFBQUFBQUFBQUFBQUFBQUFBQUFBQUFBQUFBQUFBQUFBQUFBQUFBQUFBQUFBQUFBQUFBQUFBQUFBQUFBQUFBQUFBQUFBQUFBQUFBQUFBQUFBQUFBQUFBQUFBQUFBQUFBQUFBQUFBQUFBQUFBQUFBQUFBQUFBQUFBQUFBQUFBQUFBQUFBQUFBQUFBQUFBQUFBQUFBQUFBQUFBQUFBQUFBQUFBQUFBQUFBQUFBQUFBQUFBQUFBQUFBQUFBQUFBQUFBQUFBQUFBQUFBQUFBQUFBQUFBQUFBQUFBQUFBQUFBQUFBQUFBQUFBQUFBQUFBQUFBQUFBQUFBQUFBQUFBQUFBQUFBQUFBQUFBQUFBQUFBQUFBQUFBQUFBQUFBQUFBQUFBQUFBQUFBQUFBQUFBQUFBQUFBQUFBQUFBQUFBQUFBQUFBQUFBQUFBQUFBQUFBQUFBQUFBQUFBQUFBQUFBQUFBQUFBQUFBQUFBQUFBQUFBQUFBQUFBQUFBQUFBQUFBQUFBQUFBQUFBQUFBQUFBQUFBQUFBQUFBQUFBQUFBQUFBQUFBQUFBQUFBQUFBQUFBQUFBQUFBQUFBQUFBQUFBQUFBQUFBQUFBQUFBQUFBQUFBQUFBQUFBQUFBQUFBQUFBQUFBQUFBQUFBQUFBQUFBQUFBQUFBQUFBQUFBQUFBQUFBQUFBQUFBQUFBQUFBQUFBQUFBQUFBQUFBQUFBQUFBQUFBQUFBQUFBQUFBQUFBQUFBQUFBQUFBQUFBQUFBQUFBQUFBQUFBQUFBQUFBQUFBQUFBQUFBQUFBQUFBQUFBQUFBQUFBQUFBQUFBQUFBQUFBQUFBQUFBQUFBQUFBQUFBQUFBQUFBQUFBQUFBQUFBQUFBQUFBQUFBQUFBQUFBQUFBQUFBQUFBQUFBQUFBQUFBQUFBQUFBQUFBQUFBQUFBQUFBQUFBQUFBQUFBQUFBQUFBQUFBQUFBQUFBQUFBQUFBQUFBQUFBQUFBQUFBQUFBQUFBQUFBQUFBQUFBQUFBQUFBQUFBQUFBQUFBQUFBQUFBQUFBQUFBQUFBQUFBQUFBQUFBQUFBQUFBQUFBQUFBQUFBQUFBQUFBQUFBQUFBQUFBQUFBQUFBQUFBQUFBQUFBQUFBQUFBQUFBQUFBQUFBQUFBQUFBQUFBQUFBQUFBQUFBQUFBQUFBQUFBQUFBQUFBQUFBQUFBQUFBQUFBQUFBQUFBQUFBQUFBQUFBQUFBQUFBQUFBQUFBQUFBQUFBQUFBQUFBQUFBQUFBQUFBQUFBQUFBQUFBQUFBQUFBQUFBQUFBQUFBQUFBQUFBQUFBQUFBQUFBQUFBQUFBQUFBQUFBQUFBQUFBQUFBQUFBQUFBQUFBQUFBQUFBQUFBQUFBQUFBQUFBQUFBQUFBQUFBQUFBQUFBQUFBQUFBQUFBQUFBQUFBQUFBQUFBQUFBQUFBQUFBQUFBQUFBQUFBQUFBQUFBQUFBQUFBQUFBQUFBQUFBQUFBQUFBQUFBQUFBQUFBQUFBQUFBQUFBQUFBQUFBQUFBQUFBQUFBQUFBQUFBQUFBQUFBQUFBQUFBQUFBQUFBQUFBQUFBQUFBQUFBQUFBQUFBQUFBQUFBQUFBQUFBQUFBQUFBQUFBQUFBQUFBQUFBQUFBQUFBQUFBQUFBQUFBQUFBQUFBQUFBQUFBQUFBQUFBQUFBQUFBQUFBQUFBQUFBQUFBQUFBQUFBQUFBQUFBQUFBQUFBQUFBQUFBQUFBQUFBQUFBQUFBQUFBQUFBQUFBQUFBQUFBQUFBQUFBQUFBQUFBQUFBQUFBQUFBQUFBQUFBQUFBQUFBQUFBQUFBQUFBQUFBQUFBQUFBQUFBQUFBQUFBQUFBQUFBQUFBQUFBQUFBQUFBQUFBQUFBQUFBQUFBQUFBQUFBQUFBQUFBQUFBQUFBQUFBQUFBQUFBQUFBQUFBQUFBQUFBQUFBQUFBQUFBQUFBQUFBQUFBQUFBQUFBQUFBQUFBQUFBQUFBQUFBQUFBQUFBQUFBQUFBQUFBQUFBQUFBQUFBQUFBQUFBQUFBQUFBQUFBQUFBQUFBQUFBQUFBQUFBQUFBQUFBQUFBQUFBQUFBQUFBQUFBQUFBQUFBQUFBQUFBQUFBQUFBQUFBQUFBQUFBQUFBQUFBQUFBQUFBQUFBQUFBQUFBQUFBQUFBQUFBQUFBQUFBQUFBQUFBQUFBQUFBQUFBQUFBQUFBQUFBQUFBQUFBQUFBQUFBQUFBQUFBQUFBQUFBQUFBQUFBQUFBQUFBQUFBQUFBQUFBQUFBQUFBQUFBQUFBQUFBQUFBQUFBQUFBQUFBQUFBQUFBQUFBQUFBQUFBQUFBQUFBQUFBQUFBQUFBQUFBQUFBQUFBQUFBQUFBQUFBQUFBQUFBQUFBQUFBQUFBQUFBQUFBQUFBQUFBQUFBQUFBQUFBQUFBQUFBQUFBQUFBQUFBQUFBQUFBQUFBQUFBQUFBQUFBQUFBQUFBQUFBQUFBQUFBQUFBQUFBQUFBQUFBQUFBQUFBQUFBQUFBQUFBQUFBQUFBQUFBQUFBQUFBQUFBQUFBQUFBQUFBQUFBQUFBQUFBQUFBQUFBQUFBQUFBQUFBQUFBQUFBQUFBQUFBQUFBQUFBQUFBQUFBQUFBQUFBQUFBQUFBQUFBQUFBQUFBQUFBQUFBQUFBQUFBQUFBQUFBQUFBQUFBQUFBQUFBQUFBQUFBQUFBQUFBQUFBQUFBQUFBQUFBQUFBQUFBQUFBQUFBQUFBQUFBQUFBQUFBQUFBQUFBQUFBQUFBQUFBQUFBQUFBQUFBQUFBQUFBQUFBQUFBQUFBQUFBQUFBQUFBQUFBQUFBQUFBQUFBQUFBQUFBQUFBQUFBQUFBQUFBQUFBQUFBQUFBQUFBQUFBQUFBQUFBQUFBQUFBQUFBQUFBQUFBQUFBQUFBQUFBQUFBQUFBQUFBQUFBQUFBQUFBQUFBQUFBQUFBQUFBQUFBQUFBQUFBQUFBQUFBQUFBQUFBQUFBQUFBQUFBQUFBQUFBQUFBQUFBQUFBQUFBQUFBQUFBQUFBQUFBQUFBQUFBQUFBQUFBQUFBQUFBQUFBQUFBQUFBQUFBQUFBQUFBQUFBQUFBQUFBQUFBQUFBQUFBQUFBQUFBQUFBQUFBQUFBQUFBQUFBQUFBQUFBQUFBQUFBQUFBQUFBQUFBQUFBQUFBQUFBQUFBQUFBQUFBQUFBQUFBQUFBQUFBQUFBQUFBQUFBQUFBQUFBQUFBQUFBQUFBQUFBQUFBQUFBQUFBQUFBQUFBQUFBQUFBQUFBQUFBQUFBQUFBQUFBQUFBQUFBQUFBQUFBQUFBQUFBQUFBQUFBQUFBQUFBQUFBQUFBQUFBQUFBQUFBQUFBQUFBQUFBQUFBQUFBQUFBQUFBQUFBQUFBQUFBQUFBQUFBQUFBQUFBQUFBQUFBQUFBQUFBQUFBQUFBQUFBQUFBQUFBQUFBQUFBQUFBQUFBQUFBQUFBQUFBQUFBQUFBQUFBQUFBQUFBQUFBQUFBQUFBQUFBQUFBQUFBQUFBQUFBQUFBQUFBQUFBQUFBQUFBQUFBQUFBQUFBQUFBQUFBQUFBQUFBQUFBQUFBQUFBQUFBQUFBQUFBQUFBQUFBQUFBQUFBQUFBQUFBQUFBQUFBQUFBQUFBQUFBQUFBQUFBQUFBQUFBQUFBQUFBQUFBQUFBQUFBQUFBQUFBQUFBQUFBQUFBQUFBQUFBQUFBQUFBQUFBQUFBQUFBQUFBQUFBQUFBQUFBQUFBQUFBQUFBQUFBQUFBQUFBQUFBQUFBQUFBQUFBQUFBQUFBQUFBQUFBQUFBQUFBQUFBQUFBQUFBQUFBQUFBQUFBQUFBQUFBQUFBQUFBQUFBQUFBQUFBQUFBQUFBQUFBQUFBQUFBQUFBQUFBQUFBQUFBQUFBQUFBQUFBQUFBQUFBQUFBQUFBQUFBQUFBQUFBQUFBQUFBQUFBQUFBQUFBQUFBQUFBQUFBQUFBQUFBQUFBQUFBQUFBQUFBQUFBQUFBQUFBQUFBQUFBQUFBQUFBQUFBQUFBQUFBQUFBQUFBQUFBQUFBQUFBQUFBQUFBQUFBQUFBQUFBQUFBQUFBQUFBQUFBQUFBQUFBQUFBQUFBQUFBQUFBQUFBQUFBQUFBQUFBQUFBQUFBQUFBQUFBQUFBQUFBQUFBQUFBQUFBQUFBQUFBQUFBQUFBQUFBQUFBQUFBQUFBQUFBQUFBQUFBQUFBQUFBQUFBQUFBQUFBQUFBQUFBQUFBQUFBQUFBQUFBQUFBQUFBQUFBQUFBQUFBQUFBQUFBQUFBQUFBQUFBQUFBQUFBQUFBQUFBQUFBQUFBQUFBQUFBQUFBQUFBQUFBQUFBQUFBQUFBQUFBQUFBQUFBQUFBQUFBQUFBQUFBQUFBQUFBQUFBQUFBQUFBQUFBQUFBQUFBQUFBQUFBQUFBQUFBQUFBQUFBQUFBQUFBQUFBQUFBQUFBQUFBQUFBQUFBQUFBQUFBQUFBQUFBQUFBQUFBQUFBQUFBQUFBQUFBQUFBQUFBQUFBQUFBQUFBQUFBQUFBQUFBQUFBQUFBQUFBQUFBQUFBQUFBQUFBQUFBQUFBQUFBQUFBQUFBQUFBQUFBQUFBQUFBQUFBQUFBQUFBQUFBQUFBQUFBQUFBQUFBQUFBQUFBQUFBQUFBQUFBQUFBQUFBQUFBQUFBQUFBQUFBQUFBQUFBQUFBQUFBQUFBQUFBQUFBQUFBQUFBQUFBQUFBQUFBQUFBQUFBQUFBQUFBQUFBQUFBQUFBQUFBQUFBQUFBQUFBQUFBQUFBQUFBQUFBQUFBQUFBQUFBQUFBQUFBQUFBQUFBQUFBQUFBQUFBQUFBQUFBQUFBQUFBQUFBQUFBQUFBQUFBQUFBQUFBQUFBQUFBQUFBQUFBQUFBQUFBQUFBQUFBQUFBQUFBQUFBQUFBQUFBQUFBQUFBQUFBQUFBQUFBQUFBQUFBQUFBQUFBQUFBQUFBQUFBQUFBQUFBQUFBQUFBQUFBQUFBQUFBQUFBQUFBQUFBQUFBQUFBQUFBQUFBQUFBQUFBQUFBQUFBQUFBQUFBQUFBQUFBQUFBQUFBQUFBQUFBQUFBQUFBQUFBQUFBQUFBQUFBQUFBQUFBQUFBQUFBQUFBQUFBQUFBQUFBQUFBQUFBQUFBQUFBQUFBQUFBQUFBQUFBQUFBQUFBQUFBQUFBQUFBQUFBQUFBQUFBQUFBQUFBQUFBQUFBQUFBQUFBQUFBQUFBQUFBQUFBQUFBQUFBQUFBQUFBQUFBQUFBQUFBQUFBQUFBQUFBQUFBQUFBQUFBQUFBQUFBQUFBQUFBQUFBQUFBQUFBQUFBQUFBQUFBQUFBQUFBQUFBQUFBQUFBQUFBQUFBQUFBQUFBQUFBQUFBQUFBQUFBQUFBQUFBQUFBQUFBQUFBQUFBQUFBQUFBQUFBQUFBQUFBQUFBQUFBQUFBQUFBQUFBQUFBQUFBQUFBQUFBQUFBQUFBQUFBQUFBQUFBQUFBQUFBQUFBQUFBQUFBQUFBQUFBQUFBQUFBQUFBQUFBQUFBQUFBQUFBQUFBQUFBQUFBQUFBQUFBQUFBQUFBQUFBQUFBQUFBQUFBQUFBQUFBQUFBQUFBQUFBQUFBQUFBQUFBQUFBQUFBQUFBQUFBQUFBQUFBQUFBQUFBQUFBQUFBQUFBQUFBQUFBQUFBQUFBQUFBQUFBQUFBQUFBQUFBQUFBQUFBQUFBQUFBQUFBQUFBQUFBQUFBQUFBQUFBQUFBQUFBQUFBQUFBQUFBQUFBQUFBQUFBQUFBQUFBQUFBQUFBQUFBQUFBQUFBQUFBQUFBQUFBQUFBQUFBQUFBQUFBQUFBQUFBQUFBQUFBQUFBQUFBQUFBQUFBQUFBQUFBQUFBQUFBQUFBQUFBQUFBQUFBQUFBQUFBQUFBQUFBQUFBQUFBQUFBQUFBQUFBQUFBQUFBQUFBQUFBQUFBQUFBQUFBQUFBQUFBQUFBQUFBQUFBQUFBQUFBQUFBQUFBQUFBQUFBQUFBQUFBQUFBQUFBQUFBQUFBQUFBQUFBQUFBQUFBQUFBQUFBQUFBQUFBQUFBQUFBQUFBQUFBQUFBQUFBQUFBQUFBQUFBQUFBQUFBQUFBQUFBQUFBQUFBQUFBQUFBQUFBQUFBQUFBQUFBQUFBQUFBQUFBQUFBQUFBQUFBQUFBQUFBQUFBQUFBQUFBQUFBQUFBQUFBQUFBQUFBQUFBQUFBQUFBQUFBQUFBQUFBQUFBQUFBQUFBQUFBQUFBQUFBQUFBQUFBQUFBQUFBQUFBQUFBQUFBQUFBQUFBQUFBQUFBQUFBQUFBQUFBQUFBQUFBQUFBQUFBQUFBQUFBQUFBQUFBQUFBQUFBQUFBQUFBQUFBQUFBQUFBQUFBQUFBQUFBQUFBQUFBQUFBQUFBQUFBQUFBQUFBQUFBQUFBQUFBQUFBQUFBQUFBQUFBQUFBQUFBQUFBQUFBQUFBQUFBQUFBQUFBQUFBQUFBQUFBQUFBQUFBQUFBQUFBQUFBQUFBQUFBQUFBQUFBQUFBQUFBQUFBQUFBQUFBQUFBQUFBQUFBQUFBQUFBQUFBQUFBQUFBQUFBQUFBQUFBQUFBQUFBQUFBQUFBQUFBQUFBQUFBQUFBQUFBQUFBQUFBQUFBQUFBQUFBQUFBQUFBQUFBQUFBQUFBQUFBQUFBQUFBQUFBQUFBQUFBQUFBQUFBQUFBQUFBQUFBQUFBQUFBQUFBQUFBQUFBQUFBQUFBQUFBQUFBQUFBQUFBQUFBQUFBQUFBQUFBQUFBQUFBQUFBQUFBQUFBQUFBQUFBQUFBQUFBQUFBQUFBQUFBQUFBQUFBQUFBQUFBQUFBQUFBQUFBQUFBQUFBQUFBQUFBQUFBQUFBQUFBQUFBQUFBQUFBQUFBQUFBQUFBQUFBQUFBQUFBQUFBQUFBQUFBQUFBQUFBQUFBQUFBQUFBQUFBQUFBQUFBQUFBQUFBQUFBQUFBQUFBQUFBQUFBQUFBQUFBQUFBQUFBQUFBQUFBQUFBQUFBQUFBQUFBQUFBQUFBQUFBQUFBQUFBQUFBQUFBQUFBQUFBQUFBQUFBQUFBQUFBQUFBQUFBQUFBQUFBQUFBQUFBQUFBQUFBQUFBQUFBQUFBQUFBQUFBQUFBQUFBQUFBQUFBQUFBQUFBQUFBQUFBQUFBQUFBQUFBQUFBQUFBQUFBQUFBQUFBQUFBQUFBQUFBQUFBQUFBQUFBQUFBQUFBQUFBQUFBQUFBQUFBQUFBQUFBQUFBQUFBQUFBQUFBQUFBQUFBQUFBQUFBQUFBQUFBQUFBQUFBQUFBQUFBQUFBQUFBQUFBQUFBQUFBQUFBQUFBQUFBQUFBQUFBQUFBQUFBQUFBQUFBQUFBQUFBQUFBQUFBQUFBQUFBQUFBQUFBQUFBQUFBQUFBQUFBQUFBQUFBQUFBQUFBQUFBQUFBQUFBQUFBQUFBQUFBQUFBQUFBQUFBQUFBQUFBQUFBQUFBQUFBQUFBQUFBQUFBQUFBQUFBQUFBQUFBQUFBQUFBQUFBQUFBQUFBQUFBQUFBQUFBQUFBQUFBQUFBQUFBQUFBQUFBQUFBQUFBQUFBQUFBQUFBQUFBQUFBQUFBQUFBQUFBQUFBQUFBQUFBQUFBQUFBQUFBQUFBQUFBQUFBQUFBQUFBQUFBQUFBQUFBQUFBQUFBQUFBQUFBQUFBQUFBQUFBQUFBQUFBQUFBQUFBQUFBQUFBQUFBQUFBQUFBQUFBQUFBQUFBQUFBQUFBQUFBQUFBQUFBQUFBQUFBQUFBQUFBQUFBQUFBQUFBQUFBQUFBQUFBQUFBQUFBQUFBQUFBQUFBQUFBQUFBQUFBQUFBQUFBQUFBQUFBQUFBQUFBQUFBQUFBQUFBQUFBQUFBQUFBQUFBQUFBQUFBQUFBQUFBQUFBQUFBQUFBQUFBQUFBQUFBQUFBQUFBQUFBQUFBQUFBQUFBQUFBQUFBQUFBQUFBQUFBQUFBQUFBQUFBQUFBQUFBQUFBQUFBQUFBQUFBQUFBQUFBQUFBQUFBQUFBQUFBQUFBQUFBQUFBQUFBQUFBQUFBQUFBQUFBQUFBQUFBQUFBQUFBQUFBQUFBQUFBQUFBQUFBQUFBQUFBQUFBQUFBQUFBQUFBQUFBQUFBQUFBQUFBQUFBQUFBQUFBQUFBQUFBQUFBQUFBQUFBQUFBQUFBQUFBQUFBQUFBQUFBQUFBQUFBQUFBQUFBQUFBQUFBQUFBQUFBQUFBQUFBQUFBQUFBQUFBQUFBQUFBQUFBQUFBQUFBQUFBQUFBQUFBQUFBQUFBQUFBQUFBQUFBQUFBQUFBQUFBQUFBQUFBQUFBQUFBQUFBQUFBQUFBQUFBQUFBQUFBQUFBQUFBQUFBQUFBQUFBQUFBQUFBQUFBQUFBQUFBQUFBQUFBQUFBQUFBQUFBQUFBQUFBQUFBQUFBQUFBQUFBQUFBQUFBQUFBQUFBQUFBQUFBQUFBQUFBQUFBQUFBQUFBQUFBQUFBQUFBQUFBQUFBQUFBQUFBQUFBQUFBQUFBQUFBQUFBQUFBQUFBQUFBQUFBQUFBQUFBQUFBQUFBQUFBQUFBQUFBQUFBQUFBQUFBQUFBQUFBQUFBQUFBQUFBQUFBQUFBQUFBQUFBQUFBQUFBQUFBQUFBQUFBQUFBQUFBQUFBQUFBQUFBQUFBQUFBQUFBQUFBQUFBQUFBQUFBQUFBQUFBQUFBQUFBQUFBQUFBQUFBQUFBQUFBQUFBQUFBQUFBQUFBQUFBQUFBQUFBQUFBQUFBQUFBQUFBQUFBQUFBQUFBQUFBQUFBQUFBQUFBQUFBQUFBQUFBQUFBQUFBQUFBQUFBQUFBQUFBQUFBQUFBQUFBQUFBQUFBQUFBQUFBQUFBQUFBQUFBQUFBQUFBQUFBQUFBQUFBQUFBQUFBQUFBQUFBQUFBQUFBQUFBQUFBQUFBQUFBQUFBQUFBQUFBQUFBQUFBQUFBQUFBQUFBQUFBQUFBQUFBQUFBQUFBQUFBQUFBQUFBQUFBQUFBQUFBQUFBQUFBQUFBQUFBQUFBQUFBQUFBQUFBQUFBQUFBQUFBQUFBQUFBQUFBQUFBQUFBQUFBQUFBQUFBQUFBQUFBQUFBQUFBQUFBQUFBQUFBQUFBQUFBQUFBQUFBQUFBQUFBQUFBQUFBQUFBQUFBQUFBQUFBQUFBQUFBQUFBQUFBQUFBQUFBQUFBQUFBQUFBQUFBQUFBQUFBQUFBQUFBQUFBQUFBQUFBQUFBQUFBQUFBQUFBQUFBQUFBQUFBQUFBQUFBQUFBQUFBQUFBQUFBQUFBQUFBQUFBQUFBQUFBQUFBQUFBQUFBQUFBQUFBQUFBQUFBQUFBQUFBQUFBQUFBQUFBQUFBQUFBQUFBQUFBQUFBQUFBQUFBQUFBQUFBQUFBQUFBQUFBQUFBQUFBQUFBQUFBQUFBQUFBQUFBQUFBQUFBQUFBQUFBQUFBQUFBQUFBQUFBQUFBQUFBQUFBQUFBQUFBQUFBQUFBQUFBQUFBQUFBQUFBQUFBQUFBQUFBQUFBQUFBQUFBQUFBQUFBQUFBQUFBQUFBQUFBQUFBQUFBQUFBQUFBQUFBQUFBQUFBQUFBQUFBQUFBQUFBQUFBQUFBQUFBQUFBQUFBQUFBQUFBQUFBQUFBQUFBQUFBQUFBQUFBQUFBQUFBQUFBQUFBQUFBQUFBQUFBQUFBQUFBQUFBQUFBQUFBQUFBQUFBQUFBQUFBQUFBQUFBQUFBQUFBQUFBQUFBQUFBQUFBQUFBQUFBQUFBQUFBQUFBQUFBQUFBQUFBQUFBQUFBQUFBQUFBQUFBQUFBQUFBQUFBQUFBQUFBQUFBQUFBQUFBQUFBQUFBQUFBQUFBQUFBQUFBQUFBQUFBQUFBQUFBQUFBQUFBQUFBQUFBQUFBQUFBQUFBQUFBQUFBQUFBQUFBQUFBQUFBQUFBQUFBQUFBQUFBQUFBQUFBQUFBQUFBQUFBQUFBQUFBQUFBQUFBQUFBQUFBQUFBQUFBQUFBQUFBQUFBQUFBQUFBQUFBQUFBQUFBQUFBQUFBQUFBQUFBQUFBQUFBQUFBQUFBQUFBQUFBQUFBQUFBQUFBQUFBQUFBQUFBQUFBQUFBQUFBQUFBQUFBQUFBQUFBQUFBQUFBQUFBQUFBQUFBQUFBQUFBQUFBQUFBQUFBQUFBQUFBQUFBQUFBQUFBQUFBQUFBQUFBQUFBQUFBQUFBQUFBQUFBQUFBQUFBQUFBQUFBQUFBQUFBQUFBQUFBQUFBQUFBQUFBQUFBQUFBQUFBQUFBQUFBQUFBQUFBQUFBQUFBQUFBQUFBQUFBQUFBQUFBQUFBQUFBQUFBQUFBQUFBQUFBQUFBQUFBQUFBQUFBQUFBQUFBQUFBQUFBQUFBQUFBQUFBQUFBQUFBQUFBQUFBQUFBQUFBQUFBQUFBQUFBQUFBQUFBQUFBQUFBQUFBQUFBQUFBQUFBQUFBQUFBQUFBQUFBQUFBQUFBQUFBQUFBQUFBQUFBQUFBQUFBQUFBQUFBQUFBQUFBQUFBQUFBQUFBQUFBQUFBQUFBQUFBQUFBQUFBQUFBQUFBQUFBQUFBQUFBQUFBQUFBQUFBQUFBQUFBQUFBQUFBQUFBQUFBQUFBQUFBQUFBQUFBQUFBQUFBQUFBQUFBQUFBQUFBQUFBQUFBQUFBQUFBQUFBQUFBQUFBQUFBQUFBQUFBQUFBQUFBQUFBQUFBQUFBQUFBQUFBQUFBQUFBQUFBQUFBQUFBQUFBQUFBQUFBQUFBQUFBQUFBQUFBQUFBQUFBQUFBQUFBQUFBQUFBQUFBQUFBQUFBQUFBQUFBQUFBQUFBQUFBQUFBQUFBQUFBQUFBQUFBQUFBQUFBQUFBQUFBQUFBQUFBQUFBQUFBQUFBQUFBQUFBQUFBQUFBQUFBQUFBQUFBQUFBQUFBQUFBQUFBQUFBQUFBQUFBQUFBQUFBQUFBQUFBQUFBQUFBQUFBQUFBQUFBQUFBQUFBQUFBQUFBQUFBQUFBQUFBQUFBQUFBQUFBQUFBQUFBQUFBQUFBQUFBQUFBQUFBQUFBQUFBQUFBQUFBQUFBQUFBQUFBQUFBQUFBQUFBQUFBQUFBQUFBQUFBQUFBQUFBQUFBQUFBQUFBQUFBQUFBQUFBQUFBQUFBQUFBQUFBQUFBQUFBQUFBQUFBQUFBQUFBQUFBQUFBQUFBQUFBQUFBQUFBQUFBQUFBQUFBQUFBQUFBQUFBQUFBQUFBQUFBQUFBQUFBQUFBQUFBQUFBQUFBQUFBQUFBQUFBQUFBQUFBQUFBQUFBQUFBQUFBQUFBQUFBQUFBQUFBQUFBQUFBQUFBQUFBQUFBQUFBQUFBQUFBQUFBQUFBQUFBQUFBQUFBQUFBQUFBQUFBQUFBQUFBQUFBQUFBQUFBQUFBQUFBQUFBQUFBQUFBQUFBQUFBQUFBQUFBQUFBQUFBQUFBQUFBQUFBQUFBQUFBQUFBQUFBQUFBQUFBQUFBQUFBQUFBQUFBQUFBQUFBQUFBQUFBQUFBQUFBQUFBQUFBQUFBQUFBQUFBQUFBQUFBQUFBQUFBQUFBQUFBQUFBQUFBQUFBQUFBQUFBQUFBQUFBQUFBQUFBQUFBQUFBQUFBQUFBQUFBQUFBQUFBQUFBQUFBQUFBQUFBQUFBQUFBQUFBQUFBQUFBQUFBQUFBQUFBQUFBQUFBQUFBQUFBQUFBQUFBQUFBQUFBQUFBQUFBQUFBQUFBQUFBQUFBQUFBQUFBQUFBQUFBQUFBQUFBQUFBQUFBQUFBQUFBQUFBQUFBQUFBQUFBQUFBQUFBQUFBQUFBQUFBQUFBQUFBQUFBQUFBQUFBQUFBQUFBQUFBQUFBQUFBQUFBQUFBQUFBQUFBQUFBQUFBQUFBQUFBQUFBQUFBQUFBQUFBQUFBQUFBQUFBQUFBQUFBQUFBQUFBQUFBQUFBQUFBQUFBQUFBQUFBQUFBQUFBQUFBQUFBQUFBQUFBQUFBQUFBQUFBQUFBQUFBQUFBQUFBQUFBQUFBQUFBQUFBQUFBQUFBQUFBQUFBQUFBQUFBQUFBQUFBQUFBQUFBQUFBQUFBQUFBQUFBQUFBQUFBQUFBQUFBQUFBQUFBQUFBQUFBQUFBQUFBQUFBQUFBQUFBQUFBQUFBQUFBQUFBQUFBQUFBQUFBQUFBQUFBQUFBQUFBQUFBQUFBQUFBQUFBQUFBQUFBQUFBQUFBQUFBQUFBQUFBQUFBQUFBQUFBQUFBQUFBQUFBQUFBQUFBQUFBQUFBQUFBQUFBQUFBQUFBQUFBQUFBQUFBQUFBQUFBQUFBQUFBQUFBQUFBQUFBQUFBQUFBQUFBQUFBQUFBQUFBQUFBQUFBQUFBQUFBQUFBQUFBQUFBQUFBQUFBQUFBQUFBQUFBQUFBQUFBQUFBQUFBQUFBQUFBQUFBQUFBQUFBQUFBQUFBQUFBQUFBQUFBQUFBQUFBQUFBQUFBQUFBQUFBQUFBQUFBQUFBQUFBQUFBQUFBQUFBQUFBQUFBQUFBQUFBQUFBQUFBQUFBQUFBQUFBQUFBQUFBQUFBQUFBQUFBQUFBQUFBQUFBQUFBQUFBQUFBQUFBQUFBQUFBQUFBQUFBQUFBQUFBQUFBQUFBQUFBQUFBQUFBQUFBQUFBQUFBQUFBQUFBQUFBQUFBQUFBQUFBQUFBQUFBQUFBQUFBQUFBQUFBQUFBQUFBQUFBQUFBQUFBQUFBQUFBQUFBQUFBQUFBQUFBQUFBQUFBQUFBQUFBQUFBQUFBQUFBQUFBQUFBQUFBQUFBQUFBQUFBQUFBQUFBQUFBQUFBQUFBQUFBQUFBQUFBQUFBQUFBQUFBQUFBQUFBQUFBQUFBQUFBQUFBQUFBQUFBQUFBQUFBQUFBQUFBQUFBQUFBQUFBQUFBQUFBQUFBQUFBQUFBQUFBQUFBQUFBQUFBQUFBQUFBQUFBQUFBQUFBQUFBQUFBQUFBQUFBQUFBQUFBQUFBQUFBQUFBQUFBQUFBQUFBQUFBQUFBQUFBQUFBQUFBQUFBQUFBQUFBQUFBQUFBQUFBQUFBQUFBQUFBQUFBQUFBQUFBQUFBQUFBQUFBQUFBQUFBQUFBQUFBQUFBQUFBQUFBQUFBQUFBQUFBQUFBQUFBQUFBQUFBQUFBQUFBQUFBQUFBQUFBQUFBQUFBQUFBQUFBQUFBQUFBQUFBQUFBQUFBQUFBQUFBQUFBQUFBQUFBQUFBQUFBQUFBQUFBQUFBQUFBQUFBQUFBQUFBQUFBQUFBQUFBQUFBQUFBQUFBQUFBQUFBQUFBQUFBQUFBQUFBQUFBQUFBQUFBQUFBQUFBQUFBQUFBQUFBQUFBQUFBQUFBQUFBQUFBQUFBQUFBQUFBQUFBQUFBQUFBQUFBQUFBQUFBQUFBQUFBQUFBQUFBQUFBQUFBQUFBQUFBQUFBQUFBQUFBQUFBQUFBQUFBQUFBQUFBQUFBQUFBQUFBQUFBQUFBQUFBQUFBQUFBQUFBQUFBQUFBQUFBQUFBQUFBQUFBQUFBQUFBQUFBQUFBQUFBQUFBQUFBQUFBQUFBQUFBQUFBQUFBQUFBQUFBQUFBQUFBQUFBQUFBQUFBQUFBQUFBQUFBQUFBQUFBQUFBQUFBQUFBQUFBQUFBQUFBQUFBQUFBQUFBQUFBQUFBQUFBQUFBQUFBQUFBQUFBQUFBQUFBQUFBQUFBQUFBQUFBQUFBQUFBQUFBQUFBQUFBQUFBQUFBQUFBQUFBQUFBQUFBQUFBQUFBQUFBQUFBQUFBQUFBQUFBQUFBQUFBQUFBQUFBQUFBQUFBQUFBQUFBQUFBQUFBQUFBQUFBQUFBQUFBQUFBQUFBQUFBQUFBQUFBQUFBQUFBQUFBQUFBQUFBQUFBQUFBQUFBQUFBQUFBQUFBQUFBQUFBQUFBQUFBQUFBQUFBQUFBQUFBQUFBQUFBQUFBQUFBQUFBQUFBQUFBQUFBQUFBQUFBQUFBQUFBQUFBQUFBQUFBQUFBQUFBQUFBQUFBQUFBQUFBQUFBQUFBQUFBQUFBQUFBQUFBQUFBQUFBQUFBQUFBQUFBQUFBQUFBQUFBQUFBQUFBQUFBQUFBQUFBQUFBQUFBQUFBQUFBQUFBQUFBQUFBQUFBQUFBQUFBQUFBQUFBQUFBQUFBQUFBQUFBQUFBQUFBQUFBQUFBQUFBQUFBQUFBQUFBQUFBQUFBQUFBQUFBQUFBQUFBQUFBQUFBQUFBQUFBQUFBQUFBQUFBQUFBQUFBQUFBQUFBQUFBQUFBQUFBQUFBQUFBQUFBQUFBQUFBQUFBQUFBQUFBQUFBQUFBQUFBQUFBQUFBQUFBQUFBQUFBQUFBQUFBQUFBQUFBQUFBQUFBQUFBQUFBQUFBQUFBQUFBQUFBQUFBQUFBQUFBQUFBQUFBQUFBQUFBQUFBQUFBQUFBQUFBQUFBQUFBQUFBQUFBQUFBQUFBQUFBQUFBQUFBQUFBQUFBQUFBQUFBQUFBQUFBQUFBQUFBQUFBQUFBQUFBQUFBQUFBQUFBQUFBQUFBQUFBQUFBQUFBQUFBQUFBQUFBQUFBQUFBQUFBQUFBQUFBQUFBQUFBQUFBQUFBQUFBQUFBQUFBQUFBQUFBQUFBQUFBQUFBQUFBQUFBQUFBQUFBQUFBQUFBQUFBQUFBQUFBQUFBQUFBQUFBQUFBQUFBQUFBQUFBQUFBQUFBQUFBQUFBQUFBQUFBQUFBQUFBQUFBQUFBQUFBQUFBQUFBQUFBQUFBQUFBQUFBQUFBQUFBQUFBQUFBQUFBQUFBQUFBQUFBQUFBQUFBQUFBQUFBQUFBQUFBQUFBQUFBQUFBQUFBQUFBQUFBQUFBQUFBQUFBQUFBQUFBQUFBQUFBQUFBQUFBQUFBQUFBQUFBQUFBQUFBQUFBQUFBQUFBQUFBQUFBQUFBQUFBQUFBQUFBQUFBQUFBQUFBQUFBQUFBQUFBQUFBQUFBQUFBQUFBQUFBQUFBQUFBQUFBQUFBQUFBQUFBQUFBQUFBQUFBQUFBQUFBQUFBQUFBQUFBQUFBQUFBQUFBQUFBQUFBQUFBQUFBQUFBQUFBQUFBQUFBQUFBQUFBQUFBQUFBQUFBQUFBQUFBQUFBQUFBQUFBQUFBQUFBQUFBQUFBQUFBQUFBQUFBQUFBQUFBQUFBQUFBQUFBQUFBQUFBQUFBQUFBQUFBQUFBQUFBQUFBQUFBQUFBQUFBQUFBQUFBQUFBQUFBQUFBQUFBQUFBQUFBQUFBQUFBQUFBQUFBQUFBQUFBQUFBQUFBQUFBQUFBQUFBQUFBQUFBQUFBQUFBQUFBQUFBQUFBQUFBQUFBQUFBQUFBQUFBQUFBQUFBQUFBQUFBQUFBQUFBQUFBQUFBQUFBQUFBQUFBQUFBQUFBQUFBQUFBQUFBQUFBQUFBQUFBQUFBQUFBQUFBQUFBQUFBQUFBQUFBQUFBQUFBQUFBQUFBQUFBQUFBQUFBQUFBQUFBQUFBQUFBQUFBQUFBQUFBQUFBQUFBQUFBQUFBQUFBQUFBQUFBQUFBQUFBQUFBQUFBQUFBQUFBQUFBQUFBQUFBQUFBQUFBQUFBQUFBQUFBQUFBQUFBQUFBQUFBQUFBQUFBQUFBQUFBQUFBQUFBQUFBQUFBQUFBQUFBQUFBQUFBQUFBQUFBQUFBQUFBQUFBQUFBQUFBQUFBQUFBQUFBQUFBQUFBQUFBQUFBQUFBQUFBQUFBQUFBQUFBQUFBQUFBQUFBQUFBQUFBQUFBQUFBQUFBQUFBQUFBQUFBQUFBQUFBQUFBQUFBQUFBQUFBQUFBQUFBQUFBQUFBQUFBQUFBQUFBQUFBQUFBQUFBQUFBQUFBQUFBQUFBQUFBQUFBQUFBQUFBQUFBQUFBQUFBQUFBQUFBQUFBQUFBQUFBQUFBQUFBQUFBQUFBQUFBQUFBQUFBQUFBQUFBQUFBQUFBQUFBQUFBQUFBQUFBQUFBQUFBQUFBQUFBQUFBQUFBQUFBQUFBQUFBQUFBQUFBQUFBQUFBQUFBQUFBQUFBQUFBQUFBQUFBQUFBQUFBQUFBQUFBQUFBQUFBQUFBQUFBQUFBQUFBQUFBQUFBQUFBQUFBQUFBQUFBQUFBQUFBQUFBQUFBQUFBQUFBQUFBQUFBQUFBQUFBQUFBQUFBQUFBQUFBQUFBQUFBQUFBQUFBQUFBQUFBQUFBQUFBQUFBQUFBQUFBQUFBQUFBQUFBQUFBQUFBQUFBQUFBQUFBQUFBQUFBQUFBQUFBQUFBQUFBQUFBQUFBQUFBQUFBQUFBQUFBQUFBQUFBQUFBQUFBQUFBQUFBQUFBQUFBQUFBQUFBQUFBQUFBQUFBQUFBQUFBQUFBQUFBQUFBQUFBQUFBQUFBQUFBQUFBQUFBQUFBQUFBQUFBQUFBQUFBQUFBQUFBQUFBQUFBQUFBQUFBQUFBQUFBQUFBQUFBQUFBQUFBQUFBQUFBQUFBQUFBQUFBQUFBQUFBQUFBQUFBQUFBQUFBQUFBQUFBQUFBQUFBQUFBQUFBQUFBQUFBQUFBQUFBQUFBQUFBQUFBQUFBQUFBQUFBQUFBQUFBQUFBQUFBQUFBQUFBQUFBQUFBQUFBQUFBQUFBQUFBQUFBQUFBQUFBQUFBQUFBQUFBQUFBQUFBQUFBQUFBQUFBQUFBQUFBQUFBQUFBQUFBQUFBQUFBQUFBQUFBQUFBQUFBQUFBQUFBQUFBQUFBQUFBQUFBQUFBQUFBQUFBQUFBQUFBQUFBQUFBQUFBQUFBQUFBQUFBQUFBQUFBQUFBQUFBQUFBQUFBQUFBQUFBQUFBQUFBQUFBQUFBQUFBQUFBQUFBQUFBQUFBQUFBQUFBQUFBQUFBQUFBQUFBQUFBQUFBQUFBQUFBQUFBQUFBQUFBQUFBQUFBQUFBQUFBQUFBQUFBQUFBQUFBQUFBQUFBQUFBQUFBQUFBQUFBQUFBQUFBQUFBQUFBQUFBQUFBQUFBQUFBQUFBQUFBQUFBQUFBQUFBQUFBQUFBQUFBQUFBQUFBQUFBQUFBQUFBQUFBQUFBQUFBQUFBQUFBQUFBQUFBQUFBQUFBQUFBQUFBQUFBQUFBQUFBQUFBQUFBQUFBQUFBQUFBQUFBQUFBQUFBQUFBQUFBQUFBQUFBQUFBQUFBQUFBQUFBQUFBQUFBQUFBQUFBQUFBQUFBQUFBQUFBQUFBQUFBQUFBQUFBQUFBQUFBQUFBQUFBQUFBQUFBQUFBQUFBQUFBQUFBQUFBQUFBQUFBQUFBQUFBQUFBQUFBQUFBQUFBQUFBQUFBQUFBQUFBQUFBQUFBQUFBQUFBQUFBQUFBQUFBQUFBQUFBQUFBQUFBQUFBQUFBQUFBQUFBQUFBQUFBQUFBQUFBQUFBQUFBQUFBQUFBQUFBQUFBQUFBQUFBQUFBQUFBQUFBQUFBQUFBQUFBQUFBQUFBQUFBQUFBQUFBQUFBQUFBQUFBQUFBQUFBQUFBQUFBQUFBQUFBQUFBQUFBQUFBQUFBQUFBQUFBQUFBQUFBQUFBQUFBQUFBQUFBQUFBQUFBQUFBQUFBQUFBQUFBQUFBQUFBQUFBQUFBQUFBQUFBQUFBQUFBQUFBQUFBQUFBQUFBQUFBQUFBQUFBQUFBQUFBQUFBQUFBQUFBQUFBQUFBQUFBQUFBQUFBQUFBQUFBQUFBQUFBQUFBQUFBQUFBQUFBQUFBQUFBQUFBQUFBQUFBQUFBQUFBQUFBQUFBQUFBQUFBQUFBQUFBQUFBQUFBQUFBQUFBQUFBQUFBQUFBQUFBQUFBQUFBQUFBQUFBQUFBQUFBQUFBQUFBQUFBQUFBQUFBQUFBQUFBQUFBQUFBQUFBQUFBQUFBQUFBQUFBQUFBQUFBQUFBQUFBQUFBQUFBQUFBQUFBQUFBQUFBQUFBQUFBQUFBQUFBQUFBQUFBQUFBQUFBQUFBQUFBQUFBQUFBQUFBQUFBQUFBQUFBQUFBQUFBQUFBQUFBQUFBQUFBQUFBQUFBQUFBQUFBQUFBQUFBQUFBQUFBQUFBQUFBQUFBQUFBQUFBQUFBQUFBQUFBQUFBQUFBQUFBQUFBQUFBQUFBQUFBQUFBQUFBQUFBQUFBQUFBQUFBQUFBQUFBQUFBQUFBQUFBQUFBQUFBQUFBQUFBQUFBQUFBQUFBQUFBQUFBQUFBQUFBQUFBQUFBQUFBQUFBQUFBQUFBQUFBQUFBQUFBQUFBQUFBQUFBQUFBQUFBQUFBQUFBQUFBQUFBQUFBQUFBQUFBQUFBQUFBQUFBQUFBQUFBQUFBQUFBQUFBQUFBQUFBQUFBQUFBQUFBQUFBQUFBQUFBQUFBQUFBQUFBQUFBQUFBQUFBQUFBQUFBQUFBQUFBQUFBQUFBQUFBQUFBQUFBQUFBQUFBQUFBQUFBQUFBQUFBQUFBQUFBQUFBQUFBQUFBQUFBQUFBQUFBQUFBQUFBQUFBQUFBQUFBQUFBQUFBQUFBQUFBQUFBQUFBQUFBQUFBQUFBQUFBQUFBQUFBQUFBQUFBQUFBQUFBQUFBQUFBQUFBQUFBQUFBQUFBQUFBQUFBQUFBQUFBQUFBQUFBQUFBQUFBQUFBQUFBQUFBQUFBQUFBQUFBQUFBQUFBQUFBQUFBQUFBQUFBQUFBQUFBQUFBQUFBQUFBQUFBQUFBQUFBQUFBQUFBQUFBQUFBQUFBQUFBQUFBQUFBQUFBQUFBQUFBQUFBQUFBQUFBQUFBQUFBQUFBQUFBQUFBQUFBQUFBQUFBQUFBQUFBQUFBQUFBQUFBQUFBQUFBQUFBQUFBQUFBQUFBQUFBQUFBQUFBQUFBQUFBQUFBQUFBQUFBQUFBQUFBQUFBQUFBQUFBQUFBQUFBQUFBQUFBQUFBQUFBQUFBQUFBQUFBQUFBQUFBQUFBQUFBQUFBQUFBQUFBQUFBQUFBQUFBQUFBQUFBQUFBQUFBQUFBQUFBQUFBQUFBQUFBQUFBQUFBQUFBQUFBQUFBQUFBQUFBQUFBQUFBQUFBQUFBQUFBQUFBQUFBQUFBQUFBQUFBQUFBQUFBQUFBQUFBQUFBQUFBQUFBQUFBQUFBQUFBQUFBQUFBQUFBQUFBQUFBQUFBQUFBQUFBQUFBQUFBQUFBQUFBQUFBQUFBQUFBQUFBQUFBQUFBQUFBQUFBQUFBQUFBQUFBQUFBQUFBQUFBQUFBQUFBQUFBQUFBQUFBQUFBQUFBQUFBQUFBQUFBQUFBQUFBQUFBQUFBQUFBQUFBQUFBQUFBQUFBQUFBQUFBQUFBQUFBQUFBQUFBQUFBQUFBQUFBQUFBQUFBQUFBQUFBQUFBQUFBQUFBQUFBQUFBQUFBQUFBQUFBQUFBQUFBQUFBQUFBQUFBQUFBQUFBQUFBQUFBQUFBQUFBQUFBQUFBQUFBQUFBQUFBQUFBQUFBQUFBQUFBQUFBQUFBQUFBQUFBQUFBQUFBQUFBQUFBQUFBQUFBQUFBQUFBQUFBQUFBQUFBQUFBQUFBQUFBQUFBQUFBQUFBQUFBQUFBQUFBQUFBQUFBQUFBQUFBQUFBQUFBQUFBQUFBQUFBQUFBQUFBQUFBQUFBQUFBQUFBQUFBQUFBQUFBQUFBQUFBQUFBQUFBQUFBQUFBQUFBQUFBQUFBQUFBQUFBQUFBQUFBQUFBQUFBQUFBQUFBQUFBQUFBQUFBQUFBQUFBQUFBQUFBQUFBQUFBQUFBQUFBQUFBQUFBQUFBQUFBQUFBQUFBQUFBQUFBQUFBQUFBQUFBQUFBQUFBQUFBQUFBQUFBQUFBQUFBQUFBQUFBQUFBQUFBQUFBQUFBQUFBQUFBQUFBQUFBQUFBQUFBQUFBQUFBQUFBQUFBQUFBQUFBQUFBQUFBQUFBQUFBQUFBQUFBQUFBQUFBQUFBQUFBQUFBQUFBQUFBQUFBQUFBQUFBQUFBQUFBQUFBQUFBQUFBQUFBQUFBQUFBQUFBQUFBQUFBQUFBQUFBQUFBQUFBQUFBQUFBQUFBQUFBQUFBQUFBQUFBQUFBQUFBQUFBQUFBQUFBQUFBQUFBQUFBQUFBQUFBQUFBQUFBQUFBQUFBQUFBQUFBQUFBQUFBQUFBQUFBQUFBQUFBQUFBQUFBQUFBQUFBQUFBQUFBQUFBQUFBQUFBQUFBQUFBQUFBQUFBQUFBQUFBQUFBQUFBQUFBQUFBQUFBQUFBQUFBQUFBQUFBQUFBQUFBQUFBQUFBQUFBQUFBQUFBQUFBQUFBQUFBQUFBQUFBQUFBQUFBQUFBQUFBQUFBQUFBQUFBQUFBQUFBQUFBQUFBQUFBQUFBQUFBQUFBQUFBQUFBQUFBQUFBQUFBQUFBQUFBQUFBQUFBQUFBQUFBQUFBQUFBQUFBQUFBQUFBQUFBQUFBQUFBQUFBQUFBQUFBQUFBQUFBQUFBQUFBQUFBQUFBQUFBQUFBQUFBQUFBQUFBQUFBQUFBQUFBQUFBQUFBQUFBQUFBQUFBQUFBQUFBQUFBQUFBQUFBQUFBQUFBQUFBQUFBQUFBQUFBQUFBQUFBQUFBQUFBQUFBQUFBQUFBQUFBQUFBQUFBQUFBQUFBQUFBQUFBQUFBQUFBQUFBQUFBQUFBQUFBQUFBQUFBQUFBQUFBQUFBQUFBQUFBQUFBQUFBQUFBQUFBQUFBQUFBQUFBQUFBQUFBQUFBQUFBQUFBQUFBQUFBQUFBQUFBQUFBQUFBQUFBQUFBQUFBQUFBQUFBQUFBQUFBQUFBQUFBQUFBQUFBQUFBQUFBQUFBQUFBQUFBQUFBQUFBQUFBQUFBQUFBQUFBQUFBQUFBQUFBQUFBQUFBQUFBQUFBQUFBQUFBQUFBQUFBQUFBQUFBQUFBQUFBQUFBQUFBQUFBQUFBQUFBQUFBQUFBQUFBQUFBQUFBQUFBQUFBQUFBQUFBQUFBQUFBQUFBQUFBQUFBQUFBQUFBQUFBQUFBQUFBQUFBQUFBQUFBQUFBQUFBQUFBQUFBQUFBQUFBQUFBQUFBQUFBQUFBQUFBQUFBQUFBQUFBQUFBQUFBQUFBQUFBQUFBQUFBQUFBQUFBQUFBQUFBQUFBQUFBQUFBQUFBQUFBQUFBQUFBQUFBQUFBQUFBQUFBQUFBQUFBQUFBQUFBQUFBQUFBQUFBQUFBQUFBQUFBQUFBQUFBQUFBQUFBQUFBQUFBQUFBQUFBQUFBQUFBQUFBQUFBQUFBQUFBQUFBQUFBQUFBQUFBQUFBQUFBQUFBQUFBQUFBQUFBQUFBQUFBQUFBQUFBQUFBQUFBQUFBQUFBQUFBQUFBQUFBQUFBQUFBQUFBQUFBQUFBQUFBQUFBQUFBQUFBQUFBQUFBQUFBQUFBQUFBQUFBQUFBQUFBQUFBQUFBQUFBQUFBQUFBQUFBQUFBQUFBQUFBQUFBQUFBQUFBQUFBQUFBQUFBQUFBQUFBQUFBQUFBQUFBQUFBQUFBQUFBQUFBQUFBQUFBQUFBQUFBQUFBQUFBQUFBQUFBQUFBQUFBQUFBQUFBQUFBQUFBQUFBQUFBQUFBQUFBQUFBQUFBQUFBQUFBQUFBQUFBQUFBQUFBQUFBQUFBQUFBQUFBQUFBQUFBQUFBQUFBQUFBQUFBQUFBQUFBQUFBQUFBQUFBQUFBQUFBQUFBQUFBQUFBQUFBQUFBQUFBQUFBQUFBQUFBQUFBQUFBQUFBQUFBQUFBQUFBQUFBQUFBQUFBQUFBQUFBQUFBQUFBQUFBQUFBQUFBQUFBQUFBQUFBQUFBQUFBQUFBQUFBQUFBQUFBQUFBQUFBQUFBQUFBQUFBQUFBQUFBQUFBQUFBQUFBQUFBQUFBQUFBQUFBQUFBQUFBQUFBQUFBQUFBQUFBQUFBQUFBQUFBQUFBQUFBQUFBQUFBQUFBQUFBQUFBQUFBQUFBQUFBQUFBQUFBQUFBQUFBQUFBQUFBQUFBQUFBQUFBQUFBQUFBQUFBQUFBQUFBQUFBQUFBQUFBQUFBQUFBQUFBQUFBQUFBQUFBQUFBQUFBQUFBQUFBQUFBQUFBQUFBQUFBQUFBQUFBQUFBQUFBQUFBQUFBQUFBQUFBQUFBQUFBQUFBQUFBQUFBQUFBQUFBQUFBQUFBQUFBQUFBQUFBQUFBQUFBQUFBQUFBQUFBQUFBQUFBQUFBQUFBQUFBQUFBQUFBQUFBQUFBQUFBQUFBQUFBQUFBQUFBQUFBQUFBQUFBQUFBQUFBQUFBQUFBQUFBQUFBQUFBQUFBQUFBQUFBQUFBQUFBQUFBQUFBQUFBQUFBQUFBQUFBQUFBQUFBQUFBQUFBQUFBQUFBQUFBQUFBQUFBQUFBQUFBQUFBQUFBQUFBQUFBQUFBQUFBQUFBQUFBQUFBQUFBQUFBQUFBQUFBQUFBQUFBQUFBQUFBQUFBQUFBQUFBQUFBQUFBQUFBQUFBQUFBQUFBQUFBQUFBQUFBQUFBQUFBQUFBQUFBQUFBQUFBQUFBQUFBQUFBQUFBQUFBQUFBQUFBQUFBQUFBQUFBQUFBQUFBQUFBQUFBQUFBQUFBQUFBQUFBQUFBQUFBQUFBQUFBQUFBQUFBQUFBQUFBQUFBQUFBQUFBQUFBQUFBQUFBQUFBQUFBQUFBQUFBQUFBQUFBQUFBQUFBQUFBQUFBQUFBQUFBQUFBQUFBQUFBQUFBQUFBQUFBQUFBQUFBQUFBQUFBQUFBQUFBQUFBQUFBQUFBQUFBQUFBQUFBQUFBQUFBQUFBQUFBQUFBQUFBQUFBQUFBQUFBQUFBQUFBQUFBQUFBQUFBQUFBQUFBQUFBQUFBQUFBQUFBQUFBQUFBQUFBQUFBQUFBQUFBQUFBQUFBQUFBQUFBQUFBQUFBQUFBQUFBQUFBQUFBQUFBQUFBQUFBQUFBQUFBQUFBQUFBQUFBQUFBQUFBQUFBQUFBQUFBQUFBQUFBQUFBQUFBQUFBQUFBQUFBQUFBQUFBQUFBQUFBQUFBQUFBQUFBQUFBQUFBQUFBQUFBQUFBQUFBQUFBQUFBQUFBQUFBQUFBQUFBQUFBQUFBQUFBQUFBQUFBQUFBQUFBQUFBQUFBQUFBQUFBQUFBQUFBQUFBQUFBQUFBQUFBQUFBQUFBQUFBQUFBQUFBQUFBQUFBQUFBQUFBQUFBQUFBQUFBQUFBQUFBQUFBQUFBQUFBQUFBQUFBQUFBQUFBQUFBQUFBQUFBQUFBQUFBQUFBQUFBQUFBQUFBQUFBQUFBQUFBQUFBQUFBQUFBQUFBQUFBQUFBQUFBQUFBQUFBQUFBQUFBQUFBQUFBQUFBQUFBQUFBQUFBQUFBQUFBQUFBQUFBQUFBQUFBQUFBQUFBQUFBQUFBQUFBQUFBQUFBQUFBQUFBQUFBQUFBQUFBQUFBQUFBQUFBQUFBQUFBQUFBQUFBQUFBQUFBQUFBQUFBQUFBQUFBQUFBQUFBQUFBQUFBQUFBQUFBQUFBQUFBQUFBQUFBQUFBQUFBQUFBQUFBQUFBQUFBQUFBQUFBQUFBQUFBQUFBQUFBQUFBQUFBQUFBQUFBQUFBQUFBQUFBQUFBQUFBQUFBQUFBQUFBQUFBQUFBQUFBQUFBQUFBQUFBQUFBQUFBQUFBQUFBQUFBQUFBQUFBQUFBQUFBQUFBQUFBQUFBQUFBQUFBQUFBQUFBQUFBQUFBQUFBQUFBQUFBQUFBQUFBQUFBQUFBQUFBQUFBQUFBQUFBQUFBQUFBQUFBQUFBQUFBQUFBQUFBQUFBQUFBQUFBQUFBQUFBQUFBQUFBQUFBQUFBQUFBQUFBQUFBQUFBQUFBQUFBQUFBQUFBQUFBQUFBQUFBQUFBQUFBQUFBQUFBQUFBQUFBQUFBQUFBQUFBQUFBQUFBQUFBQUFBQUFBQUFBQUFBQUFBQUFBQUFBQUFBQUFBQUFBQUFBQUFBQUFBQUFBQUFBQUFBQUFBQUFBQUFBQUFBQUFBQUFBQUFBQUFBQUFBQUFBQUFBQUFBQUFBQUFBQUFBQUFBQUFBQUFBQUFBQUFBQUFBQUFBQUFBQUFBQUFBQUFBQUFBQUFBQUFBQUFBQUFBQUFBQUFBQUFBQUFBQUFBQUFBQUFBQUFBQUFBQUFBQUFBQUFBQUFBQUFBQUFBQUFBQUFBQUFBQUFBQUFBQUFBQUFBQUFBQUFBQUFBQUFBQUFBQUFBQUFBQUFBQUFBQUFBQUFBQUFBQUFBQUFBQUFBQUFBQUFBQUFBQUFBQUFBQUFBQUFBQUFBQUFBQUFBQUFBQUFBQUFBQUFBQUFBQUFBQUFBQUFBQUFBQUFBQUFBQUFBQUFBQUFBQUFBQUFBQUFBQUFBQUFBQUFBQUFBQUFBQUFBQUFBQUFBQUFBQUFBQUFBQUFBQUFBQUFBQUFBQUFBQUFBQUFBQUFBQUFBQUFBQUFBQUFBQUFBQUFBQUFBQUFBQUFBQUFBQUFBQUFBQUFBQUFBQUFBQUFBQUFBQUFBQUFBQUFBQUFBQUFBQUFBQUFBQUFBQUFBQUFBQUFBQUFBQUFBQUFBQUFBQUFBQUFBQUFBQUFBQUFBQUFBQUFBQUFBQUFBQUFBQUFBQUFBQUFBQUFBQUFBQUFBQUFBQUFBQUFBQUFBQUFBQUFBQUFBQUFBQUFBQUFBQUFBQUFBQUFBQUFBQUFBQUFBQUFBQUFBQUFBQUFBQUFBQUFBQUFBQUFBQUFBQUFBQUFBQUFBQUFBQUFBQUFBQUFBQUFBQUFBQUFBQUFBQUFBQUFBQUFBQUFBQUFBQUFBQUFBQUFBQUFBQUFBQUFBQUFBQUFBQUFBQUFBQUFBQUFBQUFBQUFBQUFBQUFBQUFBQUFBQUFBQUFBQUFBQUFBQUFBQUFBQUFBQUFBQUFBQUFBQUFBQUFBQUFBQUFBQUFBQUFBQUFBQUFBQUFBQUFBQUFBQUFBQUFBQUFBQUFBQUFBQUFBQUFBQUFBQUFBQUFBQUFBQUFBQUFBQUFBQUFBQUFBQUFBQUFBQUFBQUFBQUFBQUFBQUFBQUFBQUFBQUFBQUFBQUFBQUFBQUFBQUFBQUFBQUFBQUFBQUFBQUFBQUFBQUFBQUFBQUFBQUFBQUFBQUFBQUFBQUFBQUFBQUFBQUFBQUFBQUFBQUFBQUFBQUFBQUFBQUFBQUFBQUFBQUFBQUFBQUFBQUFBQUFBQUFBQUFBQUFBQUFBQUFBQUFBQUFBQUFBQUFBQUFBQUFBQUFBQUFBQUFBQUFBQUFBQUFBQUFBQUFBQUFBQUFBQUFBQUFBQUFBQUFBQUFBQUFBQUFBQUFBQUFBQUFBQUFBQUFBQUFBQUFBQUFBQUFBQUFBQUFBQUFBQUFBQUFBQUFBQUFBQUFBQUFBQUFBQUFBQUFBQUFBQUFBQUFBQUFBQUFBQUFBQUFBQUFBQUFBQUFBQUFBQUFBQUFBQUFBQUFBQUFBQUFBQUFBQUFBQUFBQUFBQUFBQUFBQUFBQUFBQUFBQUFBQUFBQUFBQUFBQUFBQUFBQUFBQUFBQUFBQUFBQUFBQUFBQUFBQUFBQUFBQUFBQUFBQUFBQUFBQUFBQUFBQUFBQUFBQUFBQUFBQUFBQUFBQUFBQUFBQUFBQUFBQUFBQUFBQUFBQUFBQUFBQUFBQUFBQUFBQUFBQUFBQUFBQUFBQUFBQUFBQUFBQUFBQUFBQUFBQUFBQUFBQUFBQUFBQUFBQUFBQUFBQUFBQUFBQUFBQUFBQUFBQUFBQUFBQUFBQUFBQUFBQUFBQUFBQUFBQUFBQUFBQUFBQUFBQUFBQUFBQUFBQUFBQUFBQUFBQUFBQUFBQUFBQUFBQUFBQUFBQUFBQUFBQUFBQUFBQUFBQUFBQUFBQUFBQUFBQUFBQUFBQUFBQUFBQUFBQUFBQUFBQUFBQUFBQUFBQUFBQUFBQUFBQUFBQUFBQUFBQUFBQUFBQUFBQUFBQUFBQUFBQUFBQUFBQUFBQUFBQUFBQUFBQUFBQUFBQUFBQUFBQUFBQUFBQUFBQUFBQUFBQUFBQUFBQUFBQUFBQUFBQUFBQUFBQUFBQUFBQUFBQUFBQUFBQUFBQUFBQUFBQUFBQUFBQUFBQUFBQUFBQUFBQUFBQUFBQUFBQUFBQUFBQUFBQUFBQUFBQUFBQUFBQUFBQUFBQUFBQUFBQUFBQUFBQUFBQUFBQUFBQUFBQUFBQUFBQUFBQUFBQUFBQUFBQUFBQUFBQUFBQUFBQUFBQUFBQUFBQUFBQUFBQUFBQUFBQUFBQUFBQUFBQUFBQUFBQUFBQUFBQUFBQUFBQUFBQUFBQUFBQUFBQUFBQUFBQUFBQUFBQUFBQUFBQUFBQUFBQUFBQUFBQUFBQUFBQUFBQUFBQUFBQUFBQUFBQUFBQUFBQUFBQUFBQUFBQUFBQUFBQUFBQUFBQUFBQUFBQUFBQUFBQUFBQUFBQUFBQUFBQUFBQUFBQUFBQUFBQUFBQUFBQUFBQUFBQUFBQUFBQUFBQUFBQUFBQUFBQUFBQUFBQUFBQUFBQUFBQUFBQUFBQUFBQUFBQUFBQUFBQUFBQUFBQUFBQUFBQUFBQUFBQUFBQUFBQUFBQUFBQUFBQUFBQUFBQUFBQUFBQUFBQUFBQUFBQUFBQUFBQUFBQUFBQUFBQUFBQUFBQUFBQUFBQUFBQUFBQUFBQUFBQUFBQUFBQUFBQUFBQUFBQUFBQUFBQUFBQUFBQUFBQUFBQUFBQUFBQUFBQUFBQUFBQUFBQUFBQUFBQUFBQUFBQUFBQUFBQUFBQUFBQUFBQUFBQUFBQUFBQUFBQUFBQUFBQUFBQUFBQUFBQUFBQUFBQUFBQUFBQUFBQUFBQUFBQUFBQUFBQUFBQUFBQUFBQUFBQUFBQUFBQUFBQUFBQUFBQUFBQUFBQUFBQUFBQUFBQUFBQUFBQUFBQUFBQUFBQUFBQUFBQUFBQUFBQUFBQUFBQUFBQUFBQUFBQUFBQUFBQUFBQUFBQUFBQUFBQUFBQUFBQUFBQUFBQUFBQUFBQUFBQUFBQUFBQUFBQUFBQUFBQUFBQUFBQUFBQUFBQUFBQUFBQUFBQUFBQUFBQUFBQUFBQUFBQUFBQUFBQUFBQUFBQUFBQUFBQUFBQUFBQUFBQUFBQUFBQUFBQUFBQUFBQUFBQUFBQUFBQUFBQUFBQUFBQUFBQUFBQUFBQUFBQUFBQUFBQUFBQUFBQUFBQUFBQUFBQUFBQUFBQUFBQUFBQUFBQUFBQUFBQUFBQUFBQUFBQUFBQUFBQUFBQUFBQUFBQUFBQUFBQUFBQUFBQUFBQUFBQUFBQUFBQUFBQUFBQUFBQUFBQUFBQUFBQUFBQUFBQUFBQUFBQUFBQUFBQUFBQUFBQUFBQUFBQUFBQUFBQUFBQUFBQUFBQUFBQUFBQUFBQUFBQUFBQUFBQUFBQUFBQUFBQUFBQUFBQUFBQUFBQUFBQUFBQUFBQUFBQUFBQUFBQUFBQUFBQUFBQUFBQUFBQUFBQUFBQUFBQUFBQUFBQUFBQUFBQUFBQUFBQUFBQUFBQUFBQUFBQUFBQUFBQUFBQUFBQUFBQUFBQUFBQUFBQUFBQUFBQUFBQUFBQUFBQUFBQUFBQUFBQUFBQUFBQUFBQUFBQUFBQUFBQUFBQUFBQUFBQUFBQUFBQUFBQUFBQUFBQUFBQUFBQUFBQUFBQUFBQUFBQUFBQUFBQUFBQUFBQUFBQUFBQUFBQUFBQUFBQUFBQUFBQUFBQUFBQUFBQUFBQUFBQUFBQUFBQUFBQUFBQUFBQUFBQUFBQUFBQUFBQUFBQUFBQUFBQUFBQUFBQUFBQUFBQUFBQUFBQUFBQUFBQUFBQUFBQUFBQUFBQUFBQUFBQUFBQUFBQUFBQUFBQUFBQUFBQUFBQUFBQUFBQUFBQUFBQUFBQUFBQUFBQUFBQUFBQUFBQUFBQUFBQUFBQUFBQUFBQUFBQUFBQUFBQUFBQUFBQUFBQUFBQUFBQUFBQUFBQUFBQUFBQUFBQUFBQUFBQUFBQUFBQUFBQUFBQUFBQUFBQUFBQUFBQUFBQUFBQUFBQUFBQUFBQUFBQUFBQUFBQUFBQUFBQUFBQUFBQUFBQUFBQUFBQUFBQUFBQUFBQUFBQUFBQUFBQUFBQUFBQUFBQUFBQUFBQUFBQUFBQUFBQUFBQUFBQUFBQUFBQUFBQUFBQUFBQUFBQUFBQUFBQUFBQUFBQUFBQUFBQUFBQUFBQUFBQUFBQUFBQUFBQUFBQUFBQUFBQUFBQUFBQUFBQUFBQUFBQUFBQUFBQUFBQUFBQUFBQUFBQUFBQUFBQUFBQUFBQUFBQUFBQUFBQUFBQUFBQUFBQUFBQUFBQUFBQUFBQUFBQUFBQUFBQUFBQUFBQUFBQUFBQUFBQUFBQUFBQUFBQUFBQUFBQUFBQUFBQUFBQUFBQUFBQUFBQUFBQUFBQUFBQUFBQUFBQUFBQUFBQUFBQUFBQUFBQUFBQUFBQUFBQUFBQUFBQUFBQUFBQUFBQUFBQUFBQUFBQUFBQUFBQUFBQUFBQUFBQUFBQUFBQUFBQUFBQUFBQUFBQUFBQUFBQUFBQUFBQUFBQUFBQUFBQUFBQUFBQUFBQUFBQUFBQUFBQUFBQUFBQUFBQUFBQUFBQUFBQUFBQUFBQUFBQUFBQUFBQUFBQUFBQUFBQUFBQUFBQUFBQUFBQUFBQUFBQUFBQUFBQUFBQUFBQUFBQUFBQUFBQUFBQUFBQUFBQUFBQUFBQUFBQUFBQUFBQUFBQUFBQUFBQUFBQUFBQUFBQUFBQUFBQUFBQUFBQUFBQUFBQUFBQUFBQUFBQUFBQUFBQUFBQUFBQUFBQUFBQUFBQUFBQUFBQUFBQUFBQUFBQUFBQUFBQUFBQUFBQUFBQUFBQUFBQUFBQUFBQUFBQUFBQUFBQUFBQUFBQUFBQUFBQUFBQUFBQUFBQUFBQUFBQUFBQUFBQUFBQUFBQUFBQUFBQUFBQUFBQUFBQUFBQUFBQUFBQUFBQUFBQUFBQUFBQUFBQUFBQUFBQUFBQUFBQUFBQUFBQUFBQUFBQUFBQUFBQUFBQUFBQUFBQUFBQUFBQUFBQUFBQUFBQUFBQUFBQUFBQUFBQUFBQUFBQUFBQUFBQUFBQUFBQUFBQUFBQUFBQUFBQUFBQUFBQUFBQUFBQUFBQUFBQUFBQUFBQUFBQUFBQUFBQUFBQUFBQUFBQUFBQUFBQUFBQUFBQUFBQUFBQUFBQUFBQUFBQUFBQUFBQUFBQUFBQUFBQUFBQUFBQUFBQUFBQUFBQUFBQUFBQUFBQUFBQUFBQUFBQUFBQUFBQUFBQUFBQUFBQUFBQUFBQUFBQUFBQUFBQUFBQUFBQUFBQUFBQUFBQUFBQUFBQUFBQUFBQUFBQUFBQUFBQUFBQUFBQUFBQUFBQUFBQUFBQUFBQUFBQUFBQUFBQUFBQUFBQUFBQUFBQUFBQUFBQUFBQUFBQUFBQUFBQUFBQUFBQUFBQUFBQUFBQUFBQUFBQUFBQUFBQUFBQUFBQUFBQUFBQUFBQUFBQUFBQUFBQUFBQUFBQUFBQUFBQUFBQUFBQUFBQUFBQUFBQUFBQUFBQUFBQUFBQUFBQUFBQUFBQUFBQUFBQUFBQUFBQUFBQUFBQUFBQUFBQUFBQUFBQUFBQUFBQUFBQUFBQUFBQUFBQUFBQUFBQUFBQUFBQUFBQUFBQUFBQUFBQUFBQUFBQUFBQUFBQUFBQUFBQUFBQUFBQUFBQUFBQUFBQUFBQUFBQUFBQUFBQUFBQUFBQUFBQUFBQUFBQUFBQUFBQUFBQUFBQUFBQUFBQUFBQUFBQUFBQUFBQUFBQUFBQUFBQUFBQUFBQUFBQUFBQUFBQUFBQUFBQUFBQUFBQUFBQUFBQUFBQUFBQUFBQUFBQUFBQUFBQUFBQUFBQUFBQUFBQUFBQUFBQUFBQUFBQUFBQUFBQUFBQUFBQUFBQUFBQUFBQUFBQUFBQUFBQUFBQUFBQUFBQUFBQUFBQUFBQUFBQUFBQUFBQUFBQUFBQUFBQUFBQUFBQUFBQUFBQUFBQUFBQUFBQUFBQUFBQUFBQUFBQUFBQUFBQUFBQUFBQUFBQUFBQUFBQUFBQUFBQUFBQUFBQUFBQUFBQUFBQUFBQUFBQUFBQUFBQUFBQUFBQUFBQUFBQUFBQUFBQUFBQUFBQUFBQUFBQUFBQUFBQUFBQUFBQUFBQUFBQUFBQUFBQUFBQUFBQUFBQUFBQUFBQUFBQUFBQUFBQUFBQUFBQUFBQUFBQUFBQUFBQUFBQUFBQUFBQUFBQUFBQUFBQUFBQUFBQUFBQUFBQUFBQUFBQUFBQUFBQUFBQUFBQUFBQUFBQUFBQUFBQUFBQUFBQUFBQUFBQUFBQUFBQUFBQUFBQUFBQUFBQUFBQUFBQUFBQUFBQUFBQUFBQUFBQUFBQUFBQUFBQUFBQUFBQUFBQUFBQUFBQUFBQUFBQUFBQUFBQUFBQUFBQUFBQUFBQUFBQUFBQUFBQUFBQUFBQUFBQUFBQUFBQUFBQUFBQUFBQUFBQUFBQUFBQUFBQUFBQUFBQUFBQUFBQUFBQUFBQUFBQUFBQUFBQUFBQUFBQUFBQUFBQUFBQUFBQUFBQUFBQUFBQUFBQUFBQUFBQUFBQUFBQUFBQUFBQUFBQUFBQUFBQUFBQUFBQUFBQUFBQUFBQUFBQUFBQUFBQUFBQUFBQUFBQUFBQUFBQUFBQUFBQUFBQUFBQUFBQUFBQUFBQUFBQUFBQUFBQUFBQUFBQUFBQUFBQUFBQUFBQUFBQUFBQUFBQUFBQUFBQUFBQUFBQUFBQUFBQUFBQUFBQUFBQUFBQUFBQUFBQUFBQUFBQUFBQUFBQUFBQUFBQUFBQUFBQUFBQUFBQUFBQUFBQUFBQUFBQUFBQUFBQUFBQUFBQUFBQUFBQUFBQUFBQUFBQUFBQUFBQUFBQUFBQUFBQUFBQUFBQUFBQUFBQUFBQUFBQUFBQUFBQUFBQUFBQUFBQUFBQUFBQUFBQUFBQUFBQUFBQUFBQUFBQUFBQUFBQUFBQUFBQUFBQUFBQUFBQUFBQUFBQUFBQUFBQUFBQUFBQUFBQUFBQUFBQUFBQUFBQUFBQUFBQUFBQUFBQUFBQUFBQUFBQUFBQUFBQUFBQUFBQUFBQUFBQUFBQUFBQUFBQUFBQUFBQUFBQUFBQUFBQUFBQUFBQUFBQUFBQUFBQUFBQUFBQUFBQUFBQUFBQUFBQUFBQUFBQUFBQUFBQUFBQUFBQUFBQUFBQUFBQUFBQUFBQUFBQUFBQUFBQUFBQUFBQUFBQUFBQUFBQUFBQUFBQUFBQUFBQUFBQUFBQUFBQUFBQUFBQUFBQUFBQUFBQUFBQUFBQUFBQUFBQUFBQUFBQUFBQUFBQUFBQUFBQUFBQUFBQUFBQUFBQUFBQUFBQUFBQUFBQUFBQUFBQUFBQUFBQUFBQUFBQUFBQUFBQUFBQUFBQUFBQUFBQUFBQUFBQUFBQUFBQUFBQUFBQUFBQUFBQUFBQUFBQUFBQUFBQUFBQUFBQUFBQUFBQUFBQUFBQUFBQUFBQUFBQUFBQUFBQUFBQUFBQUFBQUFBQUFBQUFBQUFBQUFBQUFBQUFBQUFBQUFBQUFBQUFBQUFBQUFBQUFBQUFBQUFBQUFBQUFBQUFBQUFBQUFBQUFBQUFBQUFBQUFBQUFBQUFBQUFBQUFBQUFBQUFBQUFBQUFBQUFBQUFBQUFBQUFBQUFBQUFBQUFBQUFBQUFBQUFBQUFBQUFBQUFBQUFBQUFBQUFBQUFBQUFBQUFBQUFBQUFBQUFBQUFBQUFBQUFBQUFBQUFBQUFBQUFBQUFBQUFBQUFBQUFBQUFBQUFBQUFBQUFBQUFBQUFBQUFBQUFBQUFBQUFBQUFBQUFBQUFBQUFBQUFBQUFBQUFBQUFBQUFBQUFBQUFBQUFBQUFBQUFBQUFBQUFBQUFBQUFBQUFBQUFBQUFBQUFBQUFBQUFBQUFBQUFBQUFBQUFBQUFBQUFBQUFBQUFBQUFBQUFBQUFBQUFBQUFBQUFBQUFBQUFBQUFBQUFBQUFBQUFBQUFBQUFBQUFBQUFBQUFBQUFBQUFBQUFBQUFBQUFBQUFBQUFBQUFBQUFBQUFBQUFBQUFBQUFBQUFBQUFBQUFBQUFBQUFBQUFBQUFBQUFBQUFBQUFBQUFBQUFBQUFBQUFBQUFBQUFBQUFBQUFBQUFBQUFBQUFBQUFBQUFBQUFBQUFBQUFBQUFBQUFBQUFBQUFBQUFBQUFBQUFBQUFBQUFBQUFBQUFBQUFBQUFBQUFBQUFBQUFBQUFBQUFBQUFBQUFBQUFBQUFBQUFBQUFBQUFBQUFBQUFBQUFBQUFBQUFBQUFBQUFBQUFBQUFBQUFBQUFBQUFBQUFBQUFBQUFBQUFBQUFBQUFBQUFBQUFBQUFBQUFBQUFBQUFBQUFBQUFBQUFBQUFBQUFBQUFBQUFBQUFBQUFBQUFBQUFBQUFBQUFBQUFBQUFBQUFBQUFBQUFBQUFBQUFBQUFBQUFBQUFBQUFBQUFBQUFBQUFBQUFBQUFBQUFBQUFBQUFBQUFBQUFBQUFBQUFBQUFBQUFBQUFBQUFBQUFBQUFBQUFBQUFBQUFBQUFBQUFBQUFBQUFBQUFBQUFBQUFBQUFBQUFBQUFBQUFBQUFBQUFBQUFBQUFBQUFBQUFBQUFBQUFBQUFBQUFBQUFBQUFBQUFBQUFBQUFBQUFBQUFBQUFBQUFBQUFBQUFBQUFBQUFBQUFBQUFBQUFBQUFBQUFBQUFBQUFBQUFBQUFBQUFBQUFBQUFBQUFBQUFBQUFBQUFBQUFBQUFBQUFBQUFBQUFBQUFBQUFBQUFBQUFBQUFBQUFBQUFBQUFBQUFBQUFBQUFBQUFBQUFBQUFBQUFBQUFBQUFBQUFBQUFBQUFBQUFBQUFBQUFBQUFBQUFBQUFBQUFBQUFBQUFBQUFBQUFBQUFBQUFBQUFBQUFBQUFBQUFBQUFBQUFBQUFBQUFBQUFBQUFBQUFBQUFBQUFBQUFBQUFBQUFBQUFBQUFBQUFBQUFBQUFBQUFBQUFBQUFBQUFBQUFBQUFBQUFBQUFBQUFBQUFBQUFBQUFBQUFBQUFBQUFBQUFBQUFBQUFBQUFBQUFBQUFBQUFBQUFBQUFBQUFBQUFBQUFBQUFBQUFBQUFBQUFBQUFBQUFBQUFBQUFBQUFBQUFBQUFBQUFBQUFBQUFBQUFBQUFBQUFBQUFBQUFBQUFBQUFBQUFBQUFBQUFBQUFBQUFBQUFBQUFBQUFBQUFBQUFBQUFBQUFBQUFBQUFBQUFBQUFBQUFBQUFBQUFBQUFBQUFBQUFBQUFBQUFBQUFBQUFBQUFBQUFBQUFBQUFBQUFBQUFBQUFBQUFBQUFBQUFBQUFBQUFBQUFBQUFBQUFBQUFBQUFBQUFBQUFBQUFBQUFBQUFBQUFBQUFBQUFBQUFBQUFBQUFBQUFBQUFBQUFBQUFBQUFBQUFBQUFBQUFBQUFBQUFBQUFBQUFBQUFBQUFBQUFBQUFBQUFBQUFBQUFBQUFBQUFBQUFBQUFBQUFBQUFBQUFBQUFBQUFBQUFBQUFBQUFBQUFBQUFBQUFBQUFBQUFBQUFBQUFBQUFBQUFBQUFBQUFBQUFBQUFBQUFBQUFBQUFBQUFBQUFBQUFBQUFBQUFBQUFBQUFBQUFBQUFBQUFBQUFBQUFBQUFBQUFBQUFBQUFBQUFBQUFBQUFBQUFBQUFBQUFBQUFBQUFBQUFBQUFBQUFBQUFBQUFBQUFBQUFBQUFBQUFBQUFBQUFBQUFBQUFBQUFBQUFBQUFBQUFBQUFBQUFBQUFBQUFBQUFBQUFBQUFBQUFBQUFBQUFBQUFBQUFBQUFBQUFBQUFBQUFBQUFBQUFBQUFBQUFBQUFBQUFBQUFBQUFBQUFBQUFBQUFBQUFBQUFBQUFBQUFBQUFBQUFBQUFBQUFBQUFBQUFBQUFBQUFBQUFBQUFBQUFBQUFBQUFBQUFBQUFBQUFBQUFBQUFBQUFBQUFBQUFBQUFBQUFBQUFBQUFBQUFBQUFBQUFBQUFBQUFBQUFBQUFBQUFBQUFBQUFBQUFBQUFBQUFBQUFBQUFBQUFBQUFBQUFBQUFBQUFBQUFBQUFBQUFBQUFBQUFBQUFBQUFBQUFBQUFBQUFBQUFBQUFBQUFBQUFBQUFBQUFBQUFBQUFBQUFBQUFBQUFBQUFBQUFBQUFBQUFBQUFBQUFBQUFBQUFBQUFBQUFBQUFBQUFBQUFBQUFBQUFBQUFBQUFBQUFBQUFBQUFBQUFBQUFBQUFBQUFBQUFBQUFBQUFBQUFBQUFBQUFBQUFBQUFBQUFBQUFBQUFBQUFBQUFBQUFBQUFBQUFBQUFBQUFBQUFBQUFBQUFBQUFBQUFBQUFBQUFBQUFBQUFBQUFBQUFBQUFBQUFBQUFBQUFBQUFBQUFBQUFBQUFBQUFBQUFBQUFBQUFBQUFBQUFBQUFBQUFBQUFBQUFBQUFBQUFBQUFBQUFBQUFBQUFBQUFBQUFBQUFBQUFBQUFBQUFBQUFBQUFBQUFBQUFBQUFBQUFBQUFBQUFBQUFBQUFBQUFBQUFBQUFBQUFBQUFBQUFBQUFBQUFBQUFBQUFBQUFBQUFBQUFBQUFBQUFBQUFBQUFBQUFBQUFBQUFBQUFBQUFBQUFBQUFBQUFBQUFBQUFBQUFBQUFBQUFBQUFBQUFBQUFBQUFBQUFBQUFBQUFBQUFBQUFBQUFBQUFBQUFBQUFBQUFBQUFBQUFBQUFBQUFBQUFBQUFBQUFBQUFBQUFBQUFBQUFBQUFBQUFBQUFBQUFBQUFBQUFBQUFBQUFBQUFBQUFBQUFBQUFBQUFBQUFBQUFBQUFBQUFBQUFBQUFBQUFBQUFBQUFBQUFBQUFBQUFBQUFBQUFBQUFBQUFBQUFBQUFBQUFBQUFBQUFBQUFBQUFBQUFBQUFBQUFBQUFBQUFBQUFBQUFBQUFBQUFBQUFBQUFBQUFBQUFBQUFBQUFBQUFBQUFBQUFBQUFBQUFBQUFBQUFBQUFBQUFBQUFBQUFBQUFBQUFBQUFBQUFBQUFBQUFBQUFBQUFBQUFBQUFBQUFBQUFBQUFBQUFBQUFBQUFBQUFBQUFBQUFBQUFBQUFBQUFBQUFBQUFBQUFBQUFBQUFBQUFBQUFBQUFBQUFBQUFBQUFBQUFBQUFBQUFBQUFBQUFBQUFBQUFBQUFBQUFBQUFBQUFBQUFBQUFBQUFBQUFBQUFBQUFBQUFBQUFBQUFBQUFBQUFBQUFBQUFBQUFBQUFBQUFBQUFBQUFBQUFBQUFBQUFBQUFBQUFBQUFBQUFBQUFBQUFBQUFBQUFBQUFBQUFBQUFBQUFBQUFBQUFBQUFBQUFBQUFBQUFBQUFBQUFBQUFBQUFBQUFBQUFBQUFBQUFBQUFBQUFBQUFBQUFBQUFBQUFBQUFBQUFBQUFBQUFBQUFBQUFBQUFBQUFBQUFBQUFBQUFBQUFBQUFBQUFBQUFBQUFBQUFBQUFBQUFBQUFBQUFBQUFBQUFBQUFBQUFBQUFBQUFBQUFBQUFBQUFBQUFBQUFBQUFBQUFBQUFBQUFBQUFBQUFBQUFBQUFBQUFBQUFBQUFBQUFBQUFBQUFBQUFBQUFBQUFBQUFBQUFBQUFBQUFBQUFBQUFBQUFBQUFBQUFBQUFBQUFBQUFBQUFBQUFBQUFBQUFBQUFBQUFBQUFBQUFBQUFBQUFBQUFBQUFBQUFBQUFBQUFBQUFBQUFBQUFBQUFBQUFBQUFBQUFBQUFBQUFBQUFBQUFBQUFBQUFBQUFBQUFBQUFBQUFBQUFBQUFBQUFBQUFBQUFBQUFBQUFBQUFBQUFBQUFBQUFBQUFBQUFBQUFBQUFBQUFBQUFBQUFBQUFBQUFBQUFBQUFBQUFBQUFBQUFBQUFBQUFBQUFBQUFBQUFBQUFBQUFBQUFBQUFBQUFBQUFBQUFBQUFBQUFBQUFBQUFBQUFBQUFBQUFBQUFBQUFBQUFBQUFBQUFBQUFBQUFBQUFBQUFBQUFBQUFBQUFBQUFBQUFBQUFBQUFBQUFBQUFBQUFBQUFBQUFBQUFBQUFBQUFBQUFBQUFBQUFBQUFBQUFBQUFBQUFBQUFBQUFBQUFBQUFBQUFBQUFBQUFBQUFBQUFBQUFBQUFBQUFBQUFBQUFBQUFBQUFBQUFBQUFBQUFBQUFBQUFBQUFBQUFBQUFBQUFBQUFBQUFBQUFBQUFBQUFBQUFBQUFBQUFBQUFBQUFBQUFBQUFBQUFBQUFBQUFBQUFBQUFBQUFBQUFBQUFBQUFBQUFBQUFBQUFBQUFBQUFBQUFBQUFBQUFBQUFBQUFBQUFBQUFBQUFBQUFBQUFBQUFBQUFBQUFBQUFBQUFBQUFBQUFBQUFBQUFBQUFBQUFBQUFBQUFBQUFBQUFBQUFBQUFBQUFBQUFBQUFBQUFBQUFBQUFBQUFBQUFBQUFBQUFBQUFBQUFBQUFBQUFBQUFBQUFBQUFBQUFBQUFBQUFBQUFBQUFBQUFBQUFBQUFBQUFBQUFBQUFBQUFBQUFBQUFBQUFBQUFBQUFBQUFBQUFBQUFBQUFBQUFBQUFBQUFBQUFBQUFBQUFBQUFBQUFBQUFBQUFBQUFBQUFBQUFBQUFBQUFBQUFBQUFBQUFBQUFBQUFBQUFBQUFBQUFBQUFBQUFBQUFBQUFBQUFBQUFBQUFBQUFBQUFBQUFBQUFBQUFBQUFBQUFBQUFBQUFBQUFBQUFBQUFBQUFBQUFBQUFBQUFBQUFBQUFBQUFBQUFBQUFBQUFBQUFBQUFBQUFBQUFBQUFBQUFBQUFBQUFBQUFBQUFBQUFBQUFBQUFBQUFBQUFBQUFBQUFBQUFBQUFBQUFBQUFBQUFBQUFBQUFBQUFBQUFBQUFBQUFBQUFBQUFBQUFBQUFBQUFBQUFBQUFBQUFBQUFBQUFBQUFBQUFBQUFBQUFBQUFBQUFBQUFBQUFBQUFBQUFBQUFBQUFBQUFBQUFBQUFBQUFBQUFBQUFBQUFBQUFBQUFBQUFBQUFBQUFBQUFBQUFBQUFBQUFBQUFBQUFBQUFBQUFBQUFBQUFBQUFBQUFBQUFBQUFBQUFBQUFBQUFBQUFBQUFBQUFBQUFBQUFBQUFBQUFBQUFBQUFBQUFBQUFBQUFBQUFBQUFBQUFBQUFBQUFBQUFBQUFBQUFBQUFBQUFBQUFBQUFBQUFBQUFBQUFBQUFBQUFBQUFBQUFBQUFBQUFBQUFBQUFBQUFBQUFBQUFBQUFBQUFBQUFBQUFBQUFBQUFBQUFBQUFBQUFBQUFBQUFBQUFBQUFBQUFBQUFBQUFBQUFBQUFBQUFBQUFBQUFBQUFBQUFBQUFBQUFBQUFBQUFBQUFBQUFBQUFBQUFBQUFBQUFBQUFBQUFBQUFBQUFBQUFBQUFBQUFBQUFBQUFBQUFBQUFBQUFBQUFBQUFBQUFBQUFBQUFBQUFBQUFBQUFBQUFBQUFBQUFBQUFBQUFBQUFBQUFBQUFBQUFBQUFBQUFBQUFBQUFBQUFBQUFBQUFBQUFBQUFBQUFBQUFBQUFBQUFBQUFBQUFBQUFBQUFBQUFBQUFBQUFBQUFBQUFBQUFBQUFBQUFBQUFBQUFBQUFBQUFBQUFBQUFBQUFBQUFBQUFBQUFBQUFBQUFBQUFBQUFBQUFBQUFBQUFBQUFBQUFBQUFBQUFBQUFBQUFBQUFBQUFBQUFBQUFBQUFBQUFBQUFBQUFBQUFBQUFBQUFBQUFBQUFBQUFBQUFBQUFBQUFBQUFBQUFBQUFBQUFBQUFBQUFBQUFBQUFBQUFBQUFBQUFBQUFBQUFBQUFBQUFBQUFBQUFBQUFBQUFBQUFBQUFBQUFBQUFBQUFBQUFBQUFBQUFBQUFBQUFBQUFBQUFBQUFBQUFBQUFBQUFBQUFBQUFBQUFBQUFBQUFBQUFBQUFBQUFBQUFBQUFBQUFBQUFBQUFBQUFBQUFBQUFBQUFBQUFBQUFBQUFBQUFBQUFBQUFBQUFBQUFBQUFBQUFBQUFBQUFBQUFBQUFBQUFBQUFBQUFBQUFBQUFBQUFBQUFBQUFBQUFBQUFBQUFBQUFBQUFBQUFBQUFBQUFBQUFBQUFBQUFBQUFBQUFBQUFBQUFBQUFBQUFBQUFBQUFBQUFBQUFBQUFBQUFBQUFBQUFBQUFBQUFBQUFBQUFBQUFBQUFBQUFBQUFBQUFBQUFBQUFBQUFBQUFBQUFBQUFBQUFBQUFBQUFBQUFBQUFBQUFBQUFBQUFBQUFBQUFBQUFBQUFBQUFBQUFBQUFBQUFBQUFBQUFBQUFBQUFBQUFBQUFBQUFBQUFBQUFBQUFBQUFBQUFBQUFBQUFBQUFBQUFBQUFBQUFBQUFBQUFBQUFBQUFBQUFBQUFBQUFBQUFBQUFBQUFBQUFBQUFBQUFBQUFBQUFBQUFBQUFBQUFBQUFBQUFBQUFBQUFBQUFBQUFBQUFBQUFBQUFBQUFBQUFBQUFBQUFBQUFBQUFBQUFBQUFBQUFBQUFBQUFBQUFBQUFBQUFBQUFBQUFBQUFBQUFBQUFBQUFBQUFBQUFBQUFBQUFBQUFBQUFBQUFBQUFBQUFBQUFBQUFBQUFBQUFBQUFBQUFBQUFBQUFBQUFBQUFBQUFBQUFBQUFBQUFBQUFBQUFBQUFBQUFBQUFBQUFBQUFBQUFBQUFBQUFBQUFBQUFBQUFBQUFBQUFBQUFBQUFBQUFBQUFBQUFBQUFBQUFBQUFBQUFBQUFBQUFBQUFBQUFBQUFBQUFBQUFBQUFBQUFBQUFBQUFBQUFBQUFBQUFBQUFBQUFBQUFBQUFBQUFBQUFBQUFBQUFBQUFBQUFBQUFBQUFBQUFBQUFBQUFBQUFBQUFBQUFBQUFBQUFBQUFBQUFBQUFBQUFBQUFBQUFBQUFBQUFBQUFBQUFBQUFBQUFBQUFBQUFBQUFBQUFBQUFBQUFBQUFBQUFBQUFBQUFBQUFBQUFBQUFBQUFBQUFBQUFBQUFBQUFBQUFBQUFBQUFBQUFBQUFBQUFBQUFBQUFBQUFBQUFBQUFBQUFBQUFBQUFBQUFBQUFBQUFBQUFBQUFBQUFBQUFBQUFBQUFBQUFBQUFBQUFBQUFBQUFBQUFBQUFBQUFBQUFBQUFBQUFBQUFBQUFBQUFBQUFBQUFBQUFBQUFBQUFBQUFBQUFBQUFBQUFBQUFBQUFBQUFBQUFBQUFBQUFBQUFBQUFBQUFBQUFBQUFBQUFBQUFBQUFBQUFBQUFBQUFBQUFBQUFBQUFBQUFBQUFBQUFBQUFBQUFBQUFBQUFBQUFBQUFBQUFBQUFBQUFBQUFBQUFBQUFBQUFBQUFBQUFBQUFBQUFBQUFBQUFBQUFBQUFBQUFBQUFBQUFBQUFBQUFBQUFBQUFBQUFBQUFBQUFBQUFBQUFBQUFBQUFBQUFBQUFBQUFBQUFBQUFBQUFBQUFBQUFBQUFBQUFBQUFBQUFBQUFBQUFBQUFBQUFBQUFBQUFBQUFBQUFBQUFBQUFBQUFBQUFBQUFBQUFBQUFBQUFBQUFBQUFBQUFBQUFBQUFBQUFBQUFBQUFBQUFBQUFBQUFBQUFBQUFBQUFBQUFBQUFBQUFBQUFBQUFBQUFBQUFBQUFBQUFBQUFBQUFBQUFBQUFBQUFBQUFBQUFBQUFBQUFBQUFBQUFBQUFBQUFBQUFBQUFBQUFBQUFBQUFBQUFBQUFBQUFBQUFBQUFBQUFBQUFBQUFBQUFBQUFBQUFBQUFBQUFBQUFBQUFBQUFBQUFBQUFBQUFBQUFBQUFBQUFBQUFBQUFBQUFBQUFBQUFBQUFBQUFBQUFBQUFBQUFBQUFBQUFBQUFBQUFBQUFBQUFBQUFBQUFBQUFBQUFBQUFBQUFBQUFBQUFBQUFBQUFBQUFBQUFBQUFBQUFBQUFBQUFBQUFBQUFBQUFBQUFBQUFBQUFBQUFBQUFBQUFBQUFBQUFBQUFBQUFBQUFBQUFBQUFBQUFBQUFBQUFBQUFBQUFBQUFBQUFBQUFBQUFBQUFBQUFBQUFBQUFBQUFBQUFBQUFBQUFBQUFBQUFBQUFBQUFBQUFBQUFBQUFBQUFBQUFBQUFBQUFBQUFBQUFBQUFBQUFBQUFBQUFBQUFBQUFBQUFBQUFBQUFBQUFBQUFBQUFBQUFBQUFBQUFBQUFBQUFBQUFBQUFBQUFBQUFBQUFBQUFBQUFBQUFBQUFBQUFBQUFBQUFBQUFBQUFBQUFBQUFBQUFBQUFBQUFBQUFBQUFBQUFBQUFBQUFBQUFBQUFBQUFBQUFBQUFBQUFBQUFBQUFBQUFBQUFBQUFBQUFBQUFBQUFBQUFBQUFBQUFBQUFBQUFBQUFBQUFBQUFBQUFBQUFBQUFBQUFBQUFBQUFBQUFBQUFBQUFBQUFBQUFBQUFBQUFBQUFBQUFBQUFBQUFBQUFBQUFBQUFBQUFBQUFBQUFBQUFBQUFBQUFBQUFBQUFBQUFBQUFBQUFBQUFBQUFBQUFBQUFBQUFBQUFBQUFBQUFBQUFBQUFBQUFBQUFBQUFBQUFBQUFBQUFBQUFBQUFBQUFBQUFBQUFBQUFBQUFBQUFBQUFBQUFBQUFBQUFBQUFBQUFBQUFBQUFBQUFBQUFBQUFBQUFBQUFBQUFBQUFBQUFBQUFBQUFBQUFBQUFBQUFBQUFBQUFBQUFBQUFBQUFBQUFBQUFBQUFBQUFBQUFBQUFBQUFBQUFBQUFBQUFBQUFBQUFBQUFBQUFBQUFBQUFBQUFBQUFBQUFBQUFBQUFBQUFBQUFBQUFBQUFBQUFBQUFBQUFBQUFBQUFBQUFBQUFBQUFBQUFBQUFBQUFBQUFBQUFBQUFBQUFBQUFBQUFBQUFBQUFBQUFBQUFBQUFBQUFBQUFBQUFBQUFBQUFBQUFBQUFBQUFBQUFBQUFBQUFBQUFBQUFBQUFBQUFBQUFBQUFBQUFBQUFBQUFBQUFBQUFBQUFBQUFBQUFBQUFBQUFBQUFBQUFBQUFBQUFBQUFBQUFBQUFBQUFBQUFBQUFBQUFBQUFBQUFBQUFBQUFBQUFBQUFBQUFBQUFBQUFBQUFBQUFBQUFBQUFBQUFBQUFBQUFBQUFBQUFBQUFBQUFBQUFBQUFBQUFBQUFBQUFBQUFBQUFBQUFBQUFBQUFBQUFBQUFBQUFBQUFBQUFBQUFBQUFBQUFBQUFBQUFBQUFBQUFBQUFBQUFBQUFBQUFBQUFBQUFBQUFBQUFBQUFBQUFBQUFBQUFBQUFBQUFBQUFBQUFBQUFBQUFBQUFBQUFBQUFBQUFBQUFBQUFBQUFBQUFBQUFBQUFBQUFBQUFBQUFBQUFBQUFBQUFBQUFBQUFBQUFBQUFBQUFBQUFBQUFBQUFBQUFBQUFBQUFBQUFBQUFBQUFBQUFBQUFBQUFBQUFBQUFBQUFBQUFBQUFBQUFBQUFBQUFBQUFBQUFBQUFBQUFBQUFBQUFBQUFBQUFBQUFBQUFBQUFBQUFBQUFBQUFBQUFBQUFBQUFBQUFBQUFBQUFBQUFBQUFBQUFBQUFBQUFBQUFBQUFBQUFBQUFBQUFBQUFBQUFBQUFBQUFBQUFBQUFBQUFBQUFBQUFBQUFBQUFBQUFBQUFBQUFBQUFBQUFBQUFBQUFBQUFBQUFBQUFBQUFBQUFBQUFBQUFBQUFBQUFBQUFBQUFBQUFBQUFBQUFBQUFBQUFBQUFBQUFBQUFBQUFBQUFBQUFBQUFBQUFBQUFBQUFBQUFBQUFBQUFBQUFBQUFBQUFBQUFBQUFBQUFBQUFBQUFBQUFBQUFBQUFBQUFBQUFBQUFBQUFBQUFBQUFBQUFBQUFBQUFBQUFBQUFBQUFBQUFBQUFBQUFBQUFBQUFBQUFBQUFBQUFBQUFBQUFBQUFBQUFBQUFBQUFBQUFBQUFBQUFBQUFBQUFBQUFBQUFBQUFBQUFBQUFBQUFBQUFBQUFBQUFBQUFBQUFBQUFBQUFBQUFBQUFBQUFBQUFBQUFBQUFBQUFBQUFBQUFBQUFBQUFBQUFBQUFBQUFBQUFBQUFBQUFBQUFBQUFBQUFBQUFBQUFBQUFBQUFBQUFBQUFBQUFBQUFBQUFBQUFBQUFBQUFBQUFBQUFBQUFBQUFBQUFBQUFBQUFBQUFBQUFBQUFBQUFBQUFBQUFBQUFBQUFBQUFBQUFBQUFBQUFBQUFBQUFBQUFBQUFBQUFBQUFBQUFBQUFBQUFBQUFBQUFBQUFBQUFBQUFBQUFBQUFBQUFBQUFBQUFBQUFBQUFBQUFBQUFBQUFBQUFBQUFBQUFBQUFBQUFBQUFBQUFBQUFBQUFBQUFBQUFBQUFBQUFBQUFBQUFBQUFBQUFBQUFBQUFBQUFBQUFBQUFBQUFBQUFBQUFBQUFBQUFBQUFBQUFBQUFBQUFBQUFBQUFBQUFBQUFBQUFBQUFBQUFBQUFBQUFBQUFBQUFBQUFBQUFBQUFBQUFBQUFBQUFBQUFBQUFBQUFBQUFBQUFBQUFBQUFBQUFBQUFBQUFBQUFBQUFBQUFBQUFBQUFBQUFBQUFBQUFBQUFBQUFBQUFBQUFBQUFBQUFBQUFBQUFBQUFBQUFBQUFBQUFBQUFBQUFBQUFBQUFBQUFBQUFBQUFBQUFBQUFBQUFBQUFBQUFBQUFBQUFBQUFBQUFBQUFBQUFBQUFBQUFBQUFBQUFBQUFBQUFBQUFBQUFBQUFBQUFBQUFBQUFBQUFBQUFBQUFBQUFBQUFBQUFBQUFBQUFBQUFBQUFBQUFBQUFBQUFBQUFBQUFBQUFBQUFBQUFBQUFBQUFBQUFBQUFBQUFBQUFBQUFBQUFBQUFBQUFBQUFBQUFBQUFBQUFBQUFBQUFBQUFBQUFBQUFBQUFBQUFBQUFBQUFBQUFBQUFBQUFBQUFBQUFBQUFBQUFBQUFBQUFBQUFBQUFBQUFBQUFBQUFBQUFBQUFBQUFBQUFBQUFBQUFBQUFBQUFBQUFBQUFBQUFBQUFBQUFBQUFBQUFBQUFBQUFBQUFBQUFBQUFBQUFBQUFBQUFBQUFBQUFBQUFBQUFBQUFBQUFBQUFBQUFBQUFBQUFBQUFBQUFBQUFBQUFBQUFBQUFBQUFBQUFBQUFBQUFBQUFBQUFBQUFBQUFBQUFBQUFBQUFBQUFBQUFBQUFBQUFBQUFBQUFBQUFBQUFBQUFBQUFBQUFBQUFBQUFBQUFBQUFBQUFBQUFBQUFBQUFBQUFBQUFBQUFBQUFBQUFBQUFBQUFBQUFBQUFBQUFBQUFBQUFBQUFBQUFBQUFBQUFBQUFBQUFBQUFBQUFBQUFBQUFBQUFBQUFBQUFBQUFBQUFBQUFBQUFBQUFBQUFBQUFBQUFBQUFBQUFBQUFBQUFBQUFBQUFBQUFBQUFBQUFBQUFBQUFBQUFBQUFBQUFBQUFBQUFBQUFBQUFBQUFBQUFBQUFBQUFBQUFBQUFBQUFBQUFBQUFBQUFBQUFBQUFBQUFBQUFBQUFBQUFBQUFBQUFBQUFBQUFBQUFBQUFBQUFBQUFBQUFBQUFBQUFBQUFBQUFBQUFBQUFBQUFBQUFBQUFBQUFBQUFBQUFBQUFBQUFBQUFBQUFBQUFBQUFBQUFBQUFBQUFBQUFBQUFBQUFBQUFBQUFBQUFBQUFBQUFBQUFBQUFBQUFBQUFBQUFBQUFBQUFBQUFBQUFBQUFBQUFBQUFBQUFBQUFBQUFBQUFBQUFBQUFBQUFBQUFBQUFBQUFBQUFBQUFBQUFBQUFBQUFBQUFBQUFBQUFBQUFBQUFBQUFBQUFBQUFBQUFBQUFBQUFBQUFBQUFBQUFBQUFBQUFBQUFBQUFBQUFBQUFBQUFBQUFBQUFBQUFBQUFBQUFBQUFBQUFBQUFBQUFBQUFBQUFBQUFBQUFBQUFBQUFBQUFBQUFBQUFBQUFBQUFBQUFBQUFBQUFBQUFBQUFBQUFBQUFBQUFBQUFBQUFBQUFBQUFBQUFBQUFBQUFBQUFBQUFBQUFBQUFBQUFBQUFBQUFBQUFBQUFBQUFBQUFBQUFBQUFBQUFBQUFBQUFBQUFBQUFBQUFBQUFBQUFBQUFBQUFBQUFBQUFBQUFBQUFBQUFBQUFBQUFBQUFBQUFBQUFBQUFBQUFBQUFBQUFBQUFBQUFBQUFBQUFBQUFBQUFBQUFBQUFBQUFBQUFBQUFBQUFBQUFBQUFBQUFBQUFBQUFBQUFBQUFBQUFBQUFBQUFBQUFBQUFBQUFBQUFBQUFBQUFBQUFBQUFBQUFBQUFBQUFBQUFBQUFBQUFBQUFBQUFBQUFBQUFBQUFBQUFBQUFBQUFBQUFBQUFBQUFBQUFBQUFBQUFBQUFBQUFBQUFBQUFBQUFBQUFBQUFBQUFBQUFBQUFBQUFBQUFBQUFBQUFBQUFBQUFBQUFBQUFBQUFBQUFBQUFBQUFBQUFBQUFBQUFBQUFBQUFBQUFBQUFBQUFBQUFBQUFBQUFBQUFBQUFBQUFBQUFBQUFBQUFBQUFBQUFBQUFBQUFBQUFBQUFBQUFBQUFBQUFBQUFBQUFBQUFBQUFBQUFBQUFBQUFBQUFBQUFBQUFBQUFBQUFBQUFBQUFBQUFBQUFBQUFBQUFBQUFBQUFBQUFBQUFBQUFBQUFBQUFBQUFBQUFBQUFBQUFBQUFBQUFBQUFBQUFBQUFBQUFBQUFBQUFBQUFBQUFBQUFBQUFBQUFBQUFBQUFBQUFBQUFBQUFBQUFBQUFBQUFBQUFBQUFBQUFBQUFBQUFBQUFBQUFBQUFBQUFBQUFBQUFBQUFBQUFBQUFBQUFBQUFBQUFBQUFBQUFBQUFBQUFBQUFBQUFBQUFBQUFBQUFBQUFBQUFBQUFBQUFBQUFBQUFBQUFBQUFBQUFBQUFBQUFBQUFBQUFBQUFBQUFBQUFBQUFBQUFBQUFBQUFBQUFBQUFBQUFBQUFBQUFBQUFBQUFBQUFBQUFBQUFBQUFBQUFBQUFBQUFBQUFBQUFBQUFBQUFBQUFBQUFBQUFBQUFBQUFBQUFBQUFBQUFBQUFBQUFBQUFBQUFBQUFBQUFBQUFBQUFBQUFBQUFBQUFBQUFBQUFBQUFBQUFBQUFBQUFBQUFBQUFBQUFBQUFBQUFBQUFBQUFBQUFBQUFBQUFBQUFBQUFBQUFBQUFBQUFBQUFBQUFBQUFBQUFBQUFBQUFBQUFBQUFBQUFBQUFBQUFBQUFBQUFBQUFBQUFBQUFBQUFBQUFBQUFBQUFBQUFBQUFBQUFBQUFBQUFBQUFBQUFBQUFBQUFBQUFBQUFBQUFBQUFBQUFBQUFBQUFBQUFBQUFBQUFBQUFBQUFBQUFBQUFBQUFBQUFBQUFBQUFBQUFBQUFBQUFBQUFBQUFBQUFBQUFBQUFBQUFBQUFBQUFBQUFBQUFBQUFBQUFBQUFBQUFBQUFBQUFBQUFBQUFBQUFBQUFBQUFBQUFBQUFBQUFBQUFBQUFBQUFBQUFBQUFBQUFBQUFBQUFBQUFBQUFBQUFBQUFBQUFBQUFBQUFBQUFBQUFBQUFBQUFBQUFBQUFBQUFBQUFBQUFBQUFBQUFBQUFBQUFBQUFBQUFBQUFBQUFBQUFBQUFBQUFBQUFBQUFBQUFBQUFBQUFBQUFBQUFBQUFBQUFBQUFBQUFBQUFBQUFBQUFBQUFBQUFBQUFBQUFBQUFBQUFBQUFBQUFBQUFBQUFBQUFBQUFBQUFBQUFBQUFBQUFBQUFBQUFBQUFBQUFBQUFBQUFBQUFBQUFBQUFBQUFBQUFBQUFBQUFBQUFBQUFBQUFBQUFBQUFBQUFBQUFBQUFBQUFBQUFBQUFBQUFBQUFBQUFBQUFBQUFBQUFBQUFBQUFBQUFBQUFBQUFBQUFBQUFBQUFBQUFBQUFBQUFBQUFBQUFBQUFBQUFBQUFBQUFBQUFBQUFBQUFBQUFBQUFBQUFBQUFBQUFBQUFBQUFBQUFBQUFBQUFBQUFBQUFBQUFBQUFBQUFBQUFBQUFBQUFBQUFBQUFBQUFBQUFBQUFBQUFBQUFBQUFBQUFBQUFBQUFBQUFBQUFBQUFBQUFBQUFBQUFBQUFBQUFBQUFBQUFBQUFBQUFBQUFBQUFBQUFBQUFBQUFBQUFBQUFBQUFBQUFBQUFBQUFBQUFBQUFBQUFBQUFBQUFBQUFBQUFBQUFBQUFBQUFBQUFBQUFBQUFBQUFBQUFBQUFBQUFBQUFBQUFBQUFBQUFBQUFBQUFBQUFBQUFBQUFBQUFBQUFBQUFBQUFBQUFBQUFBQUFBQUFBQUFBQUFBQUFBQUFBQUFBQUFBQUFBQUFBQUFBQUFBQUFBQUFBQUFBQUFBQUFBQUFBQUFBQUFBQUFBQUFBQUFBQUFBQUFBQUFBQUFBQUFBQUFBQUFBQUFBQUFBQUFBQUFBQUFBQUFBQUFBQUFBQUFBQUFBQUFBQUFBQUFBQUFBQUFBQUFBQUFBQUFBQUFBQUFBQUFBQUFBQUFBQUFBQUFBQUFBQUFBQUFBQUFBQUFBQUFBQUFBQUFBQUFBQUFBQUFBQUFBQUFBQUFBQUFBQUFBQUFBQUFBQUFBQUFBQUFBQUFBQUFBQUFBQUFBQUFBQUFBQUFBQUFBQUFBQUFBQUFBQUFBQUFBQUFBQUFBQUFBQUFBQUFBQUFBQUFBQUFBQUFBQUFBQUFBQUFBQUFBQUFBQUFBQUFBQUFBQUFBQUFBQUFBQUFBQUFBQUFBQUFBQUFBQUFBQUFBQUFBQUFBQUFBQUFBQUFBQUFBQUFBQUFBQUFBQUFBQUFBQUFBQUFBQUFBQUFBQUFBQUFBQUFBQUFBQUFBQUFBQUFBQUFBQUFBQUFBQUFBQUFBQUFBQUFBQUFBQUFBQUFBQUFBQUFBQUFBQUFBQUFBQUFBQUFBQUFBQUFBQUFBQUFBQUFBQUFBQUFBQUFBQUFBQUFBQUFBQUFBQUFBQUFBQUFBQUFBQUFBQUFBQUFBQUFBQUFBQUFBQUFBQUFBQUFBQUFBQUFBQUFBQUFBQUFBQUFBQUFBQUFBQUFBQUFBQUFBQUFBQUFBQUFBQUFBQUFBQUFBQUFBQUFBQUFBQUFBQUFBQUFBQUFBQUFBQUFBQUFBQUFBQUFBQUFBQUFBQUFBQUFBQUFBQUFBQUFBQUFBQUFBQUFBQUFBQUFBQUFBQUFBQUFBQUFBQUFBQUFBQUFBQUFBQUFBQUFBQUFBQUFBQUFBQUFBQUFBQUFBQUFBQUFBQUFBQUFBQUFBQUFBQUFBQUFBQUFBQUFBQUFBQUFBQUFBQUFBQUFBQUFBQUFBQUFBQUFBQUFBQUFBQUFBQUFBQUFBQUFBQUFBQUFBQUFBQUFBQUFBQUFBQUFBQUFBQUFBQUFBQUFBQUFBQUFBQUFBQUFBQUFBQUFBQUFBQUFBQUFBQUFBQUFBQUFBQUFBQUFBQUFBQUFBQUFBQUFBQUFBQUFBQUFBQUFBQUFBQUFBQUFBQUFBQUFBQUFBQUFBQUFBQUFBQUFBQUFBQUFBQUFBQUFBQUFBQUFBQUFBQUFBQUFBQUFBQUFBQUFBQUFBQUFBQUFBQUFBQUFBQUFBQUFBQUFBQUFBQUFBQUFBQUFBQUFBQUFBQUFBQUFBQUFBQUFBQUFBQUFBQUFBQUFBQUFBQUFBQUFBQUFBQUFBQUFBQUFBQUFBQUFBQUFBQUFBQUFBQUFBQUFBQUFBQUFBQUFBQUFBQUFBQUFBQUFBQUFBQUFBQUFBQUFBQUFBQUFBQUFBQUFBQUFBQUFBQUFBQUFBQUFBQUFBQUFBQUFBQUFBQUFBQUFBQUFBQUFBQUFBQUFBQUFBQUFBQUFBQUFBQUFBQUFBQUFBQUFBQUFBQUFBQUFBQUFBQUFBQUFBQUFBQUFBQUFBQUFBQUFBQUFBQUFBQUFBQUFBQUFBQUFBQUFBQUFBQUFBQUFBQUFBQUFBQUFBQUFBQUFBQUFBQUFBQUFBQUFBQUFBQUFBQUFBQUFBQUFBQUFBQUFBQUFBQUFBQUFBQUFBQUFBQUFBQUFBQUFBQUFBQUFBQUFBQUFBQUFBQUFBQUFBQUFBQUFBQUFBQUFBQUFBQUFBQUFBQUFBQUFBQUFBQUFBQUFBQUFBQUFBQUFBQUFBQUFBQUFBQUFBQUFBQUFBQUFBQUFBQUFBQUFBQUFBQUFBQUFBQUFBQUFBQUFBQUFBQUFBQUFBQUFBQUFBQUFBQUFBQUFBQUFBQUFBQUFBQUFBQUFBQUFBQUFBQUFBQUFBQUFBQUFBQUFBQUFBQUFBQUFBQUFBQUFBQUFBQUFBQUFBQUFBQUFBQUFBQUFBQUFBQUFBQUFBQUFBQUFBQUFBQUFBQUFBQUFBQUFBQUFBQUFBQUFBQUFBQUFBQUFBQUFBQUFBQUFBQUFBQUFBQUFBQUFBQUFBQUFBQUFBQUFBQUFBQUFBQUFBQUFBQUFBQUFBQUFBQUFBQUFBQUFBQUFBQUFBQUFBQUFBQUFBQUFBQUFBQUFBQUFBQUFBQUFBQUFBQUFBQUFBQUFBQUFBQUFBQUFBQUFBQUFBQUFBQUFBQUFBQUFBQUFBQUFBQUFBQUFBQUFBQUFBQUFBQUFBQUFBQUFBQUFBQUFBQUFBQUFBQUFBQUFBQUFBQUFBQUFBQUFBQUFBQUFBQUFBQUFBQUFBQUFBQUFBQUFBQUFBQUFBQUFBQUFBQUFBQUFBQUFBQUFBQUFBQUFBQUFBQUFBQUFBQUFBQUFBQUFBQUFBQUFBQUFBQUFBQUFBQUFBQUFBQUFBQUFBQUFBQUFBQUFBQUFBQUFBQUFBQUFBQUFBQUFBQUFBQUFBQUFBQUFBQUFBQUFBQUFBQUFBQUFBQUFBQUFBQUFBQUFBQUFBQUFBQUFBQUFBQUFBQUFBQUFBQUFBQUFBQUFBQUFBQUFBQUFBQUFBQUFBQUFBQUFBQUFBQUFBQUFBQUFBQUFBQUFBQUFBQUFBQUFBQUFBQUFBQUFBQUFBQUFBQUFBQUFBQUFBQUFBQUFBQUFBQUFBQUFBQUFBQUFBQUFBQUFBQUFBQUFBQUFBQUFBQUFBQUFBQUFBQUFBQUFBQUFBQUFBQUFBQUFBQUFBQUFBQUFBQUFBQUFBQUFBQUFBQUFBQUFBQUFBQUFBQUFBQUFBQUFBQUFBQUFBQUFBQUFBQUFBQUFBQUFBQUFBQUFBQUFBQUFBQUFBQUFBQUFBQUFBQUFBQUFBQUFBQUFBQUFBQUFBQUFBQUFBQUFBQUFBQUFBQUFBQUFBQUFBQUFBQUFBQUFBQUFBQUFBQUFBQUFBQUFBQUFBQUFBQUFBQUFBQUFBQUFBQUFBQUFBQUFBQUFBQUFBQUFBQUFBQUFBQUFBQUFBQUFBQUFBQUFBQUFBQUFBQUFBQUFBQUFBQUFBQUFBQUFBQUFBQUFBQUFBQUFBQUFBQUFBQUFBQUFBQUFBQUFBQUFBQUFBQUFBQUFBQUFBQUFBQUFBQUFBQUFBQUFBQUFBQUFBQUFBQUFBQUFBQUFBQUFBQUFBQUFBQUFBQUFBQUFBQUFBQUFBQUFBQUFBQUFBQUFBQUFBQUFBQUFBQUFBQUFBQUFBQUFBQUFBQUFBQUFBQUFBQUFBQUFBQUFBQUFBQUFBQUFBQUFBQUFBQUFBQUFBQUFBQUFBQUFBQUFBQUFBQUFBQUFBQUFBQUFBQUFBQUFBQUFBQUFBQUFBQUFBQUFBQUFBQUFBQUFBQUFBQUFBQUFBQUFBQUFBQUFBQUFBQUFBQUFBQUFBQUFBQUFBQUFBQUFBQUFBQUFBQUFBQUFBQUFBQUFBQUFBQUFBQUFBQUFBQUFBQUFBQUFBQUFBQUFBQUFBQUFBQUFBQUFBQUFBQUFBQUFBQUFBQUFBQUFBQUFBQUFBQUFBQUFBQUFBQUFBQUFBQUFBQUFBQUFBQUFBQUFBQUFBQUFBQUFBQUFBQUFBQUFBQUFBQUFBQUFBQUFBQUFBQUFBQUFBQUFBQUFBQUFBQUFBQUFBQUFBQUFBQUFBQUFBQUFBQUFBQUFBQUFBQUFBQUFBQUFBQUFBQUFBQUFBQUFBQUFBQUFBQUFBQUFBQUFBQUFBQUFBQUFBQUFBQUFBQUFBQUFBQUFBQUFBQUFBQUFBQUFBQUFBQUFBQUFBQUFBQUFBQUFBQUFBQUFBQUFBQUFBQUFBQUFBQUFBQUFBQUFBQUFBQUFBQUFBQUFBQUFBQUFBQUFBQUFBQUFBQUFBQUFBQUFBQUFBQUFBQUFBQUFBQUFBQUFBQUFBQUFBQUFBQUFBQUFBQUFBQUFBQUFBQUFBQUFBQUFBQUFBQUFBQUFBQUFBQUFBQUFBQUFBQUFBQUFBQUFBQUFBQUFBQUFBQUFBQUFBQUFBQUFBQUFBQUFBQUFBQUFBQUFBQUFBQUFBQUFBQUFBQUFBQUFBQUFBQUFBQUFBQUFBQUFBQUFBQUFBQUFBQUFBQUFBQUFBQUFBQUFBQUFBQUFBQUFBQUFBQUFBQUFBQUFBQUFBQUFBQUFBQUFBQUFBQUFBQUFBQUFBQUFBQUFBQUFBQUFBQUFBQUFBQUFBQUFBQUFBQUFBQUFBQUFBQUFBQUFBQUFBQUFBQUFBQUFBQUFBQUFBQUFBQUFBQUFBQUFBQUFBQUFBQUFBQUFBQUFBQUFBQUFBQUFBQUFBQUFBQUFBQUFBQUFBQUFBQUFBQUFBQUFBQUFBQUFBQUFBQUFBQUFBQUFBQUFBQUFBQUFBQUFBQUFBQUFBQUFBQUFBQUFBQUFBQUFBQUFBQUFBQUFBQUFBQUFBQUFBQUFBQUFBQUFBQUFBQUFBQUFBQUFBQUFBQUFBQUFBQUFBQUFBQUFBQUFBQUFBQUFBQUFBQUFBQUFBQUFBQUFBQUFBQUFBQUFBQUFBQUFBQUFBQUFBQUFBQUFBQUFBQUFBQUFBQUFBQUFBQUFBQUFBQUFBQUFBQUFBQUFBQUFBQUFBQUFBQUFBQUFBQUFBQUFBQUFBQUFBQUFBQUFBQUFBQUFBQUFBQUFBQUFBQUFBQUFBQUFBQUFBQUFBQUFBQUFBQUFBQUFBQUFBQUFBQUFBQUFBQUFBQUFBQUFBQUFBQUFBQUFBQUFBQUFBQUFBQUFBQUFBQUFBQUFBQUFBQUFBQUFBQUFBQUFBQUFBQUFBQUFBQUFBQUFBQUFBQUFBQUFBQUFBQUFBQUFBQUFBQUFBQUFBQUFBQUFBQUFBQUFBQUFBQUFBQUFBQUFBQUFBQUFBQUFBQUFBQUFBQUFBQUFBQUFBQUFBQUFBQUFBQUFBQUFBQUFBQUFBQUFBQUFBQUFBQUFBQUFBQUFBQUFBQUFBQUFBQUFBQUFBQUFBQUFBQUFBQUFBQUFBQUFBQUFBQUFBQUFBQUFBQUFBQUFBQUFBQUFBQUFBQUFBQUFBQUFBQUFBQUFBQUFBQUFBQUFBQUFBQUFBQUFBQUFBQUFBQUFBQUFBQUFBQUFBQUFBQUFBQUFBQUFBQUFBQUFBQUFBQUFBQUFBQUFBQUFBQUFBQUFBQUFBQUFBQUFBQUFBQUFBQUFBQUFBQUFBQUFBQUFBQUFBQUFBQUFBQUFBQUFBQUFBQUFBQUFBQUFBQUFBQUFBQUFBQUFBQUFBQUFBQUFBQUFBQUFBQUFBQUFBQUFBQUFBQUFBQUFBQUFBQUFBQUFBQUFBQUFBQUFBQUFBQUFBQUFBQUFBQUFBQUFBQUFBQUFBQUFBQUFBQUFBQUFBQUFBQUFBQUFBQUFBQUFBQUFBQUFBQUFBQUFBQUFBQUFBQUFBQUFBQUFBQUFBQUFBQUFBQUFBQUFBQUFBQUFBQUFBQUFBQUFBQUFBQUFBQUFBQUFBQUFBQUFBQUFBQUFBQUFBQUFBQUFBQUFBQUFBQUFBQUFBQUFBQUFBQUFBQUFBQUFBQUFBQUFBQUFBQUFBQUFBQUFBQUFBQUFBQUFBQUFBQUFBQUFBQUFBQUFBQUFBQUFBQUFBQUFBQUFBQUFBQUFBQUFBQUFBQUFBQUFBQUFBQUFBQUFBQUFBQUFBQUFBQUFBQUFBQUFBQUFBQUFBQUFBQUFBQUFBQUFBQUFBQUFBQUFBQUFBQUFBQUFBQUFBQUFBQUFBQUFBQUFBQUFBQUFBQUFBQUFBQUFBQUFBQUFBQUFBQUFBQUFBQUFBQUFBQUFBQUFBQUFBQUFBQUFBQUFBQUFBQUFBQUFBQUFBQUFBQUFBQUFBQUFBQUFBQUFBQUFBQUFBQUFBQUFBQUFBQUFBQUFBQUFBQUFBQUFBQUFBQUFBQUFBQUFBQUFBQUFBQUFBQUFBQUFBQUFBQUFBQUFBQUFBQUFBQUFBQUFBQUFBQUFBQUFBQUFBQUFBQUFBQUFBQUFBQUFBQUFBQUFBQUFBQUFBQUFBQUFBQUFBQUFBQUFBQUFBQUFBQUFBQUFBQUFBQUFBQUFBQUFBQUFBQUFBQUFBQUFBQUFBQUFBQUFBQUFBQUFBQUFBQUFBQUFBQUFBQUFBQUFBQUFBQUFBQUFBQUFBQUFBQUFBQUFBQUFBQUFBQUFBQUFBQUFBQUFBQUFBQUFBQUFBQUFBQUFBQUFBQUFBQUFBQUFBQUFBQUFBQUFBQUFBQUFBQUFBQUFBQUFBQUFBQUFBQUFBQUFBQUFBQUFBQUFBQUFBQUFBQUFBQUFBQUFBQUFBQUFBQUFBQUFBQUFBQUFBQUFBQUFBQUFBQUFBQUFBQUFBQUFBQUFBQUFBQUFBQUFBQUFBQUFBQUFBQUFBQUFBQUFBQUFBQUFBQUFBQUFBQUFBQUFBQUFBQUFBQUFBQUFBQUFBQUFBQUFBQUFBQUFBQUFBQUFBQUFBQUFBQUFBQUFBQUFBQUFBQUFBQUFBQUFBQUFBQUFBQUFBQUFBQUFBQUFBQUFBQUFBQUFBQUFBQUFBQUFBQUFBQUFBQUFBQUFBQUFBQUFBQUFBQUFBQUFBQUFBQUFBQUFBQUFBQUFBQUFBQUFBQUFBQUFBQUFBQUFBQUFBQUFBQUFBQUFBQUFBQUFBQUFBQUFBQUFBQUFBQUFBQUFBQUFBQUFBQUFBQUFBQUFBQUFBQUFBQUFBQUFBQUFBQUFBQUFBQUFBQUFBQUFBQUFBQUFBQUFBQUFBQUFBQUFBQUFBQUFBQUFBQUFBQUFBQUFBQUFBQUFBQUFBQUFBQUFBQUFBQUFBQUFBQUFBQUFBQUFBQUFBQUFBQUFBQUFBQUFBQUFBQUFBQUFBQUFBQUFBQUFBQUFBQUFBQUFBQUFBQUFBQUFBQUFBQUFBQUFBQUFBQUFBQUFBQUFBQUFBQUFBQUFBQUFBQUFBQUFBQUFBQUFBQUFBQUFBQUFBQUFBQUFBQUFBQUFBQUFBQUFBQUFBQUFBQUFBQUFBQUFBQUFBQUFBQUFBQUFBQUFBQUFBQUFBQUFBQUFBQUFBQUFBQUFBQUFBQUFBQUFBQUFBQUFBQUFBQUFBQUFBQUFBQUFBQUFBQUFBQUFBQUFBQUFBQUFBQUFBQUFBQUFBQUFBQUFBQUFBQUFBQUFBQUFBQUFBQUFBQUFBQUFBQUFBQUFBQUFBQUFBQUFBQUFBQUFBQUFBQUFBQUFBQUFBQUFBQUFBQUFBQUFBQUFBQUFBQUFBQUFBQUFBQUFBQUFBQUFBQUFBQUFBQUFBQUFBQUFBQUFBQUFBQUFBQUFBQUFBQUFBQUFBQUFBQUFBQUFBQUFBQUFBQUFBQUFBQUFBQUFBQUFBQUFBQUFBQUFBQUFBQUFBQUFBQUFBQUFBQUFBQUFBQUFBQUFBQUFBQUFBQUFBQUFBQUFBQUFBQUFBQUFBQUFBQUFBQUFBQUFBQUFBQUFBQUFBQUFBQUFBQUFBQUFBQUFBQUFBQUFBQUFBQUFBQUFBQUFBQUFBQUFBQUFBQUFBQUFBQUFBQUFBQUFBQUFBQUFBQUFBQUFBQUFBQUFBQUFBQUFBQUFBQUFBQUFBQUFBQUFBQUFBQUFBQUFBQUFBQUFBQUFBQUFBQUFBQUFBQUFBQUFBQUFBQUFBQUFBQUFBQUFBQUFBQUFBQUFBQUFBQUFBQUFBQUFBQUFBQUFBQUFBQUFBQUFBQUFBQUFBQUFBQUFBQUFBQUFBQUFBQUFBQUFBQUFBQUFBQUFBQUFBQUFBQUFBQUFBQUFBQUFBQUFBQUFBQUFBQUFBQUFBQUFBQUFBQUFBQUFBQUFBQUFBQUFBQUFBQUFBQUFBQUFBQUFBQUFBQUFBQUFBQUFBQUFBQUFBQUFBQUFBQUFBQUFBQUFBQUFBQUFBQUFBQUFBQUFBQUFBQUFBQUFBQUFBQUFBQUFBQUFBQUFBQUFBQUFBQUFBQUFBQUFBQUFBQUFBQUFBQUFBQUFBQUFBQUFBQUFBQUFBQUFBQUFBQUFBQUFBQUFBQUFBQUFBQUFBQUFBQUFBQUFBQUFBQUFBQUFBQUFBQUFBQUFBQUFBQUFBQUFBQUFBQUFBQUFBQUFBQUFBQUFBQUFBQUFBQUFBQUFBQUFBQUFBQUFBQUFBQUFBQUFBQUFBQUFBQUFBQUFBQUFBQUFBQUFBQUFBQUFBQUFBQUFBQUFBQUFBQUFBQUFBQUFBQUFBQUFBQUFBQUFBQUFBQUFBQUFBQUFBQUFBQUFBQUFBQUFBQUFBQUFBQUFBQUFBQUFBQUFBQUFBQUFBQUFBQUFBQUFBQUFBQUFBQUFBQUFBQUFBQUFBQUFBQUFBQUFBQUFBQUFBQUFBQUFBQUFBQUFBQUFBQUFBQUFBQUFBQUFBQUFBQUFBQUFBQUFBQUFBQUFBQUFBQUFBQUFBQUFBQUFBQUFBQUFBQUFBQUFBQUFBQUFBQUFBQUFBQUFBQUFBQUFBQUFBQUFBQUFBQUFBQUFBQUFBQUFBQUFBQUFBQUFBQUFBQUFBQUFBQUFBQUFBQUFBQUFBQUFBQUFBQUFBQUFBQUFBQUFBQUFBQUFBQUFBQUFBQUFBQUFBQUFBQUFBQUFBQUFBQUFBQUFBQUFBQUFBQUFBQUFBQUFBQUFBQUFBQUFBQUFBQUFBQUFBQUFBQUFBQUFBQUFBQUFBQUFBQUFBQUFBQUFBQUFBQUFBQUFBQUFBQUFBQUFBQUFBQUFBQUFBQUFBQUFBQUFBQUFBQUFBQUFBQUFBQUFBQUFBQUFBQUFBQUFBQUFBQUFBQUFBQUFBQUFBQUFBQUFBQUFBQUFBQUFBQUFBQUFBQUFBQUFBQUFBQUFBQUFBQUFBQUFBQUFBQUFBQUFBQUFBQUFBQUFBQUFBQUFBQUFBQUFBQUFBQUFBQUFBQUFBQUFBQUFBQUFBQUFBQUFBQUFBQUFBQUFBQUFBQUFBQUFBQUFBQUFBQUFBQUFBQUFBQUFBQUFBQUFBQUFBQUFBQUFBQUFBQUFBQUFBQUFBQUFBQUFBQUFBQUFBQUFBQUFBQUFBQUFBQUFBQUFBQUFBQUFBQUFBQUFBQUFBQUFBQUFBQUFBQUFBQUFBQUFBQUFBQUFBQUFBQUFBQUFBQUFBQUFBQUFBQUFBQUFBQUFBQUFBQUFBQUFBQUFBQUFBQUFBQUFBQUFBQUFBQUFBQUFBQUFBQUFBQUFBQUFBQUFBQUFBQUFBQUFBQUFBQUFBQUFBQUFBQUFBQUFBQUFBQUFBQUFBQUFBQUFBQUFBQUFBQUFBQUFBQUFBQUFBQUFBQUFBQUFBQUFBQUFBQUFBQUFBQUFBQUFBQUFBQUFBQUFBQUFBQUFBQUFBQUFBQUFBQUFBQUFBQUFBQUFBQUFBQUFBQUFBQUFBQUFBQUFBQUFBQUFBQUFBQUFBQUFBQUFBQUFBQUFBQUFBQUFBQUFBQUFBQUFBQUFBQUFBQUFBQUFBQUFBQUFBQUFBQUFBQUFBQUFBQUFBQUFBQUFBQUFBQUFBQUFBQUFBQUFBQUFBQUFBQUFBQUFBQUFBQUFBQUFBQUFBQUFBQUFBQUFBQUFBQUFBQUFBQUFBQUFBQUFBQUFBQUFBQUFBQUFBQUFBQUFBQUFBQUFBQUFBQUFBQUFBQUFBQUFBQUFBQUFBQUFBQUFBQUFBQUFBQUFBQUFBQUFBQUFBQUFBQUFBQUFBQUFBQUFBQUFBQUFBQUFBQUFBQUFBQUFBQUFBQUFBQUFBQUFBQUFBQUFBQUFBQUFBQUFBQUFBQUFBQUFBQUFBQUFBQUFBQUFBQUFBQUFBQUFBQUFBQUFBQUFBQUFBQUFBQUFBQUFBQUFBQUFBQUFBQUFBQUFBQUFBQUFBQUFBQUFBQUFBQUFBQUFBQUFBQUFBQUFBQUFBQUFBQUFBQUFBQUFBQUFBQUFBQUFBQUFBQUFBQUFBQUFBQUFBQUFBQUFBQUFBQUFBQUFBQUFBQUFBQUFBQUFBQUFBQUFBQUFBQUFBQUFBQUFBQUFBQUFBQUFBQUFBQUFBQUFBQUFBQUFBQUFBQUFBQUFBQUFBQUFBQUFBQUFBQUFBQUFBQUFBQUFBQUFBQUFBQUFBQUFBQUFBQUFBQUFBQUFBQUFBQUFBQUFBQUFBQUFBQUFBQUFBQUFBQUFBQUFBQUFBQUFBQUFBQUFBQUFBQUFBQUFBQUFBQUFBQUFBQUFBQUFBQUFBQUFBQUFBQUFBQUFBQUFBQUFBQUFBQUFBQUFBQUFBQUFBQUFBQUFBQUFBQUFBQUFBQUFBQUFBQUFBQUFBQUFBQUFBQUFBQUFBQUFBQUFBQUFBQUFBQUFBQUFBQUFBQUFBQUFBQUFBQUFBQUFBQUFBQUFBQUFBQUFBQUFBQUFBQUFBQUFBQUFBQUFBQUFBQUFBQUFBQUFBQUFBQUFBQUFBQUFBQUFBQUFBQUFBQUFBQUFBQUFBQUFBQUFBQUFBQUFBQUFBQUFBQUFBQUFBQUFBQUFBQUFBQUFBQUFBQUFBQUFBQUFBQUFBQUFBQUFBQUFBQUFBQUFBQUFBQUFBQUFBQUFBQUFBQUFBQUFBQUFBQUFBQUFBQUFBQUFBQUFBQUFBQUFBQUFBQUFBQUFBQUFBQUFBQUFBQUFBQUFBQUFBQUFBQUFBQUFBQUFBQUFBQUFBQUFBQUFBQUFBQUFBQUFBQUFBQUFBQUFBQUFBQUFBQUFBQUFBQUFBQUFBQUFBQUFBQUFBQUFBQUFBQUFBQUFBQUFBQUFBQUFBQUFBQUFBQUFBQUFBQUFBQUFBQUFBQUFBQUFBQUFBQUFBQUFBQUFBQUFBQUFBQUFBQUFBQUFBQUFBQUFBQUFBQUFBQUFBQUFBQUFBQUFBQUFBQUFBQUFBQUFBQUFBQUFBQUFBQUFBQUFBQUFBQUFBQUFBQUFBQUFBQUFBQUFBQUFBQUFBQUFBQUFBQUFBQUFBQUFBQUFBQUFBQUFBQUFBQUFBQUFBQUFBQUFBQUFBQUFBQUFBQUFBQUFBQUFBQUFBQUFBQUFBQUFBQUFBQUFBQUFBQUFBQUFBQUFBQUFBQUFBQUFBQUFBQUFBQUFBQUFBQUFBQUFBQUFBQUFBQUFBQUFBQUFBQUFBQUFBQUFBQUFBQUFBQUFBQUFBQUFBQUFBQUFBQUFBQUFBQUFBQUFBQUFBQUFBQUFBQUFBQUFBQUFBQUFBQUFBQUFBQUFBQUFBQUFBQUFBQUFBQUFBQUFBQUFBQUFBQUFBQUFBQUFBQUFBQUFBQUFBQUFBQUFBQUFBQUFBQUFBQUFBQUFBQUFBQUFBQUFBQUFBQUFBQUFBQUFBQUFBQUFBQUFBQUFBQUFBQUFBQUFBQUFBQUFBQUFBQUFBQUFBQUFBQUFBQUFBQUFBQUFBQUFBQUFBQUFBQUFBQUFBQUFBQUFBQUFBQUFBQUFBQUFBQUFBQUFBQUFBQUFBQUFBQUFBQUFBQUFBQUFBQUFBQUFBQUFBQUFBQUFBQUFBQUFBQUFBQUFBQUFBQUFBQUFBQUFBQUFBQUFBQUFBQUFBQUFBQUFBQUFBQUFBQUFBQUFBQUFBQUFBQUFBQUFBQUFBQUFBQUFBQUFBQUFBQUFBQUFBQUFBQUFBQUFBQUFBQUFBQUFBQUFBQUFBQUFBQUFBQUFBQUFBQUFBQUFBQUFBQUFBQUFBQUFBQUFBQUFBQUFBQUFBQUFBQUFBQUFBQUFBQUFBQUFBQUFBQUFBQUFBQUFBQUFBQUFBQUFBQUFBQUFBQUFBQUFBQUFBQUFBQUFBQUFBQUFBQUFBQUFBQUFBQUFBQUFBQUFBQUFBQUFBQUFBQUFBQUFBQUFBQUFBQUFBQUFBQUFBQUFBQUFBQUFBQUFBQUFBQUFBQUFBQUFBQUFBQUFBQUFBQUFBQUFBQUFBQUFBQUFBQUFBQUFBQUFBQUFBQUFBQUFBQUFBQUFBQUFBQUFBQUFBQUFBQUFBQUFBQUFBQUFBQUFBQUFBQUFBQUFBQUFBQUFBQUFBQUFBQUFBQUFBQUFBQUFBQUFBQUFBQUFBQUFBQUFBQUFBQUFBQUFBQUFBQUFBQUFBQUFBQUFBQUFBQUFBQUFBQUFBQUFBQUFBQUFBQUFBQUFBQUFBQUFBQUFBQUFBQUFBQUFBQUFBQUFBQUFBQUFBQUFBQUFBQUFBQUFBQUFBQUFBQUFBQUFBQUFBQUFBQUFBQUFBQUFBQUFBQUFBQUFBQUFBQUFBQUFBQUFBQUFBQUFBQUFBQUFBQUFBQUFBQUFBQUFBQUFBQUFBQUFBQUFBQUFBQUFBQUFBQUFBQUFBQUFBQUFBQUFBQUFBQUFBQUFBQUFBQUFBQUFBQUFBQUFBQUFBQUFBQUFBQUFBQUFBQUFBQUFBQUFBQUFBQUFBQUFBQUFBQUFBQUFBQUFBQUFBQUFBQUFBQUFBQUFBQUFBQUFBQUFBQUFBQUFBQUFBQUFBQUFBQUFBQUFBQUFBQUFBQUFBQUFBQUFBQUFBQUFBQUFBQUFBQUFBQUFBQUFBQUFBQUFBQUFBQUFBQUFBQUFBQUFBQUFBQUFBQUFBQUFBQUFBQUFBQUFBQUFBQUFBQUFBQUFBQUFBQUFBQUFBQUFBQUFBQUFBQUFBQUFBQUFBQUFBQUFBQUFBQUFBQUFBQUFBQUFBQUFBQUFBQUFBQUFBQUFBQUFBQUFBQUFBQUFBQUFBQUFBQUFBQUFBQUFBQUFBQUFBQUFBQUFBQUFBQUFBQUFBQUFBQUFBQUFBQUFBQUFBQUFBQUFBQUFBQUFBQUFBQUFBQUFBQUFBQUFBQUFBQUFBQUFBQUFBQUFBQUFBQUFBQUFBQUFBQUFBQUFBQUFBQUFBQUFBQUFBQUFBQUFBQUFBQUFBQUFBQUFBQUFBQUFBQUFBQUFBQUFBQUFBQUFBQUFBQUFBQUFBQUFBQUFBQUFBQUFBQUFBQUFBQUFBQUFBQUFBQUFBQUFBQUFBQUFBQUFBQUFBQUFBQUFBQUFBQUFBQUFBQUFBQUFBQUFBQUFBQUFBQUFBQUFBQUFBQUFBQUFBQUFBQUFBQUFBQUFBQUFBQUFBQUFBQUFBQUFBQUFBQUFBQUFBQUFBQUFBQUFBQUFBQUFBQUFBQUFBQUFBQUFBQUFBQUFBQUFBQUFBQUFBQUFBQUFBQUFBQUFBQUFBQUFBQUFBQUFBQUFBQUFBQUFBQUFBQUFBQUFBQUFBQUFBQUFBQUFBQUFBQUFBQUFBQUFBQUFBQUFBQUFBQUFBQUFBQUFBQUFBQUFBQUFBQUFBQUFBQUFBQUFBQUFBQUFBQUFBQUFBQUFBQUFBQUFBQUFBQUFBQUFBQUFBQUFBQUFBQUFBQUFBQUFBQUFBQUFBQUFBQUFBQUFBQUFBQUFBQUFBQUFBQUFBQUFBQUFBQUFBQUFBQUFBQUFBQUFBQUFBQUFBQUFBQUFBQUFBQUFBQUFBQUFBQUFBQUFBQUFBQUFBQUFBQUFBQUFBQUFBQUFBQUFBQUFBQUFBQUFBQUFBQUFBQUFBQUFBQUFBQUFBQUFBQUFBQUFBQUFBQUFBQUFBQUFBQUFBQUFBQUFBQUFBQUFBQUFBQUFBQUFBQUFBQUFBQUFBQUFBQUFBQUFBQUFBQUFBQUFBQUFBQUFBQUFBQUFBQUFBQUFBQUFBQUFBQUFBQUFBQUFBQUFBQUFBQUFBQUFBQUFBQUFBQUFBQUFBQUFBQUFBQUFBQUFBQUFBQUFBQUFBQUFBQUFBQUFBQUFBQUFBQUFBQUFBQUFBQUFBQUFBQUFBQUFBQUFBQUFBQUFBQUFBQUFBQUFBQUFBQUFBQUFBQUFBQUFBQUFBQUFBQUFBQUFBQUFBQUFBQUFBQUFBQUFBQUFBQUFBQUFBQUFBQUFBQUFBQUFBQUFBQUFBQUFBQUFBQUFBQUFBQUFBQUFBQUFBQUFBQUFBQUFBQUFBQUFBQUFBQUFBQUFBQUFBQUFBQUFBQUFBQUFBQUFBQUFBQUFBQUFBQUFBQUFBQUFBQUFBQUFBQUFBQUFBQUFBQUFBQUFBQUFBQUFBQUFBQUFBQUFBQUFBQUFBQUFBQUFBQUFBQUFBQUFBQUFBQUFBQUFBQUFBQUFBQUFBQUFBQUFBQUFBQUFBQUFBQUFBQUFBQUFBQUFBQUFBQUFBQUFBQUFBQUFBQUFBQUFBQUFBQUFBQUFBQUFBQUFBQUFBQUFBQUFBQUFBQUFBQUFBQUFBQUFBQUFBQUFBQUFBQUFBQUFBQUFBQUFBQUFBQUFBQUFBQUFBQUFBQUFBQUFBQUFBQUFBQUFBQUFBQUFBQUFBQUFBQUFBQUFBQUFBQUFBQUFBQUFBQUFBQUFBQUFBQUFBQUFBQUFBQUFBQUFBQUFBQUFBQUFBQUFBQUFBQUFBQUFBQUFBQUFBQUFBQUFBQUFBQUFBQUFBQUFBQUFBQUFBQUFBQUFBQUFBQUFBQUFBQUFBQUFBQUFBQUFBQUFBQUFBQUFBQUFBQUFBQUFBQUFBQUFBQUFBQUFBQUFBQUFBQUFBQUFBQUFBQUFBQUFBQUFBQUFBQUFBQUFBQUFBQUFBQUFBQUFBQUFBQUFBQUFBQUFBQUFBQUFBQUFBQUFBQUFBQUFBQUFBQUFBQUFBQUFBQUFBQUFBQUFBQUFBQUFBQUFBQUFBQUFBQUFBQUFBQUFBQUFBQUFBQUFBQUFBQUFBQUFBQUFBQUFBQUFBQUFBQUFBQUFBQUFBQUFBQUFBQUFBQUFBQUFBQUFBQUFBQUFBQUFBQUFBQUFBQUFBQUFBQUFBQUFBQUFBQUFBQUFBQUFBQUFBQUFBQUFBQUFBQUFBQUFBQUFBQUFBQUFBQUFBQUFBQUFBQUFBQUFBQUFBQUFBQUFBQUFBQUFBQUFBQUFBQUFBQUFBQUFBQUFBQUFBQUFBQUFBQUFBQUFBQUFBQUFBQUFBQUFBQUFBQUFBQUFBQUFBQUFBQUFBQUFBQUFBQUFBQUFBQUFBQUFBQUFBQUFBQUFBQUFBQUFBQUFBQUFBQUFBQUFBQUFBQUFBQUFBQUFBQUFBQUFBQUFBQUFBQUFBQUFBQUFBQUFBQUFBQUFBQUFBQUFBQUFBQUFBQUFBQUFBQUFBQUFBQUFBQUFBQUFBQUFBQUFBQUFBQUFBQUFBQUFBQUFBQUFBQUFBQUFBQUFBQUFBQUFBQUFBQUFBQUFBQUFBQUFBQUFBQUFBQUFBQUFBQUFBQUFBQUFBQUFBQUFBQUFBQUFBQUFBQUFBQUFBQUFBQUFBQUFBQUFBQUFBQUFBQUFBQUFBQUFBQUFBQUFBQUFBQUFBQUFBQUFBQUFBQUFBQUFBQUFBQUFBQUFBQUFBQUFBQUFBQUFBQUFBQUFBQUFBQUFBQUFBQUFBQUFBQUFBQUFBQUFBQUFBQUFBQUFBQUFBQUFBQUFBQUFBQUFBQUFBQUFBQUFBQUFBQUFBQUFBQUFBQUFBQUFBQUFBQUFBQUFBQUFBQUFBQUFBQUFBQUFBQUFBQUFBQUFBQUFBQUFBQUFBQUFBQUFBQUFBQUFBQUFBQUFBQUFBQUFBQUFBQUFBQUFBQUFBQUFBQUFBQUFBQUFBQUFBQUFBQUFBQUFBQUFBQUFBQUFBQUFBQUFBQUFBQUFBQUFBQUFBQUFBQUFBQUFBQUFBQUFBQUFBQUFBQUFBQUFBQUFBQUFBQUFBQUFBQUFBQUFBQUFBQUFBQUFBQUFBQUFBQUFBQUFBQUFBQUFBQUFBQUFBQUFBQUFBQUFBQUFBQUFBQUFBQUFBQUFBQUFBQUFBQUFBQUFBQUFBQUFBQUFBQUFBQUFBQUFBQUFBQUFBQUFBQUFBQUFBQUFBQUFBQUFBQUFBQUFBQUFBQUFBQUFBQUFBQUFBQUFBQUFBQUFBQUFBQUFBQUFBQUFBQUFBQUFBQUFBQUFBQUFBQUFBQUFBQUFBQUFBQUFBQUFBQUFBQUFBQUFBQUFBQUFBQUFBQUFBQUFBQUFBQUFBQUFBQUFBQUFBQUFBQUFBQUFBQUFBQUFBQUFBQUFBQUFBQUFBQUFBQUFBQUFBQUFBQUFBQUFBQUFBQUFBQUFBQUFBQUFBQUFBQUFBQUFBQUFBQUFBQUFBQUFBQUFBQUFBQUFBQUFBQUFBQUFBQUFBQUFBQUFBQUFBQUFBQUFBQUFBQUFBQUFBQUFBQUFBQUFBQUFBQUFBQUFBQUFBQUFBQUFBQUFBQUFBQUFBQUFBQUFBQUFBQUFBQUFBQUFBQUFBQUFBQUFBQUFBQUFBQUFBQUFBQUFBQUFBQUFBQUFBQUFBQUFBQUFBQUFBQUFBQUFBQUFBQUFBQUFBQUFBQUFBQUFBQUFBQUFBQUFBQUFBQUFBQUFBQUFBQUFBQUFBQUFBQUFBQUFBQUFBQUFBQUFBQUFBQUFBQUFBQUFBQUFBQUFBQUFBQUFBQUFBQUFBQUFBQUFBQUFBQUFBQUFBQUFBQUFBQUFBQUFBQUFBQUFBQUFBQUFBQUFBQUFBQUFBQUFBQUFBQUFBQUFBQUFBQUFBQUFBQUFBQUFBQUFBQUFBQUFBQUFBQUFBQUFBQUFBQUFBQUFBQUFBQUFBQUFBQUFBQUFBQUFBQUFBQUFBQUFBQUFBQUFBQUFBQUFBQUFBQUFBQUFBQUFBQUFBQUFBQUFBQUFBQUFBQUFBQUFBQUFBQUFBQUFBQUFBQUFBQUFBQUFBQUFBQUFBQUFBQUFBQUFBQUFBQUFBQUFBQUFBQUFBQUFBQUFBQUFBQUFBQUFBQUFBQUFBQUFBQUFBQUFBQUFBQUFBQUFBQUFBQUFBQUFBQUFBQUFBQUFBQUFBQUFBQUFBQUFBQUFBQUFBQUFBQUFBQUFBQUFBQUFBQUFBQUFBQUFBQUFBQUFBQUFBQUFBQUFBQUFBQUFBQUFBQUFBQUFBQUFBQUFBQUFBQUFBQUFBQUFBQUFBQUFBQUFBQUFBQUFBQUFBQUFBQUFBQUFBQUFBQUFBQUFBQUFBQUFBQUFBQUFBQUFBQUFBQUFBQUFBQUFBQUFBQUFBQUFBQUFBQUFBQUFBQUFBQUFBQUFBQUFBQUFBQUFBQUFBQUFBQUFBQUFBQUFBQUFBQUFBQUFBQUFBQUFBQUFBQUFBQUFBQUFBQUFBQUFBQUFBQUFBQUFBQUFBQUFBQUFBQUFBQUFBQUFBQUFBQUFBQUFBQUFBQUFBQUFBQUFBQUFBQUFBQUFBQUFBQUFBQUFBQUFBQUFBQUFBQUFBQUFBQUFBQUFBQUFBQUFBQUFBQUFBQUFBQUFBQUFBQUFBQUFBQUFBQUFBQUFBQUFBQUFBQUFBQUFBQUFBQUFBQUFBQUFBQUFBQUFBQUFBQUFBQUFBQUFBQUFBQUFBQUFBQUFBQUFBQUFBQUFBQUFBQUFBQUFBQUFBQUFBQUFBQUFBQUFBQUFBQUFBQUFBQUFBQUFBQUFBQUFBQUFBQUFBQUFBQUFBQUFBQUFBQUFBQUFBQUFBQUFBQUFBQUFBQUFBQUFBQUFBQUFBQUFBQUFBQUFBQUFBQUFBQUFBQUFBQUFBQUFBQUFBQUFBQUFBQUFBQUFBQUFBQUFBQUFBQUFBQUFBQUFBQUFBQUFBQUFBQUFBQUFBQUFBQUFBQUFBQUFBQUFBQUFBQUFBQUFBQUFBQUFBQUFBQUFBQUFBQUFBQUFBQUFBQUFBQUFBQUFBQUFBQUFBQUFBQUFBQUFBQUFBQUFBQUFBQUFBQUFBQUFBQUFBQUFBQUFBQUFBQUFBQUFBQUFBQUFBQUFBQUFBQUFBQUFBQUFBQUFBQUFBQUFBQUFBQUFBQUFBQUFBQUFBQUFBQUFBQUFBQUFBQUFBQUFBQUFBQUFBQUFBQUFBQUFBQUFBQUFBQUFBQUFBQUFBQUFBQUFBQUFBQUFBQUFBQUFBQUFBQUFBQUFBQUFBQUFBQUFBQUFBQUFBQUFBQUFBQUFBQUFBQUFBQUFBQUFBQUFBQUFBQUFBQUFBQUFBQUFBQUFBQUFBQUFBQUFBQUFBQUFBQUFBQUFBQUFBQUFBQUFBQUFBQUFBQUFBQUFBQUFBQUFBQUFBQUFBQUFBQUFBQUFBQUFBQUFBQUFBQUFBQUFBQUFBQUFBQUFBQUFBQUFBQUFBQUFBQUFBQUFBQUFBQUFBQUFBQUFBQUFBQUFBQUFBQUFBQUFBQUFBQUFBQUFBQUFBQUFBQUFBQUFBQUFBQUFBQUFBQUFBQUFBQUFBQUFBQUFBQUFBQUFBQUFBQUFBQUFBQUFBQUFBQUFBQUFBQUFBQUFBQUFBQUFBQUFBQUFBQUFBQUFBQUFBQUFBQUFBQUFBQUFBQUFBQUFBQUFBQUFBQUFBQUFBQUFBQUFBQUFBQUFBQUFBQUFBQUFBQUFBQUFBQUFBQUFBQUFBQUFBQUFBQUFBQUFBQUFBQUFBQUFBQUFBQUFBQUFBQUFBQUFBQUFBQUFBQUFBQUFBQUFBQUFBQUFBQUFBQUFBQUFBQUFBQUFBQUFBQUFBQUFBQUFBQUFBQUFBQUFBQUFBQUFBQUFBQUFBQUFBQUFBQUFBQUFBQUFBQUFBQUFBQUFBQUFBQUFBQUFBQUFBQUFBQUFBQUFBQUFBQUFBQUFBQUFBQUFBQUFBQUFBQUFBQUFBQUFBQUFBQUFBQUFBQUFBQUFBQUFBQUFBQUFBQUFBQUFBQUFBQUFBQUFBQUFBQUFBQUFBQUFBQUFBQUFBQUFBQUFBQUFBQUFBQUFBQUFBQUFBQUFBQUFBQUFBQUFBQUFBQUFBQUFBQUFBQUFBQUFBQUFBQUFBQUFBQUFBQUFBQUFBQUFBQUFBQUFBQUFBQUFBQUFBQUFBQUFBQUFBQUFBQUFBQUFBQUFBQUFBQUFBQUFBQUFBQUFBQUFBQUFBQUFBQUFBQUFBQUFBQUFBQUFBQUFBQUFBQUFBQUFBQUFBQUFBQUFBQUFBQUFBQUFBQUFBQUFBQUFBQUFBQUFBQUFBQUFBQUFBQUFBQUFBQUFBQUFBQUFBQUFBQUFBQUFBQUFBQUFBQUFBQUFBQUFBQUFBQUFBQUFBQUFBQUFBQUFBQUFBQUFBQUFBQUFBQUFBQUFBQUFBQUFBQUFBQUFBQUFBQUFBQUFBQUFBQUFBQUFBQUFBQUFBQUFBQUFBQUFBQUFBQUFBQUFBQUFBQUFBQUFBQUFBQUFBQUFBQUFBQUFBQUFBQUFBQUFBQUFBQUFBQUFBQUFBQUFBQUFBQUFBQUFBQUFBQUFBQUFBQUFBQUFBQUFBQUFBQUFBQUFBQUFBQUFBQUFBQUFBQUFBQUFBQUFBQUFBQUFBQUFBQUFBQUFBQUFBQUFBQUFBQUFBQUFBQUFBQUFBQUFBQUFBQUFBQUFBQUFBQUFBQUFBQUFBQUFBQUFBQUFBQUFBQUFBQUFBQUFBQUFBQUFBQUFBQUFBQUFBQUFBQUFBQUFBQUFBQUFBQUFBQUFBQUFBQUFBQUFBQUFBQUFBQUFBQUFBQUFBQUFBQUFBQUFBQUFBQUFBQUFBQUFBQUFBQUFBQUFBQUFBQUFBQUFBQUFBQUFBQUFBQUFBQUFBQUFBQUFBQUFBQUFBQUFBQUFBQUFBQUFBQUFBQUFBQUFBQUFBQUFBQUFBQUFBQUFBQUFBQUFBQUFBQUFBQUFBQUFBQUFBQUFBQUFBQUFBQUFBQUFBQUFBQUFBQUFBQUFBQUFBQUFBQUFBQUFBQUFBQUFBQUFBQUFBQUFBQUFBQUFBQUFBQUFBQUFBQUFBQUFBQUFBQUFBQUFBQUFBQUFBQUFBQUFBQUFBQUFBQUFBQUFBQUFBQUFBQUFBQUFBQUFBQUFBQUFBQUFBQUFBQUFBQUFBQUFBQUFBQUFBQUFBQUFBQUFBQUFBQUFBQUFBQUFBQUFBQUFBQUFBQUFBQUFBQUFBQUFBQUFBQUFBQUFBQUFBQUFBQUFBQUFBQUFBQUFBQUFBQUFBQUFBQUFBQUFBQUFBQUFBQUFBQUFBQUFBQUFBQUFBQUFBQUFBQUFBQUFBQUFBQUFBQUFBQUFBQUFBQUFBQUFBQUFBQUFBQUFBQUFBQUFBQUFBQUFBQUFBQUFBQUFBQUFBQUFBQUFBQUFBQUFBQUFBQUFBQUFBQUFBQUFBQUFBQUFBQUFBQUFBQUFBQUFBQUFBQUFBQUFBQUFBQUFBQUFBQUFBQUFBQUFBQUFBQUFBQUFBQUFBQUFBQUFBQUFBQUFBQUFBQUFBQUFBQUFBQUFBQUFBQUFBQUFBQUFBQUFBQUFBQUFBQUFBQUFBQUFBQUFBQUFBQUFBQUFBQUFBQUFBQUFBQUFBQUFBQUFBQUFBQUFBQUFBQUFBQUFBQUFBQUFBQUFBQUFBQUFBQUFBQUFBQUFBQUFBQUFBQUFBQUFBQUFBQUFBQUFBQUFBQUFBQUFBQUFBQUFBQUFBQUFBQUFBQUFBQUFBQUFBQUFBQUFBQUFBQUFBQUFBQUFBQUFBQUFBQUFBQUFBQUFBQUFBQUFBQUFBQUFBQUFBQUFBQUFBQUFBQUFBQUFBQUFBQUFBQUFBQUFBQUFBQUFBQUFBQUFBQUFBQUFBQUFBQUFBQUFBQUFBQUFBQUFBQUFBQUFBQUFBQUFBQUFBQUFBQUFBQUFBQUFBQUFBQUFBQUFBQUFBQUFBQUFBQUFBQUFBQUFBQUFBQUFBQUFBQUFBQUFBQUFBQUFBQUFBQUFBQUFBQUFBQUFBQUFBQUFBQUFBQUFBQUFBQUFBQUFBQUFBQUFBQUFBQUFBQUFBQUFBQUFBQUFBQUFBQUFBQUFBQUFBQUFBQUFBQUFBQUFBQUFBQUFBQUFBQUFBQUFBQUFBQUFBQUFBQUFBQUFBQUFBQUFBQUFBQUFBQUFBQUFBQUFBQUFBQUFBQUFBQUFBQUFBQUFBQUFBQUFBQUFBQUFBQUFBQUFBQUFBQUFBQUFBQUFBQUFBQUFBQUFBQUFBQUFBQUFBQUFBQUFBQUFBQUFBQUFBQUFBQUFBQUFBQUFBQUFBQUFBQUFBQUFBQUFBQUFBQUFBQUFBQUFBQUFBQUFBQUFBQUFBQUFBQUFBQUFBQUFBQUFBQUFBQUFBQUFBQUFBQUFBQUFBQUFBQUFBQUFBQUFBQUFBQUFBQUFBQUFBQUFBQUFBQUFBQUFBQUFBQUFBQUFBQUFBQUFBQUFBQUFBQUFBQUFBQUFBQUFBQUFBQUFBQUFBQUFBQUFBQUFBQUFBQUFBQUFBQUFBQUFBQUFBQUFBQUFBQUFBQUFBQUFBQUFBQUFBQUFBQUFBQUFBQUFBQUFBQUFBQUFBQUFBQUFBQUFBQUFBQUFBQUFBQUFBQUFBQUFBQUFBQUFBQUFBQUFBQUFBQUFBQUFBQUFBQUFBQUFBQUFBQUFBQUFBQUFBQUFBQUFBQUFBQUFBQUFBQUFBQUFBQUFBQUFBQUFBQUFBQUFBQUFBQUFBQUFBQUFBQUFBQUFBQUFBQUFBQUFBQUFBQUFBQUFBQUFBQUFBQUFBQUFBQUFBQUFBQUFBQUFBQUFBQUFBQUFBQUFBQUFBQUFBQUFBQUFBQUFBQUFBQUFBQUFBQUFBQUFBQUFBQUFBQUFBQUFBQUFBQUFBQUFBQUFBQUFBQUFBQUFBQUFBQUFBQUFBQUFBQUFBQUFBQUFBQUFBQUFBQUFBQUFBQUFBQUFBQUFBQUFBQUFBQUFBQUFBQUFBQUFBQUFBQUFBQUFBQUFBQUFBQUFBQUFBQUFBQUFBQUFBQUFBQUFBQUFBQUFBQUFBQUFBQUFBQUFBQUFBQUFBQUFBQUFBQUFBQUFBQUFBQUFBQUFBQUFBQUFBQUFBQUFBQUFBQUFBQUFBQUFBQUFBQUFBQUFBQUFBQUFBQUFBQUFBQUFBQUFBQUFBQUFBQUFBQUFBQUFBQUFBQUFBQUFBQUFBQUFBQUFBQUFBQUFBQUFBQUFBQUFBQUFBQUFBQUFBQUFBQUFBQUFBQUFBQUFBQUFBQUFBQUFBQUFBQUFBQUFBQUFBQUFBQUFBQUFBQUFBQUFBQUFBQUFBQUFBQUFBQUFBQUFBQUFBQUFBQUFBQUFBQUFBQUFBQUFBQUFBQUFBQUFBQUFBQUFBQUFBQUFBQUFBQUFBQUFBQUFBQUFBQUFBQUFBQUFBQUFBQUFBQUFBQUFBQUFBQUFBQUFBQUFBQUFBQUFBQUFBQUFBQUFBQUFBQUFBQUFBQUFBQUFBQUFBQUFBQUFBQUFBQUFBQUFBQUFBQUFBQUFBQUFBQUFBQUFBQUFBQUFBQUFBQUFBQUFBQUFBQUFBQUFBQUFBQUFBQUFBQUFBQUFBQUFBQUFBQUFBQUFBQUFBQUFBQUFBQUFBQUFBQUFBQUFBQUFBQUFBQUFBQUFBQUFBQUFBQUFBQUFBQUFBQUFBQUFBQUFBQUFBQUFBQUFBQUFBQUFBQUFBQUFBQUFBQUFBQUFBQUFBQUFBQUFBQUFBQUFBQUFBQUFBQUFBQUFBQUFBQUFBQUFBQUFBQUFBQUFBQUFBQUFBQUFBQUFBQUFBQUFBQUFBQUFBQUFBQUFBQUFBQUFBQUFBQUFBQUFBQUFBQUFBQUFBQUFBQUFBQUFBQUFBQUFBQUFBQUFBQUFBQUFBQUFBQUFBQUFBQUFBQUFBQUFBQUFBQUFBQUFBQUFBQUFBQUFBQUFBQUFBQUFBQUFBQUFBQUFBQUFBQUFBQUFBQUFBQUFBQUFBQUFBQUFBQUFBQUFBQUFBQUFBQUFBQUFBQUFBQUFBQUFBQUFBQUFBQUFBQUFBQUFBQUFBQUFBQUFBQUFBQUFBQUFBQUFBQUFBQUFBQUFBQUFBQUFBQUFBQUFBQUFBQUFBQUFBQUFBQUFBQUFBQUFBQUFBQUFBQUFBQUFBQUFBQUFBQUFBQUFBQUFBQUFBQUFBQUFBQUFBQUFBQUFBQUFBQUFBQUFBQUFBQUFBQUFBQUFBQUFBQUFBQUFBQUFBQUFBQUFBQUFBQUFBQUFBQUFBQUFBQUFBQUFBQUFBQUFBQUFBQUFBQUFBQUFBQUFBQUFBQUFBQUFBQUFBQUFBQUFBQUFBQUFBQUFBQUFBQUFBQUFBQUFBQUFBQUFBQUFBQUFBQUFBQUFBQUFBQUFBQUFBQUFBQUFBQUFBQUFBQUFBQUFBQUFBQUFBQUFBQUFBQUFBQUFBQUFBQUFBQUFBQUFBQUFBQUFBQUFBQUFBQUFBQUFBQUFBQUFBQUFBQUFBQUFBQUFBQUFBQUFBQUFBQUFBQUFBQUFBQUFBQUFBQUFBQUFBQUFBQUFBQUFBQUFBQUFBQUFBQUFBQUFBQUFBQUFBQUFBQUFBQUFBQUFBQUFBQUFBQUFBQUFBQUFBQUFBQUFBQUFBQUFBQUFBQUFBQUFBQUFBQUFBQUFBQUFBQUFBQUFBQUFBQUFBQUFBQUFBQUFBQUFBQUFBQUFBQUFBQUFBQUFBQUFBQUFBQUFBQUFBQUFBQUFBQUFBQUFBQUFBQUFBQUFBQUFBQUFBQUFBQUFBQUFBQUFBQUFBQUFBQUFBQUFBQUFBQUFBQUFBQUFBQUFBQUFBQUFBQUFBQUFBQUFBQUFBQUFBQUFBQUFBQUFBQUFBQUFBQUFBQUFBQUFBQUFBQUFBQUFBQUFBQUFBQUFBQUFBQUFBQUFBQUFBQUFBQUFBQUFBQUFBQUFBQUFBQUFBQUFBQUFBQUFBQUFBQUFBQUFBQUFBQUFBQUFBQUFBQUFBQUFBQUFBQUFBQUFBQUFBQUFBQUFBQUFBQUFBQUFBQUFBQUFBQUFBQUFBQUFBQUFBQUFBQUFBQUFBQUFBQUFBQUFBQUFBQUFBQUFBQUFBQUFBQUFBQUFBQUFBQUFBQUFBQUFBQUFBQUFBQUFBQUFBQUFBQUFBQUFBQUFBQUFBQUFBQUFBQUFBQUFBQUFBQUFBQUFBQUFBQUFBQUFBQUFBQUFBQUFBQUFBQUFBQUFBQUFBQUFBQUFBQUFBQUFBQUFBQUFBQUFBQUFBQUFBQUFBQUFBQUFBQUFBQUFBQUFBQUFBQUFBQUFBQUFBQUFBQUFBQUFBQUFBQUFBQUFBQUFBQUFBQUFBQUFBQUFBQUFBQUFBQUFBQUFBQUFBQUFBQUFBQUFBQUFBQUFBQUFBQUFBQUFBQUFBQUFBQUFBQUFBQUFBQUFBQUFBQUFBQUFBQUFBQUFBQUFBQUFBQUFBQUFBQUFBQUFBQUFBQUFBQUFBQUFBQUFBQUFBQUFBQUFBQUFBQUFBQUFBQUFBQUFBQUFBQUFBQUFBQUFBQUFBQUFBQUFBQUFBQUFBQUFBQUFBQUFBQUFBQUFBQUFBQUFBQUFBQUFBQUFBQUFBQUFBQUFBQUFBQUFBQUFBQUFBQUFBQUFBQUFBQUFBQUFBQUFBQUFBQUFBQUFBQUFBQUFBQUFBQUFBQUFBQUFBQUFBQUFBQUFBQUFBQUFBQUFBQUFBQUFBQUFBQUFBQUFBQUFBQUFBQUFBQUFBQUFBQUFBQUFBQUFBQUFBQUFBQUFBQUFBQUFBQUFBQUFBQUFBQUFBQUFBQUFBQUFBQUFBQUFBQUFBQUFBQUFBQUFBQUFBQUFBQUFBQUFBQUFBQUFBQUFBQUFBQUFBQUFBQUFBQUFBQUFBQUFBQUFBQUFBQUFBQUFBQUFBQUFBQUFBQUFBQUFBQUFBQUFBQUFBQUFBQUFBQUFBQUFBQUFBQUFBQUFBQUFBQUFBQUFBQUFBQUFBQUFBQUFBQUFBQUFBQUFBQUFBQUFBQUFBQUFBQUFBQUFBQUFBQUFBQUFBQUFBQUFBQUFBQUFBQUFBQUFBQUFBQUFBQUFBQUFBQUFBQUFBQUFBQUFBQUFBQUFBQUFBQUFBQUFBQUFBQUFBQUFBQUFBQUFBQUFBQUFBQUFBQUFBQUFBQUFBQUFBQUFBQUFBQUFBQUFBQUFBQUFBQUFBQUFBQUFBQUFBQUFBQUFBQUFBQUFBQUFBQUFBQUFBQUFBQUFBQUFBQUFBQUFBQUFBQUFBQUFBQUFBQUFBQUFBQUFBQUFBQUFBQUFBQUFBQUFBQUFBQUFBQUFBQUFBQUFBQUFBQUFBQUFBQUFBQUFBQUFBQUFBQUFBQUFBQUFBQUFBQUFBQUFBQUFBQUFBQUFBQUFBQUFBQUFBQUFBQUFBQUFBQUFBQUFBQUFBQUFBQUFBQUFBQUFBQUFBQUFBQUFBQUFBQUFBQUFBQUFBQUFBQUFBQUFBQUFBQUFBQUFBQUFBQUFBQUFBQUFBQUFBQUFBQUFBQUFBQUFBQUFBQUFBQUFBQUFBQUFBQUFBQUFBQUFBQUFBQUFBQUFBQUFBQUFBQUFBQUFBQUFBQUFBQUFBQUFBQUFBQUFBQUFBQUFBQUFBQUFBQUFBQUFBQUFBQUFBQUFBQUFBQUFBQUFBQUFBQUFBQUFBQUFBQUFBQUFBQUFBQUFBQUFBQUFBQUFBQUFBQUFBQUFBQUFBQUFBQUFBQUFBQUFBQUFBQUFBQUFBQUFBQUFBQUFBQUFBQUFBQUFBQUFBQUFBQUFBQUFBQUFBQUFBQUFBQUFBQUFBQUFBQUFBQUFBQUFBQUFBQUFBQUFBQUFBQUFBQUFBQUFBQUFBQUFBQUFBQUFBQUFBQUFBQUFBQUFBQUFBQUFBQUFBQUFBQUFBQUFBQUFBQUFBQUFBQUFBQUFBQUFBQUFBQUFBQUFBQUFBQUFBQUFBQUFBQUFBQUFBQUFBQUFBQUFBQUFBQUFBQUFBQUFBQUFBQUFBQUFBQUFBQUFBQUFBQUFBQUFBQUFBQUFBQUFBQUFBQUFBQUFBQUFBQUFBQUFBQUFBQUFBQUFBQUFBQUFBQUFBQUFBQUFBQUFBQUFBQUFBQUFBQUFBQUFBQUFBQUFBQUFBQUFBQUFBQUFBQUFBQUFBQUFBQUFBQUFBQUFBQUFBQUFBQUFBQUFBQUFBQUFBQUFBQUFBQUFBQUFBQUFBQUFBQUFBQUFBQUFBQUFBQUFBQUFBQUFBQUFBQUFBQUFBQUFBQUFBQUFBQUFBQUFBQUFBQUFBQUFBQUFBQUFBQUFBQUFBQUFBQUFBQUFBQUFBQUFBQUFBQUFBQUFBQUFBQUFBQUFBQUFBQUFBQUFBQUFBQUFBQUFBQUFBQUFBQUFBQUFBQUFBQUFBQUFBQUFBQUFBQUFBQUFBQUFBQUFBQUFBQUFBQUFBQUFBQUFBQUFBQUFBQUFBQUFBQUFBQUFBQUFBQUFBQUFBQUFBQUFBQUFBQUFBQUFBQUFBQUFBQUFBQUFBQUFBQUFBQUFBQUFBQUFBQUFBQUFBQUFBQUFBQUFBQUFBQUFBQUFBQUFBQUFBQUFBQUFBQUFBQUFBQUFBQUFBQUFBQUFBQUFBQUFBQUFBQUFBQUFBQUFBQUFBQUFBQUFBQUFBQUFBQUFBQUFBQUFBQUFBQUFBQUFBQUFBQUFBQUFBQUFBQUFBQUFBQUFBQUFBQUFBQUFBQUFBQUFBQUFBQUFBQUFBQUFBQUFBQUFBQUFBQUFBQUFBQUFBQUFBQUFBQUFBQUFBQUFBQUFBQUFBQUFBQUFBQUFBQUFBQUFBQUFBQUFBQUFBQUFBQUFBQUFBQUFBQUFBQUFBQUFBQUFBQUFBQUFBQUFBQUFBQUFBQUFBQUFBQUFBQUFBQUFBQUFBQUFBQUFBQUFBQUFBQUFBQUFBQUFBQUFBQUFBQUFBQUFBQUFBQUFBQUFBQUFBQUFBQUFBQUFBQUFBQUFBQUFBQUFBQUFBQUFBQUFBQUFBQUFBQUFBQUFBQUFBQUFBQUFBQUFBQUFBQUFBQUFBQUFBQUFBQUFBQUFBQUFBQUFBQUFBQUFBQUFBQUFBQUFBQUFBQUFBQUFBQUFBQUFBQUFBQUFBQUFBQUFBQUFBQUFBQUFBQUFBQUFBQUFBQUFBQUFBQUFBQUFBQUFBQUFBQUFBQUFBQUFBQUFBQUFBQUFBQUFBQUFBQUFBQUFBQUFBQUFBQUFBQUFBQUFBQUFBQUFBQUFBQUFBQUFBQUFBQUFBQUFBQUFBQUFBQUFBQUFBQUFBQUFBQUFBQUFBQUFBQUFBQUFBQUFBQUFBQUFBQUFBQUFBQUFBQUFBQUFBQUFBQUFBQUFBQUFBQUFBQUFBQUFBQUFBQUFBQUFBQUFBQUFBQUFBQUFBQUFBQUFBQUFBQUFBQUFBQUFBQUFBQUFBQUFBQUFBQUFBQUFBQUFBQUFBQUFBQUFBQUFBQUFBQUFBQUFBQUFBQUFBQUFBQUFBQUFBQUFBQUFBQUFBQUFBQUFBQUFBQUFBQUFBQUFBQUFBQUFBQUFBQUFBQUFBQUFBQUFBQUFBQUFBQUFBQUFBQUFBQUFBQUFBQUFBQUFBQUFBQUFBQUFBQUFBQUFBQUFBQUFBQUFBQUFBQUFBQUFBQUFBQUFBQUFBQUFBQUFBQUFBQUFBQUFBQUFBQUFBQUFBQUFBQUFBQUFBQUFBQUFBQUFBQUFBQUFBQUFBQUFBQUFBQUFBQUFBQUFBQUFBQUFBQUFBQUFBQUFBQUFBQUFBQUFBQUFBQUFBQUFBQUFBQUFBQUFBQUFBQUFBQUFBQUFBQUFBQUFBQUFBQUFBQUFBQUFBQUFBQUFBQUFBQUFBQUFBQUFBQUFBQUFBQUFBQUFBQUFBQUFBQUFBQUFBQUFBQUFBQUFBQUFBQUFBQUFBQUFBQUFBQUFBQUFBQUFBQUFBQUFBQUFBQUFBQUFBQUFBQUFBQUFBQUFBQUFBQUFBQUFBQUFBQUFBQUFBQUFBQUFBQUFBQUFBQUFBQUFBQUFBQUFBQUFBQUFBQUFBQUFBQUFBQUFBQUFBQUFBQUFBQUFBQUFBQUFBQUFBQUFBQUFBQUFBQUFBQUFBQUFBQUFBQUFBQUFBQUFBQUFBQUFBQUFBQUFBQUFBQUFBQUFBQUFBQUFBQUFBQUFBQUFBQUFBQUFBQUFBQUFBQUFBQUFBQUFBQUFBQUFBQUFBQUFBQUFBQUFBQUFBQUFBQUFBQUFBQUFBQUFBQUFBQUFBQUFBQUFBQUFBQUFBQUFBQUFBQUFBQUFBQUFBQUFBQUFBQUFBQUFBQUFBQUFBQUFBQUFBQUFBQUFBQUFBQUFBQUFBQUFBQUFBQUFBQUFBQUFBQUFBQUFBQUFBQUFBQUFBQUFBQUFBQUFBQUFBQUFBQUFBQUFBQUFBQUFBQUFBQUFBQUFBQUFBQUFBQUFBQUFBQUFBQUFBQUFBQUFBQUFBQUFBQUFBQUFBQUFBQUFBQUFBQUFBQUFBQUFBQUFBQUFBQUFBQUFBQUFBQUFBQUFBQUFBQUFBQUFBQUFBQUFBQUFBQUFBQUFBQUFBQUFBQUFBQUFBQUFBQUFBQUFBQUFBQUFBQUFBQUFBQUFBQUFBQUFBQUFBQUFBQUFBQUFBQUFBQUFBQUFBQUFBQUFBQUFBQUFBQUFBQUFBQUFBQUFBQUFBQUFBQUFBQUFBQUFBQUFBQUFBQUFBQUFBQUFBQUFBQUFBQUFBQUFBQUFBQUFBQUFBQUFBQUFBQUFBQUFBQUFBQUFBQUFBQUFBQUFBQUFBQUFBQUFBQUFBQUFBQUFBQUFBQUFBQUFBQUFBQUFBQUFBQUFBQUFBQUFBQUFBQUFBQUFBQUFBQUFBQUFBQUFBQUFBQUFBQUFBQUFBQUFBQUFBQUFBQUFBQUFBQUFBQUFBQUFBQUFBQUFBQUFBQUFBQUFBQUFBQUFBQUFBQUFBQUFBQUFBQUFBQUFBQUFBQUFBQUFBQUFBQUFBQUFBQUFBQUFBQUFBQUFBQUFBQUFBQUFBQUFBQUFBQUFBQUFBQUFBQUFBQUFBQUFBQUFBQUFBQUFBQUFBQUFBQUFBQUFBQUFBQUFBQUFBQUFBQUFBQUFBQUFBQUFBQUFBQUFBQUFBQUFBQUFBQUFBQUFBQUFBQUFBQUFBQUFBQUFBQUFBQUFBQUFBQUFBQUFBQUFBQUFBQUFBQUFBQUFBQUFBQUFBQUFBQUFBQUFBQUFBQUFBQUFBQUFBQUFBQUFBQUFBQUFBQUFBQUFBQUFBQUFBQUFBQUFBQUFBQUFBQUFBQUFBQUFBQUFBQUFBQUFBQUFBQUFBQUFBQUFBQUFBQUFBQUFBQUFBQUFBQUFBQUFBQUFBQUFBQUFBQUFBQUFBQUFBQUFBQUFBQUFBQUFBQUFBQUFBQUFBQUFBQUFBQUFBQUFBQUFBQUFBQUFBQUFBQUFBQUFBQUFBQUFBQUFBQUFBQUFBQUFBQUFBQUFBQUFBQUFBQUFBQUFBQUFBQUFBQUFBQUFBQUFBQUFBQUFBQUFBQUFBQUFBQUFBQUFBQUFBQUFBQUFBQUFBQUFBQUFBQUFBQUFBQUFBQUFBQUFBQUFBQUFBQUFBQUFBQUFBQUFBQUFBQUFBQUFBQUFBQUFBQUFBQUFBQUFBQUFBQUFBQUFBQUFBQUFBQUFBQUFBQUFBQUFBQUFBQUFBQUFBQUFBQUFBQUFBQUFBQUFBQUFBQUFBQUFBQUFBQUFBQUFBQUFBQUFBQUFBQUFBQUFBQUFBQUFBQUFBQUFBQUFBQUFBQUFBQUFBQUFBQUFBQUFBQUFBQUFBQUFBQUFBQUFBQUFBQUFBQUFBQUFBQUFBQUFBQUFBQUFBQUFBQUFBQUFBQUFBQUFBQUFBQUFBQUFBQUFBQUFBQUFBQUFBQUFBQUFBQUFBQUFBQUFBQUFBQUFBQUFBQUFBQUFBQUFBQUFBQUFBQUFBQUFBQUFBQUFBQUFBQUFBQUFBQUFBQUFBQUFBQUFBQUFBQUFBQUFBQUFBQUFBQUFBQUFBQUFBQUFBQUFBQUFBQUFBQUFBQUFBQUFBQUFBQUFBQUFBQUFBQUFBQUFBQUFBQUFBQUFBQUFBQUFBQUFBQUFBQUFBQUFBQUFBQUFBQUFBQUFBQUFBQUFBQUFBQUFBQUFBQUFBQUFBQUFBQUFBQUFBQUFBQUFBQUFBQUFBQUFBQUFBQUFBQUFBQUFBQUFBQUFBQUFBQUFBQUFBQUFBQUFBQUFBQUFBQUFBQUFBQUFBQUFBQUFBQUFBQUFBQUFBQUFBQUFBQUFBQUFBQUFBQUFBQUFBQUFBQUFBQUFBQUFBQUFBQUFBQUFBQUFBQUFBQUFBQUFBQUFBQUFBQUFBQUFBQUFBQUFBQUFBQUFBQUFBQUFBQUFBQUFBQUFBQUFBQUFBQUFBQUFBQUFBQUFBQUFBQUFBQUFBQUFBQUFBQUFBQUFBQUFBQUFBQUFBQUFBQUFBQUFBQUFBQUFBQUFBQUFBQUFBQUFBQUFBQUFBQUFBQUFBQUFBQUFBQUFBQUFBQUFBQUFBQUFBQUFBQUFBQUFBQUFBQUFBQUFBQUFBQUFBQUFBQUFBQUFBQUFBQUFBQUFBQUFBQUFBQUFBQUFBQUFBQUFBQUFBQUFBQUFBQUFBQUFBQUFBQUFBQUFBQUFBQUFBQUFBQUFBQUFBQUFBQUFBQUFBQUFBQUFBQUFBQUFBQUFBQUFBQUFBQUFBQUFBQUFBQUFBQUFBQUFBQUFBQUFBQUFBQUFBQUFBQUFBQUFBQUFBQUFBQUFBQUFBQUFBQUFBQUFBQUFBQUFBQUFBQUFBQUFBQUFBQUFBQUFBQUFBQUFBQUFBQUFBQUFBQUFBQUFBQUFBQUFBQUFBQUFBQUFBQUFBQUFBQUFBQUFBQUFBQUFBQUFBQUFBQUFBQUFBQUFBQUFBQUFBQUFBQUFBQUFBQUFBQUFBQUFBQUFBQUFBQUFBQUFBQUFBQUFBQUFBQUFBQUFBQUFBQUFBQUFBQUFBQUFBQUFBQUFBQUFBQUFBQUFBQUFBQUFBQUFBQUFBQUFBQUFBQUFBQUFBQUFBQUFBQUFBQUFBQUFBQUFBQUFBQUFBQUFBQUFBQUFBQUFBQUFBQUFBQUFBQUFBQUFBQUFBQUFBQUFBQUFBQUFBQUFBQUFBQUFBQUFBQUFBQUFBQUFBQUFBQUFBQUFBQUFBQUFBQUFBQUFBQUFBQUFBQUFBQUFBQUFBQUFBQUFBQUFBQUFBQUFBQUFBQUFBQUFBQUFBQUFBQUFBQUFBQUFBQUFBQUFBQUFBQUFBQUFBQUFBQUFBQUFBQUFBQUFBQUFBQUFBQUFBQUFBQUFBQUFBQUFBQUFBQUFBQUFBQUFBQUFBQUFBQUFBQUFBQUFBQUFBQUFBQUFBQUFBQUFBQUFBQUFBQUFBQUFBQUFBQUFBQUFBQUFBQUFBQUFBQUFBQUFBQUFBQUFBQUFBQUFBQUFBQUFBQUFBQUFBQUFBQUFBQUFBQUFBQUFBQUFBQUFBQUFBQUFBQUFBQUFBQUFBQUFBQUFBQUFBQUFBQUFBQUFBQUFBQUFBQUFBQUFBQUFBQUFBQUFBQUFBQUFBQUFBQUFBQUFBQUFBQUFBQUFBQUFBQUFBQUFBQUFBQUFBQUFBQUFBQUFBQUFBQUFBQUFBQUFBQUFBQUFBQUFBQUFBQUFBQUFBQUFBQUFBQUFBQUFBQUFBQUFBQUFBQUFBQUFBQUFBQUFBQUFBQUFBQUFBQUFBQUFBQUFBQUFBQUFBQUFBQUFBQUFBQUFBQUFBQUFBQUFBQUFBQUFBQUFBQUFBQUFBQUFBQUFBQUFBQUFBQUFBQUFBQUFBQUFBQUFBQUFBQUFBQUFBQUFBQUFBQUFBQUFBQUFBQUFBQUFBQUFBQUFBQUFBQUFBQUFBQUFBQUFBQUFBQUFBQUFBQUFBQUFBQUFBQUFBQUFBQUFBQUFBQUFBQUFBQUFBQUFBQUFBQUFBQUFBQUFBQUFBQUFBQUFBQUFBQUFBQUFBQUFBQUFBQUFBQUFBQUFBQUFBQUFBQUFBQUFBQUFBQUFBQUFBQUFBQUFBQUFBQUFBQUFBQUFBQUFBQUFBQUFBQUFBQUFBQUFBQUFBQUFBQUFBQUFBQUFBQUFBQUFBQUFBQUFBQUFBQUFBQUFBQUFBQUFBQUFBQUFBQUFBQUFBQUFBQUFBQUFBQUFBQUFBQUFBQUFBQUFBQUFBQUFBQUFBQUFBQUFBQUFBQUFBQUFBQUFBQUFBQUFBQUFBQUFBQUFBQUFBQUFBQUFBQUFBQUFBQUFBQUFBQUFBQUFBQUFBQUFBQUFBQUFBQUFBQUFBQUFBQUFBQUFBQUFBQUFBQUFBQUFBQUFBQUFBQUFBQUFBQUFBQUFBQUFBQUFBQUFBQUFBQUFBQUFBQUFBQUFBQUFBQUFBQUFBQUFBQUFBQUFBQUFBQUFBQUFBQUFBQUFBQUFBQUFBQUFBQUFBQUFBQUFBQUFBQUFBQUFBQUFBQUFBQUFBQUFBQUFBQUFBQUFBQUFBQUFBQUFBQUFBQUFBQUFBQUFBQUFBQUFBQUFBQUFBQUFBQUFBQUFBQUFBQUFBQUFBQUFBQUFBQUFBQUFBQUFBQUFBQUFBQUFBQUFBQUFBQUFBQUFBQUFBQUFBQUFBQUFBQUFBQUFBQUFBQUFBQUFBQUFBQUFBQUFBQUFBQUFBQUFBQUFBQUFBQUFBQUFBQUFBQUFBQUFBQUFBQUFBQUFBQUFBQUFBQUFBQUFBQUFBQUFBQUFBQUFBQUFBQUFBQUFBQUFBQUFBQUFBQUFBQUFBQUFBQUFBQUFBQUFBQUFBQUFBQUFBQUFBQUFBQUFBQUFBQUFBQUFBQUFBQUFBQUFBQUFBQUFBQUFBQUFBQUFBQUFBQUFBQUFBQUFBQUFBQUFBQUFBQUFBQUFBQUFBQUFBQUFBQUFBQUFBQUFBQUFBQUFBQUFBQUFBQUFBQUFBQUFBQUFBQUFBQUFBQUFBQUFBQUFBQUFBQUFBQUFBQUFBQUFBQUFBQUFBQUFBQUFBQUFBQUFBQUFBQUFBQUFBQUFBQUFBQUFBQUFBQUFBQUFBQUFBQUFBQUFBQUFBQUFBQUFBQUFBQUFBQUFBQUFBQUFBQUFBQUFBQUFBQUFBQUFBQUFBQUFBQUFBQUFBQUFBQUFBQUFBQUFBQUFBQUFBQUFBQUFBQUFBQUFBQUFBQUFBQUFBQUFBQUFBQUFBQUFBQUFBQUFBQUFBQUFBQUFBQUFBQUFBQUFBQUFBQUFBQUFBQUFBQUFBQUFBQUFBQUFBQUFBQUFBQUFBQUFBQUFBQUFBQUFBQUFBQUFBQUFBQUFBQUFBQUFBQUFBQUFBQUFBQUFBQUFBQUFBQUFBQUFBQUFBQUFBQUFBQUFBQUFBQUFBQUFBQUFBQUFBQUFBQUFBQUFBQUFBQUFBQUFBQUFBQUFBQUFBQUFBQUFBQUFBQUFBQUFBQUFBQUFBQUFBQUFBQUFBQUFBQUFBQUFBQUFBQUFBQUFBQUFBQUFBQUFBQUFBQUFBQUFBQUFBQUFBQUFBQUFBQUFBQUFBQUFBQUFBQUFBQUFBQUFBQUFBQUFBQUFBQUFBQUFBQUFBQUFBQUFBQUFBQUFBQUFBQUFBQUFBQUFBQUFBQUFBQUFBQUFBQUFBQUFBQUFBQUFBQUFBQUFBQUFBQUFBQUFBQUFBQUFBQUFBQUFBQUFBQUFBQUFBQUFBQUFBQUFBQUFBQUFBQUFBQUFBQUFBQUFBQUFBQUFBQUFBQUFBQUFBQUFBQUFBQUFBQUFBQUFBQUFBQUFBQUFBQUFBQUFBQUFBQUFBQUFBQUFBQUFBQUFBQUFBQUFBQUFBQUFBQUFBQUFBQUFBQUFBQUFBQUFBQUFBQUFBQUFBQUFBQUFBQUFBQUFBQUFBQUFBQUFBQUFBQUFBQUFBQUFBQUFBQUFBQUFBQUFBQUFBQUFBQUFBQUFBQUFBQUFBQUFBQUFBQUFBQUFBQUFBQUFBQUFBQUFBQUFBQUFBQUFBQUFBQUFBQUFBQUFBQUFBQUFBQUFBQUFBQUFBQUFBQUFBQUFBQUFBQUFBQUFBQUFBQUFBQUFBQUFBQUFBQUFBQUFBQUFBQUFBQUFBQUFBQUFBQUFBQUFBQUFBQUFBQUFBQUFBQUFBQUFBQUFBQUFBQUFBQUFBQUFBQUFBQUFBQUFBQUFBQUFBQUFBQUFBQUFBQUFBQUFBQUFBQUFBQUFBQUFBQUFBQUFBQUFBQUFBQUFBQUFBQUFBQUFBQUFBQUFBQUFBQUFBQUFBQUFBQUFBQUFBQUFBQUFBQUFBQUFBQUFBQUFBQUFBQUFBQUFBQUFBQUFBQUFBQUFBQUFBQUFBQUFBQUFBQUFBQUFBQUFBQUFBQUFBQUFBQUFBQUFBQUFBQUFBQUFBQUFBQUFBQUFBQUFBQUFBQUFBQUFBQUFBQUFBQUFBQUFBQUFBQUFBQUFBQUFBQUFBQUFBQUFBQUFBQUFBQUFBQUFBQUFBQUFBQUFBQUFBQUFBQUFBQUFBQUFBQUFBQUFBQUFBQUFBQUFBQUFBQUFBQUFBQUFBQUFBQUFBQUFBQUFBQUFBQUFBQUFBQUFBQUFBQUFBQUFBQUFBQUFBQUFBQUFBQUFBQUFBQUFBQUFBQUFBQUFBQUFBQUFBQUFBQUFBQUFBQUFBQUFBQUFBQUFBQUFBQUFBQUFBQUFBQUFBQUFBQUFBQUFBQUFBQUFBQUFBQUFBQUFBQUFBQUFBQUFBQUFBQUFBQUFBQUFBQUFBQUFBQUFBQUFBQUFBQUFBQUFBQUFBQUFBQUFBQUFBQUFBQUFBQUFBQUFBQUFBQUFBQUFBQUFBQUFBQUFBQUFBQUFBQUFBQUFBQUFBQUFBQUFBQUFBQUFBQUFBQUFBQUFBQUFBQUFBQUFBQUFBQUFBQUFBQUFBQUFBQUFBQUFBQUFBQUFBQUFBQUFBQUFBQUFBQUFBQUFBQUFBQUFBQUFBQUFBQUFBQUFBQUFBQUFBQUFBQUFBQUFBQUFBQUFBQUFBQUFBQUFBQUFBQUFBQUFBQUFBQUFBQUFBQUFBQUFBQUFBQUFBQUFBQUFBQUFBQUFBQUFBQUFBQUFBQUFBQUFBQUFBQUFBQUFBQUFBQUFBQUFBQUFBQUFBQUFBQUFBQUFBQUFBQUFBQUFBQUFBQUFBQUFBQUFBQUFBQUFBQUFBQUFBQUFBQUFBQUFBQUFBQUFBQUFBQUFBQUFBQUFBQUFBQUFBQUFBQUFBQUFBQUFBQUFBQUFBQUFBQUFBQUFBQUFBQUFBQUFBQUFBQUFBQUFBQUFBQUFBQUFBQUFBQUFBQUFBQUFBQUFBQUFBQUFBQUFBQUFBQUFBQUFBQUFBQUFBQUFBQUFBQUFBQUFBQUFBQUFBQUFBQUFBQUFBQUFBQUFBQUFBQUFBQUFBQUFBQUFBQUFBQUFBQUFBQUFBQUFBQUFBQUFBQUFBQUFBQUFBQUFBQUFBQUFBQUFBQUFBQUFBQUFBQUFBQUFBQUFBQUFBQUFBQUFBQUFBQUFBQUFBQUFBQUFBQUFBQUFBQUFBQUFBQUFBQUFBQUFBQUFBQUFBQUFBQUFBQUFBQUFBQUFBQUFBQUFBQUFBQUFBQUFBQUFBQUFBQUFBQUFBQUFBQUFBQUFBQUFBQUFBQUFBQUFBQUFBQUFBQUFBQUFBQUFBQUFBQUFBQUFBQUFBQUFBQUFBQUFBQUFBQUFBQUFBQUFBQUFBQUFBQUFBQUFBQUFBQUFBQUFBQUFBQUFBQUFBQUFBQUFBQUFBQUFBQUFBQUFBQUFBQUFBQUFBQUFBQUFBQUFBQUFBQUFBQUFBQUFBQUFBQUFBQUFBQUFBQUFBQUFBQUFBQUFBQUFBQUFBQUFBQUFBQUFBQUFBQUFBQUFBQUFBQUFBQUFBQUFBQUFBQUFBQUFBQUFBQUFBQUFBQUFBQUFBQUFBQUFBQUFBQUFBQUFBQUFBQUFBQUFBQUFBQUFBQUFBQUFBQUFBQUFBQUFBQUFBQUFBQUFBQUFBQUFBQUFBQUFBQUFBQUFBQUFBQUFBQUFBQUFBQUFBQUFBQUFBQUFBQUFBQUFBQUFBQUFBQUFBQUFBQUFBQUFBQUFBQUFBQUFBQUFBQUFBQUFBQUFBQUFBQUFBQUFBQUFBQUFBQUFBQUFBQUFBQUFBQUFBQUFBQUFBQUFBQUFBQUFBQUFBQUFBQUFBQUFBQUFBQUFBQUFBQUFBQUFBQUFBQUFBQUFBQUFBQUFBQUFBQUFBQUFBQUFBQUFBQUFBQUFBQUFBQUFBQUFBQUFBQUFBQUFBQUFBQUFBQUFBQUFBQUFBQUFBQUFBQUFBQUFBQUFBQUFBQUFBQUFBQUFBQUFBQUFBQUFBQUFBQUFBQUFBQUFBQUFBQUFBQUFBQUFBQUFBQUFBQUFBQUFBQUFBQUFBQUFBQUFBQUFBQUFBQUFBQUFBQUFBQUFBQUFBQUFBQUFBQUFBQUFBQUFBQUFBQUFBQUFBQUFBQUFBQUFBQUFBQUFBQUFBQUFBQUFBQUFBQUFBQUFBQUFBQUFBQUFBQUFBQUFBQUFBQUFBQUFBQUFBQUFBQUFBQUFBQUFBQUFBQUFBQUFBQUFBQUFBQUFBQUFBQUFBQUFBQUFBQUFBQUFBQUFBQUFBQUFBQUFBQUFBQUFBQUFBQUFBQUFBQUFBQUFBQUFBQUFBQUFBQUFBQUFBQUFBQUFBQUFBQUFBQUFBQUFBQUFBQUFBQUFBQUFBQUFBQUFBQUFBQUFBQUFBQUFBQUFBQUFBQUFBQUFBQUFBQUFBQUFBQUFBQUFBQUFBQUFBQUFBQUFBQUFBQUFBQUFBQUFBQUFBQUFBQUFBQUFBQUFBQUFBQUFBQUFBQUFBQUFBQUFBQUFBQUFBQUFBQUFBQUFBQUFBQUFBQUFBQUFBQUFBQUFBQUFBQUFBQUFBQUFBQUFBQUFBQUFBQUFBQUFBQUFBQUFBQUFBQUFBQUFBQUFBQUFBQUFBQUFBQUFBQUFBQUFBQUFBQUFBQUFBQUFBQUFBQUFBQUFBQUFBQUFBQUFBQUFBQUFBQUFBQUFBQUFBQUFBQUFBQUFBQUFBQUFBQUFBQUFBQUFBQUFBQUFBQUFBQUFBQUFBQUFBQUFBQUFBQUFBQUFBQUFBQUFBQUFBQUFBQUFBQUFBQUFBQUFBQUFBQUFBQUFBQUFBQUFBQUFBQUFBQUFBQUFBQUFBQUFBQUFBQUFBQUFBQUFBQUFBQUFBQUFBQUFBQUFBQUFBQUFBQUFBQUFBQUFBQUFBQUFBQUFBQUFBQUFBQUFBQUFBQUFBQUFBQUFBQUFBQUFBQUFBQUFBQUFBQUFBQUFBQUFBQUFBQUFBQUFBQUFBQUFBQUFBQUFBQUFBQUFBQUFBQUFBQUFBQUFBQUFBQUFBQUFBQUFBQUFBQUFBQUFBQUFBQUFBQUFBQUFBQUFBQUFBQUFBQUFBQUFBQUFBQUFBQUFBQUFBQUFBQUFBQUFBQUFBQUFBQUFBQUFBQUFBQUFBQUFBQUFBQUFBQUFBQUFBQUFBQUFBQUFBQUFBQUFBQUFBQUFBQUFBQUFBQUFBQUFBQUFBQUFBQUFBQUFBQUFBQUFBQUFBQUFBQUFBQUFBQUFBQUFBQUFBQUFBQUFBQUFBQUFBQUFBQUFBQUFBQUFBQUFBQUFBQUFBQUFBQUFBQUFBQUFBQUFBQUFBQUFBQUFBQUFBQUFBQUFBQUFBQUFBQUFBQUFBQUFBQUFBQUFBQUFBQUFBQUFBQUFBQUFBQUFBQUFBQUFBQUFBQUFBQUFBQUFBQUFBQUFBQUFBQUFBQUFBQUFBQUFBQUFBQUFBQUFBQUFBQUFBQUFBQUFBQUFBQUFBQUFBQUFBQUFBQUFBQUFBQUFBQUFBQUFBQUFBQUFBQUFBQUFBQUFBQUFBQUFBQUFBQUFBQUFBQUFBQUFBQUFBQUFBQUFBQUFBQUFBQUFBQUFBQUFBQUFBQUFBQUFBQUFBQUFBQUFBQUFBQUFBQUFBQUFBQUFBQUFBQUFBQUFBQUFBQUFBQUFBQUFBQUFBQUFBQUFBQUFBQUFBQUFBQUFBQUFBQUFBQUFBQUFBQUFBQUFBQUFBQUFBQUFBQUFBQUFBQUFBQUFBQUFBQUFBQUFBQUFBQUFBQUFBQUFBQUFBQUFBQUFBQUFBQUFBQUFBQUFBQUFBQUFBQUFBQUFBQUFBQUFBQUFBQUFBQUFBQUFBQUFBQUFBQUFBQUFBQUFBQUFBQUFBQUFBQUFBQUFBQUFBQUFBQUFBQUFBQUFBQUFBQUFBQUFBQUFBQUFBQUFBQUFBQUFBQUFBQUFBQUFBQUFBQUFBQUFBQUFBQUFBQUFBQUFBQUFBQUFBQUFBQUFBQUFBQUFBQUFBQUFBQUFBQUFBQUFBQUFBQUFBQUFBQUFBQUFBQUFBQUFBQUFBQUFBQUFBQUFBQUFBQUFBQUFBQUFBQUFBQUFBQUFBQUFBQUFBQUFBQUFBQUFBQUFBQUFBQUFBQUFBQUFBQUFBQUFBQUFBQUFBQUFBQUFBQUFBQUFBQUFBQUFBQUFBQUFBQUFBQUFBQUFBQUFBQUFBQUFBQUFBQUFBQUFBQUFBQUFBQUFBQUFBQUFBQUFBQUFBQUFBQUFBQUFBQUFBQUFBQUFBQUFBQUFBQUFBQUFBQUFBQUFBQUFBQUFBQUFBQUFBQUFBQUFBQUFBQUFBQUFBQUFBQUFBQUFBQUFBQUFBQUFBQUFBQUFBQUFBQUFBQUFBQUFBQUFBQUFBQUFBQUFBQUFBQUFBQUFBQUFBQUFBQUFBQUFBQUFBQUFBQUFBQUFBQUFBQUFBQUFBQUFBQUFBQUFBQUFBQUFBQUFBQUFBQUFBQUFBQUFBQUFBQUFBQUFBQUFBQUFBQUFBQUFBQUFBQUFBQUFBQUFBQUFBQUFBQUFBQUFBQUFBQUFBQUFBQUFBQUFBQUFBQUFBQUFBQUFBQUFBQUFBQUFBQUFBQUFBQUFBQUFBQUFBQUFBQUFBQUFBQUFBQUFBQUFBQUFBQUFBQUFBQUFBQUFBQUFBQUFBQUFBQUFBQUFBQUFBQUFBQUFBQUFBQUFBQUFBQUFBQUFBQUFBQUFBQUFBQUFBQUFBQUFBQUFBQUFBQUFBQUFBQUFBQUFBQUFBQUFBQUFBQUFBQUFBQUFBQUFBQUFBQUFBQUFBQUFBQUFBQUFBQUFBQUFBQUFBQUFBQUFBQUFBQUFBQUFBQUFBQUFBQUFBQUFBQUFBQUFBQUFBQUFBQUFBQUFBQUFBQUFBQUFBQUFBQUFBQUFBQUFBQUFBQUFBQUFBQUFBQUFBQUFBQUFBQUFBQUFBQUFBQUFBQUFBQUFBQUFBQUFBQUFBQUFBQUFBQUFBQUFBQUFBQUFBQUFBQUFBQUFBQUFBQUFBQUFBQUFBQUFBQUFBQUFBQUFBQUFBQUFBQUFBQUFBQUFBQUFBQUFBQUFBQUFBQUFBQUFBQUFBQUFBQUFBQUFBQUFBQUFBQUFBQUFBQUFBQUFBQUFBQUFBQUFBQUFBQUFBQUFBQUFBQUFBQUFBQUFBQUFBQUFBQUFBQUFBQUFBQUFBQUFBQUFBQUFBQUFBQUFBQUFBQUFBQUFBQUFBQUFBQUFBQUFBQUFBQUFBQUFBQUFBQUFBQUFBQUFBQUFBQUFBQUFBQUFBQUFBQUFBQUFBQUFBQUFBQUFBQUFBQUFBQUFBQUFBQUFBQUFBQUFBQUFBQUFBQUFBQUFBQUFBQUFBQUFBQUFBQUFBQUFBQUFBQUFBQUFBQUFBQUFBQUFBQUFBQUFBQUFBQUFBQUFBQUFBQUFBQUFBQUFBQUFBQUFBQUFBQUFBQUFBQUFBQUFBQUFBQUFBQUFBQUFBQUFBQUFBQUFBQUFBQUFBQUFBQUFBQUFBQUFBQUFBQUFBQUFBQUFBQUFBQUFBQUFBQUFBQUFBQUFBQUFBQUFBQUFBQUFBQUFBQUFBQUFBQUFBQUFBQUFBQUFBQUFBQUFBQUFBQUFBQUFBQUFBQUFBQUFBQUFBQUFBQUFBQUFBQUFBQUFBQUFBQUFBQUFBQUFBQUFBQUFBQUFBQUFBQUFBQUFBQUFBQUFBQUFBQUFBQUFBQUFBQUFBQUFBQUFBQUFBQUFBQUFBQUFBQUFBQUFBQUFBQUFBQUFBQUFBQUFBQUFBQUFBQUFBQUFBQUFBQUFBQUFBQUFBQUFBQUFBQUFBQUFBQUFBQUFBQUFBQUFBQUFBQUFBQUFBQUFBQUFBQUFBQUFBQUFBQUFBQUFBQUFBQUFBQUFBQUFBQUFBQUFBQUFBQUFBQUFBQUFBQUFBQUFBQUFBQUFBQUFBQUFBQUFBQUFBQUFBQUFBQUFBQUFBQUFBQUFBQUFBQUFBQUFBQUFBQUFBQUFBQUFBQUFBQUFBQUFBQUFBQUFBQUFBQUFBQUFBQUFBQUFBQUFBQUFBQUFBQUFBQUFBQUFBQUFBQUFBQUFBQUFBQUFBQUFBQUFBQUFBQUFBQUFBQUFBQUFBQUFBQUFBQUFBQUFBQUFBQUFBQUFBQUFBQUFBQUFBQUFBQUFBQUFBQUFBQUFBQUFBQUFBQUFBQUFBQUFBQUFBQUFBQUFBQUFBQUFBQUFBQUFBQUFBQUFBQUFBQUFBQUFBQUFBQUFBQUFBQUFBQUFBQUFBQUFBQUFBQUFBQUFBQUFBQUFBQUFBQUFBQUFBQUFBQUFBQUFBQUFBQUFBQUFBQUFBQUFBQUFBQUFBQUFBQUFBQUFBQUFBQUFBQUFBQUFBQUFBQUFBQUFBQUFBQUFBQUFBQUFBQUFBQUFBQUFBQUFBQUFBQUFBQUFBQUFBQUFBQUFBQUFBQUFBQUFBQUFBQUFBQUFBQUFBQUFBQUFBQUFBQUFBQUFBQUFBQUFBQUFBQUFBQUFBQUFBQUFBQUFBQUFBQUFBQUFBQUFBQUFBQUFBQUFBQUFBQUFBQUFBQUFBQUFBQUFBQUFBQUFBQUFBQUFBQUFBQUFBQUFBQUFBQUFBQUFBQUFBQUFBQUFBQUFBQUFBQUFBQUFBQUFBQUFBQUFBQUFBQUFBQUFBQUFBQUFBQUFBQUFBQUFBQUFBQUFBQUFBQUFBQUFBQUFBQUFBQUFBQUFBQUFBQUFBQUFBQUFBQUFBQUFBQUFBQUFBQUFBQUFBQUFBQUFBQUFBQUFBQUFBQUFBQUFBQUFBQUFBQUFBQUFBQUFBQUFBQUFBQUFBQUFBQUFBQUFBQUFBQUFBQUFBQUFBQUFBQUFBQUFBQUFBQUFBQUFBQUFBQUFBQUFBQUFBQUFBQUFBQUFBQUFBQUFBQUFBQUFBQUFBQUFBQUFBQUFBQUFBQUFBQUFBQUFBQUFBQUFBQUFBQUFBQUFBQUFBQUFBQUFBQUFBQUFBQUFBQUFBQUFBQUFBQUFBQUFBQUFBQUFBQUFBQUFBQUFBQUFBQUFBQUFBQUFBQUFBQUFBQUFBQUFBQUFBQUFBQUFBQUFBQUFBQUFBQUFBQUFBQUFBQUFBQUFBQUFBQUFBQUFBQUFBQUFBQUFBQUFBQUFBQUFBQUFBQUFBQUFBQUFBQUFBQUFBQUFBQUFBQUFBQUFBQUFBQUFBQUFBQUFBQUFBQUFBQUFBQUFBQUFBQUFBQUFBQUFBQUFBQUFBQUFBQUFBQUFBQUFBQUFBQUFBQUFBQUFBQUFBQUFBQUFBQUFBQUFBQUFBQUFBQUFBQUFBQUFBQUFBQUFBQUFBQUFBQUFBQUFBQUFBQUFBQUFBQUFBQUFBQUFBQUFBQUFBQUFBQUFBQUFBQUFBQUFBQUFBQUFBQUFBQUFBQUFBQUFBQUFBQUFBQUFBQUFBQUFBQUFBQUFBQUFBQUFBQUFBQUFBQUFBQUFBQUFBQUFBQUFBQUFBQUFBQUFBQUFBQUFBQUFBQUFBQUFBQUFBQUFBQUFBQUFBQUFBQUFBQUFBQUFBQUFBQUFBQUFBQUFBQUFBQUFBQUFBQUFBQUFBQUFBQUFBQUFBQUFBQUFBQUFBQUFBQUFBQUFBQUFBQUFBQUFBQUFBQUFBQUFBQUFBQUFBQUFBQUFBQUFBQUFBQUFBQUFBQUFBQUFBQUFBQUFBQUFBQUFBQUFBQUFBQUFBQUFBQUFBQUFBQUFBQUFBQUFBQUFBQUFBQUFBQUFBQUFBQUFBQUFBQUFBQUFBQUFBQUFBQUFBQUFBQUFBQUFBQUFBQUFBQUFBQUFBQUFBQUFBQUFBQUFBQUFBQUFBQUFBQUFBQUFBQUFBQUFBQUFBQUFBQUFBQUFBQUFBQUFBQUFBQUFBQUFBQUFBQUFBQUFBQUFBQUFBQUFBQUFBQUFBQUFBQUFBQUFBQUFBQUFBQUFBQUFBQUFBQUFBQUFBQUFBQUFBQUFBQUFBQUFBQUFBQUFBQUFBQUFBQUFBQUFBQUFBQUFBQUFBQUFBQUFBQUFBQUFBQUFBQUFBQUFBQUFBQUFBQUFBQUFBQUFBQUFBQUFBQUFBQUFBQUFBQUFBQUFBQUFBQUFBQUFBQUFBQUFBQUFBQUFBQUFBQUFBQUFBQUFBQUFBQUFBQUFBQUFBQUFBQUFBQUFBQUFBQUFBQUFBQUFBQUFBQUFBQUFBQUFBQUFBQUFBQUFBQUFBQUFBQUFBQUFBQUFBQUFBQUFBQUFBQUFBQUFBQUFBQUFBQUFBQUFBQUFBQUFBQUFBQUFBQUFBQUFBQUFBQUFBQUFBQUFBQUFBQUFBQUFBQUFBQUFBQUFBQUFBQUFBQUFBQUFBQUFBQUFBQUFBQUFBQUFBQUFBQUFBQUFBQUFBQUFBQUFBQUFBQUFBQUFBQUFBQUFBQUFBQUFBQUFBQUFBQUFBQUFBQUFBQUFBQUFBQUFBQUFBQUFBQUFBQUFBQUFBQUFBQUFBQUFBQUFBQUFBQUFBQUFBQUFBQUFBQUFBQUFBQUFBQUFBQUFBQUFBQUFBQUFBQUFBQUFBQUFBQUFBQUFBQUFBQUFBQUFBQUFBQUFBQUFBQUFBQUFBQUFBQUFBQUFBQUFBQUFBQUFBQUFBQUFBQUFBQUFBQUFBQUFBQUFBQUFBQUFBQUFBQUFBQUFBQUFBQUFBQUFBQUFBQUFBQUFBQUFBQUFBQUFBQUFBQUFBQUFBQUFBQUFBQUFBQUFBQUFBQUFBQUFBQUFBQUFBQUFBQUFBQUFBQUFBQUFBQUFBQUFBQUFBQUFBQUFBQUFBQUFBQUFBQUFBQUFBQUFBQUFBQUFBQUFBQUFBQUFBQUFBQUFBQUFBQUFBQUFBQUFBQUFBQUFBQUFBQUFBQUFBQUFBQUFBQUFBQUFBQUFBQUFBQUFBQUFBQUFBQUFBQUFBQUFBQUFBQUFBQUFBQUFBQUFBQUFBQUFBQUFBQUFBQUFBQUFBQUFBQUFBQUFBQUFBQUFBQUFBQUFBQUFBQUFBQUFBQUFBQUFBQUFBQUFBQUFBQUFBQUFBQUFBQUFBQUFBQUFBQUFBQUFBQUFBQUFBQUFBQUFBQUFBQUFBQUFBQUFBQUFBQUFBQUFBQUFBQUFBQUFBQUFBQUFBQUFBQUFBQUFBQUFBQUFBQUFBQUFBQUFBQUFBQUFBQUFBQUFBQUFBQUFBQUFBQUFBQUFBQUFBQUFBQUFBQUFBQUFBQUFBQUFBQUFBQUFBQUFBQUFBQUFBQUFBQUFBQUFBQUFBQUFBQUFBQUFBQUFBQUFBQUFBQUFBQUFBQUFBQUFBQUFBQUFBQUFBQUFBQUFBQUFBQUFBQUFBQUFBQUFBQUFBQUFBQUFBQUFBQUFBQUFBQUFBQUFBQUFBQUFBQUFBQUFBQUFBQUFBQUFBQUFBQUFBQUFBQUFBQUFBQUFBQUFBQUFBQUFBQUFBQUFBQUFBQUFBQUFBQUFBQUFBQUFBQUFBQUFBQUFBQUFBQUFBQUFBQUFBQUFBQUFBQUFBQUFBQUFBQUFBQUFBQUFBQUFBQUFBQUFBQUFBQUFBQUFBQUFBQUFBQUFBQUFBQUFBQUFBQUFBQUFBQUFBQUFBQUFBQUFBQUFBQUFBQUFBQUFBQUFBQUFBQUFBQUFBQUFBQUFBQUFBQUFBQUFBQUFBQUFBQUFBQUFBQUFBQUFBQUFBQUFBQUFBQUFBQUFBQUFBQUFBQUFBQUFBQUFBQUFBQUFBQUFBQUFBQUFBQUFBQUFBQUFBQUFBQUFBQUFBQUFBQUFBQUFBQUFBQUFBQUFBQUFBQUFBQUFBQUFBQUFBQUFBQUFBQUFBQUFBQUFBQUFBQUFBQUFBQUFBQUFBQUFBQUFBQUFBQUFBQUFBQUFBQUFBQUFBQUFBQUFBQUFBQUFBQUFBQUFBQUFBQUFBQUFBQUFBQUFBQUFBQUFBQUFBQUFBQUFBQUFBQUFBQUFBQUFBQUFBQUFBQUFBQUFBQUFBQUFBQUFBQUFBQUFBQUFBQUFBQUFBQUFBQUFBQUFBQUFBQUFBQUFBQUFBQUFBQUFBQUFBQUFBQUFBQUFBQUFBQUFBQUFBQUFBQUFBQUFBQUFBQUFBQUFBQUFBQUFBQUFBQUFBQUFBQUFBQUFBQUFBQUFBQUFBQUFBQUFBQUFBQUFBQUFBQUFBQUFBQUFBQUFBQUFBQUFBQUFBQUFBQUFBQUFBQUFBQUFBQUFBQUFBQUFBQUFBQUFBQUFBQUFBQUFBQUFBQUFBQUFBQUFBQUFBQUFBQUFBQUFBQUFBQUFBQUFBQUFBQUFBQUFBQUFBQUFBQUFBQUFBQUFBQUFBQUFBQUFBQUFBQUFBQUFBQUFBQUFBQUFBQUFBQUFBQUFBQUFBQUFBQUFBQUFBQUFBQUFBQUFBQUFBQUFBQUFBQUFBQUFBQUFBQUFBQUFBQUFBQUFBQUFBQUFBQUFBQUFBQUFBQUFBQUFBQUFBQUFBQUFBQUFBQUFBQUFBQUFBQUFBQUFBQUFBQUFBQUFBQUFBQUFBQUFBQUFBQUFBQUFBQUFBQUFBQUFBQUFBQUFBQUFBQUFBQUFBQUFBQUFBQUFBQUFBQUFBQUFBQUFBQUFBQUFBQUFBQUFBQUFBQUFBQUFBQUFBQUFBQUFBQUFBQUFBQUFBQUFBQUFBQUFBQUFBQUFBQUFBQUFBQUFBQUFBQUFBQUFBQUFBQUFBQUFBQUFBQUFBQUFBQUFBQUFBQUFBQUFBQUFBQUFBQUFBQUFBQUFBQUFBQUFBQUFBQUFBQUFBQUFBQUFBQUFBQUFBQUFBQUFBQUFBQUFBQUFBQUFBQUFBQUFBQUFBQUFBQUFBQUFBQUFBQUFBQUFBQUFBQUFBQUFBQUFBQUFBQUFBQUFBQUFBQUFBQUFBQUFBQUFBQUFBQUFBQUFBQUFBQUFBQUFBQUFBQUFBQUFBQUFBQUFBQUFBQUFBQUFBQUFBQUFBQUFBQUFBQUFBQUFBQUFBQUFBQUFBQUFBQUFBQUFBQUFBQUFBQUFBQUFBQUFBQUFBQUFBQUFBQUFBQUFBQUFBQUFBQUFBQUFBQUFBQUFBQUFBQUFBQUFBQUFBQUFBQUFBQUFBQUFBQUFBQUFBQUFBQUFBQUFBQUFBQUFBQUFBQUFBQUFBQUFBQUFBQUFBQUFBQUFBQUFBQUFBQUFBQUFBQUFBQUFBQUFBQUFBQUFBQUFBQUFBQUFBQUFBQUFBQUFBQUFBQUFBQUFBQUFBQUFBQUFBQUFBQUFBQUFBQUFBQUFBQUFBQUFBQUFBQUFBQUFBQUFBQUFBQUFBQUFBQUFBQUFBQUFBQUFBQUFBQUFBQUFBQUFBQUFBQUFBQUFBQUFBQUFBQUFBQUFBQUFBQUFBQUFBQUFBQUFBQUFBQUFBQUFBQUFBQUFBQUFBQUFBQUFBQUFBQUFBQUFBQUFBQUFBQUFBQUFBQUFBQUFBQUFBQUFBQUFBQUFBQUFBQUFBQUFBQUFBQUFBQUFBQUFBQUFBQUFBQUFBQUFBQUFBQUFBQUFBQUFBQUFBQUFBQUFBQUFBQUFBQUFBQUFBQUFBQUFBQUFBQUFBQUFBQUFBQUFBQUFBQUFBQUFBQUFBQUFBQUFBQUFBQUFBQUFBQUFBQUFBQUFBQUFBQUFBQUFBQUFBQUFBQUFBQUFBQUFBQUFBQUFBQUFBQUFBQUFBQUFBQUFBQUFBQUFBQUFBQUFBQUFBQUFBQUFBQUFBQUFBQUFBQUFBQUFBQUFBQUFBQUFBQUFBQUFBQUFBQUFBQUFBQUFBQUFBQUFBQUFBQUFBQUFBQUFBQUFBQUFBQUFBQUFBQUFBQUFBQUFBQUFBQUFBQUFBQUFBQUFBQUFBQUFBQUFBQUFBQUFBQUFBQUFBQUFBQUFBQUFBQUFBQUFBQUFBQUFBQUFBQUFBQUFBQUFBQUFBQUFBQUFBQUFBQUFBQUFBQUFBQUFBQUFBQUFBQUFBQUFBQUFBQUFBQUFBQUFBQUFBQUFBQUFBQUFBQUFBQUFBQUFBQUFBQUFBQUFBQUFBQUFBQUFBQUFBQUFBQUFBQUFBQUFBQUFBQUFBQUFBQUFBQUFBQUFBQUFBQUFBQUFBQUFBQUFBQUFBQUFBQUFBQUFBQUFBQUFBQUFBQUFBQUFBQUFBQUFBQUFBQUFBQUFBQUFBQUFBQUFBQUFBQUFBQUFBQUFBQUFBQUFBQUFBQUFBQUFBQUFBQUFBQUFBQUFBQUFBQUFBQUFBQUFBQUFBQUFBQUFBQUFBQUFBQUFBQUFBQUFBQUFBQUFBQUFBQUFBQUFBQUFBQUFBQUFBQUFBQUFBQUFBQUFBQUFBQUFBQUFBQUFBQUFBQUFBQUFBQUFBQUFBQUFBQUFBQUFBQUFBQUFBQUFBQUFBQUFBQUFBQUFBQUFBQUFBQUFBQUFBQUFBQUFBQUFBQUFBQUFBQUFBQUFBQUFBQUFBQUFBQUFBQUFBQUFBQUFBQUFBQUFBQUFBQUFBQUFBQUFBQUFBQUFBQUFBQUFBQUFBQUFBQUFBQUFBQUFBQUFBQUFBQUFBQUFBQUFBQUFBQUFBQUFBQUFBQUFBQUFBQUFBQUFBQUFBQUFBQUFBQUFBQUFBQUFBQUFBQUFBQUFBQUFBQUFBQUFBQUFBQUFBQUFBQUFBQUFBQUFBQUFBQUFBQUFBQUFBQUFBQUFBQUFBQUFBQUFBQUFBQUFBQUFBQUFBQUFBQUFBQUFBQUFBQUFBQUFBQUFBQUFBQUFBQUFBQUFBQUFBQUFBQUFBQUFBQUFBQUFBQUFBQUFBQUFBQUFBQUFBQUFBQUFBQUFBQUFBQUFBQUFBQUFBQUFBQUFBQUFBQUFBQUFBQUFBQUFBQUFBQUFBQUFBQUFBQUFBQUFBQUFBQUFBQUFBQUFBQUFBQUFBQUFBQUFBQUFBQUFBQUFBQUFBQUFBQUFBQUFBQUFBQUFBQUFBQUFBQUFBQUFBQUFBQUFBQUFBQUFBQUFBQUFBQUFBQUFBQUFBQUFBQUFBQUFBQUFBQUFBQUFBQUFBQUFBQUFBQUFBQUFBQUFBQUFBQUFBQUFBQUFBQUFBQUFBQUFBQUFBQUFBQUFBQUFBQUFBQUFBQUFBQUFBQUFBQUFBQUFBQUFBQUFBQUFBQUFBQUFBQUFBQUFBQUFBQUFBQUFBQUFBQUFBQUFBQUFBQUFBQUFBQUFBQUFBQUFBQUFBQUFBQUFBQUFBQUFBQUFBQUFBQUFBQUFBQUFBQUFBQUFBQUFBQUFBQUFBQUFBQUFBQUFBQUFBQUFBQUFBQUFBQUFBQUFBQUFBQUFBQUFBQUFBQUFBQUFBQUFBQUFBQUFBQUFBQUFBQUFBQUFBQUFBQUFBQUFBQUFBQUFBQUFBQUFBQUFBQUFBQUFBQUFBQUFBQUFBQUFBQUFBQUFBQUFBQUFBQUFBQUFBQUFBQUFBQUFBQUFBQUFBQUFBQUFBQUFBQUFBQUFBQUFBQUFBQUFBQUFBQUFBQUFBQUFBQUFBQUFBQUFBQUFBQUFBQUFBQUFBQUFBQUFBQUFBQUFBQUFBQUFBQUFBQUFBQUFBQUFBQUFBQUFBQUFBQUFBQUFBQUFBQUFBQUFBQUFBQUFBQUFBQUFBQUFBQUFBQUFBQUFBQUFBQUFBQUFBQUFBQUFBQUFBQUFBQUFBQUFBQUFBQUFBQUFBQUFBQUFBQUFBQUFBQUFBQUFBQUFBQUFBQUFBQUFBQUFBQUFBQUFBQUFBQUFBQUFBQUFBQUFBQUFBQUFBQUFBQUFBQUFBQUFBQUFBQUFBQUFBQUFBQUFBQUFBQUFBQUFBQUFBQUFBQUFBQUFBQUFBQUFBQUFBQUFBQUFBQUFBQUFBQUFBQUFBQUFBQUFBQUFBQUFBQUFBQUFBQUFBQUFBQUFBQUFBQUFBQUFBQUFBQUFBQUFBQUFBQUFBQUFBQUFBQUFBQUFBQUFBQUFBQUFBQUFBQUFBQUFBQUFBQUFBQUFBQUFBQUFBQUFBQUFBQUFBQUFBQUFBQUFBQUFBQUFBQUFBQUFBQUFBQUFBQUFBQUFBQUFBQUFBQUFBQUFBQUFBQUFBQUFBQUFBQUFBQUFBQUFBQUFBQUFBQUFBQUFBQUFBQUFBQUFBQUFBQUFBQUFBQUFBQUFBQUFBQUFBQUFBQUFBQUFBQUFBQUFBQUFBQUFBQUFBQUFBQUFBQUFBQUFBQUFBQUFBQUFBQUFBQUFBQUFBQUFBQUFBQUFBQUFBQUFBQUFBQUFBQUFBQUFBQUFBQUFBQUFBQUFBQUFBQUFBQUFBQUFBQUFBQUFBQUFBQUFBQUFBQUFBQUFBQUFBQUFBQUFBQUFBQUFBQUFBQUFBQUFBQUFBQUFBQUFBQUFBQUFBQUFBQUFBQUFBQUFBQUFBQUFBQUFBQUFBQUFBQUFBQUFBQUFBQUFBQUFBQUFBQUFBQUFBQUFBQUFBQUFBQUFBQUFBQUFBQUFBQUFBQUFBQUFBQUFBQUFBQUFBQUFBQUFBQUFBQUFBQUFBQUFBQUFBQUFBQUFBQUFBQUFBQUFBQUFBQUFBQUFBQUFBQUFBQUFBQUFBQUFBQUFBQUFBQUFBQUFBQUFBQUFBQUFBQUFBQUFBQUFBQUFBQUFBQUFBQUFBQUFBQUFBQUFBQUFBQUFBQUFBQUFBQUFBQUFBQUFBQUFBQUFBQUFBQUFBQUFBQUFBQUFBQUFBQUFBQUFBQUFBQUFBQUFBQUFBQUFBQUFBQUFBQUFBQUFBQUFBQUFBQUFBQUFBQUFBQUFBQUFBQUFBQUFBQUFBQUFBQUFBQUFBQUFBQUFBQUFBQUFBQUFBQUFBQUFBQUFBQUFBQUFBQUFBQUFBQUFBQUFBQUFBQUFBQUFBQUFBQUFBQUFBQUFBQUFBQUFBQUFBQUFBQUFBQUFBQUFBQUFBQUFBQUFBQUFBQUFBQUFBQUFBQUFBQUFBQUFBQUFBQUFBQUFBQUFBQUFBQUFBQUFBQUFBQUFBQUFBQUFBQUFBQUFBQUFBQUFBQUFBQUFBQUFBQUFBQUFBQUFBQUFBQUFBQUFBQUFBQUFBQUFBQUFBQUFBQUFBQUFBQUFBQUFBQUFBQUFBQUFBQUFBQUFBQUFBQUFBQUFBQUFBQUFBQUFBQUFBQUFBQUFBQUFBQUFBQUFBQUFBQUFBQUFBQUFBQUFBQUFBQUFBQUFBQUFBQUFBQUFBQUFBQUFBQUFBQUFBQUFBQUFBQUFBQUFBQUFBQUFBQUFBQUFBQUFBQUFBQUFBQUFBQUFBQUFBQUFBQUFBQUFBQUFBQUFBQUFBQUFBQUFBQUFBQUFBQUFBQUFBQUFBQUFBQUFBQUFBQUFBQUFBQUFBQUFBQUFBQUFBQUFBQUFBQUFBQUFBQUFBQUFBQUFBQUFBQUFBQUFBQUFBQUFBQUFBQUFBQUFBQUFBQUFBQUFBQUFBQUFBQUFBQUFBQUFBQUFBQUFBQUFBQUFBQUFBQUFBQUFBQUFBQUFBQUFBQUFBQUFBQUFBQUFBQUFBQUFBQUFBQUFBQUFBQUFBQUFBQUFBQUFBQUFBQUFBQUFBQUFBQUFBQUFBQUFBQUFBQUFBQUFBQUFBQUFBQUFBQUFBQUFBQUFBQUFBQUFBQUFBQUFBQUFBQUFBQUFBQUFBQUFBQUFBQUFBQUFBQUFBQUFBQUFBQUFBQUFBQUFBQUFBQUFBQUFBQUFBQUFBQUFBQUFBQUFBQUFBQUFBQUFBQUFBQUFBQUFBQUFBQUFBQUFBQUFBQUFBQUFBQUFBQUFBQUFBQUFBQUFBQUFBQUFBQUFBQUFBQUFBQUFBQUFBQUFBQUFBQUFBQUFBQUFBQUFBQUFBQUFBQUFBQUFBQUFBQUFBQUFBQUFBQUFBQUFBQUFBQUFBQUFBQUFBQUFBQUFBQUFBQUFBQUFBQUFBQUFBQUFBQUFBQUFBQUFBQUFBQUFBQUFBQUFBQUFBQUFBQUFBQUFBQUFBQUFBQUFBQUFBQUFBQUFBQUFBQUFBQUFBQUFBQUFBQUFBQUFBQUFBQUFBQUFBQUFBQUFBQUFBQUFBQUFBQUFBQUFBQUFBQUFBQUFBQUFBQUFBQUFBQUFBQUFBQUFBQUFBQUFBQUFBQUFBQUFBQUFBQUFBQUFBQUFBQUFBQUFBQUFBQUFBQUFBQUFBQUFBQUFBQUFBQUFBQUFBQUFBQUFBQUFBQUFBQUFBQUFBQUFBQUFBQUFBQUFBQUFBQUFBQUFBQUFBQUFBQUFBQUFBQUFBQUFBQUFBQUFBQUFBQUFBQUFBQUFBQUFBQUFBQUFBQUFBQUFBQUFBQUFBQUFBQUFBQUFBQUFBQUFBQUFBQUFBQUFBQUFBQUFBQUFBQUFBQUFBQUFBQUFBQUFBQUFBQUFBQUFBQUFBQUFBQUFBQUFBQUFBQUFBQUFBQUFBQUFBQUFBQUFBQUFBQUFBQUFBQUFBQUFBQUFBQUFBQUFBQUFBQUFBQUFBQUFBQUFBQUFBQUFBQUFBQUFBQUFBQUFBQUFBQUFBQUFBQUFBQUFBQUFBQUFBQUFBQUFBQUFBQUFBQUFBQUFBQUFBQUFBQUFBQUFBQUFBQUFBQUFBQUFBQUFBQUFBQUFBQUFBQUFBQUFBQUFBQUFBQUFBQUFBQUFBQUFBQUFBQUFBQUFBQUFBQUFBQUFBQUFBQUFBQUFBQUFBQUFBQUFBQUFBQUFBQUFBQUFBQUFBQUFBQUFBQUFBQUFBQUFBQUFBQUFBQUFBQUFBQUFBQUFBQUFBQUFBQUFBQUFBQUFBQUFBQUFBQUFBQUFBQUFBQUFBQUFBQUFBQUFBQUFBQUFBQUFBQUFBQUFBQUFBQUFBQUFBQUFBQUFBQUFBQUFBQUFBQUFBQUFBQUFBQUFBQUFBQUFBQUFBQUFBQUFBQUFBQUFBQUFBQUFBQUFBQUFBQUFBQUFBQUFBQUFBQUFBQUFBQUFBQUFBQUFBQUFBQUFBQUFBQUFBQUFBQUFBQUFBQUFBQUFBQUFBQUFBQUFBQUFBQUFBQUFBQUFBQUFBQUFBQUFBQUFBQUFBQUFBQUFBQUFBQUFBQUFBQUFBQUFBQUFBQUFBQUFBQUFBQUFBQUFBQUFBQUFBQUFBQUFBQUFBQUFBQUFBQUFBQUFBQUFBQUFBQUFBQUFBQUFBQUFBQUFBQUFBQUFBQUFBQUFBQUFBQUFBQUFBQUFBQUFBQUFBQUFBQUFBQUFBQUFBQUFBQUFBQUFBQUFBQUFBQUFBQUFBQUFBQUFBQUFBQUFBQUFBQUFBQUFBQUFBQUFBQUFBQUFBQUFBQUFBQUFBQUFBQUFBQUFBQUFBQUFBQUFBQUFBQUFBQUFBQUFBQUFBQUFBQUFBQUFBQUFBQUFBQUFBQUFBQUFBQUFBQUFBQUFBQUFBQUFBQUFBQUFBQUFBQUFBQUFBQUFBQUFBQUFBQUFBQUFBQUFBQUFBQUFBQUFBQUFBQUFBQUFBQUFBQUFBQUFBQUFBQUFBQUFBQUFBQUFBQUFBQUFBQUFBQUFBQUFBQUFBQUFBQUFBQUFBQUFBQUFBQUFBQUFBQUFBQUFBQUFBQUFBQUFBQUFBQUFBQUFBQUFBQUFBQUFBQUFBQUFBQUFBQUFBQUFBQUFBQUFBQUFBQUFBQUFBQUFBQUFBQUFBQUFBQUFBQUFBQUFBQUFBQUFBQUFBQUFBQUFBQUFBQUFBQUFBQUFBQUFBQUFBQUFBQUFBQUFBQUFBQUFBQUFBQUFBQUFBQUFBQUFBQUFBQUFBQUFBQUFBQUFBQUFBQUFBQUFBQUFBQUFBQUFBQUFBQUFBQUFBQUFBQUFBQUFBQUFBQUFBQUFBQUFBQUFBQUFBQUFBQUFBQUFBQUFBQUFBQUFBQUFBQUFBQUFBQUFBQUFBQUFBQUFBQUFBQUFBQUFBQUFBQUFBQUFBQUFBQUFBQUFBQUFBQUFBQUFBQUFBQUFBQUFBQUFBQUFBQUFBQUFBQUFBQUFBQUFBQUFBQUFBQUFBQUFBQUFBQUFBQUFBQUFBQUFBQUFBQUFBQUFBQUFBQUFBQUFBQUFBQUFBQUFBQUFBQUFBQUFBQUFBQUFBQUFBQUFBQUFBQUFBQUFBQUFBQUFBQUFBQUFBQUFBQUFBQUFBQUFBQUFBQUFBQUFBQUFBQUFBQUFBQUFBQUFBQUFBQUFBQUFBQUFBQUFBQUFBQUFBQUFBQUFBQUFBQUFBQUFBQUFBQUFBQUFBQUFBQUFBQUFBQUFBQUFBQUFBQUFBQUFBQUFBQUFBQUFBQUFBQUFBQUFBQUFBQUFBQUFBQUFBQUFBQUFBQUFBQUFBQUFBQUFBQUFBQUFBQUFBQUFBQUFBQUFBQUFBQUFBQUFBQUFBQUFBQUFBQUFBQUFBQUFBQUFBQUFBQUFBQUFBQUFBQUFBQUFBQUFBQUFBQUFBQUFBQUFBQUFBQUFBQUFBQUFBQUFBQUFBQUFBQUFBQUFBQUFBQUFBQUFBQUFBQUFBQUFBQUFBQUFBQUFBQUFBQUFBQUFBQUFBQUFBQUFBQUFBQUFBQUFBQUFBQUFBQUFBQUFBQUFBQUFBQUFBQUFBQUFBQUFBQUFBQUFBQUFBQUFBQUFBQUFBQUFBQUFBQUFBQUFBQUFBQUFBQUFBQUFBQUFBQUFBQUFBQUFBQUFBQUFBQUFBQUFBQUFBQUFBQUFBQUFBQUFBQUFBQUFBQUFBQUFBQUFBQUFBQUFBQUFBQUFBQUFBQUFBQUFBQUFBQUFBQUFBQUFBQUFBQUFBQUFBQUFBQUFBQUFBQUFBQUFBQUFBQUFBQUFBQUFBQUFBQUFBQUFBQUFBQUFBQUFBQUFBQUFBQUFBQUFBQUFBQUFBQUFBQUFBQUFBQUFBQUFBQUFBQUFBQUFBQUFBQUFBQUFBQUFBQUFBQUFBQUFBQUFBQUFBQUFBQUFBQUFBQUFBQUFBQUFBQUFBQUFBQUFBQUFBQUFBQUFBQUFBQUFBQUFBQUFBQUFBQUFBQUFBQUFBQUFBQUFBQUFBQUFBQUFBQUFBQUFBQUFBQUFBQUFBQUFBQUFBQUFBQUFBQUFBQUFBQUFBQUFBQUFBQUFBQUFBQUFBQUFBQUFBQUFBQUFBQUFBQUFBQUFBQUFBQUFBQUFBQUFBQUFBQUFBQUFBQUFBQUFBQUFBQUFBQUFBQUFBQUFBQUFBQUFBQUFBQUFBQUFBQUFBQUFBQUFBQUFBQUFBQUFBQUFBQUFBQUFBQUFBQUFBQUFBQUFBQUFBQUFBQUFBQUFBQUFBQUFBQUFBQUFBQUFBQUFBQUFBQUFBQUFBQUFBQUFBQUFBQUFBQUFBQUFBQUFBQUFBQUFBQUFBQUFBQUFBQUFBQUFBQUFBQUFBQUFBQUFBQUFBQUFBQUFBQUFBQUFBQUFBQUFBQUFBQUFBQUFBQUFBQUFBQUFBQUFBQUFBQUFBQUFBQUFBQUFBQUFBQUFBQUFBQUFBQUFBQUFBQUFBQUFBQUFBQUFBQUFBQUFBQUFBQUFBQUFBQUFBQUFBQUFBQUFBQUFBQUFBQUFBQUFBQUFBQUFBQUFBQUFBQUFBQUFBQUFBQUFBQUFBQUFBQUFBQUFBQUFBQUFBQUFBQUFBQUFBQUFBQUFBQUFBQUFBQUFBQUFBQUFBQUFBQUFBQUFBQUFBQUFBQUFBQUFBQUFBQUFBQUFBQUFBQUFBQUFBQUFBQUFBQUFBQUFBQUFBQUFBQUFBQUFBQUFBQUFBQUFBQUFBQUFBQUFBQUFBQUFBQUFBQUFBQUFBQUFBQUFBQUFBQUFBQUFBQUFBQUFBQUFBQUFBQUFBQUFBQUFBQUFBQUFBQUFBQUFBQUFBQUFBQUFBQUFBQUFBQUFBQUFBQUFBQUFBQUFBQUFBQUFBQUFBQUFBQUFBQUFBQUFBQUFBQUFBQUFBQUFBQUFBQUFBQUFBQUFBQUFBQUFBQUFBQUFBQUFBQUFBQUFBQUFBQUFBQUFBQUFBQUFBQUFBQUFBQUFBQUFBQUFBQUFBQUFBQUFBQUFBQUFBQUFBQUFBQUFBQUFBQUFBQUFBQUFBQUFBQUFBQUFBQUFBQUFBQUFBQUFBQUFBQUFBQUFBQUFBQUFBQUFBQUFBQUFBQUFBQUFBQUFBQUFBQUFBQUFBQUFBQUFBQUFBQUFBQUFBQUFBQUFBQUFBQUFBQUFBQUFBQUFBQUFBQUFBQUFBQUFBQUFBQUFBQUFBQUFBQUFBQUFBQUFBQUFBQUFBQUFBQUFBQUFBQUFBQUFBQUFBQUFBQUFBQUFBQUFBQUFBQUFBQUFBQUFBQUFBQUFBQUFBQUFBQUFBQUFBQUFBQUFBQUFBQUFBQUFBQUFBQUFBQUFBQUFBQUFBQUFBQUFBQUFBQUFBQUFBQUFBQUFBQUFBQUFBQUFBQUFBQUFBQUFBQUFBQUFBQUFBQUFBQUFBQUFBQUFBQUFBQUFBQUFBQUFBQUFBQUFBQUFBQUFBQUFBQUFBQUFBQUFBQUFBQUFBQUFBQUFBQUFBQUFBQUFBQUFBQUFBQUFBQUFBQUFBQUFBQUFBQUFBQUFBQUFBQUFBQUFBQUFBQUFBQUFBQUFBQUFBQUFBQUFBQUFBQUFBQUFBQUFBQUFBQUFBQUFBQUFBQUFBQUFBQUFBQUFBQUFBQUFBQUFBQUFBQUFBQUFBQUFBQUFBQUFBQUFBQUFBQUFBQUFBQUFBQUFBQUFBQUFBQUFBQUFBQUFBQUFBQUFBQUFBQUFBQUFBQUFBQUFBQUFBQUFBQUFBQUFBQUFBQUFBQUFBQUFBQUFBQUFBQUFBQUFBQUFBQUFBQUFBQUFBQUFBQUFBQUFBQUFBQUFBQUFBQUFBQUFBQUFBQUFBQUFBQUFBQUFBQUFBQUFBQUFBQUFBQUFBQUFBQUFBQUFBQUFBQUFBQUFBQUFBQUFBQUFBQUFBQUFBQUFBQUFBQUFBQUFBQUFBQUFBQUFBQUFBQUFBQUFBQUFBQUFBQUFBQUFBQUFBQUFBQUFBQUFBQUFBQUFBQUFBQUFBQUFBQUFBQUFBQUFBQUFBQUFBQUFBQUFBQUFBQUFBQUFBQUFBQUFBQUFBQUFBQUFBQUFBQUFBQUFBQUFBQUFBQUFBQUFBQUFBQUFBQUFBQUFBQUFBQUFBQUFBQUFBQUFBQUFBQUFBQUFBQUFBQUFBQUFBQUFBQUFBQUFBQUFBQUFBQUFBQUFBQUFBQUFBQUFBQUFBQUFBQUFBQUFBQUFBQUFBQUFBQUFBQUFBQUFBQUFBQUFBQUFBQUFBQUFBQUFBQUFBQUFBQUFBQUFBQUFBQUFBQUFBQUFBQUFBQUFBQUFBQUFBQUFBQUFBQUFBQUFBQUFBQUFBQUFBQUFBQUFBQUFBQUFBQUFBQUFBQUFBQUFBQUFBQUFBQUFBQUFBQUFBQUFBQUFBQUFBQUFBQUFBQUFBQUFBQUFBQUFBQUFBQUFBQUFBQUFBQUFBQUFBQUFBQUFBQUFBQUFBQUFBQUFBQUFBQUFBQUFBQUFBQUFBQUFBQUFBQUFBQUFBQUFBQUFBQUFBQUFBQUFBQUFBQUFBQUFBQUFBQUFBQUFBQUFBQUFBQUFBQUFBQUFBQUFBQUFBQUFBQUFBQUFBQUFBQUFBQUFBQUFBQUFBQUFBQUFBQUFBQUFBQUFBQUFBQUFBQUFBQUFBQUFBQUFBQUFBQUFBQUFBQUFBQUFBQUFBQUFBQUFBQUFBQUFBQUFBQUFBQUFBQUFBQUFBQUFBQUFBQUFBQUFBQUFBQUFBQUFBQUFBQUFBQUFBQUFBQUFBQUFBQUFBQUFBQUFBQUFBQUFBQUFBQUFBQUFBQUFBQUFBQUFBQUFBQUFBQUFBQUFBQUFBQUFBQUFBQUFBQUFBQUFBQUFBQUFBQUFBQUFBQUFBQUFBQUFBQUFBQUFBQUFBQUFBQUFBQUFBQUFBQUFBQUFBQUFBQUFBQUFBQUFBQUFBQUFBQUFBQUFBQUFBQUFBQUFBQUFBQUFBQUFBQUFBQUFBQUFBQUFBQUFBQUFBQUFBQUFBQUFBQUFBQUFBQUFBQUFBQUFBQUFBQUFBQUFBQUFBQUFBQUFBQUFBQUFBQUFBQUFBQUFBQUFBQUFBQUFBQUFBQUFBQUFBQUFBQUFBQUFBQUFBQUFBQUFBQUFBQUFBQUFBQUFBQUFBQUFBQUFBQUFBQUFBQUFBQUFBQUFBQUFBQUFBQUFBQUFBQUFBQUFBQUFBQUFBQUFBQUFBQUFBQUFBQUFBQUFBQUFBQUFBQUFBQUFBQUFBQUFBQUFBQUFBQUFBQUFBQUFBQUFBQUFBQUFBQUFBQUFBQUFBQUFBQUFBQUFBQUFBQUFBQUFBQUFBQUFBQUFBQUFBQUFBQUFBQUFBQUFBQUFBQUFBQUFBQUFBQUFBQUFBQUFBQUFBQUFBQUFBQUFBQUFBQUFBQUFBQUFBQUFBQUFBQUFBQUFBQUFBQUFBQUFBQUFBQUFBQUFBQUFBQUFBQUFBQUFBQUFBQUFBQUFBQUFBQUFBQUFBQUFBQUFBQUFBQUFBQUFBQUFBQUFBQUFBQUFBQUFBQUFBQUFBQUFBQUFBQUFBQUFBQUFBQUFBQUFBQUFBQUFBQUFBQUFBQUFBQUFBQUFBQUFBQUFBQUFBQUFBQUFBQUFBQUFBQUFBQUFBQUFBQUFBQUFBQUFBQUFBQUFBQUFBQUFBQUFBQUFBQUFBQUFBQUFBQUFBQUFBQUFBQUFBQUFBQUFBQUFBQUFBQUFBQUFBQUFBQUFBQUFBQUFBQUFBQUFBQUFBQUFBQUFBQUFBQUFBQUFBQUFBQUFBQUFBQUFBQUFBQUFBQUFBQUFBQUFBQUFBQUFBQUFBQUFBQUFBQUFBQUFBQUFBQUFBQUFBQUFBQUFBQUFBQUFBQUFBQUFBQUFBQUFBQUFBQUFBQUFBQUFBQUFBQUFBQUFBQUFBQUFBQUFBQUFBQUFBQUFBQUFBQUFBQUFBQUFBQUFBQUFBQUFBQUFBQUFBQUFBQUFBQUFBQUFBQUFBQUFBQUFBQUFBQUFBQUFBQUFBQUFBQUFBQUFBQUFBQUFBQUFBQUFBQUFBQUFBQUFBQUFBQUFBQUFBQUFBQUFBQUFBQUFBQUFBQUFBQUFBQUFBQUFBQUFBQUFBQUFBQUFBQUFBQUFBQUFBQUFBQUFBQUFBQUFBQUFBQUFBQUFBQUFBQUFBQUFBQUFBQUFBQUFBQUFBQUFBQUFBQUFBQUFBQUFBQUFBQUFBQUFBQUFBQUFBQUFBQUFBQUFBQUFBQUFBQUFBQUFBQUFBQUFBQUFBQUFBQUFBQUFBQUFBQUFBQUFBQUFBQUFBQUFBQUFBQUFBQUFBQUFBQUFBQUFBQUFBQUFBQUFBQUFBQUFBQUFBQUFBQUFBQUFBQUFBQUFBQUFBQUFBQUFBQUFBQUFBQUFBQUFBQUFBQUFBQUFBQUFBQUFBQUFBQUFBQUFBQUFBQUFBQUFBQUFBQUFBQUFBQUFBQUFBQUFBQUFBQUFBQUFBQUFBQUFBQUFBQUFBQUFBQUFBQUFBQUFBQUFBQUFBQUFBQUFBQUFBQUFBQUFBQUFBQUFBQUFBQUFBQUFBQUFBQUFBQUFBQUFBQUFBQUFBQUFBQUFBQUFBQUFBQUFBQUFBQUFBQUFBQUFBQUFBQUFBQUFBQUFBQUFBQUFBQUFBQUFBQUFBQUFBQUFBQUFBQUFBQUFBQUFBQUFBQUFBQUFBQUFBQUFBQUFBQUFBQUFBQUFBQUFBQUFBQUFBQUFBQUFBQUFBQUFBQUFBQUFBQUFBQUFBQUFBQUFBQUFBQUFBQUFBQUFBQUFBQUFBQUFBQUFBQUFBQUFBQUFBQUFBQUFBQUFBQUFBQUFBQUFBQUFBQUFBQUFBQUFBQUFBQUFBQUFBQUFBQUFBQUFBQUFBQUFBQUFBQUFBQUFBQUFBQUFBQUFBQUFBQUFBQUFBQUFBQUFBQUFBQUFBQUFBQUFBQUFBQUFBQUFBQUFBQUFBQUFBQUFBQUFBQUFBQUFBQUFBQUFBQUFBQUFBQUFBQUFBQUFBQUFBQUFBQUFBQUFBQUFBQUFBQUFBQUFBQUFBQUFBQUFBQUFBQUFBQUFBQUFBQUFBQUFBQUFBQUFBQUFBQUFBQUFBQUFBQUFBQUFBQUFBQUFBQUFBQUFBQUFBQUFBQUFBQUFBQUFBQUFBQUFBQUFBQUFBQUFBQUFBQUFBQUFBQUFBQUFBQUFBQUFBQUFBQUFBQUFBQUFBQUFBQUFBQUFBQUFBQUFBQUFBQUFBQUFBQUFBQUFBQUFBQUFBQUFBQUFBQUFBQUFBQUFBQUFBQUFBQUFBQUFBQUFBQUFBQUFBQUFBQUFBQUFBQUFBQUFBQUFBQUFBQUFBQUFBQUFBQUFBQUFBQUFBQUFBQUFBQUFBQUFBQUFBQUFBQUFBQUFBQUFBQUFBQUFBQUFBQUFBQUFBQUFBQUFBQUFBQUFBQUFBQUFBQUFBQUFBQUFBQUFBQUFBQUFBQUFBQUFBQUFBQUFBQUFBQUFBQUFBQUFBQUFBQUFBQUFBQUFBQUFBQUFBQUFBQUFBQUFBQUFBQUFBQUFBQUFBQUFBQUFBQUFBQUFBQUFBQUFBQUFBQUFBQUFBQUFBQUFBQUFBQUFBQUFBQUFBQUFBQUFBQUFBQUFBQUFBQUFBQUFBQUFBQUFBQUFBQUFBQUFBQUFBQUFBQUFBQUFBQUFBQUFBQUFBQUFBQUFBQUFBQUFBQUFBQUFBQUFBQUFBQUFBQUFBQUFBQUFBQUFBQUFBQUFBQUFBQUFBQUFBQUFBQUFBQUFBQUFBQUFBQUFBQUFBQUFBQUFBQUFBQUFBQUFBQUFBQUFBQUFBQUFBQUFBQUFBQUFBQUFBQUFBQUFBQUFBQUFBQUFBQUFBQUFBQUFBQUFBQUFBQUFBQUFBQUFBQUFBQUFBQUFBQUFBQUFBQUFBQUFBQUFBQUFBQUFBQUFBQUFBQUFBQUFBQUFBQUFBQUFBQUFBQUFBQUFBQUFBQUFBQUFBQUFBQUFBQUFBQUFBQUFBQUFBQUFBQUFBQUFBQUFBQUFBQUFBQUFBQUFBQUFBQUFBQUFBQUFBQUFBQUFBQUFBQUFBQUFBQUFBQUFBQUFBQUFBQUFBQUFBQUFBQUFBQUFBQUFBQUFBQUFBQUFBQUFBQUFBQUFBQUFBQUFBQUFBQUFBQUFBQUFBQUFBQUFBQUFBQUFBQUFBQUFBQUFBQUFBQUFBQUFBQUFBQUFBQUFBQUFBQUFBQUFBQUFBQUFBQUFBQUFBQUFBQUFBQUFBQUFBQUFBQUFBQUFBQUFBQUFBQUFBQUFBQUFBQUFBQUFBQUFBQUFBQUFBQUFBQUFBQUFBQUFBQUFBQUFBQUFBQUFBQUFBQUFBQUFBQUFBQUFBQUFBQUFBQUFBQUFBQUFBQUFBQUFBQUFBQUFBQUFBQUFBQUFBQUFBQUFBQUFBQUFBQUFBQUFBQUFBQUFBQUFBQUFBQUFBQUFBQUFBQUFBQUFBQUFBQUFBQUFBQUFBQUFBQUFBQUFBQUFBQUFBQUFBQUFBQUFBQUFBQUFBQUFBQUFBQUFBQUFBQUFBQUFBQUFBQUFBQUFBQUFBQUFBQUFBQUFBQUFBQUFBQUFBQUFBQUFBQUFBQUFBQUFBQUFBQUFBQUFBQUFBQUFBQUFBQUFBQUFBQUFBQUFBQUFBQUFBQUFBQUFBQUFBQUFBQUFBQUFBQUFBQUFBQUFBQUFBQUFBQUFBQUFBQUFBQUFBQUFBQUFBQUFBQUFBQUFBQUFBQUFBQUFBQUFBQUFBQUFBQUFBQUFBQUFBQUFBQUFBQUFBQUFBQUFBQUFBQUFBQUFBQUFBQUFBQUFBQUFBQUFBQUFBQUFBQUFBQUFBQUFBQUFBQUFBQUFBQUFBQUFBQUFBQUFBQUFBQUFBQUFBQUFBQUFBQUFBQUFBQUFBQUFBQUFBQUFBQUFBQUFBQUFBQUFBQUFBQUFBQUFBQUFBQUFBQUFBQUFBQUFBQUFBQUFBQUFBQUFBQUFBQUFBQUFBQUFBQUFBQUFBQUFBQUFBQUFBQUFBQUFBQUFBQUFBQUFBQUFBQUFBQUFBQUFBQUFBQUFBQUFBQUFBQUFBQUFBQUFBQUFBQUFBQUFBQUFBQUFBQUFBQUFBQUFBQUFBQUFBQUFBQUFBQUFBQUFBQUFBQUFBQUFBQUFBQUFBQUFBQUFBQUFBQUFBQUFBQUFBQUFBQUFBQUFBQUFBQUFBQUFBQUFBQUFBQUFBQUFBQUFBQUFBQUFBQUFBQUFBQUFBQUFBQUFBQUFBQUFBQUFBQUFBQUFBQUFBQUFBQUFBQUFBQUFBQUFBQUFBQUFBQUFBQUFBQUFBQUFBQUFBQUFBQUFBQUFBQUFBQUFBQUFBQUFBQUFBQUFBQUFBQUFBQUFBQUFBQUFBQUFBQUFBQUFBQUFBQUFBQUFBQUFBQUFBQUFBQUFBQUFBQUFBQUFBQUFBQUFBQUFBQUFBQUFBQUFBQUFBQUFBQUFBQUFBQUFBQUFBQUFBQUFBQUFBQUFBQUFBQUFBQUFBQUFBQUFBQUFBQUFBQUFBQUFBQUFBQUFBQUFBQUFBQUFBQUFBQUFBQUFBQUFBQUFBQUFBQUFBQUFBQUFBQUFBQUFBQUFBQUFBQUFBQUFBQUFBQUFBQUFBQUFBQUFBQUFBQUFBQUFBQUFBQUFBQUFBQUFBQUFBQUFBQUFBQUFBQUFBQUFBQUFBQUFBQUFBQUFBQUFBQUFBQUFBQUFBQUFBQUFBQUFBQUFBQUFBQUFBQUFBQUFBQUFBQUFBQUFBQUFBQUFBQUFBQUFBQUFBQUFBQUFBQUFBQUFBQUFBQUFBQUFBQUFBQUFBQUFBQUFBQUFBQUFBQUFBQUFBQUFBQUFBQUFBQUFBQUFBQUFBQUFBQUFBQUFBQUFBQUFBQUFBQUFBQUFBQUFBQUFBQUFBQUFBQUFBQUFBQUFBQUFBQUFBQUFBQUFBQUFBQUFBQUFBQUFBQUFBQUFBQUFBQUFBQUFBQUFBQUFBQUFBQUFBQUFBQUFBQUFBQUFBQUFBQUFBQUFBQUFBQUFBQUFBQUFBQUFBQUFBQUFBQUFBQUFBQUFBQUFBQUFBQUFBQUFBQUFBQUFBQUFBQUFBQUFBQUFBQUFBQUFBQUFBQUFBQUFBQUFBQUFBQUFBQUFBQUFBQUFBQUFBQUFBQUFBQUFBQUFBQUFBQUFBQUFBQUFBQUFBQUFBQUFBQUFBQUFBQUFBQUFBQUFBQUFBQUFBQUFBQUFBQUFBQUFBQUFBQUFBQUFBQUFBQUFBQUFBQUFBQUFBQUFBQUFBQUFBQUFBQUFBQUFBQUFBQUFBQUFBQUFBQUFBQUFBQUFBQUFBQUFBQUFBQUFBQUFBQUFBQUFBQUFBQUFBQUFBQUFBQUFBQUFBQUFBQUFBQUFBQUFBQUFBQUFBQUFBQUFBQUFBQUFBQUFBQUFBQUFBQUFBQUFBQUFBQUFBQUFBQUFBQUFBQUFBQUFBQUFBQUFBQUFBQUFBQUFBQUFBQUFBQUFBQUFBQUFBQUFBQUFBQUFBQUFBQUFBQUFBQUFBQUFBQUFBQUFBQUFBQUFBQUFBQUFBQUFBQUFBQUFBQUFBQUFBQUFBQUFBQUFBQUFBQUFBQUFBQUFBQUFBQUFBQUFBQUFBQUFBQUFBQUFBQUFBQUFBQUFBQUFBQUFBQUFBQUFBQUFBQUFBQUFBQUFBQUFBQUFBQUFBQUFBQUFBQUFBQUFBQUFBQUFBQUFBQUFBQUFBQUFBQUFBQUFBQUFBQUFBQUFBQUFBQUFBQUFBQUFBQUFBQUFBQUFBQUFBQUFBQUFBQUFBQUFBQUFBQUFBQUFBQUFBQUFBQUFBQUFBQUFBQUFBQUFBQUFBQUFBQUFBQUFBQUFBQUFBQUFBQUFBQUFBQUFBQUFBQUFBQUFBQUFBQUFBQUFBQUFBQUFBQUFBQUFBQUFBQUFBQUFBQUFBQUFBQUFBQUFBQUFBQUFBQUFBQUFBQUFBQUFBQUFBQUFBQUFBQUFBQUFBQUFBQUFBQUFBQUFBQUFBQUFBQUFBQUFBQUFBQUFBQUFBQUFBQUFBQUFBQUFBQUFBQUFBQUFBQUFBQUFBQUFBQUFBQUFBQUFBQUFBQUFBQUFBQUFBQUFBQUFBQUFBQUFBQUFBQUFBQUFBQUFBQUFBQUFBQUFBQUFBQUFBQUFBQUFBQUFBQUFBQUFBQUFBQUFBQUFBQUFBQUFBQUFBQUFBQUFBQUFBQUFBQUFBQUFBQUFBQUFBQUFBQUFBQUFBQUFBQUFBQUFBQUFBQUFBQUFBQUFBQUFBQUFBQUFBQUFBQUFBQUFBQUFBQUFBQUFBQUFBQUFBQUFBQUFBQUFBQUFBQUFBQUFBQUFBQUFBQUFBQUFBQUFBQUFBQUFBQUFBQUFBQUFBQUFBQUFBQUFBQUFBQUFBQUFBQUFBQUFBQUFBQUFBQUFBQUFBQUFBQUFBQUFBQUFBQUFBQUFBQUFBQUFBQUFBQUFBQUFBQUFBQUFBQUFBQUFBQUFBQUFBQUFBQUFBQUFBQUFBQUFBQUFBQUFBQUFBQUFBQUFBQUFBQUFBQUFBQUFBQUFBQUFBQUFBQUFBQUFBQUFBQUFBQUFBQUFBQUFBQUFBQUFBQUFBQUFBQUFBQUFBQUFBQUFBQUFBQUFBQUFBQUFBQUFBQUFBQUFBQUFBQUFBQUFBQUFBQUFBQUFBQUFBQUFBQUFBQUFBQUFBQUFBQUFBQUFBQUFBQUFBQUFBQUFBQUFBQUFBQUFBQUFBQUFBQUFBQUFBQUFBQUFBQUFBQUFBQUFBQUFBQUFBQUFBQUFBQUFBQUFBQUFBQUFBQUFBQUFBQUFBQUFBQUFBQUFBQUFBQUFBQUFBQUFBQUFBQUFBQUFBQUFBQUFBQUFBQUFBQUFBQUFBQUFBQUFBQUFBQUFBQUFBQUFBQUFBQUFBQUFBQUFBQUFBQUFBQUFBQUFBQUFBQUFBQUFBQUFBQUFBQUFBQUFBQUFBQUFBQUFBQUFBQUFBQUFBQUFBQUFBQUFBQUFBQUFBQUFBQUFBQUFBQUFBQUFBQUFBQUFBQUFBQUFBQUFBQUFBQUFBQUFBQUFBQUFBQUFBQUFBQUFBQUFBQUFBQUFBQUFBQUFBQUFBQUFBQUFBQUFBQUFBQUFBQUFBQUFBQUFBQUFBQUFBQUFBQUFBQUFBQUFBQUFBQUFBQUFBQUFBQUFBQUFBQUFBQUFBQUFBQUFBQUFBQUFBQUFBQUFBQUFBQUFBQUFBQUFBQUFBQUFBQUFBQUFBQUFBQUFBQUFBQUFBQUFBQUFBQUFBQUFBQUFBQUFBQUFBQUFBQUFBQUFBQUFBQUFBQUFBQUFBQUFBQUFBQUFBQUFBQUFBQUFBQUFBQUFBQUFBQUFBQUFBQUFBQUFBQUFBQUFBQUFBQUFBQUFBQUFBQUFBQUFBQUFBQUFBQUFBQUFBQUFBQUFBQUFBQUFBQUFBQUFBQUFBQUFBQUFBQUFBQUFBQUFBQUFBQUFBQUFBQUFBQUFBQUFBQUFBQUFBQUFBQUFBQUFBQUFBQUFBQUFBQUFBQUFBQUFBQUFBQUFBQUFBQUFBQUFBQUFBQUFBQUFBQUFBQUFBQUFBQUFBQUFBQUFBQUFBQUFBQUFBQUFBQUFBQUFBQUFBQUFBQUFBQUFBQUFBQUFBQUFBQUFBQUFBQUFBQUFBQUFBQUFBQUFBQUFBQUFBQUFBQUFBQUFBQUFBQUFBQUFBQUFBQUFBQUFBQUFBQUFBQUFBQUFBQUFBQUFBQUFBQUFBQUFBQUFBQUFBQUFBQUFBQUFBQUFBQUFBQUFBQUFBQUFBQUFBQUFBQUFBQUFBQUFBQUFBQUFBQUFBQUFBQUFBQUFBQUFBQUFBQUFBQUFBQUFBQUFBQUFBQUFBQUFBQUFBQUFBQUFBQUFBQUFBQUFBQUFBQUFBQUFBQUFBQUFBQUFBQUFBQUFBQUFBQUFBQUFBQUFBQUFBQUFBQUFBQUFBQUFBQUFBQUFBQUFBQUFBQUFBQUFBQUFBQUFBQUFBQUFBQUFBQUFBQUFBQUFBQUFBQUFBQUFBQUFBQUFBQUFBQUFBQUFBQUFBQUFBQUFBQUFBQUFBQUFBQUFBQUFBQUFBQUFBQUFBQUFBQUFBQUFBQUFBQUFBQUFBQUFBQUFBQUFBQUFBQUFBQUFBQUFBQUFBQUFBQUFBQUFBQUFBQUFBQUFBQUFBQUFBQUFBQUFBQUFBQUFBQUFBQUFBQUFBQUFBQUFBQUFBQUFBQUFBQUFBQUFBQUFBQUFBQUFBQUFBQUFBQUFBQUFBQUFBQUFBQUFBQUFBQUFBQUFBQUFBQUFBQUFBQUFBQUFBQUFBQUFBQUFBQUFBQUFBQUFBQUFBQUFBQUFBQUFBQUFBQUFBQUFBQUFBQUFBQUFBQUFBQUFBQUFBQUFBQUFBQUFBQUFBQUFBQUFBQUFBQUFBQUFBQUFBQUFBQUFBQUFBQUFBQUFBQUFBQUFBQUFBQUFBQUFBQUFBQUFBQUFBQUFBQUFBQUFBQUFBQUFBQUFBQUFBQUFBQUFBQUFBQUFBQUFBQUFBQUFBQUFBQUFBQUFBQUFBQUFBQUFBQUFBQUFBQUFBQUFBQUFBQUFBQUFBQUFBQUFBQUFBQUFBQUFBQUFBQUFBQUFBQUFBQUFBQUFBQUFBQUFBQUFBQUFBQUFBQUFBQUFBQUFBQUFBQUFBQUFBQUFBQUFBQUFBQUFBQUFBQUFBQUFBQUFBQUFBQUFBQUFBQUFBQUFBQUFBQUFBQUFBQUFBQUFBQUFBQUFBQUFBQUFBQUFBQUFBQUFBQUFBQUFBQUFBQUFBQUFBQUFBQUFBQUFBQUFBQUFBQUFBQUFBQUFBQUFBQUFBQUFBQUFBQUFBQUFBQUFBQUFBQUFBQUFBQUFBQUFBQUFBQUFBQUFBQUFBQUFBQUFBQUFBQUFBQUFBQUFBQUFBQUFBQUFBQUFBQUFBQUFBQUFBQUFBQUFBQUFBQUFBQUFBQUFBQUFBQUFBQUFBQUFBQUFBQUFBQUFBQUFBQUFBQUFBQUFBQUFBQUFBQUFBQUFBQUFBQUFBQUFBQUFBQUFBQUFBQUFBQUFBQUFBQUFBQUFBQUFBQUFBQUFBQUFBQUFBQUFBQUFBQUFBQUFBQUFBQUFBQUFBQUFBQUFBQUFBQUFBQUFBQUFBQUFBQUFBQUFBQUFBQUFBQUFBQUFBQUFBQUFBQUFBQUFBQUFBQUFBQUFBQUFBQUFBQUFBQUFBQUFBQUFBQUFBQUFBQUFBQUFBQUFBQUFBQUFBQUFBQUFBQUFBQUFBQUFBQUFBQUFBQUFBQUFBQUFBQUFBQUFBQUFBQUFBQUFBQUFBQUFBQUFBQUFBQUFBQUFBQUFBQUFBQUFBQUFBQUFBQUFBQUFBQUFBQUFBQUFBQUFBQUFBQUFBQUFBQUFBQUFBQUFBQUFBQUFBQUFBQUFBQUFBQUFBQUFBQUFBQUFBQUFBQUFBQUFBQUFBQUFBQUFBQUFBQUFBQUFBQUFBQUFBQUFBQUFBQUFBQUFBQUFBQUFBQUFBQUFBQUFBQUFBQUFBQUFBQUFBQUFBQUFBQUFBQUFBQUFBQUFBQUFBQUFBQUFBQUFBQUFBQUFBQUFBQUFBQUFBQUFBQUFBQUFBQUFBQUFBQUFBQUFBQUFBQUFBQUFBQUFBQUFBQUFBQUFBQUFBQUFBQUFBQUFBQUFBQUFBQUFBQUFBQUFBQUFBQUFBQUFBQUFBQUFBQUFBQUFBQUFBQUFBQUFBQUFBQUFBQUFBQUFBQUFBQUFBQUFBQUFBQUFBQUFBQUFBQUFBQUFBQUFBQUFBQUFBQUFBQUFBQUFBQUFBQUFBQUFBQUFBQUFBQUFBQUFBQUFBQUFBQUFBQUFBQUFBQUFBQUFBQUFBQUFBQUFBQUFBQUFBQUFBQUFBQUFBQUFBQUFBQUFBQUFBQUFBQUFBQUFBQUFBQUFBQUFBQUFBQUFBQUFBQUFBQUFBQUFBQUFBQUFBQUFBQUFBQUFBQUFBQUFBQUFBQUFBQUFBQUFBQUFBQUFBQUFBQUFBQUFBQUFBQUFBQUFBQUFBQUFBQUFBQUFBQUFBQUFBQUFBQUFBQUFBQUFBQUFBQUFBQUFBQUFBQUFBQUFBQUFBQUFBQUFBQUFBQUFBQUFBQUFBQUFBQUFBQUFBQUFBQUFBQUFBQUFBQUFBQUFBQUFBQUFBQUFBQUFBQUFBQUFBQUFBQUFBQUFBQUFBQUFBQUFBQUFBQUFBQUFBQUFBQUFBQUFBQUFBQUFBQUFBQUFBQUFBQUFBQUFBQUFBQUFBQUFBQUFBQUFBQUFBQUFBQUFBQUFBQUFBQUFBQUFBQUFBQUFBQUFBQUFBQUFBQUFBQUFBQUFBQUFBQUFBQUFBQUFBQUFBQUFBQUFBQUFBQUFBQUFBQUFBQUFBQUFBQUFBQUFBQUFBQUFBQUFBQUFBQUFBQUFBQUFBQUFBQUFBQUFBQUFBQUFBQUFBQUFBQUFBQUFBQUFBQUFBQUFBQUFBQUFBQUFBQUFBQUFBQUFBQUFBQUFBQUFBQUFBQUFBQUFBQUFBQUFBQUFBQUFBQUFBQUFBQUFBQUFBQUFBQUFBQUFBQUFBQUFBQUFBQUFBQUFBQUFBQUFBQUFBQUFBQUFBQUFBQUFBQUFBQUFBQUFBQUFBQUFBQUFBQUFBQUFBQUFBQUFBQUFBQUFBQUFBQUFBQUFBQUFBQUFBQUFBQUFBQUFBQUFBQUFBQUFBQUFBQUFBQUFBQUFBQUFBQUFBQUFBQUFBQUFBQUFBQUFBQUFBQUFBQUFBQUFBQUFBQUFBQUFBQUFBQUFBQUFBQUFBQUFBQUFBQUFBQUFBQUFBQUFBQUFBQUFBQUFBQUFBQUFBQUFBQUFBQUFBQUFBQUFBQUFBQUFBQUFBQUFBQUFBQUFBQUFBQUFBQUFBQUFBQUFBQUFBQUFBQUFBQUFBQUFBQUFBQUFBQUFBQUFBQUFBQUFBQUFBQUFBQUFBQUFBQUFBQUFBQUFBQUFBQUFBQUFBQUFBQUFBQUFBQUFBQUFBQUFBQUFBQUFBQUFBQUFBQUFBQUFBQUFBQUFBQUFBQUFBQUFBQUFBQUFBQUFBQUFBQUFBQUFBQUFBQUFBQUFBQUFBQUFBQUFBQUFBQUFBQUFBQUFBQUFBQUFBQUFBQUFBQUFBQUFBQUFBQUFBQUFBQUFBQUFBQUFBQUFBQUFBQUFBQUFBQUFBQUFBQUFBQUFBQUFBQUFBQUFBQUFBQUFBQUFBQUFBQUFBQUFBQUFBQUFBQUFBQUFBQUFBQUFBQUFBQUFBQUFBQUFBQUFBQUFBQUFBQUFBQUFBQUFBQUFBQUFBQUFBQUFBQUFBQUFBQUFBQUFBQUFBQUFBQUFBQUFBQUFBQUFBQUFBQUFBQUFBQUFBQUFBQUFBQUFBQUFBQUFBQUFBQUFBQUFBQUFBQUFBQUFBQUFBQUFBQUFBQUFBQUFBQUFBQUFBQUFBQUFBQUFBQUFBQUFBQUFBQUFBQUFBQUFBQUFBQUFBQUFBQUFBQUFBQUFBQUFBQUFBQUFBQUFBQUFBQUFBQUFBQUFBQUFBQUFBQUFBQUFBQUFBQUFBQUFBQUFBQUFBQUFBQUFBQUFBQUFBQUFBQUFBQUFBQUFBQUFBQUFBQUFBQUFBQUFBQUFBQUFBQUFBQUFBQUFBQUFBQUFBQUFBQUFBQUFBQUFBQUFBQUFBQUFBQUFBQUFBQUFBQUFBQUFBQUFBQUFBQUFBQUFBQUFBQUFBQUFBQUFBQUFBQUFBQUFBQUFBQUFBQUFBQUFBQUFBQUFBQUFBQUFBQUFBQUFBQUFBQUFBQUFBQUFBQUFBQUFBQUFBQUFBQUFBQUFBQUFBQUFBQUFBQUFBQUFBQUFBQUFBQUFBQUFBQUFBQUFBQUFBQUFBQUFBQUFBQUFBQUFBQUFBQUFBQUFBQUFBQUFBQUFBQUFBQUFBQUFBQUFBQUFBQUFBQUFBQUFBQUFBQUFBQUFBQUFBQUFBQUFBQUFBQUFBQUFBQUFBQUFBQUFBQUFBQUFBQUFBQUFBQUFBQUFBQUFBQUFBQUFBQUFBQUFBQUFBQUFBQUFBQUFBQUFBQUFBQUFBQUFBQUFBQUFBQUFBQUFBQUFBQUFBQUFBQUFBQUFBQUFBQUFBQUFBQUFBQUFBQUFBQUFBQUFBQUFBQUFBQUFBQUFBQUFBQUFBQUFBQUFBQUFBQUFBQUFBQUFBQUFBQUFBQUFBQUFBQUFBQUFBQUFBQUFBQUFBQUFBQUFBQUFBQUFBQUFBQUFBQUFBQUFBQUFBQUFBQUFBQUFBQUFBQUFBQUFBQUFBQUFBQUFBQUFBQUFBQUFBQUFBQUFBQUFBQUFBQUFBQUFBQUFBQUFBQUFBQUFBQUFBQUFBQUFBQUFBQUFBQUFBQUFBQUFBQUFBQUFBQUFBQUFBQUFBQUFBQUFBQUFBQUFBQUFBQUFBQUFBQUFBQUFBQUFBQUFBQUFBQUFBQUFBQUFBQUFBQUFBQUFBQUFBQUFBQUFBQUFBQUFBQUFBQUFBQUFBQUFBQUFBQUFBQUFBQUFBQUFBQUFBQUFBQUFBQUFBQUFBQUFBQUFBQUFBQUFBQUFBQUFBQUFBQUFBQUFBQUFBQUFBQUFBQUFBQUFBQUFBQUFBQUFBQUFBQUFBQUFBQUFBQUFBQUFBQUFBQUFBQUFBQUFBQUFBQUFBQUFBQUFBQUFBQUFBQUFBQUFBQUFBQUFBQUFBQUFBQUFBQUFBQUFBQUFBQUFBQUFBQUFBQUFBQUFBQUFBQUFBQUFBQUFBQUFBQUFBQUFBQUFBQUFBQUFBQUFBQUFBQUFBQUFBQUFBQUFBQUFBQUFBQUFBQUFBQUFBQUFBQUFBQUFBQUFBQUFBQUFBQUFBQUFBQUFBQUFBQUFBQUFBQUFBQUFBQUFBQUFBQUFBQUFBQUFBQUFBQUFBQUFBQUFBQUFBQUFBQUFBQUFBQUFBQUFBQUFBQUFBQUFBQUFBQUFBQUFBQUFBQUFBQUFBQUFBQUFBQUFBQUFBQUFBQUFBQUFBQUFBQUFBQUFBQUFBQUFBQUFBQUFBQUFBQUFBQUFBQUFBQUFBQUFBQUFBQUFBQUFBQUFBQUFBQUFBQUFBQUFBQUFBQUFBQUFBQUFBQUFBQUFBQUFBQUFBQUFBQUFBQUFBQUFBQUFBQUFBQUFBQUFBQUFBQUFBQUFBQUFBQUFBQUFBQUFBQUFBQUFBQUFBQUFBQUFBQUFBQUFBQUFBQUFBQUFBQUFBQUFBQUFBQUFBQUFBQUFBQUFBQUFBQUFBQUFBQUFBQUFBQUFBQUFBQUFBQUFBQUFBQUFBQUFBQUFBQUFBQUFBQUFBQUFBQUFBQUFBQUFBQUFBQUFBQUFBQUFBQUFBQUFBQUFBQUFBQUFBQUFBQUFBQUFBQUFBQUFBQUFBQUFBQUFBQUFBQUFBQUFBQUFBQUFBQUFBQUFBQUFBQUFBQUFBQUFBQUFBQUFBQUFBQUFBQUFBQUFBQUFBQUFBQUFBQUFBQUFBQUFBQUFBQUFBQUFBQUFBQUFBQUFBQUFBQUFBQUFBQUFBQUFBQUFBQUFBQUFBQUFBQUFBQUFBQUFBQUFBQUFBQUFBQUFBQUFBQUFBQUFBQUFBQUFBQUFBQUFBQUFBQUFBQUFBQUFBQUFBQUFBQUFBQUFBQUFBQUFBQUFBQUFBQUFBQUFBQUFBQUFBQUFBQUFBQUFBQUFBQUFBQUFBQUFBQUFBQUFBQUFBQUFBQUFBQUFBQUFBQUFBQUFBQUFBQUFBQUFBQUFBQUFBQUFBQUFBQUFBQUFBQUFBQUFBQUFBQUFBQUFBQUFBQUFBQUFBQUFBQUFBQUFBQUFBQUFBQUFBQUFBQUFBQUFBQUFBQUFBQUFBQUFBQUFBQUFBQUFBQUFBQUFBQUFBQUFBQUFBQUFBQUFBQUFBQUFBQUFBQUFBQUFBQUFBQUFBQUFBQUFBQUFBQUFBQUFBQUFBQUFBQUFBQUFBQUFBQUFBQUFBQUFBQUFBQUFBQUFBQUFBQUFBQUFBQUFBQUFBQUFBQUFBQUFBQUFBQUFBQUFBQUFBQUFBQUFBQUFBQUFBQUFBQUFBQUFBQUFBQUFBQUFBQUFBQUFBQUFBQUFBQUFBQUFBQUFBQUFBQUFBQUFBQUFBQUFBQUFBQUFBQUFBQUFBQUFBQUFBQUFBQUFBQUFBQUFBQUFBQUFBQUFBQUFBQUFBQUFBQUFBQUFBQUFBQUFBQUFBQUFBQUFBQUFBQUFBQUFBQUFBQUFBQUFBQUFBQUFBQUFBQUFBQUFBQUFBQUFBQUFBQUFBQUFBQUFBQUFBQUFBQUFBQUFBQUFBQUFBQUFBQUFBQUFBQUFBQUFBQUFBQUFBQUFBQUFBQUFBQUFBQUFBQUFBQUFBQUFBQUFBQUFBQUFBQUFBQUFBQUFBQUFBQUFBQUFBQUFBQUFBQUFBQUFBQUFBQUFBQUFBQUFBQUFBQUFBQUFBQUFBQUFBQUFBQUFBQUFBQUFBQUFBQUFBQUFBQUFBQUFBQUFBQUFBQUFBQUFBQUFBQUFBQUFBQUFBQUFBQUFBQUFBQUFBQUFBQUFBQUFBQUFBQUFBQUFBQUFBQUFBQUFBQUFBQUFBQUFBQUFBQUFBQUFBQUFBQUFBQUFBQUFBQUFBQUFBQUFBQUFBQUFBQUFBQUFBQUFBQUFBQUFBQUFBQUFBQUFBQUFBQUFBQUFBQUFBQUFBQUFBQUFBQUFBQUFBQUFBQUFBQUFBQUFBQUFBQUFBQUFBQUFBQUFBQUFBQUFBQUFBQUFBQUFBQUFBQUFBQUFBQUFBQUFBQUFBQUFBQUFBQUFBQUFBQUFBQUFBQUFBQUFBQUFBQUFBQUFBQUFBQUFBQUFBQUFBQUFBQUFBQUFBQUFBQUFBQUFBQUFBQUFBQUFBQUFBQUFBQUFBQUFBQUFBQUFBQUFBQUFBQUFBQUFBQUFBQUFBQUFBQUFBQUFBQUFBQUFBQUFBQUFBQUFBQUFBQUFBQUFBQUFBQUFBQUFBQUFBQUFBQUFBQUFBQUFBQUFBQUFBQUFBQUFBQUFBQUFBQUFBQUFBQUFBQUFBQUFBQUFBQUFBQUFBQUFBQUFBQUFBQUFBQUFBQUFBQUFBQUFBQUFBQUFBQUFBQUFBQUFBQUFBQUFBQUFBQUFBQUFBQUFBQUFBQUFBQUFBQUFBQUFBQUFBQUFBQUFBQUFBQUFBQUFBQUFBQUFBQUFBQUFBQUFBQUFBQUFBQUFBQUFBQUFBQUFBQUFBQUFBQUFBQUFBQUFBQUFBQUFBQUFBQUFBQUFBQUFBQUFBQUFBQUFBQUFBQUFBQUFBQUFBQUFBQUFBQUFBQUFBQUFBQUFBQUFBQUFBQUFBQUFBQUFBQUFBQUFBQUFBQUFBQUFBQUFBQUFBQUFBQUFBQUFBQUFBQUFBQUFBQUFBQUFBQUFBQUFBQUFBQUFBQUFBQUFBQUFBQUFBQUFBQUFBQUFBQUFBQUFBQUFBQUFBQUFBQUFBQUFBQUFBQUFBQUFBQUFBQUFBQUFBQUFBQUFBQUFBQUFBQUFBQUFBQUFBQUFBQUFBQUFBQUFBQUFBQUFBQUFBQUFBQUFBQUFBQUFBQUFBQUFBQUFBQUFBQUFBQUFBQUFBQUFBQUFBQUFBQUFBQUFBQUFBQUFBQUFBQUFBQUFBQUFBQUFBQUFBQUFBQUFBQUFBQUFBQUFBQUFBQUFBQUFBQUFBQUFBQUFBQUFBQUFBQUFBQUFBQUFBQUFBQUFBQUFBQUFBQUFBQUFBQUFBQUFBQUFBQUFBQUFBQUFBQUFBQUFBQUFBQUFBQUFBQUFBQUFBQUFBQUFBQUFBQUFBQUFBQUFBQUFBQUFBQUFBQUFBQUFBQUFBQUFBQUFBQUFBQUFBQUFBQUFBQUFBQUFBQUFBQUFBQUFBQUFBQUFBQUFBQUFBQUFBQUFBQUFBQUFBQUFBQUFBQUFBQUFBQUFBQUFBQUFBQUFBQUFBQUFBQUFBQUFBQUFBQUFBQUFBQUFBQUFBQUFBQUFBQUFBQUFBQUFBQUFBQUFBQUFBQUFBQUFBQUFBQUFBQUFBQUFBQUFBQUFBQUFBQUFBQUFBQUFBQUFBQUFBQUFBQUFBQUFBQUFBQUFBQUFBQUFBQUFBQUFBQUFBQUFBQUFBQUFBQUFBQUFBQUFBQUFBQUFBQUFBQUFBQUFBQUFBQUFBQUFBQUFBQUFBQUFBQUFBQUFBQUFBQUFBQUFBQUFBQUFBQUFBQUFBQUFBQUFBQUFBQUFBQUFBQUFBQUFBQUFBQUFBQUFBQUFBQUFBQUFBQUFBQUFBQUFBQUFBQUFBQUFBQUFBQUFBQUFBQUFBQUFBQUFBQUFBQUFBQUFBQUFBQUFBQUFBQUFBQUFBQUFBQUFBQUFBQUFBQUFBQUFBQUFBQUFBQUFBQUFBQUFBQUFBQUFBQUFBQUFBQUFBQUFBQUFBQUFBQUFBQUFBQUFBQUFBQUFBQUFBQUFBQUFBQUFBQUFBQUFBQUFBQUFBQUFBQUFBQUFBQUFBQUFBQUFBQUFBQUFBQUFBQUFBQUFBQUFBQUFBQUFBQUFBQUFBQUFBQUFBQUFBQUFBQUFBQUFBQUFBQUFBQUFBQUFBQUFBQUFBQUFBQUFBQUFBQUFBQUFBQUFBQUFBQUFBQUFBQUFBQUFBQUFBQUFBQUFBQUFBQUFBQUFBQUFBQUFBQUFBQUFBQUFBQUFBQUFBQUFBQUFBQUFBQUFBQUFBQUFBQUFBQUFBQUFBQUFBQUFBQUFBQUFBQUFBQUFBQUFBQUFBQUFBQUFBQUFBQUFBQUFBQUFBQUFBQUFBQUFBQUFBQUFBQUFBQUFBQUFBQUFBQUFBQUFBQUFBQUFBQUFBQUFBQUFBQUFBQUFBQUFBQUFBQUFBQUFBQUFBQUFBQUFBQUFBQUFBQUFBQUFBQUFBQUFBQUFBQUFBQUFBQUFBQUFBQUFBQUFBQUFBQUFBQUFBQUFBQUFBQUFBQUFBQUFBQUFBQUFBQUFBQUFBQUFBQUFBQUFBQUFBQUFBQUFBQUFBQUFBQUFBQUFBQUFBQUFBQUFBQUFBQUFBQUFBQUFBQUFBQUFBQUFBQUFBQUFBQUFBQUFBQUFBQUFBQUFBQUFBQUFBQUFBQUFBQUFBQUFBQUFBQUFBQUFBQUFBQUFBQUFBQUFBQUFBQUFBQUFBQUFBQUFBQUFBQUFBQUFBQUFBQUFBQUFBQUFBQUFBQUFBQUFBQUFBQUFBQUFBQUFBQUFBQUFBQUFBQUFBQUFBQUFBQUFBQUFBQUFBQUFBQUFBQUFBQUFBQUFBQUFBQUFBQUFBQUFBQUFBQUFBQUFBQUFBQUFBQUFBQUFBQUFBQUFBQUFBQUFBQUFBQUFBQUFBQUFBQUFBQUFBQUFBQUFBQUFBQUFBQUFBQUFBQUFBQUFBQUFBQUFBQUFBQUFBQUFBQUFBQUFBQUFBQUFBQUFBQUFBQUFBQUFBQUFBQUFBQUFBQUFBQUFBQUFBQUFBQUFBQUFBQUFBQUFBQUFBQUFBQUFBQUFBQUFBQUFBQUFBQUFBQUFBQUFBQUFBQUFBQUFBQUFBQUFBQUFBQUFBQUFBQUFBQUFBQUFBQUFBQUFBQUFBQUFBQUFBQUFBQUFBQUFBQUFBQUFBQUFBQUFBQUFBQUFBQUFBQUFBQUFBQUFBQUFBQUFBQUFBQUFBQUFBQUFBQUFBQUFBQUFBQUFBQUFBQUFBQUFBQUFBQUFBQUFBQUFBQUFBQUFBQUFBQUFBQUFBQUFBQUFBQUFBQUFBQUFBQUFBQUFBQUFBQUFBQUFBQUFBQUFBQUFBQUFBQUFBQUFBQUFBQUFBQUFBQUFBQUFBQUFBQUFBQUFBQUFBQUFBQUFBQUFBQUFBQUFBQUFBQUFBQUFBQUFBQUFBQUFBQUFBQUFBQUFBQUFBQUFBQUFBQUFBQUFBQUFBQUFBQUFBQUFBQUFBQUFBQUFBQUFBQUFBQUFBQUFBQUFBQUFBQUFBQUFBQUFBQUFBQUFBQUFBQUFBQUFBQUFBQUFBQUFBQUFBQUFBQUFBQUFBQUFBQUFBQUFBQUFBQUFBQUFBQUFBQUFBQUFBQUFBQUFBQUFBQUFBQUFBQUFBQUFBQUFBQUFBQUFBQUFBQUFBQUFBQUFBQUFBQUFBQUFBQUFBQUFBQUFBQUFBQUFBQUFBQUFBQUFBQUFBQUFBQUFBQUFBQUFBQUFBQUFBQUFBQUFBQUFBQUFBQUFBQUFBQUFBQUFBQUFBQUFBQUFBQUFBQUFBQUFBQUFBQUFBQUFBQUFBQUFBQUFBQUFBQUFBQUFBQUFBQUFBQUFBQUFBQUFBQUFBQUFBQUFBQUFBQUFBQUFBQUFBQUFBQUFBQUFBQUFBQUFBQUFBQUFBQUFBQUFBQUFBQUFBQUFBQUFBQUFBQUFBQUFBQUFBQUFBQUFBQUFBQUFBQUFBQUFBQUFBQUFBQUFBQUFBQUFBQUFBQUFBQUFBQUFBQUFBQUFBQUFBQUFBQUFBQUFBQUFBQUFBQUFBQUFBQUFBQUFBQUFBQUFBQUFBQUFBQUFBQUFBQUFBQUFBQUFBQUFBQUFBQUFBQUFBQUFBQUFBQUFBQUFBQUFBQUFBQUFBQUFBQUFBQUFBQUFBQUFBQUFBQUFBQUFBQUFBQUFBQUFBQUFBQUFBQUFBQUFBQUFBQUFBQUFBQUFBQUFBQUFBQUFBQUFBQUFBQUFBQUFBQUFBQUFBQUFBQUFBQUFBQUFBQUFBQUFBQUFBQUFBQUFBQUFBQUFBQUFBQUFBQUFBQUFBQUFBQUFBQUFBQUFBQUFBQUFBQUFBQUFBQUFBQUFBQUFBQUFBQUFBQUFBQUFBQUFBQUFBQUFBQUFBQUFBQUFBQUFBQUFBQUFBQUFBQUFBQUFBQUFBQUFBQUFBQUFBQUFBQUFBQUFBQUFBQUFBQUFBQUFBQUFBQUFBQUFBQUFBQUFBQUFBQUFBQUFBQUFBQUFBQUFBQUFBQUFBQUFBQUFBQUFBQUFBQUFBQUFBQUFBQUFBQUFBQUFBQUFBQUFBQUFBQUFBQUFBQUFBQUFBQUFBQUFBQUFBQUFBQUFBQUFBQUFBQUFBQUFBQUFBQUFBQUFBQUFBQUFBQUFBQUFBQUFBQUFBQUFBQUFBQUFBQUFBQUFBQUFBQUFBQUFBQUFBQUFBQUFBQUFBQUFBQUFBQUFBQUFBQUFBQUFBQUFBQUFBQUFBQUFBQUFBQUFBQUFBQUFBQUFBQUFBQUFBQUFBQUFBQUFBQUFBQUFBQUFBQUFBQUFBQUFBQUFBQUFBQUFBQUFBQUFBQUFBQUFBQUFBQUFBQUFBQUFBQUFBQUFBQUFBQUFBQUFBQUFBQUFBQUFBQUFBQUFBQUFBQUFBQUFBQUFBQUFBQUFBQUFBQUFBQUFBQUFBQUFBQUFBQUFBQUFBQUFBQUFBQUFBQUFBQUFBQUFBQUFBQUFBQUFBQUFBQUFBQUFBQUFBQUFBQUFBQUFBQUFBQUFBQUFBQUFBQUFBQUFBQUFBQUFBQUFBQUFBQUFBQUFBQUFBQUFBQUFBQUFBQUFBQUFBQUFBQUFBQUFBQUFBQUFBQUFBQUFBQUFBQUFBQUFBQUFBQUFBQUFBQUFBQUFBQUFBQUFBQUFBQUFBQUFBQUFBQUFBQUFBQUFBQUFBQUFBQUFBQUFBQUFBQUFBQUFBQUFBQUFBQUFBQUFBQUFBQUFBQUFBQUFBQUFBQUFBQUFBQUFBQUFBQUFBQUFBQUFBQUFBQUFBQUFBQUFBQUFBQUFBQUFBQUFBQUFBQUFBQUFBQUFBQUFBQUFBQUFBQUFBQUFBQUFBQUFBQUFBQUFBQUFBQUFBQUFBQUFBQUFBQUFBQUFBQUFBQUFBQUFBQUFBQUFBQUFBQUFBQUFBQUFBQUFBQUFBQUFBQUFBQUFBQUFBQUFBQUFBQUFBQUFBQUFBQUFBQUFBQUFBQUFBQUFBQUFBQUFBQUFBQUFBQUFBQUFBQUFBQUFBQUFBQUFBQUFBQUFBQUFBQUFBQUFBQUFBQUFBQUFBQUFBQUFBQUFBQUFBQUFBQUFBQUFBQUFBQUFBQUFBQUFBQUFBQUFBQUFBQUFBQUFBQUFBQUFBQUFBQUFBQUFBQUFBQUFBQUFBQUFBQUFBQUFBQUFBQUFBQUFBQUFBQUFBQUFBQUFBQUFBQUFBQUFBQUFBQUFBQUFBQUFBQUFBQUFBQUFBQUFBQUFBQUFBQUFBQUFBQUFBQUFBQUFBQUFBQUFBQUFBQUFBQUFBQUFBQUFBQUFBQUFBQUFBQUFBQUFBQUFBQUFBQUFBQUFBQUFBQUFBQUFBQUFBQUFBQUFBQUFBQUFBQUFBQUFBQUFBQUFBQUFBQUFBQUFBQUFBQUFBQUFBQUFBQUFBQUFBQUFBQUFBQUFBQUFBQUFBQUFBQUFBQUFBQUFBQUFBQUFBQUFBQUFBQUFBQUFBQUFBQUFBQUFBQUFBQUFBQUFBQUFBQUFBQUFBQUFBQUFBQUFBQUFBQUFBQUFBQUFBQUFBQUFBQUFBQUFBQUFBQUFBQUFBQUFBQUFBQUFBQUFBQUFBQUFBQUFBQUFBQUFBQUFBQUFBQUFBQUFBQUFBQUFBQUFBQUFBQUFBQUFBQUFBQUFBQUFBQUFBQUFBQUFBQUFBQUFBQUFBQUFBQUFBQUFBQUFBQUFBQUFBQUFBQUFBQUFBQUFBQUFBQUFBQUFBQUFBQUFBQUFBQUFBQUFBQUFBQUFBQUFBQUFBQUFBQUFBQUFBQUFBQUFBQUFBQUFBQUFBQUFBQUFBQUFBQUFBQUFBQUFBQUFBQUFBQUFBQUFBQUFBQUFBQUFBQUFBQUFBQUFBQUFBQUFBQUFBQUFBQUFBQUFBQUFBQUFBQUFBQUFBQUFBQUFBQUFBQUFBQUFBQUFBQUFBQUFBQUFBQUFBQUFBQUFBQUFBQUFBQUFBQUFBQUFBQUFBQUFBQUFBQUFBQUFBQUFBQUFBQUFBQUFBQUFBQUFBQUFBQUFBQUFBQUFBQUFBQUFBQUFBQUFBQUFBQUFBQUFBQUFBQUFBQUFBQUFBQUFBQUFBQUFBQUFBQUFBQUFBQUFBQUFBQUFBQUFBQUFBQUFBQUFBQUFBQUFBQUFBQUFBQUFBQUFBQUFBQUFBQUFBQUFBQUFBQUFBQUFBQUFBQUFBQUFBQUFBQUFBQUFBQUFBQUFBQUFBQUFBQUFBQUFBQUFBQUFBQUFBQUFBQUFBQUFBQUFBQUFBQUFBQUFBQUFBQUFBQUFBQUFBQUFBQUFBQUFBQUFBQUFBQUFBQUFBQUFBQUFBQUFBQUFBQUFBQUFBQUFBQUFBQUFBQUFBQUFBQUFBQUFBQUFBQUFBQUFBQUFBQUFBQUFBQUFBQUFBQUFBQUFBQUFBQUFBQUFBQUFBQUFBQUFBQUFBQUFBQUFBQUFBQUFBQUFBQUFBQUFBQUFBQUFBQUFBQUFBQUFBQUFBQUFBQUFBQUFBQUFBQUFBQUFBQUFBQUFBQUFBQUFBQUFBQUFBQUFBQUFBQUFBQUFBQUFBQUFBQUFBQUFBQUFBQUFBQUFBQUFBQUFBQUFBQUFBQUFBQUFBQUFBQUFBQUFBQUFBQUFBQUFBQUFBQUFBQUFBQUFBQUFBQUFBQUFBQUFBQUFBQUFBQUFBQUFBQUFBQUFBQUFBQUFBQUFBQUFBQUFBQUFBQUFBQUFBQUFBQUFBQUFBQUFBQUFBQUFBQUFBQUFBQUFBQUFBQUFBQUFBQUFBQUFBQUFBQUFBQUFBQUFBQUFBQUFBQUFBQUFBQUFBQUFBQUFBQUFBQUFBQUFBQUFBQUFBQUFBQUFBQUFBQUFBQUFBQUFBQUFBQUFBQUFBQUFBQUFBQUFBQUFBQUFBQUFBQUFBQUFBQUFBQUFBQUFBQUFBQUFBQUFBQUFBQUFBQUFBQUFBQUFBQUFBQUFBQUFBQUFBQUFBQUFBQUFBQUFBQUFBQUFBQUFBQUFBQUFBQUFBQUFBQUFBQUFBQUFBQUFBQUFBQUFBQUFBQUFBQUFBQUFBQUFBQUFBQUFBQUFBQUFBQUFBQUFBQUFBQUFBQUFBQUFBQUFBQUFBQUFBQUFBQUFBQUFBQUFBQUFBQUFBQUFBQUFBQUFBQUFBQUFBQUFBQUFBQUFBQUFBQUFBQUFBQUFBQUFBQUFBQUFBQUFBQUFBQUFBQUFBQUFBQUFBQUFBQUFBQUFBQUFBQUFBQUFBQUFBQUFBQUFBQUFBQUFBQUFBQUFBQUFBQUFBQUFBQUFBQUFBQUFBQUFBQUFBQUFBQUFBQUFBQUFBQUFBQUFBQUFBQUFBQUFBQUFBQUFBQUFBQUFBQUFBQUFBQUFBQUFBQUFBQUFBQUFBQUFBQUFBQUFBQUFBQUFBQUFBQUFBQUFBQUFBQUFBQUFBQUFBQUFBQUFBQUFBQUFBQUFBQUFBQUFBQUFBQUFBQUFBQUFBQUFBQUFBQUFBQUFBQUFBQUFBQUFBQUFBQUFBQUFBQUFBQUFBQUFBQUFBQUFBQUFBQUFBQUFBQUFBQUFBQUFBQUFBQUFBQUFBQUFBQUFBQUFBQUFBQUFBQUFBQUFBQUFBQUFBQUFBQUFBQUFBQUFBQUFBQUFBQUFBQUFBQUFBQUFBQUFBQUFBQUFBQUFBQUFBQUFBQUFBQUFBQUFBQUFBQUFBQUFBQUFBQUFBQUFBQUFBQUFBQUFBQUFBQUFBQUFBQUFBQUFBQUFBQUFBQUFBQUFBQUFBQUFBQUFBQUFBQUFBQUFBQUFBQUFBQUFBQUFBQUFBQUFBQUFBQUFBQUFBQUFBQUFBQUFBQUFBQUFBQUFBQUFBQUFBQUFBQUFBQUFBQUFBQUFBQUFBQUFBQUFBQUFBQUFBQUFBQUFBQUFBQUFBQUFBQUFBQUFBQUFBQUFBQUFBQUFBQUFBQUFBQUFBQUFBQUFBQUFBQUFBQUFBQUFBQUFBQUFBQUFBQUFBQUFBQUFBQUFBQUFBQUFBQUFBQUFBQUFBQUFBQUFBQUFBQUFBQUFBQUFBQUFBQUFBQUFBQUFBQUFBQUFBQUFBQUFBQUFBQUFBQUFBQUFBQUFBQUFBQUFBQUFBQUFBQUFBQUFBQUFBQUFBQUFBQUFBQUFBQUFBQUFBQUFBQUFBQUFBQUFBQUFBQUFBQUFBQUFBQUFBQUFBQUFBQUFBQUFBQUFBQUFBQUFBQUFBQUFBQUFBQUFBQUFBQUFBQUFBQUFBQUFBQUFBQUFBQUFBQUFBQUFBQUFBQUFBQUFBQUFBQUFBQUFBQUFBQUFBQUFBQUFBQUFBQUFBQUFBQUFBQUFBQUFBQUFBQUFBQUFBQUFBQUFBQUFBQUFBQUFBQUFBQUFBQUFBQUFBQUFBQUFBQUFBQUFBQUFBQUFBQUFBQUFBQUFBQUFBQUFBQUFBQUFBQUFBQUFBQUFBQUFBQUFBQUFBQUFBQUFBQUFBQUFBQUFBQUFBQUFBQUFBQUFBQUFBQUFBQUFBQUFBQUFBQUFBQUFBQUFBQUFBQUFBQUFBQUFBQUFBQUFBQUFBQUFBQUFBQUFBQUFBQUFBQUFBQUFBQUFBQUFBQUFBQUFBQUFBQUFBQUFBQUFBQUFBQUFBQUFBQUFBQUFBQUFBQUFBQUFBQUFBQUFBQUFBQUFBQUFBQUFBQUFBQUFBQUFBQUFBQUFBQUFBQUFBQUFBQUFBQUFBQUFBQUFBQUFBQUFBQUFBQUFBQUFBQUFBQUFBQUFBQUFBQUFBQUFBQUFBQUFBQUFBQUFBQUFBQUFBQUFBQUFBQUFBQUFBQUFBQUFBQUFBQUFBQUFBQUFBQUFBQUFBQUFBQUFBQUFBQUFBQUFBQUFBQUFBQUFBQUFBQUFBQUFBQUFBQUFBQUFBQUFBQUFBQUFBQUFBQUFBQUFBQUFBQUFBQUFBQUFBQUFBQUFBQUFBQUFBQUFBQUFBQUFBQUFBQUFBQUFBQUFBQUFBQUFBQUFBQUFBQUFBQUFBQUFBQUFBQUFBQUFBQUFBQUFBQUFBQUFBQUFBQUFBQUFBQUFBQUFBQUFBQUFBQUFBQUFBQUFBQUFBQUFBQUFBQUFBQUFBQUFBQUFBQUFBQUFBQUFBQUFBQUFBQUFBQUFBQUFBQUFBQUFBQUFBQUFBQUFBQUFBQUFBQUFBQUFBQUFBQUFBQUFBQUFBQUFBQUFBQUFBQUFBQUFBQUFBQUFBQUFBQUFBQUFBQUFBQUFBQUFBQUFBQUFBQUFBQUFBQUFBQUFBQUFBQUFBQUFBQUFBQUFBQUFBQUFBQUFBQUFBQUFBQUFBQUFBQUFBQUFBQUFBQUFBQUFBQUFBQUFBQUFBQUFBQUFBQUFBQUFBQUFBQUFBQUFBQUFBQUFBQUFBQUFBQUFBQUFBQUFBQUFBQUFBQUFBQUFBQUFBQUFBQUFBQUFBQUFBQUFBQUFBQUFBQUFBQUFBQUFBQUFBQUFBQUFBQUFBQUFBQUFBQUFBQUFBQUFBQUFBQUFBQUFBQUFBQUFBQUFBQUFBQUFBQUFBQUFBQUFBQUFBQUFBQUFBQUFBQUFBQUFBQUFBQUFBQUFBQUFBQUFBQUFBQUFBQUFBQUFBQUFBQUFBQUFBQUFBQUFBQUFBQUFBQUFBQUFBQUFBQUFBQUFBQUFBQUFBQUFBQUFBQUFBQUFBQUFBQUFBQUFBQUFBQUFBQUFBQUFBQUFBQUFBQUFBQUFBQUFBQUFBQUFBQUFBQUFBQUFBQUFBQUFBQUFBQUFBQUFBQUFBQUFBQUFBQUFBQUFBQUFBQUFBQUFBQUFBQUFBQUFBQUFBQUFBQUFBQUFBQUFBQUFBQUFBQUFBQUFBQUFBQUFBQUFBQUFBQUFBQUFBQUFBQUFBQUFBQUFBQUFBQUFBQUFBQUFBQUFBQUFBQUFBQUFBQUFBQUFBQUFBQUFBQUFBQUFBQUFBQUFBQUFBQUFBQUFBQUFBQUFBQUFBQUFBQUFBQUFBQUFBQUFBQUFBQUFBQUFBQUFBQUFBQUFBQUFBQUFBQUFBQUFBQUFBQUFBQUFBQUFBQUFBQUFBQUFBQUFBQUFBQUFBQUFBQUFBQUFBQUFBQUFBQUFBQUFBQUFBQUFBQUFBQUFBQUFBQUFBQUFBQUFBQUFBQUFBQUFBQUFBQUFBQUFBQUFBQUFBQUFBQUFBQUFBQUFBQUFBQUFBQUFBQUFBQUFBQUFBQUFBQUFBQUFBQUFBQUFBQUFBQUFBQUFBQUFBQUFBQUFBQUFBQUFBQUFBQUFBQUFBQUFBQUFBQUFBQUFBQUFBQUFBQUFBQUFBQUFBQUFBQUFBQUFBQUFBQUFBQUFBQUFBQUFBQUFBQUFBQUFBQUFBQUFBQUFBQUFBQUFBQUFBQUFBQUFBQUFBQUFBQUFBQUFBQUFBQUFBQUFBQUFBQUFBQUFBQUFBQUFBQUFBQUFBQUFBQUFBQUFBQUFBQUFBQUFBQUFBQUFBQUFBQUFBQUFBQUFBQUFBQUFBQUFBQUFBQUFBQUFBQUFBQUFBQUFBQUFBQUFBQUFBQUFBQUFBQUFBQUFBQUFBQUFBQUFBQUFBQUFBQUFBQUFBQUFBQUFBQUFBQUFBQUFBQUFBQUFBQUFBQUFBQUFBQUFBQUFBQUFBQUFBQUFBQUFBQUFBQUFBQUFBQUFBQUFBQUFBQUFBQUFBQUFBQUFBQUFBQUFBQUFBQUFBQUFBQUFBQUFBQUFBQUFBQUFBQUFBQUFBQUFBQUFBQUFBQUFBQUFBQUFBQUFBQUFBQUFBQUFBQUFBQUFBQUFBQUFBQUFBQUFBQUFBQUFBQUFBQUFBQUFBQUFBQUFBQUFBQUFBQUFBQUFBQUFBQUFBQUFBQUFBQUFBQUFBQUFBQUFBQUFBQUFBQUFBQUFBQUFBQUFBQUFBQUFBQUFBQUFBQUFBQUFBQUFBQUFBQUFBQUFBQUFBQUFBQUFBQUFBQUFBQUFBQUFBQUFBQUFBQUFBQUFBQUFBQUFBQUFBQUFBQUFBQUFBQUFBQUFBQUFBQUFBQUFBQUFBQUFBQUFBQUFBQUFBQUFBQUFBQUFBQUFBQUFBQUFBQUFBQUFBQUFBQUFBQUFBQUFBQUFBQUFBQUFBQUFBQUFBQUFBQUFBQUFBQUFBQUFBQUFBQUFBQUFBQUFBQUFBQUFBQUFBQUFBQUFBQUFBQUFBQUFBQUFBQUFBQUFBQUFBQUFBQUFBQUFBQUFBQUFBQUFBQUFBQUFBQUFBQUFBQUFBQUFBQUFBQUFBQUFBQUFBQUFBQUFBQUFBQUFBQUFBQUFBQUFBQUFBQUFBQUFBQUFBQUFBQUFBQUFBQUFBQUFBQUFBQUFBQUFBQUFBQUFBQUFBQUFBQUFBQUFBQUFBQUFBQUFBQUFBQUFBQUFBQUFBQUFBQUFBQUFBQUFBQUFBQUFBQUFBQUFBQUFBQUFBQUFBQUFBQUFBQUFBQUFBQUFBQUFBQUFBQUFBQUFBQUFBQUFBQUFBQUFBQUFBQUFBQUFBQUFBQUFBQUFBQUFBQUFBQUFBQUFBQUFBQUFBQUFBQUFBQUFBQUFBQUFBQUFBQUFBQUFBQUFBQUFBQUFBQUFBQUFBQUFBQUFBQUFBQUFBQUFBQUFBQUFBQUFBQUFBQUFBQUFBQUFBQUFBQUFBQUFBQUFBQUFBQUFBQUFBQUFBQUFBQUFBQUFBQUFBQUFBQUFBQUFBQUFBQUFBQUFBQUFBQUFBQUFBQUFBQUFBQUFBQUFBQUFBQUFBQUFBQUFBQUFBQUFBQUFBQUFBQUFBQUFBQUFBQUFBQUFBQUFBQUFBQUFBQUFBQUFBQUFBQUFBQUFBQUFBQUFBQUFBQUFBQUFBQUFBQUFBQUFBQUFBQUFBQUFBQUFBQUFBQUFBQUFBQUFBQUFBQUFBQUFBQUFBQUFBQUFBQUFBQUFBQUFBQUFBQUFBQUFBQUFBQUFBQUFBQUFBQUFBQUFBQUFBQUFBQUFBQUFBQUFBQUFBQUFBQUFBQUFBQUFBQUFBQUFBQUFBQUFBQUFBQUFBQUFBQUFBQUFBQUFBQUFBQUFBQUFBQUFBQUFBQUFBQUFBQUFBQUFBQUFBQUFBQUFBQUFBQUFBQUFBQUFBQUFBQUFBQUFBQUFBQUFBQUFBQUFBQUFBQUFBQUFBQUFBQUFBQUFBQUFBQUFBQUFBQUFBQUFBQUFBQUFBQUFBQUFBQUFBQUFBQUFBQUFBQUFBQUFBQUFBQUFBQUFBQUFBQUFBQUFBQUFBQUFBQUFBQUFBQUFBQUFBQUFBQUFBQUFBQUFBQUFBQUFBQUFBQUFBQUFBQUFBQUFBQUFBQUFBQUFBQUFBQUFBQUFBQUFBQUFBQUFBQUFBQUFBQUFBQUFBQUFBQUFBQUFBQUFBQUFBQUFBQUFBQUFBQUFBQUFBQUFBQUFBQUFBQUFBQUFBQUFBQUFBQUFBQUFBQUFBQUFBQUFBQUFBQUFBQUFBQUFBQUFBQUFBQUFBQUFBQUFBQUFBQUFBQUFBQUFBQUFBQUFBQUFBQUFBQUFBQUFBQUFBQUFBQUFBQUFBQUFBQUFBQUFBQUFBQUFBQUFBQUFBQUFBQUFBQUFBQUFBQUFBQUFBQUFBQUFBQUFBQUFBQUFBQUFBQUFBQUFBQUFBQUFBQUFBQUFBQUFBQUFBQUFBQUFBQUFBQUFBQUFBQUFBQUFBQUFBQUFBQUFBQUFBQUFBQUFBQUFBQUFBQUFBQUFBQUFBQUFBQUFBQUFBQUFBQUFBQUFBQUFBQUFBQUFBQUFBQUFBQUFBQUFBQUFBQUFBQUFBQUFBQUFBQUFBQUFBQUFBQUFBQUFBQUFBQUFBQUFBQUFBQUFBQUFBQUFBQUFBQUFBQUFBQUFBQUFBQUFBQUFBQUFBQUFBQUFBQUFBQUFBQUFBQUFBQUFBQUFBQUFBQUFBQUFBQUFBQUFBQUFBQUFBQUFBQUFBQUFBQUFBQUFBQUFBQUFBQUFBQUFBQUFBQUFBQUFBQUFBQUFBQUFBQUFBQUFBQUFBQUFBQUFBQUFBQUFBQUFBQUFBQUFBQUFBQUFBQUFBQUFBQUFBQUFBQUFBQUFBQUFBQUFBQUFBQUFBQUFBQUFBQUFBQUFBQUFBQUFBQUFBQUFBQUFBQUFBQUFBQUFBQUFBQUFBQUFBQUFBQUFBQUFBQUFBQUFBQUFBQUFBQUFBQUFBQUFBQUFBQUFBQUFBQUFBQUFBQUFBQUFBQUFBQUFBQUFBQUFBQUFBQUFBQUFBQUFBQUFBQUFBQUFBQUFBQUFBQUFBQUFBQUFBQUFBQUFBQUFBQUFBQUFBQUFBQUFBQUFBQUFBQUFBQUFBQUFBQUFBQUFBQUFBQUFBQUFBQUFBQUFBQUFBQUFBQUFBQUFBQUFBQUFBQUFBQUFBQUFBQUFBQUFBQUFBQUFBQUFBQUFBQUFBQUFBQUFBQUFBQUFBQUFBQUFBQUFBQUFBQUFBQUFBQUFBQUFBQUFBQUFBQUFBQUFBQUFBQUFBQUFBQUFBQUFBQUFBQUFBQUFBQUFBQUFBQUFBQUFBQUFBQUFBQUFBQUFBQUFBQUFBQUFBQUFBQUFBQUFBQUFBQUFBQUFBQUFBQUFBQUFBQUFBQUFBQUFBQUFBQUFBQUFBQUFBQUFBQUFBQUFBQUFBQUFBQUFBQUFBQUFBQUFBQUFBQUFBQUFBQUFBQUFBQUFBQUFBQUFBQUFBQUFBQUFBQUFBQUFBQUFBQUFBQUFBQUFBQUFBQUFBQUFBQUFBQUFBQUFBQUFBQUFBQUFBQUFBQUFBQUFBQUFBQUFBQUFBQUFBQUFBQUFBQUFBQUFBQUFBQUFBQUFBQUFBQUFBQUFBQUFBQUFBQUFBQUFBQUFBQUFBQUFBQUFBQUFBQUFBQUFBQUFBQUFBQUFBQUFBQUFBQUFBQUFBQUFBQUFBQUFBQUFBQUFBQUFBQUFBQUFBQUFBQUFBQUFBQUFBQUFBQUFBQUFBQUFBQUFBQUFBQUFBQUFBQUFBQUFBQUFBQUFBQUFBQUFBQUFBQUFBQUFBQUFBQUFBQUFBQUFBQUFBQUFBQUFBQUFBQUFBQUFBQUFBQUFBQUFBQUFBQUFBQUFBQUFBQUFBQUFBQUFBQUFBQUFBQUFBQUFBQUFBQUFBQUFBQUFBQUFBQUFBQUFBQUFBQUFBQUFBQUFBQUFBQUFBQUFBQUFBQUFBQUFBQUFBQUFBQUFBQUFBQUFBQUFBQUFBQUFBQUFBQUFBQUFBQUFBQUFBQUFBQUFBQUFBQUFBQUFBQUFBQUFBQUFBQUFBQUFBQUFBQUFBQUFBQUFBQUFBQUFBQUFBQUFBQUFBQUFBQUFBQUFBQUFBQUFBQUFBQUFBQUFBQUFBQUFBQUFBQUFBQUFBQUFBQUFBQUFBQUFBQUFBQUFBQUFBQUFBQUFBQUFBQUFBQUFBQUFBQUFBQUFBQUFBQUFBQUFBQUFBQUFBQUFBQUFBQUFBQUFBQUFBQUFBQUFBQUFBQUFBQUFBQUFBQUFBQUFBQUFBQUFBQUFBQUFBQUFBQUFBQUFBQUFBQUFBQUFBQUFBQUFBQUFBQUFBQUFBQUFBQUFBQUFBQUFBQUFBQUFBQUFBQUFBQUFBQUFBQUFBQUFBQUFBQUFBQUFBQUFBQUFBQUFBQUFBQUFBQUFBQUFBQUFBQUFBQUFBQUFBQUFBQUFBQUFBQUFBQUFBQUFBQUFBQUFBQUFBQUFBQUFBQUFBQUFBQUFBQUFBQUFBQUFBQUFBQUFBQUFBQUFBQUFBQUFBQUFBQUFBQUFBQUFBQUFBQUFBQUFBQUFBQUFBQUFBQUFBQUFBQUFBQUFBQUFBQUFBQUFBQUFBQUFBQUFBQUFBQUFBQUFBQUFBQUFBQUFBQUFBQUFBQUFBQUFBQUFBQUFBQUFBQUFBQUFBQUFBQUFBQUFBQUFBQUFBQUFBQUFBQUFBQUFBQUFBQUFBQUFBQUFBQUFBQUFBQUFBQUFBQUFBQUFBQUFBQUFBQUFBQUFBQUFBQUFBQUFBQUFBQUFBQUFBQUFBQUFBQUFBQUFBQUFBQUFBQUFBQUFBQUFBQUFBQUFBQUFBQUFBQUFBQUFBQUFBQUFBQUFBQUFBQUFBQUFBQUFBQUFBQUFBQUFBQUFBQUFBQUFBQUFBQUFBQUFBQUFBQUFBQUFBQUFBQUFBQUFBQUFBQUFBQUFBQUFBQUFBQUFBQUFBQUFBQUFBQUFBQUFBQUFBQUFBQUFBQUFBQUFBQUFBQUFBQUFBQUFBQUFBQUFBQUFBQUFBQUFBQUFBQUFBQUFBQUFBQUFBQUFBQUFBQUFBQUFBQUFBQUFBQUFBQUFBQUFBQUFBQUFBQUFBQUFBQUFBQUFBQUFBQUFBQUFBQUFBQUFBQUFBQUFBQUFBQUFBQUFBQUFBQUFBQUFBQUFBQUFBQUFBQUFBQUFBQUFBQUFBQUFBQUFBQUFBQUFBQUFBQUFBQUFBQUFBQUFBQUFBQUFBQUFBQUFBQUFBQUFBQUFBQUFBQUFBQUFBQUFBQUFBQUFBQUFBQUFBQUFBQUFBQUFBQUFBQUFBQUFBQUFBQUFBQUFBQUFBQUFBQUFBQUFBQUFBQUFBQUFBQUFBQUFBQUFBQUFBQUFBQUFBQUFBQUFBQUFBQUFBQUFBQUFBQUFBQUFBQUFBQUFBQUFBQUFBQUFBQUFBQUFBQUFBQUFBQUFBQUFBQUFBQUFBQUFBQUFBQUFBQUFBQUFBQUFBQUFBQUFBQUFBQUFBQUFBQUFBQUFBQUFBQUFBQUFBQUFBQUFBQUFBQUFBQUFBQUFBQUFBQUFBQUFBQUFBQUFBQUFBQUFBQUFBQUFBQUFBQUFBQUFBQUFBQUFBQUFBQUFBQUFBQUFBQUFBQUFBQUFBQUFBQUFBQUFBQUFBQUFBQUFBQUFBQUFBQUFBQUFBQUFBQUFBQUFBQUFBQUFBQUFBQUFBQUFBQUFBQUFBQUFBQUFBQUFBQUFBQUFBQUFBQUFBQUFBQUFBQUFBQUFBQUFBQUFBQUFBQUFBQUFBQUFBQUFBQUFBQUFBQUFBQUFBQUFBQUFBQUFBQUFBQUFBQUFBQUFBQUFBQUFBQUFBQUFBQUFBQUFBQUFBQUFBQUFBQUFBQUFBQUFBQUFBQUFBQUFBQUFBQUFBQUFBQUFBQUFBQUFBQUFBQUFBQUFBQUFBQUFBQUFBQUFBQUFBQUFBQUFBQUFBQUFBQUFBQUFBQUFBQUFBQUFBQUFBQUFBQUFBQUFBQUFBQUFBQUFBQUFBQUFBQUFBQUFBQUFBQUFBQUFBQUFBQUFBQUFBQUFBQUFBQUFBQUFBQUFBQUFBQUFBQUFBQUFBQUFBQUFBQUFBQUFBQUFBQUFBQUFBQUFBQUFBQUFBQUFBQUFBQUFBQUFBQUFBQUFBQUFBQUFBQUFBQUFBQUFBQUFBQUFBQUFBQUFBQUFBQUFBQUFBQUFBQUFBQUFBQUFBQUFBQUFBQUFBQUFBQUFBQUFBQUFBQUFBQUFBQUFBQUFBQUFBQUFBQUFBQUFBQUFBQUFBQUFBQUFBQUFBQUFBQUFBQUFBQUFBQUFBQUFBQUFBQUFBQUFBQUFBQUFBQUFBQUFBQUFBQUFBQUFBQUFBQUFBQUFBQUFBQUFBQUFBQUFBQUFBQUFBQUFBQUFBQUFBQUFBQUFBQUFBQUFBQUFBQUFBQUFBQUFBQUFBQUFBQUFBQUFBQUFBQUFBQUFBQUFBQUFBQUFBQUFBQUFBQUFBQUFBQUFBQUFBQUFBQUFBQUFBQUFBQUFBQUFBQUFBQUFBQUFBQUFBQUFBQUFBQUFBQUFBQUFBQUFBQUFBQUFBQUFBQUFBQUFBQUFBQUFBQUFBQUFBQUFBQUFBQUFBQUFBQUFBQUFBQUFBQUFBQUFBQUFBQUFBQUFBQUFBQUFBQUFBQUFBQUFBQUFBQUFBQUFBQUFBQUFBQUFBQUFBQUFBQUFBQUFBQUFBQUFBQUFBQUFBQUFBQUFBQUFBQUFBQUFBQUFBQUFBQUFBQUFBQUFBQUFBQUFBQUFBQUFBQUFBQUFBQUFBQUFBQUFBQUFBQUFBQUFBQUFBQUFBQUFBQUFBQUFBQUFBQUFBQUFBQUFBQUFBQUFBQUFBQUFBQUFBQUFBQUFBQUFBQUFBQUFBQUFBQUFBQUFBQUFBQUFBQUFBQUFBQUFBQUFBQUFBQUFBQUFBQUFBQUFBQUFBQUFBQUFBQUFBQUFBQUFBQUFBQUFBQUFBQUFBQUFBQUFBQUFBQUFBQUFBQUFBQUFBQUFBQUFBQUFBQUFBQUFBQUFBQUFBQUFBQUFBQUFBQUFBQUFBQUFBQUFBQUFBQUFBQUFBQUFBQUFBQUFBQUFBQUFBQUFBQUFBQUFBQUFBQUFBQUFBQUFBQUFBQUFBQUFBQUFBQUFBQUFBQUFBQUFBQUFBQUFBQUFBQUFBQUFBQUFBQUFBQUFBQUFBQUFBQUFBQUFBQUFBQUFBQUFBQUFBQUFBQUFBQUFBQUFBQUFBQUFBQUFBQUFBQUFBQUFBQUFBQUFBQUFBQUFBQUFBQUFBQUFBQUFBQUFBQUFBQUFBQUFBQUFBQUFBQUFBQUFBQUFBQUFBQUFBQUFBQUFBQUFBQUFBQUFBQUFBQUFBQUFBQUFBQUFBQUFBQUFBQUFBQUFBQUFBQUFBQUFBQUFBQUFBQUFBQUFBQUFBQUFBQUFBQUFBQUFBQUFBQUFBQUFBQUFBQUFBQUFBQUFBQUFBQUFBQUFBQUFBQUFBQUFBQUFBQUFBQUFBQUFBQUFBQUFBQUFBQUFBQUFBQUFBQUFBQUFBQUFBQUFBQUFBQUFBQUFBQUFBQUFBQUFBQUFBQUFBQUFBQUFBQUFBQUFBQUFBQUFBQUFBQUFBQUFBQUFBQUFBQUFBQUFBQUFBQUFBQUFBQUFBQUFBQUFBQUFBQUFBQUFBQUFBQUFBQUFBQUFBQUFBQUFBQUFBQUFBQUFBQUFBQUFBQUFBQUFBQUFBQUFBQUFBQUFBQUFBQUFBQUFBQUFBQUFBQUFBQUFBQUFBQUFBQUFBQUFBQUFBQUFBQUFBQUFBQUFBQUFBQUFBQUFBQUFBQUFBQUFBQUFBQUFBQUFBQUFBQUFBQUFBQUFBQUFBQUFBQUFBQUFBQUFBQUFBQUFBQUFBQUFBQUFBQUFBQUFBQUFBQUFBQUFBQUFBQUFBQUFBQUFBQUFBQUFBQUFBQUFBQUFBQUFBQUFBQUFBQUFBQUFBQUFBQUFBQUFBQUFBQUFBQUFBQUFBQUFBQUFBQUFBQUFBQUFBQUFBQUFBQUFBQUFBQUFBQUFBQUFBQUFBQUFBQUFBQUFBQUFBQUFBQUFBQUFBQUFBQUFBQUFBQUFBQUFBQUFBQUFBQUFBQUFBQUFBQUFBQUFBQUFBQUFBQUFBQUFBQUFBQUFBQUFBQUFBQUFBQUFBQUFBQUFBQUFBQUFBQUFBQUFBQUFBQUFBQUFBQUFBQUFBQUFBQUFBQUFBQUFBQUFBQUFBQUFBQUFBQUFBQUFBQUFBQUFBQUFBQUFBQUFBQUFBQUFBQUFBQUFBQUFBQUFBQUFBQUFBQUFBQUFBQUFBQUFBQUFBQUFBQUFBQUFBQUFBQUFBQUFBQUFBQUFBQUFBQUFBQUFBQUFBQUFBQUFBQUFBQUFBQUFBQUFBQUFBQUFBQUFBQUFBQUFBQUFBQUFBQUFBQUFBQUFBQUFBQUFBQUFBQUFBQUFBQUFBQUFBQUFBQUFBQUFBQUFBQUFBQUFBQUFBQUFBQUFBQUFBQUFBQUFBQUFBQUFBQUFBQUFBQUFBQUFBQUFBQUFBQUFBQUFBQUFBQUFBQUFBQUFBQUFBQUFBQUFBQUFBQUFBQUFBQUFBQUFBQUFBQUFBQUFBQUFBQUFBQUFBQUFBQUFBQUFBQUFBQUFBQUFBQUFBQUFBQUFBQUFBQUFBQUFBQUFBQUFBQUFBQUFBQUFBQUFBQUFBQUFBQUFBQUFBQUFBQUFBQUFBQUFBQUFBQUFBQUFBQUFBQUFBQUFBQUFBQUFBQUFBQUFBQUFBQUFBQUFBQUFBQUFBQUFBQUFBQUFBQUFBQUFBQUFBQUFBQUFBQUFBQUFBQUFBQUFBQUFBQUFBQUFBQUFBQUFBQUFBQUFBQUFBQUFBQUFBQUFBQUFBQUFBQUFBQUFBQUFBQUFBQUFBQUFBQUFBQUFBQUFBQUFBQUFBQUFBQUFBQUFBQUFBQUFBQUFBQUFBQUFBQUFBQUFBQUFBQUFBQUFBQUFBQUFBQUFBQUFBQUFBQUFBQUFBQUFBQUFBQUFBQUFBQUFBQUFBQUFBQUFBQUFBQUFBQUFBQUFBQUFBQUFBQUFBQUFBQUFBQUFBQUFBQUFBQUFBQUFBQUFBQUFBQUFBQUFBQUFBQUFBQUFBQUFBQUFBQUFBQUFBQUFBQUFBQUFBQUFBQUFBQUFBQUFBQUFBQUFBQUFBQUFBQUFBQUFBQUFBQUFBQUFBQUFBQUFBQUFBQUFBQUFBQUFBQUFBQUFBQUFBQUFBQUFBQUFBQUFBQUFBQUFBQUFBQUFBQUFBQUFBQUFBQUFBQUFBQUFBQUFBQUFBQUFBQUFBQUFBQUFBQUFBQUFBQUFBQUFBQUFBQUFBQUFBQUFBQUFBQUFBQUFBQUFBQUFBQUFBQUFBQUFBQUFBQUFBQUFBQUFBQUFBQUFBQUFBQUFBQUFBQUFBQUFBQUFBQUFBQUFBQUFBQUFBQUFBQUFBQUFBQUFBQUFBQUFBQUFBQUFBQUFBQUFBQUFBQUFBQUFBQUFBQUFBQUFBQUFBQUFBQUFBQUFBQUFBQUFBQUFBQUFBQUFBQUFBQUFBQUFBQUFBQUFBQUFBQUFBQUFBQUFBQUFBQUFBQUFBQUFBQUFBQUFBQUFBQUFBQUFBQUFBQUFBQUFBQUFBQUFBQUFBQUFBQUFBQUFBQUFBQUFBQUFBQUFBQUFBQUFBQUFBQUFBQUFBQUFBQUFBQUFBQUFBQUFBQUFBQUFBQUFBQUFBQUFBQUFBQUFBQUFBQUFBQUFBQUFBQUFBQUFBQUFBQUFBQUFBQUFBQUFBQUFBQUFBQUFBQUFBQUFBQUFBQUFBQUFBQUFBQUFBQUFBQUFBQUFBQUFBQUFBQUFBQUFBQUFBQUFBQUFBQUFBQUFBQUFBQUFBQUFBQUFBQUFBQUFBQUFBQUFBQUFBQUFBQUFBQUFBQUFBQUFBQUFBQUFBQUFBQUFBQUFBQUFBQUFBQUFBQUFBQUFBQUFBQUFBQUFBQUFBQUFBQUFBQUFBQUFBQUFBQUFBQUFBQUFBQUFBQUFBQUFBQUFBQUFBQUFBQUFBQUFBQUFBQUFBQUFBQUFBQUFBQUFBQUFBQUFBQUFBQUFBQUFBQUFBQUFBQUFBQUFBQUFBQUFBQUFBQUFBQUFBQUFBQUFBQUFBQUFBQUFBQUFBQUFBQUFBQUFBQUFBQUFBQUFBQUFBQUFBQUFBQUFBQUFBQUFBQUFBQUFBQUFBQUFBQUFBQUFBQUFBQUFBQUFBQUFBQUFBQUFBQUFBQUFBQUFBQUFBQUFBQUFBQUFBQUFBQUFBQUFBQUFBQUFBQUFBQUFBQUFBQUFBQUFBQUFBQUFBQUFBQUFBQUFBQUFBQUFBQUFBQUFBQUFBQUFBQUFBQUFBQUFBQUFBQUFBQUFBQUFBQUFBQUFBQUFBQUFBQUFBQUFBQUFBQUFBQUFBQUFBQUFBQUFBQUFBQUFBQUFBQUFBQUFBQUFBQUFBQUFBQUFBQUFBQUFBQUFBQUFBQUFBQUFBQUFBQUFBQUFBQUFBQUFBQUFBQUFBQUFBQUFBQUFBQUFBQUFBQUFBQUFBQUFBQUFBQUFBQUFBQUFBQUFBQUFBQUFBQUFBQUFBQUFBQUFBQUFBQUFBQUFBQUFBQUFBQUFBQUFBQUFBQUFBQUFBQUFBQUFBQUFBQUFBQUFBQUFBQUFBQUFBQUFBQUFBQUFBQUFBQUFBQUFBQUFBQUFBQUFBQUFBQUFBQUFBQUFBQUFBQUFBQUFBQUFBQUFBQUFBQUFBQUFBQUFBQUFBQUFBQUFBQUFBQUFBQUFBQUFBQUFBQUFBQUFBQUFBQUFBQUFBQUFBQUFBQUFBQUFBQUFBQUFBQUFBQUFBQUFBQUFBQUFBQUFBQUFBQUFBQUFBQUFBQUFBQUFBQUFBQUFBQUFBQUFBQUFBQUFBQUFBQUFBQUFBQUFBQUFBQUFBQUFBQUFBQUFBQUFBQUFBQUFBQUFBQUFBQUFBQUFBQUFBQUFBQUFBQUFBQUFBQUFBQUFBQUFBQUFBQUFBQUFBQUFBQUFBQUFBQUFBQUFBQUFBQUFBQUFBQUFBQUFBQUFBQUFBQUFBQUFBQUFBQUFBQUFBQUFBQUFBQUFBQUFBQUFBQUFBQUFBQUFBQUFBQUFBQUFBQUFBQUFBQUFBQUFBQUFBQUFBQUFBQUFBQUFBQUFBQUFBQUFBQUFBQUFBQUFBQUFBQUFBQUFBQUFBQUFBQUFBQUFBQUFBQUFBQUFBQUFBQUFBQUFBQUFBQUFBQUFBQUFBQUFBQUFBQUFBQUFBQUFBQUFBQUFBQUFBQUFBQUFBQUFBQUFBQUFBQUFBQUFBQUFBQUFBQUFBQUFBQUFBQUFBQUFBQUFBQUFBQUFBQUFBQUFBQUFBQUFBQUFBQUFBQUFBQUFBQUFBQUFBQUFBQUFBQUFBQUFBQUFBQUFBQUFBQUFBQUFBQUFBQUFBQUFBQUFBQUFBQUFBQUFBQUFBQUFBQUFBQUFBQUFBQUFBQUFBQUFBQUFBQUFBQUFBQUFBQUFBQUFBQUFBQUFBQUFBQUFBQUFBQUFBQUFBQUFBQUFBQUFBQUFBQUFBQUFBQUFBQUFBQUFBQUFBQUFBQUFBQUFBQUFBQUFBQUFBQUFBQUFBQUFBQUFBQUFBQUFBQUFBQUFBQUFBQUFBQUFBQUFBQUFBQUFBQUFBQUFBQUFBQUFBQUFBQUFBQUFBQUFBQUFBQUFBQUFBQUFBQUFBQUFBQUFBQUFBQUFBQUFBQUFBQUFBQUFBQUFBQUFBQUFBQUFBQUFBQUFBQUFBQUFBQUFBQUFBQUFBQUFBQUFBQUFBQUFBQUFBQUFBQUFBQUFBQUFBQUFBQUFBQUFBQUFBQUFBQUFBQUFBQUFBQUFBQUFBQUFBQUFBQUFBQUFBQUFBQUFBQUFBQUFBQUFBQUFBQUFBQUFBQUFBQUFBQUFBQUFBQUFBQUFBQUFBQUFBQUFBQUFBQUFBQUFBQUFBQUFBQUFBQUFBQUFBQUFBQUFBQUFBQUFBQUFBQUFBQUFBQUFBQUFBQUFBQUFBQUFBQUFBQUFBQUFBQUFBQUFBQUFBQUFBQUFBQUFBQUFBQUFBQUFBQUFBQUFBQUFBQUFBQUFBQUFBQUFBQUFBQUFBQUFBQUFBQUFBQUFBQUFBQUFBQUFBQUFBQUFBQUFBQUFBQUFBQUFBQUFBQUFBQUFBQUFBQUFBQUFBQUFBQUFBQUFBQUFBQUFBQUFBQUFBQUFBQUFBQUFBQUFBQUFBQUFBQUFBQUFBQUFBQUFBQUFBQUFBQUFBQUFBQUFBQUFBQUFBQUFBQUFBQUFBQUFBQUFBQUFBQUFBQUFBQUFBQUFBQUFBQUFBQUFBQUFBQUFBQUFBQUFBQUFBQUFBQUFBQUFBQUFBQUFBQUFBQUFBQUFBQUFBQUFBQUFBQUFBQUFBQUFBQUFBQUFBQUFBQUFBQUFBQUFBQUFBQUFBQUFBQUFBQUFBQUFBQUFBQUFBQUFBQUFBQUFBQUFBQUFBQUFBQUFBQUFBQUFBQUFBQUFBQUFBQUFBQUFBQUFBQUFBQUFBQUFBQUFBQUFBQUFBQUFBQUFBQUFBQUFBQUFBQUFBQUFBQUFBQUFBQUFBQUFBQUFBQUFBQUFBQUFBQUFBQUFBQUFBQUFBQUFBQUFBQUFBQUFBQUFBQUFBQUFBQUFBQUFBQUFBQUFBQUFBQUFBQUFBQUFBQUFBQUFBQUFBQUFBQUFBQUFBQUFBQUFBQUFBQUFBQUFBQUFBQUFBQUFBQUFBQUFBQUFBQUFBQUFBQUFBQUFBQUFBQUFBQUFBQUFBQUFBQUFBQUFBQUFBQUFBQUFBQUFBQUFBQUFBQUFBQUFBQUFBQUFBQUFBQUFBQUFBQUFBQUFBQUFBQUFBQUFBQUFBQUFBQUFBQUFBQUFBQUFBQUFBQUFBQUFBQUFBQUFBQUFBQUFBQUFBQUFBQUFBQUFBQUFBQUFBQUFBQUFBQUFBQUFBQUFBQUFBQUFBQUFBQUFBQUFBQUFBQUFBQUFBQUFBQUFBQUFBQUFBQUFBQUFBQUFBQUFBQUFBQUFBQUFBQUFBQUFBQUFBQUFBQUFBQUFBQUFBQUFBQUFBQUFBQUFBQUFBQUFBQUFBQUFBQUFBQUFBQUFBQUFBQUFBQUFBQUFBQUFBQUFBQUFBQUFBQUFBQUFBQUFBQUFBQUFBQUFBQUFBQUFBQUFBQUFBQUFBQUFBQUFBQUFBQUFBQUFBQUFBQUFBQUFBQUFBQUFBQUFBQUFBQUFBQUFBQUFBQUFBQUFBQUFBQUFBQUFBQUFBQUFBQUFBQUFBQUFBQUFBQUFBQUFBQUFBQUFBQUFBQUFBQUFBQUFBQUFBQUFBQUFBQUFBQUFBQUFBQUFBQUFBQUFBQUFBQUFBQUFBQUFBQUFBQUFBQUFBQUFBQUFBQUFBQUFBQUFBQUFBQUFBQUFBQUFBQUFBQUFBQUFBQUFBQUFBQUFBQUFBQUFBQUFBQUFBQUFBQUFBQUFBQUFBQUFBQUFBQUFBQUFBQUFBQUFBQUFBQUFBQUFBQUFBQUFBQUFBQUFBQUFBQUFBQUFBQUFBQUFBQUFBQUFBQUFBQUFBQUFBQUFBQUFBQUFBQUFBQUFBQUFBQUFBQUFBQUFBQUFBQUFBQUFBQUFBQUFBQUFBQUFBQUFBQUFBQUFBQUFBQUFBQUFBQUFBQUFBQUFBQUFBQUFBQUFBQUFBQUFBQUFBQUFBQUFBQUFBQUFBQUFBQUFBQUFBQUFBQUFBQUFBQUFBQUFBQUFBQUFBQUFBQUFBQUFBQUFBQUFBQUFBQUFBQUFBQUFBQUFBQUFBQUFBQUFBQUFBQUFBQUFBQUFBQUFBQUFBQUFBQUFBQUFBQUFBQUFBQUFBQUFBQUFBQUFBQUFBQUFBQUFBQUFBQUFBQUFBQUFBQUFBQUFBQUFBQUFBQUFBQUFBQUFBQUFBQUFBQUFBQUFBQUFBQUFBQUFBQUFBQUFBQUFBQUFBQUFBQUFBQUFBQUFBQUFBQUFBQUFBQUFBQUFBQUFBQUFBQUFBQUFBQUFBQUFBQUFBQUFBQUFBQUFBQUFBQUFBQUFBQUFBQUFBQUFBQUFBQUFBQUFBQUFBQUFBQUFBQUFBQUFBQUFBQUFBQUFBQUFBQUFBQUFBQUFBQUFBQUFBQUFBQUFBQUFBQUFBQUFBQUFBQUFBQUFBQUFBQUFBQUFBQUFBQUFBQUFBQUFBQUFBQUFBQUFBQUFBQUFBQUFBQUFBQUFBQUFBQUFBQUFBQUFBQUFBQUFBQUFBQUFBQUFBQUFBQUFBQUFBQUFBQUFBQUFBQUFBQUFBQUFBQUFBQUFBQUFBQUFBQUFBQUFBQUFBQUFBQUFBQUFBQUFBQUFBQUFBQUFBQUFBQUFBQUFBQUFBQUFBQUFBQUFBQUFBQUFBQUFBQUFBQUFBQUFBQUFBQUFBQUFBQUFBQUFBQUFBQUFBQUFBQUFBQUFBQUFBQUFBQUFBQUFBQUFBQUFBQUFBQUFBQUFBQUFBQUFBQUFBQUFBQUFBQUFBQUFBQUFBQUFBQUFBQUFBQUFBQUFBQUFBQUFBQUFBQUFBQUFBQUFBQUFBQUFBQUFBQUFBQUFBQUFBQUFBQUFBQUFBQUFBQUFBQUFBQUFBQUFBQUFBQUFBQUFBQUFBQUFBQUFBQUFBQUFBQUFBQUFBQUFBQUFBQUFBQUFBQUFBQUFBQUFBQUFBQUFBQUFBQUFBQUFBQUFBQUFBQUFBQUFBQUFBQUFBQUFBQUFBQUFBQUFBQUFBQUFBQUFBQUFBQUFBQUFBQUFBQUFBQUFBQUFBQUFBQUFBQUFBQUFBQUFBQUFBQUFBQUFBQUFBQUFBQUFBQUFBQUFBQUFBQUFBQUFBQUFBQUFBQUFBQUFBQUFBQUFBQUFBQUFBQUFBQUFBQUFBQUFBQUFBQUFBQUFBQUFBQUFBQUFBQUFBQUFBQUFBQUFBQUFBQUFBQUFBQUFBQUFBQUFBQUFBQUFBQUFBQUFBQUFBQUFBQUFBQUFBQUFBQUFBQUFBQUFBQUFBQUFBQUFBQUFBQUFBQUFBQUFBQUFBQUFBQUFBQUFBQUFBQUFBQUFBQUFBQUFBQUFBQUFBQUFBQUFBQUFBQUFBQUFBQUFBQUFBQUFBQUFBQUFBQUFBQUFBQUFBQUFBQUFBQUFBQUFBQUFBQUFBQUFBQUFBQUFBQUFBQUFBQUFBQUFBQUFBQUFBQUFBQUFBQUFBQUFBQUFBQUFBQUFBQUFBQUFBQUFBQUFBQUFBQUFBQUFBQUFBQUFBQUFBQUFBQUFBQUFBQUFBQUFBQUFBQUFBQUFBQUFBQUFBQUFBQUFBQUFBQUFBQUFBQUFBQUFBQUFBQUFBQUFBQUFBQUFBQUFBQUFBQUFBQUFBQUFBQUFBQUFBQUFBQUFBQUFBQUFBQUFBQUFBQUFBQUFBQUFBQUFBQUFBQUFBQUFBQUFBQUFBQUFBQUFBQUFBQUFBQUFBQUFBQUFBQUFBQUFBQUFBQUFBQUFBQUFBQUFBQUFBQUFBQUFBQUFBQUFBQUFBQUFBQUFBQUFBQUFBQUFBQUFBQUFBQUFBQUFBQUFBQUFBQUFBQUFBQUFBQUFBQUFBQUFBQUFBQUFBQUFBQUFBQUFBQUFBQUFBQUFBQUFBQUFBQUFBQUFBQUFBQUFBQUFBQUFBQUFBQUFBQUFBQUFBQUFBQUFBQUFBQUFBQUFBQUFBQUFBQUFBQUFBQUFBQUFBQUFBQUFBQUFBQUFBQUFBQUFBQUFBQUFBQUFBQUFBQUFBQUFBQUFBQUFBQUFBQUFBQUFBQUFBQUFBQUFBQUFBQUFBQUFBQUFBQUFBQUFBQUFBQUFBQUFBQUFBQUFBQUFBQUFBQUFBQUFBQUFBQUFBQUFBQUFBQUFBQUFBQUFBQUFBQUFBQUFBQUFBQUFBQUFBQUFBQUFBQUFBQUFBQUFBQUFBQUFBQUFBQUFBQUFBQUFBQUFBQUFBQUFBQUFBQUFBQUFBQUFBQUFBQUFBQUFBQUFBQUFBQUFBQUFBQUFBQUFBQUFBQUFBQUFBQUFBQUFBQUFBQUFBQUFBQUFBQUFBQUFBQUFBQUFBQUFBQUFBQUFBQUFBQUFBQUFBQUFBQUFBQUFBQUFBQUFBQUFBQUFBQUFBQUFBQUFBQUFBQUFBQUFBQUFBQUFBQUFBQUFBQUFBQUFBQUFBQUFBQUFBQUFBQUFBQUFBQUFBQUFBQUFBQUFBQUFBQUFBQUFBQUFBQUFBQUFBQUFBQUFBQUFBQUFBQUFBQUFBQUFBQUFBQUFBQUFBQUFBQUFBQUFBQUFBQUFBQUFBQUFBQUFBQUFBQUFBQUFBQUFBQUFBQUFBQUFBQUFBQUFBQUFBQUFBQUFBQUFBQUFBQUFBQUFBQUFBQUFBQUFBQUFBQUFBQUFBQUFBQUFBQUFBQUFBQUFBQUFBQUFBQUFBQUFBQUFBQUFBQUFBQUFBQUFBQUFBQUFBQUFBQUFBQUFBQUFBQUFBQUFBQUFBQUFBQUFBQUFBQUFBQUFBQUFBQUFBQUFBQUFBQUFBQUFBQUFBQUFBQUFBQUFBQUFBQUFBQUFBQUFBQUFBQUFBQUFBQUFBQUFBQUFBQUFBQUFBQUFBQUFBQUFBQUFBQUFBQUFBQUFBQUFBQUFBQUFBQUFBQUFBQUFBQUFBQUFBQUFBQUFBQUFBQUFBQUFBQUFBQUFBQUFBQUFBQUFBQUFBQUFBQUFBQUFBQUFBQUFBQUFBQUFBQUFBQUFBQUFBQUFBQUFBQUFBQUFBQUFBQUFBQUFBQUFBQUFBQUFBQUFBQUFBQUFBQUFBQUFBQUFBQUFBQUFBQUFBQUFBQUFBQUFBQUFBQUFBQUFBQUFBQUFBQUFBQUFBQUFBQUFBQUFBQUFBQUFBQUFBQUFBQUFBQUFBQUFBQUFBQUFBQUFBQUFBQUFBQUFBQUFBQUFBQUFBQUFBQUFBQUFBQUFBQUFBQUFBQUFBQUFBQUFBQUFBQUFBQUFBQUFBQUFBQUFBQUFBQUFBQUFBQUFBQUFBQUFBQUFBQUFBQUFBQUFBQUFBQUFBQUFBQUFBQUFBQUFBQUFBQUFBQUFBQUFBQUFBQUFBQUFBQUFBQUFBQUFBQUFBQUFBQUFBQUFBQUFBQUFBQUFBQUFBQUFBQUFBQUFBQUFBQUFBQUFBQUFBQUFBQUFBQUFBQUFBQUFBQUFBQUFBQUFBQUFBQUFBQUFBQUFBQUFBQUFBQUFBQUFBQUFBQUFBQUFBQUFBQUFBQUFBQUFBQUFBQUFBQUFBQUFBQUFBQUFBQUFBQUFBQUFBQUFBQUFBQUFBQUFBQUFBQUFBQUFBQUFBQUFBQUFBQUFBQUFBQUFBQUFBQUFBQUFBQUFBQUFBQUFBQUFBQUFBQUFBQUFBQUFBQUFBQUFBQUFBQUFBQUFBQUFBQUFBQUFBQUFBQUFBQUFBQUFBQUFBQUFBQUFBQUFBQUFBQUFBQUFBQUFBQUFBQUFBQUFBQUFBQUFBQUFBQUFBQUFBQUFBQUFBQUFBQUFBQUFBQUFBQUFBQUFBQUFBQUFBQUFBQUFBQUFBQUFBQUFBQUFBQUFBQUFBQUFBQUFBQUFBQUFBQUFBQUFBQUFBQUFBQUFBQUFBQUFBQUFBQUFBQUFBQUFBQUFBQUFBQUFBQUFBQUFBQUFBQUFBQUFBQUFBQUFBQUFBQUFBQUFBQUFBQUFBQUFBQUFBQUFBQUFBQUFBQUFBQUFBQUFBQUFBQUFBQUFBQUFBQUFBQUFBQUFBQUFBQUFBQUFBQUFBQUFBQUFBQUFBQUFBQUFBQUFBQUFBQUFBQUFBQUFBQUFBQUFBQUFBQUFBQUFBQUFBQUFBQUFBQUFBQUFBQUFBQUFBQUFBQUFBQUFBQUFBQUFBQUFBQUFBQUFBQUFBQUFBQUFBQUFBQUFBQUFBQUFBQUFBQUFBQUFBQUFBQUFBQUFBQUFBQUFBQUFBQUFBQUFBQUFBQUFBQUFBQUFBQUFBQUFBQUFBQUFBQUFBQUFBQUFBQUFBQUFBQUFBQUFBQUFBQUFBQUFBQUFBQUFBQUFBQUFBQUFBQUFBQUFBQUFBQUFBQUFBQUFBQUFBQUFBQUFBQUFBQUFBQUFBQUFBQUFBQUFBQUFBQUFBQUFBQUFBQUFBQUFBQUFBQUFBQUFBQUFBQUFBQUFBQUFBQUFBQUFBQUFBQUFBQUFBQUFBQUFBQUFBQUFBQUFBQUFBQUFBQUFBQUFBQUFBQUFBQUFBQUFBQUFBQUFBQUFBQUFBQUFBQUFBQUFBQUFBQUFBQUFBQUFBQUFBQUFBQUFBQUFBQUFBQUFBQUFBQUFBQUFBQUFBQUFBQUFBQUFBQUFBQUFBQUFBQUFBQUFBQUFBQUFBQUFBQUFBQUFBQUFBQUFBQUFBQUFBQUFBQUFBQUFBQUFBQUFBQUFBQUFBQUFBQUFBQUFBQUFBQUFBQUFBQUFBQUFBQUFBQUFBQUFBQUFBQUFBQUFBQUFBQUFBQUFBQUFBQUFBQUFBQUFBQUFBQUFBQUFBQUFBQUFBQUFBQUFBQUFBQUFBQUFBQUFBQUFBQUFBQUFBQUFBQUFBQUFBQUFBQUFBQUFBQUFBQUFBQUFBQUFBQUFBQUFBQUFBQUFBQUFBQUFBQUFBQUFBQUFBQUFBQUFBQUFBQUFBQUFBQUFBQUFBQUFBQUFBQUFBQUFBQUFBQUFBQUFBQUFBQUFBQUFBQUFBQUFBQUFBQUFBQUFBQUFBQUFBQUFBQUFBQUFBQUFBQUFBQUFBQUFBQUFBQUFBQUFBQUFBQUFBQUFBQUFBQUFBQUFBQUFBQUFBQUFBQUFBQUFBQUFBQUFBQUFBQUFBQUFBQUFBQUFBQUFBQUFBQUFBQUFBQUFBQUFBQUFBQUFBQUFBQUFBQUFBQUFBQUFBQUFBQUFBQUFBQUFBQUFBQUFBQUFBQUFBQUFBQUFBQUFBQUFBQUFBQUFBQUFBQUFBQUFBQUFBQUFBQUFBQUFBQUFBQUFBQUFBQUFBQUFBQUFBQUFBQUFBQUFBQUFBQUFBQUFBQUFBQUFBQUFBQUFBQUFBQUFBQUFBQUFBQUFBQUFBQUFBQUFBQUFBQUFBQUFBQUFBQUFBQUFBQUFBQUFBQUFBQUFBQUFBQUFBQUFBQUFBQUFBQUFBQUFBQUFBQUFBQUFBQUFBQUFBQUFBQUFBQUFBQUFBQUFBQUFBQUFBQUFBQUFBQUFBQUFBQUFBQUFBQUFBQUFBQUFBQUFBQUFBQUFBQUFBQUFBQUFBQUFBQUFBQUFBQUFBQUFBQUFBQUFBQUFBQUFBQUFBQUFBQUFBQUFBQUFBQUFBQUFBQUFBQUFBQUFBQUFBQUFBQUFBQUFBQUFBQUFBQUFBQUFBQUFBQUFBQUFBQUFBQUFBQUFBQUFBQUFBQUFBQUFBQUFBQUFBQUFBQUFBQUFBQUFBQUFBQUFBQUFBQUFBQUFBQUFBQUFBQUFBQUFBQUFBQUFBQUFBQUFBQUFBQUFBQUFBQUFBQUFBQUFBQUFBQUFBQUFBQUFBQUFBQUFBQUFBQUFBQUFBQUFBQUFBQUFBQUFBQUFBQUFBQUFBQUFBQUFBQUFBQUFBQUFBQUFBQUFBQUFBQUFBQUFBQUFBQUFBQUFBQUFBQUFBQUFBQUFBQUFBQUFBQUFBQUFBQUFBQUFBQUFBQUFBQUFBQUFBQUFBQUFBQUFBQUFBQUFBQUFBQUFBQUFBQUFBQUFBQUFBQUFBQUFBQUFBQUFBQUFBQUFBQUFBQUFBQUFBQUFBQUFBQUFBQUFBQUFBQUFBQUFBQUFBQUFBQUFBQUFBQUFBQUFBQUFBQUFBQUFBQUFBQUFBQUFBQUFBQUFBQUFBQUFBQUFBQUFBQUFBQUFBQUFBQUFBQUFBQUFBQUFBQUFBQUFBQUFBQUFBQUFBQUFBQUFBQUFBQUFBQUFBQUFBQUFBQUFBQUFBQUFBQUFBQUFBQUFBQUFBQUFBQUFBQUFBQUFBQUFBQUFBQUFBQUFBQUFBQUFBQUFBQUFBQUFBQUFBQUFBQUFBQUFBQUFBQUFBQUFBQUFBQUFBQUFBQUFBQUFBQUFBQUFBQUFBQUFBQUFBQUFBQUFBQUFBQUFBQUFBQUFBQUFBQUFBQUFBQUFBQUFBQUFBQUFBQUFBQUFBQUFBQUFBQUFBQUFBQUFBQUFBQUFBQUFBQUFBQUFBQUFBQUFBQUFBQUFBQUFBQUFBQUFBQUFBQUFBQUFBQUFBQUFBQUFBQUFBQUFBQUFBQUFBQUFBQUFBQUFBQUFBQUFBQUFBQUFBQUFBQUFBQUFBQUFBQUFBQUFBQUFBQUFBQUFBQUFBQUFBQUFBQUFBQUFBQUFBQUFBQUFBQUFBQUFBQUFBQUFBQUFBQUFBQUFBQUFBQUFBQUFBQUFBQUFBQUFBQUFBQUFBQUFBQUFBQUFBQUFBQUFBQUFBQUFBQUFBQUFBQUFBQUFBQUFBQUFBQUFBQUFBQUFBQUFBQUFBQUFBQUFBQUFBQUFBQUFBQUFBQUFBQUFBQUFBQUFBQUFBQUFBQUFBQUFBQUFBQUFBQUFBQUFBQUFBQUFBQUFBQUFBQUFBQUFBQUFBQUFBQUFBQUFBQUFBQUFBQUFBQUFBQUFBQUFBQUFBQUFBQUFBQUFBQUFBQUFBQUFBQUFBQUFBQUFBQUFBQUFBQUFBQUFBQUFBQUFBQUFBQUFBQUFBQUFBQUFBQUFBQUFBQUFBQUFBQUFBQUFBQUFBQUFBQUFBQUFBQUFBQUFBQUFBQUFBQUFBQUFBQUFBQUFBQUFBQUFBQUFBQUFBQUFBQUFBQUFBQUFBQUFBQUFBQUFBQUFBQUFBQUFBQUFBQUFBQUFBQUFBQUFBQUFBQUFBQUFBQUFBQUFBQUFBQUFBQUFBQUFBQUFBQUFBQUFBQUFBQUFBQUFBQUFBQUFBQUFBQUFBQUFBQUFBQUFBQUFBQUFBQUFBQUFBQUFBQUFBQUFBQUFBQUFBQUFBQUFBQUFBQUFBQUFBQUFBQUFBQUFBQUFBQUFBQUFBQUFBQUFBQUFBQUFBQUFBQUFBQUFBQUFBQUFBQUFBQUFBQUFBQUFBQUFBQUFBQUFBQUFBQUFBQUFBQUFBQUFBQUFBQUFBQUFBQUFBQUFBQUFBQUFBQUFBQUFBQUFBQUFBQUFBQUFBQUFBQUFBQUFBQUFBQUFBQUFBQUFBQUFBQUFBQUFBQUFBQUFBQUFBQUFBQUFBQUFBQUFBQUFBQUFBQUFBQUFBQUFBQUFBQUFBQUFBQUFBQUFBQUFBQUFBQUFBQUFBQUFBQUFBQUFBQUFBQUFBQUFBQUFBQUFBQUFBQUFBQUFBQUFBQUFBQUFBQUFBQUFBQUFBQUFBQUFBQUFBQUFBQUFBQUFBQUFBQUFBQUFBQUFBQUFBQUFBQUFBQUFBQUFBQUFBQUFBQUFBQUFBQUFBQUFBQUFBQUFBQUFBQUFBQUFBQUFBQUFBQUFBQUFBQUFBQUFBQUFBQUFBQUFBQUFBQUFBQUFBQUFBQUFBQUFBQUFBQUFBQUFBQUFBQUFBQUFBQUFBQUFBQUFBQUFBQUFBQUFBQUFBQUFBQUFBQUFBQUFBQUFBQUFBQUFBQUFBQUFBQUFBQUFBQUFBQUFBQUFBQUFBQUFBQUFBQUFBQUFBQUFBQUFBQUFBQUFBQUFBQUFBQUFBQUFBQUFBQUFBQUFBQUFBQUFBQUFBQUFBQUFBQUFBQUFBQUFBQUFBQUFBQUFBQUFBQUFBQUFBQUFBQUFBQUFBQUFBQUFBQUFBQUFBQUFBQUFBQUFBQUFBQUFBQUFBQUFBQUFBQUFBQUFBQUFBQUFBQUFBQUFBQUFBQUFBQUFBQUFBQUFBQUFBQUFBQUFBQUFBQUFBQUFBQUFBQUFBQUFBQUFBQUFBQUFBQUFBQUFBQUFBQUFBQUFBQUFBQUFBQUFBQUFBQUFBQUFBQUFBQUFBQUFBQUFBQUFBQUFBQUFBQUFBQUFBQUFBQUFBQUFBQUFBQUFBQUFBQUFBQUFBQUFBQUFBQUFBQUFBQUFBQUFBQUFBQUFBQUFBQUFBQUFBQUFBQUFBQUFBQUFBQUFBQUFBQUFBQUFBQUFBQUFBQUFBQUFBQUFBQUFBQUFBQUFBQUFBQUFBQUFBQUFBQUFBQUFBQUFBQUFBQUFBQUFBQUFBQUFBQUFBQUFBQUFBQUFBQUFBQUFBQUFBQUFBQUFBQUFBQUFBQUFBQUFBQUFBQUFBQUFBQUFBQUFBQUFBQUFBQUFBQUFBQUFBQUFBQUFBQUFBQUFBQUFBQUFBQUFBQUFBQUFBQUFBQUFBQUFBQUFBQUFBQUFBQUFBQUFBQUFBQUFBQUFBQUFBQUFBQUFBQUFBQUFBQUFBQUFBQUFBQUFBQUFBQUFBQUFBQUFBQUFBQUFBQUFBQUFBQUFBQUFBQUFBQUFBQUFBQUFBQUFBQUFBQUFBQUFBQUFBQUFBQUFBQUFBQUFBQUFBQUFBQUFBQUFBQUFBQUFBQUFBQUFBQUFBQUFBQUFBQUFBQUFBQUFBQUFBQUFBQUFBQUFBQUFBQUFBQUFBQUFBQUFBQUFBQUFBQUFBQUFBQUFBQUFBQUFBQUFBQUFBQUFBQUFBQUFBQUFBQUFBQUFBQUFBQUFBQUFBQUFBQUFBQUFBQUFBQUFBQUFBQUFBQUFBQUFBQUFBQUFBQUFBQUFBQUFBQUFBQUFBQUFBQUFBQUFBQUFBQUFBQUFBQUFBQUFBQUFBQUFBQUFBQUFBQUFBQUFBQUFBQUFBQUFBQUFBQUFBQUFBQUFBQUFBQUFBQUFBQUFBQUFBQUFBQUFBQUFBQUFBQUFBQUFBQUFBQUFBQUFBQUFBQUFBQUFBQUFBQUFBQUFBQUFBQUFBQUFBQUFBQUFBQUFBQUFBQUFBQUFBQUFBQUFBQUFBQUFBQUFBQUFBQUFBQUFBQUFBQUFBQUFBQUFBQUFBQUFBQUFBQUFBQUFBQUFBQUFBQUFBQUFBQUFBQUFBQUFBQUFBQUFBQUFBQUFBQUFBQUFBQUFBQUFBQUFBQUFBQUFBQUFBQUFBQUFBQUFBQUFBQUFBQUFBQUFBQUFBQUFBQUFBQUFBQUFBQUFBQUFBQUFBQUFBQUFBQUFBQUFBQUFBQUFBQUFBQUFBQUFBQUFBQUFBQUFBQUFBQUFBQUFBQUFBQUFBQUFBQUFBQUFBQUFBQUFBQUFBQUFBQUFBQUFBQUFBQUFBQUFBQUFBQUFBQUFBQUFBQUFBQUFBQUFBQUFBQUFBQUFBQUFBQUFBQUFBQUFBQUFBQUFBQUFBQUFBQUFBQUFBQUFBQUFBQUFBQUFBQUFBQUFBQUFBQUFBQUFBQUFBQUFBQUFBQUFBQUFBQUFBQUFBQUFBQUFBQUFBQUFBQUFBQUFBQUFBQUFBQUFBQUFBQUFBQUFBQUFBQUFBQUFBQUFBQUFBQUFBQUFBQUFBQUFBQUFBQUFBQUFBQUFBQUFBQUFBQUFBQUFBQUFBQUFBQUFBQUFBQUFBQUFBQUFBQUFBQUFBQUFBQUFBQUFBQUFBQUFBQUFBQUFBQUFBQUFBQUFBQUFBQUFBQUFBQUFBQUFBQUFBQUFBQUFBQUFBQUFBQUFBQUFBQUFBQUFBQUFBQUFBQUFBQUFBQUFBQUFBQUFBQUFBQUFBQUFBQUFBQUFBQUFBQUFBQUFBQUFBQUFBQUFBQUFBQUFBQUFBQUFBQUFBQUFBQUFBQUFBQUFBQUFBQUFBQUFBQUFBQUFBQUFBQUFBQUFBQUFBQUFBQUFBQUFBQUFBQUFBQUFBQUFBQUFBQUFBQUFBQUFBQUFBQUFBQUFBQUFBQUFBQUFBQUFBQUFBQUFBQUFBQUFBQUFBQUFBQUFBQUFBQUFBQUFBQUFBQUFBQUFBQUFBQUFBQUFBQUFBQUFBQUFBQUFBQUFBQUFBQUFBQUFBQUFBQUFBQUFBQUFBQUFBQUFBQUFBQUFBQUFBQUFBQUFBQUFBQUFBQUFBQUFBQUFBQUFBQUFBQUFBQUFBQUFBQUFBQUFBQUFBQUFBQUFBQUFBQUFBQUFBQUFBQUFBQUFBQUFBQUFBQUFBQUFBQUFBQUFBQUFBQUFBQUFBQUFBQUFBQUFBQUFBQUFBQUFBQUFBQUFBQUFBQUFBQUFBQUFBQUFBQUFBQUFBQUFBQUFBQUFBQUFBQUFBQUFBQUFBQUFBQUFBQUFBQUFBQUFBQUFBQUFBQUFBQUFBQUFBQUFBQUFBQUFBQUFBQUFBQUFBQUFBQUFBQUFBQUFBQUFBQUFBQUFBQUFBQUFBQUFBQUFBQUFBQUFBQUFBQUFBQUFBQUFBQUFBQUFBQUFBQUFBQUFBQUFBQUFBQUFBQUFBQUFBQUFBQUFBQUFBQUFBQUFBQUFBQUFBQUFBQUFBQUFBQUFBQUFBQUFBQUFBQUFBQUFBQUFBQUFBQUFBQUFBQUFBQUFBQUFBQUFBQUFBQUFBQUFBQUFBQUFBQUFBQUFBQUFBQUFBQUFBQUFBQUFBQUFBQUFBQUFBQUFBQUFBQUFBQUFBQUFBQUFBQUFBQUFBQUFBQUFBQUFBQUFBQUFBQUFBQUFBQUFBQUFBQUFBQUFBQUFBQUFBQUFBQUFBQUFBQUFBQUFBQUFBQUFBQUFBQUFBQUFBQUFBQUFBQUFBQUFBQUFBQUFBQUFBQUFBQUFBQUFBQUFBQUFBQUFBQUFBQUFBQUFBQUFBQUFBQUFBQUFBQUFBQUFBQUFBQUFBQUFBQUFBQUFBQUFBQUFBQUFBQUFBQUFBQUFBQUFBQUFBQUFBQUFBQUFBQUFBQUFBQUFBQUFBQUFBQUFBQUFBQUFBQUFBQUFBQUFBQUFBQUFBQUFBQUFBQUFBQUFBQUFBQUFBQUFBQUFBQUFBQUFBQUFBQUFBQUFBQUFBQUFBQUFBQUFBQUFBQUFBQUFBQUFBQUFBQUFBQUFBQUFBQUFBQUFBQUFBQUFBQUFBQUFBQUFBQUFBQUFBQUFBQUFBQUFBQUFBQUFBQUFBQUFBQUFBQUFBQUFBQUFBQUFBQUFBQUFBQUFBQUFBQUFBQUFBQUFBQUFBQUFBQUFBQUFBQUFBQUFBQUFBQUFBQUFBQUFBQUFBQUFBQUFBQUFBQUFBQUFBQUFBQUFBQUFBQUFBQUFBQUFBQUFBQUFBQUFBQUFBQUFBQUFBQUFBQUFBQUFBQUFBQUFBQUFBQUFBQUFBQUFBQUFBQUFBQUFBQUFBQUFBQUFBQUFBQUFBQUFBQUFBQUFBQUFBQUFBQUFBQUFBQUFBQUFBQUFBQUFBQUFBQUFBQUFBQUFBQUFBQUFBQUFBQUFBQUFBQUFBQUFBQUFBQUFBQUFBQUFBQUFBQUFBQUFBQUFBQUFBQUFBQUFBQUFBQUFBQUFBQUFBQUFBQUFBQUFBQUFBQUFBQUFBQUFBQUFBQUFBQUFBQUFBQUFBQUFBQUFBQUFBQUFBQUFBQUFBQUFBQUFBQUFBQUFBQUFBQUFBQUFBQUFBQUFBQUFBQUFBQUFBQUFBQUFBQUFBQUFBQUFBQUFBQUFBQUFBQUFBQUFBQUFBQUFBQUFBQUFBQUFBQUFBQUFBQUFBQUFBQUFBQUFBQUFBQUFBQUFBQUFBQUFBQUFBQUFBQUFBQUFBQUFBQUFBQUFBQUFBQUFBQUFBQUFBQUFBQUFBQUFBQUFBQUFBQUFBQUFBQUFBQUFBQUFBQUFBQUFBQUFBQUFBQUFBQUFBQUFBQUFBQUFBQUFBQUFBQUFBQUFBQUFBQUFBQUFBQUFBQUFBQUFBQUFBQUFBQUFBQUFBQUFBQUFBQUFBQUFBQUFBQUFBQUFBQUFBQUFBQUFBQUFBQUFBQUFBQUFBQUFBQUFBQUFBQUFBQUFBQUFBQUFBQUFBQUFBQUFBQUFBQUFBQUFBQUFBQUFBQUFBQUFBQUFBQUFBQUFBQUFBQUFBQUFBQUFBQUFBQUFBQUFBQUFBQUFBQUFBQUFBQUFBQUFBQUFBQUFBQUFBQUFBQUFBQUFBQUFBQUFBQUFBQUFBQUFBQUFBQUFBQUFBQUFBQUFBQUFBQUFBQUFBQUFBQUFBQUFBQUFBQUFBQUFBQUFBQUFBQUFBQUFBQUFBQUFBQUFBQUFBQUFBQUFBQUFBQUFBQUFBQUFBQUFBQUFBQUFBQUFBQUFBQUFBQUFBQUFBQUFBQUFBQUFBQUFBQUFBQUFBQUFBQUFBQUFBQUFBQUFBQUFBQUFBQUFBQUFBQUFBQUFBQUFBQUFBQUFBQUFBQUFBQUFBQUFBQUFBQUFBQUFBQUFBQUFBQUFBQUFBQUFBQUFBQUFBQUFBQUFBQUFBQUFBQUFBQUFBQUFBQUFBQUFBQUFBQUFBQUFBQUFBQUFBQUFBQUFBQUFBQUFBQUFBQUFBQUFBQUFBQUFBQUFBQUFBQUFBQUFBQUFBQUFBQUFBQUFBQUFBQUFBQUFBQUFBQUFBQUFBQUFBQUFBQUFBQUFBQUFBQUFBQUFBQUFBQUFBQUFBQUFBQUFBQUFBQUFBQUFBQUFBQUFBQUFBQUFBQUFBQUFBQUFBQUFBQUFBQUFBQUFBQUFBQUFBQUFBQUFBQUFBQUFBQUFBQUFBQUFBQUFBQUFBQUFBQUFBQUFBQUFBQUFBQUFBQUFBQUFBQUFBQUFBQUFBQUFBQUFBQUFBQUFBQUFBQUFBQUFBQUFBQUFBQUFBQUFBQUFBQUFBQUFBQUFBQUFBQUFBQUFBQUFBQUFBQUFBQUFBQUFBQUFBQUFBQUFBQUFBQUFBQUFBQUFBQUFBQUFBQUFBQUFBQUFBQUFBQUFBQUFBQUFBQUFBQUFBQUFBQUFBQUFBQUFBQUFBQUFBQUFBQUFBQUFBQUFBQUFBQUFBQUFBQUFBQUFBQUFBQUFBQUFBQUFBQUFBQUFBQUFBQUFBQUFBQUFBQUFBQUFBQUFBQUFBQUFBQUFBQUFBQUFBQUFBQUFBQUFBQUFBQUFBQUFBQUFBQUFBQUFBQUFBQUFBQUFBQUFBQUFBQUFBQUFBQUFBQUFBQUFBQUFBQUFBQUFBQUFBQUFBQUFBQUFBQUFBQUFBQUFBQUFBQUFBQUFBQUFBQUFBQUFBQUFBQUFBQUFBQUFBQUFBQUFBQUFBQUFBQUFBQUFBQUFBQUFBQUFBQUFBQUFBQUFBQUFBQUFBQUFBQUFBQUFBQUFBQUFBQUFBQUFBQUFBQUFBQUFBQUFBQUFBQUFBQUFBQUFBQUFBQUFBQUFBQUFBQUFBQUFBQUFBQUFBQUFBQUFBQUFBQUFBQUFBQUFBQUFBQUFBQUFBQUFBQUFBQUFBQUFBQUFBQUFBQUFBQUFBQUFBQUFBQUFBQUFBQUFBQUFBQUFBQUFBQUFBQUFBQUFBQUFBQUFBQUFBQUFBQUFBQUFBQUFBQUFBQUFBQUFBQUFBQUFBQUFBQUFBQUFBQUFBQUFBQUFBQUFBQUFBQUFBQUFBQUFBQUFBQUFBQUFBQUFBQUFBQUFBQUFBQUFBQUFBQUFBQUFBQUFBQUFBQUFBQUFBQUFBQUFBQUFBQUFBQUFBQUFBQUFBQUFBQUFBQUFBQUFBQUFBQUFBQUFBQUFBQUFBQUFBQUFBQUFBQUFBQUFBQUFBQUFBQUFBQUFBQUFBQUFBQUFBQUFBQUFBQUFBQUFBQUFBQUFBQUFBQUFBQUFBQUFBQUFBQUFBQUFBQUFBQUFBQUFBQUFBQUFBQUFBQUFBQUFBQUFBQUFBQUFBQUFBQUFBQUFBQUFBQUFBQUFBQUFBQUFBQUFBQUFBQUFBQUFBQUFBQUFBQUFBQUFBQUFBQUFBQUFBQUFBQUFBQUFBQUFBQUFBQUFBQUFBQUFBQUFBQUFBQUFBQUFBQUFBQUFBQUFBQUFBQUFBQUFBQUFBQUFBQUFBQUFBQUFBQUFBQUFBQUFBQUFBQUFBQUFBQUFBQUFBQUFBQUFBQUFBQUFBQUFBQUFBQUFBQUFBQUFBQUFBQUFBQUFBQUFBQUFBQUFBQUFBQUFBQUFBQUFBQUFBQUFBQUFBQUFBQUFBQUFBQUFBQUFBQUFBQUFBQUFBQUFBQUFBQUFBQUFBQUFBQUFBQUFBQUFBQUFBQUFBQUFBQUFBQUFBQUFBQUFBQUFBQUFBQUFBQUFBQUFBQUFBQUFBQUFBQUFBQUFBQUFBQUFBQUFBQUFBQUFBQUFBQUFBQUFBQUFBQUFBQUFBQUFBQUFBQUFBQUFBQUFBQUFBQUFBQUFBQUFBQUFBQUFBQUFBQUFBQUFBQUFBQUFBQUFBQUFBQUFBQUFBQUFBQUFBQUFBQUFBQUFBQUFBQUFBQUFBQUFBQUFBQUFBQUFBQUFBQUFBQUFBQUFBQUFBQUFBQUFBQUFBQUFBQUFBQUFBQUFBQUFBQUFBQUFBQUFBQUFBQUFBQUFBQUFBQUFBQUFBQUFBQUFBQUFBQUFBQUFBQUFBQUFBQUFBQUFBQUFBQUFBQUFBQUFBQUFBQUFBQUFBQUFBQUFBQUFBQUFBQUFBQUFBQUFBQUFBQUFBQUFBQUFBQUFBQUFBQUFBQUFBQUFBQUFBQUFBQUFBQUFBQUFBQUFBQUFBQUFBQUFBQUFBQUFBQUFBQUFBQUFBQUFBQUFBQUFBQUFBQUFBQUFBQUFBQUFBQUFBQUFBQUFBQUFBQUFBQUFBQUFBQUFBQUFBQUFBQUFBQUFBQUFBQUFBQUFBQUFBQUFBQUFBQUFBQUFBQUFBQUFBQUFBQUFBQUFBQUFBQUFBQUFBQUFBQUFBQUFBQUFBQUFBQUFBQUFBQUFBQUFBQUFBQUFBQUFBQUFBQUFBQUFBQUFBQUFBQUFBQUFBQUFBQUFBQUFBQUFBQUFBQUFBQUFBQUFBQUFBQUFBQUFBQUFBQUFBQUFBQUFBQUFBQUFBQUFBQUFBQUFBQUFBQUFBQUFBQUFBQUFBQUFBQUFBQUFBQUFBQUFBQUFBQUFBQUFBQUFBQUFBQUFBQUFBQUFBQUFBQUFBQUFBQUFBQUFBQUFBQUFBQUFBQUFBQUFBQUFBQUFBQUFBQUFBQUFBQUFBQUFBQUFBQUFBQUFBQUFBQUFBQUFBQUFBQUFBQUFBQUFBQUFBQUFBQUFBQUFBQUFBQUFBQUFBQUFBQUFBQUFBQUFBQUFBQUFBQUFBQUFBQUFBQUFBQUFBQUFBQUFBQUFBQUFBQUFBQUFBQUFBQUFBQUFBQUFBQUFBQUFBQUFBQUFBQUFBQUFBQUFBQUFBQUFBQUFBQUFBQUFBQUFBQUFBQUFBQUFBQUFBQUFBQUFBQUFBQUFBQUFBQUFBQUFBQUFBQUFBQUFBQUFBQUFBQUFBQUFBQUFBQUFBQUFBQUFBQUFBQUFBQUFBQUFBQUFBQUFBQUFBQUFBQUFBQUFBQUFBQUFBQUFBQUFBQUFBQUFBQUFBQUFBQUFBQUFBQUFBQUFBQUFBQUFBQUFBQUFBQUFBQUFBQUFBQUFBQUFBQUFBQUFBQUFBQUFBQUFBQUFBQUFBQUFBQUFBQUFBQUFBQUFBQUFBQUFBQUFBQUFBQUFBQUFBQUFBQUFBQUFBQUFBQUFBQUFBQUFBQUFBQUFBQUFBQUFBQUFBQUFBQUFBQUFBQUFBQUFBQUFBQUFBQUFBQUFBQUFBQUFBQUFBQUFBQUFBQUFBQUFBQUFBQUFBQUFBQUFBQUFBQUFBQUFBQUFBQUFBQUFBQUFBQUFBQUFBQUFBQUFBQUFBQUFBQUFBQUFBQUFBQUFBQUFBQUFBQUFBQUFBQUFBQUFBQUFBQUFBQUFBQUFBQUFBQUFBQUFBQUFBQUFBQUFBQUFBQUFBQUFBQUFBQUFBQUFBQUFBQUFBQUFBQUFBQUFBQUFBQUFBQUFBQUFBQUFBQUFBQUFBQUFBQUFBQUFBQUFBQUFBQUFBQUFBQUFBQUFBQUFBQUFBQUFBQUFBQUFBQUFBQUFBQUFBQUFBQUFBQUFBQUFBQUFBQUFBQUFBQUFBQUFBQUFBQUFBQUFBQUFBQUFBQUFBQUFBQUFBQUFBQUFBQUFBQUFBQUFBQUFBQUFBQUFBQUFBQUFBQUFBQUFBQUFBQUFBQUFBQUFBQUFBQUFBQUFBQUFBQUFBQUFBQUFBQUFBQUFBQUFBQUFBQUFBQUFBQUFBQUFBQUFBQUFBQUFBQUFBQUFBQUFBQUFBQUFBQUFBQUFBQUFBQUFBQUFBQUFBQUFBQUFBQUFBQUFBQUFBQUFBQUFBQUFBQUFBQUFBQUFBQUFBQUFBQUFBQUFBQUFBQUFBQUFBQUFBQUFBQUFBQUFBQUFBQUFBQUFBQUFBQUFBQUFBQUFBQUFBQUFBQUFBQUFBQUFBQUFBQUFBQUFBQUFBQUFBQUFBQUFBQUFBQUFBQUFBQUFBQUFBQUFBQUFBQUFBQUFBQUFBQUFBQUFBQUFBQUFBQUFBQUFBQUFBQUFBQUFBQUFBQUFBQUFBQUFBQUFBQUFBQUFBQUFBQUFBQUFBQUFBQUFBQUFBQUFBQUFBQUFBQUFBQUFBQUFBQUFBQUFBQUFBQUFBQUFBQUFBQUFBQUFBQUFBQUFBQUFBQUFBQUFBQUFBQUFBQUFBQUFBQUFBQUFBQUFBQUFBQUFBQUFBQUFBQUFBQUFBQUFBQUFBQUFBQUFBQUFBQUFBQUFBQUFBQUFBQUFBQUFBQUFBQUFBQUFBQUFBQUFBQUFBQUFBQUFBQUFBQUFBQUFBQUFBQUFBQUFBQUFBQUFBQUFBQUFBQUFBQUFBQUFBQUFBQUFBQUFBQUFBQUFBQUFBQUFBQUFBQUFBQUFBQUFBQUFBQUFBQUFBQUFBQUFBQUFBQUFBQUFBQUFBQUFBQUFBQUFBQUFBQUFBQUFBQUFBQUFBQUFBQUFBQUFBQUFBQUFBQUFBQUFBQUFBQUFBQUFBQUFBQUFBQUFBQUFBQUFBQUFBQUFBQUFBQUFBQUFBQUFBQUFBQUFBQUFBQUFBQUFBQUFBQUFBQUFBQUFBQUFBQUFBQUFBQUFBQUFBQUFBQUFBQUFBQUFBQUFBQUFBQUFBQUFBQUFBQUFBQUFBQUFBQUFBQUFBQUFBQUFBQUFBQUFBQUFBQUFBQUFBQUFBQUFBQUFBQUFBQUFBQUFBQUFBQUFBQUFBQUFBQUFBQUFBQUFBQUFBQUFBQUFBQUFBQUFBQUFBQUFBQUFBQUFBQUFBQUFBQUFBQUFBQUFBQUFBQUFBQUFBQUFBQUFBQUFBQUFBQUFBQUFBQUFBQUFBQUFBQUFBQUFBQUFBQUFBQUFBQUFBQUFBQUFBQUFBQUFBQUFBQUFBQUFBQUFBQUFBQUFBQUFBQUFBQUFBQUFBQUFBQUFBQUFBQUFBQUFBQUFBQUFBQUFBQUFBQUFBQUFBQUFBQUFBQUFBQUFBQUFBQUFBQUFBQUFBQUFBQUFBQUFBQUFBQUFBQUFBQUFBQUFBQUFBQUFBQUFBQUFBQUFBQUFBQUFBQUFBQUFBQUFBQUFBQUFBQUFBQUFBQUFBQUFBQUFBQUFBQUFBQUFBQUFBQUFBQUFBQUFBQUFBQUFBQUFBQUFBQUFBQUFBQUFBQUFBQUFBQUFBQUFBQUFBQUFBQUFBQUFBQUFBQUFBQUFBQUFBQUFBQUFBQUFBQUFBQUFBQUFBQUFBQUFBQUFBQUFBQUFBQUFBQUFBQUFBQUFBQUFBQUFBQUFBQUFBQUFBQUFBQUFBQUFBQUFBQUFBQUFBQUFBQUFBQUFBQUFBQUFBQUFBQUFBQUFBQUFBQUFBQUFBQUFBQUFBQUFBQUFBQUFBQUFBQUFBQUFBQUFBQUFBQUFBQUFBQUFBQUFBQUFBQUFBQUFBQUFBQUFBQUFBQUFBQUFBQUFBQUFBQUFBQUFBQUFBQUFBQUFBQUFBQUFBQUFBQUFBQUFBQUFBQUFBQUFBQUFBQUFBQUFBQUFBQUFBQUFBQUFBQUFBQUFBQUFBQUFBQUFBQUFBQUFBQUFBQUFBQUFBQUFBQUFBQUFBQUFBQUFBQUFBQUFBQUFBQUFBQUFBQUFBQUFBQUFBQUFBQUFBQUFBQUFBQUFBQUFBQUFBQUFBQUFBQUFBQUFBQUFBQUFBQUFBQUFBQUFBQUFBQUFBQUFBQUFBQUFBQUFBQUFBQUFBQUFBQUFBQUFBQUFBQUFBQUFBQUFBQUFBQUFBQUFBQUFBQUFBQUFBQUFBQUFBQUFBQUFBQUFBQUFBQUFBQUFBQUFBQUFBQUFBQUFBQUFBQUFBQUFBQUFBQUFBQUFBQUFBQUFBQUFBQUFBQUFBQUFBQUFBQUFBQUFBQUFBQUFBQUFBQUFBQUFBQUFBQUFBQUFBQUFBQUFBQUFBQUFBQUFBQUFBQUFBQUFBQUFBQUFBQUFBQUFBQUFBQUFBQUFBQUFBQUFBQUFBQUFBQUFBQUFBQUFBQUFBQUFBQUFBQUFBQUFBQUFBQUFBQUFBQUFBQUFBQUFBQUFBQUFBQUFBQUFBQUFBQUFBQUFBQUFBQUFBQUFBQUFBQUFBQUFBQUFBQUFBQUFBQUFBQUFBQUFBQUFBQUFBQUFBQUFBQUFBQUFBQUFBQUFBQUFBQUFBQUFBQUFBQUFBQUFBQUFBQUFBQUFBQUFBQUFBQUFBQUFBQUFBQUFBQUFBQUFBQUFBQUFBQUFBQUFBQUFBQUFBQUFBQUFBQUFBQUFBQUFBQUFBQUFBQUFBQUFBQUFBQUFBQUFBQUFBQUFBQUFBQUFBQUFBQUFBQUFBQUFBQUFBQUFBQUFBQUFBQUFBQUFBQUFBQUFBQUFBQUFBQUFBQUFBQUFBQUFBQUFBQUFBQUFBQUFBQUFBQUFBQUFBQUFBQUFBQUFBQUFBQUFBQUFBQUFBQUFBQUFBQUFBQUFBQUFBQUFBQUFBQUFBQUFBQUFBQUFBQUFBQUFBQUFBQUFBQUFBQUFBQUFBQUFBQUFBQUFBQUFBQUFBQUFBQUFBQUFBQUFBQUFBQUFBQUFBQUFBQUFBQUFBQUFBQUFBQUFBQUFBQUFBQUFBQUFBQUFBQUFBQUFBQUFBQUFBQUFBQUFBQUFBQUFBQUFBQUFBQUFBQUFBQUFBQUFBQUFBQUFBQUFBQUFBQUFBQUFBQUFBQUFBQUFBQUFBQUFBQUFBQUFBQUFBQUFBQUFBQUFBQUFBQUFBQUFBQUFBQUFBQUFBQUFBQUFBQUFBQUFBQUFBQUFBQUFBQUFBQUFBQUFBQUFBQUFBQUFBQUFBQUFBQUFBQUFBQUFBQUFBQUFBQUFBQUFBQUFBQUFBQUFBQUFBQUFBQUFBQUFBQUFBQUFBQUFBQUFBQUFBQUFBQUFBQUFBQUFBQUFBQUFBQUFBQUFBQUFBQUFBQUFBQUFBQUFBQUFBQUFBQUFBQUFBQUFBQUFBQUFBQUFBQUFBQUFBQUFBQUFBQUFBQUFBQUFBQUFBQUFBQUFBQUFBQUFBQUFBQUFBQUFBQUFBQUFBQUFBQUFBQUFBQUFBQUFBQUFBQUFBQUFBQUFBQUFBQUFBQUFBQUFBQUFBQUFBQUFBQUFBQUFBQUFBQUFBQUFBQUFBQUFBQUFBQUFBQUFBQUFBQUFBQUFBQUFBQUFBQUFBQUFBQUFBQUFBQUFBQUFBQUFBQUFBQUFBQUFBQUFBQUFBQUFBQUFBQUFBQUFBQUFBQUFBQUFBQUFBQUFBQUFBQUFBQUFBQUFBQUFBQUFBQUFBQUFBQUFBQUFBQUFBQUFBQUFBQUFBQUFBQUFBQUFBQUFBQUFBQUFBQUFBQUFBQUFBQUFBQUFBQUFBQUFBQUFBQUFBQUFBQUFBQUFBQUFBQUFBQUFBQUFBQUFBQUFBQUFBQUFBQUFBQUFBQUFBQUFBQUFBQUFBQUFBQUFBQUFBQUFBQUFBQUFBQUFBQUFBQUFBQUFBQUFBQUFBQUFBQUFBQUFBQUFBQUFBQUFBQUFBQUFBQUFBQUFBQUFBQUFBQUFBQUFBQUFBQUFBQUFBQUFBQUFBQUFBQUFBQUFBQUFBQUFBQUFBQUFBQUFBQUFBQUFBQUFBQUFBQUFBQUFBQUFBQUFBQUFBQUFBQUFBQUFBQUFBQUFBQUFBQUFBQUFBQUFBQUFBQUFBQUFBQUFBQUFBQUFBQUFBQUFBQUFBQUFBQUFBQUFBQUFBQUFBQUFBQUFBQUFBQUFBQUFBQUFBQUFBQUFBQUFBQUFBQUFBQUFBQUFBQUFBQUFBQUFBQUFBQUFBQUFBQUFBQUFBQUFBQUFBQUFBQUFBQUFBQUFBQUFBQUFBQUFBQUFBQUFBQUFBQUFBQUFBQUFBQUFBQUFBQUFBQUFBQUFBQUFBQUFBQUFBQUFBQUFBQUFBQUFBQUFBQUFBQUFBQUFBQUFBQUFBQUFBQUFBQUFBQUFBQUFBQUFBQUFBQUFBQUFBQUFBQUFBQUFBQUFBQUFBQUFBQUFBQUFBQUFBQUFBQUFBQUFBQUFBQUFBQUFBQUFBQUFBQUFBQUFBQUFBQUFBQUFBQUFBQUFBQUFBQUFBQUFBQUFBQUFBQUFBQUFBQUFBQUFBQUFBQUFBQUFBQUFBQUFBQUFBQUFBQUFBQUFBQUFBQUFBQUFBQUFBQUFBQUFBQUFBQUFBQUFBQUFBQUFBQUFBQUFBQUFBQUFBQUFBQUFBQUFBQUFBQUFBQUFBQUFBQUFBQUFBQUFBQUFBQUFBQUFBQUFBQUFBQUFBQUFBQUFBQUFBQUFBQUFBQUFBQUFBQUFBQUFBQUFBQUFBQUFBQUFBQUFBQUFBQUFBQUFBQUFBQUFBQUFBQUFBQUFBQUFBQUFBQUFBQUFBQUFBQUFBQUFBQUFBQUFBQUFBQUFBQUFBQUFBQUFBQUFBQUFBQUFBQUFBQUFBQUFBQUFBQUFBQUFBQUFBQUFBQUFBQUFBQUFBQUFBQUFBQUFBQUFBQUFBQUFBQUFBQUFBQUFBQUFBQUFBQUFBQUFBQUFBQUFBQUFBQUFBQUFBQUFBQUFBQUFBQUFBQUFBQUFBQUFBQUFBQUFBQUFBQUFBQUFBQUFBQUFBQUFBQUFBQUFBQUFBQUFBQUFBQUFBQUFBQUFBQUFBQUFBQUFBQUFBQUFBQUFBQUFBQUFBQUFBQUFBQUFBQUFBQUFBQUFBQUFBQUFBQUFBQUFBQUFBQUFBQUFBQUFBQUFBQUFBQUFBQUFBQUFBQUFBQUFBQUFBQUFBQUFBQUFBQUFBQUFBQUFBQUFBQUFBQUFBQUFBQUFBQUFBQUFBQUFBQUFBQUFBQUFBQUFBQUFBQUFBQUFBQUFBQUFBQUFBQUFBQUFBQUFBQUFBQUFBQUFBQUFBQUFBQUFBQUFBQUFBQUFBQUFBQUFBQUFBQUFBQUFBQUFBQUFBQUFBQUFBQUFBQUFBQUFBQUFBQUFBQUFBQUFBQUFBQUFBQUFBQUFBQUFBQUFBQUFBQUFBQUFBQUFBQUFBQUFBQUFBQUFBQUFBQUFBQUFBQUFBQUFBQUFBQUFBQUFBQUFBQUFBQUFBQUFBQUFBQUFBQUFBQUFBQUFBQUFBQUFBQUFBQUFBQUFBQUFBQUFBQUFBQUFBQUFBQUFBQUFBQUFBQUFBQUFBQUFBQUFBQUFBQUFBQUFBQUFBQUFBQUFBQUFBQUFBQUFBQUFBQUFBQUFBQUFBQUFBQUFBQUFBQUFBQUFBQUFBQUFBQUFBQUFBQUFBQUFBQUFBQUFBQUFBQUFBQUFBQUFBQUFBQUFBQUFBQUFBQUFBQUFBQUFBQUFBQUFBQUFBQUFBQUFBQUFBQUFBQUFBQUFBQUFBQUFBQUFBQUFBQUFBQUFBQUFBQUFBQUFBQUFBQUFBQUFBQUFBQUFBQUFBQUFBQUFBQUFBQUFBQUFBQUFBQUFBQUFBQUFBQUFBQUFBQUFBQUFBQUFBQUFBQUFBQUFBQUFBQUFBQUFBQUFBQUFBQUFBQUFBQUFBQUFBQUFBQUFBQUFBQUFBQUFBQUFBQUFBQUFBQUFBQUFBQUFBQUFBQUFBQUFBQUFBQUFBQUFBQUFBQUFBQUFBQUFBQUFBQUFBQUFBQUFBQUFBQUFBQUFBQUFBQUFBQUFBQUFBQUFBQUFBQUFBQUFBQUFBQUFBQUFBQUFBQUFBQUFBQUFBQUFBQUFBQUFBQUFBQUFBQUFBQUFBQUFBQUFBQUFBQUFBQUFBQUFBQUFBQUFBQUFBQUFBQUFBQUFBQUFBQUFBQUFBQUFBQUFBQUFBQUFBQUFBQUFBQUFBQUFBQUFBQUFBQUFBQUFBQUFBQUFBQUFBQUFBQUFBQUFBQUFBQUFBQUFBQUFBQUFBQUFBQUFBQUFBQUFBQUFBQUFBQUFBQUFBQUFBQUFBQUFBQUFBQUFBQUFBQUFBQUFBQUFBQUFBQUFBQUFBQUFBQUFBQUFBQUFBQUFBQUFBQUFBQUFBQUFBQUFBQUFBQUFBQUFBQUFBQUFBQUFBQUFBQUFBQUFBQUFBQUFBQUFBQUFBQUFBQUFBQUFBQUFBQUFBQUFBQUFBQUFBQUFBQUFBQUFBQUFBQUFBQUFBQUFBQUFBQUFBQUFBQUFBQUFBQUFBQUFBQUFBQUFBQUFBQUFBQUFBQUFBQUFBQUFBQUFBQUFBQUFBQUFBQUFBQUFBQUFBQUFBQUFBQUFBQUFBQUFBQUFBQUFBQUFBQUFBQUFBQUFBQUFBQUFBQUFBQUFBQUFBQUFBQUFBQUFBQUFBQUFBQUFBQUFBQUFBQUFBQUFBQUFBQUFBQUFBQUFBQUFBQUFBQUFBQUFBQUFBQUFBQUFBQUFBQUFBQUFBQUFBQUFBQUFBQUFBQUFBQUFBQUFBQUFBQUFBQUFBQUFBQUFBQUFBQUFBQUFBQUFBQUFBQUFBQUFBQUFBQUFBQUFBQUFBQUFBQUFBQUFBQUFBQUFBQUFBQUFBQUFBQUFBQUFBQUFBQUFBQUFBQUFBQUFBQUFBQUFBQUFBQUFBQUFBQUFBQUFBQUFBQUFBQUFBQUFBQUFBQUFBQUFBQUFBQUFBQUFBQUFBQUFBQUFBQUFBQUFBQUFBQUFBQUFBQUFBQUFBQUFBQUFBQUFBQUFBQUFBQUFBQUFBQUFBQUFBQUFBQUFBQUFBQUFBQUFBQUFBQUFBQUFBQUFBQUFBQUFBQUFBQUFBQUFBQUFBQUFBQUFBQUFBQUFBQUFBQUFBQUFBQUFBQUFBQUFBQUFBQUFBQUFBQUFBQUFBQUFBQUFBQUFBQUFBQUFBQUFBQUFBQUFBQUFBQUFBQUFBQUFBQUFBQUFBQUFBQUFBQUFBQUFBQUFBQUFBQUFBQUFBQUFBQUFBQUFBQUFBQUFBQUFBQUFBQUFBQUFBQUFBQUFBQUFBQUFBQUFBQUFBQUFBQUFBQUFBQUFBQUFBQUFBQUFBQUFBQUFBQUFBQUFBQUFBQUFBQUFBQUFBQUFBQUFBQUFBQUFBQUFBQUFBQUFBQUFBQUFBQUFBQUFBQUFBQUFBQUFBQUFBQUFBQUFBQUFBQUFBQUFBQUFBQUFBQUFBQUFBQUFBQUFBQUFBQUFBQUFBQUFBQUFBQUFBQUFBQUFBQUFBQUFBQUFBQUFBQUFBQUFBQUFBQUFBQUFBQUFBQUFBQUFBQUFBQUFBQUFBQUFBQUFBQUFBQUFBQUFBQUFBQUFBQUFBQUFBQUFBQUFBQUFBQUFBQUFBQUFBQUFBQUFBQUFBQUFBQUFBQUFBQUFBQUFBQUFBQUFBQUFBQUFBQUFBQUFBQUFBQUFBQUFBQUFBQUFBQUFBQUFBQUFBQUFBQUFBQUFBQUFBQUFBQUFBQUFBQUFBQUFBQUFBQUFBQUFBQUFBQUFBQUFBQUFBQUFBQUFBQUFBQUFBQUFBQUFBQUFBQUFBQUFBQUFBQUFBQUFBQUFBQUFBQUFBQUFBQUFBQUFBQUFBQUFBQUFBQUFBQUFBQUFBQUFBQUFBQUFBQUFBQUFBQUFBQUFBQUFBQUFBQUFBQUFBQUFBQUFBQUFBQUFBQUFBQUFBQUFBQUFBQUFBQUFBQUFBQUFBQUFBQUFBQUFBQUFBQUFBQUFBQUFBQUFBQUFBQUFBQUFBQUFBQUFBQUFBQUFBQUFBQUFBQUFBQUFBQUFBQUFBQUFBQUFBQUFBQUFBQUFBQUFBQUFBQUFBQUFBQUFBQUFBQUFBQUFBQUFBQUFBQUFBQUFBQUFBQUFBQUFBQUFBQUFBQUFBQUFBQUFBQUFBQUFBQUFBQUFBQUFBQUFBQUFBQUFBQUFBQUFBQUFBQUFBQUFBQUFBQUFBQUFBQUFBQUFBQUFBQUFBQUFBQUFBQUFBQUFBQUFBQUFBQUFBQUFBQUFBQUFBQUFBQUFBQUFBQUFBQUFBQUFBQUFBQUFBQUFBQUFBQUFBQUFBQUFBQUFBQUFBQUFBQUFBQUFBQUFBQUFBQUFBQUFBQUFBQUFBQUFBQUFBQUFBQUFBQUFBQUFBQUFBQUFBQUFBQUFBQUFBQUFBQUFBQUFBQUFBQUFBQUFBQUFBQUFBQUFBQUFBQUFBQUFBQUFBQUFBQUFBQUFBQUFBQUFBQUFBQUFBQUFBQUFBQUFBQUFBQUFBQUFBQUFBQUFBQUFBQUFBQUFBQUFBQUFBQUFBQUFBQUFBQUFBQUFBQUFBQUFBQUFBQUFBQUFBQUFBQUFBQUFBQUFBQUFBQUFBQUFBQUFBQUFBQUFBQUFBQUFBQUFBQUFBQUFBQUFBQUFBQUFBQUFBQUFBQUFBQUFBQUFBQUFBQUFBQUFBQUFBQUFBQUFBQUFBQUFBQUFBQUFBQUFBQUFBQUFBQUFBQUFBQUFBQUFBQUFBQUFBQUFBQUFBQUFBQUFBQUFBQUFBQUFBQUFBQUFBQUFBQUFBQUFBQUFBQUFBQUFBQUFBQUFBQUFBQUFBQUFBQUFBQUFBQUFBQUFBQUFBQUFBQUFBQUFBQUFBQUFBQUFBQUFBQUFBQUFBQUFBQUFBQUFBQUFBQUFBQUFBQUFBQUFBQUFBQUFBQUFBQUFBQUFBQUFBQUFBQUFBQUFBQUFBQUFBQUFBQUFBQUFBQUFBQUFBQUFBQUFBQUFBQUFBQUFBQUFBQUFBQUFBQUFBQUFBQUFBQUFBQUFBQUFBQUFBQUFBQUFBQUFBQUFBQUFBQUFBQUFBQUFBQUFBQUFBQUFBQUFBQUFBQUFBQUFBQUFBQUFBQUFBQUFBQUFBQUFBQUFBQUFBQUFBQUFBQUFBQUFBQUFBQUFBQUFBQUFBQUFBQUFBQUFBQUFBQUFBQUFBQUFBQUFBQUFBQUFBQUFBQUFBQUFBQUFBQUFBQUFBQUFBQUFBQUFBQUFBQUFBQUFBQUFBQUFBQUFBQUFBQUFBQUFBQUFBQUFBQUFBQUFBQUFBQUFBQUFBQUFBQUFBQUFBQUFBQUFBQUFBQUFBQUFBQUFBQUFBQUFBQUFBQUFBQUFBQUFBQUFBQUFBQUFBQUFBQUFBQUFBQUFBQUFBQUFBQUFBQUFBQUFBQUFBQUFBQUFBQUFBQUFBQUFBQUFBQUFBQUFBQUFBQUFBQUFBQUFBQUFBQUFBQUFBQUFBQUFBQUFBQUFBQUFBQUFBQUFBQUFBQUFBQUFBQUFBQUFBQUFBQUFBQUFBQUFBQUFBQUFBQUFBQUFBQUFBQUFBQUFBQUFBQUFBQUFBQUFBQUFBQUFBQUFBQUFBQUFBQUFBQUFBQUFBQUFBQUFBQUFBQUFBQUFBQUFBQUFBQUFBQUFBQUFBQUFBQUFBQUFBQUFBQUFBQUFBQUFBQUFBQUFBQUFBQUFBQUFBQUFBQUFBQUFBQUFBQUFBQUFBQUFBQUFBQUFBQUFBQUFBQUFBQUFBQUFBQUFBQUFBQUFBQUFBQUFBQUFBQUFBQUFBQUFBQUFBQUFBQUFBQUFBQUFBQUFBQUFBQUFBQUFBQUFBQUFBQUFBQUFBQUFBQUFBQUFBQUFBQUFBQUFBQUFBQUFBQUFBQUFBQUFBQUFBQUFBQUFBQUFBQUFBQUFBQUFBQUFBQUFBQUFBQUFBQUFBQUFBQUFBQUFBQUFBQUFBQUFBQUFBQUFBQUFBQUFBQUFBQUFBQUFBQUFBQUFBQUFBQUFBQUFBQUFBQUFBQUFBQUFBQUFBQUFBQUFBQUFBQUFBQUFBQUFBQUFBQUFBQUFBQUFBQUFBQUFBQUFBQUFBQUFBQUFBQUFBQUFBQUFBQUFBQUFBQUFBQUFBQUFBQUFBQUFBQUFBQUFBQUFBQUFBQUFBQUFBQUFBQUFBQUFBQUFBQUFBQUFBQUFBQUFBQUFBQUFBQUFBQUFBQUFBQUFBQUFBQUFBQUFBQUFBQUFBQUFBQUFBQUFBQUFBQUFBQUFBQUFBQUFBQUFBQUFBQUFBQUFBQUFBQUFBQUFBQUFBQUFBQUFBQUFBQUFBQUFBQUFBQUFBQUFBQUFBQUFBQUFBQUFBQUFBQUFBQUFBQUFBQUFBQUFBQUFBQUFBQUFBQUFBQUFBQUFBQUFBQUFBQUFBQUFBQUFBQUFBQUFBQUFBQUFBQUFBQUFBQUFBQUFBQUFBQUFBQUFBQUFBQUFBQUFBQUFBQUFBQUFBQUFBQUFBQUFBQUFBQUFBQUFBQUFBQUFBQUFBQUFBQUFBQUFBQUFBQUFBQUFBQUFBQUFBQUFBQUFBQUFBQUFBQUFBQUFBQUFBQUFBQUFBQUFBQUFBQUFBQUFBQUFBQUFBQUFBQUFBQUFBQUFBQUFBQUFBQUFBQUFBQUFBQUFBQUFBQUFBQUFBQUFBQUFBQUFBQUFBQUFBQUFBQUFBQUFBQUFBQUFBQUFBQUFBQUFBQUFBQUFBQUFBQUFBQUFBQUFBQUFBQUFBQUFBQUFBQUFBQUFBQUFBQUFBQUFBQUFBQUFBQUFBQUFBQUFBQUFBQUFBQUFBQUFBQUFBQUFBQUFBQUFBQUFBQUFBQUFBQUFBQUFBQUFBQUFBQUFBQUFBQUFBQUFBQUFBQUFBQUFBQUFBQUFBQUFBQUFBQUFBQUFBQUFBQUFBQUFBQUFBQUFBQUFBQUFBQUFBQUFBQUFBQUFBQUFBQUFBQUFBQUFBQUFBQUFBQUFBQUFBQUFBQUFBQUFBQUFBQUFBQUFBQUFBQUFBQUFBQUFBQUFBQUFBQUFBQUFBQUFBQUFBQUFBQUFBQUFBQUFBQUFBQUFBQUFBQUFBQUFBQUFBQUFBQUFBQUFBQUFBQUFBQUFBQUFBQUFBQUFBQUFBQUFBQUFBQUFBQUFBQUFBQUFBQUFBQUFBQUFBQUFBQUFBQUFBQUFBQUFBQUFBQUFBQUFBQUFBQUFBQUFBQUFBQUFBQUFBQUFBQUFBQUFBQUFBQUFBQUFBQUFBQUFBQUFBQUFBQUFBQUFBQUFBQUFBQUFBQUFBQUFBQUFBQUFBQUFBQUFBQUFBQUFBQUFBQUFBQUFBQUFBQUFBQUFBQUFBQUFBQUFBQUFBQUFBQUFBQUFBQUFBQUFBQUFBQUFBQUFBQUFBQUFBQUFBQUFBQUFBQUFBQUFBQUFBQUFBQUFBQUFBQUFBQUFBQUFBQUFBQUFBQUFBQUFBQUFBQUFBQUFBQUFBQUFBQUFBQUFBQUFBQUFBQUFBQUFBQUFBQUFBQUFBQUFBQUFBQUFBQUFBQUFBQUFBQUFBQUFBQUFBQUFBQUFBQUFBQUFBQUFBQUFBQUFBQUFBQUFBQUFBQUFBQUFBQUFBQUFBQUFBQUFBQUFBQUFBQUFBQUFBQUFBQUFBQUFBQUFBQUFBQUFBQUFBQUFBQUFBQUFBQUFBQUFBQUFBQUFBQUFBQUFBQUFBQUFBQUFBQUFBQUFBQUFBQUFBQUFBQUFBQUFBQUFBQUFBQUFBQUFBQUFBQUFBQUFBQUFBQUFBQUFBQUFBQUFBQUFBQUFBQUFBQUFBQUFBQUFBQUFBQUFBQUFBQUFBQUFBQUFBQUFBQUFBQUFBQUFBQUFBQUFBQUFBQUFBQUFBQUFBQUFBQUFBQUFBQUFBQUFBQUFBQUFBQUFBQUFBQUFBQUFBQUFBQUFBQUFBQUFBQUFBQUFBQUFBQUFBQUFBQUFBQUFBQUFBQUFBQUFBQUFBQUFBQUFBQUFBQUFBQUFBQUFBQUFBQUFBQUFBQUFBQUFBQUFBQUFBQUFBQUFBQUFBQUFBQUFBQUFBQUFBQUFBQUFBQUFBQUFBQUFBQUFBQUFBQUFBQUFBQUFBQUFBQUFBQUFBQUFBQUFBQUFBQUFBQUFBQUFBQUFBQUFBQUFBQUFBQUFBQUFBQUFBQUFBQUFBQUFBQUFBQUFBQUFBQUFBQUFBQUFBQUFBQUFBQUFBQUFBQUFBQUFBQUFBQUFBQUFBQUFBQUFBQUFBQUFBQUFBQUFBQUFBQUFBQUFBQUFBQUFBQUFBQUFBQUFBQUFBQUFBQUFBQUFBQUFBQUFBQUFBQUFBQUFBQUFBQUFBQUFBQUFBQUFBQUFBQUFBQUFBQUFBQUFBQUFBQUFBQUFBQUFBQUFBQUFBQUFBQUFBQUFBQUFBQUFBQUFBQUFBQUFBQUFBQUFBQUFBQUFBQUFBQUFBQUFBQUFBQUFBQUFBQUFBQUFBQUFBQUFBQUFBQUFBQUFBQUFBQUFBQUFBQUFBQUFBQUFBQUFBQUFBQUFBQUFBQUFBQUFBQUFBQUFBQUFBQUFBQUFBQUFBQUFBQUFBQUFBQUFBQUFBQUFBQUFBQUFBQUFBQUFBQUFBQUFBQUFBQUFBQUFBQUFBQUFBQUFBQUFBQUFBQUFBQUFBQUFBQUFBQUFBQUFBQUFBQUFBQUFBQUFBQUFBQUFBQUFBQUFBQUFBQUFBQUFBQUFBQUFBQUFBQUFBQUFBQUFBQUFBQUFBQUFBQUFBQUFBQUFBQUFBQUFBQUFBQUFBQUFBQUFBQUFBQUFBQUFBQUFBQUFBQUFBQUFBQUFBQUFBQUFBQUFBQUFBQUFBQUFBQUFBQUFBQUFBQUFBQUFBQUFBQUFBQUFBQUFBQUFBQUFBQUFBQUFBQUFBQUFBQUFBQUFBQUFBQUFBQUFBQUFBQUFBQUFBQUFBQUFBQUFBQUFBQUFBQUFBQUFBQUFBQUFBQUFBQUFBQUFBQUFBQUFBQUFBQUFBQUFBQUFBQUFBQUFBQUFBQUFBQUFBQUFBQUFBQUFBQUFBQUFBQUFBQUFBQUFBQUFBQUFBQUFBQUFBQUFBQUFBQUFBQUFBQUFBQUFBQUFBQUFBQUFBQUFBQUFBQUFBQUFBQUFBQUFBQUFBQUFBQUFBQUFBQUFBQUFBQUFBQUFBQUFBQUFBQUFBQUFBQUFBQUFBQUFBQUFBQUFBQUFBQUFBQUFBQUFBQUFBQUFBQUFBQUFBQUFBQUFBQUFBQUFBQUFBQUFBQUFBQUFBQUFBQUFBQUFBQUFBQUFBQUFBQUFBQUFBQUFBQUFBQUFBQUFBQUFBQUFBQUFBQUFBQUFBQUFBQUFBQUFBQUFBQUFBQUFBQUFBQUFBQUFBQUFBQUFBQUFBQUFBQUFBQUFBQUFBQUFBQUFBQUFBQUFBQUFBQUFBQUFBQUFBQUFBQUFBQUFBQUFBQUFBQUFBQUFBQUFBQUFBQUFBQUFBQUFBQUFBQUFBQUFBQUFBQUFBQUFBQUFBQUFBQUFBQUFBQUFBQUFBQUFBQUFBQUFBQUFBQUFBQUFBQUFBQUFBQUFBQUFBQUFBQUFBQUFBQUFBQUFBQUFBQUFBQUFBQUFBQUFBQUFBQUFBQUFBQUFBQUFBQUFBQUFBQUFBQUFBQUFBQUFBQUFBQUFBQUFBQUFBQUFBQUFBQUFBQUFBQUFBQUFBQUFBQUFBQUFBQUFBQUFBQUFBQUFBQUFBQUFBQUFBQUFBQUFBQUFBQUFBQUFBQUFBQUFBQUFBQUFBQUFBQUFBQUFBQUFBQUFBQUFBQUFBQUFBQUFBQUFBQUFBQUFBQUFBQUFBQUFBQUFBQUFBQUFBQUFBQUFBQUFBQUFBQUFBQUFBQUFBQUFBQUFBQUFBQUFBQUFBQUFBQUFBQUFBQUFBQUFBQUFBQUFBQUFBQUFBQUFBQUFBQUFBQUFBQUFBQUFBQUFBQUFBQUFBQUFBQUFBQUFBQUFBQUFBQUFBQUFBQUFBQUFBQUFBQUFBQUFBQUFBQUFBQUFBQUFBQUFBQUFBQUFBQUFBQUFBQUFBQUFBQUFBQUFBQUFBQUFBQUFBQUFBQUFBQUFBQUFBQUFBQUFBQUFBQUFBQUFBQUFBQUFBQUFBQUFBQUFBQUFBQUFBQUFBQUFBQUFBQUFBQUFBQUFBQUFBQUFBQUFBQUFBQUFBQUFBQUFBQUFBQUFBQUFBQUFBQUFBQUFBQUFBQUFBQUFBQUFBQUFBQUFBQUFBQUFBQUFBQUFBQUFBQUFBQUFBQUFBQUFBQUFBQUFBQUFBQUFBQUFBQUFBQUFBQUFBQUFBQUFBQUFBQUFBQUFBQUFBQUFBQUFBQUFBQUFBQUFBQUFBQUFBQUFBQUFBQUFBQUFBQUFBQUFBQUFBQUFBQUFBQUFBQUFBQUFBQUFBQUFBQUFBQUFBQUFBQUFBQUFBQUFBQUFBQUFBQUFBQUFBQUFBQUFBQUFBQUFBQUFBQUFBQUFBQUFBQUFBQUFBQUFBQUFBQUFBQUFBQUFBQUFBQUFBQUFBQUFBQUFBQUFBQUFBQUFBQUFBQUFBQUFBQUFBQUFBQUFBQUFBQUFBQUFBQUFBQUFBQUFBQUFBQUFBQUFBQUFBQUFBQUFBQUFBQUFBQUFBQUFBQUFBQUFBQUFBQUFBQUFBQUFBQUFBQUFBQUFBQUFBQUFBQUFBQUFBQUFBQUFBQUFBQUFBQUFBQUFBQUFBQUFBQUFBQUFBQUFBQUFBQUFBQUFBQUFBQUFBQUFBQUFBQUFBQUFBQUFBQUFBQUFBQUFBQUFBQUFBQUFBQUFBQUFBQUFBQUFBQUFBQUFBQUFBQUFBQUFBQUFBQUFBQUFBQUFBQUFBQUFBQUFBQUFBQUFBQUFBQUFBQUFBQUFBQUFBQUFBQUFBQUFBQUFBQUFBQUFBQUFBQUFBQUFBQUFBQUFBQUFBQUFBQUFBQUFBQUFBQUFBQUFBQUFBQUFBQUFBQUFBQUFBQUFBQUFBQUFBQUFBQUFBQUFBQUFBQUFBQUFBQUFBQUFBQUFBQUFBQUFBQUFBQUFBQUFBQUFBQUFBQUFBQUFBQUFBQUFBQUFBQUFBQUFBQUFBQUFBQUFBQUFBQUFBQUFBQUFBQUFBQUFBQUFBQUFBQUFBQUFBQUFBQUFBQUFBQUFBQUFBQUFBQUFBQUFBQUFBQUFBQUFBQUFBQUFBQUFBQUFBQUFBQUFBQUFBQUFBQUFBQUFBQUFBQUFBQUFBQUFBQUFBQUFBQUFBQUFBQUFBQUFBQUFBQUFBQUFBQUFBQUFBQUFBQUFBQUFBQUFBQUFBQUFBQUFBQUFBQUFBQUFBQUFBQUFBQUFBQUFBQUFBQUFBQUFBQUFBQUFBQUFBQUFBQUFBQUFBQUFBQUFBQUFBQUFBQUFBQUFBQUFBQUFBQUFBQUFBQUFBQUFBQUFBQUFBQUFBQUFBQUFBQUFBQUFBQUFBQUFBQUFBQUFBQUFBQUFBQUFBQUFBQUFBQUFBQUFBQUFBQUFBQUFBQUFBQUFBQUFBQUFBQUFBQUFBQUFBQUFBQUFBQUFBQUFBQUFBQUFBQUFBQUFBQUFBQUFBQUFBQUFBQUFBQUFBQUFBQUFBQUFBQUFBQUFBQUFBQUFBQUFBQUFBQUFBQUFBQUFBQUFBQUFBQUFBQUFBQUFBQUFBQUFBQUFBQUFBQUFBQUFBQUFBQUFBQUFBQUFBQUFBQUFBQUFBQUFBQUFBQUFBQUFBQUFBQUFBQUFBQUFBQUFBQUFBQUFBQUFBQUFBQUFBQUFBQUFBQUFBQUFBQUFBQUFBQUFBQUFBQUFBQUFBQUFBQUFBQUFBQUFBQUFBQUFBQUFBQUFBQUFBQUFBQUFBQUFBQUFBQUFBQUFBQUFBQUFBQUFBQUFBQUFBQUFBQUFBQUFBQUFBQUFBQUFBQUFBQUFBQUFBQUFBQUFBQUFBQUFBQUFBQUFBQUFBQUFBQUFBQUFBQUFBQUFBQUFBQUFBQUFBQUFBQUFBQUFBQUFBQUFBQUFBQUFBQUFBQUFBQUFBQUFBQUFBQUFBQUFBQUFBQUFBQUFBQUFBQUFBQUFBQUFBQUFBQUFBQUFBQUFBQUFBQUFBQUFBQUFBQUFBQUFBQUFBQUFBQUFBQUFBQUFBQUFBQUFBQUFBQUFBQUFBQUFBQUFBQUFBQUFBQUFBQUFBQUFBQUFBQUFBQUFBQUFBQUFBQUFBQUFBQUFBQUFBQUFBQUFBQUFBQUFBQUFBQUFBQUFBQUFBQUFBQUFBQUFBQUFBQUFBQUFBQUFBQUFBQUFBQUFBQUFBQUFBQUFBQUFBQUFBQUFBQUFBQUFBQUFBQUFBQUFBQUFBQUFBQUFBQUFBQUFBQUFBQUFBQUFBQUFBQUFBQUFBQUFBQUFBQUFBQUFBQUFBQUFBQUFBQUFBQUFBQUFBQUFBQUFBQUFBQUFBQUFBQUFBQUFBQUFBQUFBQUFBQUFBQUFBQUFBQUFBQUFBQUFBQUFBQUFBQUFBQUFBQUFBQUFBQUFBQUFBQUFBQUFBQUFBQUFBQUFBQUFBQUFBQUFBQUFBQUFBQUFBQUFBQUFBQUFBQUFBQUFBQUFBQUFBQUFBQUFBQUFBQUFBQUFBQUFBQUFBQUFBQUFBQUFBQUFBQUFBQUFBQUFBQUFBQUFBQUFBQUFBQUFBQUFBQUFBQUFBQUFBQUFBQUFBQUFBQUFBQUFBQUFBQUFBQUFBQUFBQUFBQUFBQUFBQUFBQUFBQUFBQUFBQUFBQUFBQUFBQUFBQUFBQUFBQUFBQUFBQUFBQUFBQUFBQUFBQUFBQUFBQUFBQUFBQUFBQUFBQUFBQUFBQUFBQUFBQUFBQUFBQUFBQUFBQUFBQUFBQUFBQUFBQUFBQUFBQUFBQUFBQUFBQUFBQUFBQUFBQUFBQUFBQUFBQUFBQUFBQUFBQUFBQUFBQUFBQUFBQUFBQUFBQUFBQUFBQUFBQUFBQUFBQUFBQUFBQUFBQUFBQUFBQUFBQUFBQUFBQUFBQUFBQUFBQUFBQUFBQUFBQUFBQUFBQUFBQUFBQUFBQUFBQUFBQUFBQUFBQUFBQUFBQUFBQUFBQUFBQUFBQUFBQUFBQUFBQUFBQUFBQUFBQUFBQUFBQUFBQUFBQUFBQUFBQUFBQUFBQUFBQUFBQUFBQUFBQUFBQUFBQUFBQUFBQUFBQUFBQUFBQUFBQUFBQUFBQUFBQUFBQUFBQUFBQUFBQUFBQUFBQUFBQUFBQUFBQUFBQUFBQUFBQUFBQUFBQUFBQUFBQUFBQUFBQUFBQUFBQUFBQUFBQUFBQUFBQUFBQUFBQUFBQUFBQUFBQUFBQUFBQUFBQUFBQUFBQUFBQUFBQUFBQUFBQUFBQUFBQUFBQUFBQUFBQUFBQUFBQUFBQUFBQUFBQUFBQUFBQUFBQUFBQUFBQUFBQUFBQUFBQUFBQUFBQUFBQUFBQUFBQUFBQUFBQUFBQUFBQUFBQUFBQUFBQUFBQUFBQUFBQUFBQUFBQUFBQUFBQUFBQUFBQUFBQUFBQUFBQUFBQUFBQUFBQUFBQUFBQUFBQUFBQUFBQUFBQUFBQUFBQUFBQUFBQUFBQUFBQUFBQUFBQUFBQUFBQUFBQUFBQUFBQUFBQUFBQUFBQUFBQUFBQUFBQUFBQUFBQUFBQUFBQUFBQUFBQUFBQUFBQUFBQUFBQUFBQUFBQUFBQUFBQUFBQUFBQUFBQUFBQUFBQUFBQUFBQUFBQUFBQUFBQUFBQUFBQUFBQUFBQUFBQUFBQUFBQUFBQUFBQUFBQUFBQUFBQUFBQUFBQUFBQUFBQUFBQUFBQUFBQUFBQUFBQUFBQUFBQUFBQUFBQUFBQUFBQUFBQUFBQUFBQUFBQUFBQUFBQUFBQUFBQUFBQUFBQUFBQUFBQUFBQUFBQUFBQUFBQUFBQUFBQUFBQUFBQUFBQUFBQUFBQUFBQUFBQUFBQUFBQUFBQUFBQUFBQUFBQUFBQUFBQUFBQUFBQUFBQUFBQUFBQUFBQUFBQUFBQUFBQUFBQUFBQUFBQUFBQUFBQUFBQUFBQUFBQUFBQUFBQUFBQUFBQUFBQUFBQUFBQUFBQUFBQUFBQUFBQUFBQUFBQUFBQUFBQUFBQUFBQUFBQUFBQUFBQUFBQUFBQUFBQUFBQUFBQUFBQUFBQUFBQUFBQUFBQUFBQUFBQUFBQUFBQUFBQUFBQUFBQUFBQUFBQUFBQUFBQUFBQUFBQUFBQUFBQUFBQUFBQUFBQUFBQUFBQUFBQUFBQUFBQUFBQUFBQUFBQUFBQUFBQUFBQUFBQUFBQUFBQUFBQUFBQUFBQUFBQUFBQUFBQUFBQUFBQUFBQUFBQUFBQUFBQUFBQUFBQUFBQUFBQUFBQUFBQUFBQUFBQUFBQUFBQUFBQUFBQUFBQUFBQUFBQUFBQUFBQUFBQUFBQUFBQUFBQUFBQUFBQUFBQUFBQUFBQUFBQUFBQUFBQUFBQUFBQUFBQUFBQUFBQUFBQUFBQUFBQUFBQUFBQUFBQUFBQUFBQUFBQUFBQUFBQUFBQUFBQUFBQUFBQUFBQUFBQUFBQUFBQUFBQUFBQUFBQUFBQUFBQUFBQUFBQUFBQUFBQUFBQUFBQUFBQUFBQUFBQUFBQUFBQUFBQUFBQUFBQUFBQUFBQUFBQUFBQUFBQUFBQUFBQUFBQUFBQUFBQUFBQUFBQUFBQUFBQUFBQUFBQUFBQUFBQUFBQUFBQUFBQUFBQUFBQUFBQUFBQUFBQUFBQUFBQUFBQUFBQUFBQUFBQUFBQUFBQUFBQUFBQUFBQUFBQUFBQUFBQUFBQUFBQUFBQUFBQUFBQUFBQUFBQUFBQUFBQUFBQUFBQUFBQUFBQUFBQUFBQUFBQUFBQUFBQUFBQUFBQUFBQUFBQUFBQUFBQUFBQUFBQUFBQUFBQUFBQUFBQUFBQUFBQUFBQUFBQUFBQUFBQUFBQUFBQUFBQUFBQUFBQUFBQUFBQUFBQUFBQUFBQUFBQUFBQUFBQUFBQUFBQUFBQUFBQUFBQUFBQUFBQUFBQUFBQUFBQUFBQUFBQUFBQUFBQUFBQUFBQUFBQUFBQUFBQUFBQUFBQUFBQUFBQUFBQUFBQUFBQUFBQUFBQUFBQUFBQUFBQUFBQUFBQUFBQUFBQUFBQUFBQUFBQUFBQUFBQUFBQUFBQUFBQUFBQUFBQUFBQUFBQUFBQUFBQUFBQUFBQUFBQUFBQUFBQUFBQUFBQUFBQUFBQUFBQUFBQUFBQUFBQUFBQUFBQUFBQUFBQUFBQUFBQUFBQUFBQUFBQUFBQUFBQUFBQUFBQUFBQUFBQUFBQUFBQUFBQUFBQUFBQUFBQUFBQUFBQUFBQUFBQUFBQUFBQUFBQUFBQUFBQUFBQUFBQUFBQUFBQUFBQUFBQUFBQUFBQUFBQUFBQUFBQUFBQUFBQUFBQUFBQUFBQUFBQUFBQUFBQUFBQUFBQUFBQUFBQUFBQUFBQUFBQUFBQUFBQUFBQUFBQUFBQUFBQUFBQUFBQUFBQUFBQUFBQUFBQUFBQUFBQUFBQUFBQUFBQUFBQUFBQUFBQUFBQUFBQUFBQUFBQUFBQUFBQUFBQUFBQUFBQUFBQUFBQUFBQUFBQUFBQUFBQUFBQUFBQUFBQUFBQUFBQUFBQUFBQUFBQUFBQUFBQUFBQUFBQUFBQUFBQUFBQUFBQUFBQUFBQUFBQUFBQUFBQUFBQUFBQUFBQUFBQUFBQUFBQUFBQUFBQUFBQUFBQUFBQUFBQUFBQUFBQUFBQUFBQUFBQUFBQUFBQUFBQUFBQUFBQUFBQUFBQUFBQUFBQUFBQUFBQUFBQUFBQUFBQUFBQUFBQUFBQUFBQUFBQUFBQUFBQUFBQUFBQUFBQUFBQUFBQUFBQUFBQUFBQUFBQUFBQUFBQUFBQUFBQUFBQUFBQUFBQUFBQUFBQUFBQUFBQUFBQUFBQUFBQUFBQUFBQUFBQUFBQUFBQUFBQUFBQUFBQUFBQUFBQUFBQUFBQUFBQUFBQUFBQUFBQUFBQUFBQUFBQUFBQUFBQUFBQUFBQUFBQUFBQUFBQUFBQUFBQUFBQUFBQUFBQUFBQUFBQUFBQUFBQUFBQUFBQUFBQUFBQUFBQUFBQUFBQUFBQUFBQUFBQUFBQUFBQUFBQUFBQUFBQUFBQUFBQUFBQUFBQUFBQUFBQUFBQUFBQUFBQUFBQUFBQUFBQUFBQUFBQUFBQUFBQUFBQUFBQUFBQUFBQUFBQUFBQUFBQUFBQUFBQUFBQUFBQUFBQUFBQUFBQUFBQUFBQUFBQUFBQUFBQUFBQUFBQUFBQUFBQUFBQUFBQUFBQUFBQUFBQUFBQUFBQUFBQUFBQUFBQUFBQUFBQUFBQUFBQUFBQUFBQUFBQUFBQUFBQUFBQUFBQUFBQUFBQUFBQUFBQUFBQUFBQUFBQUFBQUFBQUFBQUFBQUFBQUFBQUFBQUFBQUFBQUFBQUFBQUFBQUFBQUFBQUFBQUFBQUFBQUFBQUFBQUFBQUFBQUFBQUFBQUFBQUFBQUFBQUFBQUFBQUFBQUFBQUFBQUFBQUFBQUFBQUFBQUFBQUFBQUFBQUFBQUFBQUFBQUFBQUFBQUFBQUFBQUFBQUFBQUFBQUFBQUFBQUFBQUFBQUFBQUFBQUFBQUFBQUFBQUFBQUFBQUFBQUFBQUFBQUFBQUFBQUFBQUFBQUFBQUFBQUFBQUFBQUFBQUFBQUFBQUFBQUFBQUFBQUFBQUFBQUFBQUFBQUFBQUFBQUFBQUFBQUFBQUFBQUFBQUFBQUFBQUFBQUFBQUFBQUFBQUFBQUFBQUFBQUFBQUFBQUFBQUFBQUFBQUFBQUFBQUFBQUFBQUFBQUFBQUFBQUFBQUFBQUFBQUFBQUFBQUFBQUFBQUFBQUFBQUFBQUFBQUFBQUFBQUFBQUFBQUFBQUFBQUFBQUFBQUFBQUFBQUFBQUFBQUFBQUFBQUFBQUFBQUFBQUFBQUFBQUFBQUFBQUFBQUFBQUFBQUFBQUFBQUFBQUFBQUFBQUFBQUFBQUFBQUFBQUFBQUFBQUFBQUFBQUFBQUFBQUFBQUFBQUFBQUFBQUFBQUFBQUFBQUFBQUFBQUFBQUFBQUFBQUFBQUFBQUFBQUFBQUFBQUFBQUFBQUFBQUFBQUFBQUFBQUFBQUFBQUFBQUFBQUFBQUFBQUFBQUFBQUFBQUFBQUFBQUFBQUFBQUFBQUFBQUFBQUFBQUFBQUFBQUFBQUFBQUFBQUFBQUFBQUFBQUFBQUFBQUFBQUFBQUFBQUFBQUFBQUFBQUFBQUFBQUFBQUFBQUFBQUFBQUFBQUFBQUFBQUFBQUFBQUFBQUFBQUFBQUFBQUFBQUFBQUFBQUFBQUFBQUFBQUFBQUFBQUFBQUFBQUFBQUFBQUFBQUFBQUFBQUFBQUFBQUFBQUFBQUFBQUFBQUFBQUFBQUFBQUFBQUFBQUFBQUFBQUFBQUFBQUFBQUFBQUFBQUFBQUFBQUFBQUFBQUFBQUFBQUFBQUFBQUFBQUFBQUFBQUFBQUFBQUFBQUFBQUFBQUFBQUFBQUFBQUFBQUFBQUFBQUFBQUFBQUFBQUFBQUFBQUFBQUFBQUFBQUFBQUFBQUFBQUFBQUFBQUFBQUFBQUFBQUFBQUFBQUFBQUFBQUFBQUFBQUFBQUFBQUFBQUFBQUFBQUFBQUFBQUFBQUFBQUFBQUFBQUFBQUFBQUFBQUFBQUFBQUFBQUFBQUFBQUFBQUFBQUFBQUFBQUFBQUFBQUFBQUFBQUFBQUFBQUFBQUFBQUFBQUFBQUFBQUFBQUFBQUFBQUFBQUFBQUFBQUFBQUFBQUFBQUFBQUFBQUFBQUFBQUFBQUFBQUFBQUFBQUFBQUFBQUFBQUFBQUFBQUFBQUFBQUFBQUFBQUFBQUFBQUFBQUFBQUFBQUFBQUFBQUFBQUFBQUFBQUFBQUFBQUFBQUFBQUFBQUFBQUFBQUFBQUFBQUFBQUFBQUFBQUFBQUFBQUFBQUFBQUFBQUFBQUFBQUFBQUFBQUFBQUFBQUFBQUFBQUFBQUFBQUFBQUFBQUFBQUFBQUFBQUFBQUFBQUFBQUFBQUFBQUFBQUFBQUFBQUFBQUFBQUFBQUFBQUFBQUFBQUFBQUFBQUFBQUFBQUFBQUFBQUFBQUFBQUFBQUFBQUFBQUFBQUFBQUFBQUFBQUFBQUFBQUFBQUFBQUFBQUFBQUFBQUFBQUFBQUFBQUFBQUFBQUFBQUFBQUFBQUFBQUFBQUFBQUFBQUFBQUFBQUFBQUFBQUFBQUFBQUFBQUFBQUFBQUFBQUFBQUFBQUFBQUFBQUFBQUFBQUFBQUFBQUFBQUFBQUFBQUFBQUFBQUFBQUFBQUFBQUFBQUFBQUFBQUFBQUFBQUFBQUFBQUFBQUFBQUFBQUFBQUFBQUFBQUFBQUFBQUFBQUFBQUFBQUFBQUFBQUFBQUFBQUFBQUFBQUFBQUFBQUFBQUFBQUFBQUFBQUFBQUFBQUFBQUFBQUFBQUFBQUFBQUFBQUFBQUFBQUFBQUFBQUFBQUFBQUFBQUFBQUFBQUFBQUFBQUFBQUFBQUFBQUFBQUFBQUFBQUFBQUFBQUFBQUFBQUFBQUFBQUFBQUFBQUFBQUFBQUFBQUFBQUFBQUFBQUFBQUFBQUFBQUFBQUFBQUFBQUFBQUFBQUFBQUFBQUFBQUFBQUFBQUFBQUFBQUFBQUFBQUFBQUFBQUFBQUFBQUFBQUFBQUFBQUFBQUFBQUFBQUFBQUFBQUFBQUFBQUFBQUFBQUFBQUFBQUFBQUFBQUFBQUFBQUFBQUFBQUFBQUFBQUFBQUFBQUFBQUFBQUFBQUFBQUFBQUFBQUFBQUFBQUFBQUFBQUFBQUFBQUFBQUFBQUFBQUFBQUFBQUFBQUFBQUFBQUFBQUFBQUFBQUFBQUFBQUFBQUFBQUFBQUFBQUFBQUFBQUFBQUFBQUFBQUFBQUFBQUFBQUFBQUFBQUFBQUFBQUFBQUFBQUFBQUFBQUFBQUFBQUFBQUFBQUFBQUFBQUFBQUFBQUFBQUFBQUFBQUFBQUFBQUFBQUFBQUFBQUFBQUFBQUFBQUFBQUFBQUFBQUFBQUFBQUFBQUFBQUFBQUFBQUFBQUFBQUFBQUFBQUFBQUFBQUFBQUFBQUFBQUFBQUFBQUFBQUFBQUFBQUFBQUFBQUFBQUFBQUFBQUFBQUFBQUFBQUFBQUFBQUFBQUFBQUFBQUFBQUFBQUFBQUFBQUFBQUFBQUFBQUFBQUFBQUFBQUFBQUFBQUFBQUFBQUFBQUFBQUFBQUFBQUFBQUFBQUFBQUFBQUFBQUFBQUFBQUFBQUFBQUFBQUFBQUFBQUFBQUFBQUFBQUFBQUFBQUFBQUFBQUFBQUFBQUFBQUFBQUFBQUFBQUFBQUFBQUFBQUFBQUFBQUFBQUFBQUFBQUFBQUFBQUFBQUFBQUFBQUFBQUFBQUFBQUFBQUFBQUFBQUFBQUFBQUFBQUFBQUFBQUFBQUFBQUFBQUFBQUFBQUFBQUFBQUFBQUFBQUFBQUFBQUFBQUFBQUFBQUFBQUFBQUFBQUFBQUFBQUFBQUFBQUFBQUFBQUFBQUFBQUFBQUFBQUFBQUFBQUFBQUFBQUFBQUFBQUFBQUFBQUFBQUFBQUFBQUFBQUFBQUFBQUFBQUFBQUFBQUFBQUFBQUFBQUFBQUFBQUFBQUFBQUFBQUFBQUFBQUFBQUFBQUFBQUFBQUFBQUFBQUFBQUFBQUFBQUFBQUFBQUFBQUFBQUFBQUFBQUFBQUFBQUFBQUFBQUFBQUFBQUFBQUFBQUFBQUFBQUFBQUFBQUFBQUFBQUFBQUFBQUFBQUFBQUFBQUFBQUFBQUFBQUFBQUFBQUFBQUFBQUFBQUFBQUFBQUFBQUFBQUFBQUFBQUFBQUFBQUFBQUFBQUFBQUFBQUFBQUFBQUFBQUFBQUFBQUFBQUFBQUFBQUFBQUFBQUFBQUFBQUFBQUFBQUFBQUFBQUFBQUFBQUFBQUFBQUFBQUFBQUFBQUFBQUFBQUFBQUFBQUFBQUFBQUFBQUFBQUFBQUFBQUFBQUFBQUFBQUFBQUFBQUFBQUFBQUFBQUFBQUFBQUFBQUFBQUFBQUFBQUFBQUFBQUFBQUFBQUFBQUFBQUFBQUFBQUFBQUFBQUFBQUFBQUFBQUFBQUFBQUFBQUFBQUFBQUFBQUFBQUFBQUFBQUFBQUFBQUFBQUFBQUFBQUFBQUFBQUFBQUFBQUFBQUFBQUFBQUFBQUFBQUFBQUFBQUFBQUFBQUFBQUFBQUFBQUFBQUFBQUFBQUFBQUFBQUFBQUFBQUFBQUFBQUFBQUFBQUFBQUFBQUFBQUFBQUFBQUFBQUFBQUFBQUFBQUFBQUFBQUFBQUFBQUFBQUFBQUFBQUFBQUFBQUFBQUFBQUFBQUFBQUFBQUFBQUFBQUFBQUFBQUFBQUFBQUFBQUFBQUFBQUFBQUFBQUFBQUFBQUFBQUFBQUFBQUFBQUFBQUFBQUFBQUFBQUFBQUFBQUFBQUFBQUFBQUFBQUFBQUFBQUFBQUFBQUFBQUFBQUFBQUFBQUFBQUFBQUFBQUFBQUFBQUFBQUFBQUFBQUFBQUFBQUFBQUFBQUFBQUFBQUFBQUFBQUFBQUFBQUFBQUFBQUFBQUFBQUFBQUFBQUFBQUFBQUFBQUFBQUFBQUFBQUFBQUFBQUFBQUFBQUFBQUFBQUFBQUFBQUFBQUFBQUFBQUFBQUFBQUFBQUFBQUFBQUFBQUFBQUFBQUFBQUFBQUFBQUFBQUFBQUFBQUFBQUFBQUFBQUFBQUFBQUFBQUFBQUFBQUFBQUFBQUFBQUFBQUFBQUFBQUFBQUFBQUFBQUFBQUFBQUFBQUFBQUFBQUFBQUFBQUFBQUFBQUFBQUFBQUFBQUFBQUFBQUFBQUFBQUFBQUFBQUFBQUFBQUFBQUFBQUFBQUFBQUFBQUFBQUFBQUFBQUFBQUFBQUFBQUFBQUFBQUFBQUFBQUFBQUFBQUFBQUFBQUFBQUFBQUFBQUFBQUFBQUFBQUFBQUFBQUFBQUFBQUFBQUFBQUFBQUFBQUFBQUFBQUFBQUFBQUFBQUFBQUFBQUFBQUFBQUFBQUFBQUFBQUFBQUFBQUFBQUFBQUFBQUFBQUFBQUFBQUFBQUFBQUFBQUFBQUFBQUFBQUFBQUFBQUFBQUFBQUFBQUFBQUFBQUFBQUFBQUFBQUFBQUFBQUFBQUFBQUFBQUFBQUFBQUFBQUFBQUFBQUFBQUFBQUFBQUFBQUFBQUFBQUFBQUFBQUFBQUFBQUFBQUFBQUFBQUFBQUFBQUFBQUFBQUFBQUFBQUFBQUFBQUFBQUFBQUFBQUFBQUFBQUFBQUFBQUFBQUFBQUFBQUFBQUFBQUFBQUFBQUFBQUFBQUFBQUFBQUFBQUFBQUFBQUFBQUFBQUFBQUFBQUFBQUFBQUFBQUFBQUFBQUFBQUFBQUFBQUFBQUFBQUFBQUFBQUFBQUFBQUFBQUFBQUFBQUFBQUFBQUFBQUFBQUFBQUFBQUFBQUFBQUFBQUFBQUFBQUFBQUFBQUFBQUFBQUFBQUFBQUFBQUFBQUFBQUFBQUFBQUFBQUFBQUFBQUFBQUFBQUFBQUFBQUFBQUFBQUFBQUFBQUFBQUFBQUFBQUFBQUFBQUFBQUFBQUFBQUFBQUFBQUFBQUFBQUFBQUFBQUFBQUFBQUFBQUFBQUFBQUFBQUFBQUFBQUFBQUFBQUFBQUFBQUFBQUFBQUFBQUFBQUFBQUFBQUFBQUFBQUFBQUFBQUFBQUFBQUFBQUFBQUFBQUFBQUFBQUFBQUFBQUFBQUFBQUFBQUFBQUFBQUFBQUFBQUFBQUFBQUFBQUFBQUFBQUFBQUFBQUFBQUFBQUFBQUFBQUFBQUFBQUFBQUFBQUFBQUFBQUFBQUFBQUFBQUFBQUFBQUFBQUFBQUFBQUFBQUFBQUFBQUFBQUFBQUFBQUFBQUFBQUFBQUFBQUFBQUFBQUFBQUFBQUFBQUFBQUFBQUFBQUFBQUFBQUFBQUFBQUFBQUFBQUFBQUFBQUFBQUFBQUFBQUFBQUFBQUFBQUFBQUFBQUFBQUFBQUFBQUFBQUFBQUFBQUFBQUFBQUFBQUFBQUFBQUFBQUFBQUFBQUFBQUFBQUFBQUFBQUFBQUFBQUFBQUFBQUFBQUFBQUFBQUFBQUFBQUFBQUFBQUFBQUFBQUFBQUFBQUFBQUFBQUFBQUFBQUFBQUFBQUFBQUFBQUFBQUFBQUFBQUFBQUFBQUFBQUFBQUFBQUFBQUFBQUFBQUFBQUFBQUFBQUFBQUFBQUFBQUFBQUFBQUFBQUFBQUFBQUFBQUFBQUFBQUFBQUFBQUFBQUFBQUFBQUFBQUFBQUFBQUFBQUFBQUFBQUFBQUFBQUFBQUFBQUFBQUFBQUFBQUFBQUFBQUFBQUFBQUFBQUFBQUFBQUFBQUFBQUFBQUFBQUFBQUFBQUFBQUFBQUFBQUFBQUFBQUFBQUFBQUFBQUFBQUFBQUFBQUFBQUFBQUFBQUFBQUFBQUFBQUFBQUFBQUFBQUFBQUFBQUFBQUFBQUFBQUFBQUFBQUFBQUFBQUFBQUFBQUFBQUFBQUFBQUFBQUFBQUFBQUFBQUFBQUFBQUFBQUFBQUFBQUFBQUFBQUFBQUFBQUFBQUFBQUFBQUFBQUFBQUFBQUFBQUFBQUFBQUFBQUFBQUFBQUFBQUFBQUFBQUFBQUFBQUFBQUFBQUFBQUFBQUFBQUFBQUFBQUFBQUFBQUFBQUFBQUFBQUFBQUFBQUFBQUFBQUFBQUFBQUFBQUFBQUFBQUFBQUFBQUFBQUFBQUFBQUFBQUFBQUFBQUFBQUFBQUFBQUFBQUFBQUFBQUFBQUFBQUFBQUFBQUFBQUFBQUFBQUFBQUFBQUFBQUFBQUFBQUFBQUFBQUFBQUFBQUFBQUFBQUFBQUFBQUFBQUFBQUFBQUFBQUFBQUFBQUFBQUFBQUFBQUFBQUFBQUFBQUFBQUFBQUFBQUFBQUFBQUFBQUFBQUFBQUFBQUFBQUFBQUFBQUFBQUFBQUFBQUFBQUFBQUFBQUFBQUFBQUFBQUFBQUFBQUFBQUFBQUFBQUFBQUFBQUFBQUFBQUFBQUFBQUFBQUFBQUFBQUFBQUFBQUFBQUFBQUFBQUFBQUFBQUFBQUFBQUFBQUFBQUFBQUFBQUFBQUFBQUFBQUFBQUFBQUFBQUFBQUFBQUFBQUFBQUFBQUFBQUFBQUFBQUFBQUFBQUFBQUFBQUFBQUFBQUFBQUFBQUFBQUFBQUFBQUFBQUFBQUFBQUFBQUFBQUFBQUFBQUFBQUFBQUFBQUFBQUFBQUFBQUFBQUFBQUFBQUFBQUFBQUFBQUFBQUFBQUFBQUFBQUFBQUFBQUFBQUFBQUFBQUFBQUFBQUFBQUFBQUFBQUFBQUFBQUFBQUFBQUFBQUFBQUFBQUFBQUFBQUFBQUFBQUFBQUFBQUFBQUFBQUFBQUFBQUFBQUFBQUFBQUFBQUFBQUFBQUFBQUFBQUFBQUFBQUFBQUFBQUFBQUFBQUFBQUFBQUFBQUFBQUFBQUFBQUFBQUFBQUFBQUFBQUFBQUFBQUFBQUFBQUFBQUFBQUFBQUFBQUFBQUFBQUFBQUFBQUFBQUFBQUFBQUFBQUFBQUFBQUFBQUFBQUFBQUFBQUFBQUFBQUFBQUFBQUFBQUFBQUFBQUFBQUFBQUFBQUFBQUFBQUFBQUFBQUFBQUFBQUFBQUFBQUFBQUFBQUFBQUFBQUFBQUFBQUFBQUFBQUFBQUFBQUFBQUFBQUFBQUFBQUFBQUFBQUFBQUFBQUFBQUFBQUFBQUFBQUFBQUFBQUFBQUFBQUFBQUFBQUFBQUFBQUFBQUFBQUFBQUFBQUFBQUFBQUFBQUFBQUFBQUFBQUFBQUFBQUFBQUFBQUFBQUFBQUFBQUFBQUFBQUFBQUFBQUFBQUFBQUFBQUFBQUFBQUFBQUFBQUFBQUFBQUFBQUFBQUFBQUFBQUFBQUFBQUFBQUFBQUFBQUFBQUFBQUFBQUFBQUFBQUFBQUFBQUFBQUFBQUFBQUFBQUFBQUFBQUFBQUFBQUFBQUFBQUFBQUFBQUFBQUFBQUFBQUFBQUFBQUFBQUFBQUFBQUFBQUFBQUFBQUFBQUFBQUFBQUFBQUFBQUFBQUFBQUFBQUFBQUFBQUFBQUFBQUFBQUFBQUFBQUFBQUFBQUFBQUFBQUFBQUFBQUFBQUFBQUFBQUFBQUFBQUFBQUFBQUFBQUFBQUFBQUFBQUFBQUFBQUFBQUFBQUFBQUFBQUFBQUFBQUFBQUFBQUFBQUFBQUFBQUFBQUFBQUFBQUFBQUFBQUFBQUFBQUFBQUFBQUFBQUFBQUFBQUFBQUFBQUFBQUFBQUFBQUFBQUFBQUFBQUFBQUFBQUFBQUFBQUFBQUFBQUFBQUFBQUFBQUFBQUFBQUFBQUFBQUFBQUFBQUFBQUFBQUFBQUFBQUFBQUFBQUFBQUFBQUFBQUFBQUFBQUFBQUFBQUFBQUFBQUFBQUFBQUFBQUFBQUFBQUFBQUFBQUFBQUFBQUFBQUFBQUFBQUFBQUFBQUFBQUFBQUFBQUFBQUFBQUFBQUFBQUFBQUFBQUFBQUFBQUFBQUFBQUFBQUFBQUFBQUFBQUFBQUFBQUFBQUFBQUFBQUFBQUFBQUFBQUFBQUFBQUFBQUFBQUFBQUFBQUFBQUFBQUFBQUFBQUFBQUFBQUFBQUFBQUFBQUFBQUFBQUFBQUFBQUFBQUFBQUFBQUFBQUFBQUFBQUFBQUFBQUFBQUFBQUFBQUFBQUFBQUFBQUFBQUFBQUFBQUFBQUFBQUFBQUFBQUFBQUFBQUFBQUFBQUFBQUFBQUFBQUFBQUFBQUFBQUFBQUFBQUFBQUFBQUFBQUFBQUFBQUFBQUFBQUFBQUFBQUFBQUFBQUFBQUFBQUFBQUFBQUFBQUFBQUFBQUFBQUFBQUFBQUFBQUFBQUFBQUFBQUFBQUFBQUFBQUFBQUFBQUFBQUFBQUFBQUFBQUFBQUFBQUFBQUFBQUFBQUFBQUFBQUFBQUFBQUFBQUFBQUFBQUFBQUFBQUFBQUFBQUFBQUFBQUFBQUFBQUFBQUFBQUFBQUFBQUFBQUFBQUFBQUFBQUFBQUFBQUFBQUFBQUFBQUFBQUFBQUFBQUFBQUFBQUFBQUFBQUFBQUFBQUFBQUFBQUFBQUFBQUFBQUFBQUFBQUFBQUFBQUFBQUFBQUFBQUFBQUFBQUFBQUFBQUFBQUFBQUFBQUFBQUFBQUFBQUFBQUFBQUFBQUFBQUFBQUFBQUFBQUFBQUFBQUFBQUFBQUFBQUFBQUFBQUFBQUFBQUFBQUFBQUFBQUFBQUFBQUFBQUFBQUFBQUFBQUFBQUFBQUFBQUFBQUFBQUFBQUFBQUFBQUFBQUFBQUFBQUFBQUFBQUFBQUFBQUFBQUFBQUFBQUFBQUFBQUFBQUFBQUFBQUFBQUFBQUFBQUFBQUFBQUFBQUFBQUFBQUFBQUFBQUFBQUFBQUFBQUFBQUFBQUFBQUFBQUFBQUFBQUFBQUFBQUFBQUFBQUFBQUFBQUFBQUFBQUFBQUFBQUFBQUFBQUFBQUFBQUFBQUFBQUFBQUFBQUFBQUFBQUFBQUFBQUFBQUFBQUFBQUFBQUFBQUFBQUFBQUFBQUFBQUFBQUFBQUFBQUFBQUFBQUFBQUFBQUFBQUFBQUFBQUFBQUFBQUFBQUFBQUFBQUFBQUFBQUFBQUFBQUFBQUFBQUFBQUFBQUFBQUFBQUFBQUFBQUFBQUFBQUFBQUFBQUFBQUFBQUFBQUFBQUFBQUFBQUFBQUFBQUFBQUFBQUFBQUFBQUFBQUFBQUFBQUFBQUFBQUFBQUFBQUFBQUFBQUFBQUFBQUFBQUFBQUFBQUFBQUFBQUFBQUFBQUFBQUFBQUFBQUFBQUFBQUFBQUFBQUFBQUFBQUFBQUFBQUFBQUFBQUFBQUFBQUFBQUFBQUFBQUFBQUFBQUFBQUFBQUFBQUFBQUFBQUFBQUFBQUFBQUFBQUFBQUFBQUFBQUFBQUFBQUFBQUFBQUFBQUFBQUFBQUFBQUFBQUFBQUFBQUFBQUFBQUFBQUFBQUFBQUFBQUFBQUFBQUFBQUFBQUFBQUFBQUFBQUFBQUFBQUFBQUFBQUFBQUFBQUFBQUFBQUFBQUFBQUFBQUFBQUFBQUFBQUFBQUFBQUFBQUFBQUFBQUFBQUFBQUFBQUFBQUFBQUFBQUFBQUFBQUFBQUFBQUFBQUFBQUFBQUFBQUFBQUFBQUFBQUFBQUFBQUFBQUFBQUFBQUFBQUFBQUFBQUFBQUFBQUFBQUFBQUFBQUFBQUFBQUFBQUFBQUFBQUFBQUFBQUFBQUFBQUFBQUFBQUFBQUFBQUFBQUFBQUFBQUFBQUFBQUFBQUFBQUFBQUFBQUFBQUFBQUFBQUFBQUFBQUFBQUFBQUFBQUFBQUFBQUFBQUFBQUFBQUFBQUFBQUFBQUFBQUFBQUFBQUFBQUFBQUFBQUFBQUFBQUFBQUFBQUFBQUFBQUFBQUFBQUFBQUFBQUFBQUFBQUFBQUFBQUFBQUFBQUFBQUFBQUFBQUFBQUFBQUFBQUFBQUFBQUFBQUFBQUFBQUFBQUFBQUFBQUFBQUFBQUFBQUFBQUFBQUFBQUFBQUFBQUFBQUFBQUFBQUFBQUFBQUFBQUFBQUFBQUFBQUFBQUFBQUFBQUFBQUFBQUFBQUFBQUFBQUFBQUFBQUFBQUFBQUFBQUFBQUFBQUFBQUFBQUFBQUFBQUFBQUFBQUFBQUFBQUFBQUFBQUFBQUFBQUFBQUFBQUFBQUFBQUFBQUFBQUFBQUFBQUFBQUFBQUFBQUFBQUFBQUFBQUFBQUFBQUFBQUFBQUFBQUFBQUFBQUFBQUFBQUFBQUFBQUFBQUFBQUFBQUFBQUFBQUFBQUFBQUFBQUFBQUFBQUFBQUFBQUFBQUFBQUFBQUFBQUFBQUFBQUFBQUFBQUFBQUFBQUFBQUFBQUFBQUFBQUFBQUFBQUFBQUFBQUFBQUFBQUFBQUFBQUFBQUFBQUFBQUFBQUFBQUFBQUFBQUFBQUFBQUFBQUFBQUFBQUFBQUFBQUFBQUFBQUFBQUFBQUFBQUFBQUFBQUFBQUFBQUFBQUFBQUFBQUFBQUFBQUFBQUFBQUFBQUFBQUFBQUFBQUFBQUFBQUFBQUFBQUFBQUFBQUFBQUFBQUFBQUFBQUFBQUFBQUFBQUFBQUFBQUFBQUFBQUFBQUFBQUFBQUFBQUFBQUFBQUFBQUFBQUFBQUFBQUFBQUFBQUFBQUFBQUFBQUFBQUFBQUFBQUFBQUFBQUFBQUFBQUFBQUFBQUFBQUFBQUFBQUFBQUFBQUFBQUFBQUFBQUFBQUFBQUFBQUFBQUFBQUFBQUFBQUFBQUFBQUFBQUFBQUFBQUFBQUFBQUFBQUFBQUFBQUFBQUFBQUFBQUFBQUFBQUFBQUFBQUFBQUFBQUFBQUFBQUFBQUFBQUFBQUFBQUFBQUFBQUFBQUFBQUFBQUFBQUFBQUFBQUFBQUFBQUFBQUFBQUFBQUFBQUFBQUFBQUFBQUFBQUFBQUFBQUFBQUFBQUFBQUFBQUFBQUFBQUFBQUFBQUFBQUFBQUFBQUFBQUFBQUFBQUFBQUFBQUFBQUFBQUFBQUFBQUFBQUFBQUFBQUFBQUFBQUFBQUFBQUFBQUFBQUFBQUFBQUFBQUFBQUFBQUFBQUFBQUFBQUFBQUFBQUFBQUFBQUFBQUFBQUFBQUFBQUFBQUFBQUFBQUFBQUFBQUFBQUFBQUFBQUFBQUFBQUFBQUFBQUFBQUFBQUFBQUFBQUFBQUFBQUFBQUFBQUFBQUFBQUFBQUFBQUFBQUFBQUFBQUFBQUFBQUFBQUFBQUFBQUFBQUFBQUFBQUFBQUFBQUFBQUFBQUFBQUFBQUFBQUFBQUFBQUFBQUFBQUFBQUFBQUFBQUFBQUFBQUFBQUFBQUFBQUFBQUFBQUFBQUFBQUFBQUFBQUFBQUFBQUFBQUFBQUFBQUFBQUFBQUFBQUFBQUFBQUFBQUFBQUFBQUFBQUFBQUFBQUFBQUFBQUFBQUFBQUFBQUFBQUFBQUFBQUFBQUFBQUFBQUFBQUFBQUFBQUFBQUFBQUFBQUFBQUFBQUFBQUFBQUFBQUFBQUFBQUFBQUFBQUFBQUFBQUFBQUFBQUFBQUFBQUFBQUFBQUFBQUFBQUFBQUFBQUFBQUFBQUFBQUFBQUFBQUFBQUFBQUFBQUFBQUFBQUFBQUFBQUFBQUFBQUFBQUFBQUFBQUFBQUFBQUFBQUFBQUFBQUFBQUFBQUFBQUFBQUFBQUFBQUFBQUFBQUFBQUFBQUFBQUFBQUFBQUFBQUFBQUFBQUFBQUFBQUFBQUFBQUFBQUFBQUFBQUFBQUFBQUFBQUFBQUFBQUFBQUFBQUFBQUFBQUFBQUFBQUFBQUFBQUFBQUFBQUFBQUFBQUFBQUFBQUFBQUFBQUFBQUFBQUFBQUFBQUFBQUFBQUFBQUFBQUFBQUFBQUFBQUFBQUFBQUFBQUFBQUFBQUFBQUFBQUFBQUFBQUFBQUFBQUFBQUFBQUFBQUFBQUFBQUFBQUFBQUFBQUFBQUFBQUFBQUFBQUFBQUFBQUFBQUFBQUFBQUFBQUFBQUFBQUFBQUFBQUFBQUFBQUFBQUFBQUFBQUFBQUFBQUFBQUFBQUFBQUFBQUFBQUFBQUFBQUFBQUFBQUFBQUFBQUFBQUFBQUFBQUFBQUFBQUFBQUFBQUFBQUFBQUFBQUFBQUFBQUFBQUFBQUFBQUFBQUFBQUFBQUFBQUFBQUFBQUFBQUFBQUFBQUFBQUFBQUFBQUFBQUFBQUFBQUFBQUFBQUFBQUFBQUFBQUFBQUFBQUFBQUFBQUFBQUFBQUFBQUFBQUFBQUFBQUFBQUFBQUFBQUFBQUFBQUFBQUFBQUFBQUFBQUFBQUFBQUFBQUFBQUFBQUFBQUFBQUFBQUFBQUFBQUFBQUFBQUFBQUFBQUFBQUFBQUFBQUFBQUFBQUFBQUFBQUFBQUFBQUFBQUFBQUFBQUFBQUFBQUFBQUFBQUFBQUFBQUFBQUFBQUFBQUFBQUFBQUFBQUFBQUFBQUFBQUFBQUFBQUFBQUFBQUFBQUFBQUFBQUFBQUFBQUFBQUFBQUFBQUFBQUFBQUFBQUFBQUFBQUFBQUFBQUFBQUFBQUFBQUFBQUFBQUFBQUFBQUFBQUFBQUFBQUFBQUFBQUFBQUFBQUFBQUFBQUFBQUFBQUFBQUFBQUFBQUFBQUFBQUFBQUFBQUFBQUFBQUFBQUFBQUFBQUFBQUFBQUFBQUFBQUFBQUFBQUFBQUFBQUFBQUFBQUFBQUFBQUFBQUFBQUFBQUFBQUFBQUFBQUFBQUFBQUFBQUFBQUFBQUFBQUFBQUFBQUFBQUFBQUFBQUFBQUFBQUFBQUFBQUFBQUFBQUFBQUFBQUFBQUFBQUFBQUFBQUFBQUFBQUFBQUFBQUFBQUFBQUFBQUFBQUFBQUFBQUFBQUFBQUFBQUFBQUFBQUFBQUFBQUFBQUFBQUFBQUFBQUFBQUFBQUFBQUFBQUFBQUFBQUFBQUFBQUFBQUFBQUFBQUFBQUFBQUFBQUFBQUFBQUFBQUFBQUFBQUFBQUFBQUFBQUFBQUFBQUFBQUFBQUFBQUFBQUFBQUFBQUFBQUFBQUFBQUFBQUFBQUFBQUFBQUFBQUFBQUFBQUFBQUFBQUFBQUFBQUFBQUFBQUFBQUFBQUFBQUFBQUFBQUFBQUFBQUFBQUFBQUFBQUFBQUFBQUFBQUFBQUFBQUFBQUFBQUFBQUFBQUFBQUFBQUFBQUFBQUFBQUFBQUFBQUFBQUFBQUFBQUFBQUFBQUFBQUFBQUFBQUFBQUFBQUFBQUFBQUFBQUFBQUFBQUFBQUFBQUFBQUFBQUFBQUFBQUFBQUFBQUFBQUFBQUFBQUFBQUFBQUFBQUFBQUFBQUFBQUFBQUFBQUFBQUFBQUFBQUFBQUFBQUFBQUFBQUFBQUFBQUFBQUFBQUFBQUFBQUFBQUFBQUFBQUFBQUFBQUFBQUFBQUFBQUFBQUFBQUFBQUFBQUFBQUFBQUFBQUFBQUFBQUFBQUFBQUFBQUFBQUFBQUFBQUFBQUFBQUFBQUFBQUFBQUFBQUFBQUFBQUFBQUFBQUFBQUFBQUFBQUFBQUFBQUFBQUFBQUFBQUFBQUFBQUFBQUFBQUFBQUFBQUFBQUFBQUFBQUFBQUFBQUFBQUFBQUFBQUFBQUFBQUFBQUFBQUFBQUFBQUFBQUFBQUFBQUFBQUFBQUFBQUFBQUFBQUFBQUFBQUFBQUFBQUFBQUFBQUFBQUFBQUFBQUFBQUFBQUFBQUFBQUFBQUFBQUFBQUFBQUFBQUFBQUFBQUFBQUFBQUFBQUFBQUFBQUFBQUFBQUFBQUFBQUFBQUFBQUFBQUFBQUFBQUFBQUFBQUFBQUFBQUFBQUFBQUFBQUFBQUFBQUFBQUFBQUFBQUFBQUFBQUFBQUFBQUFBQUFBQUFBQUFBQUFBQUFBQUFBQUFBQUFBQUFBQUFBQUFBQUFBQUFBQUFBQUFBQUFBQUFBQUFBQUFBQUFBQUFBQUFBQUFBQUFBQUFBQUFBQUFBQUFBQUFBQUFBQUFBQUFBQUFBQUFBQUFBQUFBQUFBQUFBQUFBQUFBQUFBQUFBQUFBQUFBQUFBQUFBQUFBQUFBQUFBQUFBQUFBQUFBQUFBQUFBQUFBQUFBQUFBQUFBQUFBQUFBQUFBQUFBQUFBQUFBQUFBQUFBQUFBQUFBQUFBQUFBQUFBQUFBQUFBQUFBQUFBQUFBQUFBQUFBQUFBQUFBQUFBQUFBQUFBQUFBQUFBQUFBQUFBQUFBQUFBQUFBQUFBQUFBQUFBQUFBQUFBQUFBQUFBQUFBQUFBQUFBQUFBQUFBQUFBQUFBQUFBQUFBQUFBQUFBQUFBQUFBQUFBQUFBQUFBQUFBQUFBQUFBQUFBQUFBQUFBQUFBQUFBQUFBQUFBQUFBQUFBQUFBQUFBQUFBQUFBQUFBQUFBQUFBQUFBQUFBQUFBQUFBQUFBQUFBQUFBQUFBQUFBQUFBQUFBQUFBQUFBQUFBQUFBQUFBQUFBQUFBQUFBQUFBQUFBQUFBQUFBQUFBQUFBQUFBQUFBQUFBQUFBQUFBQUFBQUFBQUFBQUFBQUFBQUFBQUFBQUFBQUFBQUFBQUFBQUFBQUFBQUFBQUFBQUFBQUFBQUFBQUFBQUFBQUFBQUFBQUFBQUFBQUFBQUFBQUFBQUFBQUFBQUFBQUFBQUFBQUFBQUFBQUFBQUFBQUFBQUFBQUFBQUFBQUFBQUFBQUFBQUFBQUFBQUFBQUFBQUFBQUFBQUFBQUFBQUFBQUFBQUFBQUFBQUFBQUFBQUFBQUFBQUFBQUFBQUFBQUFBQUFBQUFBQUFBQUFBQUFBQUFBQUFBQUFBQUFBQUFBQUFBQUFBQUFBQUFBQUFBQUFBQUFBQUFBQUFBQUFBQUFBQUFBQUFBQUFBQUFBQUFBQUFBQUFBQUFBQUFBQUFBQUFBQUFBQUFBQUFBQUFBQUFBQUFBQUFBQUFBQUFBQUFBQUFBQUFBQUFBQUFBQUFBQUFBQUFBQUFBQUFBQUFBQUFBQUFBQUFBQUFBQUFBQUFBQUFBQUFBQUFBQUFBQUFBQUFBQUFBQUFBQUFBQUFBQUFBQUFBQUFBQUFBQUFBQUFBQUFBQUFBQUFBQUFBQUFBQUFBQUFBQUFBQUFBQUFBQUFBQUFBQUFBQUFBQUFBQUFBQUFBQUFBQUFBQUFBQUFBQUFBQUFBQUFBQUFBQUFBQUFBQUFBQUFBQUFBQUFBQUFBQUFBQUFBQUFBQUFBQUFBQUFBQUFBQUFBQUFBQUFBQUFBQUFBQUFBQUFBQUFBQUFBQUFBQUFBQUFBQUFBQUFBQUFBQUFBQUFBQUFBQUFBQUFBQUFBQUFBQUFBQUFBQUFBQUFBQUFBQUFBQUFBQUFBQUFBQUFBQUFBQUFBQUFBQUFBQUFBQUFBQUFBQUFBQUFBQUFBQUFBQUFBQUFBQUFBQUFBQUFBQUFBQUFBQUFBQUFBQUFBQUFBQUFBQUFBQUFBQUFBQUFBQUFBQUFBQUFBQUFBQUFBQUFBQUFBQUFBQUFBQUFBQUFBQUFBQUFBQUFBQUFBQUFBQUFBQUFBQUFBQUFBQUFBQUFBQUFBQUFBQUFBQUFBQUFBQUFBQUFBQUFBQUFBQUFBQUFBQUFBQUFBQUFBQUFBQUFBQUFBQUFBQUFBQUFBQUFBQUFBQUFBQUFBQUFBQUFBQUFBQUFBQUFBQUFBQUFBQUFBQUFBQUFBQUFBQUFBQUFBQUFBQUFBQUFBQUFBQUFBQUFBQUFBQUFBQUFBQUFBQUFBQUFBQUFBQUFBQUFBQUFBQUFBQUFBQUFBQUFBQUFBQUFBQUFBQUFBQUFBQUFBQUFBQUFBQUFBQUFBQUFBQUFBQUFBQUFBQUFBQUFBQUFBQUFBQUFBQUFBQUFBQUFBQUFBQUFBQUFBQUFBQUFBQUFBQUFBQUFBQUFBQUFBQUFBQUFBQUFBQUFBQUFBQUFBQUFBQUFBQUFBQUFBQUFBQUFBQUFBQUFBQUFBQUFBQUFBQUFBQUFBQUFBQUFBQUFBQUFBQUFBQUFBQUFBQUFBQUFBQUFBQUFBQUFBQUFBQUFBQUFBQUFBQUFBQUFBQUFBQUFBQUFBQUFBQUFBQUFBQUFBQUFBQUFBQUFBQUFBQUFBQUFBQUFBQUFBQUFBQUFBQUFBQUFBQUFBQUFBQUFBQUFBQUFBQUFBQUFBQUFBQUFBQUFBQUFBQUFBQUFBQUFBQUFBQUFBQUFBQUFBQUFBQUFBQUFBQUFBQUFBQUFBQUFBQUFBQUFBQUFBQUFBQUFBQUFBQUFBQUFBQUFBQUFBQUFBQUFBQUFBQUFBQUFBQUFBQUFBQUFBQUFBQUFBQUFBQUFBQUFBQUFBQUFBQUFBQUFBQUFBQUFBQUFBQUFBQUFBQUFBQUFBQUFBQUFBQUFBQUFBQUFBQUFBQUFBQUFBQUFBQUFBQUFBQUFBQUFBQUFBQUFBQUFBQUFBQUFBQUFBQUFBQUFBQUFBQUFBQUFBQUFBQUFBQUFBQUFBQUFBQUFBQUFBQUFBQUFBQUFBQUFBQUFBQUFBQUFBQUFBQUFBQUFBQUFBQUFBQUFBQUFBQUFBQUFBQUFBQUFBQUFBQUFBQUFBQUFBQUFBQUFBQUFBQUFBQUFBQUFBQUFBQUFBQUFBQUFBQUFBQUFBQUFBQUFBQUFBQUFBQUFBQUFBQUFBQUFBQUFBQUFBQUFBQUFBQUFBQUFBQUFBQUFBQUFBQUFBQUFBQUFBQUFBQUFBQUFBQUFBQUFBQUFBQUFBQUFBQUFBQUFBQUFBQUFBQUFBQUFBQUFBQUFBQUFBQUFBQUFBQUFBQUFBQUFBQUFBQUFBQUFBQUFBQUFBQUFBQUFBQUFBQUFBQUFBQUFBQUFBQUFBQUFBQUFBQUFBQUFBQUFBQUFBQUFBQUFBQUFBQUFBQUFBQUFBQUFBQUFBQUFBQUFBQUFBQUFBQUFBQUFBQUFBQUFBQUFBQUFBQUFBQUFBQUFBQUFBQUFBQUFBQUFBQUFBQUFBQUFBQUFBQUFBQUFBQUFBQUFBQUFBQUFBQUFBQUFBQUFBQUFBQUFBQUFBQUFBQUFBQUFBQUFBQUFBQUFBQUFBQUFBQUFBQUFBQUFBQUFBQUFBQUFBQUFBQUFBQUFBQUFBQUFBQUFBQUFBQUFBQUFBQUFBQUFBQUFBQUFBQUFBQUFBQUFBQUFBQUFBQUFBQUFBQUFBQUFBQUFBQUFBQUFBQUFBQUFBQUFBQUFBQUFBQUFBQUFBQUFBQUFBQUFBQUFBQUFBQUFBQUFBQUFBQUFBQUFBQUFBQUFBQUFBQUFBQUFBQUFBQUFBQUFBQUFBQUFBQUFBQUFBQUFBQUFBQUFBQUFBQUFBQUFBQUFBQUFBQUFBQUFBQUFBQUFBQUFBQUFBQUFBQUFBQUFBQUFBQUFBQUFBQUFBQUFBQUFBQUFBQUFBQUFBQUFBQUFBQUFBQUFBQUFBQUFBQUFBQUFBQUFBQUFBQUFBQUFBQUFBQUFBQUFBQUFBQUFBQUFBQUFBQUFBQUFBQUFBQUFBQUFBQUFBQUFBQUFBQUFBQUFBQUFBQUFBQUFBQUFBQUFBQUFBQUFBQUFBQUFBQUFBQUFBQUFBQUFBQUFBQUFBQUFBQUFBQUFBQUFBQUFBQUFBQUFBQUFBQUFBQUFBQUFBQUFBQUFBQUFBQUFBQUFBQUFBQUFBQUFBQUFBQUFBQUFBQUFBQUFBQUFBQUFBQUFBQUFBQUFBQUFBQUFBQUFBQUFBQUFBQUFBQUFBQUFBQUFBQUFBQUFBQUFBQUFBQUFBQUFBQUFBQUFBQUFBQUFBQUFBQUFBQUFBQUFBQUFBQUFBQUFBQUFBQUFBQUFBQUFBQUFBQUFBQUFBQUFBQUFBQUFBQUFBQUFBQUFBQUFBQUFBQUFBQUFBQUFBQUFBQUFBQUFBQUFBQUFBQUFBQUFBQUFBQUFBQUFBQUFBQUFBQUFBQUFBQUFBQUFBQUFBQUFBQUFBQUFBQUFBQUFBQUFBQUFBQUFBQUFBQUFBQUFBQUFBQUFBQUFBQUFBQUFBQUFBQUFBQUFBQUFBQUFBQUFBQUFBQUFBQUFBQUFBQUFBQUFBQUFBQUFBQUFBQUFBQUFBQUFBQUFBQUFBQUFBQUFBQUFBQUFBQUFBQUFBQUFBQUFBQUFBQUFBQUFBQUFBQUFBQUFBQUFBQUFBQUFBQUFBQUFBQUFBQUFBQUFBQUFBQUFBQUFBQUFBQUFBQUFBQUFBQUFBQUFBQUFBQUFBQUFBQUFBQUFBQUFBQUFBQUFBQUFBQUFBQUFBQUFBQUFBQUFBQUFBQUFBQUFBQUFBQUFBQUFBQUFBQUFBQUFBQUFBQUFBQUFBQUFBQUFBQUFBQUFBQUFBQUFBQUFBQUFBQUFBQUFBQUFBQUFBQUFBQUFBQUFBQUFBQUFBQUFBQUFBQUFBQUFBQUFBQUFBQUFBQUFBQUFBQUFBQUFBQUFBQUFBQUFBQUFBQUFBQUFBQUFBQUFBQUFBQUFBQUFBQUFBQUFBQUFBQUFBQUFBQUFBQUFBQUFBQUFBQUFBQUFBQUFBQUFBQUFBQUFBQUFBQUFBQUFBQUFBQUFBQUFBQUFBQUFBQUFBQUFBQUFBQUFBQUFBQUFBQUFBQUFBQUFBQUFBQUFBQUFBQUFBQUFBQUFBQUFBQUFBQUFBQUFBQUFBQUFBQUFBQUFBQUFBQUFBQUFBQUFBQUFBQUFBQUFBQUFBQUFBQUFBQUFBQUFBQUFBQUFBQUFBQUFBQUFBQUFBQUFBQUFBQUFBQUFBQUFBQUFBQUFBQUFBQUFBQUFBQUFBQUFBQUFBQUFBQUFBQUFBQUFBQUFBQUFBQUFBQUFBQUFBQUFBQUFBQUFBQUFBQUFBQUFBQUFBQUFBQUFBQUFBQUFBQUFBQUFBQUFBQUFBQUFBQUFBQUFBQUFBQUFBQUFBQUFBQUFBQUFBQUFBQUFBQUFBQUFBQUFBQUFBQUFBQUFBQUFBQUFBQUFBQUFBQUFBQUFBQUFBQUFBQUFBQUFBQUFBQUFBQUFBQUFBQUFBQUFBQUFBQUFBQUFBQUFBQUFBQUFBQUFBQUFBQUFBQUFBQUFBQUFBQUFBQUFBQUFBQUFBQUFBQUFBQUFBQUFBQUFBQUFBQUFBQUFBQUFBQUFBQUFBQUFBQUFBQUFBQUFBQUFBQUFBQUFBQUFBQUFBQUFBQUFBQUFBQUFBQUFBQUFBQUFBQUFBQUFBQUFBQUFBQUFBQUFBQUFBQUFBQUFBQUFBQUFBQUFBQUFBQUFBQUFBQUFBQUFBQUFBQUFBQUFBQUFBQUFBQUFBQUFBQUFBQUFBQUFBQUFBQUFBQUFBQUFBQUFBQUFBQUFBQUFBQUFBQUFBQUFBQUFBQUFBQUFBQUFBQUFBQUFBQUFBQUFBQUFBQUFBQUFBQUFBQUFBQUFBQUFBQUFBQUFBQUFBQUFBQUFBQUFBQUFBQUFBQUFBQUFBQUFBQUFBQUFBQUFBQUFBQUFBQUFBQUFBQUFBQUFBQUFBQUFBQUFBQUFBQUFBQUFBQUFBQUFBQUFBQUFBQUFBQUFBQUFBQUFBQUFBQUFBQUFBQUFBQUFBQUFBQUFBQUFBQUFBQUFBQUFBQUFBQUFBQUFBQUFBQUFBQUFBQUFBQUFBQUFBQUFBQUFBQUFBQUFBQUFBQUFBQUFBQUFBQUFBQUFBQUFBQUFBQUFBQUFBQUFBQUFBQUFBQUFBQUFBQUFBQUFBQUFBQUFBQUFBQUFBQUFBQUFBQUFBQUFBQUFBQUFBQUFBQUFBQUFBQUFBQUFBQUFBQUFBQUFBQUFBQUFBQUFBQUFBQUFBQUFBQUFBQUFBQUFBQUFBQUFBQUFBQUFBQUFBQUFBQUFBQUFBQUFBQUFBQUFBQUFBQUFBQUFBQUFBQUFBQUFBQUFBQUFBQUFBQUFBQUFBQUFBQUFBQUFBQUFBQUFBQUFBQUFBQUFBQUFBQUFBQUFBQUFBQUFBQUFBQUFBQUFBQUFBQUFBQUFBQUFBQUFBQUFBQUFBQUFBQUFBQUFBQUFBQUFBQUFBQUFBQUFBQUFBQUFBQUFBQUFBQUFBQUFBQUFBQUFBQUFBQUFBQUFBQUFBQUFBQUFBQUFBQUFBQUFBQUFBQUFBQUFBQUFBQUFBQUFBQUFBQUFBQUFBQUFBQUFBQUFBQUFBQUFBQUFBQUFBQUFBQUFBQUFBQUFBQUFBQUFBQUFBQUFBQUFBQUFBQUFBQUFBQUFBQUFBQUFBQUFBQUFBQUFBQUFBQUFBQUFBQUFBQUFBQUFBQUFBQUFBQUFBQUFBQUFBQUFBQUFBQUFBQUFBQUFBQUFBQUFBQUFBQUFBQUFBQUFBQUFBQUFBQUFBQUFBQUFBQUFBQUFBQUFBQUFBQUFBQUFBQUFBQUFBQUFBQUFBQUFBQUFBQUFBQUFBQUFBQUFBQUFBQUFBQUFBQUFBQUFBQUFBQUFBQUFBQUFBQUFBQUFBQUFBQUFBQUFBQUFBQUFBQUFBQUFBQUFBQUFBQUFBQUFBQUFBQUFBQUFBQUFBQUFBQUFBQUFBQUFBQUFBQUFBQUFBQUFBQUFBQUFBQUFBQUFBQUFBQUFBQUFBQUFBQUFBQUFBQUFBQUFBQUFBQUFBQUFBQUFBQUFBQUFBQUFBQUFBQUFBQUFBQUFBQUFBQUFBQUFBQUFBQUFBQUFBQUFBQUFBQUFBQUFBQUFBQUFBQUFBQUFBQUFBQUFBQUFBQUFBQUFBQUFBQUFBQUFBQUFBQUFBQUFBQUFBQUFBQUFBQUFBQUFBQUFBQUFBQUFBQUFBQUFBQUFBQUFBQUFBQUFBQUFBQUFBQUFBQUFBQUFBQUFBQUFBQUFBQUFBQUFBQUFBQUFBQUFBQUFBQUFBQUFBQUFBQUFBQUFBQUFBQUFBQUFBQUFBQUFBQUFBQUFBQUFBQUFBQUFBQUFBQUFBQUFBQUFBQUFBQUFBQUFBQUFBQUFBQUFBQUFBQUFBQUFBQUFBQUFBQUFBQUFBQUFBQUFBQUFBQUFBQUFBQUFBQUFBQUFBQUFBQUFBQUFBQUFBQUFBQUFBQUFBQUFBQUFBQUFBQUFBQUFBQUFBQUFBQUFBQUFBQUFBQUFBQUFBQUFBQUFBQUFBQUFBQUFBQUFBQUFBQUFBQUFBQUFBQUFBQUFBQUFBQUFBQUFBQUFBQUFBQUFBQUFBQUFBQUFBQUFBQUFBQUFBQUFBQUFBQUFBQUFBQUFBQUFBQUFBQUFBQUFBQUFBQUFBQUFBQUFBQUFBQUFBQUFBQUFBQUFBQUFBQUFBQUFBQUFBQUFBQUFBQUFBQUFBQUFBQUFBQUFBQUFBQUFBQUFBQUFBQUFBQUFBQUFBQUFBQUFBQUFBQUFBQUFBQUFBQUFBQUFBQUFBQUFBQUFBQUFBQUFBQUFBQUFBQUFBQUFBQUFBQUFBQUFBQUFBQUFBQUFBQUFBQUFBQUFBQUFBQUFBQUFBQUFBQUFBQUFBQUFBQUFBQUFBQUFBQUFBQUFBQUFBQUFBQUFBQUFBQUFBQUFBQUFBQUFBQUFBQUFBQUFBQUFBQUFBQUFBQUFBQUFBQUFBQUFBQUFBQUFBQUFBQUFBQUFBQUFBQUFBQUFBQUFBQUFBQUFBQUFBQUFBQUFBQUFBQUFBQUFBQUFBQUFBQUFBQUFBQUFBQUFBQUFBQUFBQUFBQUFBQUFBQUFBQUFBQUFBQUFBQUFBQUFBQUFBQUFBQUFBQUFBQUFBQUFBQUFBQUFBQUFBQUFBQUFBQUFBQUFBQUFBQUFBQUFBQUFBQUFBQUFBQUFBQUFBQUFBQUFBQUFBQUFBQUFBQUFBQUFBQUFBQUFBQUFBQUFBQUFBQUFBQUFBQUFBQUFBQUFBQUFBQUFBQUFBQUFBQUFBQUFBQUFBQUFBQUFBQUFBQUFBQUFBQUFBQUFBQUFBQUFBQUFBQUFBQUFBQUFBQUFBQUFBQUFBQUFBQUFBQUFBQUFBQUFBQUFBQUFBQUFBQUFBQUFBQUFBQUFBQUFBQUFBQUFBQUFBQUFBQUFBQUFBQUFBQUFBQUFBQUFBQUFBQUFBQUFBQUFBQUFBQUFBQUFBQUFBQUFBQUFBQUFBQUFBQUFBQUFBQUFBQUFBQUFBQUFBQUFBQUFBQUFBQUFBQUFBQUFBQUFBQUFBQUFBQUFBQUFBQUFBQUFBQUFBQUFBQUFBQUFBQUFBQUFBQUFBQUFBQUFBQUFBQUFBQUFBQUFBQUFBQUFBQUFBQUFBQUFBQUFBQUFBQUFBQUFBQUFBQUFBQUFBQUFBQUFBQUFBQUFBQUFBQUFBQUFBQUFBQUFBQUFBQUFBQUFBQUFBQUFBQUFBQUFBQUFBQUFBQUFBQUFBQUFBQUFBQUFBQUFBQUFBQUFBQUFBQUFBQUFBQUFBQUFBQUFBQUFBQUFBQUFBQUFBQUFBQUFBQUFBQUFBQUFBQUFBQUFBQUFBQUFBQUFBQUFBQUFBQUFBQUFBQUFBQUFBQUFBQUFBQUFBQUFBQUFBQUFBQUFBQUFBQUFBQUFBQUFBQUFBQUFBQUFBQUFBQUFBQUFBQUFBQUFBQUFBQUFBQUFBQUFBQUFBQUFBQUFBQUFBQUFBQUFBQUFBQUFBQUFBQUFBQUFBQUFBQUFBQUFBQUFBQUFBQUFBQUFBQUFBQUFBQUFBQUFBQUFBQUFBQUFBQUFBQUFBQUFBQUFBQUFBQUFBQUFBQUFBQUFBQUFBQUFBQUFBQUFBQUFBQUFBQUFBQUFBQUFBQUFBQUFBQUFBQUFBQUFBQUFBQUFBQUFBQUFBQUFBQUFBQUFBQUFBQUFBQUFBQUFBQUFBQUFBQUFBQUFBQUFBQUFBQUFBQUFBQUFBQUFBQUFBQUFBQUFBQUFBQUFBQUFBQUFBQUFBQUFBQUFBQUFBQUFBQUFBQUFBQUFBQUFBQUFBQUFBQUFBQUFBQUFBQUFBQUFBQUFBQUFBQUFBQUFBQUFBQUFBQUFBQUFBQUFBQUFBQUFBQUFBQUFBQUFBQUFBQUFBQUFBQUFBQUFBQUFBQUFBQUFBQUFBQUFBQUFBQUFBQUFBQUFBQUFBQUFBQUFBQUFBQUFBQUFBQUFBQUFBQUFBQUFBQUFBQUFBQUFBQUFBQUFBQUFBQUFBQUFBQUFBQUFBQUFBQUFBQUFBQUFBQUFBQUFBQUFBQUFBQUFBQUFBQUFBQUFBQUFBQUFBQUFBQUFBQUFBQUFBQUFBQUFBQUFBQUFBQUFBQUFBQUFBQUFBQUFBQUFBQUFBQUFBQUFBQUFBQUFBQUFBQUFBQUFBQUFBQUFBQUFBQUFBQUFBQUFBQUFBQUFBQUFBQUFBQUFBQUFBQUFBQUFBQUFBQUFBQUFBQUFBQUFBQUFBQUFBQUFBQUFBQUFBQUFBQUFBQUFBQUFBQUFBQUFBQUFBQUFBQUFBQUFBQUFBQUFBQUFBQUFBQUFBQUFBQUFBQUFBQUFBQUFBQUFBQUFBQUFBQUFBQUFBQUFBQUFBQUFBQUFBQUFBQUFBQUFBQUFBQUFBQUFBQUFBQUFBQUFBQUFBQUFBQUFBQUFBQUFBQUFBQUFBQUFBQUFBQUFBQUFBQUFBQUFBQUFBQUFBQUFBQUFBQUFBQUFBQUFBQUFBQUFBQUFBQUFBQUFBQUFBQUFBQUFBQUFBQUFBQUFBQUFBQUFBQUFBQUFBQUFBQUFBQUFBQUFBQUFBQUFBQUFBQUFBQUFBQUFBQUFBQUFBQUFBQUFBQUFBQUFBQUFBQUFBQUFBQUFBQUFBQUFBQUFBQUFBQUFBQUFBQUFBQUFBQUFBQUFBQUFBQUFBQUFBQUFBQUFBQUFBQUFBQUFBQUFBQUFBQUFBQUFBQUFBQUFBQUFBQUFBQUFBQUFBQUFBQUFBQUFBQUFBQUFBQUFBQUFBQUFBQUFBQUFBQUFBQUFBQUFBQUFBQUFBQUFBQUFBQUFBQUFBQUFBQUFBQUFBQUFBQUFBQUFBQUFBQUFBQUFBQUFBQUFBQUFBQUFBQUFBQUFBQUFBQUFBQUFBQUFBQUFBQUFBQUFBQUFBQUFBQUFBQUFBQUFBQUFBQUFBQUFBQUFBQUFBQUFBQUFBQUFBQUFBQUFBQUFBQUFBQUFBQUFBQUFBQUFBQUFBQUFBQUFBQUFBQUFBQUFBQUFBQUFBQUFBQUFBQUFBQUFBQUFBQUFBQUFBQUFBQUFBQUFBQUFBQUFBQUFBQUFBQUFBQUFBQUFBQUFBQUFBQUFBQUFBQUFBQUFBQUFBQUFBQUFBQUFBQUFBQUFBQUFBQUFBQUFBQUFBQUFBQUFBQUFBQUFBQUFBQUFBQUFBQUFBQUFBQUFBQUFBQUFBQUFBQUFBQUFBQUFBQUFBQUFBQUFBQUFBQUFBQUFBQUFBQUFBQUFBQUFBQUFBQUFBQUFBQUFBQUFBQUFBQUFBQUFBQUFBQUFBQUFBQUFBQUFBQUFBQUFBQUFBQUFBQUFBQUFBQUFBQUFBQUFBQUFBQUFBQUFBQUFBQUFBQUFBQUFBQUFBQUFBQUFBQUFBQUFBQUFBQUFBQUFBQUFBQUFBQUFBQUFBQUFBQUFBQUFBQUFBQUFBQUFBQUFBQUFBQUFBQUFBQUFBQUFBQUFBQUFBQUFBQUFBQUFBQUFBQUFBQUFBQUFBQUFBQUFBQUFBQUFBQUFBQUFBQUFBQUFBQUFBQUFBQUFBQUFBQUFBQUFBQUFBQUFBQUFBQUFBQUFBQUFBQUFBQUFBQUFBQUFBQUFBQUFBQUFBQUFBQUFBQUFBQUFBQUFBQUFBQUFBQUFBQUFBQUFBQUFBQUFBQUFBQUFBQUFBQUFBQUFBQUFBQUFBQUFBQUFBQUFBQUFBQUFBQUFBQUFBQUFBQUFBQUFBQUFBQUFBQUFBQUFBQUFBQUFBQUFBQUFBQUFBQUFBQUFBQUFBQUFBQUFBQUFBQUFBQUFBQUFBQUFBQUFBQUFBQUFBQUFBQUFBQUFBQUFBQUFBQUFBQUFBQUFBQUFBQUFBQUFBQUFBQUFBQUFBQUFBQUFBQUFBQUFBQUFBQUFBQUFBQUFBQUFBQUFBQUFBQUFBQUFBQUFBQUFBQUFBQUFBQUFBQUFBQUFBQUFBQUFBQUFBQUFBQUFBQUFBQUFBQUFBQUFBQUFBQUFBQUFBQUFBQUFBQUFBQUFBQUFBQUFBQUFBQUFBQUFBQUFBQUFBQUFBQUFBQUFBQUFBQUFBQUFBQUFBQUFBQUFBQUFBQUFBQUFBQUFBQUFBQUFBQUFBQUFBQUFBQUFBQUFBQUFBQUFBQUFBQUFBQUFBQUFBQUFBQUFBQUFBQUFBQUFBQUFBQUFBQUFBQUFBQUFBQUFBQUFBQUFBQUFBQUFBQUFBQUFBQUFBQUFBQUFBQUFBQUFBQUFBQUFBQUFBQUFBQUFBQUFBQUFBQUFBQUFBQUFBQUFBQUFBQUFBQUFBQUFBQUFBQUFBQUFBQUFBQUFBQUFBQUFBQUFBQUFBQUFBQUFBQUFBQUFBQUFBQUFBQUFBQUFBQUFBQUFBQUFBQUFBQUFBQUFBQUFBQUFBQUFBQUFBQUFBQUFBQUFBQUFBQUFBQUFBQUFBQUFBQUFBQUFBQUFBQUFBQUFBQUFBQUFBQUFBQUFBQUFBQUFBQUFBQUFBQUFBQUFBQUFBQUFBQUFBQUFBQUFBQUFBQUFBQUFBQUFBQUFBQUFBQUFBQUFBQUFBQUFBQUFBQUFBQUFBQUFBQUFBQUFBQUFBQUFBQUFBQUFBQUFBQUFBQUFBQUFBQUFBQUFBQUFBQUFBQUFBQUFBQUFBQUFBQUFBQUFBQUFBQUFBQUFBQUFBQUFBQUFBQUFBQUFBQUFBQUFBQUFBQUFBQUFBQUFBQUFBQUFBQUFBQUFBQUFBQUFBQUFBQUFBQUFBQUFBQUFBQUFBQUFBQUFBQUFBQUFBQUFBQUFBQUFBQUFBQUFBQUFBQUFBQUFBQUFBQUFBQUFBQUFBQUFBQUFBQUFBQUFBQUFBQUFBQUFBQUFBQUFBQUFBQUFBQUFBQUFBQUFBQUFBQUFBQUFBQUFBQUFBQUFBQUFBQUFBQUFBQUFBQUFBQUFBQUFBQUFBQUFBQUFBQUFBQUFBQUFBQUFBQUFBQUFBQUFBQUFBQUFBQUFBQUFBQUFBQUFBQUFBQUFBQUFBQUFBQUFBQUFBQUFBQUFBQUFBQUFBQUFBQUFBQUFBQUFBQUFBQUFBQUFBQUFBQUFBQUFBQUFBQUFBQUFBQUFBQUFBQUFBQUFBQUFBQUFBQUFBQUFBQUFBQUFBQUFBQUFBQUFBQUFBQUFBQUFBQUFBQUFBQUFBQUFBQUFBQUFBQUFBQUFBQUFBQUFBQUFBQUFBQUFBQUFBQUFBQUFBQUFBQUFBQUFBQUFBQUFBQUFBQUFBQUFBQUFBQUFBQUFBQUFBQUFBQUFBQUFBQUFBQUFBQUFBQUFBQUFBQUFBQUFBQUFBQUFBQUFBQUFBQUFBQUFBQUFBQUFBQUFBQUFBQUFBQUFBQUFBQUFBQUFBQUFBQUFBQUFBQUFBQUFBQUFBQUFBQUFBQUFBQUFBQUFBQUFBQUFBQUFBQUFBQUFBQUFBQUFBQUFBQUFBQUFBQUFBQUFBQUFBQUFBQUFBQUFBQUFBQUFBQUFBQUFBQUFBQUFBQUFBQUFBQUFBQUFBQUFBQUFBQUFBQUFBQUFBQUFBQUFBQUFBQUFBQUFBQUFBQUFBQUFBQUFBQUFBQUFBQUFBQUFBQUFBQUFBQUFBQUFBQUFBQUFBQUFBQUFBQUFBQUFBQUFBQUFBQUFBQUFBQUFBQUFBQUFBQUFBQUFBQUFBQUFBQUFBQUFBQUFBQUFBQUFBQUFBQUFBQUFBQUFBQUFBQUFBQUFBQUFBQUFBQUFBQUFBQUFBQUFBQUFBQUFBQUFBQUFBQUFBQUFBQUFBQUFBQUFBQUFBQUFBQUFBQUFBQUFBQUFBQUFBQUFBQUFBQUFBQUFBQUFBQUFBQUFBQUFBQUFBQUFBQUFBQUFBQUFBQUFBQUFBQUFBQUFBQUFBQUFBQUFBQUFBQUFBQUFBQUFBQUFBQUFBQUFBQUFBQUFBQUFBQUFBQUFBQUFBQUFBQUFBQUFBQUFBQUFBQUFBQUFBQUFBQUFBQUFBQUFBQUFBQUFBQUFBQUFBQUFBQUFBQUFBQUFBQUFBQUFBQUFBQUFBQUFBQUFBQUFBQUFBQUFBQUFBQUFBQUFBQUFBQUFBQUFBQUFBQUFBQUFBQUFBQUFBQUFBQUFBQUFBQUFBQUFBQUFBQUFBQUFBQUFBQUFBQUFBQUFBQUFBQUFBQUFBQUFBQUFBQUFBQUFBQUFBQUFBQUFBQUFBQUFBQUFBQUFBQUFBQUFBQUFBQUFBQUFBQUFBQUFBQUFBQUFBQUFBQUFBQUFBQUFBQUFBQUFBQUFBQUFBQUFBQUFBQUFBQUFBQUFBQUFBQUFBQUFBQUFBQUFBQUFBQUFBQUFBQUFBQUFBQUFBQUFBQUFBQUFBQUFBQUFBQUFBQUFBQUFBQUFBQUFBQUFBQUFBQUFBQUFBQUFBQUFBQUFBQUFBQUFBQUFBQUFBQUFBQUFBQUFBQUFBQUFBQUFBQUFBQUFBQUFBQUFBQUFBQUFBQUFBQUFBQUFBQUFBQUFBQUFBQUFBQUFBQUFBQUFBQUFBQUFBQUFBQUFBQUFBQUFBQUFBQUFBQUFBQUFBQUFBQUFBQUFBQUFBQUFBQUFBQUFBQUFBQUFBQUFBQUFBQUFBQUFBQUFBQUFBQUFBQUFBQUFBQUFBQUFBQUFBQUFBQUFBQUFBQUFBQUFBQUFBQUFBQUFBQUFBQUFBQUFBQUFBQUFBQUFBQUFBQUFBQUFBQUFBQUFBQUFBQUFBQUFBQUFBQUFBQUFBQUFBQUFBQUFBQUFBQUFBQUFBQUFBQUFBQUFBQUFBQUFBQUFBQUFBQUFBQUFBQUFBQUFBQUFBQUFBQUFBQUFBQUFBQUFBQUFBQUFBQUFBQUFBQUFBQUFBQUFBQUFBQUFBQUFBQUFBQUFBQUFBQUFBQUFBQUFBQUFBQUFBQUFBQUFBQUFBQUFBQUFBQUFBQUFBQUFBQUFBQUFBQUFBQUFBQUFBQUFBQUFBQUFBQUFBQUFBQUFBQUFBQUFBQUFBQUFBQUFBQUFBQUFBQUFBQUFBQUFBQUFBQUFBQUFBQUFBQUFBQUFBQUFBQUFBQUFBQUFBQUFBQUFBQUFBQUFBQUFBQUFBQUFBQUFBQUFBQUFBQUFBQUFBQUFBQUFBQUFBQUFBQUFBQUFBQUFBQUFBQUFBQUFBQUFBQUFBQUFBQUFBQUFBQUFBQUFBQUFBQUFBQUFBQUFBQUFBQUFBQUFBQUFBQUFBQUFBQUFBQUFBQUFBQUFBQUFBQUFBQUFBQUFBQUFBQUFBQUFBQUFBQUFBQUFBQUFBQUFBQUFBQUFBQUFBQUFBQUFBQUFBQUFBQUFBQUFBQUFBQUFBQUFBQUFBQUFBQUFBQUFBQUFBQUFBQUFBQUFBQUFBQUFBQUFBQUFBQUFBQUFBQUFBQUFBQUFBQUFBQUFBQUFBQUFBQUFBQUFBQUFBQUFBQUFBQUFBQUFBQUFBQUFBQUFBQUFBQUFBQUFBQUFBQUFBQUFBQUFBQUFBQUFBQUFBQUFBQUFBQUFBQUFBQUFBQUFBQUFBQUFBQUFBQUFBQUFBQUFBQUFBQUFBQUFBQUFBQUFBQUFBQUFBQUFBQUFBQUFBQUFBQUFBQUFBQUFBQUFBQUFBQUFBQUFBQUFBQUFBQUFBQUFBQUFBQUFBQUFBQUFBQUFBQUFBQUFBQUFBQUFBQUFBQUFBQUFBQUFBQUFBQUFBQUFBQUFBQUFBQUFBQUFBQUFBQUFBQUFBQUFBQUFBQUFBQUFBQUFBQUFBQUFBQUFBQUFBQUFBQUFBQUFBQUFBQUFBQUFBQUFBQUFBQUFBQUFBQUFBQUFBQUFBQUFBQUFBQUFBQUFBQUFBQUFBQUFBQUFBQUFBQUFBQUFBQUFBQUFBQUFBQUFBQUFBQUFBQUFBQUFBQUFBQUFBQUFBQUFBQUFBQUFBQUFBQUFBQUFBQUFBQUFBQUFBQUFBQUFBQUFBQUFBQUFBQUFBQUFBQUFBQUFBQUFBQUFBQUFBQUFBQUFBQUFBQUFBQUFBQUFBQUFBQUFBQUFBQUFBQUFBQUFBQUFBQUFBQUFBQUFBQUFBQUFBQUFBQUFBQUFBQUFBQUFBQUFBQUFBQUFBQUFBQUFBQUFBQUFBQUFBQUFBQUFBQUFBQUFBQUFBQUFBQUFBQUFBQUFBQUFBQUFBQUFBQUFBQUFBQUFBQUFBQUFBQUFBQUFBQUFBQUFBQUFBQUFBQUFBQUFBQUFBQUFBQUFBQUFBQUFBQUFBQUFBQUFBQUFBQUFBQUFBQUFBQUFBQUFBQUFBQUFBQUFBQUFBQUFBQUFBQUFBQUFBQUFBQUFBQUFBQUFBQUFBQUFBQUFBQUFBQUFBQUFBQUFBQUFBQUFBQUFBQUFBQUFBQUFBQUFBQUFBQUFBQUFBQUFBQUFBQUFBQUFBQUFBQUFBQUFBQUFBQUFBQUFBQUFBQUFBQUFBQUFBQUFBQUFBQUFBQUFBQUFBQUFBQUFBQUFBQUFBQUFBQUFBQUFBQUFBQUFBQUFBQUFBQUFBQUFBQUFBQUFBQUFBQUFBQUFBQUFBQUFBQUFBQUFBQUFBQUFBQUFBQUFBQUFBQUFBQUFBQUFBQUFBQUFBQUFBQUFBQUFBQUFBQUFBQUFBQUFBQUFBQUFBQUFBQUFBQUFBQUFBQUFBQUFBQUFBQUFBQUFBQUFBQUFBQUFBQUFBQUFBQUFBQUFBQUFBQUFBQUFBQUFBQUFBQUFBQUFBQUFBQUFBQUFBQUFBQUFBQUFBQUFBQUFBQUFBQUFBQUFBQUFBQUFBQUFBQUFBQUFBQUFBQUFBQUFBQUFBQUFBQUFBQUFBQUFBQUFBQUFBQUFBQUFBQUFBQUFBQUFBQUFBQUFBQUFBQUFBQUFBQUFBQUFBQUFBQUFBQUFBQUFBQUFBQUFBQUFBQUFBQUFBQUFBQUFBQUFBQUFBQUFBQUFBQUFBQUFBQUFBQUFBQUFBQUFBQUFBQUFBQUFBQUFBQUFBQUFBQUFBQUFBQUFBQUFBQUFBQUFBQUFBQUFBQUFBQUFBQUFBQUFBQUFBQUFBQUFBQUFBQUFBQUFBQUFBQUFBQUFBQUFBQUFBQUFBQUFBQUFBQUFBQUFBQUFBQUFBQUFBQUFBQUFBQUFBQUFBQUFBQUFBQUFBQUFBQUFBQUFBQUFBQUFBQUFBQUFBQUFBQUFBQUFBQUFBQUFBQUFBQUFBQUFBQUFBQUFBQUFBQUFBQUFBQUFBQUFBQUFBQUFBQUFBQUFBQUFBQUFBQUFBQUFBQUFBQUFBQUFBQUFBQUFBQUFBQUFBQUFBQUFBQUFBQUFBQUFBQUFBQUFBQUFBQUFBQUFBQUFBQUFBQUFBQUFBQUFBQUFBQUFBQUFBQUFBQUFBQUFBQUFBQUFBQUFBQUFBQUFBQUFBQUFBQUFBQUFBQUFBQUFBQUFBQUFBQUFBQUFBQUFBQUFBQUFBQUFBQUFBQUFBQUFBQUFBQUFBQUFBQUFBQUFBQUFBQUFBQUFBQUFBQUFBQUFBQUFBQUFBQUFBQUFBQUFBQUFBQUFBQUFBQUFBQUFBQUFBQUFBQUFBQUFBQUFBQUFBQUFBQUFBQUFBQUFBQUFBQUFBQUFBQUFBQUFBQUFBQUFBQUFBQUFBQUFBQUFBQUFBQUFBQUFBQUFBQUFBQUFBQUFBQUFBQUFBQUFBQUFBQUFBQUFBQUFBQUFBQUFBQUFBQUFBQUFBQUFBQUFBQUFBQUFBQUFBQUFBQUFBQUFBQUFBQUFBQUFBQUFBQUFBQUFBQUFBQUFBQUFBQUFBQUFBQUFBQUFBQUFBQUFBQUFBQUFBQUFBQUFBQUFBQUFBQUFBQUFBQUFBQUFBQUFBQUFBQUFBQUFBQUFBQUFBQUFBQUFBQUFBQUFBQUFBQUFBQUFBQUFBQUFBQUFBQUFBQUFBQUFBQUFBQUFBQUFBQUFBQUFBQUFBQUFBQUFBQUFBQUFBQUFBQUFBQUFBQUFBQUFBQUFBQUFBQUFBQUFBQUFBQUFBQUFBQUFBQUFBQUFBQUFBQUFBQUFBQUFBQUFBQUFBQUFBQUFBQUFBQUFBQUFBQUFBQUFBQUFBQUFBQUFBQUFBQUFBQUFBQUFBQUFBQUFBQUFBQUFBQUFBQUFBQUFBQUFBQUFBQUFBQUFBQUFBQUFBQUFBQUFBQUFBQUFBQUFBQUFBQUFBQUFBQUFBQUFBQUFBQUFBQUFBQUFBQUFBQUFBQUFBQUFBQUFBQUFBQUFBQUFBQUFBQUFBQUFBQUFBQUFBQUFBQUFBQUFBQUFBQUFBQUFBQUFBQUFBQUFBQUFBQUFBQUFBQUFBQUFBQUFBQUFBQUFBQUFBQUFBQUFBQUFBQUFBQUFBQUFBQUFBQUFBQUFBQUFBQUFBQUFBQUFBQUFBQUFBQUFBQUFBQUFBQUFBQUFBQUFBQUFBQUFBQUFBQUFBQUFBQUFBQUFBQUFBQUFBQUFBQUFBQUFBQUFBQUFBQUFBQUFBQUFBQUFBQUFBQUFBQUFBQUFBQUFBQUFBQUFBQUFBQUFBQUFBQUFBQUFBQUFBQUFBQUFBQUFBQUFBQUFBQUFBQUFBQUFBQUFBQUFBQUFBQUFBQUFBQUFBQUFBQUFBQUFBQUFBQUFBQUFBQUFBQUFBQUFBQUFBQUFBQUFBQUFBQUFBQUFBQUFBQUFBQUFBQUFBQUFBQUFBQUFBQUFBQUFBQUFBQUFBQUFBQUFBQUFBQUFBQUFBQUFBQUFBQUFBQUFBQUFBQUFBQUFBQUFBQUFBQUFBQUFBQUFBQUFBQUFBQUFBQUFBQUFBQUFBQUFBQUFBQUFBQUFBQUFBQUFBQUFBQUFBQUFBQUFBQUFBQUFBQUFBQUFBQUFBQUFBQUFBQUFBQUFBQUFBQUFBQUFBQUFBQUFBQUFBQUFBQUFBQUFBQUFBQUFBQUFBQUFBQUFBQUFBQUFBQUFBQUFBQUFBQUFBQUFBQUFBQUFBQUFBQUFBQUFBQUFBQUFBQUFBQUFBQUFBQUFBQUFBQUFBQUFBQUFBQUFBQUFBQUFBQUFBQUFBQUFBQUFBQUFBQUFBQUFBQUFBQUFBQUFBQUFBQUFBQUFBQUFBQUFBQUFBQUFBQUFBQUFBQUFBQUFBQUFBQUFBQUFBQUFBQUFBQUFBQUFBQUFBQUFBQUFBQUFBQUFBQUFBQUFBQUFBQUFBQUFBQUFBQUFBQUFBQUFBQUFBQUFBQUFBQUFBQUFBQUFBQUFBQUFBQUFBQUFBQUFBQUFBQUFBQUFBQUFBQUFBQUFBQUFBQUFBQUFBQUFBQUFBQUFBQUFBQUFBQUFBQUFBQUFBQUFBQUFBQUFBQUFBQUFBQUFBQUFBQUFBQUFBQUFBQUFBQUFBQUFBQUFBQUFBQUFBQUFBQUFBQUFBQUFBQUFBQUFBQUFBQUFBQUFBQUFBQUFBQUFBQUFBQUFBQUFBQUFBQUFBQUFBQUFBQUFBQUFBQUFBQUFBQUFBQUFBQUFBQUFBQUFBQUFBQUFBQUFBQUFBQUFBQUFBQUFBQUFBQUFBQUFBQUFBQUFBQUFBQUFBQUFBQUFBQUFBQUFBQUFBQUFBQUFBQUFBQUFBQUFBQUFBQUFBQUFBQUFBQUFBQUFBQUFBQUFBQUFBQUFBQUFBQUFBQUFBQUFBQUFBQUFBQUFBQUFBQUFBQUFBQUFBQUFBQUFBQUFBQUFBQUFBQUFBQUFBQUFBQUFBQUFBQUFBQUFBQUFBQUFBQUFBQUFBQUFBQUFBQUFBQUFBQUFBQUFBQUFBQUFBQUFBQUFBQUFBQUFBQUFBQUFBQUFBQUFBQUFBQUFBQUFBQUFBQUFBQUFBQUFBQUFBQUFBQUFBQUFBQUFBQUFBQUFBQUFBQUFBQUFBQUFBQUFBQUFBQUFBQUFBQUFBQUFBQUFBQUFBQUFBQUFBQUFBQUFBQUFBQUFBQUFBQUFBQUFBQUFBQUFBQUFBQUFBQUFBQUFBQUFBQUFBQUFBQUFBQUFBQUFBQUFBQUFBQUFBQUFBQUFBQUFBQUFBQUFBQUFBQUFBQUFBQUFBQUFBQUFBQUFBQUFBQUFBQUFBQUFBQUFBQUFBQUFBQUFBQUFBQUFBQUFBQUFBQUFBQUFBQUFBQUFBQUFBQUFBQUFBQUFBQUFBQUFBQUFBQUFBQUFBQUFBQUFBQUFBQUFBQUFBQUFBQUFBQUFBQUFBQUFBQUFBQUFBQUFBQUFBQUFBQUFBQUFBQUFBQUFBQUFBQUFBQUFBQUFBQUFBQUFBQUFBQUFBQUFBQUFBQUFBQUFBQUFBQUFBQUFBQUFBQUFBQUFBQUFBQUFBQUFBQUFBQUFBQUFBQUFBQUFBQUFBQUFBQUFBQUFBQUFBQUFBQUFBQUFBQUFBQUFBQUFBQUFBQUFBQUFBQUFBQUFBQUFBQUFBQUFBQUFBQUFBQUFBQUFBQUFBQUFBQUFBQUFBQUFBQUFBQUFBQUFBQUFBQUFBQUFBQUFBQUFBQUFBQUFBQUFBQUFBQUFBQUFBQUFBQUFBQUFBQUFBQUFBQUFBQUFBQUFBQUFBQUFBQUFBQUFBQUFBQUFBQUFBQUFBQUFBQUFBQUFBQUFBQUFBQUFBQUFBQUFBQUFBQUFBQUFBQUFBQUFBQUFBQUFBQUFBQUFBQUFBQUFBQUFBQUFBQUFBQUFBQUFBQUFBQUFBQUFBQUFBQUFBQUFBQUFBQUFBQUFBQUFBQUFBQUFBQUFBQUFBQUFBQUFBQUFBQUFBQUFBQUFBQUFBQUFBQUFBQUFBQUFBQUFBQUFBQUFBQUFBQUFBQUFBQUFBQUFBQUFBQUFBQUFBQUFBQUFBQUFBQUFBQUFBQUFBQUFBQUFBQUFBQUFBQUFBQUFBQUFBQUFBQUFBQUFBQUFBQUFBQUFBQUFBQUFBQUFBQUFBQUFBQUFBQUFBQUFBQUFBQUFBQUFBQUFBQUFBQUFBQUFBQUFBQUFBQUFBQUFBQUFBQUFBQUFBQUFBQUFBQUFBQUFBQUFBQUFBQUFBQUFBQUFBQUFBQUFBQUFBQUFBQUFBQUFBQUFBQUFBQUFBQUFBQUFBQUFBQUFBQUFBQUFBQUFBQUFBQUFBQUFBQUFBQUFBQUFBQUFBQUFBQUFBQUFBQUFBQUFBQUFBQUFBQUFBQUFBQUFBQUFBQUFBQUFBQUFBQUFBQUFBQUFBQUFBQUFBQUFBQUFBQUFBQUFBQUFBQUFBQUFBQUFBQUFBQUFBQUFBQUFBQUFBQUFBQUFBQUFBQUFBQUFBQUFBQUFBQUFBQUFBQUFBQUFBQUFBQUFBQUFBQUFBQUFBQUFBQUFBQUFBQUFBQUFBQUFBQUFBQUFBQUFBQUFBQUFBQUFBQUFBQUFBQUFBQUFBQUFBQUFBQUFBQUFBQUFBQUFBQUFBQUFBQUFBQUFBQUFBQUFBQUFBQUFBQUFBQUFBQUFBQUFBQUFBQUFBQUFBQUFBQUFBQUFBQUFBQUFBQUFBQUFBQUFBQUFBQUFBQUFBQUFBQUFBQUFBQUFBQUFBQUFBQUFBQUFBQUFBQUFBQUFBQUFBQUFBQUFBQUFBQUFBQUFBQUFBQUFBQUFBQUFBQUFBQUFBQUFBQUFBQUFBQUFBQUFBQUFBQUFBQUFBQUFBQUFBQUFBQUFBQUFBQUFBQUFBQUFBQUFBQUFBQUFBQUFBQUFBQUFBQUFBQUFBQUFBQUFBQUFBQUFBQUFBQUFBQUFBQUFBQUFBQUFBQUFBQUFBQUFBQUFBQUFBQUFBQUFBQUFBQUFBQUFBQUFBQUFBQUFBQUFBQUFBQUFBQUFBQUFBQUFBQUFBQUFBQUFBQUFBQUFBQUFBQUFBQUFBQUFBQUFBQUFBQUFBQUFBQUFBQUFBQUFBQUFBQUFBQUFBQUFBQUFBQUFBQUFBQUFBQUFBQUFBQUFBQUFBQUFBQUFBQUFBQUFBQUFBQUFBQUFBQUFBQUFBQUFBQUFBQUFBQUFBQUFBQUFBQUFBQUFBQUFBQUFBQUFBQUFBQUFBQUFBQUFBQUFBQUFBQUFBQUFBQUFBQUFBQUFBQUFBQUFBQUFBQUFBQUFBQUFBQUFBQUFBQUFBQUFBQUFBQUFBQUFBQUFBQUFBQUFBQUFBQUFBQUFBQUFBQUFBQUFBQUFBQUFBQUFBQUFBQUFBQUFBQUFBQUFBQUFBQUFBQUFBQUFBQUFBQUFBQUFBQUFBQUFBQUFBQUFBQUFBQUFBQUFBQUFBQUFBQUFBQUFBQUFBQUFBQUFBQUFBQUFBQUFBQUFBQUFBQUFBQUFBQUFBQUFBQUFBQUFBQUFBQUFBQUFBQUFBQUFBQUFBQUFBQUFBQUFBQUFBQUFBQUFBQUFBQUFBQUFBQUFBQUFBQUFBQUFBQUFBQUFBQUFBQUFBQUFBQUFBQUFBQUFBQUFBQUFBQUFBQUFBQUFBQUFBQUFBQUFBQUFBQUFBQUFBQUFBQUFBQUFBQUFBQUFBQUFBQUFBQUFBQUFBQUFBQUFBQUFBQUFBQUFBQUFBQUFBQUFBQUFBQUFBQUFBQUFBQUFBQUFBQUFBQUFBQUFBQUFBQUFBQUFBQUFBQUFBQUFBQUFBQUFBQUFBQUFBQUFBQUFBQUFBQUFBQUFBQUFBQUFBQUFBQUFBQUFBQUFBQUFBQUFBQUFBQUFBQUFBQUFBQUFBQUFBQUFBQUFBQUFBQUFBQUFBQUFBQUFBQUFBQUFBQUFBQUFBQUFBQUFBQUFBQUFBQUFBQUFBQUFBQUFBQUFBQUFBQUFBQUFBQUFBQUFBQUFBQUFBQUFBQUFBQUFBQUFBQUFBQUFBQUFBQUFBQUFBQUFBQUFBQUFBQUFBQUFBQUFBQUFBQUFBQUFBQUFBQUFBQUFBQUFBQUFBQUFBQUFBQUFBQUFBQUFBQUFBQUFBQUFBQUFBQUFBQUFBQUFBQUFBQUFBQUFBQUFBQUFBQUFBQUFBQUFBQUFBQUFBQUFBQUFBQUFBQUFBQUFBQUFBQUFBQUFBQUFBQUFBQUFBQUFBQUFBQUFBQUFBQUFBQUFBQUFBQUFBQUFBQUFBQUFBQUFBQUFBQUFBQUFBQUFBQUFBQUFBQUFBQUFBQUFBQUFBQUFBQUFBQUFBQUFBQUFBQUFBQUFBQUFBQUFBQUFBQUFBQUFBQUFBQUFBQUFBQUFBQUFBQUFBQUFBQUFBQUFBQUFBQUFBQUFBQUFBQUFBQUFBQUFBQUFBQUFBQUFBQUFBQUFBQUFBQUFBQUFBQUFBQUFBQUFBQUFBQUFBQUFBQUFBQUFBQUFBQUFBQUFBQUFBQUFBQUFBQUFBQUFBQUFBQUFBQUFBQUFBQUFBQUFBQUFBQUFBQUFBQUFBQUFBQUFBQUFBQUFBQUFBQUFBQUFBQUFBQUFBQUFBQUFBQUFBQUFBQUFBQUFBQUFBQUFBQUFBQUFBQUFBQUFBQUFBQUFBQUFBQUFBQUFBQUFBQUFBQUFBQUFBQUFBQUFBQUFBQUFBQUFBQUFBQUFBQUFBQUFBQUFBQUFBQUFBQUFBQUFBQUFBQUFBQUFBQUFBQUFBQUFBQUFBQUFBQUFBQUFBQUFBQUFBQUFBQUFBQUFBQUFBQUFBQUFBQUFBQUFBQUFBQUFBQUFBQUFBQUFBQUFBQUFBQUFBQUFBQUFBQUFBQUFBQUFBQUFBQUFBQUFBQUFBQUFBQUFBQUFBQUFBQUFBQUFBQUFBQUFBQUFBQUFBQUFBQUFBQUFBQUFBQUFBQUFBQUFBQUFBQUFBQUFBQUFBQUFBQUFBQUFBQUFBQUFBQUFBQUFBQUFBQUFBQUFBQUFBQUFBQUFBQUFBQUFBQUFBQUFBQUFBQUFBQUFBQUFBQUFBQUFBQUFBQUFBQUFBQUFBQUFBQUFBQUFBQUFBQUFBQUFBQUFBQUFBQUFBQUFBQUFBQUFBQUFBQUFBQUFBQUFBQUFBQUFBQUFBQUFBQUFBQUFBQUFBQUFBQUFBQUFBQUFBQUFBQUFBQUFBQUFBQUFBQUFBQUFBQUFBQUFBQUFBQUFBQUFBQUFBQUFBQUFBQUFBQUFBQUFBQUFBQUFBQUFBQUFBQUFBQUFBQUFBQUFBQUFBQUFBQUFBQUFBQUFBQUFBQUFBQUFBQUFBQUFBQUFBQUFBQUFBQUFBQUFBQUFBQUFBQUFBQUFBQUFBQUFBQUFBQUFBQUFBQUFBQUFBQUFBQUFBQUFBQUFBQUFBQUFBQUFBQUFBQUFBQUFBQUFBQUFBQUFBQUFBQUFBQUFBQUFBQUFBQUFBQUFBQUFBQUFBQUFBQUFBQUFBQUFBQUFBQUFBQUFBQUFBQUFBQUFBQUFBQUFBQUFBQUFBQUFBQUFBQUFBQUFBQUFBQUFBQUFBQUFBQUFBQUFBQUFBQUFBQUFBQUFBQUFBQUFBQUFBQUFBQUFBQUFBQUFBQUFBQUFBQUFBQUFBQUFBQUFBQUFBQUFBQUFBQUFBQUFBQUFBQUFBQUFBQUFBQUFBQUFBQUFBQUFBQUFBQUFBQUFBQUFBQUFBQUFBQUFBQUFBQUFBQUFBQUFBQUFBQUFBQUFBQUFBQUFBQUFBQUFBQUFBQUFBQUFBQUFBQUFBQUFBQUFBQUFBQUFBQUFBQUFBQUFBQUFBQUFBQUFBQUFBQUFBQUFBQUFBQUFBQUFBQUFBQUFBQUFBQUFBQUFBQUFBQUFBQUFBQUFBQUFBQUFBQUFBQUFBQUFBQUFBQUFBQUFBQUFBQUFBQUFBQUFBQUFBQUFBQUFBQUFBQUFBQUFBQUFBQUFBQUFBQUFBQUFBQUFBQUFBQUFBQUFBQUFBQUFBQUFBQUFBQUFBQUFBQUFBQUFBQUFBQUFBQUFBQUFBQUFBQUFBQUFBQUFBQUFBQUFBQUFBQUFBQUFBQUFBQUFBQUFBQUFBQUFBQUFBQUFBQUFBQUFBQUFBQUFBQUFBQUFBQUFBQUFBQUFBQUFBQUFBQUFBQUFBQUFBQUFBQUFBQUFBQUFBQUFBQUFBQUFBQUFBQUFBQUFBQUFBQUFBQUFBQUFBQUFBQUFBQUFBQUFBQUFBQUFBQUFBQUFBQUFBQUFBQUFBQUFBQUFBQUFBQUFBQUFBQUFBQUFBQUFBQUFBQUFBQUFBQUFBQUFBQUFBQUFBQUFBQUFBQUFBQUFBQUFBQUFBQUFBQUFBQUFBQUFBQUFBQUFBQUFBQUFBQUFBQUFBQUFBQUFBQUFBQUFBQUFBQUFBQUFBQUFBQUFBQUFBQUFBQUFBQUFBQUFBQUFBQUFBQUFBQUFBQUFBQUFBQUFBQUFBQUFBQUFBQUFBQUFBQUFBQUFBQUFBQUFBQUFBQUFBQUFBQUFBQUFBQUFBQUFBQUFBQUFBQUFBQUFBQUFBQUFBQUFBQUFBQUFBQUFBQUFBQUFBQUFBQUFBQUFBQUFBQUFBQUFBQUFBQUFBQUFBQUFBQUFBQUFBQUFBQUFBQUFBQUFBQUFBQUFBQUFBQUFBQUFBQUFBQUFBQUFBQUFBQUFBQUFBQUFBQUFBQUFBQUFBQUFBQUFBQUFBQUFBQUFBQUFBQUFBQUFBQUFBQUFBQUFBQUFBQUFBQUFBQUFBQUFBQUFBQUFBQUFBQUFBQUFBQUFBQUFBQUFBQUFBQUFBQUFBQUFBQUFBQUFBQUFBQUFBQUFBQUFBQUFBQUFBQUFBQUFBQUFBQUFBQUFBQUFBQUFBQUFBQUFBQUFBQUFBQUFBQUFBQUFBQUFBQUFBQUFBQUFBQUFBQUFBQUFBQUFBQUFBQUFBQUFBQUFBQUFBQUFBQUFBQUFBQUFBQUFBQUFBQUFBQUFBQUFBQUFBQUFBQUFBQUFBQUFBQUFBQUFBQUFBQUFBQUFBQUFBQUFBQUFBQUFBQUFBQUFBQUFBQUFBQUFBQUFBQUFBQUFBQUFBQUFBQUFBQUFBQUFBQUFBQUFBQUFBQUFBQUFBQUFBQUFBQUFBQUFBQUFBQUFBQUFBQUFBQUFBQUFBQUFBQUFBQUFBQUFBQUFBQUFBQUFBQUFBQUFBQUFBQUFBQUFBQUFBQUFBQUFBQUFBQUFBQUFBQUFBQUFBQUFBQUFBQUFBQUFBQUFBQUFBQUFBQUFBQUFBQUFBQUFBQUFBQUFBQUFBQUFBQUFBQUFBQUFBQUFBQUFBQUFBQUFBQUFBQUFBQUFBQUFBQUFBQUFBQUFBQUFBQUFBQUFBQUFBQUFBQUFBQUFBQUFBQUFBQUFBQUFBQUFBQUFBQUFBQUFBQUFBQUFBQUFBQUFBQUFBQUFBQUFBQUFBQUFBQUFBQUFBQUFBQUFBQUFBQUFBQUFBQUFBQUFBQUFBQUFBQUFBQUFBQUFBQUFBQUFBQUFBQUFBQUFBQUFBQUFBQUFBQUFBQUFBQUFBQUFBQUFBQUFBQUFBQUFBQUFBQUFBQUFBQUFBQUFBQUFBQUFBQUFBQUFBQUFBQUFBQUFBQUFBQUFBQUFBQUFBQUFBQUFBQUFBQUFBQUFBQUFBQUFBQUFBQUFBQUFBQUFBQUFBQUFBQUFBQUFBQUFBQUFBQUFBQUFBQUFBQUFBQUFBQUFBQUFBQUFBQUFBQUFBQUFBQUFBQUFBQUFBQUFBQUFBQUFBQUFBQUFBQUFBQUFBQUFBQUFBQUFBQUFBQUFBQUFBQUFBQUFBQUFBQUFBQUFBQUFBQUFBQUFBQUFBQUFBQUFBQUFBQUFBQUFBQUFBQUFBQUFBQUFBQUFBQUFBQUFBQUFBQUFBQUFBQUFBQUFBQUFBQUFBQUFBQUFBQUFBQUFBQUFBQUFBQUFBQUFBQUFBQUFBQUFBQUFBQUFBQUFBQUFBQUFBQUFBQUFBQUFBQUFBQUFBQUFBQUFBQUFBQUFBQUFBQUFBQUFBQUFBQUFBQUFBQUFBQUFBQUFBQUFBQUFBQUFBQUFBQUFBQUFBQUFBQUFBQUFBQUFBQUFBQUFBQUFBQUFBQUFBQUFBQUFBQUFBQUFBQUFBQUFBQUFBQUFBQUFBQUFBQUFBQUFBQUFBQUFBQUFBQUFBQUFBQUFBQUFBQUFBQUFBQUFBQUFBQUFBQUFBQUFBQUFBQUFBQUFBQUFBQUFBQUFBQUFBQUFBQUFBQUFBQUFBQUFBQUFBQUFBQUFBQUFBQUFBQUFBQUFBQUFBQUFBQUFBQUFBQUFBQUFBQUFBQUFBQUFBQUFBQUFBQUFBQUFBQUFBQUFBQUFBQUFBQUFBQUFBQUFBQUFBQUFBQUFBQUFBQUFBQUFBQUFBQUFBQUFBQUFBQUFBQUFBQUFBQUFBQUFBQUFBQUFBQUFBQUFBQUFBQUFBQUFBQUFBQUFBQUFBQUFBQUFBQUFBQUFBQUFBQUFBQUFBQUFBQUFBQUFBQUFBQUFBQUFBQUFBQUFBQUFBQUFBQUFBQUFBQUFBQUFBQUFBQUFBQUFBQUFBQUFBQUFBQUFBQUFBQUFBQUFBQUFBQUFBQUFBQUFBQUFBQUFBQUFBQUFBQUFBQUFBQUFBQUFBQUFBQUFBQUFBQUFBQUFBQUFBQUFBQUFBQUFBQUFBQUFBQUFBQUFBQUFBQUFBQUFBQUFBQUFBQUFBQUFBQUFBQUFBQUFBQUFBQUFBQUFBQUFBQUFBQUFBQUFBQUFBQUFBQUFBQUFBQUFBQUFBQUFBQUFBQUFBQUFBQUFBQUFBQUFBQUFBQUFBQUFBQUFBQUFBQUFBQUFBQUFBQUFBQUFBQUFBQUFBQUFBQUFBQUFBQUFBQUFBQUFBQUFBQUFBQUFBQUFBQUFBQUFBQUFBQUFBQUFBQUFBQUFBQUFBQUFBQUFBQUFBQUFBQUFBQUFBQUFBQUFBQUFBQUFBQUFBQUFBQUFBQUFBQUFBQUFBQUFBQUFBQUFBQUFBQUFBQUFBQUFBQUFBQUFBQUFBQUFBQUFBQUFBQUFBQUFBQUFBQUFBQUFBQUFBQUFBQUFBQUFBQUFBQUFBQUFBQUFBQUFBQUFBQUFBQUFBQUFBQUFBQUFBQUFBQUFBQUFBQUFBQUFBQUFBQUFBQUFBQUFBQUFBQUFBQUFBQUFBQUFBQUFBQUFBQUFBQUFBQUFBQUFBQUFBQUFBQUFBQUFBQUFBQUFBQUFBQUFBQUFBQUFBQUFBQUFBQUFBQUFBQUFBQUFBQUFBQUFBQUFBQUFBQUFBQUFBQUFBQUFBQUFBQUFBQUFBQUFBQUFBQUFBQUFBQUFBQUFBQUFBQUFBQUFBQUFBQUFBQUFBQUFBQUFBQUFBQUFBQUFBQUFBQUFBQUFBQUFBQUFBQUFBQUFBQUFBQUFBQUFBQUFBQUFBQUFBQUFBQUFBQUFBQUFBQUFBQUFBQUFBQUFBQUFBQUFBQUFBQUFBQUFBQUFBQUFBQUFBQUFBQUFBQUFBQUFBQUFBQUFBQUFBQUFBQUFBQUFBQUFBQUFBQUFBQUFBQUFBQUFBQUFBQUFBQUFBQUFBQUFBQUFBQUFBQUFBQUFBQUFBQUFBQUFBQUFBQUFBQUFBQUFBQUFBQUFBQUFBQUFBQUFBQUFBQUFBQUFBQUFBQUFBQUFBQUFBQUFBQUFBQUFBQUFBQUFBQUFBQUFBQUFBQUFBQUFBQUFBQUFBQUFBQUFBQUFBQUFBQUFBQUFBQUFBQUFBQUFBQUFBQUFBQUFBQUFBQUFBQUFBQUFBQUFBQUFBQUFBQUFBQUFBQUFBQUFBQUFBQUFBQUFBQUFBQUFBQUFBQUFBQUFBQUFBQUFBQUFBQUFBQUFBQUFBQUFBQUFBQUFBQUFBQUFBQUFBQUFBQUFBQUFBQUFBQUFBQUFBQUFBQUFBQUFBQUFBQUFBQUFBQUFBQUFBQUFBQUFBQUFBQUFBQUFBQUFBQUFBQUFBQUFBQUFBQUFBQUFBQUFBQUFBQUFBQUFBQUFBQUFBQUFBQUFBQUFBQUFBQUFBQUFBQUFBQUFBQUFBQUFBQUFBQUFBQUFBQUFBQUFBQUFBQUFBQUFBQUFBQUFBQUFBQUFBQUFBQUFBQUFBQUFBQUFBQUFBQUFBQUFBQUFBQUFBQUFBQUFBQUFBQUFBQUFBQUFBQUFBQUFBQUFBQUFBQUFBQUFBQUFBQUFBQUFBQUFBQUFBQUFBQUFBQUFBQUFBQUFBQUFBQUFBQUFBQUFBQUFBQUFBQUFBQUFBQUFBQUFBQUFBQUFBQUFBQUFBQUFBQUFBQUFBQUFBQUFBQUFBQUFBQUFBQUFBQUFBQUFBQUFBQUFBQUFBQUFBQUFBQUFBQUFBQUFBQUFBQUFBQUFBQUFBQUFBQUFBQUFBQUFBQUFBQUFBQUFBQUFBQUFBQUFBQUFBQUFBQUFBQUFBQUFBQUFBQUFBQUFBQUFBQUFBQUFBQUFBQUFBQUFBQUFBQUFBQUFBQUFBQUFBQUFBQUFBQUFBQUFBQUFBQUFBQUFBQUFBQUFBQUFBQUFBQUFBQUFBQUFBQUFBQUFBQUFBQUFBQUFBQUFBQUFBQUFBQUFBQUFBQUFBQUFBQUFBQUFBQUFBQUFBQUFBQUFBQUFBQUFBQUFBQUFBQUFBQUFBQUFBQUFBQUFBQUFBQUFBQUFBQUFBQUFBQUFBQUFBQUFBQUFBQUFBQUFBQUFBQUFBQUFBQUFBQUFBQUFBQUFBQUFBQUFBQUFBQUFBQUFBQUFBQUFBQUFBQUFBQUFBQUFBQUFBQUFBQUFBQUFBQUFBQUFBQUFBQUFBQUFBQUFBQUFBQUFBQUFBQUFBQUFBQUFBQUFBQUFBQUFBQUFBQUFBQUFBQUFBQUFBQUFBQUFBQUFBQUFBQUFBQUFBQUFBQUFBQUFBQUFBQUFBQUFBQUFBQUFBQUFBQUFBQUFBQUFBQUFBQUFBQUFBQUFBQUFBQUFBQUFBQUFBQUFBQUFBQUFBQUFBQUFBQUFBQUFBQUFBQUFBQUFBQUFBQUFBQUFBQUFBQUFBQUFBQUFBQUFBQUFBQUFBQUFBQUFBQUFBQUFBQUFBQUFBQUFBQUFBQUFBQUFBQUFBQUFBQUFBQUFBQUFBQUFBQUFBQUFBQUFBQUFBQUFBQUFBQUFBQUFBQUFBQUFBQUFBQUFBQUFBQUFBQUFBQUFBQUFBQUFBQUFBQUFBQUFBQUFBQUFBQUFBQUFBQUFBQUFBQUFBQUFBQUFBQUFBQUFBQUFBQUFBQUFBQUFBQUFBQUFBQUFBQUFBQUFBQUFBQUFBQUFBQUFBQUFBQUFBQUFBQUFBQUFBQUFBQUFBQUFBQUFBQUFBQUFBQUFBQUFBQUFBQUFBQUFBQUFBQUFBQUFBQUFBQUFBQUFBQUFBQUFBQUFBQUFBQUFBQUFBQUFBQUFBQUFBQUFBQUFBQUFBQUFBQUFBQUFBQUFBQUFBQUFBQUFBQUFBQUFBQUFBQUFBQUFBQUFBQUFBQUFBQUFBQUFBQUFBQUFBQUFBQUFBQUFBQUFBQUFBQUFBQUFBQUFBQUFBQUFBQUFBQUFBQUFBQUFBQUFBQUFBQUFBQUFBQUFBQUFBQUFBQUFBQUFBQUFBQUFBQUFBQUFBQUFBQUFBQUFBQUFBQUFBQUFBQUFBQUFBQUFBQUFBQUFBQUFBQUFBQUFBQUFBQUFBQUFBQUFBQUFBQUFBQUFBQUFBQUFBQUFBQUFBQUFBQUFBQUFBQUFBQUFBQUFBQUFBQUFBQUFBQUFBQUFBQUFBQUFBQUFBQUFBQUFBQUFBQUFBQUFBQUFBQUFBQUFBQUFBQUFBQUFBQUFBQUFBQUFBQUFBQUFBQUFBQUFBQUFBQUFBQUFBQUFBQUFBQUFBQUFBQUFBQUFBQUFBQUFBQUFBQUFBQUFBQUFBQUFBQUFBQUFBQUFBQUFBQUFBQUFBQUFBQUFBQUFBQUFBQUFBQUFBQUFBQUFBQUFBQUFBQUFBQUFBQUFBQUFBQUFBQUFBQUFBQUFBQUFBQUFBQUFBQUFBQUFBQUFBQUFBQUFBQUFBQUFBQUFBQUFBQUFBQUFBQUFBQUFBQUFBQUFBQUFBQUFBQUFBQUFBQUFBQUFBQUFBQUFBQUFBQUFBQUFBQUFBQUFBQUFBQUFBQUFBQUFBQUFBQUFBQUFBQUFBQUFBQUFBQUFBQUFBQUFBQUFBQUFBQUFBQUFBQUFBQUFBQUFBQUFBQUFBQUFBQUFBQUFBQUFBQUFBQUFBQUFBQUFBQUFBQUFBQUFBQUFBQUFBQUFBQUFBQUFBQUFBQUFBQUFBQUFBQUFBQUFBQUFBQUFBQUFBQUFBQUFBQUFBQUFBQUFBQUFBQUFBQUFBQUFBQUFBQUFBQUFBQUFBQUFBQUFBQUFBQUFBQUFBQUFBQUFBQUFBQUFBQUFBQUFBQUFBQUFBQUFBQUFBQUFBQUFBQUFBQUFBQUFBQUFBQUFBQUFBQUFBQUFBQUFBQUFBQUFBQUFBQUFBQUFBQUFBQUFBQUFBQUFBQUFBQUFBQUFBQUFBQUFBQUFBQUFBQUFBQUFBQUFBQUFBQUFBQUFBQUFBQUFBQUFBQUFBQUFBQUFBQUFBQUFBQUFBQUFBQUFBQUFBQUFBQUFBQUFBQUFBQUFBQUFBQUFBQUFBQUFBQUFBQUFBQUFBQUFBQUFBQUFBQUFBQUFBQUFBQUFBQUFBQUFBQUFBQUFBQUFBQUFBQUFBQUFBQUFBQUFBQUFBQUFBQUFBQUFBQUFBQUFBQUFBQUFBQUFBQUFBQUFBQUFBQUFBQUFBQUFBQUFBQUFBQUFBQUFBQUFBQUFBQUFBQUFBQUFBQUFBQUFBQUFBQUFBQUFBQUFBQUFBQUFBQUFBQUFBQUFBQUFBQUFBQUFBQUFBQUFBQUFBQUFBQUFBQUFBQUFBQUFBQUFBQUFBQUFBQUFBQUFBQUFBQUFBQUFBQUFBQUFBQUFBQUFBQUFBQUFBQUFBQUFBQUFBQUFBQUFBQUFBQUFBQUFBQUFBQUFBQUFBQUFBQUFBQUFBQUFBQUFBQUFBQUFBQUFBQUFBQUFBQUFBQUFBQUFBQUFBQUFBQUFBQUFBQUFBQUFBQUFBQUFBQUFBQUFBQUFBQUFBQUFBQUFBQUFBQUFBQUFBQUFBQUFBQUFBQUFBQUFBQUFBQUFBQUFBQUFBQUFBQUFBQUFBQUFBQUFBQUFBQUFBQUFBQUFBQUFBQUFBQUFBQUFBQUFBQUFBQUFBQUFBQUFBQUFBQUFBQUFBQUFBQUFBQUFBQUFBQUFBQUFBQUFBQUFBQUFBQUFBQUFBQUFBQUFBQUFBQUFBQUFBQUFBQUFBQUFBQUFBQUFBQUFBQUFBQUFBQUFBQUFBQUFBQUFBQUFBQUFBQUFBQUFBQUFBQUFBQUFBQUFBQUFBQUFBQUFBQUFBQUFBQUFBQUFBQUFBQUFBQUFBQUFBQUFBQUFBQUFBQUFBQUFBQUFBQUFBQUFBQUFBQUFBQUFBQUFBQUFBQUFBQUFBQUFBQUFBQUFBQUFBQUFBQUFBQUFBQUFBQUFBQUFBQUFBQUFBQUFBQUFBQUFBQUFBQUFBQUFBQUFBQUFBQUFBQUFBQUFBQUFBQUFBQUFBQUFBQUFBQUFBQUFBQUFBQUFBQUFBQUFBQUFBQUFBQUFBQUFBQUFBQUFBQUFBQUFBQUFBQUFBQUFBQUFBQUFBQUFBQUFBQUFBQUFBQUFBQUFBQUFBQUFBQUFBQUFBQUFBQUFBQUFBQUFBQUFBQUFBQUFBQUFBQUFBQUFBQUFBQUFBQUFBQUFBQUFBQUFBQUFBQUFBQUFBQUFBQUFBQUFBQUFBQUFBQUFBQUFBQUFBQUFBQUFBQUFBQUFBQUFBQUFBQUFBQUFBQUFBQUFBQUFBQUFBQUFBQUFBQUFBQUFBQUFBQUFBQUFBQUFBQUFBQUFBQUFBQUFBQUFBQUFBQUFBQUFBQUFBQUFBQUFBQUFBQUFBQUFBQUFBQUFBQUFBQUFBQUFBQUFBQUFBQUFBQUFBQUFBQUFBQUFBQUFBQUFBQUFBQUFBQUFBQUFBQUFBQUFBQUFBQUFBQUFBQUFBQUFBQUFBQUFBQUFBQUFBQUFBQUFBQUFBQUFBQUFBQUFBQUFBQUFBQUFBQUFBQUFBQUFBQUFBQUFBQUFBQUFBQUFBQUFBQUFBQUFBQUFBQUFBQUFBQUFBQUFBQUFBQUFBQUFBQUFBQUFBQUFBQUFBQUFBQUFBQUFBQUFBQUFBQUFBQUFBQUFBQUFBQUFBQUFBQUFBQUFBQUFBQUFBQUFBQUFBQUFBQUFBQUFBQUFBQUFBQUFBQUFBQUFBQUFBQUFBQUFBQUFBQUFBQUFBQUFBQUFBQUFBQUFBQUFBQUFBQUFBQUFBQUFBQUFBQUFBQUFBQUFBQUFBQUFBQUFBQUFBQUFBQUFBQUFBQUFBQUFBQUFBQUFBQUFBQUFBQUFBQUFBQUFBQUFBQUFBQUFBQUFBQUFBQUFBQUFBQUFBQUFBQUFBQUFBQUFBQUFBQUFBQUFBQUFBQUFBQUFBQUFBQUFBQUFBQUFBQUFBQUFBQUFBQUFBQUFBQUFBQUFBQUFBQUFBQUFBQUFBQUFBQUFBQUFBQUFBQUFBQUFBQUFBQUFBQUFBQUFBQUFBQUFBQUFBQUFBQUFBQUFBQUFBQUFBQUFBQUFBQUFBQUFBQUFBQUFBQUFBQUFBQUFBQUFBQUFBQUFBQUFBQUFBQUFBQUFBQUFBQUFBQUFBQUFBQUFBQUFBQUFBQUFBQUFBQUFBQUFBQUFBQUFBQUFBQUFBQUFBQUFBQUFBQUFBQUFBQUFBQUFBQUFBQUFBQUFBQUFBQUFBQUFBQUFBQUFBQUFBQUFBQUFBQUFBQUFBQUFBQUFBQUFBQUFBQUFBQUFBQUFBQUFBQUFBQUFBQUFBQUFBQUFBQUFBQUFBQUFBQUFBQUFBQUFBQUFBQUFBQUFBQUFBQUFBQUFBQUFBQUFBQUFBQUFBQUFBQUFBQUFBQUFBQUFBQUFBQUFBQUFBQUFBQUFBQUFBQUFBQUFBQUFBQUFBQUFBQUFBQUFBQUFBQUFBQUFBQUFBQUFBQUFBQUFBQUFBQUFBQUFBQUFBQUFBQUFBQUFBQUFBQUFBQUFBQUFBQUFBQUFBQUFBQUFBQUFBQUFBQUFBQUFBQUFBQUFBQUFBQUFBQUFBQUFBQUFBQUFBQUFBQUFBQUFBQUFBQUFBQUFBQUFBQUFBQUFBQUFBQUFBQUFBQUFBQUFBQUFBQUFBQUFBQUFBQUFBQUFBQUFBQUFBQUFBQUFBQUFBQUFBQUFBQUFBQUFBQUFBQUFBQUFBQUFBQUFBQUFBQUFBQUFBQUFBQUFBQUFBQUFBQUFBQUFBQUFBQUFBQUFBQUFBQUFBQUFBQUFBQUFBQUFBQUFBQUFBQUFBQUFBQUFBQUFBQUFBQUFBQUFBQUFBQUFBQUFBQUFBQUFBQUFBQUFBQUFBQUFBQUFBQUFBQUFBQUFBQUFBQUFBQUFBQUFBQUFBQUFBQUFBQUFBQUFBQUFBQUFBQUFBQUFBQUFBQUFBQUFBQUFBQUFBQUFBQUFBQUFBQUFBQUFBQUFBQUFBQUFBQUFBQUFBQUFBQUFBQUFBQUFBQUFBQUFBQUFBQUFBQUFBQUFBQUFBQUFBQUFBQUFBQUFBQUFBQUFBQUFBQUFBQUFBQUFBQUFBQUFBQUFBQUFBQUFBQUFBQUFBQUFBQUFBQUFBQUFBQUFBQUFBQUFBQUFBQUFBQUFBQUFBQUFBQUFBQUFBQUFBQUFBQUFBQUFBQUFBQUFBQUFBQUFBQUFBQUFBQUFBQUFBQUFBQUFBQUFBQUFBQUFBQUFBQUFBQUFBQUFBQUFBQUFBQUFBQUFBQUFBQUFBQUFBQUFBQUFBQUFBQUFBQUFBQUFBQUFBQUFBQUFBQUFBQUFBQUFBQUFBQUFBQUFBQUFBQUFBQUFBQUFBQUFBQUFBQUFBQUFBQUFBQUFBQUFBQUFBQUFBQUFBQUFBQUFBQUFBQUFBQUFBQUFBQUFBQUFBQUFBQUFBQUFBQUFBQUFBQUFBQUFBQUFBQUFBQUFBQUFBQUFBQUFBQUFBQUFBQUFBQUFBQUFBQUFBQUFBQUFBQUFBQUFBQUFBQUFBQUFBQUFBQUFBQUFBQUFBQUFBQUFBQUFBQUFBQUFBQUFBQUFBQUFBQUFBQUFBQUFBQUFBQUFBQUFBQUFBQUFBQUFBQUFBQUFBQUFBQUFBQUFBQUFBQUFBQUFBQUFBQUFBQUFBQUFBQUFBQUFBQUFBQUFBQUFBQUFBQUFBQUFBQUFBQUFBQUFBQUFBQUFBQUFBQUFBQUFBQUFBQUFBQUFBQUFBQUFBQUFBQUFBQUFBQUFBQUFBQUFBQUFBQUFBQUFBQUFBQUFBQUFBQUFBQUFBQUFBQUFBQUFBQUFBQUFBQUFBQUFBQUFBQUFBQUFBQUFBQUFBQUFBQUFBQUFBQUFBQUFBQUFBQUFBQUFBQUFBQUFBQUFBQUFBQUFBQUFBQUFBQUFBQUFBQUFBQUFBQUFBQUFBQUFBQUFBQUFBQUFBQUFBQUFBQUFBQUFBQUFBQUFBQUFBQUFBQUFBQUFBQUFBQUFBQUFBQUFBQUFBQUFBQUFBQUFBQUFBQUFBQUFBQUFBQUFBQUFBQUFBQUFBQUFBQUFBQUFBQUFBQUFBQUFBQUFBQUFBQUFBQUFBQUFBQUFBQUFBQUFBQUFBQUFBQUFBQUFBQUFBQUFBQUFBQUFBQUFBQUFBQUFBQUFBQUFBQUFBQUFBQUFBQUFBQUFBQUFBQUFBQUFBQUFBQUFBQUFBQUFBQUFBQUFBQUFBQUFBQUFBQUFBQUFBQUFBQUFBQUFBQUFBQUFBQUFBQUFBQUFBQUFBQUFBQUFBQUFBQUFBQUFBQUFBQUFBQUFBQUFBQUFBQUFBQUFBQUFBQUFBQUFBQUFBQUFBQUFBQUFBQUFBQUFBQUFBQUFBQUFBQUFBQUFBQUFBQUFBQUFBQUFBQUFBQUFBQUFBQUFBQUFBQUFBQUFBQUFBQUFBQUFBQUFBQUFBQUFBQUFBQUFBQUFBQUFBQUFBQUFBQUFBQUFBQUFBQUFBQUFBQUFBQUFBQUFBQUFBQUFBQUFBQUFBQUFBQUFBQUFBQUFBQUFBQUFBQUFBQUFBQUFBQUFBQUFBQUFBQUFBQUFBQUFBQUFBQUFBQUFBQUFBQUFBQUFBQUFBQUFBQUFBQUFBQUFBQUFBQUFBQUFBQUFBQUFBQUFBQUFBQUFBQUFBQUFBQUFBQUFBQUFBQUFBQUFBQUFBQUFBQUFBQUFBQUFBQUFBQUFBQUFBQUFBQUFBQUFBQUFBQUFBQUFBQUFBQUFBQUFBQUFBQUFBQUFBQUFBQUFBQUFBQUFBQUFBQUFBQUFBQUFBQUFBQUFBQUFBQUFBQUFBQUFBQUFBQUFBQUFBQUFBQUFBQUFBQUFBQUFBQUFBQUFBQUFBQUFBQUFBQUFBQUFBQUFBQUFBQUFBQUFBQUFBQUFBQUFBQUFBQUFBQUFBQUFBQUFBQUFBQUFBQUFBQUFBQUFBQUFBQUFBQUFBQUFBQUFBQUFBQUFBQUFBQUFBQUFBQUFBQUFBQUFBQUFBQUFBQUFBQUFBQUFBQUFBQUFBQUFBQUFBQUFBQUFBQUFBQUFBQUFBQUFBQUFBQUFBQUFBQUFBQUFBQUFBQUFBQUFBQUFBQUFBQUFBQUFBQUFBQUFBQUFBQUFBQUFBQUFBQUFBQUFBQUFBQUFBQUFBQUFBQUFBQUFBQUFBQUFBQUFBQUFBQUFBQUFBQUFBQUFBQUFBQUFBQUFBQUFBQUFBQUFBQUFBQUFBQUFBQUFBQUFBQUFBQUFBQUFBQUFBQUFBQUFBQUFBQUFBQUFBQUFBQUFBQUFBQUFBQUFBQUFBQUFBQUFBQUFBQUFBQUFBQUFBQUFBQUFBQUFBQUFBQUFBQUFBQUFBQUFBQUFBQUFBQUFBQUFBQUFBQUFBQUFBQUFBQUFBQUFBQUFBQUFBQUFBQUFBQUFBQUFBQUFBQUFBQUFBQUFBQUFBQUFBQUFBQUFBQUFBQUFBQUFBQUFBQUFBQUFBQUFBQUFBQUFBQUFBQUFBQUFBQUFBQUFBQUFBQUFBQUFBQUFBQUFBQUFBQUFBQUFBQUFBQUFBQUFBQUFBQUFBQUFBQUFBQUFBQUFBQUFBQUFBQUFBQUFBQUFBQUFBQUFBQUFBQUFBQUFBQUFBQUFBQUFBQUFBQUFBQUFBQUFBQUFBQUFBQUFBQUFBQUFBQUFBQUFBQUFBQUFBQUFBQUFBQUFBQUFBQUFBQUFBQUFBQUFBQUFBQUFBQUFBQUFBQUFBQUFBQUFBQUFBQUFBQUFBQUFBQUFBQUFBQUFBQUFBQUFBQUFBQUFBQUFBQUFBQUFBQUFBQUFBQUFBQUFBQUFBQUFBQUFBQUFBQUFBQUFBQUFBQUFBQUFBQUFBQUFBQUFBQUFBQUFBQUFBQUFBQUFBQUFBQUFBQUFBQUFBQUFBQUFBQUFBQUFBQUFBQUFBQUFBQUFBQUFBQUFBQUFBQUFBQUFBQUFBQUFBQUFBQUFBQUFBQUFBQUFBQUFBQUFBQUFBQUFBQUFBQUFBQUFBQUFBQUFBQUFBQUFBQUFBQUFBQUFBQUFBQUFBQUFBQUFBQUFBQUFBQUFBQUFBQUFBQUFBQUFBQUFBQUFBQUFBQUFBQUFBQUFBQUFBQUFBQUFBQUFBQUFBQUFBQUFBQUFBQUFBQUFBQUFBQUFBQUFBQUFBQUFBQUFBQUFBQUFBQUFBQUFBQUFBQUFBQUFBQUFBQUFBQUFBQUFBQUFBQUFBQUFBQUFBQUFBQUFBQUFBQUFBQUFBQUFBQUFBQUFBQUFBQUFBQUFBQUFBQUFBQUFBQUFBQUFBQUFBQUFBQUFBQUFBQUFBQUFBQUFBQUFBQUFBQUFBQUFBQUFBQUFBQUFBQUFBQUFBQUFBQUFBQUFBQUFBQUFBQUFBQUFBQUFBQUFBQUFBQUFBQUFBQUFBQUFBQUFBQUFBQUFBQUFBQUFBQUFBQUFBQUFBQUFBQUFBQUFBQUFBQUFBQUFBQUFBQUFBQUFBQUFBQUFBQUFBQUFBQUFBQUFBQUFBQUFBQUFBQUFBQUFBQUFBQUFBQUFBQUFBQUFBQUFBQUFBQUFBQUFBQUFBQUFBQUFBQUFBQUFBQUFBQUFBQUFBQUFBQUFBQUFBQUFBQUFBQUFBQUFBQUFBQUFBQUFBQUFBQUFBQUFBQUFBQUFBQUFBQUFBQUFBQUFBQUFBQUFBQUFBQUFBQUFBQUFBQUFBQUFBQUFBQUFBQUFBQUFBQUFBQUFBQUFBQUFBQUFBQUFBQUFBQUFBQUFBQUFBQUFBQUFBQUFBQUFBQUFBQUFBQUFBQUFBQUFBQUFBQUFBQUFBQUFBQUFBQUFBQUFBQUFBQUFBQUFBQUFBQUFBQUFBQUFBQUFBQUFBQUFBQUFBQUFBQUFBQUFBQUFBQUFBQUFBQUFBQUFBQUFBQUFBQUFBQUFBQUFBQUFBQUFBQUFBQUFBQUFBQUFBQUFBQUFBQUFBQUFBQUFBQUFBQUFBQUFBQUFBQUFBQUFBQUFBQUFBQUFBQUFBQUFBQUFBQUFBQUFBQUFBQUFBQUFBQUFBQUFBQUFBQUFBQUFBQUFBQUFBQUFBQUFBQUFBQUFBQUFBQUFBQUFBQUFBQUFBQUFBQUFBQUFBQUFBQUFBQUFBQUFBQUFBQUFBQUFBQUFBQUFBQUFBQUFBQUFBQUFBQUFBQUFBQUFBQUFBQUFBQUFBQUFBQUFBQUFBQUFBQUFBQUFBQUFBQUFBQUFBQUFBQUFBQUFBQUFBQUFBQUFBQUFBQUFBQUFBQUFBQUFBQUFBQUFBQUFBQUFBQUFBQUFBQUFBQUFBQUFBQUFBQUFBQUFBQUFBQUFBQUFBQUFBQUFBQUFBQUFBQUFBQUFBQUFBQUFBQUFBQUFBQUFBQUFBQUFBQUFBQUFBQUFBQUFBQUFBQUFBQUFBQUFBQUFBQUFBQUFBQUFBQUFBQUFBQUFBQUFBQUFBQUFBQUFBQUFBQUFBQUFBQUFBQUFBQUFBQUFBQUFBQUFBQUFBQUFBQUFBQUFBQUFBQUFBQUFBQUFBQUFBQUFBQUFBQUFBQUFBQUFBQUFBQUFBQUFBQUFBQUFBQUFBQUFBQUFBQUFBQUFBQUFBQUFBQUFBQUFBQUFBQUFBQUFBQUFBQUFBQUFBQUFBQUFBQUFBQUFBQUFBQUFBQUFBQUFBQUFBQUFBQUFBQUFBQUFBQUFBQUFBQUFBQUFBQUFBQUFBQUFBQUFBQUFBQUFBQUFBQUFBQUFBQUFBQUFBQUFBQUFBQUFBQUFBQUFBQUFBQUFBQUFBQUFBQUFBQUFBQUFBQUFBQUFBQUFBQUFBQUFBQUFBQUFBQUFBQUFBQUFBQUFBQUFBQUFBQUFBQUFBQUFBQUFBQUFBQUFBQUFBQUFBQUFBQUFBQUFBQUFBQUFBQUFBQUFBQUFBQUFBQUFBQUFBQUFBQUFBQUFBQUFBQUFBQUFBQUFBQUFBQUFBQUFBQUFBQUFBQUFBQUFBQUFBQUFBQUFBQUFBQUFBQUFBQUFBQUFBQUFBQUFBQUFBQUFBQUFBQUFBQUFBQUFBQUFBQUFBQUFBQUFBQUFBQUFBQUFBQUFBQUFBQUFBQUFBQUFBQUFBQUFBQUFBQUFBQUFBQUFBQUFBQUFBQUFBQUFBQUFBQUFBQUFBQUFBQUFBQUFBQUFBQUFBQUFBQUFBQUFBQUFBQUFBQUFBQUFBQUFBQUFBQUFBQUFBQUFBQUFBQUFBQUFBQUFBQUFBQUFBQUFBQUFBQUFBQUFBQUFBQUFBQUFBQUFBQUFBQUFBQUFBQUFBQUFBQUFBQUFBQUFBQUFBQUFBQUFBQUFBQUFBQUFBQUFBQUFBQUFBQUFBQUFBQUFBQUFBQUFBQUFBQUFBQUFBQUFBQUFBQUFBQUFBQUFBQUFBQUFBQUFBQUFBQUFBQUFBQUFBQUFBQUFBQUFBQUFBQUFBQUFBQUFBQUFBQUFBQUFBQUFBQUFBQUFBQUFBQUFBQUFBQUFBQUFBQUFBQUFBQUFBQUFBQUFBQUFBQUFBQUFBQUFBQUFBQUFBQUFBQUFBQUFBQUFBQUFBQUFBQUFBQUFBQUFBQUFBQUFBQUFBQUFBQUFBQUFBQUFBQUFBQUFBQUFBQUFBQUFBQUFBQUFBQUFBQUFBQUFBQUFBQUFBQUFBQUFBQUFBQUFBQUFBQUFBQUFBQUFBQUFBQUFBQUFBQUFBQUFBQUFBQUFBQUFBQUFBQUFBQUFBQUFBQUFBQUFBQUFBQUFBQUFBQUFBQUFBQUFBQUFBQUFBQUFBQUFBQUFBQUFBQUFBQUFBQUFBQUFBQUFBQUFBQUFBQUFBQUFBQUFBQUFBQUFBQUFBQUFBQUFBQUFBQUFBQUFBQUFBQUFBQUFBQUFBQUFBQUFBQUFBQUFBQUFBQUFBQUFBQUFBQUFBQUFBQUFBQUFBQUFBQUFBQUFBQUFBQUFBQUFBQUFBQUFBQUFBQUFBQUFBQUFBQUFBQUFBQUFBQUFBQUFBQUFBQUFBQUFBQUFBQUFBQUFBQUFBQUFBQUFBQUFBQUFBQUFBQUFBQUFBQUFBQUFBQUFBQUFBQUFBQUFBQUFBQUFBQUFBQUFBQUFBQUFBQUFBQUFBQUFBQUFBQUFBQUFBQUFBQUFBQUFBQUFBQUFBQUFBQUFBQUFBQUFBQUFBQUFBQUFBQUFBQUFBQUFBQUFBQUFBQUFBQUFBQUFBQUFBQUFBQUFBQUFBQUFBQUFBQUFBQUFBQUFBQUFBQUFBQUFBQUFBQUFBQUFBQUFBQUFBQUFBQUFBQUFBQUFBQUFBQUFBQUFBQUFBQUFBQUFBQUFBQUFBQUFBQUFBQUFBQUFBQUFBQUFBQUFBQUFBQUFBQUFBQUFBQUFBQUFBQUFBQUFBQUFBQUFBQUFBQUFBQUFBQUFBQUFBQUFBQUFBQUFBQUFBQUFBQUFBQUFBQUFBQUFBQUFBQUFBQUFBQUFBQUFBQUFBQUFBQUFBQUFBQUFBQUFBQUFBQUFBQUFBQUFBQUFBQUFBQUFBQUFBQUFBQUFBQUFBQUFBQUFBQUFBQUFBQUFBQUFBQUFBQUFBQUFBQUFBQUFBQUFBQUFBQUFBQUFBQUFBQUFBQUFBQUFBQUFBQUFBQUFBQUFBQUFBQUFBQUFBQUFBQUFBQUFBQUFBQUFBQUFBQUFBQUFBQUFBQUFBQUFBQUFBQUFBQUFBQUFBQUFBQUFBQUFBQUFBQUFBQUFBQUFBQUFBQUFBQUFBQUFBQUFBQUFBQUFBQUFBQUFBQUFBQUFBQUFBQUFBQUFBQUFBQUFBQUFBQUFBQUFBQUFBQUFBQUFBQUFBQUFBQUFBQUFBQUFBQUFBQUFBQUFBQUFBQUFBQUFBQUFBQUFBQUFBQUFBQUFBQUFBQUFBQUFBQUFBQUFBQUFBQUFBQUFBQUFBQUFBQUFBQUFBQUFBQUFBQUFBQUFBQUFBQUFBQUFBQUFBQUFBQUFBQUFBQUFBQUFBQUFBQUFBQUFBQUFBQUFBQUFBQUFBQUFBQUFBQUFBQUFBQUFBQUFBQUFBQUFBQUFBQUFBQUFBQUFBQUFBQUFBQUFBQUFBQUFBQUFBQUFBQUFBQUFBQUFBQUFBQUFBQUFBQUFBQUFBQUFBQUFBQUFBQUFBQUFBQUFBQUFBQUFBQUFBQUFBQUFBQUFBQUFBQUFBQUFBQUFBQUFBQUFBQUFBQUFBQUFBQUFBQUFBQUFBQUFBQUFBQUFBQUFBQUFBQUFBQUFBQUFBQUFBQUFBQUFBQUFBQUFBQUFBQUFBQUFBQUFBQUFBQUFBQUFBQUFBQUFBQUFBQUFBQUFBQUFBQUFBQUFBQUFBQUFBQUFBQUFBQUFBQUFBQUFBQUFBQUFBQUFBQUFBQUFBQUFBQUFBQUFBQUFBQUFBQUFBQUFBQUFBQUFBQUFBQUFBQUFBQUFBQUFBQUFBQUFBQUFBQUFBQUFBQUFBQUFBQUFBQUFBQUFBQUFBQUFBQUFBQUFBQUFBQUFBQUFBQUFBQUFBQUFBQUFBQUFBQUFBQUFBQUFBQUFBQUFBQUFBQUFBQUFBQUFBQUFBQUFBQUFBQUFBQUFBQUFBQUFBQUFBQUFBQUFBQUFBQUFBQUFBQUFBQUFBQUFBQUFBQUFBQUFBQUFBQUFBQUFBQUFBQUFBQUFBQUFBQUFBQUFBQUFBQUFBQUFBQUFBQUFBQUFBQUFBQUFBQUFBQUFBQUFBQUFBQUFBQUFBQUFBQUFBQUFBQUFBQUFBQUFBQUFBQUFBQUFBQUFBQUFBQUFBQUFBQUFBQUFBQUFBQUFBQUFBQUFBQUFBQUFBQUFBQUFBQUFBQUFBQUFBQUFBQUFBQUFBQUFBQUFBQUFBQUFBQUFBQUFBQUFBQUFBQUFBQUFBQUFBQUFBQUFBQUFBQUFBQUFBQUFBQUFBQUFBQUFBQUFBQUFBQUFBQUFBQUFBQUFBQUFBQUFBQUFBQUFBQUFBQUFBQUFBQUFBQUFBQUFBQUFBQUFBQUFBQUFBQUFBQUFBQUFBQUFBQUFBQUFBQUFBQUFBQUFBQUFBQUFBQUFBQUFBQUFBQUFBQUFBQUFBQUFBQUFBQUFBQUFBQUFBQUFBQUFBQUFBQUFBQUFBQUFBQUFBQUFBQUFBQUFBQUFBQUFBQUFBQUFBQUFBQUFBQUFBQUFBQUFBQUFBQUFBQUFBQUFBQUFBQUFBQUFBQUFBQUFBQUFBQUFBQUFBQUFBQUFBQUFBQUFBQUFBQUFBQUFBQUFBQUFBQUFBQUFBQUFBQUFBQUFBQUFBQUFBQUFBQUFBQUFBQUFBQUFBQUFBQUFBQUFBQUFBQUFBQUFBQUFBQUFBQUFBQUFBQUFBQUFBQUFBQUFBQUFBQUFBQUFBQUFBQUFBQUFBQUFBQUFBQUFBQUFBQUFBQUFBQUFBQUFBQUFBQUFBQUFBQUFBQUFBQUFBQUFBQUFBQUFBQUFBQUFBQUFBQUFBQUFBQUFBQUFBQUFBQUFBQUFBQUFBQUFBQUFBQUFBQUFBQUFBQUFBQUFBQUFBQUFBQUFBQUFBQUFBQUFBQUFBQUFBQUFBQUFBQUFBQUFBQUFBQUFBQUFBQUFBQUFBQUFBQUFBQUFBQUFBQUFBQUFBQUFBQUFBQUFBQUFBQUFBQUFBQUFBQUFBQUFBQUFBQUFBQUFBQUFBQUFBQUFBQUFBQUFBQUFBQUFBQUFBQUFBQUFBQUFBQUFBQUFBQUFBQUFBQUFBQUFBQUFBQUFBQUFBQUFBQUFBQUFBQUFBQUFBQUFBQUFBQUFBQUFBQUFBQUFBQUFBQUFBQUFBQUFBQUFBQUFBQUFBQUFBQUFBQUFBQUFBQUFBQUFBQUFBQUFBQUFBQUFBQUFBQUFBQUFBQUFBQUFBQUFBQUFBQUFBQUFBQUFBQUFBQUFBQUFBQUFBQUFBQUFBQUFBQUFBQUFBQUFBQUFBQUFBQUFBQUFBQUFBQUFBQUFBQUFBQUFBQUFBQUFBQUFBQUFBQUFBQUFBQUFBQUFBQUFBQUFBQUFBQUFBQUFBQUFBQUFBQUFBQUFBQUFBQUFBQUFBQUFBQUFBQUFBQUFBQUFBQUFBQUFBQUFBQUFBQUFBQUFBQUFBQUFBQUFBQUFBQUFBQUFBQUFBQUFBQUFBQUFBQUFBQUFBQUFBQUFBQUFBQUFBQUFBQUFBQUFBQUFBQUFBQUFBQUFBQUFBQUFBQUFBQUFBQUFBQUFBQUFBQUFBQUFBQUFBQUFBQUFBQUFBQUFBQUFBQUFBQUFBQUFBQUFBQUFBQUFBQUFBQUFBQUFBQUFBQUFBQUFBQUFBQUFBQUFBQUFBQUFBQUFBQUFBQUFBQUFBQUFBQUFBQUFBQUFBQUFBQUFBQUFBQUFBQUFBQUFBQUFBQUFBQUFBQUFBQUFBQUFBQUFBQUFBQUFBQUFBQUFBQUFBQUFBQUFBQUFBQUFBQUFBQUFBQUFBQUFBQUFBQUFBQUFBQUFBQUFBQUFBQUFBQUFBQUFBQUFBQUFBQUFBQUFBQUFBQUFBQUFBQUFBQUFBQUFBQUFBQUFBQUFBQUFBQUFBQUFBQUFBQUFBQUFBQUFBQUFBQUFBQUFBQUFBQUFBQUFBQUFBQUFBQUFBQUFBQUFBQUFBQUFBQUFBQUFBQUFBQUFBQUFBQUFBQUFBQUFBQUFBQUFBQUFBQUFBQUFBQUFBQUFBQUFBQUFBQUFBQUFBQUFBQUFBQUFBQUFBQUFBQUFBQUFBQUFBQUFBQUFBQUFBQUFBQUFBQUFBQUFBQUFBQUFBQUFBQUFBQUFBQUFBQUFBQUFBQUFBQUFBQUFBQUFBQUFBQUFBQUFBQUFBQUFBQUFBQUFBQUFBQUFBQUFBQUFBQUFBQUFBQUFBQUFBQUFBQUFBQUFBQUFBQUFBQUFBQUFBQUFBQUFBQUFBQUFBQUFBQUFBQUFBQUFBQUFBQUFBQUFBQUFBQUFBQUFBQUFBQUFBQUFBQUFBQUFBQUFBQUFBQUFBQUFBQUFBQUFBQUFBQUFBQUFBQUFBQUFBQUFBQUFBQUFBQUFBQUFBQUFBQUFBQUFBQUFBQUFBQUFBQUFBQUFBQUFBQUFBQUFBQUFBQUFBQUFBQUFBQUFBQUFBQUFBQUFBQUFBQUFBQUFBQUFBQUFBQUFBQUFBQUFBQUFBQUFBQUFBQUFBQUFBQUFBQUFBQUFBQUFBQUFBQUFBQUFBQUFBQUFBQUFBQUFBQUFBQUFBQUFBQUFBQUFBQUFBQUFBQUFBQUFBQUFBQUFBQUFBQUFBQUFBQUFBQUFBQUFBQUFBQUFBQUFBQUFBQUFBQUFBQUFBQUFBQUFBQUFBQUFBQUFBQUFBQUFBQUFBQUFBQUFBQUFBQUFBQUFBQUFBQUFBQUFBQUFBQUFBQUFBQUFBQUFBQUFBQUFBQUFBQUFBQUFBQUFBQUFBQUFBQUFBQUFBQUFBQUFBQUFBQUFBQUFBQUFBQUFBQUFBQUFBQUFBQUFBQUFBQUFBQUFBQUFBQUFBQUFBQUFBQUFBQUFBQUFBQUFBQUFBQUFBQUFBQUFBQUFBQUFBQUFBQUFBQUFBQUFBQUFBQUFBQUFBQUFBQUFBQUFBQUFBQUFBQUFBQUFBQUFBQUFBQUFBQUFBQUFBQUFBQUFBQUFBQUFBQUFBQUFBQUFBQUFBQUFBQUFBQUFBQUFBQUFBQUFBQUFBQUFBQUFBQUFBQUFBQUFBQUFBQUFBQUFBQUFBQUFBQUFBQUFBQUFBQUFBQUFBQUFBQUFBQUFBQUFBQUFBQUFBQUFBQUFBQUFBQUFBQUFBQUFBQUFBQUFBQUFBQUFBQUFBQUFBQUFBQUFBQUFBQUFBQUFBQUFBQUFBQUFBQUFBQUFBQUFBQUFBQUFBQUFBQUFBQUFBQUFBQUFBQUFBQUFBQUFBQUFBQUFBQUFBQUFBQUFBQUFBQUFBQUFBQUFBQUFBQUFBQUFBQUFBQUFBQUFBQUFBQUFBQUFBQUFBQUFBQUFBQUFBQUFBQUFBQUFBQUFBQUFBQUFBQUFBQUFBQUFBQUFBQUFBQUFBQUFBQUFBQUFBQUFBQUFBQUFBQUFBQUFBQUFBQUFBQUFBQUFBQUFBQUFBQUFBQUFBQUFBQUFBQUFBQUFBQUFBQUFBQUFBQUFBQUFBQUFBQUFBQUFBQUFBQUFBQUFBQUFBQUFBQUFBQUFBQUFBQUFBQUFBQUFBQUFBQUFBQUFBQUFBQUFBQUFBQUFBQUFBQUFBQUFBQUFBQUFBQUFBQUFBQUFBQUFBQUFBQUFBQUFBQUFBQUFBQUFBQUFBQUFBQUFBQUFBQUFBQUFBQUFBQUFBQUFBQUFBQUFBQUFBQUFBQUFBQUFBQUFBQUFBQUFBQUFBQUFBQUFBQUFBQUFBQUFBQUFBQUFBQUFBQUFBQUFBQUFBQUFBQUFBQUFBQUFBQUFBQUFBQUFBQUFBQUFBQUFBQUFBQUFBQUFBQUFBQUFBQUFBQUFBQUFBQUFBQUFBQUFBQUFBQUFBQUFBQUFBQUFBQUFBQUFBQUFBQUFBQUFBQUFBQUFBQUFBQUFBQUFBQUFBQUFBQUFBQUFBQUFBQUFBQUFBQUFBQUFBQUFBQUFBQUFBQUFBQUFBQUFBQUFBQUFBQUFBQUFBQUFBQUFBQUFBQUFBQUFBQUFBQUFBQUFBQUFBQUFBQUFBQUFBQUFBQUFBQUFBQUFBQUFBQUFBQUFBQUFBQUFBQUFBQUFBQUFBQUFBQUFBQUFBQUFBQUFBQUFBQUFBQUFBQUFBQUFBQUFBQUFBQUFBQUFBQUFBQUFBQUFBQUFBQUFBQUFBQUFBQUFBQUFBQUFBQUFBQUFBQUFBQUFBQUFBQUFBQUFBQUFBQUFBQUFBQUFBQUFBQUFBQUFBQUFBQUFBQUFBQUFBQUFBQUFBQUFBQUFBQUFBQUFBQUFBQUFBQUFBQUFBQUFBQUFBQUFBQUFBQUFBQUFBQUFBQUFBQUFBQUFBQUFBQUFBQUFBQUFBQUFBQUFBQUFBQUFBQUFBQUFBQUFBQUFBQUFBQUFBQUFBQUFBQUFBQUFBQUFBQUFBQUFBQUFBQUFBQUFBQUFBQUFBQUFBQUFBQUFBQUFBQUFBQUFBQUFBQUFBQUFBQUFBQUFBQUFBQUFBQUFBQUFBQUFBQUFBQUFBQUFBQUFBQUFBQUFBQUFBQUFBQUFBQUFBQUFBQUFBQUFBQUFBQUFBQUFBQUFBQUFBQUFBQUFBQUFBQUFBQUFBQUFBQUFBQUFBQUFBQUFBQUFBQUFBQUFBQUFBQUFBQUFBQUFBQUFBQUFBQUFBQUFBQUFBQUFBQUFBQUFBQUFBQUFBQUFBQUFBQUFBQUFBQUFBQUFBQUFBQUFBQUFBQUFBQUFBQUFBQUFBQUFBQUFBQUFBQUFBQUFBQUFBQUFBQUFBQUFBQUFBQUFBQUFBQUFBQUFBQUFBQUFBQUFBQUFBQUFBQUFBQUFBQUFBQUFBQUFBQUFBQUFBQUFBQUFBQUFBQUFBQUFBQUFBQUFBQUFBQUFBQUFBQUFBQUFBQUFBQUFBQUFBQUFBQUFBQUFBQUFBQUFBQUFBQUFBQUFBQUFBQUFBQUFBQUFBQUFBQUFBQUFBQUFBQUFBQUFBQUFBQUFBQUFBQUFBQUFBQUFBQUFBQUFBQUFBQUFBQUFBQUFBQUFBQUFBQUFBQUFBQUFBQUFBQUFBQUFBQUFBQUFBQUFBQUFBQUFBQUFBQUFBQUFBQUFBQUFBQUFBQUFBQUFBQUFBQUFBQUFBQUFBQUFBQUFBQUFBQUFBQUFBQUFBQUFBQUFBQUFBQUFBQUFBQUFBQUFBQUFBQUFBQUFBQUFBQUFBQUFBQUFBQUFBQUFBQUFBQUFBQUFBQUFBQUFBQUFBQUFBQUFBQUFBQUFBQUFBQUFBQUFBQUFBQUFBQUFBQUFBQUFBQUFBQUFBQUFBQUFBQUFBQUFBQUFBQUFBQUFBQUFBQUFBQUFBQUFBQUFBQUFBQUFBQUFBQUFBQUFBQUFBQUFBQUFBQUFBQUFBQUFBQUFBQUFBQUFBQUFBQUFBQUFBQUFBQUFBQUFBQUFBQUFBQUFBQUFBQUFBQUFBQUFBQUFBQUFBQUFBQUFBQUFBQUFBQUFBQUFBQUFBQUFBQUFBQUFBQUFBQUFBQUFBQUFBQUFBQUFBQUFBQUFBQUFBQUFBQUFBQUFBQUFBQUFBQUFBQUFBQUFBQUFBQUFBQUFBQUFBQUFBQUFBQUFBQUFBQUFBQUFBQUFBQUFBQUFBQUFBQUFBQUFBQUFBQUFBQUFBQUFBQUFBQUFBQUFBQUFBQUFBQUFBQUFBQUFBQUFBQUFBQUFBQUFBQUFBQUFBQUFBQUFBQUFBQUFBQUFBQUFBQUFBQUFBQUFBQUFBQUFBQUFBQUFBQUFBQUFBQUFBQUFBQUFBQUFBQUFBQUFBQUFBQUFBQUFBQUFBQUFBQUFBQUFBQUFBQUFBQUFBQUFBQUFBQUFBQUFBQUFBQUFBQUFBQUFBQUFBQUFBQUFBQUFBQUFBQUFBQUFBQUFBQUFBQUFBQUFBQUFBQUFBQUFBQUFBQUFBQUFBQUFBQUFBQUFBQUFBQUFBQUFBQUFBQUFBQUFBQUFBQUFBQUFBQUFBQUFBQUFBQUFBQUFBQUFBQUFBQUFBQUFBQUFBQUFBQUFBQUFBQUFBQUFBQUFBQUFBQUFBQUFBQUFBQUFBQUFBQUFBQUFBQUFBQUFBQUFBQUFBQUFBQUFBQUFBQUFBQUFBQUFBQUFBQUFBQUFBQUFBQUFBQUFBQUFBQUFBQUFBQUFBQUFBQUFBQUFBQUFBQUFBQUFBQUFBQUFBQUFBQUFBQUFBQUFBQUFBQUFBQUFBQUFBQUFBQUFBQUFBQUFBQUFBQUFBQUFBQUFBQUFBQUFBQUFBQUFBQUFBQUFBQUFBQUFBQUFBQUFBQUFBQUFBQUFBQUFBQUFBQUFBQUFBQUFBQUFBQUFBQUFBQUFBQUFBQUFBQUFBQUFBQUFBQUFBQUFBQUFBQUFBQUFBQUFBQUFBQUFBQUFBQUFBQUFBQUFBQUFBQUFBQUFBQUFBQUFBQUFBQUFBQUFBQUFBQUFBQUFBQUFBQUFBQUFBQUFBQUFBQUFBQUFBQUFBQUFBQUFBQUFBQUFBQUFBQUFBQUFBQUFBQUFBQUFBQUFBQUFBQUFBQUFBQUFBQUFBQUFBQUFBQUFBQUFBQUFBQUFBQUFBQUFBQUFBQUFBQUFBQUFBQUFBQUFBQUFBQUFBQUFBQUFBQUFBQUFBQUFBQUFBQUFBQUFBQUFBQUFBQUFBQUFBQUFBQUFBQUFBQUFBQUFBQUFBQUFBQUFBQUFBQUFBQUFBQUFBQUFBQUFBQUFBQUFBQUFBQUFBQUFBQUFBQUFBQUFBQUFBQUFBQUFBQUFBQUFBQUFBQUFBQUFBQUFBQUFBQUFBQUFBQUFBQUFBQUFBQUFBQUFBQUFBQUFBQUFBQUFBQUFBQUFBQUFBQUFBQUFBQUFBQUFBQUFBQUFBQUFBQUFBQUFBQUFBQUFBQUFBQUFBQUFBQUFBQUFBQUFBQUFBQUFBQUFBQUFBQUFBQUFBQUFBQUFBQUFBQUFBQUFBQUFBQUFBQUFBQUFBQUFBQUFBQUFBQUFBQUFBQUFBQUFBQUFBQUFBQUFBQUFBQUFBQUFBQUFBQUFBQUFBQUFBQUFBQUFBQUFBQUFBQUFBQUFBQUFBQUFBQUFBQUFBQUFBQUFBQUFBQUFBQUFBQUFBQUFBQUFBQUFBQUFBQUFBQUFBQUFBQUFBQUFBQUFBQUFBQUFBQUFBQUFBQUFBQUFBQUFBQUFBQUFBQUFBQUFBQUFBQUFBQUFBQUFBQUFBQUFBQUFBQUFBQUFBQUFBQUFBQUFBQUFBQUFBQUFBQUFBQUFBQUFBQUFBQUFBQUFBQUFBQUFBQUFBQUFBQUFBQUFBQUFBQUFBQUFBQUFBQUFBQUFBQUFBQUFBQUFBQUFBQUFBQUFBQUFBQUFBQUFBQUFBQUFBQUFBQUFBQUFBQUFBQUFBQUFBQUFBQUFBQUFBQUFBQUFBQUFBQUFBQUFBQUFBQUFBQUFBQUFBQUFBQUFBQUFBQUFBQUFBQUFBQUFBQUFBQUFBQUFBQUFBQUFBQUFBQUFBQUFBQUFBQUFBQUFBQUFBQUFBQUFBQUFBQUFBQUFBQUFBQUFBQUFBQUFBQUFBQUFBQUFBQUFBQUFBQUFBQUFBQUFBQUFBQUFBQUFBQUFBQUFBQUFBQUFBQUFBQUFBQUFBQUFBQUFBQUFBQUFBQUFBQUFBQUFBQUFBQUFBQUFBQUFBQUFBQUFBQUFBQUFBQUFBQUFBQUFBQUFBQUFBQUFBQUFBQUFBQUFBQUFBQUFBQUFBQUFBQUFBQUFBQUFBQUFBQUFBQUFBQUFBQUFBQUFBQUFBQUFBQUFBQUFBQUFBQUFBQUFBQUFBQUFBQUFBQUFBQUFBQUFBQUFBQUFBQUFBQUFBQUFBQUFBQUFBQUFBQUFBQUFBQUFBQUFBQUFBQUFBQUFBQUFBQUFBQUFBQUFBQUFBQUFBQUFBQUFBQUFBQUFBQUFBQUFBQUFBQUFBQUFBQUFBQUFBQUFBQUFBQUFBQUFBQUFBQUFBQUFBQUFBQUFBQUFBQUFBQUFBQUFBQUFBQUFBQUFBQUFBQUFBQUFBQUFBQUFBQUFBQUFBQUFBQUFBQUFBQUFBQUFBQUFBQUFBQUFBQUFBQUFBQUFBQUFBQUFBQUFBQUFBQUFBQUFBQUFBQUFBQUFBQUFBQUFBQUFBQUFBQUFBQUFBQUFBQUFBQUFBQUFBQUFBQUFBQUFBQUFBQUFBQUFBQUFBQUFBQUFBQUFBQUFBQUFBQUFBQUFBQUFBQUFBQUFBQUFBQUFBQUFBQUFBQUFBQUFBQUFBQUFBQUFBQUFBQUFBQUFBQUFBQUFBQUFBQUFBQUFBQUFBQUFBQUFBQUFBQUFBQUFBQUFBQUFBQUFBQUFBQUFBQUFBQUFBQUFBQUFBQUFBQUFBQUFBQUFBQUFBQUFBQUFBQUFBQUFBQUFBQUFBQUFBQUFBQUFBQUFBQUFBQUFBQUFBQUFBQUFBQUFBQUFBQUFBQUFBQUFBQUFBQUFBQUFBQUFBQUFBQUFBQUFBQUFBQUFBQUFBQUFBQUFBQUFBQUFBQUFBQUFBQUFBQUFBQUFBQUFBQUFBQUFBQUFBQUFBQUFBQUFBQUFBQUFBQUFBQUFBQUFBQUFBQUFBQUFBQUFBQUFBQUFBQUFBQUFBQUFBQUFBQUFBQUFBQUFBQUFBQUFBQUFBQUFBQUFBQUFBQUFBQUFBQUFBQUFBQUFBQUFBQUFBQUFBQUFBQUFBQUFBQUFBQUFBQUFBQUFBQUFBQUFBQUFBQUFBQUFBQUFBQUFBQUFBQUFBQUFBQUFBQUFBQUFBQUFBQUFBQUFBQUFBQUFBQUFBQUFBQUFBQUFBQUFBQUFBQUFBQUFBQUFBQUFBQUFBQUFBQUFBQUFBQUFBQUFBQUFBQUFBQUFBQUFBQUFBQUFBQUFBQUFBQUFBQUFBQUFBQUFBQUFBQUFBQUFBQUFBQUFBQUFBQUFBQUFBQUFBQUFBQUFBQUFBQUFBQUFBQUFBQUFBQUFBQUFBQUFBQUFBQUFBQUFBQUFBQUFBQUFBQUFBQUFBQUFBQUFBQUFBQUFBQUFBQUFBQUFBQUFBQUFBQUFBQUFBQUFBQUFBQUFBQUFBQUFBQUFBQUFBQUFBQUFBQUFBQUFBQUFBQUFBQUFBQUFBQUFBQUFBQUFBQUFBQUFBQUFBQUFBQUFBQUFBQUFBQUFBQUFBQUFBQUFBQUFBQUFBQUFBQUFBQUFBQUFBQUFBQUFBQUFBQUFBQUFBQUFBQUFBQUFBQUFBQUFBQUFBQUFBQUFBQUFBQUFBQUFBQUFBQUFBQUFBQUFBQUFBQUFBQUFBQUFBQUFBQUFBQUFBQUFBQUFBQUFBQUFBQUFBQUFBQUFBQUFBQUFBQUFBQUFBQUFBQUFBQUFBQUFBQUFBQUFBQUFBQUFBQUFBQUFBQUFBQUFBQUFBQUFBQUFBQUFBQUFBQUFBQUFBQUFBQUFBQUFBQUFBQUFBQUFBQUFBQUFBQUFBQUFBQUFBQUFBQUFBQUFBQUFBQUFBQUFBQUFBQUFBQUFBQUFBQUFBQUFBQUFBQUFBQUFBQUFBQUFBQUFBQUFBQUFBQUFBQUFBQUFBQUFBQUFBQUFBQUFBQUFBQUFBQUFBQUFBQUFBQUFBQUFBQUFBQUFBQUFBQUFBQUFBQUFBQUFBQUFBQUFBQUFBQUFBQUFBQUFBQUFBQUFBQUFBQUFBQUFBQUFBQUFBQUFBQUFBQUFBQUFBQUFBQUFBQUFBQUFBQUFBQUFBQUFBQUFBQUFBQUFBQUFBQUFBQUFBQUFBQUFBQUFBQUFBQUFBQUFBQUFBQUFBQUFBQUFBQUFBQUFBQUFBQUFBQUFBQUFBQUFBQUFBQUFBQUFBQUFBQUFBQUFBQUFBQUFBQUFBQUFBQUFBQUFBQUFBQUFBQUFBQUFBQUFBQUFBQUFBQUFBQUFBQUFBQUFBQUFBQUFBQUFBQUFBQUFBQUFBQUFBQUFBQUFBQUFBQUFBQUFBQUFBQUFBQUFBQUFBQUFBQUFBQUFBQUFBQUFBQUFBQUFBQUFBQUFBQUFBQUFBQUFBQUFBQUFBQUFBQUFBQUFBQUFBQUFBQUFBQUFBQUFBQUFBQUFBQUFBQUFBQUFBQUFBQUFBQUFBQUFBQUFBQUFBQUFBQUFBQUFBQUFBQUFBQUFBQUFBQUFBQUFBQUFBQUFBQUFBQUFBQUFBQUFBQUFBQUFBQUFBQUFBQUFBQUFBQUFBQUFBQUFBQUFBQUFBQUFBQUFBQUFBQUFBQUFBQUFBQUFBQUFBQUFBQUFBQUFBQUFBQUFBQUFBQUFBQUFBQUFBQUFBQUFBQUFBQUFBQUFBQUFBQUFBQUFBQUFBQUFBQUFBQUFBQUFBQUFBQUFBQUFBQUFBQUFBQUFBQUFBQUFBQUFBQUFBQUFBQUFBQUFBQUFBQUFBQUFBQUFBQUFBQUFBQUFBQUFBQUFBQUFBQUFBQUFBQUFBQUFBQUFBQUFBQUFBQUFBQUFBQUFBQUFBQUFBQUFBQUFBQUFBQUFBQUFBQUFBQUFBQUFBQUFBQUFBQUFBQUFBQUFBQUFBQUFBQUFBQUFBQUFBQUFBQUFBQUFBQUFBQUFBQUFBQUFBQUFBQUFBQUFBQUFBQUFBQUFBQUFBQUFBQUFBQUFBQUFBQUFBQUFBQUFBQUFBQUFBQUFBQUFBQUFBQUFBQUFBQUFBQUFBQUFBQUFBQUFBQUFBQUFBQUFBQUFBQUFBQUFBQUFBQUFBQUFBQUFBQUFBQUFBQUFBQUFBQUFBQUFBQUFBQUFBQUFBQUFBQUFBQUFBQUFBQUFBQUFBQUFBQUFBQUFBQUFBQUFBQUFBQUFBQUFBQUFBQUFBQUFBQUFBQUFBQUFBQUFBQUFBQUFBQUFBQUFBQUFBQUFBQUFBQUFBQUFBQUFBQUFBQUFBQUFBQUFBQUFBQUFBQUFBQUFBQUFBQUFBQUFBQUFBQUFBQUFBQUFBQUFBQUFBQUFBQUFBQUFBQUFBQUFBQUFBQUFBQUFBQUFBQUFBQUFBQUFBQUFBQUFBQUFBQUFBQUFBQUFBQUFBQUFBQUFBQUFBQUFBQUFBQUFBQUFBQUFBQUFBQUFBQUFBQUFBQUFBQUFBQUFBQUFBQUFBQUFBQUFBQUFBQUFBQUFBQUFBQUFBQUFBQUFBQUFBQUFBQUFBQUFBQUFBQUFBQUFBQUFBQUFBQUFBQUFBQUFBQUFBQUFBQUFBQUFBQUFBQUFBQUFBQUFBQUFBQUFBQUFBQUFBQUFBQUFBQUFBQUFBQUFBQUFBQUFBQUFBQUFBQUFBQUFBQUFBQUFBQUFBQUFBQUFBQUFBQUFBQUFBQUFBQUFBQUFBQUFBQUFBQUFBQUFBQUFBQUFBQUFBQUFBQUFBQUFBQUFBQUFBQUFBQUFBQUFBQUFBQUFBQUFBQUFBQUFBQUFBQUFBQUFBQUFBQUFBQUFBQUFBQUFBQUFBQUFBQUFBQUFBQUFBQUFBQUFBQUFBQUFBQUFBQUFBQUFBQUFBQUFBQUFBQUFBQUFBQUFBQUFBQUFBQUFBQUFBQUFBQUFBQUFBQUFBQUFBQUFBQUFBQUFBQUFBQUFBQUFBQUFBQUFBQUFBQUFBQUFBQUFBQUFBQUFBQUFBQUFBQUFBQUFBQUFBQUFBQUFBQUFBQUFBQUFBQUFBQUFBQUFBQUFBQUFBQUFBQUFBQUFBQUFBQUFBQUFBQUFBQUFBQUFBQUFBQUFBQUFBQUFBQUFBQUFBQUFBQUFBQUFBQUFBQUFBQUFBQUFBQUFBQUFBQUFBQUFBQUFBQUFBQUFBQUFBQUFBQUFBQUFBQUFBQUFBQUFBQUFBQUFBQUFBQUFBQUFBQUFBQUFBQUFBQUFBQUFBQUFBQUFBQUFBQUFBQUFBQUFBQUFBQUFBQUFBQUFBQUFBQUFBQUFBQUFBQUFBQUFBQUFBQUFBQUFBQUFBQUFBQUFBQUFBQUFBQUFBQUFBQUFBQUFBQUFBQUFBQUFBQUFBQUFBQUFBQUFBQUFBQUFBQUFBQUFBQUFBQUFBQUFBQUFBQUFBQUFBQUFBQUFBQUFBQUFBQUFBQUFBQUFBQUFBQUFBQUFBQUFBQUFBQUFBQUFBQUFBQUFBQUFBQUFBQUFBQUFBQUFBQUFBQUFBQUFBQUFBQUFBQUFBQUFBQUFBQUFBQUFBQUFBQUFBQUFBQUFBQUFBQUFBQUFBQUFBQUFBQUFBQUFBQUFBQUFBQUFBQUFBQUFBQUFBQUFBQUFBQUFBQUFBQUFBQUFBQUFBQUFBQUFBQUFBQUFBQUFBQUFBQUFBQUFBQUFBQUFBQUFBQUFBQUFBQUFBQUFBQUFBQUFBQUFBQUFBQUFBQUFBQUFBQUFBQUFBQUFBQUFBQUFBQUFBQUFBQUFBQUFBQUFBQUFBQUFBQUFBQUFBQUFBQUFBQUFBQUFBQUFBQUFBQUFBQUFBQUFBQUFBQUFBQUFBQUFBQUFBQUFBQUFBQUFBQUFBQUFBQUFBQUFBQUFBQUFBQUFBQUFBQUFBQUFBQUFBQUFBQUFBQUFBQUFBQUFBQUFBQUFBQUFBQUFBQUFBQUFBQUFBQUFBQUFBQUFBQUFBQUFBQUFBQUFBQUFBQUFBQUFBQUFBQUFBQUFBQUFBQUFBQUFBQUFBQUFBQUFBQUFBQUFBQUFBQUFBQUFBQUFBQUFBQUFBQUFBQUFBQUFBQUFBQUFBQUFBQUFBQUFBQUFBQUFBQUFBQUFBQUFBQUFBQUFBQUFBQUFBQUFBQUFBQUFBQUFBQUFBQUFBQUFBQUFBQUFBQUFBQUFBQUFBQUFBQUFBQUFBQUFBQUFBQUFBQUFBQUFBQUFBQUFBQUFBQUFBQUFBQUFBQUFBQUFBQUFBQUFBQUFBQUFBQUFBQUFBQUFBQUFBQUFBQUFBQUFBQUFBQUFBQUFBQUFBQUFBQUFBQUFBQUFBQUFBQUFBQUFBQUFBQUFBQUFBQUFBQUFBQUFBQUFBQUFBQUFBQUFBQUFBQUFBQUFBQUFBQUFBQUFBQUFBQUFBQUFBQUFBQUFBQUFBQUFBQUFBQUFBQUFBQUFBQUFBQUFBQUFBQUFBQUFBQUFBQUFBQUFBQUFBQUFBQUFBQUFBQUFBQUFBQUFBQUFBQUFBQUFBQUFBQUFBQUFBQUFBQUFBQUFBQUFBQUFBQUFBQUFBQUFBQUFBQUFBQUFBQUFBQUFBQUFBQUFBQUFBQUFBQUFBQUFBQUFBQUFBQUFBQUFBQUFBQUFBQUFBQUFBQUFBQUFBQUFBQUFBQUFBQUFBQUFBQUFBQUFBQUFBQUFBQUFBQUFBQUFBQUFBQUFBQUFBQUFBQUFBQUFBQUFBQUFBQUFBQUFBQUFBQUFBQUFBQUFBQUFBQUFBQUFBQUFBQUFBQUFBQUFBQUFBQUFBQUFBQUFBQUFBQUFBQUFBQUFBQUFBQUFBQUFBQUFBQUFBQUFBQUFBQUFBQUFBQUFBQUFBQUFBQUFBQUFBQUFBQUFBQUFBQUFBQUFBQUFBQUFBQUFBQUFBQUFBQUFBQUFBQUFBQUFBQUFBQUFBQUFBQUFBQUFBQUFBQUFBQUFBQUFBQUFBQUFBQUFBQUFBQUFBQUFBQUFBQUFBQUFBQUFBQUFBQUFBQUFBQUFBQUFBQUFBQUFBQUFBQUFBQUFBQUFBQUFBQUFBQUFBQUFBQUFBQUFBQUFBQUFBQUFBQUFBQUFBQUFBQUFBQUFBQUFBQUFBQUFBQUFBQUFBQUFBQUFBQUFBQUFBQUFBQUFBQUFBQUFBQUFBQUFBQUFBQUFBQUFBQUFBQUFBQUFBQUFBQUFBQUFBQUFBQUFBQUFBQUFBQUFBQUFBQUFBQUFBQUFBQUFBQUFBQUFBQUFBQUFBQUFBQUFBQUFBQUFBQUFBQUFBQUFBQUFBQUFBQUFBQUFBQUFBQUFBQUFBQUFBQUFBQUFBQUFBQUFBQUFBQUFBQUFBQUFBQUFBQUFBQUFBQUFBQUFBQUFBQUFBQUFBQUFBQUFBQUFBQUFBQUFBQUFBQUFBQUFBQUFBQUFBQUFBQUFBQUFBQUFBQUFBQUFBQUFBQUFBQUFBQUFBQUFBQUFBQUFBQUFBQUFBQUFBQUFBQUFBQUFBQUFBQUFBQUFBQUFBQUFBQUFBQUFBQUFBQUFBQUFBQUFBQUFBQUFBQUFBQUFBQUFBQUFBQUFBQUFBQUFBQUFBQUFBQUFBQUFBQUFBQUFBQUFBQUFBQUFBQUFBQUFBQUFBQUFBQUFBQUFBQUFBQUFBQUFBQUFBQUFBQUFBQUFBQUFBQUFBQUFBQUFBQUFBQUFBQUFBQUFBQUFBQUFBQUFBQUFBQUFBQUFBQUFBQUFBQUFBQUFBQUFBQUFBQUFBQUFBQUFBQUFBQUFBQUFBQUFBQUFBQUFBQUFBQUFBQUFBQUFBQUFBQUFBQUFBQUFBQUFBQUFBQUFBQUFBQUFBQUFBQUFBQUFBQUFBQUFBQUFBQUFBQUFBQUFBQUFBQUFBQUFBQUFBQUFBQUFBQUFBQUFBQUFBQUFBQUFBQUFBQUFBQUFBQUFBQUFBQUFBQUFBQUFBQUFBQUFBQUFBQUFBQUFBQUFBQUFBQUFBQUFBQUFBQUFBQUFBQUFBQUFBQUFBQUFBQUFBQUFBQUFBQUFBQUFBQUFBQUFBQUFBQUFBQUFBQUFBQUFBQUFBQUFBQUFBQUFBQUFBQUFBQUFBQUFBQUFBQUFBQUFBQUFBQUFBQUFBQUFBQUFBQUFBQUFBQUFBQUFBQUFBQUFBQUFBQUFBQUFBQUFBQUFBQUFBQUFBQUFBQUFBQUFBQUFBQUFBQUFBQUFBQUFBQUFBQUFBQUFBQUFBQUFBQUFBQUFBQUFBQUFBQUFBQUFBQUFBQUFBQUFBQUFBQUFBQUFBQUFBQUFBQUFBQUFBQUFBQUFBQUFBQUFBQUFBQUFBQUFBQUFBQUFBQUFBQUFBQUFBQUFBQUFBQUFBQUFBQUFBQUFBQUFBQUFBQUFBQUFBQUFBQUFBQUFBQUFBQUFBQUFBQUFBQUFBQUFBQUFBQUFBQUFBQUFBQUFBQUFBQUFBQUFBQUFBQUFBQUFBQUFBQUFBQUFBQUFBQUFBQUFBQUFBQUFBQUFBQUFBQUFBQUFBQUFBQUFBQUFBQUFBQUFBQUFBQUFBQUFBQUFBQUFBQUFBQUFBQUFBQUFBQUFBQUFBQUFBQUFBQUFBQUFBQUFBQUFBQUFBQUFBQUFBQUFBQUFBQUFBQUFBQUFBQUFBQUFBQUFBQUFBQUFBQUFBQUFBQUFBQUFBQUFBQUFBQUFBQUFBQUFBQUFBQUFBQUFBQUFBQUFBQUFBQUFBQUFBQUFBQUFBQUFBQUFBQUFBQUFBQUFBQUFBQUFBQUFBQUFBQUFBQUFBQUFBQUFBQUFBQUFBQUFBQUFBQUFBQUFBQUFBQUFBQUFBQUFBQUFBQUFBQUFBQUFBQUFBQUFBQUFBQUFBQUFBQUFBQUFBQUFBQUFBQUFBQUFBQUFBQUFBQUFBQUFBQUFBQUFBQUFBQUFBQUFBQUFBQUFBQUFBQUFBQUFBQUFBQUFBQUFBQUFBQUFBQUFBQUFBQUFBQUFBQUFBQUFBQUFBQUFBQUFBQUFBQUFBQUFBQUFBQUFBQUFBQUFBQUFBQUFBQUFBQUFBQUFBQUFBQUFBQUFBQUFBQUFBQUFBQUFBQUFBQUFBQUFBQUFBQUFBQUFBQUFBQUFBQUFBQUFBQUFBQUFBQUFBQUFBQUFBQUFBQUFBQUFBQUFBQUFBQUFBQUFBQUFBQUFBQUFBQUFBQUFBQUFBQUFBQUFBQUFBQUFBQUFBQUFBQUFBQUFBQUFBQUFBQUFBQUFBQUFBQUFBQUFBQUFBQUFBQUFBQUFBQUFBQUFBQUFBQUFBQUFBQUFBQUFBQUFBQUFBQUFBQUFBQUFBQUFBQUFBQUFBQUFBQUFBQUFBQUFBQUFBQUFBQUFBQUFBQUFBQUFBQUFBQUFBQUFBQUFBQUFBQUFBQUFBQUFBQUFBQUFBQUFBQUFBQUFBQUFBQUFBQUFBQUFBQUFBQUFBQUFBQUFBQUFBQUFBQUFBQUFBQUFBQUFBQUFBQUFBQUFBQUFBQUFBQUFBQUFBQUFBQUFBQUFBQUFBQUFBQUFBQUFBQUFBQUFBQUFBQUFBQUFBQUFBQUFBQUFBQUFBQUFBQUFBQUFBQUFBQUFBQUFBQUFBQUFBQUFBQUFBQUFBQUFBQUFBQUFBQUFBQUFBQUFBQUFBQUFBQUFBQUFBQUFBQUFBQUFBQUFBQUFBQUFBQUFBQUFBQUFBQUFBQUFBQUFBQUFBQUFBQUFBQUFBQUFBQUFBQUFBQUFBQUFBQUFBQUFBQUFBQUFBQUFBQUFBQUFBQUFBQUFBQUFBQUFBQUFBQUFBQUFBQUFBQUFBQUFBQUFBQUFBQUFBQUFBQUFBQUFBQUFBQUFBQUFBQUFBQUFBQUFBQUFBQUFBQUFBQUFBQUFBQUFBQUFBQUFBQUFBQUFBQUFBQUFBQUFBQUFBQUFBQUFBQUFBQUFBQUFBQUFBQUFBQUFBQUFBQUFBQUFBQUFBQUFBQUFBQUFBQUFBQUFBQUFBQUFBQUFBQUFBQUFBQUFBQUFBQUFBQUFBQUFBQUFBQUFBQUFBQUFBQUFBQUFBQUFBQUFBQUFBQUFBQUFBQUFBQUFBQUFBQUFBQUFBQUFBQUFBQUFBQUFBQUFBQUFBQUFBQUFBQUFBQUFBQUFBQUFBQUFBQUFBQUFBQUFBQUFBQUFBQUFBQUFBQUFBQUFBQUFBQUFBQUFBQUFBQUFBQUFBQUFBQUFBQUFBQUFBQUFBQUFBQUFBQUFBQUFBQUFBQUFBQUFBQUFBQUFBQUFBQUFBQUFBQUFBQUFBQUFBQUFBQUFBQUFBQUFBQUFBQUFBQUFBQUFBQUFBQUFBQUFBQUFBQUFBQUFBQUFBQUFBQUFBQUFBQUFBQUFBQUFBQUFBQUFBQUFBQUFBQUFBQUFBQUFBQUFBQUFBQUFBQUFBQUFBQUFBQUFBQUFBQUFBQUFBQUFBQUFBQUFBQUFBQUFBQUFBQUFBQUFBQUFBQUFBQUFBQUFBQUFBQUFBQUFBQUFBQUFBQUFBQUFBQUFBQUFBQUFBQUFBQUFBQUFBQUFBQUFBQUFBQUFBQUFBQUFBQUFBQUFBQUFBQUFBQUFBQUFBQUFBQUFBQUFBQUFBQUFBQUFBQUFBQUFBQUFBQUFBQUFBQUFBQUFBQUFBQUFBQUFBQUFBQUFBQUFBQUFBQUFBQUFBQUFBQUFBQUFBQUFBQUFBQUFBQUFBQUFBQUFBQUFBQUFBQUFBQUFBQUFBQUFBQUFBQUFBQUFBQUFBQUFBQUFBQUFBQUFBQUFBQUFBQUFBQUFBQUFBQUFBQUFBQUFBQUFBQUFBQUFBQUFBQUFBQUFBQUFBQUFBQUFBQUFBQUFBQUFBQUFBQUFBQUFBQUFBQUFBQUFBQUFBQUFBQUFBQUFBQUFBQUFBQUFBQUFBQUFBQUFBQUFBQUFBQUFBQUFBQUFBQUFBQUFBQUFBQUFBQUFBQUFBQUFBQUFBQUFBQUFBQUFBQUFBQUFBQUFBQUFBQUFBQUFBQUFBQUFBQUFBQUFBQUFBQUFBQUFBQUFBQUFBQUFBQUFBQUFBQUFBQUFBQUFBQUFBQUFBQUFBQUFBQUFBQUFBQUFBQUFBQUFBQUFBQUFBQUFBQUFBQUFBQUFBQUFBQUFBQUFBQUFBQUFBQUFBQUFBQUFBQUFBQUFBQUFBQUFBQUFBQUFBQUFBQUFBQUFBQUFBQUFBQUFBQUFBQUFBQUFBQUFBQUFBQUFBQUFBQUFBQUFBQUFBQUFBQUFBQUFBQUFBQUFBQUFBQUFBQUFBQUFBQUFBQUFBQUFBQUFBQUFBQUFBQUFBQUFBQUFBQUFBQUFBQUFBQUFBQUFBQUFBQUFBQUFBQUFBQUFBQUFBQUFBQUFBQUFBQUFBQUFBQUFBQUFBQUFBQUFBQUFBQUFBQUFBQUFBQUFBQUFBQUFBQUFBQUFBQUFBQUFBQUFBQUFBQUFBQUFBQUFBQUFBQUFBQUFBQUFBQUFBQUFBQUFBQUFBQUFBQUFBQUFBQUFBQUFBQUFBQUFBQUFBQUFBQUFBQUFBQUFBQUFBQUFBQUFBQUFBQUFBQUFBQUFBQUFBQUFBQUFBQUFBQUFBQUFBQUFBQUFBQUFBQUFBQUFBQUFBQUFBQUFBQUFBQUFBQUFBQUFBQUFBQUFBQUFBQUFBQUFBQUFBQUFBQUFBQUFBQUFBQUFBQUFBQUFBQUFBQUFBQUFBQUFBQUFBQUFBQUFBQUFBQUFBQUFBQUFBQUFBQUFBQUFBQUFBQUFBQUFBQUFBQUFBQUFBQUFBQUFBQUFBQUFBQUFBQUFBQUFBQUFBQUFBQUFBQUFBQUFBQUFBQUFBQUFBQUFBQUFBQUFBQUFBQUFBQUFBQUFBQUFBQUFBQUFBQUFBQUFBQUFBQUFBQUFBQUFBQUFBQUFBQUFBQUFBQUFBQUFBQUFBQUFBQUFBQUFBQUFBQUFBQUFBQUFBQUFBQUFBQUFBQUFBQUFBQUFBQUFBQUFBQUFBQUFBQUFBQUFBQUFBQUFBQUFBQUFBQUFBQUFBQUFBQUFBQUFBQUFBQUFBQUFBQUFBQUFBQUFBQUFBQUFBQUFBQUFBQUFBQUFBQUFBQUFBQUFBQUFBQUFBQUFBQUFBQUFBQUFBQUFBQUFBQUFBQUFBQUFBQUFBQUFBQUFBQUFBQUFBQUFBQUFBQUFBQUFBQUFBQUFBQUFBQUFBQUFBQUFBQUFBQUFBQUFBQUFBQUFBQUFBQUFBQUFBQUFBQUFBQUFBQUFBQUFBQUFBQUFBQUFBQUFBQUFBQUFBQUFBQUFBQUFBQUFBQUFBQUFBQUFBQUFBQUFBQUFBQUFBQUFBQUFBQUFBQUFBQUFBQUFBQUFBQUFBQUFBQUFBQUFBQUFBQUFBQUFBQUFBQUFBQUFBQUFBQUFBQUFBQUFBQUFBQUFBQUFBQUFBQUFBQUFBQUFBQUFBQUFBQUFBQUFBQUFBQUFBQUFBQUFBQUFBQUFBQUFBQUFBQUFBQUFBQUFBQUFBQUFBQUFBQUFBQUFBQUFBQUFBQUFBQUFBQUFBQUFBQUFBQUFBQUFBQUFBQUFBQUFBQUFBQUFBQUFBQUFBQUFBQUFBQUFBQUFBQUFBQUFBQUFBQUFBQUFBQUFBQUFBQUFBQUFBQUFBQUFBQUFBQUFBQUFBQUFBQUFBQUFBQUFBQUFBQUFBQUFBQUFBQUFBQUFBQUFBQUFBQUFBQUFBQUFBQUFBQUFBQUFBQUFBQUFBQUFBQUFBQUFBQUFBQUFBQUFBQUFBQUFBQUFBQUFBQUFBQUFBQUFBQUFBQUFBQUFBQUFBQUFBQUFBQUFBQUFBQUFBQUFBQUFBQUFBQUFBQUFBQUFBQUFBQUFBQUFBQUFBQUFBQUFBQUFBQUFBQUFBQUFBQUFBQUFBQUFBQUFBQUFBQUFBQUFBQUFBQUFBQUFBQUFBQUFBQUFBQUFBQUFBQUFBQUFBQUFBQUFBQUFBQUFBQUFBQUFBQUFBQUFBQUFBQUFBQUFBQUFBQUFBQUFBQUFBQUFBQUFBQUFBQUFBQUFBQUFBQUFBQUFBQUFBQUFBQUFBQUFBQUFBQUFBQUFBQUFBQUFBQUFBQUFBQUFBQUFBQUFBQUFBQUFBQUFBQUFBQUFBQUFBQUFBQUFBQUFBQUFBQUFBQUFBQUFBQUFBQUFBQUFBQUFBQUFBQUFBQUFBQUFBQUFBQUFBQUFBQUFBQUFBQUFBQUFBQUFBQUFBQUFBQUFBQUFBQUFBQUFBQUFBQUFBQUFBQUFBQUFBQUFBQUFBQUFBQUFBQUFBQUFBQUFBQUFBQUFBQUFBQUFBQUFBQUFBQUFBQUFBQUFBQUFBQUFBQUFBQUFBQUFBQUFBQUFBQUFBQUFBQUFBQUFBQUFBQUFBQUFBQUFBQUFBQUFBQUFBQUFBQUFBQUFBQUFBQUFBQUFBQUFBQUFBQUFBQUFBQUFBQUFBQUFBQUFBQUFBQUFBQUFBQUFBQUFBQUFBQUFBQUFBQUFBQUFBQUFBQUFBQUFBQUFBQUFBQUFBQUFBQUFBQUFBQUFBQUFBQUFBQUFBQUFBQUFBQUFBQUFBQUFBQUFBQUFBQUFBQUFBQUFBQUFBQUFBQUFBQUFBQUFBQUFBQUFBQUFBQUFBQUFBQUFBQUFBQUFBQUFBQUFBQUFBQUFBQUFBQUFBQUFBQUFBQUFBQUFBQUFBQUFBQUFBQUFBQUFBQUFBQUFBQUFBQUFBQUFBQUFBQUFBQUFBQUFBQUFBQUFBQUFBQUFBQUFBQUFBQUFBQUFBQUFBQUFBQUFBQUFBQUFBQUFBQUFBQUFBQUFBQUFBQUFBQUFBQUFBQUFBQUFBQUFBQUFBQUFBQUFBQUFBQUFBQUFBQUFBQUFBQUFBQUFBQUFBQUFBQUFBQUFBQUFBQUFBQUFBQUFBQUFBQUFBQUFBQUFBQUFBQUFBQUFBQUFBQUFBQUFBQUFBQUFBQUFBQUFBQUFBQUFBQUFBQUFBQUFBQUFBQUFBQUFBQUFBQUFBQUFBQUFBQUFBQUFBQUFBQUFBQUFBQUFBQUFBQUFBQUFBQUFBQUFBQUFBQUFBQUFBQUFBQUFBQUFBQUFBQUFBQUFBQUFBQUFBQUFBQUFBQUFBQUFBQUFBQUFBQUFBQUFBQUFBQUFBQUFBQUFBQUFBQUFBQUFBQUFBQUFBQUFBQUFBQUFBQUFBQUFBQUFBQUFBQUFBQUFBQUFBQUFBQUFBQUFBQUFBQUFBQUFBQUFBQUFBQUFBQUFBQUFBQUFBQUFBQUFBQUFBQUFBQUFBQUFBQUFBQUFBQUFBQUFBQUFBQUFBQUFBQUFBQUFBQUFBQUFBQUFBQUFBQUFBQUFBQUFBQUFBQUFBQUFBQUFBQUFBQUFBQUFBQUFBQUFBQUFBQUFBQUFBQUFBQUFBQUFBQUFBQUFBQUFBQUFBQUFBQUFBQUFBQUFBQUFBQUFBQUFBQUFBQUFBQUFBQUFBQUFBQUFBQUFBQUFBQUFBQUFBQUFBQUFBQUFBQUFBQUFBQUFBQUFBQUFBQUFBQUFBQUFBQUFBQUFBQUFBQUFBQUFBQUFBQUFBQUFBQUFBQUFBQUFBQUFBQUFBQUFBQUFBQUFBQUFBQUFBQUFBQUFBQUFBQUFBQUFBQUFBQUFBQUFBQUFBQUFBQUFBQUFBQUFBQUFBQUFBQUFBQUFBQUFBQUFBQUFBQUFBQUFBQUFBQUFBQUFBQUFBQUFBQUFBQUFBQUFBQUFBQUFBQUFBQUFBQUFBQUFBQUFBQUFBQUFBQUFBQUFBQUFBQUFBQUFBQUFBQUFBQUFBQUFBQUFBQUFBQUFBQUFBQUFBQUFBQUFBQUFBQUFBQUFBQUFBQUFBQUFBQUFBQUFBQUFBQUFBQUFBQUFBQUFBQUFBQUFBQUFBQUFBQUFBQUFBQUFBQUFBQUFBQUFBQUFBQUFBQUFBQUFBQUFBQUFBQUFBQUFBQUFBQUFBQUFBQUFBQUFBQUFBQUFBQUFBQUFBQUFBQUFBQUFBQUFBQUFBQUFBQUFBQUFBQUFBQUFBQUFBQUFBQUFBQUFBQUFBQUFBQUFBQUFBQUFBQUFBQUFBQUFBQUFBQUFBQUFBQUFBQUFBQUFBQUFBQUFBQUFBQUFBQUFBQUFBQUFBQUFBQUFBQUFBQUFBQUFBQUFBQUFBQUFBQUFBQUFBQUFBQUFBQUFBQUFBQUFBQUFBQUFBQUFBQUFBQUFBQUFBQUFBQUFBQUFBQUFBQUFBQUFBQUFBQUFBQUFBQUFBQUFBQUFBQUFBQUFBQUFBQUFBQUFBQUFBQUFBQUFBQUFBQUFBQUFBQUFBQUFBQUFBQUFBQUFBQUFBQUFBQUFBQUFBQUFBQUFBQUFBQUFBQUFBQUFBQUFBQUFBQUFBQUFBQUFBQUFBQUFBQUFBQUFBQUFBQUFBQUFBQUFBQUFBQUFBQUFBQUFBQUFBQUFBQUFBQUFBQUFBQUFBQUFBQUFBQUFBQUFBQUFBQUFBQUFBQUFBQUFBQUFBQUFBQUFBQUFBQUFBQUFBQUFBQUFBQUFBQUFBQUFBQUFBQUFBQUFBQUFBQUFBQUFBQUFBQUFBQUFBQUFBQUFBQUFBQUFBQUFBQUFBQUFBQUFBQUFBQUFBQUFBQUFBQUFBQUFBQUFBQUFBQUFBQUFBQUFBQUFBQUFBQUFBQUFBQUFBQUFBQUFBQUFBQUFBQUFBQUFBQUFBQUFBQUFBQUFBQUFBQUFBQUFBQUFBQUFBQUFBQUFBQUFBQUFBQUFBQUFBQUFBQUFBQUFBQUFBQUFBQUFBQUFBQUFBQUFBQUFBQUFBQUFBQUFBQUFBQUFBQUFBQUFBQUFBQUFBQUFBQUFBQUFBQUFBQUFBQUFBQUFBQUFBQUFBQUFBQUFBQUFBQUFBQUFBQUFBQUFBQUFBQUFBQUFBQUFBQUFBQUFBQUFBQUFBQUFBQUFBQUFBQUFBQUFBQUFBQUFBQUFBQUFBQUFBQUFBQUFBQUFBQUFBQUFBQUFBQUFBQUFBQUFBQUFBQUFBQUFBQUFBQUFBQUFBQUFBQUFBQUFBQUFBQUFBQUFBQUFBQUFBQUFBQUFBQUFBQUFBQUFBQUFBQUFBQUFBQUFBQUFBQUFBQUFBQUFBQUFBQUFBQUFBQUFBQUFBQUFBQUFBQUFBQUFBQUFBQUFBQUFBQUFBQUFBQUFBQUFBQUFBQUFBQUFBQUFBQUFBQUFBQUFBQUFBQUFBQUFBQUFBQUFBQUFBQUFBQUFBQUFBQUFBQUFBQUFBQUFBQUFBQUFBQUFBQUFBQUFBQUFBQUFBQUFBQUFBQUFBQUFBQUFBQUFBQUFBQUFBQUFBQUFBQUFBQUFBQUFBQUFBQUFBQUFBQUFBQUFBQUFBQUFBQUFBQUFBQUFBQUFBQUFBQUFBQUFBQUFBQUFBQUFBQUFBQUFBQUFBQUFBQUFBQUFBQUFBQUFBQUFBQUFBQUFBQUFBQUFBQUFBQUFBQUFBQUFBQUFBQUFBQUFBQUFBQUFBQUFBQUFBQUFBQUFBQUFBQUFBQUFBQUFBQUFBQUFBQUFBQUFBQUFBQUFBQUFBQUFBQUFBQUFBQUFBQUFBQUFBQUFBQUFBQUFBQUFBQUFBQUFBQUFBQUFBQUFBQUFBQUFBQUFBQUFBQUFBQUFBQUFBQUFBQUFBQUFBQUFBQUFBQUFBQUFBQUFBQUFBQUFBQUFBQUFBQUFBQUFBQUFBQUFBQUFBQUFBQUFBQUFBQUFBQUFBQUFBQUFBQUFBQUFBQUFBQUFBQUFBQUFBQUFBQUFBQUFBQUFBQUFBQUFBQUFBQUFBQUFBQUFBQUFBQUFBQUFBQUFBQUFBQUFBQUFBQUFBQUFBQUFBQUFBQUFBQUFBQUFBQUFBQUFBQUFBQUFBQUFBQUFBQUFBQUFBQUFBQUFBQUFBQUFBQUFBQUFBQUFBQUFBQUFBQUFBQUFBQUFBQUFBQUFBQUFBQUFBQUFBQUFBQUFBQUFBQUFBQUFBQUFBQUFBQUFBQUFBQUFBQUFBQUFBQUFBQUFBQUFBQUFBQUFBQUFBQUFBQUFBQUFBQUFBQUFBQUFBQUFBQUFBQUFBQUFBQUFBQUFBQUFBQUFBQUFBQUFBQUFBQUFBQUFBQUFBQUFBQUFBQUFBQUFBQUFBQUFBQUFBQUFBQUFBQUFBQUFBQUFBQUFBQUFBQUFBQUFBQUFBQUFBQUFBQUFBQUFBQUFBQUFBQUFBQUFBQUFBQUFBQUFBQUFBQUFBQUFBQUFBQUFBQUFBQUFBQUFBQUFBQUFBQUFBQUFBQUFBQUFBQUFBQUFBQUFBQUFBQUFBQUFBQUFBQUFBQUFBQUFBQUFBQUFBQUFBQUFBQUFBQUFBQUFBQUFBQUFBQUFBQUFBQUFBQUFBQUFBQUFBQUFBQUFBQUFBQUFBQUFBQUFBQUFBQUFBQUFBQUFBQUFBQUFBQUFBQUFBQUFBQUFBQUFBQUFBQUFBQUFBQUFBQUFBQUFBQUFBQUFBQUFBQUFBQUFBQUFBQUFBQUFBQUFBQUFBQUFBQUFBQUFBQUFBQUFBQUFBQUFBQUFBQUFBQUFBQUFBQUFBQUFBQUFBQUFBQUFBQUFBQUFBQUFBQUFBQUFBQUFBQUFBQUFBQUFBQUFBQUFBQUFBQUFBQUFBQUFBQUFBQUFBQUFBQUFBQUFBQUFBQUFBQUFBQUFBQUFBQUFBQUFBQUFBQUFBQUFBQUFBQUFBQUFBQUFBQUFBQUFBQUFBQUFBQUFBQUFBQUFBQUFBQUFBQUFBQUFBQUFBQUFBQUFBQUFBQUFBQUFBQUFBQUFBQUFBQUFBQUFBQUFBQUFBQUFBQUFBQUFBQUFBQUFBQUFBQUFBQUFBQUFBQUFBQUFBQUFBQUFBQUFBQUFBQUFBQUFBQUFBQUFBQUFBQUFBQUFBQUFBQUFBQUFBQUFBQUFBQUFBQUFBQUFBQUFBQUFBQUFBQUFBQUFBQUFBQUFBQUFBQUFBQUFBQUFBQUFBQUFBQUFBQUFBQUFBQUFBQUFBQUFBQUFBQUFBQUFBQUFBQUFBQUFBQUFBQUFBQUFBQUFBQUFBQUFBQUFBQUFBQUFBQUFBQUFBQUFBQUFBQUFBQUFBQUFBQUFBQUFBQUFBQUFBQUFBQUFBQUFBQUFBQUFBQUFBQUFBQUFBQUFBQUFBQUFBQUFBQUFBQUFBQUFBQUFBQUFBQUFBQUFBQUFBQUFBQUFBQUFBQUFBQUFBQUFBQUFBQUFBQUFBQUFBQUFBQUFBQUFBQUFBQUFBQUFBQUFBQUFBQUFBQUFBQUFBQUFBQUFBQUFBQUFBQUFBQUFBQUFBQUFBQUFBQUFBQUFBQUFBQUFBQUFBQUFBQUFBQUFBQUFBQUFBQUFBQUFBQUFBQUFBQUFBQUFBQUFBQUFBQUFBQUFBQUFBQUFBQUFBQUFBQUFBQUFBQUFBQUFBQUFBQUFBQUFBQUFBQUFBQUFBQUFBQUFBQUFBQUFBQUFBQUFBQUFBQUFBQUFBQUFBQUFBQUFBQUFBQUFBQUFBQUFBQUFBQUFBQUFBQUFBQUFBQUFBQUFBQUFBQUFBQUFBQUFBQUFBQUFBQUFBQUFBQUFBQUFBQUFBQUFBQUFBQUFBQUFBQUFBQUFBQUFBQUFBQUFBQUFBQUFBQUFBQUFBQUFBQUFBQUFBQUFBQUFBQUFBQUFBQUFBQUFBQUFBQUFBQUFBQUFBQUFBQUFBQUFBQUFBQUFBQUFBQUFBQUFBQUFBQUFBQUFBQUFBQUFBQUFBQUFBQUFBQUFBQUFBQUFBQUFBQUFBQUFBQUFBQUFBQUFBQUFBQUFBQUFBQUFBQUFBQUFBQUFBQUFBQUFBQUFBQUFBQUFBQUFBQUFBQUFBQUFBQUFBQUFBQUFBQUFBQUFBQUFBQUFBQUFBQUFBQUFBQUFBQUFBQUFBQUFBQUFBQUFBQUFBQUFBQUFBQUFBQUFBQUFBQUFBQUFBQUFBQUFBQUFBQUFBQUFBQUFBQUFBQUFBQUFBQUFBQUFBQUFBQUFBQUFBQUFBQUFBQUFBQUFBQUFBQUFBQUFBQUFBQUFBQUFBQUFBQUFBQUFBQUFBQUFBQUFBQUFBQUFBQUFBQUFBQUFBQUFBQUFBQUFBQUFBQUFBQUFBQUFBQUFBQUFBQUFBQUFBQUFBQUFBQUFBQUFBQUFBQUFBQUFBQUFBQUFBQUFBQUFBQUFBQUFBQUFBQUFBQUFBQUFBQUFBQUFBQUFBQUFBQUFBQUFBQUFBQUFBQUFBQUFBQUFBQUFBQUFBQUFBQUFBQUFBQUFBQUFBQUFBQUFBQUFBQUFBQUFBQUFBQUFBQUFBQUFBQUFBQUFBQUFBQUFBQUFBQUFBQUFBQUFBQUFBQUFBQUFBQUFBQUFBQUFBQUFBQUFBQUFBQUFBQUFBQUFBQUFBQUFBQUFBQUFBQUFBQUFBQUFBQUFBQUFBQUFBQUFBQUFBQUFBQUFBQUFBQUFBQUFBQUFBQUFBQUFBQUFBQUFBQUFBQUFBQUFBQUFBQUFBQUFBQUFBQUFBQUFBQUFBQUFBQUFBQUFBQUFBQUFBQUFBQUFBQUFBQUFBQUFBQUFBQUFBQUFBQUFBQUFBQUFBQUFBQUFBQUFBQUFBQUFBQUFBQUFBQUFBQUFBQUFBQUFBQUFBQUFBQUFBQUFBQUFBQUFBQUFBQUFBQUFBQUFBQUFBQUFBQUFBQUFBQUFBQUFBQUFBQUFBQUFBQUFBQUFBQUFBQUFBQUFBQUFBQUFBQUFBQUFBQUFBQUFBQUFBQUFBQUFBQUFBQUFBQUFBQUFBQUFBQUFBQUFBQUFBQUFBQUFBQUFBQUFBQUFBQUFBQUFBQUFBQUFBQUFBQUFBQUFBQUFBQUFBQUFBQUFBQUFBQUFBQUFBQUFBQUFBQUFBQUFBQUFBQUFBQUFBQUFBQUFBQUFBQUFBQUFBQUFBQUFBQUFBQUFBQUFBQUFBQUFBQUFBQUFBQUFBQUFBQUFBQUFBQUFBQUFBQUFBQUFBQUFBQUFBQUFBQUFBQUFBQUFBQUFBQUFBQUFBQUFBQUFBQUFBQUFBQUFBQUFBQUFBQUFBQUFBQUFBQUFBQUFBQUFBQUFBQUFBQUFBQUFBQUFBQUFBQUFBQUFBQUFBQUFBQUFBQUFBQUFBQUFBQUFBQUFBQUFBQUFBQUFBQUFBQUFBQUFBQUFBQUFBQUFBQUFBQUFBQUFBQUFBQUFBQUFBQUFBQUFBQUFBQUFBQUFBQUFBQUFBQUFBQUFBQUFBQUFBQUFBQUFBQUFBQUFBQUFBQUFBQUFBQUFBQUFBQUFBQUFBQUFBQUFBQUFBQUFBQUFBQUFBQUFBQUFBQUFBQUFBQUFBQUFBQUFBQUFBQUFBQUFBQUFBQUFBQUFBQUFBQUFBQUFBQUFBQUFBQUFBQUFBQUFBQUFBQUFBQUFBQUFBQUFBQUFBQUFBQUFBQUFBQUFBQUFBQUFBQUFBQUFBQUFBQUFBQUFBQUFBQUFBQUFBQUFBQUFBQUFBQUFBQUFBQUFBQUFBQUFBQUFBQUFBQUFBQUFBQUFBQUFBQUFBQUFBQUFBQUFBQUFBQUFBQUFBQUFBQUFBQUFBQUFBQUFBQUFBQUFBQUFBQUFBQUFBQUFBQUFBQUFBQUFBQUFBQUFBQUFBQUFBQUFBQUFBQUFBQUFBQUFBQUFBQUFBQUFBQUFBQUFBQUFBQUFBQUFBQUFBQUFBQUFBQUFBQUFBQUFBQUFBQUFBQUFBQUFBQUFBQUFBQUFBQUFBQUFBQUFBQUFBQUFBQUFBQUFBQUFBQUFBQUFBQUFBQUFBQUFBQUFBQUFBQUFBQUFBQUFBQUFBQUFBQUFBQUFBQUFBQUFBQUFBQUFBQUFBQUFBQUFBQUFBQUFBQUFBQUFBQUFBQUFBQUFBQUFBQUFBQUFBQUFBQUFBQUFBQUFBQUFBQUFBQUFBQUFBQUFBQUFBQUFBQUFBQUFBQUFBQUFBQUFBQUFBQUFBQUFBQUFBQUFBQUFBQUFBQUFBQUFBQUFBQUFBQUFBQUFBQUFBQUFBQUFBQUFBQUFBQUFBQUFBQUFBQUFBQUFBQUFBQUFBQUFBQUFBQUFBQUFBQUFBQUFBQUFBQUFBQUFBQUFBQUFBQUFBQUFBQUFBQUFBQUFBQUFBQUFBQUFBQUFBQUFBQUFBQUFBQUFBQUFBQUFBQUFBQUFBQUFBQUFBQUFBQUFBQUFBQUFBQUFBQUFBQUFBQUFBQUFBQUFBQUFBQUFBQUFBQUFBQUFBQUFBQUFBQUFBQUFBQUFBQUFBQUFBQUFBQUFBQUFBQUFBQUFBQUFBQUFBQUFBQUFBQUFBQUFBQUFBQUFBQUFBQUFBQUFBQUFBQUFBQUFBQUFBQUFBQUFBQUFBQUFBQUFBQUFBQUFBQUFBQUFBQUFBQUFBQUFBQUFBQUFBQUFBQUFBQUFBQUFBQUFBQUFBQUFBQUFBQUFBQUFBQUFBQUFBQUFBQUFBQUFBQUFBQUFBQUFBQUFBQUFBQUFBQUFBQUFBQUFBQUFBQUFBQUFBQUFBQUFBQUFBQUFBQUFBQUFBQUFBQUFBQUFBQUFBQUFBQUFBQUFBQUFBQUFBQUFBQUFBQUFBQUFBQUFBQUFBQUFBQUFBQUFBQUFBQUFBQUFBQUFBQUFBQUFBQUFBQUFBQUFBQUFBQUFBQUFBQUFBQUFBQUFBQUFBQUFBQUFBQUFBQUFBQUFBQUFBQUFBQUFBQUFBQUFBQUFBQUFBQUFBQUFBQUFBQUFBQUFBQUFBQUFBQUFBQUFBQUFBQUFBQUFBQUFBQUFBQUFBQUFBQUFBQUFBQUFBQUFBQUFBQUFBQUFBQUFBQUFBQUFBQUFBQUFBQUFBQUFBQUFBQUFBQUFBQUFBQUFBQUFBQUFBQUFBQUFBQUFBQUFBQUFBQUFBQUFBQUFBQUFBQUFBQUFBQUFBQUFBQUFBQUFBQUFBQUFBQUFBQUFBQUFBQUFBQUFBQUFBQUFBQUFBQUFBQUFBQUFBQUFBQUFBQUFBQUFBQUFBQUFBQUFBQUFBQUFBQUFBQUFBQUFBQUFBQUFBQUFBQUFBQUFBQUFBQUFBQUFBQUFBQUFBQUFBQUFBQUFBQUFBQUFBQUFBQUFBQUFBQUFBQUFBQUFBQUFBQUFBQUFBQUFBQUFBQUFBQUFBQUFBQUFBQUFBQUFBQUFBQUFBQUFBQUFBQUFBQUFBQUFBQUFBQUFBQUFBQUFBQUFBQUFBQUFBQUFBQUFBQUFBQUFBQUFBQUFBQUFBQUFBQUFBQUFBQUFBQUFBQUFBQUFBQUFBQUFBQUFBQUFBQUFBQUFBQUFBQUFBQUFBQUFBQUFBQUFBQUFBQUFBQUFBQUFBQUFBQUFBQUFBQUFBQUFBQUFBQUFBQUFBQUFBQUFBQUFBQUFBQUFBQUFBQUFBQUFBQUFBQUFBQUFBQUFBQUFBQUFBQUFBQUFBQUFBQUFBQUFBQUFBQUFBQUFBQUFBQUFBQUFBQUFBQUFBQUFBQUFBQUFBQUFBQUFBQUFBQUFBQUFBQUFBQUFBQUFBQUFBQUFBQUFBQUFBQUFBQUFBQUFBQUFBQUFBQUFBQUFBQUFBQUFBQUFBQUFBQUFBQUFBQUFBQUFBQUFBQUFBQUFBQUFBQUFBQUFBQUFBQUFBQUFBQUFBQUFBQUFBQUFBQUFBQUFBQUFBQUFBQUFBQUFBQUFBQUFBQUFBQUFBQUFBQUFBQUFBQUFBQUFBQUFBQUFBQUFBQUFBQUFBQUFBQUFBQUFBQUFBQUFBQUFBQUFBQUFBQUFBQUFBQUFBQUFBQUFBQUFBQUFBQUFBQUFBQUFBQUFBQUFBQUFBQUFBQUFBQUFBQUFBQUFBQUFBQUFBQUFBQUFBQUFBQUFBQUFBQUFBQUFBQUFBQUFBQUFBQUFBQUFBQUFBQUFBQUFBQUFBQUFBQUFBQUFBQUFBQUFBQUFBQUFBQUFBQUFBQUFBQUFBQUFBQUFBQUFBQUFBQUFBQUFBQUFBQUFBQUFBQUFBQUFBQUFBQUFBQUFBQUFBQUFBQUFBQUFBQUFBQUFBQUFBQUFBQUFBQUFBQUFBQUFBQUFBQUFBQUFBQUFBQUFBQUFBQUFBQUFBQUFBQUFBQUFBQUFBQUFBQUFBQUFBQUFBQUFBQUFBQUFBQUFBQUFBQUFBQUFBQUFBQUFBQUFBQUFBQUFBQUFBQUFBQUFBQUFBQUFBQUFBQUFBQUFBQUFBQUFBQUFBQUFBQUFBQUFBQUFBQUFBQUFBQUFBQUFBQUFBQUFBQUFBQUFBQUFBQUFBQUFBQUFBQUFBQUFBQUFBQUFBQUFBQUFBQUFBQUFBQUFBQUFBQUFBQUFBQUFBQUFBQUFBQUFBQUFBQUFBQUFBQUFBQUFBQUFBQUFBQUFBQUFBQUFBQUFBQUFBQUFBQUFBQUFBQUFBQUFBQUFBQUFBQUFBQUFBQUFBQUFBQUFBQUFBQUFBQUFBQUFBQUFBQUFBQUFBQUFBQUFBQUFBQUFBQUFBQUFBQUFBQUFBQUFBQUFBQUFBQUFBQUFBQUFBQUFBQUFBQUFBQUFBQUFBQUFBQUFBQUFBQUFBQUFBQUFBQUFBQUFBQUFBQUFBQUFBQUFBQUFBQUFBQUFBQUFBQUFBQUFBQUFBQUFBQUFBQUFBQUFBQUFBQUFBQUFBQUFBQUFBQUFBQUFBQUFBQUFBQUFBQUFBQUFBQUFBQUFBQUFBQUFBQUFBQUFBQUFBQUFBQUFBQUFBQUFBQUFBQUFBQUFBQUFBQUFBQUFBQUFBQUFBQUFBQUFBQUFBQUFBQUFBQUFBQUFBQUFBQUFBQUFBQUFBQUFBQUFBQUFBQUFBQUFBQUFBQUFBQUFBQUFBQUFBQUFBQUFBQUFBQUFBQUFBQUFBQUFBQUFBQUFBQUFBQUFBQUFBQUFBQUFBQUFBQUFBQUFBQUFBQUFBQUFBQUFBQUFBQUFBQUFBQUFBQUFBQUFBQUFBQUFBQUFBQUFBQUFBQUFBQUFBQUFBQUFBQUFBQUFBQUFBQUFBQUFBQUFBQUFBQUFBQUFBQUFBQUFBQUFBQUFBQUFBQUFBQUFBQUFBQUFBQUFBQUFBQUFBQUFBQUFBQUFBQUFBQUFBQUFBQUFBQUFBQUFBQUFBQUFBQUFBQUFBQUFBQUFBQUFBQUFBQUFBQUFBQUFBQUFBQUFBQUFBQUFBQUFBQUFBQUFBQUFBQUFBQUFBQUFBQUFBQUFBQUFBQUFBQUFBQUFBQUFBQUFBQUFBQUFBQUFBQUFBQUFBQUFBQUFBQUFBQUFBQUFBQUFBQUFBQUFBQUFBQUFBQUFBQUFBQUFBQUFBQUFBQUFBQUFBQUFBQUFBQUFBQUFBQUFBQUFBQUFBQUFBQUFBQUFBQUFBQUFBQUFBQUFBQUFBQUFBQUFBQUFBQUFBQUFBQUFBQUFBQUFBQUFBQUFBQUFBQUFBQUFBQUFBQUFBQUFBQUFBQUFBQUFBQUFBQUFBQUFBQUFBQUFBQUFBQUFBQUFBQUFBQUFBQUFBQUFBQUFBQUFBQUFBQUFBQUFBQUFBQUFBQUFBQUFBQUFBQUFBQUFBQUFBQUFBQUFBQUFBQUFBQUFBQUFBQUFBQUFBQUFBQUFBQUFBQUFBQUFBQUFBQUFBQUFBQUFBQUFBQUFBQUFBQUFBQUFBQUFBQUFBQUFBQUFBQUFBQUFBQUFBQUFBQUFBQUFBQUFBQUFBQUFBQUFBQUFBQUFBQUFBQUFBQUFBQUFBQUFBQUFBQUFBQUFBQUFBQUFBQUFBQUFBQUFBQUFBQUFBQUFBQUFBQUFBQUFBQUFBQUFBQUFBQUFBQUFBQUFBQUFBQUFBQUFBQUFBQUFBQUFBQUFBQUFBQUFBQUFBQUFBQUFBQUFBQUFBQUFBQUFBQUFBQUFBQUFBQUFBQUFBQUFBQUFBQUFBQUFBQUFBQUFBQUFBQUFBQUFBQUFBQUFBQUFBQUFBQUFBQUFBQUFBQUFBQUFBQUFBQUFBQUFBQUFBQUFBQUFBQUFBQUFBQUFBQUFBQUFBQUFBQUFBQUFBQUFBQUFBQUFBQUFBQUFBQUFBQUFBQUFBQUFBQUFBQUFBQUFBQUFBQUFBQUFBQUFBQUFBQUFBQUFBQUFBQUFBQUFBQUFBQUFBQUFBQUFBQUFBQUFBQUFBQUFBQUFBQUFBQUFBQUFBQUFBQUFBQUFBQUFBQUFBQUFBQUFBQUFBQUFBQUFBQUFBQUFBQUFBQUFBQUFBQUFBQUFBQUFBQUFBQUFBQUFBQUFBQUFBQUFBQUFBQUFBQUFBQUFBQUFBQUFBQUFBQUFBQUFBQUFBQUFBQUFBQUFBQUFBQUFBQUFBQUFBQUFBQUFBQUFBQUFBQUFBQUFBQUFBQUFBQUFBQUFBQUFBQUFBQUFBQUFBQUFBQUFBQUFBQUFBQUFBQUFBQUFBQUFBQUFBQUFBQUFBQUFBQUFBQUFBQUFBQUFBQUFBQUFBQUFBQUFBQUFBQUFBQUFBQUFBQUFBQUFBQUFBQUFBQUFBQUFBQUFBQUFBQUFBQUFBQUFBQUFBQUFBQUFBQUFBQUFBQUFBQUFBQUFBQUFBQUFBQUFBQUFBQUFBQUFBQUFBQUFBQUFBQUFBQUFBQUFBQUFBQUFBQUFBQUFBQUFBQUFBQUFBQUFBQUFBQUFBQUFBQUFBQUFBQUFBQUFBQUFBQUFBQUFBQUFBQUFBQUFBQUFBQUFBQUFBQUFBQUFBQUFBQUFBQUFBQUFBQUFBQUFBQUFBQUFBQUFBQUFBQUFBQUFBQUFBQUFBQUFBQUFBQUFBQUFBQUFBQUFBQUFBQUFBQUFBQUFBQUFBQUFBQUFBQUFBQUFBQUFBQUFBQUFBQUFBQUFBQUFBQUFBQUFBQUFBQUFBQUFBQUFBQUFBQUFBQUFBQUFBQUFBQUFBQUFBQUFBQUFBQUFBQUFBQUFBQUFBQUFBQUFBQUFBQUFBQUFBQUFBQUFBQUFBQUFBQUFBQUFBQUFBQUFBQUFBQUFBQUFBQUFBQUFBQUFBQUFBQUFBQUFBQUFBQUFBQUFBQUFBQUFBQUFBQUFBQUFBQUFBQUFBQUFBQUFBQUFBQUFBQUFBQUFBQUFBQUFBQUFBQUFBQUFBQUFBQUFBQUFBQUFBQUFBQUFBQUFBQUFBQUFBQUFBQUFBQUFBQUFBQUFBQUFBQUFBQUFBQUFBQUFBQUFBQUFBQUFBQUFBQUFBQUFBQUFBQUFBQUFBQUFBQUFBQUFBQUFBQUFBQUFBQUFBQUFBQUFBQUFBQUFBQUFBQUFBQUFBQUFBQUFBQUFBQUFBQUFBQUFBQUFBQUFBQUFBQUFBQUFBQUFBQUFBQUFBQUFBQUFBQUFBQUFBQUFBQUFBQUFBQUFBQUFBQUFBQUFBQUFBQUFBQUFBQUFBQUFBQUFBQUFBQUFBQUFBQUFBQUFBQUFBQUFBQUFBQUFBQUFBQUFBQUFBQUFBQUFBQUFBQUFBQUFBQUFBQUFBQUFBQUFBQUFBQUFBQUFBQUFBQUFBQUFBQUFBQUFBQUFBQUFBQUFBQUFBQUFBQUFBQUFBQUFBQUFBQUFBQUFBQUFBQUFBQUFBQUFBQUFBQUFBQUFBQUFBQUFBQUFBQUFBQUFBQUFBQUFBQUFBQUFBQUFBQUFBQUFBQUFBQUFBQUFBQUFBQUFBQUFBQUFBQUFBQUFBQUFBQUFBQUFBQUFBQUFBQUFBQUFBQUFBQUFBQUFBQUFBQUFBQUFBQUFBQUFBQUFBQUFBQUFBQUFBQUFBQUFBQUFBQUFBQUFBQUFBQUFBQUFBQUFBQUFBQUFBQUFBQUFBQUFBQUFBQUFBQUFBQUFBQUFBQUFBQUFBQUFBQUFBQUFBQUFBQUFBQUFBQUFBQUFBQUFBQUFBQUFBQUFBQUFBQUFBQUFBQUFBQUFBQUFBQUFBQUFBQUFBQUFBQUFBQUFBQUFBQUFBQUFBQUFBQUFBQUFBQUFBQUFBQUFBQUFBQUFBQUFBQUFBQUFBQUFBQUFBQUFBQUFBQUFBQUFBQUFBQUFBQUFBQUFBQUFBQUFBQUFBQUFBQUFBQUFBQUFBQUFBQUFBQUFBQUFBQUFBQUFBQUFBQUFBQUFBQUFBQUFBQUFBQUFBQUFBQUFBQUFBQUFBQUFBQUFBQUFBQUFBQUFBQUFBQUFBQUFBQUFBQUFBQUFBQUFBQUFBQUFBQUFBQUFBQUFBQUFBQUFBQUFBQUFBQUFBQUFBQUFBQUFBQUFBQUFBQUFBQUFBQUFBQUFBQUFBQUFBQUFBQUFBQUFBQUFBQUFBQUFBQUFBQUFBQUFBQUFBQUFBQUFBQUFBQUFBQUFBQUFBQUFBQUFBQUFBQUFBQUFBQUFBQUFBQUFBQUFBQUFBQUFBQUFBQUFBQUFBQUFBQUFBQUFBQUFBQUFBQUFBQUFBQUFBQUFBQUFBQUFBQUFBQUFBQUFBQUFBQUFBQUFBQUFBQUFBQUFBQUFBQUFBQUFBQUFBQUFBQUFBQUFBQUFBQUFBQUFBQUFBQUFBQUFBQUFBQUFBQUFBQUFBQUFBQUFBQUFBQUFBQUFBQUFBQUFBQUFBQUFBQUFBQUFBQUFBQUFBQUFBQUFBQUFBQUFBQUFBQUFBQUFBQUFBQUFBQUFBQUFBQUFBQUFBQUFBQUFBQUFBQUFBQUFBQUFBQUFBQUFBQUFBQUFBQUFBQUFBQUFBQUFBQUFBQUFBQUFBQUFBQUFBQUFBQUFBQUFBQUFBQUFBQUFBQUFBQUFBQUFBQUFBQUFBQUFBQUFBQUFBQUFBQUFBQUFBQUFBQUFBQUFBQUFBQUFBQUFBQUFBQUFBQUFBQUFBQUFBQUFBQUFBQUFBQUFBQUFBQUFBQUFBQUFBQUFBQUFBQUFBQUFBQUFBQUFBQUFBQUFBQUFBQUFBQUFBQUFBQUFBQUFBQUFBQUFBQUFBQUFBQUFBQUFBQUFBQUFBQUFBQUFBQUFBQUFBQUFBQUFBQUFBQUFBQUFBQUFBQUFBQUFBQUFBQUFBQUFBQUFBQUFBQUFBQUFBQUFBQUFBQUFBQUFBQUFBQUFBQUFBQUFBQUFBQUFBQUFBQUFBQUFBQUFBQUFBQUFBQUFBQUFBQUFBQUFBQUFBQUFBQUFBQUFBQUFBQUFBQUFBQUFBQUFBQUFBQUFBQUFBQUFBQUFBQUFBQUFBQUFBQUFBQUFBQUFBQUFBQUFBQUFBQUFBQUFBQUFBQUFBQUFBQUFBQUFBQUFBQUFBQUFBQUFBQUFBQUFBQUFBQUFBQUFBQUFBQUFBQUFBQUFBQUFBQUFBQUFBQUFBQUFBQUFBQUFBQUFBQUFBQUFBQUFBQUFBQUFBQUFBQUFBQUFBQUFBQUFBQUFBQUFBQUFBQUFBQUFBQUFBQUFBQUFBQUFBQUFBQUFBQUFBQUFBQUFBQUFBQUFBQUFBQUFBQUFBQUFBQUFBQUFBQUFBQUFBQUFBQUFBQUFBQUFBQUFBQUFBQUFBQUFBQUFBQUFBQUFBQUFBQUFBQUFBQUFBQUFBQUFBQUFBQUFBQUFBQUFBQUFBQUFBQUFBQUFBQUFBQUFBQUFBQUFBQUFBQUFBQUFBQUFBQUFBQUFBQUFBQUFBQUFBQUFBQUFBQUFBQUFBQUFBQUFBQUFBQUFBQUFBQUFBQUFBQUFBQUFBQUFBQUFBQUFBQUFBQUFBQUFBQUFBQUFBQUFBQUFBQUFBQUFBQUFBQUFBQUFBQUFBQUFBQUFBQUFBQUFBQUFBQUFBQUFBQUFBQUFBQUFBQUFBQUFBQUFBQUFBQUFBQUFBQUFBQUFBQUFBQUFBQUFBQUFBQUFBQUFBQUFBQUFBQUFBQUFBQUFBQUFBQUFBQUFBQUFBQUFBQUFBQUFBQUFBQUFBQUFBQUFBQUFBQUFBQUFBQUFBQUFBQUFBQUFBQUFBQUFBQUFBQUFBQUFBQUFBQUFBQUFBQUFBQUFBQUFBQUFBQUFBQUFBQUFBQUFBQUFBQUFBQUFBQUFBQUFBQUFBQUFBQUFBQUFBQUFBQUFBQUFBQUFBQUFBQUFBQUFBQUFBQUFBQUFBQUFBQUFBQUFBQUFBQUFBQUFBQUFBQUFBQUFBQUFBQUFBQUFBQUFBQUFBQUFBQUFBQUFBQUFBQUFBQUFBQUFBQUFBQUFBQUFBQUFBQUFBQUFBQUFBQUFBQUFBQUFBQUFBQUFBQUFBQUFBQUFBQUFBQUFBQUFBQUFBQUFBQUFBQUFBQUFBQUFBQUFBQUFBQUFBQUFBQUFBQUFBQUFBQUFBQUFBQUFBQUFBQUFBQUFBQUFBQUFBQUFBQUFBQUFBQUFBQUFBQUFBQUFBQUFBQUFBQUFBQUFBQUFBQUFBQUFBQUFBQUFBQUFBQUFBQUFBQUFBQUFBQUFBQUFBQUFBQUFBQUFBQUFBQUFBQUFBQUFBQUFBQUFBQUFBQUFBQUFBQUFBQUFBQUFBQUFBQUFBQUFBQUFBQUFBQUFBQUFBQUFBQUFBQUFBQUFBQUFBQUFBQUFBQUFBQUFBQUFBQUFBQUFBQUFBQUFBQUFBQUFBQUFBQUFBQUFBQUFBQUFBQUFBQUFBQUFBQUFBQUFBQUFBQUFBQUFBQUFBQUFBQUFBQUFBQUFBQUFBQUFBQUFBQUFBQUFBQUFBQUFBQUFBQUFBQUFBQUFBQUFBQUFBQUFBQUFBQUFBQUFBQUFBQUFBQUFBQUFBQUFBQUFBQUFBQUFBQUFBQUFBQUFBQUFBQUFBQUFBQUFBQUFBQUFBQUFBQUFBQUFBQUFBQUFBQUFBQUFBQUFBQUFBQUFBQUFBQUFBQUFBQUFBQUFBQUFBQUFBQUFBQUFBQUFBQUFBQUFBQUFBQUFBQUFBQUFBQUFBQUFBQUFBQUFBQUFBQUFBQUFBQUFBQUFBQUFBQUFBQUFBQUFBQUFBQUFBQUFBQUFBQUFBQUFBQUFBQUFBQUFBQUFBQUFBQUFBQUFBQUFBQUFBQUFBQUFBQUFBQUFBQUFBQUFBQUFBQUFBQUFBQUFBQUFBQUFBQUFBQUFBQUFBQUFBQUFBQUFBQUFBQUFBQUFBQUFBQUFBQUFBQUFBQUFBQUFBQUFBQUFBQUFBQUFBQUFBQUFBQUFBQUFBQUFBQUFBQUFBQUFBQUFBQUFBQUFBQUFBQUFBQUFBQUFBQUFBQUFBQUFBQUFBQUFBQUFBQUFBQUFBQUFBQUFBQUFBQUFBQUFBQUFBQUFBQUFBQUFBQUFBQUFBQUFBQUFBQUFBQUFBQUFBQUFBQUFBQUFBQUFBQUFBQUFBQUFBQUFBQUFBQUFBQUFBQUFBQUFBQUFBQUFBQUFBQUFBQUFBQUFBQUFBQUFBQUFBQUFBQUFBQUFBQUFBQUFBQUFBQUFBQUFBQUFBQUFBQUFBQUFBQUFBQUFBQUFBQUFBQUFBQUFBQUFBQUFBQUFBQUFBQUFBQUFBQUFBQUFBQUFBQUFBQUFBQUFBQUFBQUFBQUFBQUFBQUFBQUFBQUFBQUFBQUFBQUFBQUFBQUFBQUFBQUFBQUFBQUFBQUFBQUFBQUFBQUFBQUFBQUFBQUFBQUFBQUFBQUFBQUFBQUFBQUFBQUFBQUFBQUFBQUFBQUFBQUFBQUFBQUFBQUFBQUFBQUFBQUFBQUFBQUFBQUFBQUFBQUFBQUFBQUFBQUFBQUFBQUFBQUFBQUFBQUFBQUFBQUFBQUFBQUFBQUFBQUFBQUFBQUFBQUFBQUFBQUFBQUFBQUFBQUFBQUFBQUFBQUFBQUFBQUFBQUFBQUFBQUFBQUFBQUFBQUFBQUFBQUFBQUFBQUFBQUFBQUFBQUFBQUFBQUFBQUFBQUFBQUFBQUFBQUFBQUFBQUFBQUFBQUFBQUFBQUFBQUFBQUFBQUFBQUFBQUFBQUFBQUFBQUFBQUFBQUFBQUFBQUFBQUFBQUFBQUFBQUFBQUFBQUFBQUFBQUFBQUFBQUFBQUFBQUFBQUFBQUFBQUFBQUFBQUFBQUFBQUFBQUFBQUFBQUFBQUFBQUFBQUFBQUFBQUFBQUFBQUFBQUFBQUFBQUFBQUFBQUFBQUFBQUFBQUFBQUFBQUFBQUFBQUFBQUFBQUFBQUFBQUFBQUFBQUFBQUFBQUFBQUFBQUFBQUFBQUFBQUFBQUFBQUFBQUFBQUFBQUFBQUFBQUFBQUFBQUFBQUFBQUFBQUFBQUFBQUFBQUFBQUFBQUFBQUFBQUFBQUFBQUFBQUFBQUFBQUFBQUFBQUFBQUFBQUFBQUFBQUFBQUFBQUFBQUFBQUFBQUFBQUFBQUFBQUFBQUFBQUFBQUFBQUFBQUFBQUFBQUFBQUFBQUFBQUFBQUFBQUFBQUFBQUFBQUFBQUFBQUFBQUFBQUFBQUFBQUFBQUFBQUFBQUFBQUFBQUFBQUFBQUFBQUFBQUFBQUFBQUFBQUFBQUFBQUFBQUFBQUFBQUFBQUFBQUFBQUFBQUFBQUFBQUFBQUFBQUFBQUFBQUFBQUFBQUFBQUFBQUFBQUFBQUFBQUFBQUFBQUFBQUFBQUFBQUFBQUFBQUFBQUFBQUFBQUFBQUFBQUFBQUFBQUFBQUFBQUFBQUFBQUFBQUFBQUFBQUFBQUFBQUFBQUFBQUFBQUFBQUFBQUFBQUFBQUFBQUFBQUFBQUFBQUFBQUFBQUFBQUFBQUFBQUFBQUFBQUFBQUFBQUFBQUFBQUFBQUFBQUFBQUFBQUFBQUFBQUFBQUFBQUFBQUFBQUFBQUFBQUFBQUFBQUFBQUFBQUFBQUFBQUFBQUFBQUFBQUFBQUFBQUFBQUFBQUFBQUFBQUFBQUFBQUFBQUFBQUFBQUFBQUFBQUFBQUFBQUFBQUFBQUFBQUFBQUFBQUFBQUFBQUFBQUFBQUFBQUFBQUFBQUFBQUFBQUFBQUFBQUFBQUFBQUFBQUFBQUFBQUFBQUFBQUFBQUFBQUFBQUFBQUFBQUFBQUFBQUFBQUFBQUFBQUFBQUFBQUFBQUFBQUFBQUFBQUFBQUFBQUFBQUFBQUFBQUFBQUFBQUFBQUFBQUFBQUFBQUFBQUFBQUFBQUFBQUFBQUFBQUFBQUFBQUFBQUFBQUFBQUFBQUFBQUFBQUFBQUFBQUFBQUFBQUFBQUFBQUFBQUFBQUFBQUFBQUFBQUFBQUFBQUFBQUFBQUFBQUFBQUFBQUFBQUFBQUFBQUFBQUFBQUFBQUFBQUFBQUFBQUFBQUFBQUFBQUFBQUFBQUFBQUFBQUFBQUFBQUFBQUFBQUFBQUFBQUFBQUFBQUFBQUFBQUFBQUFBQUFBQUFBQUFBQUFBQUFBQUFBQUFBQUFBQUFBQUFBQUFBQUFBQUFBQUFBQUFBQUFBQUFBQUFBQUFBQUFBQUFBQUFBQUFBQUFBQUFBQUFBQUFBQUFBQUFBQUFBQUFBQUFBQUFBQUFBQUFBQUFBQUFBQUFBQUFBQUFBQUFBQUFBQUFBQUFBQUFBQUFBQUFBQUFBQUFBQUFBQUFBQUFBQUFBQUFBQUFBQUFBQUFBQUFBQUFBQUFBQUFBQUFBQUFBQUFBQUFBQUFBQUFBQUFBQUFBQUFBQUFBQUFBQUFBQUFBQUFBQUFBQUFBQUFBQUFBQUFBQUFBQUFBQUFBQUFBQUFBQUFBQUFBQUFBQUFBQUFBQUFBQUFBQUFBQUFBQUFBQUFBQUFBQUFBQUFBQUFBQUFBQUFBQUFBQUFBQUFBQUFBQUFBQUFBQUFBQUFBQUFBQUFBQUFBQUFBQUFBQUFBQUFBQUFBQUFBQUFBQUFBQUFBQUFBQUFBQUFBQUFBQUFBQUFBQUFBQUFBQUFBQUFBQUFBQUFBQUFBQUFBQUFBQUFBQUFBQUFBQUFBQUFBQUFBQUFBQUFBQUFBQUFBQUFBQUFBQUFBQUFBQUFBQUFBQUFBQUFBQUFBQUFBQUFBQUFBQUFBQUFBQUFBQUFBQUFBQUFBQUFBQUFBQUFBQUFBQUFBQUFBQUFBQUFBQUFBQUFBQUFBQUFBQUFBQUFBQUFBQUFBQUFBQUFBQUFBQUFBQUFBQUFBQUFBQUFBQUFBQUFBQUFBQUFBQUFBQUFBQUFBQUFBQUFBQUFBQUFBQUFBQUFBQUFBQUFBQUFBQUFBQUFBQUFBQUFBQUFBQUFBQUFBQUFBQUFBQUFBQUFBQUFBQUFBQUFBQUFBQUFBQUFBQUFBQUFBQUFBQUFBQUFBQUFBQUFBQUFBQUFBQUFBQUFBQUFBQUFBQUFBQUFBQUFBQUFBQUFBQUFBQUFBQUFBQUFBQUFBQUFBQUFBQUFBQUFBQUFBQUFBQUFBQUFBQUFBQUFBQUFBQUFBQUFBQUFBQUFBQUFBQUFBQUFBQUFBQUFBQUFBQUFBQUFBQUFBQUFBQUFBQUFBQUFBQUFBQUFBQUFBQUFBQUFBQUFBQUFBQUFBQUFBQUFBQUFBQUFBQUFBQUFBQUFBQUFBQUFBQUFBQUFBQUFBQUFBQUFBQUFBQUFBQUFBQUFBQUFBQUFBQUFBQUFBQUFBQUFBQUFBQUFBQUFBQUFBQUFBQUFBQUFBQUFBQUFBQUFBQUFBQUFBQUFBQUFBQUFBQUFBQUFBQUFBQUFBQUFBQUFBQUFBQUFBQUFBQUFBQUFBQUFBQUFBQUFBQUFBQUFBQUFBQUFBQUFBQUFBQUFBQUFBQUFBQUFBQUFBQUFBQUFBQUFBQUFBQUFBQUFBQUFBQUFBQUFBQUFBQUFBQUFBQUFBQUFBQUFBQUFBQUFBQUFBQUFBQUFBQUFBQUFBQUFBQUFBQUFBQUFBQUFBQUFBQUFBQUFBQUFBQUFBQUFBQUFBQUFBQUFBQUFBQUFBQUFBQUFBQUFBQUFBQUFBQUFBQUFBQUFBQUFBQUFBQUFBQUFBQUFBQUFBQUFBQUFBQUFBQUFBQUFBQUFBQUFBQUFBQUFBQUFBQUFBQUFBQUFBQUFBQUFBQUFBQUFBQUFBQUFBQUFBQUFBQUFBQUFBQUFBQUFBQUFBQUFBQUFBQUFBQUFBQUFBQUFBQUFBQUFBQUFBQUFBQUFBQUFBQUFBQUFBQUFBQUFBQUFBQUFBQUFBQUFBQUFBQUFBQUFBQUFBQUFBQUFBQUFBQUFBQUFBQUFBQUFBQUFBQUFBQUFBQUFBQUFBQUFBQUFBQUFBQUFBQUFBQUFBQUFBQUFBQUFBQUFBQUFBQUFBQUFBQUFBQUFBQUFBQUFBQUFBQUFBQUFBQUFBQUFBQUFBQUFBQUFBQUFBQUFBQUFBQUFBQUFBQUFBQUFBQUFBQUFBQUFBQUFBQUFBQUFBQUFBQUFBQUFBQUFBQUFBQUFBQUFBQUFBQUFBQUFBQUFBQUFBQUFBQUFBQUFBQUFBQUFBQUFBQUFBQUFBQUFBQUFBQUFBQUFBQUFBQUFBQUFBQUFBQUFBQUFBQUFBQUFBQUFBQUFBQUFBQUFBQUFBQUFBQUFBQUFBQUFBQUFBQUFBQUFBQUFBQUFBQUFBQUFBQUFBQUFBQUFBQUFBQUFBQUFBQUFBQUFBQUFBQUFBQUFBQUFBQUFBQUFBQUFBQUFBQUFBQUFBQUFBQUFBQUFBQUFBQUFBQUFBQUFBQUFBQUFBQUFBQUFBQUFBQUFBQUFBQUFBQUFBQUFBQUFBQUFBQUFBQUFBQUFBQUFBQUFBQUFBQUFBQUFBQUFBQUFBQUFBQUFBQUFBQUFBQUFBQUFBQUFBQUFBQUFBQUFBQUFBQUFBQUFBQUFBQUFBQUFBQUFBQUFBQUFBQUFBQUFBQUFBQUFBQUFBQUFBQUFBQUFBQUFBQUFBQUFBQUFBQUFBQUFBQUFBQUFBQUFBQUFBQUFBQUFBQUFBQUFBQUFBQUFBQUFBQUFBQUFBQUFBQUFBQUFBQUFBQUFBQUFBQUFBQUFBQUFBQUFBQUFBQUFBQUFBQUFBQUFBQUFBQUFBQUFBQUFBQUFBQUFBQUFBQUFBQUFBQUFBQUFBQUFBQUFBQUFBQUFBQUFBQUFBQUFBQUFBQUFBQUFBQUFBQUFBQUFBQUFBQUFBQUFBQUFBQUFBQUFBQUFBQUFBQUFBQUFBQUFBQUFBQUFBQUFBQUFBQUFBQUFBQUFBQUFBQUFBQUFBQUFBQUFBQUFBQUFBQUFBQUFBQUFBQUFBQUFBQUFBQUFBQUFBQUFBQUFBQUFBQUFBQUFBQUFBQUFBQUFBQUFBQUFBQUFBQUFBQUFBQUFBQUFBQUFBQUFBQUFBQUFBQUFBQUFBQUFBQUFBQUFBQUFBQUFBQUFBQUFBQUFBQUFBQUFBQUFBQUFBQUFBQUFBQUFBQUFBQUFBQUFBQUFBQUFBQUFBQUFBQUFBQUFBQUFBQUFBQUFBQUFBQUFBQUFBQUFBQUFBQUFBQUFBQUFBQUFBQUFBQUFBQUFBQUFBQUFBQUFBQUFBQUFBQUFBQUFBQUFBQUFBQUFBQUFBQUFBQUFBQUFBQUFBQUFBQUFBQUFBQUFBQUFBQUFBQUFBQUFBQUFBQUFBQUFBQUFBQUFBQUFBQUFBQUFBQUFBQUFBQUFBQUFBQUFBQUFBQUFBQUFBQUFBQUFBQUFBQUFBQUFBQUFBQUFBQUFBQUFBQUFBQUFBQUFBQUFBQUFBQUFBQUFBQUFBQUFBQUFBQUFBQUFBQUFBQUFBQUFBQUFBQUFBQUFBQUFBQUFBQUFBQUFBQUFBQUFBQUFBQUFBQUFBQUFBQUFBQUFBQUFBQUFBQUFBQUFBQUFBQUFBQUFBQUFBQUFBQUFBQUFBQUFBQUFBQUFBQUFBQUFBQUFBQUFBQUFBQUFBQUFBQUFBQUFBQUFBQUFBQUFBQUFBQUFBQUFBQUFBQUFBQUFBQUFBQUFBQUFBQUFBQUFBQUFBQUFBQUFBQUFBQUFBQUFBQUFBQUFBQUFBQUFBQUFBQUFBQUFBQUFBQUFBQUFBQUFBQUFBQUFBQUFBQUFBQUFBQUFBQUFBQUFBQUFBQUFBQUFBQUFBQUFBQUFBQUFBQUFBQUFBQUFBQUFBQUFBQUFBQUFBQUFBQUFBQUFBQUFBQUFBQUFBQUFBQUFBQUFBQUFBQUFBQUFBQUFBQUFBQUFBQUFBQUFBQUFBQUFBQUFBQUFBQUFBQUFBQUFBQUFBQUFBQUFBQUFBQUFBQUFBQUFBQUFBQUFBQUFBQUFBQUFBQUFBQUFBQUFBQUFBQUFBQUFBQUFBQUFBQUFBQUFBQUFBQUFBQUFBQUFBQUFBQUFBQUFBQUFBQUFBQUFBQUFBQUFBQUFBQUFBQUFBQUFBQUFBQUFBQUFBQUFBQUFBQUFBQUFBQUFBQUFBQUFBQUFBQUFBQUFBQUFBQUFBQUFBQUFBQUFBQUFBQUFBQUFBQUFBQUFBQUFBQUFBQUFBQUFBQUFBQUFBQUFBQUFBQUFBQUFBQUFBQUFBQUFBQUFBQUFBQUFBQUFBQUFBQUFBQUFBQUFBQUFBQUFBQUFBQUFBQUFBQUFBQUFBQUFBQUFBQUFBQUFBQUFBQUFBQUFBQUFBQUFBQUFBQUFBQUFBQUFBQUFBQUFBQUFBQUFBQUFBQUFBQUFBQUFBQUFBQUFBQUFBQUFBQUFBQUFBQUFBQUFBQUFBQUFBQUFBQUFBQUFBQUFBQUFBQUFBQUFBQUFBQUFBQUFBQUFBQUFBQUFBQUFBQUFBQUFBQUFBQUFBQUFBQUFBQUFBQUFBQUFBQUFBQUFBQUFBQUFBQUFBQUFBQUFBQUFBQUFBQUFBQUFBQUFBQUFBQUFBQUFBQUFBQUFBQUFBQUFBQUFBQUFBQUFBQUFBQUFBQUFBQUFBQUFBQUFBQUFBQUFBQUFBQUFBQUFBQUFBQUFBQUFBQUFBQUFBQUFBQUFBQUFBQUFBQUFBQUFBQUFBQUFBQUFBQUFBQUFBQUFBQUFBQUFBQUFBQUFBQUFBQUFBQUFBQUFBQUFBQUFBQUFBQUFBQUFBQUFBQUFBQUFBQUFBQUFBQUFBQUFBQUFBQUFBQUFBQUFBQUFBQUFBQUFBQUFBQUFBQUFBQUFBQUFBQUFBQUFBQUFBQUFBQUFBQUFBQUFBQUFBQUFBQUFBQUFBQUFBQUFBQUFBQUFBQUFBQUFBQUFBQUFBQUFBQUFBQUFBQUFBQUFBQUFBQUFBQUFBQUFBQUFBQUFBQUFBQUFBQUFBQUFBQUFBQUFBQUFBQUFBQUFBQUFBQUFBQUFBQUFBQUFBQUFBQUFBQUFBQUFBQUFBQUFBQUFBQUFBQUFBQUFBQUFBQUFBQUFBQUFBQUFBQUFBQUFBQUFBQUFBQUFBQUFBQUFBQUFBQUFBQUFBQUFBQUFBQUFBQUFBQUFBQUFBQUFBQUFBQUFBQUFBQUFBQUFBQUFBQUFBQUFBQUFBQUFBQUFBQUFBQUFBQUFBQUFBQUFBQUFBQUFBQUFBQUFBQUFBQUFBQUFBQUFBQUFBQUFBQUFBQUFBQUFBQUFBQUFBQUFBQUFBQUFBQUFBQUFBQUFBQUFBQUFBQUFBQUFBQUFBQUFBQUFBQUFBQUFBQUFBQUFBQUFBQUFBQUFBQUFBQUFBQUFBQUFBQUFBQUFBQUFBQUFBQUFBQUFBQUFBQUFBQUFBQUFBQUFBQUFBQUFBQUFBQUFBQUFBQUFBQUFBQUFBQUFBQUFBQUFBQUFBQUFBQUFBQUFBQUFBQUFBQUFBQUFBQUFBQUFBQUFBQUFBQUFBQUFBQUFBQUFBQUFBQUFBQUFBQUFBQUFBQUFBQUFBQUFBQUFBQUFBQUFBQUFBQUFBQUFBQUFBQUFBQUFBQUFBQUFBQUFBQUFBQUFBQUFBQUFBQUFBQUFBQUFBQUFBQUFBQUFBQUFBQUFBQUFBQUFBQUFBQUFBQUFBQUFBQUFBQUFBQUFBQUFBQUFBQUFBQUFBQUFBQUFBQUFBQUFBQUFBQUFBQUFBQUFBQUFBQUFBQUFBQUFBQUFBQUFBQUFBQUFBQUFBQUFBQUFBQUFBQUFBQUFBQUFBQUFBQUFBQUFBQUFBQUFBQUFBQUFBQUFBQUFBQUFBQUFBQUFBQUFBQUFBQUFBQUFBQUFBQUFBQUFBQUFBQUFBQUFBQUFBQUFBQUFBQUFBQUFBQUFBQUFBQUFBQUFBQUFBQUFBQUFBQUFBQUFBQUFBQUFBQUFBQUFBQUFBQUFBQUFBQUFBQUFBQUFBQUFBQUFBQUFBQUFBQUFBQUFBQUFBQUFBQUFBQUFBQUFBQUFBQUFBQUFBQUFBQUFBQUFBQUFBQUFBQUFBQUFBQUFBQUFBQUFBQUFBQUFBQUFBQUFBQUFBQUFBQUFBQUFBQUFBQUFBQUFBQUFBQUFBQUFBQUFBQUFBQUFBQUFBQUFBQUFBQUFBQUFBQUFBQUFBQUFBQUFBQUFBQUFBQUFBQUFBQUFBQUFBQUFBQUFBQUFBQUFBQUFBQUFBQUFBQUFBQUFBQUFBQUFBQUFBQUFBQUFBQUFBQUFBQUFBQUFBQUFBQUFBQUFBQUFBQUFBQUFBQUFBQUFBQUFBQUFBQUFBQUFBQUFBQUFBQUFBQUFBQUFBQUFBQUFBQUFBQUFBQUFBQUFBQUFBQUFBQUFBQUFBQUFBQUFBQUFBQUFBQUFBQUFBQUFBQUFBQUFBQUFBQUFBQUFBQUFBQUFBQUFBQUFBQUFBQUFBQUFBQUFBQUFBQUFBQUFBQUFBQUFBQUFBQUFBQUFBQUFBQUFBQUFBQUFBQUFBQUFBQUFBQUFBQUFBQUFBQUFBQUFBQUFBQUFBQUFBQUFBQUFBQUFBQUFBQUFBQUFBQUFBQUFBQUFBQUFBQUFBQUFBQUFBQUFBQUFBQUFBQUFBQUFBQUFBQUFBQUFBQUFBQUFBQUFBQUFBQUFBQUFBQUFBQUFBQUFBQUFBQUFBQUFBQUFBQUFBQUFBQUFBQUFBQUFBQUFBQUFBQUFBQUFBQUFBQUFBQUFBQUFBQUFBQUFBQUFBQUFBQUFBQUFBQUFBQUFBQUFBQUFBQUFBQUFBQUFBQUFBQUFBQUFBQUFBQUFBQUFBQUFBQUFBQUFBQUFBQUFBQUFBQUFBQUFBQUFBQUFBQUFBQUFBQUFBQUFBQUFBQUFBQUFBQUFBQUFBQUFBQUFBQUFBQUFBQUFBQUFBQUFBQUFBQUFBQUFBQUFBQUFBQUFBQUFBQUFBQUFBQUFBQUFBQUFBQUFBQUFBQUFBQUFBQUFBQUFBQUFBQUFBQUFBQUFBQUFBQUFBQUFBQUFBQUFBQUFBQUFBQUFBQUFBQUFBQUFBQUFBQUFBQUFBQUFBQUFBQUFBQUFBQUFBQUFBQUFBQUFBQUFBQUFBQUFBQUFBQUFBQUFBQUFBQUFBQUFBQUFBQUFBQUFBQUFBQUFBQUFBQUFBQUFBQUFBQUFBQUFBQUFBQUFBQUFBQUFBQUFBQUFBQUFBQUFBQUFBQUFBQUFBQUFBQUFBQUFBQUFBQUFBQUFBQUFBQUFBQUFBQUFBQUFBQUFBQUFBQUFBQUFBQUFBQUFBQUFBQUFBQUFBQUFBQUFBQUFBQUFBQUFBQUFBQUFBQUFBQUFBQUFBQUFBQUFBQUFBQUFBQUFBQUFBQUFBQUFBQUFBQUFBQUFBQUFBQUFBQUFBQUFBQUFBQUFBQUFBQUFBQUFBQUFBQUFBQUFBQUFBQUFBQUFBQUFBQUFBQUFBQUFBQUFBQUFBQUFBQUFBQUFBQUFBQUFBQUFBQUFBQUFBQUFBQUFBQUFBQUFBQUFBQUFBQUFBQUFBQUFBQUFBQUFBQUFBQUFBQUFBQUFBQUFBQUFBQUFBQUFBQUFBQUFBQUFBQUFBQUFBQUFBQUFBQUFBQUFBQUFBQUFBQUFBQUFBQUFBQUFBQUFBQUFBQUFBQUFBQUFBQUFBQUFBQUFBQUFBQUFBQUFBQUFBQUFBQUFBQUFBQUFBQUFBQUFBQUFBQUFBQUFBQUFBQUFBQUFBQUFBQUFBQUFBQUFBQUFBQUFBQUFBQUFBQUFBQUFBQUFBQUFBQUFBQUFBQUFBQUFBQUFBQUFBQUFBQUFBQUFBQUFBQUFBQUFBQUFBQUFBQUFBQUFBQUFBQUFBQUFBQUFBQUFBQUFBQUFBQUFBQUFBQUFBQUFBQUFBQUFBQUFBQUFBQUFBQUFBQUFBQUFBQUFBQUFBQUFBQUFBQUFBQUFBQUFBQUFBQUFBQUFBQUFBQUFBQUFBQUFBQUFBQUFBQUFBQUFBQUFBQUFBQUFBQUFBQUFBQUFBQUFBQUFBQUFBQUFBQUFBQUFBQUFBQUFBQUFBQUFBQUFBQUFBQUFBQUFBQUFBQUFBQUFBQUFBQUFBQUFBQUFBQUFBQUFBQUFBQUFBQUFBQUFBQUFBQUFBQUFBQUFBQUFBQUFBQUFBQUFBQUFBQUFBQUFBQUFBQUFBQUFBQUFBQUFBQUFBQUFBQUFBQUFBQUFBQUFBQUFBQUFBQUFBQUFBQUFBQUFBQUFBQUFBQUFBQUFBQUFBQUFBQUFBQUFBQUFBQUFBQUFBQUFBQUFBQUFBQUFBQUFBQUFBQUFBQUFBQUFBQUFBQUFBQUFBQUFBQUFBQUFBQUFBQUFBQUFBQUFBQUFBQUFBQUFBQUFBQUFBQUFBQUFBQUFBQUFBQUFBQUFBQUFBQUFBQUFBQUFBQUFBQUFBQUFBQUFBQUFBQUFBQUFBQUFBQUFBQUFBQUFBQUFBQUFBQUFBQUFBQUFBQUFBQUFBQUFBQUFBQUFBQUFBQUFBQUFBQUFBQUFBQUFBQUFBQUFBQUFBQUFBQUFBQUFBQUFBQUFBQUFBQUFBQUFBQUFBQUFBQUFBQUFBQUFBQUFBQUFBQUFBQUFBQUFBQUFBQUFBQUFBQUFBQUFBQUFBQUFBQUFBQUFBQUFBQUFBQUFBQUFBQUFBQUFBQUFBQUFBQUFBQUFBQUFBQUFBQUFBQUFBQUFBQUFBQUFBQUFBQUFBQUFBQUFBQUFBQUFBQUFBQUFBQUFBQUFBQUFBQUFBQUFBQUFBQUFBQUFBQUFBQUFBQUFBQUFBQUFBQUFBQUFBQUFBQUFBQUFBQUFBQUFBQUFBQUFBQUFBQUFBQUFBQUFBQUFBQUFBQUFBQUFBQUFBQUFBQUFBQUFBQUFBQUFBQUFBQUFBQUFBQUFBQUFBQUFBQUFBQUFBQUFBQUFBQUFBQUFBQUFBQUFBQUFBQUFBQUFBQUFBQUFBQUFBQUFBQUFBQUFBQUFBQUFBQUFBQUFBQUFBQUFBQUFBQUFBQUFBQUFBQUFBQUFBQUFBQUFBQUFBQUFBQUFBQUFBQUFBQUFBQUFBQUFBQUFBQUFBQUFBQUFBQUFBQUFBQUFBQUFBQUFBQUFBQUFBQUFBQUFBQUFBQUFBQUFBQUFBQUFBQUFBQUFBQUFBQUFBQUFBQUFBQUFBQUFBQUFBQUFBQUFBQUFBQUFBQUFBQUFBQUFBQUFBQUFBQUFBQUFBQUFBQUFBQUFBQUFBQUFBQUFBQUFBQUFBQUFBQUFBQUFBQUFBQUFBQUFBQUFBQUFBQUFBQUFBQUFBQUFBQUFBQUFBQUFBQUFBQUFBQUFBQUFBQUFBQUFBQUFBQUFBQUFBQUFBQUFBQUFBQUFBQUFBQUFBQUFBQUFBQUFBQUFBQUFBQUFBQUFBQUFBQUFBQUFBQUFBQUFBQUFBQUFBQUFBQUFBQUFBQUFBQUFBQUFBQUFBQUFBQUFBQUFBQUFBQUFBQUFBQUFBQUFBQUFBQUFBQUFBQUFBQUFBQUFBQUFBQUFBQUFBQUFBQUFBQUFBQUFBQUFBQUFBQUFBQUFBQUFBQUFBQUFBQUFBQUFBQUFBQUFBQUFBQUFBQUFBQUFBQUFBQUFBQUFBQUFBQUFBQUFBQUFBQUFBQUFBQUFBQUFBQUFBQUFBQUFBQUFBQUFBQUFBQUFBQUFBQUFBQUFBQUFBQUFBQUFBQUFBQUFBQUFBQUFBQUFBQUFBQUFBQUFBQUFBQUFBQUFBQUFBQUFBQUFBQUFBQUFBQUFBQUFBQUFBQUFBQUFBQUFBQUFBQUFBQUFBQUFBQUFBQUFBQUFBQUFBQUFBQUFBQUFBQUFBQUFBQUFBQUFBQUFBQUFBQUFBQUFBQUFBQUFBQUFBQUFBQUFBQUFBQUFBQUFBQUFBQUFBQUFBQUFBQUFBQUFBQUFBQUFBQUFBQUFBQUFBQUFBQUFBQUFBQUFBQUFBQUFBQUFBQUFBQUFBQUFBQUFBQUFBQUFBQUFBQUFBQUFBQUFBQUFBQUFBQUFBQUFBQUFBQUFBQUFBQUFBQUFBQUFBQUFBQUFBQUFBQUFBQUFBQUFBQUFBQUFBQUFBQUFBQUFBQUFBQUFBQUFBQUFBQUFBQUFBQUFBQUFBQUFBQUFBQUFBQUFBQUFBQUFBQUFBQUFBQUFBQUFBQUFBQUFBQUFBQUFBQUFBQUFBQUFBQUFBQUFBQUFBQUFBQUFBQUFBQUFBQUFBQUFBQUFBQUFBQUFBQUFBQUFBQUFBQUFBQUFBQUFBQUFBQUFBQUFBQUFBQUFBQUFBQUFBQUFBQUFBQUFBQUFBQUFBQUFBQUFBQUFBQUFBQUFBQUFBQUFBQUFBQUFBQUFBQUFBQUFBQUFBQUFBQUFBQUFBQUFBQUFBQUFBQUFBQUFBQUFBQUFBQUFBQUFBQUFBQUFBQUFBQUFBQUFBQUFBQUFBQUFBQUFBQUFBQUFBQUFBQUFBQUFBQUFBQUFBQUFBQUFBQUFBQUFBQUFBQUFBQUFBQUFBQUFBQUFBQUFBQUFBQUFBQUFBQUFBQUFBQUFBQUFBQUFBQUFBQUFBQUFBQUFBQUFBQUFBQUFBQUFBQUFBQUFBQUFBQUFBQUFBQUFBQUFBQUFBQUFBQUFBQUFBQUFBQUFBQUFBQUFBQUFBQUFBQUFBQUFBQUFBQUFBQUFBQUFBQUFBQUFBQUFBQUFBQUFBQUFBQUFBQUFBQUFBQUFBQUFBQUFBQUFBQUFBQUFBQUFBQUFBQUFBQUFBQUFBQUFBQUFBQUFBQUFBQUFBQUFBQUFBQUFBQUFBQUFBQUFBQUFBQUFBQUFBQUFBQUFBQUFBQUFBQUFBQUFBQUFBQUFBQUFBQUFBQUFBQUFBQUFBQUFBQUFBQUFBQUFBQUFBQUFBQUFBQUFBQUFBQUFBQUFBQUFBQUFBQUFBQUFBQUFBQUFBQUFBQUFBQUFBQUFBQUFBQUFBQUFBQUFBQUFBQUFBQUFBQUFBQUFBQUFBQUFBQUFBQUFBQUFBQUFBQUFBQUFBQUFBQUFBQUFBQUFBQUFBQUFBQUFBQUFBQUFBQUFBQUFBQUFBQUFBQUFBQUFBQUFBQUFBQUFBQUFBQUFBQUFBQUFBQUFBQUFBQUFBQUFBQUFBQUFBQUFBQUFBQUFBQUFBQUFBQUFBQUFBQUFBQUFBQUFBQUFBQUFBQUFBQUFBQUFBQUFBQUFBQUFBQUFBQUFBQUFBQUFBQUFBQUFBQUFBQUFBQUFBQUFBQUFBQUFBQUFBQUFBQUFBQUFBQUFBQUFBQUFBQUFBQUFBQUFBQUFBQUFBQUFBQUFBQUFBQUFBQUFBQUFBQUFBQUFBQUFBQUFBQUFBQUFBQUFBQUFBQUFBQUFBQUFBQUFBQUFBQUFBQUFBQUFBQUFBQUFBQUFBQUFBQUFBQUFBQUFBQUFBQUFBQUFBQUFBQUFBQUFBQUFBQUFBQUFBQUFBQUFBQUFBQUFBQUFBQUFBQUFBQUFBQUFBQUFBQUFBQUFBQUFBQUFBQUFBQUFBQUFBQUFBQUFBQUFBQUFBQUFBQUFBQUFBQUFBQUFBQUFBQUFBQUFBQUFBQUFBQUFBQUFBQUFBQUFBQUFBQUFBQUFBQUFBQUFBQUFBQUFBQUFBQUFBQUFBQUFBQUFBQUFBQUFBQUFBQUFBQUFBQUFBQUFBQUFBQUFBQUFBQUFBQUFBQUFBQUFBQUFBQUFBQUFBQUFBQUFBQUFBQUFBQUFBQUFBQUFBQUFBQUFBQUFBQUFBQUFBQUFBQUFBQUFBQUFBQUFBQUFBQUFBQUFBQUFBQUFBQUFBQUFBQUFBQUFBQUFBQUFBQUFBQUFBQUFBQUFBQUFBQUFBQUFBQUFBQUFBQUFBQUFBQUFBQUFBQUFBQUFBQUFBQUFBQUFBQUFBQUFBQUFBQUFBQUFBQUFBQUFBQUFBQUFBQUFBQUFBQUFBQUFBQUFBQUFBQUFBQUFBQUFBQUFBQUFBQUFBQUFBQUFBQUFBQUFBQUFBQUFBQUFBQUFBQUFBQUFBQUFBQUFBQUFBQUFBQUFBQUFBQUFBQUFBQUFBQUFBQUFBQUFBQUFBQUFBQUFBQUFBQUFBQUFBQUFBQUFBQUFBQUFBQUFBQUFBQUFBQUFBQUFBQUFBQUFBQUFBQUFBQUFBQUFBQUFBQUFBQUFBQUFBQUFBQUFBQUFBQUFBQUFBQUFBQUFBQUFBQUFBQUFBQUFBQUFBQUFBQUFBQUFBQUFBQUFBQUFBQUFBQUFBQUFBQUFBQUFBQUFBQUFBQUFBQUFBQUFBQUFBQUFBQUFBQUFBQUFBQUFBQUFBQUFBQUFBQUFBQUFBQUFBQUFBQUFBQUFBQUFBQUFBQUFBQUFBQUFBQUFBQUFBQUFBQUFBQUFBQUFBQUFBQUFBQUFBQUFBQUFBQUFBQUFBQUFBQUFBQUFBQUFBQUFBQUFBQUFBQUFBQUFBQUFBQUFBQUFBQUFBQUFBQUFBQUFBQUFBQUFBQUFBQUFBQUFBQUFBQUFBQUFBQUFBQUFBQUFBQUFBQUFBQUFBQUFBQUFBQUFBQUFBQUFBQUFBQUFBQUFBQUFBQUFBQUFBQUFBQUFBQUFBQUFBQUFBQUFBQUFBQUFBQUFBQUFBQUFBQUFBQUFBQUFBQUFBQUFBQUFBQUFBQUFBQUFBQUFBQUFBQUFBQUFBQUFBQUFBQUFBQUFBQUFBQUFBQUFBQUFBQUFBQUFBQUFBQUFBQUFBQUFBQUFBQUFBQUFBQUFBQUFBQUFBQUFBQUFBQUFBQUFBQUFBQUFBQUFBQUFBQUFBQUFBQUFBQUFBQUFBQUFBQUFBQUFBQUFBQUFBQUFBQUFBQUFBQUFBQUFBQUFBQUFBQUFBQUFBQUFBQUFBQUFBQUFBQUFBQUFBQUFBQUFBQUFBQUFBQUFBQUFBQUFBQUFBQUFBQUFBQUFBQUFBQUFBQUFBQUFBQUFBQUFBQUFBQUFBQUFBQUFBQUFBQUFBQUFBQUFBQUFBQUFBQUFBQUFBQUFBQUFBQUFBQUFBQUFBQUFBQUFBQUFBQUFBQUFBQUFBQUFBQUFBQUFBQUFBQUFBQUFBQUFBQUFBQUFBQUFBQUFBQUFBQUFBQUFBQUFBQUFBQUFBQUFBQUFBQUFBQUFBQUFBQUFBQUFBQUFBQUFBQUFBQUFBQUFBQUFBQUFBQUFBQUFBQUFBQUFBQUFBQUFBQUFBQUFBQUFBQUFBQUFBQUFBQUFBQUFBQUFBQUFBQUFBQUFBQUFBQUFBQUFBQUFBQUFBQUFBQUFBQUFBQUFBQUFBQUFBQUFBQUFBQUFBQUFBQUFBQUFBQUFBQUFBQUFBQUFBQUFBQUFBQUFBQUFBQUFBQUFBQUFBQUFBQUFBQUFBQUFBQUFBQUFBQUFBQUFBQUFBQUFBQUFBQUFBQUFBQUFBQUFBQUFBQUFBQUFBQUFBQUFBQUFBQUFBQUFBQUFBQUFBQUFBQUFBQUFBQUFBQUFBQUFBQUFBQUFBQUFBQUFBQUFBQUFBQUFBQUFBQUFBQUFBQUFBQUFBQUFBQUFBQUFBQUFBQUFBQUFBQUFBQUFBQUFBQUFBQUFBQUFBQUFBQUFBQUFBQUFBQUFBQUFBQUFBQUFBQUFBQUFBQUFBQUFBQUFBQUFBQUFBQUFBQUFBQUFBQUFBQUFBQUFBQUFBQUFBQUFBQUFBQUFBQUFBQUFBQUFBQUFBQUFBQUFBQUFBQUFBQUFBQUFBQUFBQUFBQUFBQUFBQUFBQUFBQUFBQUFBQUFBQUFBQUFBQUFBQUFBQUFBQUFBQUFBQUFBQUFBQUFBQUFBQUFBQUFBQUFBQUFBQUFBQUFBQUFBQUFBQUFBQUFBQUFBQUFBQUFBQUFBQUFBQUFBQUFBQUFBQUFBQUFBQUFBQUFBQUFBQUFBQUFBQUFBQUFBQUFBQUFBQUFBQUFBQUFBQUFBQUFBQUFBQUFBQUFBQUFBQUFBQUFBQUFBQUFBQUFBQUFBQUFBQUFBQUFBQUFBQUFBQUFBQUFBQUFBQUFBQUFBQUFBQUFBQUFBQUFBQUFBQUFBQUFBQUFBQUFBQUFBQUFBQUFBQUFBQUFBQUFBQUFBQUFBQUFBQUFBQUFBQUFBQUFBQUFBQUFBQUFBQUFBQUFBQUFBQUFBQUFBQUFBQUFBQUFBQUFBQUFBQUFBQUFBQUFBQUFBQUFBQUFBQUFBQUFBQUFBQUFBQUFBQUFBQUFBQUFBQUFBQUFBQUFBQUFBQUFBQUFBQUFBQUFBQUFBQUFBQUFBQUFBQUFBQUFBQUFBQUFBQUFBQUFBQUFBQUFBQUFBQUFBQUFBQUFBQUFBQUFBQUFBQUFBQUFBQUFBQUFBQUFBQUFBQUFBQUFBQUFBQUFBQUFBQUFBQUFBQUFBQUFBQUFBQUFBQUFBQUFBQUFBQUFBQUFBQUFBQUFBQUFBQUFBQUFBQUFBQUFBQUFBQUFBQUFBQUFBQUFBQUFBQUFBQUFBQUFBQUFBQUFBQUFBQUFBQUFBQUFBQUFBQUFBQUFBQUFBQUFBQUFBQUFBQUFBQUFBQUFBQUFBQUFBQUFBQUFBQUFBQUFBQUFBQUFBQUFBQUFBQUFBQUFBQUFBQUFBQUFBQUFBQUFBQUFBQUFBQUFBQUFBQUFBQUFBQUFBQUFBQUFBQUFBQUFBQUFBQUFBQUFBQUFBQUFBQUFBQUFBQUFBQUFBQUFBQUFBQUFBQUFBQUFBQUFBQUFBQUFBQUFBQUFBQUFBQUFBQUFBQUFBQUFBQUFBQUFBQUFBQUFBQUFBQUFBQUFBQUFBQUFBQUFBQUFBQUFBQUFBQUFBQUFBQUFBQUFBQUFBQUFBQUFBQUFBQUFBQUFBQUFBQUFBQUFBQUFBQUFBQUFBQUFBQUFBQUFBQUFBQUFBQUFBQUFBQUFBQUFBQUFBQUFBQUFBQUFBQUFBQUFBQUFBQUFBQUFBQUFBQUFBQUFBQUFBQUFBQUFBQUFBQUFBQUFBQUFBQUFBQUFBQUFBQUFBQUFBQUFBQUFBQUFBQUFBQUFBQUFBQUFBQUFBQUFBQUFBQUFBQUFBQUFBQUFBQUFBQUFBQUFBQUFBQUFBQUFBQUFBQUFBQUFBQUFBQUFBQUFBQUFBQUFBQUFBQUFBQUFBQUFBQUFBQUFBQUFBQUFBQUFBQUFBQUFBQUFBQUFBQUFBQUFBQUFBQUFBQUFBQUFBQUFBQUFBQUFBQUFBQUFBQUFBQUFBQUFBQUFBQUFBQUFBQUFBQUFBQUFBQUFBQUFBQUFBQUFBQUFBQUFBQUFBQUFBQUFBQUFBQUFBQUFBQUFBQUFBQUFBQUFBQUFBQUFBQUFBQUFBQUFBQUFBQUFBQUFBQUFBQUFBQUFBQUFBQUFBQUFBQUFBQUFBQUFBQUFBQUFBQUFBQUFBQUFBQUFBQUFBQUFBQUFBQUFBQUFBQUFBQUFBQUFBQUFBQUFBQUFBQUFBQUFBQUFBQUFBQUFBQUFBQUFBQUFBQUFBQUFBQUFBQUFBQUFBQUFBQUFBQUFBQUFBQUFBQUFBQUFBQUFBQUFBQUFBQUFBQUFBQUFBQUFBQUFBQUFBQUFBQUFBQUFBQUFBQUFBQUFBQUFBQUFBQUFBQUFBQUFBQUFBQUFBQUFBQUFBQUFBQUFBQUFBQUFBQUFBQUFBQUFBQUFBQUFBQUFBQUFBQUFBQUFBQUFBQUFBQUFBQUFBQUFBQUFBQUFBQUFBQUFBQUFBQUFBQUFBQUFBQUFBQUFBQUFBQUFBQUFBQUFBQUFBQUFBQUFBQUFBQUFBQUFBQUFBQUFBQUFBQUFBQUFBQUFBQUFBQUFBQUFBQUFBQUFBQUFBQUFBQUFBQUFBQUFBQUFBQUFBQUFBQUFBQUFBQUFBQUFBQUFBQUFBQUFBQUFBQUFBQUFBQUFBQUFBQUFBQUFBQUFBQUFBQUFBQUFBQUFBQUFBQUFBQUFBQUFBQUFBQUFBQUFBQUFBQUFBQUFBQUFBQUFBQUFBQUFBQUFBQUFBQUFBQUFBQUFBQUFBQUFBQUFBQUFBQUFBQUFBQUFBQUFBQUFBQUFBQUFBQUFBQUFBQUFBQUFBQUFBQUFBQUFBQUFBQUFBQUFBQUFBQUFBQUFBQUFBQUFBQUFBQUFBQUFBQUFBQUFBQUFBQUFBQUFBQUFBQUFBQUFBQUFBQUFBQUFBQUFBQUFBQUFBQUFBQUFBQUFBQUFBQUFBQUFBQUFBQUFBQUFBQUFBQUFBQUFBQUFBQUFBQUFBQUFBQUFBQUFBQUFBQUFBQUFBQUFBQUFBQUFBQUFBQUFBQUFBQUFBQUFBQUFBQUFBQUFBQUFBQUFBQUFBQUFBQUFBQUFBQUFBQUFBQUFBQUFBQUFBQUFBQUFBQUFBQUFBQUFBQUFBQUFBQUFBQUFBQUFBQUFBQUFBQUFBQUFBQUFBQUFBQUFBQUFBQUFBQUFBQUFBQUFBQUFBQUFBQUFBQUFBQUFBQUFBQUFBQUFBQUFBQUFBQUFBQUFBQUFBQUFBQUFBQUFBQUFBQUFBQUFBQUFBQUFBQUFBQUFBQUFBQUFBQUFBQUFBQUFBQUFBQUFBQUFBQUFBQUFBQUFBQUFBQUFBQUFBQUFBQUFBQUFBQUFBQUFBQUFBQUFBQUFBQUFBQUFBQUFBQUFBQUFBQUFBQUFBQUFBQUFBQUFBQUFBQUFBQUFBQUFBQUFBQUFBQUFBQUFBQUFBQUFBQUFBQUFBQUFBQUFBQUFBQUFBQUFBQUFBQUFBQUFBQUFBQUFBQUFBQUFBQUFBQUFBQUFBQUFBQUFBQUFBQUFBQUFBQUFBQUFBQUFBQUFBQUFBQUFBQUFBQUFBQUFBQUFBQUFBQUFBQUFBQUFBQUFBQUFBQUFBQUFBQUFBQUFBQUFBQUFBQUFBQUFBQUFBQUFBQUFBQUFBQUFBQUFBQUFBQUFBQUFBQUFBQUFBQUFBQUFBQUFBQUFBQUFBQUFBQUFBQUFBQUFBQUFBQUFBQUFBQUFBQUFBQUFBQUFBQUFBQUFBQUFBQUFBQUFBQUFBQUFBQUFBQUFBQUFBQUFBQUFBQUFBQUFBQUFBQUFBQUFBQUFBQUFBQUFBQUFBQUFBQUFBQUFBQUFBQUFBQUFBQUFBQUFBQUFBQUFBQUFBQUFBQUFBQUFBQUFBQUFBQUFBQUFBQUFBQUFBQUFBQUFBQUFBQUFBQUFBQUFBQUFBQUFBQUFBQUFBQUFBQUFBQUFBQUFBQUFBQUFBQUFBQUFBQUFBQUFBQUFBQUFBQUFBQUFBQUFBQUFBQUFBQUFBQUFBQUFBQUFBQUFBQUFBQUFBQUFBQUFBQUFBQUFBQUFBQUFBQUFBQUFBQUFBQUFBQUFBQUFBQUFBQUFBQUFBQUFBQUFBQUFBQUFBQUFBQUFBQUFBQUFBQUFBQUFBQUFBQUFBQUFBQUFBQUFBQUFBQUFBQUFBQUFBQUFBQUFBQUFBQUFBQUFBQUFBQUFBQUFBQUFBQUFBQUFBQUFBQUFBQUFBQUFBQUFBQUFBQUFBQUFBQUFBQUFBQUFBQUFBQUFBQUFBQUFBQUFBQUFBQUFBQUFBQUFBQUFBQUFBQUFBQUFBQUFBQUFBQUFBQUFBQUFBQUFBQUFBQUFBQUFBQUFBQUFBQUFBQUFBQUFBQUFBQUFBQUFBQUFBQUFBQUFBQUFBQUFBQUFBQUFBQUFBQUFBQUFBQUFBQUFBQUFBQUFBQUFBQUFBQUFBQUFBQUFBQUFBQUFBQUFBQUFBQUFBQUFBQUFBQUFBQUFBQUFBQUFBQUFBQUFBQUFBQUFBQUFBQUFBQUFBQUFBQUFBQUFBQUFBQUFBQUFBQUFBQUFBQUFBQUFBQUFBQUFBQUFBQUFBQUFBQUFBQUFBQUFBQUFBQUFBQUFBQUFBQUFBQUFBQUFBQUFBQUFBQUFBQUFBQUFBQUFBQUFBQUFBQUFBQUFBQUFBQUFBQUFBQUFBQUFBQUFBQUFBQUFBQUFBQUFBQUFBQUFBQUFBQUFBQUFBQUFBQUFBQUFBQUFBQUFBQUFBQUFBQUFBQUFBQUFBQUFBQUFBQUFBQUFBQUFBQUFBQUFBQUFBQUFBQUFBQUFBQUFBQUFBQUFBQUFBQUFBQUFBQUFBQUFBQUFBQUFBQUFBQUFBQUFBQUFBQUFBQUFBQUFBQUFBQUFBQUFBQUFBQUFBQUFBQUFBQUFBQUFBQUFBQUFBQUFBQUFBQUFBQUFBQUFBQUFBQUFBQUFBQUFBQUFBQUFBQUFBQUFBQUFBQUFBQUFBQUFBQUFBQUFBQUFBQUFBQUFBQUFBQUFBQUFBQUFBQUFBQUFBQUFBQUFBQUFBQUFBQUFBQUFBQUFBQUFBQUFBQUFBQUFBQUFBQUFBQUFBQUFBQUFBQUFBQUFBQUFBQUFBQUFBQUFBQUFBQUFBQUFBQUFBQUFBQUFBQUFBQUFBQUFBQUFBQUFBQUFBQUFBQUFBQUFBQUFBQUFBQUFBQUFBQUFBQUFBQUFBQUFBQUFBQUFBQUFBQUFBQUFBQUFBQUFBQUFBQUFBQUFBQUFBQUFBQUFBQUFBQUFBQUFBQUFBQUFBQUFBQUFBQUFBQUFBQUFBQUFBQUFBQUFBQUFBQUFBQUFBQUFBQUFBQUFBQUFBQUFBQUFBQUFBQUFBQUFBQUFBQUFBQUFBQUFBQUFBQUFBQUFBQUFBQUFBQUFBQUFBQUFBQUFBQUFBQUFBQUFBQUFBQUFBQUFBQUFBQUFBQUFBQUFBQUFBQUFBQUFBQUFBQUFBQUFBQUFBQUFBQUFBQUFBQUFBQUFBQUFBQUFBQUFBQUFBQUFBQUFBQUFBQUFBQUFBQUFBQUFBQUFBQUFBQUFBQUFBQUFBQUFBQUFBQUFBQUFBQUFBQUFBQUFBQUFBQUFBQUFBQUFBQUFBQUFBQUFBQUFBQUFBQUFBQUFBQUFBQUFBQUFBQUFBQUFBQUFBQUFBQUFBQUFBQUFBQUFBQUFBQUFBQUFBQUFBQUFBQUFBQUFBQUFBQUFBQUFBQUFBQUFBQUFBQUFBQUFBQUFBQUFBQUFBQUFBQUFBQUFBQUFBQUFBQUFBQUFBQUFBQUFBQUFBQUFBQUFBQUFBQUFBQUFBQUFBQUFBQUFBQUFBQUFBQUFBQUFBQUFBQUFBQUFBQUFBQUFBQUFBQUFBQUFBQUFBQUFBQUFBQUFBQUFBQUFBQUFBQUFBQUFBQUFBQUFBQUFBQUFBQUFBQUFBQUFBQUFBQUFBQUFBQUFBQUFBQUFBQUFBQUFBQUFBQUFBQUFBQUFBQUFBQUFBQUFBQUFBQUFBQUFBQUFBQUFBQUFBQUFBQUFBQUFBQUFBQUFBQUFBQUFBQUFBQUFBQUFBQUFBQUFBQUFBQUFBQUFBQUFBQUFBQUFBQUFBQUFBQUFBQUFBQUFBQUFBQUFBQUFBQUFBQUFBQUFBQUFBQUFBQUFBQUFBQUFBQUFBQUFBQUFBQUFBQUFBQUFBQUFBQUFBQUFBQUFBQUFBQUFBQUFBQUFBQUFBQUFBQUFBQUFBQUFBQUFBQUFBQUFBQUFBQUFBQUFBQUFBQUFBQUFBQUFBQUFBQUFBQUFBQUFBQUFBQUFBQUFBQUFBQUFBQUFBQUFBQUFBQUFBQUFBQUFBQUFBQUFBQUFBQUFBQUFBQUFBQUFBQUFBQUFBQUFBQUFBQUFBQUFBQUFBQUFBQUFBQUFBQUFBQUFBQUFBQUFBQUFBQUFBQUFBQUFBQUFBQUFBQUFBQUFBQUFBQUFBQUFBQUFBQUFBQUFBQUFBQUFBQUFBQUFBQUFBQUFBQUFBQUFBQUFBQUFBQUFBQUFBQUFBQUFBQUFBQUFBQUFBQUFBQUFBQUFBQUFBQUFBQUFBQUFBQUFBQUFBQUFBQUFBQUFBQUFBQUFBQUFBQUFBQUFBQUFBQUFBQUFBQUFBQUFBQUFBQUFBQUFBQUFBQUFBQUFBQUFBQUFBQUFBQUFBQUFBQUFBQUFBQUFBQUFBQUFBQUFBQUFBQUFBQUFBQUFBQUFBQUFBQUFBQUFBQUFBQUFBQUFBQUFBQUFBQUFBQUFBQUFBQUFBQUFBQUFBQUFBQUFBQUFBQUFBQUFBQUFBQUFBQUFBQUFBQUFBQUFBQUFBQUFBQUFBQUFBQUFBQUFBQUFBQUFBQUFBQUFBQUFBQUFBQUFBQUFBQUFBQUFBQUFBQUFBQUFBQUFBQUFBQUFBQUFBQUFBQUFBQUFBQUFBQUFBQUFBQUFBQUFBQUFBQUFBQUFBQUFBQUFBQUFBQUFBQUFBQUFBQUFBQUFBQUFBQUFBQUFBQUFBQUFBQUFBQUFBQUFBQUFBQUFBQUFBQUFBQUFBQUFBQUFBQUFBQUFBQUFBQUFBQUFBQUFBQUFBQUFBQUFBQUFBQUFBQUFBQUFBQUFBQUFBQUFBQUFBQUFBQUFBQUFBQUFBQUFBQUFBQUFBQUFBQUFBQUFBQUFBQUFBQUFBQUFBQUFBQUFBQUFBQUFBQUFBQUFBQUFBQUFBQUFBQUFBQUFBQUFBQUFBQUFBQUFBQUFBQUFBQUFBQUFBQUFBQUFBQUFBQUFBQUFBQUFBQUFBQUFBQUFBQUFBQUFBQUFBQUFBQUFBQUFBQUFBQUFBQUFBQUFBQUFBQUFBQUFBQUFBQUFBQUFBQUFBQUFBQUFBQUFBQUFBQUFBQUFBQUFBQUFBQUFBQUFBQUFBQUFBQUFBQUFBQUFBQUFBQUFBQUFBQUFBQUFBQUFBQUFBQUFBQUFBQUFBQUFBQUFBQUFBQUFBQUFBQUFBQUFBQUFBQUFBQUFBQUFBQUFBQUFBQUFBQUFBQUFBQUFBQUFBQUFBQUFBQUFBQUFBQUFBQUFBQUFBQUFBQUFBQUFBQUFBQUFBQUFBQUFBQUFBQUFBQUFBQUFBQUFBQUFBQUFBQUFBQUFBQUFBQUFBQUFBQUFBQUFBQUFBQUFBQUFBQUFBQUFBQUFBQUFBQUFBQUFBQUFBQUFBQUFBQUFBQUFBQUFBQUFBQUFBQUFBQUFBQUFBQUFBQUFBQUFBQUFBQUFBQUFBQUFBQUFBQUFBQUFBQUFBQUFBQUFBQUFBQUFBQUFBQUFBQUFBQUFBQUFBQUFBQUFBQUFBQUFBQUFBQUFBQUFBQUFBQUFBQUFBQUFBQUFBQUFBQUFBQUFBQUFBQUFBQUFBQUFBQUFBQUFBQUFBQUFBQUFBQUFBQUFBQUFBQUFBQUFBQUFBQUFBQUFBQUFBQUFBQUFBQUFBQUFBQUFBQUFBQUFBQUFBQUFBQUFBQUFBQUFBQUFBQUFBQUFBQUFBQUFBQUFBQUFBQUFBQUFBQUFBQUFBQUFBQUFBQUFBQUFBQUFBQUFBQUFBQUFBQUFBQUFBQUFBQUFBQUFBQUFBQUFBQUFBQUFBQUFBQUFBQUFBQUFBQUFBQUFBQUFBQUFBQUFBQUFBQUFBQUFBQUFBQUFBQUFBQUFBQUFBQUFBQUFBQUFBQUFBQUFBQUFBQUFBQUFBQUFBQUFBQUFBQUFBQUFBQUFBQUFBQUFBQUFBQUFBQUFBQUFBQUFBQUFBQUFBQUFBQUFBQUFBQUFBQUFBQUFBQUFBQUFBQUFBQUFBQUFBQUFBQUFBQUFBQUFBQUFBQUFBQUFBQUFBQUFBQUFBQUFBQUFBQUFBQUFBQUFBQUFBQUFBQUFBQUFBQUFBQUFBQUFBQUFBQUFBQUFBQUFBQUFBQUFBQUFBQUFBQUFBQUFBQUFBQUFBQUFBQUFBQUFBQUFBQUFBQUFBQUFBQUFBQUFBQUFBQUFBQUFBQUFBQUFBQUFBQUFBQUFBQUFBQUFBQUFBQUFBQUFBQUFBQUFBQUFBQUFBQUFBQUFBQUFBQUFBQUFBQUFBQUFBQUFBQUFBQUFBQUFBQUFBQUFBQUFBQUFBQUFBQUFBQUFBQUFBQUFBQUFBQUFBQUFBQUFBQUFBQUFBQUFBQUFBQUFBQUFBQUFBQUFBQUFBQUFBQUFBQUFBQUFBQUFBQUFBQUFBQUFBQUFBQUFBQUFBQUFBQUFBQUFBQUFBQUFBQUFBQUFBQUFBQUFBQUFBQUFBQUFBQUFBQUFBQUFBQUFBQUFBQUFBQUFBQUFBQUFBQUFBQUFBQUFBQUFBQUFBQUFBQUFBQUFBQUFBQUFBQUFBQUFBQUFBQUFBQUFBQUFBQUFBQUFBQUFBQUFBQUFBQUFBQUFBQUFBQUFBQUFBQUFBQUFBQUFBQUFBQUFBQUFBQUFBQUFBQUFBQUFBQUFBQUFBQUFBQUFBQUFBQUFBQUFBQUFBQUFBQUFBQUFBQUFBQUFBQUFBQUFBQUFBQUFBQUFBQUFBQUFBQUFBQUFBQUFBQUFBQUFBQUFBQUFBQUFBQUFBQUFBQUFBQUFBQUFBQUFBQUFBQUFBQUFBQUFBQUFBQUFBQUFBQUFBQUFBQUFBQUFBQUFBQUFBQUFBQUFBQUFBQUFBQUFBQUFBQUFBQUFBQUFBQUFBQUFBQUFBQUFBQUFBQUFBQUFBQUFBQUFBQUFBQUFBQUFBQUFBQUFBQUFBQUFBQUFBQUFBQUFBQUFBQUFBQUFBQUFBQUFBQUFBQUFBQUFBQUFBQUFBQUFBQUFBQUFBQUFBQUFBQUFBQUFBQUFBQUFBQUFBQUFBQUFBQUFBQUFBQUFBQUFBQUFBQUFBQUFBQUFBQUFBQUFBQUFBQUFBQUFBQUFBQUFBQUFBQUFBQUFBQUFBQUFBQUFBQUFBQUFBQUFBQUFBQUFBQUFBQUFBQUFBQUFBQUFBQUFBQUFBQUFBQUFBQUFBQUFBQUFBQUFBQUFBQUFBQUFBQUFBQUFBQUFBQUFBQUFBQUFBQUFBQUFBQUFBQUFBQUFBQUFBQUFBQUFBQUFBQUFBQUFBQUFBQUFBQUFBQUFBQUFBQUFBQUFBQUFBQUFBQUFBQUFBQUFBQUFBQUFBQUFBQUFBQUFBQUFBQUFBQUFBQUFBQUFBQUFBQUFBQUFBQUFBQUFBQUFBQUFBQUFBQUFBQUFBQUFBQUFBQUFBQUFBQUFBQUFBQUFBQUFBQUFBQUFBQUFBQUFBQUFBQUFBQUFBQUFBQUFBQUFBQUFBQUFBQUFBQUFBQUFBQUFBQUFBQUFBQUFBQUFBQUFBQUFBQUFBQUFBQUFBQUFBQUFBQUFBQUFBQUFBQUFBQUFBQUFBQUFBQUFBQUFBQUFBQUFBQUFBQUFBQUFBQUFBQUFBQUFBQUFBQUFBQUFBQUFBQUFBQUFBQUFBQUFBQUFBQUFBQUFBQUFBQUFBQUFBQUFBQUFBQUFBQUFBQUFBQUFBQUFBQUFBQUFBQUFBQUFBQUFBQUFBQUFBQUFBQUFBQUFBQUFBQUFBQUFBQUFBQUFBQUFBQUFBQUFBQUFBQUFBQUFBQUFBQUFBQUFBQUFBQUFBQUFBQUFBQUFBQUFBQUFBQUFBQUFBQUFBQUFBQUFBQUFBQUFBQUFBQUFBQUFBQUFBQUFBQUFBQUFBQUFBQUFBQUFBQUFBQUFBQUFBQUFBQUFBQUFBQUFBQUFBQUFBQUFBQUFBQUFBQUFBQUFBQUFBQUFBQUFBQUFBQUFBQUFBQUFBQUFBQUFBQUFBQUFBQUFBQUFBQUFBQUFBQUFBQUFBQUFBQUFBQUFBQUFBQUFBQUFBQUFBQUFBQUFBQUFBQUFBQUFBQUFBQUFBQUFBQUFBQUFBQUFBQUFBQUFBQUFBQUFBQUFBQUFBQUFBQUFBQUFBQUFBQUFBQUFBQUFBQUFBQUFBQUFBQUFBQUFBQUFBQUFBQUFBQUFBQUFBQUFBQUFBQUFBQUFBQUFBQUFBQUFBQUFBQUFBQUFBQUFBQUFBQUFBQUFBQUFBQUFBQUFBQUFBQUFBQUFBQUFBQUFBQUFBQUFBQUFBQUFBQUFBQUFBQUFBQUFBQUFBQUFBQUFBQUFBQUFBQUFBQUFBQUFBQUFBQUFBQUFBQUFBQUFBQUFBQUFBQUFBQUFBQUFBQUFBQUFBQUFBQUFBQUFBQUFBQUFBQUFBQUFBQUFBQUFBQUFBQUFBQUFBQUFBQUFBQUFBQUFBQUFBQUFBQUFBQUFBQUFBQUFBQUFBQUFBQUFBQUFBQUFBQUFBQUFBQUFBQUFBQUFBQUFBQUFBQUFBQUFBQUFBQUFBQUFBQUFBQUFBQUFBQUFBQUFBQUFBQUFBQUFBQUFBQUFBQUFBQUFBQUFBQUFBQUFBQUFBQUFBQUFBQUFBQUFBQUFBQUFBQUFBQUFBQUFBQUFBQUFBQUFBQUFBQUFBQUFBQUFBQUFBQUFBQUFBQUFBQUFBQUFBQUFBQUFBQUFBQUFBQUFBQUFBQUFBQUFBQUFBQUFBQUFBQUFBQUFBQUFBQUFBQUFBQUFBQUFBQUFBQUFBQUFBQUFBQUFBQUFBQUFBQUFBQUFBQUFBQUFBQUFBQUFBQUFBQUFBQUFBQUFBQUFBQUFBQUFBQUFBQUFBQUFBQUFBQUFBQUFBQUFBQUFBQUFBQUFBQUFBQUFBQUFBQUFBQUFBQUFBQUFBQUFBQUFBQUFBQUFBQUFBQUFBQUFBQUFBQUFBQUFBQUFBQUFBQUFBQUFBQUFBQUFBQUFBQUFBQUFBQUFBQUFBQUFBQUFBQUFBQUFBQUFBQUFBQUFBQUFBQUFBQUFBQUFBQUFBQUFBQUFBQUFBQUFBQUFBQUFBQUFBQUFBQUFBQUFBQUFBQUFBQUFBQUFBQUFBQUFBQUFBQUFBQUFBQUFBQUFBQUFBQUFBQUFBQUFBQUFBQUFBQUFBQUFBQUFBQUFBQUFBQUFBQUFBQUFBQUFBQUFBQUFBQUFBQUFBQUFBQUFBQUFBQUFBQUFBQUFBQUFBQUFBQUFBQUFBQUFBQUFBQUFBQUFBQUFBQUFBQUFBQUFBQUFBQUFBQUFBQUFBQUFBQUFBQUFBQUFBQUFBQUFBQUFBQUFBQUFBQUFBQUFBQUFBQUFBQUFBQUFBQUFBQUFBQUFBQUFBQUFBQUFBQUFBQUFBQUFBQUFBQUFBQUFBQUFBQUFBQUFBQUFBQUFBQUFBQUFBQUFBQUFBQUFBQUFBQUFBQUFBQUFBQUFBQUFBQUFBQUFBQUFBQUFBQUFBQUFBQUFBQUFBQUFBQUFBQUFBQUFBQUFBQUFBQUFBQUFBQUFBQUFBQUFBQUFBQUFBQUFBQUFBQUFBQUFBQUFBQUFBQUFBQUFBQUFBQUFBQUFBQUFBQUFBQUFBQUFBQUFBQUFBQUFBQUFBQUFBQUFBQUFBQUFBQUFBQUFBQUFBQUFBQUFBQUFBQUFBQUFBQUFBQUFBQUFBQUFBQUFBQUFBQUFBQUFBQUFBQUFBQUFBQUFBQUFBQUFBQUFBQUFBQUFBQUFBQUFBQUFBQUFBQUFBQUFBQUFBQUFBQUFBQUFBQUFBQUFBQUFBQUFBQUFBQUFBQUFBQUFBQUFBQUFBQUFBQUFBQUFBQUFBQUFBQUFBQUFBQUFBQUFBQUFBQUFBQUFBQUFBQUFBQUFBQUFBQUFBQUFBQUFBQUFBQUFBQUFBQUFBQUFBQUFBQUFBQUFBQUFBQUFBQUFBQUFBQUFBQUFBQUFBQUFBQUFBQUFBQUFBQUFBQUFBQUFBQUFBQUFBQUFBQUFBQUFBQUFBQUFBQUFBQUFBQUFBQUFBQUFBQUFBQUFBQUFBQUFBQUFBQUFBQUFBQUFBQUFBQUFBQUFBQUFBQUFBQUFBQUFBQUFBQUFBQUFBQUFBQUFBQUFBQUFBQUFBQUFBQUFBQUFBQUFBQUFBQUFBQUFBQUFBQUFBQUFBQUFBQUFBQUFBQUFBQUFBQUFBQUFBQUFBQUFBQUFBQUFBQUFBQUFBQUFBQUFBQUFBQUFBQUFBQUFBQUFBQUFBQUFBQUFBQUFBQUFBQUFBQUFBQUFBQUFBQUFBQUFBQUFBQUFBQUFBQUFBQUFBQUFBQUFBQUFBQUFBQUFBQUFBQUFBQUFBQUFBQUFBQUFBQUFBQUFBQUFBQUFBQUFBQUFBQUFBQUFBQUFBQUFBQUFBQUFBQUFBQUFBQUFBQUFBQUFBQUFBQUFBQUFBQUFBQUFBQUFBQUFBQUFBQUFBQUFBQUFBQUFBQUFBQUFBQUFBQUFBQUFBQUFBQUFBQUFBQUFBQUFBQUFBQUFBQUFBQUFBQUFBQUFBQUFBQUFBQUFBQUFBQUFBQUFBQUFBQUFBQUFBQUFBQUFBQUFBQUFBQUFBQUFBQUFBQUFBQUFBQUFBQUFBQUFBQUFBQUFBQUFBQUFBQUFBQUFBQUFBQUFBQUFBQUFBQUFBQUFBQUFBQUFBQUFBQUFBQUFBQUFBQUFBQUFBQUFBQUFBQUFBQUFBQUFBQUFBQUFBQUFBQUFBQUFBQUFBQUFBQUFBQUFBQUFBQUFBQUFBQUFBQUFBQUFBQUFBQUFBQUFBQUFBQUFBQUFBQUFBQUFBQUFBQUFBQUFBQUFBQUFBQUFBQUFBQUFBQUFBQUFBQUFBQUFBQUFBQUFBQUFBQUFBQUFBQUFBQUFBQUFBQUFBQUFBQUFBQUFBQUFBQUFBQUFBQUFBQUFBQUFBQUFBQUFBQUFBQUFBQUFBQUFBQUFBQUFBQUFBQUFBQUFBQUFBQUFBQUFBQUFBQUFBQUFBQUFBQUFBQUFBQUFBQUFBQUFBQUFBQUFBQUFBQUFBQUFBQUFBQUFBQUFBQUFBQUFBQUFBQUFBQUFBQUFBQUFBQUFBQUFBQUFBQUFBQUFBQUFBQUFBQUFBQUFBQUFBQUFBQUFBQUFBQUFBQUFBQUFBQUFBQUFBQUFBQUFBQUFBQUFBQUFBQUFBQUFBQUFBQUFBQUFBQUFBQUFBQUFBQUFBQUFBQUFBQUFBQUFBQUFBQUFBQUFBQUFBQUFBQUFBQUFBQUFBQUFBQUFBQUFBQUFBQUFBQUFBQUFBQUFBQUFBQUFBQUFBQUFBQUFBQUFBQUFBQUFBQUFBQUFBQUFBQUFBQUFBQUFBQUFBQUFBQUFBQUFBQUFBQUFBQUFBQUFBQUFBQUFBQUFBQUFBQUFBQUFBQUFBQUFBQUFBQUFBQUFBQUFBQUFBQUFBQUFBQUFBQUFBQUFBQUFBQUFBQUFBQUFBQUFBQUFBQUFBQUFBQUFBQUFBQUFBQUFBQUFBQUFBQUFBQUFBQUFBQUFBQUFBQUFBQUFBQUFBQUFBQUFBQUFBQUFBQUFBQUFBQUFBQUFBQUFBQUFBQUFBQUFBQUFBQUFBQUFBQUFBQUFBQUFBQUFBQUFBQUFBQUFBQUFBQUFBQUFBQUFBQUFBQUFBQUFBQUFBQUFBQUFBQUFBQUFBQUFBQUFBQUFBQUFBQUFBQUFBQUFBQUFBQUFBQUFBQUFBQUFBQUFBQUFBQUFBQUFBQUFBQUFBQUFBQUFBQUFBQUFBQUFBQUFBQUFBQUFBQUFBQUFBQUFBQUFBQUFBQUFBQUFBQUFBQUFBQUFBQUFBQUFBQUFBQUFBQUFBQUFBQUFBQUFBQUFBQUFBQUFBQUFBQUFBQUFBQUFBQUFBQUFBQUFBQUFBQUFBQUFBQUFBQUFBQUFBQUFBQUFBQUFBQUFBQUFBQUFBQUFBQUFBQUFBQUFBQUFBQUFBQUFBQUFBQUFBQUFBQUFBQUFBQUFBQUFBQUFBQUFBQUFBQUFBQUFBQUFBQUFBQUFBQUFBQUFBQUFBQUFBQUFBQUFBQUFBQUFBQUFBQUFBQUFBQUFBQUFBQUFBQUFBQUFBQUFBQUFBQUFBQUFBQUFBQUFBQUFBQUFBQUFBQUFBQUFBQUFBQUFBQUFBQUFBQUFBQUFBQUFBQUFBQUFBQUFBQUFBQUFBQUFBQUFBQUFBQUFBQUFBQUFBQUFBQUFBQUFBQUFBQUFBQUFBQUFBQUFBQUFBQUFBQUFBQUFBQUFBQUFBQUFBQUFBQUFBQUFBQUFBQUFBQUFBQUFBQUFBQUFBQUFBQUFBQUFBQUFBQUFBQUFBQUFBQUFBQUFBQUFBQUFBQUFBQUFBQUFBQUFBQUFBQUFBQUFBQUFBQUFBQUFBQUFBQUFBQUFBQUFBQUFBQUFBQUFBQUFBQUFBQUFBQUFBQUFBQUFBQUFBQUFBQUFBQUFBQUFBQUFBQUFBQUFBQUFBQUFBQUFBQUFBQUFBQUFBQUFBQUFBQUFBQUFBQUFBQUFBQUFBQUFBQUFBQUFBQUFBQUFBQUFBQUFBQUFBQUFBQUFBQUFBQUFBQUFBQUFBQUFBQUFBQUFBQUFBQUFBQUFBQUFBQUFBQUFBQUFBQUFBQUFBQUFBQUFBQUFBQUFBQUFBQUFBQUFBQUFBQUFBQUFBQUFBQUFBQUFBQUFBQUFBQUFBQUFBQUFBQUFBQUFBQUFBQUFBQUFBQUFBQUFBQUFBQUFBQUFBQUFBQUFBQUFBQUFBQUFBQUFBQUFBQUFBQUFBQUFBQUFBQUFBQUFBQUFBQUFBQUFBQUFBQUFBQUFBQUFBQUFBQUFBQUFBQUFBQUFBQUFBQUFBQUFBQUFBQUFBQUFBQUFBQUFBQUFBQUFBQUFBQUFBQUFBQUFBQUFBQUFBQUFBQUFBQUFBQUFBQUFBQUFBQUFBQUFBQUFBQUFBQUFBQUFBQUFBQUFBQUFBQUFBQUFBQUFBQUFBQUFBQUFBQUFBQUFBQUFBQUFBQUFBQUFBQUFBQUFBQUFBQUFBQUFBQUFBQUFBQUFBQUFBQUFBQUFBQUFBQUFBQUFBQUFBQUFBQUFBQUFBQUFBQUFBQUFBQUFBQUFBQUFBQUFBQUFBQUFBQUFBQUFBQUFBQUFBQUFBQUFBQUFBQUFBQUFBQUFBQUFBQUFBQUFBQUFBQUFBQUFBQUFBQUFBQUFBQUFBQUFBQUFBQUFBQUFBQUFBQUFBQUFBQUFBQUFBQUFBQUFBQUFBQUFBQUFBQUFBQUFBQUFBQUFBQUFBQUFBQUFBQUFBQUFBQUFBQUFBQUFBQUFBQUFBQUFBQUFBQUFBQUFBQUFBQUFBQUFBQUFBQUFBQUFBQUFBQUFBQUFBQUFBQUFBQUFBQUFBQUFBQUFBQUFBQUFBQUFBQUFBQUFBQUFBQUFBQUFBQUFBQUFBQUFBQUFBQUFBQUFBQUFBQUFBQUFBQUFBQUFBQUFBQUFBQUFBQUFBQUFBQUFBQUFBQUFBQUFBQUFBQUFBQUFBQUFBQUFBQUFBQUFBQUFBQUFBQUFBQUFBQUFBQUFBQUFBQUFBQUFBQUFBQUFBQUFBQUFBQUFBQUFBQUFBQUFBQUFBQUFBQUFBQUFBQUFBQUFBQUFBQUFBQUFBQUFBQUFBQUFBQUFBQUFBQUFBQUFBQUFBQUFBQUFBQUFBQUFBQUFBQUFBQUFBQUFBQUFBQUFBQUFBQUFBQUFBQUFBQUFBQUFBQUFBQUFBQUFBQUFBQUFBQUFBQUFBQUFBQUFBQUFBQUFBQUFBQUFBQUFBQUFBQUFBQUFBQUFBQUFBQUFBQUFBQUFBQUFBQUFBQUFBQUFBQUFBQUFBQUFBQUFBQUFBQUFBQUFBQUFBQUFBQUFBQUFBQUFBQUFBQUFBQUFBQUFBQUFBQUFBQUFBQUFBQUFBQUFBQUFBQUFBQUFBQUFBQUFBQUFBQUFBQUFBQUFBQUFBQUFBQUFBQUFBQUFBQUFBQUFBQUFBQUFBQUFBQUFBQUFBQUFBQUFBQUFBQUFBQUFBQUFBQUFBQUFBQUFBQUFBQUFBQUFBQUFBQUFBQUFBQUFBQUFBQUFBQUFBQUFBQUFBQUFBQUFBQUFBQUFBQUFBQUFBQUFBQUFBQUFBQUFBQUFBQUFBQUFBQUFBQUFBQUFBQUFBQUFBQUFBQUFBQUFBQUFBQUFBQUFBQUFBQUFBQUFBQUFBQUFBQUFBQUFBQUFBQUFBQUFBQUFBQUFBQUFBQUFBQUFBQUFBQUFBQUFBQUFBQUFBQUFBQUFBQUFBQUFBQUFBQUFBQUFBQUFBQUFBQUFBQUFBQUFBQUFBQUFBQUFBQUFBQUFBQUFBQUFBQUFBQUFBQUFBQUFBQUFBQUFBQUFBQUFBQUFBQUFBQUFBQUFBQUFBQUFBQUFBQUFBQUFBQUFBQUFBQUFBQUFBQUFBQUFBQUFBQUFBQUFBQUFBQUFBQUFBQUFBQUFBQUFBQUFBQUFBQUFBQUFBQUFBQUFBQUFBQUFBQUFBQUFBQUFBQUFBQUFBQUFBQUFBQUFBQUFBQUFBQUFBQUFBQUFBQUFBQUFBQUFBQUFBQUFBQUFBQUFBQUFBQUFBQUFBQUFBQUFBQUFBQUFBQUFBQUFBQUFBQUFBQUFBQUFBQUFBQUFBQUFBQUFBQUFBQUFBQUFBQUFBQUFBQUFBQUFBQUFBQUFBQUFBQUFBQUFBQUFBQUFBQUFBQUFBQUFBQUFBQUFBQUFBQUFBQUFBQUFBQUFBQUFBQUFBQUFBQUFBQUFBQUFBQUFBQUFBQUFBQUFBQUFBQUFBQUFBQUFBQUFBQUFBQUFBQUFBQUFBQUFBQUFBQUFBQUFBQUFBQUFBQUFBQUFBQUFBQUFBQUFBQUFBQUFBQUFBQUFBQUFBQUFBQUFBQUFBQUFBQUFBQUFBQUFBQUFBQUFBQUFBQUFBQUFBQUFBQUFBQUFBQUFBQUFBQUFBQUFBQUFBQUFBQUFBQUFBQUFBQUFBQUFBQUFBQUFBQUFBQUFBQUFBQUFBQUFBQUFBQUFBQUFBQUFBQUFBQUFBQUFBQUFBQUFBQUFBQUFBQUFBQUFBQUFBQUFBQUFBQUFBQUFBQUFBQUFBQUFBQUFBQUFBQUFBQUFBQUFBQUFBQUFBQUFBQUFBQUFBQUFBQUFBQUFBQUFBQUFBQUFBQUFBQUFBQUFBQUFBQUFBQUFBQUFBQUFBQUFBQUFBQUFBQUFBQUFBQUFBQUFBQUFBQUFBQUFBQUFBQUFBQUFBQUFBQUFBQUFBQUFBQUFBQUFBQUFBQUFBQUFBQUFBQUFBQUFBQUFBQUFBQUFBQUFBQUFBQUFBQUFBQUFBQUFBQUFBQUFBQUFBQUFBQUFBQUFBQUFBQUFBQUFBQUFBQUFBQUFBQUFBQUFBQUFBQUFBQUFBQUFBQUFBQUFBQUFBQUFBQUFBQUFBQUFBQUFBQUFBQUFBQUFBQUFBQUFBQUFBQUFBQUFBQUFBQUFBQUFBQUFBQUFBQUFBQUFBQUFBQUFBQUFBQUFBQUFBQUFBQUFBQUFBQUFBQUFBQUFBQUFBQUFBQUFBQUFBQUFBQUFBQUFBQUFBQUFBQUFBQUFBQUFBQUFBQUFBQUFBQUFBQUFBQUFBQUFBQUFBQUFBQUFBQUFBQUFBQUFBQUFBQUFBQUFBQUFBQUFBQUFBQUFBQUFBQUFBQUFBQUFBQUFBQUFBQUFBQUFBQUFBQUFBQUFBQUFBQUFBQUFBQUFBQUFBQUFBQUFBQUFBQUFBQUFBQUFBQUFBQUFBQUFBQUFBQUFBQUFBQUFBQUFBQUFBQUFBQUFBQUFBQUFBQUFBQUFBQUFBQUFBQUFBQUFBQUFBQUFBQUFBQUFBQUFBQUFBQUFBQUFBQUFBQUFBQUFBQUFBQUFBQUFBQUFBQUFBQUFBQUFBQUFBQUFBQUFBQUFBQUFBQUFBQUFBQUFBQUFBQUFBQUFBQUFBQUFBQUFBQUFBQUFBQUFBQUFBQUFBQUFBQUFBQUFBQUFBQUFBQUFBQUFBQUFBQUFBQUFBQUFBQUFBQUFBQUFBQUFBQUFBQUFBQUFBQUFBQUFBQUFBQUFBQUFBQUFBQUFBQUFBQUFBQUFBQUFBQUFBQUFBQUFBQUFBQUFBQUFBQUFBQUFBQUFBQUFBQUFBQUFBQUFBQUFBQUFBQUFBQUFBQUFBQUFBQUFBQUFBQUFBQUFBQUFBQUFBQUFBQUFBQUFBQUFBQUFBQUFBQUFBQUFBQUFBQUFBQUFBQUFBQUFBQUFBQUFBQUFBQUFBQUFBQUFBQUFBQUFBQUFBQUFBQUFBQUFBQUFBQUFBQUFBQUFBQUFBQUFBQUFBQUFBQUFBQUFBQUFBQUFBQUFBQUFBQUFBQUFBQUFBQUFBQUFBQUFBQUFBQUFBQUFBQUFBQUFBQUFBQUFBQUFBQUFBQUFBQUFBQUFBQUFBQUFBQUFBQUFBQUFBQUFBQUFBQUFBQUFBQUFBQUFBQUFBQUFBQUFBQUFBQUFBQUFBQUFBQUFBQUFBQUFBQUFBQUFBQUFBQUFBQUFBQUFBQUFBQUFBQUFBQUFBQUFBQUFBQUFBQUFBQUFBQUFBQUFBQUFBQUFBQUFBQUFBQUFBQUFBQUFBQUFBQUFBQUFBQUFBQUFBQUFBQUFBQUFBQUFBQUFBQUFBQUFBQUFBQUFBQUFBQUFBQUFBQUFBQUFBQUFBQUFBQUFBQUFBQUFBQUFBQUFBQUFBQUFBQUFBQUFBQUFBQUFBQUFBQUFBQUFBQUFBQUFBQUFBQUFBQUFBQUFBQUFBQUFBQUFBQUFBQUFBQUFBQUFBQUFBQUFBQUFBQUFBQUFBQUFBQUFBQUFBQUFBQUFBQUFBQUFBQUFBQUFBQUFBQUFBQUFBQUFBQUFBQUFBQUFBQUFBQUFBQUFBQUFBQUFBQUFBQUFBQUFBQUFBQUFBQUFBQUFBQUFBQUFBQUFBQUFBQUFBQUFBQUFBQUFBQUFBQUFBQUFBQUFBQUFBQUFBQUFBQUFBQUFBQUFBQUFBQUFBQUFBQUFBQUFBQUFBQUFBQUFBQUFBQUFBQUFBQUFBQUFBQUFBQUFBQUFBQUFBQUFBQUFBQUFBQUFBQUFBQUFBQUFBQUFBQUFBQUFBQUFBQUFBQUFBQUFBQUFBQUFBQUFBQUFBQUFBQUFBQUFBQUFBQUFBQUFBQUFBQUFBQUFBQUFBQUFBQUFBQUFBQUFBQUFBQUFBQUFBQUFBQUFBQUFBQUFBQUFBQUFBQUFBQUFBQUFBQUFBQUFBQUFBQUFBQUFBQUFBQUFBQUFBQUFBQUFBQUFBQUFBQUFBQUFBQUFBQUFBQUFBQUFBQUFBQUFBQUFBQUFBQUFBQUFBQUFBQUFBQUFBQUFBQUFBQUFBQUFBQUFBQUFBQUFBQUFBQUFBQUFBQUFBQUFBQUFBQUFBQUFBQUFBQUFBQUFBQUFBQUFBQUFBQUFBQUFBQUFBQUFBQUFBQUFBQUFBQUFBQUFBQUFBQUFBQUFBQUFBQUFBQUFBQUFBQUFBQUFBQUFBQUFBQUFBQUFBQUFBQUFBQUFBQUFBQUFBQUFBQUFBQUFBQUFBQUFBQUFBQUFBQUFBQUFBQUFBQUFBQUFBQUFBQUFBQUFBQUFBQUFBQUFBQUFBQUFBQUFBQUFBQUFBQUFBQUFBQUFBQUFBQUFBQUFBQUFBQUFBQUFBQUFBQUFBQUFBQUFBQUFBQUFBQUFBQUFBQUFBQUFBQUFBQUFBQUFBQUFBQUFBQUFBQUFBQUFBQUFBQUFBQUFBQUFBQUFBQUFBQUFBQUFBQUFBQUFBQUFBQUFBQUFBQUFBQUFBQUFBQUFBQUFBQUFBQUFBQUFBQUFBQUFBQUFBQUFBQUFBQUFBQUFBQUFBQUFBQUFBQUFBQUFBQUFBQUFBQUFBQUFBQUFBQUFBQUFBQUFBQUFBQUFBQUFBQUFBQUFBQUFBQUFBQUFBQUFBQUFBQUFBQUFBQUFBQUFBQUFBQUFBQUFBQUFBQUFBQUFBQUFBQUFBQUFBQUFBQUFBQUFBQUFBQUFBQUFBQUFBQUFBQUFBQUFBQUFBQUFBQUFBQUFBQUFBQUFBQUFBQUFBQUFBQUFBQUFBQUFBQUFBQUFBQUFBQUFBQUFBQUFBQUFBQUFBQUFBQUFBQUFBQUFBQUFBQUFBQUFBQUFBQUFBQUFBQUFBQUFBQUFBQUFBQUFBQUFBQUFBQUFBQUFBQUFBQUFBQUFBQUFBQUFBQUFBQUFBQUFBQUFBQUFBQUFBQUFBQUFBQUFBQUFBQUFBQUFBQUFBQUFBQUFBQUFBQUFBQUFBQUFBQUFBQUFBQUFBQUFBQUFBQUFBQUFBQUFBQUFBQUFBQUFBQUFBQUFBQUFBQUFBQUFBQUFBQUFBQUFBQUFBQUFBQUFBQUFBQUFBQUFBQUFBQUFBQUFBQUFBQUFBQUFBQUFBQUFBQUFBQUFBQUFBQUFBQUFBQUFBQUFBQUFBQUFBQUFBQUFBQUFBQUFBQUFBQUFBQUFBQUFBQUFBQUFBQUFBQUFBQUFBQUFBQUFBQUFBQUFBQUFBQUFBQUFBQUFBQUFBQUFBQUFBQUFBQUFBQUFBQUFBQUFBQUFBQUFBQUFBQUFBQUFBQUFBQUFBQUFBQUFBQUFBQUFBQUFBQUFBQUFBQUFBQUFBQUFBQUFBQUFBQUFBQUFBQUFBQUFBQUFBQUFBQUFBQUFBQUFBQUFBQUFBQUFBQUFBQUFBQUFBQUFBQUFBQUFBQUFBQUFBQUFBQUFBQUFBQUFBQUFBQUFBQUFBQUFBQUFBQUFBQUFBQUFBQUFBQUFBQUFBQUFBQUFBQUFBQUFBQUFBQUFBQUFBQUFBQUFBQUFBQUFBQUFBQUFBQUFBQUFBQUFBQUFBQUFBQUFBQUFBQUFBQUFBQUFBQUFBQUFBQUFBQUFBQUFBQUFBQUFBQUFBQUFBQUFBQUFBQUFBQUFBQUFBQUFBQUFBQUFBQUFBQUFBQUFBQUFBQUFBQUFBQUFBQUFBQUFBQUFBQUFBQUFBQUFBQUFBQUFBQUFBQUFBQUFBQUFBQUFBQUFBQUFBQUFBQUFBQUFBQUFBQUFBQUFBQUFBQUFBQUFBQUFBQUFBQUFBQUFBQUFBQUFBQUFBQUFBQUFBQUFBQUFBQUFBQUFBQUFBQUFBQUFBQUFBQUFBQUFBQUFBQUFBQUFBQUFBQUFBQUFBQUFBQUFBQUFBQUFBQUFBQUFBQUFBQUFBQUFBQUFBQUFBQUFBQUFBQUFBQUFBQUFBQUFBQUFBQUFBQUFBQUFBQUFBQUFBQUFBQUFBQUFBQUFBQUFBQUFBQUFBQUFBQUFBQUFBQUFBQUFBQUFBQUFBQUFBQUFBQUFBQUFBQUFBQUFBQUFBQUFBQUFBQUFBQUFBQUFBQUFBQUFBQUFBQUFBQUFBQUFBQUFBQUFBQUFBQUFBQUFBQUFBQUFBQUFBQUFBQUFBQUFBQUFBQUFBQUFBQUFBQUFBQUFBQUFBQUFBQUFBQUFBQUFBQUFBQUFBQUFBQUFBQUFBQUFBQUFBQUFBQUFBQUFBQUFBQUFBQUFBQUFBQUFBQUFBQUFBQUFBQUFBQUFBQUFBQUFBQUFBQUFBQUFBQUFBQUFBQUFBQUFBQUFBQUFBQUFBQUFBQUFBQUFBQUFBQUFBQUFBQUFBQUFBQUFBQUFBQUFBQUFBQUFBQUFBQUFBQUFBQUFBQUFBQUFBQUFBQUFBQUFBQUFBQUFBQUFBQUFBQUFBQUFBQUFBQUFBQUFBQUFBQUFBQUFBQUFBQUFBQUFBQUFBQUFBQUFBQUFBQUFBQUFBQUFBQUFBQUFBQUFBQUFBQUFBQUFBQUFBQUFBQUFBQUFBQUFBQUFBQUFBQUFBQUFBQUFBQUFBQUFBQUFBQUFBQUFBQUFBQUFBQUFBQUFBQUFBQUFBQUFBQUFBQUFBQUFBQUFBQUFBQUFBQUFBQUFBQUFBQUFBQUFBQUFBQUFBQUFBQUFBQUFBQUFBQUFBQUFBQUFBQUFBQUFBQUFBQUFBQUFBQUFBQUFBQUFBQUFBQUFBQUFBQUFBQUFBQUFBQUFBQUFBQUFBQUFBQUFBQUFBQUFBQUFBQUFBQUFBQUFBQUFBQUFBQUFBQUFBQUFBQUFBQUFBQUFBQUFBQUFBQUFBQUFBQUFBQUFBQUFBQUFBQUFBQUFBQUFBQUFBQUFBQUFBQUFBQUFBQUFBQUFBQUFBQUFBQUFBQUFBQUFBQUFBQUFBQUFBQUFBQUFBQUFBQUFBQUFBQUFBQUFBQUFBQUFBQUFBQUFBQUFBQUFBQUFBQUFBQUFBQUFBQUFBQUFBQUFBQUFBQUFBQUFBQUFBQUFBQUFBQUFBQUFBQUFBQUFBQUFBQUFBQUFBQUFBQUFBQUFBQUFBQUFBQUFBQUFBQUFBQUFBQUFBQUFBQUFBQUFBQUFBQUFBQUFBQUFBQUFBQUFBQUFBQUFBQUFBQUFBQUFBQUFBQUFBQUFBQUFBQUFBQUFBQUFBQUFBQUFBQUFBQUFBQUFBQUFBQUFBQUFBQUFBQUFBQUFBQUFBQUFBQUFBQUFBQUFBQUFBQUFBQUFBQUFBQUFBQUFBQUFBQUFBQUFBQUFBQUFBQUFBQUFBQUFBQUFBQUFBQUFBQUFBQUFBQUFBQUFBQUFBQUFBQUFBQUFBQUFBQUFBQUFBQUFBQUFBQUFBQUFBQUFBQUFBQUFBQUFBQUFBQUFBQUFBQUFBQUFBQUFBQUFBQUFBQUFBQUFBQUFBQUFBQUFBQUFBQUFBQUFBQUFBQUFBQUFBQUFBQUFBQUFBQUFBQUFBQUFBQUFBQUFBQUFBQUFBQUFBQUFBQUFBQUFBQUFBQUFBQUFBQUFBQUFBQUFBQUFBQUFBQUFBQUFBQUFBQUFBQUFBQUFBQUFBQUFBQUFBQUFBQUFBQUFBQUFBQUFBQUFBQUFBQUFBQUFBQUFBQUFBQUFBQUFBQUFBQUFBQUFBQUFBQUFBQUFBQUFBQUFBQUFBQUFBQUFBQUFBQUFBQUFBQUFBQUFBQUFBQUFBQUFBQUFBQUFBQUFBQUFBQUFBQUFBQUFBQUFBQUFBQUFBQUFBQUFBQUFBQUFBQUFBQUFBQUFBQUFBQUFBQUFBQUFBQUFBQUFBQUFBQUFBQUFBQUFBQUFBQUFBQUFBQUFBQUFBQUFBQUFBQUFBQUFBQUFBQUFBQUFBQUFBQUFBQUFBQUFBQUFBQUFBQUFBQUFBQUFBQUFBQUFBQUFBQUFBQUFBQUFBQUFBQUFBQUFBQUFBQUFBQUFBQUFBQUFBQUFBQUFBQUFBQUFBQUFBQUFBQUFBQUFBQUFBQUFBQUFBQUFBQUFBQUFBQUFBQUFBQUFBQUFBQUFBQUFBQUFBQUFBQUFBQUFBQUFBQUFBQUFBQUFBQUFBQUFBQUFBQUFBQUFBQUFBQUFBQUFBQUFBQUFBQUFBQUFBQUFBQUFBQUFBQUFBQUFBQUFBQUFBQUFBQUFBQUFBQUFBQUFBQUFBQUFBQUFBQUFBQUFBQUFBQUFBQUFBQUFBQUFBQUFBQUFBQUFBQUFBQUFBQUFBQUFBQUFBQUFBQUFBQUFBQUFBQUFBQUFBQUFBQUFBQUFBQUFBQUFBQUFBQUFBQUFBQUFBQUFBQUFBQUFBQUFBQUFBQUFBQUFBQUFBQUFBQUFBQUFBQUFBQUFBQUFBQUFBQUFBQUFBQUFBQUFBQUFBQUFBQUFBQUFBQUFBQUFBQUFBQUFBQUFBQUFBQUFBQUFBQUFBQUFBQUFBQUFBQUFBQUFBQUFBQUFBQUFBQUFBQUFBQUFBQUFBQUFBQUFBQUFBQUFBQUFBQUFBQUFBQUFBQUFBQUFBQUFBQUFBQUFBQUFBQUFBQUFBQUFBQUFBQUFBQUFBQUFBQUFBQUFBQUFBQUFBQUFBQUFBQUFBQUFBQUFBQUFBQUFBQUFBQUFBQUFBQUFBQUFBQUFBQUFBQUFBQUFBQUFBQUFBQUFBQUFBQUFBQUFBQUFBQUFBQUFBQUFBQUFBQUFBQUFBQUFBQUFBQUFBQUFBQUFBQUFBQUFBQUFBQUFBQUFBQUFBQUFBQUFBQUFBQUFBQUFBQUFBQUFBQUFBQUFBQUFBQUFBQUFBQUFBQUFBQUFBQUFBQUFBQUFBQUFBQUFBQUFBQUFBQUFBQUFBQUFBQUFBQUFBQUFBQUFBQUFBQUFBQUFBQUFBQUFBQUFBQUFBQUFBQUFBQUFBQUFBQUFBQUFBQUFBQUFBQUFBQUFBQUFBQUFBQUFBQUFBQUFBQUFBQUFBQUFBQUFBQUFBQUFBQUFBQUFBQUFBQUFBQUFBQUFBQUFBQUFBQUFBQUFBQUFBQUFBQUFBQUFBQUFBQUFBQUFBQUFBQUFBQUFBQUFBQUFBQUFBQUFBQUFBQUFBQUFBQUFBQUFBQUFBQUFBQUFBQUFBQUFBQUFBQUFBQUFBQUFBQUFBQUFBQUFBQUFBQUFBQUFBQUFBQUFBQUFBQUFBQUFBQUFBQUFBQUFBQUFBQUFBQUFBQUFBQUFBQUFBQUFBQUFBQUFBQUFBQUFBQUFBQUFBQUFBQUFBQUFBQUFBQUFBQUFBQUFBQUFBQUFBQUFBQUFBQUFBQUFBQUFBQUFBQUFBQUFBQUFBQUFBQUFBQUFBQUFBQUFBQUFBQUFBQUFBQUFBQUFBQUFBQUFBQUFBQUFBQUFBQUFBQUFBQUFBQUFBQUFBQUFBQUFBQUFBQUFBQUFBQUFBQUFBQUFBQUFBQUFBQUFBQUFBQUFBQUFBQUFBQUFBQUFBQUFBQUFBQUFBQUFBQUFBQUFBQUFBQUFBQUFBQUFBQUFBQUFBQUFBQUFBQUFBQUFBQUFBQUFBQUFBQUFBQUFBQUFBQUFBQUFBQUFBQUFBQUFBQUFBQUFBQUFBQUFBQUFBQUFBQUFBQUFBQUFBQUFBQUFBQUFBQUFBQUFBQUFBQUFBQUFBQUFBQUFBQUFBQUFBQUFBQUFBQUFBQUFBQUFBQUFBQUFBQUFBQUFBQUFBQUFBQUFBQUFBQUFBQUFBQUFBQUFBQUFBQUFBQUFBQUFBQUFBQUFBQUFBQUFBQUFBQUFBQUFBQUFBQUFBQUFBQUFBQUFBQUFBQUFBQUFBQUFBQUFBQUFBQUFBQUFBQUFBQUFBQUFBQUFBQUFBQUFBQUFBQUFBQUFBQUFBQUFBQUFBQUFBQUFBQUFBQUFBQUFBQUFBQUFBQUFBQUFBQUFBQUFBQUFBQUFBQUFBQUFBQUFBQUFBQUFBQUFBQUFBQUFBQUFBQUFBQUFBQUFBQUFBQUFBQUFBQUFBQUFBQUFBQUFBQUFBQUFBQUFBQUFBQUFBQUFBQUFBQUFBQUFBQUFBQUFBQUFBQUFBQUFBQUFBQUFBQUFBQUFBQUFBQUFBQUFBQUFBQUFBQUFBQUFBQUFBQUFBQUFBQUFBQUFBQUFBQUFBQUFBQUFBQUFBQUFBQUFBQUFBQUFBQUFBQUFBQUFBQUFBQUFBQUFBQUFBQUFBQUFBQUFBQUFBQUFBQUFBQUFBQUFBQUFBQUFBQUFBQUFBQUFBQUFBQUFBQUFBQUFBQUFBQUFBQUFBQUFBQUFBQUFBQUFBQUFBQUFBQUFBQUFBQUFBQUFBQUFBQUFBQUFBQUFBQUFBQUFBQUFBQUFBQUFBQUFBQUFBQUFBQUFBQUFBQUFBQUFBQUFBQUFBQUFBQUFBQUFBQUFBQUFBQUFBQUFBQUFBQUFBQUFBQUFBQUFBQUFBQUFBQUFBQUFBQUFBQUFBQUFBQUFBQUFBQUFBQUFBQUFBQUFBQUFBQUFBQUFBQUFBQUFBQUFBQUFBQUFBQUFBQUFBQUFBQUFBQUFBQUFBQUFBQUFBQUFBQUFBQUFBQUFBQUFBQUFBQUFBQUFBQUFBQUFBQUFBQUFBQUFBQUFBQUFBQUFBQUFBQUFBQUFBQUFBQUFBQUFBQUFBQUFBQUFBQUFBQUFBQUFBQUFBQUFBQUFBQUFBQUFBQUFBQUFBQUFBQUFBQUFBQUFBQUFBQUFBQUFBQUFBQUFBQUFBQUFBQUFBQUFBQUFBQUFBQUFBQUFBQUFBQUFBQUFBQUFBQUFBQUFBQUFBQUFBQUFBQUFBQUFBQUFBQUFBQUFBQUFBQUFBQUFBQUFBQUFBQUFBQUFBQUFBQUFBQUFBQUFBQUFBQUFBQUFBQUFBQUFBQUFBQUFBQUFBQUFBQUFBQUFBQUFBQUFBQUFBQUFBQUFBQUFBQUFBQUFBQUFBQUFBQUFBQUFBQUFBQUFBQUFBQUFBQUFBQUFBQUFBQUFBQUFBQUFBQUFBQUFBQUFBQUFBQUFBQUFBQUFBQUFBQUFBQUFBQUFBQUFBQUFBQUFBQUFBQUFBQUFBQUFBQUFBQUFBQUFBQUFBQUFBQUFBQUFBQUFBQUFBQUFBQUFBQUFBQUFBQUFBQUFBQUFBQUFBQUFBQUFBQUFBQUFBQUFBQUFBQUFBQUFBQUFBQUFBQUFBQUFBQUFBQUFBQUFBQUFBQUFBQUFBQUFBQUFBQUFBQUFBQUFBQUFBQUFBQUFBQUFBQUFBQUFBQUFBQUFBQUFBQUFBQUFBQUFBQUFBQUFBQUFBQUFBQUFBQUFBQUFBQUFBQUFBQUFBQUFBQUFBQUFBQUFBQUFBQUFBQUFBQUFBQUFBQUFBQUFBQUFBQUFBQUFBQUFBQUFBQUFBQUFBQUFBQUFBQUFBQUFBQUFBQUFBQUFBQUFBQUFBQUFBQUFBQUFBQUFBQUFBQUFBQUFBQUFBQUFBQUFBQUFBQUFBQUFBQUFBQUFBQUFBQUFBQUFBQUFBQUFBQUFBQUFBQUFBQUFBQUFBQUFBQUFBQUFBQUFBQUFBQUFBQUFBQUFBQUFBQUFBQUFBQUFBQUFBQUFBQUFBQUFBQUFBQUFBQUFBQUFBQUFBQUFBQUFBQUFBQUFBQUFBQUFBQUFBQUFBQUFBQUFBQUFBQUFBQUFBQUFBQUFBQUFBQUFBQUFBQUFBQUFBQUFBQUFBQUFBQUFBQUFBQUFBQUFBQUFBQUFBQUFBQUFBQUFBQUFBQUFBQUFBQUFBQUFBQUFBQUFBQUFBQUFBQUFBQUFBQUFBQUFBQUFBQUFBQUFBQUFBQUFBQUFBQUFBQUFBQUFBQUFBQUFBQUFBQUFBQUFBQUFBQUFBQUFBQUFBQUFBQUFBQUFBQUFBQUFBQUFBQUFBQUFBQUFBQUFBQUFBQUFBQUFBQUFBQUFBQUFBQUFBQUFBQUFBQUFBQUFBQUFBQUFBQUFBQUFBQUFBQUFBQUFBQUFBQUFBQUFBQUFBQUFBQUFBQUFBQUFBQUFBQUFBQUFBQUFBQUFBQUFBQUFBQUFBQUFBQUFBQUFBQUFBQUFBQUFBQUFBQUFBQUFBQUFBQUFBQUFBQUFBQUFBQUFBQUFBQUFBQUFBQUFBQUFBQUFBQUFBQUFBQUFBQUFBQUFBQUFBQUFBQUFBQUFBQUFBQUFBQUFBQUFBQUFBQUFBQUFBQUFBQUFBQUFBQUFBQUFBQUFBQUFBQUFBQUFBQUFBQUFBQUFBQUFBQUFBQUFBQUFBQUFBQUFBQUFBQUFBQUFBQUFBQUFBQUFBQUFBQUFBQUFBQUFBQUFBQUFBQUFBQUFBQUFBQUFBQUFBQUFBQUFBQUFBQUFBQUFBQUFBQUFBQUFBQUFBQUFBQUFBQUFBQUFBQUFBQUFBQUFBQUFBQUFBQUFBQUFBQUFBQUFBQUFBQUFBQUFBQUFBQUFBQUFBQUFBQUFBQUFBQUFBQUFBQUFBQUFBQUFBQUFBQUFBQUFBQUFBQUFBQUFBQUFBQUFBQUFBQUFBQUFBQUFBQUFBQUFBQUFBQUFBQUFBQUFBQUFBQUFBQUFBQUFBQUFBQUFBQUFBQUFBQUFBQUFBQUFBQUFBQUFBQUFBQUFBQUFBQUFBQUFBQUFBQUFBQUFBQUFBQUFBQUFBQUFBQUFBQUFBQUFBQUFBQUFBQUFBQUFBQUFBQUFBQUFBQUFBQUFBQUFBQUFBQUFBQUFBQUFBQUFBQUFBQUFBQUFBQUFBQUFBQUFBQUFBQUFBQUFBQUFBQUFBQUFBQUFBQUFBQUFBQUFBQUFBQUFBQUFBQUFBQUFBQUFBQUFBQUFBQUFBQUFBQUFBQUFBQUFBQUFBQUFBQUFBQUFBQUFBQUFBQUFBQUFBQUFBQUFBQUFBQUFBQUFBQUFBQUFBQUFBQUFBQUFBQUFBQUFBQUFBQUFBQUFBQUFBQUFBQUFBQUFBQUFBQUFBQUFBQUFBQUFBQUFBQUFBQUFBQUFBQUFBQUFBQUFBQUFBQUFBQUFBQUFBQUFBQUFBQUFBQUFBQUFBQUFBQUFBQUFBQUFBQUFBQUFBQUFBQUFBQUFBQUFBQUFBQUFBQUFBQUFBQUFBQUFBQUFBQUFBQUFBQUFBQUFBQUFBQUFBQUFBQUFBQUFBQUFBQUFBQUFBQUFBQUFBQUFBQUFBQUFBQUFBQUFBQUFBQUFBQUFBQUFBQUFBQUFBQUFBQUFBQUFBQUFBQUFBQUFBQUFBQUFBQUFBQUFBQUFBQUFBQUFBQUFBQUFBQUFBQUFBQUFBQUFBQUFBQUFBQUFBQUFBQUFBQUFBQUFBQUFBQUFBQUFBQUFBQUFBQUFBQUFBQUFBQUFBQUFBQUFBQUFBQUFBQUFBQUFBQUFBQUFBQUFBQUFBQUFBQUFBQUFBQUFBQUFBQUFBQUFBQUFBQUFBQUFBQUFBQUFBQUFBQUFBQUFBQUFBQUFBQUFBQUFBQUFBQUFBQUFBQUFBQUFBQUFBQUFBQUFBQUFBQUFBQUFBQUFBQUFBQUFBQUFBQUFBQUFBQUFBQUFBQUFBQUFBQUFBQUFBQUFBQUFBQUFBQUFBQUFBQUFBQUFBQUFBQUFBQUFBQUFBQUFBQUFBQUFBQUFBQUFBQUFBQUFBQUFBQUFBQUFBQUFBQUFBQUFBQUFBQUFBQUFBQUFBQUFBQUFBQUFBQUFBQUFBQUFBQUFBQUFBQUFBQUFBQUFBQUFBQUFBQUFBQUFBQUFBQUFBQUFBQUFBQUFBQUFBQUFBQUFBQUFBQUFBQUFBQUFBQUFBQUFBQUFBQUFBQUFBQUFBQUFBQUFBQUFBQUFBQUFBQUFBQUFBQUFBQUFBQUFBQUFBQUFBQUFBQUFBQUFBQUFBQUFBQUFBQUFBQUFBQUFBQUFBQUFBQUFBQUFBQUFBQUFBQUFBQUFBQUFBQUFBQUFBQUFBQUFBQUFBQUFBQUFBQUFBQUFBQUFBQUFBQUFBQUFBQUFBQUFBQUFBQUFBQUFBQUFBQUFBQUFBQUFBQUFBQUFBQUFBQUFBQUFBQUFBQUFBQUFBQUFBQUFBQUFBQUFBQUFBQUFBQUFBQUFBQUFBQUFBQUFBQUFBQUFBQUFBQUFBQUFBQUFBQUFBQUFBQUFBQUFBQUFBQUFBQUFBQUFBQUFBQUFBQUFBQUFBQUFBQUFBQUFBQUFBQUFBQUFBQUFBQUFBQUFBQUFBQUFBQUFBQUFBQUFBQUFBQUFBQUFBQUFBQUFBQUFBQUFBQUFBQUFBQUFBQUFBQUFBQUFBQUFBQUFBQUFBQUFBQUFBQUFBQUFBQUFBQUFBQUFBQUFBQUFBQUFBQUFBQUFBQUFBQUFBQUFBQUFBQUFBQUFBQUFBQUFBQUFBQUFBQUFBQUFBQUFBQUFBQUFBQUFBQUFBQUFBQUFBQUFBQUFBQUFBQUFBQUFBQUFBQUFBQUFBQUFBQUFBQUFBQUFBQUFBQUFBQUFBQUFBQUFBQUFBQUFBQUFBQUFBQUFBQUFBQUFBQUFBQUFBQUFBQUFBQUFBQUFBQUFBQUFBQUFBQUFBQUFBQUFBQUFBQUFBQUFBQUFBQUFBQUFBQUFBQUFBQUFBQUFBQUFBQUFBQUFBQUFBQUFBQUFBQUFBQUFBQUFBQUFBQUFBQUFBQUFBQUFBQUFBQUFBQUFBQUFBQUFBQUFBQUFBQUFBQUFBQUFBQUFBQUFBQUFBQUFBQUFBQUFBQUFBQUFBQUFBQUFBQUFBQUFBQUFBQUFBQUFBQUFBQUFBQUFBQUFBQUFBQUFBQUFBQUFBQUFBQUFBQUFBQUFBQUFBQUFBQUFBQUFBQUFBQUFBQUFBQUFBQUFBQUFBQUFBQUFBQUFBQUFBQUFBQUFBQUFBQUFBQUFBQUFBQUFBQUFBQUFBQUFBQUFBQUFBQUFBQUFBQUFBQUFBQUFBQUFBQUFBQUFBQUFBQUFBQUFBQUFBQUFBQUFBQUFBQUFBQUFBQUFBQUFBQUFBQUFBQUFBQUFBQUFBQUFBQUFBQUFBQUFBQUFBQUFBQUFBQUFBQUFBQUFBQUFBQUFBQUFBQUFBQUFBQUFBQUFBQUFBQUFBQUFBQUFBQUFBQUFBQUFBQUFBQUFBQUFBQUFBQUFBQUFBQUFBQUFBQUFBQUFBQUFBQUFBQUFBQUFBQUFBQUFBQUFBQUFBQUFBQUFBQUFBQUFBQUFBQUFBQUFBQUFBQUFBQUFBQUFBQUFBQUFBQUFBQUFBQUFBQUFBQUFBQUFBQUFBQUFBQUFBQUFBQUFBQUFBQUFBQUFBQUFBQUFBQUFBQUFBQUFBQUFBQUFBQUFBQUFBQUFBQUFBQUFBQUFBQUFBQUFBQUFBQUFBQUFBQUFBQUFBQUFBQUFBQUFBQUFBQUFBQUFBQUFBQUFBQUFBQUFBQUFBQUFBQUFBQUFBQUFBQUFBQUFBQUFBQUFBQUFBQUFBQUFBQUFBQUFBQUFBQUFBQUFBQUFBQUFBQUFBQUFBQUFBQUFBQUFBQUFBQUFBQUFBQUFBQUFBQUFBQUFBQUFBQUFBQUFBQUFBQUFBQUFBQUFBQUFBQUFBQUFBQUFBQUFBQUFBQUFBQUFBQUFBQUFBQUFBQUFBQUFBQUFBQUFBQUFBQUFBQUFBQUFBQUFBQUFBQUFBQUFBQUFBQUFBQUFBQUFBQUFBQUFBQUFBQUFBQUFBQUFBQUFBQUFBQUFBQUFBQUFBQUFBQUFBQUFBQUFBQUFBQUFBQUFBQUFBQUFBQUFBQUFBQUFBQUFBQUFBQUFBQUFBQUFBQUFBQUFBQUFBQUFBQUFBQUFBQUFBQUFBQUFBQUFBQUFBQUFBQUFBQUFBQUFBQUFBQUFBQUFBQUFBQUFBQUFBQUFBQUFBQUFBQUFBQUFBQUFBQUFBQUFBQUFBQUFBQUFBQUFBQUFBQUFBQUFBQUFBQUFBQUFBQUFBQUFBQUFBQUFBQUFBQUFBQUFBQUFBQUFBQUFBQUFBQUFBQUFBQUFBQUFBQUFBQUFBQUFBQUFBQUFBQUFBQUFBQUFBQUFBQUFBQUFBQUFBQUFBQUFBQUFBQUFBQUFBQUFBQUFBQUFBQUFBQUFBQUFBQUFBQUFBQUFBQUFBQUFBQUFBQUFBQUFBQUFBQUFBQUFBQUFBQUFBQUFBQUFBQUFBQUFBQUFBQUFBQUFBQUFBQUFBQUFBQUFBQUFBQUFBQUFBQUFBQUFBQUFBQUFBQUFBQUFBQUFBQUFBQUFBQUFBQUFBQUFBQUFBQUFBQUFBQUFBQUFBQUFBQUFBQUFBQUFBQUFBQUFBQUFBQUFBQUFBQUFBQUFBQUFBQUFBQUFBQUFBQUFBQUFBQUFBQUFBQUFBQUFBQUFBQUFBQUFBQUFBQUFBQUFBQUFBQUFBQUFBQUFBQUFBQUFBQUFBQUFBQUFBQUFBQUFBQUFBQUFBQUFBQUFBQUFBQUFBQUFBQUFBQUFBQUFBQUFBQUFBQUFBQUFBQUFBQUFBQUFBQUFBQUFBQUFBQUFBQUFBQUFBQUFBQUFBQUFBQUFBQUFBQUFBQUFBQUFBQUFBQUFBQUFBQUFBQUFBQUFBQUFBQUFBQUFBQUFBQUFBQUFBQUFBQUFBQUFBQUFBQUFBQUFBQUFBQUFBQUFBQUFBQUFBQUFBQUFBQUFBQUFBQUFBQUFBQUFBQUFBQUFBQUFBQUFBQUFBQUFBQUFBQUFBQUFBQUFBQUFBQUFBQUFBQUFBQUFBQUFBQUFBQUFBQUFBQUFBQUFBQUFBQUFBQUFBQUFBQUFBQUFBQUFBQUFBQUFBQUFBQUFBQUFBQUFBQUFBQUFBQUFBQUFBQUFBQUFBQUFBQUFBQUFBQUFBQUFBQUFBQUFBQUFBQUFBQUFBQUFBQUFBQUFBQUFBQUFBQUFBQUFBQUFBQUFBQUFBQUFBQUFBQUFBQUFBQUFBQUFBQUFBQUFBQUFBQUFBQUFBQUFBQUFBQUFBQUFBQUFBQUFBQUFBQUFBQUFBQUFBQUFBQUFBQUFBQUFBQUFBQUFBQUFBQUFBQUFBQUFBQUFBQUFBQUFBQUFBQUFBQUFBQUFBQUFBQUFBQUFBQUFBQUFBQUFBQUFBQUFBQUFBQUFBQUFBQUFBQUFBQUFBQUFBQUFBQUFBQUFBQUFBQUFBQUFBQUFBQUFBQUFBQUFBQUFBQUFBQUFBQUFBQUFBQUFBQUFBQUFBQUFBQUFBQUFBQUFBQUFBQUFBQUFBQUFBQUFBQUFBQUFBQUFBQUFBQUFBQUFBQUFBQUFBQUFBQUFBQUFBQUFBQUFBQUFBQUFBQUFBQUFBQUFBQUFBQUFBQUFBQUFBQUFBQUFBQUFBQUFBQUFBQUFBQUFBQUFBQUFBQUFBQUFBQUFBQUFBQUFBQUFBQUFBQUFBQUFBQUFBQUFBQUFBQUFBQUFBQUFBQUFBQUFBQUFBQUFBQUFBQUFBQUFBQUFBQUFBQUFBQUFBQUFBQUFBQUFBQUFBQUFBQUFBQUFBQUFBQUFBQUFBQUFBQUFBQUFBQUFBQUFBQUFBQUFBQUFBQUFBQUFBQUFBQUFBQUFBQUFBQUFBQUFBQUFBQUFBQUFBQUFBQUFBQUFBQUFBQUFBQUFBQUFBQUFBQUFBQUFBQUFBQUFBQUFBQUFBQUFBQUFBQUFBQUFBQUFBQUFBQUFBQUFBQUFBQUFBQUFBQUFBQUFBQUFBQUFBQUFBQUFBQUFBQUFBQUFBQUFBQUFBQUFBQUFBQUFBQUFBQUFBQUFBQUFBQUFBQUFBQUFBQUFBQUFBQUFBQUFBQUFBQUFBQUFBQUFBQUFBQUFBQUFBQUFBQUFBQUFBQUFBQUFBQUFBQUFBQUFBQUFBQUFBQUFBQUFBQUFBQUFBQUFBQUFBQUFBQUFBQUFBQUFBQUFBQUFBQUFBQUFBQUFBQUFBQUFBQUFBQUFBQUFBQUFBQUFBQUFBQUFBQUFBQUFBQUFBQUFBQUFBQUFBQUFBQUFBQUFBQUFBQUFBQUFBQUFBQUFBQUFBQUFBQUFBQUFBQUFBQUFBQUFBQUFBQUFBQUFBQUFBQUFBQUFBQUFBQUFBQUFBQUFBQUFBQUFBQUFBQUFBQUFBQUFBQUFBQUFBQUFBQUFBQUFBQUFBQUFBQUFBQUFBQUFBQUFBQUFBQUFBQUFBQUFBQUFBQUFBQUFBQUFBQUFBQUFBQUFBQUFBQUFBQUFBQUFBQUFBQUFBQUFBQUFBQUFBQUFBQUFBQUFBQUFBQUFBQUFBQUFBQUFBQUFBQUFBQUFBQUFBQUFBQUFBQUFBQUFBQUFBQUFBQUFBQUFBQUFBQUFBQUFBQUFBQUFBQUFBQUFBQUFBQUFBQUFBQUFBQUFBQUFBQUFBQUFBQUFBQUFBQUFBQUFBQUFBQUFBQUFBQUFBQUFBQUFBQUFBQUFBQUFBQUFBQUFBQUFBQUFBQUFBQUFBQUFBQUFBQUFBQUFBQUFBQUFBQUFBQUFBQUFBQUFBQUFBQUFBQUFBQUFBQUFBQUFBQUFBQUFBQUFBQUFBQUFBQUFBQUFBQUFBQUFBQUFBQUFBQUFBQUFBQUFBQUFBQUFBQUFBQUFBQUFBQUFBQUFBQUFBQUFBQUFBQUFBQUFBQUFBQUFBQUFBQUFBQUFBQUFBQUFBQUFBQUFBQUFBQUFBQUFBQUFBQUFBQUFBQUFBQUFBQUFBQUFBQUFBQUFBQUFBQUFBQUFBQUFBQUFBQUFBQUFBQUFBQUFBQUFBQUFBQUFBQUFBQUFBQUFBQUFBQUFBQUFBQUFBQUFBQUFBQUFBQUFBQUFBQUFBQUFBQUFBQUFBQUFBQUFBQUFBQUFBQUFBQUFBQUFBQUFBQUFBQUFBQUFBQUFBQUFBQUFBQUFBQUFBQUFBQUFBQUFBQUFBQUFBQUFBQUFBQUFBQUFBQUFBQUFBQUFBQUFBQUFBQUFBQUFBQUFBQUFBQUFBQUFBQUFBQUFBQUFBQUFBQUFBQUFBQUFBQUFBQUFBQUFBQUFBQUFBQUFBQUFBQUFBQUFBQUFBQUFBQUFBQUFBQUFBQUFBQUFBQUFBQUFBQUFBQUFBQUFBQUFBQUFBQUFBQUFBQUFBQUFBQUFBQUFBQUFBQUFBQUFBQUFBQUFBQUFBQUFBQUFBQUFBQUFBQUFBQUFBQUFBQUFBQUFBQUFBQUFBQUFBQUFBQUFBQUFBQUFBQUFBQUFBQUFBQUFBQUFBQUFBQUFBQUFBQUFBQUFBQUFBQUFBQUFBQUFBQUFBQUFBQUFBQUFBQUFBQUFBQUFBQUFBQUFBQUFBQUFBQUFBQUFBQUFBQUFBQUFBQUFBQUFBQUFBQUFBQUFBQUFBQUFBQUFBQUFBQUFBQUFBQUFBQUFBQUFBQUFBQUFBQUFBQUFBQUFBQUFBQUFBQUFBQUFBQUFBQUFBQUFBQUFBQUFBQUFBQUFBQUFBQUFBQUFBQUFBQUFBQUFBQUFBQUFBQUFBQUFBQUFBQUFBQUFBQUFBQUFBQUFBQUFBQUFBQUFBQUFBQUFBQUFBQUFBQUFBQUFBQUFBQUFBQUFBQUFBQUFBQUFBQUFBQUFBQUFBQUFBQUFBQUFBQUFBQUFBQUFBQUFBQUFBQUFBQUFBQUFBQUFBQUFBQUFBQUFBQUFBQUFBQUFBQUFBQUFBQUFBQUFBQUFBQUFBQUFBQUFBQUFBQUFBQUFBQUFBQUFBQUFBQUFBQUFBQUFBQUFBQUFBQUFBQUFBQUFBQUFBQUFBQUFBQUFBQUFBQUFBQUFBQUFBQUFBQUFBQUFBQUFBQUFBQUFBQUFBQUFBQUFBQUFBQUFBQUFBQUFBQUFBQUFBQUFBQUFBQUFBQUFBQUFBQUFBQUFBQUFBQUFBQUFBQUFBQUFBQUFBQUFBQUFBQUFBQUFBQUFBQUFBQUFBQUFBQUFBQUFBQUFBQUFBQUFBQUFBQUFBQUFBQUFBQUFBQUFBQUFBQUFBQUFBQUFBQUFBQUFBQUFBQUFBQUFBQUFBQUFBQUFBQUFBQUFBQUFBQUFBQUFBQUFBQUFBQUFBQUFBQUFBQUFBQUFBQUFBQUFBQUFBQUFBQUFBQUFBQUFBQUFBQUFBQUFBQUFBQUFBQUFBQUFBQUFBQUFBQUFBQUFBQUFBQUFBQUFBQUFBQUFBQUFBQUFBQUFBQUFBQUFBQUFBQUFBQUFBQUFBQUFBQUFBQUFBQUFBQUFBQUFBQUFBQUFBQUFBQUFBQUFBQUFBQUFBQUFBQUFBQUFBQUFBQUFBQUFBQUFBQUFBQUFBQUFBQUFBQUFBQUFBQUFBQUFBQUFBQUFBQUFBQUFBQUFBQUFBQUFBQUFBQUFBQUFBQUFBQUFBQUFBQUFBQUFBQUFBQUFBQUFBQUFBQUFBQUFBQUFBQUFBQUFBQUFBQUFBQUFBQUFBQUFBQUFBQUFBQUFBQUFBQUFBQUFBQUFBQUFBQUFBQUFBQUFBQUFBQUFBQUFBQUFBQUFBQUFBQUFBQUFBQUFBQUFBQUFBQUFBQUFBQUFBQUFBQUFBQUFBQUFBQUFBQUFBQUFBQUFBQUFBQUFBQUFBQUFBQUFBQUFBQUFBQUFBQUFBQUFBQUFBQUFBQUFBQUFBQUFBQUFBQUFBQUFBQUFBQUFBQUFBQUFBQUFBQUFBQUFBQUFBQUFBQUFBQUFBQUFBQUFBQUFBQUFBQUFBQUFBQUFBQUFBQUFBQUFBQUFBQUFBQUFBQUFBQUFBQUFBQUFBQUFBQUFBQUFBQUFBQUFBQUFBQUFBQUFBQUFBQUFBQUFBQUFBQUFBQUFBQUFBQUFBQUFBQUFBQUFBQUFBQUFBQUFBQUFBQUFBQUFBQUFBQUFBQUFBQUFBQUFBQUFBQUFBQUFBQUFBQUFBQUFBQUFBQUFBQUFBQUFBQUFBQUFBQUFBQUFBQUFBQUFBQUFBQUFBQUFBQUFBQUFBQUFBQUFBQUFBQUFBQUFBQUFBQUFBQUFBQUFBQUFBQUFBQUFBQUFBQUFBQUFBQUFBQUFBQUFBQUFBQUFBQUFBQUFBQUFBQUFBQUFBQUFBQUFBQUFBQUFBQUFBQUFBQUFBQUFBQUFBQUFBQUFBQUFBQUFBQUFBQUFBQUFBQUFBQUFBQUFBQUFBQUFBQUFBQUFBQUFBQUFBQUFBQUFBQUFBQUFBQUFBQUFBQUFBQUFBQUFBQUFBQUFBQUFBQUFBQUFBQUFBQUFBQUFBQUFBQUFBQUFBQUFBQUFBQUFBQUFBQUFBQUFBQUFBQUFBQUFBQUFBQUFBQUFBQUFBQUFBQUFBQUFBQUFBQUFBQUFBQUFBQUFBQUFBQUFBQUFBQUFBQUFBQUFBQUFBQUFBQUFBQUFBQUFBQUFBQUFBQUFBQUFBQUFBQUFBQUFBQUFBQUFBQUFBQUFBQUFBQUFBQUFBQUFBQUFBQUFBQUFBQUFBQUFBQUFBQUFBQUFBQUFBQUFBQUFBQUFBQUFBQUFBQUFBQUFBQUFBQUFBQUFBQUFBQUFBQUFBQUFBQUFBQUFBQUFBQUFBQUFBQUFBQUFBQUFBQUFBQUFBQUFBQUFBQUFBQUFBQUFBQUFBQUFBQUFBQUFBQUFBQUFBQUFBQUFBQUFBQUFBQUFBQUFBQUFBQUFBQUFBQUFBQUFBQUFBQUFBQUFBQUFBQUFBQUFBQUFBQUFBQUFBQUFBQUFBQUFBQUFBQUFBQUFBQUFBQUFBQUFBQUFBQUFBQUFBQUFBQUFBQUFBQUFBQUFBQUFBQUFBQUFBQUFBQUFBQUFBQUFBQUFBQUFBQUFBQUFBQUFBQUFBQUFBQUFBQUFBQUFBQUFBQUFBQUFBQUFBQUFBQUFBQUFBQUFBQUFBQUFBQUFBQUFBQUFBQUFBQUFBQUFBQUFBQUFBQUFBQUFBQUFBQUFBQUFBQUFBQUFBQUFBQUFBQUFBQUFBQUFBQUFBQUFBQUFBQUFBQUFBQUFBQUFBQUFBQUFBQUFBQUFBQUFBQUFBQUFBQUFBQUFBQUFBQUFBQUFBQUFBQUFBQUFBQUFBQUFBQUFBQUFBQUFBQUFBQUFBQUFBQUFBQUFBQUFBQUFBQUFBQUFBQUFBQUFBQUFBQUFBQUFBQUFBQUFBQUFBQUFBQUFBQUFBQUFBQUFBQUFBQUFBQUFBQUFBQUFBQUFBQUFBQUFBQUFBQUFBQUFBQUFBQUFBQUFBQUFBQUFBQUFBQUFBQUFBQUFBQUFBQUFBQUFBQUFBQUFBQUFBQUFBQUFBQUFBQUFBQUFBQUFBQUFBQUFBQUFBQUFBQUFBQUFBQUFBQUFBQUFBQUFBQUFBQUFBQUFBQUFBQUFBQUFBQUFBQUFBQUFBQUFBQUFBQUFBQUFBQUFBQUFBQUFBQUFBQUFBQUFBQUFBQUFBQUFBQUFBQUFBQUFBQUFBQUFBQUFBQUFBQUFBQUFBQUFBQUFBQUFBQUFBQUFBQUFBQUFBQUFBQUFBQUFBQUFBQUFBQUFBQUFBQUFBQUFBQUFBQUFBQUFBQUFBQUFBQUFBQUFBQUFBQUFBQUFBQUFBQUFBQUFBQUFBQUFBQUFBQUFBQUFBQUFBQUFBQUFBQUFBQUFBQUFBQUFBQUFBQUFBQUFBQUFBQUFBQUFBQUFBQUFBQUFBQUFBQUFBQUFBQUFBQUFBQUFBQUFBQUFBQUFBQUFBQUFBQUFBQUFBQUFBQUFBQUFBQUFBQUFBQUFBQUFBQUFBQUFBQUFBQUFBQUFBQUFBQUFBQUFBQUFBQUFBQUFBQUFBQUFBQUFBQUFBQUFBQUFBQUFBQUFBQUFBQUFBQUFBQUFBQUFBQUFBQUFBQUFBQUFBQUFBQUFBQUFBQUFBQUFBQUFBQUFBQUFBQUFBQUFBQUFBQUFBQUFBQUFBQUFBQUFBQUFBQUFBQUFBQUFBQUFBQUFBQUFBQUFBQUFBQUFBQUFBQUFBQUFBQUFBQUFBQUFBQUFBQUFBQUFBQUFBQUFBQUFBQUFBQUFBQUFBQUFBQUFBQUFBQUFBQUFBQUFBQUFBQUFBQUFBQUFBQUFBQUFBQUFBQUFBQUFBQUFBQUFBQUFBQUFBQUFBQUFBQUFBQUFBQUFBQUFBQUFBQUFBQUFBQUFBQUFBQUFBQUFBQUFBQUFBQUFBQUFBQUFBQUFBQUFBQUFBQUFBQUFBQUFBQUFBQUFBQUFBQUFBQUFBQUFBQUFBQUFBQUFBQUFBQUFBQUFBQUFBQUFBQUFBQUFBQUFBQUFBQUFBQUFBQUFBQUFBQUFBQUFBQUFBQUFBQUFBQUFBQUFBQUFBQUFBQUFBQUFBQUFBQUFBQUFBQUFBQUFBQUFBQUFBQUFBQUFBQUFBQUFBQUFBQUFBQUFBQUFBQUFBQUFBQUFBQUFBQUFBQUFBQUFBQUFBQUFBQUFBQUFBQUFBQUFBQUFBQUFBQUFBQUFBQUFBQUFBQUFBQUFBQUFBQUFBQUFBQUFBQUFBQUFBQUFBQUFBQUFBQUFBQUFBQUFBQUFBQUFBQUFBQUFBQUFBQUFBQUFBQUFBQUFBQUFBQUFBQUFBQUFBQUFBQUFBQUFBQUFBQUFBQUFBQUFBQUFBQUFBQUFBQUFBQUFBQUFBQUFBQUFBQUFBQUFBQUFBQUFBQUFBQUFBQUFBQUFBQUFBQUFBQUFBQUFBQUFBQUFBQUFBQUFBQUFBQUFBQUFBQUFBQUFBQUFBQUFBQUFBQUFBQUFBQUFBQUFBQUFBQUFBQUFBQUFBQUFBQUFBQUFBQUFBQUFBQUFBQUFBQUFBQUFBQUFBQUFBQUFBQUFBQUFBQUFBQUFBQUFBQUFBQUFBQUFBQUFBQUFBQUFBQUFBQUFBQUFBQUFBQUFBQUFBQUFBQUFBQUFBQUFBQUFBQUFBQUFBQUFBQUFBQUFBQUFBQUFBQUFBQUFBQUFBQUFBQUFBQUFBQUFBQUFBQUFBQUFBQUFBQUFBQUFBQUFBQUFBQUFBQUFBQUFBQUFBQUFBQUFBQUFBQUFBQUFBQUFBQUFBQUFBQUFBQUFBQUFBQUFBQUFBQUFBQUFBQUFBQUFBQUFBQUFBQUFBQUFBQUFBQUFBQUFBQUFBQUFBQUFBQUFBQUFBQUFBQUFBQUFBQUFBQUFBQUFBQUFBQUFBQUFBQUFBQUFBQUFBQUFBQUFBQUFBQUFBQUFBQUFBQUFBQUFBQUFBQUFBQUFBQUFBQUFBQUFBQUFBQUFBQUFBQUFBQUFBQUFBQUFBQUFBQUFBQUFBQUFBQUFBQUFBQUFBQUFBQUFBQUFBQUFBQUFBQUFBQUFBQUFBQUFBQUFBQUFBQUFBQUFBQUFBQUFBQUFBQUFBQUFBQUFBQUFBQUFBQUFBQUFBQUFBQUFBQUFBQUFBQUFBQUFBQUFBQUFBQUFBQUFBQUFBQUFBQUFBQUFBQUFBQUFBQUFBQUFBQUFBQUFBQUFBQUFBQUFBQUFBQUFBQUFBQUFBQUFBQUFBQUFBQUFBQUFBQUFBQUFBQUFBQUFBQUFBQUFBQUFBQUFBQUFBQUFBQUFBQUFBQUFBQUFBQUFBQUFBQUFBQUFBQUFBQUFBQUFBQUFBQUFBQUFBQUFBQUFBQUFBQUFBQUFBQUFBQUFBQUFBQUFBQUFBQUFBQUFBQUFBQUFBQUFBQUFBQUFBQUFBQUFBQUFBQUFBQUFBQUFBQUFBQUFBQUFBQUFBQUFBQUFBQUFBQUFBQUFBQUFBQUFBQUFBQUFBQUFBQUFBQUFBQUFBQUFBQUFBQUFBQUFBQUFBQUFBQUFBQUFBQUFBQUFBQUFBQUFBQUFBQUFBQUFBQUFBQUFBQUFBQUFBQUFBQUFBQUFBQUFBQUFBQUFBQUFBQUFBQUFBQUFBQUFBQUFBQUFBQUFBQUFBQUFBQUFBQUFBQUFBQUFBQUFBQUFBQUFBQUFBQUFBQUFBQUFBQUFBQUFBQUFBQUFBQUFBQUFBQUFBQUFBQUFBQUFBQUFBQUFBQUFBQUFBQUFBQUFBQUFBQUFBQUFBQUFBQUFBQUFBQUFBQUFBQUFBQUFBQUFBQUFBQUFBQUFBQUFBQUFBQUFBQUFBQUFBQUFBQUFBQUFBQUFBQUFBQUFBQUFBQUFBQUFBQUFBQUFBQUFBQUFBQUFBQUFBQUFBQUFBQUFBQUFBQUFBQUFBQUFBQUFBQUFBQUFBQUFBQUFBQUFBQUFBQUFBQUFBQUFBQUFBQUFBQUFBQUFBQUFBQUFBQUFBQUFBQUFBQUFBQUFBQUFBQUFBQUFBQUFBQUFBQUFBQUFBQUFBQUFBQUFBQUFBQUFBQUFBQUFBQUFBQUFBQUFBQUFBQUFBQUFBQUFBQUFBQUFBQUFBQUFBQUFBQUFBQUFBQUFBQUFBQUFBQUFBQUFBQUFBQUFBQUFBQUFBQUFBQUFBQUFBQUFBQUFBQUFBQUFBQUFBQUFBQUFBQUFBQUFBQUFBQUFBQUFBQUFBQUFBQUFBQUFBQUFBQUFBQUFBQUFBQUFBQUFBQUFBQUFBQUFBQUFBQUFBQUFBQUFBQUFBQUFBQUFBQUFBQUFBQUFBQUFBQUFBQUFBQUFBQUFBQUFBQUFBQUFBQUFBQUFBQUFBQUFBQUFBQUFBQUFBQUFBQUFBQUFBQUFBQUFBQUFBQUFBQUFBQUFBQUFBQUFBQUFBQUFBQUFBQUFBQUFBQUFBQUFBQUFBQUFBQUFBQUFBQUFBQUFBQUFBQUFBQUFBQUFBQUFBQUFBQUFBQUFBQUFBQUFBQUFBQUFBQUFBQUFBQUFBQUFBQUFBQUFBQUFBQUFBQUFBQUFBQUFBQUFBQUFBQUFBQUFBQUFBQUFBQUFBQUFBQUFBQUFBQUFBQUFBQUFBQUFBQUFBQUFBQUFBQUFBQUFBQUFBQUFBQUFBQUFBQUFBQUFBQUFBQUFBQUFBQUFBQUFBQUFBQUFBQUFBQUFBQUFBQUFBQUFBQUFBQUFBQUFBQUFBQUFBQUFBQUFBQUFBQUFBQUFBQUFBQUFBQUFBQUFBQUFBQUFBQUFBQUFBQUFBQUFBQUFBQUFBQUFBQUFBQUFBQUFBQUFBQUFBQUFBQUFBQUFBQUFBQUFBQUFBQUFBQUFBQUFBQUFBQUFBQUFBQUFBQUFBQUFBQUFBQUFBQUFBQUFBQUFBQUFBQUFBQUFBQUFBQUFBQUFBQUFBQUFBQUFBQUFBQUFBQUFBQUFBQUFBQUFBQUFBQUFBQUFBQUFBQUFBQUFBQUFBQUFBQUFBQUFBQUFBQUFBQUFBQUFBQUFBQUFBQUFBQUFBQUFBQUFBQUFBQUFBQUFBQUFBQUFBQUFBQUFBQUFBQUFBQUFBQUFBQUFBQUFBQUFBQUFBQUFBQUFBQUFBQUFBQUFBQUFBQUFBQUFBQUFBQUFBQUFBQUFBQUFBQUFBQUFBQUFBQUFBQUFBQUFBQUFBQUFBQUFBQUFBQUFBQUFBQUFBQUFBQUFBQUFBQUFBQUFBQUFBQUFBQUFBQUFBQUFBQUFBQUFBQUFBQUFBQUFBQUFBQUFBQUFBQUFBQUFBQUFBQUFBQUFBQUFBQUFBQUFBQUFBQUFBQUFBQUFBQUFBQUFBQUFBQUFBQUFBQUFBQUFBQUFBQUFBQUFBQUFBQUFBQUFBQUFBQUFBQUFBQUFBQUFBQUFBQUFBQUFBQUFBQUFBQUFBQUFBQUFBQUFBQUFBQUFBQUFBQUFBQUFBQUFBQUFBQUFBQUFBQUFBQUFBQUFBQUFBQUFBQUFBQUFBQUFBQUFBQUFBQUFBQUFBQUFBQUFBQUFBQUFBQUFBQUFBQUFBQUFBQUFBQUFBQUFBQUFBQUFBQUFBQUFBQUFBQUFBQUFBQUFBQUFBQUFBQUFBQUFBQUFBQUFBQUFBQUFBQUFBQUFBQUFBQUFBQUFBQUFBQUFBQUFBQUFBQUFBQUFBQUFBQUFBQUFBQUFBQUFBQUFBQUFBQUFBQUFBQUFBQUFBQUFBQUFBQUFBQUFBQUFBQUFBQUFBQUFBQUFBQUFBQUFBQUFBQUFBQUFBQUFBQUFBQUFBQUFBQUFBQUFBQUFBQUFBQUFBQUFBQUFBQUFBQUFBQUFBQUFBQUFBQUFBQUFBQUFBQUFBQUFBQUFBQUFBQUFBQUFBQUFBQUFBQUFBQUFBQUFBQUFBQUFBQUFBQUFBQUFBQUFBQUFBQUFBQUFBQUFBQUFBQUFBQUFBQUFBQUFBQUFBQUFBQUFBQUFBQUFBQUFBQUFBQUFBQUFBQUFBQUFBQUFBQUFBQUFBQUFBQUFBQUFBQUFBQUFBQUFBQUFBQUFBQUFBQUFBQUFBQUFBQUFBQUFBQUFBQUFBQUFBQUFBQUFBQUFBQUFBQUFBQUFBQUFBQUFBQUFBQUFBQUFBQUFBQUFBQUFBQUFBQUFBQUFBQUFBQUFBQUFBQUFBQUFBQUFBQUFBQUFBQUFBQUFBQUFBQUFBQUFBQUFBQUFBQUFBQUFBQUFBQUFBQUFBQUFBQUFBQUFBQUFBQUFBQUFBQUFBQUFBQUFBQUFBQUFBQUFBQUFBQUFBQUFBQUFBQUFBQUFBQUFBQUFBQUFBQUFBQUFBQUFBQUFBQUFBQUFBQUFBQUFBQUFBQUFBQUFBQUFBQUFBQUFBQUFBQUFBQUFBQUFBQUFBQUFBQUFBQUFBQUFBQUFBQUFBQUFBQUFBQUFBQUFBQUFBQUFBQUFBQUFBQUFBQUFBQUFBQUFBQUFBQUFBQUFBQUFBQUFBQUFBQUFBQUFBQUFBQUFBQUFBQUFBQUFBQUFBQUFBQUFBQUFBQUFBQUFBQUFBQUFBQUFBQUFBQUFBQUFBQUFBQUFBQUFBQUFBQUFBQUFBQUFBQUFBQUFBQUFBQUFBQUFBQUFBQUFBQUFBQUFBQUFBQUFBQUFBQUFBQUFBQUFBQUFBQUFBQUFBQUFBQUFBQUFBQUFBQUFBQUFBQUFBQUFBQUFBQUFBQUFBQUFBQUFBQUFBQUFBQUFBQUFBQUFBQUFBQUFBQUFBQUFBQUFBQUFBQUFBQUFBQUFBQUFBQUFBQUFBQUFBQUFBQUFBQUFBQUFBQUFBQUFBQUFBQUFBQUFBQUFBQUFBQUFBQUFBQUFBQUFBQUFBQUFBQUFBQUFBQUFBQUFBQUFBQUFBQUFBQUFBQUFBQUFBQUFBQUFBQUFBQUFBQUFBQUFBQUFBQUFBQUFBQUFBQUFBQUFBQUFBQUFBQUFBQUFBQUFBQUFBQUFBQUFBQUFBQUFBQUFBQUFBQUFBQUFBQUFBQUFBQUFBQUFBQUFBQUFBQUFBQUFBQUFBQUFBQUFBQUFBQUFBQUFBQUFBQUFBQUFBQUFBQUFBQUFBQUFBQUFBQUFBQUFBQUFBQUFBQUFBQUFBQUFBQUFBQUFBQUFBQUFBQUFBQUFBQUFBQUFBQUFBQUFBQUFBQUFBQUFBQUFBQUFBQUFBQUFBQUFBQUFBQUFBQUFBQUFBQUFBQUFBQUFBQUFBQUFBQUFBQUFBQUFBQUFBQUFBQUFBQUFBQUFBQUFBQUFBQUFBQUFBQUFBQUFBQUFBQUFBQUFBQUFBQUFBQUFBQUFBQUFBQUFBQUFBQUFBQUFBQUFBQUFBQUFBQUFBQUFBQUFBQUFBQUFBQUFBQUFBQUFBQUFBQUFBQUFBQUFBQUFBQUFBQUFBQUFBQUFBQUFBQUFBQUFBQUFBQUFBQUFBQUFBQUFBQUFBQUFBQUFBQUFBQUFBQUFBQUFBQUFBQUFBQUFBQUFBQUFBQUFBQUFBQUFBQUFBQUFBQUFBQUFBQUFBQUFBQUFBQUFBQUFBQUFBQUFBQUFBQUFBQUFBQUFBQUFBQUFBQUFBQUFBQUFBQUFBQUFBQUFBQUFBQUFBQUFBQUFBQUFBQUFBQUFBQUFBQUFBQUFBQUFBQUFBQUFBQUFBQUFBQUFBQUFBQUFBQUFBQUFBQUFBQUFBQUFBQUFBQUFBQUFBQUFBQUFBQUFBQUFBQUFBQUFBQUFBQUFBQUFBQUFBQUFBQUFBQUFBQUFBQUFBQUFBQUFBQUFBQUFBQUFBQUFBQUFBQUFBQUFBQUFBQUFBQUFBQUFBQUFBQUFBQUFBQUFBQUFBQUFBQUFBQUFBQUFBQUFBQUFBQUFBQUFBQUFBQUFBQUFBQUFBQUFBQUFBQUFBQUFBQUFBQUFBQUFBQUFBQUFBQUFBQUFBQUFBQUFBQUFBQUFBQUFBQUFBQUFBQUFBQUFBQUFBQUFBQUFBQUFBQUFBQUFBQUFBQUFBQUFBQUFBQUFBQUFBQUFBQUFBQUFBQUFBQUFBQUFBQUFBQUFBQUFBQUFBQUFBQUFBQUFBQUFBQUFBQUFBQUFBQUFBQUFBQUFBQUFBQUFBQUFBQUFBQUFBQUFBQUFBQUFBQUFBQUFBQUFBQUFBQUFBQUFBQUFBQUFBQUFBQUFBQUFBQUFBQUFBQUFBQUFBQUFBQUFBQUFBQUFBQUFBQUFBQUFBQUFBQUFBQUFBQUFBQUFBQUFBQUFBQUFBQUFBQUFBQUFBQUFBQUFBQUFBQUFBQUFBQUFBQUFBQUFBQUFBQUFBQUFBQUFBQUFBQUFBQUFBQUFBQUFBQUFBQUFBQUFBQUFBQUFBQUFBQUFBQUFBQUFBQUFBQUFBQUFBQUFBQUFBQUFBQUFBQUFBQUFBQUFBQUFBQUFBQUFBQUFBQUFBQUFBQUFBQUFBQUFBQUFBQUFBQUFBQUFBQUFBQUFBQUFBQUFBQUFBQUFBQUFBQUFBQUFBQUFBQUFBQUFBQUFBQUFBQUFBQUFBQUFBQUFBQUFBQUFBQUFBQUFBQUFBQUFBQUFBQUFBQUFBQUFBQUFBQUFBQUFBQUFBQUFBQUFBQUFBQUFBQUFBQUFBQUFBQUFBQUFBQUFBQUFBQUFBQUFBQUFBQUFBQUFBQUFBQUFBQUFBQUFBQUFBQUFBQUFBQUFBQUFBQUFBQUFBQUFBQUFBQUFBQUFBQUFBQUFBQUFBQUFBQUFBQUFBQUFBQUFBQUFBQUFBQUFBQUFBQUFBQUFBQUFBQUFBQUFBQUFBQUFBQUFBQUFBQUFBQUFBQUFBQUFBQUFBQUFBQUFBQUFBQUFBQUFBQUFBQUFBQUFBQUFBQUFBQUFBQUFBQUFBQUFBQUFBQUFBQUFBQUFBQUFBQUFBQUFBQUFBQUFBQUFBQUFBQUFBQUFBQUFBQUFBQUFBQUFBQUFBQUFBQUFBQUFBQUFBQUFBQUFBQUFBQUFBQUFBQUFBQUFBQUFBQUFBQUFBQUFBQUFBQUFBQUFBQUFBQUFBQUFBQUFBQUFBQUFBQUFBQUFBQUFBQUFBQUFBQUFBQUFBQUFBQUFBQUFBQUFBQUFBQUFBQUFBQUFBQUFBQUFBQUFBQUFBQUFBQUFBQUFBQUFBQUFBQUFBQUFBQUFBQUFBQUFBQUFBQUFBQUFBQUFBQUFBQUFBQUFBQUFBQUFBQUFBQUFBQUFBQUFBQUFBQUFBQUFBQUFBQUFBQUFBQUFBQUFBQUFBQUFBQUFBQUFBQUFBQUFBQUFBQUFBQUFBQUFBQUFBQUFBQUFBQUFBQUFBQUFBQUFBQUFBQUFBQUFBQUFBQUFBQUFBQUFBQUFBQUFBQUFBQUFBQUFBQUFBQUFBQUFBQUFBQUFBQUFBQUFBQUFBQUFBQUFBQUFBQUFBQUFBQUFBQUFBQUFBQUFBQUFBQUFBQUFBQUFBQUFBQUFBQUFBQUFBQUFBQUFBQUFBQUFBQUFBQUFBQUFBQUFBQUFBQUFBQUFBQUFBQUFBQUFBQUFBQUFBQUFBQUFBQUFBQUFBQUFBQUFBQUFBQUFBQUFBQUFBQUFBQUFBQUFBQUFBQUFBQUFBQUFBQUFBQUFBQUFBQUFBQUFBQUFBQUFBQUFBQUFBQUFBQUFBQUFBQUFBQUFBQUFBQUFBQUFBQUFBQUFBQUFBQUFBQUFBQUFBQUFBQUFBQUFBQUFBQUFBQUFBQUFBQUFBQUFBQUFBQUFBQUFBQUFBQUFBQUFBQUFBQUFBQUFBQUFBQUFBQUFBQUFBQUFBQUFBQUFBQUFBQUFBQUFBQUFBQUFBQUFBQUFBQUFBQUFBQUFBQUFBQUFBQUFBQUFBQUFBQUFBQUFBQUFBQUFBQUFBQUFBQUFBQUFBQUFBQUFBQUFBQUFBQUFBQUFBQUFBQUFBQUFBQUFBQUFBQUFBQUFBQUFBQUFBQUFBQUFBQUFBQUFBQUFBQUFBQUFBQUFBQUFBQUFBQUFBQUFBQUFBQUFBQUFBQUFBQUFBQUFBQUFBQUFBQUFBQUFBQUFBQUFBQUFBQUFBQUFBQUFBQUFBQUFBQUFBQUFBQUFBQUFBQUFBQUFBQUFBQUFBQUFBQUFBQUFBQUFBQUFBQUFBQUFBQUFBQUFBQUFBQUFBQUFBQUFBQUFBQUFBQUFBQUFBQUFBQUFBQUFBQUFBQUFBQUFBQUFBQUFBQUFBQUFBQUFBQUFBQUFBQUFBQUFBQUFBQUFBQUFBQUFBQUFBQUFBQUFBQUFBQUFBQUFBQUFBQUFBQUFBQUFBQUFBQUFBQUFBQUFBQUFBQUFBQUFBQUFBQUFBQUFBQUFBQUFBQUFBQUFBQUFBQUFBQUFBQUFBQUFBQUFBQUFBQUFBQUFBQUFBQUFBQUFBQUFBQUFBQUFBQUFBQUFBQUFBQUFBQUFBQUFBQUFBQUFBQUFBQUFBQUFBQUFBQUFBQUFBQUFBQUFBQUFBQUFBQUFBQUFBQUFBQUFBQUFBQUFBQUFBQUFBQUFBQUFBQUFBQUFBQUFBQUFBQUFBQUFBQUFBQUFBQUFBQUFBQUFBQUFBQUFBQUFBQUFBQUFBQUFBQUFBQUFBQUFBQUFBQUFBQUFBQUFBQUFBQUFBQUFBQUFBQUFBQUFBQUFBQUFBQUFBQUFBQUFBQUFBQUFBQUFBQUFBQUFBQUFBQUFBQUFBQUFBQUFBQUFBQUFBQUFBQUFBQUFBQUFBQUFBQUFBQUFBQUFBQUFBQUFBQUFBQUFBQUFBQUFBQUFBQUFBQUFBQUFBQUFBQUFBQUFBQUFBQUFBQUFBQUFBQUFBQUFBQUFBQUFBQUFBQUFBQUFBQUFBQUFBQUFBQUFBQUFBQUFBQUFBQUFBQUFBQUFBQUFBQUFBQUFBQUFBQUFBQUFBQUFBQUFBQUFBQUFBQUFBQUFBQUFBQUFBQUFBQUFBQUFBQUFBQUFBQUFBQUFBQUFBQUFBQUFBQUFBQUFBQUFBQUFBQUFBQUFBQUFBQUFBQUFBQUFBQUFBQUFBQUFBQUFBQUFBQUFBQUFBQUFBQUFBQUFBQUFBQUFBQUFBQUFBQUFBQUFBQUFBQUFBQUFBQUFBQUFBQUFBQUFBQUFBQUFBQUFBQUFBQUFBQUFBQUFBQUFBQUFBQUFBQUFBQUFBQUFBQUFBQUFBQUFBQUFBQUFBQUFBQUFBQUFBQUFBQUFBQUFBQUFBQUFBQUFBQUFBQUFBQUFBQUFBQUFBQUFBQUFBQUFBQUFBQUFBQUFBQUFBQUFBQUFBQUFBQUFBQUFBQUFBQUFBQUFBQUFBQUFBQUFBQUFBQUFBQUFBQUFBQUFBQUFBQUFBQUFBQUFBQUFBQUFBQUFBQUFBQUFBQUFBQUFBQUFBQUFBQUFBQUFBQUFBQUFBQUFBQUFBQUFBQUFBQUFBQUFBQUFBQUFBQUFBQUFBQUFBQUFBQUFBQUFBQUFBQUFBQUFBQUFBQUFBQUFBQUFBQUFBQUFBQUFBQUFBQUFBQUFBQUFBQUFBQUFBQUFBQUFBQUFBQUFBQUFBQUFBQUFBQUFBQUFBQUFBQUFBQUFBQUFBQUFBQUFBQUFBQUFBQUFBQUFBQUFBQUFBQUFBQUFBQUFBQUFBQUFBQUFBQUFBQUFBQUFBQUFBQUFBQUFBQUFBQUFBQUFBQUFBQUFBQUFBQUFBQUFBQUFBQUFBQUFBQUFBQUFBQUFBQUFBQUFBQUFBQUFBQUFBQUFBQUFBQUFBQUFBQUFBQUFBQUFBQUFBQUFBQUFBQUFBQUFBQUFBQUFBQUFBQUFBQUFBQUFBQUFBQUFBQUFBQUFBQUFBQUFBQUFBQUFBQUFBQUFBQUFBQUFBQUFBQUFBQUFBQUFBQUFBQUFBQUFBQUFBQUFBQUFBQUFBQUFBQUFBQUFBQUFBQUFBQUFBQUFBQUFBQUFBQUFBQUFBQUFBQUFBQUFBQUFBQUFBQUFBQUFBQUFBQUFBQUFBQUFBQUFBQUFBQUFBQUFBQUFBQUFBQUFBQUFBQUFBQUFBQUFBQUFBQUFBQUFBQUFBQUFBQUFBQUFBQUFBQUFBQUFBQUFBQUFBQUFBQUFBQUFBQUFBQUFBQUFBQUFBQUFBQUFBQUFBQUFBQUFBQUFBQUFBQUFBQUFBQUFBQUFBQUFBQUFBQUFBQUFBQUFBQUFBQUFBQUFBQUFBQUFBQUFBQUFBQUFBQUFBQUFBQUFBQUFBQUFBQUFBQUFBQUFBQUFBQUFBQUFBQUFBQUFBQUFBQUFBQUFBQUFBQUFBQUFBQUFBQUFBQUFBQUFBQUFBQUFBQUFBQUFBQUFBQUFBQUFBQUFBQUFBQUFBQUFBQUFBQUFBQUFBQUFBQUFBQUFBQUFBQUFBQUFBQUFBQUFBQUFBQUFBQUFBQUFBQUFBQUFBQUFBQUFBQUFBQUFBQUFBQUFBQUFBQUFBQUFBQUFBQUFBQUFBQUFBQUFBQUFBQUFBQUFBQUFBQUFBQUFBQUFBQUFBQUFBQUFBQUFBQUFBQUFBQUFBQUFBQUFBQUFBQUFBQUFBQUFBQUFBQUFBQUFBQUFBQUFBQUFBQUFBQUFBQUFBQUFBQUFBQUFBQUFBQUFBQUFBQUFBQUFBQUFBQUFBQUFBQUFBQUFBQUFBQUFBQUFBQUFBQUFBQUFBQUFBQUFBQUFBQUFBQUFBQUFBQUFBQUFBQUFBQUFBQUFBQUFBQUFBQUFBQUFBQUFBQUFBQUFBQUFBQUFBQUFBQUFBQUFBQUFBQUFBQUFBQUFBQUFBQUFBQUFBQUFBQUFBQUFBQUFBQUFBQUFBQUFBQUFBQUFBQUFBQUFBQUFBQUFBQUFBQUFBQUFBQUFBQUFBQUFBQUFBQUFBQUFBQUFBQUFBQUFBQUFBQUFBQUFBQUFBQUFBQUFBQUFBQUFBQUFBQUFBQUFBQUFBQUFBQUFBQUFBQUFBQUFBQUFBQUFBQUFBQUFBQUFBQUFBQUFBQUFBQUFBQUFBQUFBQUFBQUFBQUFBQUFBQUFBQUFBQUFBQUFBQUFBQUFBQUFBQUFBQUFBQUFBQUFBQUFBQUFBQUFBQUFBQUFBQUFBQUFBQUFBQUFBQUFBQUFBQUFBQUFBQUFBQUFBQUFBQUFBQUFBQUFBQUFBQUFBQUFBQUFBQUFBQUFBQUFBQUFBQUFBQUFBQUFBQUFBQUFBQUFBQUFBQUFBQUFBQUFBQUFBQUFBQUFBQUFBQUFBQUFBQUFBQUFBQUFBQUFBQUFBQUFBQUFBQUFBQUFBQUFBQUFBQUFBQUFBQUFBQUFBQUFBQUFBQUFBQUFBQUFBQUFBQUFBQUFBQUFBQUFBQUFBQUFBQUFBQUFBQUFBQUFBQUFBQUFBQUFBQUFBQUFBQUFBQUFBQUFBQUFBQUFBQUFBQUFBQUFBQUFBQUFBQUFBQUFBQUFBQUFBQUFBQUFBQUFBQUFBQUFBQUFBQUFBQUFBQUFBQUFBQUFBQUFBQUFBQUFBQUFBQUFBQUFBQUFBQUFBQUFBQUFBQUFBQUFBQUFBQUFBQUFBQUFBQUFBQUFBQUFBQUFBQUFBQUFBQUFBQUFBQUFBQUFBQUFBQUFBQUFBQUFBQUFBQUFBQUFBQUFBQUFBQUFBQUFBQUFBQUFBQUFBQUFBQUFBQUFBQUFBQUFBQUFBQUFBQUFBQUFBQUFBQUFBQUFBQUFBQUFBQUFBQUFBQUFBQUFBQUFBQUFBQUFBQUFBQUFBQUFBQUFBQUFBQUFBQUFBQUFBQUFBQUFBQUFBQUFBQUFBQUFBQUFBQUFBQUFBQUFBQUFBQUFBQUFBQUFBQUFBQUFBQUFBQUFBQUFBQUFBQUFBQUFBQUFBQUFBQUFBQUFBQUFBQUFBQUFBQUFBQUFBQUFBQUFBQUFBQUFBQUFBQUFBQUFBQUFBQUFBQUFBQUFBQUFBQUFBQUFBQUFBQUFBQUFBQUFBQUFBQUFBQUFBQUFBQUFBQUFBQUFBQUFBQUFBQUFBQUFBQUFBQUFBQUFBQUFBQUFBQUFBQUFBQUFBQUFBQUFBQUFBQUFBQUFBQUFBQUFBQUFBQUFBQUFBQUFBQUFBQUFBQUFBQUFBQUFBQUFBQUFBQUFBQUFBQUFBQUFBQUFBQUFBQUFBQUFBQUFBQUFBQUFBQUFBQUFBQUFBQUFBQUFBQUFBQUFBQUFBQUFBQUFBQUFBQUFBQUFBQUFBQUFBQUFBQUFBQUFBQUFBQUFBQUFBQUFBQUFBQUFBQUFBQUFBQUFBQUFBQUFBQUFBQUFBQUFBQUFBQUFBQUFBQUFBQUFBQUFBQUFBQUFBQUFBQUFBQUFBQUFBQUFBQUFBQUFBQUFBQUFBQUFBQUFBQUFBQUFBQUFBQUFBQUFBQUFBQUFBQUFBQUFBQUFBQUFBQUFBQUFBQUFBQUFBQUFBQUFBQUFBQUFBQUFBQUFBQUFBQUFBQUFBQUFBQUFBQUFBQUFBQUFBQUFBQUFBQUFBQUFBQUFBQUFBQUFBQUFBQUFBQUFBQUFBQUFBQUFBQUFBQUFBQUFBQUFBQUFBQUFBQUFBQUFBQUFBQUFBQUFBQUFBQUFBQUFBQUFBQUFBQUFBQUFBQUFBQUFBQUFBQUFBQUFBQUFBQUFBQUFBQUFBQUFBQUFBQUFBQUFBQUFBQUFBQUFBQUFBQUFBQUFBQUFBQUFBQUFBQUFBQUFBQUFBQUFBQUFBQUFBQUFBQUFBQUFBQUFBQUFBQUFBQUFBQUFBQUFBQUFBQUFBQUFBQUFBQUFBQUFBQUFBQUFBQUFBQUFBQUFBQUFBQUFBQUFBQUFBQUFBQUFBQUFBQUFBQUFBQUFBQUFBQUFBQUFBQUFBQUFBQUFBQUFBQUFBQUFBQUFBQUFBQUFBQUFBQUFBQUFBQUFBQUFBQUFBQUFBQUFBQUFBQUFBQUFBQUFBQUFBQUFBQUFBQUFBQUFBQUFBQUFBQUFBQUFBQUFBQUFBQUFBQUFBQUFBQUFBQUFBQUFBQUFBQUFBQUFBQUFBQUFBQUFBQUFBQUFBQUFBQUFBQUFBQUFBQUFBQUFBQUFBQUFBQUFBQUFBQUFBQUFBQUFBQUFBQUFBQUFBQUFBQUFBQUFBQUFBQUFBQUFBQUFBQUFBQUFBQUFBQUFBQUFBQUFBQUFBQUFBQUFBQUFBQUFBQUFBQUFBQUFBQUFBQUFBQUFBQUFBQUFBQUFBQUFBQUFBQUFBQUFBQUFBQUFBQUFBQUFBQUFBQUFBQUFBQUFBQUFBQUFBQUFBQUFBQUFBQUFBQUFBQUFBQUFBQUFBQUFBQUFBQUFBQUFBQUFBQUFBQUFBQUFBQUFBQUFBQUFBQUFBQUFBQUFBQUFBQUFBQUFBQUFBQUFBQUFBQUFBQUFBQUFBQUFBQUFBQUFBQUFBQUFBQUFBQUFBQUFBQUFBQUFBQUFBQUFBQUFBQUFBQUFBQUFBQUFBQUFBQUFBQUFBQUFBQUFBQUFBQUFBQUFBQUFBQUFBQUFBQUFBQUFBQUFBQUFBQUFBQUFBQUFBQUFBQUFBQUFBQUFBQUFBQUFBQUFBQUFBQUFBQUFBQUFBQUFBQUFBQUFBQUFBQUFBQUFBQUFBQUFBQUFBQUFBQUFBQUFBQUFBQUFBQUFBQUFBQUFBQUFBQUFBQUFBQUFBQUFBQUFBQUFBQUFBQUFBQUFBQUFBQUFBQUFBQUFBQUFBQUFBQUFBQUFBQUFBQUFBQUFBQUFBQUFBQUFBQUFBQUFBQUFBQUFBQUFBQUFBQUFBQUFBQUFBQUFBQUFBQUFBQUFBQUFBQUFBQUFBQUFBQUFBQUFBQUFBQUFBQUFBQUFBQUFBQUFBQUFBQUFBQUFBQUFBQUFBQUFBQUFBQUFBQUFBQUFBQUFBQUFBQUFBQUFBQUFBQUFBQUFBQUFBQUFBQUFBQUFBQUFBQUFBQUFBQUFBQUFBQUFBQUFBQUFBQUFBQUFBQUFBQUFBQUFBQUFBQUFBQUFBQUFBQUFBQUFBQUFBQUFBQUFBQUFBQUFBQUFBQUFBQUFBQUFBQUFBQUFBQUFBQUFBQUFBQUFBQUFBQUFBQUFBQUFBQUFBQUFBQUFBQUFBQUFBQUFBQUFBQUFBQUFBQUFBQUFBQUFBQUFBQUFBQUFBQUFBQUFBQUFBQUFBQUFBQUFBQUFBQUFBQUFBQUFBQUFBQUFBQUFBQUFBQUFBQUFBQUFBQUFBQUFBQUFBQUFBQUFBQUFBQUFBQUFBQUFBQUFBQUFBQUFBQUFBQUFBQUFBQUFBQUFBQUFBQUFBQUFBQUFBQUFBQUFBQUFBQUFBQUFBQUFBQUFBQUFBQUFBQUFBQUFBQUFBQUFBQUFBQUFBQUFBQUFBQUFBQUFBQUFBQUFBQUFBQUFBQUFBQUFBQUFBQUFBQUFBQUFBQUFBQUFBQUFBQUFBQUFBQUFBQUFBQUFBQUFBQUFBQUFBQUFBQUFBQUFBQUFBQUFBQUFBQUFBQUFBQUFBQUFBQUFBQUFBQUFBQUFBQUFBQUFBQUFBQUFBQUFBQUFBQUFBQUFBQUFBQUFBQUFBQUFBQUFBQUFBQUFBQUFBQUFBQUFBQUFBQUFBQUFBQUFBQUFBQUFBQUFBQUFBQUFBQUFBQUFBQUFBQUFBQUFBQUFBQUFBQUFBQUFBQUFBQUFBQUFBQUFBQUFBQUFBQUFBQUFBQUFBQUFBQUFBQUFBQUFBQUFBQUFBQUFBQUFBQUFBQUFBQUFBQUFBQUFBQUFBQUFBQUFBQUFBQUFBQUFBQUFBQUFBQUFBQUFBQUFBQUFBQUFBQUFBQUFBQUFBQUFBQUFBQUFBQUFBQUFBQUFBQUFBQUFBQUFBQUFBQUFBQUFBQUFBQUFBQUFBQUFBQUFBQUFBQUFBQUFBQUFBQUFBQUFBQUFBQUFBQUFBQUFBQUFBQUFBQUFBQUFBQUFBQUFBQUFBQUFBQUFBQUFBQUFBQUFBQUFBQUFBQUFBQUFBQUFBQUFBQUFBQUFBQUFBQUFBQUFBQUFBQUFBQUFBQUFBQUFBQUFBQUFBQUFBQUFBQUFBQUFBQUFBQUFBQUFBQUFBQUFBQUFBQUFBQUFBQUFBQUFBQUFBQUFBQUFBQUFBQUFBQUFBQUFBQUFBQUFBQUFBQUFBQUFBQUFBQUFBQUFBQUFBQUFBQUFBQUFBQUFBQUFBQUFBQUFBQUFBQUFBQUFBQUFBQUFBQUFBQUFBQUFBQUFBQUFBQUFBQUFBQUFBQUFBQUFBQUFBQUFBQUFBQUFBQUFBQUFBQUFBQUFBQUFBQUFBQUFBQUFBQUFBQUFBQUFBQUFBQUFBQUFBQUFBQUFBQUFBQUFBQUFBQUFBQUFBQUFBQUFBQUFBQUFBQUFBQUFBQUFBQUFBQUFBQUFBQUFBQUFBQUFBQUFBQUFBQUFBQUFBQUFBQUFBQUFBQUFBQUFBQUFBQUFBQUFBQUFBQUFBQUFBQUFBQUFBQUFBQUFBQUFBQUFBQUFBQUFBQUFBQUFBQUFBQUFBQUFBQUFBQUFBQUFBQUFBQUFBQUFBQUFBQUFBQUFBQUFBQUFBQUFBQUFBQUFBQUFBQUFBQUFBQUFBQUFBQUFBQUFBQUFBQUFBQUFBQUFBQUFBQUFBQUFBQUFBQUFBQUFBQUFBQUFBQUFBQUFBQUFBQUFBQUFBQUFBQUFBQUFBQUFBQUFBQUFBQUFBQUFBQUFBQUFBQUFBQUFBQUFBQUFBQUFBQUFBQUFBQUFBQUFBQUFBQUFBQUFBQUFBQUFBQUFBQUFBQUFBQUFBQUFBQUFBQUFBQUFBQUFBQUFBQUFBQUFBQUFBQUFBQUFBQUFBQUFBQUFBQUFBQUFBQUFBQUFBQUFBQUFBQUFBQUFBQUFBQUFBQUFBQUFBQUFBQUFBQUFBQUFBQUFBQUFBQUFBQUFBQUFBQUFBQUFBQUFBQUFBQUFBQUFBQUFBQUFBQUFBQUFBQUFBQUFBQUFBQUFBQUFBQUFBQUFBQUFBQUFBQUFBQUFBQUFBQUFBQUFBQUFBQUFBQUFBQUFBQUFBQUFBQUFBQUFBQUFBQUFBQUFBQUFBQUFBQUFBQUFBQUFBQUFBQUFBQUFBQUFBQUFBQUFBQUFBQUFBQUFBQUFBQUFBQUFBQUFBQUFBQUFBQUFBQUFBQUFBQUFBQUFBQUFBQUFBQUFBQUFBQUFBQUFBQUFBQUFBQUFBQUFBQUFBQUFBQUFBQUFBQUFBQUFBQUFBQUFBQUFBQUFBQUFBQUFBQUFBQUFBQUFBQUFBQUFBQUFBQUFBQUFBQUFBQUFBQUFBQUFBQUFBQUFBQUFBQUFBQUFBQUFBQUFBQUFBQUFBQUFBQUFBQUFBQUFBQUFBQUFBQUFBQUFBQUFBQUFBQUFBQUFBQUFBQUFBQUFBQUFBQUFBQUFBQUFBQUFBQUFBQUFBQUFBQUFBQUFBQUFBQUFBQUFBQUFBQUFBQUFBQUFBQUFBQUFBQUFBQUFBQUFBQUFBQUFBQUFBQUFBQUFBQUFBQUFBQUFBQUFBQUFBQUFBQUFBQUFBQUFBQUFBQUFBQUFBQUFBQUFBQUFBQUFBQUFBQUFBQUFBQUFBQUFBQUFBQUFBQUFBQUFBQUFBQUFBQUFBQUFBQUFBQUFBQUFBQUFBQUFBQUFBQUFBQUFBQUFBQUFBQUFBQUFBQUFBQUFBQUFBQUFBQUFBQUFBQUFBQUFBQUFBQUFBQUFBQUFBQUFBQUFBQUFBQUFBQUFBQUFBQUFBQUFBQUFBQUFBQUFBQUFBQUFBQUFBQUFBQUFBQUFBQUFBQUFBQUFBQUFBQUFBQUFBQUFBQUFBQUFBQUFBQUFBQUFBQUFBQUFBQUFBQUFBQUFBQUFBQUFBQUFBQUFBQUFBQUFBQUFBQUFBQUFBQUFBQUFBQUFBQUFBQUFBQUFBQUFBQUFBQUFBQUFBQUFBQUFBQUFBQUFBQUFBQUFBQUFBQUFBQUFBQUFBQUFBQUFBQUFBQUFBQUFBQUFBQUFBQUFBQUFBQUFBQUFBQUFBQUFBQUFBQUFBQUFBQUFBQUFBQUFBQUFBQUFBQUFBQUFBQUFBQUFBQUFBQUFBQUFBQUFBQUFBQUFBQUFBQUFBQUFBQUFBQUFBQUFBQUFBQUFBQUFBQUFBQUFBQUFBQUFBQUFBQUFBQUFBQUFBQUFBQUFBQUFBQUFBQUFBQUFBQUFBQUFBQUFBQUFBQUFBQUFBQUFBQUFBQUFBQUFBQUFBQUFBQUFBQUFBQUFBQUFBQUFBQUFBQUFBQUFBQUFBQUFBQUFBQUFBQUFBQUFBQUFBQUFBQUFBQUFBQUFBQUFBQUFBQUFBQUFBQUFBQUFBQUFBQUFBQUFBQUFBQUFBQUFBQUFBQUFBQUFBQUFBQUFBQUFBQUFBQUFBQUFBQUFBQUFBQUFBQUFBQUFBQUFBQUFBQUFBQUFBQUFBQUFBQUFBQUFBQUFBQUFBQUFBQUFBQUFBQUFBQUFBQUFBQUFBQUFBQUFBQUFBQUFBQUFBQUFBQUFBQUFBQUFBQUFBQUFBQUFBQUFBQUFBQUFBQUFBQUFBQUFBQUFBQUFBQUFBQUFBQUFBQUFBQUFBQUFBQUFBQUFBQUFBQUFBQUFBQUFBQUFBQUFBQUFBQUFBQUFBQUFBQUFBQUFBQUFBQUFBQUFBQUFBQUFBQUFBQUFBQUFBQUFBQUFBQUFBQUFBQUFBQUFBQUFBQUFBQUFBQUFBQUFBQUFBQUFBQUFBQUFBQUFBQUFBQUFBQUFBQUFBQUFBQUFBQUFBQUFBQUFBQUFBQUFBQUFBQUFBQUFBQUFBQUFBQUFBQUFBQUFBQUFBQUFBQUFBQUFBQUFBQUFBQUFBQUFBQUFBQUFBQUFBQUFBQUFBQUFBQUFBQUFBQUFBQUFBQUFBQUFBQUFBQUFBQUFBQUFBQUFBQUFBQUFBQUFBQUFBQUFBQUFBQUFBQUFBQUFBQUFBQUFBQUFBQUFBQUFBQUFBQUFBQUFBQUFBQUFBQUFBQUFBQUFBQUFBQUFBQUFBQUFBQUFBQUFBQUFBQUFBQUFBQUFBQUFBQUFBQUFBQUFBQUFBQUFBQUFBQUFBQUFBQUFBQUFBQUFBQUFBQUFBQUFBQUFBQUFBQUFBQUFBQUFBQUFBQUFBQUFBQUFBQUFBQUFBQUFBQUFBQUFBQUFBQUFBQUFBQUFBQUFBQUFBQUFBQUFBQUFBQUFBQUFBQUFBQUFBQUFBQUFBQUFBQUFBQUFBQUFBQUFBQUFBQUFBQUFBQUFBQUFBQUFBQUFBQUFBQUFBQUFBQUFBQUFBQUFBQUFBQUFBQUFBQUFBQUFBQUFBQUFBQUFBQUFBQUFBQUFBQUFBQUFBQUFBQUFBQUFBQUFBQUFBQUFBQUFBQUFBQUFBQUFBQUFBQUFBQUFBQUFBQUFBQUFBQUFBQUFBQUFBQUFBQUFBQUFBQUFBQUFBQUFBQUFBQUFBQUFBQUFBQUFBQUFBQUFBQUFBQUFBQUFBQUFBQUFBQUFBQUFBQUFBQUFBQUFBQUFBQUFBQUFBQUFBQUFBQUFBQUFBQUFBQUFBQUFBQUFBQUFBQUFBQUFBQUFBQUFBQUFBQUFBQUFBQUFBQUFBQUFBQUFBQUFBQUFBQUFBQUFBQUFBQUFBQUFBQUFBQUFBQUFBQUFBQUFBQUFBQUFBQUFBQUFBQUFBQUFBQUFBQUFBQUFBQUFBQUFBQUFBQUFBQUFBQUFBQUFBQUFBQUFBQUFBQUFBQUFBQUFBQUFBQUFBQUFBQUFBQUFBQUFBQUFBQUFBQUFBQUFBQUFBQUFBQUFBQUFBQUFBQUFBQUFBQUFBQUFBQUFBQUFBQUFBQUFBQUFBQUFBQUFBQUFBQUFBQUFBQUFBQUFBQUFBQUFBQUFBQUFBQUFBQUFBQUFBQUFBQUFBQUFBQUFBQUFBQUFBQUFBQUFBQUFBQUFBQUFBQUFBQUFBQUFBQUFBQUFBQUFBQUFBQUFBQUFBQUFBQUFBQUFBQUFBQUFBQUFBQUFBQUFBQUFBQUFBQUFBQUFBQUFBQUFBQUFBQUFBQUFBQUFBQUFBQUFBQUFBQUFBQUFBQUFBQUFBQUFBQUFBQUFBQUFBQUFBQUFBQUFBQUFBQUFBQUFBQUFBQUFBQUFBQUFBQUFBQUFBQUFBQUFBQUFBQUFBQUFBQUFBQUFBQUFBQUFBQUFBQUFBQUFBQUFBQUFBQUFBQUFBQUFBQUFBQUFBQUFBQUFBQUFBQUFBQUFBQUFBQUFBQUFBQUFBQUFBQUFBQUFBQUFBQUFBQUFBQUFBQUFBQUFBQUFBQUFBQUFBQUFBQUFBQUFBQUFBQUFBQUFBQUFBQUFBQUFBQUFBQUFBQUFBQUFBQUFBQUFBQUFBQUFBQUFBQUFBQUFBQUFBQUFBQUFBQUFBQUFBQUFBQUFBQUFBQUFBQUFBQUFBQUFBQUFBQUFBQUFBQUFBQUFBQUFBQUFBQUFBQUFBQUFBQUFBQUFBQUFBQUFBQUFBQUFBQUFBQUFBQUFBQUFBQUFBQUFBQUFBQUFBQUFBQUFBQUFBQUFBQUFBQUFBQUFBQUFBQUFBQUFBQUFBQUFBQUFBQUFBQUFBQUFBQUFBQUFBQUFBQUFBQUFBQUFBQUFBQUFBQUFBQUFBQUFBQUFBQUFBQUFBQUFBQUFBQUFBQUFBQUFBQUFBQUFBQUFBQUFBQUFBQUFBQUFBQUFBQUFBQUFBQUFBQUFBQUFBQUFBQUFBQUFBQUFBQUFBQUFBQUFBQUFBQUFBQUFBQUFBQUFBQUFBQUFBQUFBQUFBQUFBQUFBQUFBQUFBQUFBQUFBQUFBQUFBQUFBQUFBQUFBQUFBQUFBQUFBQUFBQUFBQUFBQUFBQUFBQUFBQUFBQUFBQUFBQUFBQUFBQUFBQUFBQUFBQUFBQUFBQUFBQUFBQUFBQUFBQUFBQUFBQUFBQUFBQUFBQUFBQUFBQUFBQUFBQUFBQUFBQUFBQUFBQUFBQUFBQUFBQUFBQUFBQUFBQUFBQUFBQUFBQUFBQUFBQUFBQUFBQUFBQUFBQUFBQUFBQUFBQUFBQUFBQUFBQUFBQUFBQUFBQUFBQUFBQUFBQUFBQUFBQUFBQUFBQUFBQUFBQUFBQUFBQUFBQUFBQUFBQUFBQUFBQUFBQUFBQUFBQUFBQUFBQUFBQUFBQUFBQUFBQUFBQUFBQUFBQUFBQUFBQUFBQUFBQUFBQUFBQUFBQUFBQUFBQUFBQUFBQUFBQUFBQUFBQUFBQUFBQUFBQUFBQUFBQUFBQUFBQUFBQUFBQUFBQUFBQUFBQUFBQUFBQUFBQUFBQUFBQUFBQUFBQUFBQUFBQUFBQUFBQUFBQUFBQUFBQUFBQUFBQUFBQUFBQUFBQUFBQUFBQUFBQUFBQUFBQUFBQUFBQUFBQUFBQUFBQUFBQUFBQUFBQUFBQUFBQUFBQUFBQUFBQUFBQUFBQUFBQUFBQUFBQUFBQUFBQUFBQUFBQUFBQUFBQUFBQUFBQUFBQUFBQUFBQUFBQUFBQUFBQUFBQUFBQUFBQUFBQUFBQUFBQUFBQUFBQUFBQUFBQUFBQUFBQUFBQUFBQUFBQUFBQUFBQUFBQUFBQUFBQUFBQUFBQUFBQUFBQUFBQUFBQUFBQUFBQUFBQUFBQUFBQUFBQUFBQUFBQUFBQUFBQUFBQUFBQUFBQUFBQUFBQUFBQUFBQUFBQUFBQUFBQUFBQUFBQUFBQUFBQUFBQUFBQUFBQUFBQUFBQUFBQUFBQUFBQUFBQUFBQUFBQUFBQUFBQUFBQUFBQUFBQUFBQUFBQUFBQUFBQUFBQUFBQUFBQUFBQUFBQUFBQUFBQUFBQUFBQUFBQUFBQUFBQUFBQUFBQUFBQUFBQUFBQUFBQUFBQUFBQUFBQUFBQUFBQUFBQUFBQUFBQUFBQUFBQUFBQUFBQUFBQUFBQUFBQUFBQUFBQUFBQUFBQUFBQUFBQUFBQUFBQUFBQUFBQUFBQUFBQUFBQUFBQUFBQUFBQUFBQUFBQUFBQUFBQUFBQUFBQUFBQUFBQUFBQUFBQUFBQUFBQUFBQUFBQUFBQUFBQUFBQUFBQUFBQUFBQUFBQUFBQUFBQUFBQUFBQUFBQUFBQUFBQUFBQUFBQUFBQUFBQUFBQUFBQUFBQUFBQUFBQUFBQUFBQUFBQUFBQUFBQUFBQUFBQUFBQUFBQUFBQUFBQUFBQUFBQUFBQUFBQUFBQUFBQUFBQUFBQUFBQUFBQUFBQUFBQUFBQUFBQUFBQUFBQUFBQUFBQUFBQUFBQUFBQUFBQUFBQUFBQUFBQUFBQUFBQUFBQUFBQUFBQUFBQUFBQUFBQUFBQUFBQUFBQUFBQUFBQUFBQUFBQUFBQUFBQUFBQUFBQUFBQUFBQUFBQUFBQUFBQUFBQUFBQUFBQUFBQUFBQUFBQUFBQUFBQUFBQUFBQUFBQUFBQUFBQUFBQUFBQUFBQUFBQUFBQUFBQUFBQUFBQUFBQUFBQUFBQUFBQUFBQUFBQUFBQUFBQUFBQUFBQUFBQUFBQUFBQUFBQUFBQUFBQUFBQUFBQUFBQUFBQUFBQUFBQUFBQUFBQUFBQUFBQUFBQUFBQUFBQUFBQUFBQUFBQUFBQUFBQUFBQUFBQUFBQUFBQUFBQUFBQUFBQUFBQUFBQUFBQUFBQUFBQUFBQUFBQUFBQUFBQUFBQUFBQUFBQUFBQUFBQUFBQUFBQUFBQUFBQUFBQUFBQUFBQUFBQUFBQUFBQUFBQUFBQUFBQUFBQUFBQUFBQUFBQUFBQUFBQUFBQUFBQUFBQUFBQUFBQUFBQUFBQUFBQUFBQUFBQUFBQUFBQUFBQUFBQUFBQUFBQUFBQUFBQUFBQUFBQUFBQUFBQUFBQUFBQUFBQUFBQUFBQUFBQUFBQUFBQUFBQUFBQUFBQUFBQUFBQUFBQUFBQUFBQUFBQUFBQUFBQUFBQUFBQUFBQUFBQUFBQUFBQUFBQUFBQUFBQUFBQUFBQUFBQUFBQUFBQUFBQUFBQUFBQUFBQUFBQUFBQUFBQUFBQUFBQUFBQUFBQUFBQUFBQUFBQUFBQUFBQUFBQUFBQUFBQUFBQUFBQUFBQUFBQUFBQUFBQUFBQUFBQUFBQUFBQUFBQUFBQUFBQUFBQUFBQUFBQUFBQUFBQUFBQUFBQUFBQUFBQUFBQUFBQUFBQUFBQUFBQUFBQUFBQUFBQUFBQUFBQUFBQUFBQUFBQUFBQUFBQUFBQUFBQUFBQUFBQUFBQUFBQUFBQUFBQUFBQUFBQUFBQUFBQUFBQUFBQUFBQUFBQUFBQUFBQUFBQUFBQUFBQUFBQUFBQUFBQUFBQUFBQUFBQUFBQUFBQUFBQUFBQUFBQUFBQUFBQUFBQUFBQUFBQUFBQUFBQUFBQUFBQUFBQUFBQUFBQUFBQUFBQUFBQUFBQUFBQUFBQUFBQUFBQUFBQUFBQUFBQUFBQUFBQUFBQUFBQUFBQUFBQUFBQUFBQUFBQUFBQUFBQUFBQUFBQUFBQUFBQUFBQUFBQUFBQUFBQUFBQUFBQUFBQUFBQUFBQUFBQUFBQUFBQUFBQUFBQUFBQUFBQUFBQUFBQUFBQUFBQUFBQUFBQUFBQUFBQUFBQUFBQUFBQUFBQUFBQUFBQUFBQUFBQUFBQUFBQUFBQUFBQUFBQUFBQUFBQUFBQUFBQUFBQUFBQUFBQUFBQUFBQUFBQUFBQUFBQUFBQUFBQUFBQUFBQUFBQUFBQUFBQUFBQUFBQUFBQUFBQUFBQUFBQUFBQUFBQUFBQUFBQUFBQUFBQUFBQUFBQUFBQUFBQUFBQUFBQUFBQUFBQUFBQUFBQUFBQUFBQUFBQUFBQUFBQUFBQUFBQUFBQUFBQUFBQUFBQUFBQUFBQUFBQUFBQUFBQUFBQUFBQUFBQUFBQUFBQUFBQUFBQUFBQUFBQUFBQUFBQUFBQUFBQUFBQUFBQUFBQUFBQUFBQUFBQUFBQUFBQUFBQUFBQUFBQUFBQUFBQUFBQUFBQUFBQUFBQUFBQUFBQUFBQUFBQUFBQUFBQUFBQUFBQUFBQUFBQUFBQUFBQUFBQUFBQUFBQUFBQUFBQUFBQUFBQUFBQUFBQUFBQUFBQUFBQUFBQUFBQUFBQUFBQUFBQUFBQUFBQUFBQUFBQUFBQUFBQUFBQUFBQUFBQUFBQUFBQUFBQUFBQUFBQUFBQUFBQUFBQUFBQUFBQUFBQUFBQUFBQUFBQUFBQUFBQUFBQUFBQUFBQUFBQUFBQUFBQUFBQUFBQUFBQUFBQUFBQUFBQUFBQUFBQUFBQUFBQUFBQUFBQUFBQUFBQUFBQUFBQUFBQUFBQUFBQUFBQUFBQUFBQUFBQUFBQUFBQUFBQUFBQUFBQUFBQUFBQUFBQUFBQUFBQUFBQUFBQUFBQUFBQUFBQUFBQUFBQUFBQUFBQUFBQUFBQUFBQUFBQUFBQUFBQUFBQUFBQUFBQUFBQUFBQUFBQUFBQUFBQUFBQUFBQUFBQUFBQUFBQUFBQUFBQUFBQUFBQUFBQUFBQUFBQUFBQUFBQUFBQUFBQUFBQUFBQUFBQUFBQUFBQUFBQUFBQUFBQUFBQUFBQUFBQUFBQUFBQUFBQUFBQUFBQUFBQUFBQUFBQUFBQUFBQUFBQUFBQUFBQUFBQUFBQUFBQUFBQUFBQUFBQUFBQUFBQUFBQUFBQUFBQUFBQUFBQUFBQUFBQUFBQUFBQUFBQUFBQUFBQUFBQUFBQUFBQUFBQUFBQUFBQUFBQUFBQUFBQUFBQUFBQUFBQUFBQUFBQUFBQUFBQUFBQUFBQUFBQUFBQUFBQUFBQUFBQUFBQUFBQUFBQUFBQUFBQUFBQUFBQUFBQUFBQUFBQUFBQUFBQUFBQUFBQUFBQUFBQUFBQUFBQUFBQUFBQUFBQUFBQUFBQUFBQUFBQUFBQUFBQUFBQUFBQUFBQUFBQUFBQUFBQUFBQUFBQUFBQUFBQUFBQUFBQUFBQUFBQUFBQUFBQUFBQUFBQUFBQUFBQUFBQUFBQUFBQUFBQUFBQUFBQUFBQUFBQUFBQUFBQUFBQUFBQUFBQUFBQUFBQUFBQUFBQUFBQUFBQUFBQUFBQUFBQUFBQUFBQUFBQUFBQUFBQUFBQUFBQUFBQUFBQUFBQUFBQUFBQUFBQUFBQUFBQUFBQUFBQUFBQUFBQUFBQUFBQUFBQUFBQUFBQUFBQUFBQUFBQUFBQUFBQUFBQUFBQUFBQUFBQUFBQUFBQUFBQUFBQUFBQUFBQUFBQUFBQUFBQUFBQUFBQUFBQUFBQUFBQUFBQUFBQUFBQUFBQUFBQUFBQUFBQUFBQUFBQUFBQUFBQUFBQUFBQUFBQUFBQUFBQUFBQUFBQUFBQUFBQUFBQUFBQUFBQUFBQUFBQUFBQUFBQUFBQUFBQUFBQUFBQUFBQUFBQUFBQUFBQUFBQUFBQUFBQUFBQUFBQUFBQUFBQUFBQUFBQUFBQUFBQUFBQUFBQUFBQUFBQUFBQUFBQUFBQUFBQUFBQUFBQUFBQUFBQUFBQUFBQUFBQUFBQUFBQUFBQUFBQUFBQUFBQUFBQUFBQUFBQUFBQUFBQUFBQUFBQUFBQUFBQUFBQUFBQUFBQUFBQUFBQUFBQUFBQUFBQUFBQUFBQUFBQUFBQUFBQUFBQUFBQUFBQUFBQUFBQUFBQUFBQUFBQUFBQUFBQUFBQUFBQUFBQUFBQUFBQUFBQUFBQUFBQUFBQUFBQUFBQUFBQUFBQUFBQUFBQUFBQUFBQUFBQUFBQUFBQUFBQUFBQUFBQUFBQUFBQUFBQUFBQUFBQUFBQUFBQUFBQUFBQUFBQUFBQUFBQUFBQUFBQUFBQUFBQUFBQUFBQUFBQUFBQUFBQUFBQUFBQUFBQUFBQUFBQUFBQUFBQUFBQUFBQUFBQUFBQUFBQUFBQUFBQUFBQUFBQUFBQUFBQUFBQUFBQUFBQUFBQUFBQUFBQUFBQUFBQUFBQUFBQUFBQUFBQUFBQUFBQUFBQUFBQUFBQUFBQUFBQUFBQUFBQUFBQUFBQUFBQUFBQUFBQUFBQUFBQUFBQUFBQUFBQUFBQUFBQUFBQUFBQUFBQUFBQUFBQUFBQUFBQUFBQUFBQUFBQUFBQUFBQUFBQUFBQUFBQUFBQUFBQUFBQUFBQUFBQUFBQUFBQUFBQUFBQUFBQUFBQUFBQUFBQUFBQUFBQUFBQUFBQUFBQUFBQUFBQUFBQUFBQUFBQUFBQUFBQUFBQUFBQUFBQUFBQUFBQUFBQUFBQUFBQUFBQUFBQUFBQUFBQUFBQUFBQUFBQUFBQUFBQUFBQUFBQUFBQUFBQUFBQUFBQUFBQUFBQUFBQUFBQUFBQUFBQUFBQUFBQUFBQUFBQUFBQUFBQUFBQUFBQUFBQUFBQUFBQUFBQUFBQUFBQUFBQUFBQUFBQUFBQUFBQUFBQUFBQUFBQUFBQUFBQUFBQUFBQUFBQUFBQUFBQUFBQUFBQUFBQUFBQUFBQUFBQUFBQUFBQUFBQUFBQUFBQUFBQUFBQUFBQUFBQUFBQUFBQUFBQUFBQUFBQUFBQUFBQUFBQUFBQUFBQUFBQUFBQUFBQUFBQUFBQUFBQUFBQUFBQUFBQUFBQUFBQUFBQUFBQUFBQUFBQUFBQUFBQUFBQUFBQUFBQUFBQUFBQUFBQUFBQUFBQUFBQUFBQUFBQUFBQUFBQUFBQUFBQUFBQUFBQUFBQUFBQUFBQUFBQUFBQUFBQUFBQUFBQUFBQUFBQUFBQUFBQUFBQUFBQUFBQUFBQUFBQUFBQUFBQUFBQUFBQUFBQUFBQUFBQUFBQUFBQUFBQUFBQUFBQUFBQUFBQUFBQUFBQUFBQUFBQUFBQUFBQUFBQUFBQUFBQUFBQUFBQUFBQUFBQUFBQUFBQUFBQUFBQUFBQUFBQUFBQUFBQUFBQUFBQUFBQUFBQUFBQUFBQUFBQUFBQUFBQUFBQUFBQUFBQUFBQUFBQUFBQUFBQUFBQUFBQUFBQUFBQUFBQUFBQUFBQUFBQUFBQUFBQUFBQUFBQUFBQUFBQUFBQUFBQUFBQUFBQUFBQUFBQUFBQUFBQUFBQUFBQUFBQUFBQUFBQUFBQUFBQUFBQUFBQUFBQUFBQUFBQUFBQUFBQUFBQUFBQUFBQUFBQUFBQUFBQUFBQUFBQUFBQUFBQUFBQUFBQUFBQUFBQUFBQUFBQUFBQUFBQUFBQUFBQUFBQUFBQUFBQUFBQUFBQUFBQUFBQUFBQUFBQUFBQUFBQUFBQUFBQUFBQUFBQUFBQUFBQUFBQUFBQUFBQUFBQUFBQUFBQUFBQUFBQUFBQUFBQUFBQUFBQUFBQUFBQUFBQUFBQUFBQUFBQUFBQUFBQUFBQUFBQUFBQUFBQUFBQUFBQUFBQUFBQUFBQUFBQUFBQUFBQUFBQUFBQUFBQUFBQUFBQUFBQUFBQUFBQUFBQUFBQUFBQUFBQUFBQUFBQUFBQUFBQUFBQUFBQUFBQUFBQUFBQUFBQUFBQUFBQUFBQUFBQUFBQUFBQUFBQUFBQUFBQUFBQUFBQUFBQUFBQUFBQUFBQUFBQUFBQUFBQUFBQUFBQUFBQUFBQUFBQUFBQUFBQUFBQUFBQUFBQUFBQUFBQUFBQUFBQUFBQUFBQUFBQUFBQUFBQUFBQUFBQUFBQUFBQUFBQUFBQUFBQUFBQUFBQUFBQUFBQUFBQUFBQUFBQUFBQUFBQUFBQUFBQUFBQUFBQUFBQUFBQUFBQUFBQUFBQUFBQUFBQUFBQUFBQUFBQUFBQUFBQUFBQUFBQUFBQUFBQUFBQUFBQUFBQUFBQUFBQUFBQUFBQUFBQUFBQUFBQUFBQUFBQUFBQUFBQUFBQUFBQUFBQUFBQUFBQUFBQUFBQUFBQUFBQUFBQUFBQUFBQUFBQUFBQUFBQUFBQUFBQUFBQUFBQUFBQUFBQUFBQUFBQUFBQUFBQUFBQUFBQUFBQUFBQUFBQUFBQUFBQUFBQUFBQUFBQUFBQUFBQUFBQUFBQUFBQUFBQUFBQUFBQUFBQUFBQUFBQUFBQUFBQUFBQUFBQUFBQUFBQUFBQUFBQUFBQUFBQUFBQUFBQUFBQUFBQUFBQUFBQUFBQUFBQUFBQUFBQUFBQUFBQUFBQUFBQUFBQUFBQUFBQUFBQUFBQUFBQUFBQUFBQUFBQUFBQUFBQUFBQUFBQUFBQUFBQUFBQUFBQUFBQUFBQUFBQUFBQUFBQUFBQUFBQUFBQUFBQUFBQUFBQUFBQUFBQUFBQUFBQUFBQUFBQUFBQUFBQUFBQUFBQUFBQUFBQUFBQUFBQUFBQUFBQUFBQUFBQUFBQUFBQUFBQUFBQUFBQUFBQUFBQUFBQUFBQUFBQUFBQUFBQUFBQUFBQUFBQUFBQUFBQUFBQUFBQUFBQUFBQUFBQUFBQUFBQUFBQUFBQUFBQUFBQUFBQUFBQUFBQUFBQUFBQUFBQUFBQUFBQUFBQUFBQUFBQUFBQUFBQUFBQUFBQUFBQUFBQUFBQUFBQUFBQUFBQUFBQUFBQUFBQUFBQUFBQUFBQUFBQUFBQUFBQUFBQUFBQUFBQUFBQUFBQUFBQUFBQUFBQUFBQUFBQUFBQUFBQUFBQUFBQUFBQUFBQUFBQUFBQUFBQUFBQUFBQUFBQUFBQUFBQUFBQUFBQUFBQUFBQUFBQUFBQUFBQUFBQUFBQUFBQUFBQUFBQUFBQUFBQUFBQUFBQUFBQUFBQUFBQUFBQUFBQUFBQUFBQUFBQUFBQUFBQUFBQUFBQUFBQUFBQUFBQUFBQUFBQUFBQUFBQUFBQUFBQUFBQUFBQUFBQUFBQUFBQUFBQUFBQUFBQUFBQUFBQUFBQUFBQUFBQUFBQUFBQUFBQUFBQUFBQUFBQUFBQUFBQUFBQUFBQUFBQUFBQUFBQUFBQUFBQUFBQUFBQUFBQUFBQUFBQUFBQUFBQUFBQUFBQUFBQUFBQUFBQUFBQUFBQUFBQUFBQUFBQUFBQUFBQUFBQUFBQUFBQUFBQUFBQUFBQUFBQUFBQUFBQUFBQUFBQUFBQUFBQUFBQUFBQUFBQUFBQUFBQUFBQUFBQUFBQUFBQUFBQUFBQUFBQUFBQUFBQUFBQUFBQUFBQUFBQUFBQUFBQUFBQUFBQUFBQUFBQUFBQUFBQUFBQUFBQUFBQUFBQUFBQUFBQUFBQUFBQUFBQUFBQUFBQUFBQUFBQUFBQUFBQUFBQUFBQUFBQUFBQUFBQUFBQUFBQUFBQUFBQUFBQUFBQUFBQUFBQUFBQUFBQUFBQUFBQUFBQUFBQUFBQUFBQUFBQUFBQUFBQUFBQUFBQUFBQUFBQUFBQUFBQUFBQUFBQUFBQUFBQUFBQUFBQUFBQUFBQUFBQUFBQUFBQUFBQUFBQUFBQUFBQUFBQUFBQUFBQUFBQUFBQUFBQUFBQUFBQUFBQUFBQUFBQUFBQUFBQUFBQUFBQUFBQUFBQUFBQUFBQUFBQUFBQUFBQUFBQUFBQUFBQUFBQUFBQUFBQUFBQUFBQUFBQUFBQUFBQUFBQUFBQUFBQUFBQUFBQUFBQUFBQUFBQUFBQUFBQUFBQUFBQUFBQUFBQUFBQUFBQUFBQUFBQUFBQUFBQUFBQUFBQUFBQUFBQUFBQUFBQUFBQUFBQUFBQUFBQUFBQUFBQUFBQUFBQUFBQUFBQUFBQUFBQUFBQUFBQUFBQUFBQUFBQUFBQUFBQUFBQUFBQUFBQUFBQUFBQUFBQUFBQUFBQUFBQUFBQUFBQUFBQUFBQUFBQUFBQUFBQUFBQUFBQUFBQUFBQUFBQUFBQUFBQUFBQUFBQUFBQUFBQUFBQUFBQUFBQUFBQUFBQUFBQUFBQUFBQUFBQUFBQUFBQUFBQUFBQUFBQUFBQUFBQUFBQUFBQUFBQUFBQUFBQUFBQUFBQUFBQUFBQUFBQUFBQUFBQUFBQUFBQUFBQUFBQUFBQUFBQUFBQUFBQUFBQUFBQUFBQUFBQUFBQUFBQUFBQUFBQUFBQUFBQUFBQUFBQUFBQUFBQUFBQUFBQUFBQUFBQUFBQUFBQUFBQUFBQUFBQUFBQUFBQUFBQUFBQUFBQUFBQUFBQUFBQUFBQUFBQUFBQUFBQUFBQUFBQUFBQUFBQUFBQUFBQUFBQUFBQUFBQUFBQUFBQUFBQUFBQUFBQUFBQUFBQUFBQUFBQUFBQUFBQUFBQUFBQUFBQUFBQUFBQUFBQUFBQUFBQUFBQUFBQUFBQUFBQUFBQUFBQUFBQUFBQUFBQUFBQUFBQUFBQUFBQUFBQUFBQUFBQUFBQUFBQUFBQUFBQUFBQUFBQUFBQUFBQUFBQUFBQUFBQUFBQUFBQUFBQUFBQUFBQUFBQUFBQUFBQUFBQUFBQUFBQUFBQUFBQUFBQUFBQUFBQUFBQUFBQUFBQUFBQUFBQUFBQUFBQUFBQUFBQUFBQUFBQUFBQUFBQUFBQUFBQUFBQUFBQUFBQUFBQUFBQUFBQUFBQUFBQUFBQUFBQUFBQUFBQUFBQUFBQUFBQUFBQUFBQUFBQUFBQUFBQUFBQUFBQUFBQUFBQUFBQUFBQUFBQUFBQUFBQUFBQUFBQUFBQUFBQUFBQUFBQUFBQUFBQUFBQUFBQUFBQUFBQUFBQUFBQUFBQUFBQUFBQUFBQUFBQUFBQUFBQUFBQUFBQUFBQUFBQUFBQUFBQUFBQUFBQUFBQUFBQUFBQUFBQUFBQUFBQUFBQUFBQUFBQUFBQUFBQUFBQUFBQUFBQUFBQUFBQUFBQUFBQUFBQUFBQUFBQUFBQUFBQUFBQUFBQUFBQUFBQUFBQUFBQUFBQUFBQUFBQUFBQUFBQUFBQUFBQUFBQUFBQUFBQUFBQUFBQUFBQUFBQUFBQUFBQUFBQUFBQUFBQUFBQUFBQUFBQUFBQUFBQUFBQUFBQUFBQUFBQUFBQUFBQUFBQUFBQUFBQUFBQUFBQUFBQUFBQUFBQUFBQUFBQUFBQUFBQUFBQUFBQUFBQUFBQUFBQUFBQUFBQUFBQUFBQUFBQUFBQUFBQUFBQUFBQUFBQUFBQUFBQUFBQUFBQUFBQUFBQUFBQUFBQUFBQUFBQUFBQUFBQUFBQUFBQUFBQUFBQUFBQUFBQUFBQUFBQUFBQUFBQUFBQUFBQUFBQUFBQUFBQUFBQUFBQUFBQUFBQUFBQUFBQUFBQUFBQUFBQUFBQUFBQUFBQUFBQUFBQUFBQUFBQUFBQUFBQUFBQUFBQUFBQUFBQUFBQUFBQUFBQUFBQUFBQUFBQUFBQUFBQUFBQUFBQUFBQUFBQUFBQUFBQUFBQUFBQUFBQUFBQUFBQUFBQUFBQUFBQUFBQUFBQUFBQUFBQUFBQUFBQUFBQUFBQUFBQUFBQUFBQUFBQUFBQUFBQUFBQUFBQUFBQUFBQUFBQUFBQUFBQUFBQUFBQUFBQUFBQUFBQUFBQUFBQUFBQUFBQUFBQUFBQUFBQUFBQUFBQUFBQUFBQUFBQUFBQUFBQUFBQUFBQUFBQUFBQUFBQUFBQUFBQUFBQUFBQUFBQUFBQUFBQUFBQUFBQUFBQUFBQUFBQUFBQUFBQUFBQUFBQUFBQUFBQUFBQUFBQUFBQUFBQUFBQUFBQUFBQUFBQUFBQUFBQUFBQUFBQUFBQUFBQUFBQUFBQUFBQUFBQUFBQUFBQUFBQUFBQUFBQUFBQUFBQUFBQUFBQUFBQUFBQUFBQUFBQUFBQUFBQUFBQUFBQUFBQUFBQUFBQUFBQUFBQUFBQUFBQUFBQUFBQUFBQUFBQUFBQUFBQUFBQUFBQUFBQUFBQUFBQUFBQUFBQUFBQUFBQUFBQUFBQUFBQUFBQUFBQUFBQUFBQUFBQUFBQUFBQUFBQUFBQUFBQUFBQUFBQUFBQUFBQUFBQUFBQUFBQUFBQUFBQUFBQUFBQUFBQUFBQUFBQUFBQUFBQUFBQUFBQUFBQUFBQUFBQUFBQUFBQUFBQUFBQUFBQUFBQUFBQUFBQUFBQUFBQUFBQUFBQUFBQUFBQUFBQUFBQUFBQUFBQUFBQUFBQUFBQUFBQUFBQUFBQUFBQUFBQUFBQUFBQUFBQUFBQUFBQUFBQUFBQUFBQUFBQUFBQUFBQUFBQUFBQUFBQUFBQUFBQUFBQUFBQUFBQUFBQUFBQUFBQUFBQUFBQUFBQUFBQUFBQUFBQUFBQUFBQUFBQUFBQUFBQUFBQUFBQUFBQUFBQUFBQUFBQUFBQUFBQUFBQUFBQUFBQUFBQUFBQUFBQUFBQUFBQUFBQUFBQUFBQUFBQUFBQUFBQUFBQUFBQUFBQUFBQUFBQUFBQUFBQUFBQUFBQUFBQUFBQUFBQUFBQUFBQUFBQUFBQUFBQUFBQUFBQUFBQUFBQUFBQUFBQUFBQUFBQUFBQUFBQUFBQUFBQUFBQUFBQUFBQUFBQUFBQUFBQUFBQUFBQUFBQUFBQUFBQUFBQUFBQUFBQUFBQUFBQUFBQUFBQUFBQUFBQUFBQUFBQUFBQUFBQUFBQUFBQUFBQUFBQUFBQUFBQUFBQUFBQUFBQUFBQUFBQUFBQUFBQUFBQUFBQUFBQUFBQUFBQUFBQUFBQUFBQUFBQUFBQUFBQUFBQUFBQUFBQUFBQUFBQUFBQUFBQUFBQUFBQUFBQUFBQUFBQUFBQUFBQUFBQUFBQUFBQUFBQUFBQUFBQUFBQUFBQUFBQUFBQUFBQUFBQUFBQUFBQUFBQUFBQUFBQUFBQUFBQUFBQUFBQUFBQUFBQUFBQUFBQUFBQUFBQUFBQUFBQUFBQUFBQUFBQUFBQUFBQUFBQUFBQUFBQUFBQUFBQUFBQUFBQUFBQUFBQUFBQUFBQUFBQUFBQUFBQUFBQUFBQUFBQUFBQUFBQUFBQUFBQUFBQUFBQUFBQUFBQUFBQUFBQUFBQUFBQUFBQUFBQUFBQUFBQUFBQUFBQUFBQUFBQUFBQUFBQUFBQUFBQUFBQUFBQUFBQUFBQUFBQUFBQUFBQUFBQUFBQUFBQUFBQUFBQUFBQUFBQUFBQUFBQUFBQUFBQUFBQUFBQUFBQUFBQUFBQUFBQUFBQUFBQUFBQUFBQUFBQUFBQUFBQUFBQUFBQUFBQUFBQUFBQUFBQUFBQUFBQUFBQUFBQUFBQUFBQUFBQUFBQUFBQUFBQUFBQUFBQUFBQUFBQUFBQUFBQUFBQUFBQUFBQUFBQUFBQUFBQUFBQUFBQUFBQUFBQUFBQUFBQUFBQUFBQUFBQUFBQUFBQUFBQUFBQUFBQUFBQUFBQUFBQUFBQUFBQUFBQUFBQUFBQUFBQUFBQUFBQUFBQUFBQUFBQUFBQUFBQUFBQUFBQUFBQUFBQUFBQUFBQUFBQUFBQUFBQUFBQUFBQUFBQUFBQUFBQUFBQUFBQUFBQUFBQUFBQUFBQUFBQUFBQUFBQUFBQUFBQUFBQUFBQUFBQUFBQUFBQUFBQUFBQUFBQUFBQUFBQUFBQUFBQUFBQUFBQUFBQUFBQUFBQUFBQUFBQUFBQUFBQUFBQUFBQUFBQUFBQUFBQUFBQUFBQUFBQUFBQUFBQUFBQUFBQUFBQUFBQUFBQUFBQUFBQUFBQUFBQUFBQUFBQUFBQUFBQUFBQUFBQUFBQUFBQUFBQUFBQUFBQUFBQUFBQUFBQUFBQUFBQUFBQUFBQUFBQUFBQUFBQUFBQUFBQUFBQUFBQUFBQUFBQUFBQUFBQUFBQUFBQUFBQUFBQUFBQUFBQUFBQUFBQUFBQUFBQUFBQUFBQUFBQUFBQUFBQUFBQUFBQUFBQUFBQUFBQUFBQUFBQUFBQUFBQUFBQUFBQUFBQUFBQUFBQUFBQUFBQUFBQUFBQUFBQUFBQUFBQUFBQUFBQUFBQUFBQUFBQUFBQUFBQUFBQUFBQUFBQUFBQUFBQUFBQUFBQUFBQUFBQUFBQUFBQUFBQUFBQUFBQUFBQUFBQUFBQUFBQUFBQUFBQUFBQUFBQUFBQUFBQUFBQUFBQUFBQUFBQUFBQUFBQUFBQUFBQUFBQUFBQUFBQUFBQUFBQUFBQUFBQUFBQUFBQUFBQUFBQUFBQUFBQUFBQUFBQUFBQUFBQUFBQUFBQUFBQUFBQUFBQUFBQUFBQUFBQUFBQUFBQUFBQUFBQUFBQUFBQUFBQUFBQUFBQUFBQUFBQUFBQUFBQUFBQUFBQUFBQUFBQUFBQUFBQUFBQUFBQUFBQUFBQUFBQUFBQUFBQUFBQUFBQUFBQUFBQUFBQUFBQUFBQUFBQUFBQUFBQUFBQUFBQUFBQUFBQUFBQUFBQUFBQUFBQUFBQUFBQUFBQUFBQUFBQUFBQUFBQUFBQUFBQUFBQUFBQUFBQUFBQUFBQUFBQUFBQUFBQUFBQUFBQUFBQUFBQUFBQUFBQUFBQUFBQUFBQUFBQUFBQUFBQUFBQUFBQUFBQUFBQUFBQUFBQUFBQUFBQUFBQUFBQUFBQUFBQUFBQUFBQUFBQUFBQUFBQUFBQUFBQUFBQUFBQUFBQUFBQUFBQUFBQUFBQUFBQUFBQUFBQUFBQUFBQUFBQUFBQUFBQUFBQUFBQUFBQUFBQUFBQUFBQUFBQUFBQUFBQUFBQUFBQUFBQUFBQUFBQUFBQUFBQUFBQUFBQUFBQUFBQUFBQUFBQUFBQUFBQUFBQUFBQUFBQUFBQUFBQUFBQUFBQUFBQUFBQUFBQUFBQUFBQUFBQUFBQUFBQUFBQUFBQUFBQUFBQUFBQUFBQUFBQUFBQUFBQUFBQUFBQUFBQUFBQUFBQUFBQUFBQUFBQUFBQUFBQUFBQUFBQUFBQUFBQUFBQUFBQUFBQUFBQUFBQUFBQUFBQUFBQUFBQUFBQUFBQUFBQUFBQUFBQUFBQUFBQUFBQUFBQUFBQUFBQUFBQUFBQUFBQUFBQUFBQUFBQUFBQUFBQUFBQUFBQUFBQUFBQUFBQUFBQUFBQUFBQUFBQUFBQUFBQUFBQUFBQUFBQUFBQUFBQUFBQUFBQUFBQUFBQUFBQUFBQUFBQUFBQUFBQUFBQUFBQUFBQUFBQUFBQUFBQUFBQUFBQUFBQUFBQUFBQUFBQUFBQUFBQUFBQUFBQUFBQUFBQUFBQUFBQUFBQUFBQUFBQUFBQUFBQUFBQUFBQUFBQUFBQUFBQUFBQUFBQUFBQUFBQUFBQUFBQUFBQUFBQUFBQUFBQUFBQUFBQUFBQUFBQUFBQUFBQUFBQUFBQUFBQUFBQUFBQUFBQUFBQUFBQUFBQUFBQUFBQUFBQUFBQUFBQUFBQUFBQUFBQUFBQUFBQUFBQUFBQUFBQUFBQUFBQUFBQUFBQUFBQUFBQUFBQUFBQUFBQUFBQUFBQUFBQUFBQUFBQUFBQUFBQUFBQUFBQUFBQUFBQUFBQUFBQUFBQUFBQUFBQUFBQUFBQUFBQUFBQUFBQUFBQUFBQUFBQUFBQUFBQUFBQUFBQUFBQUFBQUFBQUFBQUFBQUFBQUFBQUFBQUFBQUFBQUFBQUFBQUFBQUFBQUFBQUFBQUFBQUFBQUFBQUFBQUFBQUFBQUFBQUFBQUFBQUFBQUFBQUFBQUFBQUFBQUFBQUFBQUFBQUFBQUFBQUFBQUFBQUFBQUFBQUFBQUFBQUFBQUFBQUFBQUFBQUFBQUFBQUFBQUFBQUFBQUFBQUFBQUFBQUFBQUFBQUFBQUFBQUFBQUFBQUFBQUFBQUFBQUFBQUFBQUFBQUFBQUFBQUFBQUFBQUFBQUFBQUFBQUFBQUFBQUFBQUFBQUFBQUFBQUFBQUFBQUFBQUFBQUFBQUFBQUFBQUFBQUFBQUFBQUFBQUFBQUFBQUFBQUFBQUFBQUFBQUFBQUFBQUFBQUFBQUFBQUFBQUFBQUFBQUFBQUFBQUFBQUFBQUFBQUFBQUFBQUFBQUFBQUFBQUFBQUFBQUFBQUFBQUFBQUFBQUFBQUFBQUFBQUFBQUFBQUFBQUFBQUFBQUFBQUFBQUFBQUFBQUFBQUFBQUFBQUFBQUFBQUFBQUFBQUFBQUFBQUFBQUFBQUFBQUFBQUFBQUFBQUFBQUFBQUFBQUFBQUFBQUFBQUFBQUFBQUFBQUFBQUFBQUFBQUFBQUFBQUFBQUFBQUFBQUFBQUFBQUFBQUFBQUFBQUFBQUFBQUFBQUFBQUFBQUFBQUFBQUFBQUFBQUFBQUFBQUFBQUFBQUFBQUFBQUFBQUFBQUFBQUFBQUFBQUFBQUFBQUFBQUFBQUFBQUFBQUFBQUFBQUFBQUFBQUFBQUFBQUFBQUFBQUFBQUFBQUFBQUFBQUFBQUFBQUFBQUFBQUFBQUFBQUFBQUFBQUFBQUFBQUFBQUFBQUFBQUFBQUFBQUFBQUFBQUFBQUFBQUFBQUFBQUFBQUFBQUFBQUFBQUFBQUFBQUFBQUFBQUFBQUFBQUFBQUFBQUFBQUFBQUFBQUFBQUFBQUFBQUFBQUFBQUFBQUFBQUFBQUFBQUFBQUFBQUFBQUFBQUFBQUFBQUFBQUFBQUFBQUFBQUFBQUFBQUFBQUFBQUFBQUFBQUFBQUFBQUFBQUFBQUFBQUFBQUFBQUFBQUFBQUFBQUFBQUFBQUFBQUFBQUFBQUFBQUFBQUFBQUFBQUFBQUFBQUFBQUFBQUFBQUFBQUFBQUFBQUFBQUFBQUFBQUFBQUFBQUFBQUFBQUFBQUFBQUFBQUFBQUFBQUFBQUFBQUFBQUFBQUFBQUFBQUFBQUFBQUFBQUFBQUFBQUFBQUFBQUFBQUFBQUFBQUFBQUFBQUFBQUFBQUFBQUFBQUFBQUFBQUFBQUFBQUFBQUFBQUFBQUFBQUFBQUFBQUFBQUFBQUFBQUFBQUFBQUFBQUFBQUFBQUFBQUFBQUFBQUFBQUFBQUFBQUFBQUFBQUFBQUFBQUFBQUFBQUFBQUFBQUFBQUFBQUFBQUFBQUFBQUFBQUFBQUFBQUFBQUFBQUFBQUFBQUFBQUFBQUFBQUFBQUFBQUFBQUFBQUFBQUFBQUFBQUFBQUFBQUFBQUFBQUFBQUFBQUFBQUFBQUFBQUFBQUFBQUFBQUFBQUFBQUFBQUFBQUFBQUFBQUFBQUFBQUFBQUFBQUFBQUFBQUFBQUFBQUFBQUFBQUFBQUFBQUFBQUFBQUFBQUFBQUFBQUFBQUFBQUFBQUFBQUFBQUFBQUFBQUFBQUFBQUFBQUFBQUFBQUFBQUFBQUFBQUFBQUFBQUFBQUFBQUFBQUFBQUFBQUFBQUFBQUFBQUFBQUFBQUFBQUFBQUFBQUFBQUFBQUFBQUFBQUFBQUFBQUFBQUFBQUFBQUFBQUFBQUFBQUFBQUFBQUFBQUFBQUFBQUFBQUFBQUFBQUFBQUFBQUFBQUFBQUFBQUFBQUFBQUFBQUFBQUFBQUFBQUFBQUFBQUFBQUFBQUFBQUFBQUFBQUFBQUFBQUFBQUFBQUFBQUFBQUFBQUFBQUFBQUFBQUFBQUFBQUFBQUFBQUFBQUFBQUFBQUFBQUFBQUFBQUFBQUFBQUFBQUFBQUFBQUFBQUFBQUFBQUFBQUFBQUFBQUFBQUFBQUFBQUFBQUFBQUFBQUFBQUFBQUFBQUFBQUFBQUFBQUFBQUFBQUFBQUFBQUFBQUFBQUFBQUFBQUFBQUFBQUFBQUFBQUFBQUFBQUFBQUFBQUFBQUFBQUFBQUFBQUFBQUFBQUFBQUFBQUFBQUFBQUFBQUFBQUFBQUFBQUFBQUFBQUFBQUFBQUFBQUFBQUFBQUFBQUFBQUFBQUFBQUFBQUFBQUFBQUFBQUFBQUFBQUFBQUFBQUFBQUFBQUFBQUFBQUFBQUFBQUFBQUFBQUFBQUFBQUFBQUFBQUFBQUFBQUFBQUFBQUFBQUFBQUFBQUFBQUFBQUFBQUFBQUFBQUFBQUFBQUFBQUFBQUFBQUFBQUFBQUFBQUFBQUFBQUFBQUFBQUFBQUFBQUFBQUFBQUFBQUFBQUFBQUFBQUFBQUFBQUFBQUFBQUFBQUFBQUFBQUFBQUFBQUFBQUFBQUFBQUFBQUFBQUFBQUFBQUFBQUFBQUFBQUFBQUFBQUFBQUFBQUFBQUFBQUFBQUFBQUFBQUFBQUFBQUFBQUFBQUFBQUFBQUFBQUFBQUFBQUFBQUFBQUFBQUFBQUFBQUFBQUFBQUFBQUFBQUFBQUFBQUFBQUFBQUFBQUFBQUFBQUFBQUFBQUFBQUFBQUFBQUFBQUFBQUFBQUFBQUFBQUFBQUFBQUFBQUFBQUFBQUFBQUFBQUFBQUFBQUFBQUFBQUFBQUFBQUFBQUFBQUFBQUFBQUFBQUFBQUFBQUFBQUFBQUFBQUFBQUFBQUFBQUFBQUFBQUFBQUFBQUFBQUFBQUFBQUFBQUFBQUFBQUFBQUFBQUFBQUFBQUFBQUFBQUFBQUFBQUFBQUFBQUFBQUFBQUFBQUFBQUFBQUFBQUFBQUFBQUFBQUFBQUFBQUFBQUFBQUFBQUFBQUFBQUFBQUFBQUFBQUFBQUFBQUFBQUFBQUFBQUFBQUFBQUFBQUFBQUFBQUFBQUFBQUFBQUFBQUFBQUFBQUFBQUFBQUFBQUFBQUFBQUFBQUFBQUFBQUFBQUFBQUFBQUFBQUFBQUFBQUFBQUFBQUFBQUFBQUFBQUFBQUFBQUFBQUFBQUFBQUFBQUFBQUFBQUFBQUFBQUFBQUFBQUFBQUFBQUFBQUFBQUFBQUFBQUFBQUFBQUFBQUFBQUFBQUFBQUFBQUFBQUFBQUFBQUFBQUFBQUFBQUFBQUFBQUFBQUFBQUFBQUFBQUFBQUFBQUFBQUFBQUFBQUFBQUFBQUFBQUFBQUFBQUFBQUFBQUFBQUFBQUFBQUFBQUFBQUFBQUFBQUFBQUFBQUFBQUFBQUFBQUFBQUFBQUFBQUFBQUFBQUFBQUFBQUFBQUFBQUFBQUFBQUFBQUFBQUFBQUFBQUFBQUFBQUFBQUFBQUFBQUFBQUFBQUFBQUFBQUFBQUFBQUFBQUFBQUFBQUFBQUFBQUFBQUFBQUFBQUFBQUFBQUFBQUFBQUFBQUFBQUFBQUFBQUFBQUFBQUFBQUFBQUFBQUFBQUFBQUFBQUFBQUFBQUFBQUFBQUFBQUFBQUFBQUFBQUFBQUFBQUFBQUFBQUFBQUFBQUFBQUFBQUFBQUFBQUFBQUFBQUFBQUFBQUFBQUFBQUFBQUFBQUFBQUFBQUFBQUFBQUFBQUFBQUFBQUFBQUFBQUFBQUFBQUFBQUFBQUFBQUFBQUFBQUFBQUFBQUFBQUFBQUFBQUFBQUFBQUFBQUFBQUFBQUFBQUFBQUFBQUFBQUFBQUFBQUFBQUFBQUFBQUFBQUFBQUFBQUFBQUFBQUFBQUFBQUFBQUFBQUFBQUFBQUFBQUFBQUFBQUFBQUFBQUFBQUFBQUFBQUFBQUFBQUFBQUFBQUFBQUFBQUFBQUFBQUFBQUFBQUFBQUFBQUFBQUFBQUFBQUFBQUFBQUFBQUFBQUFBQUFBQUFBQUFBQUFBQUFBQUFBQUFBQUFBQUFBQUFBQUFBQUFBQUFBQUFBQUFBQUFBQUFBQUFBQUFBQUFBQUFBQUFBQUFBQUFBQUFBQUFBQUFBQUFBQUFBQUFBQUFBQUFBQUFBQUFBQUFBQUFBQUFBQUFBQUFBQUFBQUFBQUFBQUFBQUFBQUFBQUFBQUFBQUFBQUFBQUFBQUFBQUFBQUFBQUFBQUFBQUFBQUFBQUFBQUFBQUFBQUFBQUFBQUFBQUFBQUFBQUFBQUFBQUFBQUFBQUFBQUFBQUFBQUFBQUFBQUFBQUFBQUFBQUFBQUFBQUFBQUFBQUFBQUFBQUFBQUFBQUFBQUFBQUFBQUFBQUFBQUFBQUFBQUFBQUFBQUFBQUFBQUFBQUFBQUFBQUFBQUFBQUFBQUFBQUFBQUFBQUFBQUFBQUFBQUFBQUFBQUFBQUFBQUFBQUFBQUFBQUFBQUFBQUFBQUFBQUFBQUFBQUFBQUFBQUFBQUFBQUFBQUFBQUFBQUFBQUFBQUFBQUFBQUFBQUFBQUFBQUFBQUFBQUFBQUFBQUFBQUFBQUFBQUFBQUFBQUFBQUFBQUFBQUFBQUFBQUFBQUFBQUFBQUFBQUFBQUFBQUFBQUFBQUFBQUFBQUFBQUFBQUFBQUFBQUFBQUFBQUFBQUFBQUFBQUFBQUFBQUFBQUFBQUFBQUFBQUFBQUFBQUFBQUFBQUFBQUFBQUFBQUFBQUFBQUFBQUFBQUFBQUFBQUFBQUFBQUFBQUFBQUFBQUFBQUFBQUFBQUFBQUFBQUFBQUFBQUFBQUFBQUFBQUFBQUFBQUFBQUFBQUFBQUFBQUFBQUFBQUFBQUFBQUFBQUFBQUFBQUFBQUFBQUFBQUFBQUFBQUFBQUFBQUFBQUFBQUFBQUFBQUFBQUFBQUFBQUFBQUFBQUFBQUFBQUFBQUFBQUFBQUFBQUFBQUFBQUFBQUFBQUFBQUFBQUFBQUFBQUFBQUFBQUFBQUFBQUFBQUFBQUFBQUFBQUFBQUFBQUFBQUFBQUFBQUFBQUFBQUFBQUFBQUFBQUFBQUFBQUFBQUFBQUFBQUFBQUFBQUFBQUFBQUFBQUFBQUFBQUFBQUFBQUFBQUFBQUFBQUFBQUFBQUFBQUFBQUFBQUFBQUFBQUFBQUFBQUFBQUFBQUFBQUFBQUFBQUFBQUFBQUFBQUFBQUFBQUFBQUFBQUFBQUFBQUFBQUFBQUFBQUFBQUFBQUFBQUFBQUFBQUFBQUFBQUFBQUFBQUFBQUFBQUFBQUFBQUFBQUFBQUFBQUFBQUFBQUFBQUFBQUFBQUFBQUFBQUFBQUFBQUFBQUFBQUFBQUFBQUFBQUFBQUFBQUFBQUFBQUFBQUFBQUFBQUFBQUFBQUFBQUFBQUFBQUFBQUFBQUFBQUFBQUFBQUFBQUFBQUFBQUFBQUFBQUFBQUFBQUFBQUFBQUFBQUFBQUFBQUFBQUFBQUFBQUFBQUFBQUFBQUFBQUFBQUFBQUFBQUFBQUFBQUFBQUFBQUFBQUFBQUFBQUFBQUFBQUFBQUFBQUFBQUFBQUFBQUFBQUFBQUFBQUFBQUFBQUFBQUFBQUFBQUFBQUFBQUFBQUFBQUFBQUFBQUFBQUFBQUFBQUFBQUFBQUFBQUFBQUFBQUFBQUFBQUFBQUFBQUFBQUFBQUFBQUFBQUFBQUFBQUFBQUFBQUFBQUFBQUFBQUFBQUFBQUFBQUFBQUFBQUFBQUFBQUFBQUFBQUFBQUFBQUFBQUFBQUFBQUFBQUFBQUFBQUFBQUFBQUFBQUFBQUFBQUFBQUFBQUFBQUFBQUFBQUFBQUFBQUFBQUFBQUFBQUFBQUFBQUFBQUFBQUFBQUFBQUFBQUFBQUFBQUFBQUFBQUFBQUFBQUFBQUFBQUFBQUFBQUFBQUFBQUFBQUFBQUFBQUFBQUFBQUFBQUFBQUFBQUFBQUFBQUFBQUFBQUFBQUFBQUFBQUFBQUFBQUFBQUFBQUFBQUFBQUFBQUFBQUFBQUFBQUFBQUFBQUFBQUFBQUFBQUFBQUFBQUFBQUFBQUFBQUFBQUFBQUFBQUFBQUFBQUFBQUFBQUFBQUFBQUFBQUFBQUFBQUFBQUFBQUFBQUFBQUFBQUFBQUFBQUFBQUFBQUFBQUFBQUFBQUFBQUFBQUFBQUFBQUFBQUFBQUFBQUFBQUFBQUFBQUFBQUFBQUFBQUFBQUFBQUFBQUFBQUFBQUFBQUFBQUFBQUFBQUFBQUFBQUFBQUFBQUFBQUFBQUFBQUFBQUFBQUFBQUFBQUFBQUFBQUFBQUFBQUFBQUFBQUFBQUFBQUFBQUFBQUFBQUFBQUFBQUFBQUFBQUFBQUFBQUFBQUFBQUFBQUFBQUFBQUFBQUFBQUFBQUFBQUFBQUFBQUFBQUFBQUFBQUFBQUFBQUFBQUFBQUFBQUFBQUFBQUFBQUFBQUFBQUFBQUFBQUFBQUFBQUFBQUFBQUFBQUFBQUFBQUFBQUFBQUFBQUFBQUFBQUFBQUFBQUFBQUFBQUFBQUFBQUFBQUFBQUFBQUFBQUFBQUFBQUFBQUFBQUFBQUFBQUFBQUFBQUFBQUFBQUFBQUFBQUFBQUFBQUFBQUFBQUFBQUFBQUFBQUFBQUFBQUFBQUFBQUFBQUFBQUFBQUFBQUFBQUFBQUFBQUFBQUFBQUFBQUFBQUFBQUFBQUFBQUFBQUFBQUFBQUFBQUFBQUFBQUFBQUFBQUFBQUFBQUFBQUFBQUFBQUFBQUFBQUFBQUFBQUFBQUFBQUFBQUFBQUFBQUFBQUFBQUFBQUFBQUFBQUFBQUFBQUFBQUFBQUFBQUFBQUFBQUFBQUFBQUFBQUFBQUFBQUFBQUFBQUFBQUFBQUFBQUFBQUFBQUFBQUFBQUFBQUFBQUFBQUFBQUFBQUFBQUFBQUFBQUFBQUFBQUFBQUFBQUFBQUFBQUFBQUFBQUFBQUFBQUFBQUFBQUFBQUFBQUFBQUFBQUFBQUFBQUFBQUFBQUFBQUFBQUFBQUFBQUFBQUFBQUFBQUFBQUFBQUFBQUFBQUFBQUFBQUFBQUFBQUFBQUFBQUFBQUFBQUFBQUFBQUFBQUFBQUFBQUFBQUFBQUFBQUFBQUFBQUFBQUFBQUFBQUFBQUFBQUFBQUFBQUFBQUFBQUFBQUFBQUFBQUFBQUFBQUFBQUFBQUFBQUFBQUFBQUFBQUFBQUFBQUFBQUFBQUFBQUFBQUFBQUFBQUFBQUFBQUFBQUFBQUFBQUFBQUFBQUFBQUFBQUFBQUFBQUFBQUFBQUFBQUFBQUFBQUFBQUFBQUFBQUFBQUFBQUFBQUFBQUFBQUFBQUFBQUFBQUFBQUFBQUFBQUFBQUFBQUFBQUFBQUFBQUFBQUFBQUFBQUFBQUFBQUFBQUFBQUFBQUFBQUFBQUFBQUFBQUFBQUFBQUFBQUFBQUFBQUFBQUFBQUFBQUFBQUFBQUFBQUFBQUFBQUFBQUFBQUFBQUFBQUFBQUFBQUFBQUFBQUFBQUFBQUFBQUFBQUFBQUFBQUFBQUFBQUFBQUFBQUFBQUFBQUFBQUFBQUFBQUFBQUFBQUFBQUFBQUFBQUFBQUFBQUFBQUFBQUFBQUFBQUFBQUFBQUFBQUFBQUFBQUFBQUFBQUFBQUFBQUFBQUFBQUFBQUFBQUFBQUFBQUFBQUFBQUFBQUFBQUFBQUFBQUFBQUFBQUFBQUFBQUFBQUFBQUFBQUFBQUFBQUFBQUFBQUFBQUFBQUFBQUFBQUFBQUFBQUFBQUFBQUFBQUFBQUFBQUFBQUFBQUFBQUFBQUFBQUFBQUFBQUFBQUFBQUFBQUFBQUFBQUFBQUFBQUFBQUFBQUFBQUFBQUFBQUFBQUFBQUFBQUFBQUFBQUFBQUFBQUFBQUFBQUFBQUFBQUFBQUFBQUFBQUFBQUFBQUFBQUFBQUFBQUFBQUFBQUFBQUFBQUFBQUFBQUFBQUFBQUFBQUFBQUFBQUFBQUFBQUFBQUFBQUFBQUFBQUFBQUFBQUFBQUFBQUFBQUFBQUFBQUFBQUFBQUFBQUFBQUFBQUFBQUFBQUFBQUFBQUFBQUFBQUFBQUFBQUFBQUFBQUFBQUFBQUFBQUFBQUFBQUFBQUFBQUFBQUFBQUFBQUFBQUFBQUFBQUFBQUFBQUFBQUFBQUFBQUFBQUFBQUFBQUFBQUFBQUFBQUFBQUFBQUFBQUFBQUFBQUFBQUFBQUFBQUFBQUFBQUFBQUFBQUFBQUFBQUFBQUFBQUFBQUFBQUFBQUFBQUFBQUFBQUFBQUFBQUFBQUFBQUFBQUFBQUFBQUFBQUFBQUFBQUFBQUFBQUFBQUFBQUFBQUFBQUFBQUFBQUFBQUFBQUFBQUFBQUFBQUFBQUFBQUFBQUFBQUFBQUFBQUFBQUFBQUFBQUFBQUFBQUFBQUFBQUFBQUFBQUFBQUFBQUFBQUFBQUFBQUFBQUFBQUFBQUFBQUFBQUFBQUFBQUFBQUFBQUFBQUFBQUFBQUFBQUFBQUFBQUFBQUFBQUFBQUFBQUFBQUFBQUFBQUFBQUFBQUFBQUFBQUFBQUFBQUFBQUFBQUFBQUFBQUFBQUFBQUFBQUFBQUFBQUFBQUFBQUFBQUFBQUFBQUFBQUFBQUFBQUFBQUFBQUFBQUFBQUFBQUFBQUFBQUFBQUFBQUFBQUFBQUFBQUFBQUFBQUFBQUFBQUFBQUFBQUFBQUFBQUFBQUFBQUFBQUFBQUFBQUFBQUFBQUFBQUFBQUFBQUFBQUFBQUFBQUFBQUFBQUFBQUFBQUFBQUFBQUFBQUFBQUFBQUFBQUFBQUFBQUFBQUFBQUFBQUFBQUFBQUFBQUFBQUFBQUFBQUFBQUFBQUFBQUFBQUFBQUFBQUFBQUFBQUFBQUFBQUFBQUFBQUFBQUFBQUFBQUFBQUFBQUFBQUFBQUFBQUFBQUFBQUFBQUFBQUFBQUFBQUFBQUFBQUFBQUFBQUFBQUFBQUFBQUFBQUFBQUFBQUFBQUFBQUFBQUFBQUFBQUFBQUFBQUFBQUFBQUFBQUFBQUFBQUFBQUFBQUFBQUFBQUFBQUFBQUFBQUFBQUFBQUFBQUFBQUFBQUFBQUFBQUFBQUFBQUFBQUFBQUFBQUFBQUFBQUFBQUFBQUFBQUFBQUFBQUFBQUFBQUFBQUFBQUFBQUFBQUFBQUFBQUFBQUFBQUFBQUFBQUFBQUFBQUFBQUFBQUFBQUFBQUFBQUFBQUFBQUFBQUFBQUFBQUFBQUFBQUFBQUFBQUFBQUFBQUFBQUFBQUFBQUFBQUFBQUFBQUFBQUFBQUFBQUFBQUFBQUFBQUFBQUFBQUFBQUFBQUFBQUFBQUFBQUFBQUFBQUFBQUFBQUFBQUFBQUFBQUFBQUFBQUFBQUFBQUFBQUFBQUFBQUFBQUFBQUFBQUFBQUFBQUFBQUFBQUFBQUFBQUFBQUFBQUFBQUFBQUFBQUFBQUFBQUFBQUFBQUFBQUFBQUFBQUFBQUFBQUFBQUFBQUFBQUFBQUFBQUFBQUFBQUFBQUFBQUFBQUFBQUFBQUFBQUFBQUFBQUFBQUFBQUFBQUFBQUFBQUFBQUFBQUFBQUFBQUFBQUFBQUFBQUFBQUFBQUFBQUFBQUFBQUFBQUFBQUFBQUFBQUFBQUFBQUFBQUFBQUFBQUFBQUFBQUFBQUFBQUFBQUFBQUFBQUFBQUFBQUFBQUFBQUFBQUFBQUFBQUFBQUFBQUFBQUFBQUFBQUFBQUFBQUFBQUFBQUFBQUFBQUFBQUFBQUFBQUFBQUFBQUFBQUFBQUFBQUFBQUFBQUFBQUFBQUFBQUFBQUFBQUFBQUFBQUFBQUFBQUFBQUFBQUFBQUFBQUFBQUFBQUFBQUFBQUFBQUFBQUFBQUFBQUFBQUFBQUFBQUFBQUFBQUFBQUFBQUFBQUFBQUFBQUFBQUFBQUFBQUFBQUFBQUFBQUFBQUFBQUFBQUFBQUFBQUFBQUFBQUFBQUFBQUFBQUFBQUFBQUFBQUFBQUFBQUFBQUFBQUFBQUFBQUFBQUFBQUFBQUFBQUFBQUFBQUFBQUFBQUFBQUFBQUFBQUFBQUFBQUFBQUFBQUFBQUFBQUFBQUFBQUFBQUFBQUFBQUFBQUFBQUFBQUFBQUFBQUFBQUFBQUFBQUFBQUFBQUFBQUFBQUFBQUFBQUFBQUFBQUFBQUFBQUFBQUFBQUFBQUFBQUFBQUFBQUFBQUFBQUFBQUFBQUFBQUFBQUFBQUFBQUFBQUFBQUFBQUFBQUFBQUFBQUFBQUFBQUFBQUFBQUFBQUFBQUFBQUFBQUFBQUFBQUFBQUFBQUFBQUFBQUFBQUFBQUFBQUFBQUFBQUFBQUFBQUFBQUFBQUFBQUFBQUFBQUFBQUFBQUFBQUFBQUFBQUFBQUFBQUFBQUFBQUFBQUFBQUFBQUFBQUFBQUFBQUFBQUFBQUFBQUFBQUFBQUFBQUFBQUFBQUFBQUFBQUFBQUFBQUFBQUFBQUFBQUFBQUFBQUFBQUFBQUFBQUFBQUFBQUFBQUFBQUFBQUFBQUFBQUFBQUFBQUFBQUFBQUFBQUFBQUFBQUFBQUFBQUFBQUFBQUFBQUFBQUFBQUFBQUFBQUFBQUFBQUFBQUFBQUFBQUFBQUFBQUFBQUFBQUFBQUFBQUFBQUFBQUFBQUFBQUFBQUFBQUFBQUFBQUFBQUFBQUFBQUFBQUFBQUFBQUFBQUFBQUFBQUFBQUFBQUFBQUFBQUFBQUFBQUFBQUFBQUFBQUFBQUFBQUFBQUFBQUFBQUFBQUFBQUFBQUFBQUFBQUFBQUFBQUFBQUFBQUFBQUFBQUFBQUFBQUFBQUFBQUFBQUFBQUFBQUFBQUFBQUFBQUFBQUFBQUFBQUFBQUFBQUFBQUFBQUFBQUFBQUFBQUFBQUFBQUFBQUFBQUFBQUFBQUFBQUFBQUFBQUFBQUFBQUFBQUFBQUFBQUFBQUFBQUFBQUFBQUFBQUFBQUFBQUFBQUFBQUFBQUFBQUFBQUFBQUFBQUFBQUFBQUFBQUFBQUFBQUFBQUFBQUFBQUFBQUFBQUFBQUFBQUFBQUFBQUFBQUFBQUFBQUFBQUFBQUFBQUFBQUFBQUFBQUFBQUFBQUFBQUFBQUFBQUFBQUFBQUFBQUFBQUFBQUFBQUFBQUFBQUFBQUFBQUFBQUFBQUFBQUFBQUFBQUFBQUFBQUFBQUFBQUFBQUFBQUFBQUFBQUFBQUFBQUFBQUFBQUFBQUFBQUFBQUFBQUFBQUFBQUFBQUFBQUFBQUFBQUFBQUFBQUFBQUFBQUFBQUFBQUFBQUFBQUFBQUFBQUFBQUFBQUFBQUFBQUFBQUFBQUFBQUFBQUFBQUFBQUFBQUFBQUFBQUFBQUFBQUFBQUFBQUFBQUFBQUFBQUFBQUFBQUFBQUFBQUFBQUFBQUFBQUFBQUFBQUFBQUFBQUFBQUFBQUFBQUFBQUFBQUFBQUFBQUFBQUFBQUFBQUFBQUFBQUFBQUFBQUFBQUFBQUFBQUFBQUFBQUFBQUFBQUFBQUFBQUFBQUFBQUFBQUFBQUFBQUFBQUFBQUFBQUFBQUFBQUFBQUFBQUFBQUFBQUFBQUFBQUFBQUFBQUFBQUFBQUFBQUFBQUFBQUFBQUFBQUFBQUFBQUFBQUFBQUFBQUFBQUFBQUFBQUFBQUFBQUFBQUFBQUFBQUFBQUFBQUFBQUFBQUFBQUFBQUFBQUFBQUFBQUFBQUFBQUFBQUFBQUFBQUFBQUFBQUFBQUFBQUFBQUFBQUFBQUFBQUFBQUFBQUFBQUFBQUFBQUFBQUFBQUFBQUFBQUFBQUFBQUFBQUFBQUFBQUFBQUFBQUFBQUFBQUFBQUFBQUFBQUFBQUFBQUFBQUFBQUFBQUFBQUFBQUFBQUFBQUFBQUFBQUFBQUFBQUFBQUFBQUFBQUFBQUFBQUFBQUFBQUFBQUFBQUFBQUFBQUFBQUFBQUFBQUFBQUFBQUFBQUFBQUFBQUFBQUFBQUFBQUFBQUFBQUFBQUFBQUFBQUFBQUFBQUFBQUFBQUFBQUFBQUFBQUFBQUFBQUFBQUFBQUFBQUFBQUFBQUFBQUFBQUFBQUFBQUFBQUFBQUFBQUFBQUFBQUFBQUFBQUFBQUFBQUFBQUFBQUFBQUFBQUFBQUFBQUFBQUFBQUFBQUFBQUFBQUFBQUFBQUFBQUFBQUFBQUFBQUFBQUFBQUFBQUFBQUFBQUFBQUFBQUFBQUFBQUFBQUFBQUFBQUFBQUFBQUFBQUFBQUFBQUFBQUFBQUFBQUFBQUFBQUFBQUFBQUFBQUFBQUFBQUFBQUFBQUFBQUFBQUFBQUFBQUFBQUFBQUFBQUFBQUFBQUFBQUFBQUFBQUFBQUFBQUFBQUFBQUFBQUFBQUFBQUFBQUFBQUFBQUFBQUFBQUFBQUFBQUFBQUFBQUFBQUFBQUFBQUFBQUFBQUFBQUFBQUFBQUFBQUFBQUFBQUFBQUFBQUFBQUFBQUFBQUFBQUFBQUFBQUFBQUFBQUFBQUFBQUFBQUFBQUFBQUFBQUFBQUFBQUFBQUFBQUFBQUFBQUFBQUFBQUFBQUFBQUFBQUFBQUFBQUFBQUFBQUFBQUFBQUFBQUFBQUFBQUFBQUFBQUFBQUFBQUFBQUFBQUFBQUFBQUFBQUFBQUFBQUFBQUFBQUFBQUFBQUFBQUFBQUFBQUFBQUFBQUFBQUFBQUFBQUFBQUFBQUFBQUFBQUFBQUFBQUFBQUFBQUFBQUFBQUFBQUFBQUFBQUFBQUFBQUFBQUFBQUFBQUFBQUFBQUFBQUFBQUFBQUFBQUFBQUFBQUFBQUFBQUFBQUFBQUFBQUFBQUFBQUFBQUFBQUFBQUFBQUFBQUFBQUFBQUFBQUFBQUFBQUFBQUFBQUFBQUFBQUFBQUFBQUFBQUFBQUFBQUFBQUFBQUFBQUFBQUFBQUFBQUFBQUFBQUFBQUFBQUFBQUFBQUFBQUFBQUFBQUFBQUFBQUFBQUFBQUFBQUFBQUFBQUFBQUFBQUFBQUFBQUFBQUFBQUFBQUFBQUFBQUFBQUFBQUFBQUFBQUFBQUFBQUFBQUFBQUFBQUFBQUFBQUFBQUFBQUFBQUFBQUFBQUFBQUFBQUFBQUFBQUFBQUFBQUFBQUFBQUFBQUFBQUFBQUFBQUFBQUFBQUFBQUFBQUFBQUFBQUFBQUFBQUFBQUFBQUFBQUFBQUFBQUFBQUFBQUFBQUFBQUFBQUFBQUFBQUFBQUFBQUFBQUFBQUFBQUFBQUFBQUFBQUFBQUFBQUFBQUFBQUFBQUFBQUFBQUFBQUFBQUFBQUFBQUFBQUFBQUFBQUFBQUFBQUFBQUFBQUFBQUFBQUFBQUFBQUFBQUFBQUFBQUFBQUFBQUFBQUFBQUFBQUFBQUFBQUFBQUFBQUFBQUFBQUFBQUFBQUFBQUFBQUFBQUFBQUFBQUFBQUFBQUFBQUFBQUFBQUFBQUFBQUFBQUFBQUFBQUFBQUFBQUFBQUFBQUFBQUFBQUFBQUFBQUFBQUFBQUFBQUFBQUFBQUFBQUFBQUFBQUFBQUFBQUFBQUFBQUFBQUFBQUFBQUFBQUFBQUFBQUFBQUFBQUFBQUFBQUFBQUFBQUFBQUFBQUFBQUFBQUFBQUFBQUFBQUFBQUFBQUFBQUFBQUFBQUFBQUFBQUFBQUFBQUFBQUFBQUFBQUFBQUFBQUFBQUFBQUFBQUFBQUFBQUFBQUFBQUFBQUFBQUFBQUFBQUFBQUFBQUFBQUFBQUFBQUFBQUFBQUFBQUFBQUFBQUFBQUFBQUFBQUFBQUFBQUFBQUFBQUFBQUFBQUFBQUFBQUFBQUFBQUFBQUFBQUFBQUFBQUFBQUFBQUFBQUFBQUFBQUFBQUFBQUFBQUFBQUFBQUFBQUFBQUFBQUFBQUFBQUFBQUFBQUFBQUFBQUFBQUFBQUFBQUFBQUFBQUFBQUFBQUFBQUFBQUFBQUFBQUFBQUFBQUFBQUFBQUFBQUFBQUFBQUFBQUFBQUFBQUFBQUFBQUFBQUFBQUFBQUFBQUFBQUFBQUFBQUFBQUFBQUFBQUFBQUFBQUFBQUFBQUFBQUFBQUFBQUFBQUFBQUFBQUFBQUFBQUFBQUFBQUFBQUFBQUFBQUFBQUFBQUFBQUFBQUFBQUFBQUFBQUFBQUFBQUFBQUFBQUFBQUFBQUFBQUFBQUFBQUFBQUFBQUFBQUFBQUFBQUFBQUFBQUFBQUFBQUFBQUFBQUFBQUFBQUFBQUFBQUFBQUFBQUFBQUFBQUFBQUFBQUFBQUFBQUFBQUFBQUFBQUFBQUFBQUFBQUFBQUFBQUFBQUFBQUFBQUFBQUFBQUFBQUFBQUFBQUFBQUFBQUFBQUFBQUFBQUFBQUFBQUFBQUFBQUFBQUFBQUFBQUFBQUFBQUFBQUFBQUFBQUFBQUFBQUFBQUFBQUFBQUFBQUFBQUFBQUFBQUFBQUFBQUFBQUFBQUFBQUFBQUFBQUFBQUFBQUFBQUFBQUFBQUFBQUFBQUFBQUFBQUFBQUFBQUFBQUFBQUFBQUFBQUFBQUFBQUFBQUFBQUFBQUFBQUFBQUFBQUFBQUFBQUFBQUFBQUFBQUFBQUFBQUFBQUFBQUFBQUFBQUFBQUFBQUFBQUFBQUFBQUFBQUFBQUFBQUFBQUFBQUFBQUFBQUFBQUFBQUFBQUFBQUFBQUFBQUFBQUFBQUFBQUFBQUFBQUFBQUFBQUFBQUFBQUFBQUFBQUFBQUFBQUFBQUFBQUFBQUFBQUFBQUFBQUFBQUFBQUFBQUFBQUFBQUFBQUFBQUFBQUFBQUFBQUFBQUFBQUFBQUFBQUFBQUFBQUFBQUFBQUFBQUFBQUFBQUFBQUFBQUFBQUFBQUFBQUFBQUFBQUFBQUFBQUFBQUFBQUFBQUFBQUFBQUFBQUFBQUFBQUFBQUFBQUFBQUFBQUFBQUFBQUFBQUFBQUFBQUFBQUFBQUFBQUFBQUFBQUFBQUFBQUFBQUFBQUFBQUFBQUFBQUFBQUFBQUFBQUFBQUFBQUFBQUFBQUFBQUFBQUFBQUFBQUFBQUFBQUFBQUFBQUFBQUFBQUFBQUFBQUFBQUFBQUFBQUFBQUFBQUFBQUFBQUFBQUFBQUFBQUFBQUFBQUFBQUFBQUFBQUFBQUFBQUFBQUFBQUFBQUFBQUFBQUFBQUFBQUFBQUFBQUFBQUFBQUFBQUFBQUFBQUFBQUFBQUFBQUFBQUFBQUFBQUFBQUFBQUFBQUFBQUFBQUFBQUFBQUFBQUFBQUFBQUFBQUFBQUFBQUFBQUFBQUFBQUFBQUFBQUFBQUFBQUFBQUFBQUFBQUFBQUFBQUFBQUFBQUFBQUFBQUFBQUFBQUFBQUFBQUFBQUFBQUFBQUFBQUFBQUFBQUFBQUFBQUFBQUFBQUFBQUFBQUFBQUFBQUFBQUFBQUFBQUFBQUFBQUFBQUFBQUFBQUFBQUFBQUFBQUFBQUFBQUFBQUFBQUFBQUFBQUFBQUFBQUFBQUFBQUFBQUFBQUFBQUFBQUFBQUFBQUFBQUFBQUFBQUFBQUFBQUFBQUFBQUFBQUFBQUFBQUFBQUFBQUFBQUFBQUFBQUFBQUFBQUFBQUFBQUFBQUFBQUFBQUFBQUFBQUFBQUFBQUFBQUFBQUFBQUFBQUFBQUFBQUFBQUFBQUFBQUFBQUFBQUFBQUFBQUFBQUFBQUFBQUFBQUFBQUFBQUFBQUFBQUFBQUFBQUFBQUFBQUFBQUFBQUFBQUFBQUFBQUFBQUFBQUFBQUFBQUFBQUFBQUFBQUFBQUFBQUFBQUFBQUFBQUFBQUFBQUFBQUFBQUFBQUFBQUFBQUFBQUFBQUFBQUFBQUFBQUFBQUFBQUFBQUFBQUFBQUFBQUFBQUFBQUFBQUFBQUFBQUFBQUFBQUFBQUFBQUFBQUFBQUFBQUFBQUFBQUFBQUFBQUFBQUFBQUFBQUFBQUFBQUFBQUFBQUFBQUFBQUFBQUFBQUFBQUFBQUFBQUFBQUFBQUFBQUFBQUFBQUFBQUFBQUFBQUFBQUFBQUFBQUFBQUFBQUFBQUFBQUFBQUFBQUFBQUFBQUFBQUFBQUFBQUFBQUFBQUFBQUFBQUFBQUFBQUFBQUFBQUFBQUFBQUFBQUFBQUFBQUFBQUFBQUFBQUFBQUFBQUFBQUFBQUFBQUFBQUFBQUFBQUFBQUFBQUFBQUFBQUFBQUFBQUFBQUFBQUFBQUFBQUFBQUFBQUFBQUFBQUFBQUFBQUFBQUFBQUFBQUFBQUFBQUFBQUFBQUFBQUFBQUFBQUFBQUFBQUFBQUFBQUFBQUFBQUFBQUFBQUFBQUFBQUFBQUFBQUFBQUFBQUFBQUFBQUFBQUFBQUFBQUFBQUFBQUFBQUFBQUFBQUFBQUFBQUFBQUFBQUFBQUFBQUFBQUFBQUFBQUFBQUFBQUFBQUFBQUFBQUFBQUFBQUFBQUFBQUFBQUFBQUFBQUFBQUFBQUFBQUFBQUFBQUFBQUFBQUFBQUFBQUFBQUFBQUFBQUFBQUFBQUFBQUFBQUFBQUFBQUFBQUFBQUFBQUFBQUFBQUFBQUFBQUFBQUFBQUFBQUFBQUFBQUFBQUFBQUFBQUFBQUFBQUFBQUFBQUFBQUFBQUFBQUFBQUFBQUFBQUFBQUFBQUFBQUFBQUFBQUFBQUFBQUFBQUFBQUFBQUFBQUFBQUFBQUFBQUFBQUFBQUFBQUFBQUFBQUFBQUFBQUFBQUFBQUFBQUFBQUFBQUFBQUFBQUFBQUFBQUFBQUFBQUFBQUFBQUFBQUFBQUFBQUFBQUFBQUFBQUFBQUFBQUFBQUFBQUFBQUFBQUFBQUFBQUFBQUFBQUFBQUFBQUFBQUFBQUFBQUFBQUFBQUFBQUFBQUFBQUFBQUFBQUFBQUFBQUFBQUFBQUFBQUFBQUFBQUFBQUFBQUFBQUFBQUFBQUFBQUFBQUFBQUFBQUFBQUFBQUFBQUFBQUFBQUFBQUFBQUFBQUFBQUFBQUFBQUFBQUFBQUFBQUFBQUFBQUFBQUFBQUFBQUFBQUFBQUFBQUFBQUFBQUFBQUFBQUFBQUFBQUFBQUFBQUFBQUFBQUFBQUFBQUFBQUFBQUFBQUFBQUFBQUFBQUFBQUFBQUFBQUFBQUFBQUFBQUFBQUFBQUFBQUFBQUFBQUFBQUFBQUFBQUFBQUFBQUFBQUFBQUFBQUFBQUFBQUFBQUFBQUFBQUFBQUFBQUFBQUFBQUFBQUFBQUFBQUFBQUFBQUFBQUFBQUFBQUFBQUFBQUFBQUFBQUFBQUFBQUFBQUFBQUFBQUFBQUFBQUFBQUFBQUFBQUFBQUFBQUFBQUFBQUFBQUFBQUFBQUFBQUFBQUFBQUFBQUFBQUFBQUFBQUFBQUFBQUFBQUFBQUFBQUFBQUFBQUFBQUFBQUFBQUFBQUFBQUFBQUFBQUFBQUFBQUFBQUFBQUFBQUFBQUFBQUFBQUFBQUFBQUFBQUFBQUFBQUFBQUFBQUFBQUFBQUFBQUFBQUFBQUFBQUFBQUFBQUFBQUFBQUFBQUFBQUFBQUFBQUFBQUFBQUFBQUFBQUFBQUFBQUFBQUFBQUFBQUFBQUFBQUFBQUFBQUFBQUFBQUFBQUFBQUFBQUFBQUFBQUFBQUFBQUFBQUFBQUFBQUFBQUFBQUFBQUFBQUFBQUFBQUFBQUFBQUFBQUFBQUFBQUFBQUFBQUFBQUFBQUFBQUFBQUFBQUFBQUFBQUFBQUFBQUFBQUFBQUFBQUFBQUFBQUFBQUFBQUFBQUFBQUFBQUFBQUFBQUFBQUFBQUFBQUFBQUFBQUFBQUFBQUFBQUFBQUFBQUFBQUFBQUFBQUFBQUFBQUFBQUFBQUFBQUFBQUFBQUFBQUFBQUFBQUFBQUFBQUFBQUFBQUFBQUFBQUFBQUFBQUFBQUFBQUFBQUFBQUFBQUFBQUFBQUFBQUFBQUFBQUFBQUFBQUFBQUFBQUFBQUFBQUFBQUFBQUFBQUFBQUFBQUFBQUFBQUFBQUFBQUFBQUFBQUFBQUFBQUFBQUFBQUFBQUFBQUFBQUFBQUFBQUFBQUFBQUFBQUFBQUFBQUFBQUFBQUFBQUFBQUFBQUFBQUFBQUFBQUFBQUFBQUFBQUFBQUFBQUFBQUFBQUFBQUFBQUFBQUFBQUFBQUFBQUFBQUFBQUFBQUFBQUFBQUFBQUFBQUFBQUFBQUFBQUFBQUFBQUFBQUFBQUFBQUFBQUFBQUFBQUFBQUFBQUFBQUFBQUFBQUFBQUFBQUFBQUFBQUFBQUFBQUFBQUFBQUFBQUFBQUFBQUFBQUFBQUFBQUFBQUFBQUFBQUFBQUFBQUFBQUFBQUFBQUFBQUFBQUFBQUFBQUFBQUFBQUFBQUFBQUFBQUFBQUFBQUFBQUFBQUFBQUFBQUFBQUFBQUFBQUFBQUFBQUFBQUFBQUFBQUFBQUFBQUFBQUFBQUFBQUFBQUFBQUFBQUFBQUFBQUFBQUFBQUFBQUFBQUFBQUFBQUFBQUFBQUFBQUFBQUFBQUFBQUFBQUFBQUFBQUFBQUFBQUFBQUFBQUFBQUFBQUFBQUFBQUFBQUFBQUFBQUFBQUFBQUFBQUFBQUFBQUFBQUFBQUFBQUFBQUFBQUFBQUFBQUFBQUFBQUFBQUFBQUFBQUFBQUFBQUFBQUFBQUFBQUFBQUFBQUFBQUFBQUFBQUFBQUFBQUFBQUFBQUFBQUFBQUFBQUFBQUFBQUFBQUFBQUFBQUFBQUFBQUFBQUFBQUFBQUFBQUFBQUFBQUFBQUFBQUFBQUFBQUFBQUFBQUFBQUFBQUFBQUFBQUFBQUFBQUFBQUFBQUFBQUFBQUFBQUFBQUFBQUFBQUFBQUFBQUFBQUFBQUFBQUFBQUFBQUFBQUFBQUFBQUFBQUFBQUFBQUFBQUFBQUFBQUFBQUFBQUFBQUFBQUFBQUFBQUFBQUFBQUFBQUFBQUFBQUFBQUFBQUFBQUFBQUFBQUFBQUFBQUFBQUFBQUFBQUFBQUFBQUFBQUFBQUFBQUFBQUFBQUFBQUFBQUFBQUFBQUFBQUFBQUFBQUFBQUFBQUFBQUFBQUFBQUFBQUFBQUFBQUFBQUFBQUFBQUFBQUFBQUFBQUFBQUFBQUFBQUFBQUFBQUFBQUFBQUFBQUFBQUFBQUFBQUFBQUFBQUFBQUFBQUFBQUFBQUFBQUFBQUFBQUFBQUFBQUFBQUFBQUFBQUFBQUFBQUFBQUFBQUFBQUFBQUFBQUFBQUFBQUFBQUFBQUFBQUFBQUFBQUFBQUFBQUFBQUFBQUFBQUFBQUFBQUFBQUFBQUFBQUFBQUFBQUFBQUFBQUFBQUFBQUFBQUFBQUFBQUFBQUFBQUFBQUFBQUFBQUFBQUFBQUFBQUFBQUFBQUFBQUFBQUFBQUFBQUFBQUFBQUFBQUFBQUFBQUFBQUFBQUFBQUFBQUFBQUFBQUFBQUFBQUFBQUFBQUFBQUFBQUFBQUFBQUFBQUFBQUFBQUFBQUFBQUFBQUFBQUFBQUFBQUFBQUFBQUFBQUFBQUFBQUFBQUFBQUFBQUFBQUFBQUFBQUFBQUFBQUFBQUFBQUFBQUFBQUFBQUFBQUFBQUFBQUFBQUFBQUFBQUFBQUFBQUFBQUFBQUFBQUFBQUFBQUFBQUFBQUFBQUFBQUFBQUFBQUFBQUFBQUFBQUFBQUFBQUFBQUFBQUFBQUFBQUFBQUFBQUFBQUFBQUFBQUFBQUFBQUFBQUFBQUFBQUFBQUFBQUFBQUFBQUFBQUFBQUFBQUFBQUFBQUFBQUFBQUFBQUFBQUFBQUFBQUFBQUFBQUFBQUFBQUFBQUFBQUFBQUFBQUFBQUFBQUFBQUFBQUFBQUFBQUFBQUFBQUFBQUFBQUFBQUFBQUFBQUFBQUFBQUFBQUFBQUFBQUFBQUFBQUFBQUFBQUFBQUFBQUFBQUFBQUFBQUFBQUFBQUFBQUFBQUFBQUFBQUFBQUFBQUFBQUFBQUFBQUFBQUFBQUFBQUFBQUFBQUFBQUFBQUFBQUFBQUFBQUFBQUFBQUFBQUFBQUFBQUFBQUFBQUFBQUFBQUFBQUFBQUFBQUFBQUFBQUFBQUFBQUFBQUFBQUFBQUFBQUFBQUFBQUFBQUFBQUFBQUFBQUFBQUFBQUFBQUFBQUFBQUFBQUFBQUFBQUFBQUFBQUFBQUFBQUFBQUFBQUFBQUFBQUFBQUFBQUFBQUFBQUFBQUFBQUFBQUFBQUFBQUFBQUFBQUFBQUFBQUFBQUFBQUFBQUFBQUFBQUFBQUFBQUFBQUFBQUFBQUFBQUFBQUFBQUFBQUFBQUFBQUFBQUFBQUFBQUFBQUFBQUFBQUFBQUFBQUFBQUFBQUFBQUFBQUFBQUFBQUFBQUFBQUFBQUFBQUFBQUFBQUFBQUFBQUFBQUFBQUFBQUFBQUFBQUFBQUFBQUFBQUFBQUFBQUFBQUFBQUFBQUFBQUFBQUFBQUFBQUFBQUFBQUFBQUFBQUFBQUFBQUFBQUFBQUFBQUFBQUFBQUFBQUFBQUFBQUFBQUFBQUFBQUFBQUFBQUFBQUFBQUFBQUFBQUFBQUFBQUFBQUFBQUFBQUFBQUFBQUFBQUFBQUFBQUFBQUFBQUFBQUFBQUFBQUFBQUFBQUFBQUFBQUFBQUFBQUFBQUFBQUFBQUFBQUFBQUFBQUFBQUFBQUFBQUFBQUFBQUFBQUFBQUFBQUFBQUFBQUFBQUFBQUFBQUFBQUFBQUFBQUFBQUFBQUFBQUFBQUFBQUFBQUFBQUFBQUFBQUFBQUFBQUFBQUFBQUFBQUFBQUFBQUFBQUFBQUFBQUFBQUFBQUFBQUFBQUFBQUFBQUFBQUFBQUFBQUFBQUFBQUFBQUFBQUFBQUFBQUFBQUFBQUFBQUFBQUFBQUFBQUFBQUFBQUFBQUFBQUFBQUFBQUFBQUFBQUFBQUFBQUFBQUFBQUFBQUFBQUFBQUFBQUFBQUFBQUFBQUFBQUFBQUFBQUFBQUFBQUFBQUFBQUFBQUFBQUFBQUFBQUFBQUFBQUFBQUFBQUFBQUFBQUFBQUFBQUFBQUFBQUFBQUFBQUFBQUFBQUFBQUFBQUFBQUFBQUFBQUFBQUFBQUFBQUFBQUFBQUFBQUFBQUFBQUFBQUFBQUFBQUFBQUFBQUFBQUFBQUFBQUFBQUFBQUFBQUFBQUFBQUFBQUFBQUFBQUFBQUFBQUFBQUFBQUFBQUFBQUFBQUFBQUFBQUFBQUFBQUFBQUFBQUFBQUFBQUFBQUFBQUFBQUFBQUFBQUFBQUFBQUFBQUFBQUFBQUFBQUFBQUFBQUFBQUFBQUFBQUFBQUFBQUFBQUFBQUFBQUFBQUFBQUFBQUFBQUFBQUFBQUFBQUFBQUFBQUFBQUFBQUFBQUFBQUFBQUFBQUFBQUFBQUFBQUFBQUFBQUFBQUFBQUFBQUFBQUFBQUFBQUFBQUFBQUFBQUFBQUFBQUFBQUFBQUFBQUFBQUFBQUFBQUFBQUFBQUFBQUFBQUFBQUFBQUFBQUFBQUFBQUFBQUFBQUFBQUFBQUFBQUFBQUFBQUFBQUFBQUFBQUFBQUFBQUFBQUFBQUFBQUFBQUFBQUFBQUFBQUFBQUFBQUFBQUFBQUFBQUFBQUFBQUFBQUFBQUFBQUFBQUFBQUFBQUFBQUFBQUFBQUFBQUFBQUFBQUFBQUFBQUFBQUFBQUFBQUFBQUFBQUFBQUFBQUFBQUFBQUFBQUFBQUFBQUFBQUFBQUFBQUFBQUFBQUFBQUFBQUFBQUFBQUFBQUFBQUFBQUFBQUFBQUFBQUFBQUFBQUFBQUFBQUFBQUFBQUFBQUFBQUFBQUFBQUFBQUFBQUFBQUFBQUFBQUFBQUFBQUFBQUFBQUFBQUFBQUFBQUFBQUFBQUFBQUFBQUFBQUFBQUFBQUFBQUFBQUFBQUFBQUFBQUFBQUFBQUFBQUFBQUFBQUFBQUFBQUFBQUFBQUFBQUFBQUFBQUFBQUFBQUFBQUFBQUFBQUFBQUFBQUFBQUFBQUFBQUFBQUFBQUFBQUFBQUFBQUFBQUFBQUFBQUFBQUFBQUFBQUFBQUFBQUFBQUFBQUFBQUFBQUFBQUFBQUFBQUFBQUFBQUFBQUFBQUFBQUFBQUFBQUFBQUFBQUFBQUFBQUFBQUFBQUFBQUFBQUFBQUFBQUFBQUFBQUFBQUFBQUFBQUFBQUFBQUFBQUFBQUFBQUFBQUFBQUFBQUFBQUFBQUFBQUFBQUFBQUFBQUFBQUFBQUFBQUFBQUFBQUFBQUFBQUFBQUFBQUFBQUFBQUFBQUFBQUFBQUFBQUFBQUFBQUFBQUFBQUFBQUFBQUFBQUFBQUFBQUFBQUFBQUFBQUFBQUFBQUFBQUFBQUFBQUFBQUFBQUFBQUFBQUFBQUFBQUFBQUFBQUFBQUFBQUFBQUFBQUFBQUFBQUFBQUFBQUFBQUFBQUFBQUFBQUFBQUFBQUFBQUFBQUFBQUFBQUFBQUFBQUFBQUFBQUFBQUFBQUFBQUFBQUFBQUFBQUFBQUFBQUFBQUFBQUFBQUFBQUFBQUFBQUFBQUFBQUFBQUFBQUFBQUFBQUFBQUFBQUFBQUFBQUFBQUFBQUFBQUFBQUFBQUFBQUFBQUFBQUFBQUFBQUFBQUFBQUFBQUFBQUFBQUFBQUFBQUFBQUFBQUFBQUFBQUFBQUFBQUFBQUFBQUFBQUFBQUFBQUFBQUFBQUFBQUFBQUFBQUFBQUFBQUFBQUFBQUFBQUFBQUFBQUFBQUFBQUFBQUFBQUFBQUFBQUFBQUFBQUFBQUFBQUFBQUFBQUFBQUFBQUFBQUFBQUFBQUFBQUFBQUFBQUFBQUFBQUFBQUFBQUFBQUFBQUFBQUFBQUFBQUFBQUFBQUFBQUFBQUFBQUFBQUFBQUFBQUFBQUFBQUFBQUFBQUFBQUFBQUFBQUFBQUFBQUFBQUFBQUFBQUFBQUFBQUFBQUFBQUFBQUFBQUFBQUFBQUFBQUFBQUFBQUFBQUFBQUFBQUFBQUFBQUFBQUFBQUFBQUFBQUFBQUFBQUFBQUFBQUFBQUFBQUFBQUFBQUFBQUFBQUFBQUFBQUFBQUFBQUFBQUFBQUFBQUFBQUFBQUFBQUFBQUFBQUFBQUFBQUFBQUFBQUFBQUFBQUFBQUFBQUFBQUFBQUFBQUFBQUFBQUFBQUFBQUFBQUFBQUFBQUFBQUFBQUFBQUFBQUFBQUFBQUFBQUFBQUFBQUFBQUFBQUFBQUFBQUFBQUFBQUFBQUFBQUFBQUFBQUFBQUFBQUFBQUFBQUFBQUFBQUFBQUFBQUFBQUFBQUFBQUFBQUFBQUFBQUFBQUFBQUFBQUFBQUFBQUFBQUFBQUFBQUFBQUFBQUFBQUFBQUFBQUFBQUFBQUFBQUFBQUFBQUFBQUFBQUFBQUFBQUFBQUFBQUFBQUFBQUFBQUFBQUFBQUFBQUFBQUFBQUFBQUFBQUFBQUFBQUFBQUFBQUFBQUFBQUFBQUFBQUFBQUFBQUFBQUFBQUFBQUFBQUFBQUFBQUFBQUFBQUFBQUFBQUFBQUFBQUFBQUFBQUFBQUFBQUFBQUFBQUFBQUFBQUFBQUFBQUFBQUFBQUFBQUFBQUFBQUFBQUFBQUFBQUFBQUFBQUFBQUFBQUFBQUFBQUFBQUFBQUFBQUFBQUFBQUFBQUFBQUFBQUFBQUFBQUFBQUFBQUFBQUFBQUFBQUFBQUFBQUFBQUFBQUFBQUFBQUFBQUFBQUFBQUFBQUFBQUFBQUFBQUFBQUFBQUFBQUFBQUFBQUFBQUFBQUFBQUFBQUFBQUFBQUFBQUFBQUFBQUFBQUFBQUFBQUFBQUFBQUFBQUFBQUFBQUFBQUFBQUFBQUFBQUFBQUFBQUFBQUFBQUFBQUFBQUFBQUFBQUFBQUFBQUFBQUFBQUFBQUFBQUFBQUFBQUFBQUFBQUFBQUFBQUFBQUFBQUFBQUFBQUFBQUFBQUFBQUFBQUFBQUFBQUFBQUFBQUFBQUFBQUFBQUFBQUFBQUFBQUFBQUFBQUFBQUFBQUFBQUFBQUFBQUFBQUFBQUFBQUFBQUFBQUFBQUFBQUFBQUFBQUFBQUFBQUFBQUFBQUFBQUFBQUFBQUFBQUFBQUFBQUFBQUFBQUFBQUFBQUFBQUFBQUFBQUFBQUFBQUFBQUFBQUFBQUFBQUFBQUFBQUFBQUFBQUFBQUFBQUFBQUFBQUFBQUFBQUFBQUFBQUFBQUFBQUFBQUFBQUFBQUFBQUFBQUFBQUFBQUFBQUFBQUFBQUFBQUFBQUFBQUFBQUFBQUFBQUFBQUFBQUFBQUFBQUFBQUFBQUFBQUFBQUFBQUFBQUFBQUFBQUFBQUFBQUFBQUFBQUFBQUFBQUFBQUFBQUFBQUFBQUFBQUFBQUFBQUFBQUFBQUFBQUFBQUFBQUFBQUFBQUFBQUFBQUFBQUFBQUFBQUFBQUFBQUFBQUFBQUFBQUFBQUFBQUFBQUFBQUFBQUFBQUFBQUFBQUFBQUFBQUFBQUFBQUFBQUFBQUFBQUFBQUFBQUFBQUFBQUFBQUFBQUFBQUFBQUFBQUFBQUFBQUFBQUFBQUFBQUFBQUFBQUFBQUFBQUFBQUFBQUFBQUFBQUFBQUFBQUFBQUFBQUFBQUFBQUFBQUFBQUFBQUFBQUFBQUFBQUFBQUFBQUFBQUFBQUFBQUFBQUFBQUFBQUFBQUFBQUFBQUFBQUFBQUFBQUFBQUFBQUFBQUFBQUFBQUFBQUFBQUFBQUFBQUFBQUFBQUFBQUFBQUFBQUFBQUFBQUFBQUFBQUFBQUFBQUFBQUFBQUFBQUFBQUFBQUFBQUFBQUFBQUFBQUFBQUFBQUFBQUFBQUFBQUFBQUFBQUFBQUFBQUFBQUFBQUFBQUFBQUFBQUFBQUFBQUFBQUFBQUFBQUFBQUFBQUFBQUFBQUFBQUFBQUFBQUFBQUFBQUFBQUFBQUFBQUFBQUFBQUFBQUFBQUFBQUFBQUFBQUFBQUFBQUFBQUFBQUFBQUFBQUFBQUFBQUFBQUFBQUFBQUFBQUFBQUFBQUFBQUFBQUFBQUFBQUFBQUFBQUFBQUFBQUFBQUFBQUFBQUFBQUFBQUFBQUFBQUFBQUFBQUFBQUFBQUFBQUFBQUFBQUFBQUFBQUFBQUFBQUFBQUFBQUFBQUFBQUFBQUFBQUFBQUFBQUFBQUFBQUFBQUFBQUFBQUFBQUFBQUFBQUFBQUFBQUFBQUFBQUFBQUFBQUFBQUFBQUFBQUFBQUFBQUFBQUFBQUFBQUFBQUFBQUFBQUFBQUFBQUFBQUFBQUFBQUFBQUFBQUFBQUFBQUFBQUFBQUFBQUFBQUFBQUFBQUFBQUFBQUFBQUFBQUFBQUFBQUFBQUFBQUFBQUFBQUFBQUFBQUFBQUFBQUFBQUFBQUFBQUFBQUFBQUFBQUFBQUFBQUFBQUFBQUFBQUFBQUFBQUFBQUFBQUFBQUFBQUFBQUFBQUFBQUFBQUFBQUFBQUFBQUFBQUFBQUFBQUFBQUFBQUFBQUFBQUFBQUFBQUFBQUFBQUFBQUFBQUFBQUFBQUFBQUFBQUFBQUFBQUFBQUFBQUFBQUFBQUFBQUFBQUFBQUFBQUFBQUFBQUFBQUFBQUFBQUFBQUFBQUFBQUFBQUFBQUFBQUFBQUFBQUFBQUFBQUFBQUFBQUFBQUFBQUFBQUFBQUFBQUFBQUFBQUFBQUFBQUFBQUFBQUFBQUFBQUFBQUFBQUFBQUFBQUFBQUFBQUFBQUFBQUFBQUFBQUFBQUFBQUFBQUFBQUFBQUFBQUFBQUFBQUFBQUFBQUFBQUFBQUFBQUFBQUFBQUFBQUFBQUFBQUFBQUFBQUFBQUFBQUFBQUFBQUFBQUFBQUFBQUFBQUFBQUFBQUFBQUFBQUFBQUFBQUFBQUFBQUFBQUFBQUFBQUFBQUFBQUFBQUFBQUFBQUFBQUFBQUFBQUFBQUFBQUFBQUFBQUFBQUFBQUFBQUFBQUFBQUFBQUFBQUFBQUFBQUFBQUFBQUFBQUFBQUFBQUFBQUFBQUFBQUFBQUFBQUFBQUFBQUFBQUFBQUFBQUFBQUFBQUFBQUFBQUFBQUFBQUFBQUFBQUFBQUFBQUFBQUFBQUFBQUFBQUFBQUFBQUFBQUFBQUFBQUFBQUFBQUFBQUFBQUFBQUFBQUFBQUFBQUFBQUFBQUFBQUFBQUFBQUFBQUFBQUFBQUFBQUFBQUFBQUFBQUFBQUFBQUFBQUFBQUFBQUFBQUFBQUFBQUFBQUFBQUFBQUFBQUFBQUFBQUFBQUFBQUFBQUFBQUFBQUFBQUFBQUFBQUFBQUFBQUFBQUFBQUFBQUFBQUFBQUFBQUFBQUFBQUFBQUFBQUFBQUFBQUFBQUFBQUFBQUFBQUFBQUFBQUFBQUFBQUFBQUFBQUFBQUFBQUFBQUFBQUFBQUFBQUFBQUFBQUFBQUFBQUFBQUFBQUFBQUFBQUFBQUFBQUFBQUFBQUFBQUFBQUFBQUFBQUFBQUFBQUFBQUFBQUFBQUFBQUFBQUFBQUFBQUFBQUFBQUFBQUFBQUFBQUFBQUFBQUFBQUFBQUFBQUFBQUFBQUFBQUFBQUFBQUFBQUFBQUFBQUFBQUFBQUFBQUFBQUFBQUFBQUFBQUFBQUFBQUFBQUFBQUFBQUFBQUFBQUFBQUFBQUFBQUFBQUFBQUFBQUFBQUFBQUFBQUFBQUFBQUFBQUFBQUFBQUFBQUFBQUFBQUFBQUFBQUFBQUFBQUFBQUFBQUFBQUFBQUFBQUFBQUFBQUFBQUFBQUFBQUFBQUFBQUFBQUFBQUFBQUFBQUFBQUFBQUFBQUFBQUFBQUFBQUFBQUFBQUFBQUFBQUFBQUFBQUFBQUFBQUFBQUFBQUFBQUFBQUFBQUFBQUFBQUFBQUFBQUFBQUFBQUFBQUFBQUFBQUFBQUFBQUFBQUFBQUFBQUFBQUFBQUFBQUFBQUFBQUFBQUFBQUFBQUFBQUFBQUFBQUFBQUFBQUFBQUFBQUFBQUFBQUFBQUFBQUFBQUFBQUFBQUFBQUFBQUFBQUFBQUFBQUFBQUFBQUFBQUFBQUFBQUFBQUFBQUFBQUFBQUFBQUFBQUFBQUFBQUFBQUFBQUFBQUFBQUFBQUFBQUFBQUFBQUFBQUFBQUFBQUFBQUFBQUFBQUFBQUFBQUFBQUFBQUFBQUFBQUFBQUFBQUFBQUFBQUFBQUFBQUFBQUFBQUFBQUFBQUFBQUFBQUFBQUFBQUFBQUFBQUFBQUFBQUFBQUFBQUFBQUFBQUFBQUFBQUFBQUFBQUFBQUFBQUFBQUFBQUFBQUFBQUFBQUFBQUFBQUFBQUFBQUFBQUFBQUFBQUFBQUFBQUFBQUFBQUFBQUFBQUFBQUFBQUFBQUFBQUFBQUFBQUFBQUFBQUFBQUFBQUFBQUFBQUFBQUFBQUFBQUFBQUFBQUFBQUFBQUFBQUFBQUFBQUFBQUFBQUFBQUFBQUFBQUFBQUFBQUFBQUFBQUFBQUFBQUFBQUFBQUFBQUFBQUFBQUFBQUFBQUFBQUFBQUFBQUFBQUFBQUFBQUFBQUFBQUFBQUFBQUFBQUFBQUFBQUFBQUFBQUFBQUFBQUFBQUFBQUFBQUFBQUFBQUFBQUFBQUFBQUFBQUFBQUFBQUFBQUFBQUFBQUFBQUFBQUFBQUFBQUFBQUFBQUFBQUFBQUFBQUFBQUFBQUFBQUFBQUFBQUFBQUFBQUFBQUFBQUFBQUFBQUFBQUFBQUFBQUFBQUFBQUFBQUFBQUFBQUFBQUFBQUFBQUFBQUFBQUFBQUFBQUFBQUFBQUFBQUFBQUFBQUFBQUFBQUFBQUFBQUFBQUFBQUFBQUFBQUFBQUFBQUFBQUFBQUFBQUFBQUFBQUFBQUFBQUFBQUFBQUFBQUFBQUFBQUFBQUFBQUFBQUFBQUFBQUFBQUFBQUFBQUFBQUFBQUFBQUFBQUFBQUFBQUFBQUFBQUFBQUFBQUFBQUFBQUFBQUFBQUFBQUFBQUFBQUFBQUFBQUFBQUFBQUFBQUFBQUFBQUFBQUFBQUFBQUFBQUFBQUFBQUFBQUFBQUFBQUFBQUFBQUFBQUFBQUFBQUFBQUFBQUFBQUFBQUFBQUFBQUFBQUFBQUFBQUFBQUFBQUFBQUFBQUFBQUFBQUFBQUFBQUFBQUFBQUFBQUFBQUFBQUFBQUFBQUFBQUFBQUFBQUFBQUFBQUFBQUFBQUFBQUFBQUFBQUFBQUFBQUFBQUFBQUFBQUFBQUFBQUFBQUFBQUFBQUFBQUFBQUFBQUFBQUFBQUFBQUFBQUFBQUFBQUFBQUFBQUFBQUFBQUFBQUFBQUFBQUFBQUFBQUFBQUFBQUFBQUFBQUFBQUFBQUFBQUFBQUFBQUFBQUFBQUFBQUFBQUFBQUFBQUFBQUFBQUFBQUFBQUFBQUFBQUFBQUFBQUFBQUFBQUFBQUFBQUFBQUFBQUFBQUFBQUFBQUFBQUFBQUFBQUFBQUFBQUFBQUFBQUFBQUFBQUFBQUFBQUFBQUFBQUFBQUFBQUFBQUFBQUFBQUFBQUFBQUFBQUFBQUFBQUFBQUFBQUFBQUFBQUFBQUFBQUFBQUFBQUFBQUFBQUFBQUFBQUFBQUFBQUFBQUFBQUFBQUFBQUFBQUFBQUFBQUFBQUFBQUFBQUFBQUFBQUFBQUFBQUFBQUFBQUFBQUFBQUFBQUFBQUFBQUFBQUFBQUFBQUFBQUFBQUFBQUFBQUFBQUFBQUFBQUFBQUFBQUFBQUFBQUFBQUFBQUFBQUFBQUFBQUFBQUFBQUFBQUFBQUFBQUFBQUFBQUFBQUFBQUFBQUFBQUFBQUFBQUFBQUFBQUFBQUFBQUFBQUFBQUFBQUFBQUFBQUFBQUFBQUFBQUFBQUFBQUFBQUFBQUFBQUFBQUFBQUFBQUFBQUFBQUFBQUFBQUFBQUFBQUFBQUFBQUFBQUFBQUFBQUFBQUFBQUFBQUFBQUFBQUFBQUFBQUFBQUFBQUFBQUFBQUFBQUFBQUFBQUFBQUFBQUFBQUFBQUFBQUFBQUFBQUFBQUFBQUFBQUFBQUFBQUFBQUFBQUFBQUFBQUFBQUFBQUFBQUFBQUFBQUFBQUFBQUFBQUFBQUFBQUFBQUFBQUFBQUFBQUFBQUFBQUFBQUFBQUFBQUFBQUFBQUFBQUFBQUFBQUFBQUFBQUFBQUFBQUFBQUFBQUFBQUFBQUFBQUFBQUFBQUFBQUFBQUFBQUFBQUFBQUFBQUFBQUFBQUFBQUFBQUFBQUFBQUFBQUFBQUFBQUFBQUFBQUFBQUFBQUFBQUFBQUFBQUFBQUFBQUFBQUFBQUFBQUFBQUFBQUFBQUFBQUFBQUFBQUFBQUFBQUFBQUFBQUFBQUFBQUFBQUFBQUFBQUFBQUFBQUFBQUFBQUFBQUFBQUFBQUFBQUFBQUFBQUFBQUFBQUFBQUFBQUFBQUFBQUFBQUFBQUFBQUFBQUFBQUFBQUFBQUFBQUFBQUFBQUFBQUFBQUFBQUFBQUFBQUFBQUFBQUFBQUFBQUFBQUFBQUFBQUFBQUFBQUFBQUFBQUFBQUFBQUFBQUFBQUFBQUFBQUFBQUFBQUFBQUFBQUFBQUFBQUFBQUFBQUFBQUFBQUFBQUFBQUFBQUFBQUFBQUFBQUFBQUFBQUFBQUFBQUFBQUFBQUFBQUFBQUFBQUFBQUFBQUFBQUFBQUFBQUFBQUFBQUFBQUFBQUFBQUFBQUFBQUFBQUFBQUFBQUFBQUFBQUFBQUFBQUFBQUFBQUFBQUFBQUFBQUFBQUFBQUFBQUFBQUFBQUFBQUFBQUFBQUFBQUFBQUFBQUFBQUFBQUFBQUFBQUFBQUFBQUFBQUFBQUFBQUFBQUFBQUFBQUFBQUFBQUFBQUFBQUFBQUFBQUFBQUFBQUFBQUFBQUFBQUFBQUFBQUFBQUFBQUFBQUFBQUFBQUFBQUFBQUFBQUFBQUFBQUFBQUFBQUFBQUFBQUFBQUFBQUFBQUFBQUFBQUFBQUFBQUFBQUFBQUFBQUFBQUFBQUFBQUFBQUFBQUFBQUFBQUFBQUFBQUFBQUFBQUFBQUFBQUFBQUFBQUFBQUFBQUFBQUFBQUFBQUFBQUFBQUFBQUFBQUFBQUFBQUFBQUFBQUFBQUFBQUFBQUFBQUFBQUFBQUFBQUFBQUFBQUFBQUFBQUFBQUFBQUFBQUFBQUFBQUFBQUFBQUFBQUFBQUFBQUFBQUFBQUFBQUFBQUFBQUFBQUFBQUFBQUFBQUFBQUFBQUFBQUFBQUFBQUFBQUFBQUFBQUFBQUFBQUFBQUFBQUFBQUFBQUFBQUFBQUFBQUFBQUFBQUFBQUFBQUFBQUFBQUFBQUFBQUFBQUFBQUFBQUFBQUFBQUFBQUFBQUFBQUFBQUFBQUFBQUFBQUFBQUFBQUFBQUFBQUFBQUFBQUFBQUFBQUFBQUFBQUFBQUFBQUFBQUFBQUFBQUFBQUFBQUFBQUFBQUFBQUFBQUFBQUFBQUFBQUFBQUFBQUFBQUFBQUFBQUFBQUFBQUFBQUFBQUFBQUFBQUFBQUFBQUFBQUFBQUFBQUFBQUFBQUFBQUFBQUFBQUFBQUFBQUFBQUFBQUFBQUFBQUFBQUFBQUFBQUFBQUFBQUFBQUFBQUFBQUFBQUFBQUFBQUFBQUFBQUFBQUFBQUFBQUFBQUFBQUFBQUFBQUFBQUFBQUFBQUFBQUFBQUFBQUFBQUFBQUFBQUFBQUFBQUFBQUFBQUFBQUFBQUFBQUFBQUFBQUFBQUFBQUFBQUFBQUFBQUFBQUFBQUFBQUFBQUFBQUFBQUFBQUFBQUFBQUFBQUFBQUFBQUFBQUFBQUFBQUFBQUFBQUFBQUFBQUFBQUFBQUFBQUFBQUFBQUFBQUFBQUFBQUFBQUFBQUFBQUFBQUFBQUFBQUFBQUFBQUFBQUFBQUFBQUFBQUFBQUFBQUFBQUFBQUFBQUFBQUFBQUFBQUFBQUFBQUFBQUFBQUFBQUFBQUFBQUFBQUFBQUFBQUFBQUFBQUFBQUFBQUFBQUFBQUFBQUFBQUFBQUFBQUFBQUFBQUFBQUFBQUFBQUFBQUFBQUFBQUFBQUFBQUFBQUFBQUFBQUFBQUFBQUFBQUFBQUFBQUFBQUFBQUFBQUFBQUFBQUFBQUFBQUFBQUFBQUFBQUFBQUFBQUFBQUFBQUFBQUFBQUFBQUFBQUFBQUFBQUFBQUFBQUFBQUFBQUFBQUFBQUFBQUFBQUFBQUFBQUFBQUFBQUFBQUFBQUFBQUFBQUFBQUFBQUFBQUFBQUFBQUFBQUFBQUFBQUFBQUFBQUFBQUFBQUFBQUFBQUFBQUFBQUFBQUFBQUFBQUFBQUFBQUFBQUFBQUFBQUFBQUFBQUFBQUFBQUFBQUFBQUFBQUFBQUFBQUFBQUFBQUFBQUFBQUFBQUFBQUFBQUFBQUFBQUFBQUFBQUFBQUFBQUFBQUFBQUFBQUFBQUFBQUFBQUFBQUFBQUFBQUFBQUFBQUFBQUFBQUFBQUFBQUFBQUFBQUFBQUFBQUFBQUFBQUFBQUFBQUFBQUFBQUFBQUFBQUFBQUFBQUFBQUFBQUFBQUFBQUFBQUFBQUFBQUFBQUFBQUFBQUFBQUFBQUFBQUFBQUFBQUFBQUFBQUFBQUFBQUFBQUFBQUFBQUFBQUFBQUFBQUFBQUFBQUFBQUFBQUFBQUFBQUFBQUFBQUFBQUFBQUFBQUFBQUFBQUFBQUFBQUFBQUFBQUFBQUFBQUFBQUFBQUFBQUFBQUFBQUFBQUFBQUFBQUFBQUFBQUFBQUFBQUFBQUFBQUFBQUFBQUFBQUFBQUFBQUFBQUFBQUFBQUFBQUFBQUFBQUFBQUFBQUFBQUFBQUFBQUFBQUFBQUFBQUFBQUFBQUFBQUFBQUFBQUFBQUFBQUFBQUFBQUFBQUFBQUFBQUFBQUFBQUFBQUFBQUFBQUFBQUFBQUFBQUFBQUFBQUFBQUFBQUFBQUFBQUFBQUFBQUFBQUFBQUFBQUFBQUFBQUFBQUFBQUFBQUFBQUFBQUFBQUFBQUFBQUFBQUFBQUFBQUFBQUFBQUFBQUFBQUFBQUFBQUFBQUFBQUFBQUFBQUFBQUFBQUFBQUFBQUFBQUFBQUFBQUFBQUFBQUFBQUFBQUFBQUFBQUFBQUFBQUFBQUFBQUFBQUFBQUFBQUFBQUFBQUFBQUFBQUFBQUFBQUE8L0JEQj4KICAgICAgICA8U0I-WlhsS05FNVhUV2xQYkhOcFZGVnNTbEpxWkZWUk1FNUNUMVprYmxGWVpFcFJhMFp1VTFWS1ExWkZSazlSYldSeVkxZG9jbUZWWXpWa2VrSkRVVlpHZWxKclJrVlJiR1JPVlZoT00xRXhSbHBTUmxwU1ZWVmtSbVF3Y0V0WmJYQkdWRlV4UW1Jd1pFSk5WbFpHVVRCR00xSkhSWGxTYm14T1ZWaGtNMUV5WkZwU1JscFNWVlZvUlZGVk5YQlphMmhLWlVWU1ZWRlZlRU5hTURWWFVXdEdkbFJWU2toVmJYaHJZV3RzTkZKR1VrSlVSVXB1Vkd4YVExRllUazVSYTJSVFlrZFNjVk5ZYUVWV1JVWk5VVzFrVDFaclNrSlVWVEZEVWpGS2MxcEhjRXBrTUdodldUQTFUbUZyVmpSVVYzQk9aREF4UlZvemFFOWhhMncyVmpKb2FsUnJNWEZUV0dST1ZrVnJNVlJWVW01bFJUVnhVMWh3V0dGclNsaFVWa1o2WkRCT1VsZFZVbGRWVmtaSVVsaGtTMU50U25GU1ZURk9VVmM1U0ZGVVJsWlNWVTVDWkRCU1ZFMXJXalZVVmtZelpEQk9ibGRWVWxkVlZrWkpVa1ZHVDFFeVNrbFRXR2hGVmtWR1RWRnRaRTlXYTBwQ1lqQXhRMUpXY0VOVlZFSldaVVZTVlZGVmVFTmFNRFZYVVd0R2VsUlZTa1pYYTBwU1RVWldORkpHVWtKVVJVcHVWR3hhUTFGVk1VNVJhMVpoVVd4RmQxWllaRzVhTUd4d1ZGVkZkMUl3VGxSalZXUlVVMWRKZWxKR1JrWlJhMFpTVmxWR1FrNUZiRVJTU0dSQ1pESmtibE5WZEVKaU1HeEVVVlpHUkdGSFJsQk5SMmN6VjFoV1ZWTXlkRzVpTVU1TVRXMTRTRll4WjNkU2EzTnlWbFZzZFV3eVVrbGxSM0JaWWpBd00xUnRTblZhYmxseVRWUm9XVTB6V2twUmJGWktZa1pTYTFac1RuRlhWV016VFZSb1JsSXpRbEZQUnpReVZucFZkMDVVVmxCYVZ6VnJUSHBTTTFKWWNHRmhTRkpLVmpCa01FNUZPWFpUZWxKclZWVldUV0Z0VWxsVE1tTjRWMFZTZEUxWFNreGxWa295WW10dmRscHNVbk5VVXpsWFkyeGtWV0ZxYkdsWldFWjRWVmRzVUZaRk5IWldSVkpIVTFkRmVWUjZUakJNTUZKYVlXcFJORlZIV1hsYWJUQXpVV3hOTWxaWWNHRlViVW96VWxoQ1VXVlZaR3hsUkVWNFZrYzVNbGRyU2xSU1JUbEhXbXhhY0ZOclVucE9Wa1Z5VG14dk5GRllRakJoVlRWV1VqTm9RbUZxV2taa1ZFMTRZVmhhYVdOclZtOWlNRTVJVVd0U2RXTlZZM3BPVjNkNVRESTFjbFl5YUZCaVdFWndXV3RaZDJSWGFEWk5hazVSVFRCa1ZWbHNXVE5rUlZWMldrWm9RMUpFYUZsUk1IQjRUak5LVG1SSFJrMWliV1EwWXpKYWJWTXdiSE5UYmsweFRWVk9lbFZWTUhKamJteEZTM3BHYUZZeU1ETlNSWGhVVVZWT05HTkVTalZhTVdoWVdXcFdVazVzUm1oVmVrWm9Xa1JvY2xSc2NFdFdWbHBQWlVjeFQxWnVaRFJTYVRsTlYwTjBWbGx1YUdwT2JrWktZbnBXVGswd2RFZGtSRXBoVjJzeGNXRnNiRTlPVnpWcVkwWndSbEpyZUhSalZWWmhXVlZHTTFKNlJsUmlSVko0V1ZSU2RtSkZlSGxSTUZwRVdXeENhbVJHVW5Sa2JIQXlZekphUkdONlpEUk9iV3MwVlcxck5XRklWalphYmtZMFdtcEthazVyY0cxaGExSktXVEpvVmxwcE9IaFZhemx0WVZoamVtSXdjRU5qZW13eFZsZEtiMDF0TVZGT2JVNXBWR3hvUzJGRmRGcGxWMUp3WVZkTk1sRnFRVFZTTW04MVQxVmFTVTVWTVdwbFJFcExUMWhKZW1OWGFHaFpiVFV3WWpOQk1tSnNVa05hYW1ReFVrUkNXVk42UWpaWGEyUTFWMnBDVTFwWVRuQlZWemcwVGtVMVZWa3hiR3hPZWtwM1l6QmFZV0ZYY0RGVlJVWk9ZVlJHWVZkSVJraGhhMmgyVGpKbk5WWlZiR2hpYkZreVUzcHNSMVpIY0V4aVZXaEdaVmhqZWxZelJrNVNNMmg1VmpOS00xTXpSbWxXUmtaTlUwUmFibUV5TUROa2VtUnpZa1phUTFGV1RuaFdNRVpPV2xaT2NsRnJiSEJaTVVaU1UxaHNWMlZGVlRSVlJteFhUWHBrVEZVeVVsWk5SV00wVW10NE5GUXpWa3BPU0ZVelkyMTBSRTVxVmt4Tk0xcEVUVEJLYW1Ock1VdFBSWGhWVXpOVmRtUnRlRWRTVjFKUVkydDRWV1JHWkZsVmFtaHRaREJrYTJWSGNHeGhSbWcyWTFoa1NsSkZSbEpSVlVwMlRrVm9SMVJWYkVsUk1ERkNZVEJrUWsxV1ZtdFNXR1JTVVRBeFFsRllaRVpWVm14TFYxVnNZVk5WUmxwWmFsSlNXakJXUTFGclJsSlNSVVp1VmpKa1RsSkZNVWhSTVdSRVVqRk9RbEl3WTNKU1ZXeERVa1pHVW1KVlduQlZiRUpxVWpGYU1WWlVSazlVVld4R1drZDRhV0pXV2pWWFZtaFRZa1p3UkZGclVtbFNNbmh6V1cwMVVsb3hSWGxXYm14clVqSjRkRmxXWkU5aFIxSklWbGhrU1ZWV2JFVldiRWwzVkRCS1ExZFZWa2RVV0ZKdFZURmthMUpzV2twT1YwcHhVV3hXZEUweVJUVldhMlIzVGpOT01tRkhNSEpVVlVrMFVqQkZlRlpYVWtwa01VWmFWRlZLYUZGVldrTk5TR3Q2VGxka01VOUdiSFJpVlVwMFYwVndiRk15VW5wV00yaHlWMWhLV0dOWWNFNVJWRkpJVVZSR1ZscEZVak5TVlVsMlpERkdSbEZZWkVwU2FsSkZVVmRTUTFvd05WZFRSazVXVWxWYWNWRldWa05hTW1SNVVXMWtSbEpyU2xKWk1GSkNXakZzU2xNelpGcFJhMHBTVmxWb1FtUXhSak5TUmtaYVUydDBkbGRyYkc5a2JVNVBVVlpHUmxSRlNsSlJWVkp1V2pCc1ExRlZSWHBTUlhjMVRsVjRhbVJGZDNKU1ZXY3dXbFpvTkZJd1JuTlZlbEp2WVhwV1NWbFliRFZqTVZaclZFUlZjazlFUmtOaVIyaERZM2wwV2xReFJrNWlNazVDWlZVeGFtUXlXVEJNTUZwU1lXcFNTV0ZIWkhOVU1rWnVZbGRSZDJWcVpGTmlXRkpzVlVWb1MyUXhSVE5STVVKTVRrWmFNRTlZY0hKVE1qZzFaRzB4Y2s5VVdtOVVhbFp6V2tWM01GbDZSazFpYmtJMFZVWmFXVlZIZDNKVmJGSkdXVlZLYzAxWFpIWmtNazB3WlVkT2VsZEhXakpUTW1oRlRsWmFUMDFYU2tSVlJrazBaRWhDU21OSWEzSlhibWcyVDFab1RHRllSalpTUXpsdVZHdGtSazE2UmtwaFJFSnBVbGN4V2sxV1JuUldiRll6V2xkM2VsZEhOVnBOVldzMFlUQmFNVlJYYkZsV1dIQkxUa2RPZWxGdGVIUmhia0pEUzNwc05WRlhWazFXUjFvd1l6TkZORlJVYXpWbGJteGFZbFpzUjJGSWNGaFpNbXh1VkdwR1JrMHdSbFpWUXpoM1VrUktNRlZHY0ROVVZYQlNWRE5yTlZJd2JIWldhbHBEVkVWS2VsWnRTWHBMTWpBd1RXMVNkV05XV2t4a01WSjJaRlZTUjJWWVJqRk5iR3MxWldwS1JrNVlUa2hTYkhBeFdWTnplRk14VWxkVFJuQXhUVEJOTUZWdVZrSlVSVTVRWlVoQ05FOUdTWFpqTVVwWFVtNUNTMkl6YkVwWmJscERUVlpDZVZGVlpGVmpSazVUVWxaS1YyRldTbFpVV0U1WFltNU9TbFpFVWtaalZHUklUMU4wVEZaV1NsSmpSbXhOV2tkYVMxSkdhREZTYTJnMFZUSXhVVTR6VGxoa2JtZHlVa1U1ZWxsc1dYcFViV1IzVTFkNGRVc3pXbEZaYWtKdVdrUmtiMVF4UmxCak1XUjJaR3RzZUdRd1NrOWhNRlp5VGtVNU5XRXpjREZVUlU1d1lsZEdNbVZVVmtsa1JYQjRXVzFzVGxscE9IcFZWbWhTVDBWV2IwOUViRWxWTUZab1VXMU5kMHd6VWxkT2F6QXlZMWRvVDFWclNuSldWR3hJVFZjNVUyUjZiSE5YYlVwdVlqQnNSbVI2V1RCT01tUkZaV3M1WVZKR1NtbGFXRVp6VGtVNVNrc3hjRkZpUjNBMVQwZHdVbHBGYUZGWGJrcDJaVWhTUldWWE5ESmlSbXN4VVRCb05GVjZaRFpqZWtac1kxZEdiazVXUWxOTlZGcENWakpHVFZKRVdqUmpha0l5VlRKT2RXRllXWGxsV0ZKc1YxVmtkVk5GYkZsT2JXaE5WRVJaZGxkWGFFUmlNWEJvWkZkWk5WSnVhSFZrTVVaT1lWUk9UVmRFVFROaFJHeFZVbTAxWVUwd2JIUk9RM055VkZkYWMxTkZOVlZOUkZKWlltNVNkVTVIU25GWGFtUnVVVzF2ZDAxSVdsaE5WMVl5VFRCV2FGRldjRlZVVkVFeldsUlNjMWt5U1hoVlJWSldZV2s1ZEZsdWJ6UlRhazVXVVZWR01tVnFhSEZqU0VJd1dXNUdWMGxzTUhOSmJVWnpXbmxKTmtsc1NsUk5hbFV5U1dsM2FXUkliSGRKYW05cFUyeGtWVWx1TUM0dWExaHJlRjl6WWpNd2RHbGtXakY2TVRrNGNrcGFibXBTUVdkalJFZHlaV3RsYVhOWlJHUlJjVzh5UVV0a1lqZHBNbUZDUzNsQ01XdEZWVGx4VlRRMk4wZDJibTlCTFhGNk4xRm1NbVpWUzJ0TGVqbHRkRFZZWWt0cVJrOU9RMUJpY0dSSGQyZFNjMHhUY2xKSU9ITm1OWEZKVlZwV2RETXhaMFE1WDBWUlYwWjZiVlV5UWpSTU4wWldURFpwUmxsQldVNXBSVlEyZUdnd1VrRkJMVzlwUlRaYWRGZHdiMGg0TkdkR1VHUkxVa1kzY1dSeVpEWTVkVU0xYUVGWlUwcGxUMW8xVkZWeVkwMUZaRnAxYTJKNWRsRjVUbHBtUmxSMldFMDVNblkyUmpGSlIxYzJUV0Z0VjJWNGQwSXdkVmRGWTJRMmEwMVNiamRxVlVad1FVOTVTMUphYUdZMVgwUlpiazlSVld3NFRYUkJRbTlPV1RsZlNWSmlSM2hxT0VkSlkzUmtZbXd6TjBJMFpreHVkRnBZVmxSMFVDMTRSVkpUWkZGcmVuRjJjVjlHVm1WWE1VOVJNV2RaTlROQlVERk9jMjlRV2kxVlNtNDBWVVkxTWpsQmRWTmtUSEZCYjFSWmFFdFpUWFZyTTJKT1RHMXpURGQwYjJRd1JsRkNTVUpmVlhJMFYyVnlRWEJXUWxobkxVZEVORWRTTjFOSmRFaERWMEpFUm1GbFEwbFNjSFJRU2kxak9YaHdiVVUzWjFRMWNHczJRblU0U2tFNFJWaEdUVmhNWDJSWFNIWmZVRXRZY0U5SFpXNWxkVTFWVFVGbGFpMU9aVFJIV0RKQk4yMW5WMVUzUkVOa1EzbGxPR2hhUldvMU1YVnhjVlJUYjFKUGF5MWlka2x4YUdOcmVYVnRiVkZXZEdoUlRqRk9OMWhpY1Y5TlNGVXhRbTFzZUZkNVRVSndlSEpOYWtkamVrOXlRMmxoZFZBMGFuUlliVFkwUmtKS01GSmtaMUZmWjFwaFlYRjVjbE4yT0ZvNGIwNWllbkZvTFRsbVRrc3paa2d6YTJGbFRHNUZXbkZ4YlZkMVYxaFZNMXB4VkVGblF6Qk9ibkoyYmpoalIzSm9jRko2ZWtNMVYxcHRWV1JVVUdOblRrTkJXSEl6WlMxTmRrdDBiRUZqV2xaQ1JVdGtSbEY2TUVaQk9Hd3libTA1WmxVPTwvU0I-CiAgICAgICAgPG90aGVycz4KICAgICAgICAgICAgPGVudHJ5IGtleT0iU1BFQ19WRVJTSU9OIj4wLjkuNTwvZW50cnk-CiAgICAgICAgICAgIDxlbnRyeSBrZXk9IlJFVFJJRVMiPjA8L2VudHJ5PgogICAgICAgICAgICA8ZW50cnkga2V5PSJGT1JDRV9DQVBUVVJFRCI-ZmFsc2U8L2VudHJ5PgogICAgICAgICAgICA8ZW50cnkga2V5PSJFWENFUFRJT04iPnRydWU8L2VudHJ5PgogICAgICAgICAgICA8ZW50cnkga2V5PSJQQVlMT0FEIj57ImRpZ2l0YWxJZCI6ImV5SjROV01pT2xzaVRVbEpSamRVUTBOQk9WZG5RWGRKUWtGblNVSkNWRUZPUW1kcmNXaHJhVWM1ZHpCQ1FWRnpSa0ZFUWxkTlVYTjNRMUZaUkZaUlVVZEZkMHBLWW1wRlRVMUJiMGRCTVZWRlEwRjNSR0V5Um5sTlVYZDNRMmRaUkZaUlVVaEVRVTVwWWtoSmVFUlVRVXhDWjA1V1FrRnZUVUpIVW14a2FrbDRSRlJCVEVKblRsWkNRWE5OUWtkU2JHUnFTWGhFVkVGTVFtZE9Wa0pCVFUxQ1IxSnNaR3BKZDBob1kwNU5ha1Y0VFdwTmQwMUVaM2hPYWtsNlYyaGpUazFxU1hkTlZFazFUVVJuZUU1cVNYcFhha0pYVFZGemQwTlJXVVJXVVZGSFJYZEtTbUpxUlUxTlFXOUhRVEZWUlVOQmQwUlRNa1o1VFZGM2QwTm5XVVJXVVZGSVJFRk9RMkpJU1hoRVZFRk1RbWRPVmtKQmIwMUNSVnBDVVRCVmVFUlVRVXhDWjA1V1FrRnpUVUpGV2tKUk1GVjRSRlJCVEVKblRsWkNRVTFOUWtWYVFsRXdWWGRuWjBscFRVRXdSME5UY1VkVFNXSXpSRkZGUWtGUlZVRkJORWxEUkhkQmQyZG5TVXRCYjBsRFFWRkRhR0ZQTUdnM1dYVlVTMnRuYjFOTE1teEhWMWd3UmtzclZVbHVMMlJJZUdwWWIwMDNUbUp1Wm5Zck1UaFlNM1pKUWxWSmJGUmtWbE5xV1VjM01UaEZSM0JRT0c0MlZ6VXdOVFZQWlc1a0x6UjNSWHBhYUhSSlYwZDBORTl2U3pSa1VVVk1hbVJZUzJjeFdFUnRNV0pMZVZKMmJrb3ZabFJzVFM5V2NsZFVhamxpWVhGeFVXbFBWRTR2VkVSR1NXRXlUek4wTDBSWmFqUTRVR1l5Wm0wM1FsTTJWWHBhVG1KM1JYQlFlVWRsZURFeFZHOTJXa0pUUkU5R1psWnBTa1J6TlZFck5sbzRRWEIwYVU1VlIzaEJhalpGZFRNeGFYWmlja1ZvYjBOSFFrUnVjVWN6Tld3eUwyNXJWMmhQYlhGcFlrWXdkV2g2TWpOUU0wZFVZbFkzZEVVdlpGaENSRGhZUTBweE4zSk5kR0ZNYm1kNGMyWm1TMGxzU25NMU1VTnpVVTByY25sRUt6RmhWMjAzUkV4VFFVTjRjREo1WjFoWFlqVlJObEZoVXpGaFpEaHJUbHBLVlZaT2VHMU9WbmQ0Umk5TVdDdFZZbmhqTm5GSmJ6Vk5NMHRHZERKYVdrMXFhbGxPTlc1amNGcEZSa3h0Y1VWYVlVRjNSekZUYkVSeFlUUnZiRXh5UTBaRFlsQmpkRlJ0ZGxwMmMyWkRjemQ0Tm1rNFVtazVhSFY2Wm5GNFpqSmpOa3BtYWtSSlkyaFZaaTh4VWs5bWFYY3piMHBDY3psMVZXSm9NbTFRTm1OaVRsaEthRXRaZVdScGFXTTJRakE1UjJvNU9VWklOVTFqZURKS09YSXpjV2hoWW01MGIzQTJibFJDWmpkMVJEQllTekI2V2tkNVdqQlNaWE5wVVc4NE5FNVVZMWxsTnpKd2MwWmFhV3AxVUVGTmFURmFXSEZIYWtodk4yZzVWVWxoYmxZMlN6bEdWR3BMYlVoRmVYY3pWM0ZOUjNoeVYzSjNTM0ZpVkZGTVNEWm5hMjAzZHpkc2JGWkNRVk54VjBGTlpWTnJRa2xwWTFGUlNYbFdlRVU0VUZsV016ZExVMlJWTUVjNFJreDRUM1ZKTkhVM2NtdEROalZMTTNaRE0wSmpjazFLT0V4VVMzVXZkbXhHUldSUGNreFVkRmRZVWpobWQwZGtlR3BsYUZoNmNYZEpSRUZSUVVKdk5FaEdUVWxJUTAxQmEwZEJNVlZrUlhkUlEwMUJRWGRGVVZsS1dVbGFTVUZaWWpSUlowVkNRa0ZSUkVGblYyZE5SRTFIUTFkRFIxTkJSMGNyUlVsQ1JGRlJiVVpwVWxCalIxWjFWVEZPVFVsRlpHeGliVlo1V1ZoU2JGcERRa1JpUjJ4c1ltNVJaMUV5Vm5sa1IyeHRZVmRPYUdSSFZYZElVVmxFVmxJd1QwSkNXVVZHVFhSbVUxZGtSbFpKTldKcVFsVnRNMkU1Vmtkd04zTjJhRzByVFVJNFIwRXhWV1JKZDFGWlRVSmhRVVpDTUhrek5XZDFPRmx0YlVKdFdFcGxTMlJ6VjNocldYSlhjWHBOUVRSSFFURlZaRVIzUlVJdmQxRkZRWGRKUmpSRVFXUkNaMDVXU0ZOVlJVWnFRVlZDWjJkeVFtZEZSa0pSWTBSQloxbEpTM2RaUWtKUlZVaEJkMUYzUkZGWlNrdHZXa2xvZG1OT1FWRkZURUpSUVVSblowbENRVUV6UkV3NU5VeGpkRXdyUlVnMFpWaDRSMEZzVXpSb2F6VklZWGw1YzFWa1REVXJPREZDYkdoQ2N5dFpUMUZOYjJOQmVVMWpkMlkwTDBaUmFqUklhR2RzVDJGbmJXUXdlamRTYlhSbFVFaEtkMUUzUTFCTE5GWjBPWHByUzI4NWRtMXJPVFpvVGpWc1pFdzBZekZNYm5CNFVGWllVR3dyVWxSRllVSnNNV2R2ZDJNMGVHTnpXR1oyUzJoRU5WWk9NV0pEVUZJNGRIQkpjSGtyV25oNk9WaExhWEY2UkM5blRrZEZNekZKYURCaVJXMVpNVkZ0VmxWM1pXd3pXRzVaTVVrNGEwWjFUV2xZVlhwS05HTnpRbXh0YW5CQ0t6bDVRV1ZNVkdaMGMzRTRUVGs1ZW5sWmJWbEdhSHBYWTJsblRqRkZNMEZWVUM4d1JESjBVRnAzVFVwUlQzazVSMGx2VmpaQ1RFSnpWbUl6SzIwME1tUnVjVlpMZDFSdmRVUkdlWEYxTWxrNWVqSkZOWE5IUmxwMVlTc3hTMVJXU0ZwMU0wTTBVblZCVEVOUGVIQjRPRkl2YzFKV1JuQktiM2xKWW5aQ01WQnlRVWRVY0ZOU1JWSldhVkpWVFhOV2JuTkpWRFJGY1RkSE9TdExWVkpSY0ZsTVpHWktSRmgxUmtoNFUyMVFOM05YZG5nclJFOXpZbFl6VG1kd1NXeHVLM1pRWWpCblpEZG9UMUZQYzFkdmRrbHhkMEpPYTBWck5FOTVhM3AxVEVOcGJXRjJlVFZJZEVweFltbE5ZaTh6VVZoUk9FVm9PRGxJVTBWaFFtTXdMM1JXTmswMmNXaE9Va0pyVlRsSE1XOVNkemxzV21KbmIwbEZkelkwTjJkRWVrOWFSRkppWlhGc05FOUpLMXBRYkdwNU9HcFJaRWhRV25KdmVIUkVlVzQyYkZrMVEwaDRVemQ2Y3pGbGNXRm5OVkJTTVRaQlYyRk1SRFo0Y2pCMlUyTnVhWFl5ZVhSbFdVZHVTRWxZTm1oTVREWXZXV2hEYjFwaGRXWTVSbmh1ZDFGTmFUTk1XRE0zYURsVVJtNWFNMGx0TkNzclRXWnNTRTVVTURSWWJuUnVOR0pxV2pkblFtb3dNSFpYTVdWMk0wVmhRVnBVVFRBM1pUUnNZMkl4VUVSVmFpOXRZbm80U2pOVlFVRjJlamhxY0hCMFluRldJbDBzSW1Gc1p5STZJbEpUTWpVMklpd2lkSGx3SWpvaVNsZFVJbjAuZXlKelpYSnBZV3hPYnlJNklqTTBOVFkzT0Rrd01USWlMQ0p0WVd0bElqb2lUVTlUU1ZBaUxDSnRiMlJsYkNJNklrbFNTVk13TVNJc0luUjVjR1VpT2lKSmNtbHpJaXdpWkdWMmFXTmxVM1ZpVkhsd1pTSTZJa1J2ZFdKc1pTSXNJbVJsZG1salpWQnliM1pwWkdWeVNXUWlPaUpOVDFOSlVDNVFVazlZV1M1VFFra2lMQ0prWlhacFkyVlFjbTkyYVdSbGNpSTZJazFQVTBsUUlpd2laR0YwWlZScGJXVWlPaUl5TURJeUxUQXhMVEE1VkRFeU9qRXpPakkzV2lKOS5KcndfbUxBMjBSYjdpN2VFeWc2WUdzdTA0VXpNR2s0OE1WWVBXTFNuN21qNF9WdkNKYmVSaWlPc0syQk5ieFo2NTlvSnEtYm1xcG5fWHVGa21VM0NESXlCcnBjYWVobW9DbG4xd2daQlhUMFZqUm9VNGxDMjdwTEtJd3gydS0ySklRN1dBejN0UG1lTzdiTjJpZTdkZlJhaWxHYUNfVV9sTWIzT2dHOFd0T1NHbzl2Y2dFMDREcVk3RTRHcERCc0d1RWVuQnM3X0NfNlZvT1hWaXZGaFVDQ0xCd19EYkFfdzlRWVN5cHMxQ2xzR1ZXdDlKSnR0ZGJyWDZaeUJ4cGZKRktLWlJ6cGNDWmZ3Y3NMWkJycWQtblJhenNLZDZLQVN1U1FueHBwZ1pOMnBHM01NckgydkU1MXZMT21BdWcxZ0dWQUE4TXhIMVBmc2pJVTdXUWdvNkl0M0NVMnQ5SHAwQVBVcFB2YnAtYl81N1Y4ZldHLVY0bURDTmlaRGlsWEpGTGtRWnhHQXQ3aTRid0VsQ1l1cmc3d0Z5SnBBU2k2a2VOTlVwaHNUR0dULTRVcnZRWHJoUjJ6ZnBQbFY3Ny1tZVItV0hvNnZUZGtJRG16SGlwb1oyZ2NaRFVkZWx3SGY2RFVtcWxPUGZsNl8tSkhUMlZIdGNWUnVzNFpPSWxqaU1kMkZIdm5rX2VxZmJNVHJWcTdIX1NXeHpVTnFmMFlCSm5tTzAwUXY4aDhSXzNna1ZSMEpTRU9Jd0g1Tm9SMUxtVHpidnNQR0hXZGtIMFRKdlA0U3p4TFAwOWFMYzVJNjNZQnFIY0xhMFdLNWhqdzdmbXhIOFI5N0pYaFJWckhpSHhDa1U4RTA2eVZGUmFfM0drQmFKcWxNb2kwdVgwcHZzdHcyNG93VC1jWSIsImRldmljZUNvZGUiOiJiNjkyYjU5NS0zNTIzLWlyaXMtOTlmYy1iZDc2ZTM1ZjE5MGYiLCJkZXZpY2VTZXJ2aWNlVmVyc2lvbiI6IjAuOS41IiwiYmlvVHlwZSI6IklyaXMiLCJiaW9TdWJUeXBlIjoiUmlnaHQiLCJwdXJwb3NlIjoiUmVnaXN0cmF0aW9uIiwiZW52IjoiU3RhZ2luZyIsImJpb1ZhbHVlIjoiJmx0O2Jpb1ZhbHVlJmd0OyIsInRyYW5zYWN0aW9uSWQiOiJiMDdjZjY2Zi04NTM3LTQ3YTItYmMzMi1mZjg2MzU3NWRkZDYiLCJ0aW1lc3RhbXAiOiIyMDIyLTAxLTA5VDEyOjEzOjI3WiIsInJlcXVlc3RlZFNjb3JlIjoiNjAiLCJxdWFsaXR5U2NvcmUiOiI5NCJ9PC9lbnRyeT4KICAgICAgICAgICAgPGVudHJ5IGtleT0iU0RLX1NDT1JFIj4wLjA8L2VudHJ5PgogICAgICAgIDwvb3RoZXJzPgogICAgPC9CSVI-CiAgICA8QklSPgogICAgICAgIDxWZXJzaW9uPgogICAgICAgICAgICA8TWFqb3I-MTwvTWFqb3I-CiAgICAgICAgICAgIDxNaW5vcj4xPC9NaW5vcj4KICAgICAgICA8L1ZlcnNpb24-CiAgICAgICAgPENCRUZGVmVyc2lvbj4KICAgICAgICAgICAgPE1ham9yPjE8L01ham9yPgogICAgICAgICAgICA8TWlub3I-MTwvTWlub3I-CiAgICAgICAgPC9DQkVGRlZlcnNpb24-CiAgICAgICAgPEJJUkluZm8-CiAgICAgICAgICAgIDxJbnRlZ3JpdHk-ZmFsc2U8L0ludGVncml0eT4KICAgICAgICA8L0JJUkluZm8-CiAgICAgICAgPEJEQkluZm8-CiAgICAgICAgICAgIDxJbmRleD5iNGI0OWY5OS1iNzk3LTQzNjUtYWI0Zi1lYTRlOGY3ZDYxOGI8L0luZGV4PgogICAgICAgICAgICA8Rm9ybWF0PgogICAgICAgICAgICAgICAgPE9yZ2FuaXphdGlvbj5Nb3NpcDwvT3JnYW5pemF0aW9uPgogICAgICAgICAgICAgICAgPFR5cGU-NzwvVHlwZT4KICAgICAgICAgICAgPC9Gb3JtYXQ-CiAgICAgICAgICAgIDxDcmVhdGlvbkRhdGU-MjAyMi0wMS0wOVQxMjoxMzo0Ni4wOTIxMzNaPC9DcmVhdGlvbkRhdGU-CiAgICAgICAgICAgIDxUeXBlPkZpbmdlcjwvVHlwZT4KICAgICAgICAgICAgPFN1YnR5cGU-TGVmdCBSaW5nRmluZ2VyPC9TdWJ0eXBlPgogICAgICAgICAgICA8TGV2ZWw-UmF3PC9MZXZlbD4KICAgICAgICAgICAgPFB1cnBvc2U-RW5yb2xsPC9QdXJwb3NlPgogICAgICAgICAgICA8UXVhbGl0eT4KICAgICAgICAgICAgICAgIDxBbGdvcml0aG0-CiAgICAgICAgICAgICAgICAgICAgPE9yZ2FuaXphdGlvbj5ITUFDPC9Pcmdhbml6YXRpb24-CiAgICAgICAgICAgICAgICAgICAgPFR5cGU-U0hBLTI1NjwvVHlwZT4KICAgICAgICAgICAgICAgIDwvQWxnb3JpdGhtPgogICAgICAgICAgICAgICAgPFNjb3JlPjk0PC9TY29yZT4KICAgICAgICAgICAgPC9RdWFsaXR5PgogICAgICAgIDwvQkRCSW5mbz4KICAgICAgICA8QkRCPlJrbFNBREF5TUFBQUFDZlhBQUVCQVFBQUo4Y0g1QW9KRUNvcEFwTUFBQUFBQUFFNEFFQUFEd0lBUUFJQVFBSUpBQUVCOUFIMEFmUUI5QWdGSFFEdUFiSUFBQ2RXQUFBQURHcFFJQ0FOQ29jS0FBQUFGR1owZVhCcWNESWdBQUFBQUdwd01pQUFBQUJIYW5BeWFBQUFBQlpwYUdSeUFBQUJzZ0FBQU80QUFRY0hBQUFBQUFBUFkyOXNjZ0VBQUFBQUFCRUFBQUFhY21WeklBQUFBQkp5WlhOam1jb0FBWm5LQUFFQUFBQUFBQUJxY0RKai8wLy9VUUFwQUFBQUFBRHVBQUFCc2dBQUFBQUFBQUFBQUFBQTdnQUFBYklBQUFBQUFBQUFBQUFCQndFQi8yUUFJd0FCUTNKbFlYUnZjam9nU21GelVHVnlJRlpsY25OcGIyNGdNUzQ1TURBdU1mOWtBQkFBQVVWdVkwbEVPa2RTUWxRd01mOVNBQXdBQWdBSkFBVUVCQUFBLzF3QUkwSnZFRzdvYnVodXVHYjhadnhtNEY5TVgweGZZa2dEU0FOSVJVL1NUOUpQWVArUUFBb0FBQUFBSms0QUFmK1R6NDJvRS8zUnVsR2tyK0VvRmJIZS9jY3BScUdkSnhsdDFCRVNNMVpJM1JlWjFybEZLd2txK05zWEhyNUpvVzJkSVRqdFNFRkpuOGJ4Z0xlZW00YmRvYmYycDBOUWtvQ0FnSUR5Z0ZOcWEzZWduQStzRE1ZNjVpR25IdStBOFFENUhlQ1ZSb1JNUGxEZ3hIVDd2YVNYb0pDV3RENUpnTGp3RTZ1U3NROHdnby83QlE4Q0ZPWk13ZVdxZ0RLQXpSNWs4NU1aK1dLdjQ3RjAvVXlGdVE1Wk5tN2xndEh1a0pqNkpOanRrRE1BUElyR0c5bS9FbG5PbCt2UzhwQk12U0xnNFdpMGNCVEdlajZxS0tqbWxreTRoeXNBclZuMXQrZ1ZtMTVGc3MzOTJ4WHMxNEJOSUE0aTZjUFZSdXRjVEh1NU5hUERlTWd5dmphQXhZM0R3SVpkV3ZxWSt1ejZ1b0pTTTl5WUdmUWMyS0h0WURQQjBFQVZnSUNoMWNDcUgvb1NNL1ZoVTc5dlJHTk51Q3RjcFFqVXJGOW1Bb0REeTlwUTlSQ0pxWktlckdTaXFwNTlpbVNSZ0cwczVmeEpwY1VVWWtSOEdvM2NybHB4RDN2YlY0OTZrTXZWRmNCb2ZiZTgybEgzSkxUOUxMbnQwSmxwY3d1R1JZd1hvK3RPYVI5SlZUT2JZdlh0TmorY1JXOHBaNVJGbkcwT0NETDZDYmhPTWNSYmlzdmh5T3A4UTlQTG41UXV6Vjk1K0ZCSXYrNjgzVjhkQTJNdmw2akJFODlEWHhFQjU2MWJ2b1ZHRE1pcFQ2MkpFM1poSWhVOHkwdEswVURsRXN4UzU0aHJFQWVjYzRXZEY3V3lvVEVCS3RYMW5hczFYVWRjNVVVcGk1ZStBMGRjWFVhbHU3ZzFuSlFiTmE5U1VncGtvNm9KY2MxZTg5YWFOMkRoaXdGd2RJMGphVG0zdVMvdzhhSUo2cUQ4NHRDa0RNT1hKb3U4ZjFuVmExM3JTWmJWemhCSG1PamdwUUhFaW4zYjNXYUxQczcrMXFSdW1lanBST2ZMYTlxdXUySHF2czZYRGtoOWhjY2RsNGRocDNHT0FtZUZtOWNoRTNzVDdrNkQrWjRtbHkzZytGQVErdEhVOXVyU0J3RmEzSWxXMjZYdjVzREZOYnczL3VEWHlQRVhDOEE3SWRYL2d6TUdkUEtobG5jVjIrK1h2Szh5b0tFcG9mN0tTNVdHTm42Q3FTRXgzQTRqSVpqV3FIclIvMEd2NlEwZFl4T080MDZTWmk0VmFzSkFpaWw5T1NQKzBjY3ZzaWwwUjhMMHUzTm5FVDMzRG9pMDEzdTRVVXlKOE9USHBjSjA1bUUvK1NKamN6SXpGa0JMOHZmMGZvWm9MTWF2RzFqQldsVk92MnM1LzJ0MVVhK1Y3d1Rtek5xSStWdjVvR0NBa2RqVXoyS0RJeGVHTXpMS2d6ekJxMXIraUY1M0hqZDJwR0hFT0JVd00rRTBvcHNKNnRZZXpZS1c3WEViVElxTmpxYjIwak51MUJSNGVXZThQU3ZCWVBkckt1bUxZOG1KUmdSdTk2THFqVkxkVjRrV2VDdjdSL2dSbTdEUTU1ZktMQkdpVDMzYTJpWHhJN3BPeGRyVEJTRUQyWGpNMS9LbDZQZk01MVVzNW5qeXZUam9RemlFWVB3Y2dld25VaWxPQURwSU5jZ0lrQlh5QU1FRG9CQTAzdkUzRG83V1lNYnVrVHBqaFI5ZGNjdXl6S0FQb3djcjllbk83cXNnWHZ0bzRUSkdZNHo2Y2dyRkJYWk1BVUFoVnNtNFg3Y1J5MFh6aUVGRlZSZWhCcnY1T1NCUms2T2poVU4rUmlHbExnR3g0OXZOMjZOZHM1ZXZEVEEvdGx1VDM0RlJiYWlQTUdTQTVvdE8xUENDQ3FKRlZYeUZhSG9rU2tkRmc5UnIyVGp3SnpXRWV2dzMrRFZtSTZ4Sk9aWXN0NGs2ZVhqKzNKZzE1b09PQWZLK1Q4WWk1QkJFejJlTkFrM0Nnd015SzFIYjM4VWxxNUh4OEh5UzRqaGF3emZXcjZLMmtML3lXR2ozWUszbFp5STZIaGFUTXNyZjZaVVFFeHdXeUIvQWlOTllqVDUwR0N3Kys1SFl2YUJ1QkFZT2JRNS95VVg0OWxsTW9sd0l0N3NmWXdZMjZHQmlkRmRUUGRONlBiR3JzNTNSYTN1d0piRHZTZ3p3RFNyem5CcjB0d1NRUEg1ZlhScDloSG8zNmNpUzc3L2pza2llTDhWUTAzU2k0dTMwMkh3VW5hV1MyZU1EOFo5cWRFVWJEV3FlNDdONmppMnJ1OXArWDM3MTBYclIwTDM4Vk9NM1lBcEF6eXVjN1Q3bndsTnR0RFhQTVk2akFEdDM4SDBpV1ZUMHB4Nk9xSmR2TVpnVWVrWnZOdWdLS05ScDhxc2VuWHY2dXpRQWZHZFk0VlpkVitldDBlZUNiVzFVQnFPaGpma1NuSHFnYUppVVpqVTdlREZUSU5zOXRES1JnWDhoUkFPUzBKL0V1L3pDNWZKNGk0R3c4OHV2Mkc5b3BvZkhMT0JxWGx0V2ZnREh4ODUzeEY5U01yUGhydGZ1OW95MUtOTU5kbFg2a0Rmb0JXblY2dFhSUGU1K0xTVHJLeE1iR3M0YXc0V1pXNE45MFZyMnJiMVR5ZzJVWnNpWjdBTGVEQXVWQTRVZUJGbThveFZCQTFDNCtHczdFSlAxZVQ1a2VidGZGdzROVW4wWFMzY2U0QUlrei9XaHRTNVQrWE95bGhJV2FLRE5MZEhhTHFZcUhOTnkxTEJlVEVsSGQzWDVaNFl4QWZMRHRwNHVXcFV3SWpHME05T2J4dk54SlBLZU1iOFp3YWVFR1JpRVRqYjFXc3gwQ2cvS2VNREJOSi9sbzZyTVVCUGRUa3lxMmZmZnJjMjhoZUZQNlZiblZHcHBwOENDL1RLcDl1czNSaDYzM01SUXdBaVR3ZkI1MFRvbVFXbTRiVnhtanRORUhMQ3NSYTJDbWhlQzdRTU9LdFl0amlER3QxeEVWcXh0VUdOSWRIbDBJbVZzRDFUbStqUTN0OEF1b1o0aUl0bVFFNC9VeWxCVExzYndMQzd1em9sMjlpUFZtLzg0OUZGRlcxcWo2aWFtaFIzOGw1dVcrRVdoQ1hPNGRKOHc1M3ZhblpDTERRVDFzcTJ3bElBOEc1NHRlbHd2TlJRZUpsTTR5dVJMRmpsMTVTWG4wWk1kVVpIR3ZVL0ZjZWxNYm8vYW5CaW5ES3dnZ3k3cHFXalptYVl0a1pIek1CZnl4Q2NVV2o5SEZkOVpDeDluTGpxWUFPWFo2VTVtdkxpc3ZCVlFKZW4vVlpyYVlKWEgxOUVqd3dTQytQem9wbjEvaEFVdW9qSUVuV1pzd2hJaExFRm9YYU9DSTRjb1ptWVhnN3dOS3FGUW84TXF2aldTcGNTWWlwNCtRYzRsSWtiRzZBc1hZUFNPeThQZ0ZzTGlBSGkyRUpJUGhEblVJS3FoeXFGZGRrNkYvVXBvTllybURvMHFyaEFOVjl0TmpDc1o5SUR3dmVHSHcwam12b0x0UXV0VGpHeithc3M4cFd1Qmxpb1E5QVBEVi9ENDdZMmhjcTFRRUFHMGxka0VVSnlQUTBFbzdnM3lkZEdqSTZmcmgwTDMxUjZPemRWenlaM2ZadXdLUllqNjNLbTE5TXV2QzY0cjVYR1FmMkFYWk1MbzJ1c3RYdGdWMXdSUlc4dGQrQ0NCQlB3bWxXUWdtTkV3bi9pNUtMUmttOGJaMk1PZUhOT3ZBR3l2eVhBWjB0OTVpcnVrNFJpaTlWdTlZN2tJRk1LTTVMYUdQTWhRT0V4L2o5TS9aSjZNTndlTnF1QXNqTnpJNCtYS3Nxd2hCZXNBOEVSOFl0QzAwRkJMUWNscytiUU1ZMy9VdExxVU0vOUJJaVpkMmpxbHhQTzhZaGtxaklkY2hmOFlOanE3VzNRWkZPd0thdVE0eGJ0NDJpbkxOcDZ5RXdCaTJudzhLd1Y4dVZLQUg2NVgwU3pWeHZGMXV5MWlleU51c2dWYlRkV0wyR0RDWTVaUVlOMWdQYnRqdTlQYVQrK0pXaFdLWmlFbHNCVE5BeTFsL29QRXJTQUMxdW8vTkw1YmdJdEpmdHFDbnFPczNERTJ4UE1wS2RlWmZzRVp0MUl6TDVCUlhrU0pPZC9JL3crSE50L0ppWDVpSHlnQzZkdTNKRXJnRUNGYzJxZlZBU1l5ZXhPR3ZQVWIyWjBLZUIvRks4OHU3c1dXU2lHSEFEMmVEb1FuVWJ5UUpONXlWMmpXRVptekJJaXJHeXNJS1J3RUpKN1pkbXcrbDBCRkVXakM0RzRtdmlUSkdMSmtjNHRJSWczN2l2Y25CdzRpeVFZMk9oL0RwZXVKMXpsdFZlZkNaY2dZSnpRdE5mU0lOUWNHODQ3cVpmSXhCTEp6TWFxVnc0eVhXVlNqcytRUXFpT0FSeEFjNmY2SktiVkR2bmJRTkk1UE1RQ1YvS3dHQ1VvTGJ6VlIxTUFKSWNwU0tMYkowQmJQQUtnc20xZTZWbit5UUtsNlZFb1ZhejBQU1A4Nmx3Ukg1NWcwTHdCOHAzeld1c1M0OW5Fa200NkFnSURubjBVQTRkWGlLRllBR0djcHlwTCtka3ByaE9peWZGQTAveXRZZ3ZoWTBYQVRkVGNyOEdIMWw3QlBjMktnZThQdUw0dzBvK2tOWFpMKzU2Tkl4MVF0Z0ZSNDhTOENBcmxiMC93RHNZZ1VOWDkyL2hrSkZCTms1THAzdlB4eHdJVDNqS3h5WHN3cVVES3BhSkhnOTJiVy8yYzBuQS9BWDE1M2c3RG5lVllFbGpid2dITFFEcmpFbXorYWNpMmlGT056bldPdlB2eG9kN2pKUnplN1Q5bFhPemNNVG5tNWtxaEdFN29adE9jdVEzRWZTQTROSXFsRzNrMk9vd3lzUU1KdkFGc3RXYmtucFByQUNuaEZhNzArZGIrNHViUG0vWjlqLzJsQkh6SWNuelJaTE0vVFFYQVU4c0xvcllET1RnTVE3Vyt1dVVHdzhBQm40S0ZkRjJIK3hDbkNabTBaQ3p1VXpySllWdTY4RW43Sk81alNUL3JWdXVaNTNVQ0xhUXZzdXh6VU0xcVRmejlkVHVEcUJoR09lRDU2ZnJ5VjNJdFNpN0tETWY5THBmZUdINHBzdDVubGk3VHR0a0Z0ZTZhOEVDZVhwUUN3T0ZqVzFQUmZGU3habElMcTc3eHVXZUZtRXdWU0RTbHQ3dUwxejhEa09hdFp1VFVNUlVjM3lYUTFoMCtCVUk4eUR3QXBaM0VRUmpwU2NXT0VxbzljTHF4d3NDb01tWVFydGcvSnJyNW5URThqa3VqSWJlSkt5ZjNRWUpVM0JMcnhvZ0NWNlFGWVd6OW9VSHBwbW1KZm54enpTYmdYS2U5NHNmYVVROHBQcHFucXNwbXI2RStBNVhLSm9SVDNPQlBSN3ZQcnZQMXA2K2IzVGxuMDRpQ01ObER5eVVJUGdXWVJrUXZ6bHY5RjNjMzNGY3gwUENINjQ3UE1zeGcwU2VtaWl5MmphKzE1NDdoTHU4YTJFUmhpTHV5SXJwUkM1Y25NM3F0VG92MHNnMUx6NnRUbkJ3bUNwdU5sV1l6R2dodTN6TWdLdFhDV0JYRHFKQVNSR0JpUzYwNWd3cDV0eWtMdzUwS0RGQS9FK2ZxVk1VTU1obnoxanJiWUlqdWY1Z2xYT1ovZnZEaGZCNzdySEtncWFhbENOaVgwUGJvUnpPdWwrK0Jsa0ptN1NCYUdtOHRRR3VDTDlCdUMwSmdPK1pEdXZmRWVKd0loQkl4Wm5Kd3BKK0xUbjhNaFpaaDlTNFBRNStLQVhzdEs1QU5Kd21ralZtSFV2bkVFc1RpeTFEbGIvZHh4dTVCTzZsMUpZTlFxMWVmcmwyaTFjWGZBcWk4bjQ0TVZFeVNpRkM1eTlGbmxzUW5Ta0VUU21Fa2tvWVo1VGpWWDVyS2orc0F1cmxBZHduMkRkRkxNaE1lMFdYZlRxbkNQV3NjMzhDaE9rVlpXeDBwNUhmM21rUU5BZS9VaHZaa05KeWg1Q0pWQUFPaXdvbWVya3dvKzByUy9HSGFRdWVzMTBXR0xldjkrc2ZCR0R2RUNDNElDb09DYjhCSExBWSt1U0IrRkRSZ2pmVHQvT2dnVGp2MWdqVFk3eERwVjFmcDdLS1pQNUdiQWVFMGxKVkZUZDBSbGhqUlFYYmJ6VGE3TzExeEE5UlY2eEhBbXE3ZzhPV3l0eEVaMjRMT0x1cUNoQ2R6ZVlGUHRic21BcGhNaDdtdk5zSkY1TmdrNEJlaklwSnN3N1phVXN6OURNOGs2dmg2M0NzdllHOWllZzIzUE9KRnhCKzViNE9VK2xoYzY1WncyZFl6azRMSnN4bWlnQktxdThnZTVqczJaVEZVMTlVRnlRK3V5QnozbjVjYVR2cTNJbkRRNUF6Skdwbzl1aVkwOXZtb0FncElJSU1IaHJneVhORnczMmpDUnZqUzRXQngyT3JuTVA1OVNQQnBBZmZEVGdTMTVRcE5ZOU5CRWVmeWFHdmtpYzVXdjYwbk11Z21BUlU4MFd6UTBNRjlxWlZSTWY0aEs4WjJTeHBhMXBaakNTalNHS3gzT3RwNGk0ekY1VTl3eGc1U3ovYXY3S1FTQ3lORWZIWmpkVHFSM3V3RnUyQktpbEY2RnNRTUZmTElzVWR5d3k1SVBJaEtZaGt5eDVkWHZLS2dqL1hQUitSazBIS2tDaEl5WmR4VUJXakQxVXNSN3JhNnM3aExzSnRwWW5wZHdHc1BIWHgvVEIxZGsvMnRnbEFmQ1FRZ28vdVJHNmR2djJPc2pSNWJDcXNtTXYyK1lyS2t1MW10cm1ybEJlV2MybXNzZ3B3b3BqdGlXOEFSN2IxQ0RzTnREQVNxZW5xZzFQZnBrcS9LazdWQ0VWU1FhaHlPVjB4TWxVa1VONlN4ZTVqcE5xa2hyYmc4RHhVdUVFMzdEUUY5SXp2T1k3b2t5SEdHQ0IrSERCNlQ0Q2pJTCtRUTZVUEZ3L0theUdGL3FCcG5KL2VoUW5ETXR0VmFISllTaDA1bFNqSitmYStIQWtsNEFHR2N6UWZ1K3VCQlBmTXp6U1JuTWlDd1JaSVVqK2xMTW9jNGVDWGY4ZTZCalBtYUxiV1FhUldBSHl4Q0s0RVYrQ29DZ3I5V1ZKRTJNSkY2ZXkyZE5VYzFzTExNMFhKajZSM2ZWYlV6SUZhSWFiT0JjMXA5elNNZEUydlZnYWEzdmtoTjM1NW93VDB4S3hxSWxiN3BZd2cxR1pIRm1rNkNqaFZkOUd1VlJ5UDZTNms0TW45TzJPUkp1VFY5elFjM0JVMkcvLzNSbzgwUmJGZjRwU2NsaEkyeUd0bmVlQ3FvY3g1YVBlaUtqRUpIaFNBbnlxZFZuVGR3cFdCVzJwak5SSHJ4Ynd0emt3dzBwQlVCWGtYRE5BcFMwSnh0bkwwUnVzamFsenROT1NrZE1GcFhNUmpHU2trVFVySjRmOUE2cHlCOXdCZXo4QXY1VE9jMVpaeXl4TE5lcUorSVkxRzZsa1RvRVJ4RktMK3hkb1g5S2FoZGVmekFqUkhOTXJwVXNsRFd2UlVKRjZaTklEZmJFdnY4eW1GRmNCSkdKRERHWHQ2TFRPSjZ5UnhuTElJM2lTTk9nY2JmcmMxYStiYXVVRXkyMjVnREFReFJOd3BzekJZR1VnSEdGRVI1bEFjRm5PU1FybVdldzRHNlNHclZHOUU4d09nelAxcmtKdUJuaEdQNGIxMVA2Z3JSUDRiMmtOV2tveC9CTXh2WG5FNUdGcmxKVnY5V2FQOVpEMFFkWUUxRWhNczJYQmdOTGY4Qlk3V05TWEtsZHBBZGQxRnV6eS8rRkthdC9oY0ZYZHpsZWdCVURoWlE0YithVUFFQ3E2c1dTaWtaeDJSQUZ1NWxwSWFrTXNDWExqTXNaa0R3S3lYaUZTbVFOaVJKZ3c4ek4zL3krT01GRTlDVFk2T1dJL3lWbUlOTWJnNnhNdm5BSnU2U3BvRGZxL3drWTFQNk51bDNOdGFtKzVCeEpWazczL09HZjhCaFpnVTZ0TVN0SCszRGJlVGtWRkFXOXdCZ05zcXoydjZNdDBTSW9pU0FoVy9UQ3VQZ0kzVFJZdVRQNXRmQWV0dzVXV2VJaG5GWnZTc0FZc2pFN1lNa3FjNnIrRDVMZ09yZENoUVh3WkNyb0pUVkdxWDFSWFQ0ZDF0cjVFQVZFdktaK2t0SnBReXpqSVlCZWk5S1hCTXIxU1FhM3Eyb285a2dIZERXSUpNL2VNMWV0c3JwVm5xSmJxeitnVENlQXRjUlk1UmFZalZySExRZFJiN1lwR25HalhBdWZob0FtbXhNb2RZTC9WRndxaHJWczcwK1ZsS1NBMEtseDhEWHozcEpDd1k3Qm5xR1VTa1p6aXJJRy93cGNpaUtvMVJ0azdOVXA5QmZPUEgwM0NqYTBPU3NVcmw3SXhHaXlRNnVod3ZEbXpacXg2dGR0NzNxd0VoQWt6aXdjREVwUFRqNUxHODJtS3pER0xqQi9veG40bkVEbkhFbmdlVU0xYnIyeFBFOVJGMHNvK0Z0aHBJKzBuak9uazJoQjUxRUJzU1JENkQ2RTVlcTJkZEx6clNNdFJXa0oraFh5UWcxcDZNRGxSMnZpY3pCOEwxSEQvc1k3c3RZTVNlb25CamliTVVwSU9zTXJUVGRrMXFIeFdEaW9STXR2eFZOdlEvOXNmNlFUaUtQeVFJS044enhGaXRqTXhDOXNIVTlmc25YUnJHNWl5cUNkV0NaRUxYM25GbDhDc01va3VLV0xqR3dHemVTdzN1OUZUTDJQdlVWWlAzYW1vMWlVZ3Z4R21vQUQxbmRqZXpHQU1uSmpFYUQ5WG5BT2dZdXcyTCtqTWd5VW1EQWNoR28vendiYXgya0lVK2VITXk4bDV3Y3drNzRhb3dlY3VoT2xPcWJCeW9hWTNSZkxYQ21Ec3BuUVNHTDdoM0U4ZUFPcmpsSC9GeGdhdnRyaTlLcENqUzRkeXMrUnd3NFBZMFVTa2RiSjJWWnNsb1FvZ0dQMGxSZ0NRcFlRdjBUb3l4MTZoVzJkaDhicklzSnUzcWdOc293NGlyYlk4T3pPMXgxNzRBQnRwamZxNXV3bEtzVy9rNGFybWxiNXpYTmZJSWNCRk9HVDJPRHRMUzA2RWRmSlpaRXI5bmRLdmJKMmVmUldrVC9sb1dlQUFUZjVZMmo0Nkpsa296L0FSTXdySXpYZll0ZkM1NWl5Z24rZks1eEhraER5ZWNZVUY4ZFBVcnlWVG5KMmhUY1NyYzFhL29leVgyVnl3VS9iR0tHbnpSUDBBN3VkTHdEcG9qRTZKelBwWTFyQlhOZHlCbDRXY0tFdjdUbkVwbVR2dkZoTCtRdlZ3TTdxZU80Y1UvYStYaU11ZGRnS0dFRGdQcmN4cU80OUs4RHV3cXQ0dXR1OEFFSFd6MDltUk1ERVE5U29veU8wcW1rc2lzVytyRVA4Qno5QUl3V1lZcXYrZ05sVGNSUk5QUnBscnE4REZTNlpHVW51T1VWVzNrSEl2ZHRQYlhKU1h3WmU5N001UEpUOUVyUjJqYTdDdEIyS2pJMlFINnhqbkNOeXJETVR5SUxLb3BSOC9SVyt6dklSWC9CQmJsZFRSWEYvT0l2RndGNEFoc3FZWjA3SjllakN2SDRVT2RxWTkrUDhhK05IQlY2WENUckJ1d2xSVCtEeXVhenlnN1YrREJMZlM2T1Q3ZW4zZzV3NUIwc0w0N09LMkVmSHlVQ25yU29XS3FFZmpzWlgxWkVoSm9wZkRGVjJvelJpYVNDU0ZRQmVDVjUraXpQS2JKbEhjS2tzT09DaGFyakN6dllZKzU5clVDSXFIRE44NkUvQzZrSmdUTEZYRjYzNzU3U05zeStpeHJ4Qi9NQ0xKOGZhL1BTeDlLOFl6WVIxWitmUURQUHN1UzRYdHhqSGRsVFk0UkU1M2c4c3NsamN0cGd0dXZuUUlTbEh0bnZpamV2bndXTWhzRXV6dEZsRjJMU08vaW9hY1o3VmE0azVORzNHQllWZ25mc1M2SHl6dHdDcG15ZlQxei9LM0tOSW1ta213aUpOVUQwTG1aRWxVeWYzdC9wUXV6di9Oa0NNbVBTMUoxNGlJQlNsd05CTUNmNUkzTUF4TzRSSXFDOGJzTDV2alJzM0x2NldWWitYcDdZOHpyVWRiZURoN0FtMGJzaVdJVmYvT0xMcFQ1ZHBCNXFKTlRjY0diMXpJVjdoOHVyRlcyaUNDWjQxejdxSXU1NmFEcUFtOU9TWnlsK0p2b1YwdGlUQWI1ZnUrUFJ5ZWRtd1RUWDJIZ3JzeldxaEhOWTNxbFNLOStRZG1BK3ZST0J6SndVNDdXVU9aZDZneWJoWndMN1NBUDZMYnAzd2hZNnZrVG9JVVhNOFp1MFU1eG9vV284by80VExRUUZ3VUlkUDExYUVWS2lTTHE3c0VqRWF2bE9HaVRxRy95SzVpK0tlV2hFT2E2WkYzcVNzMkwyclF2OHZnUkVXd3hwV0IzTWVHZjloc0hHcUpUZjZobC9YR3JGRGt1UlVNQk5hN2tsUnRVNm5DNDFaak9PUnJsUzNnYUUxbThNK2Rzak80TUwzZ0diTzNmYkxVaVhuWW1zbDM1aUNSeFI3eEVNVmFyVkdqQkRoYjhSZkJnUGdkNWt5K2phOEFtaklVV2ViRWwwZWVqUWpmVXRVWUw5NlVZRWNrdmNhSEFxdTNwYUhHNWVzSHV1RlVuYVpIZlRDYVpIMXVYbit0aXZuT0pjTkExWCtWb1lJWGkvVDVJSExnRll4ZGliblBQbzhWdWpxQVV3RlJvWTE3N0VzRFppZ2d5L1FmbnVkQVFhVUZHeklHckpMQkl2R090WU9oQjd1dk81V2xPNCtNUEY1QTFOUE5XMVJFYWFrSWcyYmhOTFJkWXRrUGNydy9ZTy96WU0rdEZ0aXpWRkdoR1Z1YVhoeVdEZWtJS042UEd2RkNMai9nZmc0RkMyeHM2NEw5UTV5dEFpZGJkQ0xRbU1HZThJR0pKb1pEeWtEaDBOY0FwTkJlN2VRMk9DUzNaQStNNzMxemVNMEhvMnV6eUsrZTI2VEVnV2VpNEcyUEFHWHhKcVd5K2ZaQlpZaFJUN1lGakQ0bk83czh0YmVOTWRpdktiMXRJSTNkbWs4QjloeWRqTHN1QXcwamJJZnFqTnJyblRBMWZmMXJRY0hFcVRRVUxxV3h0NXNxdmZNY3VQcFpYMWxQZDd5TVpZTkxDcHk1YmxCSk90U1gwOVBYT05YakZ5b2pNVWZRblhjOTFKZG96WWNKalcvM2h1NWZjaVdyRmliVEl6TDdnQnEyWExXZzRxRzhBNnlpS1hDcEdydjQ0R3JEREM3NTlHNEdFWVdyYVVvbFprbkRLZXRKS2R6LzBUamNrWWVuMXpnOHcycHRWcXRrOFp5NmhIaUpEenV6UWhLR2VjQW1wQWNkNjRaWnRWTXd5QjhZYVpyb1phQmZEL2lwbUw4TjZzb2pBaDM3eTZnb2duSGRyRXY1R1V0OHVEa2E3YW5qMkM3NE8veHFBdGV1ZjkvY0JkanVkTmVMN2lpemordGl6clNvS05Zb3Bma0sxNmlCKzg3QmxHZzRiK1UrdFdlSkZIamUzcVJwMGNFMTYyQWdJQ0FnSUNBNUh0bjc2eEF5dUNTT0xoVEpKSUhKK05oVDFwdUwzTnB0dUM0Q0l1OGFYN0lSQ3AwbkcxUkU5aVp4SHVzZkswZUdwS0tXbGJaWHhZT050RlJnT1kxcGI0RmN3L0lWajRDVm03c2lOeEpKVGhLeGdPQXlYQ3JnZHJ1WWp4eUZHQVBud2xRQW15RUwrOWxOcnltZXM1dmpFWkxibFJZU3lOU3BTZE9LdDRabW11dkVVUTBjZG1Wemh5M1FFWHJLM2NvRkZmcE10WGY0ekw0RU5pUmFmMW5xQUg1T3dDMHRXUVhxZGVUb1ZUREZUMWxXaFBhcnQ3ZHd5alorUDh2QUQ0c21mQmNKUGV6eDJmbGY1c0JsUHFkVWJIaEVLK1hidmxqenkxSjZEblBOYTlYeWg2VU1Oa2tickZaZTcrekZQSU1xYW9IMFpVTzROSGNybEVMUmVUL1NNZTIzSHJyYlBxV3JlZ1JnZWhrc1lRNy8wRU5sSXZoY25jdG5ZdjRBTWdxenIzVy9TSXVMdnJqWjJRMVZ3am9reXJNdmZXMkxIUndzbDMvSkJ0bSt4d05udUp0Uzh5M3pxbzhaNk5FclVFT001STNxdjNORHVVZEZmVkhpTW1NcVNFNU1DMUEzT1U3eFpPOGk4YThVVFRGRlVFQ0hTQmsxS3Qxc1RvVUV6K1NLQURuNWQ4TGQwZFBaVmhsMCs3MmU3R0ExM2JFSU9GZzFRR28rNmw5N1A4ZDhiVHI5NmMrOUpxNkZ4L0I3VWU3NVhxSHVxZnVwMTZldHVUMElGWGx5bnREcTZOa2dDaURxK3BGQ2ZVTU1HQzd1T0JUN3MwMFdEb29JeXllQzJxMEpFTEh3Snk5a0pCVXZpVVhaeHNBUzFJSm5aUDkzRUl5c2RGSEIwa3o2a3RUZXFXYS9MMUtwQldTMXZqRDIwaS9jbysrbFJMdEhRYVU4S25RWlNhV1ZFMWVINThYeVcvbk81MSttRHovYzF4NC8xdVEzSloxQlpib1V4UGpLL1hyWGdvSnc3ZG50Ny9UdEFLb3RxR3k3eWtiWC9zYjk3WUZaaFQxaitGN0gydVhPek5aVmpjNjBWQ0ZncS9ZeUhVcU1pNEIxY28wTmxlZElvZkg4ZGxGZWxYbnJkNnlRTTZtNjdONWR2SjNnUGs1OWp5dHBiV1NMQVU1YklITzcxbHV2cWZGSXR5d0VHcW9na1BJcXVHcTBwUzFRbUh5bm05VGhmY1QvRHdkSlpJTkNjZzJWVWhTZVVaYXBrKzNPaUduM28zL2RjU1ZxVW0vLzFWS0pBNDBIOUxFNytCaWtHZEsxV1FrTnQzN3B6RElZTVFtSlorRFJ0NDdhWkxSRFRXQ0tXNXRTc1pJR243V09MaVNvNklQZWxmc25iUy82VjQ0bDJmTDBXZUZYZmFsNjZyMzZkeXZRbjM2WDJteTU4c2ZDWlZtdC9wZUlqbGlzZGFxNTJNa3VsK3RlS3NPVFRreWk0cFdqcE5RcStSZnRZNGVTb29vaGdyVHBWK0IxbW55amcwZXBvTkY1VVFLNDZRUGhTaDR0NkVHSnk2eFZIazZaOGRhRmo4RW9ZblF3UjhmSDAzNnl1QlFzUU1YZnVEV3FIQi9nUmJwS1EvdWtHUnk5TEh5Wkl1WG94c2ZrdnlrbXpXK0Jzc2N1cmYrZlFzb0gxaVpsaUxCRFp4Q2R5MkpIOXpQRFhPSnZXV2xZaW1MdCt0bXppRGZ2Sjl1NFZ1NWQveXFxRlhveEF5OFFjYS9FL0NaNTcwUzJmdHZpd0k1UUpXTzJ5eFNNeEJQc05SdFYxNVg1Nkd1VzBDUWZBam1iTkxzS3F5MXYyR1NiNHNkRmpCS1lLZjh2QmUzUTlrVFUwbDRKVHJSaHJDdWFsRnlKd3VhY0hHdmJ2RmdOSzRJT2JjMEpTWjY2U3doN0pHYTNhSmVaTTdDRGhDQ3RFZEl5TEVZeHhUN2ZROWlHclg5R1JBdTNMMGZsbTJ0ZGUrdk5hUkF0RUU0RE92SVZoQ21CTTd6aVV4QUNtek5mbXE5bzN1N0pCeU44UnYvYVJLcktxTW85bnZQNUJITDU2UGk2OVl3NGhwenRVS01ESFYxdGhOazRtZ2xYdnlWNnI1YUdWY3dpVDFXL2RBZlFGeUFlUDhXYmhFbnhmVDhRcEFxUWhTbzVSVGxNNWxZVDhFRHcyMjk2MjV0Nk5JRkduTUVpaUJsb1d6bEI2L3Rnb0l0TW5tYnh1QU91OW9RNjlSSlYyU2JyeHFmRCs5aGsybjFOaksxbnBaZVNyQytBYWlGV0srU0I3N3EydVRFWnUwUlVSTjlwcDM0cTBCOVRqNitXNU93aS90M21WMURaTG42MUROam9jU0Y3ak5ybHdWaTRnTnBJcW9uanMrN2JoTmhlZ215V2FWVUtQT3hPS1B3bm54RlNvclJ6aFZoTUdqZnZZdEdzMGZtcUw2d1lWRTYwY05oMmY5b1N3OFl3TmlZSjhCY1VMZ090T3BITWFCelkyZVcxRmg0U042MnJUYnAza1FqWXROV05RVjZwWkFpMW51Z0p3YXhqVjBCRm5qL0lzRm5FSjlIeEFNVGhDRk1LeS9TUTNDMXYvNUloVkU4M0hHbmQzM3llc0t6TzBueXpubEJBbTdvWlY4UGhhb0N0TUVUYjFjVUZOWGlXdzhtTm9kaTM1eGppbWx4Mkoyd016dmtjQWZTSFF6UkNCZW0vbDExY29NQnBMVGgwNVpEMDNKakZndzJUT0cybUNwZWlxZFZOdjlKS0xsR2pKZ005bjJkN20wK05pcVQyTTcvYS90K2JJN0ZHN01uZWNqYUNlYU4yVlBucUFEQ2YxeXBUZlNJZnVQMjk1eE1VWStudjFYcERVOGJiMkVma0Z6dENzNmxnUnZuNHZBSVE2QU96Y3VLanBzV056MElUdlNiRWxDTG5iMjViS0RYOVk5Y3BxZTlHOFRNcEttNUlFWVR5c3BER0I1WUlZaE85d1lKMWxvdzZPeklrek9DaDgxSjBLU0tLZWxqQmdON01hUFRvbXdabXBqY0w0MFladnE5a0VMVnlQayt4OWFVNkV3Z1k3SUxROEVaUk0rR3psWlB4M0tJTkpJWm1QbDJzRzd5dUxTL2FmejUxdnZkTE9DK2Q2S0pxemwyVDk0anozN2RXalFMcnpvb2JBWDJuQnhWS2pDQTVLRlNmVHJOc1RtTW5ubGpNQnJQazVpQWc2UDlVcTk2NElaWTV4QVlFUkl5amY5UktBcFlZVXZXT21EdmlrRWRjSWQ1YmZ0TDcrdy9hWWhNaVJpQjdobTB1c3J0ZVdGa1FyWXo3ekFPbXc4K2JOZlpPUXJzZXVodVJlbE5YeURHTmZIYVVFbEhGU3RrK001MEhPQ0ZjT01wWWlWZ3N2TFEwN04ySkhWcENYaGtGNmRXT2NWR055VWhjTGFDVlQwb0lac2NDNmcxZGp4SzRvMU1BbTNpZHprOGFvT2JMcnBpVVhQN3VtNlV3VDR6SUoraWM0UTRvZ3ZPanVuRUozL3owbmNIVkJhdTBKZmFsL2J3N2NkcWF0dUx3TE9OdUNuNmFxR291cUZjSVdBTnBzSUptbzVLaWlaWGZoZVd4MldoZ1Y0U3ExU0psdTlQTnFycDZjQXhEVFhQd04vN25JY3gvVzI5TkhheEJqcHhMUFNlUmxrMUl6RTFQQ2owNm5LQkhVaGsvVmpTeEwyUUxwbjAwZWFlSHpHWDlCbmZuV0RqcjZQcXc0dndBUm00OEg2cCtBM1RYUERaSnl2MHRpWDBsM1E4QU5kUzJUUkFUY3ovT3hxbUdqcXJ6VmhWQ0QvWWJqUHRndmQzS0NtYmkzYnhKOFJ4TnhtbGdGWkkvaDU4VkU0RGk2L1p5cnpMQkhhalZPK2E0aXVseEkzTnV0TWpKZWQ0czNHeG1QbFk4VnJxWmFxU2gxdWR5RnlGR2svalFVVG1oV2I2YzBMNmlzTDFrYUpOcTVoZFN1RlpxMHMwR0t2RzZMVlhXeGdYUlJZSUcxYlNTcWdhVktMbFp2WWk0cnpHanlLNEtocmFYcndVbDRRZmRVM0hXNCs1bm0zRnA0RVJHZFVCakN0OGFOcVBDWnNsNk5KcFNuM3dFYml5dWZFMUdtYnhvcG44aGtDYXZROHMvVWxtb0VRVllySmUzNFV1ellOb05RTm8xbG9JOEsvaXdaaTdKZXlLSTRrbFhYcktmK3RLbUpUL0twRzJsenVicHlsWHc3NWRKSWNQV2lROS9abDh2eTZBb0dWd0Zibk90YmRZRDJnTE4xTE5UaFJOSEJuMk9mSkkzanFHblVjMjZpVHRTL2JSS1JrVGQ1c090ZTVkOUtxY1NDeUYzUEtTNWcwZDNIMEZ5TFhIYkFibEFvdDdkNHhjTnFXU1daZVNxZFM1NTJrZmdKUlptMDhBV3dRWUhncjliVERGK0RLTnZDa0I4U3NYVXN1bVNOdDlmNGJsQW50czRhRnp1bHZVaUhxSU5XZG1OVkZkVkMxSU04Nnlwdkw2TDNra3VNc3l2ZW11SmR5cWpyN1lUL0JteUVMM082MEtBTmFkektoNTl6SFF3Y25WYXgybk5OWElGcEFOUmdoWmI2ZWhsNjNCcWpMbVFRM0dCUGFwNmpCR0tFai9XSG9HQ0xqRVN5SlhOWExQNHRtZm5nWTVqUnNhMWpuUjRjcFlwOUVhZkUvMTRVV2gvQWhLanB3U2p6S2NicFUra1MzRXdZcnVZZFRYK1NkNDY2cEFqWDNFYm5uYWEzaFNCbjV1cTVnRXFseERVNC9TNTBLL3JUY1JUZ2pUenlpTXd2NlkzclZDVWZad2xsTkZsT2w0N3pvcHI4T3Rlb2c5SjJCNERVOXNBS2xLYjdEelh2a3c2Qk9ZVkluWTRYalFhaEEvL3hNcC94QUdEUFB1Z2tkOVg3YjNrUmoyOTkzOFpYanZJRCtLVHhFR1dPMEJFNWhrckc4aGd5SkdxY0p5SFlvM1B5VGpDWmpCZFdET2NQZVhVZWR0OVZVcGltVktnT25TM3JRZ0NhbzBJQTA5VGJBdEdGU2xVVHhDNEtPSkQvRnNBdXZHME1ncE4yTkRpTjVxYlpNbEgxMCthUEN2Zk55TS9OMkVQREs1dVZCQVJPT241QVprd3hrYVNYSVg3aS92b000bHpYM3hqSnBhL2M0NWM1bWdxWVJwdFEzblhTdVdJMGo0dVdtcTlWR3V3TWNiSmZ4VkJZSExiUGxWd0lMc2ZTOWtsMXMvMTF6b0xkMy9QSVVEY005MW1heUxyWnBqbmlxMWk4c2F0UFJoak9VZG9nbEk2dGFIV3J2cExlL2JKNDBrcE54UWxQSDc4bG02SXdvS2NzNlhUTEI2QzVYdlIxdmUrVFUrUWZ5QWdJYzl4NS95UHhoTlMrT0xkNmx1b2Q1TlU4QWUzSmZWNUZ0Y3JWYi9WdU9teXdsRUQyd2RBc09ZTE05azVNekpnM290bjd1Y3BXVGQ1UlpueUI4ME9kOEJuSi96SzdPZVkxSDBBT1pYdHRpNW9kSTg2NzNvbFVpdGZGdmpabzFNSE1pY1BLSHYvZ2xETHd0T3RXbWxDVnAxTHl3N1U4WWUvOWtBQVFBYUFFQUFBVGdBUUFBUEFRazRBZ0FBQUFBQTdnR3lBQUFDQUFrQ0FRRUtBZ0FEQUJsVWFHbHpJR2x6SUc5bUlFWnBibWRsY2lBb09Taz08L0JEQj4KICAgICAgICA8U0I-WlhsS05FNVhUV2xQYkhOcFZGVnNTbEpxWkZWUk1FNUNUMVprYmxGWVpFcFJhMFp1VTFWS1ExWkZSazlSYldSeVkxZG9jbUZWWXpWa2VrSkRVVlpHZWxKclJrVlJiR1JPVlZoT00xRXhSbHBTUmxwU1ZWVmtSbVF3Y0V0WmJYQkdWRlV4UW1Jd1pFSk5WbFpHVVRCR00xSkhSWGxTYm14T1ZWaGtNMUV5WkZwU1JscFNWVlZvUlZGVk5YQlphMmhLWlVWU1ZWRlZlRU5hTURWWFVXdEdkbFJWU2toVmJYaHJZV3RzTkZKR1VrSlVSVXB1Vkd4YVExRllUazVSYTJSVFlrZFNjVk5ZYUVWV1JVWk5VVzFrVDFaclNrSlVWVEZEVWpGS2MxcEhjRXBrTUdodldUQTFUbUZyVmpSVVYzQk9aREF4UlZvemFFOWhhMncyVmpKb2FsUnJNWEZUV0dST1ZrVnJNVlJWVW01bFJUVnhVMWh3V0dGclNsaFVWa1o2WkRCT1VsZFZVbGRWVmtaSVVsaGtTMU50U25GU1ZURk9VVmM1U0ZGVVJsWlNWVTVDWkRCU1ZFMXJXalZVVmtZelpEQk9ibGRWVWxkVlZrWkpVa1ZHVDFFeVNrbFRXR2hGVmtWR1RWRnRaRTlXYTBwQ1lqQXhRMUpXY0VOVlZFSldaVVZTVlZGVmVFTmFNRFZYVVd0R2VsUlZTa1pYYTBwU1RVWldORkpHVWtKVVJVcHVWR3hhUTFGVk1VNVJhMVpoVVd4RmQxWllaRzVhTUd4d1ZGVkZkMUl3VGxSalZXUlVVMWRKZWxKR1JrWlJhMFpTVmxWR1FrNUZiRVJTU0dSQ1pESmtibE5WZEVKaU1HeEVVVlpHUkdGSFJsQk5SMmN6VjFoV1ZWTXlkRzVpTVU1TVRXMTRTRll4WjNkU2EzTnlWbFZzZFV3eVVrbGxSM0JaWWpBd00xUnRTblZhYmxseVRWUm9XVTB6V2twUmJGWktZa1pTYTFac1RuRlhWV016VFZSb1JsSXpRbEZQUnpReVZucFZkMDVVVmxCYVZ6VnJUSHBTTTFKWWNHRmhTRkpLVmpCa01FNUZPWFpUZWxKclZWVldUV0Z0VWxsVE1tTjRWMFZTZEUxWFNreGxWa295WW10dmRscHNVbk5VVXpsWFkyeGtWV0ZxYkdsWldFWjRWVmRzVUZaRk5IWldSVkpIVTFkRmVWUjZUakJNTUZKYVlXcFJORlZIV1hsYWJUQXpVV3hOTWxaWWNHRlViVW96VWxoQ1VXVlZaR3hsUkVWNFZrYzVNbGRyU2xSU1JUbEhXbXhhY0ZOclVucE9Wa1Z5VG14dk5GRllRakJoVlRWV1VqTm9RbUZxV2taa1ZFMTRZVmhhYVdOclZtOWlNRTVJVVd0U2RXTlZZM3BPVjNkNVRESTFjbFl5YUZCaVdFWndXV3RaZDJSWGFEWk5hazVSVFRCa1ZWbHNXVE5rUlZWMldrWm9RMUpFYUZsUk1IQjRUak5LVG1SSFJrMWliV1EwWXpKYWJWTXdiSE5UYmsweFRWVk9lbFZWTUhKamJteEZTM3BHYUZZeU1ETlNSWGhVVVZWT05HTkVTalZhTVdoWVdXcFdVazVzUm1oVmVrWm9Xa1JvY2xSc2NFdFdWbHBQWlVjeFQxWnVaRFJTYVRsTlYwTjBWbGx1YUdwT2JrWktZbnBXVGswd2RFZGtSRXBoVjJzeGNXRnNiRTlPVnpWcVkwWndSbEpyZUhSalZWWmhXVlZHTTFKNlJsUmlSVko0V1ZSU2RtSkZlSGxSTUZwRVdXeENhbVJHVW5Sa2JIQXlZekphUkdONlpEUk9iV3MwVlcxck5XRklWalphYmtZMFdtcEthazVyY0cxaGExSktXVEpvVmxwcE9IaFZhemx0WVZoamVtSXdjRU5qZW13eFZsZEtiMDF0TVZGT2JVNXBWR3hvUzJGRmRGcGxWMUp3WVZkTk1sRnFRVFZTTW04MVQxVmFTVTVWTVdwbFJFcExUMWhKZW1OWGFHaFpiVFV3WWpOQk1tSnNVa05hYW1ReFVrUkNXVk42UWpaWGEyUTFWMnBDVTFwWVRuQlZWemcwVGtVMVZWa3hiR3hPZWtwM1l6QmFZV0ZYY0RGVlJVWk9ZVlJHWVZkSVJraGhhMmgyVGpKbk5WWlZiR2hpYkZreVUzcHNSMVpIY0V4aVZXaEdaVmhqZWxZelJrNVNNMmg1VmpOS00xTXpSbWxXUmtaTlUwUmFibUV5TUROa2VtUnpZa1phUTFGV1RuaFdNRVpPV2xaT2NsRnJiSEJaTVVaU1UxaHNWMlZGVlRSVlJteFhUWHBrVEZVeVVsWk5SV00wVW10NE5GUXpWa3BPU0ZVelkyMTBSRTVxVmt4Tk0xcEVUVEJLYW1Ock1VdFBSWGhWVXpOVmRtUnRlRWRTVjFKUVkydDRWV1JHWkZsVmFtaHRaREJrYTJWSGNHeGhSbWcyWTFoa1NsSkZSbEpSVlVwMlRrVm9SMVJWYkVsUk1ERkNZVEJrUWsxV1ZtdFNXR1JTVVRBeFFsRllaRVpWVm14TFYxVnNZVk5WUmxwWmFsSlNXakJXUTFGclJsSlNSVVp1VmpKa1RsSkZNVWhSTVdSRVVqRk9RbEl3WTNKU1ZXeERVa1pHVW1KVlduQlZiRUpxVWpGYU1WWlVSazlVVld4R1drZDRhV0pXV2pWWFZtaFRZa1p3UkZGclVtbFNNbmh6V1cwMVVsb3hSWGxXYm14clVqSjRkRmxXWkU5aFIxSklWbGhrU1ZWV2JFVldiRWwzVkRCS1ExZFZWa2RVV0ZKdFZURmthMUpzV2twT1YwcHhVV3hXZEUweVJUVldhMlIzVGpOT01tRkhNSEpVVlVrMFVqQkZlRlpYVWtwa01VWmFWRlZLYUZGVldrTk5TR3Q2VGxka01VOUdiSFJpVlVwMFYwVndiRk15VW5wV00yaHlWMWhLV0dOWWNFNVJWRkpJVVZSR1ZscEZVak5TVlVsMlpERkdSbEZZWkVwU2FsSkZVVmRTUTFvd05WZFRSazVXVWxWYWNWRldWa05hTW1SNVVXMWtSbEpyU2xKWk1GSkNXakZzU2xNelpGcFJhMHBTVmxWb1FtUXhSak5TUmtaYVUydDBkbGRyYkc5a2JVNVBVVlpHUmxSRlNsSlJWVkp1V2pCc1ExRlZSWHBTUlhjMVRsVjRhbVJGZDNKU1ZXY3dXbFpvTkZJd1JuTlZlbEp2WVhwV1NWbFliRFZqTVZaclZFUlZjazlFUmtOaVIyaERZM2wwV2xReFJrNWlNazVDWlZVeGFtUXlXVEJNTUZwU1lXcFNTV0ZIWkhOVU1rWnVZbGRSZDJWcVpGTmlXRkpzVlVWb1MyUXhSVE5STVVKTVRrWmFNRTlZY0hKVE1qZzFaRzB4Y2s5VVdtOVVhbFp6V2tWM01GbDZSazFpYmtJMFZVWmFXVlZIZDNKVmJGSkdXVlZLYzAxWFpIWmtNazB3WlVkT2VsZEhXakpUTW1oRlRsWmFUMDFYU2tSVlJrazBaRWhDU21OSWEzSlhibWcyVDFab1RHRllSalpTUXpsdVZHdGtSazE2UmtwaFJFSnBVbGN4V2sxV1JuUldiRll6V2xkM2VsZEhOVnBOVldzMFlUQmFNVlJYYkZsV1dIQkxUa2RPZWxGdGVIUmhia0pEUzNwc05WRlhWazFXUjFvd1l6TkZORlJVYXpWbGJteGFZbFpzUjJGSWNGaFpNbXh1VkdwR1JrMHdSbFpWUXpoM1VrUktNRlZHY0ROVVZYQlNWRE5yTlZJd2JIWldhbHBEVkVWS2VsWnRTWHBMTWpBd1RXMVNkV05XV2t4a01WSjJaRlZTUjJWWVJqRk5iR3MxWldwS1JrNVlUa2hTYkhBeFdWTnplRk14VWxkVFJuQXhUVEJOTUZWdVZrSlVSVTVRWlVoQ05FOUdTWFpqTVVwWFVtNUNTMkl6YkVwWmJscERUVlpDZVZGVlpGVmpSazVUVWxaS1YyRldTbFpVV0U1WFltNU9TbFpFVWtaalZHUklUMU4wVEZaV1NsSmpSbXhOV2tkYVMxSkdhREZTYTJnMFZUSXhVVTR6VGxoa2JtZHlVa1U1ZWxsc1dYcFViV1IzVTFkNGRVc3pXbEZaYWtKdVdrUmtiMVF4UmxCak1XUjJaR3RzZUdRd1NrOWhNRlp5VGtVNU5XRXpjREZVUlU1d1lsZEdNbVZVVmtsa1JYQjRXVzFzVGxscE9IcFZWbWhTVDBWV2IwOUViRWxWTUZab1VXMU5kMHd6VWxkT2F6QXlZMWRvVDFWclNuSldWR3hJVFZjNVUyUjZiSE5YYlVwdVlqQnNSbVI2V1RCT01tUkZaV3M1WVZKR1NtbGFXRVp6VGtVNVNrc3hjRkZpUjNBMVQwZHdVbHBGYUZGWGJrcDJaVWhTUldWWE5ESmlSbXN4VVRCb05GVjZaRFpqZWtac1kxZEdiazVXUWxOTlZGcENWakpHVFZKRVdqUmpha0l5VlRKT2RXRllXWGxsV0ZKc1YxVmtkVk5GYkZsT2JXaE5WRVJaZGxkWGFFUmlNWEJvWkZkWk5WSnVhSFZrTVVaT1lWUk9UVmRFVFROaFJHeFZVbTAxWVUwd2JIUk9RM055VkZkYWMxTkZOVlZOUkZKWlltNVNkVTVIU25GWGFtUnVVVzF2ZDAxSVdsaE5WMVl5VFRCV2FGRldjRlZVVkVFeldsUlNjMWt5U1hoVlJWSldZV2s1ZEZsdWJ6UlRhazVXVVZWR01tVnFhSEZqU0VJd1dXNUdWMGxzTUhOSmJVWnpXbmxKTmtsc1NsUk5hbFV5U1dsM2FXUkliSGRKYW05cFUyeGtWVWx1TUM0dVJrNTNPVkpHU1VoeWVHVjFhVVZvV2xSNVYzZExTSGhFWjFaU2NsbHpkVVEzWDBOb1JHb3hRbU5EY3pWVWFHWlNTVzF0YUd4UFNXbERlVGRHYVZOZmVVbGpiRUpmTm1sNU9ERnNkWFkwYlhNelduVlhUVE4wTjFwTmJVWTFiWHB4ZEZKUFozUnJaV2xzWTJ0UE5IUTFZMkpTZW5WNGJrNWtSM05SU0MxcmFUbEtObEptZVVGWVZHdGlTVTVQTnpOV1gxTmtZVFJDT1ZOaU5IUktRV2xoWTFkRFJ6WnFXbVZ1YUVaNlluRmhXVEZtTFRCM1UwWnJiVXMzY0dWWGFEbFFkbmhrV1dsVVZsVjZVR1J0YWw5QlEyOXZSbkJQZVRCclpsSTBWa1ZuT0ZkcU1rUkplbGhGTXpOelUxVjRiamh6UzNRNGNIVjZiMWM0TUV0bFlXaFlOVFJSUzJvM01uUkVWVXhGVjBSbGVUZHZSR3AyT0VOYVRVUjFaa2RwT0RGRE1VRXlOWEY2Yldsa2NtWXRNMU13WVdOWFgzWkROVGRSZW5kSGNsOVhZbmxEV1haamRWQTNWR1JxVWtaQk0zaGhjQzFXTmxkU1dtNVJRMUYyU25aM1UxSjBXVzlhYVVGeWFtVnhSVVJGZVZGVlJqa3pZMUkyT1VkVkxVSnBkbkpJYlZscGVHVjZXR0pzUzNGUlJXOVliM1JSZVVoM1dsZEVlV2hKV0ZORlYyOXJVa2R4YlVWSmRVdEdTazFyUTNwT01EQTBXRzFTYVZFeVF6RkZOMGR0VEU1SWFWZFdSMU50U0ZCSFdVVk1aVFo0VEhSRVJ6VkVZMVZVU2w5bFYycFRkVFZRTmtsYU0xZHFZVWxPT0ZvM1pEWXdiVEZEYldOblUyZExUbU0wY3pOUFdXNHdWMG8zYmtGV1RHTlVlalppTldwNGIxQXdVMWQ2VUU0elMzbG9WMDFXTUdWVU4wcHZRMVkzWWpacFZYUlNiVlZhZHpoaVFqUlZSbEJ6VVRoU2VuUndiME5tVkhWVU1rMUZZM042Tmpab2VVNTNRbTlHUlhsVFJ6UnZZbU5hY1RoTVZUZG5TVlJxTkdGeVl6VjNSSEphZG5OWFJtYzFTSHBJWVdKVlNrZEhNR2QxWTNkbVQxOTBPV2d3YzNCWlRHdHdNa001T1ZOVE9UQjFiRWg0UzIxNlUwRTBhemhpTldzPTwvU0I-CiAgICAgICAgPG90aGVycz4KICAgICAgICAgICAgPGVudHJ5IGtleT0iU1BFQ19WRVJTSU9OIj4wLjkuNTwvZW50cnk-CiAgICAgICAgICAgIDxlbnRyeSBrZXk9IlJFVFJJRVMiPjE8L2VudHJ5PgogICAgICAgICAgICA8ZW50cnkga2V5PSJGT1JDRV9DQVBUVVJFRCI-ZmFsc2U8L2VudHJ5PgogICAgICAgICAgICA8ZW50cnkga2V5PSJFWENFUFRJT04iPmZhbHNlPC9lbnRyeT4KICAgICAgICAgICAgPGVudHJ5IGtleT0iUEFZTE9BRCI-eyJkaWdpdGFsSWQiOiJleUo0TldNaU9sc2lUVWxKUmpkVVEwTkJPVmRuUVhkSlFrRm5TVUpDVkVGT1FtZHJjV2hyYVVjNWR6QkNRVkZ6UmtGRVFsZE5VWE4zUTFGWlJGWlJVVWRGZDBwS1ltcEZUVTFCYjBkQk1WVkZRMEYzUkdFeVJubE5VWGQzUTJkWlJGWlJVVWhFUVU1cFlraEplRVJVUVV4Q1owNVdRa0Z2VFVKSFVteGtha2w0UkZSQlRFSm5UbFpDUVhOTlFrZFNiR1JxU1hoRVZFRk1RbWRPVmtKQlRVMUNSMUpzWkdwSmQwaG9ZMDVOYWtWNFRXcE5kMDFFWjNoT2FrbDZWMmhqVGsxcVNYZE5WRWsxVFVSbmVFNXFTWHBYYWtKWFRWRnpkME5SV1VSV1VWRkhSWGRLU21KcVJVMU5RVzlIUVRGVlJVTkJkMFJUTWtaNVRWRjNkME5uV1VSV1VWRklSRUZPUTJKSVNYaEVWRUZNUW1kT1ZrSkJiMDFDUlZwQ1VUQlZlRVJVUVV4Q1owNVdRa0Z6VFVKRldrSlJNRlY0UkZSQlRFSm5UbFpDUVUxTlFrVmFRbEV3VlhkblowbHBUVUV3UjBOVGNVZFRTV0l6UkZGRlFrRlJWVUZCTkVsRFJIZEJkMmRuU1V0QmIwbERRVkZEYUdGUE1HZzNXWFZVUzJ0bmIxTkxNbXhIVjFnd1Jrc3JWVWx1TDJSSWVHcFliMDAzVG1KdVpuWXJNVGhZTTNaSlFsVkpiRlJrVmxOcVdVYzNNVGhGUjNCUU9HNDJWelV3TlRWUFpXNWtMelIzUlhwYWFIUkpWMGQwTkU5dlN6UmtVVVZNYW1SWVMyY3hXRVJ0TVdKTGVWSjJia292WmxSc1RTOVdjbGRVYWpsaVlYRnhVV2xQVkU0dlZFUkdTV0V5VHpOMEwwUlphalE0VUdZeVptMDNRbE0yVlhwYVRtSjNSWEJRZVVkbGVERXhWRzkyV2tKVFJFOUdabFpwU2tSek5WRXJObG80UVhCMGFVNVZSM2hCYWpaRmRUTXhhWFppY2tWb2IwTkhRa1J1Y1Vjek5Xd3lMMjVyVjJoUGJYRnBZa1l3ZFdoNk1qTlFNMGRVWWxZM2RFVXZaRmhDUkRoWVEwcHhOM0pOZEdGTWJtZDRjMlptUzBsc1NuTTFNVU56VVUwcmNubEVLekZoVjIwM1JFeFRRVU40Y0RKNVoxaFhZalZSTmxGaFV6RmhaRGhyVGxwS1ZWWk9lRzFPVm5kNFJpOU1XQ3RWWW5oak5uRkpielZOTTB0R2RESmFXazFxYWxsT05XNWpjRnBGUmt4dGNVVmFZVUYzUnpGVGJFUnhZVFJ2YkV4eVEwWkRZbEJqZEZSdGRscDJjMlpEY3pkNE5tazRVbWs1YUhWNlpuRjRaakpqTmtwbWFrUkpZMmhWWmk4eFVrOW1hWGN6YjBwQ2N6bDFWV0pvTW0xUU5tTmlUbGhLYUV0WmVXUnBhV00yUWpBNVIybzVPVVpJTlUxamVESktPWEl6Y1doaFltNTBiM0EyYmxSQ1pqZDFSREJZU3pCNldrZDVXakJTWlhOcFVXODRORTVVWTFsbE56SndjMFphYVdwMVVFRk5hVEZhV0hGSGFraHZOMmc1VlVsaGJsWTJTemxHVkdwTGJVaEZlWGN6VjNGTlIzaHlWM0ozUzNGaVZGRk1TRFpuYTIwM2R6ZHNiRlpDUVZOeFYwRk5aVk5yUWtscFkxRlJTWGxXZUVVNFVGbFdNemRMVTJSVk1FYzRSa3g0VDNWSk5IVTNjbXRETmpWTE0zWkRNMEpqY2sxS09FeFVTM1V2ZG14R1JXUlBja3hVZEZkWVVqaG1kMGRrZUdwbGFGaDZjWGRKUkVGUlFVSnZORWhHVFVsSVEwMUJhMGRCTVZWa1JYZFJRMDFCUVhkRlVWbEtXVWxhU1VGWllqUlJaMFZDUWtGUlJFRm5WMmROUkUxSFExZERSMU5CUjBjclJVbENSRkZSYlVacFVsQmpSMVoxVlRGT1RVbEZaR3hpYlZaNVdWaFNiRnBEUWtSaVIyeHNZbTVSWjFFeVZubGtSMnh0WVZkT2FHUkhWWGRJVVZsRVZsSXdUMEpDV1VWR1RYUm1VMWRrUmxaSk5XSnFRbFZ0TTJFNVZrZHdOM04yYUcwclRVSTRSMEV4VldSSmQxRlpUVUpoUVVaQ01Ia3pOV2QxT0ZsdGJVSnRXRXBsUzJSelYzaHJXWEpYY1hwTlFUUkhRVEZWWkVSM1JVSXZkMUZGUVhkSlJqUkVRV1JDWjA1V1NGTlZSVVpxUVZWQ1oyZHlRbWRGUmtKUlkwUkJaMWxKUzNkWlFrSlJWVWhCZDFGM1JGRlpTa3R2V2tsb2RtTk9RVkZGVEVKUlFVUm5aMGxDUVVFelJFdzVOVXhqZEV3clJVZzBaVmg0UjBGc1V6Um9helZJWVhsNWMxVmtURFVyT0RGQ2JHaENjeXRaVDFGTmIyTkJlVTFqZDJZMEwwWlJhalJJYUdkc1QyRm5iV1F3ZWpkU2JYUmxVRWhLZDFFM1ExQkxORlowT1hwclMyODVkbTFyT1Rab1RqVnNaRXcwWXpGTWJuQjRVRlpZVUd3clVsUkZZVUpzTVdkdmQyTTBlR056V0daMlMyaEVOVlpPTVdKRFVGSTRkSEJKY0hrclduaDZPVmhMYVhGNlJDOW5Ua2RGTXpGSmFEQmlSVzFaTVZGdFZsVjNaV3d6V0c1Wk1VazRhMFoxVFdsWVZYcEtOR056UW14dGFuQkNLemw1UVdWTVZHWjBjM0U0VFRrNWVubFpiVmxHYUhwWFkybG5UakZGTTBGVlVDOHdSREowVUZwM1RVcFJUM2s1UjBsdlZqWkNURUp6Vm1JeksyMDBNbVJ1Y1ZaTGQxUnZkVVJHZVhGMU1sazVlakpGTlhOSFJscDFZU3N4UzFSV1NGcDFNME0wVW5WQlRFTlBlSEI0T0ZJdmMxSldSbkJLYjNsSlluWkNNVkJ5UVVkVWNGTlNSVkpXYVZKVlRYTldibk5KVkRSRmNUZEhPU3RMVlZKUmNGbE1aR1pLUkZoMVJraDRVMjFRTjNOWGRuZ3JSRTl6WWxZelRtZHdTV3h1SzNaUVlqQm5aRGRvVDFGUGMxZHZka2x4ZDBKT2EwVnJORTk1YTNwMVRFTnBiV0YyZVRWSWRFcHhZbWxOWWk4elVWaFJPRVZvT0RsSVUwVmhRbU13TDNSV05rMDJjV2hPVWtKclZUbEhNVzlTZHpsc1dtSm5iMGxGZHpZME4yZEVlazlhUkZKaVpYRnNORTlKSzFwUWJHcDVPR3BSWkVoUVduSnZlSFJFZVc0MmJGazFRMGg0VXpkNmN6RmxjV0ZuTlZCU01UWkJWMkZNUkRaNGNqQjJVMk51YVhZeWVYUmxXVWR1U0VsWU5taE1URFl2V1doRGIxcGhkV1k1Um5odWQxRk5hVE5NV0RNM2FEbFVSbTVhTTBsdE5Dc3JUV1pzU0U1VU1EUlliblJ1TkdKcVdqZG5RbW93TUhaWE1XVjJNMFZoUVZwVVRUQTNaVFJzWTJJeFVFUlZhaTl0WW5vNFNqTlZRVUYyZWpocWNIQjBZbkZXSWwwc0ltRnNaeUk2SWxKVE1qVTJJaXdpZEhsd0lqb2lTbGRVSW4wLmV5SnpaWEpwWVd4T2J5STZJakV5TXpRMU5qYzRPVEFpTENKdFlXdGxJam9pVFU5VFNWQWlMQ0p0YjJSbGJDSTZJbE5NUVZBd01TSXNJblI1Y0dVaU9pSkdhVzVuWlhJaUxDSmtaWFpwWTJWVGRXSlVlWEJsSWpvaVUyeGhjQ0lzSW1SbGRtbGpaVkJ5YjNacFpHVnlTV1FpT2lKTlQxTkpVQzVRVWs5WVdTNVRRa2tpTENKa1pYWnBZMlZRY205MmFXUmxjaUk2SWsxUFUwbFFJaXdpWkdGMFpWUnBiV1VpT2lJeU1ESXlMVEF4TFRBNVZERXlPakV6T2pFMFdpSjkuaW1hdC1iTmE1ODA4M3IxbkVycnRuMEZhbnI1b3U5MXhVN282QWxSNks5YWlmejZELUJvLVZqSWJRZmdFcEFsNF9JZXZZYkJEcUJhYk9naldaUHFKTGloM202N21nQU9tM29QdDhJNkhmVm9Wb0lRcEh5RW13OTlEc3pRSTMyY1RGMEJ5R1FjSm5mZ1VNcE9FWGtzWVpuSzlhSXRSQk9RcDJTQzFjdldvVW5zV1A4WWFnWWl0eEgtOThjbnJLTVJNaDRFMmhDRDMyMHg2WUwyTHBwNl9UMlRNTDJkTldsckVGZEF0blpqZU9iRUNxbldSQS01Q0ltM1RId1hOeWNXSkV1S0x5eTVrS3IzZnloMmxBd0xla0JWMnNzMnRlZ1c0TzRyX2N1ZW5sQzFRVzh1UkNrTzhHQjQyT2NHWEcyX29WWnRBSFQ5NTloTl9VQ1l2VV9JMGc4RDJVN2NqNWdVazk1T0o0U1psOWNhZnlwRWxLS0hFOUl5U3lhc1BTcE9aQ1VPYndQdmJXMkxVQkZfR2ZYOXl0NFJSMjlyWUI2Y0xjRXJRRjNwTWNwbjI1ODRBbWNLTC1HY1VsMEVWM3BkWlNXMkdxbm5wVUhlZm10TmNBUUtBbU5XNDQwdXpaT1BHRHgyVEpYdlhGXzd3eFV2d0dsZVhibkdkQmhGU1JxYkt0RzIwVGlBUHZJZHR0MEZUM2xsZFlDcHVyUjA3LTMzQ0d6aVEyTjhMWU1IYlA3ZnIzZld2R1FKOTNfUFZJYkZYVlE1ZGdjak9ydlRRTk5ialcyeGNZYng2Mi1XbWFBdi1pWFUwMDU1V0JkQms1Y1dwQ24ybEpFSWZLbjhBTi1TT0gzWDExVUFIMFZFdU9XNlZPcDc5NC1ONnIyOXl6NEVOMTh1Q0lRR3l1R2ciLCJkZXZpY2VDb2RlIjoiYjY5MmI1OTUtMzUyMy1zbGFwLTk5ZmMtYmQ3NmUzNWYxOTBmIiwiZGV2aWNlU2VydmljZVZlcnNpb24iOiIwLjkuNSIsImJpb1R5cGUiOiJGaW5nZXIiLCJiaW9TdWJUeXBlIjoiTGVmdCBSaW5nRmluZ2VyIiwicHVycG9zZSI6IlJlZ2lzdHJhdGlvbiIsImVudiI6IlN0YWdpbmciLCJiaW9WYWx1ZSI6IiZsdDtiaW9WYWx1ZSZndDsiLCJ0cmFuc2FjdGlvbklkIjoiZTg3YTRlZjYtNThmNS00MDkwLWEyZjMtZTEzZjg1ZWM1NGRkIiwidGltZXN0YW1wIjoiMjAyMi0wMS0wOVQxMjoxMzoxNFoiLCJyZXF1ZXN0ZWRTY29yZSI6IjQwIiwicXVhbGl0eVNjb3JlIjoiOTQifTwvZW50cnk-CiAgICAgICAgICAgIDxlbnRyeSBrZXk9IlNES19TQ09SRSI-MC4wPC9lbnRyeT4KICAgICAgICA8L290aGVycz4KICAgIDwvQklSPgogICAgPEJJUj4KICAgICAgICA8VmVyc2lvbj4KICAgICAgICAgICAgPE1ham9yPjE8L01ham9yPgogICAgICAgICAgICA8TWlub3I-MTwvTWlub3I-CiAgICAgICAgPC9WZXJzaW9uPgogICAgICAgIDxDQkVGRlZlcnNpb24-CiAgICAgICAgICAgIDxNYWpvcj4xPC9NYWpvcj4KICAgICAgICAgICAgPE1pbm9yPjE8L01pbm9yPgogICAgICAgIDwvQ0JFRkZWZXJzaW9uPgogICAgICAgIDxCSVJJbmZvPgogICAgICAgICAgICA8SW50ZWdyaXR5PmZhbHNlPC9JbnRlZ3JpdHk-CiAgICAgICAgPC9CSVJJbmZvPgogICAgICAgIDxCREJJbmZvPgogICAgICAgICAgICA8SW5kZXg-MWQwMDllZGMtODVjYi00MDRjLWJiODEtNzZkZjcwZGE3OTk4PC9JbmRleD4KICAgICAgICAgICAgPEZvcm1hdD4KICAgICAgICAgICAgICAgIDxPcmdhbml6YXRpb24-TW9zaXA8L09yZ2FuaXphdGlvbj4KICAgICAgICAgICAgICAgIDxUeXBlPjg8L1R5cGU-CiAgICAgICAgICAgIDwvRm9ybWF0PgogICAgICAgICAgICA8Q3JlYXRpb25EYXRlPjIwMjItMDEtMDlUMTI6MTM6NDYuMDkyMjI1WjwvQ3JlYXRpb25EYXRlPgogICAgICAgICAgICA8VHlwZT5GYWNlPC9UeXBlPgogICAgICAgICAgICA8U3VidHlwZT48L1N1YnR5cGU-CiAgICAgICAgICAgIDxMZXZlbD5SYXc8L0xldmVsPgogICAgICAgICAgICA8UHVycG9zZT5FbnJvbGw8L1B1cnBvc2U-CiAgICAgICAgICAgIDxRdWFsaXR5PgogICAgICAgICAgICAgICAgPEFsZ29yaXRobT4KICAgICAgICAgICAgICAgICAgICA8T3JnYW5pemF0aW9uPkhNQUM8L09yZ2FuaXphdGlvbj4KICAgICAgICAgICAgICAgICAgICA8VHlwZT5TSEEtMjU2PC9UeXBlPgogICAgICAgICAgICAgICAgPC9BbGdvcml0aG0-CiAgICAgICAgICAgICAgICA8U2NvcmU-OTQ8L1Njb3JlPgogICAgICAgICAgICA8L1F1YWxpdHk-CiAgICAgICAgPC9CREJJbmZvPgogICAgICAgIDxCREI-UmtGREFEQXpNQUFBQUZvd0FBRUFBQUFBQUZvZkIrUUtDUkF5QVFNMUFBQUFBQUFCQUFFREFRTUFBQUFBQUFBQUFBQUFBQUFBQUFBQUFBQUNBUEFCUUFBQUFRQUFBQUJaNXdBQUFBeHFVQ0FnRFFxSENnQUFBQlJtZEhsd2FuQXlJQUFBQUFCcWNESWdBQUFBUjJwd01tZ0FBQUFXYVdoa2NnQUFBVUFBQUFEd0FBTUhCd0FBQUFBQUQyTnZiSElCQUFBQUFBQVFBQUFBR25KbGN5QUFBQUFTY21Welk1bktBQUdaeWdBQkFBQUFBQUFBYW5BeVkvOVAvMUVBTHdBQUFBQUE4QUFBQVVBQUFBQUFBQUFBQUFBQUFQQUFBQUZBQUFBQUFBQUFBQUFBQXdjQkFRY0JBUWNCQWY5a0FDTUFBVU55WldGMGIzSTZJRXBoYzFCbGNpQldaWEp6YVc5dUlERXVPVEF3TGpIL1pBQVFBQUZGYm1OSlJEcEhVa0pVTURIL1VnQU1BQUlBQ1FFRkJBUUFBUDljQUNOQ2J4QnU2RzdvYnJobS9HYjhadUJmVEY5TVgySklBMGdEU0VWUDBrL1NUMkQvWFFBa0FVSnZFRzdvYnVodXVHYjhadnhtNEY5TVgweGZZa2dEU0FOSVJVL1NUOUpQWVA5ZEFDUUNRbThRYnVodTZHNjRadnhtL0diZ1gweGZURjlpU0FOSUEwaEZUOUpQMGs5Zy81QUFDZ0FBQUFCWWpRQUIvNVBIeHRRWndyQnlBK3NidjV3VHZTRDZvamVmYTkwa0g3YkpubnJJRm16eXUvUXRHSlQ5b1FOWWJFcDhHMmFFY2ZjS3czRS9rbkd2Z3ZIQXhyb3BPOU1SVFEzaC9ZMHlxZWZ4b0t5b2hTVVBZejc0WHhjcnRlK0E4YUNrb2JoL2xBdTV2ZlhUNVQvUThjQTBoVWx1QnNiWi8ybkIvT3hlcGZ4andLUytDVDQxU2RrOGFmRVhZUndlUDRDQXdlV0FhV1FkYUd6RWtVS2ZMZUp1RVBwbUN1cGxGUkNVM2ZHQVZYWnpnajNOT1BxVUYyamxnTXFlSWN0cGJ2SEFvUWN5QTI1bENDNnYrcElrNk0zeG9CNlFlMUYrK24yenBJL0JjaW54b01vcFdTK1BWbFZTbTZFbkFMejhCSUJhKzdoVHJQdGQybitBd2VaQUZOblBuK2d4YjdYS25EVGN6VnNRaXBaV3FYazA2TTZHai9HZzRNemRTZmZUa1FVUExGc3N0OHBIRDR1T2c0RHhvRXNtZ1FnRWlXUkkxT3lEeUhqeHdHRGpxamx0VGFmTW5kalFSOHphL0dRQWEzUVphV2NxM05Wb1h5cUJDQWJYT0lDQXcrSkpENGxFSG13dkIwV1hXdktVUFdjUVZaRW5PaDhtNElSeHNyYkFGdmtEUnEvaXhETS9oQnU0QzlVbCtkd2hCVUMvODZnZWY4RFZGZ3EwcWZMRVRPQk91djg3Ylg1NHF2SWdROEk5cHhkb2tMRTVHOFRBd1Voc01rem1VMkVsZnFpN1pQTFRiRzhEYmJNUGlwK3R5eWNjaW5tdHhGR09BckZESkxjeWFJWmJYTWd1L2l4dzB6WHgvSFNBWDFrWGVPeGxjVmsrakRqQ0hkaW1zYUxSRTdYOFFYeG9Gem83RElDY2NLU0tnUEhjZnh3V2UrbnpwWkF2WDdkbFZzanlrMWpXaTNZVWE5VjYyVzMzdmQ1Mzl3TXRHcGJYbHAxaUozQm9zV252OGJ4L0hOeGdkRVNBcWpXRVk2RkFPYlJXeTZPV0QvSXo2NjFMOXlDdm45R1BnTW5Td09qTHFEWlZEdGZqUHZ4aDN4aWdIZlJHQlRuN0h5eE9iUUs5QUdSN0pFZStNaUNQTXBLQ2RLMjRPTTFmdnRNc1VPZGplSUNBb0RQQUZLTWUrSlBtNkNCY0c1Z1orTkxZd0VvQVpSMy9CVEgxSGppZ0ppcjZ5VnFCV0lXRFlXdlEvd2V1RTJ3OURTVFFUQzVjd3FDNEpuZkM4ZHhzQVZpODlpVENqMm5BWGxPakdJZnV0MDBwV0ZwZHV1bXZ5NXVPQi9BYStiTGMyKzVOYkFzdUFtbWtqSk02YUhwUEU1LzhyVno4aGJqZmdOQUxUZkxPTzhMYTVjcWl2bXBMV2d6bFBocGFVeTVPZERUY0hoK1I4ajlnSGc0ZnRRVGRsWlA4ZWpjZ2p6RFNlOEZEWXZJdVNwWFEvYk50YTdyUnZnUDZHRlJNZGxRNFlsMk5TaWVIMWFIN2YzUmFJTW9zdjRDQW9FZ1NOVDgrZ01CMVA0YUdBa0JtWlZMYmRIU1A3SXBpSmdhQWplNnNpV2xaK21aRmZBV3lkQ1Y3dllxZ0NpSVJuUnJHU0hBTlFNKzIwK3drdXVXWGNLU0pQQkNtNXNvQTFaSS9xZzd4dkQvaG9RKzVZempNZmtBa3NGQXd1aDZFellTVDdsWEF2VjA0R0NCaE5pTEFGOGgzUVZsUE10RkhVQmt4b0FzQmVEOEFQODU4akV4NFVpdmxGNmJGMkUzOGhYNUJUNUF3VG1WUFFLOE5VbUx3VnNDWExKMndkbTcvRSs5L1gxTXg1MEJyWWUvZkJwT1JJYnRPWGUwbDdYOHQwLzkrVGRkcGhmYVdOOXFBZ01QVk1QV1VFd0J4dXhPMk1RSVBMdnhOUWtoem42L0dRYmM4aGtJUkhHcy9YY1JKN2ZrWHVWc2tBTk9PMXNrZVFpNUtiWTFoRDJSYUU0bWJZaUFqUXZkc3g1Zk4wOGQ2dUVWSGFJcE1Oak9sRzV0LzNMT1NMMlJOVU8yd2dvKzcvZTBXaE9YNXVSd1o4ZTVROG9CaWwxQkxBT2duS3M3RndzUmZYaG9OdHJYN0JPcHV3U2ZaK1VrZDRDTDVLL2k5QzBMd0JnVktZTVNXd0Z0cHByNEFqNUJDdnVpVHR3Q3NOQzJ3QXBIeURpanlsYllrVGdUNHE0SDZLR09jeUluam9FVnB2TEtldFJ5Z2FkazhERW9jYytSNGxTLy9ObW5YZDArclVmbVY1NzZsOEp5Q2tpRkFmNXR6Nm1VWmF4M2tzWHE0TEM0VCtJRGxZeVhONHozL2ZFSi9Vb1FFVTMzTmg5RGV3am9vZmdDTGFGcEtSVmkwa2EzK01kLyt0b0dWYytXSGROMTZWbmduZ084V0JaY1kwM1hyb3ZIK0l1SFFPNVRySzZoQ2tTcGlyMmVoVmI4MW9BcllvYlhzdDBabEFFM1RtajRVQXpHK2J6OU1Kekh4TldkVW80UERxZ294Y25QdXlKVklOWHBjSUlhbFg5RC9QM0kwa0ZRMnRrWE9NMDRycVo0SUdOTHNxdVhKNVczYStCL1hCcmdybE5WbGdLOENCQytIOGxWWXFsZkhJdnB5OFh5bjRrQ1FTVzFBcUUxdURLQ0RhUHVyT1lHbGFMVFlVUHpSckpQeE54VDAwQnhHN3A1Q21pSjByOThrcTZnc0d1cEpDL2Z3ZEpnUHFsNHF4d0JSam1vOU83VEdFN0tacUR5ekhrUXk5cnRmc0E0b0xnWmdZNVJYQzZaK0JaL0t4MldKQ3cwNzZzVVNCZVp2aWdWYjFBTDZHejk2RHpueFlzdklyamJZSGpHTmJBMHp2RDIyRlBSdU9sdzJZT3FEL2hJYXpmSUtIQzZBQTJlWGpaQjkwMXV1UVRaYTRmaG1JZytsY1l1R0k2bzV0K0k3MHNqOExtWnlGaW9sYlZ2Z1dPZDNXY0taRGxSemYybHF4QW1yVk1VMlgzZlU5Uk9wSFVXNFgzeENtUmMxQ0tzNkVFdndhYWlPZGlDcThWWFgyVUJicEE2TmlLY1ppOGdRTW5YQ3lzVkpvTWZ2TUthTjNjSGppYzcwUDFMUThRUmNuNEFCTlI4SXRmcVVlMEdONlhIOVBSZE9SR0RTS05aczkwUjQ2aER0UEpDejltSVhod3hjM2tFUkNGMGpwWWZqcFNiUGFBVUQzUUU2N1Y1am5QemVIZFNRN2FuYnM1OExML2NnNEd3UU50RmFyNnFyN05tZ0JTMUIxbFY5cDBuUHVZYXVXaVh6bWNWWUkvektHQ3VoTm1Bb2Q3aWtwNm9UU1FwMUFZWDdoR25OR1VSOVY2WmcwaDV2UFhaWnR6dkhnZ0p3ZnpMa0FZQ0FvQzB3RkRPMVU3U2VHSjNFcFd5aTNBWHB4dDlsUHNCVVJZQ1JabzlUQzFTOE9YbnZUSHBsb3JQVUZVVUE5TjRYQUtnRUhOWWNFMmdLcjhMQUdmbkZQaVcyYU4vd3B6QTJPOUhicTVzU3pmOTFSNXlIRW9BSVJaSGltTS9oY2VsUzRyaC9pSUR4NlA4eGtFRG1FUE9jQkhmaUhGelZrQkJVTENmZitBT1BiV3pGbngzY0Ewd29OUFRFZlV2U2c2VmYyb0xtdkRZVmR4ajVCMmNFSlVSMzhxT0srVWF1YkJFUzZNa0l1WUVUOVl2dldwTmhYbU40ZytHTFMwN3VDVk5WYjFQcHVqd3RvR3dxbmFkUDN3VXVjb3Ayejh2aUdRYzRlYjlCNVRoYmFFSlowU1F1MWlrMTNSR0dqUGxxUFM1QnNaM2FoUFE4c1ZqKzJVSStDRlNoYlFJVUtOaUo2STEyS2FZWk9nVVRodWl2aVJjK21GTEl3a0RJenN4eGtPU1ZqMEFiVzNNVjlPQ0dqSlFHYnZmNnMwMjEzT3lnNmpacC8xWDNoSU9vbXBPaXBJTjhmT3ZHUjhYTU1BVm5hNnRIMWRoK3lpSEg1a0hTdDJPZHNJaVByZStEeE1GM3Z3Tm8yRTVrVjhYRS9JMmNnSVdsUVViWkFkUTlzaVRBY0VPdDJmaGhsbEw0NjZlNVlKVWRMemhQK01POGlyQXZHdWViTnFiTTdsL3BMMVdqNVZwdFVUWFJhczdxRjQ4SUd4K3BJRjJZeWg2NVFQaGhabERoa3NEckcvSTBPaVgwN00rb2hsWWs4Z0dGSHBCODdPMHpWUHRhRlJYcE04cmVVNkpqak9aeElGN1hYTkprUWJ2eVpiMHJvUWlBWWlpSW5ES3lBWjdzTURhUFNGQS9uNWVvNXFnWTYrYlhXalB3UjI5bGhtOTNRQUVHR3B0Vk0xUkhpNmFDZW9NdnNXZmt0ZmZ0VTRuWENoK0FnS0JLRW1KQkErMkF3SFZ2Z2ZDTCtlMFZ5cmdLWmVqeGJ3NlV1RC9rNTV1MXNFSkdvS0tWQW5WMW8xbytUa1YwZFBGRGJkTlRlS2YyZW9RSUE5NTBOYmZYKy9LK3J3RHE0SlFNWVdhMUpKYmh5dmpwY0ZpMmVZd2xzYVNFZ01nYzBuQjhzNW9KbTBnN3h5WGh2OWp1VUVPYnFDVk94M21jbThwWHFhN1hudzkxdmQrRnQ3SnEwOUJoaFU1dWtmS0hsVldBaFQwODRlc3JoYVlnVDFKbmduR1FEdUpDZCtqZVFkRlBDQjZFQWNkMElqU2dhZlVLeHhkNDBocCthVlRhdWErZ0JzaVhyMUFVZ2p3bUZGMXhsYU5LazNGbk1vV2NDZ29tR1dyVnJlbldEUkVlTHNZelNibGR5Mk5jclBSRDdwVTF1NDRxQk1iRHhmR3diaUV1SDlIOWVTbTBXUHl6M3ZYeERRWklDYVdwTE9ZOWV6WkR5ek5wSnFRMnBVdk8zUGZMSThvZHErSjU1VnNPTmo1MEY1ZFIzZjZwUzZLazJ3a3pBdDE4NzZhMVVyeW9rYXM1UVVHRCtQdUpQSFFhUHlMWTRwUlVxeWsyUk02ZXhZdlhxYXhXNVE2OHhSMnhoSHdMK3FYbzdBSCtjcndTb1BGS010dG10d0pndnBNbWZOZ1RLYjZQYnRvR1JCa2o0QlZXdXhXdEttWjFTY2xzRG90VWV1QWd0MU0rL29WVW9EbHlobEZmaVpwYTBsQ0FMMTN0anhiNWs5YmEwZ3owcXdjcXZvbnFYSC9oWVhaMGRVbWp6RVc4cFFQaEFVNE4zQ3hnZVNnaTZDaWVCMjM0Q0puMzBpbVdtVStpVFovRFZZODB4RWNkUXNBckdJT0txdjZTd0J0TlVCd0FlemUxNUhFdGVaTEJ4azVBMDhUcHkxbk1aMWZxRjlLcjE0eEVwN1BsdFpoMVVNb3BJL1JhMkdjRkN4Z3VhVGJNdFVsTW1vS3M0UVNUd00zVlBDUFRSczFLbEdzQVVuUUFoT0dzN0hVV05BMXo1VEIrY0ZxUHRycFFTYVZFT1dMWWtpSDFLYnJqOHRPWDFlREtYWTRwOG5KVDZZSFRjWjVkYXhyeTFyTDFyTGRCMWNEWnk5SWdqcTVWNUY0aW1xVkJpc3duNHRmaXBOcGJDdS8rVDdaUFVhbUlkUThOOVZveTBTM3NwMzV4anlQMEZ2NERHdnpZcG5CanRLTzBHVmZiaEhRT2RQT2ZkVmk4K2NFOEowNk8rcVRnRTBaTUFzRTQwVVBObkJQNjJPRVJTT3lDSVJOQ1VEb201RGpXTmVjdHdHWVU3bWpHRGRYRllGL1lRZ20xWld5dE1RdXdoSW52MHlHaGlWK3VCdXRqbXJBempETmtuS3AyekhBYy9vUjJLVnZaN25DclRxQjRZNFVMTXFpRDVNemZnYlNQSlJNek1LZ3Q3OUhKNU5GOXV1YjQ0b3lEVGZ1Y0NidTk3YTJHSXRBTEFEY1l4YlJDeEpHVWxEREpqSVkvT0xyaFFNc0t1RWIxTU1WNG1Od1kvVWtLSjd5QWJnaHpPSEp0Yjl1V2Z2cGw3dmZLKzN0VW1MSzljVG9DRkdPOXFWQkE4V2VPT01DQkVadm1OOEFpN0ZMTWhtN1k3QlprTWphVVEwRzllZTR4RDJrQ3VwRU9IK1JDcElKbGxLV0swV1pIcU5IWmVYVGp4VGhPQzFrZTB6Mm5LOGRPS3VhcVQzVkdRbyt4eDgzck9wNlh0MklpWElHL3VBMEhjWVNZVlJ2S3NXM1NwUWdGbVlLQzBJMmhRMGhDT3h3L3k4T3FPMEZacFFHVjFpUmlveG9pUVVXWngrZDdHSUx4b0djdHBEL2dJbWJYQ1A5Q2xDenhzZ3hUNXFBK1B2NGFqZFlXWUw1RFlaYTJDV0djbSt1OTdCMnJVdk1pakliV3RtNHU3TTVHUHNxVnNXRkdnQU53RXpQMHloais3L0o4Y211UTdWVmt4SVBYekl4eUFkdGlDR1E5WGtDYjRueFh5dGl1TGZGeUxHQ1hadXZxNjVBZTN2NHV5VkVzUXZLZnhOMlJYeUFncEZXWXJuL0doTC8yZHlCN0c3WWZKMUlKemhXb0IxZnlLb0J1cWgwZnhLQVV2dlZGdzEwUTF6TlFNRUJIV2ZKa0ZzVVdibnM5aTFUT215b0VGWU5OektibGl5T0NMVzE0UXRJaFNwU1dVbGFCOWU0bkliaDBOTHN6U2tXUTV6Z3IwMEpSRTBSczVjZk1ZRFY0WS9veEJDUnFuMWxUaG9Da3RTMVRCaDcrTDNpT1lTQ3BYRFdYM3NhbzJLdlE2WittMy9IalAzRzBhTFlYSy9zWmhmSlM3YVJINVpyQ29BdmhiSW0wbXcyNmExLzN5N3Y0YWdncjYwRnJTVXpCMGVGanFFbzVpbWFkOEdzWEtrbHBtNmhjbitFdXllSU5ldGNZdTdsaVhHemlmSmNYdXQ4YTFoU2ZEbUZneDZrR0ZNcjlqd296SitLaHB1bWdiVWFnMWFwU2VESnVJdlQvYzBEYjhRc3hFWXVObHhiVXh0MlFaUTFKZWRyMEpXVWUrWmMzeDZYbXN6ZUhVd2VWWjUvb0RaRmtnaWh4S2RFT3ZvRjlBRlRBRkM4blV1SEZXMTJxbkQ2OWxrcngrVjhJL2hBN21xdWlFejdwN1dJVFpZb0xkeElETnNZbEZCY2pJeXdFQm94TWY2dUlkR3k3LzBleG1MaEc3RDI2VHJsdXlFMFlaOFVtUHowUkhHc2FjN1NGdytXZHpxc0NiWnY5SzVOVEtOaVNKY2ZtR1lGaHBvREhjZjdWZzV3ck1iL0diNlFNRmIycHdBNWViclF5cFJScGNybHBDWitieHU0NWZDN24vZDM3aGloUnVZKzhEQVZpc0x4ZWRzODV3czdJVmQ4MkpsTUdrWW83RnpSRkRpSjhrN3FURFFjR2hvN1FxQkZuRmM1eDdVR2tRYTJpQllvZ2daNDFINXpXdVF5czR5NjhnWUZ5L0lIQmlaRWNNMWJIeXhlZTVYMkczbnJmcm1qalVJRXI1QWJVQTlWcU05Wng2WUdHbDdBWDI0d2xRVndueWxnOUhFelNmQ1N3R3ZDWkx5Unc3cjkxdUNvN0ZiM2RWOEEvU0dZOFhQUFJCdndaSDFLUUp1aHNuOTRSVVlNOWltbU95Wm90aER1K1VFMVJra1NHSFdVbTI3VHhJNzZMVE4yRUdhd215SHRBUjZwQlA5OFE3bGZ4NUR0Z3FSdDF1TWpNNFhHWE9PMGJJK3d2R3lzS1U0R3Z3UXI2Z3ZxRWVPN0NIVUNwYUh0YlJkbFNMUFZoZkhBZkt4S2toSzVuU1o2UW9abnBhRjRjT2ZqNzYrTDFQUUw2TER2WkFwK1krbURSR0xCV2ZicFFpYjI0NUhhQW0wczNMYm9RbXNZSjN4UkxWUEc4TU1iQXpkNGxtaXZydjlRaDZ5Nk5RVW9ES1ByRDkyalNETHRpeFpRSkJhU0Z2RWV2OXBuWlJKOEI5Qzk3Z3hEVTZTR1NFcCtETjFVTE1WV0Q1OXNHV29EMkp3VWJNcXZGbFlTOUt4U2pWSlVQaUl4ajZ2RzNtNmc4N2JCTEpnMFBTalltUTh0MGNQRUhOanJHS2NtL0gzODQzUmRvaVFvUWozY3h2aTc4RzFYVU5OV3ExVmdVSCtKeThKaXNmVWJjMkRZU3oxcmRrTFpFSGlpakdKWnJnUDk2UGdWVnhWNDRaa3NDRWNwc3BydjlaOVIvamdPSVUwL0c3UnowTlhpMWhKOFhYOVJscEkzaTFlSjNLRzNMUFVDK1UvVmQzRWtiNTU3ZnZxV29pUU8wSUN6TCtZMERvMjBja21ybE5oMGo4NUpyS05MUEg0d0NuVndITEpaODRQS3BiQUZabEZ5enNqM2o2Q0lDRVRPb0NHYUNIQnNuaDlKdFVta1ppQ1VvMG41QkFJOTJnbXNFYzZxSWxRZ1l5Z1FWa20vL2dINFVUam1pVFprWGg3NUgvRGpNc0owdFYxNnoxR0oveVg0NnFwWE9SdVFxc0dRTk5oQmt1d3dWcmNqeDZ6R3YxYVM1VVVGNXgvYnlGNllQZWNxVUY4V2RSL0FwRlNpcGlESXRpVFMxZ091WXZTeEFGc0E4OXp4U0ZKWk94a2lZVDlmRVg2TVNGK2hpUEwyZnI5R1ZHQVhtbEFDbEJsZzM4Z25hQVJyL1NodkdBekVTYXFwV2FtdGt1dVJkRW15alNSaXVBc2grVTdyWlpSOHJkbEJKOWxUUzQ4MEp4a2EyMk91TmE5ZmtLM1BOWU5EYzF5V3ZYQS9raXVvNElETFFES2lLS0M1dE9zY2RQNWxWeFNZVVJBdk5RVGVLT1UyOVZuTVZTRWdod0VZWEFsZFlDQitjMmVnRjV4b3FvYlh3MVRhTDZBVGZNQjRza3B1eTgrK2I0dldQWVc4SFBOVVptakZzdEk2YVgxQUtsSjRvUlo5bVZONSthRUFtWWdPRWlHTFhqUWp5QVlPYWMya3BPREhiVWZ6bnBHOGZiRCtZbWpxZmJOK1ptOGQzR1J5Z3ordjF2RWllYWcrTU0ra0hyTjcvYnNsK1dBUndjQ1hlOWZsR21jREkydTM3eDlyd3N1OUUvU1RlWWs5K2FQRjYzNFlBSWYzUGdJQ0FnS0F0SUJIdUhwZXZXVzhWU2ZNdmJ0ZlBGNTFTSGNCMXJpMEE0UXZ2RTFNOXRnWG4rVFhnTHF3UGNyMm5xdmoyOFZ0Nk9XSExKN1ZVWHk1cGZjRkdkdG1jSUl3VWdDS2lBNVVoTDQ1ZUFmbWRyN3pncmE3eUlyWTA5c2VjdkM4R05JYnpwUExQQU8wUWZYV1RhVldKcC9sN3I5UTU1L3E3YkpkRmRwT3RHalFZOC9oWE1kZjVJbzlDaFR3YngxYk5hZUVRUTc4N2ZFeW11RjdxWjlUaVJkY0JGVzNOdWluTW1XeFB4SEp1NERRMlgzUDJ4WTRkQWtlTEw4YW5ZYzBEZXhRNGhaZEJZOUhyejljdisxYmNVazRVMmtiZllPTDY3c0NaUC9qTkltK1BkY2JPMUZhaURxeU9aU0E2eGJlNzRmazZRNzBlRW9Valo2ZmptZXZCamZ2L0Fzek5nTkxscFZYSEgzN3VxUDRWZjFoQ2lydXZlOG5nOTJDc3pNaDlZMEorTEFzMEhOZWFBcHNBZE5vOE51UkFCaFBmZm1RNnpNR2Q4cHpsWVd2QWJlSmlSMHY1Y2ptd2hZakdDVXcwclZaMkFIb1V3UUhxSTNVM2d1QWdXM1VMYnRQa1dLaW1WU2pyRCtJay91Zms2VEFFc0xsM2pIdDhaSUZ0bElNRjFiN2xOWWhTdTl3dXJ2OEFGM25xYTdDRW1uNzdnRzZpMzMzVGQ1b1BReHBhMGRlUUVtTXV5TGtISjZPR3U1RWlnWS93eGpnaVNlR2h1WDBBY1VGa1lkQ2JacDlBNHJERGtiSHd4c0lKSTZxVElqTVNLN0pUVEtOT05vcDNUZlVsdTJndmR3T1RHdUpacGVHNFVYSkxuS3RQR0NxMGpUblY1KzE1cWdyL0VzT2pqRzRHRWZDV1lLRW9GQjZKdmRNcDBjYndFRlVDdXJZcTR5OFEvZ2MzTUxjQjFOa0t2Rkd2azR0ck1kMjFwa3dYbHlBcjY5ZG9sbjFPTGJYdjVER3pMenZlNzZndDZZRjZIRUZYYnlSNVFEQnA1UVhEdURIeHdEZ2VPeld3WUQzc1hXRHhuM1dES1M4Um9QMlpEekZENHZ3M3V4V0x4MEtJdTZ5UzFZSXhCajRYZ25UM0hoNnJ6QkdVZk04M1FTOWZCUUdpcktkYXZucG1yZjk2L3dDMWpucHFxSlE2TkFJSno2aFo5RXM3K3RwREo4MjUvRnhWNnVRdGdmRjF4ZStvZ0ZyNnZlb1ZjTWxQN3JSRm81MjJWVDgxUGw4NGdJYjNxeFFDVUk4UmpTTFNVMVpKczNWMURXYkUwUlREOE01NGhIRlcrZzd0Q1NQQ3V3YVJiK1NDWVh3akxlM3Z5eHVtVEEreHNnWWszUmVPTUNSQlpod0lNWHZGZWxSUkV1bjhxRzJqaU9JMGttSmtDTElYRC9aQWJSbHdYVnRyNTlrZWErWlRBbDFYblkva3JxY3BoQWkwbXFzMHZCallWVHVhd1dDWEV0eWRxd05vM21zUEFRR3hCbU9WVXZLR0NQQ2EwY3JDbFFWV0hEcDl4QmhHdXkrVHVCY1FGaCt1MnBhNHlPUFI4WGE3dUcyY1FpMC9mdStFL3dweU5kRlNYdGsvUkRjN3RxZHBUK054ZnFwZURHN1NzUmcvM2V5WnB4MU5QM0gzRjVXd3VNa0pTd29UNW5FRnFMQ25OcDJnSkJRTlRxMWhkZ2o1UjlodEsrODl5bHJIZSswMWpZRDdydHRVcS9QMmc4NEtET0U3TjlNYUxsOGRFWlhNbE9pWkNFT21zZ3g3MTZmRVhMeitIZFBUQkRvWnRpN2oyZEtWVWprNFpCd2Ird1o0Z05OazRJNW9ka1FSWGdpamJVMWtpa0o1Y1pCd2owOWpHKzZRSlFSSFVjQXJTeWJ5dXBNUDZTak91R3NSWHFIT2J0dkEvWXEvSXgvL2JtKytCZTF3ZXZvOU5zUGxZV2tyOUhlT3R3YjQ2cUltMWg0azBRZlFZSE1hR1hGbWl0N0VYS01vaW8rWFlTemdyUnljQ3J2TE1HeElFelhjdHhjNlFzWjZwT0pqL3NLeVQrZHgwbjFSZkdvOWZNVjNZcVBrc0xWdFN4Q0lIbXJ4UmVFbkJRaFd1SlRxTlh3cUh4SVhjWFRNS0tuanozWVc5Si9QaGsrTDZqSmJYVFRyRDZoVklqSWpnK0RiSStCS1pqRDRHRmhPbUNTRlh4akhSVG1ibk1zMDNsdk1henZkeUFDTUxIZTFmcnhsQys4VUxBa2pQWGs0Mmlzbm1XMDd3bDkydDJCaXprdzVKWnJXRVpKM2VLN3RROW9zYWQ4VzFPVks4eitKc0RtSXp6RHhac2hnNUdDc0hjRDRWUHpqclFlT2JHQ2ZWVUJjZ0lDQWdLQk9GSjRtbC96Qlo4QjF6NEtRMko1UUQ1ek5XMHc1WVF0NWUwYVEwWUZRM3I5TGVQR2JueTFscnN3RnZJcnlIOGpHUVVXM2dhNExxTlh2b3RUTTRWMXo1WWdDV3FEV2xnbkdSNExwak5yYzFrRGJBTHNpTHJRSnBBSVNxbkQxb1hFWnJZUTNLSHZpYXhldVY0Y0xzM2pERW96Mk1hYVBRSDJ1enJObkZxYjZZVTFxUHRxcEI3dWF1UlZES3dqZHNJTThTSWxCSitTYWJJaVRpOEFGQjBUdjdrTU9EVzJPZmdkYXh0OUNMQ3kvVjhGTXl1Q0YxaENXc243MFpOVU50d1h5dTFSZ0hXUmh5TjZTcThFOWhTdmFudkd2Slc2WUsyWEpGdjZQeUw5SUNTdUJvTFdkSlhZcmVCQ0JIL2tSNWNFb0JSTW83S1pPZCtzWG1KNzdENHFlWUxXOTR1TitGT1YrUm8xMTc4VG9DVmNuMS9mSzBLRnRMRkJZQVBqSlc2Tm1vM1dPMDhSTEJaNXcwWDF4NHQvQnE3aGtBM21hU0NxMVdTU0ZkS0VHd2UwTkMzN2wyZ2RmOWVFOW90TkRnT1pwQUIybk9CRG0zMjJETWZXd0tsYlk0K0hWdUt3cWxNcG1EV1I0ZWtNQXdXd0p4OG5sTHk3eTZYanZqZmRLODh4dmRxcU9XNFF4SFlsY0xFS2orZFBqOCtEMExQYWJhU081NzU2NCswR0szWHVVL3NoVk92Q1VEejZqWS82RmplNW02cVA4d2cxaTRFMkVPMmZ6b3d4MVNFNXBEQ0pPTHFkVFpmZG9oenM0REFQVjJLeTdyTzR4Y1NReXl6ZUQ5SzhkbUI5dEZNang2NlZkWWozaUxFRG50UUlCUWt0RUVza2h1SHlOWlRpOFFIQ28zWkZQM2dQb05NNjA3aXhrL0hNandEYnRWL0t3WWVyUjk0U0NkWTNQVEhJSk5TL2lzUm1WOVlUKzhyUFNIK1VudENCZ1QrdXZvOFlIZ1kxdzc0NmlQZFVkT1l2b1QwQU9FUG82K0FFaStadWJxZGp0YllJdlgwT1RIazV2eXRGVW0rQStWUFdZaVpXNTlmbGhza2tLZ1dzMmhsZnZLYlBEZHg0bmlEdFlHcVJKc0ljRFN4QW53QnM0dWNnNWg1TlpTYnVObmFpbG1XdGhZUXZ4S2hWVDllVGVKbElNMGg3bkdhTmJ6VW1YNm9HRjRJMVdjNnN3Qk95bWxDYXFCRFc5RjNlSExoaG1GbzFDSFJta3IyRUtxQWxLVmRPanorM2swNm45Y2ZJN1pOc0hWendaZ0ZDYkhQVVVyL21SbldBOVdJRlZQa0x2cS9oMGJwcVVZWmZWeXRVNDVsa3J4eEI0b0ZTWXVUQm1ucGxBeUlEZFdmWTN3dGh1eDYxN1MrMGl1T1VESW9iRVVsU1FNUStFUVZ1Wk83NGZLc0ttVUxybDVjbysyZ3BmSkZSUm9NNVVVZ1dxUENPMC9Jcms3aHRqSUZTZC8ydExSK1BPcyt3YUI2T0xrR1l5UHhzb2tkdFlVNU91eVZnMi9kZVBLUThpaFZSL2RXM0E2WmtYalU1SlRuMm9WR2dxN01xR2dLUjNQd2lyQUloRURzNmdCMDgzTVRrWG5rUHVBYWVpYXdHdUhScHY0K080T1E1U3pHTm5EMlUxQ2U4QUpSY2dZaXFoQ04zZkFvdFQ1bXgxbVdVUmZDWVUzU093b296ZG05WVJpcmFtczdZSHRlcCszemFuTlJPb2tHSXJReWYzL2NzS1JCMHFqRjVwQXd1MUVTR1JKajRwNWlBTWdET1VjK3JDdzMxeUlVUmRReFpUYllBSEhnQmFZc0EwRXNxWVRJUUtlVHpaZ3JEcnNrQ3pHZjlXeU9hR1RRT2srR0xnNnVBbXV0QUFJa29SNE1EaXREaHdxdVZ1ZTB2OUdOTm1lZ2dDTVRVTVBkb2E3QVdoTDVGWkJjUFNaQ1J5UWRtUDZqOTMySkNPcUNxWEJxMmk0L3dVQ0lFREVxT1JzdmJrUGZKNkJKOWpXN1B0Z05NdFBWQ3BXdjZhbXFaWmVVVHl3MVd5MlV0a3RKU2NTcEY4RjlTMDNkQTZoYXJ5cVBCbXRCUFlxelRoYm1uZVIwSGZGTXFaaGNDclg2MHRLL2FxaVB0M0ZvOEExTDhSLzM3UFNMOHd3L1dUdE5ScVlSeFVQMFdrOUJ6ZEl6WTA1TjZKK0JKRlhCZFJMMnlVRzdsQ2FVc3lPYllYMHB5aFIwclMyMWJyY3BCZTgraFcxKzdKN3JtbStSQ0NzSmoyZGNMNHU2cUJ2bGpadFFkTEhqYmMxRHloMmk1ZkZhWHpBR3FQbzc3QXF4Z1BoeVZpQ3lqNWh3cVhuRWJwSjk1dHVkdHQ4U0NCM3JLL1lqMEdqMkk4dDVwSlg1YUUyMXU1bHp5dTR1WmVyN1docUJoZWdLYUxkQ3NZb2hITUI4UXNrL1VFM0c1QUxPa21rMkFlQ3d6RmpxdTE3allCTGVKc2NLOU9lSzU4aExDZ3hFTy9ScWhtWFpoQ2NlNU1SOTZrSlZpVjNrT01vdXVUTzJvZWZOMzN6djluMlNWYmxlRTRwWW5YejhCcnp4TTRXaU1xdTBIa1hNK2tXd3pMRGd2NHpYc3V4a2c5bW1lQXRSK1FFaTZtcVBHWGk5YTFEaDdsTUdUczhWSWxJZnd6eHR6UHdjdUM0am9pcWIvWFludENDYWE4K3Uwc2VWTGIzZ2ZaNmRheGJKSE5lWjhmdUxIRjRiM3lRL25pS2dJenJaa05zak1EdkJSY2ZSUGw1SGlOZ25HSjN5UkdLNFlnZjRiY2sxb0dxbks1dTZOdjZnbjdEV0FUR2xvY1p3QXdURk1hc0dsdnJtRkt2eVpkSGhyV2ZiM0cwdUtuUTVES0xqekgxenNNRlZxQnhVYlg1T2tyaVc2TkNZbHYwR1B6OWthSTNIcmVaaEN5Z3VxREtVRGNMOFFJMXVzYlFib2o0cE4wSi9GTVhDK0JXdHdWcnNoU21sYStRZWowaWN4WWM1eFhuRnhBUGIybkczK3dSVWdTZFlHcDFsZy9Nc0Y0UUZwWjlXWElVNTYrMkVjZWNqazF0bFJPeFhPOG96akhsQ3pZdG5nck80VDZSb2c4NDc3MnFIbTM5SmFMSFZjcUtvNFBMaVdkNVAzdmtuK3ZOTHViUHJNRGpqVnZJU25lalYveHp3MFlvbng3Q1NhL0ZHN1ErdzEwQ1JaTUpYMnJNRVJIVVlCM3dOUXBBREY4NjhEenE4eXl2ZWI3K25ra1E4ei9oc0I0WE5aaExIS0ZTWnZzL2lSS0puS3dQWmdKU0I3djIvVzE5T01ROStIbkUxNEQvMHprK3g0SnhEMndOM2w1K3phMlRTSW81QU42eUFWTkp3NkxJQmdGbzE0RjMxc0t6bUZWRWhOWGIyZU1sdHNxK3g0bU5yNVdZZnFxV0V1alFiWHkrKzgvTEthdmtPRlJjVXFvVzFrZW05ZTVuVW0yVUIrekZoWWtnRkd5K3RoREIxL1ZHcmtLSU1pdWFGK3A4bkc3clhsYmU0dUV3WGlIdFpsVXJiclgzK2p1UEE3SlRPRDdyQm5lYW1peHViL3FPMm9PTXF6U2xqZGFhbVE5SklwKzhRVzNPemg3WlZrdnVRWXFtOUo4dVE4N1VBS3c5bjdKWWJRMnBmSHJla2RqM2FxT3AwTjNzK0QxeGExNC8zS254MzVkZ0pmMlZSMkg1eTIyaHdLQzVONW8xZWFQQTg5dmVHVXRWc2lIU0FFSFVNNzJhU0pPU2lHS1VVdWlVVjNOZVZJblA4NlVINGNlemJpUTRpQURtcVU4dlZocWxQRGU0d05Xbm1XaFc1M2Y2WVRDMGtZeld3azVXUVk4TGs1cEZyVmhYN2pmZTcrVXZhZlZ0a21xWngrMys2cWQ5dXFOaVRSdWJDUnNDaTRzOFhSNXlEZXV6V1dqU1VlS0MyTzg4WHZ5Y3hyZWtLaDhiTDdVSFFsRVpqU2VCbHkvZGFnMi9BbHVYb0lxUjlxNllKaGIyYkptNGRsdjBocHpWZlVJQ1QrWG90UHN6b0VhOVhXalk2NzY4b3NwUHRPK1lyejcyb3ZZNTFRYWlScU5YV01INnI2VlJWR0I0aFBldUJFVk1tRDVMdnpDS0IxUWt4VUo1TjR4SWFjd29vc0lodnhhbnlEalFoRWZxRzNhRi8xMGpPZlcrLzk3YWczcExMVVB2aFlKdGhxZktlWTNDWHZwU0pSZkxrek93VFVFRmJjbFJFUGN2cXI5MG4ya2w2d3BHc0FtNVoxRTI5cklTM0JNdHZyOEVLQlFBTEpHMHJIMTFQU0FLRnFTbzVwNFpXcWVRYVprTTdRZTNwYUlNNWdHRllSaHNka2xIQklHSVJ3eUpZVEhXS1lwU1JyS0t6R0VYRFBMZWxhbHdoNWV4VnpQYWR5TzRuTG9SWENvQzZGSjdORHo2ejBHdnNyYkdDalp4K0c2QWtkRExDOXEyWGlKNml4UEpVaDhZR2dwNHhhVEM5YkJqNURjUW9BdUI5RERuY1VhTzRKRTVSOXNXckJ5aUpvYUtlMElCbEVUTTRBYmdIeTRTYVU3T3lkTHY2TU5oRU1PSTlwaC94MjF0KzB4cWQ1WjlpUTYzOXZER0YxWkY2K0Nkd2dnQXdlcjgwWmdwKzBYU0lwNjBzb3NIOTNXcGM0N0NVeEMvMVdiTWpicDZtMThsYnd3cGJUZFljeGI0RHVzbGlkQUdGc0RJTFo3dlpYQW5Lb1NDNGtVNzJISkhsajIzSGZzNU9lQTR0N2RFa0ZnWG1oaWR5RmZXdmJaMU5LTnFiRW42cE10aHZCSWd1ejFLemVwcXpqbTk4U1I2Vk55VU5KQWtybGhWTlByamNRVkh3TDB6Nko1NytNS290OS9FZDZwS0xFN2dWRzlScXdVUU9OakFXMlBSVEM5cm9kcnNnL0RBczlBWEViQ0dVcGVEVVZVWjlLb0tTb3J0UzdueEE2cGJSVTBNZjIyRkwrZmhmckpBWmpaNFlJVTEwQW0va3AvSkxVb3k1dWs2eklPampaektLWW0wd3BTazVacGlRQnltNFljYzJEZmlMRmZ0SzdPREZKZ292dzl3bk1QcUJ3UjFOcGJWS3NlZDE2cVlJL2J0NDBtTVdQbnozMktFbDJsMUoyNkpmMTNFQ0RZTFpiV016MmRsY1l5cCt4L0EzYjhHMnNBbCs2dE1UVjhwK05qRGVVeVhMWEYxKzArZWdoTUxTWlQxOHo3VzI5MjJxU0xwRGxYMXRzSmpKcHFLeHJrOUdhYTRqUEJJU1g5THNGZXVmZHErSWdyd0YvNWZNeDJUY3JFZkdWSTkvYlBadkRqdlVhRWJWR3BaMytseVowdGZuVlhUSFBMTDM5cm0vd2ZzVDl2cERHQWhMU0NRcmRSYzZzTW9kVXN1UUJ6dFBac1YxY3pVUW5OTlFqRUlQRHFEUWsydTJPOXRGTFFCT2JWdUEvYkY1cFJidEgzSTRhb09GenhrbGxNRU15WUJweXF1a1VpZDlNUlllWHd3cVJGSjlFUDFCZkk5QU52NktnMVhYY1d5MWFxRzA1RmM3MnNsaHZmZS9SdG8zb1NOTEJWY0NaZnB3SWNJUDkvUDgxRnZuRWpubVllZnpxa2E1d28yUE9EMUcvWkNkdFNrelFZUkJja3daYXlCTHlUT05Dc3o5akF3NGFRN0prT2ZTMk5ZRVZ3dTdtOEQ2eEM3NU9GeU1jKzJFcHpYMEFpb0M1aElJZUc3ZHphbEZwZmt0VkxhVDU5SlFDaDFuaUt5OU5DOWFEUlRuUi9EaWlPZFFibmhBZEoxRExsWHk1ZEthaldkNC9nRmQwN1Brdy91OXQvYk1zaVVyYXkvZWdZem9JMHVhWEFZNzZpWTBCb29wL3ZzWGxHczV0QnEzMXdnMitZRGF5OU45TFlZL0pBZElRWXYxSXF2QnZveGZvRC9HU3hDcHd3bU04VEREdjBFMXROakNWZWhualNyZTliUXVvaFU5S3VFRjB4OEFxUDJJSEV5WDY0RWJ1NUJDVDZ5cU1qYkpWcS9xamM0ZmlJaWdpWHROQ0V0SVc3aHhTRUs1cHJpcysxOUZxanQwZld3eFdRMnplUUxKcTR0eDloQ2pleEZPS2RLZnp1Vmo2VjhWelFZUnVqWVJqeXJsb3hWREZSMHdab1ZwbnJnYktUd2tJUThYdXlEMHMyVkdyUlZoQWR2ZkNpa05ST3prVE5iQkZCV05jMml6bkVjQUNSRVhHUGhpZTJCT1ZwUGRvODB6RDQrUzU1ZmVUMTVmZWVmeWxBRC9WR0RxckxlMGpEV2RCLy9obzlaWXJUUUlZeFZHeThvZ0VLbU5Wbko5NHU5N2JFdzU5MGJPT01xaUw3aGs5ZHhHV1FxSVMxZFIzV0MwQi9TSDN5OU05eHBJSHA3aVh3NUd0L3YwMDFSUDVtK0orNHlaZ09rUFJXRDRub0R5ajBSeUlvbWxJTk1pMWF4a3FqZ3JBVFdRMDVLTW1nS0tLTHVLODVaSTVhazNaRktITEpoYkZEcHN4TWtvbUgyREozRk5lZis2VXdnSHZ2d09ES2ZDOGx0S3BhYXdKN3ZNdkVVOFFuVXJHTlVSZzhQR3dhcmhGazliS0lKMlJCOHBFY1lhakRLVDcxc3FORTVmTXBlcGdiOEpvTnN1ZHQzNlZ2dDJabXo2T0xVcmdybDZ2T0IvZk9Ra01tbUdYRXZIbXJlZFd6WlJYR2F4Vnl3NEV1b2UvYVVnR2lpZkJKUk5PaEVmQ2RhZkVPKzM4ckVLSjBTTjkrUkpibmRFWDlka0FOcmF0bTBnVkpFTW9wVzNYdll0cVNnWlgwaERpb2cra1E4Y3hkdS9OWVJrdzQ0aURHNjF2L0hucS9WUTlxdG9oaWU1VzRiT1grS056c3FOZVI2VXA5UXVXaUZNYnkwS0NkTDdCTHI2dk1heUtCOUo5UU1HaXBTdnR6SkQ1NmlwdUtURElaYW1PM2NlQ3FwZGRvWDVITmo3c2p2SE00bW04VHg5bGpCcVNLbjVPcGJTVTV5a0pxZlVmTGtjYTlDdlF4Y0pZTi9HTVlFMzBoSmJkQkZzRWtRUzZscEhnemgzbURxN3BpdjN3TmZzMEtxM2xydHJLcHdnaTZiMlAzbGxaejkxVnVVREo2WDQveW00b0N2cFFHcUM3V1JjMGczbkZ2RFpxMXRWNU4zaFJUQU9mb000R1J6dFAvSUMwYzVlclFXcC9PNEQ5cW9YTFgvWXR4Zy9XZGlCN2pvN2RqNVBseXQ1M1lraXZQK2txRXBKdnQxSC9aOGJpUzFqcE9Jc0dQOXkreEdQWUdBankwSjB5SmxEZ3dKVy90L1hxaTArbjlZNERuUC9NWlNWNjNEbWpIbHloWThOZ050SjBadFU3dzgxMjBWWWRralFKUVFKSlIxbVo3WFcrbWhQcGs2bThldGJLK1JWVG44RlIzSGNVeXZjZ0NoSmpvTWF5ZXJtWmVTTnpHNVpuK25sbVNOckNVcmJFbjJkRnV3b1FkOEloRVpST01VYWhPbFZHVHhnaWVKSmNtSnhvK1laaktuVGlTeFNPRDBRMXREaVFWY0MxS29CSHplb2J2WXloenB3UE40OWhPNFZLMnlybTVYa1Bwa045K2g4S3FQZU1FS05Xc0hneU04VHl6ZmxyVDNYUllWNTRtMkpYbm9CSFFyNVAyWmx5Yjkva1h2amxIdWtBdjcyNkN6ZCtJL3Frd2dxNVo2UnI3UmtKK0JabktYdDFCN1VQb2NMV0NORzA1UC9xU2JSK2Y1VXkvOEZxbHR0Rml2VS9wenlhK2ROeURhNnhqV2kzVktDRmV5TWxWUVNGaExnUWZuTDVJSllDcmRZRlE1aXBIVzM4d2pCbFFGZ29XcHFJNXMyYkRDWUlaRCtKNndNQ3BVMVRaRG16U3NUVnhMVTJWS2Z4ekhXWDJoTWVJeUJsNkJjdTFxVXBnd0VMek93VVp6NXprTnc5VHQ3MDdNSG1GVmRFMkRKVlo1R0J4Z1h6YlM2cFhBWVlIVHZWZUpLSWpnN3FScGpEN3dWUFp5NFQvYTdZSjI5RlExanJCRUQ1MTh1TGVNOENhZFhmMGU0RGk0Q2dvcTBvRWcrUjkxUW40bW95eHpzZ0ZnczN4blQyV2djd2ZuM1JLOVN0RFhXUFhMdklnSWJqM292N1J2UkNnVWVFcjdTd2Y0VCtMT3dFR0xOY0VyNGM3SEhtSlhuYlhyeGdpaU94bG5iWk4yQkJ2N0NjbkN6Wm5hNHNlMkk0SjJzUnF6UHhHNlB6d1V3VUpWRmc1QXRoSXJYTm5xK0tYTkNTNU5LMVNNM2wxODFJTDJCc1p6RWpmVUcxalA2OHArYW9WNE1ZN1I5bGw2QXp0Z0U0SlBCaDc3d1pZWVh4SUEwYWVVQnBIR2J2WG1IVThDeTdrT0x1YmdlbU5XTFhyc280U0kyT1pueUQyakZuU3lIUTBnbnRycWdpbEk0MHE1cHprRjh3STdCZWx4WU9JQnV0eFBQRDlMRkhGMVNudS9BdWl5UTNiVXZiakZMaU5TQ2pMbllpcUVFeEY1anRRT3o2dzVaOUVESno1ZFN6aVc0RTdrRDZpd3Jtb2x0Z1U0VThxYXhVZXhKUjRVK0JkWVB0U3g2L01la05KM2d1L2lJM3JDVUpBWHJINTltekZ1WGZ1K0ZqWjgzTmhrOEN2MExGY2FONGpENmo4cTF5c0Z0Q0RqTEtQVUYxT3kzZWxMSjRzRlFUMmI4QWhOMFBRaEdmL0Z6Y256ZFVGRTk5Um5EQ1Y1ZnVNckZpQXR0UFBnRWVQbUpaeVRGVGRlYnVLdDJpUWhBNUYzbldBVWo1QTI3VFlaQUNqVlNvL3Z1S2ZNV1dpZlZJOVBINWdhQWdldW92cVl5RzZ1N3Rkb1d6L2ZuK0dJSU5OMStZajgvWWFOc21JU2pBaXJWdStBc0h4KzByTHEyeTNTOUhBNUZGcXpxdThqRWprbXlOQXZBcjl3QXk4cFhUNERrS1ZqNk8wQ2xwUGlZZWlHQ3RvWjdicHRvMFk3LzBqUW5mdzUyNW1qOFk3Vlp6YlQyVER5Y2VMRWNHcy9aK1B3SEtkd1diU3U5ZElxdCtQQ1F4aUlMaU1vSUVKVG9UeWFFVXdROXF0L0ovbVF5VlBTVFk1NFQzbFB4U0x4ajAybkxnMDZZODI0dDA2aDRTRG5EUTFXVWZGWmNsdkJ5N1crSEw0dTFnRncwM3FKK2VxMzkyR21Zbi9mY29kOEFhbXh3bGQ4c0RIVUdVanpCN01SbmxPQ2JKZEtScTcyK2cxTFZaQW1xYzRGMzRQUlVNUDlMcmVjaGN5Smk1MSs5K0o4VGFtdjBrTU9BM1dzL1lkcXFLb2JQWHB5RS9CWkhLT3ovQ0NjcmZpYS9zZ21MM2VKdkxqazVSVHNscTI3THptbTMvQmtIbE1lWVF1OTU4STh3Myt6UllBZjhVR2lPbzNEZmlnU2ZjTnk5K1ZGMkxTSk9hT1g2OXJWSnFXWTVBNXlQMXlvNllTOG5IRTQrN0I5bElPS1NTUFgzdDdMZ05yRmNjVDVrTzZRMWlEY2NXVTRiOENQMmVXOHMvRWV6Y201VUZMQXMxcEVrS1lJcmFCcG1kNi9mQ2FYNFNtdWFVUkk5YTAzakRuRjI1bUZ5VFh4ODA3YTVPKzJEMEx0TWY0ZWhsNThxNDNnTjh3L0Q5c1VpY2RTUG8zbGFKZ2dtd1lEOEVaMXlpNmJRenZxNlkwOVcrN1p3V1E3d1pLWHZkMlplSXpSVUJqZXVxcjQvSzdxVGtmazY5QVg0Ly9Uc1Eyempaa2x4eitGQXY5dXlYbDUwYTQzbDB5Y2pqQTVscmROZjZNUWtDN2V0SlFJY3BKK1RoWEdZTzM1T29NTFh3QmNPdWxSb0diRVQ3aTRFSFEzaTI4bGluRFZWSnBCZGxIaHRzODBaYm5VeWhjTUxhTHRyUld6YVlKTktuOUJIUDhjREl4YnRENmxRdlZOUElndk9ISDFRVkFRSC9WNHNBUDR2UTMyQ0dmSm81UktrSFdwRDZSV0lsVkplODdXbFQyU1c2TWkrY0Iwa2tyRWp5V0w0bXRWcUgvQ3V1THJnVUp1Nzg0VGxhZjJ6NXdSUE5NYm5QbXVEYXkyWjA3U1NIZVFNYTZYUWZTRGJ1VStneTU3ZHRBU0Q1ZEFTalBOVDlFOHJmekowNUc0MGtVbldoRmpKekpuMnd0YlJ3R2hnRU0wTDVjeDMvQ1V5WWc0aXBIeDRUT0RoUzRmeEt3TERuOVZCL0t4bUw3dlBpUVZRVVMvcDkvVWMrQWdJQ0FnS2dhOEI3dUt2Y3R1UXp1dGx6akZ0N0F1cHhnc1hCSlpDTHd0ek13emlGV1VVZDZ5Z1hQdmZoQXJlbmIwQnpmd2JObXdHQ0NnVUEwbXQzSWNMZm43ZG9ob2lRbTRlc3hIRkZ5Nlo1NWZmOUpKdkpOd2FjcnhHcFZHdWJyM29nV3l1bVV3V0RVWEZRWTVkZnFHZEZFRnNIdFEvVWlESEhjckNlOG9KT0JtVmZFUUxaczlqMEJEVkI2bEhTM1JzWkxQMVJ1VE9MZXkzS3FXVEZBZlpwTVFlckkzMWFDTm8yVzh0VWJsZ05NSmlFOFcvU2RraGVhRk11eis0WTlpdUlRd1hMZDl0ZmRFZDdRTzdab0Q1cEZjOUlaWkNtcFZjamxaN2tLYnFPTlJNZFlFekpWbWhjTnl0NFlnU0NYbGNrSFc3YWZWeW94OWZ0MjRSMzEyNmlsaC9MYkZPWHJ1cnFyaExRZ1I2aFBhdzZpd3daZExUN1c2N2s2SVhFSVE2OENxS3hReXViSWpobHFiejFWZHRTdkVXOXU5SDk4cjUxbDQySFlqM28xMTIyRjdRTzRocFREcnhpM3JVekhsZ3B3MnZjemgya3JKdGExL0l1MUZyNlZoSFJoRVlkM0t6ZTZZNUU5QldsWVcveDB4OGhzY3R6MExtRHBGM050YVBrTnJORVR6d3FMdVR5dEpIRzdpQ3NJOFdjWnBtbTVLeWVwQVF3dzdEQVh0ZlBKeUZDdnI0ZVpscEVVaHBmR0ZIRlovaWs1ZTJkdEJySmFUcyt5VjBCbHFJeDZhV0lqSHhmYWw2c1F1dXg3TmlXTUNIQXdQVlhTVDEwN28zeW1UdlVqYVg0V2sybEJDMDVWRytsL3hIQ3ZTN0tCVTM2QU9nRldYRWFIeGVYdFhwUkZISHZVL2pTMWlpSmRTL2YrREpJQkdIUm9VSjRBTW9DdUJMd016ZXpEYUkxTkNJNXhEQzBXdmZEZVpLRmdvN04vbjB0Z2lZUFMwRVhHUld6alovcG52MmVYdTRLVjJoR2IyQWtpQ0pmL2RUOTAvenlrTFZpNWRPTm9oeStzOTlaWlhvMzlsV0xqVG5pN0FLUERtWTA1ZFp6aEw2cTBqSklmZUlxTDh2OTd1TmcrRWRGQkM3N3RFcnM4MTN0SWxqQzVSZFBndmJqWTZ6eWlESE9NUEluaEY3U0RqdG9EV1o4Y05PUzlRQUVnNHZIa3p3QnpacVo0WHMzTEVwblJOSC9MVG9rUkpqUk9kaGpSTUdqcEl5TlhYNUdsdXZQeWR5WHdmN3cyYnhnbUNmUFppYTJlVUxmTnk2NHpYOUxZUjBrMGVlaTV5OVhjOWpmcURVeGNNMHh0cDZrWWdKTHlKYnVrZWo4OElNVHAzdzY0SXFoVFBxWXJBSjZkKzZLYVp5bmRWeWhKTUNYT1czbWVsclN4eXNxSjhnZVVxK2s1YWVFcDJRdTRFWVYvTUk0R0pWRkVLNDlWc1NnV2N4NWtvZGFxUFUvalExajdydFo0WVFCMkI5bmFZMnZYY1lYL0FqVGRwTXFXcEc3Z21FUnhHeDBOdkZqRHdicnFHMlp6OWFyQnFmVktRUmx1TUZDQUxWMU1wbzRETDFlZVptTEdEUDlkUXkvN2Z0NVUxUzYvVXRQemU1Wk5OUkgrYlRYcTZxNE5ReGxPR3RLNXpZd0F2L2s4TWl5cGZIN0g3MmU0dnh2cUdHNVYrdHpkTTVIa2NVOFZuUSt4MzFETUl4N05xTFc0UlZhQllYdWtsZ0I3N1FHc0g2VGtST2s0dTZqOHVJYWJvS2UySFEvWVAzVjk1OHVaZ25vOVIxWkYvZWV0VE8zamlrWVFzK0tyZ1VseFNFY293RjJiQm0zRXIrZjU2encwbmpnWkpqMFVKMUp0STJYV0ZCU1o4QlNmTm1kZGlwdFNvVCtGSE5pNFpzaGVFTzdJelMweXkzaEpOeTVyUHFsVlV3L2JHL3I0VXVZR2NDS05jcHRZZEVPNFZ1bzlHSC9VZ1pneGJxRG1hbEQrbUwwSWdTZDJtKytPRURlQWVUcGVyb1hTd0N1bCtDRWZITVViL3dPdjNKSFduMGhjYnJKNHV0QS9vQ2w3N2pYRGdGMmliampQOXlMb0hWTmRPL3kyQkdtZU5XU2FqM1hhS0V3VWNQZHFoMmNVYlJjRGF0cWxCWjdueTZMOTRSZ0hieDVCMDV0d0dQVGNZcEZsMG85Vmk2TmoyUlVXcjM4SnAzWUVlQmxDdnJsbDBVdjBncStQMlpYK2ZDVEdLcXFQSjlEY1dVUHdhUUNzcStDdnVVNUZnYWYxcTU0UktuOFlmVTNwbGxreEpWRFhmVFBIalg1djNLWXNTODdvOHcvUE4ySkFUSFNEZUljKzJsR1NGQk5oSENrcFRURGR6a2NKcDN1aElXZ2JXbk5NYk5EQVZ6ZVpmVFdpOCtETXJIaEEzemdmdWZ5UHJQNkI0RjVHbGhtd25BMjBzQnlxSWNhMzBJTTBQNWV6cjFiZmIzL1hybU5GL3N0KzRRaHVzM2Y5eHY5R0JNQytES1gzajF1QkJ2OVBVZHhqK3FVN1hjREllMXdXNjJWclBWaFliaUIvQXpMU1NoNTFTMUtQNjJQcXhCeHZ5UGJJTU5PMnFsanV5WVkzRlMxVUx1WU5zR01TMGQvMC9Sc204SFZMTTlYcTRRU2ZaQ2pkTWpGdTJuaEtWYmdOdnRHR2pXTUxJTzNyNUpoSGVqanh1SDYwOWhzNDJjK2llYnYyVGExVGdNaDZKYktqMGlyeDBiS0VxbHRta21wNmRHbWFUM09SbkNWaHlmTmZqdU1KcjBORGdHMDAvWm9ncGhERkF5VHpGSVF4OGZLYTVvcFZmSXdGVGc3czFQbmw0Nk5ZdnFtM2xsNGdJNncvS3NZOEFSNE1NQitIZE9VemkvY1pVUENQNHFDOXVCRGE2RzExSTRDSmlqdGZaSEp3dHJwK0xPblMxV2pOYWtNL3pXQkVqck5keWoxRGdNazFBc2FZMmJmQkNMaXFhbkh4dHB2MWIwR0ozUDZ2VWsvYkY0eGdtSnRXMGMwaDVOWmFXcHgveDVmMWI3Zy9JZFFxaFl4U2hXalhhaGVsaGU4UE1MTU80THQySlp5VEdlUjN6S1k5NVMvZFBPK1c1ZkZEM0VCdEh4aDJWUjhaSlZ5VW8vQ0NxdmdIVU53N1FSR3Z2WFRJclN3QjRnb0FVWUo5TFlHVmZsZ29oTiszUkpPZllqdHlzeFhmbTlNekppaHB6MXFHL2J4TlFNUVRnSUNBZ0lDQXNEbWM0QnNzdTFXT3dTanF2TjNWV3FkcG8yM3BEckxjYVBzZzhjbGh0WDVmQURYQVZJL2V5TlJHbWRKbkM5c29Hd0xDRkRaTEVrK2podzNXcFBLNUJmZzZ5WWIwYnBYcVZFS2c2VW9mendmQVIrckNKQ3VlVWVBL0J1ZjFGOEhxajlyWThTWC9lSU42NENpVGhkaVpXRDhBckRHL3BQc1dSSGdydWpwd2lRWTRrSE44RGNhS3RIM0dwTlgyb2FRckFZWWNxUDlwb1hOc2ZQeU1yUFdrS0RuNWk0RzdVd3N3UkRYZ3B1NDc4RFhNQjV2aGcrL0wxc2pLOFZBVlE0Rnk0RzJpLzJxUHFkZ2tXN084TmdyZEdRUURXMmNXUDJlUjlEaWd5WG8wTm9tam1wYWRuNmpBL1pUeVlBVDdSVWErcyt5bTBsT1pHYjl4R2dqeWRCRGZwaTdIeDNGYUo2MVFRbnhTelRiSTd2RjhtM0NmdWQxWTl6TVo5QWpoVUo3aW92bUkxWmxTc1dxRFpNYk9COW50SG91VFd6UzE2VjRGRzNzaDRwZ0FYVzc1VHJBMis2ZjBKNkF3bjd4bUNSL0wvTTJTVHcxRXJlNmZCNTVTMDZRazYvWVBETlQzUzkrNThvL1RoRzNIcFdKVlRWZVRFQW92Q1BGajVBeWtDTmZBOFBmZzM4S1o3dFRKNThJUXJyNHRQM2tXMlNNSE1rMkJ2QWVFMnIvN01DaGlBVWV1YnhrNzc3QU1BMlJRR0tVd2lhQjZEQXA4SEV6WW5xVDdRam16UEJKUFR6WU5weE1jYlovVi9Fei9DdnRVTjBMeERBd29DS3Z6dVhRZnhhMkhOZkN3NWdpY1BqbXIyaUtyUTNoYjg1YUpnY2Jxa3Y3RUdNMS84VW1sOVhLa1JhQUtSUHlTbXU4UHFnVlJ0VWZKc0FOZGhOWWQvWVowSTUwUDJ1YTFqTTRWdktlVnU1bjV4UFV0TDNRU3Z0d0FUQmhZNHZrUllGSTYzQUF6b21MWXU2R2wwa3BJaGVLS2JNdmUyS3p2c2ZiQ25LMDFDY0NBU3p5aTFZZHJReHljcW1ZWU0yTktXVmxLcGsxN3RBY2gyR0EvaTh5ZStYeDJzYjlhMlBHQW9YVzlveXBEVmE0NDdEYTdsN3lrUzFLL2hIbi9ZRmdQVnBFMGVuK1NTdFhMWDRWb2d4Um5YVmxvSWZ4UDBTOXErSG4vWFZsTEhKZFliRG1OVldEVmtTNEIwaDdNVWRPb1NLRlNpNzNFWHRqay80TVQrcFZRaFRYTWwwczZ2YUFPeXJYaGN5WlJXWWZwclVFdUdIUWRXdjczamRpd1Mwd21GWExqVlBTTEpjUCtRWCsxbmcvenJIb0liYm96S2srZTFmUHN1Yi9hWDdHVzRMWkZPM2plT2djYjRENE5mSjRVbmI5V1ZMUEhyek5xZjZkQ0FyMnRLTm9CTUFVRmJOZWJMSHlUTUpUMHVXMjJ2NURUR0pJenJOQlcvT005SGFOemlyMWJZYXZkd1hrTXYzeGNkbVFGdWtVNkFLcldWZEUzNjVnMzZIdFRUc1RHL0NXdnR2RUpnci96MEQ1ZWdRQlA4cExOWGVEdmJYZHpnQjM0VndSbFVycnFRSDl2ckp4b2RBNnkvVXk1cHdQVlVPQzgrTnFLd0p5V2x0b0Y4M0dhcUEzVkZGUTRzd2hlK3R5MkI4K0pmcGR1cSt2T0J2YkkvTkM1QjVpQ2JibGJqNE9hK25LZWFDTDBLQ3pjVnZETjBwanNHOXphNmtjTWw5bzRCSzN1YmxZYWd2bHorTDVhRGNwaHJic0QwTENGNmtBa1VFUGF0dlJsRWdkOU92MHZPQ2RpbllQWUp0VTM5Z1BaSEVxRTgyU2xxR3FVd3Uwa0Q1cjVEc2lUeXZ4UjJCeTduV0tET21ZSnAvQTFxK05uOE5oRmd3TUdRSnN4SDRDQWdPUTlSS2p5UUlkb244dmQva3ExWmxtRmZyUitZY0d3eGdxY0dXNUZIeE4ycXY1UysxdjZzM3FucmRWZXNYWFBncER4Y1RpNm0wbjcrcVFYSFg4bE8yM2dkaE5ocDFZaHRkRXBpYzNVdGovODBNL3hrc1lVNWhFNkdPZjZ5SjlFVndQQWJTaEt3THF0ME1DbEwzTWZ4TGIrWHFzaEltci9XU0crMjBLTGhsZTlvZUZHOEE5OXdkdW8rbjZWU3VlT2pmOU81aTFCUGVZNzNKSFAxNG55MER3bE1BRnkzeFdwYmV1dkpXUC9FalBHQ1V2a1gzMFJnVGxvQ01kWTZObFQ0M3lDaHE1UnR4R1pwa1hpY2RaWm4vSXMzdUNTNEl0VHhuMWxYTjJ0RGpwOHRzRkQ2ckRCL1ZOUU9LL0Q3ZGZBQzhieE9TWklFcVkrdnZEYy9YVjVwSTg1a2thUUhUQ2RCTjRtU21Dc0U5NjRlZHhJK3ZoYXU1dUVtelFaVFBiWXJ6cVFTZkcrcFYwUzVjWkUrR0VLY2NPVGpTZlNQbis4dzlyZGQ0ZmkzS0htcnV1VnVkeDZxNXQ0bWc4NTZ4K3E4d0Q0SmJvby9VbHRReDIzaWE1a1JYeFlETENld1BFUUxRdzQvM3cxK0J1Q1JhYW5MNGxERXpLUG5SRzkyTmh4ZkFTU21sQ0FOL2doKzREZCs4MXI3SmFmbGZxSVlhYUs4akZyajNWaUpGdGpMck9DL3p3Tmc0RTVkVzRqRUxGZWcyRXpVVDFxVnZPblZ3cUlteXFnVVZUNWpta3lOanhXbVhXMXlhQklJVlZiQ2FsM01RRkZkWWIvSEZxbGpvYXp4KzF2SXBTeFR1QXROckREU0pjdDJ0RXZQWmtDaXRla2dVaSszd1BjTWtkVUcyK1o5ZGVabEhyd05KL3pKVHZBeVhsSHZ4SEVSdGFQN1Bra2NmT1Q1eEpCY3ljWitKdTJCL1lNSitIK1plTDZVSEJ5L0dhSlZqVCtJdzh6UUtaVXZjMUlsNzR5b2pzcDlZL21sNUxON0I0YU9DN2l5cjgvdWVhS0tlbFYrT2VLaXU3Smc5a3p4VStxL0ZCRC9FOVo0MlBMdHZFYmttZW9xZTEvU0RUL1pscUN4UFJpTXR2eTlHNGZYSkRoMlN1dlAvMGdXTDFnYm5sT1dSTVhqVGhzNWdOYnlTaTZYZVlQZ2svVWg4NEVwSldwd3lWenhlblpEV3hSdjY3THpGZzUxMDdsWnpIakhtazlkZTZOelJPbFozbFphMTZndFI1Wnp2TWdzQUhiQ1FhdzNKVzR5akJCSmFoM0JxY0xXYzc1MHdmWWZLZytEck04OWpEaFBsNVZyOVZZdHFZa1lNaWppeGJHTG1ZOFUvM3lPTUZrdWxTYlRsZG1ib2NsVjc3M1ZkSGZObmhOQ1pJUFAyRHJzQklMbHBhZFJMOTNUZEsvcVoyN0pBRkFMVzNPazFBTWNOTkZlSWN1VCtNNzg1WXEzNi8rR2JJSGxnSERCZXNmdHNTTVB6UnVnWDhMVGdUWHlia0NidmNsdzhtbW05VEtsR3NBZmFBaWN1V3ZKUVdoYkkzQnM1a1hDVllaelJEd3pZODhvSzVnc1ZtWjQwUnZDaWxGV3RManRHRzZOTWxKVDQ5cGZIditLb3JXM1FyUk1vNVlCdC9kYzVyYXg1MXFydUUveVRNTWF6YVV3SDNGbFBqRzhzVGZrVVBEN1dNTDluaDU5RlpURGJsWFNUejgzQkRxY2NlRXU3eFdtZXdHKzNwcEt0aE5rcVJINEZxdHF1NnRNUWd6ajRybDliSWlPQWdxVll5QkZuZExxQlNsdWxUTUJLVEMrU3NmTzViWG9rY0FkQTd4TnhzUE44RjIzc2lLWWVuV3FzRjI0ckJPV0JSUXcvYjU4VGxFQVhNQWwvY3JhWG5YRDZoYlpiTU8yWUpVSWsyTlpiSEFuSllpaXU3Q2J5WEN4WjBMbmJIQXFEQ2VqbHk2bjZoS1hXVzZMYUxXNXdMSVFDUnprQjhYWk1wa2FHT2JPRUxqVmtRYWI0dlhQQ3pROFBvMXVHZUJUdEZBZVRtUmNwcStsSEc5YXFYdkpsK0ZxRlJ4NTVWTGZicjFmeC9EL0JLbWJWK1FJT2FzUHU2ZmUySjJlWmhMNG9RN0JVcWRmczFXS0k4bWR1cktwYXZrZUw4WFhkRHVRNlVMU1V6NE5ZTFovMk1EdFVEY3pqZ2tsZUVDZnFyMWo0dy8zSVhYa0VlT0RsbkIzWXN0Q3JBSlFmekdhVE4vWmp3R3Z0MlJyRVJrNHBwLy8zMW5FZ2ppcXhrQTZuM3hNOFhFaUNuV21lQlVTSTBsZEhtcjdzeitmWmwyOGN1aFhSaTJZWm80ZzQySDRydHJwVTFvbXdKNE13WklWdVNlUHV4K2ZVNFdtaTFCMUlzTjZGdURPNjl6QnZXV0dNRDBJL0doeTEyNHc1R21SYzQ5ZFNUeVZGeTFHSTdacUhGY1lQdFBqcVFrWU8vU3V3S1BZK2I1R0Q2elNFQUE1U0RvM0lISkJ5UnhUWS82eGtvV21CdEhZRyt0MFJyWXRBTHlOV1lSb2wyWDBhQnR6ZktuamRSOGtyQ2J0SnFHb2VkNVVzcDR6VU9WZFczUUxUQVRkQWJXcXY2b2FaNnNCRE9wcmhwR1d5QXU2VUNPUGhLaXRoUTUvaXdrYUtZOG04TjgwSU9YMFJ6M1NrTGJkMnFldGRRYkRjMDFidVpSZTQySk5pMTViTCs4dHdQZFFrVkZlOFpUK3orQ0pkNE5ZdHp5Zy9QNGVud1hkejhZYTdGY2kwL1RzL1BnOGVuZ2p4aXZzb1lnc1YwRERWSjFGT0cxUkVkWDVDTGoxcGlNNW1mNFdZQUtja21uVmRxdmVQdkkzY0VhUlZwVHR1QjZ4NE1YbzZkbE1GU2NmQlV2S3dTQkVTMDNaR2lmWWJ1S0tUMEVNOFpiUWxYU2xkZHVZNVVjV2hQZUlXVEt0bWNJbEUxSlRNWExFOWgvSWFXcmJFOTZwcVRGSHRmSWsyMkg4Wm5IOWtMYldqQkhqK1k2YkVXYzl0SE1TdjhMeldmK3FOV3IzWlVNT0M3MHo4MUdYczJWa2M0cG53eGJPMnBKbzQ3SnBRY2t2NnQ3U2NOYlBDb0laZytLTEtJVFJ0ZDN0cW9PSjFVT0hrb0hqOTBqTnozVmUzYnN5d2JPNzZtdFM0VjlQa09wOUlkZko1Y05FUDRUNjVCdEhFTWYzWGFJcUJIbEMxdG4xSjREb0RuNGtWU0tpNFBMR0FWc0Y1ZWNqQWFtWUErWVdFMkZKZVV6bFF1YUh3Vk9EaGVobHdTT0dJZXpPUlYweEMrQnMzMXZUQUw5SXhoMXc2TS9xZHRraVV6ZW1tNUFtWXZROWlFVEh1d0Y3b25jRUVUZytNVHdiYXp3MDFRWjJFeXpoSlZzZDNpSjJjSU1UdHJ2R2hxaHdwUnl4eEZNd294QnRlMFVjRU1XSFFObmtaWnVjbWlBNks1Q3JsaUh6ZHkvRmhmY0RzeTJoZWdtMjhtbXhROVJxdkE5aHQyM1ZtOG9EajI1ZlRNNXFDNTIveklSWnJhRXVCdk5JREcrc3pncjRGS2pNZXViZHlnK2JrM1h4REFPWVJKNFJabEE0eVhXa1JyZTVrZ0JIZkpJb0FqNjVPdkFtYjh6NlpieFBQTGorWVhSQzBwUmsxZzVxazF1dUFONnpINjlqMlJDc1ZGWC9xOHBtR2lsdm5pVkJWem9KVThqUXAxZ2VDYUsvdUU1QjU0OEFxSzVLTVdDRzlPblZGNnN5V1AvRVFyckVlWWR3ZkRJN29pSGZkVWt3NUNoeDR6bzgvcFhpWkxpSnVyU1FKc3E4UW0xdEMwRjBzSHFkMG4xVUNzSSsxMUpMY1JjTmt0akFmSStqTmJZU2RhRC9JenZucXFuTk9BOHdGR3ZwMW1zMFVFWStxdjFTTmdqWmFFZmxPMG5yYVkyUGlIbTZQYWM2NTh6M1duemc2dDlRSHA4ODZYdHplZTNYRHRnNllkb1BwNTAwZExnMzB6OERmc3VlUkJHTERTbit3TUZMdzUwTWdoL1daN3lVK3JDL0lmNWtRYjJIc0txdmlETTE0VHVrVzBoakNvaDFsR2hkK0tFamtBbkdnVEZtU0lLY0RsQzBPNXAwRGFFWERvU3k1QzV2QUNhbmxKMUx3Z3I0Z0xSZTgvNlpWRW02ZWZ2NXN3R2dJNVlHNUhhRzZjT1UyZTM4SjV5QXE1OHNGL21BL1lGdXFhUzRhbSs0Y1FMMTNjNXhVR3c2NlZraWlrdVdmc3RIL28vTUxDSTdYbGZqdGp3TGNRazlQMDQ3U0pzajlYT3RQVGhDcHh1TWVRVXc3ajFQcklpcUYvZ0sweXpFS2NhQWJGT0RZTlR5ZzlQaVVCbUFIbXMvQVBmcTlkbmF5ZDhqK2VvZVAycHlMTEJzd1hzcUtwTzI4UmRVYXRLMUwwWGV5TGI3NWt5RVRNU052S2lOaGNlWUlIeTJFbm9RazFNcVhDbm9WdUgwL0NTL0FHT0xTZkxYcW1ZVktBRVJlekg0MndZSnJvQkk3MXNEYmNaRWJXb2JVajR4QWVHd2xUdGZDUEdrTkYzSVR6MEZzMFNKUHZMZExsUGdQb1NoN1BwbTlUL01rVXlqOEl4MHpMZS9kZUk4d1lwdEtQR1d5bEpBU2F6YTNtRlBNMndIRURZejg5ZlJQOEpScnFsVENwdTNFKzFaVUdubnAzVlZBdjE0c3YrbFA5MDdXYnQxSXBEeERzNDFNcHNvTlQ0S25mci9RT2xhUStPT3FUNWtVNTdhL1hFUUZSV1FOaXpseGxZZ1hsdi9BelZoZ2pveC94VWxzZnA0c2FWY1U3bzZ3Q2ZNNmlDcm5jT2hQbm9qMmEvTVlZdTd1b2VGQ2hhZGRlYWw3citTUEJSUUN4WWRtODF1MVV4bkYyaHRSVEZvQm1KWWltOGd4dDlmZG43cWJxK3BXNVJKRGhJM3RmSzM1QU0zTitqamI1Y21BREZLUkFCUzN2QzhrbkZXb1dGemdOL2tzMElNUnI4UWhLeGttY3JFRGJxM2lVa204eVFzeTd5R1M2UzY5SW1NUnk2UEZTUnZEZmRNNGVoT1NDYzcvbVBGenYwaW9aNnhLbFBlK2REd0VDRmYzZ0dEL21XelUyOWhIUE1JSFNrcHF0anRyS01Vc2ZEWk9MTll6ME9KRTZZMjhKaVpPM1NCZzYyL3hucTZuRENkY3pzL1d0WjhnUDJLVUhPc0FFaFBxSXI0QVRJcWpKMUFJdlA2djhGanJWTVJEL1FWNEtrdkFad2RuOXh2TE5GZWU1TmtjNkJ6QTl3cEI0RUt3NnZMdnVXVkNTMDRkU3pXcXRRSFI3d2twREFKRHN3WldQKy8xSzVOWkpFbHRKZTYvYjZhVFIzb2VRTkpKc0FkbldGL0hGSDJGN3lsM1hWZHZJd09MVDRkMk1qMjhkczBuaTlrdjFJYVRmc2xub2p5aVZOZVFpblppd1dLSVM3Wk1YNUhhTlkwakgySW5yaGdRZU43QUYxZUFrVHd2TFBkSExpbmI1RGxINVpFTDljV3QveTU3MFZyWGhiRm9GVnFNL3JJdVAyb0pvZ2l3Qkc4QXFxbEhrd3hMd1ZLRGhJSjVLZTRFODlqSm9jd296NVpNcG42UEVNeEZVMEJyc3NtZHRhbHVhNDdjdWZrMHE1RXdMNG5XdEdNYzQ4U2E3TVo2dEE0dU1JdE90NjJjMlFkOXQwbnlTUEZuTEVSUk1ZZXV5djlZZktYVTd1a3FDZnhzaUlodHdRVkd4MVcxajhuQ3ZXUTQrWWJMbzh3NmhvdFR1aGphVkhIak1Zd0VqN3NhOC9vUk51NTR0K1NNQ1VUWFcydmlmaXhUb20zdEk5emNyQ0NmWUdZT0t0YnhwcmYwc3JVeStGMjRXVGkwcDFjcVcvM293Mm9mV05wbUFiL2prMTJERlltREdsenp4RUtqeFRWaWVHSkxnK2RNWWp2YzhZZW9LeVhGWUY0anVCd0hhMXZRV2dmaERBcWI2WWJHMERCTjBXcXRxM3JKY3lPT3FONGhvWjA0cVV4aTFwcXIvMWpCZjFkUHdUc0ZQSHcyc3hLTk5wU3hpcTlLL1J2NzdLTmI0VFpTOFRWRTZ5QWdFWlhRQnIvZXZKem9lOHpLMEszNWpDdGs3amsxVjdoZEo1SmFYWnExazIwNzdTZU9UbnlvaGt0YVlWVkxTZUpUVmpmQ3A4NWp0VDBDRDlncG9lWXhXaEMwRlJGVVp1eXJYNGE5S29OczFuTmpiOStSVzNxcUdCYlBrYlhvaTUvRll6ZWtjaGJTR2c0SGhyL25hUVoxQzZEZEttUjI5V0lTYmFqNW9JbDZPVVFRdytWcStmSUIvcjgxM0p0bmM4ZVZuQzZmbis3WG1kczMzZkloZjNoSTAwR01sSURTNzJtak5nM2hLOVQ1bWxqUjV2UVo3T25UeVRJQSs2VUJaZWZoWTNPOVhmMG5YTTdrY2piRE90V3pRM2puNFFVSWxTMjVzbllORkF1WVhZZTNjMHNEKzZ4VGhwdUxadDZvTzgyVldhbW81aUxtLy9SbmJTYStKaFJRdEFsTUh1L2IzY0ZqdmkvekFsZS9iUG5RRG5lY0N5b0pOUG9wMXp1RWV4VUlDNko3OTN4RVdaejhwdUVBelJBK3l0Vm4wcDJFTzNhenhoSzkrT3loRDhxaWFGTTM4bUozSXo1YndtVUIwcmFyd1dJZldudExBanhodE9CbnkxSHM1UDVxSm1nTVhLWEFyb0d2d2lwTE03VnF5dVZFNWNFdGZ2cjlzb2R2bTVlTXh0UlJzMGFvTWN2NGlTcm5yS0hNczQ5Nm1ySzF0TEtOb0RvN1lhTHJuZ200WkMrVnBnM3JKU2EzdlFORWlFWk5mU1kzMEFGYzFLTnVNQlNHb1I4S2VJczhBQmZzQXprbWF6MVZMbUtwd2FKTGlqaDFsOVBiY2cxUnZuZ085R0lNMy9nVkFGTTR2THBRL2VYL1loUHYzNVV6U21lNmEzNU9SeFVmZVR6VmxCV0tPUGxTMEJWdE5xcEZ5bmFESFRqdG8rU0JSM3FuaXFHN1praytKRVFLL1h0Q0d5dDlTN2ZmREFSQkY3cUJRaFQvY2xhaWpERW9kcFd4d0VndUdycE1JOFEyczFXZHdOVWkrS09oZ2hpMHhyU3A4WjRSa01tekE4dE5wb2ZTNlNUR0FIWG90LzF2NkM2SjVHRHFiQVlwTEFLV0E4K29zcnkzblk4enFUVFBHMmtYUzRXNEpLRGxrS2twNWhkSGw1TmdsZmsxeExPUVFreDYwallqNjgzdW5ORkNhaVFLYi9aV3c3RTUyQXVsQUFXeEV3SUgyb203bmRROUhKVWI5L2lhbURORnBRNlJQYXFmV21BNGJJNUF3NXV3QmR0TXR2SnN1dTRHb3JYVnEyWHVhVGVMcjVlYURWWjhkaWhjdW1jdzVIaXBnUGpVYU5RQVBlbzd5MDNBelBFU055MGFQSDBGNTRSdzF5VnNTcWNBejBYUGNXYXNLYTdHb1NMUkdpKzQ5MDU5MUk1N1hUMGVUa21lUGdjUnFuSjc5SHNIM3RnbFZ3bG9tM3hsU2JMemhPaU5nMkkrYmNNQ2ZtWTZDcE02ZW9pb2VyRERBamtHSWJNdDQyWW1PbS8wVUFwQ2JCRG1lZ25zL0hwaXFGRmpSNHVKdTNBRzRzMVB6WThDUVNBblZhR3dPaVlJRk1ReVVBL3JHbTNHcHdRT0o3eGhaY0QvVG9nVjZQTXhIZW1VSU0vYW1oNDl3WTJpN0Q4bGltY2JVenI2WURNRSsvaXhLYmJnSUhuc2pLcks2amRZMFpEVnozTi9jRjZsekRLdERZblZkZjBKWUlpcUl2K3Nva2F3bzQxeG9vVWNJSDkrN2xrbWwyMmdLZmsxL1NwOEFYTGsxVHZ3ckYvckIybCtobGxGSzRDMFZ1RXMxWnF6c0lYOW8wQkF3WEhkaGJoVVBCRWFVOGdGZjZnY0NncG92SXRYOHZpd1hvWkJMRTRpQkV2dkgwWmN4bkV0eHpBVkxFNU8yK1ZMZDFwRWttS0VZS0FKM3hqMlNJb1FCVFZFRTNFbHR6RVJ0REE1eWRWWEhDL3hRU1AyOE9DemdXUDI1bUVjMnNTVkl2Tm9tak9MUk0rOUxoQTN5czNrcmhDdW04NnhwK3AwVS9JRUJrSWZEbjl2NnNsSjZZVTlMMzBINDU5YjdNMTZCcitkOE11OU42NUg1Vm5DRkM2VG5lV0pwcVVIcjBEaXRtekQ4SzlUNzczWHM1Qmxya2FBWlNWOVcyckx6Szl6ZkNKeGZJRE5JbWZMTlNyb0tWZFZmTXMyQkp6dk9xbDJzL1Fyamh6WmhlR1I2ZUtIM0FsaWVubW10TmZWMUwxeXhJSWtyZXRoQ0lDYnZsNE9oNDdpRlNKZTJyUy8yaC9DcUJ5OURpNzBiS3JFVXdxOWFkVmpZZksvYXpYWlNTOTFWd2dKaEVDSFpscUFGOGZZMk1raEF5S0JmUnZvaC9jdHhSUVplV09lK2h3b1RtMlNRSW1TbFV0QWV3Wk83Sm5wWE81ZzRnK2VheUhheVZMWTdwUENoYURVdUhUbFFodUwzNklDdi9kU2pmeUZYRCtkWnNKQlBKZmlvVzdaZGdpekpWS01mdTU4WWloeUlGcjRvNVdUU01Ed2diNE1BMFg3eXBQaGFHbmR3ZkNmWFdCR3pXUDBNVy9Odm9pRzVZU3Y3NEZpRW1zSE1kbUtNYUJvMFhTMHJOaFRFbjJDREtWam1iVU9GbWdrSnIwVFA5eCtaSldpM2NkNTM0ZVEyakZRNFpiRzc5T3UwNzlobUNHVzdsTEl2OHJsQWpJZHJ3Y2VhSTJhQ3ZSVFhoNkZBMmRMOU13b2NVeUZNdXhGSmk5MGEvRlU4elgxSVo2V0dUVDB4a1dPZzlRMlJZMzJrU2Vwb2NNQnRBbm10d3hJaVhMSkZRanF1SDU2WEViK3VBUVA0anRJSzdFTWhyT2tsbHQvdTRqbWN4Zk83NFJaR3VrMVRkemtlYnlFUnlaMnRyTzlVeGF4WkZ1WERjbmcyUlBENXpya0h3L1NWcTdSWFVXOHZ5NHBoV3J0UVFZdEREdHhEaWgzL0VqSXl0Wnl6eDlKUUNkbEN4UzN3b284TzNHQnFMUjAyT25xa3Q5dzErTDU3SjZkQVBJUkdKT2E3eXFSVXdQNlo5NWZFM1JWTDFsd2tFdWE4eU1aRS9HSllSZk5nb0ZieWxnSUNBZ0lDQXVBODBBQUpNVkVuMncvb1VwdVROcDdhVjFXb2ZXL2FJdy9HZFdBKzM4TXNvcUp1NVZLUnE4MU84MEozS21DUEo0a1B6NlJDOFFEZ3Q2aU9EeHB0SHJ0WWE4aW9GVUxpdGh1QkRldnkxNXhUd3N6K2p1RXZxVVExZ3U4aUFEbEhhMkNrNElxL0dPRTlhZGdYNXRPVldQUGNDRm9UbXRtSVpxOVVQQUUvdTlja0UxNjFWUVM1LzVBWG5UMytIcCsxZjNwNWl6NE9odG4rMDN6WjdBZndxVTREQmpES2FBZWw4M1FGY2R2NlY3ZHNVWGZCU3dLelhNeGxscVViZExKZ0pEc2xQckxKNmo2WTBmenBXeXJxKy91alZnRXF3TEFMTzhDSklhcU4xbnlwd1lTMFdoMWdiT0g1b0Y1eldYT0VHNWl1eTBDSDZMOU5kTUVmRjNLa2hwRDgxaWtZQkNSellPb2w4c2ROV2xoMUJSSmpKbDhRMStjVnlNazBVQzMrL0ZEa3JqZEhLa2wvQ3NBQVcrSUZpTURjOFpCbnpMbXhXVWNMWjZiYXN5TU9LN08zNE4zNVRmaTNpUXUwS253NXVsMEJnb3UzdXlFd2tvNzEvazB2KzkvUmk3YUlpZUlmUFFqemJnRURvWVovSlFXSy9wWUp0U0pvVTEvWnE1Uk1KYnp4aFM3aHYzOTdjb1ByOUVzcS94YVhDZ1VJSURseUZXay9PalZ2T0pXaTByanFRTDJibjgzaHlYdlFHdDFpTG4vMC9PWUI0VjBTM1h0ckJjcmdyUjhwb0d2TVFSL3VDeXNnbmRwZ2dENHpWZkFIWks5U1dPUXF5U0hrSnpybE11T0hZaHhCdHFURHZyUUlJd1E5d1ZPdEVmcUpBYTdxTWtIbEZLUmc4dDNocU13aTZUZ29vVWVicHhkMzBNeWF2RlBTcEluT1ZMdklNMWludlpnZHB6c09rYWZNS0lXUHJka2tCUW9mbmpqRjRWbTNwM0g2RFJpNFNJZGlwaVNpSlNRSE9wcjFQblhrQ2JJd1RrQjd3SWdzajRxenBNcWFjalI3YWZ0MVlmdnAwNjZadlpoZFNGazRSK3hWNlJhN091cnkwdk9wT3d4ZmRZL05XVlkzdWNhY1R4NmExaU9ieWtvbmM5NjNCdG82ZTF5SEUra2JnVUxnVTBybklmOFVxV0M3TWtFTmRNWEphc255UjBNbjgvbjVtY0llVU1OQWxHNXBxdEkyeUMydGVDblRQMHRwTG1OR2FqMW1FTUJNalJIT3dpa2dpVVd0Zy9BWnBEeWxnNjVnb1cxaVdseGlEOWxkV2ROVVBXdTNObmY0dG8rV3BueEowYUVJdVFTVWd1bDc5Q0NrNnk0ZlpNeVNvOUtzZFlRWEJRaDJLcDRkOTRDVUFLazRNcFJWaXlUOVMyS0ZZbzZDTlg4US8raXFWU2MrQUZ2TU9JeHYxVGRzS0hza3d1UXU1bWk0MEVYZCs3U0J2Z0Z0Ykt6K2Vsd1ZXWFFzYXRldk1GOFNFK2dRNXdidXRyaFRrbXVGSkFmQVZGNlA3U204MXVveE0rLzVTWWtyeHhYdTdRN21rSkNBQWtzaEZ5WUxpRTZzU3JqSEsyS3hWUWFiTnJja1BENFhEUnllZUxackEwWE03RXBwYkpFdW5UUExiOFJLczRjLzNPRmh1eVBqZ3FMUjZ6eVVGSEg4S21OZzBiR0lEdmhGbW1ZWDVNcDgvM29SUmc2Wk5wVHczbEFuYk1OWVQyUEpWc3FLM0pHYzc4VkREMG55b3ZOcDQyaldzdklZUTR2TEVoOGZ2NG1zWTNzdXhVUkIrcG5iR3dGRWw1bHV4MHg4dTZPWFhsdmZNWnJZcGJGcEtKbXNyYTR0cGNYUU9ydjgyZjkxY1dyTHY3dW1vVmdJbjVFTEVBYjAwSEcyQ0NSL3YrOE9mWWVKdmV5TVh4ckl5bnFCVlYvNy9mdWRReXpxK2pLQUlkdWgveHBIUE1PWG80OTcybGJtSGprcFlmM1ZSa01aTUtzN2x2aDNkeE5lMGlWUjhNQk1CRDNSUjJqdDNmNWhTREZDdXIzS0hiWlNtTXd1akVaNklOWGlrZnNobjh5WTJQSytNUThySkFROEl2L24xQWZUK04zNTZkQVZWNWptanljamlZbXdTd3RvRUI2dy9ZQzRzNDhwQkhKYWZVWXNKYWFvK2grSmJINVZWVEk5UE8va2hESW12UVFLWW51ZzUxZUEyNEhQSlg5ditTbTVIR3lETktYbnZLRlhET00xd3J2eldrK3hTdjlMQUt4eWFvN21RVDF3L1h4cjJKRDFwOTdiRXQrUjRVcDlHWlg5TXRmQzg3VTVpSng2MlpIbFUyWndmNUVlSk9wbC94ZjdrWjF1MTlZQ0FnSUNBZ0xnZWNBQURqck1UT2NyK3Z4WGcyaSs0M3VRSGxBREJoNHZpMU5Jc2J6NUYyb3UyZHJtNjF6dmkyZE83ZE9kZG1yYTV1dnJNSTVXY3g3NWoyb0drNXJER3ZpQkQwcytjL3lzckRtczR5M0R0VEVjYW1kajN3YnZrVDFFQzk2SE5DVU1QdGkzNW1uSWFwNlFsZ1ZDZ1FIZGp1RUsxTW1JWWlJL0FoajZoZXJuTGRZQ1V4NkVqU09iVjF5bm9GR2xIejc5OVR3VTUxSUVoUnl4TnpvdVE5T3VKaUUxTXY4OWI3eTNYKzU0SGFYekZzSkVra1k5a2p1K0kxaXE2YnhyZHVKVVhIVmFxY1VaZmw3TEFmT2o2bW9QTmZKUDBIYlJKcFJNbjk3bnJWZXBydVRnaWV1MVJKaWhmalhGVzZsRzg2VDBWYU5LVWFDaGhlOS9YSTFIaFJlTGRxTXY1RVBoWDE1Qzl0ejc5MHc0WlNuL3NYYXRkSW5rWlNZcTFSUnBiR0lDa01CZU5URW5hQVI2RVRnd3FBMnZ0NVZIampIOFF4QmFoS0ZFOVFEcEJKbzFrVHB2TEkyeGEwZ29USTNuelhpNERpa29TSTlDd3NqSUZNTlQ3WklDNkZsVWJRd3hYcFZ1ZE1IeTFyZDJHcU9meld4U0VjcG01SjZTQnpuT0hFUWtoWktOY1ZteU81L3JqellZV2hYMnNWYjJwdHFnQjBCT01rUExaak94L1pDYmViT3R2M3M3S0lNVVA5YXhRaUF0TmlQY1Fvb0FYQ3lmT3UrMTJYbWs4b3VXcExCSE5BTXFjSWdFSWtxak82WitiZHFRd1N1MjVvcUFIVVlWK3VrekMvdUhDMDBQVUdHc21zd2tjY0lnMzZORG1XL2JteVVPV3htSW5OY1UxQkFhS1lOTkhiZVFSMWZHQktzbXBXeEhEb1RHUTN0clM2S3k0OUxveTQ3Q1hid0RKWFdHZzlYVkhiUkI1d1JCbUYxQitwL3ZEdWJIVE4waW1zZkJYdnZpSndCRFhvVTB5eE5WcnhCU0ZpbTluelRrQXRmQklFb0tJMGdLQi9zcEZ5S3VQN01tWVUvdnFOaldHUFovUjVudXFsZVFSRkdmYmFoSHEzRGV3ZTk1SWFGaVhlWXpGd0dGSHZGbVZjMEpUUTl5akZlYnBWR3JtOWVqTVlkT01sRTl2UHMzTGJNWXRrVnVPZDFvQ3NqTDFTSVF1cUFxcm1iT0xQcDczN2dVUURkRndPdm1Kc3FiY1RXNmF6blJjUVRIZ2FnOWFsNHdmM1AvWlhGMEYycmNGRXlqWkExdDladVFROXMwZnNaYU1IWnBKUWVnVzM4R0tUamVMRTBYMS9lK2xKTk5RS0UwNEM5K1ZqTGpxNWg1cG81UGhNSHRPTzlTdTVqdVVmNGxWVnZHVkRXbG1ZUFZOdnB1YlpFN0hVV3lPeFRJeWYyQ0tKSzhCMmdqKzFvZHBjV2tQcnpvS2JDb0FOemR5Ry85N2RwMGVrQnJNUUE2alpvTFFHaWVnbGV0MGlPK2lnQnMxMUdBR1BqZmRDSnZCeFo1YnJvWmFyRENzcDIwK2VUa1c2OXBZRHcyS2doM1AySWFIYTFWY2VXcGl4L21mbFR4bFB1TFM2eVozdG80R0hSNnpyVkpEZmNuR0NEdWd2QVU4eWN3MmM3UEo1UUp6NTRlYXJWeFpMcllMWDNyNVB2dHdPU2Q3bHI4VEpNbWdyMHlFSTFPSnI5YVBvNDhvSk1JY1FseTA5bmViSXlZb2VkNlo0ZFA1ODF5MENXRkFmak9Yb3lTMkgzS0ZmUm52Z0hWdjZ3ZWV1RDNtaHlFL0VTc2ZTNFJDSG9VREM3L080blEwdzVHSjhLSFZTN1oxQlIvZXd2YXQyTlhzVW0yb3lhdEkyTURUVDdVQnplMGRzck4vcHhoZXk4Rzc2eUw4MXoxcldvdE1XbGJHRmZWaTE2WVZkTzlUc2Q4ZlZsQmZ5ZnJuYzUxTlQ1Sm53djc1aUJlZEpVWXFyL0I5NW5KOGpNN2k0QTZEUHdycFJHUWptTXJBU1F4d0NCREY5MnpLNHBBeXFFc0lwcGNQVjVJbUQrS1IwcVZhTHg3MGJOaDlmQ3dZQUM2UjBnVVp5ODQ4Q1RKV09rK2JPMC91T2p4ZGkwb3ZJa2NmODZRbXhWM2pCZExZSElMZlo4OVNBMVdhY0NSNlkrV2hCM3VJNTlZUlhFbE9NSTFHVFVjcjVNSnpic1Boc3dXNTRSMnh6VFRCc2NhMDFIV0krcGViUWh6SWErRnRkK2k2K1hqdEN3UnArNkw4aUlZZThBQy9TY2c1azhjL0wyVkthcnpnbnIrZlNJSC9Nb2h3K25VemJ3V25oTklJcE1Fa00xVlE3QlorR0pBRXdxTitGT2RzaWt3OFZVenhPOStzTzhSVEQ4V0EwY2UwbzJvMVBSalRKWmVVZUpyL09TRm9vK2hxVWNlb1hwODlDUXprbTdEcXBEdE8zNXkzbXJwMjFMbk1aWFFmY0dGZlNpb0xrcHNTdFllaVBpL0x6c3pqbEo3R09UN0NHMlVJL3VFSm1NU3dtaGRxaU9FaVNFTThSQzl4WC9WbC9jUEpmbStrNjcwaG8wdWZSUE1tWTdaeU16d3VNZ3YwRmtGQjdEV3ZxZmxoWDFOa2l0SUt1NnJQcThKY3RCZlYzUUpoTnVMUjVoR0w3Y3FrQ3dSSXZDVDFIQkg5MXFHYUVEOEZJbGNWRWczN2pwM1F5ck9tVCtWT0pTU3RockpVaUxkR0VtMzJmSU1kWWpjd3dUZ2xlMkNVTDVnTjF5UnFZcER4SldsYUJNM2hyeWdNd2hZWUFZbm9HUnVZc2NUcnBKdE0zWFFpTHdRUFVRV2hBZWZKWnBXVVZQUWFOU3ZoUEkrSUY4NTMxRFJ4cldGS0lwQ2RNdmo3NUNFN0RScEcxZmhheWp1UjJPbVpURURkSzNQQ3dJM2kwWkdwMDhFeGJiZVBJTjJJYjNHenJqQm9lSUVUaXVpQTdYUk1QT0lCMkVXUFh5QVRZdG9HR3lodVdKZnNNaVhsbWxFYXZGUXhqbkN3ZXR5bVk1L2IxRlUrMmI5RDQzZUlQRnVIa2k1MEZvc3l6YnkwbVVWT2ZXcGh0Q2ROeWFJRTZtZzh1TjYrbzU0UDNDYkV6YXFOeEtOZHpJazhSb2E0dXNmYU56TVFBTGRzZVBBcmNwN3VwVWtONmduck5UZU5FSnpQZEx4ckEvVWxzVW9MNWh6V2IrTFI4SXZvOGJhaDc4REhGU21IWGkwNGxSZzlrcDJHekRPQjg1MjU5UWJHRHZBOUMwZ2IyRUIyalRycWNERVVhN2VVVi9PcU1NeUU0a0hXMmE4WDJFdlNMcHJoNldFNkZraHdNd3J1Ky9pNWhYeHhvR1BvckUreWp2SHNMNldITU1UNnMxamV4Umt2TVhqTlNQbmZpVWVsWWZBNEY5UnZFaVJpazhvYU52bWYyS2xySU9aaHpQZjhnTHA3ckJOYVhoUVNTNFQ0aUNod1FlK05aejlNVmdmeWRJbStSby84Wjd3S0xxZzFXS3puOGhNUlgvNmQ3MzJxRXgxMUxwOGMwcFk2RDA2UEIveHJXdmVvY3BSOTdyTDI0RFBKTEgxVHQ1ODV6RmZmMW8velZvQjVRWUJ6SFd4SWNFdWtNRmdNeVB3N0Z1cFU3bDhlbzlTODdxWUFWT3M5ZHpYc0taUHg0TVFaaHpld3FXdmpEeGlleU85dE5SYmNQWUdNSDAvTWlFZUs2T3VvKzgwY0N1YS9icnVqaWxJZzllSkJLUndjNHpGd1JkWDBaaTE5ZXkzeDFnT21pYmpkM0dRSGphWG5oNjNnS2gvWkpNK1ZjUUUwd2s4MkVuNzFzTUpYc2VsMWplTXJxeXArMGZYYTRLUWNCUzlPRmJTRDlPS2dGdFl1UUg0d3Y5UG5WY1ZINEMvNEJlZGtMejJEVmI0YmZuVFl1MUg5SjA5YzU4WmtJcjc2Rms0UDZUVml5SnBvT3ROKzR6VzlQWk1HU21FdkZERmNHY3BqQ1drbVVUZ24rN1J5VTdieTJyUGhuTEptdVZYVlBhN1VZTTM3UmhCVzdFRGZNb0FGNjUvU1E5WHNhdVJPSDF5LzhFeHdFK0RVSktmYlgxMndzUUZvSHFzRmZWME1iNTJST3ZGMzlRTVNZaml2S2t1VG4rZHc2MzhnM3hNZE5ZVFp6blNlM1ZsTkMzaUowckNld1lzSDFSRTFwbFN4UVk5SmhXNlBpNXRRWkFqNzJjTmdqWDdxNnNUbjVGRnhXS3Z2NGV4L2VLVG11OHUvMWVJZXd5MXM5cEhQWnNPV0FRb2lrdEpXNS9WeExUSks0VWVxTW5paXFmNUpiN2NYSjNKODd3M3YyOWxlZCt6clFqWnRTZTRuNlVqdk9yYUpTWUEzdHJ3R295QUlBdjR3UllNdlV2ZjJ3MFNld2poRkdGa2YwRVV6M05adjd5QktxK2R4bDZJMzV1TzliM0VqQ2JCb0hxaWJOOTRxb3FhL21jNmFITEdhZW12T2xpZmQwajJVUzdEcEpSdm91a3pUekZIeERIZjVDUnFsOWk0ZlJSL29kTVBwWTA2aWxRc3I3UUM2ZTdjWXY2RGNSaGJ4UWpsUDU3RVZYbTByVU9aYWh6YThmYUhxam5kWk5GZUtmaGN3amlNdFUyMFN5M3I2Y0tXWXBzTm9EMFVrbkNWNVAyRDdncVVEanBhL3EycXMwTFRPZHdDT1Y2M0MwaVdMOXZqRXRVSk1uMTE5dE13cUJjdjBqVmJaMGtudHUzcTZuZTU5SDVJM1RlNGJyMXBRWWNIZUFGYkZjbUpjUHR0MlBPZEJDNVZqSkJDdy8wNC8yQnZrNWlPaEd4bk51UTlzSjdveDBTVk9hcGZBYUtSTFpLUDFmQzNTSk5wSHplQmdySzQ2QUlVZVZ0RUZ1dHovZWJBYzBOblkwMURwS2QwbW9ta3o1Z3RMbDRleEZzSkxwS0YwMElhTldzZGNuZTJpam1vdWJ3d3FzMFE1Z3B3U2NBZzcyMkhDRDA0bXU5RnZmTFhCcWg4aUJyUk5oSDk2VEpJYzlwbEoxTFN3a3dpMXJwSko0N09QWTc5SHVBN1BBWnZKSWJoQ3B3dkFkTkhESmZVcHUzeVdoVXFXUFJ2YS9wR2pCQ3FtQVRQQnlEdG1HTXhGeVVkSVlXSnRhclRmZGpxZUJPZGRWRmpCZVpaZEZnYWlKcDR5SGpCMUhlQXRCajFpdUhicnhyZW0vMnErWll0NjlkeHlXSTZoaktVVSsvYkp4bitlbTFjajgzbnF1OXZXK1dKcjhiUGIvMVNlOWUwUmpXdHhsS3NJNjErdnU1ZEZ1U1RKbTJYWmkzTW1ER3pGRXdXeTVzRHZOa1lsSmp1ZEhwR01ENzliK3BqM1VsWmFNTk80cnNYeGc2cmFEbVRoM05WY3RYd1VlMEZVM0hLbzY1WG12VmN0K3A4Mi9Gelo1alB3bS9DU25qdU9OTklyVitudStLL29pdlY2VytHai9xdTk1NkZqQVZaVS9jL28xTndpRTNXQkJTVW9YTFJvaG90Zml0VmZqaFF2cll4WDd2MGdBaE9TTE5mMVpuU0tyOW0ySnh5Mk5tMzFUVGcvTkh5WTRjODM4dXd4ODIwY0F0TnB4QjFGQkoyR2pabC8rWVFONlZTV1BXTEExQ2pmZFJwK0ZWVlpJYkdxNWpnNWc5WXZqZEUrY2JOak9XaVNRdG5tZ2tZcTJSQURYMFcweDZobndJamhHcHZJNkVrYVR1eCs4Y3VlWXlRU2VQZzhCcFNWMzNGRnFyOUIzZkFydHpXU1crTzgxTXBYSlI4VWF2S2tPT2Q4emVvSVBoSGxMbktIcWZ5ZEtLL1dPVmxNNnFzT1BQdHFEWUpheDFLUnViMDJ1SGE5dUhyaTdwcWZrVDhtREJUQ0plL3RHUGd5Y0JrTmFRTVhlZGw0VE9jNnNlSk1KNmYyUy95dERTWHlweDQxTEgveG9hQVZib0RJNVpkajBFT0g5R3JQVDh4SlF1RVhnZHhqMDgzeHFtTWNqZWg4QkExNzkrandiRnpCOHUrNFE2RWxFYjJxQjRZMlUrSHpMUTd2ZSswMDdEN1BWVzE5dlFQbGlZNGtTaG83K2VwR2VQa2c5cFpXSmRNcmRjR1lsUzFrK2VyUWhVUWU1T0ZoNFZaUVVaRlpGaGNhbnR4aWJNMXJhQmtRSUt6K2lQbXJETVQxWXdsQ0Fpd1NpbDNFWEJITktqY212dU9XWEFQQkdFam1uZnVpWVBhZXp1UHY5MUtlcDB2Rm5NN0ozZ2F0MFFFRUtGTGVkcW8zS0JrbXpmUmdtc0R5eXNvM3pHNXFoRnU3L3l1biticUNVaXlXSU8vYUprZHYwSW9SSkUzTHhSRktYbGh0RkkvNytOcllFRXhkOE5FWVRmWjEraXdjVGpXQ1d4UVhLREFMTmU1UUI4dWU3WmNrTEhFYm5HZm1nTWhIam9pNVdjeTJxWTZHUVZIeDNvbWdqbWlnMUR1M3FmQnl4WVdZNURKZWxJUytNRHJ2T3VkRDRRd2pKV2orUkJUSENURjR4b2N3QmdmNE9mOUo2aFBOVEdSR2wyQzhBZUR2K1NOZ2pod2ExZHNtOUNUazFKaUcxRjJ2MmVSYnBjYUYxQVhxeWlkcGk3L0Y3NlFzNzBqM24vd1RqRkpGNGl3MG5QUXA1TkFBZFcxaWhJZllrOEZSMGRHSzFvbVpneCsyeTcvOUN4eXJyK05BUmxnQkllTTVQWkNBcXZsOTFTOGdiWmVhVGthQ28wN0FkOGhueEJsbDEzUjdRR01LRmFYRGc3Mnl1ckNpMGlHNXlNaEk3R1crcDg2QzlSa2lUaEo0MXdoUUFIbmdOTHRZTzVEZisxaG5RM3E5aXRTSW1ja05hQUhNTzlFUDNFaTNXa281dmRjY0lmcVhDNTVZbDdUZ1UrWnVzMGltUkZqZG9LTmo5dGRwRGlLdkFZV2lNcUl4L1BubTVkRGxmbWViaGp4cCs1Mjd3dkZQWWtwczZNZnN3eDVsVVZncFk0ZTA0Y3VPMGJ4SlpoOVN4T2ZGL1A3MitJUElwdTNhbmtwQ0dmc1dsYUFBeXVIelVIL1VlSnlZdUREWDNJbk1DZTViVkNWZWVxcmx5OElWdE9TV0hFOHNkRHlGaHVzeStIVGdKSE92KzBSTWp0Z2JvMXl3c0F5SXk1THNaQTY0aVR4VXlwYXBrRTgyTE9NY2F3MjFQQ3RLaTdYc2pnN1VBM3g1ZGpxZllLQ003VmdQYitkdG5NMjIxTVFQR3ZQRnNDamdPV2Irajg5TUJBVEE0STd4ZzhvempHSUdRTVRqYmtDcFllWkQxRG02NVlTNnA2MitZTGthZ1lSQTJldWJwK2x6SFRUdTF5L0dRTTgvdW1rcEpqL3cxaU9jUklnMXNVUStob3oyVFg2UWZXUmpvWm8xZjFEM2phUC9FM3ZsQU9tV1dwZGE2R25hRUtaa1Vkc3pmMnhJZmtJWWxiMnJyNXJDUUhGTWgyWE82T2tpQjFqZ0pBTWpFZXp2OFYxTHVVbzQ3T2R5M01TeVV3M1YyYVRHMldaRDg4bDhtUW1LcDFHUXc3M3BLK00rSDRYMDBDYTFGb1hiMkpQdWNWb2U2SlYwNHBRM3FYQ2twWGh5NXVKUytTN3dtb1VqZWJiRlFTaEhldWx2dzFlZTllZnliZzlyNjNwalNEb2pBdHNaQlNJWDFDc2NheGJudGlRVXVCNmw5VXpMcVdpcWNyTFRJKzQ4b1FaRXdKekhPTXVMK0hKV2haLzJFNDE2UktOd2tLZzViWjJCS2VWM0tERjdyWEkyazVQMGxUcGRudlZZVjN0NXhLY1JLdzhVR1dUSnhSZmxwSW5CQlFseW4xbjR5eHVISXVqS3hpQ2ZGT3RaYXhXbEtRTlZmRHFBVEt5M0JYcURSMFkxZzJBbUNZVHVRRHJPNU1Sak5YS3RQeVgwRzE3NDNNUkFZSEFsUERwWHRUZVZqK01EUjVESjBPVTI2WGYxSzRlZElnWkxXdm1JbEVoL0F6em9KNG55bkxPendqUjNaV2p0RVo3Q1czTldUai9Fc3B1cTlFeHY3Q3RUdnNCK0V2bkp1WE5rVWx4YU0ybUlSOVhOOXdiMzdxZUgydWo1MTR4ZXNlN2ozSWZWRDJNNEo3ZTByekJya2Z4L0xhL21MSUcraW9VdGljSm5GTzJTY0ZUaVZpTUJtVnZsUXhNZVp1bkdNTFVTSFBydXpTczZmejlrSTF6bGRJREVkMUEvUkxBMkdHYVV3RVlwUGNsQzhQNmNZTGUwdld0UGZCZG03WXZBNVRlZFVmdTNTdlpSVGV1bmt2eGtRRHdEaFNjWWFGUWJQZ3NvdXFrRzFEYXp2TDJwL0pISGFlcERGcFlaSTZialVCZmdrWGNYbUxMbS9lT3d5V3FvZW9VNUM5Vk5EWFI5UTBXUmZzV2wwak1rMWFOZnZSWGIxNVBlMTdGSWN1TWhHVlFlem9oNUZadDRsV3phNmk1a0YyRnB6Z3p5T2JHVzlUbXBYWkUwR3FycjV0UWVOa3FEM2F1UklXZ05ETVNqVVlMeWl4Wi9sVzVLbjg4SVk0R0Y0cUpZNG5TYVNaK3I2TTUxZ3dBM3RhTGpQVE5zZm85eHFXSEtKMiswM3hqRHBMMmI1cmlXVSt5OWJWRWMrUEZVajNhZU50L1pqc013TjNVdUJoOGM3a0JYL3BBN2pEYjdQQnIyZzNiZC92bEJDQ3VpUXRZVTlyY21EYjUxWmRDd0ErRzM3YXVYNWIyNXN3cEtBODh4ZTIwQVd2ZVN4T242a3UwSmdBYWNoTE4zWldqanhDUjk1SmNUYzluWkkwSy9zRWlseit1OG44dEsxTEpwZkdoQisxR0FHb1JzTEdpWC8yNldyMDR4WWMvczZLaHRmSXlhd1c0TWtWN09oU3I1UHNOS25KSEl2NU44TXpWQUp6TS9kbXJWMDhjUk15RXhLN1ptUmlWbndnYi9iQTZzVHgyTW1XOGJKeXY0Uys4RExTRk45QU40VndsM1ZBeVpONElDdk5pRUYxbTRMemlsN011ZmhXa0p5Q28vQ3FUc2dyMkpRWFQ4SEorQUNtQk9WT2Q5UTB0LzJVaVpMTkJpbEhCWDlRVU5Fdm5hSlplc0lMcDlEY0plUzhReVEzU3BkRUZqK3dFQklPRS9OT3p3ZXQ3L1V5Snlnc0packNjU0ZVUi9hOWRYUmtoK2F6eThWMituWjJMNnJCYXpveVM3RFRjaHp6N0ltbU5sZ0F3QzRYWVRrUnJSZXgvSUdFSTVMZldKNDE0clMrTmpsVzVybEgrV1hpM0dqeW9PT2N0L0tueC9LYjVldmdkQVdOZDVKeU9pc01hN0FjVGc5ek9WdGlqem04UzVvdTNJQ1dYZmNDbEY2a3FWRU1MdGFhVHBjSXpaRFYrL1ltanlxK3hOellFZzdlV2dCU01XeEhXcXhWQ0dRQnFaSFdNL2RvK2d3V2F1US84NXpyMHZWVjk4T0IrU25yMkRYdUd0enBmR1V4bDY5T0l3L0lTQTJXK2VqMkUzaXdIcUZ4aXJ1KzI5RndXWnhwaHRnQmdOcTJBSTBOMWJvVlA3OWFGR3h2WFgvdGV2VzhvbGtJQUh0Wlg0dEdYVVpuKzl1dG15dUt1dkVCakhvZDIrRmlyd0o0MXNsaGJNYWNHREZHdWhKcHlBeU5RZUVvV0ZtWllZaHVLUmdNa3Fuc3BjMGxNYUlDQ2M0TUZKcDhQWG9oMU52NWlrUHJSUGNnTTduNi9obVZ3TEN6dGgwWnQyRUFZMnZjSHBEcDZHa1ZrUmdrdlgwcDVSZ09CYS9mU283aXYzcFVHa1BUakdoT3lLTjV6RXZNK21iVG1IM21NQmkwMUNFWG96UHcxRElaVXV4OFY5eDZrVmVsTFNHV2NPcG9iMC96YkVSK2ZoODUyK0FSOGdGOVRiSTQvSW5hUmhkYWo1blc5cnNPb1NJcWRYQjRyNnRFV3pZdnlvSkZDY3BxQi9FMXpWd1M4RCtEUVJnbHBITlllTjNQUldLaHZIdU1zRzd3VjB2d3V0dE9KTmpiMi9YdDNKay8xR3dnVDBlSGhvWER6Zmt5ckx5Y09XeXhFWTBUbDRQQ1lwcmp4UVcrK0hvMWMrNE1IcGY3Y3A2KzV5dS80dzhGTUo0Wk8xL28vYVllaDFNeFc3QzliMFFnWnNHRjJXcitCTTlCQXM2bWFBMWMxUElGYlljNTBic1RPYVFSWDlEYzc0R2xqWjNBTW9wZTlOYmQzV0VFS0FhMDVvN2lwV1NmOE9jZ2RLYXE0b0FOK2E0YzVUb0YvajRGT293dnZQSEliZksreEtXeWVhRUhoUU5nbzV2bzBBSk80WFprV1JjNHZkL0pyYkZUMkpsRTJraXIrek13bzRpTGRoUm1FUnFvNWJNc09SNFNxZ3llNnpLNGpUWGZNS2pJSHFIbTJVTmJsRjJoempoT3F5c0FXU1hGbUkxS0R4ak5FYVo1MlJJZTN5VGtOdnd6VTFZUXNNQm9rRGhRQ0FSenRaYUhsNlQvSENmeVhMZlFXamJGdGpFUDAwSStaN3d0NHZWa0t5QVNYb2NJcU1lVXBSMTdNTWUzM3psZDBKUkFmMEQvMWRJQS93b2VnNVc5eE9HQ29OZlc4MFdRQW1RSm1nYWxXd0V6aEo0RzdvdHJibVlKQXpUaDBwQTlGMFd2OVVKQlRwcjU0TVZDL2I3YjBxamVnaEx0NkU1TTdyNFRLS3BpK3I1c1VRMndWYThtaFdRMzJKUHd2akZNSDNYb0JYOWFzWUNNY0dUNnZVcHBpYThOT2xMMkowYmtYYVBZVlYrcGVCSk1sb0cvOEF5VmU2TERVcUllZ2czMWFBc0RPSmtXUXlKWm9JckFnckdSeXRSeThpSk5WS3cyVUVpOWZOYTI2Qi9PNlcxcFlSS2pTekhrRkt5VDdDYVY5b0ErenRVMlNGMEQwbW5XWE5sekxWdVRLczZCMVkvcDNYTU9vd3ZNWEtaV0l0WGZYMFVaRnkyUU91ODYzaVJpa1lzd1pjQjB4d0hHeU5PV2o4MEhCbTFyNEs3eGdOV25KU2JJQmRqclhtMEpNOCtkRUhwZ1hLUkVkMndJMHgxTFBhUW9LZ0E4RTVIUyszTXBQYTlQRmJGNTFDWUVBZHdDUm5wMHhkdFkvczhlM1BpQlNKVVplUWhnYmZwSnhDS3k5UlFxWTE2dDI3NzB5UGs1elRvUk1icjR2NDJSME5rd1FoaVo1QklKOUF0Nko0bGlkL3lyZWVCMlNFQTZ1UkN3OFBFVjRpcU1JRS9sZ1YyenlPMlZHQ25MSjE0aldOZGI0ek1iU1d6Qjl4UWZlSHVWK2dWZHVCVVhYSEgzOTlCWTdqRmZKRnl6bkpqRjBEYWRLWEtZNzlKOHp4a3A2QTVtRnRrWkhmMGdPRW8vMmN6SlNScXpkRzVhUUVWdklJcHJqbHBkL05pTU1IYjhNUmFSbVl1MklmS2NkTEpCMlFRV3U1K3lDSXRhR2JxVE81M3RIYXJTSzRic3hJU0tBY1RIOFlsQnNVTXprMk5tRVdod0ZGRUNERXFrY2szcnh2ZXZiakNTOWQzMUR1cUlnWnJZSW8zWGNQaDZEOStDbFVIdEFHN1FySGFRcFpMalo1R0NhZVhmMWZQcnB1TWNNNHViUlN5eGMrWGhPN1FDSUU0a2VJOFV1NFBwUlFlU1lZYk1pNEZyNmpFY3lNY0RmaGlrS2t2bHFaeEZBRWhCOHJhM1U3MUNFc1YyVnV0bC95QkgwNmFMdWwzZE1Ka0hBbktLSDdyQ1YxajdlbktVckZQQ1gyRGlJejJtOHVHZXliaUs1L0N1VVorQlpvaFBZbjZIejZPd1hlaTFWVWZxbU9qT2Q4VXlaTWZZSTBzTHlHaVl4VkxPaHNMR0xhWDBWSmFianY1aGxEbnVIZ0FrV0R1L0ZRZ0JLWFNjcWNtUjUzSnlKOWdHYURIQlIwQzdsaStHdlAvRW10WUhJV2tmSGVyZXhrUUlIRGJHTHFVV25HRHdoZ0JkbWswVGNicGErZTJpN3dIOElkNExnS09qMlJCbHozVUx4Z2Q0UG44Zzlmd1QxMnNKWkxvQWJLK2g4YWUyM0R2TnRuSS9Yd3hEVVBITzIyclpWN3JjWE5OYVRtNVpaVmJJTWdKaVA1SkJPT3Q4ZHRtL3ZhT1MrdDRWa3FHMEVFY2tBNHhzY1JIc1NHcS9KdzBkODhaUkthcWJaS1FqZEptZEFrQ2o4UjREaXZtaHpVL3dVTTgzckFLekpydmUvQ1lJbVRUOUlvOE03Y2hkNkV6aTBNVjVTUDAxM1F5dWdkYlUwOExkNUN3aEVrNU5XcksvbUNUY1F1bmhaRW94ek5oM1lZL0JITll4TlNpemJJV2NEZ0tSd1JMNVdNRkQ4RStMSHpBQytSa2xQYnlaTkVaWlNhalR0K1N2SndSZEhYMEZNbXAyTCs3dU5JZWUrdkJCcXY2eERNc2ZQcEVEeDRrYlM0bGtOQ2xlTW8zeWc1VmZZSEJ2VmoyRjR4eUlnRWJwM2NuSnV6cThHTnVtdWF4R0NGZUpIRnFxSjZoNXI1OWVZWGhtZVA1RXlMcTRmSk9uaklMdERQZEJNTCtaVEhzVVJha2Zmdkh1MEVib09MdnlBMnZXaTg2cTYyKzZHUkoydUhoNTJ2QStXZ2hMT3JoaURiQVA2YzJLa3AxTTdUdmdkTGtaTzNlRFE0YVUvdEVaRm5ua21CamNVWjJRQ2RaMFJaQ3ZKUGozNUtRUFV2aVc2YTdKS2FVci9TNFNSaWR5NkpMMmxpV1VqMGVhQm5yYUdTSSs3MFFrejFnWW9Fdm5IR2dtVnZsbzBSQlUzK1BMSGY1SkpQSXBPL2ViREs4TXRwczFvUmVOZHRoQks3RnNleVBSckhQTmFMeEt1QUxyYmVFMFV6ektKbHZxTk05M1EyMEpFUjFielBrYXM2b014T09xV2FxdXFVcXRkNmg4ZFVaWEVBNXQyVUxpZXVjKzM2VG9WbW1VOUhySklidFVYYWFFc3Y5dWYzNEJRN2Z6TUV4ZWVrNEZrVWgzM2ZiaTJFK2ZxWE9vazZaVkdtMmtNRVJzKzRNS0s1NDd6d3F5VEF1cW16RndQbEZpSTRoaGZuS1RLdmU0QmJVQ0VzUUxlTVg1QkVhUzk2cDJIRjRyb0ZmTkMyNzhQb0lTRjV2U011TVlaT3lpVnBualJlL08vQlY0UjE3WWM5NlYxWndWMlhyTnhtN1VLT0V6aXBMNVpiaUFWT2QwcWZZanFNRWJUVGJUZnVLK3FlWWNKMUZkVHpvNW81R09SMElQanRRakdrNy9zeFdkbW5WRldaK1E3QVcvMnRMRGV6THVCMXhJeUhlWVVud2Fyb3hSWXdRZ0IrYVkvZE80UmJuSTFCSERKdXFRSUVQZFlCdlZBNll6MkhVOWlPWm95bDhUdXN4VzgyY0hyam54Z2dzL0RHRUd6VzJHTjhCcElmKzlKZHQ1TjlrQkFUTEphUjhHRE0zdEZTVi8yK1hxMnZPZWpmWWpWaGpnenlVYjIvWUFUcy9KZmx2bjFHK2s5aSsvTkMyVDVDbnhZM00rN3VQUnIvV2NIVUpIbHZsSDZYdDlQNUNVblVPOWdsK0pZMmZKL3QxYnUyUFdJdjFHcW1GZytrdlBJbWNrdC9nQjhsN3liS1RiaGM3TmlCeEJCSVFkb3ZlajhhQ204SDJTaWJuWTErSzR5TUIwbENKT2lxSnJJZmJORUVKVzhudTdyYmNEV3J1ckJJb3QrOHFEMlQwRndIYWRDNXdzb040OG5oRE9DYmZyR2R4c2JrMm5QRFA3L0RXZFRhV0VINFNKTDNBRkRXUUFaUmlkZDBVaXl6OU9KYkNndVd3QnJzaHo5dVNmVWgwRi9sS2ttT3U4T2JOcGNLcEdXY0IxQWpLZDlocUIxVjBWYUc1bWJGQzVDSDFjeDVQTU14bFZaeUZlTzllL3Z6aDFJMXlvK2xNWVY2aXphMlBiWHNhSG5oSUNyaCtITlhXT29WV0RoTkkxYVExUlhqanRIZnQ1eDZmaDNjNTU1OGJWMzFidzRiZXE3aFFjWmdhNnlGQithTUdWMi9pZUx4U2x0aTUwaVVCVHozSjJ0WGpENXpIZ3FESnBHVThEL29IaGxPZ09VNWFEWHRpSWl5TFhDdUxlV1F0MGl5T2ZjM0QreE9zRy9lQWdlYkJ2RXZkOEEreFVTNzUvTENnWmloTEdSbXNFNnorZnFybGp5OHBNcDQrM0Z5a0pJeHdGd0NiWklxVDRmdGNtYTFFVXNpYmo3RmVRUWVONEozUzZpbDR5ZmE4c3B3SzA5OWVscW1EWkpTYnh1enFKTzhYVzB3UzNhdjAwNml1ZS9PUWNWdko2NjRnZXJxUm13SGVNNkxMRHhFVkJhZVVsRkNEK3E4SzZKSmtqL0xZNE9FUEdjMUx0MWZSbkdnUVpPR0lzcktqYnlxa0o1bW5FdGJzWWU4bnFZbmkrck52UkRyaGt5SENreDRtOXZCaG1PdDBRcVVnQVNHUUFwS1NWR0FWWDRZeTdNcUJNLzhzQ0Y3UWtBakxFQ1U4TVFWenNEb285OHJ6TUdsK0xOdEIvOXRDM25rMWswVHVMSVluZXdTMjdod2g5MnI0T3NxSjRIOHhjL29INVVXRk1rMGRPV0RSVzRFd2tuMGl0TE15RzJkbzJYaXRqc0duTkJ1NWUzdFpxK0orV09iNUNFeEx0Y2thaEpvUDBibEd6SEpXOUVsRG9xUHlGTTJjd1cybXdEV0hNRm9NdzJ4d2p0Ynd1cnc3bllsT2Y0L2dwTjBFRXpzY0VQK3QvV1NUNExuUFJ4ZHdmR05yRmpoaUdPWlVjRVdzTmdaMzBGbldKZFE5Ky94M3pFNW03Yk0yZ000ZkxsVTdINFJSYk85WGpSME0rOE1FN3MrS01kbEw5VUxxa21hYklNYm0zN3ZwbVFUOWxkdTI1SHJTS1QzVHlFakU1ZVZvSTRBR0lDcVFEWWd6NnJyd2FlNjREalhMSjRyT0pjVnFCaUg4RlhTVkhIN3p4TFFNbWNlemJMa2JVZHh2MHNKTS83Q2UxZkR2U0U3MTRBWU5ySFZLSkZVVnFROENHaGJEUllUSnpnVnFoWnBISnQrbnNnN0pWWnhEQW1EMVdnNU1oZE1Bd3FsdStkRnZweFJWOXhPSkErZ2lBTXJ0WGI1MEg5Q3NqaUJoK0JQOVVxK25oMzFVMm9idGk0NXUzZm1VTHF5d2FJS294MzVyWFZNZGJxbk4rMEJMVEt5VzJRSWVQMG83Mlg0bWN5amVkenptQkpZdGx6a3FpcDdDaFh0UDF3VUNISXZFUlpXdDhGYUg1dGI4TVA3cWxleTRmMVhrcUtsOC9neS9vVHV5NHI3Y2QyK25NZG9DajliVytZVlZ6Ry9pMm1wVk1kZFY4d1BzNEluVUVWaWd3cnN5VFY2RUk2WldBUTNzNEIyRGtlVWszbnR0M2laNlpkRUVIbDVMMDRGSTRQNTVRY0ROeVRSc1B3MHNvZEp6N2RiVDFzOFZrYnU0ZTR2NGRpNjFvSVcvaXNSMHdpSEZaV011UFBlWlpRV1ZKeVlVNjJNaEJTQ25nZnRWT0hiOXk4Mmx6SG5tRWcrbGE3c0xicFQrOVorSTlZbTJnY2EwbVI4OGM1MXZoVDJ0SUh6K2FtNm9aNXZUZktOMHJnQmlBcW56Kzd5YWhualY4ck4xaEVZeDNOTUdJL0JwbUFKdmZFQ0sxcmJMZ3JRVDFiT1hYMktpcWVpS2plN1BaVzlPYXVqTUdwMllNY3k5MXJpRitaNko3TVUvaUEyVFV4SWtjUUdCRjdFM2lYTXM5d1BuNlNMekQ4ZmdZaHFCTDQyTU1MeXNWRXQwNS8xY0tRSTl1YmV5SkNyVlFBVHhHdFYvaGxabEJLVGNGbXdWN09VODJ4Q0podjRGcGxkUEtLbDhKampRVjFBTmZJanNFWlBGejJ3M3JBZEdsbHR0MVMyVVF3aHMvZ1BGWTY1VnpEalI2T2kvSHVWbkovcGYxbk5HSFVwQXBiNTUyeEFNcUg1dzhFSTZHYVIyRFJIelRvNGhvOU5OeGVHN3JWRzhFVEwxV3BqT2w5amFORDlkeHgwcUhoWU9YUGVvTm1wcXBydjI1UFcwU09XT0h6MWN1algxM3dLTFBHaFpuTjk5NFBLZlB6S1IvNHBCUm1IZWFZdHFrU080WG4yNXVEMHlxK3BJSEdybGN0TlUyVWFNNGZ5ZytlNkNuV08xUjZOMjNsNktZRkwvU1NpQjV3dzVHNHhhVi8zeXJLZVh4RmJYNW41ZXZxZC9iRDhjdnh6UGFiOHZYeWovV1Q0NzNqaWVwajFMSG5BNi80MG5sMzlzUURYdVlKYUQ5cm9KNzRsckoxYkk4VVVZZGVzenpVMmlYVkxVM1pyZXZwS3cxYWFtNnpib1lEUVNNZHA5aDJEeDRMNGtvVmxrZjlaZmpuL2VCelNqNnZGYzVUaUdWckZHTU4wS2dlUmNSdlY2b1FiNTBxL0h1ZEJhZlRaV3VQcTRqMURLYzhmR3JGd1U5V2UzNkFpK2hHWmpHYnBGMlNZVE1hVzJpeElNZUZ5cmVFV1BjaC9GMFlXWW5VcVg5ei9BSnZtYmdvKzFDUUx0U1ZRd0s5OFJ0dlJKWU5kKzB1Rzh1cVJIc250U2JZdlJ2TlJFZEZGb1krQjdWdytBVWcvODZFcStJSXVuL0xEY0JnbjlYQUttQWdhTGcybEN3RzhFelpjOXJyM2JUTlAvSmZoWTJSWkV6ck10T1pRSFZtMlRvY0NCb0RpdFZJQlJtYkV1ZUpHcGNxZVZvdGY1SzVpZEdKOFZVQVA4T1gwL2VqTUpYbFQwSjJvaHdHL2VQM0oxS3hyR2pDbVQ0ZDhMaE94UnFhRXFYOVRxQ3U5Ym9YR1pSYm1YS1Y4a2Y0ajdYelAzbUtUUFlkNnQyN3Bxays3Ym5DME1tb2xzaDY2citjWTVmZTBwZ2pWNHhoVVVLMHphdXp6YUlqOWVNYmc3MWZjMG9VbHZ3RkR5d3RyTTl5MnpPRkVRNXY2R1hsd3lud3RxVmN2R3llUDJwdnRVanJtamx5aUhGZkxpcUVYVjNCOW9ZQXJxTlhacWp4NXV1aE9BVjVCQUlKZWdZbk0xeFgwSWdzdHdKY1dDbEptN1hTb0xJVldaOTRuaFd1ZHJSamxFOUFLMDlXOEVLb2lKYkJYV3BaMGRsaUU5TDZKVm1CL0s4OVFPSExxWHdWTlRDdnJlL3l4MDFCNFVLN3R1SUhzMzM0RWEyNFMweVIzR2wycDBjN05yMWFmdUUrNjNTZExzS0ZpbThnOWxkTkYvZCthN1hKRHY1amVxNmdXRmErV2t5c1JaU1N6RG5qN3YwbEFBOTlnSktNYjJjTjQvMXRDME8yYllYaVVWZ2J6NjMrbzljS3FaVFhFaFRDZFNKSC9EVWlCM216enB6MVRPWFVuYVRPQnFoWkJwK0VtSmFPdlNGcHh5R1BkV1NTU0ZWVEJJTlM1QzI3MGw4MjRhKzVYVE9ZSTEyR2tTcThtdzFQVHRiSkxZSXJWUGlTVUNlRkh1amM1QkJJMHpRZHM3SU1OS2I4NXpaTVlrLzRCSzBOUnJMRmxCQXJ4WnBiMlpWZ3Iwd0l5M2lQT1JhNGRWbDNFV1A5VnNHTEZyVXZFUThDWlJVVHJqbVRXNkxWdXNnUU5LSFZmeEdBUHZJcEZBcFZIQ1JSeEFsUVA2RXRNMlFJMldNQXVCcFJFaUlraGFWNllrQXoyL3ozSGx1bkJ6OUgvQVNBY0RobVM1Q3RDN3FmSXFqNk5zZ1ZGVjNWL0JyQ0p6TDVybVpPTVhBWTRmTE1lQUZza2VFU0VGRy9GbG8wZEJFcTd6L0o2bkF1Z29yYUJ1em9BbjA0Tk1XR2ZjVmpYYmtyOFR3SXRvNXR3ZVNxUGlCa29reEI0ZVdJc3RTNnQzOC9XOTB6RDMwOHdqTnkwRStCRmY5bHR1Z0dYT3gxbEdYUGpycE5nbjMzTk9wdXZrNVU5bnJWMEkrUnpKbDJxRUIyTW9IVlZxd0xLOGpaOUJTSTJnenR6QTE4RG1vMXVPSUV6bGtoOGVIeXl2djNYQWhkazRhUFhpMkZXSlpzdHFmd3hob2xvRkpHT0Z2bFJjVEVkYUZCN1ZPY21MbjBoQ2EyNkc4QUJyWFgyR0hCa1UvcmRKVFhMMGZDditmZi9ncms1eWNjYkdJLzN1bGxucDh5RktQQ083UWNnZ3daaUdXYUwvRURvQ3pjRTNnWjN4aG1xWVhIam5KOVdJYndZeVJtaVVHaHNSMCtJOGJLdEZCajFXc2V1MzRBSjVTU0tjUTZmVENZRzJ6U3RCRzJmdDMyL2ZQU2F4TjdERzZaYjhWT1lzOUlRVm9MNytCMWpTUkJNZEJYYnNJdVh2WlAzdENNdGFHQktPenlieXExRkphYy9NVzI2ZzE1UHQ4RXpMcmU0R1h5eXI3aE9PbUY0MFVOMkptRnp4VnVGMGZyV1kyeVNsSlh5NE1UYzUzMXFXT3BYTU5LNkNERGpaU21GL09ORmxkbExBS0lwUFF0Uyt6Vm9Ya29GbDl5VUtpaVBtMVNkOHE1a0o5SW80REIvMTZSZFI0M3FDc3hMVkNZa0hZaGdWRzVZclU0UDgzRW0zOWg1R1dhR2dHS0wwM2FUdVpHZnNZbnRleHpYMWVUMGtKLzFjTDRmemswSGJFN3FXMCtjN1cwWER6Vm5LU05sS0JIcHJYTUhMYjg4MVY1aTZWQjJtTUdvdVQxOW00cEFSSUtEdWNScG55Rjh6cWRCM09zVlhxZ3VHdlplN1JQUkxrR0hBZjlGTTNYYThZanpEQkY4azVKOGpEaDZyd0FDcXJMTStOaXpjYnBEdVpTenNxMllmTERFbHdKWVRleG12RHRHUER5ODdYUld5Zjh1UnJtVU1ranA1N05JVVgvRUt2OTd3akpod3pabWFyQ3ROYjVCWVlQd3pIUFkvY0xVQWRoVlorY1crY2JJRE5VM0JueWJwdTlyM0doclI4QUhzL2FGMTNCK3c5MmVRaFJ4dVFoZWVqTG5JaVFvK3FqcEZWNGdWb0U5ZkczamFyVGFDbUUxdkt6dHlTSmdWYWJHL2swMVAySG1BcGR5aDNUOCtHWi9Nb2VYT3NSR0ZmTEdkOHQ3T3VGUDdjWk1nK3d3RnIvYmxBbldxRmFmUUFITUkyT2lRMDEyS1VjM0dZVHJRWnpPZ1hNMHJkenpmMUF4MzF1TTZwdGFmUEJLWkhDOE8xOXYvd3BhVGFQVzlUOCtkLzNsOUtFMlRwTmNpUHlyZGU0RFBIRzlKcm9BZ0tSWTYwU0hzSUZEL2xxRnNyM3FHdjZ2TXJXMlJHWURvSmJQWVF5Z294OHJoZ0QzK0R4Skw5MDM0WVNIa0NSM2lVeDhoV3ViS2VmQVhKQWo5RkV2MElQeGVMaEZ6djl4elRwTWxYSWdrWGFyT245dnZ0d1RadHhBMUR6OC9nNysyRDdZa25DVXBLSnptcXV0UFliMDZ6b01KSnpUcHgrSGloYVE2Q05NTEhZS05mSHRJaWlRWTBrdm02R2IxdVhrRnMzdEtxemNqa2s4a3RFNnlzQW5IVHhHYmJsczgvakg2cFpqZ0pwcmY1WXUxaEhJQTdqK1dwY2NQYUFmdDFRcnF2SFozSlFNbnQ3bHpIUlFWcUVGM1dTWTArVGxpN3hwMkp3WXdVREZiblg5ZW9nQ1EwblY5STZSZWVBN1BjK3plQzRCZWdxS1FKWnhVUDhqVEZhMTc2VWdFRzJBSkkwcjJYeVBiZzBMdlBKNzhJZmowVWRoc3U2elo5MHVLUmZSNEJ1TTRwaUgzd0FyYW5mRDBRbVVBb1BnSzRlMUd4SytnSzBaaVlDU1pTNzhGNUxHcDhDRFI0OG5oaUowSTNSb0JoREhzVnlCblNkTCtWNmxWQWFLWFk3Q3FVSzMxVFF2akd1eiszcGh2bm9IMk8wQzlRRWZPWnlINXRnQTJQb2V4cE5oVlFxWnE3WGdibFRKc3pZTlEwZlNNNVdraUhRZTZodkN0OTlzd01ISHVxZ1BNczlMc1FXOVJOWVQvS3lwYTBCNithSkxlOWE3VXFGSXdMNDhJVnIzSk5pcHVKelY2dC94STU4RVV2aUxKM2RXOWFlcGdVS2tBbk9iblJPdS94TXJ6NHgyL081Wnl1YjJjM2FoVExSbHZyVlZabm8yVFhkckJ0YTV5aWtYd01GSVN4WTRvb2NneCtkL3h2bFJ5c2kvQmhxR2M2Ui8vM1IvcmIxY1Vtd2lOTStDcGhsRVJhZGVadGdoYWF6VzVqSk02QW93M0Y2U3cwbVM1MGxDa1Z1eDdoUlcxVWNYRDduNm9WS204Y2tWR1NPNE1wNnREd2JJWDVGYU1XZVlUZjRTOVE1ZWhlSGZiZUpqL2NKckdidDhzL0ZSNGNpRVVvTjZWekNPUkJPMWxRcnlOVnJPd2ZzamxWdUVTU1ovZUdaa1U3N1BPL284UUZMNVlKZ0RyeGdHMW5PbU1heVhLUndKcGVQUEw5eU5jQ0FpcnhPZE9Zd3hHRWw5N0o5SE9pRlBQK05hNVRFeXM1V0FIM1ovcmw4MUI3Nm5qVTAxVGlpdzhlZHEzUk1nWE5OamNabjcyNHR3ZTZSazFYOUNvSHlIMTFqS2paaXZKVE1scFk5dm0vbHQ4a2JlNVpNaVFxZzBVYlBtMm4wNDBRN0RmbTMrQXBvTjJqSVVsZGFSNkNJVWFnTFZXL0ZZODd4TElDcXZFY2I2Zko5ZjMxVHlPeTlkZ1N1Nk5JZHk1R3ppamRHYWtUaG1hUXJ0Y2xpR29qeUJNSzF0WFJoOHBjUXJSdlZKNnZGTDJVNzdhdVk0ZHNSck9nWDVMeDZCUkFOS3lnaXZURGtrbUd4cnBTUlFGVGpOVFdhY0xDaGNpSGxZZXBUc3RGZXBjR2lybkJUOStIN0pPdGJWRm1LRHhWWDZIdW55QVZRdVl5S2FtZDBydVpRQ3pKc0tnTHEwTC8xU0dObTFaZDIrSUVsUGRueUZQVUsyYUt4ZWNpR0hscy9oUzdhenE2R0FvZWxmUUxkUkhzdktCL3Q2THhwY1lPWGxzcGxDNzhpWWY2K2VUaXA3UWZjMlpmbUtMdm42a1p0RUZmcGlIMGlIVDNqQ1JURjVPQ05DM2h5V0c5WW1hTUhPZE5lMEkxa044Z1BlcUZudnY1SlZTaVVacEdHRzI4WllWRkgyMUdRRk9pNWY4QlVwWjdUd2s5ZUx4YzhMVGI2c3c3d2VmTlJzbG41U0Z4SEFQdzQ5dWc4V3RYMVkwWDBER0xiVTdYVkoxelU2UnNZNldBNnp6NnUxRTNEVGhyYjllaGNHZXRIN2hhcTdNT1pCSGRSZWQzUU9zeTBNMUN5MWVRMlhIZ0xkYVEyb0Q0eWVUdDVrbXUzQjlWYTFoSGxCQjZPZjJDWWQrcDJiNC81KzRrcUtMaDZIUjFmWjFRLzgxa0htSk00ZUtLZUFRNE9wVUdZZTVsU0ZwMHhnbTFxb0NhSHBxZko0VlZPYjQ5RVZKNkRocnBUb1NTWHlLK05FMUFtV1RJVjNJOFFGOEFka1JtSmZ2a2pDL2pKOHZJTDJKaWltV0d6STJnMG1kMmUvNUlWQzBpMGRqUVZFZFFoYUhQajlwREw0aHR1RzFHQ1ZMQnZHakRMRmxhZGFDQ3Z2ZDZsNFZiWUI5L2UyOVl4bzdFWDN5YTJCaGY1MWdZWnlnQkdWYXdyQ2hYZ3JDd2NObUdMZ3k1NzFWcjJabTVvVWxCbU40VURIUFNyVjNkcUg4ZWNUaXR6MW41cEgrUGtFQ0tGaGp4N1VtSlZadVl4RklJNW9TWHVGd29FbERJSjZEeFY5bmU5c0NYWEhLbjBUVGo1TGRsK0ptYS9vWkNreEV0UG5mZ2xLdk9GeXB4bEdKcGppcFlMVU9FTEN4a1pCRjRkWmlwOVB3QjNVekVpdGtneEZOQXZvbTFTczZlUUtsUDF6UHZzcWhQc2FvK3lNT2txWDBLM21TRytlM0k1MTJZOUduNlFCaUYrVWFENC94MkMzRjJzblA1a0NzdHVBZDRQbURkU1I5dFBkdkhqbWQ4WG4rNFora0lOQW54YjI2cFhIdE5OYWpXcExiMjk4ODRCUDgyQXh6MWNOUVBWdGlSNXI1WXoyOXRYcklINndXQ0pzRVNPSm9XK1ZIeStZbFNwOXNWVFhyOHZhb3RENmpHVFhVejQxNEdYSVFDbURPdjErMnd0Skc4UTNieXllakxDR0NBNnJIMVF3cndmWFRJaCtoblhDV1Zvd29DOWY2UGJsRzdtUGNnOWpBY3Q4aTRMUjZNRWJqZXJYQy8xOFdZZUNPTnYzclFPTHBzVXF4dG44Z3Q3cEhrRThHZmhjbXBmZ1hmbkdtZ2VtR3EwbC9Edko2UFg3ZDFTcUk4WVM5YzJ2MnpmZFNaSTBxdVlaNWt6SXpCNlQyNDIvSDlBRi9PMWMzVytTYnMrbGM2RzRGTlR6YkZLQkhEbzdpT3dJTFBEcnA4ZEJ2UEVVME1NSlpzV3JTeTdTVWdDM2p2ODZ2WXFHZ1hVOENkcU9KNzQ3U1BmUjZtL0VHSGVKajM4bGMzaC9tOUhEMXhxM2RQb29MUWFhM1lnbXFzdGVOR3BEWHhYSnJ5WndWRThaU0xIV3ZYZEhxTW10SEptOE9mYTlTekJIaXlNeDUxTmNtV2NjUjBNclNTV0Z3SXRXTE1mSGVUaTRmemZuL2pXbTlzRnFnSEZWTkZhZzBvV1FMc2JlcVFpdVFoMmNHMDNrRGJUTDdjRGw1dFJVelF2M2o1UHFTRnpPU1R6ODBPVXFPYnlwU05sNEEvS3o0OVgydG5kSDZweEFxL2hjRzFKb2VwRnk1YTduNjNCN0laYktYcHN3RFYwNDZUaXVyRHFNN21vVG1IQnZhblVxQVBQeWY4dnExZ2l6UWdyUFIwZnZMeUtXY0pndXI3UmlEWHc4TkdJMmxOUnlNQnVkNVZIRm12ekU0UUVoOE9jZm9mVEtucU1RQXd3Mm1XcWJiMU5GRE85Zk13K2Zwb3FqaUdqalJYamlJakRtV0JrbXZXQ1NPeFhQZHdRM2FFSE5PQWpLQWpvS2NLTEVrL1hQVEg0YUVpcGJVQ2FiZ3FRZWhmdlVUVU80Q0VoSkdBREhZSWdCWGhzcWN3b2NyVVJJViswVkkyelJ6QjlvMGpnZ2x1QkI3WDJkWXhtRVozL0FmaDFlWEpITWVSWE1ZU2EwMHV6TkdwV1haZU1nV3FSbmVPQktMTUhPWUFrQTRsSk16U2djMTllZFpQMVkvRWVTT3UxL0JzV3FBNU1EUFY1dVRkYmNDRDlmbWhCMjZMb0tIY1ExRUk4emVmbzY4MkxGZWxvMlAxbEJucFBWMFBCSWlxWWU2cXdueW8yNDVFN01nT3RIZXYwdWNRdVR3UUgvZW51SHZ5cW03bVVYSS9qNXZhUzViMjM5SVhEYlU5M2dHc2pDRlFrR3c1NE12b2FQWndPMFFRT05qTXVDMjlkSG0rc2NQaWxTaC84dHZ4TnpjQWQvNTdNdTF0em02VThFWUMrUDI4THRXY3c1c3hudlJUaVplS1pRUHB6b0FWR2R4alMza0tlc2xHQUhPMTlDU2oyaUlGay9pODFQL0VEUUpIUTBURk8rNEhPUnRDVlgvYnRYWVVqMUpsQXYxbXFyQ3QzMG1nSGlHM3UvbUU3bDhGbW1wNndQajg0OC9BSHhEekp5MEZ0M0k3ZytiWnRscmNNSHgrU09tUU1WMzdKd24wdlF6VklkWXNQTDZxQlZ6RXkraDBJNXlzd1lMeUN2NFpoU1ZHS0R4U2hnQkxhdVlNdWZCQTEzNVRaVkQzblZKVStxVHY3WVNIQWhoTFhUOUIrZXY0TExwNEJYRDBKL1pNKzJkQkl4bFlpamZacUdGZGRNNkN5RG1nbk9jNGd5QklKblp5eHhCK0wxYnNUdndlK3hwSlpQbCtOYmk3ejNmd2NDWTFqZy9VWk9vS1NYbGt6aTZucVRQZUFBb1hzc0ZKYk9Id051dGR1eG9KcWUyZHpDOXBSa2thdHRYMEE5bmwwNXR5U2V1WWo2VWtaYXJ0cjczb3pjaVYrYWllMnZOTzh5Z2Q1RTA1NTdmZDI2cmdBanRVcG8zYjNQL3ZWM25aTVVsRHRMa3crMUNQWi9HWlBDdmhmdmNRTTNDZUxNNENabnpnQzI5c1FNVXp0NXJCUVk0bDNxRjhESm1LZnpVaTNDS3FOOTVpWHJRbUplQTNna21Wek95K2JKUTZCaXNFWFlPU3JtYndLNCtQajJDL0RCdEZOUzBwb29XZEJRVW1kdFFCRVVrMDN1WExybHlMSGU0bDFBQWc5ZFVOZlhyMTV0VFhudEtDSEhSVjRNanZyZ04zdHFpdHFNc0RieDh5VmhaTUdvL0RibDJVdVo1ZHlUSWI0Q3RCNVUvUHBGL0NwdC9UcUwvWkdONjd6WFVKcXdQU1FtenpGSDhNdnZncmc1R1pYQjNqWmR0dldYYVRJSG1Na2IxUEppVDhiY201Zy9jVDRZV2FTY00wNVp4T1pFV1VTYlJWSFEySE9RQTRSOUVtclgxRTZ3WUxLakY4MlRReFNyVGRFWkk4Y2wyK2xCVlRTWjZrWWxWOHJYcmhoSCtUNEk5QmxjTEFacklwclhTOFZTRkRXU3IxTW1BKzk5cGZ5azg3anR0M2djU1ltOU1EMHl3QXZZQ1JlRkgwZlNJT1JTTklDbTN5cEVVdFVtelk1WXd6Rm5kdXpXbStwTWU3OFl5SFozNzVFN0xGRHhiMTVrR3dWYUk0VG1JSUxEVUtIQ0kzdjErckZwUVJlWUxQZ1ZsRENkYk5aQ0E3ZUozVU50WXVkRG9IeS8zMmJIV1JJNElnbm1MUTloY2RjNW9CNUFZSElndG9OcTk3cG9KY1p4QTZYSUlWdmxHZTdZMjc5ZEQ0TUsxNkwwcHZJVGxRSmJ0Z1IvVWRUKzJFWjNSbHVCdDgwaDdSVWxrRm1VaW12T2dpU3JMWVllS1Yvd0pqd2R2eXRzSVc1SzdwS3FwcFBMSHJUaWFBRnU5V2FQVG1pcnpPZ1NPWWpiYUxvSDRTbC9RWHpLalhIdjlBck1OVVJ1ajFxSlpQYVBvRjdoUFVMa0luL2t0TTdBaXRiMGtWQ09FeEVCZ1RXTDFNZUIvcjZZRGI2S2dGTlV1dHhRa1lzUnQ3ek5pR1YxMWUzMzgraXAwclF6L0VoWU9PWVRwTWFpNHRkUlNtR1pVYTlWZm9heW9HM2ZnRzA1aFNhN1QwcFpDRjA4TmtaUVl2NXJTME1keldWcUxoV3Q4NkhuS21Ib01rcWxzcnNVQi9yRnRyMzRjTnpxYWxBMXl2a0EwZDJCa05sYU1UMkJDcnA1MXdNQll2OXZTSEdKck9CNVBFdVZia2lJRm81UEFzWVlHdC9GTVpXYzJlZ2lyRzg5L3pQOTk4ZENqRU03TUZhZ0MxcEQveGNUT2o1OXpRYnBtOW1HVE1Nem11UGVsZnFaRGc5QmludTdPUWZTSFVmcDRkZm5ldDdsbms4cSs1VkRWUlYrQTFnS1NHYk11eDdsRTJuSVlaMHFhMGJ6cE5EOUVTQmZqLzk3akV5bUgzc2Z3eHVxTlB3ZDVVZ2RjL2dIRHJQaHk2QUZkKzRjNmtaRE9QUlVQOVVNenFYbW5iM0c2MVo4OENvN3V3MCs1QVVsMmhoU0VhSHhCNVI2dFBkaEZhMlVpM3o2NFJnTDdoUU5VSmlZRnRrWVRhQ1d0UnpuNXVaSTUrelNXVU53ZGRpa0djM1B5OCtmd25zb2crL1c0enByMnNoS05XRkI1RFhDRVRzc2ZjZE5yOFNsRXRRL1AzSy8ybEFubXF5SlNRR1pUZ2R6SDlVbllJNmhTTVFpUHdGbUdLMnJ6RngwQklBenBWUHYrNjBSNmZ3bFZrSHBjYlFORkdhWWx0bERIbGhyNUVFR2F5TjlvMElOMy83UElINUh0cE1wNU5CaWtKN1duUHl6V2ZhN2FYQjR4RFRCdkY2bGhvWFZmV3NyTWpmZkp2VU9aOHlHRnk0Nkp6Wlk3S3BSMTdDdVIwdHVCa2FoOVdJeVA4SCthMWxiejkwcXpaenFlSkExcHpZdlBWSGFtTUVuNlhaZFNudFhZbWF1OG5sbE1HVmlSSUx1YktKK0F1OEVJWnM2MUplWGVCVVdvTnRsYUFiaFBIWWlVYTAvVGtYbExucUo1MW51aHlCaFpXUzVBRmpUVEVHSHA3VnB0cTAxM3NoRUhBSEhtRSttZVBxdm9iY0JBbEVnNFluUTNoZUxzSEk1am9EamZtY3ZOUk1ScDdEalRvTXZBS3ZZTGNpT3FySUhEMmVkWmdwd0kvcXNESVBtNFljMXpHNU42djRLZmYzTDErQmdCV3Roc0VaSVVMa0NNSXBPTWkzb2lPdVVHK0JLU0E3TjJ4UU1PeEtRSklVRFhxUVNLVmFNY3V3TlhtZlhmVXVIQ0R1SWJEclBZV2VFL2l5YS93T3FmSkp5T05VeUFIekIzWnJUYnBBL05PY0JsUDhIdllPeUxTU1NNVHFTZ2FlYzh0Y0tDVVhHTFVYN29XQmxoeG9NL2dpVUkzNVY5MGwyRlZtMHBrZW9MU0JaTm1yYU9MSk12S2ZvUjdDdFp6S2VETm5vQndnNTJ1d3pvaTdBSjBPWjl4QS9NQ2w1OUdxa084MVRKY2haVkhuYmdKWkRYdEcxSXpUWWkwRThrOTlwODRKS0ZtdjJ1ZERXcWVlWTJiVTNjVTdHVndKcDNzNzRRQ3V1UEkydjMzNlc3L3lRZDB1RFdnVmlOTWcydVE5OWFhS1lZQ0ZZYlk4UHdVTngwdkl1c2dVTmV3T0g0QmtYalJhSEpTNS92Z2VNWmJRRGwwTmtZMlZZVDczRkxOOTlONnJRZ3VyYWRjc0kyS0NEdU5sUGViOFBERVZhdm9wQmhYNExWaE1ucWw5MStocThHVXAwZkVKb0NKVFpGbUpQQS9xTkkwWTNGd2EzREZQRzNFL1NQQSs1dXJrNVNvejNKNDNKUTVJTTB2VVorT1p1VGhMaG13Smh3cUNKak50czNaTDFZbk9yT0JBcXFJZFQxQnd5b0IrOW5FTnU3Qk9zUHdUSFIwYnljbjc1ekhQZXFBcG5ESEZ1YVBvOXpxUzhkY3F0OThuNFZjdnJVREhGRnBZK21OYWk2ZXZadjNoYVl4UzgvbTY5MFliMXd5THNuUWNXdWVKcDVIU0xJa0dkeFI5Sk1tRzVvVjNuaFB1WkJ4clF6SG9tK0FrdGRIaDU3d2YzM1hNWnQzcm1XNUZhTVY0c0hqY0xSbFdwNzRtZDJrRVFqODIyeklDTjlWUW1URmtWQkRJZVVFQ1lqcHlMWUtpbStUUDRwT3FRZ2l5dG4zQVJRUDlsUHI2Uk5ISnluQUZ2a2ExZlVOOUVXTG5WdTBsL2VpOVJCblJEMDZZK1VPUkJVam1VdEhQQVRWMmNmMzJEN1BJQ1dLdWhYWVc2K1AxeXZwdXYvRVVqNTNMQlNydkp6VDNCR3BBS0phZ1FNdkRsUEt3Q3Rpb29zRXRWNHlxNlhwQnl3SXFYY0VKMzFOQXVhV3Rvb0QvZExRUmpaQkFEVkowZFdSZGRTM3l0aGdtWE1TMlhHdHQzVW91RzQ1K01qY1hYWmFEM2RTeW5QbEVyaG4wWGxqRFJ2Tk9wS1Q3NExad2U2cDRHUmcrSHFyOTZSY1VUOUhDZnRBU1o4eXFXZS8zZWRoaHI5TzNPdWFsTHBmS2VyakZrKzI4Z3BHeU04YmlJWkFBdTQyTTQ1ZkNHOG1TRjBTdmtSQkJUamk3cW9uNUtUb1VLV2Z5aVZDTUhZeUNvQ1RTamxyckxLamxtb1A3NHN4UzEyNXU1N3I0bzZ5UG4yVURSbzRFUi9Eb3grT2VRR05tZDJMTGNrL2ZzdHh1WHcwUE94aUpKTVV5bWNrMi9NZE11dFpwWkFlWUMvUEFYbWFnVmJCN0YwV05tbkM1U1FLZ2Noc2x6OVhkQmsrRGhhZW9KVzJIdnE2QjNEeVA4Q0tpZDdwNExEcVR1R0g5ekpVeXZBSnJZOGlobEFvTFE5MHArNnFnL0JNR1A0UURYeEVyN2NPWlZYYUJHeGFJQ3RzVklyT3V4eUs3cGg0YW5BTFY4UzFQQjIrQ3N5Vys3N1ZMamJITXNjNlptK0tNczlCYkN6K09sZkViN2lDVWYyYUxuajFVRnh6alFCUDRDdzNBZDg2cE5kelg2RTJPU0t3RldZRytNQmtFb0dRS3ZTR0VIWGlUc1dwUWdzQjkvQkg5NWZPdVpMRHY5emV5SmpwTjErZVpXZXlGUldlRVgvenZmYlVKZStHa2NRYkw0STg1TkhwMnBrWEF5VDcwbTJSNXdyQlJPa3hPMkQ1aXhLUERMN3FkUXRhY2FDdjYwNnlLcXk4Zks4ZDV6b0dqTUpDVWlzRlQ3UDBpQ1Ftc3l5NmMrYUU4VGpKTzFGaG1PV3lIaFF5R2t2L2NqbldrR1lmUDJtdzRCSG8xUlZMLzdzbW0vMlV3K3NxeVE0QURmL2lrdnpEazcvamRUZDZHbkJFYkQ2TEY2eUtVSndOa1VtWkNKL3dQenp6RWpuakpNSVVWemludXVQa2VpeG93NHY1TXdJY3VwaEwxNm1mOWRhQStQdENrUitnc3cvU0NyVll6bjJoUUVydEFVNS95U0c5T0tzYzlkMDRCWjIyYW1IYU92WUI1dDk3UFdHQUtvaXJuWXNJWW9ncWxNZ3FLZ3Q3SEtLL2FjRlJyT1dGTFoycCtRRm9ML0N3dWl0dWtRNmU0eWJsUC9YUkZDQVdjZFBnV0tZL0lmeENQV0ZHMFZ1VmdzdWNmWFNoTUVoZUQ0K3lQL0w0VVQrZEVvQlc3Vks1MW5UQkluTjlCTm5FVW5VekNMb2YwQkxMMzdMUDZNRGtUbWVOR29keFFBdzd1L3NITk5pdGJDSG1WWkpBc3JGT1VEdW5HYUIrOGhLOS9tVjFuVDg1WEk3bm5VZ0t3YTAzbXV1Nm82WWRRQWVQemtoT3N3akMrR2c1VUczbnlJYklMODB3aklaOFdoYmxad1AweXFQK2M3VTZhdEt6eThMQ3c1OWNCUG0wTnJQYzdrSTRERUkzQnJiREpnSkFvL09yblo4SnppTVlnRkJvU1dtM0pCNG40MDdyR1NoWXlHeXBYWWlabmFDZ3FHY3pvaWlINUtzbG12QmpLQ0E5NTYwY1VPUFc3Q3RnMytidzdDTUh4cjUvZ3hETlhWSTFXd1VsMGhCMUtnamRnQS9UWi9nSUNBZ0lEd1BPQUFlVUVqeTRhVHIvNWY4QmZ6di8zeXFIQSs3ZDdkZnRIN2YrM29jU0pobVFOZ3I0ZWJEdTFDdWFneGJQOFc5OVpKaktVQnEyVnBTdytETGpxN2xYZXYxbU9EZ1FEbVJhZ0cwQ3F0UzRUbWc0YW9GUENkd0FGRE9ZV1BhajhVemJyVm9ITm9vb0hKai9LMDBGajNMVStTeWZ3eEhNa0lqZHlDMG9DenQ1STRiY1UrS0Jqd2lCSlBuU3NrWjJXbFIzWFJRYkw0QVRNMUJwYnV6MGRMa0w4aVdJek9mTnpwWUdzaS91K2JGNitkZXZDZzYvd1h0RWVXY01rKzB3Y0hIaDBiNVpaeWxPQjJ5UGUzbTRFYTMrYTkvRlRNaFFIcU5CcXk0ekxEK21XeHE3eERUdDROVEltdHEzdHhuZFVFUnVGMTlYYTl0YnVWSXVJdHNFVEZocVJYYkdHVzVGZ1Jja3hVcWV3bGJpcFdFRFR4QW9QSk50Q1FhRGh1ck1ZS0pQZEdVSThKOTJ5bDdHZDRpaTEydEFGdlRQenE4eGRpUlZtVERXWHI0Q0gzVTBzNVJRYlkwRkFaM2tNbWh3d3BJaUlKVFBzS1FuNXZqUW5QTlJoUDFxUDZneHlDeGFVcFRWRTBzeUgxMEZPZlI1bzkwZUxxZXd0MmhhM3JYcnZQYzdyMXhkMVV5VXdtOFl5cHlHTzIwcVkzU2hxb3dVVHZyWFhqOWI0VXRkREFJbkZ3ZVp5QzZ3VWQ0bjJoYzUxOEtKZVhLOVYrNUdWdGRSYTQwSVNwN2h6eEtPamQ3SXlvQjd4alYyRWVkNDdtSmZaMHVUamljdkp1SEJGTW0rUThtczNWL2J1eGhSZVZ6NENNeUZoVTlTejFHM0tIY0xpemtKVVJTankwZ05QRjB1aUVXUUpCeHM0amp5YkRhWWRMbER3WmwweVZOd25hTnk2L1ZXcTFYQ1N3V05semM1TTFBT1Iyak15SWFFUG82YXJaWXhvL0pFWElHQkc0YVZHZUhqWkNDbnF0MTFaRzdlSmoxVHNBdVpYK3V1ZUNDNVFxMFBvQkE5U3FTVmVOSld6S01sb2w0MGRORkZIY3VPSEU3bFcybnZ4SU1CMDlqMkx4WTRGTlVVT2hSTjk1RExmeURoRFREZ3Nrc1hGemp3UjBSU0J2VlVhcWxRSXYybWpXSTZUb2U0MUZzNVpZemc1bTBwQStrZ3RXWUkwaFVHZmxVYzVuNitUSnpXQUlQV054UlFYbHU1MitnUDRkUDZlc1R6V2dkVE50MzhnRk9hZEc0YjhuZkJ1M0h1QzZmeEszY1E1MGNiSFZYWDhRWWl2TjRoeVd6S29JbCtuWlBEMmovUnRrTWVsVDZpSkJEancxN0I3Q2FtZ0pETlVjQTh5RGhGMzN4VXJyUVFjbkIxMnZlclNkMHlsekx5VkZLMStZbEZMN0VpdTZRZ21LaVVwRHBIVU1lY3I3VFlXK3ZLNXA5akFLV1k2Z1FRT2dKcHA2RkN1UThheXdjeWpsaDI2ZFVNaklaVzdpMzVFeDFoR2JDL0huU1RVcjZLcHdkdHQ4d1k4MXk4SzhPVnNxWWRMcUdSeFFPWldRazRBdWg0eXpWbzdTM0VEdGJpUlBIajhTTW5lZGt6ZDkvRnVkc1pWRktlalBtckFYT0oxNWsrTG9NS3VOM1JKTEQ4bzJ3WTV2aGlxWXhsQ0wzd0wvUHBDUXZvN2lGNHNnN1ZxT25YaDk0NkMxQ25ENzBWenZ2YnZ3OW8zdyt1bnVuZDNiKzdjKzlxM2VwZktxZDM0NWNzUUg1b0FlQ0o3aldaOWxZak1lT1Vmdm85VDhDakZqaVU1Umk1OUhjcmxtZDJmQ2JwUkdjazllSXJmY2dMY3dFQ05DNkM4cE15ODRVaU9BVnRPR1Y0bStSc2FtWGd5U042c1A0L0w4RXpDaVBRWkFRMmkrTjB0eHBnYUxKMHZ2cmd0QTkxa0tvRThkY1Fad2ZVSGgzQk9CV0ZkT1pkem9NNXJCYWVMcHplVFltMG1UcVRzaTJvR1RsTXhXbGZ2NnVUbDlBN1dMWUZQSS9SR1VtUUNMLzNDS2ZJZURVQXV2MEZCbXJWU01IdVpVc2wyUGxMaTU3dHNOQWxSSm9VNUxkcGJ3M1FZOHY0U2VJVTViZU1wcGFtdDlzMUx4UXJ5Zml2Mkd2ZHp6OXk4Y1ordSszU1dZR0psdkQ2Q2Z6aEU1dU4yN0VBd2pNZHhhc3lhc2t1UzlreERlOFJHTVoyZXRab1dYcDNZaUVVbG9UOVI4ZkZxVlJ6azBKSGVpeVdBTFlBdHNRSmVzM1VVUjFnR0dUclZOVHlBZCsvQnNSaXhoWXNUWktpTWpsMWJRNCtiWnZ5cFBOU25TN1JVSEVveDkvMWlrcE5iQTZYWHdSRW5zTlpXd3hzNGliUTFTODUwV0N3UmQxTmY2aDVKcTA1bFNKS0pLcEUrTXVUUUxPSzM0Qm5jREg2TkE3K3o3SnpYblhVM1ZwWkdVeVBmVXpOZDFUUElQN000bjFoUFhySjBxMUVLVWdvMEt2U3FFajFQL0ozOWxaNFM2S2t4SyttRCs1eTJuekE3b09Qc01vUGR5Z0pjNWhIUFNFZjJSbytmemhZNlF6a3JRRlY5dTl2YnZiSGl1aE0xMXgyZkx4QXM3bzhyamRyQnIrOXV2YitqWi9aR2VwV2dEang5RVpwUXNFemh2RzhTU3BaOWFrOEtyUjhTSDl0K25zajBKNDd4UzJTU1BXZW5yeUdTYjZ5Zjk3eXdJSG5rdlBBbE1oL1dIazBsQWtYVGY5N28xRWFPZktZM1hBdmZFd0VEUUxOYWJUN1FBRVNqVnZkYSttSytQaGQ2SnF0TUpRTXJmZUs1VjlzQmd3YTllREVPcU15VHB4S0NpYUREd3YwYW5rU24xcCtNSUJ2VXEyYnJhS1psMEI3c3dVUFVMM3A2ZS9EWEFGRnJpak9hdFptaGdWY0lmK2VreG0yUkNrNkJHM1c4b3hpdEpVQzhlM3NKWEZ2SHZJZ1FnMFRuYUdGblgzbU4vK3pQUUx2RXNCQVB2VGZpdDFXUU9lNUFHUTB2Y2lKeHJxQjZETmlXcXE5OTFIWEFkR2N0MEhndnk0ODlab3RDUVkrMXNiY1ZZdmVMY0x3aThBaGtvdGxKd2hpOTFwblM1bExrd3IxRHlmaGsvZU5qeVNidXVvOW5PbzltbGorMFNma3NWZmcxQnJhbFBueVduZ0x4N3lnZXU1ZW5KQXVNTTZTc3JnTlhoY2dkVW9YZDArc243ME83L1pRbjh1RHh0R0F5MDgrUytUSjdSYmNjRUphdkFSYmIyWVA0Yys4MThjUFlSVlhYZU9iOUFvbXl2cDdoZGIrUmQwUDVJR1oxcWdoVGVIOVJ1Y2hGa3RIVUxJTEFIbm1jSVk4aG5lYWpxSkQ4YWFqVEw4ZU54ZFNYeU5pN0FhcXhpQnZSU0xVcTZlakJyd3B2M3ZuUUd0enFxTVBqdUlla1E0RURWck9pSnBQejM0Q1hCOTQ1djVDZGRtMzZmT2s3cWdFczNjL1J5cE9mY09LZnpNY3lPVDZFckJueWptSXR3QzRoKzRjM0lPeHd4UXNkUUIvVWsyV1A2YWIxektLVDNwaFZKNWpvTmtqcFRJNWZyQTNWbDQxQWMzbUpSS2FVbmh3RFVRa1YwR0VlYkFYektmd0tpS1NQMXk1cXN1SFRmR09TZGozc2k0VzZ6OG15ekNZQmdlNlNjOXlGdGRYNjFDM25hWmdwQTR2ZllYUTlpT3hnMzdUdXEweGFWK0Q2RHN1QzZ0M1p6NWhUUFNqMGt2NG11d0hiVTk0SVVSOCs5Kzlmd1ByeUJJYjJkbTZxSzNWTFBTLzg3TXdrU2V2cDd4OXJxbGRoRUxCelE4OCtUMEh0ZHNxcmdVVm9WcUs1TTBPY1FMY1pJbDBzeGVjU0JNWUVUVzdxdkZKVG13NDVrTm5BRmJlMjFiV2N4TC94dmFOWkRqaFE2L1UvSW5ycktyVnVDU2ZURmIyalNYejBoRFp4SllRd1g0bU9rdkNOWVFiTERzSW9NOWN2T2NHL2JNcDZCR3c2RnA0QWR1V2t1YVJzTzNjS2ljQytjTXdRUTVtM3hKUjMvRE1MOERlb2l0OE1HSzVhTGZ4TVNhRkJGck9vUjVxVzBJaE9mYXlnUWpreGxZVkI2OHFsdEYwV1Bla1VLMUs5cmlabVcrWHFnT2IvNk9PV0JlNUVNbTIwUVRRdHFpcG5pdEtFQVhoTlEzSFpObVBpLyt3R09GamZHMG1FNGY0ZXhOWXJadE5LMW9mbDdsTG9oalhnckVxK2lRbHROa084WDE1WHVUSXdVaTdVd3MyUVBxZEp3b3Y4K2daeWdiSVpPZU54MmVHcDFSMU1yWGY5SU9ua0I5NmZwSlA4T092VFU3M2lieGtlZk9BQzZva2lLMG5DVU0xdjVEdzBDNnQxQW5VZHVtSW5tdERsbnVodEhTSk5DRWcxbEUxa3FtSDc3VTNOdCtjdnhDMUxyZlBVZi9ocGRuUUkyY3lBaCt5RHFtaVljY3BIYjlIL2tUOEYwNmpJQjBvYXJ3aUZ4UDhJTHN6MjJ5RUhrRXMrRlVWYmxaOGp0VFJKTnovR0M4ODRWTW93U01qVmgvbjdtOWZwVlpvTjd0aTFSMVpEdFRISXIxdVZoZDhMTUFNcU9oNFY0RWlIQlpWMVRIaEgzUy9yZTJIZmxMcHNleEc3TWdXYVF6UlJMOW8vbndZS0o2WS8zcUgvVWdCWTJiY0YrSnlLcHplWEZoRms0WmRuVkIrWm0rdW94QVdmVC9Md0l0RkdpcDlYdUNXd0I4Ri8yMmJPTDZ0Z1U0QXRwYWtQcDJ5RmxQTDZiUFlYWUg5YzBwTFE4WWRvU09BSjZlaWFVNk9CRzdidktyZ0RvSHZ4eUJuWThwaHdiQnFnVjYwQ0JFWnU0OExLeWhMcXF0WVBKUnFzR2lMM29sYlhPMTFBemFBNmVrWk4wdFFHU0VKbGI3ajVxSnRRNGI0NXVWRVRyK211NnV2UEh5WFhWM2Z0ZnA0ME5OSEhETGFDMktQbjZlYU4vRzhJeEtBYlFHYkJiVmxPYXlvOTZEQUFYRjdHYU5VV0lvS1BvV0p5bkc0QmMxT2VKYmhRZElQVUdzMnNRMnFWV2MzRkJRbnk4bm9IRzJsQXNtenp3SWd4QTZOMUVEZno1VnBGZnBCZUEydWtSeWRvWUpXL1pJTDh6NGUyUU5WMHJYUThXWmtiUUtMczBIZ2htYmNnZk9KRVhXUkxwOENJUSszZ1J1dHhFUWdMMHQreG9YZ2tJY2dISTUzYmtoNWhteFN6Q2RkQnRKU0pOZzBwWEIzazZyOU1OSWxDaHBKV0JFdlN2cHdEaEJWTFVxd0t1elNINzNsUE5nRTRDS3NVY1B2S0RTRXlJTVI5eWdlNk9ZNUpYZk5VYm1YRndRNldSRVVsY2xheWJRdVVzcEx0eG83MXFnVXZZVDNZa0p3eHRTSDQ5bzFsM2xMQlNxMG1qM24wZ2hzb0M0dFB2NTZJSVdJUGhXZWNnUHo3YktrVExFU1E2cGIzN0lUNXljQkQ0NWFtcnFxMHZFQlUwSzhPajhVaDBydm85bUhaNmNSdTRMZ0E2eGpuSDJDaElqTjJqcWpUTTR3a21xS21ZOFUxb3pBK0FKRTZkb3NaZUdqczVVdDdtaGdmeXJzaFZrWWtqYS9yU1hYM1FhT0tGRHpTZytCbG1zeEJPZWdRMkZ2aU9NeVNxZVNhYThpZS95WmR6alhXbHppUnQ1dFVpZmxNYU5mWjBTTlM1K2FvZDY3VHo2S2FJRmNFWVdmOXVvUVRlcjRBaXJ0TFRZTzAxWUw4eVJvSTBTWkdpd2hIaFRUMGo2K3M1QVZEclVRb2U0RWhLSnF0Wm0ycm9nZzBXVm9GL3hIYk1IaEpCVTRINDNzK2kza09BU2t4VGU5Vlh5UzcwQW1qblE5U0dzaXp2aEMrdWF6QmkvbS96aExrcXRMdnJzQzhIQmdaS040RUdKUXo4VW5zTWNXdnNtSTFhYUkwNXBFWEQyZ0kzaE9hc3FiUzBlVDdWejBMMjRLQmdoc2FyYmoxVHkvdFJuRWZUSUFtNVF4bU16UzlvaTlhT2VXTGpQaVBDMU1XWVMzTVBPZlEzVkg3TTVXekpMVUt2L1AxeEVWajRWTnZVd1pieXpJYWVteHlyMmJVOHJsajVCOHlXR2RrNnpXYXUvZ1QzU2JmUUlUY1cydnBGMEs4UmI0M3EzSyszamh1bnpScnFubGcvV2NxQkNmNUN1RjZxMVk0MHFZbVFwMHdINWhBeTN1TzNsMzd0cEcrQTg4bFlOSFI2VmRINWsrOG9KWWt0anQ4N2NMM2JtN0Nyb0lXTnVOYzZnYzRMcTFMWTZCbEVXVHBPZ0lOOFYvZEM0U3JBWW0veXFuWUxyRHZJMUhCWGxRWTZZR1QyY0Vvd044UWUrZzF3OHRHNzdsTnhSMk1UU1pGaG4xVW5VOWJZc0FKdmFScTBGNVA4U3lUWjViQlBoOXRDRkFiSzR6dnloYk1qcWptZGdzSTJ2Z0JUYjM1K0lBRzRKQWdSdndlYmNzQ0tvNHRobW5tNHFQUitNdTdCeGZYd2pydkZCbHloQ3Fkd2RsN1pPNHdVQTBQWGFWMUVzSEdyN1hjdWlOek1NVDFCRms3aDRBNzh1dkZIdkZNSDgzWngzSllnWGhHQjhzekRtN2JNaFF0bmwxSUc0MU5ESDAybnhVN2x3eDJjWmpiNUtEQ3lubE10N2ppNHJKTUgxNU03VFNETitsVnh1UnBkNVlVRzd4VElFSlQ5ZjFPWmZteHdYcndqb2lMVnFpc2Z2eW02ZmZQYzd1bGpJVGNJc0pGN0JtY29QV2VKL21td0pGNC9pS2dmL3o1dkZVTzc1bXRVelorTUJTOWNtN2FOUjNHOUJ5Q0hOZUpZck02aTZCTUNKTDhFWkJDTzJFSWpaVUIvdVFOZmc0T0xaM2R2YzJKT051ak42eStTdWQ2TXVZSis2UEo4NUJwaGNrYXZPc1BPdDdhTlFVUEhxbzhOTU9mMlluNlVlTW0remxxSHpFYWROMFVSR01qMjVrem9IUDlSeUw3NXE5aFliOTRZN0ZNaGx0WUlwbGJMczFvMFk4TXBjMWNudzN3M0dsYmNVdWxnRTN5RXVLTVd5b3Fna3d4R2gzOHdtS1JzdTNWSDRQNWJGMVdtdDVZZXpKSHIyZHd2cnlqc2NPR2lTNHQ2S2ZjcTRSSndpcFoxbU5vQjdXRlVKTnpRZVpEai91alZERWNhb3FnTUZZRnlGWmhYSHVxTnlOd1NuaDVWeXlmWmZtcmQxUGhxbVRZZ0FaNGhPU1BOeTlVdFlaakltelA0WTBlWXVWTEkwUzFHWEtTVkRSMzkxd2pOODBDM1FGS3Q2UkhqREtKbm9CL0U5dStHZDZNODlxRy9PbHR4OW1hSFp0NDNwSXN4SDVGRkFQT3MvMFpsajF4Q2I2eU9iZ3p2TWVCNmFGRHA1eCt0bmxuVzlKelhubytTVE5UdTV5S2p0VlBLUWNscjBPS1hEdGtGSEp2UkFZcExaN0U4MVRQeFIwWXMyQWZxSXJ6WjZSdDA4Q0htbkZlRTVTZURUTnVLSGZDdHRubk5Bb2d1UDd5VnE2WXRBYXFnUUdiandIVnVlSXBWVEZnaklxbDN5YnFzMUE3Q2RKd0JFbHIrWHVjY1VtdkRTb3U5VWtFTnNSbVdVNitvaTBIZ20rZTdYbUJnOEE2RkJwUGFaZmk5T0xJNERqMlpCTU5WNmxNdy9ObHZ4QXhuSEI1SCtLZjl5aXdXcFZ4VnFHZy8yUmxZVGtRbDNQdXhkSHBkRXB2cmEvQ01oYXlYMm00QWJXMUhYZFFwbGU2a3QvSXdKU2UvaTFmckxhSjEwQTdwSWVHMmx4ZjdXT2lKNU03MnFHVHM3NHZvVDBzR1VWdHV0N3hFM0I2Ykl5cjJrbkdKUEF2RTlKMlRFc09FelowRHloeDlldkVzQllUenEvWlVsK2x2OC9BamJHc2t4UVg0d3NVZ2dBQUlMY2dlODRQS3lFbTN1ZXVqZzRrNi9rUjRROUIwODM0QTlodW00M2hWY3pEbklXZXdsbVljWW1UVHRCRUhGdmRrdlVGODhibGxrWTJGL0hpdjl3bGRleUxqa0ZxK1FUK0tobmVpeWFtQzd4YnJtUWRmQTVNNVJ6V2srMXpnaGRQdFhGbk1qQktkTDRRMmRvbkFmOTFMZ01hdlRWL1ZxQzB6dHJNdm9NS0RVM2ZTM1BVL3pqbGlsMDBXc2E0K0F0YUptbUFOVUtFNVdZaW4xRTVhcEs2YXduaFdZaTJCVTRpUW1nLy9aRldWMVNkYVMvZFVyVHU3WHFJRFJjQ1lLT2p3L2NSaktzNXpCOXZkdjlSNVRBSWoyK0JiYkNQSG5CMjRCZXpGSHpIbTJuQXR1VGgvVEtQS2o4MWNneFkzTmNHM095NENia0FmdzQ5S2JJNURVMmw0Z2tKY2RjYzVVc3hxVTRNWWMwOUJvR1pLTi9hblVoWWRaQ3o4YWRIL0F2R1JYUFU5N1RveXA1YTZhWDc4VGxyQ0RPS256UVRMaXRYc1cvQkhyRGRDRlFDTmpYQitqUlMwM3QrSFQ2Qm5pVVNEbEpOeWY1UDdGUThFcFk0SHhGZ1NKVjJjWkFLR2RQVnJBQjFYVmhsczVOZVQ0VmlmeGMrMm5GT3FNSjU1UktsbkQ5VTV5WjVXYUEyelltVFRpTTZ6amI4NDdON1dxeGcwSUlaeE56ZFMzTkZ3WFRhcnU1R3UwVWxZa2NKNmMraUtkZmlkMjFUc3FoNWcxL1hNYnBzVitoSGFlQ2pLK2xVdWZ4KytxYS8ySGJrTkNlNlEzMWlSTHdtRE5zVXZLd2wwcTdHa3hrNnpaRmY2TGVmVVpZeFZhRWxrUFl5dDMzcjNEaXozTnFTQmJ0eUNsYnVPMEl6VUY3UkttTEdYcjhhN0l1MUdqZjd2V013UVY2WjZxRG9XeE8wN09Vbll2K2ltQ0hDUjFtMUc5Yjh1eDVUVlp3WS8xMzZKdzhZWFFCMXNNOFRuTWtQZ0NkZGI2Rm5qNWFqVG9BUWhzdkxBQ1VjQXUzWHJCYjFoSWw5blVBcGRQKzM1N0tRZ1lvQUpLS2J1RXY0cFpLNXFKbFJVNklxd0s3a2dIS2J1cnE2T0dJQUd6T1krTWpYNUYvcEUxcTVWaUNwL3F4bmhBRlIxUnlJN24wWXUwRnQxZ28rNWhLYmFyeG83dE9DSWprV3krak9jaTRFUmV6ZmZnbytSSDBjUHo0eWJHL0VQd3NIKzVGWXZRd0hBY1Ywc3I3Vm9HWjdISDNVaEs5aHVpSk94UHd0bFVWWWF5V2V4NEFGMmRxWFk2elFSeWdiam5ENHBNNjB0UU83Y1lxdkxBdjhvSTYyMkt6ME1CQWtyeWFtaVhwdFZrWTJ0UzRvMUxhS0lWZ2dISmY0YXBEbWVPZjh5aGM2b3V1VWNVeHgyMnkvQitZM3F5WGE0Zy96TjQ3bkF0VFdKSFAyREdZUm1MSWR6d2hoWm9NRVlIUlNZMy9WN085cm1qcmR4YThtTWtGYjdLNm54RHN6QTNJdlcvYUs4TDhQMEtsRlpzU0FxVDRhanByOEZxTGdlSVB6OTVsNEIweE1vdGRHdkNTdzVQOWpRV3JpTzNORng1VzVqc1ZJM0dsNENLZW5ZdC9Ta1NDZHIxYU81Smt5ZXpJSGNFK3pjWlFEZGN4aFZhYm1DdnFWTWI0UG40SHhwaG1FWU0zMG4vUW5JclRtZmN0YlA5a1ZtdXlPQnIrNzRLZU5XVm1IUHBxVXJ3WnE3NWZDQ1YxejY4Q2hKOWo5clpFNEhidW91c2JVenNNblo0V3RIbERMekozTWhGQUJib3VsU3VHZEhRcHhqNFoyOTMrRmljNXpiT1ZCakhQYjg3eTcxYm5ibzVrMXdkcmtTVWlEVUtxT2hGcjgxcHlQbUM0REt2d0JWdFRKRnV2RXhXSHMvS0hyMUxBaDVCNTA3ODliWVg4SlNTUWJxSkIxZU5wdjRjU1dwTnNWMkMrTmJsYUwrUTlmYzN0dUVPSkNtOUtKUEp1TFV2M1JwWmNNVGdHQmF3K2lkQS8xNlVjYW0yTGp6TzlvcUpLbE0wMU5qWWZWdG5MUUxuczJqcEJzQnpTaWRzM21kZzJ4Y0F2a1Y3VTZaM0xrNlFsQXRMajljd3RqUkxEcVl1eVMzcnFxbGFRNUxCVExmQThiL056RkJTdnhHbEhRdzZGajNEMEhPeUVyVmNNa0gweTIwb0dNUm9lYTk5eFNvM1gzSzFPWFAvZXo5QUZSQXFRYnRldWtoNzMwRjN3VTI1ejVxbHdpcS94V2w4YUhIMjQ3aEwvWTVhVDgrRzNMb1pqV2lJSUJjdHdJOVlvZnpMUVhxM2dXVVJRbE5naHAyTTh6KzJOM3diNGNlVnphdWFaMUF6M1gwL05hc3ZqNVU4enBBU0N1TDUyMWdGYllZVitLQ3REeGxGNHJidnYyV0FYdGVwUGlVVFNWUSthcUh5cldvY3pGYWlZZ0pkWjBMelc2MDFQVzg4T0pmdWw0TUhUVDRxRXNRMWlSclRiR3JlNUVWN2dQSFhPV3ZmRUtIMEg5TGxiTG55clZQNk9hbU9wcUp4blpzZkZxdzFrWHltQXZWbWM0c2lacmVadzdNeWlDdm1Mcit0UDIzRFZhR1Fvd1FvZTk0ay9FVmZ4bDNKajVMUkk4MWRVaERGOWlhNWdOMlNPYmtQYWhiaTFwU1NaT0Z2NVF6M0s2VElCRS9IZkhIWVc3a2dJQ0FnSUR3ZlV3NFAyaGd3VDRTemRqWHd2aXlQWHVhK1dDaS9sdUtUNU53WVRVelpLSVQ0UkRyUGJUOEt6UE84WUxrQ2pqdlRtQzBXZ2g0UFUzYkVzWHpCWFk2UmRNa0Fva2hTRUlSUFN1aHM3ZVFzUDZMdE5laExndmpFK3NTei9EMWNJZTdRN0tBZmNSQXpET3RHNWlOWVFQZnR6d2tFNmEzUzd1UEE0YVg1Q3VPcU0vTEV1VGlSclUrMi91VDlBblY2UDlkb0owUVg0WllMenpyV2RaQ21nb09VSHRSNHpWM2d2aURWQ3A5ZXZYYzJpQ2gzV1U5ZG1ZdHJtVnhOS1F6dGtSRHErTy9nY3kzZ2lpMXRaSnV5ODNwREJGdFc3QjE0aTd1ZXcyUndJcGM2b2piSzVwOXVnbGF5dWlxRnlDbnE4SzY4WlpWQ3RuVjVhblNRUHNKYmJPZVB2Uzc1OTFnbTllTURKNFc0RTJzN1RmRTlmankyZnBOREUxaWlJcFR3d1paRVlHSWduWVZqRTFIWEhZd1cyeFRPTUxTWTIrdnRvVjVJK2psY2xMWDhpNkVmajE5cVpCRS9USUkzUkZtNVBVa3IxK3Jta09Md2RKamtDY2NralR4K2hBM2hDK20wUnljTmZ4WFo4STRFcTlGTGJxZWQ2ekIzVm1JS1A1OUc5cVp0aWlac2cxTy9iUDE4bVZkMGgvM3JpZkIweG4xM0hmVGFmQnUxM2N2YStmZGRYdlI3M2QvMjFGOFBWNHV1Z0JLNlJUaWdVYjFBRGtGKy9zL1hxY2ZBUDludS93VGFobzAwMnM4VzhnOGpVeG9Xa2JvVFFhdGFXUnF6RWZ6MUlWKzRFUU5Vb3FuMlBtZlV3ckt6OFZSSzV4eU5MRFYyOU1QNEpiOTVMbnVCMVlVelNpQmE3d3E3QzJKT3NWKy9meUxjaEd6SkJMelBOVHlJaVNobk5uMXpCUUR0L0szUlJwYm5rVGl6ejB5RTVKcTB1NWJOSFc0M0ZkZm82bCtjYlZwRXllOEhNTHF4cWt3Zjd4WVE3R3FNZXVveGk3ZVdQc1UybVlrR0pCU2FkNElEYzBUN2xkczBTRG00RURQdjZKbFpWL01TU01XRlVVUEZxOXRDeFUxSzhObkVSYXg3d1FzUnhIM2tjaWFJS3E1dERQQmpaaEtGZHZraCtiRkRDZzNUV2RoSWxmbS9zU202cUM1NlpmQzB0a25jc0tseEs3T0RNZmhSNnpyenZUb25QM2EwMHFneUZmVFNZeStqOXpGbzc0WGJkNUpLZTZnTStUWTdaVndXRkJlMW1Hby9YTTc3bkoxamhTZ1grOUZ0UGtNSHZjNWpKUjc2NExpL1FyakZHR3Z1K1VMTEJwUC9PTUdYdWdCWnh6WHZMbkhSd1FveVh5Q0VZMm01ejhaeitpaFdCNnhBYi9pV0t1ZU1peUlKcUc1Tm5TYit4a2ZLQWJ4K1o2NFhrMkRxVkdtRU1qUEIwWVhFeEpGRG45SkFsbFdrM3V2VURlaUZ4REJrTGNkQ2FmUFE2VXA3UDBORDJBMEpjZ210THU2WG5JQmVTajRFTllaNFhLQkswTWw3dGdMK0hUSXhhN1FsQ0d6S1ZjVlk5cmhNeU5VZEllMGtkekhGQk5ZYytKSitmemVLSEZ6Qm9nV1YvWEs0NUtMMTZwbzVxZ0w3VFpRSERJR25RK3g2RWNCVHo3R0lHb21EZFhJN0QydzJVcGtrNmZERzhRbVB0c3E1aWhveTdUNlZSTENhQjUvdE9aTzRVcEF4ZkNQRHdUWlRsWW9laU5MWnpTUGFTSGRxa2hwS0l6NmQ3Q0ZJL05EanRJS0o5S0FIVlhURkttZHlmRXdYSS9XeDJaRlduQUFpa1dnU002WlRERUk5b2ROT0pBMms1ZmNKT0hyNXkreGhyMGlaZHlKZFNhOHlkYmJ4Zk1zb2E2cVpRcVFJMEt1NllnNWRsZC9KanNGNEMxeEhjTTlyQi90dU5wckxqc2RqYWZKVU1kWmVCRE9TK3ZrUGIxUVRwV0hjV1FEdFYwdzZBbWUya0lyQld3c3J5TTFlOUZNdTZ2M2EzS1gwWXhjTVA3MStNNnBnTEpPZUZtYUtOS1RqVVFRSERGOUlQODIvMkJNekl2THpudE5ycnV0V0VyU0pyS3duOWlCczQ4V3BabVZyeFErNUF4Q2I5YXRCZStTeUNxZ0RiNUlmZjloTFRZc3cxR3ZHQkQ2Rk43Y1BRdEFINDN1M210SmxtTTZIcFZBbk03UklBaTNleGx0ZG5DTHZ1aVU3c2lNUSsvZFYvNjVDakxUK3Y2MnJkVU9GbFN6bGdGNTlORHJET2VkaGFtekxvZG0rT1l0cDBoUFpuZzdJd3Q5bjMvYUV6M3BiSGx4aDdoOXI2QjRmOEdkdGdGYTRNZ25NV1Z4aGIxQmYrK1N3TFhSbHJadkpuRVkwV3N5Vno2REdzUE1aL0Fmam1SWGN3SHovZ0FPc3laY1ltY2xUOERQeE5tNnpOMENvejZLejk4emZDUzZVU0JPY1UvNC9WamorNE1vMEVWUXBReXhhMTdRVVJVVDZyT2FDanBCNjZvYnkxaU1JZWJZV1Z0aGxaaDcvTStTT0RnQmRIUUxFaTJJcFBxOHdsQ2phUDE1WHhPY2JvS296TFZoa3VEVjUzdEgxeGNCcDk0ZVhzQXIzT2pxTW5nT1RJY095aTF2V1NSbW9FQktndnh2cVJKSFk2MVhOeFRMTDAzYzlXV3UrYTVhVkZkSjlubEEreFc3dENBVnlrUjk3MFltNnpPTWIzL08vcWZqMnJydnQzeHhjSk0ybUpHczFiZll5MEpWYnA4VnJrcWU1R0p2RURYeEVoaTNJMVZmRE9mZnpOckRtL1VyRStwRTg5anQwVEw3TWJ1VkdnTFMrUlk2NS84eXFoTkYyZCtFZ1hkWVlXYmFGamRpcjZnZ0pMQTNnRytBRytWSzYyOS9LVnVCMnZHL2FPL3U0NStxL0dtNjYxUkRza01FMjM5Q295b052YlY3cXlnb0dmZ1BKZFFlN2E5K01QT3FVVmlTcWFCV2VvaGpQQ0pEWXU2a2FHeUYwck5oU1hsV20veUpXYlpPQnlQZlcwKzZ6bEpZMjVtTWR6UnIxZndzakJSZ21zUGtiYzFWdjNZbUhENVVUMEZoMHhFTUxsL2ZKdnhGcUZJVUpxWjBEUDA0dmxMTmV1Q1VtdENmU05LTnIxYUxCUWdaZjNDd1RSWlgrK2ZNd1ZFM250ZGpML2kwWWRRdjdBZXZuRGNIZndEeEhCbkxyTUp1VGROaVdzNzVtdlBtVTd0ME5CWHl0cW14RHo0Yjd6amY1Y2RudUwxVmUrdzZTSlR1YUlrc2U0RU9oaEx2YVpZTE5jc2I3QlZoVmVlWjlXMTdLall0R2FmNkVYVktDSTlkZDFGTTRWWm0xbEU3K0FsdkhxMEZLNTc4RDBtQ3NYbUxqNDJPT2FwRHBxTDZ4OUp5NnVUZThOUXpXVmh3elEwZkNFa0tDQlhhMzdzWEl6RHVTb290YXJxVUw5Z3dSVXVjZXJrUzEyTGtDYWdsc2xuU1poSUp5Zmp1ZHB2VGh0bW1WQ25wMVFHUkJOM3V0RDRRbGZYRCtaWTIvZjhsWXJhcWhrbzVLSThSalpVRVhxb0hrd3VmeDNrOTZCWXVUOG4rclhGeGZ6MXpxd2R0MG5PNnF2dnI3b1NBZmVCRE10R1VmOTRiVEFqaXJvR1QvUDZJOGdsOUVGWXFKUHBsMisrWUliQWtOTjBDMnRLNkFId2k1VHVzVVA0Q0p4d3VnNWRLbmZhblZOT0M0Y0lWelNLNlB3VDhUQlN1V0ZpVTM0U2FqdmpISU9iL1ZxTXo3UlYweFZNOGpHZFMvZjVxWnVYMS8zeXl6aU5iM0Q4dmkwWU9HR0RKSjRzOHVPOUduQXVGUFlsYUFlMHV6MGFsSWc1TG44dUlKZkxDck1MclB1U0JlTlNWbGg1YnZBSVB4YlpVYSs2cVE4NUNjYzlGa2k1RGZRWUhsZHVGSTdueGM3Z3VUVXBsVGdGdjBvakxib2VJRW82WVpZbkVwMGJKQzAxY1RqVmhwSVBYc0VhUDhNMkRhWFNOWFdOOXY4WTVsZ0FXeXQ5NkpIYllDZ2NjVDRQdnlpek4vUzNtOXBoNnF4UUV4cG9aNk5oOGZuWkhBVDFMeEMrZnZiYlE3eXAwZ1VVQkVHbTBkMXNSQUZCNHYwOGxOVDlrWVk2V3JMYlpPdjRIMWE3QWd1Y2lFaUZkZ1ozTzVlNThBWWNCOHJ4Z05mUWUyVjVSWm1IRkkyM2JjdHhRbTluVU1DWTVIVjBMTG1CenR5ajRrNVR3Mlg5a0g3bUhKQ0xnVG5HbHNsaXFpem5HWm1yN2FERG5EY3I5MXh2OUV1YURkb2FsZysrYXN4TFJ2a01FcmNOSDV1bGc3NUxONm1ROWFMZU9acTRBeHBkVTBQZS9SVnRwYmpNcTlXbU9scDg5K0kwS3NSRmc1SWpOZGhubkx0azRMRyszY2VzbDU1UjBlOGdvbUREdTBKOU16MC8wNWZCUEtMYkVzeklWZERiUUpiWkdBTm1yVVVUTmxzSmtLRS93Z09wT1JEWkNlKzZrUGdsR0pFYVJQWGIwaHFlVmdlc2xQN2xxaWhwdFMwQ0Y5Q0xNQTNSNFNxSU1UUUVMVFhzTVV2MWp2Nml6LzBMYjRadlhCdDJtK0k1aFFYTEdDbldhQkpuVmFIT1pMdTdkbmhJdmNMb2JzbDdiMlZMSnV0L1BSWHpKSit1eVJBd1NDOVJYT1VXZ1B2VXJSUDlCdHE0RFdleHlIMDRNZ3lOTUE2ejArdEZpSVZPcjhHU1pPUmxSWGxKemhOZlR1NW14ZS93VHlQSkxSOWk0M2w2SjlTODFCUXFuZVQxRG43NTkrYkVVaWQzNDQvdjlZZldralU4WEhTYk5pL2RjbDlCSEdDSzAzYy82ekMwWGp4ZzhDdUZKUUg1N1RCU0hZRjBaSFZ4bVRCcFdHb2wrNFo4NlZWVDRvKzBzeVR5MjhMbDB1MlBlSmNHWE1zMXlUUlQ4aWE4VTNBLzQ1Mi90TDlyOHA0OGxhU003eGxha2hiTGZ0VmFKMGVsL3d1RUdUMjdMQW1xSk5jcnU5bWl1WFZaMjdDc3VyajRVMlM5dVRrMkRmSHR4WU9qa0ZQOFZyTElYN2hYNjlDcUNDQzZOcFhIcEJQZzYweEJqMmI1RU4xN05OUVc5cjFHRXRVN1ozYjgybWRFZHFvVjBrSGJ0YkxRd3p0ZmdQVVo4cTl6SWh5UnhsaHFycEp0RmRpclZnQW15NTUzL1dieEUvUUE3aG0vYkROUnFPZHU5RWliREl3cDYvdVEzL3I2eUN0aHJHZjlCUnVNSFI4SW5YV2FEWUVvQXV0K0JvNXQ1NS9XbXNIOGsvMmF6LzNNVGhHSWpQNEM0SUp0YkNLbDMxVzIzS2VWN1Y4RWlQamhIaXA3cURxZHJ2d2dHajcxZVp4QkFLeEFmZTdsemMyOUhMYjFUM21UVy9JWE5ickdHSDVpSi8wNlJHakJhb2JwQkdERDJKYzlCN2NrdHc2bzh4MzgwTnY5N1E1OXcrUHp1N3ZSdDhwbDloWmdYeDRHWEZBR3hOVTczV0pweGlDdmVvY2kvWlpyZlZrZ2lraVFsOEt6QzgwL1dXOXhRbm1jUittMkdpbkNZdUJtQ2lacGJLSXJyUUpsUnh0R09qMVJuaXZ3QkhqMFd6V1RrRkgxWU81TS9pNTBUSkZPWnBtUjdDaUdxUHlZOFFCdFFBVWJiT3hacTJkZXhjOFJJS2U4MXZCMlRTNFM2UmlZZUR4NVVtRHViVGFpcjFuUXhac0xFcnVTTkRGZXkyUWZSS3c0NWVaelRQb2JjWTJwLzRQUCtRVmJ1dklZUzh4SjRYS2tPVWdCSzhZY1Axd0UwZFJuV3VrRi95YWlOcG8xWDM5MDZwRkNhbzFqdnZNQXBxZU00REJUQmw4Y1pxM0JLUFVlb2o0bEFFRkhVdlR2V092ZUdQbW1hbjBhbVJZTmJrOExrWldGemVyL1NaODIyZUV1VEpQWitDNFhXUVQ2NnMwOTJ6SkRCTHVOcks2dXZGRTdlK05GRWJmTXk0Y00zaDlMUmlHNmZHa3RWdHlWODczZUxSZC9yWFFqekd0cnA0dFRVUFZpeDMydnpkMi93b0duMHNLT1VFQTVIc0xiWDJLVm5ndFNEb2Y4aU5NdzV0VXVvaHdqTERtQ2YwYjdwY1N5dzk5NElBT2lMVTMydGdvNWx6dHZqMmRmUmJKVWY3Z05Xc29kUWdhL2NHRTQxVTNuWTNlWjFTR3dLN2U4UDUzSlZRRHhOaGtxdERWY1RjYlU2eHVMYThqby9BVTBWRmZFTTVIbXRITFZQRjBkdmo3NHpqVnR2U29CZDJHeDh2S2FjSDMwNEVQVStaUGJQcWJZVHhuN0gvUUZLaExzUThyYjJjUHRIcktHdHY5eGdWU0RIVE0rK2laNEVXd2lXZkZXVTlPMW5YcVh3WWtwTmx3Z1ZENVMrajdtbU5XU3VoWW9hditTMnBHalhTVmxNVXhBcWVIUmoyZEUwZWhLSEd5QU9PZzhSYUF3M2doUGpUWUdIRUc4bkU3NHl3SlV5cmJNZDVUNUp0OFAzYTFERWdGNWFWMXhwZ3ZlV2VCY2xNTXRsS2Rya0lwc1JwNHVUVXpPWnBPYmdBNE1lZCtzL25UTHFxdlNoNFFtVjYwUlFlU3hHcEVnbHZoYlVIbzhlU3NWU2VhRzhQWWZ3ZmtSbm1hREZuT0tDZUpXeU9VZldzZ0ZpaFU5VVdSUjhRRmlRY1ZZY2h4OU0xdU1oNmgxaW5HdExsUXNPTEM5emZNUDFtV1phcEFxUVEzeFNnQWhOVkc0K3BQZ1A1Vkl4Zk04TkJtV3ZqOE51UGVHa2pDbTBJdE83T1JubG5STGVWUkhaSnpDNENjMjZMb0FtY0N6SEhRaGRackZRV2VCWFJUa251cFBJVzYrTjk3MW5jaFdocm93amNnYlRoSkwyMnQ5MHFiVStHWVpKd3cvaFB2M0JuOHFHVXVLTHFEUVNENXJBRk0xeGU3MDB5QVF3NVpBS0VkYmhzM09JK3oySGZCNTlQeG5rN3dBU1E5SVlrWGF0Rm9hSUtPcXk4US9zT1pscUtZV2g1aDlnRzEvZVVxTEtvY1RWSXRxTkJmaHEvWkFadURyY0Q1dHZQREh3T3V1L05lYmZHeStHS2NMVys5ZWRGMC9VTDZ4d1BGcnl1TlBkTjZESDB0KzNmWnh2R21hNW5PNVJ2bnYvWE9pUG5OanBEQlYrbUZPQmd4OTJpSWd6MlkxUXhjNW1FL0VncURVYk1nOVZYQjlmQVVxeG9PTWZiT3R4Y08vcmtSU2xWZVRuUldic09iSnJpUUJ6MU5ObHVHc1djNTFmQkMxbUM1eUVQRGlBeVVUS0l6SCtJL3JMZWhKQm9LMWVpb0pVZkNJdzN1dGZnTm8rVVBBMTUwaDEyNmlpcTByUXZXZU9ObmFaRDZoNjBGRVNxWXd5aUR4UzFhRVZyT0FhWm51Y2pjZjJGMDlqdDFDVDRJUkM4Nmt6RkpZNGRldDF5Vjd4aDlGVnZMYnlKNy8rWEdHSDI0TnpsSElJL2F0ZDVUQ3NoaVNlcDYrdTNxTGx3UDdTbnRPOVJjM1VnTDFBREU4VmZ0R0E5Sis4bDhqNlY3VEh6WG1pWEVtVlJnUDJBOWlEQmdzQXF1Nm53K0t6bkpTNXppTjRpZTJMUWptWE9EbHEzcHZWd1lTSFk5QnhxMVo0QTlOR1hzRDJaTklyYXdienR2UmZkaitldlpnMEJwbHJuUVk4cVBqN0l1bWJ2YmFpN1ZTRzd6Vi83cDdlb2tZdlJ0VzFoRFQrc0JNNU13YlBkcHNyVWV2ZnppcCsxZE8vN1ZrTnlWdEJObXNhVlo2Mk9mTlBFS2IzTEs5bTN0TzUvUStBdGtkN3hKdzRmWUw0V1dCNXl2ZWVHaVdRQXBsNlZEMlNHYlJVSHNZQVdlR0VENm5Ra2ljUHdQUVVpVDdFZW1vVWRneEJ6Vkg1U2FEd0tnczFkSXF0dHpWaXRQS3RscU1tbHRRNTFXYjVYcnJUNEhSODl5ZzlTcGludFg0dE5ydExVcmE1cWRYVEFFN1RZS0pGWnhLVmxSQ3VEZmthaFhNZkI3ZndwakYrT21IQVBkc2Z6elo2eG5NdnlrV25EWi9DMUFyNFQxM0tZTmVEWng1akhtR3JaOHZkcnIyWkZ2NHh3YzBJb2Q1VEs1SnJZSEhnamdBb2VzdktoaUcydUJCR0lHNGZLYVR1cVFzck9RNjlrc0lYS1BlT1lpRmc1Vk5tVFlVZ0ZxMU9qTElDV3d6WDZjM2ZkOHQyNnAycFJ2TEN0VGZnRDFCZ2JsaGlhNWgwWHB2ZkJRNVRLcXhEWUdYZmJuckFqRUdyUzc1TkpUTTJCMHlldkJLM2lBVTdWZzlveFBGUUtnMnlodnBQbG04RkFpenVnTnJUeVNBUzlRYWVsT2VyWlVoM1hCVEJPWlhuUGJaYTQ2SVNpVGw4SHNxLzd3OGZOSHlGTkYzMnA3UzEwV3hCSWZyZ3VXS1V2clhGQ2x5Q0dqMFFnUkV3UkQreU5GUkJvRDd4NU4vdEhwN25wL1hGN0MzR1dvalhUQjY2K0ZncmN5b1p0SjZrS2lFK1pHZWZSVVVBK0xlRit5UDd4THQxcjFDa1lYckNyM1FueHBqNkROL2Uwa1BMUTh5VzBzY0g4MzZlTWkyT1ZiaEZ5YzBucFVKUHpjN1crSEhIaTFTTTluSk8vaHFKUStDMVEwU3ZIcU5SSFpkUVZZOWpNYThZaUpFZnNDamhQTGxua3BKUWc0QmlJWEFwdDFBY3dzN2R2VWJsUEhoZGtWTUVDTzE4VlNOV3dpcmdOa1E5RUV5VjlkKy9QTFNUSDVqc0J2UzA5V3ZGdVkzNmlsbVVMdk40VXcyM01rMXFXSXlRV2lSdmY4NUFjWjFQV2o4dyt4S2UxNnlPS2loNkVWenhoME43WEZVbld4YzY1OG0yMSttUXdJS0tvaGZkd2FWZm1pRUp3aVhQN3RqeHUvVnY0anljQ29aTUdaQTRyNjZnV3dxZkorNlcyZURldlpwL2l4a1QxTStHazRuYzNHYzR2UldhcjBqVnU5MC8ya3R4YXd0UWE5QzhxOXFaclRsZklUK1VQdXU1dHFIays1ZkRla3hzSDZrZTB4K3RnT3lsb1dRWlJMU2xDR08rQ1pyMjU3NGVNUklQb3JoQkpBVkVxMTJFVHNRRlRxTnkxeHh3TG9uekI5Q2dGYkt4V0Ftb2k4bEg1Ti9xME4wTmliNU14aUFrbVNUZzF6WFlDV0wwUjdDV0hIVFQ1R3VmRXovaXZyTkhoNG9rZTZKdHlJZDVUSnl6TjlZWHA3WnFRTXhBckNCdDFSNmhwR09IT3FTeEliK0RMZkdNVzZpUWJJcmgvM3BVMGRiWHd1KzlCTWxCWGZhNGJCUWRjWTBMemc4TEVOZWJ2YXh5RExyU2F1d2VsS3llUzYrTms5NVg5T2piNGFiL0lQN2MvYlZ5QldqVWtzMVlOcW9uclI5b0k4bHBTQkdjWkg3bzk1K3NQWjVlbmJlTHhtOUJtM2FPMXVEZWNEQjlybHFOc3ZXNEVXaGNuaDRyYndGMkNYOHczcUs3dS9iUEpHSGhSQ214UEtVaGxadGVXTFEyOEkzUjBpemtSUFRXRHRjNCtqdjhZNDJnN3V1Zjc5SWxva0VWS243NTdKSnB1QW5TVmNmM2VuVkhPa1Y3SlNSczdJanRlczByQzQ1Z2FaU1M4VXNpZVpyZWZwK2V3d0Y4QkdCa3dQOXI3bzQrMVlxRktoZklSYmlydU1CV1N2R3h3c21aUFBqSTlzaVRXZVpER2d6dkp5MHN0Z21tSklkdUZ4MVZSR1l1dWpFdHJ0QjBxVXlKSGpkQTlpWmpVOEVybDV6dGx5YU5HN2dNRExZbENjQnVkdDdPRXVGRG5hNDBHemJiNlc2TlErZTgxMnJ6VnZGT1hqQ0tiSnJuaUFLTUxod1FOWWRycFoxcU1aUnNTaWY5bzEzTnZQRThZOGpMVmhQK2RHZHA5TS96c0RsNTl4MlNRZmc4dFY4dTRiU2w0Zlg4MmJCcjRhem50ZHJ4YXRUZTlOTnF5TzVITG9JUmE0U0lDUTJVNjZQckVqSnpLSGxvUTB6WU41ek1jU3dSNTc0azQ5MkhsV2pqYmZEVldJcUxSWnY4N2s4MGZZbFVjQ0w5T2tvREFMZlJGSnA1ZUFyL0lFSFFlVTcvZU92dnJYMlpiZUhFZmVZekJVZmpreWZ2akFTOUEvRWQ2OEVHZmMraXkxUDdqcEdNV2paalJrUDFBR1Q0N3F4R2NmdjlZOWR2dXpXelFaajlzQzhwVm9BUEViaVZxajlqNlFRWEI3b3VZZTlSVHdaZlVwSGttVU9yWXVLd3BQazU2ZHBqcTgxNmxYUThCYzgvZEhIbzhqYmRZWkczZ1Q3QU1MM05TbHVUWkV0aVhlQ09aVVEzcmt0SXRXalI3K3JaSlRBOHRzN1BHOHdYcDdqcDJDS2kzbHdFamZJMDRNcFFvWTlSUitiWGJnRk1qTWt5aXpBRnl2Q0dvQkMrR2owQW5tNkRtV0Q4L0FmdVJTc0ZCRlVzVlU3QXc4aW9lQTczZzBHWklYeUNCM01iNFZ4Tm9TbHl0T2JtbGFzam4yNTMyWFZwY29OVm0xLzY3ZnhUZ24veXc3VXZ5dDlDRFRLeWRwSGtKQzl5ZGQ3UXdhbmx2aTdZY2wrL3N2YjE4UVlRbEZ4UzI4bThIVVNJU2VoL3N2SDdDTlBJZEtZNVFJd1l4UW0yeUdiMGxVdExXeVBCazNkUVUwSnUxNHlYdXlEMGFlMGk0aENmdUZSWUpiM1FCaWhlS3RtcVEwcGplVG9xN1k3cGJMdHJuKzdYdG5qd1ZKUi9neXdJOVRXQzY1YmVISERodm81RkNPNlEzWnVrTU1SYk5NVlhsOVJibnpwVDdORXQrNnk2SUUyZ2N3RzVuUlIzSkVUUFRDaGYwaS9IWDRJaWZaUEFzQi80Q214SzRkblNla2ZxcGV0K1hldndJRzdHUnhSdWEwbDcrZWV1TEkzUEhsZjVtMkdlWU16aGt4NVdVakx3dEUvb1ZaaVBpYkF2a2hsdjhCS3hqRHNSTVJOSnRhbStkV3JSVDkyekZLc0sxRWEzTGhYdVorNFk4NEdlcHg3dDBlQkV1d0c1SzNQdGlJSkI4cVZNOHJpS3dXTm1Vc2ZUbmc4OTZrY1g5TTIya2Exa0Jlb0JLVDNDMUk2TzAvcmt0SG1lNmpYUEFlN1VYbEp6L1gyM0Z1RGdBOGVhNjRYeGI3Z1NVY1BpbWFsRWtlTzVZZVd1SHZVbDJtOFF2TG55ejgwUGp5N1JZbTFsT3A4MDN0Qjh1c2hpWE5MNVhjMFhHK1h6bHA0K1p2NXZpZUorR2p2TGZNNzFqcUhLYlBWZVZWUHZXdDdvZnVwYzJGMnAvbVFwUUF5c3lqL3pDYVhPTEw0VUIyNXNYMVNHV2ExRDFCT3dDdDdteVRoTGZQaUphd0JQTm1HbVlOdzg5Uk1hZFF2RnV0eGxta3k2d0ViN2VsVjJtd1pOT2V0Q1F0VzliR3dZK3pkcSt6R3FraElEVnlwbUwwZ0tJbXVMbXZtdXduallBbXU1UjBHd09IQ1gzRFBmWVFxSExPb2JDK21nMnZPWVVuMjdqckxzbkZ5MXRMV1I2R2tsZXRxV3J3bFNBVE12cThic1h1OGJwMnllMnJ3aVh6SE9wMFQ1S0F3WndEQ0pVZzErZmJCUWI2bEtkc2paNkZTbkMzZ1VLZmdraHo3WVpMQXJXazBxS3dvaHFGOGZoelhjZk9kMytaRTZZU0RHRm85dEpicGdPS0tqT2c1MHJHZjlIdU9lT3BybFFyb0ZWZlVyYTlUSTAyYlI4b2NGOTY1RGhreUpOb2l3SnVqN3ZrbW1qR3MvQ1FmY0pQcDNab3JXbkZmS3JZd3hDTE14aEhvQjcxb05KbFdEKzl1Q2x3U3hTbWx5cVFXVndxVlBiV3ptejhvTzl5RmJ6MUIrcDRXcWI5dksyRFVGeFRaQ29iSHdNdmdSTWxwRzVERUp1RzlvaTU4czRrOHFtVkV1T200c0pRUXhteUYvY0RseER5eXdCWnhYdmpvQnljV1FYdzlPaTVJbFlhb1hOTm92bjcwNDd1ejhuUmpTeW5nQmVuWE13UkRUVWVhUk5VbDl3S0oyMytaTWg0aVB1S0MzNlhvZWxLMU0xZHhyTmFFQW1nQlNwRWtRTzZzeEJ2bCtOcUpVdXFBbGtHV1NSdlRiLzRQVXd5a3c0ek9DQkhRU2QwclE5TlpyNjEyTkNoZzRIdDlicmtSY2FETHBpTHhWdWQ3SUFMYzc2Z0kxYldrVi8wTUw2WGdycmJEclJvK2NpdUxCK3pVZkE5bS90c2RtZDZUUElrZ3pyR1g0OXRlTkpmOG02RW9QTDNhcUxTcmFQNjhYeVhTUTdXbnhlU1Q5eVFEVHMxcWcralV6K3ZoQzVSR3JxUnF6eTZCNTZGVERvNWlEb1ZlSVRiNHJUT0NUb3E4WmxnTDdZV2hvMDAzV0dJZlZaQUFicjBtZ2FSRi9PNEt3aVluVHJoTW1UQkRhL3d0ZFpmZmFMVGkzOE1GZC95cWtCcTVzL2xlNks5TDAyRndUMURxcXZDdkdGSmZMd0JnQWZZTUNYUTVLZGV6TENkeERNN1NyRWU2SDE0NnRoeXE3amU5TEg1eFN4akxRT0t2Z3ZYV2d0aVRYbm55WE0zN0kxcUQ4MWtQRGRiMGR1NVRJSkFobnhXWVNqc2haRnFFdXhxVlRZbjU1WVJjdTU5RVJmVjIzanZld3I0OFlBaUpLS2ZHZFJEK1hOSWptSkNyOTNJSGZqdlhvVlNGdmxncWpQWmM4RTIvZXY5NjFhbGRBc1lOMVZTRDRaZEQyQXJNa2JIelBCeUFMR1p2bmwxQ2RJbzB4NGNHU3pza2FabWVvSUJLZm1YMDhYaXF5WnovRGU4QVBPNDh5OUFPczk5cHdiRTNIdng3aU9sRXBBVmNnQmJRSjlKek1iN0dMSXV5azVRM3E5Wm0wdEpNK1R2NW5SckVGaDFjZ1dMOE8yM0xRRE5xUjkyQWlCalZwZzk4K0JVUUhBTUpQU005d005VHRhSjhkaVRacEJ2QVRKQ3pOYnNscHJPQnJUazNoWGhaNSthU2Z2bWdwVVU0UmNxRlBNYjFTcWtVNVJkOEw3SlBwSDdFMGJKQm1SbXR5TzRTMk1OWUt5TVA4a3NjOWhOa2d2U0tKQi9BenlXbHZTLzBxT3QwY3UxdFhaTnBkYXRYampOOGFzd3BoU2Y3VGhXenQ3Q1k4bEdSdHJpOFZSY3U4SGxwM1dreHJxTStKWU9JSWlDblZRVTdsQXU4TTJ4cm0zRjBkRGRPSmRKZDNEWm8rRUN0RnhTSzBQU1BxOEJKNS91eWlTMWR1ZURDVUlONVJGdXo0eklnUnJLWFMySlVZbXA0My9jOXVRWVNacm5HWmlZYzdIaFFxanNQWjdBbkEyTnlQODZJb3NTY0c4YTZHbk1rdUxubmh0dkVRRW5HUW5rbkRxbm5vdU9UY3ZzWFNBS3hUWlRxRHZveEw1RnVOcU13eTJ3Y0V2ekNVNldyMW4zZGdIT3RabmJ1UUNEL1ErQW4ybkp4U0pUcFMvNDNJWXRVMkVjYmhsM0hicE5JYWM5MzEyL3ljZFJScDJHblJWM1UzRFNhd0JQOVhYbHFiVzVEV0VScGFXZSs0UHFpMGNXMy9NTHBmVk9abkMvclhhRmZweG5pVXk1dllZMFRWNDROTGV1NEpjcVF4VzM5STRQeDZ0MGRtSVVvelBMWEhkODh0UmFRWi9hVWdjbzRhT290N0ZjSHQyVjRXNGVQQkxveEsxM2FrRGwzRlNzQWtmOTROM0krZFNTaDRhdkkxWTV5LzlRbXBqQnI4SnlBRjJEQTYrdUQrZHBTRnd5ZWo4YjlyRTk1djlicGFrVFhlRGFJN3ZKaStsRzViQ1VVS0lUczFLMExValpraEFRN1ZsNHhUbWdqY0RhMEtKMXgxWmJkZzdydlpQc1F2eG1UWTBUYzkwOE1IZDRaTnVOWHl6RWVPaXlGUGhyd1lZZ3JPeloyUUVCZGMwL3ViaE9adks4S1B6WWlyYkErMy9wWWZuM1c5djMxOWFNN3Y4Y2VkTDdaaEN3akNHY1pnQVJhRlBvcU05Y1FMRkVaenlsMXg5VWdDVU9tL21DNWRIcko3aHdVbEs4dm11Q0wvYUdERTJQOTRBU3cxM1k5TExqaWh5VEh6VXhiUENRTzdYUWJkUjlBYTJpN3N6TkpNZTNMck1zdEFFaVppYXI2RDNBNTVENGtYMkVUcjBrVmZvTVdQdGFuTDdnOVVGRGpZWHdjeFVzMEw2U1krbGVkeG0wTEJ0MXdPcHZHNlhDTUhnVUJQWVA5clg1T2gxb3BYU3IzNE0yTTJWcUh6YnJ1T0VxZXE2WU5XdDlxak54UW9HZC9zdHI3TythK3hLQmhvZlJ1Mmc0UlNBeHI0elNCek0xbnN2eWphYTZrK1M4VDFPNzBQNnhReWgyOHFwTkJMRHJIcUJhb3lHYlAvTWdmMjRlSXBmMlBLNmhzRWpPRk9zSm45K3Qwb3lsVDV5WW0vRlRHbzNTblNjS2U2SGIzSHY5NHdNaUZmOHA5RE1RbEE2VEVZeE5DTk91b05ub2hSSTBrOFQ5NlBWaEVnT1dXRnIyUDdmbkJ1ajc1c1BnMjhpUmxZUktsL1YwRkQydnN4WHV0MWFvM09TZGVyOVB3cDM2bUx0WnlTR2JzSHZuTlh5MVgzTjBMck5xOU1PendiMkFIMkFTMnFRdkpFQ1JGZkloVko4aUZvNHpqTFFOZUdKZUlFTjNON2Ruazh1Qy9NYzV2Q3pGaHhVSVd5bk9BODVtQlE5dmdUTjBGRGo2NWZ0RE9yTlV6RUtVaTdPbUdLSE1zSmxDQjlReG94elJGRDB5R3hQbXhRR0lWaFdQQ2tlWUEzZXI0dHRtdWczaW1KL0UzVWJTYzlNOHBNRnhNRHpXelZNQ01BU0tFcCtHYjMwZUVpQTZZYmFkcUtxNnBaMkZJdU9FWmNSZnZoOU9YSklRU1d5VjdBUGlNV1FxNTlYWWJJK0U0ZnNkVUhuWVRaYnVUR1dDN0pCcmVvSU5EUm5yZ2d6bHJXa1ovNVc3N3o5L2N2anVKaEE4dUkwdDhsd1U5MVVDSFBJOFlBTWhkVjMwVE5pUFVJbXRqY1N6K1U1ZlZnd1FreUk1Q1NqbThlZkRKamRaT1Y1S3JVTlZvOVJmc3MrQ09pa0tneVR2VXJ1UHZZRDlKMllPRWM2SDJHK3Z0V0Zyck94SEJOcFllS2ZTRFY0QW50bDJPVmliNWdScng0WXBkNENxdUZ3K3BMd2FMYTYzSHRoelZzT1o1Vk0rZ3U4L3g3M3JXcDhoSlhGa3d0Z1F4VHEwbUF4UXJLTDEzdTdrZ3lZSDRvY3VGdHhXdjNkMmFGTGsxZzhndG1ycHgvUnR5ajdkWXlibUFQV0VGREM2YXNYMzlkRUZENGQ1NVlVTzUxbnlZMVNYNm51Sit3TU9EbGJoUVpUZDZpcFVqVmgyU3lUOXZGajJWeTFweVR6ZXJCbm90NUNjSFh1dHZ0MzJoenZNVE5BTnJIakQyYXRKa2RGUE9qMUJIRzVmY3dEeHAwOE9CWEU4NEdIaDJIK09oZ05iem1oeFJIaEluaXRyVlAyZ3gzZm5HUjlPK1lFdEZ4K2JzRFhRSExpNnRPY0V5dVdwUUNGOHRaeGpaMHhvOUpRUUgvQ2FLR29yZHRYU3V4V1RyeE1naE1GWGJFaUJPUENBNjZrTEQwbWI3U01ZMHROdVBqQ3R2K2sxR3lqWWJNdGtUMysvdDNpdkc0RGxYdHNSNiswTmQrbkFyb2FkTy9OUnByV3hqRlZVRmZ0NG1OeE0xNC9tc2prVmxQeVphb1ZKbXlka09IcGFnMWhxR3RTSTFYS05VcWdyVFZPcXVyOXNUWjdqdU90WGlrNmxaYTJxT29WdWRWZFVOUTQ2ejdMbldnZ20xR0dZSkdQT25Nbm14N2I0VW0yOHJMTHBWYXd4SlpDWitoLzNwcGoxVUljdVhPdGF1UldQbmc3cUJGYVdFbWZwZ0l3U0tFaEQyRmlaVC9NZmxadEpHcjdEYXc1NHJyNTdtM3VHWUUwS21jK3VuS3JBQWs2ZVAwVm93OCt4bXlVWGRkRnVSLy91OHBXRFFyNHhvZ2Q0aWZXQkFpSkpuZ2RFZjFzMjFjcWs2N2ZES0RwSGNpZi9wdFVydnlYOWxOdms0ZDFrYjJ1cmxDUjlGVXVWc1dsWnMvb1BuZUd1RmM1cm0za2g5K1BtY0lVcWpLVllwdmJ2TzNEQUdpQ085Z3ZQUVIxMjF3K3pOdW54d2VrcVJnT2RqRytXbCtIM0MzbEtiRG1TQis5NTRKWXk5UGl6dTlYRU1Vd1AwTU4zYVFFN3llZVg3cG1zS3dURU0vYitSaW9iSzl1U05VdER0ekp2SjdsSTZ1M0p3a3R5a014ZzM0VGkvVkNPZkc2RW5iRml2eTNhM3hZc0tEVkhZY2RtU0dRVlh5VEhPS3BDK3ZvUFYyVGgrc3ZMV1E4UEdBT0FRYVZ6MlN5eExQdlB4Wit1TWpsYnFmajdlOGx0emsrc0tLSkJEY3JVNGNmM205bnlsOWgxT2hOb3ZGNW43azVUU3pwakNEanlsVnJ1Tzh1Z2pMRWt0RkFuV1NPK2VYdTV0cFZyU1UySjQ5eWduQTNFVTVRdElvZG1sWWdtSDBpVEpDbUVPMFpMVGcrakh2KzNpNDg1QkUwZ3pRMVMydWlVQ1BnZU85RytlbzNnMnZudGVFQ2lKSWd0MlZQb1NxdzFHb1RqcGZjYVcvV0ZxZG9OODZRV1ZoOTFZL2dIL1Vmd2tUVVNMcXVlcU55YlFXcWsxc3RrMlI3UWNVNW4vcjkxWmtmczhCc3poNGJWVXJnSzZLV09Lb3NGQ2hvOFhXU0I3RmVxeEpPcFd5engrTVNQOFhsc3haNmdOdFVabGcrc0xxMFhQZUNiMWZnaUF4Unc5K3BIOWlZMUQ3ZjFxcENUNkM3L250Z3JuUXVmaStWb21jdE5wMThlRG51eHo2ZXpVNXNlemprR2o5K3N0cU9qekU1aVR6ODcwaTY3SnErU2NKTW1vUWxjOC9lNkhwZ0hNOUw5Vzd6T2puZ3BpVmU5OFJhL2tjeDlPNUd1VmpzUk02ZjRsa0NlV0xmaEpTaElEbUlTWXMxMlptR0M2eU52MHhNY1VTcEJJQjZYelR6TnBEVWIvYUR5ZUlyV0NUMGZwUUdRL3RPcHFkSnJIZXVSKzByVFY4MzU1UHhxZGVyT1g1aTV4ZmJOUDdCMHNXTkFOMWhTbVdXeHQ3V3d6RVRsWW9WQU05UW1adTVzVkpTZ0hjN1dUWjBjRkJIYUVGVnpxOWw4WVZqd1ZKY0ZUUG5Cd21ROGNheFdLNjVSeWIyMGUwN2lieHhXMVBBb20yY1Fndno0Sk4wclBUS0FhZ04wRXRua3phLzNuMDhEUTdKOWdvMllJRFVkZ2UwaU1NOW9HQVpQYUx1UlJteDk3ZXhRUFFZbEhubkxMR0wzcnl4SmZpaFMvYlhyN3k0ZTFnRUV3VzkvSjhwbzZERFJ3WkdYNXpDemlwMk0zbVcvOHpaeXB2TFNFZVp0OFFNbHgyOTNkZTB4U0xsUFRicU5EVlo5OG9CcE5QcjI4OEJXcExRRDRNcGRZUnk1UzNiWmZORVliWDFLdm1QVnZScjdoOVJUa1lTc29scnBSOFZxTEEvWjRQNVE0a2tZSlBTbCtYNDVBNWxMTTFiZjJoMFpCc2RjVEt2cWM4K1RBa1JDcm1uRm9QbXJFTGVTT3cvWkRuYy91ZDJUZ1NOcTBlYWpSWi9HMGdJek5IZjEyVFd6VktLWVZ2bExRNEl3Z01vTXRGRUJhWm00ajA5Ymowb0t0ZDRtcW5Zd0U4QWpZM093R0kxOXVHdlBRNCtzUEgwVEp6eFpReTEzYjZWK1FoVlZrN3k4NFcwMXdHaXNRZjNqbWgvT3FJVlBXckI0dVFEeVU0eDJIY1lMd0pwall0ZjExbDEzNG9XVzNHWEVhR1AzSEVUYlFVL3pSVlJvVCtMVnhNTjQzYTlvR2ZsdThqcGNRL0NWRnczTGljSDFsdHN2dmhiV3M1NXZvK2JUTVp3NmVrdm5wWDUwM1BrK1RpSWN3RUN3NUdJWUZUUms1QklxMWhueWtWRWNMeFMwUjZYZytnNGlNZ29TK3FTeWo5ZDd2WEkrZWtwaVphZ1YxaWRhNXFjRThvQjFzNElSYk9QUHc2emVzNVRiTnVGM1dhR0J0alU2d2VjSUJ0Nlk1Wm4zLy9MUzFhdlBSSjFsd1Y2Nnd6VXhTdGJkQ1NNZXVmNnp6cWI5OFVEK2gxNXdaV25LZW5VY0lPWHdUQmRER245OHBzVTJ5dkdRcGxoZ3dlMFRmbkxOQkNuYTE4YndFZXhEYWNKSnFGSVJUSVhpR3paVk5XQUhzYXVZaFQxVnN4ZVVRNUg1MTgyWWxnS1JEdEN1a1VGTGlpQy96aG0zMEtlRUhWV3VkMU0vNmtBdkNQRkRuaVVsa0VWMHlvc2pxQk9oT0JqZGIwdnRlVElyc2dhc1NqQlRQSVRDbjh1K3JLQWZQanRqclh1R1VtNUZSZER1b3N5TnF1VmI5ZndESEVQRjlBTkt0SWFYUDN1cGRtaW9HWVFoQXA5TUtKcEhuM1RIWHd3RHZ0RnQ0MUpnU0Q2NFFHQjhWbFk0Z21xZURqdm1NM1ZIWVk3WXMrZ1daWS9KWnFXbVdTT3BmZENLSzQ0NVFZZU5lMityWXhCb0pBQlJ4Wjd1dEczeTFPV09uU2YrcmdwOVlOL2FuRXcwZUpqSk91clZOT0VqL3dyRXh2SEFiSTNla0YwWEp1b1Y5czJJVVdvbkJGTUxlZ2F0dUlWcXl4RzhWQkF3WC9kUVFDVzN1R3FlS3lzZVNGcUFQMzRGL1lZYWxyOThrV2hKYUZHQlpWUEtNWXBhY05tVzFVaGpFYkYyZUozNjBxWkZBenJuUjl2NDNHSkFQYnNuTE5EMUJ3aWorYUJyMVRKRlNnVTNzWk5wZE9scGE5MncwOUtxRlVRV3dPTTJBVmx0YXNuWDQ2YVpueERpZXVJazVWZTN0WEhzd3BvbEFWQTNXOVk2YkJTMlJGaERVZTcvWitLOXMzNkw2WHVBTXdaTmJpUTlzUU4xWHhvV0pNSjUzMTdNRW16SGdZWW0xQUoxSjlwT2hnQnJ2MWdkMFAxVDFyK0pOMWcrc2QxcjlhWFd2cWVkUmZxUmRaL1d2cS9yWHpQNGl2elBUNzZmUFMveTlkVjl1UGJ5ZFZ2cWg5T1BuUjg4WFQvMWRQVUwxTzlSZVUzblBMZFhlMExwejRiV2wrSmoyMDlLdmJ6MUs1cmpxOTZ4T3FuV3ZXSHFxc253dC9HVERrR3hkMkFTREVOMGFPSGdBWGhjN3FPNnh1Wit0ZTJRN0t3a0VQbmp4L0dnelVYcW8xWnNOYVNKc0xRN1diNUxRcGJuZjNMVGRHdVRLWERRcTlTaERNNWNsS1J1anJvcXRpT3hwY0VxZlFERHYwTG5KYlZWQXVVR2hSQnZmVEZ4RkRweW1uNjdYenpEbWJpYnFkajBwWG5BWFFrTHRXYUw0R2tLR25scHgwMW13UjZiUExtY3hPcGNFQ0FXK2syUlU4RGNFQ08xaGhhTFp2N25kblB3ekJKRE9qT1REZXp5dFVoaDhmWEsyRXE1VlhpK0J1QXhuNmN3TFJVL21xbjAvMWxhdjJZOG94b0xDNmVXTHRkMUdPL1V4eTR6WE81eEt4cGQ0QU9TejB5NWdhc2U3TGFUY2ZKSWpWRUtCMytaRlFqeSt2b1d0ZlB1Z1MxMWdOSGhJa1BFQW5sL2ZOM1NYUklhMWF4TDE2Z0pRcEFHSVZvS1lTWWh3cFhFTVF3cDN1MTBJVm5jVG1WcVZkM2hhRWx6SHFtNVBTeDZ6eXJUSFpqd244R3pqcnJodWRxMkxMZWd1OU83N2VSVDFaWXlUdm8yTFVxR2orYzAzV0ljaEZSbmVlZ2crNmZ5SGtLSUhXcy8wcGZlUGlublU1RlFDZ2tWbnBTNU5YVk9CVzgvUHUxMVRiMmNFUXlVeGx5K3F4cGxmOHAxMFFJWWRNV01tRUxtVkN4Z0YyNGRMRzVnTUxmNDc0QkhMMUUxb2NORzF0SUxWZkllZGU3VDFFN3U5MnU0anUwUEVxN284SWdBNjZiai9JTXo5eU16NDRsZUpFODhidENmNjRXaC9DVVNXY0lRenFPZEhnYlN0UldqZ05oTnVTVkV0L3lIQkdUYVdrZGpkdlRlQUJ1bGNkUHNGK2JuSWdjNjJJd1hmNit4a2FmcFRzNisxcVY3ZWRzak0veXlyK09mcjdUVWwxaXU3akQ0NWt1QmdqTExXdW93RmZBN2EzeWtpU0pZcjVBV3VlNXY5aERQNXhpamVuZDEvVWxISUpxNStRcE95U2JVb0VrRU5GV3RVTEcyODJWV3NsTXdrQWtYYlExWUYxdWVJYUpXb2Qxanl4QmkzZysvTlp5aGpiYjJGNlVvVzVQRVRWTlN2UkRGVVo2a3hneEJVcXY5SnMvdGNpcHZsRU5QOW4rNmJXdThzbnhUeThVZVdMRGVVVEUyc1BBK1B5OTZXTmE0RFF3MGgrWDhFeEw5OFZmZGhNTWJXcVNHTllzSDdhMkhmRGVxZWpWdVlSd3NrcXM3NUI5MnBtNnlFQnRFYlFwdWpDckNkTHVLZmlSSEZJano2dlFlWGFCbjU1OTJGK0Nhakw3RVlOQzJWM2JWVVp6UTF6dCtTRDg2VHlIUnc5UGJPcERBcnlpc05hVDZDbzE1bld4cG81eURLemo3djVoandGVVBuSUVadkNkQ2NjRko3VVVpSTVJdkl3bjlEMlVLcWNUZFRwNkk3eVFRWkI2Y2RGalloRjdiSDNYcHpQWGlSS0hTWWdWMGNVaVBrTXI1bmpxc1FiNC9mU3FicjZIRlNVZEh3UXVmNFJHVHQwWk9UNFVQNmRIaE4xRzdvWjBJQzVzUzVncjB6UU9OVE4rTmd0b0IvOWJHWVNwUzc5WlJuOVZnVnhwbThOS2o4QWR5NGNuSDR3Nlg2UUFKd04xMzUxMjI5YmNTTTk2K0FtVkM3cTJNM2tUTmNOVjZ6WHJoMmtQL2NUemw3UHNJV3BjVmY5KzV5ZHNxVlpuWk1oS0ZEbEpOV2NhdWFETTROdmVPcU1aTGI5TU9rVjNpRjN4cTZIVng4ZWdSS21xUjh6T1BYNU5lSlQwZ3VZSXVMRHk3UjFJbWRKVDdSNzZqVkRITGN2Q0cyWkVlSzdSdWNZWUpWS2d2dUIxL3UyK3ZXTENWTXRSVHRFdU53blFEVnhwMi92NEVtYk1POFNRM3MyelptcWwvdTY2VkVqb2EwbVp1MDVFTGdGOXJSY05sbEJYTG9NelBGWlF5anVpc0ZUSFNVdkdueC9RK2RsYU52VnJDUlVhc2o4S05JUFZiT0NCOTR0azdRb2JLR3NteGkyY0N6RlVyYVRld3BrVmRzdlVQMkZYbHlyd3lXd1JWNWJMNGx0blBucCtEVWNpRSsyV0ZhSS9Yb3NMby9HKzVhSGc2YTM4YjhsUW0wcFFKV0ZKcGJZblZobFdoUlYyb2lncklwSExoakJydU8xSW0yVEJTTTRJaGRVYmR2aExSYmNjbGM2OTRqZ3VPZXc3QlVmR1dMMm9tL01zVFl4ejBmdW54cmhlVGF1VFZnSS9uYnFna0srdVFYK3QvbWVmWEVVb1pVaW56UWN1d3JRV1NDS1ZHSWI1UExYNTArVi9CTzhacFdBRUNtbEhXY3ozME4vZWpDTUIxeGN3WnFnZ2ZpbC9CYzdrR0lHSTd2WXU0c00weVppYjZMMzhoVGVNa2dickRjYmhMRHVmU1RFZURoOHhTS0MxczFVNlpJUG1kVTlYOW8yZDBQaGVGN3p5Ui90RFlNMU95bFJJRTZsbVZ4VXRnMzczeEdBUkhDREpnM0ZaenYycHA0LytuT1lwT3RjN295NTFtR2lQWGttQXNhL2hWUER5RTVCUlZlYUNFVGI0SmR3M0JsR29XNGZUQk5xbnFFektVT2ltY2M5UFlkbGt6MW5WZ0h0M291TVp5US9TUlZRYmFxTURQdFd4dDRqajNMSGhCdENKVG1ncEZXMzdBRDdXRjdrRXBUcS9HSEh1cG1ReEIvMEdlZThFeU9nOVVhOWNTQ0V4QUZHK3M1YzEyVVhXVk5JekFJbzU2VVducllnM05KR1JmNkFWb2xGKzNBMmNPV09oWERtZEprWHk2aUdhdU5JMFMzNGFTN0szeTNneWNoMUtqMnFGQURGbVdKeVZzRGx2TzRiTFZLb2YzK2l3Qmh6R2U1MXJqOUNnS3F5L3FwUjE1eDlnOFRVc2F3ZGROL3ZaMjJwUnJMVDQ4OGlVSmY3VVVlN2gzdzllMEhRYndMNlZjZ0ttT0FmZllPQzRpcmtpSFBRSEM0U3ZKcEowNnBxVHpndUoyRkJ2dTlzaFVnemNNL0tvSGdJVGdUL2Ztbi9VQjZMSWM1NkFLZnNoYmt4aEduS2VyWDc2Q1hwY2FHdUVHd1grb2M4STMzbGJQbXRVbWpVM1dCQ3pnYU1PbkhaTjhOZU1vRDA5ZE81WTZxcEZVa21ZYTl6M1ZyUlgxMGx6MmZaWDJ4T2ttaU5HL2xWQmxyYktiODBzblRQR21HZFRLS2lTdFd2RWpKbnZsanF0NDE0OTZXbUsxOGtRZ1RVU2k5dktJSEdQdXRSdzFVMUhCYUoxRzBZb3VxVHJEVXNjdnVQZ2VrYTN5aWJmSXlOczRnSzNXd0xkdDlPczhHMWR1Z2hRYS9wVFVLWTJES2piZXZpaExwdGZIU2JHNDFXMlFvdFhLd1NiRmRVZWlvRmE5MEhIY0dlMjRxWFk2SHNMSzN1VGZyT3RzN3ByUjM5OHB4WW44ZmdzTitYSytkcEJNSGVHUDc2TWNXa05JQTBLOERmb1BhYXI5VDlCVG5FY2QrQXcwQ0dKWE40eENoQ1FhN0M5MGRQVFhDMFd6ZDJLOGtWYmRSbi96aHF1c0RPbjBrUTFlaTNHR0Zpd0NTV251SDMyTFdjVEozRG8xd1FqUzQ2alNTVSt2bjJ3eC9vSE9rUGdtYjNTYTVkS1pQUXNvTitKc3FRV0tzQzFZbytxN1EwdVRvcnJ3Y0pFYXZ5dUtRNlo4T002SGhieGVXd2hHRkJrMkdpK09saHRwbnE5NnFtQkZma1NFU0J0WUdhSVp5bFZzeEd0Y1MxYlB1QjNYcUZFZWU0Q0tJNHh6MERadytlcWRHQk44b3BQSDROMDNHc3pqS3oyZXJET0hkcEJ3TzY1UkV1MHBsWDNMTzFNUFRaQ29rYysvSGhHeWpzRkp4Wi96dE9hOXpjNlM2a0dZc3JPUFZOeGdqbVlZYkxib0NBS0FzaktKUDhNckFobE9ObWU2RWFkZlpEQmw4cWxKL0xBaUdYOWlNa1RwdDZWRkswa2FybXZCMm5CTXRuUHVqUWJWV3V2Y1duMFNES0NzUFpqR2NYOFdZbWRPMVA0UnBsVjZJUTRtS2Y0SCswdzhOL0ErY2E5SFZUQU56eWtsakpvSXJnM3phRkt1YkpjampwZnZsZldKVFluRUVUVExwVXZHZ0s0Z0VNUkZBREs4S2h1M081ZjQrVFViMTd4MjNQU0d5Ti94Ykd5YW00d1VHRG8xNWlTL0s1Y2N4b3haSmlJODFrTGtvRFFZUzRoT084aytlTXhZWGpQTUplbmorTHo3VHlIdXNIQ3RXSnR4UVFqNndxSlVUbEMyWEc1T0dSWWJQaE9rbDdTeEp3dmw2a3loYlBhSGNFUE1sbEx6amZ2RmtyTGF4OGhIamdKcU5JdUxaTk45SHBqSmVjdHlQVzNyQ05qSS9xbzZYRmxJUEtyRlF2RXdTWSs4dWxuOWQ0K1pGYkxKelRlbU5kSjhIS3lkR3h4b0d2M0M0L3Rwd2NNOEpIc1pIQTdKbXVmQ0dwRWp0OWN3SWdmYlExbkt3K05kMkJMd2JBZ1JPSkxSUWZYbTNHRVl6SUhGaUt2NGYydGtYTXhTRnRGbWUyelo1NU1zMnhuRTFJS01GWlZlbk5EZDBTeEJ2ZVYrbFAzRGRzTkRUNzVqVSt2Z0xTTjVqVHlCNThhd1ErT0pnRXNERG1lcEdPZXZrRFVmSXR5TzNuNFNNeCtZK09TTXFoWlNhSnNZdUJxbFQ0RzFCdEMxOUxFN1Yxcm1zRUFlSHNseW9kTzFjWXdrOFB3SWtQMDBua2o1VEpGUDlLSzh4Z3dRTVBsWjdSYVRmOHhtRFRqMERxb0plcGdTb3BSTHNWOG1yOUFDampGdm9vQzhldlZkUXBRbWdEcjdEZndsQWRlemk5RUhoSkNiVHh0c3ZnaFpPRlVORDBlL2dFZ1FEMVYxVEhQTmxUMVhUUzFPVk50OEdWQ2ZWTGxYQkdVbkV0OVBvN3MwcmFYdzQ3TDc1TWxBdjlNSGpTWHcxTzcyUVBabFphdXM0WWx3MkprUVAzUVF1R2ZuRkZDaDZVdFR0REpjTTk2L0hJdllOZHRxbm5maHVoOENLdnpZUHZpVjQzcVBFTW0yTDFWVHB0dUovbEk4SnVrY0x4cFNNZjZ3czdWUUgvTVFuZmZKRW5Mb09FU1JSdnAyalFWWmxUS1IxYnVsTzk4bTV4Y2hSVDlndEJSZHhDbS9NcDZXdWZ5TW5IemdFUzN2QStqd1JoL1hndTRtWlFkTDZEL1lZekUzb0V0VzU2UU9zRS9iSi9Rb2hRT25OWTFEZ2NkK044VVg4V3FGWDBRamlMdHF4U01KK0tnenIzRXVQNjJXZGVzN29ZRmJYWDhtZnpWbXloekZUSzlqc0JPL3dUYlF6WW5HL1UxWGMzQk1NZk42NkZhcGFuYXRvalN0N1YxcUkwZGgxTXFXQWdINFB1VTlWV2lzVklmWkJ6eHVqaWxCUkU4RXEyZXMxYU03VTJoZkQxc2hRNDZMMkxJK2JRTVVDNERyNmJTTVJSM0hieEp3WDA1MFRCZkJYMzMrNTRmTFhFU0IvZ241UUVZTnVQZUIwZDd0OHNxWHNuK0xIVDFTeVRMeDMvUGtQcWQ3ay9mVUttdDdCcVk4YVlUcm55aEUxNTJmM3h2ZWJFU0E0MDRCeERQTnV2dEJTSUJMVzk4REt3aEY2NmcxMWdZL3hBbjJhZkI0YlpsZXRqZ0dkbWR3c2Q0ZHR1NGlYWnNiRjJZL2JsOG0zbEdLQXlTT0FrVTNPZDk3S2NRblBZQlY1MzFnMW5ndU5jcERFNk42KyswS2Rrb1MwTHAwa1hlRXphRVRIUVRhTXJGRUJhK0d2dHlEOUtpd2FrY01Ham9ZZ1dyR1pqc2U5RHBHcFZSWDhGWVRXOXJzWW1kSk9hTDZJYWRqb2ZYUkxjV251UTRuaDl1OHBWaW9mSnh1Qmw0cmhBMW10cFJlWS92MFBUNncvRWIzblR5WnFwYVlvYUIvc0dEeUZ5N2xCQitGdWxVWVgwSjZIREZRV0psUGxYVUV6UStRZzc3cHZPQzFDRm8yTkphcHc4WHlyeTA4TlVQUnpFMllBWjJ5NC9ISmp2RlVwaDcyNUpIZTI3L3FUN09vR1pQY0hwZ0VWdHVQdFJvVGJWb3diaUVWNTJyd1oxZmpsWUFSc1NpdC9hZ21aMkp5dE1VMlh0TlEvbTZMUkpDSk1QK3JhTVJxNmkyT1gxNVhIOE0rYTFIRUdLNE1rN1FBWVhUaTE1UXhCZ1lESGJ1aTNrMEFBUENaQnRRZWVzeDVReGV6b1pXY3U3V2lkNjk1TzVocmRnWDlRaEtuekE3ODE1QloyUmVRNkhwNVRrNmhQS0pGZDRkZXRJbkRzZVU2TDNPcVZ6TWRxNlJFMCtDVDgybmkwNGg2SHNqdjhldFBQbDRldUlNMnZUU0FweEpraSt4bEtsQkdVcVhEMWVEQVpXeVBib25IRllybkRKMU1nZFkyWmVPR1BCajhaOTE4TWZxL2ZDZ0wvcnNxNXdQQ0Zrd2UvZ3ZFbGM1b2tyZmsxR1dWeEdMdDZTYVhHb01YemgwMXVobEcxb3cydEtrWUFkRndRQ0FHSHA3MzJnbk1oVVRjdmVTQjNOaDIwUmsyVlYwZXQ1bVQ1K1h4NmxaWUdja0ZhRkpKcERoVTVmaTI0Y0xia3NMVWp4MWhpb2hpZjQrTFE1cHVkaHpkV1Z0ZWhDSStTVjl2anJBSkxnM0hEQkw2aHFwZnJJMzlOdWYyTzVmRDF0MVBQSitOK2p3eDA3WHlndno4d2dwUm1ZRkdVaWdiSjJqZmVQdnpZY0ZTMjJpR3BzRTNUSnhrWmhZdVRzbUp1azR2Z3c3RnB3SnBZNnlFNWVSaUw0Nld5M0hWZEVjeC9KeUExdERwRGNPaGwvTUhuTVJTVkhmMkFJVHVFcThJcnJ5STFuengyM0hsWktrNW5jcEVhWkdzam50WXd3OHZoVmVabU1LaDB2UFVYWE8yVVZiYUtldFNwb1JRUjlwR1h5NXBRdmtOMk9rTFZOQWpuTnZCQ09KVjVhME9KN3hFOFlkRDUyV01veng0enhiOEZsWDdCUDRNRmppRmFIMXlycTZHNG1lcXFYY01FNkY4UGRIWW9FL2Ruc0kybVZ2QlloVGQyS2xWNjJmOGNpeWVwdzJaTENqUm9EYzBjQjJ1WFJaUGNUYmhZZkFVS055QlZZTSt6RWNFeFJXWUdBcTl3bkhNT0ZldDVIbHhmU0FpdVk0ZjZ3VEwxbjg2VHJEN2NkVmdxTkJUeE91dDljaE9PUVlXWG0wNGxXZURMRmc0SzNva1JQVFJMZyt5ckxtVVlnV0l5MGRNcXAzbWtZZFBXQmRVS3RLY0FiTUFWRDdCQmRLaW5DUXV0NEVxNVFlQi9FOTAremRlak1tS0U3NFY0dFRLNDE2VndrV3RXWlRXQkRlbXBWM1ZVNk4rcjZ2dXhCUzU4OEU0cHVyR01hR2VxQmJwdjljMENmQjlNNCtWclhwRGVCSUNCWTRNd3ZNeDNPYmlyM1Q1a1g3bE0xMzFBR0YxREd5Nkx0dm45cGVXazVKamdiUHl2S1hFMTRwMXlpRHd0cDNVU0J1UGwrQzUyeUN5TnJjZWVhU0FVeUFvVlBXajgvdldFUmIzV1F6RHFXMXpPY0tVUmE5bHpuSEhIdk5oM01DYldvV0hnVEIyOEhTQmsrTW9Fc09RZGJxWmxId1BzRlJmeXhzNVFvcWpPWUUwY1FsY1RVMzZPMzZhWGJNWVJCS1lJdE1KNCtVTXJQNmFoampsaG1aK29aNmc2NlVteVp3TTB5bHJKQ0cwdkRFM3RHN1g1bTlQQmpLQ3VRckZSbVhvVkttUkdJLzFnRnMvQXh6a0lMdGJKTlJGK3RCdUJjSll4eXFaRjVSZmFTZmZsT2hBNGJIS0tWTTQzaFY3RnhBU2hTRWc0dDBsSEFraXN4SFhVSEVyOUVvelFMOGk2TjRKWHdIV1RmbmRHZjFTNEpBaFFVQUJvVitDeERyeExYSXpncHR1RmxMT0xGdTBvZFJxTFVPYWlub0RFeE5xUHdUbTU2ZTZwbXVOL0RtWDU3VDhwQy9BVG4xRlAzY0wxSzZVWEExQ1k1ZjJLMHFJTE9YeUVobDYzVGRVbGVyLzhsbjdkbFpFb2xXTFlyOEtkVjJpNFJDdEJKU2loSGhCYzJnY2lLQnVUMTgxc3BYUDkwR2pxZ3AvYkRBdGVINmhCUUpVNHlXSTI4QlR4RHlGcnh6MEdhQTRzYjdUb0x6VTFldXM0eU1rc1Fka0l4dm9EY0hrOXZRc0JvOFV5TUxGdzd4MW1Qc2dlQlFmdzU3OWk1cDRsSFI3WDNqQVdmNERrbmlKeUF5UWYxY2NWdGFuMUtURmMwL1VwZjUvdlZQd2xEOHNialBDaStTWHI3Y0VibUdJREsrQmpqbnpMVHRDeXZGMzF2czZ1RlIzRlNzT25lUVRMSUdyTmhUWTNWMnVVWENyTXFrZnBOam5ESmFGYmd5ZGEwbjdBVCtIOEFQWG9uU1BKVUIwZ1c5bGpMNlJqZDZlSm5XMjB6N2tIRVY0cExkVVpEdjZ3UnlybCszYS9IODVwQTZ5WHJoRVBWSWYyOWdENXhRaHI5cWtQUE52VVZRWU5yTGNGYTRFK3ZYeWQ3QTF3MHBUc080Mzlwa2hscHlxQ0ZhZGxwZUtqa0VUOWlVSG5od1VzRkZWeTlOdVNDN3dFSk5XWEFuNVRZQ2tzSklDbkxqdElTY21jcU5CTEpqL3lDNk8yUHlrOG1mVU51VzY5amJQS20xOGVIVjdMRFhCZ1FFSGJBaFNCc3p5ZkdiU29UZG5sRVJDcEJScFVkRGFIajVvWHRuY3Z0NStweUwvaVYvMGkvU3ZBbGFZY0IwNE9wd3NJMXdaS29aajU0aGpRaHpQUVFyWFNrNUhwS2VMbUxEMnhXNTc4ckdKekN4aDdhL3ZBbW52NXhkR1lpQjduSE9XMXU0SVlBWUhMaitVN2VhUVJweldoMXBXZkkxallYNDBkVFY2cUI1a2ZtbDdNeVdwQndtc3g3OHY4WkRKUzVxbUpTL3gvMithRXc2YVdQWTF6UExJcnpaUWlLN3ozUUhMdndzdjFNM1VBWVBaRVFSZHNiM1gwbVQ3U0k2Mm5YTzFmeHlsSWt4c3YzV1dTcm5wM1NxMGw4c25EWGFnekRTSVFRcTM2bkhqMDRwcGNjTGJDZXB2ZnVNZW1TTkc1eEdvb3FXMTlmUTFteGNLbTYwNXVHckpLRjVkQ0xLSjcyQzczVkpEYVd1dDFKb2duUkVLL1Bwd2tRem4rT0ZEMnpWNnEyM2p0d1R6enhKdG5IUFl0SWUrZ1Q5Q3dnc0t5OTZhQjdPd1RhMGhuRGowOE5xMkJON0Q3aEN0bVRTSnYyaFlWd2hOeDdzQ3dpMmRtMDZSdlcrbWhkYVlUTEtHbTJKT2Vtbk50Si9jV3BSVWlUNlhROWRwYVZOSmw1enhhOENscVlsYXFUYXFKbTRqbWVuRWo1czdBREgxUjhRYmNNcWNEUkJ4aW00ZCtSc3o2Y3BKWGJyaUsrWE9IczI3emUraXRTNlBNaG1oVHp0TjZtU1JDekpqSThFK2NCd1NURmIvUGlldGZ2MmxsOFlPM1pIdFU5REZ2TTdrT3VGM2F0TlA4UWFNQWxiRkxCT213Rk1seUZ6ekVxZlo4WHRjQUprdXBaczBIbDE3bExiTUp3Y3kwSkZBT0tKaEJOeEVIN3pyOUlRMUoxWW4vOGR1WUxHYTFaRFFZOEF3eHh2dTNVUkRONGRKaUsxU0dQYWtOUEtTNkxDcFlTOWVXMUUvOGEvM2NGWDRvMVBoQmEydURTYWxCTWxkNWlWWVpyRE00OThjREo0RFArbHBqaDdtTzlaVDQwNzU2aFd2Y0NpRElGRklxendjVWw0ajk5NERENnFFZy9zdlFQcldKKzE2My9SQ2w2dGRiSU03YTZ5MFM1TDBYdERpd2grekJNbFhYdWRyZXFxVE1xeWloenBXeW1aQ3RMK1FTOUtvU3dEWm1IOWJJeGt5eXhPdTQ2bWUwTThmUUx1MXE0QVFTTWUyUktHa25XYklWamhHWFYvc1NsTEJWZjhnKy92QjRCMHRrNHhBblJwRVJRTGsrTjVtUUFicmdOaWkxbHlubzRScGJqUDR0eXFkWFcyT2R4OFo4ZGxyWGxHV1Yrd1dZRlRnS3A1bHRKbmFVS3V4Y2pyOWR0M1J5bWE4V1QwMTJyekxmMmdXME4wZ1k4QUNOaDJ4ZzFpZUtVaWJtb09Oc1RuVjJ3TkRXcjZPOHF3eGFUUEN2UjVSQjd3ZGNFY3lsd050dnorSGRzYm0vbUM0TURXK1NuK0ZtRDhudXdGQXFwWnJobWNYVDFNd3lxVXc4bFdTVm5hSzNHbjZtUExzNEErcURQaUZ4V3h6N1NkK1pPdUZKRWdvWkYyVCs4UTQwZUNIZzNpc2RJbHlkWFd3TFBDdmNmaFM1dytkZ2szR1ZBNnRwejJWTzZsTWE4eUxyTkpvZktTSVQxbEdKVGI0R0M3N084TGVmeEdsWVlHRm0rOTNVN3BFMkt3MnpHVHhWTEpQOUpzaVZZRkszYmlJaU9RQklSNTJHSWtaVytFaWc3eEFPK3Q2Z0p6dk9tRDlVL1hiMWFpNXkrQytQODNWUlRRdkM0Tys5Z0ZKbjJBUmxpeFcyVkx5STJCdENnNVhCYnZLTXJ5c2xMSFZiL1hEb1pOQ0w0L0VhYzdnQzVuMndMTXdyVXQ3bkZKekZTUXFhWWI1RmZGV1lQZ3ppbUxuTktZV0ZEb0lmMlFyYmdVWDZuNVAwWXEyYXFxZDBJTFlpdW5wMWFpWjE4QjZYOEsrVjVUVXhzQzYzT3ptK1hoSllvZW5QWHAvYnk1TG42eXlpTmFDZ3pVbVhTVjVaWWRWbHRyd1JMcVQ0eUloQVBNajFGQmg3TExST3ArRkZlWmhOV0F3UHdLVW44MXR6NFMxTFNjYStIbDlnYi90NkZKWldOSFJZS05JWGxZM3BOUjloVURQU0Z2TG9LUFdxdjJZKysyOTIzZTA1djkrZkN0QmRqN2huQUQwUExLZkl6clpjNHpYTEN5MkozQ1dKOG1DVjdmandCZFN4YVJNd3A5L1ZjeXJSVXZDOVpzWU5SVVRBalVaekUybERpNGhBdTd5aG5TNUlTVUNLSUd4RzA3Rk5NMlhpWmQrOG9ickdpanQrRWJtOENBdHhqNFlYQnZqdy9IY0NmK0N0VDRvdm9YSS9zazhYMEJvRTNQSVpPbmVOTEJVclRJdUFtWWpHSm9BTEN3SkVtUnNyVklNWXkyZ0t0OFRpSEJ2SzhFL09mK2w1eGJ2UVVpUExiMVNjQkFyV010YS9Lcm1RWjhrM05jRXpzcktGYllnejBocVgzbVN2eHZlcEo1R3d3bFMrTDU4MXZFWDZ0czdyOHlGQmFNTWZBem43ZzEyU042ZVJzam0rNUZMbmQ2VVBQdU1wYU16OHhwdjN0MkFmcWV5dklXU2k4Mnd1UDMwWUFTaFBub3JOYlRxQmRsTHhTbFpmbWhXZVJ3VCtkMzVJV3hscVdMUXlLM1BuZjVPOUh0MmpPNjVqeGJsTytpTGNlVkFuVkJlUkJ0UXFqTGM3eFBXclA5WGpKcWtZWmVKemx1Wm81cTJld2o4YXJ0SkhtbTMzd05RSFdxVDVtRlZyQkFWQ1VyUzBqNDBxZG9UM1BBM2RsekdkUkNrV0dGVHk1N2kxYStGNVRMOFZrOHgzRjlGbklNN095L2NNbWNvcHl4SkIzZEhJaTV3VzVMRWUyZjh6VWp5WmNuSloyNXNYZG5iK2NsSzlmUVdUdnpvK3J5ZXJ2blpvNDRzV0ZUc0hxWjhheDFDWEZXS2t0NERuTEJoaVFObmVqS2dYUGFmR2FWT1pKYlBhNVNjQ3htRWt6Y1k5Nnl5bDkrMVhTK2ZpblNuak1IMHNOTy9SZU84eDArQkpYVjdiK2p2OTl0dCtGeFlxMllQejUwdW50MWd2ZThZbnoxRnBiaWlDams1SVFIWnQ0VDBRTHFaYm5UVll6M3ZoOGY3Q1dPaUNGS04vMUNJVVRYRWsyRWZUeVkwL0IwZE4rZFYrYkg5OGVJQWpIeWJrT0k1eFlVNTFhVlpFS2FqdzZlam1QNjJweVkvUFlVZUhxajdFMkRwcytITEZjc24xc0VmUUhubkhtbXJsb2lDdjJPOFYxMWFBTXRQOWNIUWJuNXVtck5nZnF2akNFZDIycE5CVFdDa2FnZ0Q3QnpsbW9ZRWFKWjVzWlVFalV2dDlGMUNwdzFTZ2tqTmYzK1BNenJlZHM3T09Zc0NIMDZSSDFLZXltSWtPTVB6bldwYVdLc2VpOTdPSGlzeDI3V0FOZGZXUEgvckU0MW1uMUdRejZ4eWtTNHdGQXNuUi84T3NrS2ltajI1bHdjY29XSHpjc09OSjZlbjRvMkRhMkRLZFEwcnlCM2NvRXJheUhJVnliQ29VV05HTEhOZTdMZ29wUmc0L21vL3A5bVF1a29hQXZKQWN1aWxjTlYxTVJXbW8yWkdlakc3Y3kwYlQyTTJLZDYvQUZicG4yTFUwd2k1cUhuV0Q1bVZpUVN6NWFrV0d5Z3lOeG1mWjBOZlpEL0NJeFFyaXczbWYwNjFkSFBRN21KMDZ2MnkvTHFXQ05pN3lyaGZUYTVkLy9CdlBFV0tWMkRoTE9FdGxLR0krM0UvSmlUWHc2aWU4SE9jdjh1bU1wZWlDdDl6dDdmRlJIKzdGYWtRbUNmZzdvQ2R4YTVYMGUyVUxwN1kvTW5jSXBXKzFuZXp1aW5WckgzM1k1NXpybEd1SkhoU25HOVhha3FVTzZPQjd0c3N1K0ZpMlRTMWJjWTZiRE5OZlgxQ0ROOUM2YWRqYUcyeXZMOGZGL3BDRlBhNUxnREtGWHRVWm1Ec2xIQk4rR2Q0d05iblNRWE5sZ2JaeloxTWNXM3g5WldtbER4SUMrY2RHL1Jrell0Mk1ibHFoYUxXM0t1cmh6aHBPdHd1c0lOZFFDRGJQQVlDUVBRRGMzbjBMbXIwNlc2Qm1hQ2J5L2dGRmlCTmRCVG9JbGxtZ1NoZFVvYzN1M0taYzZpREdsbHY4OHIwYmErcnlrMHBuS3pTSk5Vbkx2bUhTTklwNitSQTRkQnhoUDNIbmJJOVhsa2g1L0hYU2k2OXdKUlZKVW0yR3J2VVBoME1EVWl3TG42ajY1c25KM2dpbTA3NHpFQkljZGpscU5zSCtGWjBoQjFHcndDVkd6Z3E5SmNBTFBCekxnNzdndmpOcXhMbkVCYkxPRElpcGhMbWQ2S2g4VDd3eWR2SFV0eVRpbXBhYmthbGJOMmFYWkZ5MWZvWlpKc1hTOSt3bE9Zc0RwNEhmOEd3cmNqR2V3cFNzN0dqd1oraHo1ZkE2MjlzMG1OSURCVzhycXRKa0RnY1lhQWR6eGlhbnF1ZFNwUXRwY2FveXBKcC9KWW52REhjSDk5YlJiUHdFRjJwUnlXZ1c5cFcwZlJ5L3R0Vk5iUEE2SWxndnN1QzNRVCtXSHRjOGM3M0pKM1N1Q2gyOFE4VFVQYXhiWlJBNk11SFpIL04zbzV0S29rNHhaMFFnYUJ0enJna2tFQkNwVDM0UUZmSDhFSlpLRjIrbjA3VnJad2E3RzRMbDh6VzM5cVhJQ2JBV1Q3a1dTcytOUjNaQ2VwSW0wd2xaZHF4WDN6Y243Z3czQnhWd0x3cHlxVWEzd05PVGJmTVU2NkJNN2JVT29MWnFYWUZReFgveTYrbUhJbkhJcVhYOWxxTGorbnZxNXFKVVVhNzlEK05FRjR6OFcvMUVZb3UrU3A4T09MS3dROENiYzlxUnhhT3p1cVRNaWZMNVhES0xvYXRtOFZPU0ZZclJRaURJdFhKZlg1SnBjUXV2aEo4RTlpZk4rTFFtU2VMamEvZW5Tbm5oU21ZMW8zYU10YytLOVM3N0EyNkcwb0ZHbzBzRkJqRWt1bHFhNFNmbVYyNWNVL2gvSDBxeUxuRmw4VU0xMnlVcDhGNkhtSGJIcmFicThoUmpDNGxBRjc1QjkydkQrOVJ1Kzhzd0xJWldZbFVDa3Y3c3VDY2VLRU5QYUZUSGZNMHcxZHVOaDVwT2d2U0doR2xJWVZTc1NtV0NyUGlpWTR4T3NlQ0lZU3N1NlBSbHBtKzYwMzA1QmlremJyMWVWajhBQW9mMjZteE5HblNFN0Q3VEY1eEIzQ1RjUmNsRHI4SkN3MkJMVURzTjVHK21Vd3JmSmg4YWNnTUhyYm5EZlBkUEo2M1NqQ3ROS29wbXJIZ2xGNi9JZ1d5U3lrS0VrdnRCMGlkSFJjNG82dytaUHBsWXVGbmZ2TDRVSkk0WGs0L0IveUo5T00yR3JjMk9LdVNSVFBNSnArOFYzdjRDQWdJQ0F1Z2RkQ0FCY1prck84UUwwSFdrUDFITGIzcEZMWjdhZGVRR0xZVC9ZdUV1NmpMV3RZZWo0RDdRQVh0RWZYVVcycEEzYXBmcWdBSTdpcDIrU2k0YkhqSjJQdUZHWERuMjNmMW9tbHAwdU1JbHFoS1hETjliejRmdWQ3SjdubGhuWllySkJ2cXhNYzIwYzV3d1ZGVk9PeHhyZUk4d1VpYjdLWE5xbk1ya3FpdTR2NlBBYnU3blVER3hVaDdTL0tmZVpNVFBqemxyK0pQYmFVbEhEWkI3cThBVWpjaWYxMm5rTkpPZkFwSzVPRGVFMSs5WWtrVkpJSU5BVGVVV0FrNTc0ajVGS1ZQa0Q3UWhBQzRzRTNxWlBtYmVNNXJTWDB6czJiaDhORlg4RTVjOE9YVHBUVlpOSzVieW93WmNOdHB0bHlKcGFLWXR3alliaFdBblk0amRIRDc2ZFNzejdHZ0hwTXdhNUdKZG93RDVmUzJBV0xrY09aNTlabEpLa3JTMDZidkdjbVlIMmhNZkNSajdsZFhkZHJmVXoybTlzSFdVVDV3RHFpanA4T1B4RzQ3RUVWTG82dXY1T1I3K25mRTNINHpucmNSc1d1NGd0NDFTUjZTOGdqeDJsMFZZUERHaE5HOW12bkZiTzd4b1AzNEhEN2ZzUzljRkRKZ0d2MkZPQ0dkWlJRNHA5WFltekF1dFVDQldUSnh0YWkwUGVUWjRYdzRFN2FvTnR0aklpaTBtM2g1MjBCVlREU05CQzdNUjhjSXQwRVI1Vzltanp0VEFGVkNSV0NET0VSb1ROTWIvTGwrNEYvSWp0YUMwTWdSTXQ4dUNOZHE3SlExbGZtVnhDZkN6aWp3UUZZUjZKL2lnc2hIZkpSdkRnenlNVkVCMlFlRFFQUnZqd21ZdDc1M3p5NXJaZ0RQVTIyNHFaNHRPUHNTL1J4MjdGd2dCSzlwQ1pkZDVhTXZRRlBvYUovWENKUitVeTh4ZVF4VGlpd1Rtd2s2V0RWM21nMnV4V3lOalRrampoUS8za2MvWjhYZWhObVBOUEJORUNZVUcwTXBkUkc3SnBGOUdJcFNZaXU4a0ZjSmVWV0grVFFja1JyMXAzbHpZRDdYaGpwV3ozSDdYQmpRMjdMeTV3dkI4ZWJqWjdlc3Njd0hZOTlqOU5USnRrTEFTemFtOUM3THZ4VEhVNEdrTVMwRThQZ2xmZGZwVjhiMXNBTGFQNGEyR0dFdEJjWmV0N0Y1TFFadkx3cytydGRET3U1R0Q2ck4zaEMvcnp0Y211ZGR0cTdxUFY3MTMyalYzMEF1OTRaejlvN3RkWnQydk85YnVhUlo5a0hLWjN2djRQUWV6ZWR0NnE5ckQ3cXJmRDZTOTZYKzZpdTJWMnNuYUtkcUxxV0tBZlVnRFh5NFNmNERvbGVoYWJlNXc2Y0Z0THZ4dVBHQ3ZmZ1k5b01qNFE3RVJwVmlCNFRFa2NIekZUYXZMK1BIb0U1SnFteG4ySHl0aERzSWxEUFh0bjhCOVM1eFp1YzBDV0NkQmN3bGg0dVBpOVpQUENhT2ZjME5keXlQMDkzWmUrWldPbjJ0ZFNWR2dTWlNadHhkbk1nQnc1Sjk4TEplODFRb2xOdUxnY1lQUERYZlZHQTFTRW43VWVOcTZTNkdxV1RmZnZKV0pxQmZiRVZjMGF3T0kra0xLVDJlZ1pWYWNGbXVsTURHRURWbVRkOEg3c1kwMFlHVjJrTGpEaEtSUUlCc2ZNR2lzNkFPU3NhcncxMWM2NDFjSDJqaWM0Y0Z2V01FYjZkMjZ3YzdzZ1VpdlByQ0FtcTg2L2tJK1JmclpocmxVeG1JK0hLai9ldS9hM3VRN1NOS21BTWpIVjFiZDdUb0pCalJMWFFrZWNtVE5DMkoweVNZa0ZWaStGTElyYUVYcFBNYUJRTHBDb3UwZytrdE9qSGdUNFZ3YW03eDlqd2IwWFdjWW9VYzVhRmNHNUJmcHJYOFVpdS9sNHpncnppb2NNUVNoMVJIVnc1U1c3MUZSNXdrVlhpUXFnS0VvQzhEYzVMOWlHNW0yazNzM1N6NE1hRlIwdnRSamhZbU85YVIxQlR5cHN5WjJlR3ppcFQ5c0R4UWV0eXkvUUJHWXkrdXRuSWpId2hLaWlvSXFCaW9USmxaYVY3RVpGdHNpb3JCREdJa2MxZktCZm5iUGdYNjY0QkdQbGdGVG1UcjVCc0x4VXJaL2pxN0hVZFFkaDRHbm16dlllYllSc3p6d1pEektIQ25odVhXSWllOWdiaEoyeXJZOG51M0VUblFxVFMzd2Nza1pVcDQ5eE8zZTVBWnZzRWg2czBPa0U5N2dBWWJXblhwbEd6cyt2OW5Ra01ueWJ2SmdRRnlNQXRuY1BaVnFySUN6bXJ5ano5cW1FL1RzcE1KbVJPbm53bWtvSXhBL1N3dE5qTnVEbHlSQU9ET2cvNUZobjUwRG9iYy9CcmdTb2NHT1RvZTN1czBjZFVsNHlQd2ZkL3ZSaGxPSnpuZFlBdEJYOFVSZlk1ajNNOExIendpNmN4Mk5TVUNkRnRiQmtTQWd6TkVxOW85Qi9jSTd6VXNuQzNCM0l3VzlVM3N1c2oyeWU0YndnMmczY2JUN0JXYWh6SEIxTG1YNEp5RlJJcWdkK2tDSG96TG41QjdyTVFTSkhNWUxVSDhUby96M3kzNklXdE5NZG5Bdi9mckpQT0dBN3IvWUpkZ3lwZndkamwya2M1TEFaSjA4N0lXR0VyM3ZBdFNZb2NEaXM0elpydVRROHJmRmE5Wm4zRWpGK3pEZTRZYXdjUGs1ZDQ4SEFBSmZYK1JUckZldkI0R2RLaFdlYXZsMXFvR1huREREeEN6bm1tZVNtc1FsTEEyVUJxV0l4alAwV3pYbnhZZGhhRGkrSlA4L2ErUDQzWkpndVVZUjY5SVpFL0lSaEt4anRxVVVrOHpIWWRGL2lzNzBDOUdWZTNCc3VQTFNJT0RNT2s4RjdGWHh1Skx3b0xVOXZJNXQ4NUFPMUw2aEtacFlYVFJCOTI2NlJSN1cvc2FaWTlkblJVVnNVeUd3cTVNYXM1bkFZSFhLVUpQdDFwbzN0dFZiM1Q1bzBDMFNEamJWNzMyME5sYTBxcHNVV3pVVHloSWZHYnZOVkpuTEpnL0M5NXIvbk03M3kxSVpVNmVSZkw4bVUxNENqYUEyODBMS3dMV3duYkwvdnN4UU95YnUvZ2NSclJsZnF6cHBHR2lJWVY2ak9IYWtZc0M5am1BSHlEcEV2bTd2bWpoUGZkVFQ3OFNrVFlvRFFmUGxEL3JaZ0lVaVh1S0lZeFYwVkFYVXlNODY2U0k1UzZRbnh0TWEzQ0JQZ084UGk2eWRWL3lpS3FtS3FaWFhYTldadEpNK2I4RUVoKzBqWHF4TzUyOUtPMHNvQUZKZmFITVg3dWVnQUs5TkNBUmxEVU4xcURIeHE0clFwckUzZTA0OFRVSHFVTzhaK3o3SnlKbWt4QTFsWEFQcndhSW1zSEF5UnJveHlSckVMaEo1MjIycnRNQ0VzUU9OZkFKbFpNSHEvU3E5OFlCZGhTalpnYXVjdWIrczF1djRRSjZnQmdjL0p2SGUyeFU3R3lHUnFKTHQ0RlhtZWUvMjRqMkNkTXJXTkVvZE81aFhQOGZ0TjI2QnlQNE8rRUgvZGd1dURCS3grN1VucUxjdXEzY3gyanUrWmsrRkpWTHk0ZzB6MllFUjhNNXNUcVFURlBUM0N6YVhCVVlNblpONmpRU1VkMDQ4MU9rd3FtdXg3eVgvcWRueHRna3lmQkNhSVpUcEV2cnh4Mnppd21ZcWt4Umk1RUhEMis1ejM0MFBXK0ROMm9mbVNKYWNLcnFORDkzY2ZJZWNZOTJXZ1dsTGF1L2ErY2hKeXVYSnFNaEs5VVlTSjJDSmFDeU90UDVGYU1BbzA4U05zK2Z6ZzhDelhlL1loK1lvV1NBdTllUGJTUW9pZUZGYkMrYXFVWWZDK2VVUFQvQlVlWmlvRlpVdkk0cDN4eHBma3RibGxnQzJFSW5zMVR0aTZJSEtpaDNZVHcyNTVNM1NIL01OV1h1UVJtcjczK2tIVHkyNWRJUW52RFpYRFdvdXdLc21ndTN3NXZNNFM0cWdjNGdXMXdpS2JsUnhRS0pBTC9tQXBHRGdOeExydFVoVUVLNmQ0b0FCM3B2QlJJM3NKbGlkSXJpZGQ0eXJzdlE1bUVxV054ZmdTZ3JENVpPbGtMRWprWXNWQkh6Ty8rLzR0NVUyT3VXb3c1Z3psRmVnNE9wcjlVZGo5b05PQTVaSEYzTHk1Z1ZBS05oYWl1NlAvVldXVmc1NGIwcDAxL1gzbFJKQjE0MWpnd1hOU2hOVjdjZmlPSFFFNWdHLytERG83Ykx6TldDWnV4LzlGQUhWQTZwQTJURTArdklOK1k2ZjhwZWRyK2laYWswNEs1eGoxN0ttZ0RzMy9aMnBhTWNGTXpoQVNybStXWUViNEd4SnFhSEJHVE1YZUMydCs5ZmFXNmlaeU1meTZZN3p5U096czVZckpLTnJYRWpDQS9NK3VjT2NXNHdCcWhmMFpJL1JZeExkWXBrQm5qSFAzMFZ6MTdDV09jYUczNUFmbm85cDRLNmVGSG9UV1p6K3QwdStkZ0tpSDNCRWZyVExpS0Y3Vnk4MzhCQTVJZkIvWkZaK09Sb3VUQURzQW04WWVoWkdwcnQvb2d2MHpRSjRnc3BwZk1wRzh1dlhoeXFjS1RvSDliUlFBWElyTWIvMmxRanh6d25hbncrdnFNcmIvZjFSZk8zNHNMMlp1QTVjZ3FsSFRnZlY5MERUc2lLMEdvSFB1L2wxeXNVYnBxSllEdlpWK2dqNjdLLzhnL1FxemZHUitJZE1OK2NnM3FNKzBYaGxHUUFaejcvSlJXbm1wQjFPUFBsK3JxYXpQV1dHZXBOMnNvblU4NTJBQ2xXbTBBTzFNTnlNS3FXRVhwM3k3RE1CeGd6N1NtUlJzZ20yVE1WaEQ3OGg1ZmdHQ1V2RHJieUd6Y3Y5MFRpSEdKVWFMT1RneTRrWCttL2trZTl4UnE2eTZrRWNWRXFnQUdoTVlpdjJjeVRkSTh1UG9ISU1CcEJXenEzSlBjWlNIazRiQ2xVa2JJRG5PUzdHOFNRR2JIVGozUzhKWW5Zbk5ZeTNiRllLR0Y5RGxOT3NQS1dOcWZpMXpQa29DZm5TaU9FZUFvblNiRmgvNlNUSlNWalVUdzhEWTRtcE9aS3RHREYxbW5OYWNycVN3K014cWNFY0ttbTlFZXBzNmVsTTdVZWp4cHdmYm56a2Q1WUlSei9nRXp1b2dCVmpXWXVhS0pCenVPVU9OTk5wZDh1anJVSDNveHZiNWZhSjBJTDR2TW9UbDI1VFFqKzNCZWQ0dUlMaFdVU0lxbTU4UzIzMnEwN1BYWm16dGdhUWVaZUVoZGJSaXVjZnRnTUVqblJhZ0FLY3ZGTmRSQk91bjUzOERMR0RBOFlEV2gvNENrMEdzNTduTUYyYVdsb3hGMzNEcVk0ZE40YWJIelUwaEVjK2hiRlBReTl5eSs3MVRFWTU4QWxQSDhwTUJXRVpLYWdmYzNzUHgwUHZpQ2NUdnQvN2l6R3dSdjBLS3M4ais0RVVKc1A4aDFWVVN4L0FtVHdvVGZUOHAzcWZ1VCtjV1E2dThEd2pkMUsreFlkcU8vbzJWaXZ5T2haWDUrUEFoakZDY3JqcXd3aGFZdHE5dXgvNXp4anhoUXBIN2R1aEVtbDl0MEh4MXhYeEUwMktySmltY1o0eGw3RTZqeUh5NHViaS9lRkhWMTRGZXRwWURyVHBrcjdaZ3FPSWZKZkkxVEpnS1NoSzRHVHVpQStVNy93YXpYRHErQ1RncGNLeEdEWEVlaEI4L1cxWkd0UTdZQkRRYjJ2TGdUblYzVUhIdHdBK2htc2NyaDVwRWdNSnhTdzM0UklIb25idk9IdWVlM2ZhRUhMcEVTd0twTmMxTXBOR3VwZ0FkU0x3OTU1VTJQdFp4d1lReXhjcGtlTXdpZlY5QmlXeDB4aHBrU1A5Zjc3d25YYk1TZTJIQjN2RWFFajRrcjRRTDVORjY5WjZna3NaOWhvN0NMRFNSQS95dUtGaEIvMzNWaFFrYU56Nngyb3NNZE5qc0kvM0hndnN2cVVqcmhsbkJwaWtsNWQ4OXNUVnZ2bzNSODBLbk1KWEtWeXJFRU04azQ5Nk84eEJCMUtQMS95N0hqcjg0YXczQjZnOFRKamxJSzVuM01oY2kvalEvQjV5S3Buek01d2ZTY1d3RUx6YThaVEN2TjBEd3VWUWJLY2cyN0FkWlBGS0p2WHlra0pva3ZVUVY2ZW1lT1RVTGh6L3d1SDJxb2dFcUFCcVl0ek5jcGRLRStQMG1sN2RHWFcvMlhkRWgyL1lMUEM2REhqUFpVQnMzbGk5MUhEdjBWVnp6aTBUa1l4Zmt2NU40U2pOVytpWjlWUkZiWlRpWmZOekhrTmlHRWszVGtTR1hnakQ4UDZZdys2ZG4wcStFTDZzMWNZaUVQV3hXUVBoNVFnZ1RIQ29tSHJubjduMHNGdzllRHJNVGk5SHVWOGwrNkxIazVBZWhka25KSUpMZ0UyWkx3QUQ5OTNMZ2xoVDdEb3phanVRMFhkZmtTZkY0eHpPaWVGZ1hxMUhHRmgwWXJZaDRadExvcHZ6Z3A3SDZkTWNFcXRmVURnckNtNmM4ajRodDRVUEc1MFZTV0R5Y1dCZTMxK0VQa3FEcGJTR1FFZk1tRW8rc1dRMEtnT1orVDVRRGREczlNM01UMGlZd0FaQU5XZFZ6dmVTUDBqMVdlTjA4MEU0c2o0MVA3bnNkb2NLbjRjcTlNT295V241MUtXakdFOU1YY0FpUjllcUphb2VsU0JoOVRSOEozdGRScVBreTFhSFJXRXhmd2hDNjlybjZ1bk1IbzJ2UlZjNjBBZHRRaUxqb3NNUGtabHR1QmtXeDRidHlYdGluVklRbWlYR2RjZk83MUEyckgyZlQzMFZZSEhlNDBmbE1hZ2IwOTNmTXgzWktFWHREcW5iU0daRmpjS0ZLekFKVTJLSTQ2eENEZ3p1cDJTU204L210dEdvaU9ybjJIdWtVOTJhSFEyUWZCSURFbnRoYkxuT0J4N3lSOGRDY3ZFZGxucXg3SVc1SVV1TTE5d0lRTE9iZlExRzNiOEtBbXBpRjFEa3duSkczV1lZcmlQSnBQb2l0bUcyWExvT2NyMk12ZVlLYXd2dDY1Q0RHK1lsNzNCVVdxMy8vVzZXblBuVnNCRFd3eDQrWkdyVjUvMHNsQTFtT2ZUbDRhVnZQclE5SDY3OGg0MVJxeHFLQTBjVWtSWERWNWxGenZESWp4OWlDaXRpcHVpNmU0UFRMRGErMEkwaGRQQVlUTXIzbE4wd1k5b3MwUWkrNElZTklRSDdXNVRCUTdmSStCTTVFWHNacjJ4Y0RQZzJRc1Vlb2tTNnZUS0NIbkpjME1yNVZ0ak1rTHFNcU1mWGRIb3IrbXNFS3pxb2pQejhuQ0FPd2FKOGhsMGVPUlRlTnBpaFhjZXltRXpCZUxVSWpiQWRjZXdUVDkwZ1Vqa0loalBodkN5UHdaYVF2TmdJU3pxWjYrcklkT0UrNWdrdDJaMGFpaWVTbTlJZ2dJT05ZZTNwc0grMWVUeVFTeEZ5bjROajN6R09BaUllbGM3eXAwSjNrdTY3ZStZTFNoM29ZNVJSSFlNcHo0V1RYQlc5eko2NHFFQkdWdUNYVWdTY1JBM3hyVmZnMXhnSzJ4Z2FqNVl5aW83SUFKdzJOWk1JNXFKbmJuYUlMRGJpODhhZnpUdjBZT3YyV0dlVldIVzdvbUt4VCt2dGRNVGQ4QmRVcDlwdDQ0MDlJVlJodGlDdWVpM3QwUGJlUlFqUHdIRTlIU1huZlZTdnZuUXNmNWNFYiswMFJvRExhRUZ4WFVCcjJWbFdrbDZTbWFsTHFNKy9McndTYzhvUDB0YzdaNEhuY1FsbFp0QTJISHp5ZmlObnllUFIxVHZUTkM2Q2EzTnpDTVgzWFFWZ0d5T3luMW9iTjlrcVM5bUQ5RS9BckgzYVBKT2E3YUQvMVpyOHYweHpoa0RZbmY1djdsb3lIaTg0ZkZDUmNLbnBnL292OUJHNGN0Z1VWTzZHVk5FNXRTTGZPOEFYeVAyTitjYUhsR1pDSC9nQzZseFRwM3RGZHg2Zno2RkFNRG10MThaS2FIL0JjaFRzSTduUS9LUmZubDJtS0JaRENmc1J6S3pwYm80QWhBWm5XbGsxMm1oeFlSajJQUWNCemhlU3h5a3pCN2Y4Q2VwK2JGTnN4STRvdlY0dXNId1NKRklrZC8wWDI1Rm9OYkR1bWRWbFFrNTU5WjZUQjJpd2RHTm9Rdlg3MjRTRGU0NmthSEVzZVZ1Q0Fjcm1hbVREaURvTjRNQ2RmZndCOTA4bk16cllJeUJocEc1KzZOTFpwd3BHOHdDSTBnZzZuaDRiWXpvVDBWeDk1Z1hJbDdNcGxIK3RFbjJ1a05kbDJtVzdLQUtiYVJNTUdJOENhYUx3VzY2cDlqYU1mNlZzWGc1bTJ2NUIvaGh6SDBmdlBpUitxbmdvd0thQ3pIQjJRaTJ5NEIzWng5Z1ZOYXZWN0lKZURwVld3Y0llZzcveVhqTDNhbkI0OS9UWk5IdDlYR1lUNy9FYXZ3cUZsY0hzZktmeGVwbExxUHcxcEx2RUZrVCt4S0h5TC9ybXdGb0U2NmpGc0dLS2xGZEtCZEpsNFZlSE8xaUJLV3NFT0MvMkdiK2d4TmpmUUs4RUYxdHFHait5Tm43RkF2clYrTDdrRUZTTUN2V3dieGd3Z1BNTVBXUHhhOHl5amFRUmZMVlB3YXZtM24yeGk2bGFXVExwSzlvelhDM1VEbEo2cnJTM1laMXdFajBxTWVWaDM2OUFzOTFNN2kxRnExendjK0tHS3htcVNGdmJQMlc4M3U0VlZaWDltMXhnSUpMNUtYd0ZPSEdRam9KYkFsYXBNbUZhZ2ZKdlI5dUtuZ05QQmU4L2tHNmtLWnAvZGZ6WkZvMVVvZmJSYkZOZ01CVm1hR1VqbVI0SDNMdE44THZFVy9OdFcrRk52Q2M5SDRZNDN3QmNIVUNVbzNFUWRDNTZzaHpLWldJSXZrWjludkZYNDlrT2lyVFlZUmlQY0FySGtEcjBZYXJWMkZTUmMvbkpFcWJBQTY5VmdlRUwzaFJwZUVSb1dueFB6NDhXWVZCR3lRam5MWjFaZTN4ajQ4SS9LclZPeUlIUW5xR1N6aXFUaW9oVkU1Ym1PTllUSnNRTjVscFQ4Y2V6d0loUDhGd20zUlh3RHFxWU82M004VmlqUlMzZUhBUFJyTlZGbVMvOHkwaHdBbFpWNXFnbU96R3U3N1YyZmZXbmNKeTE5dWNqNVR3OHdxTlQxVSsxZFhCWlA3TG1jTWxvbUdxbHM1bEc3eGVxMnlSbEV5Y1B4UjlyUEQyaHZmdGdJcGdIaEVnbFB2M2pET0JFN2NjdFhueVhVbkwvZFA1c0t1ajdnSE1RM0Fxcm5TQXlTbWxxYW5vSnA4eVc1bTRWZm5zSlBYNy9hRnZzWnFGaUNOYnVvTk1qZE1LZW1LaGlUcG1MQTRPNzF0VFNhcjZEWFgyKzBMOEw4V2IxOG1uM21BcDNGWlFHT0JUTEhLaG10K21JSURwUFFkRkdIN1lTeEQzQ0hsV2gvc1FOZUtZWDFIR2VOZGorVXZrUHU5ajYzNmZHQ3lvblRQM2dwV3pvb3cybUdCK2xuZ0lDQWdJQzhEN1hlM3dETWRQSlU0MDZDSVNpM2U5TFJtcjNydzd0S1M2ZXlkUDJrdVdvVmNNazI5WkdHSVdiamRwRnQvV2xObXR1TnB6L216d3FWcmY4dmxjS2k1N3doM1NmaG8rL2ZJMUZ4NytLNmIya1FmM0tIaklobGtEZWdPNEgrd2tobzU0c3NSOS9OSUZDOGFrV1ZqQUFuQm0zNEg5VEFPRDZsOG9BQW1aa0Z6M0ZQNDNrWWRUTEt5amhtL1lUVnFqd21jTlIraWdtT0pvRVBoNzJEeWZJQ1dFR2llQlU2VlZ2WnljQ1pNT0JTbVpQbW5IVTJZaHNWaE1TaEc1Y1QvbVZjZGU4YnVQeTl2MFRyUmR5MmdLNm9CaExXbmIyNjBycTRBT0grVGZXMFpYUlR1SjdsaUhGKzZ6MHUxcFY1aDdRM0tYUVVVMzI2Qi82bG92cXNGRVYwTEkwWjh1Rks0b3FkWEZYeXNxajY1MlZ3R1NNMnFNQ3pocFFGTEx2c05NSEhFdWJJRkN3a1R1ZzlDeWE2bHdMR2ZJMGhPa0k4UWdyTEJDWHExNjhVUVRCUnpUYTA0UlBzaHJwclBUZm80dWdndyt2M1E4NTBuT3I5cVU1NkdtMC9uVXZPaGI4RzAyMDlsOXAxbkVyZTBUMTErSFNwem9QYWFhdk9kbW0wVXJrSExPNTFlMXJtbGZWck1BQ3dZWmRENFJ6cnBraE81YlM1UUxJNGVhYWJuZnQ5am5hSzcrZDh6RUx3QU8ydlJ4MHpvb2pVRmxnRGtLNFVTTEFrV291WTlXQW44S2FyWWovVUpBNTF2MjFyYjgwTVEyOWprdVUvN0N2blcrRHlBWGhoVlM4MVdLYkM3RkpYVm1hN3VFMklaeTdkQXpoTVRvNFFtQnNLT3d1bHdhVjBCd0pnUEI0azFuSDIxMTY0NE9FeUJSaEpRb2NhZlVHRW1PcVBVVWZVTmlpRlh3R1VpZ1ZDOHlJZzRGMnpFdjZ2aytNSnQ1Rmh1RHFycHJ1eThSaWxWMGcxRUdKZmVSUDZwc2RabldYdHVqMFBNWS9DMkdKWmxSUlZHVlQ3ODZkTHB1dnhwbmR4SDY2bWJYWHFYNTgrSEd2MHlSYWZJamlTNkxIaC93Rk9HQ1Z4MjF6NmREU3FMWElZczd2RmI0Wkx3bWNBWHp1LzN5WmhFbms2WlduUVNzdWwvczAwQVMyQlJkemppdE8yeDExbFhPUEd5VTUrc3d3ZlF0eVhQcXBJNEpuSHZ5NFF6M29tZjZUUTJvVVRMT1E3MkhxWm9TRWVXUTUxdFc5R0N6cDlMdThTYmdYNUxLZ0lCVzRTWE15aUxRamxjcVNFeUluWUplbDZPOWN3RldyazNGb21TQXFMUkdmWDFOUzdZdEc1Zk1WZWVoa1BwM0pnaE1qSllNZWg2SnV5eEhqU3crZmJrZmRUbCt2SVo0eDR2RUpZNXBxM0NXRDRIaEg3ek5DQ1VUL2FJdG9FcEwzV3Y5RFdnRy9MMWUwcmhkZldFYXpzWVIrcVNFekFjdkw3WHBaUVcrQ0RNamF4Vy92ekltQk9HZlNoM1ErZWpSWW5tR1hXMkQrYTZZN2dFS1RhdW1QbGRvM0ZyNlhwSU9HK05Jek1oRXJaT1ZIR05HSnUzWERncTh6dVNFVGdkdG1DSW5mNFN4eU1CTVhqZnFUcHhxUnJGQzZDdmErRGxBcFp3U1dSSnp6VWNpWHVMYmVybVJhWkV2NzEyUHRpYWhIWHArNVF1VmFUcTFzMWNRS05sRzBTckt1d3Y4dEJsQ2xiMDVJeCtNdTBoWVJDOWd4VjRZbVhLOFpoUjMzYllQYmY5Rm85VGhnUWpYSCt3eWZzQjhlSlBQT2M2WlgzTU8xU3owSzFHSVBqa2dMMmlRNEJsS1RRaEJZTno1WGtxVWZkRHNCREJ6ZlVNeXBTVDMrc2tXTm9veERWZkNWcnFqRWVOTWJxSWxUWGlUWTRuaXBlTkRoSW5GUXpwNDdTUXprLzNmRTR4U1RUY3RwY3dCQUN1bEcxZkc0eE41Rmp1V0I4S25MUXliTXA0T2lXeGl2dDdLZ2w4QlhqenRKWHcvUkVSOW1kakptZnptdXdmMEt0SDF4SGhnNVc0RHI0a29wak02NTBncUJFejBheUxBNVdMOS93Zko0MUk4NmdHNUJRbVlvdkJzbi9HZ3BwZHRZWEVTZlFGMG5Qd2NNYjVQRnVvQVEydmw1UE9DYUpIV1c4VWd2aDJVNVBhSjFVYTlTdHVWTmRtQUMzcld2eGovcUxtNHMyQ0RmL0FGdzZuVk9DN1ZjaVNIUUlvMGJzcWFwVGxWRGNXZ1d2WU1UZjYxeUFIYllDME5zQWdoL0FpWmVGcHRUWnh0WklldXk2UnQ3N2NmOTBlMVhXakJVYllvd3V6R3JHa3FDL0ZvNjhkb0FMeEZnU0JDTjV5cjdkUDFoV3NMQ0U1VUlnc2xITjMzb1FXVldzbFBjYkdFRk4weE5QbzZmT1hnVEY0Z0wvVk5xdVVZQXBPM1M5MDNYTVdGMXpPaEdsUnFqZkdZYkpROExWVXRndXdkMkF6SDd4NnppeUpaSWxxT1prZUNRL3VVSU5tam41N1FJWUJVM2g3NHdpZmhQSnpib0VwdTFyZzJYaU14bFN6cGVDbitnL3hGTnk4UmVLaldOZWdSblBRMVdaYTRoTjhMUlpiWGZHQXZIYVJtMjVMM3h6L2lVMXRCaHFTMW40WDF3UjhreGdvdjB6c0RFS1luK2pwV0lnbUhYM0ROUWdPVGJmRzZtRHh0MG9Cc3JiTjFONFM1eTNvL3FxMHp5Q2dHeGZEUVhBNThScUhjNWhkYnVpRkdJUTVLV1dnbjNOVWc4aEhaaW5nR1EwbzJRQlZLMEEyZytqVWlaMDdGTXNZQmxpYkt1ams5dmJaQnY2dXBwekNIWHFGVUgwT0Z3eURaSnF1KzNYRUhXaWc2Zy8wVmNrdlA3eHk3NVFKNU1NWndVb3F2MzQrZSsrRE03aEpveUVlOE81ZzB2ZTNyMit5SVVPVUcvWFlqT1FNZkpGQmVscGFBYWo2UW5LaE5iTVdBbjhCSVVUNGUxazY0RUVFSU1BOEFpZDZZeldxcG5hbWRROGZaa0ZlVG16UnhPeEluQUZDaDRNWllHSTFCa3AvY3pNQzBSV2dyRmRKNUpoWVhDUVBLczl2dlpvaU0ydnk4SVpYd21paFp2eFljVjBDQ3o4Y1BJT0ZsSlRjcytsWFFXQkJTZUkvM2lEejJVeEdtNnNVVUVOeHMxNG1pWUY0emw3UXFVUi9lRUJnVXZBWC9vcUphaG9wK08zRWhQZWRqcjE5aXNndS9MSE9aNGxkVjJ6V0lsK2twTVprUHAwVy9OOW91TVpaOTRvWDVzUXJyeXV3MmEveFpIUGdBOHlEczY1QU5zMXRxZ05IK2lFYmdhZGJvR0IrZVA4QzNZYXJTeDhuM1JGRjJBRW80cnU2VUpCUFVKMXhraVp6SHJFa0RBNHpGbUpOeVF1L2tNdEJONXNpT3dPRFJtVUx6SVRHSmkvbnZIZCtIdG51WlRkVWtRbzJBNE44ZDJINGQ3ZksyZ0dNMFptcjlvU3g4TllVNWVaelVDZGVrb0JyZnFBSytvUHFQVE9jVk5pVW1RWGt1ODBTN3VoVjd3NHRaTFcyelJYeW9ZTmE2WlFNU0hkU3lHaUc1eUliNUUyK3oxWHBYU1ArNElPYmE0c1lmOG9lUzZZUDdHY0xlQ2FDVEZ3d0lkUjJKRHBZM2EzRVY3dE0weEQrb1BMUFNzT1hYelp5bG9CU1FzRTJaZndZdlB4SVNQSEpwTDNtZ1lLLzlrPTwvQkRCPgogICAgICAgIDxTQj5aWGxLTkU1WFRXbFBiSE5wVkZWc1NsSnFaRlZSTUU1Q1QxWmtibEZZWkVwUmEwWnVVMVZLUTFaRlJrOVJiV1J5WTFkb2NtRlZZelZrZWtKRFVWWkdlbEpyUmtWUmJHUk9WVmhPTTFFeFJscFNSbHBTVlZWa1JtUXdjRXRaYlhCR1ZGVXhRbUl3WkVKTlZsWkdVVEJHTTFKSFJYbFNibXhPVlZoa00xRXlaRnBTUmxwU1ZWVm9SVkZWTlhCWmEyaEtaVVZTVlZGVmVFTmFNRFZYVVd0R2RsUlZTa2hWYlhocllXdHNORkpHVWtKVVJVcHVWR3hhUTFGWVRrNVJhMlJUWWtkU2NWTllhRVZXUlVaTlVXMWtUMVpyU2tKVVZURkRVakZLYzFwSGNFcGtNR2h2V1RBMVRtRnJWalJVVjNCT1pEQXhSVm96YUU5aGEydzJWakpvYWxSck1YRlRXR1JPVmtWck1WUlZVbTVsUlRWeFUxaHdXR0ZyU2xoVVZrWjZaREJPVWxkVlVsZFZWa1pJVWxoa1MxTnRTbkZTVlRGT1VWYzVTRkZVUmxaU1ZVNUNaREJTVkUxcldqVlVWa1l6WkRCT2JsZFZVbGRWVmtaSlVrVkdUMUV5U2tsVFdHaEZWa1ZHVFZGdFpFOVdhMHBDWWpBeFExSldjRU5WVkVKV1pVVlNWVkZWZUVOYU1EVlhVV3RHZWxSVlNrWlhhMHBTVFVaV05GSkdVa0pVUlVwdVZHeGFRMUZWTVU1UmExWmhVV3hGZDFaWVpHNWFNR3h3VkZWRmQxSXdUbFJqVldSVVUxZEplbEpHUmtaUmEwWlNWbFZHUWs1RmJFUlNTR1JDWkRKa2JsTlZkRUppTUd4RVVWWkdSR0ZIUmxCTlIyY3pWMWhXVlZNeWRHNWlNVTVNVFcxNFNGWXhaM2RTYTNOeVZsVnNkVXd5VWtsbFIzQlpZakF3TTFSdFNuVmFibGx5VFZSb1dVMHpXa3BSYkZaS1lrWlNhMVpzVG5GWFZXTXpUVlJvUmxJelFsRlBSelF5Vm5wVmQwNVVWbEJhVnpWclRIcFNNMUpZY0dGaFNGSktWakJrTUU1Rk9YWlRlbEpyVlZWV1RXRnRVbGxUTW1ONFYwVlNkRTFYU2t4bFZrb3lZbXR2ZGxwc1VuTlVVemxYWTJ4a1ZXRnFiR2xaV0VaNFZWZHNVRlpGTkhaV1JWSkhVMWRGZVZSNlRqQk1NRkphWVdwUk5GVkhXWGxhYlRBelVXeE5NbFpZY0dGVWJVb3pVbGhDVVdWVlpHeGxSRVY0VmtjNU1sZHJTbFJTUlRsSFdteGFjRk5yVW5wT1ZrVnlUbXh2TkZGWVFqQmhWVFZXVWpOb1FtRnFXa1prVkUxNFlWaGFhV05yVm05aU1FNUlVV3RTZFdOVlkzcE9WM2Q1VERJMWNsWXlhRkJpV0Vad1dXdFpkMlJYYURaTmFrNVJUVEJrVlZsc1dUTmtSVlYyV2tab1ExSkVhRmxSTUhCNFRqTktUbVJIUmsxaWJXUTBZekphYlZNd2JITlRiazB4VFZWT2VsVlZNSEpqYm14RlMzcEdhRll5TUROU1JYaFVVVlZPTkdORVNqVmFNV2hZV1dwV1VrNXNSbWhWZWtab1drUm9jbFJzY0V0V1ZscFBaVWN4VDFadVpEUlNhVGxOVjBOMFZsbHVhR3BPYmtaS1lucFdUazB3ZEVka1JFcGhWMnN4Y1dGc2JFOU9WelZxWTBad1JsSnJlSFJqVlZaaFdWVkdNMUo2UmxSaVJWSjRXVlJTZG1KRmVIbFJNRnBFV1d4Q2FtUkdVblJrYkhBeVl6SmFSR042WkRST2JXczBWVzFyTldGSVZqWmFia1kwV21wS2FrNXJjRzFoYTFKS1dUSm9WbHBwT0hoVmF6bHRZVmhqZW1Jd2NFTmplbXd4VmxkS2IwMXRNVkZPYlU1cFZHeG9TMkZGZEZwbFYxSndZVmROTWxGcVFUVlNNbTgxVDFWYVNVNVZNV3BsUkVwTFQxaEplbU5YYUdoWmJUVXdZak5CTW1Kc1VrTmFhbVF4VWtSQ1dWTjZRalpYYTJRMVYycENVMXBZVG5CVlZ6ZzBUa1UxVlZreGJHeE9la3AzWXpCYVlXRlhjREZWUlVaT1lWUkdZVmRJUmtoaGEyaDJUakpuTlZaVmJHaGliRmt5VTNwc1IxWkhjRXhpVldoR1pWaGplbFl6Ums1U00yaDVWak5LTTFNelJtbFdSa1pOVTBSYWJtRXlNRE5rZW1SellrWmFRMUZXVG5oV01FWk9XbFpPY2xGcmJIQlpNVVpTVTFoc1YyVkZWVFJWUm14WFRYcGtURlV5VWxaTlJXTTBVbXQ0TkZRelZrcE9TRlV6WTIxMFJFNXFWa3hOTTFwRVRUQkthbU5yTVV0UFJYaFZVek5WZG1SdGVFZFNWMUpRWTJ0NFZXUkdaRmxWYW1odFpEQmthMlZIY0d4aFJtZzJZMWhrU2xKRlJsSlJWVXAyVGtWb1IxUlZiRWxSTURGQ1lUQmtRazFXVm10U1dHUlNVVEF4UWxGWVpFWlZWbXhMVjFWc1lWTlZSbHBaYWxKU1dqQldRMUZyUmxKU1JVWnVWakprVGxKRk1VaFJNV1JFVWpGT1FsSXdZM0pTVld4RFVrWkdVbUpWV25CVmJFSnFVakZhTVZaVVJrOVVWV3hHV2tkNGFXSldXalZYVm1oVFlrWndSRkZyVW1sU01uaHpXVzAxVWxveFJYbFdibXhyVWpKNGRGbFdaRTloUjFKSVZsaGtTVlZXYkVWV2JFbDNWREJLUTFkVlZrZFVXRkp0VlRGa2ExSnNXa3BPVjBweFVXeFdkRTB5UlRWV2EyUjNUak5PTW1GSE1ISlVWVWswVWpCRmVGWlhVa3BrTVVaYVZGVkthRkZWV2tOTlNHdDZUbGRrTVU5R2JIUmlWVXAwVjBWd2JGTXlVbnBXTTJoeVYxaEtXR05ZY0U1UlZGSklVVlJHVmxwRlVqTlNWVWwyWkRGR1JsRllaRXBTYWxKRlVWZFNRMW93TlZkVFJrNVdVbFZhY1ZGV1ZrTmFNbVI1VVcxa1JsSnJTbEpaTUZKQ1dqRnNTbE16WkZwUmEwcFNWbFZvUW1ReFJqTlNSa1phVTJ0MGRsZHJiRzlrYlU1UFVWWkdSbFJGU2xKUlZWSnVXakJzUTFGVlJYcFNSWGMxVGxWNGFtUkZkM0pTVldjd1dsWm9ORkl3Um5OVmVsSnZZWHBXU1ZsWWJEVmpNVlpyVkVSVmNrOUVSa05pUjJoRFkzbDBXbFF4Ums1aU1rNUNaVlV4YW1ReVdUQk1NRnBTWVdwU1NXRkhaSE5VTWtadVlsZFJkMlZxWkZOaVdGSnNWVVZvUzJReFJUTlJNVUpNVGtaYU1FOVljSEpUTWpnMVpHMHhjazlVV205VWFsWnpXa1YzTUZsNlJrMWlia0kwVlVaYVdWVkhkM0pWYkZKR1dWVktjMDFYWkhaa01rMHdaVWRPZWxkSFdqSlRNbWhGVGxaYVQwMVhTa1JWUmtrMFpFaENTbU5JYTNKWGJtZzJUMVpvVEdGWVJqWlNRemx1Vkd0a1JrMTZSa3BoUkVKcFVsY3hXazFXUm5SV2JGWXpXbGQzZWxkSE5WcE5WV3MwWVRCYU1WUlhiRmxXV0hCTFRrZE9lbEZ0ZUhSaGJrSkRTM3BzTlZGWFZrMVdSMW93WXpORk5GUlVhelZsYm14YVlsWnNSMkZJY0ZoWk1teHVWR3BHUmswd1JsWlZRemgzVWtSS01GVkdjRE5VVlhCU1ZETnJOVkl3YkhaV2FscERWRVZLZWxadFNYcExNakF3VFcxU2RXTldXa3hrTVZKMlpGVlNSMlZZUmpGTmJHczFaV3BLUms1WVRraFNiSEF4V1ZOemVGTXhVbGRUUm5BeFRUQk5NRlZ1VmtKVVJVNVFaVWhDTkU5R1NYWmpNVXBYVW01Q1MySXpiRXBaYmxwRFRWWkNlVkZWWkZWalJrNVRVbFpLVjJGV1NsWlVXRTVYWW01T1NsWkVVa1pqVkdSSVQxTjBURlpXU2xKalJteE5Xa2RhUzFKR2FERlNhMmcwVlRJeFVVNHpUbGhrYm1keVVrVTVlbGxzV1hwVWJXUjNVMWQ0ZFVzeldsRlpha0p1V2tSa2IxUXhSbEJqTVdSMlpHdHNlR1F3U2s5aE1GWnlUa1U1TldFemNERlVSVTV3WWxkR01tVlVWa2xrUlhCNFdXMXNUbGxwT0hwVlZtaFNUMFZXYjA5RWJFbFZNRlpvVVcxTmQwd3pVbGRPYXpBeVkxZG9UMVZyU25KV1ZHeElUVmM1VTJSNmJITlhiVXB1WWpCc1JtUjZXVEJPTW1SRlpXczVZVkpHU21sYVdFWnpUa1U1U2tzeGNGRmlSM0ExVDBkd1VscEZhRkZYYmtwMlpVaFNSV1ZYTkRKaVJtc3hVVEJvTkZWNlpEWmpla1pzWTFkR2JrNVdRbE5OVkZwQ1ZqSkdUVkpFV2pSamFrSXlWVEpPZFdGWVdYbGxXRkpzVjFWa2RWTkZiRmxPYldoTlZFUlpkbGRYYUVSaU1YQm9aRmRaTlZKdWFIVmtNVVpPWVZST1RWZEVUVE5oUkd4VlVtMDFZVTB3YkhST1EzTnlWRmRhYzFORk5WVk5SRkpaWW01U2RVNUhTbkZYYW1SdVVXMXZkMDFJV2xoTlYxWXlUVEJXYUZGV2NGVlVWRUV6V2xSU2Mxa3lTWGhWUlZKV1lXazVkRmx1YnpSVGFrNVdVVlZHTW1WcWFIRmpTRUl3V1c1R1YwbHNNSE5KYlVaeldubEpOa2xzU2xSTmFsVXlTV2wzYVdSSWJIZEphbTlwVTJ4a1ZVbHVNQzR1YlhoVlRESmZiVVJtWm5OVUxYRjJSWGxVVVc1d1YwWnpjRXM1ZDIxYWVrUkVhMDlRTUVoMWN6TmhNVmxJYUVKUGNGUnZSMEV5YzNkMWRrTk9PWE51VTFsU1pXYzFTQzFTVFdkb1NGOXFSMVZoZDAxeFowUXdXVTE2V1Zkb1pXNXZVR1psTlVGcVpYSjFTM2RTWDFkamNXdDBUakE1VkRFd1NuRXdabXhPWlVGWmQwSlhXbWxwWjFWcmVWWlhVRmhETWtkNE5rcHFWVXR2VDNwVVoyUmhPREZKY0VWaFp6bHJWSGRWYUVoTGQwTTFVa0pvVkdGMFNVMTJibmhtTFhadGFFOUpZVmwyVVU1U1FVeEJVMjU0ZVcxd1lYSXlWRXBYVVVWVlNVRk9Na3R0VG5kUVpVSTVaM1Z4WkhCUGR6VlVXazltV0U5MWJHdFJNRTg1UzI0eVRqQjNRbFJHYjNwcmRIZGhkMWxtZUdwaVRscFVOWGRXWTBrMVVITm5YMnhFZGkxaVQyZDVORzFvYTFGR1dYQXphRms0Uld3MFNHdFNaelIxYlZkeU9WVjViamhqYkd4RWJtZ3RhRGxtZFU5SFdHeFhiV3N5TmkwMk5FdE1SVXRFV0ZWUlpXVm5kM0J4WjNoVVZIZHRTVTkwVUhveVZHZDViVU5oYzNOSVkxaHhiR3B5ZVRSVVZHZEhMV2xKT1d4dVNXUmpkR3hwZGpOcWFsVnlVVUU0UzFodVpqTmhVQzFtU3pKVmJYcGtkVGhOY3pJMVZ6WjBlblZVVkVoRFJHaE9iemRqZFZoRk9YWnpaVmhyU0RsaVpWRk5VVVV6YlRsaVNqQjNWVGRxT1VoRFJFeGhha05oTlhWcmFuQnhZbVF5UlZSSWFGbENOMHRmWkc1S1dGOVBVV0V3VTNCeVJHWkRRMEpKVW5BNFVEUmxNVmRyWWxaSk1HTlZNMFE0TW10UVpqWlNjRWRYTkUxdU5GbDJPRU5HVlY5ZlVWWlZObWQzYjNsbVpHWkRjM280T0hNM1NtMTRXRlpqUm1kYVlUazNUbmRGZVZFMGIwOW1ZVkpTZDAxUFVEZDVSREYzWTJ3NFUxcFhNa3hVVlZJNVoxVndjV2c0ZDJaQlpFWkhZazVXUTIxdFIwVXhSMVZsZDNwclUycHBZMk5JTlY4d1VYaHRkMmhWYjNkU2FGSjFibGxOUm5BeE4wMHpPRFE9PC9TQj4KICAgICAgICA8b3RoZXJzPgogICAgICAgICAgICA8ZW50cnkga2V5PSJTUEVDX1ZFUlNJT04iPjAuOS41PC9lbnRyeT4KICAgICAgICAgICAgPGVudHJ5IGtleT0iUkVUUklFUyI-MTwvZW50cnk-CiAgICAgICAgICAgIDxlbnRyeSBrZXk9IkZPUkNFX0NBUFRVUkVEIj5mYWxzZTwvZW50cnk-CiAgICAgICAgICAgIDxlbnRyeSBrZXk9IkVYQ0VQVElPTiI-ZmFsc2U8L2VudHJ5PgogICAgICAgICAgICA8ZW50cnkga2V5PSJQQVlMT0FEIj57ImRpZ2l0YWxJZCI6ImV5SjROV01pT2xzaVRVbEpSamRVUTBOQk9WZG5RWGRKUWtGblNVSkNWRUZPUW1kcmNXaHJhVWM1ZHpCQ1FWRnpSa0ZFUWxkTlVYTjNRMUZaUkZaUlVVZEZkMHBLWW1wRlRVMUJiMGRCTVZWRlEwRjNSR0V5Um5sTlVYZDNRMmRaUkZaUlVVaEVRVTVwWWtoSmVFUlVRVXhDWjA1V1FrRnZUVUpIVW14a2FrbDRSRlJCVEVKblRsWkNRWE5OUWtkU2JHUnFTWGhFVkVGTVFtZE9Wa0pCVFUxQ1IxSnNaR3BKZDBob1kwNU5ha1Y0VFdwTmQwMUVaM2hPYWtsNlYyaGpUazFxU1hkTlZFazFUVVJuZUU1cVNYcFhha0pYVFZGemQwTlJXVVJXVVZGSFJYZEtTbUpxUlUxTlFXOUhRVEZWUlVOQmQwUlRNa1o1VFZGM2QwTm5XVVJXVVZGSVJFRk9RMkpJU1hoRVZFRk1RbWRPVmtKQmIwMUNSVnBDVVRCVmVFUlVRVXhDWjA1V1FrRnpUVUpGV2tKUk1GVjRSRlJCVEVKblRsWkNRVTFOUWtWYVFsRXdWWGRuWjBscFRVRXdSME5UY1VkVFNXSXpSRkZGUWtGUlZVRkJORWxEUkhkQmQyZG5TVXRCYjBsRFFWRkRhR0ZQTUdnM1dYVlVTMnRuYjFOTE1teEhWMWd3UmtzclZVbHVMMlJJZUdwWWIwMDNUbUp1Wm5Zck1UaFlNM1pKUWxWSmJGUmtWbE5xV1VjM01UaEZSM0JRT0c0MlZ6VXdOVFZQWlc1a0x6UjNSWHBhYUhSSlYwZDBORTl2U3pSa1VVVk1hbVJZUzJjeFdFUnRNV0pMZVZKMmJrb3ZabFJzVFM5V2NsZFVhamxpWVhGeFVXbFBWRTR2VkVSR1NXRXlUek4wTDBSWmFqUTRVR1l5Wm0wM1FsTTJWWHBhVG1KM1JYQlFlVWRsZURFeFZHOTJXa0pUUkU5R1psWnBTa1J6TlZFck5sbzRRWEIwYVU1VlIzaEJhalpGZFRNeGFYWmlja1ZvYjBOSFFrUnVjVWN6Tld3eUwyNXJWMmhQYlhGcFlrWXdkV2g2TWpOUU0wZFVZbFkzZEVVdlpGaENSRGhZUTBweE4zSk5kR0ZNYm1kNGMyWm1TMGxzU25NMU1VTnpVVTByY25sRUt6RmhWMjAzUkV4VFFVTjRjREo1WjFoWFlqVlJObEZoVXpGaFpEaHJUbHBLVlZaT2VHMU9WbmQ0Umk5TVdDdFZZbmhqTm5GSmJ6Vk5NMHRHZERKYVdrMXFhbGxPTlc1amNGcEZSa3h0Y1VWYVlVRjNSekZUYkVSeFlUUnZiRXh5UTBaRFlsQmpkRlJ0ZGxwMmMyWkRjemQ0Tm1rNFVtazVhSFY2Wm5GNFpqSmpOa3BtYWtSSlkyaFZaaTh4VWs5bWFYY3piMHBDY3psMVZXSm9NbTFRTm1OaVRsaEthRXRaZVdScGFXTTJRakE1UjJvNU9VWklOVTFqZURKS09YSXpjV2hoWW01MGIzQTJibFJDWmpkMVJEQllTekI2V2tkNVdqQlNaWE5wVVc4NE5FNVVZMWxsTnpKd2MwWmFhV3AxVUVGTmFURmFXSEZIYWtodk4yZzVWVWxoYmxZMlN6bEdWR3BMYlVoRmVYY3pWM0ZOUjNoeVYzSjNTM0ZpVkZGTVNEWm5hMjAzZHpkc2JGWkNRVk54VjBGTlpWTnJRa2xwWTFGUlNYbFdlRVU0VUZsV016ZExVMlJWTUVjNFJreDRUM1ZKTkhVM2NtdEROalZMTTNaRE0wSmpjazFLT0V4VVMzVXZkbXhHUldSUGNreFVkRmRZVWpobWQwZGtlR3BsYUZoNmNYZEpSRUZSUVVKdk5FaEdUVWxJUTAxQmEwZEJNVlZrUlhkUlEwMUJRWGRGVVZsS1dVbGFTVUZaWWpSUlowVkNRa0ZSUkVGblYyZE5SRTFIUTFkRFIxTkJSMGNyUlVsQ1JGRlJiVVpwVWxCalIxWjFWVEZPVFVsRlpHeGliVlo1V1ZoU2JGcERRa1JpUjJ4c1ltNVJaMUV5Vm5sa1IyeHRZVmRPYUdSSFZYZElVVmxFVmxJd1QwSkNXVVZHVFhSbVUxZGtSbFpKTldKcVFsVnRNMkU1Vmtkd04zTjJhRzByVFVJNFIwRXhWV1JKZDFGWlRVSmhRVVpDTUhrek5XZDFPRmx0YlVKdFdFcGxTMlJ6VjNocldYSlhjWHBOUVRSSFFURlZaRVIzUlVJdmQxRkZRWGRKUmpSRVFXUkNaMDVXU0ZOVlJVWnFRVlZDWjJkeVFtZEZSa0pSWTBSQloxbEpTM2RaUWtKUlZVaEJkMUYzUkZGWlNrdHZXa2xvZG1OT1FWRkZURUpSUVVSblowbENRVUV6UkV3NU5VeGpkRXdyUlVnMFpWaDRSMEZzVXpSb2F6VklZWGw1YzFWa1REVXJPREZDYkdoQ2N5dFpUMUZOYjJOQmVVMWpkMlkwTDBaUmFqUklhR2RzVDJGbmJXUXdlamRTYlhSbFVFaEtkMUUzUTFCTE5GWjBPWHByUzI4NWRtMXJPVFpvVGpWc1pFdzBZekZNYm5CNFVGWllVR3dyVWxSRllVSnNNV2R2ZDJNMGVHTnpXR1oyUzJoRU5WWk9NV0pEVUZJNGRIQkpjSGtyV25oNk9WaExhWEY2UkM5blRrZEZNekZKYURCaVJXMVpNVkZ0VmxWM1pXd3pXRzVaTVVrNGEwWjFUV2xZVlhwS05HTnpRbXh0YW5CQ0t6bDVRV1ZNVkdaMGMzRTRUVGs1ZW5sWmJWbEdhSHBYWTJsblRqRkZNMEZWVUM4d1JESjBVRnAzVFVwUlQzazVSMGx2VmpaQ1RFSnpWbUl6SzIwME1tUnVjVlpMZDFSdmRVUkdlWEYxTWxrNWVqSkZOWE5IUmxwMVlTc3hTMVJXU0ZwMU0wTTBVblZCVEVOUGVIQjRPRkl2YzFKV1JuQktiM2xKWW5aQ01WQnlRVWRVY0ZOU1JWSldhVkpWVFhOV2JuTkpWRFJGY1RkSE9TdExWVkpSY0ZsTVpHWktSRmgxUmtoNFUyMVFOM05YZG5nclJFOXpZbFl6VG1kd1NXeHVLM1pRWWpCblpEZG9UMUZQYzFkdmRrbHhkMEpPYTBWck5FOTVhM3AxVEVOcGJXRjJlVFZJZEVweFltbE5ZaTh6VVZoUk9FVm9PRGxJVTBWaFFtTXdMM1JXTmswMmNXaE9Va0pyVlRsSE1XOVNkemxzV21KbmIwbEZkelkwTjJkRWVrOWFSRkppWlhGc05FOUpLMXBRYkdwNU9HcFJaRWhRV25KdmVIUkVlVzQyYkZrMVEwaDRVemQ2Y3pGbGNXRm5OVkJTTVRaQlYyRk1SRFo0Y2pCMlUyTnVhWFl5ZVhSbFdVZHVTRWxZTm1oTVREWXZXV2hEYjFwaGRXWTVSbmh1ZDFGTmFUTk1XRE0zYURsVVJtNWFNMGx0TkNzclRXWnNTRTVVTURSWWJuUnVOR0pxV2pkblFtb3dNSFpYTVdWMk0wVmhRVnBVVFRBM1pUUnNZMkl4VUVSVmFpOXRZbm80U2pOVlFVRjJlamhxY0hCMFluRldJbDBzSW1Gc1p5STZJbEpUTWpVMklpd2lkSGx3SWpvaVNsZFVJbjAuZXlKelpYSnBZV3hPYnlJNklqSXpORFUyTnpnNU1ERWlMQ0p0WVd0bElqb2lUVTlUU1ZBaUxDSnRiMlJsYkNJNklrWkJRMFV3TVNJc0luUjVjR1VpT2lKR1lXTmxJaXdpWkdWMmFXTmxVM1ZpVkhsd1pTSTZJa1oxYkd3Z1ptRmpaU0lzSW1SbGRtbGpaVkJ5YjNacFpHVnlTV1FpT2lKTlQxTkpVQzVRVWs5WVdTNVRRa2tpTENKa1pYWnBZMlZRY205MmFXUmxjaUk2SWsxUFUwbFFJaXdpWkdGMFpWUnBiV1VpT2lJeU1ESXlMVEF4TFRBNVZERXlPakV6T2pNeVdpSjkuYl9tbnF5aU9XX0ZMUlM0MV9pc3ljYmRKQ3VMV2JpdkJlV0liZEVyZldQRTV1VC1IM0I0QlB5Rzg5elRnbVQzRzNUY2pXU1Z5Ujhia0hZUi1PODR4MFhneHEtZ1VENUJxemlIWUN0TWo5S1d1TW9fT2Jva0ZhRUFRY29aY09COGhwSkw0eG9NejZ0VXNaVGFfSGVHZWR4OWJJX05tdEJ4aDFoX2hzRHJXYjl3TEJFRDlLTVJyX3dRajFseGgyU0FyNEh3M2NMWkVzbkdaRHhBb19pTVVCSU5FclFuX0xNbHRnQ2pKRTFNRDdvT2NScXV2S1I0ZEotRXM5aEZOb2hkNlZjQkxoMEVwTGRvUnpHZW1hMzFUOVRhNmZxa0RDRVFTbTZxVW1yV1F0N3JmY3JscHJ2OWEzUUwxeHB0TlJZYVh1bC1teXBKMDlzNEVJUDRhSm9iR2Zsd1A0Ynl5Q29KMDhQMF8yTEoxeFZCWDJGLXdRU093N0RqOWNWankyb3lnaGN5VG83Ukt1ZGNPdW5BMWJXNzZ4cnlkQV9aMWdTdTUtRXpFaEE1c3U0VmpzLWdYcFNJUkpUSVg2cmlUZ2hLMzlkb0pQOVdRRURYeXljMWJxZWZkSTZPLWZNVVVleFZzTzg2Z2NoWkpIYlhwbkFpdkZVZndsX0gteGQ5Tkx0R3hhQjItRER1Q3hwUFl2MnlodHUzRnEzTF9zVEUwUk1YZzFaV0JjVURxV1lCaXRMVFRvZ3FTV3RPZEFaS2dvMWt2OFJTWklpZTdlcERSdloxRVltZlRVNFpmN01XWTVQa1pDM3Z5NmZWTnZ2dzNOaFY4UUJsSXU4QmIzU1VQMUNtWEhHdUo0WlE5WUJhcTFWYkxueTZFOE0yeEdkdnVELUhuTHpBUVpHM1E5cTQiLCJkZXZpY2VDb2RlIjoiYjY5MmI1OTUtMzUyMy1mYWNlLTk5ZmMtYmQ3NmUzNWYxOTBmIiwiZGV2aWNlU2VydmljZVZlcnNpb24iOiIwLjkuNSIsImJpb1R5cGUiOiJGYWNlIiwicHVycG9zZSI6IlJlZ2lzdHJhdGlvbiIsImVudiI6IlN0YWdpbmciLCJiaW9WYWx1ZSI6IiZsdDtiaW9WYWx1ZSZndDsiLCJ0cmFuc2FjdGlvbklkIjoiZDNlMTA4NzQtMmE5MC00YTQyLThiYzItYjUxMzY3ODZhYWE4IiwidGltZXN0YW1wIjoiMjAyMi0wMS0wOVQxMjoxMzozMloiLCJyZXF1ZXN0ZWRTY29yZSI6IjkwIiwicXVhbGl0eVNjb3JlIjoiOTQifTwvZW50cnk-CiAgICAgICAgICAgIDxlbnRyeSBrZXk9IlNES19TQ09SRSI-MC4wPC9lbnRyeT4KICAgICAgICA8L290aGVycz4KICAgIDwvQklSPgogICAgPEJJUj4KICAgICAgICA8VmVyc2lvbj4KICAgICAgICAgICAgPE1ham9yPjE8L01ham9yPgogICAgICAgICAgICA8TWlub3I-MTwvTWlub3I-CiAgICAgICAgPC9WZXJzaW9uPgogICAgICAgIDxDQkVGRlZlcnNpb24-CiAgICAgICAgICAgIDxNYWpvcj4xPC9NYWpvcj4KICAgICAgICAgICAgPE1pbm9yPjE8L01pbm9yPgogICAgICAgIDwvQ0JFRkZWZXJzaW9uPgogICAgICAgIDxCSVJJbmZvPgogICAgICAgICAgICA8SW50ZWdyaXR5PmZhbHNlPC9JbnRlZ3JpdHk-CiAgICAgICAgPC9CSVJJbmZvPgogICAgICAgIDxCREJJbmZvPgogICAgICAgICAgICA8SW5kZXg-MzdiZjcwNzItNGIzMy00MGIyLWFiOTUtNmExZjY1MTU4NjVjPC9JbmRleD4KICAgICAgICAgICAgPEZvcm1hdD4KICAgICAgICAgICAgICAgIDxPcmdhbml6YXRpb24-TW9zaXA8L09yZ2FuaXphdGlvbj4KICAgICAgICAgICAgICAgIDxUeXBlPjc8L1R5cGU-CiAgICAgICAgICAgIDwvRm9ybWF0PgogICAgICAgICAgICA8Q3JlYXRpb25EYXRlPjIwMjItMDEtMDlUMTI6MTM6NDYuMDkyMjkxWjwvQ3JlYXRpb25EYXRlPgogICAgICAgICAgICA8VHlwZT5GaW5nZXI8L1R5cGU-CiAgICAgICAgICAgIDxTdWJ0eXBlPlJpZ2h0IFJpbmdGaW5nZXI8L1N1YnR5cGU-CiAgICAgICAgICAgIDxMZXZlbD5SYXc8L0xldmVsPgogICAgICAgICAgICA8UHVycG9zZT5FbnJvbGw8L1B1cnBvc2U-CiAgICAgICAgICAgIDxRdWFsaXR5PgogICAgICAgICAgICAgICAgPEFsZ29yaXRobT4KICAgICAgICAgICAgICAgICAgICA8T3JnYW5pemF0aW9uPkhNQUM8L09yZ2FuaXphdGlvbj4KICAgICAgICAgICAgICAgICAgICA8VHlwZT5TSEEtMjU2PC9UeXBlPgogICAgICAgICAgICAgICAgPC9BbGdvcml0aG0-CiAgICAgICAgICAgICAgICA8U2NvcmU-OTQ8L1Njb3JlPgogICAgICAgICAgICA8L1F1YWxpdHk-CiAgICAgICAgPC9CREJJbmZvPgogICAgICAgIDxCREI-UmtsU0FEQXlNQUFBQURuM0FBRUJBUUFBT2VjSDVBb0pFQ3NhQXQ4QUFBQUFBQUUrQUVBQUR3SUFRQUlBUUFJRUFBRUI5QUgwQWZRQjlBZ0ZIUUU3QWRVQUFEbDJBQUFBREdwUUlDQU5Db2NLQUFBQUZHWjBlWEJxY0RJZ0FBQUFBR3B3TWlBQUFBQkhhbkF5YUFBQUFCWnBhR1J5QUFBQjFRQUFBVHNBQVFjSEFBQUFBQUFQWTI5c2NnRUFBQUFBQUJFQUFBQWFjbVZ6SUFBQUFCSnlaWE5qbWNvQUFabktBQUVBQUFBQUFBQnFjREpqLzAvL1VRQXBBQUFBQUFFN0FBQUIxUUFBQUFBQUFBQUFBQUFCT3dBQUFkVUFBQUFBQUFBQUFBQUJCd0VCLzJRQUl3QUJRM0psWVhSdmNqb2dTbUZ6VUdWeUlGWmxjbk5wYjI0Z01TNDVNREF1TWY5a0FCQUFBVVZ1WTBsRU9rZFNRbFF3TWY5U0FBd0FBZ0FKQUFVRUJBQUEvMXdBSTBKdkVHN29idWh1dUdiOFp2eG00RjlNWDB4ZllrZ0RTQU5JUlUvU1Q5SlBZUCtRQUFvQUFBQUFPRzRBQWYrVHo1YUFFLzNSdWs2cFdBR0lhcDk5SCtHWHRUSXdkMXg1L1Uxc0kzYWtzakd1OVNqOWxocHF3bUpUZmR0dGlyZXh5SFRra1AxUElNN0NrYjFKR01vK2RoTDRsNERNcGRJaVZnRGZLTFV1c1FiaWdPSUFEV2FMY211ai9DWE4vSmp3UVVUWmVXRHRMQ0JtUUlEeFVPZkFUUk1WR3ROTm4zdmFKWEtidXFVaTNxdHl4WUREelFCeTBmS2E1a0hNNS9BRkdJMlRqWHpPMXRXazZnVEVuNkxwSWFETUFER3RXeFhKd2FmTHQ2SDhHWUN5NEZjQThybW9XUUdnR0t4Um11WVkwNkhBSVdjWEY0WFR1K3pKby9LOWR4bGZxZXkrMEN4MElYeE01Ti9qdzdsUGlhZXM1M29xTy9zYkQ0UjFXWjJYYXFWcndvRi9mYVlnK3VUTGtQWUpxcVdwRHIzN1VjQ1JlUE5OUHpqZFljVGlvSFBoYW1MMHNrcFRaaHF4ZXBOaWxVZW1hazlseTNURnF6L2p3SVdFOC9sSDFQRHRESkIwV0RlL2RabFFpR0tZNWlseU12T2NkVjRKcHZUVE1xM2RDM0YwOFY0bGpiSjN1MnJFVHhPeW02bFgwU2FDUUU2ZjJNK004bTc2aysrcCs1OUZvZnB4ZHJaS2ZpUG1TTlR2L21WZzFLVXhadXFDMXZEQ3Bqem9sVWE1bllxbUtRQVd6ZENDbUd6bjhtWFUyRkc0cUUzaEpBaU9WRlhjbHpYMnd2SXZvY2VBOGVDdjVUaHBFbW12UHQ2TzlkVXNxdkhjM2NXL3NvWjRZQUJ6eTVJK1FOdTFpSFdRN0pCY2w5N21hSXJzWHA5UmF1MXpkRnQ3QnhwODhmQ0J2Ym9MNmZwdzJtaGJoa0VRVWVCSk1iWVE4WVpEcy9kelR2Tkd0UHpvNEFUSG5yZEJpUnJvcTNyU0ZucjVvZkFnd0ZKSnUvZ0RTQXcvRzFvd05CTW1iZTdIQm50aysrby8rM1ZUZ2RHRDg1bUhod3NXNjkwL0hlNEJUNEpjVnNZNm0wK05hZmR2VVRxQjhnOHdKR1dFY2tUUEl4L0lMZWZQaTQ3Sis2VTliR244UUNDRkQyQkNxci9kYjdWSzF5a2EzVmlFK2dIU3VYTVJ5cFZnZjJSUmowelpidkNQdlpaSjFjVXhiZHR1ZzJMUG1xT2FZWjZZVUV1NHpOcjQ1YWpsVEcrRnYxNjVwQ1liUHBNQlBQMm5pSzVUSDdFQUp0VTRxb3dmWlpjelZSZHB0NGsyWWJRbnhzWFhJSmNOVmxPdzY0Mm9rOWlWQUZrc0VZZWNZNWRmd3JobXppeTcrNWlya21PRVE5bkRBN0Q5em5qN25uQStwWEJKaFhIMHY3T25UMHhiejY2NEhmNmlKSUxEWVFsMGlxV0I5NmRKb3R6VUtjWUtBUGxxeVpNRmN5MTQ3NE5lZmw3V0FHM1RqeFY1T29uMGdMWDJRTnJIOVN0eUF5aHYwMlhpaVVaUm1JdVZkSlB2T0tHb3pXaEx0dXNtVWxuT3dTNXZxamZOOVE1cFkzbm95QWRDTHNNZWJiWkFzVllHVGpUVWVCZDlFTGdEdk0xNjJXRU5ldkJSYmdlK1o3QVdKQ3ZjQko2dnZsV3RiSktHS3laTkJUanBYNUVUMmdKTVJDekZibWhuQ01ieWRhbndpY1E0cU0xYWZjS3BPcXlscjN4Sm1ZamdEaEJWcVhCWTFUU3dMdGpmaVBNRWFSSm5lcW9PRnlJb0hyb1RMeGVHQ0dTb0djeUg2ZVRwT3NhcXl5Qy80amxWbnN6bkFxRndON1BqZS9PWTJxR01MZnlLdXBXaDBiQUNiOU55Q3Q5LytuNG8xVlFYWitMMmxJUHJtbWRNSC90TXNPM29keWExejMvaXhaY2NzL2ROZkVrbU5aY3pDS0RCajZoYTFveXZnUyticnljVzFTeGNqYytFNC9ZYStteUpPRnh4Sjl6RHIyQ1RNaFFqSjRlbTlwOHFWNk4yc0ZMamFBZDkwcnZ2ZkhuRjc0ODRlYjRURkxoNmp4VU5WZWQybVpVTjlHdkE0aDQ0SHRhQkNxM01tdXRWMUF2QUZIdFZoeFRaSGNOWnpVWHdyLzhIRmpKbDk3UHl6Yy9VaUthRE9OV0pDWEx3eldVU0F4ekJxamt6UlNnTTFkYllwUTNqOXZiaEFiRS9jcWR5eHRCQlkyN0ExS2hOTmVUTU42Vkpza0RyaUZjcGJsL3hzbVZ3NERORFJnUThia3R1N3lJM1JQZWY1YTdlZHgveFkwd1RKS0NxcjZ2U1huMTlCZ3JWdERZdzc1blMrVXdBYVNUMXhMOFVBN25jNG5LQUI2TTJHcWp6cFA4NGFUWktCMG5GQmxPUTZzVmQxUEQ0Mjh2MDBPNlgySGFaSHJ5dFZjVFgrN1U3UjYzY0U2aEZjeUpWMGxRUyt6SjJwMm9ETW5YcnlEVks5NzkyY0FHSmtlSWJXWHdQc3lWVklUS0dBRVhLb1dZZ0hCNUdnZGpwZUUyalc0ckd2Qm14VkRqd3Z5dWQyWmswSFBOaGRQd0t1MEhQTnRTOE9YTmdkQnk5eW9iSFlNeGtPKzc4RHMwanFlYWRpTy84amU1VkRYUXRZZWdYUndlaEUxbWZlY0xnS0NTN2w2M0kycVJiQm9WVDFNbjRDamhmRlE1cmdGdG5VU2xTUVhJamtvSFY2WEFFSnFEZlVPbUs4WWtHUituVHJ6aVJUQ0RlSy81R0JVL2RKTmsyQ0xWb0hrZlFycFNiRFZIcGgybW5TQklRTkJvZzNQbUQweDgvSVdkS0ZacjhrZlB3cGJHQWRyTUpGUVpOYXVGbWkva1g3SlhrMVlDcGlnaEN2UE1SVFZDVXhPUktkSXJzWklCWEwvNHZPQWJLMW85Vm1IZnY2STExb2QxVkUxY1ZqYnZ6a3UwL2V3S2oydFZLcC9YNzZ1UTlNam4yekUzN0pjd2NEdDRUMUQ3Wklmb01xcTZOd0FhbFpHUWtzNCt0S2N2RWNhRzM2VUNQK24wVGRKTmJlVGxjNHZuUTlGR293QjhmWGwrdHdPb3VvbUZnYkRhNC9XOUpscUs0UHNnSUh1NGpnelJPM1h5c1lRMDQ0RzRwVWoxTXhiT1BVUnB3WTJXakhSZDFrb2JheHBRczVlYkJVeFRxZGhVWjdRK21XNnZ6RnhqR2ZkLzQ2Y1RaRjVMdGZKMThFbzBLNHFteVVSSCtKMVY2bjdIZmtrNVZUMVpQaHhqdlQ4dHV5NTNucEtabldJalQya0xzWjJxNmRRKzZ1YjlYdnNDM0VVcHNuYmxydlNKWWxudlZQYkRWVzJFditWOXhmdlRrOUJMeU0rVW16YkhwY2VpNElES1VTUko1dm1FcGNtWmQvZTdaaU1KSVZrTHVSbXQvNThtNktQSzVHcDJtV0FyZlRlYXV6ZW1Dd2JWdTFjZE00UThnTlFHNGtha1Y0NEVadE9XOElkNW9lVUZnTTJmVmVsNUM5V1ZMaUNrVmEzejdBTzROMy9xZWYxdERvdEV3VXdsdy9aMStBVlROaW1aRmJmUXgvRHdFMXJQazlXc3o3bkU0c3loNVBjdFFxMVhOdXMwNGVKWkE1U0N4MkMwc3hvcEZtU1BseStFNmUzbVV4eHJmTUNsaXFmQm9rMFM0d0ZjWGxjTTh4bGVhWTBrWlJ4L1llNWpaaHI1djU2MWRPK0xYK2tSMm8zR0NEYi9PWldicXZ4RHl5SHFGQWlxb3Z0eFNGcmVEMWdzU1JFS1lKZHBNVFNqU0VOcVpMWGh4aGQrUjd6MFdYOXZWb01Ra2hrSDBKQUpYdDdIYXV1WjVoSUVHLzA0eG42aU9zMGpRYm5WVFRqcGdVdGR6bU1LZmdHMXFmUklkL2h3S2wvUkZhcW5HcVlsSFZGbTRXL3JGOVpKaUs3Snd4ZlpwY3pmVlZTdWVaaC8vTmJORGd3WUc3YkpUeG1HbmdFaElwS09YaENqVHljKzlRbmJFZm5jSDVtanUzRi8xVUNDMjdUeERIWm1xei9rNkVIeHVoWVJWL0NCREJrbkg0NjEwY3B6Wm8zUHdRVnNvbmlDMXV1a1FCNUZlOVMxcGszS0hOelJ4Wi9mYVNrQmszbk1NTEVTRUQ5R3RmU0FUczF3WGhYSk01cjYzTi9IMVkxTFdYTWtBUDRsemsrMkpPemZRajIrZHRPZ2ZBN0hld0ZLRHorNjN6czRhTEZNNHNHeEdmUkVlQXMyOUtzWkttUE5QWCtqV0hOOVdsWnRPRkVDK3FqZS9jT1l6Mk9zc3RHbXdodFZBalZ6a3dreUxGQklnekhja05leGowNnJZcGFzNWNKZEVLVWFRUGdSMkVrY280WVI3eXkrZThvb2o1VXFTUkQ1MlZZMzNKYWFCeEU2MmxLbnNoeUhRVEl6YU1Yb0RrV1lxWjlZRnpXUXZIZzZDRzhRaHROalVoa2ZIeHl3UWNmTGRCZnRyaUpuY3BNeWpsWUhHNmNrOHlTWjdZNStkUTFhbmt6UkRGdnJvT2dhUXFlVlRnMWsvdFhkdFNjRXNZUjBmR2RvdDZVbDFVSzByMzF2WWVPckl6Y0ZtQlk3Q3RUaERyYVFIWUQzQW9qajcrYmttaHBod0pDdy9oYTg3enFQSUQ0MWFRYVYxY0loNG9JbHErWWR5UExSY2J1TnhvVVVTMjJjU0JoejVlS2c3K1JTaHdIUmVJTHhRaU9vUmVBYmgzc213L0pxdUFZaE1MVkV6K2RKdnJyR3hQR2dyYVQyMHdkdTJvYlhGUlBNa29zMURQYzVjc0NCOStSR05DRiszdnFCRGhsZ0Y4aU5wRmpYSFQ4TkxtNEhQRHNGTmw5QWJhYmxUQ0pDM2YySzJrUVdyaldyVTBEQWJPM2lWZU1yenEyMzVPMkpqb2RaMVRRVExZcm1jMkV3SE5zZDVGMHpGdk8vcFlBYWQ4N2FlRjk0MDR0dzBBY2JMT3llQ29wTlMyUHY5eWIxdW5xdXBFVzdTSnJRbmhGTUd3dVA2dXkzMDlJTzQwMjREb3NXK1FNNUtXR3NhR3NnZ0VyeHd6VWpLU0ppenB6VmkzZVplcXNwNlNIZjZmZjRPcWg3czRxOTlEeVJTS0tLSVF3M0hKUnZNc05OVkxac1dwdVJyd1pUMHplL0lacElwUDk1c2R4eXJuOHV0dCtQUzhEdFlrcHc2c2FsWktzeWdyVG40UkgzUUVJZVFSNFdVOFFMaDVjUTB0b3MyTWsvNDBvVFhENy9ZRUk4elR4d3NkdU1RME9XM0tsYmhxendpbURGck16UVRYc21LSGkyRUl3amk1L0ozRFY0VDRzZVMzNVhzcGxMbTEwdy96OUxHSEdpaWZRbFlwTHZFSENXelh6Ymg4TjA4OTIyV1NmbFgyWk9icG1hMlZyUWRLVnJidFRyS2pwVkxsMEw2NXBjWUVpREcrMVd4UVorRjhKcDRMUVpkTnM2VFFSY25kUHZMN0tUMjNXV3VxNFZSRi9FT2dXWnNpUnhTNXcySEVKSVdmcU9xM1JwZHhVeWxLNm9WUXVzc1JZRVorNnVjelBFQi80TmdLZmI1aUw4cERyQys4UlFFK2JtV1ZCVkpYRnd4RjBCVVU4SlJydEVkVVRyVHFYZmRXbHF3UlNiWWNDNlRtb0pST1RtRWY3QWkwSUpTN093UWpNeVBhOHNzL1E2bkJybkVXZFgrNFd0K0ticDJwdGg4QVgrSjIxZEY0VUoxU3lpUjQxUFlGUUpwOVhPSktvTkFKdjkvdk1zSWxEVVZDVFUwMDMvZjdsVFBkSlRmc2VVeTNrNHBkSXhWN0xmY2VEczhnRXhlMTJyNXZzN0VzbjBPKzlBd3hDN2dUYUV1WWhDbSt3RVpqSHk3VVhMbGQxUk45djhPd01nbHc4Ky9Db21NQmVaS0tWOUZScUZrZGVMNlE1WVphNTg2ZVRkMUhBREN5ZGx2dnp2dG0xcXZYTnRHOWVlUTYxb0xGSzU3d1pRcWJhWWNIQWFCcUtuSXM5VlFiNUp5bjcwRzQyb2szNkJteFlqSHFESW5Qc3ZmaHhJbDhmeUVwSzB5MHE4VHduSUVtYXh4R2pXdENxZ0VCUzdRRXFETE50S2NKTFBTK3hTaHk0RXNkYi8zK2EvSTJlb1Y5UlZoZjlDQVIzN3B5NkxtMUlCRmRlUkc4NUpubkdlcVZmOWttR2JzQjh0TVVtUllxT3lXS2hSUlRLSkVMSnJ2WnArU1MrR3dGSysvbWszd1h0UXlBZ1U2TFpGM0xGTG9FdDF5aVV5Zm9lMmU2aDFLMDdDS3ZiQnFxcDc5aEVMTzFiS2xYMG1CTldnQ2ZMbXFMQVp0Q283TVBqYlBPbVh4VnlqRFQ5VEdGVjJwN05GV1FhaCtEbzFMS2s4WTdPdjg4aWU2aStYaHV5MUVmM0d0QjkrWkhmUXFBRTR5UUtJRm9Dd3ZFN1FmOHZpTmtlNEpyamtKTTVFV1AxcWhhdSt3ajBmNkErQXgvdGhTa2srTzdHT1pSbXVXVjZaMUJjbDVuK0t5TnR1ZzRreERkd3dvbERYZkNrcmlUSi9jbWMva2t4Um8vaGhxYk1UcWo4SzRlUm56aElDQWdMTjNvTUxOYlgzTHdEYm9XZUpQSURiSDhmUmUySWFINndVazdmcUlQcW9pQm1ncVMyWFBUazlva1JINXd6eVE3dy9kK0ZiN3FGV1hja0NhblQvRGlRL25kUEdvRjJqNnNQQWRiT0hNVHZwamhCdkJ6bGxFd0MvRXh3RzdzRmk4b3ZlaGpCOHZ3b2djZVoveDdHbDFhTmZDdlRONVR2NVk4dWxJUFNvcDBqU2ppNUc5TVlJTHZsQk44R1J5elNpLzlwNjArZnhaQUcyKzBSaWxvakZjVUE2WDNZeUxiMmJqcElJcVFWK2pwSTdrZ0oycUo0RU82d3lReVhhUHVpMkpYVjRpNFdTSDBMRmVqZlVxR0d6VHhWaTJpNk5JWVlMajBSaFpGZ1FBZGNEeDRBNEI4azB5NnVKeFB0MFh1eHlUZ3V3Kysra3M4eklnSTZRM1d3UmJSYjlQNGhqNEtwUDBUcDRCd2hvQTByelRhNkhUcFczNFMrVHN0a0VIREMxSGE1VkxiUDhFQ1VLQVA3T0lZaW4waTQ1ZUR4S0JNSUhEMm1MZ0w4bFNSSlVYWlRreDI1NHllOGNLNjhzb0Uwd1RkQ3pyS0V4dHJQWFE4aWhJL3lWY3JPejJNbmY1UURuZ3Zna0JnVXNkQnBpaDJBT1V6TG9ydjZoTEc0N2FnaFBQVVpjSHVEN3Qrd0FLNWFobzhyMlBwakhCVVd3SnIxTG5pNjFYaU5oYllTQitRblAwWHJ0bjY3YlNKVDhUZUdickczMmNYcDVzOGllbTVwbHROTGhTeVRjT3ZvSGJKcUxjZmNGU3JDUEZUOTFpS1BNS1B2VUxXYUNyeHU4MmlTcVRoZ3RKRUpTRHJYVDRteUFQaEJLUnhPM1NjLzVyTklUOWdoU3NyRlBJVE95bmhOQlNQYi9RTllLc0cxMVJZY2FIT0d6N0h1cnVTNEdaandkeHlvMzBkMWZ3TkhPSHIyUHV1MHUxQnpqa1FVSFhOSllJNU5JWHFudU5RdlBiMFhWREx6WkxLL084TmVvZ2h1T1pYaWdhRjRvNU93Z1dCREJJWGI1QVNIM0VlL0V2cnduYVhYeTh6Z1FDTkNZZWxxcUt4bVBBZEVCYnNCK2FoWlB1MGhSTE1HSWFadjNhOW1obWM4ZGNMdXdEa3Zwc0ZKOEY0OEt1YzRKYWJ5WEtUaHNmbXh0alcwNUljSGdDcUJYaWNZQklMV0J6cjROVHRiencvdjF2ay9SUEROTlBKUkovc0hjQ3BndGJwK2Ixd1FvN2FrUjE0ZW1Zblc5bXc2YzNVdjB3L0ZFcERGampOZUpoK2xJM0R2QWo3c0J0Qjd2RlRFZEtuemJUNTRzYkRlYzFOb0hxSnRIQmNqVjYrd1E2ZWp3QUd3Nm9YQStoaHA1ekNYNGYyY0tDaUg4Q2I2ZnBiZmNFOUZhWUpFVWlDdndmRFdiMlNITmZFbngxbE1kRitTZ0s4YWxGK0Q4RERZR0xISlpLSDhPUXM3V0lwenFzNGtUOUdKWngraEpHSzAzQ0wwRXk3QWljRjBvVW05NUo2UTlENDJwaXh0cFg5czFlNXF1L1c2NDdVY2Iwc0JtN3RpUVFwNjRuR2FkUEdDbFp0QktDVkxvbnU0ZFdqTk1sQS8xWUYxWlZDZmEwWVBsNWVEcjFKYUw5OGpESld3bmY1YkFHdmFUclFSZXZZYkZDd0R4eGZGZkd5QjVndGJPOWRJR1Foc1hVRENMR25EZEpiQkJ0MDlWdXkzb0lwY0VNd0E4OGtSOW5kbHV4VWZrRWR2dnlJWGxVSnZaazBkaUQ0c0Q3RVd4aC9IT293OUNtWGVSSkFiZnA3b05sRmxya2VHMmNFdzJxdDZ5N2lhcDRCaGlhcTA4SWFLS2hpN0pZWFBnSEpRek1hRkpWb013YzVCc3R5ek1hUEhQRlJTZzZoSjNySVZjSDB6VVIrS3lYVFNVdDdSR0VRZnQ5aGp5ellISEJCQS9pcmxrRlpwaG1KY0Ftc3M5VnBNaTdVa2Q2TkdycUQ4QmZBSHFkQzVqVG1paS82Y2V6RjJ3cStROUFCNXBJSDloWU01OWc3cGVvMGdreDc3NThBVyt3VW1qbk9NL0dJeUs5SWkvVTJPMlZYdEViemsxWVFIWmVGN3F4aG1rUEp1M1pHd1FHUG5mQlFTY0xpZ1RWK2VwZUVvWTcwUkZyMnh4ZEUyYTlaQk9PNzM4TXZJalVBVEVXWmpwaSs4ZFFJZFVzTi92M1VTQnNPUTJMMXBDNnNQVVhKc1lxYTJabVFlWEhyZDZtQUdyeG9TTk5KcFc0TU85Q01KMjlvMDhsd1YwVUZxNGwweHNFRzVsaEZ4Vlk3MnZQUnZDMVRGUG5KdGlEdkc1REZlb1F4UHNRdzZQYno0ay96bnEwVFYxQzJCNEN1aXBoWXFyS3laZlRYM1YrWXlpWXJodFNCRnk1emZzRDR6YjFPU21hNkpoL0xyUm92akFIQWJ4bTdjdE1xSlUxN0ZPanVBSk9KZ1RxZCtvN1RHZG9tVEhyL0dFT1hrTWFqZUZxb2dxODZlSEkwZ2lMUnRQNnh2OGRpSHZKZWVsVFY1dmYrdVN1Y0NYT1poYTlkd0VHQi9ndWlYb244ZUVNQy9NTUs1UzhhME1zNXpyR0daY29YSlFZVmdQNjYvN0FEeVc4SDdjREEralpBZFIwMHJ0WHhGR3hpdmRYOTJjeHlEeXVlVDhwL0VycUV3dERaUGxXWlF0SFIxb21BWlRramV6WnUwZS9hVEg4NkhtZnk2U04wQ2pNT1NIa2YxY0ZXUVZIS2lrN2dFOEcvb0J3dDBiS3BVMjZNTFp6MlFYUkRkaTZ1UWJUMHZReU4wUjM5dzFMN2NYVlNEYnUvUm1jRHV0SUgxdFo4VzltS1Q4bWdEV1JDS2dac3ZTUDVKb0ZWbHFjQzFBVXU3eEJvQjhOcWE5Tm5oR0YvaE9ZRlU5TkltTTFoN2Rnd2Z2UDRiRXVsQzJDd1Q0dk1YaGU5WW5hbDhwcUZtc1BuRWViRlY5ekVWMzJHMUVOMjhVZmIwUUtpQ21QWWtQeG81a0Q1Q1NnREFaZ25jdVg5NlJGcnFMTk50MDUzdVJvRHpEWjhBWENRbmg0K0lQSFFsMDZRMTNaN0dVUExEaXl6NStDTUx1VG9UM0x5Ynd2Sm90a01XUWlzQkd0d1NHcXpSQmhnTVkzWi9jN2t2TTFSOHRZN2ZzR1ArWEp6SGQ3ajdoOEVQU1I2QW8vZEpnRFZNM2hkOStPVzByaitGN3AveWhjZGhIa0UzaWpkejd4L1RvS3ZVVmRYSTFvS0gvODMyQU15NU43TDVmY29PNzg2bzFtWHZtSzB1YldNeEdTK2xNVU4zaTBuR2dBNjRJV202ZlNpNk0xaFlzN0I0SnczVitrWU43bUdVcURWRkdZd1RhMWI5amdVTHhIMFd1WHlpYm5IUnRsQTlUQUF3QlhZdlp2bkNxYnd6L1Z3ZHJpbTdEek9MVUpLRVFSZ21MRWRsOWZCWGQ2RjFNK0xicG1kNVQvRllMb1ovVHJIdHZXOGJHdUZoWm5EK0U1aUhLODNkcHg5YzZkaWd3YnlZOTA5MWxSdnMwS2MydVNFdkJxbm1BaTZjcWE0OXAwanlUb1JxYmgzU3dpekdCRVBqRzlwaEVBRjJwTFkyV1VsTjdqVXVUdlBEZnZsamZzZUgydGl1T1VuYUFVdnRzSUlCQ1VkQlNFSnBJWWgyQnNFVjVTK2lqSTI4UmZVT1YrbnR0YXY1WXlMay9iYmdsM3ZTUkN3ZE9tajJiZmt3cFZ6L2kxZFlnYTdFV1g4MmdZVWxQdDlCRGxGeFJhNXFSNGtUZGRzRmpvQS8zTzFUazN1a0hZQUIwSjYzbERZZU9Mcmt6ZkZNMkxYcDRqa1ZEYmIvamY0WkJvc0djeDk5M21McjhwUW5WM1lSQlowczFvdWJieUFoclM1ajRLTnZmWWtncDBJcFlDYXhuTFd6UXpSUlJVeTFvaTEzN1J4SUJtcUpxZmZGczEyTGJKWlU2NkprSHJVbmI3ZG4zb3E1eWVBeXJ6cHRma0tXVldtRDFCUFVqaWlUa3dXQVIzcnhTWWVQOWxlT0NydzJUek43amhiS2M3TGRXcDdVWUNNWlVnYnNlckoybVlLZEhDYkhEYkwzeFJ6Q0ZDa2s4cTVBTEdtYXpNT2cxU0pIbG44d2ZhYi9ZU05JM2JHSm9DVnRrUDNVVnBWaUljVGVYeGhYb28xN1VPYVJ4bGdRY0NXV3FXMnhJcFpyYW41cUFkbzNwakt4NnlpQ0dTNDNVeGJTekVESHJiai82YTAwSllxelNleFFRd1pWRFRiZ042Q290UWZKMUREdkJEM2F5WUtGbGxZei9kenZvcGVPNkREWGVHUGhRVCtDcmJ4Q2JkTGNiYWVzN0prTWhpeTFGUWJOVWxUUHBqQ1dwajBSV0VVQTRhM0NRbzBWd0puOXpmNFN5aU42Tk0zQ3lVWVZ0bm5lbjYyWGgxd0xnQzBSUzJnejlRKzR1WVFHQ0ZkTk5ENWtlejFqYTFaWmsvZWpZbE54L3BSMjAyd2JLek5kak5wSXdBTkV2eVNCb1F2ak5wRmliRHlxL0tqK2VEcmttbU1BUEVvMDNyc3Z1bTJjeXJKM1ZSVWZuQ3dMWi9rd2Zrd3JzTnZsT2xNcGJqVUdUSzBQakJuZkp0T011TE9GSzdxbWptdTg1d2xDMG8vRmtVOU55c2poZklqZVRKM2w4R3JCK3orQUQyM2sxby8xeFVMSWJnaTRPd1dMaVJaS05uQzVVQUxCM0dzM2JVMDdaVGRYcW56MmtKdnExaFIwTTFSdHk4UzlzVzNNTXhYanJrRDFSaGQ5MEIzUXFROXNSQ0lYb0RBaERpSHJpK2lNbzdPRktGOW9wbFZnZEYrdDdMYmk5VlV3RC9VUDhKUEhrMGFlbnM5T3VLT01ma09TQmgxWDFYY3I0QWF0Z0VOd29lNjF0cHdoUFAxcFQ3SUdXMWdka3NCaG1ydG5lV0EvVDg5dmwvcmNEZndEK2syS0xPT0NaNzlwUm9acHNLSU5EaityM1QrK2czNUxud0cwUmlGVzc3UEMzRzBXbjArRmpMdWtBaG5VTEdvMW54bXBYK0RzL2ZvanJydFQ2cmU1OEgwMmIydzVXdEhXUnNZTTZJTXZOM1Zja0x6RGpadHVUTFhGbzVXTXpIajBNMjV4cU9YRXRjZzlSamZEdGdscWh5b1NzcE9jeTlkbktmeUVFUjVJUEpHWTdkYzB4ZU9EaWhpSzB1eWhSS3V5aFdOMEw0b3htT3FhS1lGc2VpMVpSTU9KZHJKOUluTit4VU5IZGxLN3NJQWd3cXR2cjZtMC9VUW96Yi9YcUlGbXk4cUFmZ1o1YnZMRHBjWkxzQTlYWFNGRVZZaVJ1WDFsYTR0aU1rYzRPMXRFcURFYmdBeTBrOStRSjFLVkRHelNmTUdWbjg4bVMwM2NpeElXZnlxN04vS2lmU1pXVEIrRm9JR0tQTzJUWHJhOWhDQ0lEOWVYb2NCSFpkbDZYODFyU1Y0L2x1cnZDZjI3TG1IekY2ZE5rd0I0UmRVazUyRXpMMWxxbERuZ1A4N2trUEpFdWszRDZid0Z5bkZZVnowTUczbmFkUkwzVTJKNVJvSkg0RFlNTmRXcUdZeEM4dEsxQ2dpcUtqTjlqWlJUTEZSTnRNS0dyU0E1M0NCVGZJNnVBTVdsc2RKNTF2QmJCc3NnUlRocjg1SS9nQmdwVzkwa3ZSOEdqWU5KM2RSRlR4czkrTENibitpTW5OK1Q3dFBkbW1odmgyUWVBRmlPY0tCdGtXaktzMmQ3SXRHYnduekRwa1BXc1AzbW5GTExJeU85aWEyeEZTcjlZcjRNQlkvaCtRNUJBT3k2ZEtYU2hya1I5alVhM2syaGpLcHF0ZlQrVG11bGRZanFuVnpvUUp1RU1yRzBnRWdXZWxBOExOSzMxM1NUOUtsSklRTEVaRGd1RDdaNy93aElqcnl1eUtvV3pXVmJQZURQUWJ6NzgzTmluYlZLK0FkRU8zdzcrUVRvRVg3Ni85U3NweTNUV0MvMzRZV1hVWU9aREVHNjhUcnhCUy9kUDMrZ2ZJbGUvSnZXVldYbHlxdnpxcFhJRzBnMTkrSDZlZmFWQUlqaUdZN0p2OG5sZHo2WEhFTnQzMnlocC85Y3BxRTZvcGo1V2VTcStGYlhYVXZCaGtkbnVybk9RRFduMGFNREgyVXk5VjAzcTJpb1h2dUxQNGZqYjhXcHM1YjBMcmc2VEQ4TkRmU3RieW9VemVRZURlUVI0eFVpOGMyU3J3cVUxeEw2cnE2SzJpRERGSWROUUQ0VExMQlMwV3p4SkFFVEtVZUZla3M0bVdCaDYxc3FSM0JoaXg4cnZRZFpZT25HSXB4a2tUUHJHeEpyNXlLWXZGMXd4VU4xeXF5eDY0Tk5yUlZxMTFlT29ucGY5Z0NwSnJNWEt6RlZOVkRyelVQU2tGdldhUW5ZWlRzWXk0dC9sdUVwem9TdWJzd0ptaU9tNUs3a05mQTllZUFNdkJNMlFjRGZRak1oZ3VHaVgxYWNKQVdqV3NKRGJPUGdjWlc0VWhTTDA5YXRKWGJKTDhRZUxmQndEOVJTeWMwOE9leUkvYndYTFE0cUR1SHRFS05CUXVkMnpzUU9CT1lBc2VBdElWdlFhN0FSYjNNTGVvanl5REZIRy82cEFYeTYrMG4zRDBmdjhVelJyeWd1T2R0M3VIS0VtMmp1YkJXaG51ekg1VlBOVEVxY1NqcXM3WlZFVWpoWldxUVk1eVNNT1U3bkYrSEpnd3ZwenpSM0VVdG9XcG5qb0E3cXZJc0VSU3YrMFlDV2RZSXNpYlZaTUdsL2NUa2I1dmVXUzR3ZWE4Ry85ck4vMk9HNWVUTnU2SGFmUC9McDIzdUltN091amY0cHQ2bFc4akg0b3dvNGFXdUltUys2RnYzaEpFNFhPck53VGRDQXptWEN0SW4rSlRraTJEQTNYSDlzNE5rM01MdnhWdVNTb2FNbndpdUg5UzkzT01PY3NXTi9TcllqanVZTWFVZWFIL0JETXU3RkZGRWk0dzZKcEtrc3hnQ1JrMWpxTFRIYnJhVnZGUmtoWUE5aFpIK25XZHlqMTJFM3Bwc3lmenpmSU5VQ0tacDM4YS9PT1o2aEc5ZDVRQVRjVzNneGhmSDVwRGZ3WW1UREgwOVVDSUdwQm4yV3RtZ1NtNFFxUGI4ZU1EWjd4TUpxSnpMa0EwMjUvWnc1ZVpta2lYRk8vKzNkTlNEbHZWdG1HL0NjRTR4YVBMeExXanNqakdQa0tsNEczTUwwY2J1djByWVVTYmdrQ1pOT1FTOFlleVFiVUtYU0J4OGI4RmdTNmx3dGk0dTdTd1pWWUZ6aHU3RnhSOWxNMU1VaGVRYU9EbUxFUDlZOUlZT0xSdGxVTnY4OGMvZUduaUxBV1ZjM3NnYnJwQ013b2M5UVI1cnpDZkY0cGN5Q1VVQmEzM1dFOGlabklnOVFtOUJNS1R5a0I3cHI1UWtKRlFpbGtHcmNmTVBsWXJQZ0hRcnAwc0toVWk0U0VBdGh3UmZMWVRsUUJwa24xSS8zZDI0akNqOGs3S29GY1B1NXhqUnNsYUM3aFlBTlVMeG05cGRSTW03T2JzbXV4cU1HNEJncExzZkt1RTFLcHZsTEZpVFA4d0txb003LzhoeDZZMnBpUVp0b2xEVG8waWszTkpxcmNRQ1JSTVoxbnM2OXF5dzZESWUzcTJlMG5vSnVVMmxTeklBWXdoekhQVHBqMHFiN2JvenVyR2MzRWgrdG5OdG43TTMwaTZyK2ZLNnQvUVJiQmZ0RDVuVWttRzJ0Rk5tK0JXOXkzNUpvTGV3WDdOVEptcVNXY3F3L2Zod0pkKzBncS93UXo4TG1ZUitDR2lQWlJTNG8rRzArQzR1aFBUdTk4RndZSDcxN2U3YTlpcWxINGE4dlozNlA0NTl0SmhhTC9sdlFYeVdkUUE2MzNsWTdDd1JLMC9QeUM1WmIvRkxnN2lOSlAwVERsNS9qWUJRVDdYb21UUDZhTEVyb05jQnRpVTd2UEpxN25IVzBUcHA5QmIzTHlMdWR1NS8zT0Y5QTdCVityK1JvODRVS2FlYXB1U1BweUdEbi82MURWWTJvalQ0cDVyZmJza0IxdW5TaVdrRnc2dFFBUWNrK3JVMVZFQmZkTlBDMjF0Nks4MkNJdldHUzV6Q0hJYlpPQ0llVk9JSnhXM1FJcS9BOTBwQTJvbTJHZGR5cHlQM0hOeThFOWJXdVhHcVJFWkNjRld0S2FlVjRweG5Cck11WlcxSk9GU1N3STZrMEs0eUl2aUJlR1ZjdDVuYWNqTUJsY0tuUWJNb2FhYjVTT1VBdE9RMk1DclNLN05ERmlNejB6Qm5vU3l2eUsvbCtob3E0MkI0dU1xNE5ST2xORnkyYzV2SEY3V2N0WUtIMWlaVmNLVUxETHY1NWZPSmZHNFduVUtpcys5WnRYd2wyb1ZKc0RGenZMdXpGTEpmTS9NY0VqVU9PeG4xUnI4YVhicnI5SHFKSTFzRHl4VzA1RmR3ZTdUU1VZWDkyb1d3cThLeU1TRVBlQm10T2dnMlErRTZMMUFNNTZ4aHlaWlZ0aW5FR1dyR2M0UDcrVXFXeFJ5ZFU5MHRseEFqNmFyS0pWMzNVSGpRd1RSaGZtdWdQZVRFWWZla0NHZGt1NnliWGUvbVM1ZXhvSHV0VEJ0VlNDSWxpa25XS0pLeDBvQ2dWYnd3QnhwZUNjQ3pIWTI3UWZ0SDNiOHdGaXVrNXFveGtTQ1h4eTQ1d3BnTlRWUE85MGFYVzFUSkhnWG5IMWNFMTRIL1g2V1pRL3J6L0RZbVVPdnpkOGR3Y0FIV0FrK2dURUwzSERDQU1OSUNmeWxZUFp2SHZ2TEhwSG0xTHpNRkJVeFk1K1NSTjMzaUVFaXpvTTRUbndYTElrVEJ4ajJpbWN0Um5IR3lWWGJqOHY5R3FWNkVoZTdsdE5yb0w5Y0E4OFVqV05Xci9xNzJTTzZwaUdXeTM2Q0Y2RytrUkpDY3d2OXErNHhnaVpndEtrK0plMUR2TVJleFdqUGwxa1FZN2RjMDN4QlowZlpobGNLd2E5aXZaWXN1UWhWL2RBNUFxYmhpZWlRN00rSVIzWDBCdXZCSGVpb2JrczRTZUkwakROYWo0cUR6RXh3TTVzZThpOUxVczlwbmRndDRKMHNuSUZkVXZmSzhGSDl3dlFZU2Fnd1c3aVlvaTBDOWZDQWR6dDBEZWVQQUh6L09rTXNvRjc0RGNnajNhQVI0UG03ZXhKWW1HZHhNdVhEQmg0OFVWai9ZUWQzVDhJUnh0ajByVE94cHdQenpuQ0ErMkxmRThtOTN1Y3Nudjh1dUdRSkRLekVJWGIzVW5sd0I4eWIvSUN1KzE3Q05uMGtSc3FtbG44MEhIM2FpN0N2MEt4SytPYmZqMnVqVjZPWnQ3ekVXZ2JxendzTUN2dlE5TFdVbm4vWnM1dzMrWmg1V29OalhLN0JNTUdFUC8yNDZzcFVseEY3cGVSSnZ5eFVUT0psSDNGOU1vZFZwWnhoWVdSdFhoR2ZVRy93d1ZPZWNUVlVtMHdWN0Q3bHhnTlJhVWRHb1ErME5RYk5OOVJxaEFOY1E1a1FFV2dwcUdnTVRQUlNDVlhyRUMrQ2RTbUE0QXdYRzEwNGQ1SG5Uckc0NUxTR1NVZkQ4MGlmWjVncU9pOHRUNXMzRVFNa0ZxU3J6ZTZTT2piSGZ0aFdueG91bzV5NEJxbEZQMnY1NEFEazVJbllDbGw4dnNidXJGeG9PZTlzZVhmMFNDVXZqaEEwTk5LUGxWYTZkV0lvMjlhQWJ4QWIreUpiSHBOVDJJa3dtWFVZd0wwSlo1RjlnRllxNzRvMmNsVGJxT1NVRFQrYzFwd0tCUjlnOE5CY3d6RUUyaWk3SVNRQXhXblF0SWRVVGRPL2RFTW9pc0daSGpFaUY3K0M0WC81Q3RSaHJCM1g0K3VNTXZMc0ZEeEtyVlg1RzNJYWJ0ck5kTzU5NWpFc2NNYUNJaHJmdEltYjNqNlJQSWM5akRqNHVzOUpBVGZzSkJzR3BRTDlvYWMveHFhT1VCZXlYY0JudnpnYUdmUnVUa2ZaZGx0Tjg5eC9mMVgzckEwbnRxbmV6eVVPYXlBb0dRTkdXSXljS3E1ejlWc1pobndXbDBaR3VEZ05Ha2JJK05hWHNuQlZBSU02MHkrOUN5aFphT2VRcXA0WitjUkdOaEZOMTluYXd6R0lrWGNTSWlCQ1lkbzlZemkxTmlyNkloZW1wdTdhTHZBNzZjcWo0bkprN1FvRGVUem83Q3NaNTIySGJKc1JDNTBLZXRIZm5HQ0RIRUx6NWdLUUdIa1B3RnFuK1QvWE85TDF3MVpITUFjOGR1RFdqd2pCMVZTb2YrTEtWb0paS0NZUTB4YkFaMWloc2I0c3p0ZlVCTHR4cWtUVHVSNEp6VkFzK0MxdE00MVFGdXlxMW00RDltbGhmelNuWG9QalpwZUZUb3pNRThFWUF2YVlNeHhiOXlDRGpoaGszVEdpQlcvQllyd3RNNk5WeExhNWZ4MzRkYVl3UDBGYUNLYmRUNGhyZDRWV0FtNlRtVXBMRlVZZldPalpRYzFTZXhOZkJpMnY3dDNsYjFSaTIxaUFaRHZzZm5qRXNqckZ3aXV3N3h6c0NrclFKRk9EekhJZ0dwZG5wVFlrUGx4US9GTmFHT1duS0p6dTJBMEpEQVJTRDhSaGdZRys3OWdUQVd2S3EzRjJHbjNySDhybEpwRHd6NEpzM05tZlduOWJTb0d1MGU1SjNGWG1xMVBsS0lnTTJuWEpnTnVMYXdiQXNadEwycERveDBPZ3c2Ukg3Ykh0T3JYeGFka2x0UDFWS1o3cHNoNEpwSVZGMVREWjY0Z1R5cXRWWTVvbVhiN1FqNzJOVmFpUFF1VFloZHB6RWllWUZUNkgwQ0h2WGErVExXK1lJdlhMZkprQ2w4KzYwQXZIWHVFUXE2Y1lMb1M2UWowQitJR3NNOEJyaHFhUDI2ek5hOWt6ejBYWVB6NHgvSzNiUzJFejNFeVhHU2F0NWU2RjhESHpkMXo0ODRFZXVybExhZUFFbHVHSUExNUtyNmVIWHhiYXpWcjlHRmtLVDBCanpqL3lGTlo5L1IvbCt1NzIzME0xYkhJdmFjV2p5VjNYUC9rRkM1TlN6NDRQWitCVzhFbGwxT3dQWGVFV0tSTlZZbHhma2ZTZDg2SmVwVXAzRzdnSFVMbGRJcFBLN3VLTDg3aTdhbDFBaHpOSFpRT3lLbFEwc3M1YXkxbEdZUFNtZWVqZjlvNE8rdXNmbmtVK2JSVmsvMEkyVjIxRTUvcXBuRlcvNEQ4S0Qzd1UvY2RSN1grMjBTT21Bc1FhSEJ0czBwMXJ3NmRtc1NneVMva2NoU1VmUUNlOGRGcGUrM2x5cHU0eFJRcnJ3cEtoNnNWbndLMi9kRS9WZm9zTllqVUpnSUNBZ0lDQTRqMnJISHUzYm9BQTJEV1RxWWcra0Y2STM2a2RmQmNodSthRnZJS3YrS0gyVzQ0OGNETFFRWEE3VEhKMi91UFdhWlY4eGVldzlCai9iRFZ2NG1oWGN1eGJwT2x3UHZiMnZmanJvVmxTZVFON0NJRzdWL1h5MmFVMERzdHlWVFNnakR3UUZ1Vk5PVlZJZWdTOTEzZWx1WmQwa2FUM3RYMEk2dkdXMFhaUGJuSmF2bHZ1KzN5ekhxeThiU1NVejZzVXZ0bEZLTDVzQ2hWeXA0Y3pEcWM5ZEhNYTQ3cUdiaHlkUVRQN0d5ejBFR2EwUkEzZlBxSEMrb05UYXU1Znp5RzcwRzZBZ3NxQWd2N1BkR1B2SVNhdzZCZm12c2poSE9GbmJPUTB5MzhJZ2x3azIzc08wT0tXcEpJTHZDWWtUT0ZOVUU5T1dCYmJvdHRQdXMrNnNQdy9TWjIyM25vRDMzbTNXZTJuZEY3Vzl0OTdUaHVwZmcxbXVrN2NienJQbmJ0M1IrMXJ0YURtT3A4cmJIZXRPWmk1cE5vSlpleDRtY3VObFhZaEVSOExkWEc3eTFXejlLdVRSUGk3VGh5UUFIdDhLZEJyV3NCVDNOSVJyNThocUlxeHNKUkNEVjVnMVZvenBtdlEvU1Vzeno2WU1PSTMwN3pFaGdBTWFjQW9nZ21NZzgwSGM4SVdIL3lpZnZIbnczd1RSWnJsKzA2dkxtbWYyU1ZnR3dtVnRhUjArNWhQNG8zbWpLSjBvSkdYaURlL3ZTb01UYnJGbjlCUXE4dTFyZHhHbVpFZFdPbnl1L2svcjVSUDlhaEhRTFQya2FodkF2OFhLcXU2cUhVYVltakI0U0tUMmNWdW5lRHpxL1dIOGw3TS9qK2llcUVkcXQzbzJxK1lTSFdHTERSZkVWMkVWbXY2ejlGbTB1dE9BQ29ZcWJrK2o5Y0xxVkJIaERSaktDQlg3VWpTWXZZYWRKWk1NVzRqakF6MlpwUTRhZytpTWVDWkttSlpsWUhqQUhTRS96SEpWWVpnTEhhczRWd2M0OFN6bENiODYvVDBuUUVRYmFTWnNrZm5Ydjg0WWxWT0NaQzRtRlRxOEplN0MxQTBmODdCeGRYQnpHQ0tpcFlBd2ZiY3V0TndUVVFTSVJ6SVk3aTRMN0xaeUo0UmtFZlRSQStzT0c0dlMySy9jNzIxQjZZVGpKamxHTVc5ek1MTGkzVTNCMlNocmhwb2xlbzIxM3ZrVnJkWm1MbDNRZlFaNG1zSTRMTXlHYkNRcHhmdHhCVHVBVnRaWWJzdkYvOWc3bnByMC9Dd0FObzlCdlZRQWRwd1ZlVHJ6TmUrUVhhd0ZxekNNa2NpWGpKWExWK1lTT0N6OEZINXk0K3F2R1pPYVNROW1iNUFsSmNyUVZ2bVNPdDdDS29Vc2dNRmk5a1RYUFIzSURhd0xSM2pya2NIVmdrTWJhYTZQd1V0S2FqakQ0ZE5RN2NKMk1BSytpdWhqbGZ3Q252U00wbnR5RTlWdzNMUVBMUHhkaWZHdXBVSisyZTM4SjNrVTdmSEw2SjY0bHF3MEo4ZWRmT0hKeXppdGdaL1hicjkxQm03YkgwUzcrV3VGY3hKMUJEMjFRRHJvV2t4WXZSVU9qc0t6ZXFvYzRBSnBCN3dnenQ4WW9Qb29PZllYcS96U05SY29CcC85MXdhVVVFWEQ0RjVCb1RQUFhJT2diOWZkUHpDSnBSSUx0QUxQVk9OdGdkN2N4SEMxOFFpZXlFSE5RZFUveEVGZHYzQk1LcnB2Ky9idUZlNHFVMEsyMXBLRFZVaDdzakdvNmUrY0hnYTFiNVFTei9JRUNDVkU1QWtOOUx2L1JUMDlmRUorNHg3TU1XMW1oMUNuVC9DNnphSlUwR2N6OGozdXZFTjZsekZER09wazVqM2psQTRSZkxxdTVqbzIyVjBMdGpFSEpSLzZvU0NLWEpISlZ1a1NzR2FiUDBneXVmdVNXdEp2TzBSSW04aXZnTUkrOVh1OWZUMFFvRjdkYUFxZENveldCNkV3V0JvMGhjZ3ROc0NGU0ZjUTZaZEw0K1A1NXphRmRkOHFwbm1ZUDJuVE5nTUxRMWZnU1lXMWQ1d0RHeHZwbk02NVl6Z0JwalBMNCt6eElqck8vRVdKZUM4a2x3ODRKdVNmZDBndVQ2S1V0MDJMWWYyaVhxR2s1Tk5maWR6LzRJcVNrTmdpa2pLKzg2TWJGaVplQUxLU3FLazJVVWZzNGxQeUJKcFo0WktCK0JaY2dFSjd1a2NDeWZHY20wQnNYdFFQaWtDbnpsY21VZHJNUERGUzVJYVF2ZXI5RU56V1FqaGpmQ3RCWm00SlljWHdMcTAvclA1QWV0OE5jeTBuRVlGVExpRzg0VjE5aVFGWFdQdk0zN3liYWdtZms5TGpMLzhvNU1XY25GRFBmb2VGbWdURzNBRkxPN1pUOG1xZm9Mc25GMXlUZVhyalkwTHFiWWdXellKS2V4cFhIQ3dWZWJjdW5XUjZ4UW8ycVo0anI3b3EzUy9Dd05GR2ZXb3B2SWlsdEpWQkNWOG92cU9ZZm1mT2FObUkwMHdMa0owQ1dWOHlPL3czaHc1OHc0Qm5MZUFrcTNsLzNQSmRaNWRHUEtYYW1JMUI3ZzMxSU5TY3R4Qy9SM3djeGhkN3lIckxkOFFIOE5ZM3Myc2c1Qi9XdGp2Kzc2R3Fndy91UTdIek5ocmkzejJCM21lajFrNDR0aEg4UnhlVUxNc0RSYmplOU8yWTB3QmI4UVhUNzRwMjM0TWt6U0ZxQWxweTAvcGZLR0dubEdnWnRBRm0vdXJLU3FEOGpkSE1Ld1dlaDl6ZkVxWFdqN1FsSENrSUQ2MVpodkZMNFAvSFh4NkVDZ2d2dEJUQkZac2JOM2xMQUtXU2ZwUkRaTjVSUldlRm9LU09kWVlGT1ZHUkNVUDgvWlowdXJnYVkwQlBFOFl3NXhtaEFWd0ZHa29xYnUxK040QldxUjZ3TmZjOVFodU8xQ2N1elFPdGJtUDQ0L1dTUndmcExLOUd0OHc2ODhlTnE0MDJmZHM5YVdwUkg3bHFQSk9uUlY5WjhQNlQ4UXNDTTg5OWthNHB0YUcyMGZIUVhBVVE0SC9LTkR5blR2MmtxT3k0LzhvYytGTTQxRlRCT0llUXB4c3VmV013VkE1aktNajlqTkJDTDNVVGpJZlNIT0FFOG1IaUV3bUZNZktJMGprYlN6UkU3NmVsYjFjaUpUeTJBYXUyU3ZYaW9Fd0tYL3VzQVl3V2MzR1huQzhJTW5Pckx0NjVwM3ZLYVVaZkc1NmJwOVI1QWhjMm5mcjBxS1RiR0NBUDNRTmVoNWFLVC9lQ0lnaGZtSnNTNVRudmlOQXh4TzdYU2pEZEg0OFRXa0dvMVVIbmJQNG5jN2tncnNSUDkvQWdXQ2RURk9OQUpBT0JRUHEzWlprdGZmVzN6NUhCUVVWa0xTREJLanI0R3dubFUzN3RtOGFwZGU5d3dnbi9qYXUzVUJHbHl0cC8wZWNOdTFxMWdMZDZrUjdRWmZLbE13SkNYN3o3Y2Uzb2hYcFpWcFFkUEJzT3E4dmZJaTYyUXhyczN3bkorWTI4ekljQUlPY1p0cFEwdGxCczdheUxkNlZtVEJJZ1VYNkRoeE1iSUFnWWxJSUZkSE5rbERDU3VXZkFuZ3N1L1RUajAzZFJLY0JJSzNOMFQxYWcvSE4yaGFsaXdrVUN0V0JJVkhYVkJpeHlYWmVSbGRyano2cGxvcS9ONExFYkNmRm9TMGJqRWRWeTg3ZmpValVmVmsyU1NOU01kdGcwTmhCN1NsY1ByWGNiVVdkci9PR3dpTzY5TENzN1d6WWNlVnBjWGhOUkhZSXpxL3QwL0ZnZnY3anhyUGdJU2hJc3k3L0t2dS96a29MOVZEZmZWSU1rcThtdkd2c1lVZXh6MUJvWFhzT0xxakRvS0w0RWRRcWRMWWkyTUxVMnVld0pjMDlTdk9iaXEzL0dQUzNSdUVwSXdtaG5SVnYxdmpPQ1VZMFJUeHc1cU01NlJ6S21rcDE3NU5vdVBiYW5JelNYaGV3aE90SFpVSU9Nb2FqWWVsdjBrUUs5cUhEc01IOWl2ODZjdUFIZGt2cDhTS05jZDU2ck9YS2tIVHh3QUxtZFRpUHRqZWxMUDk5Ymh6ZytGQzZjMlQvSUkzdUR6WGZySFltOVRyU1BwSEx3YkI3VTFUdW9QbmdFVG9Za1hKcmFiakhLOC9pdUp0ZzVKKzdKNW1uTEl2YWlrQmo3eGZFcm9QS2tXS0E1REZIWVlFcG1iQnEvcUVlRkZac2FRMzlkS3I2UWpDVlE5aXZTUFdTVUFPYVVrblhCdWdaV3A2c3hwcjdYYUZVNHg1ZGZRR2ZvRVZFTDVBc09WYWdianYxVVpkanFNWGJmRVVrSVozVFlmMkdWNnVTdVNOdU9LeHp1aDY4dkZKNGY5b0YyWk1ySzVBTjBJb3BaMkhBNnNZK3VKdGM3VGdTWjRFdk16OTlEdmpGUUFndFAxS3JJWi9sZWdENk1lMFg2Yyt2bGdFK1h0bUI1bGdJTWNVYmVvZTZmeGdtSUpxL2d3NVlIOG9YelY5TThJbmd1VjZpTUkxKzVQSXBiS0xNU0Q5dURxTC9NUXU0bE95b0NuNkptU3JQY1RlM0ZiWUIzU0I3VVNmQ1MvY3BNVXp2cjV2ZFhqS1g0eldJd2F2N2tPRVBHc0pNRXFpTDY1a0lScTRqQWhNK1VsVGdYQjdMKy85aUZrT3V5OUp5T2JJN0hnTHIvZEpUTE0rT1RWSXIzTzdrTkRSbXlQNFJrTDAwVUs3MHVkR2NUOTFxYjlKWkszVk02Ym5ZUmZVS01hUG1jN0srUWgzV1liVk52SEpQaktxQ0RPa3poTHFTcGJPeCsxdFl2RnJId0xNYUVwRyt4cHNYN3dtdWgxQ3NtNDQwZzlobEJySGhvdWQxdC8yR2hQeWcxZ3Rub2h0aUtwdjhDd3JiOVA1c1NBMTJkaUlyK2pIdnFVOVBUUHlsdUdlMUVaenYwL01ieitWNEFSbEZmOWlqNHU0VUpaTmViV01nSFI2emN2eTdSVkt4bnZOaFZJSjFZZWVDd2V0TFkxeTh2RWVYWFNlOFdkbk9rYzJ3dHlYRFZlYkt5a0FIV1MyN1pYaldoUXpiazRTbEZqTHoxUHhmcE5IN2UvQkxkK0FaOWhhOXZRWGs3YWVFMU1LaDVpRFAzVHhOMVo5ZVZUS21WdVlIVGdTZlZUZ1N2aFpDank3TDltd3duS1ZHUGxiU0VBZkZDekpQbm1yNFVNTVYyTjVheGRkR0FxMHphN3U5OElkeUFrQWRNUno0d3JoKzUwMEQ4dEprTnJwV1N5Z09xWEpFYnpZbUpOVG5oK29RYkF0UVZSOThYT1ZuVC9LbEY4WlJ5eitYTTd4K0FJdVZhSmhyTmovR3VxbE1DUTVtUXRmSy9GcnlEdXpPUmJYc0VFSDVNSGtvSnpMQ3ZPTVMveUZ2QU5jYkI0blhyb3crSjN5WTFDa1VkYjhubDJzNHRqa0txb0NGR3VnUUczVDh3eVdIU1NmMEdGRFFFanpWTzdIV1lWVktXbGhLa0gyaVR6WUptdE1MbmVIYVY1eXhUNFo2ZG9UT0JsOFJOcnpHcmg2Y1lmNmc2empEYnRuMCtRMkwyMXV4eHlQQytBeUoxNHdUQ0dSZ3crNWdlcENScWRvbDA1THRsS01uMG01WUtpY0Urc0NjcUtETVlRUEdlRDdiZFV1Vzh3WDEwdUdZRVBXNExzUGpJTWlCM2FYY0owMGZUaTVFUHdlUjNwbEtOb1piY0MvMDEzbFVaWFZLKzdvTU5jQWRmZkRzck15NysyeHFaYjRSS2h5b09lelprRjEyRHZGNXJjVEhJSUhSTmZBUW5pOU5HTHR2dllCR1lhd0crZWgrc3lGUGVjanU2QlpBOTBZQVdKRmlQdC84Uy91dkZkQXlQdU1GUkkrZGJyQk9YTU83V1ZrL3FWMmJ6bjRXNkJZblVJenhKNU1WNVJ3Ym9uSmFkdW5PTytMZ1VFaGFRK0dMeS9YTWhVT1g2TGphU3p6L09PNThzOVE5OVg4aUlpNndjanFOR0IvZUFKUE5MUTk5NXI0ajNxRXBwaUpOQkY2K2ltUktndVdvWkRBczJEaWVjTGtEQTlsMlNNYXVoMXQ1bWNSSlJXN09GVnQ3cGNiaWl0RlFaV2VLWDArcDYzbTdFZVJESDlNeWhFcEJDdndQR3BGSkYxQVBTazdzQmdqek1CV1NEY1hya0pKNzlVZkNnQ3JvY1pBRjhGWFp5b1draDhpcXQvWi9RMjBOU0RaZlI4ejZsVEM4b3NZbUx4L2NkVlI1amd4RXFuQ1MwRU1WOGZKNExKZmVQNlNaYnNCN1BySG1YZDZVWDVSODBlY3pCWEdLNzJyRUVMdSttdWFmL1lDS2JJbGZ5bDFKMkExRjZiOTByc3ZvRW1YUUNsSmlCVlpVZS9UL1RSaTZueGF5d2lXYkxLK0sxR0NuWXZWbU5NMGZQSkxqMTVMczVVejZ5VjZjTkg4RHJFL2hkV0hueGFmNDVmNkd0U3UveU84T0hSdFJVM0NrckJUSW8vRjNSRS90OVpDcnNXYnlDaFVGTTd3MUd2a2tBckpMcUtoQ1lLa01TVGp3Vi9PWGRwQURSQzcrMkhjNSszTitRNmZOUk1HUHYzMHlWSjBLV3BxTG8wY2NUaDBNNGdFSGE4NWtlcUY1dzNiNTV0bHlrYU1WeGNnUThkWUlnNzdFd1M3OGJxWWh6ZWpUTDhnaHgyWDZpUERrSTFES1RoaXFlazBLejVrVUpkdzJCTlh0UENJUzZMbURNSlRlNHIxS3Q3TGlNQ25RV1JLQ2dYTktpYUR2YUloMWpGV0F1UWh4UmxBcFBydVZJSDJkOTdabHYyKzA5SFJnZ25DaTY2NXlRcncyWmNtcmJOZE1adzhHbjhJUGpLek1vSms1Q0N1Z0pESnllMFBqWExDUkg3d2xLMWtBb1REc1FiNFdjWHJIRGlHQnNzU3h0M2c3RFN6SnlxRWtsM0pEWHAxOHlQcHBxNk8xMG5DRTJ1MDFiLzlOUWRWVnJaWGgvRmRWSVhaMFJlVndWL0Q5TEgvUkZHM3F4UEpZWVlEckRXbWJpdnQ1d2tzU1BFbFc3dndoemxaMnN5ejdkaEdjMFB6dGcyOU1IbXlqS1hhcFVYdHQ2bGJvWkdaWDd5NE5NODNqcGJnUGZRVXVPWVhyRkRMV29ncUhiRmlUa0dKZWZSWURFdFl5VmlCOWRKeWp1TU9uSzRabVhkL2VFallWL2o3Vnh3M0VEOXlEUWlPd21FSmNuRDRrSFQreHNpZjl6VmRXWnZYaUF3TytQVFdJejBwYTZhSnh2d01VYWlBWUVqWCtIem5zVC9Nc2hyM3pEQ1AvMlFBQkFCb0FRQUFCUGdCQUFBOEJCRDRDQUFBQUFBRTdBZFVBQUFJQUNRSUJBUW9DQUFNQUdWUm9hWE1nYVhNZ2IyWWdSbWx1WjJWeUlDZzBLUT09PC9CREI-CiAgICAgICAgPFNCPlpYbEtORTVYVFdsUGJITnBWRlZzU2xKcVpGVlJNRTVDVDFaa2JsRllaRXBSYTBadVUxVktRMVpGUms5UmJXUnlZMWRvY21GVll6Vmtla0pEVVZaR2VsSnJSa1ZSYkdST1ZWaE9NMUV4UmxwU1JscFNWVlZrUm1Rd2NFdFpiWEJHVkZVeFFtSXdaRUpOVmxaR1VUQkdNMUpIUlhsU2JteE9WVmhrTTFFeVpGcFNSbHBTVlZWb1JWRlZOWEJaYTJoS1pVVlNWVkZWZUVOYU1EVlhVV3RHZGxSVlNraFZiWGhyWVd0c05GSkdVa0pVUlVwdVZHeGFRMUZZVGs1UmEyUlRZa2RTY1ZOWWFFVldSVVpOVVcxa1QxWnJTa0pVVlRGRFVqRktjMXBIY0Vwa01HaHZXVEExVG1GclZqUlVWM0JPWkRBeFJWb3phRTloYTJ3MlZqSm9hbFJyTVhGVFdHUk9Wa1ZyTVZSVlVtNWxSVFZ4VTFod1dHRnJTbGhVVmtaNlpEQk9VbGRWVWxkVlZrWklVbGhrUzFOdFNuRlNWVEZPVVZjNVNGRlVSbFpTVlU1Q1pEQlNWRTFyV2pWVVZrWXpaREJPYmxkVlVsZFZWa1pKVWtWR1QxRXlTa2xUV0doRlZrVkdUVkZ0WkU5V2EwcENZakF4UTFKV2NFTlZWRUpXWlVWU1ZWRlZlRU5hTURWWFVXdEdlbFJWU2taWGEwcFNUVVpXTkZKR1VrSlVSVXB1Vkd4YVExRlZNVTVSYTFaaFVXeEZkMVpZWkc1YU1HeHdWRlZGZDFJd1RsUmpWV1JVVTFkSmVsSkdSa1pSYTBaU1ZsVkdRazVGYkVSU1NHUkNaREprYmxOVmRFSmlNR3hFVVZaR1JHRkhSbEJOUjJjelYxaFdWVk15ZEc1aU1VNU1UVzE0U0ZZeFozZFNhM055VmxWc2RVd3lVa2xsUjNCWllqQXdNMVJ0U25WYWJsbHlUVlJvV1UweldrcFJiRlpLWWtaU2ExWnNUbkZYVldNelRWUm9SbEl6UWxGUFJ6UXlWbnBWZDA1VVZsQmFWelZyVEhwU00xSlljR0ZoU0ZKS1ZqQmtNRTVGT1haVGVsSnJWVlZXVFdGdFVsbFRNbU40VjBWU2RFMVhTa3hsVmtveVltdHZkbHBzVW5OVVV6bFhZMnhrVldGcWJHbFpXRVo0VlZkc1VGWkZOSFpXUlZKSFUxZEZlVlI2VGpCTU1GSmFZV3BSTkZWSFdYbGFiVEF6VVd4Tk1sWlljR0ZVYlVvelVsaENVV1ZWWkd4bFJFVjRWa2M1TWxkclNsUlNSVGxIV214YWNGTnJVbnBPVmtWeVRteHZORkZZUWpCaFZUVldVak5vUW1GcVdrWmtWRTE0WVZoYWFXTnJWbTlpTUU1SVVXdFNkV05WWTNwT1YzZDVUREkxY2xZeWFGQmlXRVp3V1d0WmQyUlhhRFpOYWs1UlRUQmtWVmxzV1ROa1JWVjJXa1pvUTFKRWFGbFJNSEI0VGpOS1RtUkhSazFpYldRMFl6SmFiVk13YkhOVGJrMHhUVlZPZWxWVk1ISmpibXhGUzNwR2FGWXlNRE5TUlhoVVVWVk9OR05FU2pWYU1XaFlXV3BXVWs1c1JtaFZla1pvV2tSb2NsUnNjRXRXVmxwUFpVY3hUMVp1WkRSU2FUbE5WME4wVmxsdWFHcE9ia1pLWW5wV1RrMHdkRWRrUkVwaFYyc3hjV0ZzYkU5T1Z6VnFZMFp3UmxKcmVIUmpWVlpoV1ZWR00xSjZSbFJpUlZKNFdWUlNkbUpGZUhsUk1GcEVXV3hDYW1SR1VuUmtiSEF5WXpKYVJHTjZaRFJPYldzMFZXMXJOV0ZJVmpaYWJrWTBXbXBLYWs1cmNHMWhhMUpLV1RKb1ZscHBPSGhWYXpsdFlWaGplbUl3Y0VOamVtd3hWbGRLYjAxdE1WRk9iVTVwVkd4b1MyRkZkRnBsVjFKd1lWZE5NbEZxUVRWU01tODFUMVZhU1U1Vk1XcGxSRXBMVDFoSmVtTlhhR2haYlRVd1lqTkJNbUpzVWtOYWFtUXhVa1JDV1ZONlFqWlhhMlExVjJwQ1UxcFlUbkJWVnpnMFRrVTFWVmt4Ykd4T2VrcDNZekJhWVdGWGNERlZSVVpPWVZSR1lWZElSa2hoYTJoMlRqSm5OVlpWYkdoaWJGa3lVM3BzUjFaSGNFeGlWV2hHWlZoamVsWXpSazVTTTJoNVZqTktNMU16Um1sV1JrWk5VMFJhYm1FeU1ETmtlbVJ6WWtaYVExRldUbmhXTUVaT1dsWk9jbEZyYkhCWk1VWlNVMWhzVjJWRlZUUlZSbXhYVFhwa1RGVXlVbFpOUldNMFVtdDRORlF6VmtwT1NGVXpZMjEwUkU1cVZreE5NMXBFVFRCS2FtTnJNVXRQUlhoVlV6TlZkbVJ0ZUVkU1YxSlFZMnQ0VldSR1pGbFZhbWh0WkRCa2EyVkhjR3hoUm1nMlkxaGtTbEpGUmxKUlZVcDJUa1ZvUjFSVmJFbFJNREZDWVRCa1FrMVdWbXRTV0dSU1VUQXhRbEZZWkVaVlZteExWMVZzWVZOVlJscFphbEpTV2pCV1ExRnJSbEpTUlVadVZqSmtUbEpGTVVoUk1XUkVVakZPUWxJd1kzSlNWV3hEVWtaR1VtSlZXbkJWYkVKcVVqRmFNVlpVUms5VVZXeEdXa2Q0YVdKV1dqVlhWbWhUWWtad1JGRnJVbWxTTW5oeldXMDFVbG94UlhsV2JteHJVako0ZEZsV1pFOWhSMUpJVmxoa1NWVldiRVZXYkVsM1ZEQktRMWRWVmtkVVdGSnRWVEZrYTFKc1drcE9WMHB4VVd4V2RFMHlSVFZXYTJSM1RqTk9NbUZITUhKVVZVazBVakJGZUZaWFVrcGtNVVphVkZWS2FGRlZXa05OU0d0NlRsZGtNVTlHYkhSaVZVcDBWMFZ3YkZNeVVucFdNMmh5VjFoS1dHTlljRTVSVkZKSVVWUkdWbHBGVWpOU1ZVbDJaREZHUmxGWVpFcFNhbEpGVVZkU1Exb3dOVmRUUms1V1VsVmFjVkZXVmtOYU1tUjVVVzFrUmxKclNsSlpNRkpDV2pGc1NsTXpaRnBSYTBwU1ZsVm9RbVF4UmpOU1JrWmFVMnQwZGxkcmJHOWtiVTVQVVZaR1JsUkZTbEpSVlZKdVdqQnNRMUZWUlhwU1JYYzFUbFY0YW1SRmQzSlNWV2N3V2xab05GSXdSbk5WZWxKdllYcFdTVmxZYkRWak1WWnJWRVJWY2s5RVJrTmlSMmhEWTNsMFdsUXhSazVpTWs1Q1pWVXhhbVF5V1RCTU1GcFNZV3BTU1dGSFpITlVNa1p1WWxkUmQyVnFaRk5pV0ZKc1ZVVm9TMlF4UlROUk1VSk1Ua1phTUU5WWNISlRNamcxWkcweGNrOVVXbTlVYWxaeldrVjNNRmw2UmsxaWJrSTBWVVphV1ZWSGQzSlZiRkpHV1ZWS2MwMVhaSFprTWswd1pVZE9lbGRIV2pKVE1taEZUbFphVDAxWFNrUlZSa2swWkVoQ1NtTklhM0pYYm1nMlQxWm9UR0ZZUmpaU1F6bHVWR3RrUmsxNlJrcGhSRUpwVWxjeFdrMVdSblJXYkZZeldsZDNlbGRITlZwTlZXczBZVEJhTVZSWGJGbFdXSEJMVGtkT2VsRnRlSFJoYmtKRFMzcHNOVkZYVmsxV1Ixb3dZek5GTkZSVWF6VmxibXhhWWxac1IyRkljRmhaTW14dVZHcEdSazB3UmxaVlF6aDNVa1JLTUZWR2NETlVWWEJTVkROck5WSXdiSFpXYWxwRFZFVktlbFp0U1hwTE1qQXdUVzFTZFdOV1dreGtNVkoyWkZWU1IyVllSakZOYkdzMVpXcEtSazVZVGtoU2JIQXhXVk56ZUZNeFVsZFRSbkF4VFRCTk1GVnVWa0pVUlU1UVpVaENORTlHU1haak1VcFhVbTVDUzJJemJFcFpibHBEVFZaQ2VWRlZaRlZqUms1VFVsWktWMkZXU2xaVVdFNVhZbTVPU2xaRVVrWmpWR1JJVDFOMFRGWldTbEpqUm14TldrZGFTMUpHYURGU2EyZzBWVEl4VVU0elRsaGtibWR5VWtVNWVsbHNXWHBVYldSM1UxZDRkVXN6V2xGWmFrSnVXa1JrYjFReFJsQmpNV1IyWkd0c2VHUXdTazloTUZaeVRrVTVOV0V6Y0RGVVJVNXdZbGRHTW1WVVZrbGtSWEI0V1cxc1RsbHBPSHBWVm1oU1QwVldiMDlFYkVsVk1GWm9VVzFOZDB3elVsZE9hekF5WTFkb1QxVnJTbkpXVkd4SVRWYzVVMlI2YkhOWGJVcHVZakJzUm1SNldUQk9NbVJGWldzNVlWSkdTbWxhV0VaelRrVTVTa3N4Y0ZGaVIzQTFUMGR3VWxwRmFGRlhia3AyWlVoU1JXVlhOREppUm1zeFVUQm9ORlY2WkRaamVrWnNZMWRHYms1V1FsTk5WRnBDVmpKR1RWSkVXalJqYWtJeVZUSk9kV0ZZV1hsbFdGSnNWMVZrZFZORmJGbE9iV2hOVkVSWmRsZFhhRVJpTVhCb1pGZFpOVkp1YUhWa01VWk9ZVlJPVFZkRVRUTmhSR3hWVW0wMVlVMHdiSFJPUTNOeVZGZGFjMU5GTlZWTlJGSlpZbTVTZFU1SFNuRlhhbVJ1VVcxdmQwMUlXbGhOVjFZeVRUQldhRkZXY0ZWVVZFRXpXbFJTYzFreVNYaFZSVkpXWVdrNWRGbHVielJUYWs1V1VWVkdNbVZxYUhGalNFSXdXVzVHVjBsc01ITkpiVVp6V25sSk5rbHNTbFJOYWxVeVNXbDNhV1JJYkhkSmFtOXBVMnhrVlVsdU1DNHVZbDlRV0ZsTmIwWlRkQzB5V0RZMlYwZFFYMDFsWm1Kb01WVlhSRGhsZEVoSmRFWnZSSEUxVWpnMFlsWXhXVU5pWjJWTU1XVjFVa3hyUVVaMVZYSlFPRUozY0hkR05YWTRObVkzYkdWTVMxWk1RV3h3TUhsT1JXcFVWbmh6ZEdOWFozUjNSSFJUZFdoTlR6VkZRVE50UzJKVlVYcGtYM0Z4UkZwYWNsUllkVmt5ZWtkT1NIWnBObk5KVWxkUk1Wb3hlamxwTFZaTllrTnpVVmhuYUZVNWFEVTFWMFJ5V0hCd1lrRjVTV2hRWHpWWmRsaDJUbnBXT1d4Nk56QnlOVkV6YmkxUE5IRkRjSFpLTUY5eE5WRjJRM2hwY2tkV1MxSmZOUzFwVjNaVlNUbG1TaTFUWkcxNWVFRlNVbVp1ZDFGRk5FOWhVbk5uY3pOVWNUQTRUM0l0T0dzelQwa3pPVTFJWDJSb2NHeDNXV1ZQYmxCMVJIbElWamhTVkc1SVRWOXZibEpFUjFGUGRUVTFYelkxU25WeGJGVllZMXBwVld4RVpGaGhaRWhwTFhGMFgwdFBiVEZuUmt0Ulp6bE1UazFsY0VveGJrMWplSFJtYzJGTlRsTkJWWEI2TUV0cmNGVnpSVXhHTUdVNVFrZEpUREJSVDFoRmIyRlZSWFpSZFRaMlNsVXlNR2RQTTJwMWFubFVUVUpNY2pKa1VYUXlUbTlWYlRNMVV6RmljVlpKUVZad2NVZHNlRUZ1VFhGSlNsUm1VVTB0U0RWbGJ6QkVPSFZLTjJGNWN6WmZlRkpVTjNCSFgzQlhVRVIxVkZRMlNtTk1hR1pEUkRWQ1gxWk5jamRWYmtVNFp6ZEZSaTFPVkY5UU9GZFNOVkpzVVRJd1EyaFRRM0kxVjFCa01EUjBXWEIwVXpkZlRsUkdiVWw1U0ROQk0wWnNhbk5GYmxWMFVVUnpSMGwzT1RCWU5rODBkMjFsY2twcGNXTkVXRTVzYTBwTFltSlBhSE5tTUZsbmExRjNSbWR6YkVWb1EwWTRXbGd4ZURWWVEzTmpZbEEwZGxGak4zSjBSVkJFWDIxWE1qWmxNRlJxZUZSRldIcFRZVzh0VjNKS01VbzRjbVZzVTJ0T0xYSjNaV3BaWWtFemVEUmhTRFp3WkMxSFkxOHpURGRyVG1oUE0zSm1WWFpoU1dFMVRXcHNaV3QzVW1nNExUQT08L1NCPgogICAgICAgIDxvdGhlcnM-CiAgICAgICAgICAgIDxlbnRyeSBrZXk9IlNQRUNfVkVSU0lPTiI-MC45LjU8L2VudHJ5PgogICAgICAgICAgICA8ZW50cnkga2V5PSJSRVRSSUVTIj4xPC9lbnRyeT4KICAgICAgICAgICAgPGVudHJ5IGtleT0iRk9SQ0VfQ0FQVFVSRUQiPmZhbHNlPC9lbnRyeT4KICAgICAgICAgICAgPGVudHJ5IGtleT0iRVhDRVBUSU9OIj5mYWxzZTwvZW50cnk-CiAgICAgICAgICAgIDxlbnRyeSBrZXk9IlBBWUxPQUQiPnsiZGlnaXRhbElkIjoiZXlKNE5XTWlPbHNpVFVsSlJqZFVRME5CT1ZkblFYZEpRa0ZuU1VKQ1ZFRk9RbWRyY1docmFVYzVkekJDUVZGelJrRkVRbGROVVhOM1ExRlpSRlpSVVVkRmQwcEtZbXBGVFUxQmIwZEJNVlZGUTBGM1JHRXlSbmxOVVhkM1EyZFpSRlpSVVVoRVFVNXBZa2hKZUVSVVFVeENaMDVXUWtGdlRVSkhVbXhrYWtsNFJGUkJURUpuVGxaQ1FYTk5Ra2RTYkdScVNYaEVWRUZNUW1kT1ZrSkJUVTFDUjFKc1pHcEpkMGhvWTA1TmFrVjRUV3BOZDAxRVozaE9ha2w2VjJoalRrMXFTWGROVkVrMVRVUm5lRTVxU1hwWGFrSlhUVkZ6ZDBOUldVUldVVkZIUlhkS1NtSnFSVTFOUVc5SFFURlZSVU5CZDBSVE1rWjVUVkYzZDBObldVUldVVkZJUkVGT1EySklTWGhFVkVGTVFtZE9Wa0pCYjAxQ1JWcENVVEJWZUVSVVFVeENaMDVXUWtGelRVSkZXa0pSTUZWNFJGUkJURUpuVGxaQ1FVMU5Ra1ZhUWxFd1ZYZG5aMGxwVFVFd1IwTlRjVWRUU1dJelJGRkZRa0ZSVlVGQk5FbERSSGRCZDJkblNVdEJiMGxEUVZGRGFHRlBNR2czV1hWVVMydG5iMU5MTW14SFYxZ3dSa3NyVlVsdUwyUkllR3BZYjAwM1RtSnVabllyTVRoWU0zWkpRbFZKYkZSa1ZsTnFXVWMzTVRoRlIzQlFPRzQyVnpVd05UVlBaVzVrTHpSM1JYcGFhSFJKVjBkME5FOXZTelJrVVVWTWFtUllTMmN4V0VSdE1XSkxlVkoyYmtvdlpsUnNUUzlXY2xkVWFqbGlZWEZ4VVdsUFZFNHZWRVJHU1dFeVR6TjBMMFJaYWpRNFVHWXlabTAzUWxNMlZYcGFUbUozUlhCUWVVZGxlREV4Vkc5MldrSlRSRTlHWmxacFNrUnpOVkVyTmxvNFFYQjBhVTVWUjNoQmFqWkZkVE14YVhaaWNrVm9iME5IUWtSdWNVY3pOV3d5TDI1clYyaFBiWEZwWWtZd2RXaDZNak5RTTBkVVlsWTNkRVV2WkZoQ1JEaFlRMHB4TjNKTmRHRk1ibWQ0YzJabVMwbHNTbk0xTVVOelVVMHJjbmxFS3pGaFYyMDNSRXhUUVVONGNESjVaMWhYWWpWUk5sRmhVekZoWkRoclRscEtWVlpPZUcxT1ZuZDRSaTlNV0N0VlluaGpObkZKYnpWTk0wdEdkREphV2sxcWFsbE9OVzVqY0ZwRlJreHRjVVZhWVVGM1J6RlRiRVJ4WVRSdmJFeHlRMFpEWWxCamRGUnRkbHAyYzJaRGN6ZDRObWs0VW1rNWFIVjZabkY0WmpKak5rcG1ha1JKWTJoVlppOHhVazltYVhjemIwcENjemwxVldKb01tMVFObU5pVGxoS2FFdFplV1JwYVdNMlFqQTVSMm81T1VaSU5VMWplREpLT1hJemNXaGhZbTUwYjNBMmJsUkNaamQxUkRCWVN6QjZXa2Q1V2pCU1pYTnBVVzg0TkU1VVkxbGxOekp3YzBaYWFXcDFVRUZOYVRGYVdIRkhha2h2TjJnNVZVbGhibFkyU3psR1ZHcExiVWhGZVhjelYzRk5SM2h5VjNKM1MzRmlWRkZNU0RabmEyMDNkemRzYkZaQ1FWTnhWMEZOWlZOclFrbHBZMUZSU1hsV2VFVTRVRmxXTXpkTFUyUlZNRWM0Umt4NFQzVkpOSFUzY210RE5qVkxNM1pETTBKamNrMUtPRXhVUzNVdmRteEdSV1JQY2t4VWRGZFlVamhtZDBka2VHcGxhRmg2Y1hkSlJFRlJRVUp2TkVoR1RVbElRMDFCYTBkQk1WVmtSWGRSUTAxQlFYZEZVVmxLV1VsYVNVRlpZalJSWjBWQ1FrRlJSRUZuVjJkTlJFMUhRMWREUjFOQlIwY3JSVWxDUkZGUmJVWnBVbEJqUjFaMVZURk9UVWxGWkd4aWJWWjVXVmhTYkZwRFFrUmlSMnhzWW01UloxRXlWbmxrUjJ4dFlWZE9hR1JIVlhkSVVWbEVWbEl3VDBKQ1dVVkdUWFJtVTFka1JsWkpOV0pxUWxWdE0yRTVWa2R3TjNOMmFHMHJUVUk0UjBFeFZXUkpkMUZaVFVKaFFVWkNNSGt6TldkMU9GbHRiVUp0V0VwbFMyUnpWM2hyV1hKWGNYcE5RVFJIUVRGVlpFUjNSVUl2ZDFGRlFYZEpSalJFUVdSQ1owNVdTRk5WUlVacVFWVkNaMmR5UW1kRlJrSlJZMFJCWjFsSlMzZFpRa0pSVlVoQmQxRjNSRkZaU2t0dldrbG9kbU5PUVZGRlRFSlJRVVJuWjBsQ1FVRXpSRXc1TlV4amRFd3JSVWcwWlZoNFIwRnNVelJvYXpWSVlYbDVjMVZrVERVck9ERkNiR2hDY3l0WlQxRk5iMk5CZVUxamQyWTBMMFpSYWpSSWFHZHNUMkZuYldRd2VqZFNiWFJsVUVoS2QxRTNRMUJMTkZaME9YcHJTMjg1ZG0xck9UWm9UalZzWkV3MFl6Rk1ibkI0VUZaWVVHd3JVbFJGWVVKc01XZHZkMk0wZUdOeldHWjJTMmhFTlZaT01XSkRVRkk0ZEhCSmNIa3JXbmg2T1ZoTGFYRjZSQzluVGtkRk16RkphREJpUlcxWk1WRnRWbFYzWld3eldHNVpNVWs0YTBaMVRXbFlWWHBLTkdOelFteHRhbkJDS3psNVFXVk1WR1owYzNFNFRUazVlbmxaYlZsR2FIcFhZMmxuVGpGRk0wRlZVQzh3UkRKMFVGcDNUVXBSVDNrNVIwbHZWalpDVEVKelZtSXpLMjAwTW1SdWNWWkxkMVJ2ZFVSR2VYRjFNbGs1ZWpKRk5YTkhSbHAxWVNzeFMxUldTRnAxTTBNMFVuVkJURU5QZUhCNE9GSXZjMUpXUm5CS2IzbEpZblpDTVZCeVFVZFVjRk5TUlZKV2FWSlZUWE5XYm5OSlZEUkZjVGRIT1N0TFZWSlJjRmxNWkdaS1JGaDFSa2g0VTIxUU4zTlhkbmdyUkU5ellsWXpUbWR3U1d4dUszWlFZakJuWkRkb1QxRlBjMWR2ZGtseGQwSk9hMFZyTkU5NWEzcDFURU5wYldGMmVUVklkRXB4WW1sTllpOHpVVmhST0VWb09EbElVMFZoUW1Nd0wzUldOazAyY1doT1VrSnJWVGxITVc5U2R6bHNXbUpuYjBsRmR6WTBOMmRFZWs5YVJGSmlaWEZzTkU5SksxcFFiR3A1T0dwUlpFaFFXbkp2ZUhSRWVXNDJiRmsxUTBoNFV6ZDZjekZsY1dGbk5WQlNNVFpCVjJGTVJEWjRjakIyVTJOdWFYWXllWFJsV1VkdVNFbFlObWhNVERZdldXaERiMXBoZFdZNVJuaHVkMUZOYVROTVdETTNhRGxVUm01YU0wbHROQ3NyVFdac1NFNVVNRFJZYm5SdU5HSnFXamRuUW1vd01IWlhNV1YyTTBWaFFWcFVUVEEzWlRSc1kySXhVRVJWYWk5dFlubzRTak5WUVVGMmVqaHFjSEIwWW5GV0lsMHNJbUZzWnlJNklsSlRNalUySWl3aWRIbHdJam9pU2xkVUluMC5leUp6WlhKcFlXeE9ieUk2SWpFeU16UTFOamM0T1RBaUxDSnRZV3RsSWpvaVRVOVRTVkFpTENKdGIyUmxiQ0k2SWxOTVFWQXdNU0lzSW5SNWNHVWlPaUpHYVc1blpYSWlMQ0prWlhacFkyVlRkV0pVZVhCbElqb2lVMnhoY0NJc0ltUmxkbWxqWlZCeWIzWnBaR1Z5U1dRaU9pSk5UMU5KVUM1UVVrOVlXUzVUUWtraUxDSmtaWFpwWTJWUWNtOTJhV1JsY2lJNklrMVBVMGxRSWl3aVpHRjBaVlJwYldVaU9pSXlNREl5TFRBeExUQTVWREV5T2pFek9qRTVXaUo5LlBwWVNpdXF3MndXN3FyT1duV1MtcWpVMEloZTdBelhfMTRseVVfZF9MZ3hwN0l1V3NLa3VQYUQ3enB2Q2d3QkNKSEpZbWRrRTZDbUY5blJHaTB0ajJ4MFdNVE8xOGgweWMxanJOMklGTjVJMklMOHE2LWZ6Uzc1YzJ5VnR6clBfX3RMdkpnNHktMHBsYTFSX3lrNVdDR3JuZVotNE95WGwyNUVHaFpHQlpFdndGRHdKalF5UmFiZVBSUEYycWROQjRWcXZJYzFmejByM25wQmplX2lHNnNVS1Y5dVdpUU1OTU03algzTVBTZDk2b3pSQkwzZ3ZHMnh2RWE0RWZ1NUlzd1ZCQkFKTVdaT0g4eHNJM1FzaEhnU0RnZEZaekRhYVNSZ1dsT1NSamsxY1BIbUZjRFlRUlBCMWx1d1JGa0VfdzE4S2QtZkQ5WXU1OFpBeFdHbDEzNDFjX3BTZm8zbjAzWkllTG8wUk44dEpKdW11cVRNM1hKT0R1LURXUm5PdVdSRGpKeDNGYmp0SlpsbjIxOG44RTk1UEFCQ2p6U3BfQUpFZXRmYTl3bFBhaUVmbWJyM05hcVVzTWlHd05UdTlxdkpLRG1GamlmMU8wdDNBTUlUeTRiYkh2dHV4MGFhRW9jMWhfRzdoWlZ5SU02T3Q5cXR3SFQzaU45X3RjajJTRW5uNGxRRHI2NWUwemJKY2xYQzliY2cyM21nMlBBRXJJSHNMOXd3eENzcXVMd0ZXOGUyMWltSEpGU1hUOF84MGJhQ2ZpZjZSZ3N3UXluNm0yWXRjcWFNVExtNlMzbXVERTl3RjF4TnhYNzEzS2FtLXYzdjNGMTdCMWVMa1AyZzdVemhRdmtacWFZVEpaQ2YzY2haY2p4ZDhYcVFhM09RaUpiWVd1b3pxZHkwIiwiZGV2aWNlQ29kZSI6ImI2OTJiNTk1LTM1MjMtc2xhcC05OWZjLWJkNzZlMzVmMTkwZiIsImRldmljZVNlcnZpY2VWZXJzaW9uIjoiMC45LjUiLCJiaW9UeXBlIjoiRmluZ2VyIiwiYmlvU3ViVHlwZSI6IlJpZ2h0IFJpbmdGaW5nZXIiLCJwdXJwb3NlIjoiUmVnaXN0cmF0aW9uIiwiZW52IjoiU3RhZ2luZyIsImJpb1ZhbHVlIjoiJmx0O2Jpb1ZhbHVlJmd0OyIsInRyYW5zYWN0aW9uSWQiOiIwMDc0ZmU4YS1iYTRmLTRkZTItYWU4MC1hZDZkZTU1NDYwNWQiLCJ0aW1lc3RhbXAiOiIyMDIyLTAxLTA5VDEyOjEzOjE5WiIsInJlcXVlc3RlZFNjb3JlIjoiNDAiLCJxdWFsaXR5U2NvcmUiOiI5NCJ9PC9lbnRyeT4KICAgICAgICAgICAgPGVudHJ5IGtleT0iU0RLX1NDT1JFIj4wLjA8L2VudHJ5PgogICAgICAgIDwvb3RoZXJzPgogICAgPC9CSVI-CiAgICA8QklSPgogICAgICAgIDxWZXJzaW9uPgogICAgICAgICAgICA8TWFqb3I-MTwvTWFqb3I-CiAgICAgICAgICAgIDxNaW5vcj4xPC9NaW5vcj4KICAgICAgICA8L1ZlcnNpb24-CiAgICAgICAgPENCRUZGVmVyc2lvbj4KICAgICAgICAgICAgPE1ham9yPjE8L01ham9yPgogICAgICAgICAgICA8TWlub3I-MTwvTWlub3I-CiAgICAgICAgPC9DQkVGRlZlcnNpb24-CiAgICAgICAgPEJJUkluZm8-CiAgICAgICAgICAgIDxJbnRlZ3JpdHk-ZmFsc2U8L0ludGVncml0eT4KICAgICAgICA8L0JJUkluZm8-CiAgICAgICAgPEJEQkluZm8-CiAgICAgICAgICAgIDxJbmRleD5hZGUyMzY3YS0zYTI4LTRlOTQtODRkNi0xZjUwNjZhYmE2NWU8L0luZGV4PgogICAgICAgICAgICA8Rm9ybWF0PgogICAgICAgICAgICAgICAgPE9yZ2FuaXphdGlvbj5Nb3NpcDwvT3JnYW5pemF0aW9uPgogICAgICAgICAgICAgICAgPFR5cGU-OTwvVHlwZT4KICAgICAgICAgICAgPC9Gb3JtYXQ-CiAgICAgICAgICAgIDxDcmVhdGlvbkRhdGU-MjAyMi0wMS0wOVQxMjoxMzo0Ni4wOTIzNTdaPC9DcmVhdGlvbkRhdGU-CiAgICAgICAgICAgIDxUeXBlPklyaXM8L1R5cGU-CiAgICAgICAgICAgIDxTdWJ0eXBlPkxlZnQ8L1N1YnR5cGU-CiAgICAgICAgICAgIDxMZXZlbD5SYXc8L0xldmVsPgogICAgICAgICAgICA8UHVycG9zZT5FbnJvbGw8L1B1cnBvc2U-CiAgICAgICAgICAgIDxRdWFsaXR5PgogICAgICAgICAgICAgICAgPEFsZ29yaXRobT4KICAgICAgICAgICAgICAgICAgICA8T3JnYW5pemF0aW9uPkhNQUM8L09yZ2FuaXphdGlvbj4KICAgICAgICAgICAgICAgICAgICA8VHlwZT5TSEEtMjU2PC9UeXBlPgogICAgICAgICAgICAgICAgPC9BbGdvcml0aG0-CiAgICAgICAgICAgICAgICA8U2NvcmU-OTQ8L1Njb3JlPgogICAgICAgICAgICA8L1F1YWxpdHk-CiAgICAgICAgPC9CREJJbmZvPgogICAgICAgIDxCREI-U1VsU0FEQXlNQUFBQUNjNkFBRUFBUUFBSnlvSDVBb0pFQ1loLy84QmMxOHdCZ0FBQVFJRENnQUJsd0V4Q0FBQS8vLy8vd0FBQUFBQUFBQUFBQUFBQUFBQUp2WUFBQUFNYWxBZ0lBMEtod29BQUFBVVpuUjVjR3B3TWlBQUFBQUFhbkF5SUFBQUFDMXFjREpvQUFBQUZtbG9aSElBQUFFeEFBQUJsd0FCQndjQUFBQUFBQTlqYjJ4eUFRQUFBQUFBRVFBQUFBQnFjREpqLzAvL1VRQXBBQUFBQUFHWEFBQUJNUUFBQUFBQUFBQUFBQUFCbHdBQUFURUFBQUFBQUFBQUFBQUJCd0VCLzJRQUl3QUJRM0psWVhSdmNqb2dTbUZ6VUdWeUlGWmxjbk5wYjI0Z01TNDVNREF1TWY5U0FBd0FBQUFCQUFVRUJBQUIvMXdBRTBCQVNFaFFTRWhRU0VoUVNFaFFTRWhRLzVBQUNnQUFBQUFtS2dBQi81UGZlK2h6bEdsYkZzOHhKc1IwS0FZK3dYdzR0VTgrNHJWMTVZNWV2U1g5RHZVa0MveWZTVU1Wb0tMYWNEWThXQWp6cTkvN1hSUVVycmZQNitjQ1pDS2tqN2hKdlBLdFlEcm5XeG5ONnNPRisvaTJ0UnI0NC9PQXhQR3hWWm1EV2FsTWlnR1Vwb3I2dURQbWhES0hNZklxR2NlYUdER0V2S1k4bzhLeXAwVkxEOGZZMHg5alpEN0hFRzBlSTBUVHY0T1lkR2JqME5rc2tKSlIrdVVNVFQ5TkJBcElQU0xVcEFjYTFEb0h2akV5dmRGNVI5c3Q2QjBOTlBYZk82NFk0NGNDd0NyRHo3Y1ZmckpxaFN5YzF4UkNGQzJ0VnVBY2U4Ukc4QjI0NnRCUTFOKzE2S2tsd3ZudGxrb2ZTakRsOXpyNHRYT2xRTGdQYjJZVko5bmE4d0Z1S0ppVGlYd2x6eWxVNkY5WVRvLzFrd1l5ZlV4THlvcEw2c0syUzdtUlN3dVBvTFhKWWgwQkptaU9xSkwwNU96S3paNlIvZDZsNE84b0RXeTh1d1NWZ2svdGxZUHNSQUdneGtDcFJSTjJ3ZzZrdFZibXJDejY3ZmZxMUl6NVpHNEFUWklBbG9BTmdTOVZBWEpER3c1bkxJNHpUbVNGVWhJOFgvYzA0N2tyQ2szWWVsc2V6c3pmbGdyWmJlYkdGRi9Qak1pMjM1aVlzN0F5TzdvL0Q0cXdIQ05jM0ptbW5SK3dLOG15NG84VGRKM0RvZVBpRExNNlM0dUZLT0UwbitFTXJOTVUvRWoySjJWWGNwN3NPVjUvdytucXpQdjFsaDlHOWl1VGRtRFJScFFwQ3h1b3BhOGZBejc2MEVwU0FEMEhXUFY5ZXVOdWFHc1lOK3ZpTzQ3Yi91MTk4cHBkVHRoTkhXQUgwaXBkYmQ1ZmdEUVUvVlI0bU54VEpiWnlBTjN5djE2TWR0OTVaVUMrVEZlaDNCRGdQeDd5Uk5FOGRreDVxa25PL0g2TDVrSEpnSVZsL3ZNMTl2U3ZuaXdRU09qUlBkRGdaWXRZdStaS2o0ZTNzY2wvRXpmWjFWUGo2NzlDV3pTdUlnbG9NcnlJRGU1Y21IVGM3QnVWdmdjSFdXWnpDVi9OSS9td0lrdFcvb0NJUXNJR1k3ZEQ4WE4rRHBTc1IyU3dBMGdXZE9PRUZ2RGhOVWRIbzhmM2NqNHAwRlpPbFRKS3lVcERmb0tPR051V0FObk1Bd0U5Q2JHZ1h3MG9WUWFFTVk2UStuQVFRMDArdnBWT0tHeWIyckpHc2hlMTNlUFhZMjJYZDZ4U1R6ZDZndFdZSTNpMHR0Vyt0Q0t0d0E0R3lONjl6UVdtT013b0xKZm15Q08xeS81QVhUOE02QVd6WUZiK2JGa1hSRTZ5N3VkN1dKbHpxa2JJQTQ1bXZtbTg4UmtpTWRZaHo2N2ozWjg2TTBjclhPR0l4SzN4ckNJQVBJeDF1YzcrL295NzZrVjE5QW1UQmM0M24wa0daL1dEMmVhUG1LRVpRemdPSnRNUUFDenBhSHEwaThWR0dtVEdlL2w5cndzWDFjTlUxZjIzYmtONVVzRXRDd2lMYVhqb0FMUFdOOHpBbmxESDY5MHBVa0s3Qzh3bHFWbytiSW9LNjZQaGdId3haMFNTTFVSUXk0SGYvenNNTE5HdUdVbDNFWnRFMVh5bTJHTkhxdFNiNEdxY3FGeFVnRUROZFVKUk1yTjBhZkx0VUYvVkZyQzB2b210aS96Wm1iMlRtd3F5MXJPTThtbUZhcG9telIzYmc1b1h0L3pYMFNMbFNsYUxOUGlYTHV2Q09BYXhrQjdrT1k3dWFWTkNvWGRKT013OVVEbGxEd1JMUXVPM3NKTlNCOXZsYnduRE5wQm5sWkhLaXUzK2JDdm1JeHJLZXlvMitzTmJQZG1xejNncVhMYXU1M3BQcGpQYThwZEZsenUxd3lVSVJPK20wMThjNlJiRDg1Q25tcnJpY1VHSXVoV0NVRnhDTTRWVUI4LzNIeiszUFBidVkrTCs4RjRDRGFMTmU5ZU1SZUlsNDEzVTNrRm4yQmFzcnpxRkZiNGZnZld5dkRrVWlCekZ5WUZkRXlJYUkyL21xTi8xK1lFeEUvZ0t3U3VoMzhFUzZXWXk1VkxQa1huNEVBWFNzdk9Wbk1kS01mUGZJZTBXNjJrVXVnY2xVck9nQWxwalY3VmxRTHFoZWpucWI0VjdzMEs5bTFtVlU3MmlBOTF5Tnp2REZPTzlMWVRBeTRSVEZ3YnhDell6K0U2L2w4bytVbEpTSTM3STNyQldsTFdQc2N0TkdGd29UaGV5M3hpUEtHVmxDYUVDdGxXeU9EbVNlYms1aFFxRzc4Y2RVb2dUN2tURUJLbTFQMDNSSGNqTzFxTDhzVnY1Ry9vTzZqREJxc0lSLzI4UHczMVI2bzRYbVFtQTNYV0JYSjlua3JHS2hOZzkxS3lCMzhLTmswUjlsL21iMjZ6a3loMkVmdXpZdHl3S21NZlI3Q0krajJIUjlYVWlSWFhPZjIwVVBqclZmR3pqWHdsQUVpUjFDWTNCMnlpcUFsRmZBQVhBdEFEVldWcXY0SDI2cVk2ZUhOZW9zbEtaSGg3M3ZUSHFMWk9Idkk0c0E0SFFWcWprRmxWNUlmT0hxN29rU0lnTlFMd1UxdDdTa3ZsYmlKUkdxLzZWbXV6VnJpUFVJelJBY2MydFExWjdHYTZCTW1DRDF5a3EwMGdOVHlaOThUNk9vSnVvZWJMRm5lakpTNFIxa1lnalRzVmNkYlpSQit2K0VDNUZQZmNrZk1Rc2craHFlSmFZdVpvcW1iWmhFRjdXU1EwRWc3bGsvMzVrQ05laTBBZmE4SVAwUzJDVHE5VE5mSEVxYlVsaG1ITGdML1BEUUZxOEZXdHRiTllkcG83aFlBaTNiUEl6czFqL2V5T1R5eHllYTNCM3pUd2R5dEZEZXFVWDZVMjFJMm1aR0JHY3B1YnVrR2prRG9MN0ZKVXZ0OWt4YWZJbU1Ba2xHZUU5WHFJdHpBZnQ1RnNLOGp2UjVzUEx6SHRMOHRWYU1sclVMZmdsL3hKYy93dmpGQ3BOZmlmRDVKUHhzSVZYd0dSd3FnOUZ4dmwrR3pwM0hZMmNvdEVrMVovK2JSNmdhMUI3L3FXWWM3ZGM2Zmp3SFhWNjF4ang1a2Z5bGFCNzdvMzJ2R09EUGgwbGR0bmZVeEtiNTBhMnJ0MExPcEhDQWVWMGRkME8vVmUzYU4rdGpVem90VXg4NjhJbU05aHJyOUFJZFREc2x1SnJTNGxVa3lnZGZMMTRQeFNncS9iZUNsZVAvWDdKNTNoaHVoTGVoSU8wYUtMMTdPZlRMeVROZTBMQXZwZlZLMU03WTFVMlQwNGVGZXJhR2t5bC8yK3pSdGNRWHlObTJWU1d2eWtOVERKMVRZRHd0V29qbVJDaWk4VFppT0JWR1pHei9oU2tJN0tBWWcyTzlvQ2h6UGxKV0FJSWk5TGRpN0NnVmNQRWNiamZ6cFFRRVJqUHU0TWVTKytpZms4dStMUndaWDI2REdwM1FEdTZzQlFWeDA5TFhWR0JJTmdUOGk1ZVVDS3hHZVBVVUVhNXdqWFhJMjZYYWJjKzBYNDlPZC9lVlZQOWovQkZ3WlMzVUZaQ1NRUkhuTDlvZFNKeTNEeGxSMEFhYmxSYkQzdjBrMlNnVi9PbnZBUHZicjhUVytQR1VQeEVHU3lnTStmdkI4VmU5aUtjc3BIY3Y1MU9vaS92RjRGZzE2akwrd1B6TktLcmVpWG50aElmR1g1M21DcHJiV1EzRkVqZnk0TGtTSFJMQWgwWVlHM3h5c0JqWnhiTUlxWEVVNVlHcEszbnh0LzQ3OG1WR3ZVcjhTbkxaQ0swTFZIWE5jYytHUDFpYjYrNGZEYi9UU3k0czZpc0FlbGFicXhpZlJnaXdhZXhTek5kUWpQWDZRV3h1VEFnM1U3Z1lNZHFWZ3pEUnRZTURyZUhHM2pMUE1hSGdrZDNvN21HbHJhZXh4cFZCMlNlVlBkZE9OUFRHRmVjYlpTS2pQT1ZMa1Fya2FSN05pQjFrVzVxRGtlQnBDYys5b05WaVZ0NmN0cVlibXBqMDVLOEVoa0pIeUVEaXhIZjk5eTErMFZMSmhyb0drRzBkRndLSjhnaDkvWWR0dmUrd2ZOOHRucmw5MlNYemg1QzNuWkFDZjhtbkhCRVRmd0gxdEJhV2hLU0pLRy9ETm81VFFxR3lQem1kUFRQcFFKMXU4YjNVN1dZR1BDZU5aS1I3SEpucGUrOHlMd25QcFpGcUd6RFVNRGJ3MEN4MDhYVWRDa0pLZDhPaVZ6aVAzenloOXVrVytNV3cwd1EwMXhmaWJoZzBSZGhSZVdhTzJ2a1RjQ2lPS053Ni9FRzFSWXNUYXpZL09hVFpFWEZRaFBWTTRLVGlzbHpPemIvYW5iTm9nMjY1M3lhajlMR29QN210WVpoTmRncmlmNGVDdWo4UHVUWk5aY2Q5cTBTczJBeS9kTkUxSUtnTjlHT0YxS1NSYTBnSFlSSXlldHFEbnVqK3kzZUVuTHVGdUdzSTJSbS9PWUF5djNBcTgyQnI1YTJjS0duaTJPVEpLTEFDby9FTUwzMVJPYUhXVWNTTGwyeWxJdWxRSVRpUmZuTkJoT3ZiZXMwZWtFLytPOGpxOUUrbzZLZUw0L3dCU2NXZzB3NzZYVnowYnBuVVlqaWV3VW5ha3hKa3FyS2JGd1BqMVdhYm1DMHpURllXZ21CaWRVSjVMSWNteUNMUU9wNkQvaWhaeUFHUGN5bXMranJPT2tZT0o1cXhsVnA1alcvTGJCMGduYXFxRXlVckcxVGRON05QNC9xWFJOa3FWU2k0RlowQkJBUjlPbzkzd2ZHWEw5TVpRNmxzUGJ5WDJ4UWRDZnR6TURJY25BTTVpSVdHU1hpdy9OSm9wSG5rcHBhWlpVUXdwTmJZNDVaY3lHdU5RRzBjSk42V2ZIcnF6ODZ4ZFhlYnRDQk5mOUwvcU1VNFJkY0NkWndxSmdKRzVhQ0NhSUVTMXBncklYczZtVm5pVjUwaDdCK3ozQU9pTkZNelF2TlMzUlhVMUJ5SnluZGZCVWhETWdwUnpkemtJMTBsNUpabDF3YkpTMTVxS1ZVYnpEeTdCZUE0aDdkbzdiVE1oem5GWlJhQjEreHJUc1dpMHZKNW56OGxkOUxNTXE1aU5IeXkyWVNNWjJlZVc4RUNGRElkTTJIbXJ2eHJiZ0RDeWUrWjZkYU9wSGNMUlh2Q09RNGVPVmY3dkRPOWUzVDBza2RIZlkxVlhvRFdLbWkxeUNXSGZTb3N5SUJSSnVhKzkxSFR1NG1xQXphNTJwRXdlb2ZQODFna0VBR2tvU1hiejExVzJEOVl0N0prdG01RndVODZYMTRxNmZDeW9LYmlvdGpzMGNNRDFEemUrRXNlbGFWWjZEbTVUSEVrRE9aQVZnd2l0N1Qzc0MxYzlocVlvQ2wxZGxMRlBjWkhUYmUxMG9OM28yTnlaQWhSMkNZUnJYUXBWeEsyKzNYT05aQlc4cE9Kb3Q5NGFZUmNibWlpSXZRbnBrK2VIV050MUVRTjAybEY1VHBvbk1tRTBIcVRCUVdXWmpyYTA1d2tpNGNPbHRjdWt5Q0lEZWhiNFlmZlkxOHpyMFI4aWFudERSVzlFMUg3a01KUFNDOXRiYUJtbittbWlVM3Q5OFMrd1JvUU94Ry9aOThPeEk1YlFqSE5nWmFDcFk5ODBtaUM3UERlMjdkU0l2WnN6S0l1d0lYTjFlZEhoeFV2VCsvREcxTlZydk9kS1M0cS9FSVJVMElackN2R2ROTytjekpGWnJ3VkZKZWk0dy9Fb3V6eTdBUDhRWnRpV0VGNk1DSnlKa0g0bzJ6QklPQnBFdjNwMXZqaFplV2I0bWFUSUpITU5SUVc3b3RPMktHcVlsVmdhcEhid0JEN00zMlpGc3NlZmtUcGF6UVB4d1ZYZWExcSsvcmJTVlNvNm5MczdXZWQyNUR2aElKOEdqb1VlRDFEN2c2c1hTeS9seDBHdStwUzdhcEwxaGpubm81NWE3Umd4UEFJdllOSldFdXBrL0k1UGhHSmpVMHV4UHB6Y3NIVmxuRldRTkpYL2Y0elVSc09STXZOWDY0Q3hxbmdjRERNT01DY0JZSW9aYmpSTVJGOUpQY1dRTzVrYkhjS0hFbE9PU04vWWw4VjBZaUtkZlFJVzB3WFNvYVNMMGdGQjZFbEVxMGo2S3l1SnhUUnY3bkNpeERXN09UWDZoZ01sbFRWQjh2NnhYNVNhakRlOXNTK3o1dDBCY01mZ25MTk1Fd2VhcUtZRStwaU0vSXRQbEh1Z1ZETTNRZzhLUjVwV1hWZ3hEam1iTE9BdkVxR2E5QzF5S1FDSldXUzBwUlMyK0R6Yklrd2NuRE1tSW5PWjdnT1J5MjdNWEljZVB6ZWd6OHZXSDgyNWZ6WEhINXU2UDV1elg1dW8vNXRNNHZqNkMzeDdvdmoxdCtlc2hkeTZCVE9YMWh1cjFEVDZDZDZSVkRoOUV4TFRjS1VHL2Vkem9UYjVGVm1ZZzV6ZElpcWRTV1oyaTZrZUdYZGdQUXUzdW1vUTZMMGsvT0pnMktGTkRGM0RPaS94ZXhpdzQzNVY1UkdYRTMxN2JjaFFJVnMvREJJWXZCSVlJMm0wd3RqS0t3Z0FrVUlWNit4YnpLZlhlSk55MEhhd25hdW1YcnZlN1NUNm1mZnJnSFhsM0YveEhaRExPemxBbWlBT0p4YkJteWcwVXNLZXMwKy9QL0U5eENKenU4ekgzQk9ka05YcjllcW5mb3RpQTJtUVZlckxaV3JXamlEZ1RrSCtDeGhjb0xqQmZGYUoydFIwQy9GYitJbHRqWWFIdmJpSGV3TXJxM1NrRnI0MERqNjZxRm5vNnFvTGZZUDRuSm4vNkliakpmYmt0YTgxem1GY3R3bWNxTlRFdWl1YUVoU3E3blhqUk04c1V0bVByV3FiSGdXRmJJSVUwSytLc1JXTDgrRXZBajM3RXZqbXpSVlA2R0VpN2RueUpkaE1jYWdqTk1TeGs1MStFUU4zUnpmR016Rkw2SDhYcDJTd09iM0g3MVc3NG5RTThkbDI0VWRTNjF3bDRlay93SktQQWNGQklmNEppSnBjZjk4NU1DWE4wK2xjTis4aDM2cGtqNkF3Z00wTzNvSmpYVEMvZEI5UUMzeVVHMW1PR2JSRGovVnJ5VExSTHFEdkoxcXZ4SWV2RDNDaWxUNFJTSFU5clBUWmxpQXJycG5aWVFPbGhoOUpBWjg5WDZ3MlQrcHVzY2tEdFF4R0xUb2tqdDAwS2psNGs3MzlqeHBPUy9kdkdYbWZwcFN2RXVzNzRmNVAwcmVsK21XdXlnQ1A4MnUxTDhkSUovdHJPbUFyd0JMby92Yk40eWF1YjJpaXM0RjhCUTdLSGx0dkUxMFlLZ09iTnUybnpkcFdMVFgrSGs1Skh1Mk5EcjR0eklrTEFWRTc3Q2tlb3J5WTdTWURmbjk3czRpeUEvZDBSZmxFSlNwRWE0WXhKLytuQkxKeU5TVEVCNnRPV0szbnFlWVN3dVQvMFNldjdQVnlKTnh3ZW5LQi9HQk1PUEVPVmhwaFVTZE4yeVhSNXNBSm44S2dydzdYbEU3Nzh4dFZha0pmWTdERm1KZWNFTGkxL3FLV3AvdVFOS2tkWklDMDgzeFppK0Z1dWtINVEzeWFzNVJPWGNnckk2RTJIN2FDT0Z2bmxmSkVROWFUVkpxWXVrSmM2VXl5WHJoVnJmYUdWbThJeG94L1BqR0FvRUdtT3hNS3pscEQvZXpXNHlGTXRxT1BWbUtPbkE1OHNYRUszWDQzUTFwdXhaSjUrZ1RjOVpwdHdmMzI4clBCbFpGZnpaRDFqRXhzSlZpNjd2cWtnK3ZBOXQ2dklCY3pwN3NuM1hld09TdytnK0x4N3FrWlJIcy9HOFJZWXlDNmRVTHIwc0tpN2NnVGlTOUhrS2Fhd2hoUkV1UHovTDlOQVZGUnJlZFNaVkIxalV6VWprV3JpWkJXbFpwT1psbUpsVjBBclB6aHNzOWMzb2hqeXpLWk9vU01SOFdRY1RNN2hMTHJtaXBPclRzaGVkV0pZTUpaM0tJUytCYUUzdHRLa3VxeEwxaG4rZjFQZXBhNjdUcXZXdnhmZ3dDR2RLcmpSTWE1Q1U4K0ZUU1YwQlBhbWtMYkpqZUU0Z0JWWFQ3Ui9FcXVjYm1TYUpDTDcvVWFOSEtTRSt4OTgzaVdTeG1wVjF1WFdrU3FNUXZQSStnOUoxK0FkM21RQ0F0c3lqSkpqQ1VvYkN2ZGJLUlltTnF0aysrcHArYllweGdjeUUrcGgwWkNLMHNVbGVza2pNVTlVME5vM0hDdXFNVko4TWRxOGQwRUNHcGc3TmRRaFFLREszTjI4SUFCZm84bEVNMTE0dWtiak9sV09YV3F0Q0Riendrc0JRSkFacWNXd1B0Y08weFJ1TUxITHZ2NXQ2a29IYWdHSFBsSlJxak40cVVZRENtbUc1S1BqNUJaaFliVUxiMHdGQlFOcVQxc1ZraWw4VUhBWEdYM1JnMWpaTUNsRE9NR2pHYUttZVN6Q0xIZnRxN28wcXYwcHN3U0RmaTdDU0piSkhQZm4vQmNETG4rZTR6V1Q2b29qd3gwbFNMWWNGYnNmZ05HWHRFMklqUXNrRlFrMWJ0TDFUNDBETjRxcnZDcVhpOXY1TGRNUEk1TS9qbzBpbEZWdldpZWtFb0VCbk5QQTBGOU1zMVVGdVhJNHAxM0pwcDYvRytVS216cUE1UVdNbHZiMnBOQ2VZYlhGazBlbW9oWEVHSGpmMDQ2Y2pXN3d4NVUzbEtQb1RVeDZDN0NtMkl0dkdhMWlRcExzUUN3cURhV1FiRW4wMmVrN1ZVcHZNNmVkK3dncGsvQ01DSW5sYmdSN3ZnVW9Dcm5mZndXWSs5SVpjTTVmeTZrdFROdlJob291WVNuWi8rc0F6UUs4S01VTHh3QlQweDU4OE1xV1ZqL1Q3eXhuUUpteVNtL1NBTEUrdFlYYVZLVkFDZ3ljZGJIV3NYVDkyVm9pSEEwMmV4WjArdG5HekhjdGw1OVJjTlpUcjlDb0E3dTBzZGJwN3dCTDZzeTk1S2hybVFGZ3VlTWxBNHljMW95UTNPd1RIemVvdTNNR2h4bXFleHlHMS9PdTQwaHpCclVONVdrOWpzSXJFWnhBbVB4NVVSaGRUa01uejNEOGNjZndtRjltOVdDSDJXZkdPUVI5N21JYjNidURoaDBVWFpHc3JsYmRXc1FTUzhiOWJ1V0o0bnlMMldMNEdSNzE0ZWZMTjFQWHd2cFVtN0k0UTF3akh4Q1JLeHdxTUsxOEk3eVcwMUtpTStvUkZONjd3eTlhZDZTSVhTTVordzFPclpQODNCUEVrdHl6Q3JNaXN5Qk1OSnRuK1VoZDVneTE0SEZkQlJNM29TcjFsNjdGRlUrYjU2K3o0eEF3N09XRGtIQTdlUmFSQnVSS2kxbTlvN3Mzd2NhK3RiZ1VwT2dwV3hVblR6am1YeXlxQXlPdzlEbUtMNGFpU2hISTcraUpaQ2VTWWhKZkFBSFBqM0hwMWRJY2dKY3ZjWU9OakRqS1NFNFA0SCtlVUhnMXN0UEdWeE9YN0ZMOGN6OE9xd3ZSNmkzS1V6dUd0YXcycUJsSVJRT2R4azg4Yng3R2h6UlpsOUJiRWEwODU4cElhYVZuMHNFZk1weVZPQVQ5WHVlQitUK2M0dzdRTmJuUkE3Uy9tL3EzZWVXUFAxVUN4N0p3SXE1NGF4aHJ3OWNldTBOaG5jMkxUMjBWaitRalJTSkxBTGc3Q05MbmxOSEFsWUNjc1FhU3IyR2JYbEgzVXExWEdoU3NDbE1ma2g5eVVUNEFaRHI0cC9vd0hRbmttL1JRMDBxT2ZLSTJ3ZnI5VElHd1JEalNHMGt4ODNueStMK2lOU2g3OTA4L0I5QkQvSHl0TTd2SzEzSTM2TFRGc1FSWFZSaWVJM3dCcFRSZDAxOTZoZXRjcmRmYU13ZGREdk05eTcrMWNKNlI0KzU4L25nZXg0TWlrYlNFMjc2VW1DYmNhQ1pCMHNrNTVDWXRBS1EzblFGbjBTdkRSczlPdEpIdStudG9NbVlqQ0RjUUJrVWgwQ0F6ZHJFMGYzWDNad01pZkRkYVlxY2ZQekpjWkdMSGl1dmlzMDNqWXBLZTREallQZmlmdzM1Vk1MajBUUi93eGMxYTZSd2NlMWdMOFI4Ym9DVXBqajFsc3czSUZEL3AwK0JVUHlNZXlyMndPN0h4OTM4c1MwckhUNFBvdnQzY3FFemFqV2VOQkY4MlNqaFVIbXdFTGZ4bjFBNE1JQW5Nc0dKdXB0L1hQbnlPTmNVS2lHTFlxWFRubVNZc0tqOWFQSGlwNEVzY0dOS1dvbDBzSzIxTGZaUnFTZ3AzN0Ywcm1senFkU2V2bStXc3lmcURRTWFzaEJ2eTF2T1QyTUo0SGlHWUYwMFQvUEwvSWNneW5yNVZWbk1FNXBnSVltY2RwdVpPUlBjOUtGL2dEVWhpWXJiTWJLbHMyOGxuREZkSDZWTzQxdlI1U2twWHJIbmJVQzQxcnhzOFpUbWJpa09VNEZtTlZiZ1BOdzdGck9SM3o5VTZYay81eVpoeS85Y2hkYTBQYU85dy9odGcrd0ErUFloZW9qM05MaWd6MUQzakprMGQzdFB4RUQ5WFU4eUFTeHVJVDE4QlhJbmRqNnloeTNoemFqenNzRmswWkVYR3FaenhoY2oyMlE0YXRkUGFsQ3B2WHRuQVh3SHJidlh6Yy9keUVVWjFmNmJTdGtZZGt3RVJIeWsvOHNTbnlGWjJKbFNYQkVaMGZsZTdYamF1M0tVOXdzQVRHTDNtd0RBQjhidythbXFaSGRIYlY3RHFpWWFzZVYrRTZSaFJaMFRaYXVFMjdOZnhNSHVORkZSdGNzRzVOa0RTdE1lVy9WWXpYT3JpcmxOM2xGL3RTN0s2M3RQZXdKeHhrK1I0UUhwaHQ5QTBEaWNUR3Q0NWdGYkEvU29KblR6TkU2OXZMcVR0VjFuZDJSYXhJOEJsemtDdXlDVGlpOUMxRTRqelkrZldRZ1M4SUhHM0pIM1BpQk45VUJacEJrV2Fic1RJTWJPUzJWamFsVC9IekdmaWphOHFFTUFXTWFqVElRaVB5OHNsQjN1Q2hhOFIxeVZOcVlaVWZrNTFjbkJRWk9VSnVsZEN0S1RYa01CTTAvTU5MamJ5VjFsTjZka1N0a0xyd3RwOU9TWmNScVFYZFBBcDV0U0U1d0lqaHYvSlhqSXRFQjRzNmF6NUhoK28ySUlQMjlXc2hWOXp1dFhMSHRDRCtnUlpJSzdZSzBXS3FCbHkxMWpLUUMyWmZ4UFk2dndqaUwyb2JsVHBFU2J2NURVVlhLdnU2bkpVWHQ4VVRJb05WVDY3OFJzMkhSL1kyeHBKVzdGS09KcjY0aDRXbmxjUGdyR1puQk5SeExmWXMxZzAxNWlVYTNLaldGOUtzK1FPM3AvbTRnNGUzdnhIYjhUZStGTzFXU3hIVnlRRXdrLzh3RWViaEZLNDJicERyUm9FSjZLRC9SSHZEWHdXYmJqVzI5TUI4U1BHWE0vNjZ0MFdEMmplQ3dPYk81ajlTa3IzYm4zMDJZbFhiV0FBR05PQTBBWlp1RXpCS3c5OTRvQzhHeGdpb2ZndUZRMjZGcUxKa3d4YjA5WFU2dFdjaUVmZ3hiK0JjNkpOZGRwRXM5Vzlvem8yMjl0QzRjYk9ZTk1wWDR3ZEVMN1VYNXMxTUVhM1o0RHNJZ1FwT0NoOVlORWIwRzNKNTRucTZFb1dPWVRUOFZjOXdlYjkrWWtkSW41THQyYXZzdWJsL3FNdEFaVHIxMnUxMktlcTBXQnlqM0RLdU9peVJFZzFBckRYV3FWSGd6UW1xZnQzSGpta21OZzFySkZGRnJ6MTZmZGk3Z3JsSVd0TGJYQjJrTHVrMjBxVERVVnJ4TE1mT3pQRjhZTGxGM29FaVdWVWJqY0hSKzlBUnZNK0p0cHd5WHI1SHVuRnQvMHZkOHg3c3J3d1F3Rk5zNFJZR0hNUlN2RGlZMml5UklyRTY2aEt5eGJyRnZ1bGJBZnE3MmpqZ0RvdnNWSlVuZHdVNVdkNUFNM0ZXWU1yNFRYN3VPVHZ5MStsRnZURGltMTN2cStwZkhXSWp0eERuL1FXb1c2ZTZ1QkdlZ2ttSGZjdDVRM3JxekRpSEN6eU16YisrcjJrRG5DTE0yQWR3akgrQiswSnhrSWtqdGhLanRiWkhOeGN5WjB6S2ppUEJNV0JlSlNST2lET2VhV2ZpSWovb1JxS0JiQWs5eDMwQkZyTDU4Z3B2NEl3KzA4cXMrblJNam8zK0NiZ2t6NFJSV0VzK0ZaUWpFdkcrSHRIOG1wTitIMUJ1ckoyNHN5V2wzdzlHL2t2Mi9EdGpqTzlVenZTTy9ENmdmaHQzNUhSdncraWY0ZXh0K0hxQm1DMmlYTU8ycDlYL1M0Q0tyZU9GYnovOVJaMlI1dGcxeDFMQlVyVGM3ek9JTWkwRE9QWXgyUmVUbjI4Ti9IVXVjb2htY095ZUQ3OCtWZ3drZlNwa0RvVEM2OVNBMFJXR3lwRm1Hek9Bbmc4ZjgwejgvNE1ISDRRVVVBVnA5aGJ4dkpMN2hialNzOEVmZ0M1b0VuL2h2cWdnMTluaFhWR2FvSlhmaTIwZi9OdTF4NW82MGx0RXZHbHpsT1lWZWNLNGcvQ3B6YzFkWTAxWEVEWDFyakFzbU52RlhFSlc5Y1hqbFhhUkZuSi9pNHNNeDlZKyt4VjI3YUZEaEdIamdoSDVPUEdaY1ppeHdMYUlRU0hBNlpjcjJxRFN3RXdySmNlWVdWRVFnK0ZieFM2VlpyNGg5b2dqOTRndk9JUlZTMVhrMXE0VHVmT3NVd3R2SXdZbS9HMjRyM2VReCtvV3JOeE9NTzlkQjZpZm1XZEJ1alFHaWdkWFRwQm1rVko3WW10S0lMamJRWmlRbjFlMXMvR0hjUnV6ZVpISzkxSThvL2pKeFppQ1JtSTljTHBDMUtPZm1aaUUyN1R5Vy9JN1F6RzA4cDNhY1FKN1pXVjdzeU9OaFpFUW9md1RibzR6d3VIeFFseHN3a1RCQmt0MzlPSFR5cHNXbHFKY2RFZi9jOFd4NUVsK1Q2Q0IzYmYrMy9Pa3BkNmJoSUdtcU9ITW5FNlZLVW80SnNOZUtGem80eWRJaFRYN2QxUllHR24rbXhhWGtGQ2puaDlmbTEvak11NGdnZXJ4bnkzUlVQSlQ1eEJaamV4RVZQbzZNR3UvV0t4bmpUdTBqQnU2N1h3dUQ2T09VZ3k2OGs4Nk1zNVFmMlRuV0ZzYVg2UzVNcnhualBNd2xveVphUGpOcG9zMTgzdldKK3g0K3luQmU4aGJYKzdvNFJzR2NKdHV2bldQaUNWTWZaalIzM0NQRGhobE1iNkxJc3ZrS0p0U0xLRDdaZkZYWjFCYWRqL3RDWUdWQWZIS01WNEYrOGM3WFRyYzdUVUd5VEM5YlFpL29PdmtjY0xkMUFBOXp4RUhnTHorby9iZXdtMTg2Q2tSelEweEFjLzNhanIxUzRlM2FpNE5iUGVIWW4vaGdaQnp0Z1FnODdGRVNYbGpTV0hCNU4xS1ZkZGoyVUp0ZU9HOHRIQldxcWpRc2hUVWZPVlRJY0t0S2VZVEpKWnBWUDRkclNWOSt2VFRSZlQ5N3FZWVF5UTZ4cVAwYUs1OW93djBLdjlrWDJJSWpveFNQM3lqL3RjYUlBbkhNbjdCenhUeGhnc1I5SVVlQ3FWSjI4aTgyOGdqNmFpSmZmU1NWN0U2ZUVJcWcvMTRER0N5U3V5bk5YVWk3M1U4aGNyYnF4dEhsckV1MWtEOU1LUWNEME5lZ0FZb1l1S2YxdnlFa1NHTlpQdkQ1VkI0bDRaWGdXYUZaN1ZZTDI4SEpLczViYmFlNHZMcDgvSXhzemdvbUxMa1Z2TldBYW5sYUhQbmpwMmNRcmw1Q1ZDaDByUXJjTExaSkMwUVl4U0ZpRnVOTitwOEZDS2FQSDNkTkFwcG1jdlJaWERjSlNEN2NOSEQvVVlWNFJ4OGFLY082TFVSQnVnM1VtTUtKOUVoT2RTWE5YQ1hkTVJrd2RzbVM1MlZCRVlTdVVwUnoreGQ5ZjJLQm83djlkSzhpYktUWEphMnBhVkNBdW1tSS9IWG1lUkNubkNFUURuUHZPbm1UbStSWlVTbVo3TTltbnJMVW9DYjB3UTRhY1R1d3laMVdpYWRWUGhHSnBBcHlSa3lUTTJZYThialJPbFZRZTFncWUwTUJjNm1nbm9BQjRvVmlodUJ0WUFpN2swR0ZvSmxkSlZLS3dnOGE3Z0NpUWpiUFFhbTZ2MGdyRFJIaXplTDQ4UjZydTIyOFhPU0VES09CSjJtQlFjSDBsR3hTR04yYVdtc25HcWpqNjRnci85NzR3Z1hSYlJCbG9obExZUEZDRDF5QjZoa24vaHBlRTVjQUxhYVBaNEhGVS84bzFOY1pOcW9mdzNhalJ0TkdISkFXZS9zampuYTR5bkhrc3AyK3pXY1hBd1JRd1Z3WDk2MnhqaUhkVTJ6MlVsS1FUdUpjeS9yWkhIbTVWcUNRT09YaXZrRGRMOStGb1FDZUU3KytFWGhtTnQ2MGVBb1czU2ZRUFBVdnlXN1BjOHQ5V293MEtTeW9YU3NROGpaTmdEbmpHRVBaNjhUV2VNenFPRVRmanhJL1g4OEhORFZxbWhqNmJEL0FpTzVLNk16b3d6QjkyTjFXRW1rRUZ2R1FkbXJtaVJiY2ZVa0RsbWpPQzFOOGFwTGRPcm1ONzBjRzdXalBOTCtHRzUrMXhRcy9DMU1oRyttY3pydWgybTBNZnY0eEt0WndmdVUyck5QYVg4UlpocGtLWDdLb1lJcldJN0x0T1MxQUZvWW1Lbmh2U0RZajhwWHUvdWpMcGxWYWc1Ui9VYkdEbTEvdnpYR3I5c1VxcXNHcDByZFdEcVpRTS8rL09XcEorRmMyL2F6TG9mTmtMRS9RRXpZbU5iVEZhTURUbUxGVCtwNUN6ZlRMN0tGQUkyclltTHZubFhSUzNIeVlpT1hxREh1aFIzVHpNdGh3ZkRlUU1hNElsdzVHZ25nZXRUcUhWV3Bzc1NJZXQ2djYzNDdvWjdQZ1B2WWdHSkJjaThTRStIL2lIZ1I0YlNlT1MyeTRDQWJnTWt1aGI2d0tWZ3N5blNKUmZ5NUpmNXlRQWl3YlBXT2c2dlN0SEpvTjFVTnBQSkNZR1dBZUd3cGpNWTg0Y0s2MXh6Yk93cVRaelUyYUJNSUFxTzVwQnNzdzFDNGVLTUJYVE5qN0RoeWV4MVJoM3ZFaFlNamN1ZlFOTDFXM09jT1JDWTJUK0ZFNU5iYzU5eExLZEhsaFYvaExlT2oxdG91MlhOOVhpUE9ya1g2Q0ZVSkRJcXU3ZHhlbEYvYWlTeTBab1J5dzFlTWUyS0VKOVhVN3JpbENjenA0NGwrMldhaHh6YmduZEpVWGVsK09zWXdvMXRtVGNENU94N2NFTURPNmxrM1VkVlZqWWEwaHFLcjFDUjVHdXdrSE13RlFYWWN0REJwNFBXb0VBcUphLzdQbDRFeHdoTkdQK2U5YzJXQ2FzMFVOR3JhQ1IrRTV6YlpXRGI0Y0N2S3FmcTB4SGJUdWFxSnh4YlRDSlV5Tzh1dDhZend2TkV5OUNMQWw3MFdPbFcrNXFqL0oyOStXMldaa0YvWXgrdENjUkwzSUdCbVkwd0FqaE1nck5POHVueGJaWTZiTFphRlEremc1dXZsb3BJQ2w2OFNnQzdhbEp2M1ZOekdQVEdJS0cwcUcyQmIwc05BSHdWemJCZmtheW0zaHBVNFdjcXRGTlFJdEVlcHlwcHhTS0xEa2thaXViektvN1BKK3ZEVmNqaWJUako3TW9UTjdIQ2RrR2g5RmdGWmhoRGZsYlBvVi9pVGhJRU03Rzl5VTdNbW9HQldRMTRybkNtc0V5R1orL0pRSG8wOXgzOXhwV2FrY0hIckhzVGRLV3VaZ2xWSjYxc1RGZU1mTkxnNEdqMHZVeUdnZ2hyYzFwSEk2aE52bGg5OENzMGYvRmpnSUVLd0dZM0REQnNrQ3pvanlwWVFkbXBYRDVMOTdCdmtMWjdjR3daUHROQUtvV0dYLzFyYkloQXJvY3Y5d3Y1T0xURDF1YW92eWRVWG92T20vaVBzckszb3NPUXNQVFFlZm0yVWw3bmFjT3F0M1hudmdoL1MzWXdXanFMbDJJeFJLcW55S1ZxelhVOWVaQjR2NnRvNldoQmd6WWQxZ3lCUENGQlNZclJkWG51TEtoNDFkZzNLbGFMQ2dERUpia1htM1pXYjRLWWsvM3FnRTlIbWMzU3A4dFNKb2ptN3UybGlIMVhLNmtqbHFiR2dKSDRLcEpTcURLRytOWit6cHZGTjBWK2ROZk5FZk9sMko0ckpackRsLzI2cDB1Qm9vclY1MGtiUlZpSTJGbzVLU0dBUzlFRjVLVUZkdFBIcmtSOW9QSDVsM3JKczV6NEcvMklZSUFlMXg2ZERwYncwTmdwNVZJeW9oQldQYm91TXh2bnc0ZEQzZ0FpWTR5SWNrWk41bXJ1KzJySjk3TnVpQXgzbCtvTDF4Uk91aHFwc2ExdTlDSHVjcnRzdEFUbzBnTVZFb2NFR2FLRW5qZlJzcklvTUlyVE5YL2ozOU11RUNTTjlwVStDMTg1U2NhVkFxYkxVYzcxUWtud2pIb2llQVlISURnM3VGVThmWVBBL1NkQ2ptK2cyNDF2eVB1NW5jOE1SMW04d1NUMmY0YktoY3U1L0tHMGlZSERxcU1kS3Z3Wkh3R2NlbHgxaDhVU1V4bTZPUGNHRlJMMTZvUXEyTnZMcVUyWFVSUVFjTy9peVRCMFRGYW9VNTNtYlp5TDZTTVJneDJMNlRKQTZyVHMza3F5bUcvOUN1R2lRdDlWSjI0emVqblpqS1UvT3F4TjFyUzJsZU9mOU5DT2Z2Yk5VT1lFcjBweTQyaDE5UE9DUHhPK25jR0NoMkE2QmRVZmxlMlJMd2dac3A0dm5xYmJmNjBvUG5YcjJYWkViTmpnMHlUOWxzUTF6QmdmNWlIcXJ5cTZSMWNiNWpyYTBRQmFOejB1MzcranprTDhwUFU5RWxQTmJMR2h0aUhDbEhRNXlTRGZJNWdwUmNickViV1NYMlBOTWJZdDBrWWRYSk1kYjZiZi8yUT09PC9CREI-CiAgICAgICAgPFNCPlpYbEtORTVYVFdsUGJITnBWRlZzU2xKcVpGVlJNRTVDVDFaa2JsRllaRXBSYTBadVUxVktRMVpGUms5UmJXUnlZMWRvY21GVll6Vmtla0pEVVZaR2VsSnJSa1ZSYkdST1ZWaE9NMUV4UmxwU1JscFNWVlZrUm1Rd2NFdFpiWEJHVkZVeFFtSXdaRUpOVmxaR1VUQkdNMUpIUlhsU2JteE9WVmhrTTFFeVpGcFNSbHBTVlZWb1JWRlZOWEJaYTJoS1pVVlNWVkZWZUVOYU1EVlhVV3RHZGxSVlNraFZiWGhyWVd0c05GSkdVa0pVUlVwdVZHeGFRMUZZVGs1UmEyUlRZa2RTY1ZOWWFFVldSVVpOVVcxa1QxWnJTa0pVVlRGRFVqRktjMXBIY0Vwa01HaHZXVEExVG1GclZqUlVWM0JPWkRBeFJWb3phRTloYTJ3MlZqSm9hbFJyTVhGVFdHUk9Wa1ZyTVZSVlVtNWxSVFZ4VTFod1dHRnJTbGhVVmtaNlpEQk9VbGRWVWxkVlZrWklVbGhrUzFOdFNuRlNWVEZPVVZjNVNGRlVSbFpTVlU1Q1pEQlNWRTFyV2pWVVZrWXpaREJPYmxkVlVsZFZWa1pKVWtWR1QxRXlTa2xUV0doRlZrVkdUVkZ0WkU5V2EwcENZakF4UTFKV2NFTlZWRUpXWlVWU1ZWRlZlRU5hTURWWFVXdEdlbFJWU2taWGEwcFNUVVpXTkZKR1VrSlVSVXB1Vkd4YVExRlZNVTVSYTFaaFVXeEZkMVpZWkc1YU1HeHdWRlZGZDFJd1RsUmpWV1JVVTFkSmVsSkdSa1pSYTBaU1ZsVkdRazVGYkVSU1NHUkNaREprYmxOVmRFSmlNR3hFVVZaR1JHRkhSbEJOUjJjelYxaFdWVk15ZEc1aU1VNU1UVzE0U0ZZeFozZFNhM055VmxWc2RVd3lVa2xsUjNCWllqQXdNMVJ0U25WYWJsbHlUVlJvV1UweldrcFJiRlpLWWtaU2ExWnNUbkZYVldNelRWUm9SbEl6UWxGUFJ6UXlWbnBWZDA1VVZsQmFWelZyVEhwU00xSlljR0ZoU0ZKS1ZqQmtNRTVGT1haVGVsSnJWVlZXVFdGdFVsbFRNbU40VjBWU2RFMVhTa3hsVmtveVltdHZkbHBzVW5OVVV6bFhZMnhrVldGcWJHbFpXRVo0VlZkc1VGWkZOSFpXUlZKSFUxZEZlVlI2VGpCTU1GSmFZV3BSTkZWSFdYbGFiVEF6VVd4Tk1sWlljR0ZVYlVvelVsaENVV1ZWWkd4bFJFVjRWa2M1TWxkclNsUlNSVGxIV214YWNGTnJVbnBPVmtWeVRteHZORkZZUWpCaFZUVldVak5vUW1GcVdrWmtWRTE0WVZoYWFXTnJWbTlpTUU1SVVXdFNkV05WWTNwT1YzZDVUREkxY2xZeWFGQmlXRVp3V1d0WmQyUlhhRFpOYWs1UlRUQmtWVmxzV1ROa1JWVjJXa1pvUTFKRWFGbFJNSEI0VGpOS1RtUkhSazFpYldRMFl6SmFiVk13YkhOVGJrMHhUVlZPZWxWVk1ISmpibXhGUzNwR2FGWXlNRE5TUlhoVVVWVk9OR05FU2pWYU1XaFlXV3BXVWs1c1JtaFZla1pvV2tSb2NsUnNjRXRXVmxwUFpVY3hUMVp1WkRSU2FUbE5WME4wVmxsdWFHcE9ia1pLWW5wV1RrMHdkRWRrUkVwaFYyc3hjV0ZzYkU5T1Z6VnFZMFp3UmxKcmVIUmpWVlpoV1ZWR00xSjZSbFJpUlZKNFdWUlNkbUpGZUhsUk1GcEVXV3hDYW1SR1VuUmtiSEF5WXpKYVJHTjZaRFJPYldzMFZXMXJOV0ZJVmpaYWJrWTBXbXBLYWs1cmNHMWhhMUpLV1RKb1ZscHBPSGhWYXpsdFlWaGplbUl3Y0VOamVtd3hWbGRLYjAxdE1WRk9iVTVwVkd4b1MyRkZkRnBsVjFKd1lWZE5NbEZxUVRWU01tODFUMVZhU1U1Vk1XcGxSRXBMVDFoSmVtTlhhR2haYlRVd1lqTkJNbUpzVWtOYWFtUXhVa1JDV1ZONlFqWlhhMlExVjJwQ1UxcFlUbkJWVnpnMFRrVTFWVmt4Ykd4T2VrcDNZekJhWVdGWGNERlZSVVpPWVZSR1lWZElSa2hoYTJoMlRqSm5OVlpWYkdoaWJGa3lVM3BzUjFaSGNFeGlWV2hHWlZoamVsWXpSazVTTTJoNVZqTktNMU16Um1sV1JrWk5VMFJhYm1FeU1ETmtlbVJ6WWtaYVExRldUbmhXTUVaT1dsWk9jbEZyYkhCWk1VWlNVMWhzVjJWRlZUUlZSbXhYVFhwa1RGVXlVbFpOUldNMFVtdDRORlF6VmtwT1NGVXpZMjEwUkU1cVZreE5NMXBFVFRCS2FtTnJNVXRQUlhoVlV6TlZkbVJ0ZUVkU1YxSlFZMnQ0VldSR1pGbFZhbWh0WkRCa2EyVkhjR3hoUm1nMlkxaGtTbEpGUmxKUlZVcDJUa1ZvUjFSVmJFbFJNREZDWVRCa1FrMVdWbXRTV0dSU1VUQXhRbEZZWkVaVlZteExWMVZzWVZOVlJscFphbEpTV2pCV1ExRnJSbEpTUlVadVZqSmtUbEpGTVVoUk1XUkVVakZPUWxJd1kzSlNWV3hEVWtaR1VtSlZXbkJWYkVKcVVqRmFNVlpVUms5VVZXeEdXa2Q0YVdKV1dqVlhWbWhUWWtad1JGRnJVbWxTTW5oeldXMDFVbG94UlhsV2JteHJVako0ZEZsV1pFOWhSMUpJVmxoa1NWVldiRVZXYkVsM1ZEQktRMWRWVmtkVVdGSnRWVEZrYTFKc1drcE9WMHB4VVd4V2RFMHlSVFZXYTJSM1RqTk9NbUZITUhKVVZVazBVakJGZUZaWFVrcGtNVVphVkZWS2FGRlZXa05OU0d0NlRsZGtNVTlHYkhSaVZVcDBWMFZ3YkZNeVVucFdNMmh5VjFoS1dHTlljRTVSVkZKSVVWUkdWbHBGVWpOU1ZVbDJaREZHUmxGWVpFcFNhbEpGVVZkU1Exb3dOVmRUUms1V1VsVmFjVkZXVmtOYU1tUjVVVzFrUmxKclNsSlpNRkpDV2pGc1NsTXpaRnBSYTBwU1ZsVm9RbVF4UmpOU1JrWmFVMnQwZGxkcmJHOWtiVTVQVVZaR1JsUkZTbEpSVlZKdVdqQnNRMUZWUlhwU1JYYzFUbFY0YW1SRmQzSlNWV2N3V2xab05GSXdSbk5WZWxKdllYcFdTVmxZYkRWak1WWnJWRVJWY2s5RVJrTmlSMmhEWTNsMFdsUXhSazVpTWs1Q1pWVXhhbVF5V1RCTU1GcFNZV3BTU1dGSFpITlVNa1p1WWxkUmQyVnFaRk5pV0ZKc1ZVVm9TMlF4UlROUk1VSk1Ua1phTUU5WWNISlRNamcxWkcweGNrOVVXbTlVYWxaeldrVjNNRmw2UmsxaWJrSTBWVVphV1ZWSGQzSlZiRkpHV1ZWS2MwMVhaSFprTWswd1pVZE9lbGRIV2pKVE1taEZUbFphVDAxWFNrUlZSa2swWkVoQ1NtTklhM0pYYm1nMlQxWm9UR0ZZUmpaU1F6bHVWR3RrUmsxNlJrcGhSRUpwVWxjeFdrMVdSblJXYkZZeldsZDNlbGRITlZwTlZXczBZVEJhTVZSWGJGbFdXSEJMVGtkT2VsRnRlSFJoYmtKRFMzcHNOVkZYVmsxV1Ixb3dZek5GTkZSVWF6VmxibXhhWWxac1IyRkljRmhaTW14dVZHcEdSazB3UmxaVlF6aDNVa1JLTUZWR2NETlVWWEJTVkROck5WSXdiSFpXYWxwRFZFVktlbFp0U1hwTE1qQXdUVzFTZFdOV1dreGtNVkoyWkZWU1IyVllSakZOYkdzMVpXcEtSazVZVGtoU2JIQXhXVk56ZUZNeFVsZFRSbkF4VFRCTk1GVnVWa0pVUlU1UVpVaENORTlHU1haak1VcFhVbTVDUzJJemJFcFpibHBEVFZaQ2VWRlZaRlZqUms1VFVsWktWMkZXU2xaVVdFNVhZbTVPU2xaRVVrWmpWR1JJVDFOMFRGWldTbEpqUm14TldrZGFTMUpHYURGU2EyZzBWVEl4VVU0elRsaGtibWR5VWtVNWVsbHNXWHBVYldSM1UxZDRkVXN6V2xGWmFrSnVXa1JrYjFReFJsQmpNV1IyWkd0c2VHUXdTazloTUZaeVRrVTVOV0V6Y0RGVVJVNXdZbGRHTW1WVVZrbGtSWEI0V1cxc1RsbHBPSHBWVm1oU1QwVldiMDlFYkVsVk1GWm9VVzFOZDB3elVsZE9hekF5WTFkb1QxVnJTbkpXVkd4SVRWYzVVMlI2YkhOWGJVcHVZakJzUm1SNldUQk9NbVJGWldzNVlWSkdTbWxhV0VaelRrVTVTa3N4Y0ZGaVIzQTFUMGR3VWxwRmFGRlhia3AyWlVoU1JXVlhOREppUm1zeFVUQm9ORlY2WkRaamVrWnNZMWRHYms1V1FsTk5WRnBDVmpKR1RWSkVXalJqYWtJeVZUSk9kV0ZZV1hsbFdGSnNWMVZrZFZORmJGbE9iV2hOVkVSWmRsZFhhRVJpTVhCb1pGZFpOVkp1YUhWa01VWk9ZVlJPVFZkRVRUTmhSR3hWVW0wMVlVMHdiSFJPUTNOeVZGZGFjMU5GTlZWTlJGSlpZbTVTZFU1SFNuRlhhbVJ1VVcxdmQwMUlXbGhOVjFZeVRUQldhRkZXY0ZWVVZFRXpXbFJTYzFreVNYaFZSVkpXWVdrNWRGbHVielJUYWs1V1VWVkdNbVZxYUhGalNFSXdXVzVHVjBsc01ITkpiVVp6V25sSk5rbHNTbFJOYWxVeVNXbDNhV1JJYkhkSmFtOXBVMnhrVlVsdU1DNHVaV3AxZW5kRk4wcDZVbmsxVldGdVNEVjZXbFZSWmtGVE1FZHFiMnhvYzBOU1NFNVNjME14V200elVYZElRVzh5Y0hCNE56SXRiV1UzZDFBMFgzQktTMnRVWkZOQ09VMUJTM2hGY1cxVFRWbzJRalpWY0ZOTWR5MVJTemRYTFdSbWNsbGFiVXc0VDJsbFMyTXRWRTVIUVhFdE5VSmhlazFmV1RGNFVuazRia2g2WkV3eFdEVjRZWFJ1VVVselNVMTRibWhXV0cxSE5FVnRjSEpzUkVacmN6ZFlRbTlHYnpGdVJXWlhNV3AzUzBkMWJqTnVSMHB4UVZSNlJHUlNTWEZzYTI1M2NFRnNiME5OYUd4MkxVeFFORU4xYWtSSGVtOXRVamR1ZGpSUmF6aFhhRW8yTWtsTGMxbHBXR0YwV1hNNGNYZFRhVGhUT1ZsNFVEUnVSRmxVWjJOM1RtdHJWMWRQUldaVE1GbzVXbWxzWW5OeFJESmxMV1I0ZWpabFZIQm1halZYUlRBeFNIUk1VRGxpTmxaVWNsWnhPVlp2TTNOWU1rTklabTQwYkRKdlYwTnlXVFZEWjNGR1ZrSXRRWEZuU25oSFpHaEVZMEpqVUVOc2JVZGtYMWhLZFdoV1EzbHdiVk01WkRsbVNWZE9jRkprUmtKU1NVcExSSE5XZUhCcGFtZzNOVE5GVm0xR04xVk1aWFJIVGtkTVFXdzVOazFIUTNaTFRGUk5aWGg2WDJoMk1sQXhSelV4WVcxdFVUaERXRzV4Ylhsb1dWbFBiVWt5WDNoQ1JYTk9MVmM0YlhWWFYxbEtNMlZIWjIxRVYxOVhOa3BNTjJaUk9EaGhURGR1Ym1SNmJXTnZMVEpwUzFGd1ltSmlXWFU1T0ZSQlgwbDBiRmRDYlRab1JXeHhRMEZ2T0hkWllWTXRaM0puY0Y5NWVWWktOWHBWU3pKT1ZtbERlV2w1ZFVVNWNXUjFTV3QxUmpNMWJGRkxhbE5OTFc1NFgzTjZkblUwWjNJM1owazJYemRRTFcxV1JGQm9iUzFYWTNsdE5uVkJTMmhYZDJwaFlVbEVSVTAxVVZsamJFRkhhRUpUUzJOM1gySnBXV05WTkVGVVRrUkVOR3hXVlRCSVJWQlpWM0JOV0c1ZmVFeG9OMVJEV204eWRYWTRiekZ4YURnNGQyWjFNbEZJUm05T01qQnVSbGQ1VTBKV05HOD08L1NCPgogICAgICAgIDxvdGhlcnM-CiAgICAgICAgICAgIDxlbnRyeSBrZXk9IlNQRUNfVkVSU0lPTiI-MC45LjU8L2VudHJ5PgogICAgICAgICAgICA8ZW50cnkga2V5PSJSRVRSSUVTIj4xPC9lbnRyeT4KICAgICAgICAgICAgPGVudHJ5IGtleT0iRk9SQ0VfQ0FQVFVSRUQiPmZhbHNlPC9lbnRyeT4KICAgICAgICAgICAgPGVudHJ5IGtleT0iRVhDRVBUSU9OIj5mYWxzZTwvZW50cnk-CiAgICAgICAgICAgIDxlbnRyeSBrZXk9IlBBWUxPQUQiPnsiZGlnaXRhbElkIjoiZXlKNE5XTWlPbHNpVFVsSlJqZFVRME5CT1ZkblFYZEpRa0ZuU1VKQ1ZFRk9RbWRyY1docmFVYzVkekJDUVZGelJrRkVRbGROVVhOM1ExRlpSRlpSVVVkRmQwcEtZbXBGVFUxQmIwZEJNVlZGUTBGM1JHRXlSbmxOVVhkM1EyZFpSRlpSVVVoRVFVNXBZa2hKZUVSVVFVeENaMDVXUWtGdlRVSkhVbXhrYWtsNFJGUkJURUpuVGxaQ1FYTk5Ra2RTYkdScVNYaEVWRUZNUW1kT1ZrSkJUVTFDUjFKc1pHcEpkMGhvWTA1TmFrVjRUV3BOZDAxRVozaE9ha2w2VjJoalRrMXFTWGROVkVrMVRVUm5lRTVxU1hwWGFrSlhUVkZ6ZDBOUldVUldVVkZIUlhkS1NtSnFSVTFOUVc5SFFURlZSVU5CZDBSVE1rWjVUVkYzZDBObldVUldVVkZJUkVGT1EySklTWGhFVkVGTVFtZE9Wa0pCYjAxQ1JWcENVVEJWZUVSVVFVeENaMDVXUWtGelRVSkZXa0pSTUZWNFJGUkJURUpuVGxaQ1FVMU5Ra1ZhUWxFd1ZYZG5aMGxwVFVFd1IwTlRjVWRUU1dJelJGRkZRa0ZSVlVGQk5FbERSSGRCZDJkblNVdEJiMGxEUVZGRGFHRlBNR2czV1hWVVMydG5iMU5MTW14SFYxZ3dSa3NyVlVsdUwyUkllR3BZYjAwM1RtSnVabllyTVRoWU0zWkpRbFZKYkZSa1ZsTnFXVWMzTVRoRlIzQlFPRzQyVnpVd05UVlBaVzVrTHpSM1JYcGFhSFJKVjBkME5FOXZTelJrVVVWTWFtUllTMmN4V0VSdE1XSkxlVkoyYmtvdlpsUnNUUzlXY2xkVWFqbGlZWEZ4VVdsUFZFNHZWRVJHU1dFeVR6TjBMMFJaYWpRNFVHWXlabTAzUWxNMlZYcGFUbUozUlhCUWVVZGxlREV4Vkc5MldrSlRSRTlHWmxacFNrUnpOVkVyTmxvNFFYQjBhVTVWUjNoQmFqWkZkVE14YVhaaWNrVm9iME5IUWtSdWNVY3pOV3d5TDI1clYyaFBiWEZwWWtZd2RXaDZNak5RTTBkVVlsWTNkRVV2WkZoQ1JEaFlRMHB4TjNKTmRHRk1ibWQ0YzJabVMwbHNTbk0xTVVOelVVMHJjbmxFS3pGaFYyMDNSRXhUUVVONGNESjVaMWhYWWpWUk5sRmhVekZoWkRoclRscEtWVlpPZUcxT1ZuZDRSaTlNV0N0VlluaGpObkZKYnpWTk0wdEdkREphV2sxcWFsbE9OVzVqY0ZwRlJreHRjVVZhWVVGM1J6RlRiRVJ4WVRSdmJFeHlRMFpEWWxCamRGUnRkbHAyYzJaRGN6ZDRObWs0VW1rNWFIVjZabkY0WmpKak5rcG1ha1JKWTJoVlppOHhVazltYVhjemIwcENjemwxVldKb01tMVFObU5pVGxoS2FFdFplV1JwYVdNMlFqQTVSMm81T1VaSU5VMWplREpLT1hJemNXaGhZbTUwYjNBMmJsUkNaamQxUkRCWVN6QjZXa2Q1V2pCU1pYTnBVVzg0TkU1VVkxbGxOekp3YzBaYWFXcDFVRUZOYVRGYVdIRkhha2h2TjJnNVZVbGhibFkyU3psR1ZHcExiVWhGZVhjelYzRk5SM2h5VjNKM1MzRmlWRkZNU0RabmEyMDNkemRzYkZaQ1FWTnhWMEZOWlZOclFrbHBZMUZSU1hsV2VFVTRVRmxXTXpkTFUyUlZNRWM0Umt4NFQzVkpOSFUzY210RE5qVkxNM1pETTBKamNrMUtPRXhVUzNVdmRteEdSV1JQY2t4VWRGZFlVamhtZDBka2VHcGxhRmg2Y1hkSlJFRlJRVUp2TkVoR1RVbElRMDFCYTBkQk1WVmtSWGRSUTAxQlFYZEZVVmxLV1VsYVNVRlpZalJSWjBWQ1FrRlJSRUZuVjJkTlJFMUhRMWREUjFOQlIwY3JSVWxDUkZGUmJVWnBVbEJqUjFaMVZURk9UVWxGWkd4aWJWWjVXVmhTYkZwRFFrUmlSMnhzWW01UloxRXlWbmxrUjJ4dFlWZE9hR1JIVlhkSVVWbEVWbEl3VDBKQ1dVVkdUWFJtVTFka1JsWkpOV0pxUWxWdE0yRTVWa2R3TjNOMmFHMHJUVUk0UjBFeFZXUkpkMUZaVFVKaFFVWkNNSGt6TldkMU9GbHRiVUp0V0VwbFMyUnpWM2hyV1hKWGNYcE5RVFJIUVRGVlpFUjNSVUl2ZDFGRlFYZEpSalJFUVdSQ1owNVdTRk5WUlVacVFWVkNaMmR5UW1kRlJrSlJZMFJCWjFsSlMzZFpRa0pSVlVoQmQxRjNSRkZaU2t0dldrbG9kbU5PUVZGRlRFSlJRVVJuWjBsQ1FVRXpSRXc1TlV4amRFd3JSVWcwWlZoNFIwRnNVelJvYXpWSVlYbDVjMVZrVERVck9ERkNiR2hDY3l0WlQxRk5iMk5CZVUxamQyWTBMMFpSYWpSSWFHZHNUMkZuYldRd2VqZFNiWFJsVUVoS2QxRTNRMUJMTkZaME9YcHJTMjg1ZG0xck9UWm9UalZzWkV3MFl6Rk1ibkI0VUZaWVVHd3JVbFJGWVVKc01XZHZkMk0wZUdOeldHWjJTMmhFTlZaT01XSkRVRkk0ZEhCSmNIa3JXbmg2T1ZoTGFYRjZSQzluVGtkRk16RkphREJpUlcxWk1WRnRWbFYzWld3eldHNVpNVWs0YTBaMVRXbFlWWHBLTkdOelFteHRhbkJDS3psNVFXVk1WR1owYzNFNFRUazVlbmxaYlZsR2FIcFhZMmxuVGpGRk0wRlZVQzh3UkRKMFVGcDNUVXBSVDNrNVIwbHZWalpDVEVKelZtSXpLMjAwTW1SdWNWWkxkMVJ2ZFVSR2VYRjFNbGs1ZWpKRk5YTkhSbHAxWVNzeFMxUldTRnAxTTBNMFVuVkJURU5QZUhCNE9GSXZjMUpXUm5CS2IzbEpZblpDTVZCeVFVZFVjRk5TUlZKV2FWSlZUWE5XYm5OSlZEUkZjVGRIT1N0TFZWSlJjRmxNWkdaS1JGaDFSa2g0VTIxUU4zTlhkbmdyUkU5ellsWXpUbWR3U1d4dUszWlFZakJuWkRkb1QxRlBjMWR2ZGtseGQwSk9hMFZyTkU5NWEzcDFURU5wYldGMmVUVklkRXB4WW1sTllpOHpVVmhST0VWb09EbElVMFZoUW1Nd0wzUldOazAyY1doT1VrSnJWVGxITVc5U2R6bHNXbUpuYjBsRmR6WTBOMmRFZWs5YVJGSmlaWEZzTkU5SksxcFFiR3A1T0dwUlpFaFFXbkp2ZUhSRWVXNDJiRmsxUTBoNFV6ZDZjekZsY1dGbk5WQlNNVFpCVjJGTVJEWjRjakIyVTJOdWFYWXllWFJsV1VkdVNFbFlObWhNVERZdldXaERiMXBoZFdZNVJuaHVkMUZOYVROTVdETTNhRGxVUm01YU0wbHROQ3NyVFdac1NFNVVNRFJZYm5SdU5HSnFXamRuUW1vd01IWlhNV1YyTTBWaFFWcFVUVEEzWlRSc1kySXhVRVJWYWk5dFlubzRTak5WUVVGMmVqaHFjSEIwWW5GV0lsMHNJbUZzWnlJNklsSlRNalUySWl3aWRIbHdJam9pU2xkVUluMC5leUp6WlhKcFlXeE9ieUk2SWpNME5UWTNPRGt3TVRJaUxDSnRZV3RsSWpvaVRVOVRTVkFpTENKdGIyUmxiQ0k2SWtsU1NWTXdNU0lzSW5SNWNHVWlPaUpKY21seklpd2laR1YyYVdObFUzVmlWSGx3WlNJNklrUnZkV0pzWlNJc0ltUmxkbWxqWlZCeWIzWnBaR1Z5U1dRaU9pSk5UMU5KVUM1UVVrOVlXUzVUUWtraUxDSmtaWFpwWTJWUWNtOTJhV1JsY2lJNklrMVBVMGxRSWl3aVpHRjBaVlJwYldVaU9pSXlNREl5TFRBeExUQTVWREV5T2pFek9qSTNXaUo5Lkpyd19tTEEyMFJiN2k3ZUV5ZzZZR3N1MDRVek1HazQ4TVZZUFdMU243bWo0X1Z2Q0piZVJpaU9zSzJCTmJ4WjY1OW9KcS1ibXFwbl9YdUZrbVUzQ0RJeUJycGNhZWhtb0NsbjF3Z1pCWFQwVmpSb1U0bEMyN3BMS0l3eDJ1LTJKSVE3V0F6M3RQbWVPN2JOMmllN2RmUmFpbEdhQ19VX2xNYjNPZ0c4V3RPU0dvOXZjZ0UwNERxWTdFNEdwREJzR3VFZW5CczdfQ182Vm9PWFZpdkZoVUNDTEJ3X0RiQV93OVFZU3lwczFDbHNHVld0OUpKdHRkYnJYNlp5QnhwZkpGS0taUnpwY0NaZndjc0xaQnJxZC1uUmF6c0tkNktBU3VTUW54cHBnWk4ycEczTU1ySDJ2RTUxdkxPbUF1ZzFnR1ZBQThNeEgxUGZzaklVN1dRZ282SXQzQ1UydDlIcDBBUFVwUHZicC1iXzU3VjhmV0ctVjRtRENOaVpEaWxYSkZMa1FaeEdBdDdpNGJ3RWxDWXVyZzd3RnlKcEFTaTZrZU5OVXBoc1RHR1QtNFVydlFYcmhSMnpmcFBsVjc3LW1lUi1XSG82dlRka0lEbXpIaXBvWjJnY1pEVWRlbHdIZjZEVW1xbE9QZmw2Xy1KSFQyVkh0Y1ZSdXM0Wk9JbGppTWQyRkh2bmtfZXFmYk1UclZxN0hfU1d4elVOcWYwWUJKbm1PMDBRdjhoOFJfM2drVlIwSlNFT0l3SDVOb1IxTG1UemJ2c1BHSFdka0gwVEp2UDRTenhMUDA5YUxjNUk2M1lCcUhjTGEwV0s1aGp3N2ZteEg4Ujk3SlhoUlZySGlIeENrVThFMDZ5VkZSYV8zR2tCYUpxbE1vaTB1WDBwdnN0dzI0b3dULWNZIiwiZGV2aWNlQ29kZSI6ImI2OTJiNTk1LTM1MjMtaXJpcy05OWZjLWJkNzZlMzVmMTkwZiIsImRldmljZVNlcnZpY2VWZXJzaW9uIjoiMC45LjUiLCJiaW9UeXBlIjoiSXJpcyIsImJpb1N1YlR5cGUiOiJMZWZ0IiwicHVycG9zZSI6IlJlZ2lzdHJhdGlvbiIsImVudiI6IlN0YWdpbmciLCJiaW9WYWx1ZSI6IiZsdDtiaW9WYWx1ZSZndDsiLCJ0cmFuc2FjdGlvbklkIjoiYjA3Y2Y2NmYtODUzNy00N2EyLWJjMzItZmY4NjM1NzVkZGQ2IiwidGltZXN0YW1wIjoiMjAyMi0wMS0wOVQxMjoxMzoyN1oiLCJyZXF1ZXN0ZWRTY29yZSI6IjYwIiwicXVhbGl0eVNjb3JlIjoiOTQifTwvZW50cnk-CiAgICAgICAgICAgIDxlbnRyeSBrZXk9IlNES19TQ09SRSI-MC4wPC9lbnRyeT4KICAgICAgICA8L290aGVycz4KICAgIDwvQklSPgogICAgPEJJUj4KICAgICAgICA8VmVyc2lvbj4KICAgICAgICAgICAgPE1ham9yPjE8L01ham9yPgogICAgICAgICAgICA8TWlub3I-MTwvTWlub3I-CiAgICAgICAgPC9WZXJzaW9uPgogICAgICAgIDxDQkVGRlZlcnNpb24-CiAgICAgICAgICAgIDxNYWpvcj4xPC9NYWpvcj4KICAgICAgICAgICAgPE1pbm9yPjE8L01pbm9yPgogICAgICAgIDwvQ0JFRkZWZXJzaW9uPgogICAgICAgIDxCSVJJbmZvPgogICAgICAgICAgICA8SW50ZWdyaXR5PmZhbHNlPC9JbnRlZ3JpdHk-CiAgICAgICAgPC9CSVJJbmZvPgogICAgICAgIDxCREJJbmZvPgogICAgICAgICAgICA8SW5kZXg-MzBkYTU5MDYtN2MzMS00NzJkLTk0N2MtNGRiOGIxODEwOWFmPC9JbmRleD4KICAgICAgICAgICAgPEZvcm1hdD4KICAgICAgICAgICAgICAgIDxPcmdhbml6YXRpb24-TW9zaXA8L09yZ2FuaXphdGlvbj4KICAgICAgICAgICAgICAgIDxUeXBlPjc8L1R5cGU-CiAgICAgICAgICAgIDwvRm9ybWF0PgogICAgICAgICAgICA8Q3JlYXRpb25EYXRlPjIwMjItMDEtMDlUMTI6MTM6NDYuMDkyNDE5WjwvQ3JlYXRpb25EYXRlPgogICAgICAgICAgICA8VHlwZT5GaW5nZXI8L1R5cGU-CiAgICAgICAgICAgIDxTdWJ0eXBlPkxlZnQgVGh1bWI8L1N1YnR5cGU-CiAgICAgICAgICAgIDxMZXZlbD5SYXc8L0xldmVsPgogICAgICAgICAgICA8UHVycG9zZT5FbnJvbGw8L1B1cnBvc2U-CiAgICAgICAgICAgIDxRdWFsaXR5PgogICAgICAgICAgICAgICAgPEFsZ29yaXRobT4KICAgICAgICAgICAgICAgICAgICA8T3JnYW5pemF0aW9uPkhNQUM8L09yZ2FuaXphdGlvbj4KICAgICAgICAgICAgICAgICAgICA8VHlwZT5TSEEtMjU2PC9UeXBlPgogICAgICAgICAgICAgICAgPC9BbGdvcml0aG0-CiAgICAgICAgICAgICAgICA8U2NvcmU-OTQ8L1Njb3JlPgogICAgICAgICAgICA8L1F1YWxpdHk-CiAgICAgICAgPC9CREJJbmZvPgogICAgICAgIDxCREI-UmtsU0FEQXlNQUFBQUZ0TkFBRUJBUUFBV3owSDVBb0pFQ3N5QWVzQUFBQUFBQUZBQUVBQUR3SUFRQUlBUUFJR0FBRUI5QUgwQWZRQjlBZ0ZIUUY2QW1nQUFGck1BQUFBREdwUUlDQU5Db2NLQUFBQUZHWjBlWEJxY0RJZ0FBQUFBR3B3TWlBQUFBQkhhbkF5YUFBQUFCWnBhR1J5QUFBQ2FBQUFBWG9BQVFjSEFBQUFBQUFQWTI5c2NnRUFBQUFBQUJFQUFBQWFjbVZ6SUFBQUFCSnlaWE5qbWNvQUFabktBQUVBQUFBQUFBQnFjREpqLzAvL1VRQXBBQUFBQUFGNkFBQUNhQUFBQUFBQUFBQUFBQUFCZWdBQUFtZ0FBQUFBQUFBQUFBQUJCd0VCLzJRQUl3QUJRM0psWVhSdmNqb2dTbUZ6VUdWeUlGWmxjbk5wYjI0Z01TNDVNREF1TWY5a0FCQUFBVVZ1WTBsRU9rZFNRbFF3TWY5U0FBd0FBZ0FKQUFVRUJBQUEvMXdBSTBKdkVHN29idWh1dUdiOFp2eG00RjlNWDB4ZllrZ0RTQU5JUlUvU1Q5SlBZUCtRQUFvQUFBQUFXY1FBQWYrVHo1YTZGQUFkZDhUZUw1NWYybVJiQllza1laOUpxMU9FeEJLMlozcFJzUm9HQUJVRTVlbzBlKysyVzExQXJpQWphdGFhZmphU0srbitBNFdEZzJnVU9reW1iMFFnQjdhdm1GWVZxYnhzRytKVHh6TmVJQkZlSGN4cDJ5SGhIUWlkZ05WQXY4aVhRRnZWTHBOSC9hL1JuUmNYTm5raWY1bWNnT0VnQnhZSGVyUHEzSEdzelFEcHZsV2t0clZHOE45RlB4MU9abHBiZnNiUkl0VzJTZGRHSElEeENONGlpdzgxNGp4QWVKdytZQUZGVWw2TXF6RTJOVkhBdmZEYzRWQUZGcUZZd1lERHpBQ1FHcDlwRXA1clc5MkxTemx0OXM4NmU3MjM5SU1TbmlxZ3pRQ1RKSzhJY0xuWStrOHlxamM3NU9hQXhudFpiTjRBRlA3dWp4Vk8rUm50cVhBTll5MjZCWkF0QURxRGRET2swLzcyeHJla1g1cU8vaER6UTh2OE9DMnJXMmtQMXl6QzhKaHBnNmw2N01oREttR0xlYkwySWx2YzFKbUlEamI4WTFCWFN0U2gwQWxYb2VudTB6dVdZUFJNUzNnT3dEQ283aVNRWjFKaFdWU3duM2o2K2RFZGtQVjZvbzhPMkhPL0ZIVENNTzRIamdTRXBBbGNnTXhXWmdER3hKclZMckM0VFloTlhRdlpSOHBYZzlKZGV4ZmF2RkVVMGxjVC9QVTJWNy9rbnZ0eGMyVFNvUXZ5T2xJdWl2Z1NqcTBka0JTVER6RjdiaGs1RVMrSWZ4MVJHTGZJU1kwYXhrVkRnQjhrUHA0WnR6OHlWdXI1K2lJbStpU000SlVTbXUrZ3g1QXlHR2hFNGppR0tyV296cjlieVhhVytYQzR5dk1VNjd6V0htcWRBVE1YbGo1SWsvbE9oejhsWU5zQkVNQXRGdko3TFpsck9rbkM1TE5xV2RIQlE0Q0F3bmgyd2gxd3RqU1BrQUVxRmR0akFYVXZDQmRGRUt5dGpaZmxBT0MwVDg1R3hUQ0ZkanZFSEVObC9FTnAxenZkVTdDM2puYVpBNTdnZG51dG5xamxYNFdwc2gyRUdyQTk2QXpGZXpWNlkwRXJKaTg4WlZVVGlVdnl5S01XNE1xMkRkUDFjSnNGQm50TzRMd05zZXZRUHVTYmoyanpYZWJienNoeENaem9zNlBTaEpPRkYraTE0czNud0piL0I4aFI2VWRhV1M4LzNQd050NkJ1WkMwWXdMMkQ4cXVxd0JpOEpBdVAzMEhTNVNKdkpQOWdXeENLN1dHREU4UlRaNjFCQ3U4VmU2Mzk2Wk80SFdkU3h2WVR0K2c3aGdTUmFUYnQ2bGcrWVZzU2pqWHdvRUVKWFRZQ1FFQzJzVFFRN0tNU2RZQzVweWgyYnc2bHI0UkJpYUJyYnh4Rm1nckdrWjR5YUpwbldVSHJ4Sml0RldjQlhlQS85VkkvbUxibUQ4UjU4TjJCL0M1WEpZSFU0cC9RajUySGpwTmlRVWFZMUhuVVpYVnREd0pKTitWL2FLejNYem5oM0x4TVZBS1hUcWI4NWlOdFBvMHh6R3NNTVhSNW8yZExwSVkvL3A3UXoxWHJTZ2tBYXUwS2xNdnh3YjZac0ZRbzVuQ3Z6MlM3SVBGSi92VXVVS3pLVFVxQ29aQTJaZE9NaXRJVngyblVEUWw1cUJodWdncS90a21kT1YwVmVZMVdnNERWcXNGWUFLdlp1cTRnc2p3ckNCVkFlTFZMZUFyT2Z2a1E5bHRXL2svMi91MlFlaGd5a3pTbExqR1hLazNvVTc0eFd3Yjk0S2c5NGpHUTBmOG5EWDRHa29zVkZnYy9PQnlOY0pHeXBxOWM4TlQxamw5cHFObHhnMWUvWjJkZUxHb0VzOTg3M1pEWk92MEoxdEdDcTI0VUYyMXd4ZDVrOXAzanZOcUk0WStSMXgxa3ArWnFxc3o5c2l3T1BnS0pmU24zNWZTaS9tbllON3E3WkJUL0xWTzB5WU5TM290OTNpQnVMUnhPUkp6UWRGaXFjVGxWWW4rRlRteFVLdjZlaHhIa0dEU25YK2VBbkoxT3RpajVmQ2hhNHV6TS96TW5WV3dKRVNHQWtXWWNDV3E4Zk5LeE5mNHkvTXNjM1Z1OWVVNU9KdHMydjI0a29nNDdXNHUxS3V1L3JCcis4RzZxTjJnZDNwUkg3VXJqLzNLeXVZY0FKWU52L0h3OVRPdVZiZUVVTzRRQWlNdjdpdU0xSnYrR1FpM2tnenJsUHR3VUdSc3pBa3h6YUxZOVZMamJqb09vU21uY3QyL0J6ZHM2SmQyOG9wbnB6YytnWGZvVk9DOGhQdlJSc1RYNlI2TzZ0bFBNanZRMDRsVWpMSWN2Nkh4UjJYUjNIU0pjQlBCTWZkQTgvQzdKK0lFaGdOSmQxaGRsd0s0N3k4UFdQQlVKNHpya0NvTVVQOGxoSmJJeW9NNS9MZ0srWnpJMTF4ZzFoL3ZaS1pxMU95eWwrMFArTmEyT0d0eVJ6T1g5WVBJcFJGVmVWMzhlS0V6RkRXTHFkcDFlZ2VpdEtyclJTYkpRL1VsakpMUVRpRVF0dHBadmhhcWx5d2xrdVp2ejVIYWVHSzJNWHdGRlJXdzNRazlDNTdNNWY3eEdmSWYwM3dKdlovV09EWDlEMm9rTzNtTGxjb2x1VHB1dkZyUHA1dDZyaHNwdDRka0t3NTJTZlFpZFgxMzdNUnVsTEVWSmlXdW5lcTJNS1Z2UVpZdHBqOWI5cnNqbkRzNWY2NXRQMmdqWnd3alNJdU82QXg1NkZZN2RBT0U5dEJHcnNlWjNQR3FDUS9EZE0ybGhQRjJQWUVpWkpBNllUQ0Zrb3E4cjQ4VkxIaTg1KzlIWGxqbno2ZU4zbGxoRjRCbW4zOHJFR1pnOGpSaXZPeFNFSUV5c3phQ2JxTGFUVWVqWkE1ZmRzUFdWWCt4QmxhaDhwcGFDRS9haDZSZU5vV2NKRHBuM2k2dGtJTXVnaDFiRmF4ZEF3ZVdCTHlic00rWGVGYVMzNXNPQVp1aHp3eGhKUi9nb3d6MGlMZ2xORkYxaWVWaXdNZ2Ntc3VIbmhnaFd4R0NKSmMvWTV5V0tFN1RKWndzS2taK2NGZ3hKK0VvTC96SHdvSzN0WkkycHFTOCt4cGMvQTBoTGJJZk5JaGw3MlJUZ243MkRMTDlZVERjZjZJcmZlUVBlRXFuR0dXVDRwQzFWdHh4NVhxQTN2Y200eXZGNzRIQUJXbFg0cnVmVDNSU0ZXZ0VWYVcwUmN5NjFvY3l3WTZvQkVsSmRnWUZZcU1SVUk5VlhhL1F4cUpsOFZzbTRRaFgzUHFWY0tkQXZsYUh2QmI1OE5LTDNzYTNEMWY5b2tySnBEcjIzRnk0S05GQytxUDk1bno5dGc3UnBxeW5VQm11YktETmlpNTh5eG9hMlpPakxJaEV3dit5dGhkWG5Md1ZnNlZ5UU9kb25ZWTRxa2U1dVo2YnNLNkp3SmxESis1TGUyOXhwa0ZRUDlDRHdtbTgvc2EyajZnaVdqRWlmTHQ5UXlIalN5bHkzc3NHb29WdVo3bzZwdWFaZ3M2V2tUaDYvSUl6Q3BuMzlIcDZzTnBQYlZ3QnlxWHg4dm8vTDVNQlpoTktkZWVlMnh6RlhXbzhHenQ2STBYaWtRSEFZUjdwRXdhMzlQbWM1RmxCcWlldC91a1l4cnlhNGMvOWIybDdEU3ZoTTAzT3JnYmcvRVMycEFXa055WE15ZTVVSy9qNTViVGl1RVlEVmQvTXp4dFlRQ2VmZndmU2I4TWlNZjhwNzhaeXRZVTg1T25MZ1RvbFQ5Uk5sRjc4bDBYcmZ1VXNwMFNQK3VJWHpOMUl1bVk1ZXpodU1iMllITWZFQitrK1VHQTN2NmdyZ05sNzR3VzZaNHpnaCtQRldaSlNEdG1UeUxCaXFrQkp1VkhmcEliZ090L0YzL3o4YW13ejRQck9WVDVKS2VsbG8wUFFyQWJPTWJ0bzhxcFdnM1JMd0VFY01nL01QK2N1VnM0NkwyTjJaSHZoUWRkb0dJWmw4QlRKb2FIR2NVUUNNR0VsYStFZENSMDFZZzFSVU5tdE5aa3FtNENhUnM4NzNlcXlKdDZBSHEyNzd0TUt4VDZqWnc5WGh4aklNVjU1L1VZbGV6a1hyT3hzcGJCek5SR2xBTjdxMUt4T25pZGRBUUplQ3hTVWJCSXFkSDVuVCtqOWVWYmdPRC83cWxldWw4bXRQNnEyTmZWRWJVUHIyWXFHVXpjZGFSeEkrb1J4Mjk3RUdlVWZFWE1zVEdPZ2lldE1QS3Q2dzI4Z1ZPYWdDN1g1TmcyOGxaeFBEc29yL1YweFh5ZzFvcmpISHdsVmdZVDFPUmdDd040WVdJcndlelFoYlduUG1kS3BBSXl1RE5HcnZLUTZQVEtTVEhvN3RSQXRiRUF6ZHRoeHYvZ2ZSMmh2bjNtMkVSMjRzMlJ1Yy9Ib1k0YTRhbENoWHdBMU5zbXJQVkRPdldaa09PUVlVeVg2aTIrbmxSblE1UDZVeUd6bnV3bkpSRk5wcnRza3lwVHR5ZisxZ2dLcG1YbkFtU0ZsbEtEM1lIUDJPSG9QL1MyYmR6MkZvS2lqQ3U5QldCU3ZGbUhLaXpyQU1HeUxQU3dlaGxMN3BXbktkT1hma0NiTDllL3BRd3VsMEg4WlRGelR5OGlhTzNDQU1jWEk2NnZxbWhZMUpuZXZxRldSWU02Slp3Sm5uQWkrcTNsY0ZpTE50Sk5PZTUydEcwbSs5VlE2UXplTW4yL1lzOVpBZS9WeUNXTHVxYU9CdGhicUdsQytaMVA5TGVDbnI0T3pscTlZeFdFMVFkSXJ0RE1NRHpQRk1XLzl5dXZtZUtVb3ZWcnZ0T0V5MEh0UjdtL0ZRcXV4YnZXMSsreExpbWl1TUhucnMyN0lFdnRXREFaaE5ybG9TNnZHUmVCcEVPYmJPbkUwNWZPTk9KZ2theE5aM08yQndoLzlYelB3WHJpNys2bkpPV0FtZXRad0l2TEdJUnB6S3JRWm1zL1BOQ1FrcElFcmwvbjUrYzc0MlNTQlFqdnhSY0ZienhBYWd0Sm9DUm5uamw1K3FEZEZmdGVFQjZzYWJ0YmliVHJqSVZvYzEzT2g4UU9wWU5EVlFlQzNqcWtYbDE3OGdCWmIwU2s3M3A4WkxrMjFCUjhqTG12TDhpU3BRSHViRjVLRVV3QlBvcE9zLy9XMUZ1NS8zMFh5RklVT3ljUFQzamZ0RDFOUjRKMTlLWXB4N0R5NkhTN0ZrUXFpQThwMy9BVm5zOWErTmM2YkR4MGpkcTJrRGNVQis1OEhjZzBnTEVDZWF5VFlJd3Erc1N5YVhGRWhhWWMvNys1QUgxZHpKWlErcHREUnpSeGxaK3RnbWlqenJ4UTVseXEzTU1WU0pwSVBWVzRxaUJDK1VqWmxGQWRIVkxrWUhjY2NFcDRZRTUzdWNxMC9WbHhJcE50SHJib3crZFdETTBEZFIvM1hFVk5tSUptVWtheFllSlNxbFZ3Uk53SUNnR1lrUlhPZnBlSHFQdUJrOERTQ0VHdGVYNk1LK2VmV0ZoZUIvdEVIY1JnMy9icUdUTUN4dlRzYm8wZ05xZFdiTHdPY2RJakRoa0tJbjk3OHFscWxjWUxsN0ZEd1dTdGNsOXBCMEVoajZ5WXhvUGt1cnViTlFtN0hWYWtnMkt0VDkxTmVWU0pnZVdvR3lzakZteVd1YVdnSkpmMVRIdnVMNERQY25OTXdWMTcxKzRmb0c5Qis4QmpBN3lhNkRLMnlHUXl3RnhUTnNqL29vaGZJR1pXKzVCcU1jcG11Sm5ZQkxmNGtkV05tbkZuSHFqTFI5anVKc1RaTTYvRnF3NXdLdTQ1QkpObnJia0FRRUhDSUx4MnVtQWJaSHRiOWZaUnFKenQ1b3RRV1BXaE5SQUNneVJZZzV6SFo5a2VPWkVyWUJyM2svVzA3OXg4UE5Ba3QrNEdrRWJhSUxaN1JBdFZMM0ZXc0l3NW94bU8xdzlQbmdaVytCYy90K2VtaHF6TGFPK1FKWG92NEhHZ0hFL2VtaExBMjlsMGhOL3l3cmRNNEZZTU5CUEszUXBoeUZoMWthV3FJbHN2UUtWaklqbXBxNkZ1TEUxTG5OaEIxSDdrMW44WjQ4UXRTOGhBL08rTW82Ym1YNkRZQzBsbGhvQWI0THEzdnlqSkZBdlBHbktVNk53YWEybXovTFJIU3poZllQNFYxeW9SU0RSak45eWlvSks1SmhXNUhzNEhQM0JzN2ljSlZJYWR0bmFsT3NZK2pvdndQNWh0b0V4d0tESW1EV3dwWTZvMVpJTnhHRUVmSkovemJDTVdQczNrODd1d0lDS2J3ZXVQam1EUHMwWC9kaUVVTzgzVzVMQmR5cStiYUVYcFdaUzBqT25NZm1heVMzMnRmdHpqTFVTaFFqZ2lUOHpwTzkrMGhRYVVlSmJYRkNRZHhYb0x1MXNqTjFmVzdEUHI1ZUJiY3lTaWx0ZVJ5L0U0V0xRQ2NObmsxYThpMzdvRGZZSHEvc1Fhbm9ZV0hFNHNPNG9sdUhvcTVXNzVPYmh2R0tBdUhiUEN1LzR5VXd4WHZTVEZsY29WYjhXM2w1U3c5VjE5alpnY2ZCNngwaURsNmJMY3Z5bXdLMzJVVnVObUhIWVBJTFEwOFA3L3Z0b0c2MHArNDErdTVwcWI4WlA2dEVmcFB4NDdpL3llUlZJdGRnb04wTUw3SFBXUXJmOUY3ZDJDS1NzWnlqZGxMa2FCQzY3N2pDWUVZWFR6TG9tdFBIckdjamx2b09UYUhmZ25iVWFYR1k3ZTFZRVRMT1Q2b1lGN1l6VzNQdzhNRmdrQVllVWlHTE5SZ3pMMXdjVGVWQ3U4QjFMY1hzQXdKT3loRGk4M3ZMZnJYYzRLVGdDdFZjdWt4RCtnczB3dTdhUFpEeWc0MUZRZmZRN1lycWpkeWZKY3czTnc2ZEtQWFBiUXZ6bDJVWFJ6a3AzTmpVMFd0bUp0eW9RWnNndHFOaHhGVHNRYWR2b0N6WUFNdklIaUFBeEJzOEVvc1o3OGdIOSs1OFhCMU5Ob1paMWZ6TklSUXFuQnFUUi9mSEV4S1ByREloVzFrSTlFMUhhcVV5Q0tBRXR2Q3Rubm1YeVFsY3IzY0xVaUVBaEpoUlRoU2JXWTFFUXp4dHBiSE9Pd3ZaQmhGUnptRG5jakxsb2N3MnNTL1A5UDR5Ymw0ekh6Z29SZDNHTEFzUzRYWUp4MjR1SldBeDdzS2V6TEFqc2t6eWZ4MlYzNVRpQWdIZk5paEF0TGZ5Qkp3SEJsL1lTRmM1SjZhNWk1Q0E5R3hyd2U3S3k1OHV4OTFQc1BCL05LcFdvOHVLT05ETnRTYWpHWCt3QkFYTGtwSU5RdUIyVjNvRW5GNkd1ektyNUE2NXE5Qk1KOGthYUNJZkI3UzFmZFJWL0g3cFVQYlB1VzVDcWpzYUNUeDZGK0Jxa3ErNTg4T0pYb2VXTGZZY3lOdXZvdTBBRUFhZFVvVHU0bVdFbEg4SWZEUkxIYlRRREwra0xFekI4UUUxNXdaMFc5M3daSlZhUTdqSmtZdHZBWlQ5QmZhTWhOSThVdGhKR1pxeDA4V0g3OGM4a1hQWW4zMDJtTWtnNkdXZ05FVmd5VmdxV0x1UjUyRnVuMWlPRXZvSTNMdStlUk0veDNpVVFYSms5UHl1MGhTTmExTDhqVi9lU1djY1RnZXE1RVEzSHBQOWRIM1h6djJ2ZUs0UWdIdldhaFY1R2JRckZrTWlOZHl4QlRoRGJNQUVmY3g3QWZtMkxuejFWZUxKVjE1M1ZXd29TL25TQXQ0ZERBNy9OZlQvUE5ObHY0TDhnclU3SDRHbUFwYUgwZ3BkU280NWFuSjJkYjJiSTVMRVZiKzFYenpqbHZMUG83d1MrdlNQekV6TWx3VllySUcrdmNlb2JETzNGczdHOGIrRTE1WUtvVmpmdTFvM3MwUlNDT3BRNVF5anVKRjRXMmVpSFZJTHo1Z2dGL3pvTXo2Smp1YllDbk9UTS96UXlPK0o4VThXVUNtWjhQYURzTFJtL3M1ZWhPMUp4bmVTNFo2VHBGVC9YV0E0eDVtWk00U3ZYWGliK0ozSGpVUGI3KzVsV2ZUUFhDY3hzOC9YY3ZJdkdhUzFlQlU4eXVXWUJKMXRlRVpVeXowN0JUczhPaktYazk5bGtnN1BMc2M1aVVmRHgwYXUzVDdPc0NzQzNSTy9YL28wMmQvMkE5V05ScDduVXBjM29Jdy9tamdKVTd0WXkvRS9ubmZKYmpLY3dic3NEZkhDc0VUTW5Xa3JkMkJ3UmVVNnVRM3dYWkdoUHMxT0Fvc0Jnc2svUmxpQkJ5UkNDMFVMcFpVL3N2NjV4NjRoeUsrVlYvcTY4REJxRk16NVZGVGhpTjZXQUhTTk81QjJFTWJnNWc3SXUyZUNwZlY2cUdrbGFzNFZVa3lOZHZBRC9URU9SbmdNUVVabStiUk9rWjMvV2xFQzdaVHlnaUNId0VudUhiUnJmMC8rRmZUVFFnSDJodXcwNjNoTkdOMTdTMjY5QW9xb2dnemNoZHB4R3Z1ZzMvd0pQV0R1Wnk3K29sUW5RMzZIMzJPRE44VjdOSUhNamttbVdIY3VlOS9hcndTQkdtdHY0QlVoT3JNeVlqeTZPSjB4bGZPaVZkWDcrS01DMy9GTzliR25VTGNvS01ReEJSNnlnWDg4QmJSOHFKckEyYVFCcDVaTFErcy9FR0xOUzl0WjZCZ2J4c0ZmRE1LOThDSXFQaXNTelVRY2FDc1R6RmErbVU4UmE3a29SdndGNjZQOGVtL2RnaE5XUTY4cDFERlVOOVBLS1ppLzRSMjdWYnRQWUZLMHFFb1Y1bmRoMVI1dTIrYUI5blFsK0lmMTlZWE5kNTVacnArY2Y5cTN1WTkzVHBNQXlxTGV6RW5rMTFHbTlEckl1bDBITmxYaDI4QXZVV0NQc3lRcHhQd1BuckZYT3hhQmc4UmVjOTJwb2tHRVg0YjA0T0x2ZUl3c1FQTXAvd2xSTStmeUo4bGE3ckRIT0VyZklETDFQU09RMm9pYTkxZzRlRXRXd3RIL1loWEgzQnhqcUNLSXRZYjBCMm1ISXNFT0hKd1RoNktNL1JYQzUwNUJqSklBL0ZDYzFuY09kUVBwRlVFUEM3aStpa2FGa0NTem14WjltWWN3Tjgyby9YZjFXQXNabUtOQy9XcFVwRU4xQUM4S0tzbVlPOWsveTZLdjROM1FtaVJZWGpYT1d4T0cxY1Z6aDk0QUdXZGs1RzdIZmtrQW1ERXQ4a3JPSnhNN2p2eTQvNG9BUFM5bTdDYW1aNy82VkNUbEpKMTg0ZTkxMGFiOHMxalhmUldrVjkxY2tJUTk0SWhxdkZZSklRamhReGtUcU5kcndIVFdYTk9WNm9YdXFSMEJqaUZab2U3bFNTbGZTeVVMdTNhVkMwbVVrbTZJNHBEajA5WVJjeWtadUFUY0RhTTcrYm5TSnZ4Q3g3YzF0b0NlNmpoeUFyN2lodWdPRnlHLzNqZ2RDQmRaRE1XZmM1TXkyczhVbjAvRklMcWZFTU5xeVE2WXRmZkc5VEN2VW0rQmpzalNFWDY4b3NEdTlIZ0hmbUZGTVQ0RE1lVEFyallXR0pFMVUweUV1L28rVHVzMlhMZTBGSUNBdWQ2YUFLTWRWU1B4OWhwL3NsUnpPNmloaTNrSkFOTklpbW5vbWx2dnhhRHhZZ2pPYVljVnJaMmhjUW9JRjFGS0Y1RTdUSlNXWXFVREl0eDlvd1llZndydVRWNWxWbHFoR21XNDdsS080ZVNsc1Z1MHZuYVFLSUw3NXd2V0lQM2NlMVlhamsrc0txN09tVnU5eGxvU21WaTdJbHpqakpOcWlvQ1BlR1RIMEhkdE0xMXVtcDVOR1h4UldVRG56RHJQTXk2RmFQYWZ3QS8zcG1ibGZYeG5EQU8vbEtzWXFwKy92QzNwRTl6RFVwTXBGcDNWR0FJTWxBcnBsVUpKQWlUdExKN0xQcVR2VVRDQ3R4NWh4L3V1blNZOXpnZEZrOWk3dC9MY29oTmJtU2hlZkh1TXRqa0ZqMlVCNWxERStrelNKcXhCT3RPRGFSelltVDB2dUp6dTE4M1RDdklINWozaXA3R24yUlpLVUVpNHlQR3RxTFBid01GRHo5U1d1VWVodkU0T0xMZkxPT1BVeXRWbVZ4Qnl3a2tCNjR4dm9ZVFlBRTZuOCsrbkh2VURsQUR4Y2VXTDQ0a3lUNGFUZzNPdXg5TlFRek5POWpFeWhnRTZHUjB5dVUrSFF1Y3h0K3lHKzNUS294QXpmVjNYMXhjV0tTeWJTdGtZb09PcXJUV3d5cGdoRzVtc0kyanpWUzBvVkJicEY3OE1JeEQ0dXFIZkVTLytvOEdOb1JoSW8rL0hrTkJXUGZmTkhSNkhKQ2hoYXhUeUdHVDZUaUdZaFYvdndPWFNhbXNUcHRVeHp3a3pUcUxEaWo1YXJOWlFUZURkV1JaMkp3SkoxRmJ4MXNEM25UMVloZGZ6djBFQzZqOUpDUFhUMWk5SGEzazZSK0x1clVIZ2hKejk0cmpPU0VaRm5GbVpoQjIzRVlyZFVUdzczaEN3TU5CTkxLa2UwMXVvd3dSVVZHcFJOY3ZpanNlTS9UTEZjY1pmVU1YdEZxNTB1L3Bza2IydGpIMFkyR2F3SUxzNUgxY2hMWXBCMGRZNXFEU0tmRHJRdjlzUVVWemFBR0VvZXdjUXZhbGpMSVJ6VWdLQnJrb2MvdFl3MEh3SWU1VW1uejJscVc1QUxUdmxGOFRUWGsrVCtLUUh4RDB1MGZ1aDladVdCS05ObjlXTW1SY090R0p6czJMR0U2bDZIeUkrWWhBeFlCeElwS1BWU2p6UDE4azlkb1V2TEJBc2Q5TlhpN3U2MmxkSVBtSU5MNFpOV3ZvN1hiU0JrcUxZZjhxUllwZVlHRTVuTnFzQTMySGJsdG4vRWlYSVI3WVMrYjZ4aEYxSzVaMVg2R1d3OWRPbEcxZ25LemttaXlwUmQxbkRVeDl3TWF6bWlSQ20rVDNzUlg2RXpJbWZiT1NoeFZlam9GL2NTSnFqWVV5WUxwNzBYdXRwK3ltM2o3cEg3b0RSM1NBNm1KT1NlTWJOVENUU2JHQmFjZWdDdFJOYzhuVW0raXl3dXQrQ3lLbnhCOERLTzB6b0dUQmIwWDd1cXNuQ2Y0ZHpucXJDeWNVNnVhc3NrdmR3eHVEU1Z6Rys2MzM2ZWk4dVFYUTQyWFF4ZExWTEg1TnRyOVR1Q3BGU0dqMHFXdEhwVVVWVm5lM3BBRXByd2ZBZW83d3RBN0hGVHFLQWR5b3ZIcmJubGtQenhHZ05zSFppam9QMkYxYTlPNXhYajBMQjdWeXFUNlpLUnptRUtWVVBWRC9rZHVTenFVUk9kbnJ4bXFMU2IvYmFqeHZXWWhuSGUzTjdlVFA4cTgrQnNVRVpVRGZUNVBndFV2QkxwRERxeUtpNllwYmkzMmtOTG5zZ0U2ZFdubW9UQUViTTMrZjRqRG16bFdHa0pJU0FzcHdGeC9aY1RyMmF0UzNqSnJ2VUIycHBMRzQ4OVZtQjMyVEpSaEcrLzNYcUxQbUZ1LzF4Y1FvbjFWQVpGdHhjUTJUVkNZVVpJV0pFbGpseHZYemlmVkEzanlzcWovQy9mYXMySnRsamx5WFVZTk5uMVpuS2dTT2ZOMHdVbEkreW13eXNhMmJ4alR6bjVNRTVqUldxNE5sTEZjK0lqM1NaYUk4djA1eS9acWZNV0pZcldYZ0NVY3M1UElzM3p1a3Y5by9zVVZ4YkxuYzZLcW80eWZNQ2o3a2JWcWpUMWJkR3BVcW5GNGpKZTExcFJSaFhIb1NHa2luaEFxeG9RQ0p1WFlkclROSU1KOGgyMnE4SWNJUHRGL0k2NXVWVSs5VUJFb25sK21PNk9JajZHTjk5OG14TGlXWUhpSHFBZGVXUmd2OXlFb2MxZFFScEE2b050UEprNHlQZkY0dUd1c09uck5vUXJHRk42cTdSeXl2S1c0U1FOVHE2eExxcEt1emZrd1ZyVitmeTlvQVh3Q2Fsa1hWSENyZ3NhRjFiSTkvT01ydzhEM1dLSTVpRmlOYzhUY2NYWG02RjZqUXJuc3NvYnMxbUU4YjJmUnlGOGdRL1RiVWd5M3c4VTk0T0tocW50ZEZXRk1LTTRuMW5FZHZMeXVaNzFvS0VsNUtDd2dTL1NwU1c1d3krQzJBb1RLNGVNck5sWjlyV0VIY3NFa2pRd3VQR0NlVnN3MUY2RFRVdjhET01pN1lXUzgxYU14RHg3bG1WTStKb1NNbkFqSlE1RzhLSU5Ga2VGQXRHM0l6clRhcTBRbmZacUd1L2R6UWV0eFRpTXJ5NldndUR1N0RaNm0ya3kyUUZjNFZ3SWFxNHZtWkVjWFRUNlNtVUFoMmVZUHNDdlorWVE0TUtCUWJiS0tQZ3pTTk11Y1g0R3Y2Skw1Q3dxOHRlRXV2UzJyb3YvdHVub1oxVzBlNkM0bEFrSU1SZ2tMOHk4bmJGS1hCMFB2REJEUll1RjAzYVpXajlVZFp0dXZWZlYvbDcxcjFiZWRsbVFMVlBROGVCK2JhUVpqZW9OcjAxUHFoaHY3SU43Zll2c2VvZDA4MForQ0piOU9YbE5iZ2lMdHdzZlE3RlFqSkVwc1cyVW9oTWRveWMwbnk3UDJBK1VBUVZRZVBmeTFUVzBpYnBKbHNvekNtMVRwcTFGWDM4UFRDZHAzRHlQUHFxd2w3VWE0Sm52MUk2TUFvTHVCV3RtRjdJM2VCYUpJZ0VjN3RVMllnMjhCQ2tYdDNLeTNPZytTenJVcDkvcXVXbzNKTUc0SnFKNXdtUHFRUkIvQy84a3JnNWpRRUJub1QzVE13NWI1ZDJZVHlTL3I3VlFHUzJrOXpBMjdnaDVkcmUrV0ZienlOZFgzTmUrbnpQN0s0TGlEcklLVENRakMvRzhqRWxaRWtLN01aelB6cWk2ZWc4ektYVEpLZ3FDQXFlamFxNTNMRExrcVZlNHpNaWwvSlhXNzZFSS9XYUcraFVxZ3l2NHNrV0tJQ0E5UjBwRzViUDNuODU2VnBGNm82R1NBWVE0R0lCeDBodHZXOHluRFYyOGdBZ0dSOTVMd1hwN29yZGxmbmpCV3R2VFAwSzB0bFU4OVc2UjgxS2NhcFI3UXN1MTBzZFhzVTZaK0x6Q2NlRGhrV1JlelI3VEdFMXZqMjNxNXA2NWdsa0o5bDNESkdMSTByTVNidyt0VWdnRExwV3JzQ0Vrdm1BbnAxWUdPdFZkTWxIU0JzT3ArNXZSdjlnamRIZ1c0RVhEZEs1TFBaSTk0MHd2dHd5T1VTRVlSditHQW5LVkZEbGhtZlFPdXV3K1J5N29URjhabjF1bExZR2t6L0VQd0hzZVMrd0xPZEdTZm1ZOHNoZEVyRFJGczAzdXVuQi9Ndlk2L1ZUZ0tTT0FCMDEwdVNNdmtvVWRnRUFKTUc1dTlDMWtaeEI4a01hZ0k1UzJiOXJjNVVzbitUY2k1RXBFM1VvWkhLMSttbkFVcmNKdzFzL2VudFUveDZNbkR5ei9jTWFvSlNxbXNJdWJSYkJENTd0dTgyaHJZUkJiMDB3N2RYbXovUDc2QnJsa0tvb3BLMGdncHU1OWR0UlkvQ3VrbDgxV1pFcnFMNnF4d0tYSlVtM2R3eTQ0TjJhbzExQXpRZTVkUDN6Njh5Q2YyS0VqVmMxVlIyc0ErZ0ZpUUtPUWt6UnpMbVZBc0szMHZ6ak5sY2F1UGhHSG5JR1pRNmdpZHZvSDh4NWIrRUFhbW5FYTRxTWszbFNoblFNSjlsQTlTMWVFMUJRcXBzbFc0NnZZRUptbWZ3TlJxMUJTU1k2TXlQdThuRnlxeVl3ZkpoOVlaOUkwT1BqZEVQRC9hZ09kMTdrVUJIWkZTMnN1ZXViNXY2eXFIYzdWeS8vZWRPRzBiNldPam5ER2picTJIZ29yTThHUy9jc1o0SHFrTlpCa1JYL042T0IyK2pSRklPMmFkeDF2c3o2TzVwZ3BYbXlHdDdTSVBDSkhacVlTc3JDMVdtcW5kNUNBTDdTK29TM1hydkxhN1ROOElYbWhpQ3lYVUhmRkRtVitGTVdyUTYxM09tY2lyTEtJZ3pIQk8yMFVuZUpkbDVubHJ1bytIRFB1anV1U0ttcDVEVHAxa3ErNzlQOXVaWGp4eGhLcE4vMWZPcFNGSXdxU01QUktVdG9kTlhxUHU2YWFRQWREMnpnUDZ4ckwvOGsvbmk3b3N3eVJlSTRUbWVyQW5Fb2lGVkZLb2NHU0xPU0luVkFsQ3h0dFN0QmdINWtjdmhsQms3cEpXSjVweUdkUjZOeEdmazFKcnByMG9vaWxuVm5jSk9YejVtVjZCNGlLL1V1YVh2VkxVNCtxWC9GVFBraG5aY1drWUdGcCtSZzVtTVV6OVBTZGUvSDlZTEllOTJUc0c2TTJKUVlneUt5V3NVMW1zZlFFaEdhc3pja2FyRnRXMm43VnphYjZyUWFxZlRVRGlYTzlyeDM4WXR5REtiWGpEajVpUjgrMWNKNDVKV0x1dTZtQlpVQWwzVUF3YVU2NWZva3ZMbHBqK1RtMWxwd044WVVZMVZndkpiTzdIMFhJZDlmMEY0TytBZTFua2c3eXJZQi9PTVBsSkUzQlZpSVJUbHdLMVQ4Ym5LUWJIZ0FHRnlxOXlzdXF1SW5kNjFRclhkTTVqcFc5WUVmcUVSdGVRNnpIY0VGUlUvWmJjREhuZHVmREVZd21ZM2NIODQ4OEFxOUIvMm5kQVJIYWRKbkNBb1RrSmxCQ21sbDdBdXN2K2RuRjBzT2oxNk4zQmxoSW9VNXlKNERxL3RtT01BWG8zRzFLQ2ZxamdsS0QvZUt5OUo1Unhia0QxMGZlQ0RWNVdpNWFrNGdwOUpIMEpjWCtyRWltajg3bzN6aUVidzZxaGY2S2xKL2JGWlpnWWRxYnFuQm1iUkk4L0hKK3Qrdk1KWTNGbllCbXdvMTh0VHp1UmR5MDVOM3BDL1EwTlF4dHdQeVlHWUVVS3c5cktxREROOC9wWWNkLzM4cExoV2JYc2Z2N1huS05Ra3YwWWRjRGhWbFFmclVpdldPQjRINDNoZGNDZmo5RTc3a2hGZkx3SHVXYUZZREdpS0Y3eGd6S1BQNEZEbVN3cjVkVVJ3NDJ4YW1qekFrMHhuUWlYaTBKNVhWMXJVdG0rSlhOY01jQnMxOVRnQit4UjNuL0dxVjBrb0Q4UHRETkZGTmFWM2k3QWtQaHFmR29JN2U2bHk1a0N4bkhNM1JiUUtxWHNiUVhRcHM4TGhPZ21jQ3ZEc2xyQlNDYzJkWStVMERRRHFveUVPL3R5eDBzbVRJY3BOOVdhMzFyRVpRN2E2REJTQmxIS1RYRjRmRW5WTTFJaDZteEVsUnRhMGJTVWNybUdaWlJ5NG5LVWtZbXBmSitSZ2hjWDBsUVROQy9JSjFCMXlsS0pTMktTOFo0OFExd1F4Y1lIY0VvOU8yUFZLK0JCNU1yZW1XVFlobkJBS2hzRnNucUFjeW1GcnRkZ2Y1M0hDMUI4S3c4aTB3K0lDeHdCdnJhT25ERDF4K0FiQXloaW1JcXRpeEZEek5SSWdJcWd5Vm1NOE1hSFZuckxZQWJheHo3VDM0Zk5WeGxWQUQ2M3JnNFVHRGkwV3hiNVY3SFZtcVVGVnF5TGRtUHVyZ0VHSlE3L2laTmRnN2dERUtWOFVRSXN3b2t3a3VNQXVYQ21xZEZnN21EUllVU3V4OWFPeUYwVEhXbk1XS3hHc2MzNVBPQ2czTEtZZHBEMC9rSGVYMG9rKzZKMkptNkI3ZU0zckx1VnBCbGNmKzlORXFTVGNWdEZBRm00WjhzSEx3QzNOajIvUDFiczJKUVpiMWpNcUR0N1ZyT0llcDA4bGlldEhOM0lDeTh5SjVpWEMxZUdNMXNqV1VjUUZiSzBSZ3IveDM5N24zL0NkNlAxRDluZVFYbXltYUtwaTR4OW1jVUQwYzZMSTExTDJWMlJHeHlBQk00c3FQQTM0b0FCck1kYmxNNTNZekkveEhWODVsMmoyMEhwSlU4Qy9aYVZ1L1kxeWQyZVFNYWdRdy9DWWo2NkhoeGF6L0tGVm05Nzg3MzhxSk1iNlZvMTlzclBHVTdPT2FIdlRQOGJlemNheTFnOGlhN2YxQW5LYmFuRGgxK2xxN0N5NW1tdFFQMWN5Y0VCci9ZYnJsNjBCdzZLMVM2TEo5US9RalViUDd6OTJ3RnV3Qi9TajN2QW9wc01rUXIzWkl5WUppWkliNWdiazdrbFZvUjl1MWM2cGhYS1F2RG5MWTlucmlqVFdsdE1BNW9WRkczdWxJVkg5aHF3NWp0QnhtQ0lKNE4zMHVGeGphS0VRNHRDQkVkb1gvTnArbmFpZU44eVo3M3IzNmswbjRzQ1NmV2U2UGdPK29BNjRBYVFDQjIvRHl6Z3RCbHFxUDFwVTNmU3V1NDNCYWxmVW9GS2w0cnhlVXpLeW5td2NtQWRIeDVVaDl1T3FTWkh2aHZFT1V5cGdKREdGS29wUElHZnZRclgwZCtCdFppWUF4L3JIVWJwU1BtUVd1TCtlUE11OUZwYUZIdXlRd21aZ040Wm5VTWc1b3ozbVlRTkp1UC9vT1NMS1RqME8rdy9neEU4OWxYeXFsTW44SFl5QVowZ05vRlkwV1F3S0JLRG9QbVpHUkQvbHV5M1d2c3BoSGxJU3lWeVo3RDFYa0lEdEp1YUVPcWVjZkhwMGFWTVRvZndHb0RGY20zRnZVTlI5dVpacllBOEJ0UnFuU0NUUUJmVlJMSjJGanhGZHNyS21GRlJ1VWQvblU1TmlTczFiaW05SHNyUnhkUzBlMURNQm03L0NUMyt6NlpnWHZFOXV5ZTVCNFlmUEtBTmN5QUsxaEJjSktQSDBya1hQTDk4QUlLTHhJT2tUNEUxNW9hcnVDeE91TGcyQU9TdnF6NnNtdm9RUTNleVFYODJHTnNLNjRtSWt0eWNLRVBrSTV1aEI0SkRlb0dQRXlIL0pGOGRaRGZiWDVpVTdzeXFzOGY4RWhDbEk2azVuaG9FZlh6V29vN3UxV0pYNnhSRk94aEVsYTFiajhsMjdiVVNWQkN5bXdyVUdxcVk0b3phSWVmd3AxSkprL1MyVHpqMDBUcEY4ZDRuSUlPelVocTlRM2krMXczcFU1ZVhjb0lwOThSd05keUdzL3czMTRwa0hJNGsxK1dqb1hYaFREaFU3ZUdyS1hyaDJwbmxGYS9TdVpxWVV3U3ZEL0E4Tm1VQWp4TkxaZzI1MlBpZ0padU9wTFhTMkJsVGQ2QUV4STBINjdDZXRSRDV0Y0N4TjZpaW9HSmNYcTRmaS9FSVJ1S0hRL0IrVlhvdGpMbU1PYk5iSkZDd0c2QnBSemxvUUoyRlh5WHhrbUZqRWkzOUxCZUdiTlNzbFpIMUNVZmRjNmlsZ3FNMTdGVTZUSEZOMFJ1V0p3L2FYcFUxM3ZTaVJoSUxrUlphRE9ENVFOVFRld2xhQzBUMmo1MEM4c1dHVjdDTXBBSWE5SWtzaVpjWDd6NWlodnRZalhaNGlxOVNtVHNYelVuRXFkQkhXSnZkUG9EUkJ2eWRiMTlGM2pCOFNJOTJjNWEzd2E2SE9uYVcrUjd4ajJDZW11akZsQ0kyV3lMdWNjRWN3ZThQRTNUYnAxQ2hrcVZGSzRadGR5TjBWYjFaTEtHb1ZYNEhFazV4SzlGK1RSUFo4aWoyNGkrcEVxREpSQXpOUlY4UUxFWTFvemo4dFlPNXRROW5wcTFBVVpKdnY2K0hCL3FzZjVhdmpuS1N2Tkh2SlFOT2I1SXRtV3k4VzFYc2dBM2taTGoxZWN6L2ExZDRuNVVNTklFdGp1SitDNzVueDNxcWVvVFptcnh1V0JsMFo3SVk2Yk1nY1JiaE9RWGRMU1gvdURlQ1Bvc0I0WEFXa3BZTEJHcE1IQjVrWmlqL0NNWXJISlZtcEpOdFBsWmIrNDQ5SGdzUm1pNUxYVlZvSHo2Nnozek5NbUFyOFdmbnBIdGlsQmUxMFBDWG4xT3kvenNDZjY1YkhjSFJWdFlIN1E1ajRDd2J5VURFMy9lUXVxWkZ5bXJ6N20xT3ZoQVBTMGZOZzAwWE1GeWF5bzNLczVPS1Jxb0JrNUlIWnU3SFI5SEtCUUI1dnBuaGNPVENpYkd3Ukpnbm5hbXh4RHNlWjZSeTV0d1BsQURPcWVjaGg1bWVHWkdFenBUVlkxZkFXTHpHSElsb1lZZFZxai9SUVJhRk90RUJLNHhqaHZtOVM0MldzU3BOODR6TVdOOTRreXpXMjJ6eWsrbTdSdFBGYnlJQTljR1RXc1phbFFMRldXVGJ2ZmZmVFgyZjhLUzRFYmVVdWZ5alA2NVFwL3BEQ2NPb1FIeUJaR1JhSGxpVjZCS2NlMmR0czVlOFNxMXYxUHBEMDVxa2ZTcXdXWHFNaS80bTNOOUhmU0UrdXZ5eGVJTEJ5S0FqeDhPNXRHRXNEU0M4SUdYWGxnODE4dFJ2V0doV1V5RlBFTzVQWitIaGVzaWlmUE1WQmw0SFdYdDYyS0l1WXhiOW1vOWZkVG9CUHhhRU5xaXBUcmJNNlJwOEFSTjZ4c2NCRWJNVk5YV0VhUnBzV2wvbzFHZzllTW9HMHZ1VStsTU93Z3A1NHJPbndyM0Z3M1QveDhLZXBPSDRoRXlDbERQODJGSWpLL0tXOXZpaXQvRk9hNVRoa3ZyYnYxcHdXMXpjUU8xZk1VeVpGSGlqdjEwejExOHFWZWp3QmNRNVNzNUlMOTVCSlJDbHNwNkVOY2NrVlVGc1k4UDZLMFRYRzd5V1JrNG5TcG5qcCtwS3BGcEtzVFUxVlBLdmo1Y3NUM3JvdStrWCtIME5BZWE5MjZDU0pUMk9xYWRsMWFsZk9FYmd2a0cwWGxiaDZzVXAzNjFHOStzNnhIMWlTYjFtK1Uyd1F1NG53Z0htZXNkRGV1WDFmb0xXTTRiYjFCS1NraTYzUEgrZVVqNit5bjBrbW5xNHBpSnZRZWFFUmhGOFB2RmZhYzJNUGNzb01XYjZYY29tK05WMDE4anE0cStpMnlNS29GQzFBK0VEUUVsc1FCc3F0dWREVk5mUTQvT1BxdEcxNGNMUkZzOS9yVXRmOGJHVDdLUGtad28wZ0VJWFlOMVBIaDdLUHdJNVh0WVhPRmk4am84OWRELzNIYU9DelhFSG84ZUUwS2tIY3VMWlpnZ1Rzc1k0cXJiVkl6Y0cwNE1ndmQ1RnRWV0ZPRjhOaGcxMTFGVXdVYUhjM0hUVndYYkY0VG1YK1M2VnlzeElGaUhyM3ErQXhvcnhWS0RTaFVPWVBTcHF4Ky9Oa05ra1RVVlhlT0lNOTlOTEt0dHBGekdCNEFxeGI5N0NVMWF2em5GK0RLdXlMbUp0dnJsdWxselJzaEEzTy9HZjlOdXNNZU5sMG1CZFI2OTh1OVU1bDBqRVF1ZWYwTzRYcHJFVnIvQVBoL3N6bDI4ODZDbnEzdjI3bkNLcVFDc2FTV3NpNWg3QzBsYjVzVHdkcGg2RFFncytXS0RDdmtaeVZ1ajQrdnRPQ1V6bExmdXZ1b3J6NzZrbmRyQWZZZ0xFK0lNRjBQTklsbE9wZDFpWStKbitIVm05aWh6SDM2MVBtSURzQkdkNXJEblN2NkN6WFlTL3UxRHBVMGpJSks3M1IwTjUwa1NobSt6eTNkNWQvQU9FSWYyOGtsUjQ3Tys5S0lOeWFyK0h5RGNOdkVQZVVTT0R6R2pYWXVEVVl4aEZHcXpNN3gyY0ptUDV4eUZkSVlidTIrYjY0QmZ5ZWFaNGJOTkU5bVZNMUExQjFlYm5nSFhlRDFOdGx0WC8yOS9oblkvYWsxV2FSV0U4TDhjM1l0NWFXMzE0U0pjdFkyUm53NE85dUZrMzlQYXRKTmNTMjFNeVNpRkRIbUdNc05BOUQ1VUUrVTZXMGJUYkRJYU1XVWlzN3BOZ2Z0bk5haDJ3STcwY1EwOW9WN1J1RnQvbll6RmlaNjF5ZlFpRjkrcnBkeFZJclE0Zklhek9iQlovdTlsbHoyVmtMT2N4UmFMUVhSVXZpcVkvM3dvWGJsMFlDRkxIV1VET05Yd2dPMTJ1bjN2Vmh5Y3pCMXBseXU0U1RVYVZ2SUp1Rmc5SW4wdGd5OTdQM2UrMWNQUThVcFJVRW5sTGZSWkxHWFVTWFR5WWxydHB3Z2cwbDBqTkJGL2ZlYzZRRDVSQ1M4Q09DNXhBZG9ic2pJblU1NWIzOUNVeFdNdGdJeDRhaitCOTZXMy8rQzlENkg3UVQzbHdvN0VKSGRYSkVzNGxZMG92SXpaeE5rdDdybllRc0NvaDZ2NGFIcTRQOGF4QUwwdzdyQlB5VnZVR3E1eGpQQzBUc0JibGVDOFgxZjJUWGgxM0g0Vmp0czU2RldpZXAwd01pMzJFQzcrYmZXcWljbzZvcjg5N0c1NVpQa3lYNklMRjgvTDZZUld1VzBoeXdIVm8xTmhQZjVjYkNtTW4wcnBKWTE1aU9ianZYcnlpeWFaYnRZMXNsL3BGbHZVQVpCcU1sN2dxdlFsaFh0b0VaV1JrSFZ6YVZ1ajY0dEN4aC81ZTZycndSMEp1TFZvZWNHRGlweWFXb1VXME1OMG93MnhLV1Jka2RCZzN5VWk2UlpLcTFuaXdUSWhaNGhUSGNFc0c1VHFjSE9WZ3NLY3l0bEh6dlVXOWMweERkeTJscDdOb0xBcEhNMzBBU1drUE81NnhjcVl6VkwvWlYzdVl0TC91ZDBTazRoSGZGZnlpOEJmdk5XdmJJVktUNjcwWXNicVhGUVB6aXFYOW5aSTJyUWVydDRzbWF6LzFacVkvclBsOUdJQmVvODRFOVZyVlJ0MFRsQytWNTg0QXBnRHA1YmVVUWNUOWx0NUEyVy9SdVMzZWFpZ1ZQdHRrdC9ZQmJVcTdtRHZJdzBEUjRmejZBSG1Qd25vRUo1czRMT0ExS2xZVHBUcm41SWNvSW9jeFlCNythNzhnMCtaNmRGcVpJT2dqNG1BQWt2ajMyMXl0Zy9nbUpoNlJML1dzL0hPd21zdDlySXF4RU9hQWYzejBlV0ZNdkpvSURJSmNPZnlESmhVVlE5dU8ybmZNSHNWakdzZnJ2K2RyczRSTksxY253TTYxcVZoRndmN3greUNoZGlHOUUxUWxHM044cGE1SjZtWTN4MkRnVHp6WEFDVUdvaDlnckF2ZGZXLzNRcXUxTmFLR290RDF2U3I5WGh5MWg1dW1rRit4N1JTanVNV0dSemI2aVd1OXZxRlNZanNYa2oyaVR5U3JMUC9kSWh4anB3VzE2eHY4bWNLMHFMSDV6b056U3JjL1d4TGNhRnoraWZSM2l3WUJjczdXWmFqR01HUkF6MXFuWXZ0SkxudlpveDQxVHdrSnZpbVZwc1FiOG5xYjUxT21DMFF0c3U5c3FheWNjS2xhOUFBWWZ6N0MveFFGaEQrT3R1dytwSjIvWTBhbXk0THhZNlBLWGowaXhpSWJ6NjR2aDhVaW5ZWSt0MTlvdnNRZUJLN09QSUs0eS81Ulh5bHFuQTJXTC9YNHJaaWZ6RFhlNXpQajVIMjErTkZhazV5RnNyN0FaUkpWMVNMSjByY2E5N29NSGZHRUoxTDFDT0FCaEFtNG1DRnVOUW1WR2JzWlpqSEIwOXVidkNWSCtFNGNuSE9lNEZ4YWRWdCtjcmpTT3dpTSs3RlI4MXlzemt4WndkNHYwd1lwdERPbkUvTEhtNno5cWNHM3gya0M5akUxQWhmN0pvUHN5OW9Rb0FmbW5XRmhNQXBqNTYvTlh1a3JqMnFTa1lLdFQrLzJLZGVya2ptbHNaTEg5K0tqeTVZeDBYSXY1K3QwMTRFeXJPdXdVcnJqYXhXMGpjMnpLMngrQW1mbVVna05iSWN1TzhTR1NpbDUzTzEyMGRpSGlmcVVnWkRnYVNWSjhKVXRFUFd1NWUwSkFreWVjaG55MXVieG5yU1g2N1BMTXJxNGpwRllLMEhCVmVBejhaKzh0NnhzQkkyeDRlMXFoWlB1T21uUjJVSzZnZXlHZEZJdlU0L1FHcll4MGErNm50UWx2WkJYNnpCWVArN3pUdm9NV3cxcDZSQWRiVG9xaUpPR1NTMUlVeFpEYWhiUDFjaUJhWDZLMWJUa1dNbk1TTUIrQTdjMDd3WGJjSEQzYkJFNTJRRnZyUXdWWUxGaGFkdDUzVHphLzhmcVgyUjZQWTlUWnAxUUphdXZ0b000TjBsSS9ZTUtMVDdoQWtYc3FXcGJabEZHUTJ6MzVHZk5YNmVwSnlLZ29PNEc4b1I3TmtKVENSUjIraUJvMnZHdGdRSlRIaHVSaStiQUFXb0JJTGdrZkxjVkovajdUTlZ4SStQRmFrZXJZWDNsdXB4L3RrT1dRV0lIakxBTFhGSUtyY1hFTXg2alk5NkcydDE3Wm5SN0xaSzlkMzQvc3ptL1NsSTF6N1JNRG52VmEvTnk2VmhKMWpIaEcwcmRrYzFzWWJxMEl4Tis4R3gwWWRNdGd1aFV0M2t0ZEVRMFROTWQxMHBJUTNhanlRLzJKZitVcXJDT3cwendQZ0RHZXBhdXNsakZEeGttUjl2YjJYRjRnQmNRMXBLQ1ZNWHAzN1NPSHg2bWlwNUZqcE1xR0JyWG54M0dQUjFKOE1zWlhCZGMwb09mODdUbWVick13ZTloN2VEUmhhV0RRQk1NZmYwVEUrRmdpamR1SUo2RWowUUtlZ0lTSkZsSU16QlUzUDlGank5eDlmaGx3Y2k0TEh1dW82aVMrR3ZZSHdHNnE0K3c5MXkrRHUrYllEZG5vYm9DOHlBTEN1bEVEOHB3TjFuWExWZ1pocWFaOTJIck5WL0w1S2NsWSt1TGQrM2NTV1MzaGExZXVEdEhDdUFsQi9tUzlXNWRidzVKQk1vcFRhN1VsRko4WWJEOGNod2xiU1h4RFMxQjU5QmVKRlBobGtQemlBMkdnK3prT2JOQUU4aVNja2lZckhYM0RVMjZhN04yazVWZGZMSW5mWXJIL0NxdU02S1JheVRtQzkva25lS3pzUWN4MzZHL3h1QzhrdmN0TmtDZys5eG9tS3FPcmZLc1lJVHd2TFYwdlZQQjRJRXZlU2lDTkg0bkJPL3pyUlpTWE4xNlRrdjlKQXk0ZEtjc25sZ0xGNFB0VDBmSHJIUUJHVEdaR2xHTThrOTdCTTltVDJ2TkcvMlI1TFhNQVpSejBsNWV6UDIwNjJNdlEvVzVyNmxMdkRhRExVY09HYnVCR0ZUWk5tNDNQREp3VC9XWnNsM0xJR0Y0TUZlY0ptRzMwRmJYbFVGTVUxelBrVnA5c2wydGhzVGtIZkZ4aE1yTEJweGdabjZaTXRsdlpSM1A4dHVMNDQwWWJCT2VnSHNpZmRKRW50K0ppOFJ1eEdNVUJ4MWVUdjQzRThqaEpNNXZZa2JvYU5kTmlJYmp6dTN3V2JYR0Y5NXBQUi9FZVRXbXFCc212WlRlMzIvdlNRZVdNeFNzbmRWZXdpNEdSMlFPQVhKTEh2VzVGSjBoMVdrZWp6UjFlbGkybFJWVUxlZDM5S1o0VUlwVzBKc0FDUEtLOHZJaVp3WG84V2o1ZSt6ak5tenBQOTZ3ZnVhTXlvQkhIWlhxT1Erc3ZGMUdGb0M2OFB0N2xtR3R4aVNTMVhOeG5LdWxHbG1yc1FPRmMybjBIUnZlNWFQb1FWVUtweFlrVG5IdEZZYnR5SWRJOWZrbDZZT2NVVVRCTnJCK2VCQms1Z1JJZFFVK2o1ZURrRVltc0pLeE5ZRElzZ2N3bWFWZU5VbHhlZHZEN1R6TVVsbGhZdXVWV0xMMHh1WEUxSFlWMFlvVkNybzFWR3p1U3BselZneGg5RnlFZkpJN2lmL2FlTTdwdmJDcEk2R3M1TjBjbkRRT3BCL0ttZEFwVGZzK01jT0NKTmx5Q2lvNlpxa3dOMUZzVGowSmRUZHlpTEp1Ny9Td3VuOTFKekIzck5jbjhUUlpHRUZ1dkc5N1pYY3JrbFdoeGd4cEVPeTFMSGgrWmwrcDUwVmRyb0k4WS82KzBubWdTL1ZZRVB6eUpLRmpPcWVnRVhHa2RNMVdlT0ZsYlBNWlEyZ051elZUYktneTlJd0hwQXBJdW9Fc3dxUXhVa0s5MTliV0JCQlYzZmlSRmlDd2VaQ2NSc1UvV3puL1ZTMkVVdmdnL1FlZDJjYkhORlVzWCtiQ2ZkQXFPdkFlbDRmR2w4cG9oN0Jna1JGRkQvREhmalJpc0VsWjJCdFFXS0tGeG5FRkRCQmFNYmkrUlpUYlhkTGhQRXFQYWJBbjVmaE1PMkdHUUZ2eGdiUG5XL3lVOG5UcThib0tob05zRE9LS3FCNmYxdCsvV0dFOGNJcWZ3d1prRjJUbTBJM1BxQlJXUi9CZkdnUk1YaUxQWkVzdTVYMUxVUXdSTFU5TWhrK0dxWE93a0sweDBMaUk5UkxiYkZFUE5kWk4xTkZsVktOZGRpRTB0dU1DQW1TL1dQeGtqcUV2TmxhWlpzdWQ4a0MvOG8vSHhIKzBheWxDZnpXc09GbFdZSnpab2RjMmZRU0RjOFNUeFpoanBWSnd1SFpmMWUyZUVDM0ZHZFM5ejRzNXM5OU16SmtyU0QzVTZ0RXVSSkdQcmU4clc0SlM0RUtDbkJGaGt4WktRd1UveURJM0NRZUhCZHN3Wk53S0Y4RlRCa3FhYm5kZHFmbTRHQnh4WU1aY0VyUkVrNEQ2YXNTQ05OWjR2a3NXZmRaY1ZaL0Z5eDZtcTV2S1JuTDFmRHdobDZ2MFF4WlJZOHdYM1pROFVudHI3V3NFZ0p1RW9YN3BmcHZLUEczRll5YXpzRjdMT3lKaVE3QVM1STR0VjNZSG1NSDZDWWs5dEJiR1RJeldkbGpjZkxFZmNYR0F2OEYvTS9Fd092VnAwTTU3cEtyVDlGQ05wOHBLZ2czM0NTSlJkc1ZObnNtaEgvSjBTVXl3SFoyNUduNytzU1ZjVnh4RWlNaW1IczhZZlF0VUp6TWVoOGwrczdtaHAyeWJYTWNmNlhzd3dhOWVPWFFPV3BBWUdEUS85UEczU1ZWSHV2ckMzZS9xNVhOT3hXd1ZLcE5IWW5NRUtDbXFQVkprM2U0bnA5bWlmSkk3WDF2cjFhYXpUUGRIWHN3MytVK0VBcTBDTjgwMUxsV2VTM0g0YzVqMkJuS1BDWWVkZGgyWnBjbVlMRERLbjMwY0VxT0xzVVFsY0lydnhsQ01jemRsNWIrMjVGdXpyNHZ1UVU4R0tMVytxTUo1SitXSWxNaUFiU3J6ajRoTzZueldpRTl0ZW9Vb2gyTFNhVEYvaVdvdlJOUDc0empzNFFtN1djbGJtQjV2dm8yN1ArK211WU1YeHdocWpLQ2dpZUxqQUNHU015dlU5NW5rNHQwQW1PQmllckFKK2ZzdVI5UHhWbFd2TWtlM3hMZHBYMXZLbjd5ZVIwR3ZLd0xsTjhxa0ZabEdPVDBIcWxCK2FzbG9qNlduVmFXQ1pIVnVwVlA2MWh1R1lvYWJiZDFjc3VuOUpRbGNOM25zOU83S0ZScVNmNkNRNk9iemFJVUc0Unk2L2c0bGdqQysxcFRhTEZVWmdBNmowNU93VXBEN1Urbm9MdlJFM3RDU2tOTFd4MUNTbFBnbkNOSVpQSkh3cklvSXRyMzNKVXVsVldqdWhBd3AwS3p4d0dHV2YyRkxZT2svQ0ZnWmRxaTYrYWpMTGpSSlh0SmdGTGRoWUx0Q3ZQUEtmWFo5MlJWU3pYdzZyMlZEOTZXSlZCdE5FSWhzYUVSa3ZUM2x1NURxQ3RsazREeTdBU1lFT2NtVnprNXJOd3JEZmliUHIxNEZCZnp3bGJydEgwSFNiZFNhdDNWRHIwemlsYlU0WExVV1RMMXpMSGV2TkhZbGNKTlBnTERMSmlxZTl5VGIzS01VeGEwNytoRndCQTE3dmU3WUNCRHU5SElxaFJGQkhIQ1I3RzE2eExoby8yNERwNjZ4RWJoNjJxalNsd0tQZk93aTZSSnJ3d0taUlp4dnl4d2NBbU8zK0MvUXNISlplTDdwa1ErUzVtb3RXalh5cnJhZ2tya2NyNmd4NXdBOGQ4bnVhT0lvcWJWQ1EzQyt4UERLZm4zd3RJa0VrM2Y5cVJIaGgyUU42c3ZuN3dlQStUR1p2enFNS1c5bFY3M1lsdjZndDlyNUpSVzQ1c0hKS1pFV0g0NkJYaCtESjE2SGdKMnoweU41SU9TK2FvdUJON0JZRkVaUXhMV2lvdjZ3K2d0UitBRnJHdHp1cHoxV2FHRmgxd1NNZXRndkY5d2lPdnhmQ0JlN3dJUmM2RTQzSXhzNXlzaldVQkoyM1pETTcwSjByOTFaY3ZQUXp4UzZ6ckVnSWgwajliZGt5aTN6MmsrVTNjUHV3Z0ZWRjM0TFFKWGlZSzlNeTY0OUZLUHJWTlVOSU5ZaisvQ081bFBEcDMxNTN6MlRVWXdSclBwenBYekN4U3hEbVhzSUFjR2tBU3lDczlrYTdkRWo4NFdvck1WZmMyZXhEcE0vbGJ2dTllT0d4VkxyS2NPbFdZSlBnT1ZPV3ZzQjMyVzgwalFxYnI4VDJIRGNzcEp2dlRpd2F4SmNVUnBOM3lHcm1yS2gwQm1zZmhHdUNFcXorN0NOVHR1NjZBK0dER0JxQ0pTMyt2TTRVd0UwcHZmZ1dHUS91dnozbk55VStXSE1zUnlCTEw1Y3lRZGErczVPajlBVHBBWFlYN3FyeURhN1NLOEFWVEVTZzNFZGVpanhISUtXelJoQ3EzQ20zeGZLSENhRWsrZkJXZzlzdTBhRi9LRUhZTlUyMXo4WmNZVldaZ0NQY0tBOVVYSWR1U1ZHeXZ4WEtYaTdhK0VwS1FNcjdReXAxOXg4b0h0eENQelVIbkJFbWNtdzNWL2hWZUtSTk9QRXB4VDEzOVlBSCtrUEpKK28rQms5bXJaeHExcEs0c1l1bEV4dEN1WFVheVNUZEE2ZVdzL1gva2pkR1lOYi95Wkw4WUtqVGxhZTBDR0V6Zmltek1hTWo0V1cxMmtweGxWcnd0VkxlendFSEhvSzhYYlkrTW40Qjg5bnRDcWdnUGhPSi9TN0dhYW9INzNvQ0FnSUNBZ0xvKzB3REdjcUVsZnFUU3c1VFlCU2J6MVlFWHY1RzVtbi9peEJycW9DUXM0Q2JqSzVYVzBBUHdRSnVnZy9lc1FMNUMyUjl5TVdSODhIQTlCM1grempFWkd4NHlIbmtWUzFoeFVhMFM0ZC9ocG91TlptM1dYaFB6T0ZQV05xVnNrTFhCcU1sWndCcUFXMENBdXdPb2N0Z1VpaDJvZzJYRlJielFGRUw5SGRBRGkyd01xa2NubldwOHB4aGFwUSs0eUNGYWlIY1N5QmE2eDl4VGJPdkJIMVlpUG9JMXJIY3R2NjVtM1RsZXUrekE1QVlzUHQ1eElQSXZXWUZsSGVIcnk1QW5EdytaU29jN21GdGVJMUhnV05Sa0V4QVBrVzY0bTMycEg2MVUxOTBXREFhYVBRaHhGajlvcFAwSGNUNHFIekZYUjVrcXB5RXBmMmJYZCtCOXZHbUhsd28yODU2SjAxbk8zcDRSaUtLSjM2eit6cjd5YUJnUmN4MllwYkhZU2NkREJDVEx6RVlXb3dHQUl4b3BMWm9mb3FGQzQxbTljU3BsZzQ0aTcydklaV3RzaFV5TDRML2JOc3dtRC9keS8xRUw5em1sMzR6RmJBUFZPSjBLcWZ0cW51N0ROdXNIeHRBei8wVTNnaXJuYkN4ZjZsYlhaLzBha3JlVHNxVml2clNKL1NUMTZJVUNOMnFueHJNVkQvbXJUeDE0SlNmTitQUnFnN2RlOHk2SmVqd1c3QnI0QTM3c3NoamoxMkUyZFpnZWhTOUxaMC8vUU9mazUyaEtQOSt1VEZQSVBudmcxdW1SaUtNYnozdk1SbDhLeDlCby9FU0IzanZLd2JvOFFyNXFvcFFuK083MWRiVGYxSCtINlh2dy9VSCtINmN0MnA5OXZkNzdZOXRmZlpMdHIzMzB6OTlXUHJYNGU0K1AzL2g5QUx2c3QrRG9DNTNubTRGenVuK0RWN3ZzdmJiV3ZkN1Q5WUR6TzlDVUFpaXY3WkJKSVRHblJ6RXdrS1BKUWNGT1lkakNDNjd2WG1WbFYwWDNURzE1WUJrT0xCUnZBRGVRZWpZMkVkalBKTjE3YUN5L3YvNUs1OW1YQlh3RnFNdHBUY3BBZk5TVnFJOTc2NCtIKzJHNlI5YnpveWdyT2tmNzJvUTlrNUMrZ0dOU1RlR1o1YTFzenhkVUZhZHlnY1NjcHJlSll5RzVSZWVHUVFPWWVYMFZ0OTdrVkQ4bFcwdllGbzhFeWZWK3hIcGJVZzJFbkpWUlVlb012Q2VJeWsrZXVPRzloQzlOOVpIUWVzWDgwYncwSlRSZEdoQ1R2SURSVVlaTk92U2FnTGJ2V1BCNGdDeGNOMzFaYm4xSlMvUk5TY1VZUmE2SHYrN0l2QUNER3NxT216aVdZNE9FTXlWdE9WM1AxSkVtWDJIVzVuMGluUDQ4d0lCMDVBNXVPR3ZQSDhsYVphOXhYdWd2TEdSYmtPdERvOGx3OWdKMXpndGVXS3dRWTA4OU5pWStOSGtoL0c0MEM1NncrR2hjT0xXdEhmWDZaa2hEUXcrZ2E1d242MDl5T292cEtzR0lBOXhNZWhiUEFnTlgxeHdDMHU4LzZDQlBINW1hOGNOR3BaUDhSS2RTdEhoS1UzV0xWRlQrR2NxQ0FXS0lGbmJRalFESjhNVHVIcTVrUTRueUlUUU81N01FT3dsUXpscHZwd3JaYlFvWlRkbXZ3L0MvWnRTcE4xdzJxZFFodENVaTg3TlBZOFJDVjNBSWpZWmJ4VVVOMkV4V01tU1dacFhMVksrVTBNekR5akwwRVpZWnpVNHdqVTYxcjc1YnJLdkRCVGpuT1NOT1A3MzI2cEVpYmtkSlJnL1hjbEo4RFJDRGJkdzJXWm8ycXNyOEs0WVp2TW1uL2lGNCtjYWNkbjZEV0FPb0pIWXRUYnJsMDFzakoveXB2MUlyTzVXZG9MaEJaeHdxQ2FGaXhGNkY2N2lRekFpZmpPVXRmcTFSb3BkVTZnR0JTdHREZThaYWpCZ0VYOGwwSXJDY1IrLzZGK1dWNTJBRm5WNWtSQ3ZZVWhPVVAvQTdPNWFnVGFkZXVHcUdXOGFsUWFoVStJNXVGWi90VW9DQkVaNk4zMmtyQzhuUTY4d0dSQi80VStBbDBSZXFueHNYZ2ZLS3kvaEtMTUFXNUJGTjlPRmVTQjFSRjJNZWNkU0kvR1BVcHZhSkIrTkZOVHorbjVrL2dMV2N3QW1vYzVFSjZVb05VYVZXd21sL0tBMnJQcE1LTEU0WG12MmJxdUN0b09OSnBodGFPM01DWll0ODRmSlI1ZEFYYUFUMlVvT3FqMk1xV2h4Wkw4eFdMWnl4NGNCbTFMRGw4TU1TVGdBTk1iSlBSZXByTXRBRDV3OTh2VDljVTMzd2p6VGJKOUdsU3M1ZnB5YXRKdHZ4cG9VOHlpMFdaYzZoeHdvaE5GRTFOZlVpSitNYzRpZkFiaUFQOUcrYzgxZlNmV1VGeVBOZlBZL3k4S1NadXJnTFd1c0dZY0kyMStzWHd5OUxPLzhsb0VGT0g3Z3ZpWnlQeUVYcW1QVldPRmdQVXkwWWtMTG5tN3BBV1hXMHZOZnB3ME00ZUpVWTdTTUlhZ2t4Yk5vNjhCbk5rTGp5M3I1NzNHZXYrdnFTSk8xY3g0K1JNdlJPTEl6UHdVQ3I2UXhNLzMvek1yNGtQaktCU0N1TFZNY2U2TFAvRFVzdkk0UW4vd0dmaER3M3lCMWM0NG1TWkhBdU1GRFQwTlFGdHVUNjlnOU5UemRIVmw3L1J6R0d0WXZCV1ptNjc5R3Z1ekhUbXNXRWJWNW1QUDRXQTByU1JyaC82amludFBycmR4QnhraVdNaFVhbkQvYTZ4NkRiRUlMbjBEUkNsV2IrSmhHa2dBZnc3MWpxdFI1cUlNbmFuVnl4TE9rRzh3dkkxNHNac1BQSDhUaVkzelZZUmlNeUtkdU44UkROc01ZK0ExV2VIcjZ3ZTByTHJvY21xQk41OGxiSU9sV0NkSFRqaXE1TzA4UTJxblhIOFl4c3JWYmxOMHlqdnhSRUNUMTg5ZjlJUnRKZG1IZkNQZjhFM2x1TW1waTJWSXUyZWxIS2JCVW8vaW1IR3NUVFlpUnBUdC8wT3dlU2lMVzR2bnJGbkFNandoSjRpMit3cGpxbThPNE1QcXZvNWZQMHB6Q1lYbzdqbHpjZ0xJZHIvbldwQ1hoeU5JNzgxN1V0N1RBMHlLNWtLUENBZyt3NHJMWUtWVU5XY0UvRkVzVWYwWVhMbndzMStBTjdXemZDVkdKQ1FpSFJ5dkJJMkZqc3g0c3hyTGZWY21ldC9QcG4xd1QwOC9OTjU5MFUwZmVrZytqZ2ZMVWVSMkQzM05rL01pMVhIRittaVlOSWUzZXJyeTQ3Y3dSdXZqMkRiYXA5dExEdlZmVG92SWxZOFJaVDMrNUR1TkZtY1hPS01oNzZ0K3IzaWFwRmZDTnYzZkpXTFE2UGpNMjg5OE5yS3NwNFR2bGhKNWk3ZDBwdkV1QlI2Q3ZXY3pCajVXaVRjMFd4QlNnakZlV0VCa0pQN2tTY0VKTmlhU0hPM0tCeEhaVis3N3hrSGVJd0V1R1VRUkE3bzFLcWp0ZSt3TmNvc1ByTDlpV1pVUDlSUC9oaHZPa1MyVi9JTVpJc1FiaXREZnJNU0c0cjVNUUFUUGtRbzN5akxoUEkvZDJ1a0xSK3ZiclBsUmFUY05mL0plTVFlVUxMYmg5S080S1FiNlkxQTFhbUlzK1lQeHRBUHFvQnNtWVY3V3VidUI1eFU0RFpaY2hnRDVQV1lvSGR5a0E1RUlsNXZKWFhiYnpPdWZQZUxZWHA4alpHSUp2WG91MjMzaHRQekx6VW4vN3gxbks1RXgrUzNsRi9xUEgxV29CS3Fhei9ER0ZTV0J5S2V1NVlaM1FNV2pkMVdibTFlOGk4Y2FrL0JxUWdhWnREV2lsb1R5Qy9VWWdtS0J2andCYTZlek1CTjNQYUd1SEJKb0FxMmR4VWlUcWVEUXVvVmRTNUI4T1laNGlwbGkraktCQzNkSzV6WnBuUlVBM1gva0JpWVBESVltaWJpekdrZVp0cThrdFdaSjZyUGVLc1ZJREhrZEk3NGFGMXhJUjlNUUdkWG5CQWZBWmV4czBaRU5KQUJJVVU1TXY4bHlXdjFudkk3L2d6ZnNuRzJVQmwzaVVNTmF5U0U4SHAydm1SZHhCYVZ3Z3JaR0JqbFA5RXhGcmJ0S0Q4L0s5ZVVOK2pMcWIwOWxrSnQ0V2xGZXVYZXhXb05xa2pRU0kxNWxwZFRUOHJIOGdENTk0VlN0ODhiWmcyOEVoK2xjb3V6MGU4bGsrMWdzZ0lMeW1FQ0xZbU5yOFRMd2RJemFsN2xjVTExblVHblM3d2NwbFlaTXVxaUdZRlBMTW5qR3FqVTNMTC9EMkFYTkZkaGJxN3F4ZG5wNlJnUUdOR0VLWkxLaGJ1d3Nib2JuZllSVlJvdkZwdzd3ZHFMa2MxZ1N1bG1sSS9DdHo3SjFZQ3dBR2FuQi9TWEF3aWcyajBSdDdVWVlrNXVhREVkNUZJR1I2a3krSTVCdys2RElQdGVGWnZBNzlSeE92ZHRMakRJUnV2bXVaVFBmSXFocGpaZFVEeGYvVFA1L05HaFpIS2FOR1R1M29zZDhZUC9XZUZjVDh5WWZRMHBMeUhMcVB2azQ4RWUwWWw0NUNpejFPTzVkUGlaanMxYVVDOXpnYlZtT2duMVQ2YWV2OTVkRkhWQmdWSllPV01iWURrbUpNcEI4bEVNV0RNbTlZdVdZSUtQNnJiREpRSE9QcTJGMGs4SGdZaG5VQ2twaFhsdVNPOUNtdlpzS2kybVc1ekNVMjVkSDVhdVE3M3krZTQyS2x5YS84Y2xwM21QZTk3TEZZQ3JUNVIzUzRPS3hVSkF5S2QrRFdLUnhQWVhTTW1meE5MU2lMY2tKVGVreVFpUnRlMmNGclVxMmVpUVE0MkhQNEJPR2xoaE9YZW0yWFh1M1FuRzJMT0hvaGNydTdIaXBTM1ExbTBUSXNJSllNQWVTdnhxMHBRKytrTTlVT3d5bEZzSklvcHZhYnV1ejFBclZRMExaeXlxVVNLN2VndWlaY0dqVkV3NkNWR0l0NXdTbXNWV1J6UXRGSUdCZXRKUW5KM3BlU3pYZ09seWl0OVZ4M0t0YkdGMTh6NDV0L2I1djlLTkRlTU1EZVdVODVPN2hQMnAxV2NXSUEyanFDU3J6U0dGZzBLNjRKNGsrL2hTME82Q05oUkZqSDErL0hMN2RINXZkTkVkWTh4VG1JbVYrT3FUWGxKQXRqRUpxREluOW1HRlZjRmlGREtZWjdjekFSVmtyVW5FZmgwWXNmbFVQT3llUmowTnlRVEpmZjViek91T0xSb0U4K2REM1VtM25qR0VJSG5KWGtTbFhQdzhzTS8wWXFRenVSNUs0cWg5ZlN5alY4OEdzdG0xaHNRT1E2WDhLM1diTTlGNEdkemVTQS9TZTR1Sk1OaDhqcWFPdEdmYWZTMk56VmJCelpoWFV3eG1rRDlMV2M2SWJKSEYzZk1MV3JVQkFzUWFxemtLRjk1QXpBRjZ0L3VWUTRqVCtVRkdpNVJoWmdZa2R4K1Nja0kva0pKY2xoeXlvdWhLMWowaERkQmRnbjQxMFI4cWJZZHlDUFdrQ2ZKaEQrenFpdDlpL0pYNUUwUTlTYkYveE1IZVROTktFbUt0czVNQmk3MjNUb3dwR1Z1a1FLM1VwUmxHQ1hQTVh5R2VsR0t2bHZPcWRvWmQzcklXQU5zanhhVkJEQURteUw1OHIvRmFnMjNXVWJCR2xUWUdiTjVqVHhyRHprVHlKVWtRVEY3N28wd0FyYzV0MTU2N0NhNjlCeTY2ZWFFR2pqdzJ6b1FTTGc4dFdBekhJUnhPTFZyWlNmYU9MR3BHNjZNSnZhMnVqRFRSNjdSTUQyd2k0bHNxVlpTWllCZ2lST3JiWFRBckpQaHdaZUZVN0U3YkN1TUdFM1hpZzBjS2NGV0ZUOTRFQXNnS1VsWitLNjlIRHNNS3hyZ2JNNmdvN25XMGpNWml3d01EWWpYMTdrM1FIaTllQ05nSUlHd0FhMUdRb05TaC9zSEFvNWdhTHZaOGZWbXkweXpFQXluUEx5bU5JdjgwODB3cHRlbDkvUGV6cFpMVktEOVJqdzRTcmVMeGpOdXJVQVlVUkFGcUtJaE1DVkg3TGpWNGcrcWpHSTljN0w2SE81Mk1jS0tOeFNBb2Z1OXFjSC9WWURzZWdiWHZFZU44V3dhZ2psSmJ2bEFGSGJlbXlKUTMzUWd2YXFmdU83cWNBQTU3RGUwZXJuQXk3aUh4bWppQTgrQnVicTFqeDhwaW9vbEgwL2xKajhOaGEwd1J2SisvZHhmMXFReU1WbjRFZ2pacGtSL015eE81Qk5IQVdvZmx4akMrYjJKZDJUZHQrMmNQMkI1UDB3R2xIYzNLQmhYR0NIMDNFY2x6Nmdob0tUSmNFMy9nSW5haElKTXU1U2pYU1BjVkhac3VXaGEza1daV2c1NTNza1VkTFBzc3BVNEJBcjBOMFdwa0xqM3dKNncwK1VNcVN1Y3BzWDZnK0szWFk5TDhCa2FrMFJvUU9ENFBJMVRDd3JNUklYc3RBWkpKWUFkNjJNRkpvc2Z1aUpKS1ZBN2VoUERITlZwQ3RVYUd5YjVYWUVXbHZrMVNXd2JRSEh5cWpZTUV6MUpISTFiVDRZZGFON3Y4Vm9KODc2aklRTHQzdlpycXNGb0Jsd29ra2krT2Eya1lVL0UyNHBVcHVrV0k2VDNkK1B2QS9WanlrUXBSdTdQZkxpWTE3UzhTWmNkWUdaK2JsTTVtNHZrRmh4Y2NZN0x5Z3dHNyt5enJoWjVYU2xvTTZSSDFpYlozVWZtQTVBOEN4eUsrRFdYSTgyNFpyb241REVEM0dRNmdDUnBjay9DUjlpdUEvN0R5ejMyMW4rbmZQVTZORGd1clc4aHRSU0F5U0hCbGh2dlNhbkNqVHQxTjVhREE1cXBaVThNQzhtWXdYdmNUdjVCTnUyWm54VkpVSnQramZTOVJDNVFBUDAxVEdDbVEwa3lpU1RlbE9vb0U0N01aNzYxa0pNU3F5RHlFRXFoRTl0VVpXNWdmNEZyd3NoMHAvNTQzMnVEaEZYSVAvR2cwM3pvaU9NNExsTVZKZlpuL2VsZHczTWVvWVBWZDgzYTZ4dGFQNjA3anFzTENyR1ZRNklOUUY4WGpnWFk2Z2psaDUzYWhyQ0pIcjh2YXZQSzUrYnhGNHAyeTNVVDRGYXlhdFQ0VWJ5T2U5cEZpZHMyVDlRR0o1eWNoaWExRUkyMmlRWXdkbktsMVc3U0FtNnJKMFFWa1huZFluN3g5MzFnRk5jdFVwZGp2UHMvbExSYXVnR0pHTTF6aitDc3lTZGxGV0srU2h4TSszL2NOblU2OS9aZ2NWcVp3VyttWHM3aVp4UmN3aVZiTHpEY2hLRW9xQjBtS1IrVThrbW9hTkJGamdxS0tVL09tb29GdmxpRi9SRkNkTktvYjZ1V2ErNTFmc3Naay9iZUN3SDJhYlJ1NUVpUGxPZ0xNeWlNTmswMkdGMTQrbGk1QzY5TlNjRW5UdHcwcmliZDJaWGlYZ1QzSGM3eFRUUU16T0ZRUDR1VmJCOGtOUXdMdzUvUlB4elZhbElUV2V4VllrRTZ3Mzl1WmF3d2dFenlLQlRGYkRDRExVdjNyRWR0MUlsRmZqbWVwOG1mSk1OUDM5RW80aXlIYzFtYkN1T3ZUbVIzWnZGanBJVnJOemsrTDJDWkxGYTI3cXNrVExmMk12dllrdWNIQXFyeGozN3kzYUhKd2lTWnhjT3ArNmk5WDBpQzdPeElOR3hhaGZjL2hSTk5CSXBYYklXYXBaL25jK0ZSWWFVMGJTT1RtT1pYNzVGQlFydHZ6WmZ2SFdJZ3VjZ3BibjZISldBMUE2QWVGUUlyZDlQYXZ6T2pmR0VqMUNLVDhoVXhIQXJTYXp4N3NadzFReXZpV1dHbjZJOW55OXJ1RkxYTTROZnJLc3BPVkRITEJtN2VZNW4wV2ZsdG82V25UUDcxdk1tcGEvNllrckNsdnJzeFJuaUJCRFFHVXYwU0pTY00zcVhwWU5YaXVYNVhUdGhhSjJYS2FBc2FVVzQwMUVJVVlpMGJ6N0UwS1h0OTltRFVnWFJoWlFoQk5tK0RIWUdHWlRMWFU2YjVZMks2R0Q2Rjk1bEhZcDBTbVFHcjRRZlp6bmMxWWJnc05CUm9rRnF4TUVBajJHSmZIYlQrN2VoaEQrUWRLbG5vK3c3Y0lQZjh3WFFUV1NOZXlub0h6aXZ2NGVtQXhpUzZRaTBHc3hJWTNUSkU5ZjlIa3BTb2cyL0tLM3FNOE5idmg1STE1RGttQ2ppM1NGc3VYNG02SU5PNTlPRGRHM3U3RE15ZmxOb0dqcUlpMmhxNS95M3pFTkFXUmdsTlVPYndLdWtRNXVSa3dOQUtYTlZoZHRCZ2prN29KQWF2LzBQbzR2d0w0dzdsdlRuS3RJQTI1cHlnSmpTYktJUDNUTFlLUUhkMkNtSlBvZTBieHFSVzBNaGtVTmJ1Ti9NZ0tSL2RJYmp0Z01SbnhyNUZlRnhiMjJWbWxOVVZyeWpNQm56dUxIcWhuenFqd0U1UWpPWTZzSHJmb1FmWWFpbHI2NEhTSzRKbmdnV282R2VOaXJWMFZFT09JRk1lR2tGcDNzdGl3UjdpZGxkcnFqSHlmbWVBcHpnbG9WMm40d0p4QnZ5VFZGSWYyNDl3dGFtU29GTzR1ai8wZlFWTEZickRCQWwybStMZW8zY0orY0dkYzZPNVIrMk5DdUE1T01icEd1L25TZHFpVU9mL1U4SVJVSkJuWkRBdHRDdDUyNWFpdU9xS1dzR0d3dmcwQ2YyVE5FRDNFWTVzMVFnVE9wVGV6endzdkV3TlY0MlJQdllSMStudjhkbWpyWmpXOVo5d3pkYWlXd08rVGY4eE5wNzFlQmU4TzlLc2ZkRE4wNEwxTVBoMXZPWjd2cnJCSkRvZlRoM1VIOGlwRVphZjlnYk84VFZwQlZHVzRuKzVkQ3VBR2hCQXQvVlkyTzFpVDNDOHpaOWFpR1VNN3dMOStBbUorb3licVNRVS9CSjZXSEkzZlY4eHNsTktDbW5HbjRmWVJzY1FOTjlieSs5bGhoMW9BKzN6QTVMTFZ5R0hRVEpzQ2ZDWktVeEtjSmxybHZwVzF6ZlZ5WXdTUkZUQ2IvUDgvaWJFd05BZVp6djYrWTljTTMyS0dQbS9qMVBjRUdyaUxFd09tVnYrOFhSUk5FQXB1eW5FM1ZFZDhlYTc2aWVwTVZGSkt4dDh4VTA2dW9Odzc2U0VHVGdsbTk2VG5iUGp3NXpnQnQyejR3cG96RTZ6cFI2TTdEK1plT0pPNVQ3ZmU1TDJGNmVQd2Y0QVVKcW5NQk1TdElKZnQ5RHlJUXIzU1RoSzFONmlYQUlHYllGK2JFdThNS3pJYWFBSHlQMWd3NGQvK3kwZFlUN215TG1OZVl6VVpKeWFXSExjTkU1MU1VOUk3RnZuVXEwMVdBWTEzbnJXc1J6dDNBdnY5UEhkeDJlU05WK2w0TDBNK2R4T2Q2dFo2VURVeVF2SURBZmxaNUlJMHk1OWhtYkhZLzNYbHJGUjNIbFNWMlRFVTJJUUxBTjJrUXBvYTNvSnpzUnQwdHU0SURmVzNlbHZSQW94RS96YnlZRkRBcjUwSEtwZENYeUNJaW1KSTN2M2JaN3VwWERQOUMxWStqbEhlaUFPazZBVDBwVHVWNGQyOW1uSjhrQTlHWFdBdmV1TzZBdXFBM2k1TzVtSlI2Zkt4R0ljbUErc294SWhSNmlHcnJNYUxRSFBhcnlnQlZMY0IrdGQvZTJ1KzJMM0syU1Y0WGhKUHFSZ1NFelJORWZwK2x0dXBGS0RNZW5aLzBWaUgwUzJxR0JGZ0tZVk9MWkZzTmdRQ21YUks2OWlTRDdkb3NQYTFWQnVhSHQvZ05BYXVzZS94TWZoN280NWgwdXI5dDN4V0FsREp3RDZ2MkdhR05OUFdCRnZYUVlHMEdsSmlRalAvendXR0ZIYUp3TVBHOFdhcUdJK2tBVE9GZ2Y1V3QyeG44SzVOdGhHYng3d3dsTGw4MU9WcHk3a21lYnQzOStTSDZVbStVKzRFanppbXVQbmp0REpxNXA2bnBmSXorQ3FPWjhvMVZKT29JZzRCUTVTSHNHK1JRNlBNZk1oR3NXSVFBM0VIWFVRUmFwNjNUMDVWczQrY3JaS2tDNnNlbDNTMEhpRmhjYTIySkpRNEU3bmRTY0M3VVArUHFNemdRVTYyRWFlTHNKYzN0bGdmbWZPdUF4M2dMSHFVWkJWSzZVYXdVKzVEZFQvTGFvbTFuL3ZtTTN0a3NlZk53c1VXU0lDRzBsUzVCeUVjeWF1N0ZEZlc3aUVLcmlrdVk0UUVVWkI1amUzZFdadEtETkhyQWNRclk1bWUyTGROOTl1VjlVMlR4UHhBZG9lZ05ZUHJSSVNqWjZaSGpraTg0RkpKQXZ3VkEwRVhkUmZkOHE5ZlhCd2xqc3JUeUdpREVvTnpyYUV2dWJoUVZ3NENxeGY4MWNscTQ4aFpsZnJ5S3NCOHEvUWt5T050Z3IzQVZueVQ0YVZPMkVPak5UZWYvUWRzUDE5Zyt6REM4SjAyS2NEN21GMmtxa2FNVHhwVVQ2QWxpVU1adFNKOVZoNk1tbVI1VGthdENkQ2t5UWZUWTRJQkVxczBMRmU4QW9FdEhBbFhRb3lZMHBrNUs3eEpDWWpJaDVGeXRxaHlzaGErc2dCamZaWVhaRVdKR3ZVbFI3TjdVM08zWmgrSXljVjRsSDFkUHlPbi9zZEVLa2ZEcFhYZHlEZmxXSC9FYUFmT0puMVBha0ZzdUdoM2h3eEtDU01jSk9zUzV3UjE3TGlwYWVFVGd0NWlwMDl2NkxiVFdYbXB6KytsL0JIajNGOXp0SExaS1BMY29sZjdxY3daL2FEVndJblhlWExheXM0bWgrVEhKdjFWK2xleitlVjV4RU9VaFpJMXdESnFJTjYwV3Nnd0pvYzhJeVJsdDdQb0UzczhIeit6dmQvUmJRWStaZmFSUHR0VEl6R0dIdWtRRHhyV2laYzJrbitReUF4MWNGbHZXUHAvbFdJdmd4RGUxMDBCZlp6WCtQSEhnYXFYd2lhWWNQVWxIYUdOMU01ZGQ2Ym9PbWdnQ1hTL3NyeTRzZS93MzRuUWFCYnIydG1kVXZ4cVQ5TEtnZkJESDhYd3ZTMzRIdS9rbnZtSEdOa0hTUWNwY242VnRUYnJUdGV5MWg5REZlNXVpaVFqNmxpVmJNdldYVnk3QzZrVjNmckdqaDhOR1BsYkpWbFc5cnc3Z0lrV2pVOXk5UEZXbjJjMUlxUXN0cUV6Y01FSXc0NFZKbzdodnE2V1UwaUg4WHk2SGJ6bGRXVm1JWS9zVzRzSVRYSUN2R3VMeElHUjlpQXNBdzJUTy8wakU4ZWhGc3p1ZWhvbHY4RDhCQ3A2eEMrYnBTNktMSWx6UTczVWVSMEtVancwR285Q0RtbDZlNGNBbWttSmREcFNheittYUpBVmdTTXppTFpnV1RPOFpBeGx0Ull0RDh1bzBvVmNMOEtZay9pQ05YcFk3a0U0U0lsYUY2a2hMcERUMGxFQk5QNzlDTk1UbElhdGV0cnAyVm9HMm44MVBNNDNoMi9ONzRPbkZoVi9vNVRDM0I1R2Fhalk5d1QrV1BReUI4SXlSMXNQRmVMQTV5cTBKSUZTTEswaWJuU2RRaW1aTXd1L0VXM3FtaGJsdlBiMmdoVEswZ25GM0N2UUV3bUdaeUtsY0xDN0doSW1LK3JhK2VneCs5czFCSE9aYkkyRUZkS2FoZXR0bzhUdFdPYnRoa3BCUmdTY2dIZ3FJKzNrM3BsZ2twN2RPbzZUdWxZL1pKTEExUCthdUUrTGJwckdKdjhYeVZ1QVEyYXViSURlTWVnblQyMzVZTFRxUjFqLzJHZ3AvbkdGNEtEVE9DdEppRjZyU3NUUmp0Wm1Fck5TeXZVL0F2YXVoUS92STkxU2dML2FSZnc5YTNVR2FDMEVTMnRTTnBZRUZIZVVWdlZsaTQ0T2pXMkM4cGN3eU9keEJ3VmpPQ0hLQ3FwY1ZXSytKNnQydk1RREtBUDl4YzhxWXZBTVpTZHUxTHRobzNkc0pxWEdhWmlsRTF5d1BSMWdiS3BEMUo4ZE5iNW8wZGR2dnJXZ250amRxbkN4ZGNnWm12K3IyYWw2dEcvWTF2WnhKcVlrWFNmYUFyem95NElWS1ZPa2tzNTBHamZnTm5jME82SnpUQXNQeTI0YVM4dzFnOXVmV1lpeEtSOVhleCtpemZ1SkVmL0pvbXJqUE9pZGlaTG95TWRJbHNkUmdjRW43N0pKN2ZsbGVkVVh5c2ZIQkhRYm9mUGljbXZvcm5OeENudDJqM2RtQmhzeWtDNDM4QzcwVmRiajZZaUxycDZreWpKSHcweFk0MHRmMGRwQzdHdDI5MkdSQTN1SnN0VVJQWVpOc0paSlpPY0ZqYlNJYXBSQmE0SzhLT0M5SUI1ajZuVXBrZ1I2TE84VUdTUHI1c2JxOWpXMmt4UDJwUERXMklWcExiY1FjYjBqZDRRelBVbnV2ckJPY3dUT3k1UGNBWi9qTlo2eU9NSUZEekNzQThLcWEvSnF2QUFLajZha2F5UjRtaDQvMDRSazJuRDVpeFpZOFcrdnd5b2RwdDZjV01IVS9WUDBEcVhYNnpjclJuRUpacDZ0TFBoWlhsOExXSCtadThubWtJVU5jQVlMSDhaRHRkV1BhWUFqc0NkRjI0Si9rSEgvZm5DK05tZjlTTmVaclJ4dnpnTHlnam9VbjhzUUUvYkZydE15UG9Xc2RyVTdINFNHNU1SUzJmWjdMcFQzL1VuSmlWTlAzM2trbU5qZjBneU5rV29NS0RBcE9ZSzJqQUFRamEzVWVPa1JFejF4WWlYeW82STdWKzZoVEpUL3dUcklRS09OTlNwancvanVyNWVqQWxVdGdnaUZPVmt5TDQ5UGE5SCtIdHU0a2E1NVpMUVkrOG83dStZUC9ZaE13K0NLTWlpMjZoOXNUbEFFTnUwSGdwcFA0RFNFc0x3TDRhTGpNb2JSNnZSdFE1QW4wQm4yU1orbVc1emdndHlYTGxaYXUzblp6aC94RzErQUM2S3RIcnNTNUhGU2dYMjdoc2pQNWhUelVsUzZ5eUlRVVkweXlmZ1VyaThjdkVSTUMxNTE0WStwQzBnbStYRElRWS9PbFBOcnVJU0xoTnBhekhoNE5RckoydFhXS2FhbjRhQ1U4ZC9SZE5qUzVrUDhjNUJmSVlwOU1GcUZQaVBHVkVtOWxHVGJ0ZWFsNit5WEhHNmZIY3FHWHcvTUR2Z28vRThQbllRUTFERlFTaG1xcjhqd2lqMkNzVWVpSGFKVWo0dTdiZjFEbWNzTU9LSmg4UWU5ZFg4V1loK2luRDBPVUpUOHYvWkFBRUFHZ0JBQUFGQUFFQUFEd0VHUUFJQUFBQUFBWG9DYUFBQUFnQUpBZ0VCQ2dJQUF3QVpWR2hwY3lCcGN5QnZaaUJHYVc1blpYSWdLRFlwPC9CREI-CiAgICAgICAgPFNCPlpYbEtORTVYVFdsUGJITnBWRlZzU2xKcVpGVlJNRTVDVDFaa2JsRllaRXBSYTBadVUxVktRMVpGUms5UmJXUnlZMWRvY21GVll6Vmtla0pEVVZaR2VsSnJSa1ZSYkdST1ZWaE9NMUV4UmxwU1JscFNWVlZrUm1Rd2NFdFpiWEJHVkZVeFFtSXdaRUpOVmxaR1VUQkdNMUpIUlhsU2JteE9WVmhrTTFFeVpGcFNSbHBTVlZWb1JWRlZOWEJaYTJoS1pVVlNWVkZWZUVOYU1EVlhVV3RHZGxSVlNraFZiWGhyWVd0c05GSkdVa0pVUlVwdVZHeGFRMUZZVGs1UmEyUlRZa2RTY1ZOWWFFVldSVVpOVVcxa1QxWnJTa0pVVlRGRFVqRktjMXBIY0Vwa01HaHZXVEExVG1GclZqUlVWM0JPWkRBeFJWb3phRTloYTJ3MlZqSm9hbFJyTVhGVFdHUk9Wa1ZyTVZSVlVtNWxSVFZ4VTFod1dHRnJTbGhVVmtaNlpEQk9VbGRWVWxkVlZrWklVbGhrUzFOdFNuRlNWVEZPVVZjNVNGRlVSbFpTVlU1Q1pEQlNWRTFyV2pWVVZrWXpaREJPYmxkVlVsZFZWa1pKVWtWR1QxRXlTa2xUV0doRlZrVkdUVkZ0WkU5V2EwcENZakF4UTFKV2NFTlZWRUpXWlVWU1ZWRlZlRU5hTURWWFVXdEdlbFJWU2taWGEwcFNUVVpXTkZKR1VrSlVSVXB1Vkd4YVExRlZNVTVSYTFaaFVXeEZkMVpZWkc1YU1HeHdWRlZGZDFJd1RsUmpWV1JVVTFkSmVsSkdSa1pSYTBaU1ZsVkdRazVGYkVSU1NHUkNaREprYmxOVmRFSmlNR3hFVVZaR1JHRkhSbEJOUjJjelYxaFdWVk15ZEc1aU1VNU1UVzE0U0ZZeFozZFNhM055VmxWc2RVd3lVa2xsUjNCWllqQXdNMVJ0U25WYWJsbHlUVlJvV1UweldrcFJiRlpLWWtaU2ExWnNUbkZYVldNelRWUm9SbEl6UWxGUFJ6UXlWbnBWZDA1VVZsQmFWelZyVEhwU00xSlljR0ZoU0ZKS1ZqQmtNRTVGT1haVGVsSnJWVlZXVFdGdFVsbFRNbU40VjBWU2RFMVhTa3hsVmtveVltdHZkbHBzVW5OVVV6bFhZMnhrVldGcWJHbFpXRVo0VlZkc1VGWkZOSFpXUlZKSFUxZEZlVlI2VGpCTU1GSmFZV3BSTkZWSFdYbGFiVEF6VVd4Tk1sWlljR0ZVYlVvelVsaENVV1ZWWkd4bFJFVjRWa2M1TWxkclNsUlNSVGxIV214YWNGTnJVbnBPVmtWeVRteHZORkZZUWpCaFZUVldVak5vUW1GcVdrWmtWRTE0WVZoYWFXTnJWbTlpTUU1SVVXdFNkV05WWTNwT1YzZDVUREkxY2xZeWFGQmlXRVp3V1d0WmQyUlhhRFpOYWs1UlRUQmtWVmxzV1ROa1JWVjJXa1pvUTFKRWFGbFJNSEI0VGpOS1RtUkhSazFpYldRMFl6SmFiVk13YkhOVGJrMHhUVlZPZWxWVk1ISmpibXhGUzNwR2FGWXlNRE5TUlhoVVVWVk9OR05FU2pWYU1XaFlXV3BXVWs1c1JtaFZla1pvV2tSb2NsUnNjRXRXVmxwUFpVY3hUMVp1WkRSU2FUbE5WME4wVmxsdWFHcE9ia1pLWW5wV1RrMHdkRWRrUkVwaFYyc3hjV0ZzYkU5T1Z6VnFZMFp3UmxKcmVIUmpWVlpoV1ZWR00xSjZSbFJpUlZKNFdWUlNkbUpGZUhsUk1GcEVXV3hDYW1SR1VuUmtiSEF5WXpKYVJHTjZaRFJPYldzMFZXMXJOV0ZJVmpaYWJrWTBXbXBLYWs1cmNHMWhhMUpLV1RKb1ZscHBPSGhWYXpsdFlWaGplbUl3Y0VOamVtd3hWbGRLYjAxdE1WRk9iVTVwVkd4b1MyRkZkRnBsVjFKd1lWZE5NbEZxUVRWU01tODFUMVZhU1U1Vk1XcGxSRXBMVDFoSmVtTlhhR2haYlRVd1lqTkJNbUpzVWtOYWFtUXhVa1JDV1ZONlFqWlhhMlExVjJwQ1UxcFlUbkJWVnpnMFRrVTFWVmt4Ykd4T2VrcDNZekJhWVdGWGNERlZSVVpPWVZSR1lWZElSa2hoYTJoMlRqSm5OVlpWYkdoaWJGa3lVM3BzUjFaSGNFeGlWV2hHWlZoamVsWXpSazVTTTJoNVZqTktNMU16Um1sV1JrWk5VMFJhYm1FeU1ETmtlbVJ6WWtaYVExRldUbmhXTUVaT1dsWk9jbEZyYkhCWk1VWlNVMWhzVjJWRlZUUlZSbXhYVFhwa1RGVXlVbFpOUldNMFVtdDRORlF6VmtwT1NGVXpZMjEwUkU1cVZreE5NMXBFVFRCS2FtTnJNVXRQUlhoVlV6TlZkbVJ0ZUVkU1YxSlFZMnQ0VldSR1pGbFZhbWh0WkRCa2EyVkhjR3hoUm1nMlkxaGtTbEpGUmxKUlZVcDJUa1ZvUjFSVmJFbFJNREZDWVRCa1FrMVdWbXRTV0dSU1VUQXhRbEZZWkVaVlZteExWMVZzWVZOVlJscFphbEpTV2pCV1ExRnJSbEpTUlVadVZqSmtUbEpGTVVoUk1XUkVVakZPUWxJd1kzSlNWV3hEVWtaR1VtSlZXbkJWYkVKcVVqRmFNVlpVUms5VVZXeEdXa2Q0YVdKV1dqVlhWbWhUWWtad1JGRnJVbWxTTW5oeldXMDFVbG94UlhsV2JteHJVako0ZEZsV1pFOWhSMUpJVmxoa1NWVldiRVZXYkVsM1ZEQktRMWRWVmtkVVdGSnRWVEZrYTFKc1drcE9WMHB4VVd4V2RFMHlSVFZXYTJSM1RqTk9NbUZITUhKVVZVazBVakJGZUZaWFVrcGtNVVphVkZWS2FGRlZXa05OU0d0NlRsZGtNVTlHYkhSaVZVcDBWMFZ3YkZNeVVucFdNMmh5VjFoS1dHTlljRTVSVkZKSVVWUkdWbHBGVWpOU1ZVbDJaREZHUmxGWVpFcFNhbEpGVVZkU1Exb3dOVmRUUms1V1VsVmFjVkZXVmtOYU1tUjVVVzFrUmxKclNsSlpNRkpDV2pGc1NsTXpaRnBSYTBwU1ZsVm9RbVF4UmpOU1JrWmFVMnQwZGxkcmJHOWtiVTVQVVZaR1JsUkZTbEpSVlZKdVdqQnNRMUZWUlhwU1JYYzFUbFY0YW1SRmQzSlNWV2N3V2xab05GSXdSbk5WZWxKdllYcFdTVmxZYkRWak1WWnJWRVJWY2s5RVJrTmlSMmhEWTNsMFdsUXhSazVpTWs1Q1pWVXhhbVF5V1RCTU1GcFNZV3BTU1dGSFpITlVNa1p1WWxkUmQyVnFaRk5pV0ZKc1ZVVm9TMlF4UlROUk1VSk1Ua1phTUU5WWNISlRNamcxWkcweGNrOVVXbTlVYWxaeldrVjNNRmw2UmsxaWJrSTBWVVphV1ZWSGQzSlZiRkpHV1ZWS2MwMVhaSFprTWswd1pVZE9lbGRIV2pKVE1taEZUbFphVDAxWFNrUlZSa2swWkVoQ1NtTklhM0pYYm1nMlQxWm9UR0ZZUmpaU1F6bHVWR3RrUmsxNlJrcGhSRUpwVWxjeFdrMVdSblJXYkZZeldsZDNlbGRITlZwTlZXczBZVEJhTVZSWGJGbFdXSEJMVGtkT2VsRnRlSFJoYmtKRFMzcHNOVkZYVmsxV1Ixb3dZek5GTkZSVWF6VmxibXhhWWxac1IyRkljRmhaTW14dVZHcEdSazB3UmxaVlF6aDNVa1JLTUZWR2NETlVWWEJTVkROck5WSXdiSFpXYWxwRFZFVktlbFp0U1hwTE1qQXdUVzFTZFdOV1dreGtNVkoyWkZWU1IyVllSakZOYkdzMVpXcEtSazVZVGtoU2JIQXhXVk56ZUZNeFVsZFRSbkF4VFRCTk1GVnVWa0pVUlU1UVpVaENORTlHU1haak1VcFhVbTVDUzJJemJFcFpibHBEVFZaQ2VWRlZaRlZqUms1VFVsWktWMkZXU2xaVVdFNVhZbTVPU2xaRVVrWmpWR1JJVDFOMFRGWldTbEpqUm14TldrZGFTMUpHYURGU2EyZzBWVEl4VVU0elRsaGtibWR5VWtVNWVsbHNXWHBVYldSM1UxZDRkVXN6V2xGWmFrSnVXa1JrYjFReFJsQmpNV1IyWkd0c2VHUXdTazloTUZaeVRrVTVOV0V6Y0RGVVJVNXdZbGRHTW1WVVZrbGtSWEI0V1cxc1RsbHBPSHBWVm1oU1QwVldiMDlFYkVsVk1GWm9VVzFOZDB3elVsZE9hekF5WTFkb1QxVnJTbkpXVkd4SVRWYzVVMlI2YkhOWGJVcHVZakJzUm1SNldUQk9NbVJGWldzNVlWSkdTbWxhV0VaelRrVTVTa3N4Y0ZGaVIzQTFUMGR3VWxwRmFGRlhia3AyWlVoU1JXVlhOREppUm1zeFVUQm9ORlY2WkRaamVrWnNZMWRHYms1V1FsTk5WRnBDVmpKR1RWSkVXalJqYWtJeVZUSk9kV0ZZV1hsbFdGSnNWMVZrZFZORmJGbE9iV2hOVkVSWmRsZFhhRVJpTVhCb1pGZFpOVkp1YUhWa01VWk9ZVlJPVFZkRVRUTmhSR3hWVW0wMVlVMHdiSFJPUTNOeVZGZGFjMU5GTlZWTlJGSlpZbTVTZFU1SFNuRlhhbVJ1VVcxdmQwMUlXbGhOVjFZeVRUQldhRkZXY0ZWVVZFRXpXbFJTYzFreVNYaFZSVkpXWVdrNWRGbHVielJUYWs1V1VWVkdNbVZxYUhGalNFSXdXVzVHVjBsc01ITkpiVVp6V25sSk5rbHNTbFJOYWxVeVNXbDNhV1JJYkhkSmFtOXBVMnhrVlVsdU1DNHVhRTFTY0dsVFVGWlJWbUZDTVRGM01IVnRVRVppV0VobE1XTkdlRFphWm1SeFJHeGlkMWx1ZWtWeGRWVlhaM1JTV2podVZFbFlTalpGZUVveVRXSkJZalZ6Y0ZKQ09URlZhRWxtT1VWNFluRXpTRlZKZVY5NFVVSXdORGh4WW1WRVJHbzVkR3RTWlMxRlJURkxhRjlyYTJoVldXUm9OMHAwTTBsM2NTMTRjazFGYjJkQllrdDFlbkIzUjJOUVdXVkNiV290ZHpjMVdTMDBSVEpVVXpkVGRXdEZSbVk0VjFOWlZFZGpOa054ZGpSek9XOW5ObGxvT1ROeWRYaHlWSE15WDA1VFVERk1WMWcwWVhGc05GRlJSM2xsYURkaVUwWlJNalZpUkhOWlQzaDFSRmRSVGpOV1JrOUtTRFJSYkVSeGJWUlFOVzlLV0dGQlVTMVpOMjlKVWs1WlIxOW9lVkJJWkV0V1YxVmlTVFZpVDNCVVMyVXhSWHBMTTNSbWFqQnhTV3BLVlhJM01XaGlOVnBHVVZGT2RUbHdYMVJUWjA1UE1uVjJSMk5hWmtWb2IyVmpVMnBxVDE5RFUweFhlRzlKZG1GQ2FFMVFZbVpHUjFFMVVFVk9TbkJaYW5Vd2IwUTBXRnB0VFZKU1UyVkdZVTlHVVZCd05tVnVlVVpJUzFKQ2QyRnlVM2hWVkhkcVlsazBZa05zYjJReFMzbHphV0p3WVU1eE1YSlBlbTVIVkhoWk9IQnpNbEJmTmpWeGMyTlRlbTV0VUhnNWFGTkpOemxaUWpCcVRtODJTbmRUZEhsRE1uVjNhalpUTFRKMlFrRXdiVkprV214UlNtbFlRVFJ4WVhseFdtNVNPVWxKTFVsck1sbHBUelI1UlZGelZscFdWVmczWjJobmFUWnRNR2N6VFVOMldVZHdSSFp3UVVaZlZWaDNWMnh2VEVVMmRHSjJPVXBVYm14alN6WnhiVU5RV0dwb2RYSjRSbTFYYVRoQ2RFZE1aMWw0YmxGSVdsbFZWblpzUkU5dVlYSnNjR0Y0ZFVkMExUWnhlRmw2UVhsNFkzQlFZemxCWlZJM1J5MTZlazFXYjBsNWVVdEpkblJYUVRaWGJ6VmtiRFZZTFVsdk1UVnJkM1pHZURVeU9HTnFTakJ5TkVGUlJERm9kakZGVlVRd09GSkxlblZRVFZkRE9XRjNOVTVMTTFKV1dFVT08L1NCPgogICAgICAgIDxvdGhlcnM-CiAgICAgICAgICAgIDxlbnRyeSBrZXk9IlNQRUNfVkVSU0lPTiI-MC45LjU8L2VudHJ5PgogICAgICAgICAgICA8ZW50cnkga2V5PSJSRVRSSUVTIj4xPC9lbnRyeT4KICAgICAgICAgICAgPGVudHJ5IGtleT0iRk9SQ0VfQ0FQVFVSRUQiPmZhbHNlPC9lbnRyeT4KICAgICAgICAgICAgPGVudHJ5IGtleT0iRVhDRVBUSU9OIj5mYWxzZTwvZW50cnk-CiAgICAgICAgICAgIDxlbnRyeSBrZXk9IlBBWUxPQUQiPnsiZGlnaXRhbElkIjoiZXlKNE5XTWlPbHNpVFVsSlJqZFVRME5CT1ZkblFYZEpRa0ZuU1VKQ1ZFRk9RbWRyY1docmFVYzVkekJDUVZGelJrRkVRbGROVVhOM1ExRlpSRlpSVVVkRmQwcEtZbXBGVFUxQmIwZEJNVlZGUTBGM1JHRXlSbmxOVVhkM1EyZFpSRlpSVVVoRVFVNXBZa2hKZUVSVVFVeENaMDVXUWtGdlRVSkhVbXhrYWtsNFJGUkJURUpuVGxaQ1FYTk5Ra2RTYkdScVNYaEVWRUZNUW1kT1ZrSkJUVTFDUjFKc1pHcEpkMGhvWTA1TmFrVjRUV3BOZDAxRVozaE9ha2w2VjJoalRrMXFTWGROVkVrMVRVUm5lRTVxU1hwWGFrSlhUVkZ6ZDBOUldVUldVVkZIUlhkS1NtSnFSVTFOUVc5SFFURlZSVU5CZDBSVE1rWjVUVkYzZDBObldVUldVVkZJUkVGT1EySklTWGhFVkVGTVFtZE9Wa0pCYjAxQ1JWcENVVEJWZUVSVVFVeENaMDVXUWtGelRVSkZXa0pSTUZWNFJGUkJURUpuVGxaQ1FVMU5Ra1ZhUWxFd1ZYZG5aMGxwVFVFd1IwTlRjVWRUU1dJelJGRkZRa0ZSVlVGQk5FbERSSGRCZDJkblNVdEJiMGxEUVZGRGFHRlBNR2czV1hWVVMydG5iMU5MTW14SFYxZ3dSa3NyVlVsdUwyUkllR3BZYjAwM1RtSnVabllyTVRoWU0zWkpRbFZKYkZSa1ZsTnFXVWMzTVRoRlIzQlFPRzQyVnpVd05UVlBaVzVrTHpSM1JYcGFhSFJKVjBkME5FOXZTelJrVVVWTWFtUllTMmN4V0VSdE1XSkxlVkoyYmtvdlpsUnNUUzlXY2xkVWFqbGlZWEZ4VVdsUFZFNHZWRVJHU1dFeVR6TjBMMFJaYWpRNFVHWXlabTAzUWxNMlZYcGFUbUozUlhCUWVVZGxlREV4Vkc5MldrSlRSRTlHWmxacFNrUnpOVkVyTmxvNFFYQjBhVTVWUjNoQmFqWkZkVE14YVhaaWNrVm9iME5IUWtSdWNVY3pOV3d5TDI1clYyaFBiWEZwWWtZd2RXaDZNak5RTTBkVVlsWTNkRVV2WkZoQ1JEaFlRMHB4TjNKTmRHRk1ibWQ0YzJabVMwbHNTbk0xTVVOelVVMHJjbmxFS3pGaFYyMDNSRXhUUVVONGNESjVaMWhYWWpWUk5sRmhVekZoWkRoclRscEtWVlpPZUcxT1ZuZDRSaTlNV0N0VlluaGpObkZKYnpWTk0wdEdkREphV2sxcWFsbE9OVzVqY0ZwRlJreHRjVVZhWVVGM1J6RlRiRVJ4WVRSdmJFeHlRMFpEWWxCamRGUnRkbHAyYzJaRGN6ZDRObWs0VW1rNWFIVjZabkY0WmpKak5rcG1ha1JKWTJoVlppOHhVazltYVhjemIwcENjemwxVldKb01tMVFObU5pVGxoS2FFdFplV1JwYVdNMlFqQTVSMm81T1VaSU5VMWplREpLT1hJemNXaGhZbTUwYjNBMmJsUkNaamQxUkRCWVN6QjZXa2Q1V2pCU1pYTnBVVzg0TkU1VVkxbGxOekp3YzBaYWFXcDFVRUZOYVRGYVdIRkhha2h2TjJnNVZVbGhibFkyU3psR1ZHcExiVWhGZVhjelYzRk5SM2h5VjNKM1MzRmlWRkZNU0RabmEyMDNkemRzYkZaQ1FWTnhWMEZOWlZOclFrbHBZMUZSU1hsV2VFVTRVRmxXTXpkTFUyUlZNRWM0Umt4NFQzVkpOSFUzY210RE5qVkxNM1pETTBKamNrMUtPRXhVUzNVdmRteEdSV1JQY2t4VWRGZFlVamhtZDBka2VHcGxhRmg2Y1hkSlJFRlJRVUp2TkVoR1RVbElRMDFCYTBkQk1WVmtSWGRSUTAxQlFYZEZVVmxLV1VsYVNVRlpZalJSWjBWQ1FrRlJSRUZuVjJkTlJFMUhRMWREUjFOQlIwY3JSVWxDUkZGUmJVWnBVbEJqUjFaMVZURk9UVWxGWkd4aWJWWjVXVmhTYkZwRFFrUmlSMnhzWW01UloxRXlWbmxrUjJ4dFlWZE9hR1JIVlhkSVVWbEVWbEl3VDBKQ1dVVkdUWFJtVTFka1JsWkpOV0pxUWxWdE0yRTVWa2R3TjNOMmFHMHJUVUk0UjBFeFZXUkpkMUZaVFVKaFFVWkNNSGt6TldkMU9GbHRiVUp0V0VwbFMyUnpWM2hyV1hKWGNYcE5RVFJIUVRGVlpFUjNSVUl2ZDFGRlFYZEpSalJFUVdSQ1owNVdTRk5WUlVacVFWVkNaMmR5UW1kRlJrSlJZMFJCWjFsSlMzZFpRa0pSVlVoQmQxRjNSRkZaU2t0dldrbG9kbU5PUVZGRlRFSlJRVVJuWjBsQ1FVRXpSRXc1TlV4amRFd3JSVWcwWlZoNFIwRnNVelJvYXpWSVlYbDVjMVZrVERVck9ERkNiR2hDY3l0WlQxRk5iMk5CZVUxamQyWTBMMFpSYWpSSWFHZHNUMkZuYldRd2VqZFNiWFJsVUVoS2QxRTNRMUJMTkZaME9YcHJTMjg1ZG0xck9UWm9UalZzWkV3MFl6Rk1ibkI0VUZaWVVHd3JVbFJGWVVKc01XZHZkMk0wZUdOeldHWjJTMmhFTlZaT01XSkRVRkk0ZEhCSmNIa3JXbmg2T1ZoTGFYRjZSQzluVGtkRk16RkphREJpUlcxWk1WRnRWbFYzWld3eldHNVpNVWs0YTBaMVRXbFlWWHBLTkdOelFteHRhbkJDS3psNVFXVk1WR1owYzNFNFRUazVlbmxaYlZsR2FIcFhZMmxuVGpGRk0wRlZVQzh3UkRKMFVGcDNUVXBSVDNrNVIwbHZWalpDVEVKelZtSXpLMjAwTW1SdWNWWkxkMVJ2ZFVSR2VYRjFNbGs1ZWpKRk5YTkhSbHAxWVNzeFMxUldTRnAxTTBNMFVuVkJURU5QZUhCNE9GSXZjMUpXUm5CS2IzbEpZblpDTVZCeVFVZFVjRk5TUlZKV2FWSlZUWE5XYm5OSlZEUkZjVGRIT1N0TFZWSlJjRmxNWkdaS1JGaDFSa2g0VTIxUU4zTlhkbmdyUkU5ellsWXpUbWR3U1d4dUszWlFZakJuWkRkb1QxRlBjMWR2ZGtseGQwSk9hMFZyTkU5NWEzcDFURU5wYldGMmVUVklkRXB4WW1sTllpOHpVVmhST0VWb09EbElVMFZoUW1Nd0wzUldOazAyY1doT1VrSnJWVGxITVc5U2R6bHNXbUpuYjBsRmR6WTBOMmRFZWs5YVJGSmlaWEZzTkU5SksxcFFiR3A1T0dwUlpFaFFXbkp2ZUhSRWVXNDJiRmsxUTBoNFV6ZDZjekZsY1dGbk5WQlNNVFpCVjJGTVJEWjRjakIyVTJOdWFYWXllWFJsV1VkdVNFbFlObWhNVERZdldXaERiMXBoZFdZNVJuaHVkMUZOYVROTVdETTNhRGxVUm01YU0wbHROQ3NyVFdac1NFNVVNRFJZYm5SdU5HSnFXamRuUW1vd01IWlhNV1YyTTBWaFFWcFVUVEEzWlRSc1kySXhVRVJWYWk5dFlubzRTak5WUVVGMmVqaHFjSEIwWW5GV0lsMHNJbUZzWnlJNklsSlRNalUySWl3aWRIbHdJam9pU2xkVUluMC5leUp6WlhKcFlXeE9ieUk2SWpFeU16UTFOamM0T1RBaUxDSnRZV3RsSWpvaVRVOVRTVkFpTENKdGIyUmxiQ0k2SWxOTVFWQXdNU0lzSW5SNWNHVWlPaUpHYVc1blpYSWlMQ0prWlhacFkyVlRkV0pVZVhCbElqb2lVMnhoY0NJc0ltUmxkbWxqWlZCeWIzWnBaR1Z5U1dRaU9pSk5UMU5KVUM1UVVrOVlXUzVUUWtraUxDSmtaWFpwWTJWUWNtOTJhV1JsY2lJNklrMVBVMGxRSWl3aVpHRjBaVlJwYldVaU9pSXlNREl5TFRBeExUQTVWREV5T2pFek9qSXpXaUo5LmVweWhUSGFMUmdGTHA0X0UzZFBRbUZPWW5CczBlVWduMXowMWtjNkZWZFBCa1NpTjJFcHlSY3pjMTlnUGhHS3ZsMlZVTXlOWUgzelFYWEtxZkRMMlIwXzNmZTFaWWhsX1VKOFNIY2tpeTdQbUVFbFBETVQ1QklCcHVvdUFrWTFaRHltRFpkVEozdWQtUkFkU3JkWGdncjNQYlVXaE1KWEwwZG9FZThjWlFJYXBOZGJRMWlMRVBSVVBvNTV0c1pYYmVJbnE1MXN2dnVfa2t4UU9QSnlPS0g0c21FMXpGVjdMYUF5N1NFaU1jYmwzS2dmSmlxejdPRmZmVzZYU3E1dnNmbnlvMHBKY1o1YktDNnBiQjMwZmdRYXp1akRVeFlkR09CQU4tZ0pQNWZwLUFUMWs0Um01bDdIczFXTlZMYzZNZkF5eThacnRYTU5jZ2NrWTgzc25OcndMTS1sdExhLXZKQ2RZVVFDLXBiOThlcGMtSjUydDdSWTZSb3I5dDRONi1qWk02enRNSzN2NW8xZFVKM05QakpVLW1tUnNZNmc5Qmk4djh1Y29Temc3alJ0U05KRy1qbFl3ZDhiYlF0T2Y1UHd5RXhyLTZWa3pKNTZYcjBteXlkUDd1UVN1aWtLNzN4MXZxVWNtYlEyNzdBTVhYM21sQ2lnLXAzU1RvRlRqeFB1bkxMYmxnTjA1OGo0MjI1Qk9Xd1hCRzZDbzRBemZ6VTVIT25PcVdMaWRnbFJFR1E1RG0yWTBhTHB5YTFmNXBRZ0NqcmoxNUFrMHlTM3l6QlpLQTVQMEthSFFBLXVIc1NINE84SjhwWkF6clhsSG1ybzVIck5Wd3RoSlUyaUVCbTllaF9wdHVheUd3cDQ4ZUhRakRwdVV4Z2RsWjIxSEVjcjBsYmJZQ1hvIiwiZGV2aWNlQ29kZSI6ImI2OTJiNTk1LTM1MjMtc2xhcC05OWZjLWJkNzZlMzVmMTkwZiIsImRldmljZVNlcnZpY2VWZXJzaW9uIjoiMC45LjUiLCJiaW9UeXBlIjoiRmluZ2VyIiwiYmlvU3ViVHlwZSI6IkxlZnQgVGh1bWIiLCJwdXJwb3NlIjoiUmVnaXN0cmF0aW9uIiwiZW52IjoiU3RhZ2luZyIsImJpb1ZhbHVlIjoiJmx0O2Jpb1ZhbHVlJmd0OyIsInRyYW5zYWN0aW9uSWQiOiJhYzI4ZGY4ZS0yMzg4LTQ0ZDYtYmFmMC1jMmQ0MzYzZDczZjYiLCJ0aW1lc3RhbXAiOiIyMDIyLTAxLTA5VDEyOjEzOjIzWiIsInJlcXVlc3RlZFNjb3JlIjoiNDAiLCJxdWFsaXR5U2NvcmUiOiI5NCJ9PC9lbnRyeT4KICAgICAgICAgICAgPGVudHJ5IGtleT0iU0RLX1NDT1JFIj4wLjA8L2VudHJ5PgogICAgICAgIDwvb3RoZXJzPgogICAgPC9CSVI-CiAgICA8QklSPgogICAgICAgIDxWZXJzaW9uPgogICAgICAgICAgICA8TWFqb3I-MTwvTWFqb3I-CiAgICAgICAgICAgIDxNaW5vcj4xPC9NaW5vcj4KICAgICAgICA8L1ZlcnNpb24-CiAgICAgICAgPENCRUZGVmVyc2lvbj4KICAgICAgICAgICAgPE1ham9yPjE8L01ham9yPgogICAgICAgICAgICA8TWlub3I-MTwvTWlub3I-CiAgICAgICAgPC9DQkVGRlZlcnNpb24-CiAgICAgICAgPEJJUkluZm8-CiAgICAgICAgICAgIDxJbnRlZ3JpdHk-ZmFsc2U8L0ludGVncml0eT4KICAgICAgICA8L0JJUkluZm8-CiAgICAgICAgPEJEQkluZm8-CiAgICAgICAgICAgIDxJbmRleD42ZjliZWYxZS0zZDQ2LTQ1NzUtOWFhNC00OWFkOTA0ZGQ5YWY8L0luZGV4PgogICAgICAgICAgICA8Rm9ybWF0PgogICAgICAgICAgICAgICAgPE9yZ2FuaXphdGlvbj5Nb3NpcDwvT3JnYW5pemF0aW9uPgogICAgICAgICAgICAgICAgPFR5cGU-NzwvVHlwZT4KICAgICAgICAgICAgPC9Gb3JtYXQ-CiAgICAgICAgICAgIDxDcmVhdGlvbkRhdGU-MjAyMi0wMS0wOVQxMjoxMzo0Ni4wOTI0ODBaPC9DcmVhdGlvbkRhdGU-CiAgICAgICAgICAgIDxUeXBlPkZpbmdlcjwvVHlwZT4KICAgICAgICAgICAgPFN1YnR5cGU-TGVmdCBJbmRleEZpbmdlcjwvU3VidHlwZT4KICAgICAgICAgICAgPExldmVsPlJhdzwvTGV2ZWw-CiAgICAgICAgICAgIDxQdXJwb3NlPkVucm9sbDwvUHVycG9zZT4KICAgICAgICAgICAgPFF1YWxpdHk-CiAgICAgICAgICAgICAgICA8QWxnb3JpdGhtPgogICAgICAgICAgICAgICAgICAgIDxPcmdhbml6YXRpb24-SE1BQzwvT3JnYW5pemF0aW9uPgogICAgICAgICAgICAgICAgICAgIDxUeXBlPlNIQS0yNTY8L1R5cGU-CiAgICAgICAgICAgICAgICA8L0FsZ29yaXRobT4KICAgICAgICAgICAgICAgIDxTY29yZT45NDwvU2NvcmU-CiAgICAgICAgICAgIDwvUXVhbGl0eT4KICAgICAgICA8L0JEQkluZm8-CiAgICAgICAgPEJEQj5Sa2xTQURBeU1BQUFBRHZwQUFFQkFRQUFPOWtINUFvSkVDb29BYllBQUFBQUFBRkNBRUFBRHdJQVFBSUFRQUlIQUFFQjlBSDBBZlFCOUFnRkhRRWZBaFFBQUR0b0FBQUFER3BRSUNBTkNvY0tBQUFBRkdaMGVYQnFjRElnQUFBQUFHcHdNaUFBQUFCSGFuQXlhQUFBQUJacGFHUnlBQUFDRkFBQUFSOEFBUWNIQUFBQUFBQVBZMjlzY2dFQUFBQUFBQkVBQUFBYWNtVnpJQUFBQUJKeVpYTmptY29BQVpuS0FBRUFBQUFBQUFCcWNESmovMC8vVVFBcEFBQUFBQUVmQUFBQ0ZBQUFBQUFBQUFBQUFBQUJId0FBQWhRQUFBQUFBQUFBQUFBQkJ3RUIvMlFBSXdBQlEzSmxZWFJ2Y2pvZ1NtRnpVR1Z5SUZabGNuTnBiMjRnTVM0NU1EQXVNZjlrQUJBQUFVVnVZMGxFT2tkU1FsUXdNZjlTQUF3QUFnQUpBQVVFQkFBQS8xd0FJMEp2RUc3b2J1aHV1R2I4WnZ4bTRGOU1YMHhmWWtnRFNBTklSVS9TVDlKUFlQK1FBQW9BQUFBQU9tQUFBZitUejQzZ0U4NDRyTHFYQU1vRkc0bzJlMWh2UnMyYm5PMlFVTGI5ZHZiSG5peXp5bjRDbGtGVXNYQ3l5aDVKN1N1QlBjZEV5U3JzRUVXdkVlclpOUGpaNUFBeEd4U0FHTWZkUHRhQVlvTUVTQXhWNU92Y3huV1FpWUNBOFVEdmhwZDZSS1BRU2xhTnkwczJMU0o5cXdhdzZZQ0E4VUJFVmZCTkk1aWk2U3gzQUNZTUlwdkZYOGdIT2NKQWFjdnByL1VvTTBBQTNtVytNK2dCcFp2UTdRSkFMQ3RIcmFZdnB0azZXWE9rOTlYVitRK3hzb0RoODZqR0lTRTdTSnhkOG9pSk1kUmg0VlFTNExRTnVpelh2eDJ4MnF2Z2FvQ2JPZXFCNEhZODFnWVFOOWtqdER3WlRGY1ByQTkzQnk1Y1Q1RUQzcUhYSjBDODRjWGkySkJkRmdiV3NnYUl0eDlwWTJHQ3BWT2pvTFlQRWpua2p2NXgzNjVOMmFUOXFtdTlHbzNrbFVCTzdqTUdzOGVhUHdmZ1JpNkNHZWFYKzh1R3NlRkhvTlBlWks1azcwMTJSazJIYXQ3elZjaENBSWdsZW5nM0E5b2syZDd0QXVLNGppQjZoNFpMUGlNOWRXRjNrY1FYWXViMDkrUjdGdEV6N1ZxckVCcG1oYmZEQXlTRlgwNzBwcGpQaVdEOWdNTXlHcGlSNHZ2L0NRaHRkK0NsdEROSlR4dWRySC9VZmVmMjlnQlRXK21XT0ptTTZtRGJMQzMzSUkxU0I5UlJTY3lDWk5SMVBod1ZzbEJhNElFbHhqSmRyM29Vbnk1RHZkUU1vRC9mTUM5WjBCb1o1Nk9yQmFkLzBxWWVYcnZITVR0Uy9xSkwxZmwveGlDZ0hsTVgwaDJFclIzaTZHWmNHMW03K2NwS3JLNHQwRndhOHNUWnpZVXNzQThMdEM2b1VGNUQxaDFYNDRoOVJMVEF2NkpiSTBEZWJPZ2lMOG9IL2duZjI0SnRCOW1vL2RmV0VOb1ZOY0d6TWcxejdsVWo2SkVPdmpVOXliOXZvV3NoNit0WXdxMXdicVRZRHh1TWdqM1RCSHlRWXpQZ0hZbVZXSGQxMFMxNjJNOEtaY2srVEova0lJZVdOeENXMHdkQlJHTTBDcFlJNWorWm02MmRRbmFWcTlWQzUwUUNCV1JnNDlmVjJBQ0tuaVh2RVI1MzRLaW5UWXZJZzBwcms0YWZQLzhNYURtdzBaVkx0YlJYeUVRVktmdjBOWGJGaXJ3RDkvZ2R2R3N3a0N1cm9jRUJ4ekRtUUh3TWxyN0xpWE9lM1ZGKzFaeTU4UnNQb0FiZTAydmQ3QlpvL09lOHlGdzd3V0RIZ1NRRXE1T2VUTjdJYTJHWHdXTUhZQ1FqcWR6cVpyRExqbGpEY0w4cXdCZGUyclQ1MnBTd1JBRDkwTEFIUEFBUjFPZVZJVTZsYTBRbWlIbkZMbnhEYUhQOXR2aGQ5d1gxY09mVGdZUy80TWszamZhdlF5VkY1OUVGWWJIN1pIRWk3R3Vrem9Eck12UTd1OGJCc0ljeGhOZk54amNtWTlVa2JsR2ZSM2Q4RWE4dnpKdmRvczA3UmkzUnJkOXAzaTlxQ3gzTTRYcHA5b0krNUJsMHpMR3liNUhxNElKSjh5Yk41Y2lsQ3NSNDJDaHFpYjAyb2lsN3JNczJHZU1YQzhDN29tYk04TG56TTk2eUtxck1ZV01FenM4Z3hsV3VBVFB2eTRjdHZBcm9laVFVNU9jMW40Q2NsdlhhUjhkck1DMWtEM1haNDZmN0crVFV2TXFsQ01HUE1Sd3JJdjZnYXg3dzdqVHpabkE5QThReUFMdHNLQmVNcVQ1L3l2Q0psQ3NxQmM3eWViMnlSaTZ4NmsyYSsvM0J4RVBmeXNGVTNpeGpOVnNWbWxOdzM3SG5yb0Jtc21LOExCZUJ4WUEwdUtDRm1IVkFOYTdQRlRPMlpqeDBjWDRDK0VDdFo3N2dDNWZ1K3JmaXhoYmwrclJqWGZMeEhES1JvSjVUbC9FK3pjU1FrUGFjSnd3OGx4S0Fpbm1xVXVBSDBJYldsZTc4cGl0eDZTT2Q2cWNJYytpUS9wVWJUUFdTaVVFUEtvc2R4NUpNWjVFb05mSlQ4aG5UTFRYcnp0U05PZEIwVWtRQ09uSW4zT0owQ2Y5RlBBVHVVdjdUN1hwQmIzc2hDNWpPVWdMbmhlL0tpVVdGaldmTHJmWWJRcXFlL3RKb012M3pQRzd5V2pvcjYzdmpyZ3gydE5zZEMyYzI3Z3l4elJ4MVBNT1FKVDVHdUNyY2o2M1I1dEpsY2NkWGNCSjN2NWF6STB5R1lWdlNiQUdNMnd1enN1UGY5REgyY083RFBYc1kwNVhvVmc5b1QvNTB6YUZEVHhqdEVTSjh4cVdBVUhLS2RLME1uR1hsUm9nK29ZNGxYb3ZEVm5VWjNxNUxvTC8vYXArREJOSTgza2J6TmNBSmF2MHU0eHVyVE9meHYrSU03ZmQxVGk2VW5oa01LTFdLaVpsNGJVMXB4VStFUTB5Vm5uMjNqTmx2c281bUpLRlBKV00velJKWDVXY296cncxOE9oOVdDV2xzOXF4MExsYnJpNDhIUnNSaEJWZXNvdnJ1aG5Bd2dlQ0lEbCtMK1VZMHkrbU15eStJblI0M0wwMFh0QzlrNFJDN0twck1KTTgvbFZYR0RVVWo2YldkQWNmbXA5MHZLc2ZndTNQVGRBQzA1OGZZQmdZUEJXNTcwbm9rUXNBd2JpMXgyZzNiZ1NFU0YyTFhUMmh3VzNlWGp1OUtJejhUa1NkRGFJbWIvaVoweHYwQk5WMVJBQXB2MmYrbEdjVFM4dlBWdklVbXMvRHpjM1BaQ05MR2s3UG1Mdi9PSEdwYnh1Q2hCdExldFg4TFQ2Z2Z0WHhQenF5UDF5a3ZNRWpmUnp6aDc5ZTVEK0pnZUxjRTlvampFWEh1Q3VOOEtzUllRVDVjWkNHUndBSVZqUkhOcE9rUDlZSzJjVGVmdG9wRzdGT2RjazJlai8ycmx6dEV5KzFSNUJmMXRMQXEyMXdPc3MxbVZHYU50RzVDTG55TUpZbjFrUEZpZlBsZXdEbW9Mbm4wZFRDWFJXTzVQUW9QTkVxNTkrT1NIeEFMUVRlSWJLamZ6TUJsaHhhdU1DTzRRNElvblR2OU41Mm1jR2pkVXdtL0EwMjd5Y2JJcm1zcHFQWXVzZlVac09uRG5CMHdaWkpxSUN0akFhOE1WaTVGOUwxYko4NWxRczFpU1FJM1hyNEltZzBEQWw4MXBSdGhaamhqemllUXhiN2tjUEN0ZHFSNVFSUUttblo2ZDNMdDNsNVlPK3g0eElRRmNlMUZUUlJTNTZqOXc3WDhyZmtGaHlCOWQ5MkRIb3lKeDRvUWlhQWpVdEZvUnU1dEFlWVg5NTBXSjVIUjdnUGFUR3hLa0FWNTh4UG55OW1NcDlLbzFHMGo2bHdTeTlSd3hSMitRcmpHRlFXR29rNTIrMG12VDNPRzZuSnkwdzFwWUJlVUQ0c05VQ3QwY2RKZituQS9UdGszbnNmOCswNE9rRHRoa2FoUm9ib0QvMTJvL3JZMk42alVCZVphQ2VicUFORS9lYWFQV0o5Smd3dHg0U09LZE1SK2tQZlRobFludHIzOGdoQ2NOSTJINEVVNnNNYWZxV0F4SzllVDlKdWJ4SnRncXZrNmNoeFJnK0gzaXE2aitrbVkwSE5pQkRrZkcvM0lpOW9wT0xoMldMY1hNT0lFd3Y1UFZjOUFFS29ZVWtxZEYrZWhKMzlLa2pFMzdTbklhRmQyYStDY2dEZU5vTlZJR0g4UWtNUHE3aEhkeVNsM3NESHBuN1Q1blNYZjNtWFA2aWtrbEg5Vm42UjFKNVYyK1NNcjNaZFZ5UG0zbE5vTWlpbllsTzFqa0lNYWJUYVI0RTZiTzdTM21SRnhJTk1uRDlnT1pZUmNEczN5NTA0c1RtZDdxVmxPeGxMK1RaUWpBMThUTmpDMi9xQm9VcFlSaVJaQ1o2WEFmVFZseWhKR1dxMlpZREh2Y2JPTXl6SU5WVFphNUxKdVkwWFlHMlcyNVZKRzltd2JtRmhvN1hlZE9WaW9qK053MldORkJHaWM2bjNsMDgzZDdoTnVMUjVWTUpGUDhqc0d4dUM1bW1TYVF2bjJwUzUyMGxUbEFDTlZIdVVlUTFkWjJTRE52ZHN6WE91bUdwanpGM2drRmNXWU9KcGEwRWg3SnFIdzRsQXRZcVBMcjluczdJL0lDVHdWZTV0L1p0OVZsaSswV2NjVkd0d0c0eUJrN1pMdGV1SmFncXJUTmowT3drWFNBdjZMaU1zZ2w1V0dFRWF5cFFNVHQ5TmFBeWVvamxxK0I2SHJxb3pQd1FpeHVNWmNKcUhZY1Q5c05LQW14aFlYUnlRbkg3eUlMWmJZYVdreVFVQzFuejJaNXFQMTRJU0o4NzBXWkE4TmJaYzA0WnlpTkVCOGhJZ09hVkxYSXRpTlh2R3FOcCtFamkzVXJJaWFxbk0zSnkwc3pYVkdSSWNFK2RiQTdubHMxalFibjYzSXBGd1NzVHMxWDNmakJKVjFqRy80Q2xiQ3hBa2hDdjM1THErUFpQYTRFbGRXSURSVURxNnlsZ2lKOXJXam1ndEFYTm1lK3dXaFhIVEIzS003MjVjSFovWm0xcXNZQTE1N3ZsT0tUMFBkUkY0aHZQQmZRZmdvckt1QnFnNFNPOHdEMHhnMFQ4MXFXdTFkK2VEMnhCdXZUSWJKM2c1Nmhka25qaXpFTHVCOTRsUTZ4dnpGbEJ4UWw3TFFVcEYraUNHdjUwSWgxTWRzd25McmQ1Q0ZpdUJTWlhzTXB0bHg5aVBqU3dFOTZickl5ZDBwVGtrZWs4MjFjdTJ6MktiUGU0SmFKaVJSc05OL29sUWladTA5TXE0cml0L3JHYkdQVzZhcGN6NGxFTE15SFRsSkQzbXZJeHM0NGNta2hUaGxPTnc0T0tDU0ZPS24zbzIyWWpvZnNDeEppOTF2cWdrc1V5OEFzdVhHUmhTS3RLMG8yejg2SXE2Vi81SlhSZkwveEowc2k4b1VPNHJ2cEVMYzJoanhIQWdYZW94M1Znem9ENFFlZjhkYXQxb2ZTU3k0SzVmaWNYYXRXVlYyY1JKclVYa29Ed0NVczFSUmhNdDlnZERTU2x3TnFzNEZ4TmF3NE5WdWJSS011Yy9kRGtQckpiU05tZ1JRenRMU21OK1BIS0xlTVp6SE1PRzFoVG5mRXAyUzJHQjExZDRkQVhLZTlta2RTNjJPNDBmT3UvSHYyNzJ0KytWM3czOWtqbStFclYxWHU0Z2RRWVhPK1BJdi9taW9UaWwrejNtdDhIY1NYVWxMRThxUG1qbHBzOExXcXJMWGgzRUdTaDQ4THdNUlZPZXNuUjZIRTNQZm4wVU1nTS8vUmc5c1RoOVdtOHdsQlZWUVdaeXVzOE1FZnd3MVR3SWRLY2lsZUpBN0MxWFVvNFJ2ZFlQQk9zZE5yMFFMb2ZZcnZuTEJoU01kZHpvNWxoM096ekpBMmhtYUZJbTBxVVl4YjRid0tLbEFxWEIvaGVEV1dmMUZqbEozUDhZc0g0dWNmTS9iYVZUbldKT2s1dmIvMk1EbU0rWDExVFMzUnhaM1V0b0hjSEtaS21pQVRnQ1dEM3VWMEgvQmxBRlNBUkg4ZW5YZmo5c0puZWRDdDR4MlNRV0NaZHMvM3ByVGxDbVE0cU5WYVhJOFdtSytXOVpvYVphZUEwL2Qwb3R2S2NKNUc2Q3JNSnlMei92eUJxK0FVMU1FY2tGdkd5TitoNlNpaDA0eGJjWXZ2ZnJpb1RqcGJCQjk5NTRYQjNxc0pQMUhPTm1lUkY3NzVHZDlLWlFPUXFScWlKczhxbE0yODZnL2dHcWNIUUhTcFF6V0dzbWNmT2N0K3pSYTZpWllKZnpiQWgyYWJ0bWVGNVpWTjhYS1pBUXZPT0dhdmJoUzRaSTNFbVlGZE03dncxTmRmY09HVTRBc2djdFNBUmYzSG4vQXBKTkUxTS9NSXNLUFVSRWVNd3dkalFFeUIyaTI2bGtaM0hyMEs3aEE0YkNmU01JTysyK1lBb28zM2Nybms2V0FKYXo3YTVsS0VoQ2VPS0FUaWVOV3Y4WFA1YU9MeXZSVGlCVVovVmJMR1p1VHZnRUNWTWs5czVEMlJ3S3FYTWx1SGNHYmJRUTBLWWlrbXBHQ0doUmM1cTFUaTdEdDZETm4vTVY5eHNrQjM5eFI4ZTR2R3E5UmorcnVhSnhkWlEwVFNPcTFZaDBjRVhxdXZnUTRKenBXbVE1NWUzdzI3ZVExQ0lySW5VZzd2bTdEQXlKOS9RTVdrVC9ORERXeFhjdFg4Ym5USG5YbUdJRzQ3ZkZPQXoyOGNReVNDMS8wVEZPSDBkY3NpRlY5STEzVVBKNmhUclcyUHN5UkZRNUZtWTlNVG5PVFBQM2h3bVFEdkZCVHZObDE2R1pEdHViOWpPZVpndUZxVlFydyswemYyYTlTNG4xTFlDQWdMbmVpZ0RDVWhOanFtdEFyeUVXQ052QkZiZGYyV2RqcG5YZkY0N05ZVzFLNVQwcDdXVW5BbWY4N3ZDcFlhWEZhbUEvKzVEaUtUNHRncHdNbWJFR3pCOVVxVTJsSytMMFI4UHoycERsQkhiSUFQVEZNU2hqejRPdndtaEMxTmtsdlpIOE1hVHFuYWdqZnk2V1ZVZGYyKzM3ejRydVU0ZHA4eCtWVTEwbDRZQXNYWXlIdktha2FIY2hqNy8yRkpJelRKcm1RNkpuckUrdmFkQURZYzh3Ky9hRThBZmltMjNLVzVvOGJZMnNlb1JQZXJ2Vlg3RWNHbnp3SGJXMmVkOWZndkVjWXpwRGwzSlZwZlJNYnZiYWNkQ2Z0T1V2VGxMaW1rejFoYk8yRllUUU10cGRUWXhFeDZjT1NsdzdvQVMzMnVSQVQ5QnRaTVVHUUxTUEEzd0w1Q1R5dEs3VnZzSXpvMmRJNzB3aDJWUlhwcHB6c0VRM254UzZZOWxaa3JHMkhIa3FBaUhNNElSakV6czZYVjJhcU1ydWdPNDlpR3pTREMrcmZQZ0RmR0Jib29BTUk3eU10bXY5ekxiVTlVOXRuQzlzSXlSdjZjaGRkNHkxeGRmS21DSEVMcTR1WENNbG9LbjJiR0l2M0YwN3Z0UFJHTDJhRnpWeUEvZ21vbkxpbE1VVW9DL3crTTFEYTZFWkVaa3lGanVtNVN0bi9uV3pzWFJtWFNGS1h0UWp5eG5ydjJON2M4WmZCMXU4NHVTUjkrMWZXdDcwU0c2SVAxOEFPLzFMcG10UHNZaUpUWE8vOHhqTHFMeXZLK0xzTXljczQ4eGFHdlB1dEwvS0RWUHpNZE9UZGlQWDhDcERmYTZIY1o0M0I3NkVhSG9GaitwbWE5bW01M3UvTk5Ud082ZjlBZnpvMUxXU1orTUhmQnVneHdoOW80THVqaEFMd3hzYlFnRzRMS2dvUjZwczRtZU5neVBnSEtCOGZqeUg5dk5lOStmd0JkeS9uUmdmWjJHUWtjelJheVczVGRXeldLOHNncVpqWmdYazBkZ1Rkd21Vb0pLUS9BV0FqWTdEcHllS3FLLzF5Q2ptcnFYYnNNM0xQVFZ5eGtBWXFwNGZ6dE42Wnp5TzUrWDRMeldkM3lQZEtJVEVhcDRKM3BqUmtKVzNnVlo0dE84K0VFK2FnV25JR3lxQ050bk9QejlkVEt5OW5nMkZOU24rUDJXMGdkMjZQNTIxMlowSFN5SCtYS2RsWmFRdzRzVkVBQnkvYzNLc0k0WUhRSGpXd1dSQlg4Y2ducXVFZzlBVmRkODB0ME5BemJMMjVHTXJYNWh3Q2RBSTRDOG1DZ2gzRjZiNkpzTTJLcVZaT1FVK3pSRkwvU29sS1JuVE40UmYzMU5SRVRrRGd3SlBhcHRaRnZkV3dqZjJRUFl3bjFmU0Y1MFRvaExrcUZJUlo1WGRzd0VsbXpSTGFRL1BnejhESnBGZjBtWnFKSjNQVzZXZFpJZ3p5LzcvR0tFSmdid1ZtdmhFSXgrR3VlU1l0SE8rYmFHR0NoKzRlNTlDbWlRUlVvSmU0YmRmOUkrYVVpQWNyTmlFL1lmbW91TWhXbnorRXY5eExIRFhQVVpzTmhHcXd4Mzl3dXRqTWl6OXYyL0ZUM055Y3ZTWnEwUUVkNlhrcGt2R1FtcG9mNFkvTEZXWHlodkNXYWkraHNXUzZybGpzaUlHdEsySk5Kc0daM1V5SVpCbnZvMEloemZmakluUXY2SGRpUlVwTnZsdGpSMDFqU2x1YnBUQllEbks4N0Z6ZGVhbHJjbjZ3MThnRkNFYXpqN1N6b3EzNGluWThNZTcxZ2YzMmZ2QVdOaUxzQ3RleUVWMS8xb2hKclRvOVgzNHA2MFhJTjFybnF5US9WS2JaejUwUXk2dWtkZHhXbitwcG5xc2kxWEh6NktBR2VyK0ZzTUVON29GZlgveEdkRzBlMGxIMFc3V3R6YWE2SE9DOEdYNHZPYmFHYjRNK3FCTnQrSW4zeU5aSWlHbk1ZUE9FeWRrL1MzamEyOTcycG9zRy9hOWE2bkRNWXNlTy9HWlBFaURnalAwYlgvK1BhOGRtd2NETzRLYlZ3N0NxdE1NcEFUa1R1ZmxDTmhqM2hCY0FTS1J0SnljNnJzOHlMSnUvalNNWUNnT01LenF1aWl1dU5VOGtQdTJaSWlOZXZhZ2F0RSt0c0pMWTJyazU1SWpUYm5wZXA4WjdSdmo3cnFURm5sL21UMVU2U2dwbVdMQXhGblp0d3lIRzIrdytocG50Z0hycVl4Sk9FQ2RFeGpxL2k0L1ZUOEhnOTJyYUV0WG42aUorSUtKZjdTZEN5QUNFRkxYOTlwMFhnYzFwbXZ1c0taeFVaTngySFExdmNYeE4xR0VUN2wxZFB0WWJNbXY0UzFxTzdPRUpxSThaQkk5Q0dsVDZ2cmlPZ2pzOU5JaDVXQXNJUTZWOUxETTBQNDFrZTBDMGZPVG1ZNEdMalNEZjNHYW5WY3h0VGdPZkVzRTY2RUlDZEwvTHg5M1l1a1RtbW54NzZNcVRXc1RpdnRwd1RIdmpSZGFETlM0a1hZMWxaUG5vLzlvS2wxMjZXdUlUbnFBclhWdHVsTUw0THJQc1NIUlA4MjRpOWFYNVVObHRkSU1xMU0yNTN5cGV6M0tXMFlCdXNBWXN5b3FYK2Y2K2RzWGV2VFl0YjNXU3d1Z1N5NXl4T2dGeEsrREtiNVdGMTBxanUrNjVDazY2NEo0TkZJSlhmcWhWZ2hzeDNKMW9JUHAweDRBZ2paZEFLQlVpc1hHQ3h3RFp3UkFQVFBkbjU1Wm80SUxmUUhNRXRZQUpxd284RDlRek15RlMraDB4S3pLWG9IQnVKSVhoelVDR1QvVmZFakhhQnprazQzMXpvaHJVeWJ0NlRuS2xRK0ZDVUZXNkQyYy9LY3VnaXkycVl3ZHkxREUwMVNYVGZLZmtaVVlwejdXcVB5TmZhSXdwMVE1M1F2aUVPeGhFMGlZRktCdkI2bzluTGpnOXlrQm5Tdm1zTXdXT0RGZlFPdmFKRnd4SUhqaEJoSmVrbmNGUXY4NVlleWx5YlBJSWR6cFJCbUlBYUJOaGRucHFaVCtnY3RDWUlMSGlFczFvWkJrQklzTUg5M2l2ZXhLeDVoY01aODNrZExtMXpMbUVrMTY0dFIyN0xLcnR0dENUWWlGNFVPWGZyOGluSU1McXB0V1VBa0hxTW83S3FHSHNCRGNOYVlNRXVtZnN3R3padnRrV2tMRnBXemJscmhxSjVFaUhHTll3WmpaQUdseUdkT1FiK2FOVFlSc3dteXRHbVF5enJLYUlrZVdJSE1NZzYwZzNPVEN2VjJGMEdseEFRSHp1NElSUk5xMHZUazVRSjBVQnU4OEgwdlpZS2JwSURnNG5qZjNGV2NwZlBKNFVTYVVFWVZYN1Mya2szeHhoamZxOVB2aE9TTEN0ZERZK08xT2lNdnJYWW85RnJnMFBUUWJ1ZXNDcTVjQ3c1aGNCY2dFaFNaa0ZEVjNPSEJwSE0rdE5BV1l1UmRaSUttcWVCTUtIUFlGRGR4K1JPNC9jWXhXUjBlTUZGeUFFMzRsQzdVbmswN3JwUjd0WXhwYkVIdzBrUGlIblhlUitqVFNWWSt4UDRVU2RXSDZmQk5ibFZuSzRvNktVZlMxeHNybWRBTHJaclhaWFliTEQ1ZlZvUDNKRnFMZXQvNXZLcjQyWVVaUlhQTHhYd3dZcEptRFBNK0t0L0RMMFVJd3BHbm4wTVNCakZxTEdJTHJZZ0NEM282dGgxbnAvSTg5Z0tXbDMxbWJoUWNnamFtbTZuMUVKTWE3OUhVbmZ3WmRhV2JiS2tLWFBkUGplUmVmSTAwZkpJTkZNcWFiUzJ1ZmVKNFhTSlZ1Q0FrbTJ0YWJOaGxOMHlyZzJpbWhuREV5Z1Q3N2NOQUJtdmY5bDRyaWw0bTVzbEpjMGFIdDJwd2pMdC9oeVZicklJUDVpWjZhdE8rZEsycEJNb3BQVFJqSk45TStrZGgzQk1DVmpLdnBEQUl0OTNTSnNPRWtVSlJNTTY5eFJTcnNlL1k0L3ZGRlYrT2VBTFNxTFFmS3BDOGVjU0N1UmI5Y3JDRTB3N2dma05RM1c1dXkzZlpBNFkrK21aY2o1QUtuQ2VsZ21nTkR2bDFpVExaVlFYRG5QbExJMXk3bFJVSkxRRCtkNjhHZ2ZzWDl2c2RSUjlpaXlMSzgvRjhTN2Y3cE1BNTBkWG5KYi9mODFQTzJNcmI3dU5uSG94UWNQUkhIY0txKy9ZcnJPRUl4NnlYWlZqTXg1VU5XSFRocnNoU3VQczh6TU9TMGNFOHhIYzIzcjh6eC96T1BUVjJOWjEwcVhZVlp0VHROL0pqajBVN0x2eGtpOElKV1NFYW9CQ0lweU9iTnk0WFNLUHppYUluTDhlc0JuQjJYcHdrak5pWTgwOXN6cVlvYkVTczFiMklIN29GVUxKZkZPMWZGUEdyTTVyd0l2UkI4cjhNU3h1N2ZJc29NZGF2ek4rV0V2eGhEK3BNVVhaZ2JuMUUya2kyZlNzTElwaWdyZlp0RUF6eHFSTWpsWDRxUWF5cUZrZWo5Ri9wZTgrSFJ6MXdyWC9heE5uM1kxN1FCWEM0cUxpcjg0L2NEMVhUbFM2SlJabEMzSkNDRzVISlBoU0tzUVduNVhsK1loZWpSQVF6UWV3Qy9KWWlHNmxNcEJZVGFwbHoyVW9qSXBvNXBtQkxScGlldXlaQkowODJ1ODV1WVZpZnAxRGw0QjZCTys2d09BaWhaMlUxdGY1cFdWRmQ4ZEthUEN0MGRrYUZzWEY2c0E3M2JkSHFCd3Q3UUZxMURpY0NrUkMxY2FQeWlRcjQzQjhVcGx2b2h5c1NieUtCMTRZYm5hMHp0bEdBVS8zbDNSejJzSTZ1bUNXaXhHNVhSV0ZNayszME9tNTc2QWpGdy9tR0prV0RuUjloeTc2a01ZTGZOemIxT2hkTGlHYmx6dUM2anVyV01Yd1ZDTmJUMmVYeWJLK0s4N3hyYUNGMXlWK3UyM1o0dVgxWUk0aW5pN2N0bzFvVXNRclN0S0cyRFdXY3hsRXFpVHF5dlY2M3pHazJWdE9rTTVIKzhWYVJXSDhudFQzckEwbmhIT3NjSTVIbGNobTJ2MXBYUVI1b2ZWeTFTUXZIQkh3cTgvc1NhamY3RFkvQVhlMHV3MjlTT0Mzd3NmdEl3TDR4andRY3hFZVVOYWxEVTlCVjZLcGNyam5LK25aa2o0OWd6MEQyR3c2bStzU2t4b2p6TE1pWWNmdGlqVTkxZi9QWVBNa3c1cGlDZ0kwY2xKM2s4bjJacXVsYjA1Y3BHTWpNTjQ2KzlZU1RGRlJXZklMZEMvM2FxUVRRTU9ldXVldkFwOXpzZS9hQjFpZ1VrblRlUkFJcmFXUkMzTmQ2aW9uL083V0NCMVVKaXduakEybElQTmY5VmoremxmVUVVSk9mM01zaVdZRlc4Y2ZRK3N6M3F4Z0JaQmRpNnVqb3doNU9BWk1Xejc0YTdHRUlqK0dkU014RTJ3ZnlSenlQaFpZSTl3ZGh4Skx1TWJYUk9MVHBEQkdtOEhSQVhEdHlQOS8zenZXNzUwUVQ2YWVlTVlpZUd1VEt6UG83bWcyeFllL3JaWC9aK1AxSGdEc0d3MlJ2ZE1sRTFTNFdaUElYYVdJRnpkRDlxeHkrRk1BajZOOGtrMnFQckRmR1VPekxjeDF4ZGg1ZnFWNnR3V3ZndWdHeGE3S1BUcDd5SkE2SW1lR0pkb0dtNnFQa0tDd0dIRjdiZ0pRV3plenQ5alZHbk1VVTd5c1crU01maHZlSDVGNmhUWlRHYkdkNFNLQkV0aXVBYjh0VEw2dWoyeHQ1NjBSN05rbURSVlFzZFNVTHpQbEpmNlJqbVZaOFp2ZW5hazB4WlhmWTVpc2FSek9HcnRjZm9pa0NndFhNNWJiTFl2RWVwa25TZDYyeFNJaERyNW1oZlZ4bHk3QVQ1dXJrdThoRExVOVBCeWhydi9lbTdZaGVtbGhKamI1Skx0SjRyaEI1c2FNN0hVZFNlWXJNY2RjU016bG9KVExUeTZwNWQwajNyZXU2VC9odXd2TDM5Yy9hOXB0SVhyUEQ0enJZam5tSWNFM2RmOU9acURFVHBhSzA3eWxpK2JHTVdZNWpTSTY3ZzliamNIUjk4c3RFTElQSEVydXZXL1lVdmYydW1OeWJKNTJpQUhHMzNHalhMQnZKRDQ1WGhpeW5GNC9QdThGb3pxQjZLVG5XUTczYUM0OFZEdkVKN1EvNGRlTWhpTG93OUNqR3JEVFhETG0vYWhIWmtJQnkya0d1cHcvQUZzTVZzV1NsMjNqaitrSklCai9yWDEyVmNUMHBnL3hIdFM5SFFlcmdFcEIwWDZ0WWM4ZDNyMUFtMUovanJoMXFwbHR0d0R1NHBXV1gyYU5NT0ovU3VMa2UvZzFMQzJzdXlFSlp3SUdrcmhFL0RSMmFlZEFGOHV3MjZUMjNvSERkeXU3ZjNST3lEVHNoODlobEdXVlRNZy9LVWI4S2tCQmp3bk90dHp5Wm84NEZOZzV6TVovWmI1RXJRUXZCdHVxYTFlZFo5M2ZUdlhHYk1TNkw5NkptOGJNQVBLT25KZ0RBZ0dnRFVrQkIweVhWQzNzWXRCbVZ1b2liT09BcllOeHVpb0plTXRNU1JCVFFhTVVMMFlSZFU5V2VNTHpLaXE1ajBNNHRVT3d3Z3loSDlONE8yZUxyU2FHZEZmeXNzTmU2UXhQNXJEQUZNVElEZ3RVa09aTGg0U2xJSU5qSmN2THRaa2p1RFBlUEF0STVPcWpmY3oxbGtyb0Q4UUhkQTlkUy9BazMwekJ3blQwTjEva1piVnBlOW5DTlFOZjhEVURYUkd2VUE3OHFlMEgzUlpqNSs4L1IrTkwrbjNNaFhIRkZQT1hkSlRWTVpwYjB2SFZ2bnhxS0pVdjNsU00xakU3cmNDNXNvVmhwNEF0elg3NmxjZy9DQm9LUEl5QURQSkVsWER1OXdvYXZTMVVMU0tUNEIvcHBiRkxtemplQ2NGM3RGQkMrRzlLTUFOS3MxL25YeUVwQzJaK2MwdTZ0NTh3L1JYUDFnSnFudkovNkpZTEdmbzRoTHlOOHRXdHJIQXJjdlZDUDl6OHJWSi9SeDdiTzg2elNmWUVxVzkrVW1yT3hTM294LzRGS3QwR1NKNTB0dzkxVFNuS2ZVV2RSUXF0UjNaenoyS0hjUUJaUU9sREJNN1BWN2c2RzNKeUxRL2VTY2paVWRQbnhRb0Z2R3h2bjZpdktScU0zOG9FQ3B6Q0ZmQmV6aklxRDFrRmIyVGtmMnR4MjlVQUxoRmY4U014WnZzeGx5SFBhWTFpaWp1bTdzeEpTd3M3M28xS2lmRU82NWpjL2xTUWVKTWgvY3VkenBhcmhENTNsbGFyQ3NtWmxwSzQ4K2hZbVlTMHkrQ0xUM1JHNWZnU3NIei9kY2x3QjBEVW9naFJtc2VVaFFkVVFPcGo2UGhkZ0ZSTTJKYjZYSEtVczhDSWxzOUh0SzRFYlR5SHhzai9ZVEpqRndLWmRNcXlDa1BrTkRkOHhMNzJHa1Y3bjVOY2o5ZFNDaS9SbkVXVE1tM2I5dWF6bnRUZWtmekdGNHBacG1SazlCcFBuT0RNQVdvWHlobU12UU4wYzRJWDR4eEtsalVNVGJLSlplcHpBNDRZTFhWSkdQVnZIdUsyMVQxamMvTGVUdk8yYWJ5RFlmTkpUTHE5WFJzOVhVVFlGc0RBRmhMUEZDOXlaQWlTS3RkbHdwM2IzdXpLWHVwZjBTYWdjaUgrdXlNZ1FubjZKTkFnclQ4aDBtdStwNmtSRVNHVXVDcWNIR1cwR1l3SllWaVdMTTZnM3V5R1ZWTVBZOXdMcDFWU0tmdXU3bWkxdFpKcXMrRG9QT0F0WHA2eHZXRmdqSUhPMEZWUE5HMm1JbkFzeWdCWDBJa2FsTlNuWmhCSlNNTG9RZEtuQm1iQ3h0c2lrdUwydjA3WXNtQjVGaFBjck1yZHFvM0pubUF2cmovMUJ1UVhIT1ZLVzVTQVVGWjhsQ2R4eEFZRDQ3aWZaeHZ3YWNaWm5GT1dqSFlnYW5FWXBVNmY0OWJoVU5NTk81a0JBYnVkVG94dmRmcWgyZFB0VGVQeHYyZlZCbW9acXo3M0NaeG5pa285TFNDRkRYbzlVb0c2ZEppNlBSWjltQitackdGMjdpYnpqZ3gvUFlFcUZ1RW14OFZyQ3J3UTg2NFNFYkM2MDljSlFSUVFWQ1loRXpCcXhaRGNYdjFFN05nVXA1M0MwTTJuL2c2VkhTeTRwYnVsblZuK2xSejRBcTdTSGVyK1l1dWtsdUdmQTB1S1hSdHlFMzc5Y0JodXVZWHk2OXZaQmdKZ3IxZklWdWNhVE9ubVdVOFNNUjhSVVdrMDdYdVJINVlIcGNpVVZjMGtDcjJ4MEpCRjlQU1kzQnl5Nmc2VjJkZXpVdWN3OGxaRFdoaDRXOHo4NXllRVhmYVlGR0tDTzZJaTJOZVB0OWJJaVdoaDhpNlA5elVZMkFlNkwzTHowdDI5YmUwcU5XcllyYUpyRUkvZXlRcHR2YjJhWVRXeHBOcmkxMS9RNWdmZmpPZVkwSG1zZWhlVks2aVRxaS9YQmlLU1Q4R01sMkNjdVZFU3JsRzgxNkdkaHQvTjlPOXZDaXE1bXpEQ3A0MzJyN2dHNzJ4MnJBUDFtdkZzUXVscENsMHJYR05Jc3RYdlloZ0FyWnV0NWNLTTJmN0dCeUZhMTJwZ283OGVLUDF5Z0RVTVBuZnFPbDJSNTVUYU00N2F2ZHdxVnRkb1IyZExwRzZNQmpkdkQ2SXEyM0ZFMG9BRzczZnFwVm1wTE1xQ1FoODZvNmgzbS9PZ0VGeEltN0pyM3hsUk1RV3BpTVJxK2FZVXBpcy93SXkzTG9LTXhTa3pMU0VNVVZoQ0ttWWxJU2xkak50cy9pZXY2YjdjYUxMcDRpSVFWTGwxdUg2UWJ3M054aEMvVzNqRXVyVEtpZFZ5OFRjYlVRWW1yaWRNNkJyRDRBWHFtOEhtVktCOFpJQWNpM3o1bnRQNlZaN3NaYWxqNnpBNHJGWFc3ZzZ5eHNtNUFLWERiRVdYM1Q4d3Z3aUZnQkhZdDZobElzZVdLQTk1bDE1Vm9lbHhhVm9VRGVFdXVnOFhpV0lxTWVrSGY4QUVVb1lYNzhEdmZQbjNtR0oxSURhdkwwQ2I0S3RScGJUR3lMSHNOZEtjYkxHYkhFSlozS0g4UllHR0dRME0wWkczRHVBVlRwcmZ2amM3MG0vTU9sTGZ5dU55ZE5BK1dLNGNaMXA3d0JUeWFLNU9YemNLQldCeWxEdk9RaWJHSjFuMm1wOHpsTExFL3pOZkdjT2c5NE04ejJjYXVlNndJUWxqVHVOUGxvbkV2VDl3SFRhSkxVL01GOHp6Zm1yWGlxREd2MjhnTUlxajNoSlpHd2h2QmRFa2tZOVVYMCtDMXpSYUdGNnFHVGdtQll6cURsMmNmZlBiRUhTL0xMbWJVMkJaNFZDME10dHdCdGxyZ0x5VDVrbFNJdlhzR0JQU1V5MTdKNXMrRlFYOEd4aHFXRUo1c1VMNU94eEI2OE9WQ2F0NS9qVHB6SGNYbGRlWUUzaWJxS2huekZwRVkrclU0R0IwVTBnN0pnVGkxMDhSRkRDRjVWSCtEZlRuK3dGVTF3d2lXaDI5azNrVVZxUUhIa2ExbUhKWE90NTY5bXNZTGRNOEkyZ0xVcnhHeGtzUzMxMCsyWWxXejJ1NzdudElmL2VrWlYvbUZoUXFicmh6SzJjbjlyOGVwZFRkSzhaTUlIQ0RSWVZuTXVKbmppRjMvRWhwemhYRXJWd09RYTRLRWJmaytWQ2FnaXhuY0R1L29IRXhPcDh2N1Q1cDg2Vk1jZ3dGZHRkQStMZ3NEeXcwSW9Da3RrZjh2ZUJTaUdMdkpIamkwWWN3ZkliTk9FTnFNOFVTZEExZ0c5WTlJSVlKbUlRSFpXNlNEV29IMWJzbDlWUlQwUnhxWTgwdlVEZXppOUtkWDZKTTJmcEhrV1YySitpaFZUeWlwcDJFOFFMNkJGa3UxbnY5dDMySWt4SHF2VGp1OXQzaG9NT0NCT2pTZUc4c01LYWhlR0R2QTk5eWlrS1N6MFpQbFRZMUtrUkdZSHpMVisva3VuZ3g2ak9XOFF6cThlQ2VrS1paeXNwck1WNVVyb0pPWElETTc3aDByRTFIellqZzVSUUNSMnV5SCtCN1ovRUNPNzNaQzJZWUJaeGdXaGNEZ0JEeFRqemtncWJQVVNhLzFqVFJUMUViOVFqY3A2QytrUzE1YW5mbFFPdWYwMVc1MGJhTnFoQXJPek1kZExCeGpnREhGZ2lIUFYxQ05VbzNBd1lKK1FRdS9PdW5ISUx1MXNxQ2t5L2tzd0J0N09FUm5ISCtVZWN1Ym40dWxTc2ZMdG5RcUNQL1BlTW0wMUZYczFFdm5HakNpV1ZtcFIzVi9BRnZ1TjVOVXZvM1JJMWQ1bk9CalZGY0FnaVpaYm9GZmN2NWxvLzNNa3hZanM5ZVlIY3FnVGE3MDArbTZMSHpVNGpRQmJaOEc4V3lDc3JObGVRdHdxcFIyU2xUS2xScncxMmtRZ3JCcXRVaE85dGcwVlJ5aXNMRGJZQlhTZUw2UXNKYWlwOVhncktiL3kySWJYdS9VbTNMOHc4ejMxTjlCTWVSUGxVVFlqWGNNQUoxdFpGM3lua2wxVkFJTGk1Zy9QT3U1SXVvcHJKUGdhSHF1NVROV2JoNWk0blN2NGZ2Y05FYVBRQkRYdnlxVndyME05L29YV3BTNURaclQ3RlZrdWM1VmZmTVlTa0NHb3ZCM1BvOEZ0R2tzN2N1dG9IRkpqeVQwQU5BM2tqR0JFRGlYNTRERTU3YXQ2am4yR3M5OVdDUElha0kvNGNrdWhpcGFGMGp0bEo3RjJHT1BRTjVMaHFYYmxUSnA4dEY3OEwzcmlpaTA5Q25CdWt2Sy85KzVCa29CZXZSQ3NIZHNLZGlscks2SldZNmxZaXpwL3hDdmF0OWtrZDhVUjFpTE4rUEFhb1VsZ0l2NUdBSDN4eHVuRnZWTzQ5Q2RLSFFEUG4wdWM2NEp0VUpDdkdrdU4vcmxOQXZHT1NaWENwY3JZdDVoTHNLQ2NDcm5pQ0cxSjdjWVhYeTdPQTRFVmlPb1o1eDZkTmdURHVnMnV2ZEVOVE9XQ2s4ZVRqYWZ5dVBnSXJEc0dNVnF4dU1LZmdJQ0FnSUNBdWo3YkFPU0NSSHpmZTRxNGV1UUQ1aEdPdCtHZitQc0V5WkpINzEybmMrSkZNSzNOQThsVUM2UHN5RmpuQmJ6THBhZE9RbU1ZTGtiL0wvRWZYdTBWNWdOdkU2a0E2Z3pEVm0yUm5XbC9uSnI4MnNuK1NoQi9Td29uUTBQb3IwL0Y5T3lTN0RhaFVQQWdGSjVER1lhb0xXMTBXRXdabThKTWhnRml4cGE2NndMckVxZjFkTFlCYnZHbU5EVnVqTzhTZ0xFbmJuRGorR0RiOEYzeXRxZ0NSMDI3bzdlMkxtVW1FWkg2MnpGOGh6a2lEZU1yWDZ2RFZjbDlXWitYZlMvcHdOSUc2ZVBvazZYRGU0SXYwbWQ0K1czMnJZOUJsVC9DcFN6U3dwWWQxQzZ5T2hkWk5GMTg0VklCUFFhYUtvOHE0S1ZGb3JUV3FIZUFnc0dRNjArdlh0U0JsRFFGVFd0RndIaFpsdXFqRnZNMzJrVzVIYkRxdGhGSGQ4N0diUEJvL3lBTkdIZG1HUDZMdEEwQ2xjZGh0YjFwZlM1L0Z3UGEvaFF0VDM2WVBuOXZvVUFNaXNJQlVrL2VPM2Jmb3pXMUszM2pNOXd6MmFETDdJdlU0alM2UFFvQnEzOG1JbU5HZGM3QUpNTk9pVU1jYXhuTUtCdnRXNHF0WHV1MGZDVnJVQW15ekFpYzFEWjVEd0puNUNZNHZZY3RxTzdjM0ZhdDcxYmU2VTdXZmgraWp1LzdXZmczMzhHbU8rMTUrSDJRNVpqYW44RytkMHhyTzU2ZnVlaE4yaS9CMWhkOWxIZXQrNkFBNDFBaTJ5emkyMUJvZUFueDQ3L3dSYSthbDhQaFZwa01RVDAwUlZkbFFwb3VrWU1CVXV2emxtUjAzbERPQ0pFYVA4V0d4Vk9kOTR6bFFyQ0xrNUs2K3BHdnRabVQ2Mm1LVk12TXB0YVVZNXhYbC9lVkY4c1JhNHJ1eWtLdVIzcFZwaEt5VTAvdEQvQmo2WnZuVWJiUG9WL1NsUFNqUWtMWVEzbUV6cm1tbFc2Uk1Kbk5IeTNHTzNnQng5Nk44WUVYMWU0aE1hQmZ0SHZqUi9vcWQ5QWhWcUhORGVyR0hNcFAyd000cWdIS1VyU0FqMkYzVnRJMEN2eFoyeDRNL2FkMTlYU0FTdjF0SFVvN3BIMnNKRDJvenlKaG5MOGZ2KzR3bUM4SmlkeEJuZlVmeHNYSFNMMU81eXI0YXZhWWlGSGE2c211dFU0MDRRWGYzSGdFclVvYm1aRi9FQi9qTmovQWxqb0tTQUg1S0JaQURSdTJqU1FXemI3ZG5oaytZdzRKaXNLR2toSWl0dnU4cTBid3cvSTBrcmhGWlJEa2lnN2hpQzh2V3cralhtL25vMThGcWNmRzdXU3FjNWhXWFlOd29KeGVnUjdCd2JoUHZDZHBCQ0VlNWE1NWZOZnhQdW1XY0FDdjB1SUo0dTJEOVFrMGFFc2VjaWJIaTdRWEp6azIydmJubWVxNlNZU0kvbWc1aGY4TEZzRnZIUnJlNnp2YjkvQ1Y2MXNwai81YzRXUXIwOUtraXhkNW50MDZ0dndBYVBNRlp1aEx3ajh4TUs4K0t6a1NsLzVpN2RJQnBuR2NYT1pNdWhPeW84NWJJT2k5SDE1Ykt3TUpoVG9yWmN1ZkplMDVCYlQrTEZkTnRFanQ2UEpKUHh0MkpTbHFiZmR3ek80ajJhUzRDaW9LdXZkTVZLV2VXVjAvcXJ0Ykt5cEFvWlBZQnM0aDhsRU1wZXNPT3FoTm5DK1l4ZVJpZ3gyczlibC8wMGptVk82MXFnYW5xQmd5b21XWlRPdWxrMWtIRUpqMWFNZGhiN3N0S3pNQkZCcmFyL3d2MUtCM3hTWW00OEFIamo2U0ZLMmtWQi96S2VxTE1zME1wbitDYWN1QStKdG11dGdyWEJzTUFPWUgrOEZLQ0NkZ3JNTERnN3BtZWFwWGtpcjF2TXVyMnBEZldPY0dwQ2grS2l0b2tqY0VHZW93c2J2TC95S3N5Y3NSOHNqcXlHb2Ivc1pKTEU5UlRDTHM2Y1Mvd3FibG40QzNybXNhTHdyZWxiNzd5eDMreU4zWjhZTVdxNnpveURYOTlxVmE3eUgzaDdSK3ZUeklGNGozTlIwSllWYkc3YUhxbWFNYllDWXUvamhOZUVLRzAwdGFWRFk3L3BOSXBTNjRYVFQzcWZsdGxkWFZ3NTNjQTkybXhrcHp1RnQ1cXgra2Q2UHNaZ3NldDI3Z0VsL3FGL3B3NjlxM1d6cUZIeE1YMm1ZcTJPYUQ4ZXJJWFA0c3g0OEVONHhNUjlxRUhpTGVZc2NoTUZpczVTN0dHYVBwcml4MGxRZndUdkE3cm5wVDlRTGNhclFWM1oyL3RXMHdJaGkwanNpd2NieWY0eWNFTnN5Q3BWYjhVU3JZQU13ZjJDV2JCZXAwbHkyTTRRQmNjR3hPaTVDRVlnUy9tTWZNU0dNU0FlUWlNM3RQMGtOV0FDOXlNTURiN2xJVkJMYlZKVzgvbmVsWXdwZXFrcW9NVVgrZWtnSHdPWmMybERnSWVuMTVXK3RrdmZqcVIvdElnWnhpbWd6aytxMnREbjZmbWNnYjRQci9PNmVpNXB5Rkdkb2VWd3JzOXo4UE8wZGtWbXI2R0RiL0ZVYzdzYU91cGZ3dzl4KzlmejFXSUlZMkt5RXdZSVh3cHNCa3ZQeW4zYUpMblpQMS9tb2kvbnptY0xSSDlBaFE0R3pzZXlzU1NLOVM1dUdHTUNIYjdsSzJWRWdYT1ljTEFWNzRlQitrKzV2ekRlSWViZlVBc2JuS2tPdDNkUGRTVEYrOEdHRU9XaWVNQ01yaXN0S1QrUVVETDA3L2IvNWZXUVhEL2QwcU92N2ZxRFpaT2VBZWtUNWJyM2VZd3BlMVJadUlnOHhhdDFDemVHd0VrWktJUTI1SVlvOG40cVJUUGRncDd2VVIvTXlVT1k3bHo2aXcrNFZweWppdE1wNXdqNmc2YUVJY0RCWTZ6SS9aZU10L3dxdHRoVE5xeklnbE9KYUZuTytqbU1SL1pEZklCSjAraUppSmIzTWR2MWFQZ3hldUF0ZWsxT3hxSXVtREhVWER1L2VQT0VvUFUzNHVJZjUvN3F6VmxZZlFRNXN3aGxUMmM0YTJPOW9MZVlLVkY5bURCOTJ6WDd4dm1PQjc3RGlUVTZZRDdSWU1CdksweG9iQ0duNVNIUDRPcnZEMm01MnREcUpVc0x5OGVGc3YxMFFCeTR2RFpKTTdCR2J1SFY3RlgvenZnRWhRbmdvWGJpaUZLa09POWd5UkdVeWhWR2l3dmFzRTIzYTgwU2Jkc0VBbXZHNUZSK1RIQjZTYjBDN1RGbEx2M2t2Wm9Hc0pYTmVQWXY3bWczcm9CSlBjQ1BidlpGZ3ZDQnJqU0Y1blZ6RXcxMVpYQnd3bmhmRUpwWGloVWsyR0RnVzZsWm9ZUm43RnNWcW1WRVVXRkQzS0dNWDhKWjRPWHN0N09qRmxVMGNZN2tRT3J0aVArdnZubXVoa1hQa0pRUGZDUUc0VTVadHB4WmpTUDA0VjU2dFNQNERoeHd4UENzdXZJQTJnd3I2S1M0NHZyZ1MrRUxmQ0Y3MW8yUW01Uks5ZTRWRm1zSmxVL0pDWE5wMVlRYkJ4TkVVVDFTQVExSnM3Mk56Sy9IdDRObEZiSXlPeVJqN3Rxdkc1bEtLb09OeHgvdDhmVmxLa1VPVHBpeWdLMFJCaUtaU3hRLzhQbUFqZ3RBQ1hTSTNmckE3aDlXN1hBNjZSYWZScWM0Vk94dms3Q3gwVFVUSlo5eWp2ZmZheWlNL2o5SVlucTI5Und5TjQ4REZNUTNSME1qak5wa202OExINk5GbkJSdHVBZnFnQWJ6RXRNT0RUY1hYblplZkthcm5tQ2hnMDMvWDcwcU5vNmNqMzRRbWFrRENHR0dLZWh0NWdpa1RxOWd4SXZiR1Y3Wlg1dWk1cXRyN09SODhJd1RUVkV2OG80VFJYSndRR0VtU1FQU0xpRXJVUXNGd3BrbUFib2tZYWdYeTJBZFE0dW9ZQVdzVVNrMnYwNlJIVmcvNTMrNmFIdGFmWjBVeG1sUHF3UXR3d3I2NHNSb0ZCVkxlTkVnajRjbjFQbmc2QjkxMnRXbXZrQjcyYlV1MmpIK0hsMndhWERMcFJtM1pxYjNhbkkyb1VtM2ErU3U1Tks3aENwM3kvQlFXR1ZMbGljS2JjcUk5WWpGNmd3RzN4UWNRREFWTzlqM3d1OE9pV1NzZGJ0eFVDVjZ2SHErb1RMUjc3eXBBaExodHg5NHVsamo5Y3FYMVQ5SVBQSzdnUVVUeFhsejE2VEZVL0xjZ1ZUcmVUUTB2V0w3TW4ybVNsUTNWMFBOcURsbVNzOTRnYnFQZ04veVMycjRVbHlBd0t5OE5CQzBXK1BEYVRCR1RBT0p5QXFsdWZoYzZzWVdhdHBwMVB4aGtpTXZtUHUrVUgrcS9MU2ZVSkNpc2k5VmNIekdHeHEwN1JqRVhQWDJxMVJzK1plMkZYYlM3YVU0S0hZSWZ5TlgybW1MTThaTStGdVc5VURpbzJMRWdGeWJKVVk2QnBmNkxldGVmVVJCcWpmVHU2ZzVGTnFIQzRrQmhTVnNrRWU0TzZpdzB0ZnVST1FlSmNzM1hBcmF2RVFkOXkySlFBRTFKZ0tzU3l4ZVRzbUlaRnRNeUpEL083OU1qdjYwR1F4QTZWOW92UXhTY1U4c2cwVThaTWlDTjdnWkp1RWpseTBwOWlTNW1Ndlh2M1pGbFdXUG91SkpQajZNUEIvanhYNW9EUTBienlMV2tNY2NQZkNhaWpqeEtmZ0dPSkhxNUl5cmI1YjFxak9qU05KaGF0VGNNbjZ6S2x3anM1U25pd2NoN0ZnaGpRd2VsUVNlejNKYmp0RitGZ2krYTZUVUhiMUhqWEQ4aVJPbnoxMXBJbjJNZFR5bFEzVEVMamZ2SHRBMnUvZVAzT2JNbDNOYlJNRzB1Z0dhVzZ0Nkw5Vmhuc3VWM2M5VEE4dzE4OEZTYmd0YlFXd1pRdGgrYllrL3F2K2pLR3lkQ0szZ1QrTE9LVjZmM0VqbEdmbUo4QlJmc05YWTRKcGtCWk5nL0c4WG9LSHdRbUJ4OGpMU0RUY2p2RVAyOGI3eUlZTzBLbGg0d3pDTjBKNGtvWTFpTHdKRkQ0dURlUkdWUnJ5anhLd3NmejVBSjFlU2poSnRwWVRTN1dBdk9nU1gxVWc2dFhhNGl0a2xPZjczTSs0L0RXcktybEtqQlhoZTY1SGJZbmJFbXVpeVdOanU2c25tV1Z1YU5nZkxwQ3I4TTNTM21EUWRmYjBUOUpxQ3pjeGFVK1N2a0RhcWc3ZjQ5bTA0cmtTYnFsV21SMlRZZjY1eVVZWWZ2ZmFUQzV5WWVyRjhSbGRwNnRvUUs1bVFmUElaMVc5U3dYcCtrVEpUeVhTd29XT3VzUjRBSG0vWlIvLzMxNjVaMEVMbEpFVUk3aklYTXo3UXBrRXptVzd0VUNiNm9NdzBpYjB1ZUo2UnVRMHErWjNZV2tTc1kxVkdLSTdkSnF1bDB3RXQ0azJKS2VFVlhMZGVsbDlkN3JYSVVWYmFQUWR5cWh0OEpmOGVmRFNCZCt1Y3lQQTRhTVE5S3JpNlRTdmJ1Q09BY25oK3Znc21BVnRsbGxSYVJ5aHNIak1Oa0xVbDUxbWpwQS9RSkZ2VGwrTCt4Z3M1R3k1Yy9WNHZjNkFGUUIyR3g5RTRQRTI2WFBxWEk0ZFJ1T2k3UWtnRWEzZHNBVGdIRnhPc0V6SnNDWVFSWldBSkRNU1VzamhnRGJZNzIxL2l6ZCtiajEvemJ2MCthd1U4eGNmVkU1c1ZKRDlncmJsSUt0UkhSekIxTWMwQ05JQzVkc3B2bFFYTFMzUGE4d1dGWG0vQVhoN0xNMXRTMEpOVjlLSjBzRTc4d3RPWHpwbFRVT1FGYWczR0VJcUYwS0M0WVhxWWRxSkFrV0E1ZHY2Ym50UFN4WEE1T0lDbGM3TWtwamZtc0YrenFGaDZyNnZXUHV4UUpNanVWenkzM3NhR3pZMWpvWjVnZExCaHNxdENXSjIwbTVQaE92a3NFVTNKRjlYTVA1UnBsYzNMMWpmWWZoM0NFM0VMME5EVlMzVE5Lb2hBUUhTZ0NZVDhGZjBIUHEwRDdKWmxwaHc0c0c0NFdWREVxRkdXcTQ2TnJlZUF0a2xHTzNDL1h0UHY1eXJ0VnY1TFpyakFxaHRGRm44REdkNmpXT1E3Uy83M3ROUFBWNXlYdU9KV3ZaT050eCs5R3FBNGRSRElqSnJJdGpKMkJrYzRpcFRISEsveHlMUTU5V24xMVZDMUl4ZDluZHA1SVJ5eDI1L0J6Mkt2dmEraDJRTk1Rb00wc3A5dkprSVh0MlpZNnI5eklmcDhieUhEdGhWQ2dCSmdKZ2RJRnczZS9SdWNTQzRJVWpFODhFUHJsdDVDMG5YdUZiTnRyZ1NGWmErcmxYQkViRXdkeDBsajgya29Ja0w1YitVN2l5WEFOdVdrVmNORG1tUXZBc1QxY1A3NThTL2R0TVFobXMvMloydDkwV0dKUjVoR2RaQ0NQbXBaU1gweWlLQW42bU0rT2dld2U2b1E0V0NYQUw5OUk1Zy9Wak5XOE9oV3NCTkNYUWczWGo4UW05ZUZaSm5jREduSitSZm9wekhlSk1GUmZCS1JVN0ZILzA1T3NqOFlFa2VFbGVlczUrU2swdTJYNEMyMWdHNDZtek9GallGQmV6SG94UW9JeGlHR1BFNDBPTkNnbUVOME5QUEJzVElpVzYwT2JJZDhndjZKTnBQWTdTdmxFT05aOHZneEQ2VUZXU3FKQWVFU3VBZG5uVlF5am5KRE1VQUV1S29oTDREdXB3R2Y0Vk5hVVpIT0lkNHMxeDF0bjEyRGZjQ2NMcmI3Zm8ySGZ2MnFmMnp2UmxMVitBRmhkT0lkdHo4VndPbWhGV1I4STM4Y1drbEdOaXhBSldNTEI3S3grYkltYnQwOThCNnlZa2hNdDBaWHRqVjdQTm0rY3o1V3prSXZCZ3dnRytqZXdiaG0vT0NhRlJRcmpYRi9nOVdDNTA1dU1EZElXSTZKdTVHQzYxR2x2UWNyaTZ2aUpWTXU2U2xxak40N2MzcFZlbit6VGo0dUdNcFp2UFNPc1JaT2pOWGRPdjNQZ2pydHNSK1lpaEZwd3pxVVJZVHJ1QWc4a1M2cjhXdTdWNzhyT05LMWhjb04veXJjeUxHQU5yYlJZNjJRWTltbjFCSVF5Mlo5K24rRDR3dU1ibXVObHo3SVd2Vjcwc1ltZEI3a3FUT0tFY0hGdG5CSHEyd0s4RWkyMTRyV0VIbWU2OEFCS1czWUtHY0RWVEo3UlBUQWdTc0lJTjBPOTk4NXBLV3F5VW5LUEdreWY2STFIWFBYNW1zRENkOWZDWmJQMFhsV29pMUh3ajk3cWVJUmZ1V0ZwSldvR0NwdlpwTFZoVEoxT1pseXV3ZmUxaFRvWE1qejRxcE1Gb21ET04zRHVNS0RjRVplUlcyTmF3cytJd0FrRmZXSlBaUzd3NkRxdFRWcjZReHJORCtuWFI5Q2JNWEg4ek5NZWNxeWxkWWVLbFJ1YVlycWxMeTVEZFdERTBYSHNEcHlick5lbnE4cmhubW9ONk1MR1p1SEJYVHRHb09HbjhnKy9QWmNRSVhhMHljc3Joc2xGV3AweGRQb3BPMHdqOGxKUEZ5cHhlelh1NHMvWDRXSnV2TUNnZEFaaUorN05odE1haE81ay8rMGpUSEJlanBBcmJZMVlKdEVzWDNIQzN5OXp3OUc0WEpLRnF4VlAyZ2JzZ01yYWREcm9pVThsOHluZXVJM0pWclhYL2FVUGFsVmNYQW1TaGc5dFFmQmJZK2ZNaExOOHB6SGZMS0M1OGpkckY1b3pzdzlqT2tnSW9Wa3dpb1Y4NUhlcVVBLzd4cDdwSzNlWU90VVNDU2Y5NXdiajlhemVyK0lTQ1ZZMVQxMjdBVzFSL2ZGZWR5V1hSeGpBanQ0dFlTR2lGTUpSMWJZdTNnMFlSNEdrNHBxVkI1Ui9zOUFzcFF0bFRodFpNblhaZnRMaXhpbGFuTDYvSmRUR2ovejh1aGpTb1RpV0diWkJRQVJFYUZieXRzYmxEejVFTDdqMXh3NkdPZGpYVGVEWC9HaStPSEMyNUJIUWRubExNQ0tzQWpQZjNWTklnTzBWcVJFR1dySXlVbk9Kcy8xT2hEREdzbDZSTG9kYkF2dkdBSjhFeXVBWU5vKzhnc1k5ODUvd2xxOFlRRTB0eVk0MHZIVjllZHhhRUtUcndtZzFrN0oxYXBMNFFBOE9WalZFN3BLUVlGT2ZUZHBXMTNZZm5XeHdSR3lyQ1dTU2RxbGZqaGFOMndzMHJHc0l2bk5MbnZzM3VvUzYxc2dJOGF5OVV4TVAyc0JzUjRzU2M3UXR0MXBVVnVOUC9TWXhYRHhCb3l6R2pKcGgzYTQxRDR4QzBoL1htaE1LOWxhRFVMTXlVN0hJbzRtQ1JjR2VDVDA5U0t4QTR1cXY5OVI3R0pMZHg4RWtsaEQrM1YyNjNJZ0l3T1I0YVYwVUVBWUlSaHY5alcvR1ZlUUY3clFOZGlySVFyU2FURGdTWnNwbjZmTlAvMlFBQkFCb0FRQUFCUWdCQUFBOEJCMElDQUFBQUFBRWZBaFFBQUFJQUNRSUJBUW9DQUFNQUdWUm9hWE1nYVhNZ2IyWWdSbWx1WjJWeUlDZzNLUT09PC9CREI-CiAgICAgICAgPFNCPlpYbEtORTVYVFdsUGJITnBWRlZzU2xKcVpGVlJNRTVDVDFaa2JsRllaRXBSYTBadVUxVktRMVpGUms5UmJXUnlZMWRvY21GVll6Vmtla0pEVVZaR2VsSnJSa1ZSYkdST1ZWaE9NMUV4UmxwU1JscFNWVlZrUm1Rd2NFdFpiWEJHVkZVeFFtSXdaRUpOVmxaR1VUQkdNMUpIUlhsU2JteE9WVmhrTTFFeVpGcFNSbHBTVlZWb1JWRlZOWEJaYTJoS1pVVlNWVkZWZUVOYU1EVlhVV3RHZGxSVlNraFZiWGhyWVd0c05GSkdVa0pVUlVwdVZHeGFRMUZZVGs1UmEyUlRZa2RTY1ZOWWFFVldSVVpOVVcxa1QxWnJTa0pVVlRGRFVqRktjMXBIY0Vwa01HaHZXVEExVG1GclZqUlVWM0JPWkRBeFJWb3phRTloYTJ3MlZqSm9hbFJyTVhGVFdHUk9Wa1ZyTVZSVlVtNWxSVFZ4VTFod1dHRnJTbGhVVmtaNlpEQk9VbGRWVWxkVlZrWklVbGhrUzFOdFNuRlNWVEZPVVZjNVNGRlVSbFpTVlU1Q1pEQlNWRTFyV2pWVVZrWXpaREJPYmxkVlVsZFZWa1pKVWtWR1QxRXlTa2xUV0doRlZrVkdUVkZ0WkU5V2EwcENZakF4UTFKV2NFTlZWRUpXWlVWU1ZWRlZlRU5hTURWWFVXdEdlbFJWU2taWGEwcFNUVVpXTkZKR1VrSlVSVXB1Vkd4YVExRlZNVTVSYTFaaFVXeEZkMVpZWkc1YU1HeHdWRlZGZDFJd1RsUmpWV1JVVTFkSmVsSkdSa1pSYTBaU1ZsVkdRazVGYkVSU1NHUkNaREprYmxOVmRFSmlNR3hFVVZaR1JHRkhSbEJOUjJjelYxaFdWVk15ZEc1aU1VNU1UVzE0U0ZZeFozZFNhM055VmxWc2RVd3lVa2xsUjNCWllqQXdNMVJ0U25WYWJsbHlUVlJvV1UweldrcFJiRlpLWWtaU2ExWnNUbkZYVldNelRWUm9SbEl6UWxGUFJ6UXlWbnBWZDA1VVZsQmFWelZyVEhwU00xSlljR0ZoU0ZKS1ZqQmtNRTVGT1haVGVsSnJWVlZXVFdGdFVsbFRNbU40VjBWU2RFMVhTa3hsVmtveVltdHZkbHBzVW5OVVV6bFhZMnhrVldGcWJHbFpXRVo0VlZkc1VGWkZOSFpXUlZKSFUxZEZlVlI2VGpCTU1GSmFZV3BSTkZWSFdYbGFiVEF6VVd4Tk1sWlljR0ZVYlVvelVsaENVV1ZWWkd4bFJFVjRWa2M1TWxkclNsUlNSVGxIV214YWNGTnJVbnBPVmtWeVRteHZORkZZUWpCaFZUVldVak5vUW1GcVdrWmtWRTE0WVZoYWFXTnJWbTlpTUU1SVVXdFNkV05WWTNwT1YzZDVUREkxY2xZeWFGQmlXRVp3V1d0WmQyUlhhRFpOYWs1UlRUQmtWVmxzV1ROa1JWVjJXa1pvUTFKRWFGbFJNSEI0VGpOS1RtUkhSazFpYldRMFl6SmFiVk13YkhOVGJrMHhUVlZPZWxWVk1ISmpibXhGUzNwR2FGWXlNRE5TUlhoVVVWVk9OR05FU2pWYU1XaFlXV3BXVWs1c1JtaFZla1pvV2tSb2NsUnNjRXRXVmxwUFpVY3hUMVp1WkRSU2FUbE5WME4wVmxsdWFHcE9ia1pLWW5wV1RrMHdkRWRrUkVwaFYyc3hjV0ZzYkU5T1Z6VnFZMFp3UmxKcmVIUmpWVlpoV1ZWR00xSjZSbFJpUlZKNFdWUlNkbUpGZUhsUk1GcEVXV3hDYW1SR1VuUmtiSEF5WXpKYVJHTjZaRFJPYldzMFZXMXJOV0ZJVmpaYWJrWTBXbXBLYWs1cmNHMWhhMUpLV1RKb1ZscHBPSGhWYXpsdFlWaGplbUl3Y0VOamVtd3hWbGRLYjAxdE1WRk9iVTVwVkd4b1MyRkZkRnBsVjFKd1lWZE5NbEZxUVRWU01tODFUMVZhU1U1Vk1XcGxSRXBMVDFoSmVtTlhhR2haYlRVd1lqTkJNbUpzVWtOYWFtUXhVa1JDV1ZONlFqWlhhMlExVjJwQ1UxcFlUbkJWVnpnMFRrVTFWVmt4Ykd4T2VrcDNZekJhWVdGWGNERlZSVVpPWVZSR1lWZElSa2hoYTJoMlRqSm5OVlpWYkdoaWJGa3lVM3BzUjFaSGNFeGlWV2hHWlZoamVsWXpSazVTTTJoNVZqTktNMU16Um1sV1JrWk5VMFJhYm1FeU1ETmtlbVJ6WWtaYVExRldUbmhXTUVaT1dsWk9jbEZyYkhCWk1VWlNVMWhzVjJWRlZUUlZSbXhYVFhwa1RGVXlVbFpOUldNMFVtdDRORlF6VmtwT1NGVXpZMjEwUkU1cVZreE5NMXBFVFRCS2FtTnJNVXRQUlhoVlV6TlZkbVJ0ZUVkU1YxSlFZMnQ0VldSR1pGbFZhbWh0WkRCa2EyVkhjR3hoUm1nMlkxaGtTbEpGUmxKUlZVcDJUa1ZvUjFSVmJFbFJNREZDWVRCa1FrMVdWbXRTV0dSU1VUQXhRbEZZWkVaVlZteExWMVZzWVZOVlJscFphbEpTV2pCV1ExRnJSbEpTUlVadVZqSmtUbEpGTVVoUk1XUkVVakZPUWxJd1kzSlNWV3hEVWtaR1VtSlZXbkJWYkVKcVVqRmFNVlpVUms5VVZXeEdXa2Q0YVdKV1dqVlhWbWhUWWtad1JGRnJVbWxTTW5oeldXMDFVbG94UlhsV2JteHJVako0ZEZsV1pFOWhSMUpJVmxoa1NWVldiRVZXYkVsM1ZEQktRMWRWVmtkVVdGSnRWVEZrYTFKc1drcE9WMHB4VVd4V2RFMHlSVFZXYTJSM1RqTk9NbUZITUhKVVZVazBVakJGZUZaWFVrcGtNVVphVkZWS2FGRlZXa05OU0d0NlRsZGtNVTlHYkhSaVZVcDBWMFZ3YkZNeVVucFdNMmh5VjFoS1dHTlljRTVSVkZKSVVWUkdWbHBGVWpOU1ZVbDJaREZHUmxGWVpFcFNhbEpGVVZkU1Exb3dOVmRUUms1V1VsVmFjVkZXVmtOYU1tUjVVVzFrUmxKclNsSlpNRkpDV2pGc1NsTXpaRnBSYTBwU1ZsVm9RbVF4UmpOU1JrWmFVMnQwZGxkcmJHOWtiVTVQVVZaR1JsUkZTbEpSVlZKdVdqQnNRMUZWUlhwU1JYYzFUbFY0YW1SRmQzSlNWV2N3V2xab05GSXdSbk5WZWxKdllYcFdTVmxZYkRWak1WWnJWRVJWY2s5RVJrTmlSMmhEWTNsMFdsUXhSazVpTWs1Q1pWVXhhbVF5V1RCTU1GcFNZV3BTU1dGSFpITlVNa1p1WWxkUmQyVnFaRk5pV0ZKc1ZVVm9TMlF4UlROUk1VSk1Ua1phTUU5WWNISlRNamcxWkcweGNrOVVXbTlVYWxaeldrVjNNRmw2UmsxaWJrSTBWVVphV1ZWSGQzSlZiRkpHV1ZWS2MwMVhaSFprTWswd1pVZE9lbGRIV2pKVE1taEZUbFphVDAxWFNrUlZSa2swWkVoQ1NtTklhM0pYYm1nMlQxWm9UR0ZZUmpaU1F6bHVWR3RrUmsxNlJrcGhSRUpwVWxjeFdrMVdSblJXYkZZeldsZDNlbGRITlZwTlZXczBZVEJhTVZSWGJGbFdXSEJMVGtkT2VsRnRlSFJoYmtKRFMzcHNOVkZYVmsxV1Ixb3dZek5GTkZSVWF6VmxibXhhWWxac1IyRkljRmhaTW14dVZHcEdSazB3UmxaVlF6aDNVa1JLTUZWR2NETlVWWEJTVkROck5WSXdiSFpXYWxwRFZFVktlbFp0U1hwTE1qQXdUVzFTZFdOV1dreGtNVkoyWkZWU1IyVllSakZOYkdzMVpXcEtSazVZVGtoU2JIQXhXVk56ZUZNeFVsZFRSbkF4VFRCTk1GVnVWa0pVUlU1UVpVaENORTlHU1haak1VcFhVbTVDUzJJemJFcFpibHBEVFZaQ2VWRlZaRlZqUms1VFVsWktWMkZXU2xaVVdFNVhZbTVPU2xaRVVrWmpWR1JJVDFOMFRGWldTbEpqUm14TldrZGFTMUpHYURGU2EyZzBWVEl4VVU0elRsaGtibWR5VWtVNWVsbHNXWHBVYldSM1UxZDRkVXN6V2xGWmFrSnVXa1JrYjFReFJsQmpNV1IyWkd0c2VHUXdTazloTUZaeVRrVTVOV0V6Y0RGVVJVNXdZbGRHTW1WVVZrbGtSWEI0V1cxc1RsbHBPSHBWVm1oU1QwVldiMDlFYkVsVk1GWm9VVzFOZDB3elVsZE9hekF5WTFkb1QxVnJTbkpXVkd4SVRWYzVVMlI2YkhOWGJVcHVZakJzUm1SNldUQk9NbVJGWldzNVlWSkdTbWxhV0VaelRrVTVTa3N4Y0ZGaVIzQTFUMGR3VWxwRmFGRlhia3AyWlVoU1JXVlhOREppUm1zeFVUQm9ORlY2WkRaamVrWnNZMWRHYms1V1FsTk5WRnBDVmpKR1RWSkVXalJqYWtJeVZUSk9kV0ZZV1hsbFdGSnNWMVZrZFZORmJGbE9iV2hOVkVSWmRsZFhhRVJpTVhCb1pGZFpOVkp1YUhWa01VWk9ZVlJPVFZkRVRUTmhSR3hWVW0wMVlVMHdiSFJPUTNOeVZGZGFjMU5GTlZWTlJGSlpZbTVTZFU1SFNuRlhhbVJ1VVcxdmQwMUlXbGhOVjFZeVRUQldhRkZXY0ZWVVZFRXpXbFJTYzFreVNYaFZSVkpXWVdrNWRGbHVielJUYWs1V1VWVkdNbVZxYUhGalNFSXdXVzVHVjBsc01ITkpiVVp6V25sSk5rbHNTbFJOYWxVeVNXbDNhV1JJYkhkSmFtOXBVMnhrVlVsdU1DNHVUMkp1VmtOd1JWZzNiMkpqYUY5SlFuSTVVM1ZJZFhKM04xSlhlVEF3V21Rd00ycEdVRUZ1VUVwM01FeHFZa0pxTWxFNU9HOW9aVFZDTm5WTWVEQXRUSGM0VjJvMGIyOXRVVVZUT1dsQ2VtbDBjRFYxWkZaMFZFVktVRXhXZGxjd2IycGxSazlEVGpVNVQwcEZiRU13VmxkV2NETkhaWFo1TFVKclNXZEZiMGhYZDFoc1JFTmhPV3BSYTFvNU4wa3pkbTg0WDJweFUzUmFSMmRRVjFVME5FeHljRGg1TjJsQ2QzZFJjbHBZU1ZkWVpHaFpSR2hrVTJOclJUTktOVkZXZVd4d05WcDBRMDB4YlhsaE1ITlpiVlF4T1d0SU1XSm9hR3hRV2pGMk1sRjNUMVJJYW5kRVUzRm5ibTVMUkUxQ1JFbHBNRXh6VWxCNWRGQmhOR3BmYVRSNGJsVTVYMmRNV0RSRFduaDBNemw2VWpaSVoxOUhZa3hwTTJwcVRXcHZla2QzZWxwNGN6TkZNMDlZT1VWSVgxQTVjVmxxV0dKdFl6UjVaVTQ1Y2tJM1JUSldla1JST0RKcldXdGxVVlpqWkdOdWVXeFRabE4yU1dKQ05XWkpVME0wY1dSV2VsZzVkaTFPVmpoWldXUkthMUp6YTJsaFlrbFlWMEZoYzFaS1FWbENjVVp6UlhSdVpFSjNaa05OYjFkM1drMW1ZVEJyYjBrNFYyOW9ZMmR2WVhkd2MxUlFhRmRLUTJkNU5HMVFhbWM1U2xaT2RIWTNZVU41UVdWNmVDMXFUbG8yUm5OaGMwaHFPRkZhTkZKMFNsSTJVREY1Ylcxa1gxQlNjVUk1UzFWNVkwa3RXVmwwV2xwM2JHWkpVMGMxWVRNeFNXdHJXa1Z2Ym5RemVqUTBTR2RNZDFCelgwZG5jRkIwUlc5TVFWSmZTa0pCYzBVeU5saDNRVnAwZVdrdFJEUTFUR05xWjJjNFgyVk9ZazEwZFhFNFpVdFlTVEJwTXpWalRUUnVlamRSZFcxM2FUQmpOMWcwVUhkNFoyOTBNV1ZtWWpoM1JtMTBNRm95V2paR2VrZFVXbVEzUnpBdFMyZHdNRkY0Vm5adU5HcHlRVU10UkZaek5XTnBVbkIxUkVsRWMwUXdjRWhYYnpWTFdGcEhTR2sxYTNsRE1VcDVTRXRpYWtocE1rMTRVMGxGWTA5TFZXOD08L1NCPgogICAgICAgIDxvdGhlcnM-CiAgICAgICAgICAgIDxlbnRyeSBrZXk9IlNQRUNfVkVSU0lPTiI-MC45LjU8L2VudHJ5PgogICAgICAgICAgICA8ZW50cnkga2V5PSJSRVRSSUVTIj4xPC9lbnRyeT4KICAgICAgICAgICAgPGVudHJ5IGtleT0iRk9SQ0VfQ0FQVFVSRUQiPmZhbHNlPC9lbnRyeT4KICAgICAgICAgICAgPGVudHJ5IGtleT0iRVhDRVBUSU9OIj5mYWxzZTwvZW50cnk-CiAgICAgICAgICAgIDxlbnRyeSBrZXk9IlBBWUxPQUQiPnsiZGlnaXRhbElkIjoiZXlKNE5XTWlPbHNpVFVsSlJqZFVRME5CT1ZkblFYZEpRa0ZuU1VKQ1ZFRk9RbWRyY1docmFVYzVkekJDUVZGelJrRkVRbGROVVhOM1ExRlpSRlpSVVVkRmQwcEtZbXBGVFUxQmIwZEJNVlZGUTBGM1JHRXlSbmxOVVhkM1EyZFpSRlpSVVVoRVFVNXBZa2hKZUVSVVFVeENaMDVXUWtGdlRVSkhVbXhrYWtsNFJGUkJURUpuVGxaQ1FYTk5Ra2RTYkdScVNYaEVWRUZNUW1kT1ZrSkJUVTFDUjFKc1pHcEpkMGhvWTA1TmFrVjRUV3BOZDAxRVozaE9ha2w2VjJoalRrMXFTWGROVkVrMVRVUm5lRTVxU1hwWGFrSlhUVkZ6ZDBOUldVUldVVkZIUlhkS1NtSnFSVTFOUVc5SFFURlZSVU5CZDBSVE1rWjVUVkYzZDBObldVUldVVkZJUkVGT1EySklTWGhFVkVGTVFtZE9Wa0pCYjAxQ1JWcENVVEJWZUVSVVFVeENaMDVXUWtGelRVSkZXa0pSTUZWNFJGUkJURUpuVGxaQ1FVMU5Ra1ZhUWxFd1ZYZG5aMGxwVFVFd1IwTlRjVWRUU1dJelJGRkZRa0ZSVlVGQk5FbERSSGRCZDJkblNVdEJiMGxEUVZGRGFHRlBNR2czV1hWVVMydG5iMU5MTW14SFYxZ3dSa3NyVlVsdUwyUkllR3BZYjAwM1RtSnVabllyTVRoWU0zWkpRbFZKYkZSa1ZsTnFXVWMzTVRoRlIzQlFPRzQyVnpVd05UVlBaVzVrTHpSM1JYcGFhSFJKVjBkME5FOXZTelJrVVVWTWFtUllTMmN4V0VSdE1XSkxlVkoyYmtvdlpsUnNUUzlXY2xkVWFqbGlZWEZ4VVdsUFZFNHZWRVJHU1dFeVR6TjBMMFJaYWpRNFVHWXlabTAzUWxNMlZYcGFUbUozUlhCUWVVZGxlREV4Vkc5MldrSlRSRTlHWmxacFNrUnpOVkVyTmxvNFFYQjBhVTVWUjNoQmFqWkZkVE14YVhaaWNrVm9iME5IUWtSdWNVY3pOV3d5TDI1clYyaFBiWEZwWWtZd2RXaDZNak5RTTBkVVlsWTNkRVV2WkZoQ1JEaFlRMHB4TjNKTmRHRk1ibWQ0YzJabVMwbHNTbk0xTVVOelVVMHJjbmxFS3pGaFYyMDNSRXhUUVVONGNESjVaMWhYWWpWUk5sRmhVekZoWkRoclRscEtWVlpPZUcxT1ZuZDRSaTlNV0N0VlluaGpObkZKYnpWTk0wdEdkREphV2sxcWFsbE9OVzVqY0ZwRlJreHRjVVZhWVVGM1J6RlRiRVJ4WVRSdmJFeHlRMFpEWWxCamRGUnRkbHAyYzJaRGN6ZDRObWs0VW1rNWFIVjZabkY0WmpKak5rcG1ha1JKWTJoVlppOHhVazltYVhjemIwcENjemwxVldKb01tMVFObU5pVGxoS2FFdFplV1JwYVdNMlFqQTVSMm81T1VaSU5VMWplREpLT1hJemNXaGhZbTUwYjNBMmJsUkNaamQxUkRCWVN6QjZXa2Q1V2pCU1pYTnBVVzg0TkU1VVkxbGxOekp3YzBaYWFXcDFVRUZOYVRGYVdIRkhha2h2TjJnNVZVbGhibFkyU3psR1ZHcExiVWhGZVhjelYzRk5SM2h5VjNKM1MzRmlWRkZNU0RabmEyMDNkemRzYkZaQ1FWTnhWMEZOWlZOclFrbHBZMUZSU1hsV2VFVTRVRmxXTXpkTFUyUlZNRWM0Umt4NFQzVkpOSFUzY210RE5qVkxNM1pETTBKamNrMUtPRXhVUzNVdmRteEdSV1JQY2t4VWRGZFlVamhtZDBka2VHcGxhRmg2Y1hkSlJFRlJRVUp2TkVoR1RVbElRMDFCYTBkQk1WVmtSWGRSUTAxQlFYZEZVVmxLV1VsYVNVRlpZalJSWjBWQ1FrRlJSRUZuVjJkTlJFMUhRMWREUjFOQlIwY3JSVWxDUkZGUmJVWnBVbEJqUjFaMVZURk9UVWxGWkd4aWJWWjVXVmhTYkZwRFFrUmlSMnhzWW01UloxRXlWbmxrUjJ4dFlWZE9hR1JIVlhkSVVWbEVWbEl3VDBKQ1dVVkdUWFJtVTFka1JsWkpOV0pxUWxWdE0yRTVWa2R3TjNOMmFHMHJUVUk0UjBFeFZXUkpkMUZaVFVKaFFVWkNNSGt6TldkMU9GbHRiVUp0V0VwbFMyUnpWM2hyV1hKWGNYcE5RVFJIUVRGVlpFUjNSVUl2ZDFGRlFYZEpSalJFUVdSQ1owNVdTRk5WUlVacVFWVkNaMmR5UW1kRlJrSlJZMFJCWjFsSlMzZFpRa0pSVlVoQmQxRjNSRkZaU2t0dldrbG9kbU5PUVZGRlRFSlJRVVJuWjBsQ1FVRXpSRXc1TlV4amRFd3JSVWcwWlZoNFIwRnNVelJvYXpWSVlYbDVjMVZrVERVck9ERkNiR2hDY3l0WlQxRk5iMk5CZVUxamQyWTBMMFpSYWpSSWFHZHNUMkZuYldRd2VqZFNiWFJsVUVoS2QxRTNRMUJMTkZaME9YcHJTMjg1ZG0xck9UWm9UalZzWkV3MFl6Rk1ibkI0VUZaWVVHd3JVbFJGWVVKc01XZHZkMk0wZUdOeldHWjJTMmhFTlZaT01XSkRVRkk0ZEhCSmNIa3JXbmg2T1ZoTGFYRjZSQzluVGtkRk16RkphREJpUlcxWk1WRnRWbFYzWld3eldHNVpNVWs0YTBaMVRXbFlWWHBLTkdOelFteHRhbkJDS3psNVFXVk1WR1owYzNFNFRUazVlbmxaYlZsR2FIcFhZMmxuVGpGRk0wRlZVQzh3UkRKMFVGcDNUVXBSVDNrNVIwbHZWalpDVEVKelZtSXpLMjAwTW1SdWNWWkxkMVJ2ZFVSR2VYRjFNbGs1ZWpKRk5YTkhSbHAxWVNzeFMxUldTRnAxTTBNMFVuVkJURU5QZUhCNE9GSXZjMUpXUm5CS2IzbEpZblpDTVZCeVFVZFVjRk5TUlZKV2FWSlZUWE5XYm5OSlZEUkZjVGRIT1N0TFZWSlJjRmxNWkdaS1JGaDFSa2g0VTIxUU4zTlhkbmdyUkU5ellsWXpUbWR3U1d4dUszWlFZakJuWkRkb1QxRlBjMWR2ZGtseGQwSk9hMFZyTkU5NWEzcDFURU5wYldGMmVUVklkRXB4WW1sTllpOHpVVmhST0VWb09EbElVMFZoUW1Nd0wzUldOazAyY1doT1VrSnJWVGxITVc5U2R6bHNXbUpuYjBsRmR6WTBOMmRFZWs5YVJGSmlaWEZzTkU5SksxcFFiR3A1T0dwUlpFaFFXbkp2ZUhSRWVXNDJiRmsxUTBoNFV6ZDZjekZsY1dGbk5WQlNNVFpCVjJGTVJEWjRjakIyVTJOdWFYWXllWFJsV1VkdVNFbFlObWhNVERZdldXaERiMXBoZFdZNVJuaHVkMUZOYVROTVdETTNhRGxVUm01YU0wbHROQ3NyVFdac1NFNVVNRFJZYm5SdU5HSnFXamRuUW1vd01IWlhNV1YyTTBWaFFWcFVUVEEzWlRSc1kySXhVRVJWYWk5dFlubzRTak5WUVVGMmVqaHFjSEIwWW5GV0lsMHNJbUZzWnlJNklsSlRNalUySWl3aWRIbHdJam9pU2xkVUluMC5leUp6WlhKcFlXeE9ieUk2SWpFeU16UTFOamM0T1RBaUxDSnRZV3RsSWpvaVRVOVRTVkFpTENKdGIyUmxiQ0k2SWxOTVFWQXdNU0lzSW5SNWNHVWlPaUpHYVc1blpYSWlMQ0prWlhacFkyVlRkV0pVZVhCbElqb2lVMnhoY0NJc0ltUmxkbWxqWlZCeWIzWnBaR1Z5U1dRaU9pSk5UMU5KVUM1UVVrOVlXUzVUUWtraUxDSmtaWFpwWTJWUWNtOTJhV1JsY2lJNklrMVBVMGxRSWl3aVpHRjBaVlJwYldVaU9pSXlNREl5TFRBeExUQTVWREV5T2pFek9qRTBXaUo5LmltYXQtYk5hNTgwODNyMW5FcnJ0bjBGYW5yNW91OTF4VTdvNkFsUjZLOWFpZno2RC1Cby1WakliUWZnRXBBbDRfSWV2WWJCRHFCYWJPZ2pXWlBxSkxpaDNtNjdtZ0FPbTNvUHQ4STZIZlZvVm9JUXBIeUVtdzk5RHN6UUkzMmNURjBCeUdRY0puZmdVTXBPRVhrc1labks5YUl0UkJPUXAyU0MxY3ZXb1Vuc1dQOFlhZ1lpdHhILTk4Y25yS01STWg0RTJoQ0QzMjB4NllMMkxwcDZfVDJUTUwyZE5XbHJFRmRBdG5aamVPYkVDcW5XUkEtNUNJbTNUSHdYTnljV0pFdUtMeXk1a0tyM2Z5aDJsQXdMZWtCVjJzczJ0ZWdXNE80cl9jdWVubEMxUVc4dVJDa084R0I0Mk9jR1hHMl9vVlp0QUhUOTU5aE5fVUNZdlVfSTBnOEQyVTdjajVnVWs5NU9KNFNabDljYWZ5cEVsS0tIRTlJeVN5YXNQU3BPWkNVT2J3UHZiVzJMVUJGX0dmWDl5dDRSUjI5cllCNmNMY0VyUUYzcE1jcG4yNTg0QW1jS0wtR2NVbDBFVjNwZFpTVzJHcW5ucFVIZWZtdE5jQVFLQW1OVzQ0MHV6Wk9QR0R4MlRKWHZYRl83d3hVdndHbGVYYm5HZEJoRlNScWJLdEcyMFRpQVB2SWR0dDBGVDNsbGRZQ3B1clIwNy0zM0NHemlRMk44TFlNSGJQN2ZyM2ZXdkdRSjkzX1BWSWJGWFZRNWRnY2pPcnZUUU5OYmpXMnhjWWJ4NjItV21hQXYtaVhVMDA1NVdCZEJrNWNXcENuMmxKRUlmS244QU4tU09IM1gxMVVBSDBWRXVPVzZWT3A3OTQtTjZyMjl5ejRFTjE4dUNJUUd5dUdnIiwiZGV2aWNlQ29kZSI6ImI2OTJiNTk1LTM1MjMtc2xhcC05OWZjLWJkNzZlMzVmMTkwZiIsImRldmljZVNlcnZpY2VWZXJzaW9uIjoiMC45LjUiLCJiaW9UeXBlIjoiRmluZ2VyIiwiYmlvU3ViVHlwZSI6IkxlZnQgSW5kZXhGaW5nZXIiLCJwdXJwb3NlIjoiUmVnaXN0cmF0aW9uIiwiZW52IjoiU3RhZ2luZyIsImJpb1ZhbHVlIjoiJmx0O2Jpb1ZhbHVlJmd0OyIsInRyYW5zYWN0aW9uSWQiOiJlODdhNGVmNi01OGY1LTQwOTAtYTJmMy1lMTNmODVlYzU0ZGQiLCJ0aW1lc3RhbXAiOiIyMDIyLTAxLTA5VDEyOjEzOjE0WiIsInJlcXVlc3RlZFNjb3JlIjoiNDAiLCJxdWFsaXR5U2NvcmUiOiI5NCJ9PC9lbnRyeT4KICAgICAgICAgICAgPGVudHJ5IGtleT0iU0RLX1NDT1JFIj4wLjA8L2VudHJ5PgogICAgICAgIDwvb3RoZXJzPgogICAgPC9CSVI-CiAgICA8QklSPgogICAgICAgIDxWZXJzaW9uPgogICAgICAgICAgICA8TWFqb3I-MTwvTWFqb3I-CiAgICAgICAgICAgIDxNaW5vcj4xPC9NaW5vcj4KICAgICAgICA8L1ZlcnNpb24-CiAgICAgICAgPENCRUZGVmVyc2lvbj4KICAgICAgICAgICAgPE1ham9yPjE8L01ham9yPgogICAgICAgICAgICA8TWlub3I-MTwvTWlub3I-CiAgICAgICAgPC9DQkVGRlZlcnNpb24-CiAgICAgICAgPEJJUkluZm8-CiAgICAgICAgICAgIDxJbnRlZ3JpdHk-ZmFsc2U8L0ludGVncml0eT4KICAgICAgICA8L0JJUkluZm8-CiAgICAgICAgPEJEQkluZm8-CiAgICAgICAgICAgIDxJbmRleD42Njc4OWQ2MC0wMTFkLTRhMGMtOTZlMi1lOGE1ZWRhN2ZjMzg8L0luZGV4PgogICAgICAgICAgICA8Rm9ybWF0PgogICAgICAgICAgICAgICAgPE9yZ2FuaXphdGlvbj5Nb3NpcDwvT3JnYW5pemF0aW9uPgogICAgICAgICAgICAgICAgPFR5cGU-NzwvVHlwZT4KICAgICAgICAgICAgPC9Gb3JtYXQ-CiAgICAgICAgICAgIDxDcmVhdGlvbkRhdGU-MjAyMi0wMS0wOVQxMjoxMzo0Ni4wOTI1NDFaPC9DcmVhdGlvbkRhdGU-CiAgICAgICAgICAgIDxUeXBlPkZpbmdlcjwvVHlwZT4KICAgICAgICAgICAgPFN1YnR5cGU-UmlnaHQgTWlkZGxlRmluZ2VyPC9TdWJ0eXBlPgogICAgICAgICAgICA8TGV2ZWw-UmF3PC9MZXZlbD4KICAgICAgICAgICAgPFB1cnBvc2U-RW5yb2xsPC9QdXJwb3NlPgogICAgICAgICAgICA8UXVhbGl0eT4KICAgICAgICAgICAgICAgIDxBbGdvcml0aG0-CiAgICAgICAgICAgICAgICAgICAgPE9yZ2FuaXphdGlvbj5ITUFDPC9Pcmdhbml6YXRpb24-CiAgICAgICAgICAgICAgICAgICAgPFR5cGU-U0hBLTI1NjwvVHlwZT4KICAgICAgICAgICAgICAgIDwvQWxnb3JpdGhtPgogICAgICAgICAgICAgICAgPFNjb3JlPjk0PC9TY29yZT4KICAgICAgICAgICAgPC9RdWFsaXR5PgogICAgICAgIDwvQkRCSW5mbz4KICAgICAgICA8QkRCPlJrbFNBREF5TUFBQUFEWEtBQUVCQVFBQU5ib0g1QW9KRUNzYUFYVUFBQUFBQUFFL0FFQUFEd0lBUUFJQVFBSURBQUVCOUFIMEFmUUI5QWdGSFFFZkFkd0FBRFZKQUFBQURHcFFJQ0FOQ29jS0FBQUFGR1owZVhCcWNESWdBQUFBQUdwd01pQUFBQUJIYW5BeWFBQUFBQlpwYUdSeUFBQUIzQUFBQVI4QUFRY0hBQUFBQUFBUFkyOXNjZ0VBQUFBQUFCRUFBQUFhY21WeklBQUFBQkp5WlhOam1jb0FBWm5LQUFFQUFBQUFBQUJxY0RKai8wLy9VUUFwQUFBQUFBRWZBQUFCM0FBQUFBQUFBQUFBQUFBQkh3QUFBZHdBQUFBQUFBQUFBQUFCQndFQi8yUUFJd0FCUTNKbFlYUnZjam9nU21GelVHVnlJRlpsY25OcGIyNGdNUzQ1TURBdU1mOWtBQkFBQVVWdVkwbEVPa2RTUWxRd01mOVNBQXdBQWdBSkFBVUVCQUFBLzF3QUkwSnZFRzdvYnVodXVHYjhadnhtNEY5TVgweGZZa2dEU0FOSVJVL1NUOUpQWVArUUFBb0FBQUFBTkVFQUFmK1R6NVhRRS83L05GcVh4Nllqb2drQTNjd0VMTGE2MklFU0JsL3BEaWphZnR0VGVBVFFaNXNNS3FjRVVDM0JvSUJ0enp3VTFFUjZIZEFGMmF6cTJvQ0ExQUJkN0RVTkRuYjM4K0tBcVE5MGlvK1N2eUtBSU1wbTRMQVhyZm9Yb0hmNWdJRHhJSmJRTm5sbktYQlE5N2tWaWZIdDFhZFozOE1vUGdyZzRQU1RSNXJiUElEeGtKQytGU21abHVVajh2R1R4Ym5Cc1Q3UDhxL0RTUUswM0pENldBSUs5OFF3MzZzeFNUMkhoT0ZiaktmS0xWSzR0TVpQVjdsZ1I2enNEdnFaYVE3WWgvSnVIS1pyc0tEb3NFTnR3eC9vVlVEQUlhdDFic0gyaFcyanl6cnNqSUNjVkZoNUVPZFZPMVVKY2ltZkw2d1FWcTVxeTRvcUMvRXVIcGpEVnM0c3hTazFIRjY3ZzVkdFF0M1dLNk5rRUhNWFJRT0hnVVh4bnhCemw1bFFEcUtRcTNnZUpmNUhtTnRqblVDa2ZNQW5ITlpMeU9JWW9POERucWlsR242eStINnhpZ2NGQ3hhNDdOVy81SFh2Vy9WTFk2L1JMVmUxWmluQ3BoWEFvc09oZ2lvdXp5OGt5RUVMd3J0MlUyRU16ODc4bStta2dGV0tXajNJenNEbWtjVUFoN1RyZis2endLK3dOTnI0K3NmbDlTKzlhRTQveHJEMm9WMmlNNkxEbklWcXlqOHpYT0t0VEJhWXpqeTFQbHo4OW51Nzc5VmRNOFVCQXdFay95UWNlcTJrWVVsamtSRkpPWFJydi82eGxhQUd2ankxdTZmaEc1L3M1aE93SkJDbTgyU3hRNXZuVE0zV0NPWVFtYlRrRWZMekMzS0l0cE1IR3lIdzZLU3k4UjJNYmNyRW96VEVhRlZ1NG5OVXhYbDBKb3N6OEthaVJnNlEwSkF5bWtFRzc1OFkrUXY5RFBQaHRKeEZEZ3B0YWx4dHR6UTArSVo1SmZ6UzlUbFpqalMwQVUzY3VzMzB3N01IL1BZengydW5CWXhDMEdXT3djeG5EYUpIVFY3aTZ1a3dqT0FqMEsyZ2QxcFUzT2NZQ3cxYnI3WndGeUxKdjVDWERWSmJ6YlR4WW1HaXBtNTI5aWV3ZzNrZmdQS2JOT0tBMEhnNkVGcDI4T3laMUZPK2tLa2hHVHhRMHh1aGhyeEdVVWVHZ280dTNxbElaQXhWT25mbEpFNG9TbW9JbkpEY0IwWkl4OHdubEhrMmJQYWpTcmJrMVFUbHdwNFc0Z1NZOGtFOFhLL0MvUERJbDVRQVl4NWplQk5odnYxNkZKT1YzQSswUnQ4NzFZOFhLdG5ZL3hoWEdwY3k3cjBYREg5cHJ6dE9OT05VSEdNemxvY2NDTndLMkJmNVhJS25tZWl2N3RvM3B2cE1UUjdGOW94bldPME5kbjdTM1UxQjd3L0RiVjFRbDZKLytQN3l3TUpHR3ZxZVA0RHR5UUxXYmhqOUt4bzlldDkxWEZnMW1RSGVDa1dOemczTnVJTXNKbk1uMHV5b1ArTGtaTk9FM0VZbkdTTGhxbTJIRWJISG1IaElHT25xRGVSL0p1MjR5MFVyak9obkdNc3JrT0o2RERtWUtJNERCYWJEK0x0Tk1sdmVzQmEvNlZ6RjVWMHhETDE1TUpRZ3lRY3hmZVdtaHltVTFKL0NLY3hsWjVzY1AwdWc2VWN4akpEM3g2SEYrOTFRYmdsUTBKRmZjVGNTcGJFaWJWV3Rac0szblltNytPY0lPOGwrRStnNkI5TDN4NmxVdmJraHF1RytoM2REaW5OUG1FdUlKNkx1d0Z2NzBTZkhpekZiYXlQWUNqQVR5WDlsNlEvNFZLNzAyNUZkKzdrUFJYdVduSlhxYVFlTXBCR1BsbzQvL3pjeU81QzVnSHlGTi9mNitRMEl4dXFabE1nd1BTNmczZm13ZnhBNmlXVlNNaVUxN1dJY3JWd05udmJ4bjBZMDBHNzQ1TVBZN2VaeFdIa1RQbEZJQnVneWpvVTZrRHFjLzB0aDFIVmFCWEsvRXJRNjh3Tm04VmdXS2s5VlZYT1owK3FkaHpZUkhEamthWTRucGt3NzczTWFWUnlrZXQ5eG1IYTJ1U3hKeU83ZmlxejRuWWxaeGZ0NGpaSnF6Q3B6eHhmTFF6bVp3Z1FaR0JVVUdhNzM5UUM0Unc2b1NvRUdTTHFGY0JQc2RETW1VczhzNjZQWDgxYk9PZGtpTkJFSWd5WXcza29RT2J0VEsySFY1WVIzZUdjclFFODUwV0lESDI1UzFUNDhZNGpEbjBLTXZUZXRqc2t4bnAyeE53ZmplaDdUU3REcVJhRTZSVWQwZUp4UWVzSkpZQ3oxM2NUVFIrWjJZKzFEZmdEUm12OFZVUnM3UEFqL0VCem95cDgyVVVZRldoQUU0MFNzalRsTXVXM0xURlJSR1IvM1hDUzRzc3Y1WUtvekpHVXFsT0dubXY5aUN1V3A1dHdzSGdTTXdzRk9MTngxdDRPVmRFeUNTZEZyYVFSbW1xQkJRWXlXQkN0VEFveHBLdWNBUm5kSFduRkJUcldBbHBaYUFpUForbkR3ZzdGeVEvQ0hCMHZnSEtBQXpLMkRhNXVjLzBNVkYzaFRtT3YwK0dYWGFhak0zaTZ5TWl5eXlxNHQwS3hyc3JaWVQvMVdvOVVTSzlML2NBRUJucGl1QmFmSFR1SzFLSGxxSi80L2pnZUJBTmkwRGRoVHBvakR1R0tDeVJYR0p2UTdob0xMTzRsemlCRE44SmVKWFMyZHo3eHBLN1ZJNC9raWsxdDIwNEQvVzczTkI3SXIxTDBZS1E2MDFDdlpJcUxTSzdjM1M3dW55alQ3U0F6MlBMc05FNDVSYzFadFFUNlVCNk12ZUJ3cGlkZ09RSWlPcnQxWmF6alpYYTVyZ2RDbko1RElLMEtOT0ZiQlpoYXJ0YmFBS3IySWdHbTdvR1lNWmFQKy9RMUVRVTJpSFJFUkYxRkxuenllemdRc1dnb1ZVSjF5Wjl2UWY4eXRRWTUzU2xMV2daTlBWSW4rMC9xcTNoUDVwRTVDcWRIU2FkbHlwQVJtNG5VcHNSSkEvMlQxYUtYMVFhWk0veWtnYXU4Y0RUMEFqOXdjb2FubFh6WWE5alBzVm9Weldla2xKRmFkUkRXY3ZlcUNqWFhiV0lIWU5hekxXTmZLSHZ6dDRTK3lDaHVlWTVsTXptVlFBRWFmL2FXOEFjM1VzaEZZNzN6bTBCekwzUTdnT3JYZkZ1NURIcEJacndsM0tLSzUxMzBXMXlWVmhmNkxzdGpoMGNrQ015aExTR0tkUmRiYmVOQ0VIMEhNeWx4czZUblVQNkFnaTRURW1QTUtBUE9VWjQ5WmVURW4zb0VFNVZ5ME5MZzIzTW9YOWxjMS9PckRSWlpKOFJrRWs3QmFxRGtMSXA4Z3UxVzFjMXZQZTN6WVNwcmwrczJMdjR2RmFzbk00bmk2WjZpZ29GS0FkZVc0YWRRU3RtVndJeXgwOXpUbWNKNmpTNjFzbWRDQ2ZkYmhhdG1JUW00aW5kS0VLQWliNDluSWJrMzNvK3dSc1laelFOTS9WQkI2ejVYdEZLOCtqajNZeitKWlR4QTNhcld3dU1lZzVHdnl2SlUvWFovYk5pQm5DY0psVlZVcXF4V29RalJ0WGRuNFFzaU5RUUNWNjh5cUVYQVJmcWpWamRjYVRTMG5HVEFKOGszazhBMjZjVWt5NTdiVEV3QXVzc0htUktXSVpGaHBGc3lYR3FiOWhwWW43cmxEZWVUMjg1bE9lU09IdUplbHIxaGZ2MnRHZ2JLY2V4eXlHaXpwUGk4eWJSc1dRS3ltZnIrVzNuOFRKQkdRUHJYeUd1Tm9GZG11REsvelJLdzkrMDA0WlQrZDlvVHNZdkNBWWFNNVBVaGJtdnRoMitwREp3Q0dieXJoR0lScithYmVVSVF5QUFibmh3NWpFeStMNUd4dXZEUzZsM0xKN2lXRkVoc3BNRFVicHpLWXM4VjBZajhaUWhvU2o5eFVPTjVGUFkzWXpzNGkrdzVPcHFVVUh2NDQ4bm9nd1pURzluTDJQanBGNkJ2NE9BQ1haeSsybXFHa2M0ak9qUDZTdHhmVlJ2NEhLY0Q2UlNjZWRVbmU2QzBiMmxZd0ZJQ1JwNFNJc3BmSGxxZU9ES2c1Z0I1RWM3Z3NINklLdXVrR3VIcVl1NklWaVFTVVZxS2hRQVE0djdNSms5SThRemxmZ3BoVyt4WFB4K1BaQU5zSzFXMVlnUDk0bjJXNmZUODB0L2djTlExU090NVZwVHBNeUpTQm43WHRNOXhOVkxUM0FHWE0vckhKVWp1SkJ1RDVVWHNFb3p3TW9RR2ExSUNEUC9QUk5xTEg5UEJoMElyNG1Xa25hU2ZlRzBkR2N5Y3VXbCtaaGRmeThpeUZHODUxVDk5c0dWRVNIWEhSVFhGRi93aW1xQjM5RGY2akkzMjdyL3N5bTc3WjZpenVjZmlvaWJLUFBvUlBSdjloRlJ2VXpzYU1EQzgzbmszRHlFS2xkUFc4RGhhOWt3dnBudURac1dvREh3d05zUk1Wbmg2NjI5SldYd3RUZGl4cFBsT2Y4dlRaNE5FeWRiU1pMYWE0NlFpY2tXbjVMbXpaY0hHODhlWktnY2dBMTZINDF1d0J6MTBidWhXMHV3ZGZPMStScUVaYmE1Yk1peFpuRndKKzZTZmRTMW9ueEVEY05pMmN6T0Q3NDhzeFgydnQ0RXFaeWZGd1MvaWVjMG1PbFRiZzRZUzk0RlNNcDV3cWxCYnpGV3huRmFQNlVVMi9RazRKbkYrN0ZsTUNhbWNxTTMzVmIxSTVHanR2VGozdFliM2xvS0NNVStPZmpJL3ZQN2NuUW5TVWgrMlQ4UHZoNzhSRTMxTGgweExGRkJYaHdSWkV2V1diUDVtSU1pMmhiRVpFZFFHcnRWMEtCemRZR0xUVkg1eUsyT3diWlhWZGk2dGVCVVJNSGUzcGxNR1NNZDgxM0Uvc2thOXp4OWF3V2ZXMStrZ0wwdlVpSkJMNTE1RmFBaVhOVVN6SUlWR3BveU5pR2F3T1ZtTjUxL01UU1d3QW0yc3FMY3o4OHRhVUYwd05maVFDbGlHeU83Y3FuU1A2eVJ3K1FJSHRFVi80cmZEMzk4cW0yVzFEM0N4OVBFcWhnTWxUNTRnMVErMDk1azJtMk5mL09USm5QOFdzKzZ2UlE3YkNHOXhHcmxwM0JtTCttQWpHb0s1aVEzaXpFdzFtQ21iTktqV2p3cGQ5NXV5S0s5UUFtV1prS1liVndNd1Y5MllEeGttN0lkQjFocHZ0d3Q5SlpoRXVHcjExUWQ2cXZrVW5YVXdIK2dtOEhSNW9BeXVvSW1zQXI3azhmVzN5TUpqVHI3Sk84ZEhjN2pmMHJlK2VxVStYMDZKVmVlNFFoY1YzOFYrbXVIRDltS3RZNWhrc1VmZDJkOHRiVGE5bC9lcmh4SHRWbkZHU3BTOGJnank3dmhnZXU4WFFZTDlEeGcvME5uNEJIOG9WSGZTUGh0SUEyeE5FOGtudDJSQ3VzeVJJajYwd015bVZFa20yc3VoYjYrZXNTNGJDZGg1eUhNT1h6WTh2cWpWcW4yaU9TT3c3N1BhUHNqMmlSVExNK2hFQzg2QmNidHJybEFwVXdOclF3VkpwT2g1M2VoYzB3dkM0dVEvSmZ6UVhwSTBWQ2Rvcy9ibExOeWQrRElmUUQ3SEFKaEFqUFY0QUg1Ujg4NUhvcXNZZW1STE0xQkNQSkdiWWZyY1lIdXZoell4c1E5cm82eGtpOFA3OEIwSjJSYzZBTnU3RlhOSEM2K09NVkovUjZsQzlNd01ubUoxSWY4RFppZSt2TGFyTlE2TTR0RGQ1SGQ2SEhsUlJwZVl1a2RQMnEzMXpRbzZNbDR4bkdFUStJb1lvQnpQMi8xK0FCYnQ3ZmVKWDQ3cHNvWkl3d2JSRkFRajlFWElxV28ydko4TUgyeGw1SzVSc2I0ZVlOekNSeUl3TDkwcjJlWGY1ZC9oU2UxQzNVeXdmbkZOclh1S0sxRGNxb1VpS1V3V29Tb1N0TVFHWTFhNjdDYXB0MlpVelpPZkRNaGZmdzZkM040a25rMS9xSEc3V0RZWEZVRmdiUEUwMWR0MkZDSjc0aTJBMExyTlpkMnFuZkg0RUFrU2dXRkVUNkdzL0J2MkNDakF3WkpIV05SWjVZZHk1dGVUSElhQVYwR3YxSTdwN0RTMnRGSlNpM2ZQQlE4OXZVZjhNZ0lDQXMzZWd3TG0yUFFmVmhGYkRMMVZXOHBiK2hiREpDZGNUODF5Tms1TElJUEhpcTBhdzhJNk5MSExEWU9WY0pvSW1VOXN3UkViRXpUd2dId3prelZRRDZPZWVtSFZtWG5uYmdQQTVJenJvcjZLWHNBTFA0MlMxQ1dFS0RzQUZMNEQ5bUY4MGFCYit0UXJwL1FmNExJUHVpa29OK1VEVDkwMForcFh4R1dxOVpWbWRFdm5BVkdnVnA1VjAxZXorNmRuRFE2RGtnaHhQYW9hbDJ5NXNaVGQ4SEJ4Wk14aUV3YWlVREV1dE5YVVk4S0hMYmlhcTljNXlmL2pqM3M5NkczbVhscE54cDNQMVZYSUhuWDFXUGEvcTBTNklseGJFb2dONDZoMTgvWnJNQXYrRlA2dVJlV2lvUGZDM1YxR3kvaDB6OE5zMXlBT2hHYmZGd2VFbzBPOU9ITWVhSk5INjEyam1XSm9XQ2V2ejhDaVdjT3h2QWIzR3lHQVNDQUxqdnk1d2J6YUlzZ2llU0lpYm5xbUtVdmNHWVplaytvWDJTb2d2Z3N3cDVPaVRnSmRVajlTRUUydjBYeGExN2VwV1RPODdRUjlya2ozbnUvWjFBTWoyaVFSOGhWY2ZBWDNYaXFURm5JSkJkV3Btb2k3dUU1UVlhaXdNc1VKaSszY2ZiRWFRUU9PRlBBK0dzUmNRSURxYlNHNzhEQ0RRaTJESTJFRENacmxGM1pLRXBFdklialhnc3NBRk1ZeGo1NkxlY3VaMDlsSm9ydlFhZHhUK1ZpVHArSjNPcXlIekJ0Yi9XeEMyYU45T3hvYzZYSXJxUTJkdjJ1NUhybVlVZVM1TjMvR1Fic1NHVUJQclZtR3ZXenQrdUFFZ0N1czFpZndaajBXYjVlTFg3dFo5TTRkT0dlRWNFc2w5TXFwckx6WnNvenFvWkVKenpLRW9OcENNS1Rvb3lmYXAvb2dVRkFPV2s2QWVwTHdPODhReitIaFh2UEx5VFAyMXZMK1BzaDNXR0xwNkM4ZGV5QWZBNU41bCtJbkpqNlNybklydlIvdk1qYlBvSXhHZDhTdnhmTTlqaitXWVNtZ295Y1c2cHVQRzJZdUxoaGRCMGJld3FXRGd0VXVOTndHK2s1M3pIN01ma1M2aGVmNFhNUnBxTTFoaHJDZktjZGIrcDU4U2w1cW9UTVRaZU1qWklzUVB3RE9td2hlbm9VZkxLUmNScUdycGkwZW5ZWXBuc0tiN2NmU2kxbjlTVEdTZ1llc0Y2Z3Z6RlFmUFIwMzdKelRLWExVNEF5b1RGY0VPNlEyay9YYkJqcGlyNVJ3U0d3UlMrcFU3QW9OTTRHRVJBc0ZoMTljanJwZ3kwWE1QS2MvdFFET2RldE92c1B0am1lNGdsQi9JK1JRUG1LbnpTNkp1Ym9kQk8wblY1MnRDTVpPY1JkN1I1aVVEV0RMRGVwcERINmFxUy9KTVBCVGVUUE85ODdNdjV6aVJ6UmVVclVJaGZ0QWM4bXpJT3ZESDZKYzVTTmVGcFpxSmRiN3JQWUVpK1QvRkVKNCtmOGI2bVJOL2xyUmgvUStUZjdIS1B6L3FsR1djRUpqSmR1eWtCK3Zwb0tNNTlaNVZhQnpFWFRiMFZCVnJmMjR1NWxkRmlqbUx5Yk02aDlUKzBtNjJiUnhVVjljeHU4QUpGRThidEJxakcxRm0xNDFwOU1DRlJRUlZQOXA5ajhJQTZTdklXRlFORGc5Mmk0VGQ5UnZETGpmV2o0d2FNcDlQbnhKVzJIL2lHWUNCY0s2d0pLUm03OHo1enJ3M3JsWjBCSE4vc2Ztai90UUNtRk5tdEZDWWxjc21HeXFTa1ljMmJZUWp2dmdkWHhsd2VwOTNYYTNxQWcvSjBQVzBEOEQ2SHZVSGxIelFKaGdxdEt3Y3RnNTk5TTFJMllhZGZkM1M3dk5qSzU5NjdnWXlFbC9qeVRpTlJTU1BhT2Qwb002NUZzUDRCeUkwSms1NjFZNjY2T091ZFhwNSt3d1owdW1aVElIY2g0cXk5K1lRREkzdG5URlhaQkJ0SDdyL08zUHIrU3JHcHZrS3prMzRkY0RaNGNqSW1QM3czWHdzSk1XOTh4VmN0b0NONkNYTC9QMnFtbm9IeHR6aFB1L1VDWFBSWUMycWU4S3BseVkvUm83UCtuMStRbGlqVy9ncjVCZyszUjdpTmZlZFA4S21XNVNlYU9NYW1PSUtGMExTU0VlSWsycGdmdXNQMlJ4bUpTRHpQWHU2NG5hWCtKbzZqMHVZQXJKdFFoNDZHM1V6ZHZ1ZU1lS0txZDJBR3FRSkI1dHhPeWdvTHc3YVI4QVNYTVlDb1JwVzBLSHJNRFY0cisyeGFhV1JIT1E4NllFWHBqVkRpLzVIdjRkYnFudkhGcFFmN3dGNlkyTTU4bDFVODhYN0p1Vm5rcnZrRTN3dU42N2hQa3BYV2pIR0hpS0dNeEw0a0V1K0lYSHJoQXE4SlBVVlhHZ0cwcm5ETmZtVGkwQ29JdkdWU1pnZXdVOHhQblZhVU54cmx0eHdjdGNpWHppN3luTldNQWhhZE5OMzJYMzNra3JGWXczMDduVmZiMU16N2k2Zm5PdExydkwraHZnQ2Fka3F6SGk4TW1CQkE2Y3d2OWIyRXR0QWdiQ3FZeUhRaXNBSGc0WTlPL2Q5am80eEZOaktwRzRnVDE1RFlZNkMwaDdoWG5Ubk5yVTcxVitZb2RsaE1sT2JqeW14cm1wWmZxejZEamtHU3kvMDB0cGI3U1hNT2Nnc1BIYklWSUNZMng5bndRS1ltM1V3b1MvT0JoNUNxY0tDdHVFTy9YYmZ2UjIrMHQ4OVlTNmVnWEU1bkV0UldmQmxWVloydWQzZkp3UGRIZFJoQTAyaFVyTUJXazM5NHZRenM1TEdIUEtucStDSGg4V2s4NERKdlIwakZlNVFWTFVWRTkxQ1U3RXRuNEhSVXlIZ3ZyQkRGRVo0QzJ3eFlJc2JaUmc2dFhyMXpnRy8zQkY3Y25GNXptR3ZPa2F1dThEYTNmTjhaZzRxSTZKUlI4d0w2WE9QNGlJOW83c21Rb1dOb21CUHFBN0VYWWhxa2UyOW01cmt4ZnhNNWZ0WC9uYnlxY09RK2N1Z2lzVXJBeDg4OERLQjdKblJLQ09BQXU2YnBuTGR6QUdTbm1ONG1ITlpJRWc0a2tiRkx2Y3BDZTJXMkVyajVvL2FXZEJKMUo5amdnOHBJNDVRWVplM0wrMW45Tk1wL21MVFh1Z0tuV093WkQ1aks0dmlMQWVJWk1yRExqdnoyVEpJclQvejF5alZjZTV3Nk0xamVEaE02N0VpSkFWVzY5T1JNNHRyaTMrSWJFODZ4WjMyd0pCd3ZmVmR5TkJrbE9yMWNpSUtjd0dhRHRBVGdkeC9qUVY5L3p5NVJXUmlFRkowbG9WcXhZL1pqYytEdWtYR2RvdnpEblN1NUEyN0JFblFraGtwUVM5UHR0WklrcVBlMGFUTUovOThlNVBXdlRoVDhJM1ZCVU9VdWdsbFU5NG5tNWtFNTQ5UkJqU3RYU1JHL0R2eFdyYkZkeW9wOCtrdEtsMnQ3VW1DSmd1dVFxSVN1K0xZNm5YZ1BUdnIrbjVwblNwU01MZCtvQjdheTBWNjBwSHR5WWdDZmlLMnhtZVN4NUhqMGFMcjNGY3k0MjQwTTZSSDEyRUFIODRYblFob3psMVBRcVZjS1dJV1BFZFNpTWZvWnorL3l6ZHRGZDhGdmE5UHhRd1lOdjBDK25PclByUmk5S0xMYTVxNTRXVUg1YW0xUEh4YW5oTzgwbVZIWEFDMUYxV2lXM3htNTN5VXFJdzJTb3dzY3R1aHFVU2lSOTZnUGp0ajk0OS9LbmlLdHZ6NWdYRlNucmsrVmFpUW5QUEVqTXJGNUlxSlFtRTFPUE1zT3FvbGZRVkh4VXpDTWtlSzJDSE5EOG9JQ0dkOFAyMERZQk1mUG1FMVlMNzFEeXJxcXhvVjhETzlqNUtQdGtDU0ZhUHAwNG1CMGdvbHVFUkJQR3J4MzdMeTFlN3oxaGNGa2J6bnVYQjdYdEVkK3dGZkdGU0RvSStTWWJ4LzZqeFdpZFZ0QXgwQ3VTd2t6YXBWVElmcmJxcEx5RkRQVFlsTUdXWi9xVW1TVDJTQzBtWWxuREJlTmprSkhObFhaSlVFRlcvMW01cWJhSFJwU0M0d2szdE0yWTBDQWtqTHpJSE1PMWptaXpaRlhhU1AwZDRMWjZhaWdIZCt1bmRBdFVCOHZPWGdHdmdqcEdBT3hJeXlTck8xOHhBbE5wcUpZUHNSOUw3RlF4czJWaGIzU1RPRWplUWQra244LzFnNXlLZnFMMDUzK0JrOVRPZy9TT2orcWMxWXFxaFJqYmFPWGdHMUdFZkZFRmdCTGJSUmNZTGN4MHVid2VsWDRGNm1TdUlHcUFnU0Ywbm5ZcFNTVnV6NWU2b01Fa0RGdzVEQTdETFV2MzN4czVyRmNBdHp0RTRwd05LS3dRaGp4dVdYVmlkV05scVhLQ1lKVis5cmNZMmtmdHRQcEN6V0tNclpmVXdnYmp4UU9tUkRrc3hwOWEyMlhVV1RtQ3RkR2dlTmczc0luQmNmSTRReXRaL0tVb1pLT2NoeHRJUFlIdDQycTJVWmlFRmpqd2swaDJZVHhOSnRBc0puek9WVURpQXpPTk1BOGNaSDdKaWlMc2VDNk41emlwa05Zd2Vqa0lsQitoQjBrdzBSMll1YVNreGhzSElkcXFQcThnZVRmLzg4TnQxd1pzSkVJb3RPUXRORlRqdXBDME9QSzhrMGlSVkxYRGpPYmR3VlFPM2thdXdjUExrdW5ZSVFmNEVqQmZYaFIvaGMxM3ZUTmZQWGc5ZVQ3VklQSzhBRTVsMEczRlBGTVBnV0ZFc3J4OTduVHBmRXB1MmxhaUkrYXQ2RXBEZXRLdDlxeTNxdTNENEQ5dEtsSnVtcDk1UFYrbTk0UzZPOEtXU2ZYM1BNREdld2ZmTFE3ODR5QXZGclUwNkR1cjhWTUlLQVRtVXkxQmxNVnhDdi9lMlZ1VnZTYWhpWUYwQktaZHgzazFUZkFqOXlxcXhBVWM1T1lTNDg1UlFuejdmVDc3dDdVWnFJanBYRFlsaWtXaWtNM2ppelJKNUU0MXI2NUh2YThmRDgwRjVqSTBHZnR5aUJ1NHVLZUhub1pvMjJEVnhTcG45VW0zeGRqS05JWFYyNTdzWGIyWmNkRHBRb2YwSkhmUVlialg1Y09IREFYWU9aeGIwWmlSb0NZSTdqbFNuOUtrTFphcy9raU5NYmZ0dTZlbHVPSnY4WEViUEpqblMyWUZaYmcvWm9JdkRkSnJxcFcydjdpdHFEbG5WNnIzY2lzRmIwRnRFMW5KUVpsWHJLdWNEaGdSc3pRRkZNQ0RxYUR0R3V6cklYYXBkVGk0WURNbDZEWW5NQUY0TjlDa252eTFRMFpvMlYvM2JEOUlPdUlhUnl2eWxwSUFrbHBuWmg0c3NUQ2xHc0h6Ujc5SU9CejR1alNoOWZ1Q3RhS1JPN3h6ZXErcXpoVEdSU0ZGWTJTcDFrU3NBU2daUHJ6VnRXK2VGVHBFWXZlYzJmd0xtU0lrOHBuc0I4MnE4QnBlV0ZpOXd1enRveUNrMDRBZzloMENZcnhoRzBTTjJ0bTJ2dGtqbmRvQ1JZcXE4cENvalQ3cVNDRHZzL1h4eVlMbDJDR1lOMEM0YTVJL3JobWdyUGJvajhpU1pRZkYybDZVNnhsMVJKaFFNM2V5UkFaWXRxcGxPMXFFdkxjUGUzQ2w2WU9RZzN2YUJLanRSbWhNVXpzYlpzUUN3WWZJTVB4aEsvSFVGYVpuaGM1aEI3TTZ4Mm1qcEZKMzB3KzhncmtCQkxlRytyQjZLRFpJM0c2RGJHekNpdENTY3FrQzVQd1UvdXd1eVlzNU9zelRzNGNYTUh5UllicXg4dUtzbk5CazNtTjB3VzZWNzEyZlY0M21PMm9FdWhIdzRHQjRGQ1JlN01OdG9DdWY2WUc2Yit4cStQdFNOMzhveUdwb3NIRTUxdHVIMmppRmdPa0J5c00wRkREQ3dUcG1SS2M5VkJBQWhpL2VtS3IxakIyeFBoWmlRTGY3SnR0d1NabUpBTDVBYWF0cVlta09iOFMydmdjU1pjWHNIRU16cnJSekhoY3JkbE9QSHVLWHR4NHA2T1NxQ0NRQVVnOCtUaFNUOUd1RytIY2pmeUhNS0lUSDE2SVd2VUtkY2pOVXNuV3pDMTlXZWIvWWFZQmc2UFY3ZzZBQlgrU1pXeXdnWXBhVDI1ZWREcFh6Uk1MQjFZYjlPbU1RQm42QWwyN01LS1BFUVdacGg0U0R6OGhUT3ZibUg2WUpJcllHZFY0U0VTTkR1alZmdk5kT0gyZTN0VmVNSGtXU1Q5c0Uzbi9IUHE0YlNxT1B2VmxTNENJTEN1Yis0aXdndXdXVlU4b1BNVm5iRmVIamFaU09jUDF4SmI2cWdWZVpqYVdzN2RlVEdpZzU4QjgzbXN0WmZjb0tLOHNFOExWUitYQmhveTdQbWZWMm1KeStVZjVPcGhENG8rSkdRNHFXTlc3UjkwQlI3NjJCa3JDMldQNHBRTnhGUnJaZlNzZjJJMU1PNnZKT0JOaHdYNFBFSXA5Y1BQbG8yQXBYYm9LRlIySCtDTWxIMzA1MXdGTk92OS8wWTVVUGpEaHR1amlmWWlHSFBlSTdyNE5EYVNlTUxxdEUwdis2ejd2ZExydlRLZ1BzNFMyeW5kZnpFL0hBY1h2OGRLd2tyc2hJc3BIK2tybjBPZ05oU0tnS3I4QUFnR0FoQ3BYWGdvL2ROeGZtcFI3cGJFU01qMnJrU3NRaFJwd0VHY21Lb01oblpvRkZIbkZlQU5UZEJ5TnQwcjBFQ05BVk1VaFVVYy9lZU1MdGVVRDlnVHdkZXp1enFCMkxXelpuZkx6UWRqS1RSQjMxbEtWOHdtc3hTTUlwSUVianhpUWwvWnlUamJIbXJnc0o0MnhCS3p4cHZubFN4Um95b0xKcGJPTk5vYk5qL0RRalliSVZaK3I4UVpTamE4aWJENXRMVHgwWlhMZ2NBYi93cjdMYWVjbzVmK2Iyei9CSmlIbnE2UFBwQlFiZGE2WnFkRmJQYUhSSEdXV3NkVXpzak5aRjZmdGtjL0hJSWxOdXN3VjAwdm1ra0Q4bHZEZHlHVkVUYmQ2RVErQ0hwTEZpNDBNaUFkRWtCRkhMYUpmbjNPekRRVlNZUjZVTGwySzU1M0tIUitwcVRrSDk1eTVMRkZvSjcrb3IxZHB3RXRpUEp6RndsclJZczBCZU1EVDJJTFp0SkZEREUxRzMxRUhhdlgxZVM4Rm04ZVFjU1NiSFNxYVRGZG0xTjdNZnhrTXI1NDh1VUg5bU1HWmg0a0lEZ3ZYU01HNFlndU5RV3BXL2ozVkJhY1pVUE4wOWJSVTlwWTJYcThnT1FldHF1MnhKSkcwbzNBOG02bFR5TXZEVjVLV0IrUVBkR2NTYjdrcmVTRW4wWlNjSncyb0VJNVdOc1VCcHhSTzY1eXcvUVVDUVd0RjVPOVF0UllQK2FIWDdJYWNpdTBVR2NtMm10dUEyYzBGM0diQ1g5L08yaEsySGNtalRuWVV4aVVrQjNiWjc2emVQdjJ2bmZyZXk1d0ZPU0tFN1pnMUVycUZhZEdMWXlxZFFyR29scGRrWjdjd0toczVrTmN2Rk5LOVlrR3pRdzIwZEw2T2dwUVZZUmFSYUxQaHZ5a3U1MVdibHhXVTlER0QzeWc1ajUxRHpSa1dmRWwyNmgxS3JoWC8xMFRiZXA0QlF6VHNXNWRnYjJTRzBRMk9MOHFLU3RXZmVXNWxGbTN2dHV1Z3FiOUpwK1FiNmFYYTlxeXg3ZzBhS3V1Z01CRjg5UE8rSFdPc09LVlBKTmt1K0VGcW1zUVFpSGRUb2pyaC9PaE5KVWI2T3lBOUZ4citSU0lLa0VYZ0NEbEVLYndjNDg5Zk1uMzNwSHFyeGdWaEVKYVEyVDI2cUVDbHIxSWV2ZGV6WDBlMHhINHZUdWhBTXpWeXhUbzZIL3F3K1ZITmJrWHg0eGVHd3JKVU5iMEkwcmtrMnZ4WkNIMm5ydHQzcTB3QllDTWRMZHNzQUVFOTNzOXcxMHZsT0tyS0JxcCtJK0FmRjk0RFhsOU1Kdm95aXB6ZW5yWGhMbWpxaXFKeGZxcnR3enBoSzNlK1JVMW82UGs4cHowKzRHaVFqR08ydFBtUUp2U1lqM0xLMjlBbU1QUDJUWUZ6OTVwRHJpVTNOL21JTEtMWStiU3luaUloNitpSkZhYkU2eEg4eEdyM016SyswUCtHTmU2T1BrSTlzZkRESnZsVkF5L0NLUUVZSUxOY2kySWhuSnA2czhzOE1yc1ZlMkRQNERweGs1WTBCYzhvMDMxZnhVMTlHTitrU0IycDdqbXpSZUx5VFl5UjV1QWgyTHExQ0dXRWd1REJtWHFzWWx3YkpDcjZZeWRMRUlEQ3FpdndiSmMxU3ltb0kydHdWTXJkajdqSzZ3VjVsbEgwZ0hTcVhBSnhEUTJWWUl3K2U4WU5nL0IrMXBhRWRaTHVYWVRBdjdGY0MzaGlIaHkwV0NzeDdTc0IyQ3JlZERacklrY2lXUWgrWHhCekl4blh4V253MzN4Y3ZsQjE4dVZqU0s2OVdqc3dCTXhjcjFnOGFpRk9GUEFvR244RGJxUmJsMWRnaFJINDNCKzJtNHdFVUp0ZWs4N2tNU1cwaXVqVFJpWG5uYnBrU3VLa0hzek5MZXoyUzVMYnZVQmFKaGhFeUdLTTd5TmRzUkNWZFJJUWRuaWtieGlOVHRGUFJlZ3ZDcVRHSGN2U0Y0NHc3K2xTTklVSjdENFUzTTlROGZEVU9NZTZqQnpJTi9KY1FJemZiL1AyNDRIQ3Y4bVZIQW94cnJ5V0xod3dXaDdrd25ZYitsb1VIaEdIdzZzVnRqQlZvQ000VjkwOUszb2VEbVhndFhuOFY0eUVXcThTdjJCaVk4dUhaKy95OHY0S2lKUTRZTGZGN1pOZUpZM3NQc2ZPV2NhVHZReXpicHRteEhZbEtXaGtjaU9DQ09yaER6Mno4Sm1sN1RsKzhEM0xjdTlpT2JaTlJ5Rk16NDVhQmxOUjM4OFBrdDZXUk5naFY5UFBsR0ZzMlRkRFNrZnJNL1RHQVpNLzBGNzk1NEFHMHZRTlJTQTN5NFR5aXlMZXN6WDBHNWM4MmZzUWpFSFV2WHJ2blR2RndRdFNWU2tGR1ZDd05PUGdVTWxJNVQxNGZ5WmJGcFVlTjFPb0JNYnVwY3VBL0QyNndGMXBKSmRaZFhEaHRVaUVESnFBYTJwZlE2cjZ6amdyejdIMHd3eEVhM29QY1VmOWozRlNxbVNaODNjaFZabXdzQlgva3lFUmNDL3o0Z01qWW41MWFYZThway9jVU96NEd3T1NRR29PYWhMa01Ha0tIS25HdmpxYnVORFgxcDZCTGpSY25HT0E4THVYV3pRbmJJdEhCRHlQK1BxWXdFRnQrZGQ5bS9yekZUWTJJNFZCaE9yYWhUZlZvUDhJdXQxdk9JNkxHeGhZa0RxRi9uaHVNUHRmRWxVdWhIUnFJbHNhbjRmSFZnMUpXNFJ6RUxEb3RXejJkMkluNlJZQ1VlaXdKMytQQTJpZzdkSnhsUWNXWTlWN0cvSEg1WjBpaWRzZlA2OUhaRyt0QVQ1WU1sV2pxYUlXQlM1RDVFZDJhZXI5NG9oT3A2bHJST0JmZDdCR1pwM2NVMzV6MmpFRER1TFN6dnNIZ1cwYnd6amtoYWJDSkdjQ1dNUGVZb1RHNVc3NnhES3JGUGIyRWpoUmxUbkpVYVFzUkFhaXlhQllSZVRUS0R6VUQ1YjBVWXBqTWlaQlNRT1dxTmdZdHlQbVVpQlVFcUhVdjRISVMrUXNmQmlhaEJMcFlBaVlWQVVwbGxYZGd3Y05QUlB2RWJOc0lRMm1JbFFjWkFPekJzT1Y0VjdwcXJtN2JnRUIvM3pRdEZEMU5SS1phSUZZV1dRUW93RzFueDQ5M0lHeE1hZVQ4R0hpYkJJdW1vaHJMclRNdXM1ZXNXTkdPUHd2M3RoMnU4UVQrTlpXUWpkd0ZmdTNkWXVCU0I4OUNKSGN4bG10UEQ2eU9rcXdwdlZNb3FnYkc3N0J2QkVGMzdhK2pNanBPUmRBd2RXa1psYXlJV2MwTEp6cnhoY2QxS0xjQlZ3S3VkazFDMWJ4L0VEOTQ1RStpMXpwZTRFYUF0c3YvMUw2SmFtQ25CTWNmQms4a3N6NHVtcW83eC9IVldrdThLRTFZT2I2cFd1SGJLd0ttS050aDMrVXZLemhuK3AzUkVHT2RxU3V3d0ZNRGdTWUVHZ2l1RktFVHY2Z0JWYVFSTm45TzJHR29yTzM4ZG00RWY5dklLK0xxcEx0SEZKNHlITk9zaDJsNG5XdTFXWERkMktwb3VaS0UzbVgyZTZBeDl1V1dRREkyRUdoMjdDZjE3Tm1SSmVRaFIrZzJWRHVad3MwS3NlaldLMjNtK05jS2ZHUitOY1FPSDQ3dUd4K3ZaRER3eTJReTRRUWZJOUs2TTdydVdhOHVsd2dkWWlHK0pZVmp6dlk2ZUo0NnVqQnRpVnp2R1dTUWJTN0RWTDByYWMzbVJ5bHAxOGtqN0pQZXdxWUVOQ1FIZCtWTlp0bHl5TzJvc29KYW5kRlpIM1kwL3FQSVI5c3JsQ2tIVWowbVFpOExZZGtMUFQ0NjhQbWZQUUhNa29mM3VnSy85OTNVeXBPMTZ6ZzM1V1B5ZXFLZkwxNURQbXo1MmRjVWtKZmQzRmRBb3IrUUtJWDFlVDEzRkZ1UmhuOXZueGlVbFI3eGFVOGNRdmlJNXhtbm90bUYxK01teHUzaEpWcHFCdlFmOUx5K3BoNGd5dExubENKNHg1OFJvOXBHOS8vaDlkdzlkdUgvenJYQ0hCRVN2Ymk3aFZqOWNGOUo3bXpZY0NoeFZ3ZXlyZCs4c24xd0pVY1duNndnRFkvTHNmRHZiMWx6eGY4MzJLa2lkOEYydk5UNEJ1Z3lYR0ZwMXB6SjJpQVJXUHNVUGlDcmp1bldoR1hkQUJmNlZra2ltTGszanNEemVHNmhxYTRVZk9XcTlDbUtQL1ZJb0w1MnRFMnVFMlh0c0VOKzdpeFNsQ3RXNnZyZVdpam1RTnNZa0cxT1NWclJUd252VVhybjZLcFo2Ty8zenJSM2M3Z0lDQWdJQ0FnT0VlMGdESDUwM1V1cXFaUHlwaGRkckZnVE9JaFhDN1dkcUkrY3IwVmNBbEVpY3NpMk9iN1JXcnJyOEh0MzNxdXZlcU81OUNQd2VsNnVnY2Z3ZHEyK3JqMjRyclA4SFkxejM3WFBXZHowbmFvTThGRk8rTStmSUw5TWsyTnI4RXE5eDlVdHVmRXFtVFpnQVQyRU5VUndqdWI2ZTVlR3NubnJYYWV4UmpuaXJyUGU4aUJFUTM4bnQ1WTV0UGN6dlBYRjd1RVVZS3ZmUFFuRDV3b3lMbDNWV3FaZjEwWXlJejdoc0FlQTdacEtIT0dsTFVFTWlhbmNnSVNyQktENmhHQmFvb2N2SVdzM3ZrM0JwazJYdjdMWWloY1BtM3BPN2YyMEhnTHRQaitFY2tabXAyMVpKRHhrNGtPMkw2VDc4YmpUbm9EWWdlc1UxYy9SQjExSzJ4Yks1ZmdNTjhXWWpZQVVad3l1L2M1V0xFNFlOcE1vUlZ2M1Fqb3A1S2Y3M0RUYllnTWduUkJVS0k0RTBrRmNaYnpqSVdrZmJBN3RwVmo5aXNZS1BidzM3WUFFS2NEM2txaXhTYThQem14b1BiSFdTdWU5QTNBNUpCS0VQbVFyc1pFaENhTG1OemdPSkhtWGhDZ2hUNWR4YS9SNlprVHZjS2QzK1NoYVRmRldTTkgwVUYrK1oxTlRmRzdQdkZsMFZuVytza3lPbUVCMEVjVHBWNmlJQUtUQ01MYUEweThrK1dPNUlzVTVZVlEyNWFQYk9IZTU3YWhteFljTnR2SmVWcDRqTWJtbEtYT3BHa01ycEdmYTNmTmFlbktKNDdVRXMzMUpMSFZ3QUo3ZlRlWUgwdnBRWjJWTzdDVmdTTjhTVUhHMGxqNUg1ai9oZThVYXpIYlBkc3ZBb042OVFxWWpYK0pCcFpsNHRmNFpFYm80STV1a0tXUEllWlVrOGZ3VnVzUGVjY2tIWmllZGtaRlFmUmkycUJCRm5QV0NhNzBwelJCWW9lMTQzbW8xSmIyVGxEYWJKZGZWUnA3Q1VDN2VFeG5ndGMyc3VBbE9MZk9KWldqbDFoNVFLYWhZMlZHclFHV1dQUXNya1dVMlJlOHIxdHNqbXl6YmZHU28weVNHMkFJWEtzVHJNM2FpYUFUaGxIa20vZ0FwT2xTYW1XYUdnY3hGbWlPc0sxVWwxNjB5cStGcEpiTXZCeGw0dG5xWFR6VENVVnN5dzAzRkFYMFppZXdBRkdmUFQrd3JVWkZpck02QkhTNVJFUTdxczBtUFBTNEN3M1hHL21EUzVGVVE0QS9xUWRRSEJvODg4RDN5ZlRDQ1hBQjRJeDVNNWVIY2FwRnc5RzY5SGJjdm11MWROYnNVZmlNaU01M2JUdW9DRitNZzk1V0hJdlltSWZBVUZxM3daYlcwNkltd256OHdsKytQMUJielpLVEhYN0RZbHMzNmFmTGM0am0wMEZhemI5eExjWk10S1E5bHhVRWF1bG1ISkJrVkJQSEpTSTNIbTYrbEordjNseFphL09nU3dvTE1aNkFGdmhzWW9wOXNqbHNmTVBuK012b3ZFVnU2MWJUaWF4cndueE9ka2RVZE41OWZRVHpINjFqZmZKOWd0Uk5HNm05UFVDTUlod1F0VjdkTURyeUFjaHFzUDA1ZzYxZ2NUNzkzdGRRdlpZcVRBUmJxSFE5SmNhZ09SUEx5U3pDbDRlMjQrSUxqZ0tCUzBMckgwMXo2YXZDODhMRHhueGVSc29VTGJsRTc0ekFpamE0czVIZ2JTZkZHQlc4dUR4eEQ1eTRDWnlyRmkwSjRoU09WOHJ5VWVDWnNXV0thUFlFMndubmp4QXF2a3ovS0NQYUQwYm9wckhwVHd4SjhpL1lqMkNRc2VRUmZSY3FFMHlYeWtWNWFXK3lFZjUzUXk4N0h1dnljdnJXVnBHbzFCNU9oeVpJT3VQZXdjY1owSmVDZHRra1ZqbHFPMlFOQVFHeXc3K2tmaFF0ZGVEd0ozc29aM3hZcWN5cjRRd1pLM0RaeWpudDVJOVVvbWNNTXVjN1o0ZTc0VFhySkprR3o4a2xLYnZTLzhYSjZja3F1c2pkMmViRmowTnZRbzN0SWlZWlNuUG5uSXRwbG4yM3hVbmowRi9CcGFsVHZSSytzTmhKYzNkM1ZFWjR0NVA1aDZSMkVJNlFpZGc5YXRJUE03a1dSc0Z5ZmN2VVpyTmhWK3BwN3hlQkwxVU9GWjRvdkJ3YlFuTUQ3TzdTS0g1aU85NDQ1UHVCcnF2Ykc5Z3QrMDRKNkc1QlY1bE9lUjl0ZU45MGR2UTlJUGk3S2FhSEJzeXR3UDh5bmtOQXdudTJGc0UwWDZUTTM5ZU84M1c4Z1AvTkl3emtMZEdRd1k4SzBTRUQxL2JEeU5CTVRDL2pkdGYrMVJJV1Z2dzhiRDMyMHRxcEhsbXFYYUFnc3dWZ0llK2RXd2ZyY1FJKzFCMTA4b0U1S0lMRUxXS2NMeXk0V3Blc2VBSjZ4QkJ0cjYxWVdwdzArb3Y3cDFNSWozU3BrNUxGVnBENTBjMHFFUEtIZVA3cEYyNHBndElNU3dZbkFYUlkxcVFycFU2cDJ6akxSN3FQVjVTV200U2NsMWxBcDQvdU90NEhCSlZ4REQ4bU9TeEp2OGhXbDdiMEpJNW1RZkZkaWVrV2MrU3AwSnpOa01zRnc1bjdIaDU3alhBNC91TW5hZHF6dmViRGI0TWhuSEZscXJvQWszK0FoNVk4dlR2QkdmOGhoS3ZDN2hSRkdZcm1sLzZEaUNhNVUrRFgxV1lvVGt3SWlGeUJORUUxZ016Tkk2QnhyUWxOM1JQempGK3dya1h0anRRdTA1U2hZQklmb0M2cWJNeE1URkJMSGpZaDZ1ZDlJSjgwdThwaDd1bU1kVG5YY3NwbEE4bldXS1YwSnN2ZSs4TS8wY2E4VHR3WDBQMWRNVCtQNTd6aDlsd2hGY2ttS1lMbDg3Q0pCaDZIWTgrc2EyUzRXY1duRmYrOTJ1S1dUbU95SmJ2WlFGR2greEF2RjVhVDJMYzFUdnVocmNIM1FiZ202aUpLNUc3UHArazJCeDZpVWlPNkozRWl5ZUlUc1o0ZWIra3gvMnhnWndTWlBvbkg1WnhrcEYzbkhVTHhvYVNsM1FPTjBBSzdDSGxnWTF5YUF0aklhVnA2TThIMFhTZVJaQ1NLbXBFLzA0SElTcTBXQ1lXcUQyeHppYzRvZlgxTE1YQmkrOEh1R3RRaitWYUdKNmd3aXhNTWdTMDJZUEF1L2dqMStzcmJXKzRNbHY5UHJpSFJORFRrOVdhU0pEc1J3ZjByVmRlQ3U2WlJMaUVTWWh5QlBJeFFFeVl4Z0dHMUN0bUw2WlJ1WjRGamZVOVVQVjAzajExc0lWV1BrWlVkdWxEWnZUNjdQck5yZjhlNGtBN2RPWDBVOG5uR1JDQndLNWc0bXF4aGZ3bkFZMGR2eWxmTENKVEVKUTN0UkdHM2paS1FndnY0TVVTR2hYTk1NNXQyWFFyeWlZWG53RVVlWkxyVTVDbTlzMzJ3cGVoS2tjbE9PRGtsek01WkNTRDdScVo5cmNHK1NlQXVDL1prZ3Bnd1hPeWRnRnl1MGhuU2NNRU12ajFQbHh5bmUwQkFsQUJtWjQ3Ukl3QXoyWUZrZnJXNzYwNGFsa3FZcDVmSHova0JJVk1LMVdWQmJXZlExYXovM3AvQXFzVlVSV1lqcXJxM0c2ejRaWE9VQWpwUGNXUkRDTmR2VTQ0UDZBWjV2bUxNeGhIRWJMdnVST0p2YURSY2hCY0dqVTNwUFVSeFFRbDFUOVo2UlprVTh3dHQxeUFGbkh0Ny9xQmdHWmlidkZIUmFBWWhBa2wveDg0cW1JbDU0akkxS3grNmFBcjFsdWloZHFmMittMGtyYWhmSUF4V291a0hhc3JwMGJ1d09kNzA3UGpwSXJXNmxERTVwR0ZsbnR1WWpROW9iR05zbTV6VS83UDJYTFMrNnJvOExCWlFuUFFMM2Z3ejZOMVhHOEVxYlE2eWxFQ29hUkd5cWdqOXVIRm1wTnhveDhqUU5OdmEyZzh3TDJvcVo0TWkyUTN4UEFyRUpydkRqRGhyQXJVVXFhaC9xbmUveThzV2hCWXNMV0wrQk5sZ3FsZTZEK2ZvZE5MbHRIY2JMdWNoY01xUXVJcEkycGo3cVZoTGZ1VFl5Y2wzaGoyZ0NRQ1JEZ0hsUnh3RW8rUnoxL1pnbHBTTHVISFNvZzh6TFRMTk9YTDlUY1RVakJtR1dob2JjS2tpUE5iczhUWStqNW9YVGppQjhGK2kzMFh5bjQyMlNMcEdqRHc2Vjc5NnI3RHFvNVd3QzVlRVh2UC9FMmU3RmVzZ3Z0d0d5ZDlwWVZwNHBLeVJDMEhtMmtQSE14SlhSUmhwUzJnK2l0VCtoRUF6YldYMWVWeFJWcVJPRHZlQTdhNVBsRTcxL0U1Z21BNFNFdmpZRmhlS3FleWU4VERnRU81Ry82bTUyd3M4RnU1d0k4cDlYdzJSS3ExOVh4WWtWNXFmRG5lM0VVUmUwUTM5azN1RzRiUkhxdzl2Z2ZucTEzT2ZXOVRsbEgxeC9VR2FTUTZrVTlLNG0rekdDSmQrSFU2c0ROVGdjTHNxc2dvYVRRS0s4R2h4TG03bzNvWmw3UDhPVnVQMms2NURwdUdBNkg0RENURk1QbGRtbVFSQkZraE04UUx3MlU5dHFoT0xXdVF3cUNxNEV5YVB3T3hvYUVUcHM5NElvbUxvWnYwOWdjbzNYL2lmR1NFTnIzRGUvdXQwSFQrYy91dk9MaElTb1RLUHFTY2xZTjBvdW1EazBlenl3SFA0bUJ6UTBXSVlGbWhuSENBYm84L3lwM25aUEM0SVZIOEt5UWI2cFJMdWtVbGpXNmJwbjAyUncyR1liNWNoYmFCM1dkV3JGOE5ON0dnQTNYVG1tNE9MOXpJWTJCUjhCSDdCVFhEbW9JMWttcTRqQjErT3Z4SkpaSjFTYmVVNGZDQXBQdU0vTm50RWVrUE54ZktleUxzTG4wWEp0VUJ5MG12alkyZks2NHUxN2ZrSGo0TjBoN3ZTczZvSWIzbjdsR1VlNDMzY3NzSlNYeEZiUGFlcEE5UzV1QWRFSVZHWEtCOVpObTdQemptSlJSSDE1VU9mZ1A0cDhoQ2FmUFpUUGVFVGVFeGJ0VHQ2V0FiVmxNaUJGbHFHbWtwV2pibEVBV0J4Wm9BWEdSM0NJdmpJQnJTdkE0SUZIZFhtSlJpbWNPZDBSTWZKaTRZOEpBbTVndTUxdnpIeTdqVGFCVjFaN0xxTnVqK3lXRU9jWDFlMXc5cFBPRXp2d0lnbkFreDRPWHk1N3RDWW9NazJQMXFxL2lYL1pYTCsrTkVRanZuZEl3NTBWU01xMjZYbTBuSnpiNWZaZENNL3BVMnNLVkx2U0hpVGxzK2Q5Snc5QS9PYUtZK0orRTltL05lVTJhT0plR3pMMW1NY2N2djFRbjVpVG1BSG9SS3VNVUNuRjhZa1dDSXVYR0hoM0kyQzRuOE8wUXA5OHJMRkRSeEVXa0Vobm1BeVU1YmVtVmFTVDlieG5ZYXp6ZHFRanBlb0t3KzhML01lcklDYWxZVm9NMWtBMGpLUnFiM3hSWmJLK3d2cEZzd09lcENlVy9ZYWlvdy9qT013UXlSSUlmei9QaEN5ZnhKamFoSVJkMWZLK0Uwdnd5NllkbkNsRzZRaGNlZERUOVIrSmhKaXpYTlYyamxLck51S0dobVpOMi9QYkpJVE45aU1kd0t4L1Q5YmQ1ZlBkNlBob0F0YTd4cXM0M01HR0poMTFldEljM2ZsNGxGNHF2Nkc4aWZLSGJjZDlvbExoTHpxVk5oNmFnTFl4OG9Rd0ZtSklPdzN5SUVVdDA4Y2FsaFlVSEVyWHNUMi9ia2NDL3psc2I4UFF6a3BYZ0FWdlZZRmwrRnBzL3NVdCt0OWxmUmxzeEVZUHdUSTZsTVVUaEttdTJ6NVpabzY1MnkrOTdyblQvYmo0WEptNjU5U1ZtOVd0NldZcFhXSmNGUHVtejVxYThEenNUT3Y0SmJSZ1RFOCtldEluakFSZU5SUVZUcDBGcUw0WDliNE9iKzF5NHZmank4YVdRRDA1ek8vQWVNa0s3aUVsTm9aRCtIcFArQ3dmL1pBQUVBR2dCQUFBRS9BRUFBRHdFRFB3SUFBQUFBQVI4QjNBQUFBZ0FKQWdFQkNnSUFBd0FaVkdocGN5QnBjeUJ2WmlCR2FXNW5aWElnS0RNcDwvQkRCPgogICAgICAgIDxTQj5aWGxLTkU1WFRXbFBiSE5wVkZWc1NsSnFaRlZSTUU1Q1QxWmtibEZZWkVwUmEwWnVVMVZLUTFaRlJrOVJiV1J5WTFkb2NtRlZZelZrZWtKRFVWWkdlbEpyUmtWUmJHUk9WVmhPTTFFeFJscFNSbHBTVlZWa1JtUXdjRXRaYlhCR1ZGVXhRbUl3WkVKTlZsWkdVVEJHTTFKSFJYbFNibXhPVlZoa00xRXlaRnBTUmxwU1ZWVm9SVkZWTlhCWmEyaEtaVVZTVlZGVmVFTmFNRFZYVVd0R2RsUlZTa2hWYlhocllXdHNORkpHVWtKVVJVcHVWR3hhUTFGWVRrNVJhMlJUWWtkU2NWTllhRVZXUlVaTlVXMWtUMVpyU2tKVVZURkRVakZLYzFwSGNFcGtNR2h2V1RBMVRtRnJWalJVVjNCT1pEQXhSVm96YUU5aGEydzJWakpvYWxSck1YRlRXR1JPVmtWck1WUlZVbTVsUlRWeFUxaHdXR0ZyU2xoVVZrWjZaREJPVWxkVlVsZFZWa1pJVWxoa1MxTnRTbkZTVlRGT1VWYzVTRkZVUmxaU1ZVNUNaREJTVkUxcldqVlVWa1l6WkRCT2JsZFZVbGRWVmtaSlVrVkdUMUV5U2tsVFdHaEZWa1ZHVFZGdFpFOVdhMHBDWWpBeFExSldjRU5WVkVKV1pVVlNWVkZWZUVOYU1EVlhVV3RHZWxSVlNrWlhhMHBTVFVaV05GSkdVa0pVUlVwdVZHeGFRMUZWTVU1UmExWmhVV3hGZDFaWVpHNWFNR3h3VkZWRmQxSXdUbFJqVldSVVUxZEplbEpHUmtaUmEwWlNWbFZHUWs1RmJFUlNTR1JDWkRKa2JsTlZkRUppTUd4RVVWWkdSR0ZIUmxCTlIyY3pWMWhXVlZNeWRHNWlNVTVNVFcxNFNGWXhaM2RTYTNOeVZsVnNkVXd5VWtsbFIzQlpZakF3TTFSdFNuVmFibGx5VFZSb1dVMHpXa3BSYkZaS1lrWlNhMVpzVG5GWFZXTXpUVlJvUmxJelFsRlBSelF5Vm5wVmQwNVVWbEJhVnpWclRIcFNNMUpZY0dGaFNGSktWakJrTUU1Rk9YWlRlbEpyVlZWV1RXRnRVbGxUTW1ONFYwVlNkRTFYU2t4bFZrb3lZbXR2ZGxwc1VuTlVVemxYWTJ4a1ZXRnFiR2xaV0VaNFZWZHNVRlpGTkhaV1JWSkhVMWRGZVZSNlRqQk1NRkphWVdwUk5GVkhXWGxhYlRBelVXeE5NbFpZY0dGVWJVb3pVbGhDVVdWVlpHeGxSRVY0VmtjNU1sZHJTbFJTUlRsSFdteGFjRk5yVW5wT1ZrVnlUbXh2TkZGWVFqQmhWVFZXVWpOb1FtRnFXa1prVkUxNFlWaGFhV05yVm05aU1FNUlVV3RTZFdOVlkzcE9WM2Q1VERJMWNsWXlhRkJpV0Vad1dXdFpkMlJYYURaTmFrNVJUVEJrVlZsc1dUTmtSVlYyV2tab1ExSkVhRmxSTUhCNFRqTktUbVJIUmsxaWJXUTBZekphYlZNd2JITlRiazB4VFZWT2VsVlZNSEpqYm14RlMzcEdhRll5TUROU1JYaFVVVlZPTkdORVNqVmFNV2hZV1dwV1VrNXNSbWhWZWtab1drUm9jbFJzY0V0V1ZscFBaVWN4VDFadVpEUlNhVGxOVjBOMFZsbHVhR3BPYmtaS1lucFdUazB3ZEVka1JFcGhWMnN4Y1dGc2JFOU9WelZxWTBad1JsSnJlSFJqVlZaaFdWVkdNMUo2UmxSaVJWSjRXVlJTZG1KRmVIbFJNRnBFV1d4Q2FtUkdVblJrYkhBeVl6SmFSR042WkRST2JXczBWVzFyTldGSVZqWmFia1kwV21wS2FrNXJjRzFoYTFKS1dUSm9WbHBwT0hoVmF6bHRZVmhqZW1Jd2NFTmplbXd4VmxkS2IwMXRNVkZPYlU1cFZHeG9TMkZGZEZwbFYxSndZVmROTWxGcVFUVlNNbTgxVDFWYVNVNVZNV3BsUkVwTFQxaEplbU5YYUdoWmJUVXdZak5CTW1Kc1VrTmFhbVF4VWtSQ1dWTjZRalpYYTJRMVYycENVMXBZVG5CVlZ6ZzBUa1UxVlZreGJHeE9la3AzWXpCYVlXRlhjREZWUlVaT1lWUkdZVmRJUmtoaGEyaDJUakpuTlZaVmJHaGliRmt5VTNwc1IxWkhjRXhpVldoR1pWaGplbFl6Ums1U00yaDVWak5LTTFNelJtbFdSa1pOVTBSYWJtRXlNRE5rZW1SellrWmFRMUZXVG5oV01FWk9XbFpPY2xGcmJIQlpNVVpTVTFoc1YyVkZWVFJWUm14WFRYcGtURlV5VWxaTlJXTTBVbXQ0TkZRelZrcE9TRlV6WTIxMFJFNXFWa3hOTTFwRVRUQkthbU5yTVV0UFJYaFZVek5WZG1SdGVFZFNWMUpRWTJ0NFZXUkdaRmxWYW1odFpEQmthMlZIY0d4aFJtZzJZMWhrU2xKRlJsSlJWVXAyVGtWb1IxUlZiRWxSTURGQ1lUQmtRazFXVm10U1dHUlNVVEF4UWxGWVpFWlZWbXhMVjFWc1lWTlZSbHBaYWxKU1dqQldRMUZyUmxKU1JVWnVWakprVGxKRk1VaFJNV1JFVWpGT1FsSXdZM0pTVld4RFVrWkdVbUpWV25CVmJFSnFVakZhTVZaVVJrOVVWV3hHV2tkNGFXSldXalZYVm1oVFlrWndSRkZyVW1sU01uaHpXVzAxVWxveFJYbFdibXhyVWpKNGRGbFdaRTloUjFKSVZsaGtTVlZXYkVWV2JFbDNWREJLUTFkVlZrZFVXRkp0VlRGa2ExSnNXa3BPVjBweFVXeFdkRTB5UlRWV2EyUjNUak5PTW1GSE1ISlVWVWswVWpCRmVGWlhVa3BrTVVaYVZGVkthRkZWV2tOTlNHdDZUbGRrTVU5R2JIUmlWVXAwVjBWd2JGTXlVbnBXTTJoeVYxaEtXR05ZY0U1UlZGSklVVlJHVmxwRlVqTlNWVWwyWkRGR1JsRllaRXBTYWxKRlVWZFNRMW93TlZkVFJrNVdVbFZhY1ZGV1ZrTmFNbVI1VVcxa1JsSnJTbEpaTUZKQ1dqRnNTbE16WkZwUmEwcFNWbFZvUW1ReFJqTlNSa1phVTJ0MGRsZHJiRzlrYlU1UFVWWkdSbFJGU2xKUlZWSnVXakJzUTFGVlJYcFNSWGMxVGxWNGFtUkZkM0pTVldjd1dsWm9ORkl3Um5OVmVsSnZZWHBXU1ZsWWJEVmpNVlpyVkVSVmNrOUVSa05pUjJoRFkzbDBXbFF4Ums1aU1rNUNaVlV4YW1ReVdUQk1NRnBTWVdwU1NXRkhaSE5VTWtadVlsZFJkMlZxWkZOaVdGSnNWVVZvUzJReFJUTlJNVUpNVGtaYU1FOVljSEpUTWpnMVpHMHhjazlVV205VWFsWnpXa1YzTUZsNlJrMWlia0kwVlVaYVdWVkhkM0pWYkZKR1dWVktjMDFYWkhaa01rMHdaVWRPZWxkSFdqSlRNbWhGVGxaYVQwMVhTa1JWUmtrMFpFaENTbU5JYTNKWGJtZzJUMVpvVEdGWVJqWlNRemx1Vkd0a1JrMTZSa3BoUkVKcFVsY3hXazFXUm5SV2JGWXpXbGQzZWxkSE5WcE5WV3MwWVRCYU1WUlhiRmxXV0hCTFRrZE9lbEZ0ZUhSaGJrSkRTM3BzTlZGWFZrMVdSMW93WXpORk5GUlVhelZsYm14YVlsWnNSMkZJY0ZoWk1teHVWR3BHUmswd1JsWlZRemgzVWtSS01GVkdjRE5VVlhCU1ZETnJOVkl3YkhaV2FscERWRVZLZWxadFNYcExNakF3VFcxU2RXTldXa3hrTVZKMlpGVlNSMlZZUmpGTmJHczFaV3BLUms1WVRraFNiSEF4V1ZOemVGTXhVbGRUUm5BeFRUQk5NRlZ1VmtKVVJVNVFaVWhDTkU5R1NYWmpNVXBYVW01Q1MySXpiRXBaYmxwRFRWWkNlVkZWWkZWalJrNVRVbFpLVjJGV1NsWlVXRTVYWW01T1NsWkVVa1pqVkdSSVQxTjBURlpXU2xKalJteE5Xa2RhUzFKR2FERlNhMmcwVlRJeFVVNHpUbGhrYm1keVVrVTVlbGxzV1hwVWJXUjNVMWQ0ZFVzeldsRlpha0p1V2tSa2IxUXhSbEJqTVdSMlpHdHNlR1F3U2s5aE1GWnlUa1U1TldFemNERlVSVTV3WWxkR01tVlVWa2xrUlhCNFdXMXNUbGxwT0hwVlZtaFNUMFZXYjA5RWJFbFZNRlpvVVcxTmQwd3pVbGRPYXpBeVkxZG9UMVZyU25KV1ZHeElUVmM1VTJSNmJITlhiVXB1WWpCc1JtUjZXVEJPTW1SRlpXczVZVkpHU21sYVdFWnpUa1U1U2tzeGNGRmlSM0ExVDBkd1VscEZhRkZYYmtwMlpVaFNSV1ZYTkRKaVJtc3hVVEJvTkZWNlpEWmpla1pzWTFkR2JrNVdRbE5OVkZwQ1ZqSkdUVkpFV2pSamFrSXlWVEpPZFdGWVdYbGxXRkpzVjFWa2RWTkZiRmxPYldoTlZFUlpkbGRYYUVSaU1YQm9aRmRaTlZKdWFIVmtNVVpPWVZST1RWZEVUVE5oUkd4VlVtMDFZVTB3YkhST1EzTnlWRmRhYzFORk5WVk5SRkpaWW01U2RVNUhTbkZYYW1SdVVXMXZkMDFJV2xoTlYxWXlUVEJXYUZGV2NGVlVWRUV6V2xSU2Mxa3lTWGhWUlZKV1lXazVkRmx1YnpSVGFrNVdVVlZHTW1WcWFIRmpTRUl3V1c1R1YwbHNNSE5KYlVaeldubEpOa2xzU2xSTmFsVXlTV2wzYVdSSWJIZEphbTlwVTJ4a1ZVbHVNQzR1YTJKVlp6UktYMnRLUWpSTmExbHdiazVvWkRCa2RFcFZUMTh4T0ZsVExYbGFlak5PTFRKWWNFSlVTV2R2ZGxwR1gzRXhkaTFGYzBGT1puZHZWMXA2ZUZOUVZYQTVUMVZIZGtOVllWaHBNRkZqVDFaYVNHdFdiMEl4V0ZFM09YTlBSRWhHYW05bGFFRjZhalZOYkhaNFpIQmhXVEkzZEY4eWFFOHRVMkpWWDNoTWNpMW5Sekp6TW1aSGFsaEVXVlJNZWtkTmFXWmlPSGRKTUhSeU0xbG1WV3BYUnpac2NXbEphMll4TmtKSlpFSjBMVlJxTnpVM05VNXBSbGhKVDFCNGNtMUVVbmt4WVhkbGVXdGpOMkZyY25SZmVDMVJabU10WDJZMWRWWm9OaTFwVldsZkxXNXJNMWxsUlRsMlJqTmFlblV4TUVScE1FUnlTRkZuVUVkc0xXMUVRMU5uUm1kVFdETnZOSGd5TFVSWlZXcDJSMmwxUlZadFkwTnhZM1k1WlUwd2JVRndORU5RTnpOcFpYUkJhVU55WVMweFMxVjZhR1J0Ukd0d1NtOWZVV2RzUWtGNmJIQnlSR1ZsZWtsaVV6VlRTakk0U1hjd09WSnVjVEJYVHpOd1JGRlhMVlpJYldoVmVqRXRaVkZoUm1sMlkzRXlOR2h0WjBkNWFIcFFUelJrVERoMmJYTkVXVlJuYkcxek1XWkZYM2syV1hZeVIyWkdORlJaU2xoMmJFSnlMVkZPTTJOcVNXOW5MWGhOYmtONFMxRkViRTVWVDE5TWNWb3dPSGhNUzBFMUxXbDZTM1pyYUhOUVZYbHNObTR5Tlc5TldHTTNUMmswVmtwV2FVcGZObmN4VERKSWJFaFVabUpVV2kxcVlYaElORmt5ZFhwVmMwaHNlbGhQUW1WMVZHMWFNVWhyY1RFMVIyaHVkVzltZWprd1JHYzBaRU5aY1hsSFpYRldSalY1YjNNeGJtVlpiMnMyYmpNd2MzaFFWalZOUmtoeloyZHRVVEJXZWxoUkxVeEdkbk54UVdaVmNUTjBWblExU1hsZlN6QmFXVVJyUTFNMVVrMUdVbTFtWWxCUE4zbzNhWEpKZWtwcVEwSXdMV0p3UmxkMlYzRlBhbWw0VFhrM0xVVmZZVk0yVGpKMlJsZEJSMDFXYXpCMlRtaFRRemxJV2s1M1NIbzFUMEl3ZEUxQk5EaGZTMUU9PC9TQj4KICAgICAgICA8b3RoZXJzPgogICAgICAgICAgICA8ZW50cnkga2V5PSJTUEVDX1ZFUlNJT04iPjAuOS41PC9lbnRyeT4KICAgICAgICAgICAgPGVudHJ5IGtleT0iUkVUUklFUyI-MTwvZW50cnk-CiAgICAgICAgICAgIDxlbnRyeSBrZXk9IkZPUkNFX0NBUFRVUkVEIj5mYWxzZTwvZW50cnk-CiAgICAgICAgICAgIDxlbnRyeSBrZXk9IkVYQ0VQVElPTiI-ZmFsc2U8L2VudHJ5PgogICAgICAgICAgICA8ZW50cnkga2V5PSJQQVlMT0FEIj57ImRpZ2l0YWxJZCI6ImV5SjROV01pT2xzaVRVbEpSamRVUTBOQk9WZG5RWGRKUWtGblNVSkNWRUZPUW1kcmNXaHJhVWM1ZHpCQ1FWRnpSa0ZFUWxkTlVYTjNRMUZaUkZaUlVVZEZkMHBLWW1wRlRVMUJiMGRCTVZWRlEwRjNSR0V5Um5sTlVYZDNRMmRaUkZaUlVVaEVRVTVwWWtoSmVFUlVRVXhDWjA1V1FrRnZUVUpIVW14a2FrbDRSRlJCVEVKblRsWkNRWE5OUWtkU2JHUnFTWGhFVkVGTVFtZE9Wa0pCVFUxQ1IxSnNaR3BKZDBob1kwNU5ha1Y0VFdwTmQwMUVaM2hPYWtsNlYyaGpUazFxU1hkTlZFazFUVVJuZUU1cVNYcFhha0pYVFZGemQwTlJXVVJXVVZGSFJYZEtTbUpxUlUxTlFXOUhRVEZWUlVOQmQwUlRNa1o1VFZGM2QwTm5XVVJXVVZGSVJFRk9RMkpJU1hoRVZFRk1RbWRPVmtKQmIwMUNSVnBDVVRCVmVFUlVRVXhDWjA1V1FrRnpUVUpGV2tKUk1GVjRSRlJCVEVKblRsWkNRVTFOUWtWYVFsRXdWWGRuWjBscFRVRXdSME5UY1VkVFNXSXpSRkZGUWtGUlZVRkJORWxEUkhkQmQyZG5TVXRCYjBsRFFWRkRhR0ZQTUdnM1dYVlVTMnRuYjFOTE1teEhWMWd3UmtzclZVbHVMMlJJZUdwWWIwMDNUbUp1Wm5Zck1UaFlNM1pKUWxWSmJGUmtWbE5xV1VjM01UaEZSM0JRT0c0MlZ6VXdOVFZQWlc1a0x6UjNSWHBhYUhSSlYwZDBORTl2U3pSa1VVVk1hbVJZUzJjeFdFUnRNV0pMZVZKMmJrb3ZabFJzVFM5V2NsZFVhamxpWVhGeFVXbFBWRTR2VkVSR1NXRXlUek4wTDBSWmFqUTRVR1l5Wm0wM1FsTTJWWHBhVG1KM1JYQlFlVWRsZURFeFZHOTJXa0pUUkU5R1psWnBTa1J6TlZFck5sbzRRWEIwYVU1VlIzaEJhalpGZFRNeGFYWmlja1ZvYjBOSFFrUnVjVWN6Tld3eUwyNXJWMmhQYlhGcFlrWXdkV2g2TWpOUU0wZFVZbFkzZEVVdlpGaENSRGhZUTBweE4zSk5kR0ZNYm1kNGMyWm1TMGxzU25NMU1VTnpVVTByY25sRUt6RmhWMjAzUkV4VFFVTjRjREo1WjFoWFlqVlJObEZoVXpGaFpEaHJUbHBLVlZaT2VHMU9WbmQ0Umk5TVdDdFZZbmhqTm5GSmJ6Vk5NMHRHZERKYVdrMXFhbGxPTlc1amNGcEZSa3h0Y1VWYVlVRjNSekZUYkVSeFlUUnZiRXh5UTBaRFlsQmpkRlJ0ZGxwMmMyWkRjemQ0Tm1rNFVtazVhSFY2Wm5GNFpqSmpOa3BtYWtSSlkyaFZaaTh4VWs5bWFYY3piMHBDY3psMVZXSm9NbTFRTm1OaVRsaEthRXRaZVdScGFXTTJRakE1UjJvNU9VWklOVTFqZURKS09YSXpjV2hoWW01MGIzQTJibFJDWmpkMVJEQllTekI2V2tkNVdqQlNaWE5wVVc4NE5FNVVZMWxsTnpKd2MwWmFhV3AxVUVGTmFURmFXSEZIYWtodk4yZzVWVWxoYmxZMlN6bEdWR3BMYlVoRmVYY3pWM0ZOUjNoeVYzSjNTM0ZpVkZGTVNEWm5hMjAzZHpkc2JGWkNRVk54VjBGTlpWTnJRa2xwWTFGUlNYbFdlRVU0VUZsV016ZExVMlJWTUVjNFJreDRUM1ZKTkhVM2NtdEROalZMTTNaRE0wSmpjazFLT0V4VVMzVXZkbXhHUldSUGNreFVkRmRZVWpobWQwZGtlR3BsYUZoNmNYZEpSRUZSUVVKdk5FaEdUVWxJUTAxQmEwZEJNVlZrUlhkUlEwMUJRWGRGVVZsS1dVbGFTVUZaWWpSUlowVkNRa0ZSUkVGblYyZE5SRTFIUTFkRFIxTkJSMGNyUlVsQ1JGRlJiVVpwVWxCalIxWjFWVEZPVFVsRlpHeGliVlo1V1ZoU2JGcERRa1JpUjJ4c1ltNVJaMUV5Vm5sa1IyeHRZVmRPYUdSSFZYZElVVmxFVmxJd1QwSkNXVVZHVFhSbVUxZGtSbFpKTldKcVFsVnRNMkU1Vmtkd04zTjJhRzByVFVJNFIwRXhWV1JKZDFGWlRVSmhRVVpDTUhrek5XZDFPRmx0YlVKdFdFcGxTMlJ6VjNocldYSlhjWHBOUVRSSFFURlZaRVIzUlVJdmQxRkZRWGRKUmpSRVFXUkNaMDVXU0ZOVlJVWnFRVlZDWjJkeVFtZEZSa0pSWTBSQloxbEpTM2RaUWtKUlZVaEJkMUYzUkZGWlNrdHZXa2xvZG1OT1FWRkZURUpSUVVSblowbENRVUV6UkV3NU5VeGpkRXdyUlVnMFpWaDRSMEZzVXpSb2F6VklZWGw1YzFWa1REVXJPREZDYkdoQ2N5dFpUMUZOYjJOQmVVMWpkMlkwTDBaUmFqUklhR2RzVDJGbmJXUXdlamRTYlhSbFVFaEtkMUUzUTFCTE5GWjBPWHByUzI4NWRtMXJPVFpvVGpWc1pFdzBZekZNYm5CNFVGWllVR3dyVWxSRllVSnNNV2R2ZDJNMGVHTnpXR1oyUzJoRU5WWk9NV0pEVUZJNGRIQkpjSGtyV25oNk9WaExhWEY2UkM5blRrZEZNekZKYURCaVJXMVpNVkZ0VmxWM1pXd3pXRzVaTVVrNGEwWjFUV2xZVlhwS05HTnpRbXh0YW5CQ0t6bDVRV1ZNVkdaMGMzRTRUVGs1ZW5sWmJWbEdhSHBYWTJsblRqRkZNMEZWVUM4d1JESjBVRnAzVFVwUlQzazVSMGx2VmpaQ1RFSnpWbUl6SzIwME1tUnVjVlpMZDFSdmRVUkdlWEYxTWxrNWVqSkZOWE5IUmxwMVlTc3hTMVJXU0ZwMU0wTTBVblZCVEVOUGVIQjRPRkl2YzFKV1JuQktiM2xKWW5aQ01WQnlRVWRVY0ZOU1JWSldhVkpWVFhOV2JuTkpWRFJGY1RkSE9TdExWVkpSY0ZsTVpHWktSRmgxUmtoNFUyMVFOM05YZG5nclJFOXpZbFl6VG1kd1NXeHVLM1pRWWpCblpEZG9UMUZQYzFkdmRrbHhkMEpPYTBWck5FOTVhM3AxVEVOcGJXRjJlVFZJZEVweFltbE5ZaTh6VVZoUk9FVm9PRGxJVTBWaFFtTXdMM1JXTmswMmNXaE9Va0pyVlRsSE1XOVNkemxzV21KbmIwbEZkelkwTjJkRWVrOWFSRkppWlhGc05FOUpLMXBRYkdwNU9HcFJaRWhRV25KdmVIUkVlVzQyYkZrMVEwaDRVemQ2Y3pGbGNXRm5OVkJTTVRaQlYyRk1SRFo0Y2pCMlUyTnVhWFl5ZVhSbFdVZHVTRWxZTm1oTVREWXZXV2hEYjFwaGRXWTVSbmh1ZDFGTmFUTk1XRE0zYURsVVJtNWFNMGx0TkNzclRXWnNTRTVVTURSWWJuUnVOR0pxV2pkblFtb3dNSFpYTVdWMk0wVmhRVnBVVFRBM1pUUnNZMkl4VUVSVmFpOXRZbm80U2pOVlFVRjJlamhxY0hCMFluRldJbDBzSW1Gc1p5STZJbEpUTWpVMklpd2lkSGx3SWpvaVNsZFVJbjAuZXlKelpYSnBZV3hPYnlJNklqRXlNelExTmpjNE9UQWlMQ0p0WVd0bElqb2lUVTlUU1ZBaUxDSnRiMlJsYkNJNklsTk1RVkF3TVNJc0luUjVjR1VpT2lKR2FXNW5aWElpTENKa1pYWnBZMlZUZFdKVWVYQmxJam9pVTJ4aGNDSXNJbVJsZG1salpWQnliM1pwWkdWeVNXUWlPaUpOVDFOSlVDNVFVazlZV1M1VFFra2lMQ0prWlhacFkyVlFjbTkyYVdSbGNpSTZJazFQVTBsUUlpd2laR0YwWlZScGJXVWlPaUl5TURJeUxUQXhMVEE1VkRFeU9qRXpPakU1V2lKOS5QcFlTaXVxdzJ3Vzdxck9XbldTLXFqVTBJaGU3QXpYXzE0bHlVX2RfTGd4cDdJdVdzS2t1UGFEN3pwdkNnd0JDSkhKWW1ka0U2Q21GOW5SR2kwdGoyeDBXTVRPMThoMHljMWpyTjJJRk41STJJTDhxNi1melM3NWMyeVZ0enJQX190THZKZzR5LTBwbGExUl95azVXQ0dybmVaLTRPeVhsMjVFR2haR0JaRXZ3RkR3SmpReVJhYmVQUlBGMnFkTkI0VnF2SWMxZnowcjNucEJqZV9pRzZzVUtWOXVXaVFNTk1NN2pYM01QU2Q5Nm96UkJMM2d2RzJ4dkVhNEVmdTVJc3dWQkJBSk1XWk9IOHhzSTNRc2hIZ1NEZ2RGWnpEYWFTUmdXbE9TUmprMWNQSG1GY0RZUVJQQjFsdXdSRmtFX3cxOEtkLWZEOVl1NThaQXhXR2wxMzQxY19wU2ZvM24wM1pJZUxvMFJOOHRKSnVtdXFUTTNYSk9EdS1EV1JuT3VXUkRqSngzRmJqdEpabG4yMThuOEU5NVBBQkNqelNwX0FKRWV0ZmE5d2xQYWlFZm1icjNOYXFVc01pR3dOVHU5cXZKS0RtRmppZjFPMHQzQU1JVHk0YmJIdnR1eDBhYUVvYzFoX0c3aFpWeUlNNk90OXF0d0hUM2lOOV90Y2oyU0VubjRsUURyNjVlMHpiSmNsWEM5YmNnMjNtZzJQQUVySUhzTDl3d3hDc3F1THdGVzhlMjFpbUhKRlNYVDhfODBiYUNmaWY2Umdzd1F5bjZtMll0Y3FhTVRMbTZTM211REU5d0YxeE54WDcxM0thbS12M3YzRjE3QjFlTGtQMmc3VXpoUXZrWnFhWVRKWkNmM2NoWmNqeGQ4WHFRYTNPUWlKYllXdW96cWR5MCIsImRldmljZUNvZGUiOiJiNjkyYjU5NS0zNTIzLXNsYXAtOTlmYy1iZDc2ZTM1ZjE5MGYiLCJkZXZpY2VTZXJ2aWNlVmVyc2lvbiI6IjAuOS41IiwiYmlvVHlwZSI6IkZpbmdlciIsImJpb1N1YlR5cGUiOiJSaWdodCBNaWRkbGVGaW5nZXIiLCJwdXJwb3NlIjoiUmVnaXN0cmF0aW9uIiwiZW52IjoiU3RhZ2luZyIsImJpb1ZhbHVlIjoiJmx0O2Jpb1ZhbHVlJmd0OyIsInRyYW5zYWN0aW9uSWQiOiIwMDc0ZmU4YS1iYTRmLTRkZTItYWU4MC1hZDZkZTU1NDYwNWQiLCJ0aW1lc3RhbXAiOiIyMDIyLTAxLTA5VDEyOjEzOjE5WiIsInJlcXVlc3RlZFNjb3JlIjoiNDAiLCJxdWFsaXR5U2NvcmUiOiI5NCJ9PC9lbnRyeT4KICAgICAgICAgICAgPGVudHJ5IGtleT0iU0RLX1NDT1JFIj4wLjA8L2VudHJ5PgogICAgICAgIDwvb3RoZXJzPgogICAgPC9CSVI-CiAgICA8QklSPgogICAgICAgIDxWZXJzaW9uPgogICAgICAgICAgICA8TWFqb3I-MTwvTWFqb3I-CiAgICAgICAgICAgIDxNaW5vcj4xPC9NaW5vcj4KICAgICAgICA8L1ZlcnNpb24-CiAgICAgICAgPENCRUZGVmVyc2lvbj4KICAgICAgICAgICAgPE1ham9yPjE8L01ham9yPgogICAgICAgICAgICA8TWlub3I-MTwvTWlub3I-CiAgICAgICAgPC9DQkVGRlZlcnNpb24-CiAgICAgICAgPEJJUkluZm8-CiAgICAgICAgICAgIDxJbnRlZ3JpdHk-ZmFsc2U8L0ludGVncml0eT4KICAgICAgICA8L0JJUkluZm8-CiAgICAgICAgPEJEQkluZm8-CiAgICAgICAgICAgIDxJbmRleD5jMTE2YTZmYy0zYjY1LTRkOTUtYjgyZi1kMGNjNDJkYzcyNWQ8L0luZGV4PgogICAgICAgICAgICA8Rm9ybWF0PgogICAgICAgICAgICAgICAgPE9yZ2FuaXphdGlvbj5Nb3NpcDwvT3JnYW5pemF0aW9uPgogICAgICAgICAgICAgICAgPFR5cGU-NzwvVHlwZT4KICAgICAgICAgICAgPC9Gb3JtYXQ-CiAgICAgICAgICAgIDxDcmVhdGlvbkRhdGU-MjAyMi0wMS0wOVQxMjoxMzo0Ni4wOTI2MzJaPC9DcmVhdGlvbkRhdGU-CiAgICAgICAgICAgIDxUeXBlPkZpbmdlcjwvVHlwZT4KICAgICAgICAgICAgPFN1YnR5cGU-TGVmdCBNaWRkbGVGaW5nZXI8L1N1YnR5cGU-CiAgICAgICAgICAgIDxMZXZlbD5SYXc8L0xldmVsPgogICAgICAgICAgICA8UHVycG9zZT5FbnJvbGw8L1B1cnBvc2U-CiAgICAgICAgICAgIDxRdWFsaXR5PgogICAgICAgICAgICAgICAgPEFsZ29yaXRobT4KICAgICAgICAgICAgICAgICAgICA8T3JnYW5pemF0aW9uPkhNQUM8L09yZ2FuaXphdGlvbj4KICAgICAgICAgICAgICAgICAgICA8VHlwZT5TSEEtMjU2PC9UeXBlPgogICAgICAgICAgICAgICAgPC9BbGdvcml0aG0-CiAgICAgICAgICAgICAgICA8U2NvcmU-OTQ8L1Njb3JlPgogICAgICAgICAgICA8L1F1YWxpdHk-CiAgICAgICAgPC9CREJJbmZvPgogICAgICAgIDxCREI-UmtsU0FEQXlNQUFBQUFhbEFBRUJBUUFBQnBVSDVBb0pFQ29wQXFJQUFBQUFBQUVGQUVBQUR3SUFRQUlBUUFJSUFBRUI5QUgwQWZRQjlBZ0ZIUUJpQUtnQUFBWWtBQUFBREdwUUlDQU5Db2NLQUFBQUZHWjBlWEJxY0RJZ0FBQUFBR3B3TWlBQUFBQkhhbkF5YUFBQUFCWnBhR1J5QUFBQXFBQUFBR0lBQVFjSEFBQUFBQUFQWTI5c2NnRUFBQUFBQUJFQUFBQWFjbVZ6SUFBQUFCSnlaWE5qbWNvQUFabktBQUVBQUFBQUFBQnFjREpqLzAvL1VRQXBBQUFBQUFCaUFBQUFxQUFBQUFBQUFBQUFBQUFBWWdBQUFLZ0FBQUFBQUFBQUFBQUJCd0VCLzJRQUl3QUJRM0psWVhSdmNqb2dTbUZ6VUdWeUlGWmxjbk5wYjI0Z01TNDVNREF1TWY5a0FCQUFBVVZ1WTBsRU9rZFNRbFF3TWY5U0FBd0FBZ0FKQUFVRUJBQUEvMXdBSTBKdkVHN29idWh1dUdiOFp2eG00RjlNWDB4ZllrZ0RTQU5JUlUvU1Q5SlBZUCtRQUFvQUFBQUFCUndBQWYrVGdNNDREMUpHZW5tSmxhd2VrOGtZbDRyL0FhQ0RhZjBHOE9tbmJVNDhUNUVtMnhzVWZac0xQb3VaaTVVSmI0Q0FnSUNBZ0lDQWdNRWdKbHdacnFCTUYrUUhsSy9pZ1A0aWNrQ1UrVTJaa2U4Q0JRQ3lFMDJlRUwxU0xNVVNQemtIWkhNZnNrbmI4NEMrMFA5Y0dtRk9PRW9OWFNYd3kzZmhVOVMxZjA4S2tyQ1NhSFdybXY5NTREZUFnSUNBd1ZjSlFER2d3R0JIbGlWcmNxTjNiMGZRc3BHa0FHbnNMVWpFQUE3OC90aTQyRHl3RnE2SEozOUpqZ2o1U2NCendqVm93NzZuR3pxbUt0Y0tBZXhGNlQwdE1tdlY3SGYwbDhEa29LaXhwdWRJMk5SSzZkWVJzQ1llL1RZNWh5V1MwaUw5UDJIckk2Tmo2b2tBZHpGRjdncTFNMHNySGxhcHBsLyttMlB2eW9DQWdLTXFOUkI4ZFRUTGx6LzlRT3dYWHBkcXQxSWFDNHBzcjA2U2F3OERXVjdDMDh6RkFGcnpMeWdqU3QvbkllZU9NZUJxVER4Nm90SEZyMWZ2THIxSDNEd3lEdnZCbS9sZTl4YmIzMVBQeUZvQUtRZHpyWnFYK3YyK09acGthYll6VCszRGwwR3FQbGJSdnZDWEswU0FOTm5odUZjYzVUczhxWURZV0ZmWFNJRzdUMDRhRk9jV1I2alhhRXhrTkZUUEFhbmhoQk05dEFHYVk4OVpSR3d0YXlFOFR5UDcySFVUeVNlQVBoQ2xHYWV0QmoyaVdtWHFvd0F4NkhKT1plT1NPM2ZjcUcyeUpHVHNYWEFyNGQwdzQwQkRqL092bnJ0Umx5ZDBvOUw4RC92a20xU1pRd0dHRTJUTjBLbUM2SDNDNjNQcm5ZVW9kS0tWbk1ZbGRPcm54UlQ2V2dkT3pYS2o2d3ZHQnNjaVBNeElydExSYkdQSWxpNERZU3JFU1lWU1NTdlFFMnVGeWVGWWdJQ0FnSUROMEVERjBDTU5IZndtK011eU1RZFNFcVZMTEJyQVNmMHVwUmV1UDB5b2VPODRFVng2MG01YUNEMWtsejFxcmJLaUdvYjZMNUhWcWJsTmptOXRRSllDTGFQR0FPSkoyOUREL3dlMG5xOXJ0dy9odEZaN2M1UmtHT0VJQUxyUVBkaGtyTjNXdFV2NjNGMTUyRkt4NlpJQ1NwOTZMSmMvUTBFTG5iVXZGbVhZZ3N2L0NLaUpPLzVXQk5qb29KQmJPQ1FVS0VpalRpQWFBUzFxQUVmRGJSRHN0VDhiV2VBYUJzbkgxQVJ0eUFSZnF1eUFDTjhJVGZKdisySEFQRko0KzRWOXlaTnJFbUNMWWx5WHZ2TU9nazFzN2dIaG1UK1NzU25SbHh1czhiTW1icW11MlVMUWVianltKy9OajdLbWppY2dZN3BBNDVydUJsbk5TOTE2TUVHSjhhQnFxUEtlcDdQWHg1ZXJTU2U3dnUxSXBEbVZTVHBzRDQyaURwVEY5TjhOSUE5V1lQand4ODFmTlU4amxPUlZ4SGhXQ1VtNVdmN0Rqa3l5WGFjOFlmUWwvWVRJaCtBTlhkcTZTMVJmVVRqVUNZQ0pNQ2drUDE2WHBldmdGdjdoZEVFRmhxSENoSi9hZXBReDBFQjdSY1M2Rm9uM1VnNzRQUy8vSzI5R1VCbTRsYldpdFRqcEdadW8yWVlsaTd4NE9weDQ0SmxKV01PVmJmRWlacHVZdmxaV1JSYTR0bFRNNEFQUG9peXNlUUgyKzB1RXVjNGtFQmdEaEYzaWhmaTlkNzN0bjYwblMxOUJPT2hKY1NQV1ZtUXhCSC82TktJSFlZY2I1dTh4ZktWMGd1RzhiOTl0NFNLb0FsQkZSZDRIR2NVR2pGaHozZmhRQzNWV2xvbHlsY3Q5blNLSm91ZDJzQ0ZIWHh4eVdZUHdMZVlzMHB1ckErR1JnSUNBZ0lDQWdJRGozY21HN2dEbUJlUHVmbVRWSWcxa2hnREQvd1BwQVVJcytsekp6NFNXdmpwazArY0xDYVQ1MktxU1h6aHJkelgvQW1ROGdqU1hmQ2swaDFEK2ZLbjdMR2NCY285WEU3QmJWVXBFcENjOEVmUWtrb2xMelNsSzFLZzFDOXU1SzZRQWlhQXFYQUxtekw1alRFUTVxWXhYNkF5VXd3ZnRsV25BRENOSmxSMktZMGlWQ3RnK1pudHJqbVcwOEs0VUdNOWw5dFU0QmtWR3BsWVFTOUJBS2ltZ3IwaWE5WjEwRmlzWXVCQ3VOL3hyZWYvWkFBRUFHZ0JBQUFFRkFFQUFEd0VJQlFJQUFBQUFBR0lBcUFBQUFnQUpBZ0VCQ2dJQUF3QVpWR2hwY3lCcGN5QnZaaUJHYVc1blpYSWdLRGdwPC9CREI-CiAgICAgICAgPFNCPlpYbEtORTVYVFdsUGJITnBWRlZzU2xKcVpGVlJNRTVDVDFaa2JsRllaRXBSYTBadVUxVktRMVpGUms5UmJXUnlZMWRvY21GVll6Vmtla0pEVVZaR2VsSnJSa1ZSYkdST1ZWaE9NMUV4UmxwU1JscFNWVlZrUm1Rd2NFdFpiWEJHVkZVeFFtSXdaRUpOVmxaR1VUQkdNMUpIUlhsU2JteE9WVmhrTTFFeVpGcFNSbHBTVlZWb1JWRlZOWEJaYTJoS1pVVlNWVkZWZUVOYU1EVlhVV3RHZGxSVlNraFZiWGhyWVd0c05GSkdVa0pVUlVwdVZHeGFRMUZZVGs1UmEyUlRZa2RTY1ZOWWFFVldSVVpOVVcxa1QxWnJTa0pVVlRGRFVqRktjMXBIY0Vwa01HaHZXVEExVG1GclZqUlVWM0JPWkRBeFJWb3phRTloYTJ3MlZqSm9hbFJyTVhGVFdHUk9Wa1ZyTVZSVlVtNWxSVFZ4VTFod1dHRnJTbGhVVmtaNlpEQk9VbGRWVWxkVlZrWklVbGhrUzFOdFNuRlNWVEZPVVZjNVNGRlVSbFpTVlU1Q1pEQlNWRTFyV2pWVVZrWXpaREJPYmxkVlVsZFZWa1pKVWtWR1QxRXlTa2xUV0doRlZrVkdUVkZ0WkU5V2EwcENZakF4UTFKV2NFTlZWRUpXWlVWU1ZWRlZlRU5hTURWWFVXdEdlbFJWU2taWGEwcFNUVVpXTkZKR1VrSlVSVXB1Vkd4YVExRlZNVTVSYTFaaFVXeEZkMVpZWkc1YU1HeHdWRlZGZDFJd1RsUmpWV1JVVTFkSmVsSkdSa1pSYTBaU1ZsVkdRazVGYkVSU1NHUkNaREprYmxOVmRFSmlNR3hFVVZaR1JHRkhSbEJOUjJjelYxaFdWVk15ZEc1aU1VNU1UVzE0U0ZZeFozZFNhM055VmxWc2RVd3lVa2xsUjNCWllqQXdNMVJ0U25WYWJsbHlUVlJvV1UweldrcFJiRlpLWWtaU2ExWnNUbkZYVldNelRWUm9SbEl6UWxGUFJ6UXlWbnBWZDA1VVZsQmFWelZyVEhwU00xSlljR0ZoU0ZKS1ZqQmtNRTVGT1haVGVsSnJWVlZXVFdGdFVsbFRNbU40VjBWU2RFMVhTa3hsVmtveVltdHZkbHBzVW5OVVV6bFhZMnhrVldGcWJHbFpXRVo0VlZkc1VGWkZOSFpXUlZKSFUxZEZlVlI2VGpCTU1GSmFZV3BSTkZWSFdYbGFiVEF6VVd4Tk1sWlljR0ZVYlVvelVsaENVV1ZWWkd4bFJFVjRWa2M1TWxkclNsUlNSVGxIV214YWNGTnJVbnBPVmtWeVRteHZORkZZUWpCaFZUVldVak5vUW1GcVdrWmtWRTE0WVZoYWFXTnJWbTlpTUU1SVVXdFNkV05WWTNwT1YzZDVUREkxY2xZeWFGQmlXRVp3V1d0WmQyUlhhRFpOYWs1UlRUQmtWVmxzV1ROa1JWVjJXa1pvUTFKRWFGbFJNSEI0VGpOS1RtUkhSazFpYldRMFl6SmFiVk13YkhOVGJrMHhUVlZPZWxWVk1ISmpibXhGUzNwR2FGWXlNRE5TUlhoVVVWVk9OR05FU2pWYU1XaFlXV3BXVWs1c1JtaFZla1pvV2tSb2NsUnNjRXRXVmxwUFpVY3hUMVp1WkRSU2FUbE5WME4wVmxsdWFHcE9ia1pLWW5wV1RrMHdkRWRrUkVwaFYyc3hjV0ZzYkU5T1Z6VnFZMFp3UmxKcmVIUmpWVlpoV1ZWR00xSjZSbFJpUlZKNFdWUlNkbUpGZUhsUk1GcEVXV3hDYW1SR1VuUmtiSEF5WXpKYVJHTjZaRFJPYldzMFZXMXJOV0ZJVmpaYWJrWTBXbXBLYWs1cmNHMWhhMUpLV1RKb1ZscHBPSGhWYXpsdFlWaGplbUl3Y0VOamVtd3hWbGRLYjAxdE1WRk9iVTVwVkd4b1MyRkZkRnBsVjFKd1lWZE5NbEZxUVRWU01tODFUMVZhU1U1Vk1XcGxSRXBMVDFoSmVtTlhhR2haYlRVd1lqTkJNbUpzVWtOYWFtUXhVa1JDV1ZONlFqWlhhMlExVjJwQ1UxcFlUbkJWVnpnMFRrVTFWVmt4Ykd4T2VrcDNZekJhWVdGWGNERlZSVVpPWVZSR1lWZElSa2hoYTJoMlRqSm5OVlpWYkdoaWJGa3lVM3BzUjFaSGNFeGlWV2hHWlZoamVsWXpSazVTTTJoNVZqTktNMU16Um1sV1JrWk5VMFJhYm1FeU1ETmtlbVJ6WWtaYVExRldUbmhXTUVaT1dsWk9jbEZyYkhCWk1VWlNVMWhzVjJWRlZUUlZSbXhYVFhwa1RGVXlVbFpOUldNMFVtdDRORlF6VmtwT1NGVXpZMjEwUkU1cVZreE5NMXBFVFRCS2FtTnJNVXRQUlhoVlV6TlZkbVJ0ZUVkU1YxSlFZMnQ0VldSR1pGbFZhbWh0WkRCa2EyVkhjR3hoUm1nMlkxaGtTbEpGUmxKUlZVcDJUa1ZvUjFSVmJFbFJNREZDWVRCa1FrMVdWbXRTV0dSU1VUQXhRbEZZWkVaVlZteExWMVZzWVZOVlJscFphbEpTV2pCV1ExRnJSbEpTUlVadVZqSmtUbEpGTVVoUk1XUkVVakZPUWxJd1kzSlNWV3hEVWtaR1VtSlZXbkJWYkVKcVVqRmFNVlpVUms5VVZXeEdXa2Q0YVdKV1dqVlhWbWhUWWtad1JGRnJVbWxTTW5oeldXMDFVbG94UlhsV2JteHJVako0ZEZsV1pFOWhSMUpJVmxoa1NWVldiRVZXYkVsM1ZEQktRMWRWVmtkVVdGSnRWVEZrYTFKc1drcE9WMHB4VVd4V2RFMHlSVFZXYTJSM1RqTk9NbUZITUhKVVZVazBVakJGZUZaWFVrcGtNVVphVkZWS2FGRlZXa05OU0d0NlRsZGtNVTlHYkhSaVZVcDBWMFZ3YkZNeVVucFdNMmh5VjFoS1dHTlljRTVSVkZKSVVWUkdWbHBGVWpOU1ZVbDJaREZHUmxGWVpFcFNhbEpGVVZkU1Exb3dOVmRUUms1V1VsVmFjVkZXVmtOYU1tUjVVVzFrUmxKclNsSlpNRkpDV2pGc1NsTXpaRnBSYTBwU1ZsVm9RbVF4UmpOU1JrWmFVMnQwZGxkcmJHOWtiVTVQVVZaR1JsUkZTbEpSVlZKdVdqQnNRMUZWUlhwU1JYYzFUbFY0YW1SRmQzSlNWV2N3V2xab05GSXdSbk5WZWxKdllYcFdTVmxZYkRWak1WWnJWRVJWY2s5RVJrTmlSMmhEWTNsMFdsUXhSazVpTWs1Q1pWVXhhbVF5V1RCTU1GcFNZV3BTU1dGSFpITlVNa1p1WWxkUmQyVnFaRk5pV0ZKc1ZVVm9TMlF4UlROUk1VSk1Ua1phTUU5WWNISlRNamcxWkcweGNrOVVXbTlVYWxaeldrVjNNRmw2UmsxaWJrSTBWVVphV1ZWSGQzSlZiRkpHV1ZWS2MwMVhaSFprTWswd1pVZE9lbGRIV2pKVE1taEZUbFphVDAxWFNrUlZSa2swWkVoQ1NtTklhM0pYYm1nMlQxWm9UR0ZZUmpaU1F6bHVWR3RrUmsxNlJrcGhSRUpwVWxjeFdrMVdSblJXYkZZeldsZDNlbGRITlZwTlZXczBZVEJhTVZSWGJGbFdXSEJMVGtkT2VsRnRlSFJoYmtKRFMzcHNOVkZYVmsxV1Ixb3dZek5GTkZSVWF6VmxibXhhWWxac1IyRkljRmhaTW14dVZHcEdSazB3UmxaVlF6aDNVa1JLTUZWR2NETlVWWEJTVkROck5WSXdiSFpXYWxwRFZFVktlbFp0U1hwTE1qQXdUVzFTZFdOV1dreGtNVkoyWkZWU1IyVllSakZOYkdzMVpXcEtSazVZVGtoU2JIQXhXVk56ZUZNeFVsZFRSbkF4VFRCTk1GVnVWa0pVUlU1UVpVaENORTlHU1haak1VcFhVbTVDUzJJemJFcFpibHBEVFZaQ2VWRlZaRlZqUms1VFVsWktWMkZXU2xaVVdFNVhZbTVPU2xaRVVrWmpWR1JJVDFOMFRGWldTbEpqUm14TldrZGFTMUpHYURGU2EyZzBWVEl4VVU0elRsaGtibWR5VWtVNWVsbHNXWHBVYldSM1UxZDRkVXN6V2xGWmFrSnVXa1JrYjFReFJsQmpNV1IyWkd0c2VHUXdTazloTUZaeVRrVTVOV0V6Y0RGVVJVNXdZbGRHTW1WVVZrbGtSWEI0V1cxc1RsbHBPSHBWVm1oU1QwVldiMDlFYkVsVk1GWm9VVzFOZDB3elVsZE9hekF5WTFkb1QxVnJTbkpXVkd4SVRWYzVVMlI2YkhOWGJVcHVZakJzUm1SNldUQk9NbVJGWldzNVlWSkdTbWxhV0VaelRrVTVTa3N4Y0ZGaVIzQTFUMGR3VWxwRmFGRlhia3AyWlVoU1JXVlhOREppUm1zeFVUQm9ORlY2WkRaamVrWnNZMWRHYms1V1FsTk5WRnBDVmpKR1RWSkVXalJqYWtJeVZUSk9kV0ZZV1hsbFdGSnNWMVZrZFZORmJGbE9iV2hOVkVSWmRsZFhhRVJpTVhCb1pGZFpOVkp1YUhWa01VWk9ZVlJPVFZkRVRUTmhSR3hWVW0wMVlVMHdiSFJPUTNOeVZGZGFjMU5GTlZWTlJGSlpZbTVTZFU1SFNuRlhhbVJ1VVcxdmQwMUlXbGhOVjFZeVRUQldhRkZXY0ZWVVZFRXpXbFJTYzFreVNYaFZSVkpXWVdrNWRGbHVielJUYWs1V1VWVkdNbVZxYUhGalNFSXdXVzVHVjBsc01ITkpiVVp6V25sSk5rbHNTbFJOYWxVeVNXbDNhV1JJYkhkSmFtOXBVMnhrVlVsdU1DNHVVVkJzYTBkaWFFTm5hWFZGTkdGTFVXbDVkMnh6T0RZMGIyaElVRFJTYVd4UWNrTlZhVWRIU1haQ2FFVnFRbWRXTWxKNWNsVmFWVVJCWVZOc1Ewb3hVMUJtVDBOWlJrNDFSMGMzWDB4ZlVHNDVXRVk0VTNwMGNrMTZXVXgzWkZwTU9TMVpPRGxYWmt4eVRtYzRkazU0VUdWWmVGTjJlR2x5TVRNeGJHbFlaMlI1VUZsaWRIQjFlVmxXY25scFJqSlhVRzEwWm05eVZ6bFFOMngzTWxsVlZUVTNXR3h0T1U1eVRFdFlaVkZmY0Vwa1dYQnNaR0UwY2tKbWRGQTVNM2t3U0dKU1dGRkRhakpoYm5aV1UzbHpTUzF3YlVKdFRXRkViRE5TTlVjM01XUmFlRlp4YTJ0NmRtcE5jUzFWVDI1R1dVbFlRbHBCV0VWUFRXbFNMVmxFV1VKUlVISlZWSEE0VmsxcU1XaFJSM0JXYlZWVGVrdFplRVJPWjJ4MU0wTkllUzFNTkdzMVdsWnFkVFJVWDIxMFVFNDRObWR2U0ZrMFpUazVURk0wV0dSVkxWTnVaMUZEVFdoNmExVnBjRXhrT0hkVFEyTkxiMFU1TjA1ME1YcDBOazlTWTI1MGJIUnRaa3hOYUd4a1gweHhWVVl3TURKVVFUSnBTRFpUT0RKaU1scFRhVkl0WmsxSlpuUmFSWGhJWWpKeVJEUnZWVmRTT1dKRmRsQndURzlFYkd4dmJHVnFSMGwwY1dWelJHZGpXR1ZvVlc1d0xYTkhia1ZaZDNkVmFISkpjako2WkVwaVdraE5ORFphT0V3dFRtRnVPR1ZLVUY5MFYzZzRUalptTUhGSU5sSldja3hVZEdwU1NUWnpWaTE0TTA5M1NVUkpkRmQzTWpFeFJtNXZhV3RoV1ZoQk5XZEdWVTFKYlRCaU5YcE5ObDloTFZRM1luWkplVFF4UmpaUmFGcGtabkJXT0VRd1FUbFVURWRLTjFjeGNYUndPREowV1VsRGNGcEZUWGxQZUVNeVVFdEliWGxuZURkNk5FOTBaV0ZNVGxCRFpEWnBPREZwYVVzeWNIaGhUMU5CTkZabWEzUmFVVUZsWWxwdk1tUkhOVEozWldaalpVNWZMV2wzZUUxYWRFbEdObXd3U1RKTlVWZFJUWFZCYVd4TWRWRllNa1V6WlZWTGF6Y3hXWHBFYVZKdFkxRT08L1NCPgogICAgICAgIDxvdGhlcnM-CiAgICAgICAgICAgIDxlbnRyeSBrZXk9IlNQRUNfVkVSU0lPTiI-MC45LjU8L2VudHJ5PgogICAgICAgICAgICA8ZW50cnkga2V5PSJSRVRSSUVTIj4xPC9lbnRyeT4KICAgICAgICAgICAgPGVudHJ5IGtleT0iRk9SQ0VfQ0FQVFVSRUQiPmZhbHNlPC9lbnRyeT4KICAgICAgICAgICAgPGVudHJ5IGtleT0iRVhDRVBUSU9OIj5mYWxzZTwvZW50cnk-CiAgICAgICAgICAgIDxlbnRyeSBrZXk9IlBBWUxPQUQiPnsiZGlnaXRhbElkIjoiZXlKNE5XTWlPbHNpVFVsSlJqZFVRME5CT1ZkblFYZEpRa0ZuU1VKQ1ZFRk9RbWRyY1docmFVYzVkekJDUVZGelJrRkVRbGROVVhOM1ExRlpSRlpSVVVkRmQwcEtZbXBGVFUxQmIwZEJNVlZGUTBGM1JHRXlSbmxOVVhkM1EyZFpSRlpSVVVoRVFVNXBZa2hKZUVSVVFVeENaMDVXUWtGdlRVSkhVbXhrYWtsNFJGUkJURUpuVGxaQ1FYTk5Ra2RTYkdScVNYaEVWRUZNUW1kT1ZrSkJUVTFDUjFKc1pHcEpkMGhvWTA1TmFrVjRUV3BOZDAxRVozaE9ha2w2VjJoalRrMXFTWGROVkVrMVRVUm5lRTVxU1hwWGFrSlhUVkZ6ZDBOUldVUldVVkZIUlhkS1NtSnFSVTFOUVc5SFFURlZSVU5CZDBSVE1rWjVUVkYzZDBObldVUldVVkZJUkVGT1EySklTWGhFVkVGTVFtZE9Wa0pCYjAxQ1JWcENVVEJWZUVSVVFVeENaMDVXUWtGelRVSkZXa0pSTUZWNFJGUkJURUpuVGxaQ1FVMU5Ra1ZhUWxFd1ZYZG5aMGxwVFVFd1IwTlRjVWRUU1dJelJGRkZRa0ZSVlVGQk5FbERSSGRCZDJkblNVdEJiMGxEUVZGRGFHRlBNR2czV1hWVVMydG5iMU5MTW14SFYxZ3dSa3NyVlVsdUwyUkllR3BZYjAwM1RtSnVabllyTVRoWU0zWkpRbFZKYkZSa1ZsTnFXVWMzTVRoRlIzQlFPRzQyVnpVd05UVlBaVzVrTHpSM1JYcGFhSFJKVjBkME5FOXZTelJrVVVWTWFtUllTMmN4V0VSdE1XSkxlVkoyYmtvdlpsUnNUUzlXY2xkVWFqbGlZWEZ4VVdsUFZFNHZWRVJHU1dFeVR6TjBMMFJaYWpRNFVHWXlabTAzUWxNMlZYcGFUbUozUlhCUWVVZGxlREV4Vkc5MldrSlRSRTlHWmxacFNrUnpOVkVyTmxvNFFYQjBhVTVWUjNoQmFqWkZkVE14YVhaaWNrVm9iME5IUWtSdWNVY3pOV3d5TDI1clYyaFBiWEZwWWtZd2RXaDZNak5RTTBkVVlsWTNkRVV2WkZoQ1JEaFlRMHB4TjNKTmRHRk1ibWQ0YzJabVMwbHNTbk0xTVVOelVVMHJjbmxFS3pGaFYyMDNSRXhUUVVONGNESjVaMWhYWWpWUk5sRmhVekZoWkRoclRscEtWVlpPZUcxT1ZuZDRSaTlNV0N0VlluaGpObkZKYnpWTk0wdEdkREphV2sxcWFsbE9OVzVqY0ZwRlJreHRjVVZhWVVGM1J6RlRiRVJ4WVRSdmJFeHlRMFpEWWxCamRGUnRkbHAyYzJaRGN6ZDRObWs0VW1rNWFIVjZabkY0WmpKak5rcG1ha1JKWTJoVlppOHhVazltYVhjemIwcENjemwxVldKb01tMVFObU5pVGxoS2FFdFplV1JwYVdNMlFqQTVSMm81T1VaSU5VMWplREpLT1hJemNXaGhZbTUwYjNBMmJsUkNaamQxUkRCWVN6QjZXa2Q1V2pCU1pYTnBVVzg0TkU1VVkxbGxOekp3YzBaYWFXcDFVRUZOYVRGYVdIRkhha2h2TjJnNVZVbGhibFkyU3psR1ZHcExiVWhGZVhjelYzRk5SM2h5VjNKM1MzRmlWRkZNU0RabmEyMDNkemRzYkZaQ1FWTnhWMEZOWlZOclFrbHBZMUZSU1hsV2VFVTRVRmxXTXpkTFUyUlZNRWM0Umt4NFQzVkpOSFUzY210RE5qVkxNM1pETTBKamNrMUtPRXhVUzNVdmRteEdSV1JQY2t4VWRGZFlVamhtZDBka2VHcGxhRmg2Y1hkSlJFRlJRVUp2TkVoR1RVbElRMDFCYTBkQk1WVmtSWGRSUTAxQlFYZEZVVmxLV1VsYVNVRlpZalJSWjBWQ1FrRlJSRUZuVjJkTlJFMUhRMWREUjFOQlIwY3JSVWxDUkZGUmJVWnBVbEJqUjFaMVZURk9UVWxGWkd4aWJWWjVXVmhTYkZwRFFrUmlSMnhzWW01UloxRXlWbmxrUjJ4dFlWZE9hR1JIVlhkSVVWbEVWbEl3VDBKQ1dVVkdUWFJtVTFka1JsWkpOV0pxUWxWdE0yRTVWa2R3TjNOMmFHMHJUVUk0UjBFeFZXUkpkMUZaVFVKaFFVWkNNSGt6TldkMU9GbHRiVUp0V0VwbFMyUnpWM2hyV1hKWGNYcE5RVFJIUVRGVlpFUjNSVUl2ZDFGRlFYZEpSalJFUVdSQ1owNVdTRk5WUlVacVFWVkNaMmR5UW1kRlJrSlJZMFJCWjFsSlMzZFpRa0pSVlVoQmQxRjNSRkZaU2t0dldrbG9kbU5PUVZGRlRFSlJRVVJuWjBsQ1FVRXpSRXc1TlV4amRFd3JSVWcwWlZoNFIwRnNVelJvYXpWSVlYbDVjMVZrVERVck9ERkNiR2hDY3l0WlQxRk5iMk5CZVUxamQyWTBMMFpSYWpSSWFHZHNUMkZuYldRd2VqZFNiWFJsVUVoS2QxRTNRMUJMTkZaME9YcHJTMjg1ZG0xck9UWm9UalZzWkV3MFl6Rk1ibkI0VUZaWVVHd3JVbFJGWVVKc01XZHZkMk0wZUdOeldHWjJTMmhFTlZaT01XSkRVRkk0ZEhCSmNIa3JXbmg2T1ZoTGFYRjZSQzluVGtkRk16RkphREJpUlcxWk1WRnRWbFYzWld3eldHNVpNVWs0YTBaMVRXbFlWWHBLTkdOelFteHRhbkJDS3psNVFXVk1WR1owYzNFNFRUazVlbmxaYlZsR2FIcFhZMmxuVGpGRk0wRlZVQzh3UkRKMFVGcDNUVXBSVDNrNVIwbHZWalpDVEVKelZtSXpLMjAwTW1SdWNWWkxkMVJ2ZFVSR2VYRjFNbGs1ZWpKRk5YTkhSbHAxWVNzeFMxUldTRnAxTTBNMFVuVkJURU5QZUhCNE9GSXZjMUpXUm5CS2IzbEpZblpDTVZCeVFVZFVjRk5TUlZKV2FWSlZUWE5XYm5OSlZEUkZjVGRIT1N0TFZWSlJjRmxNWkdaS1JGaDFSa2g0VTIxUU4zTlhkbmdyUkU5ellsWXpUbWR3U1d4dUszWlFZakJuWkRkb1QxRlBjMWR2ZGtseGQwSk9hMFZyTkU5NWEzcDFURU5wYldGMmVUVklkRXB4WW1sTllpOHpVVmhST0VWb09EbElVMFZoUW1Nd0wzUldOazAyY1doT1VrSnJWVGxITVc5U2R6bHNXbUpuYjBsRmR6WTBOMmRFZWs5YVJGSmlaWEZzTkU5SksxcFFiR3A1T0dwUlpFaFFXbkp2ZUhSRWVXNDJiRmsxUTBoNFV6ZDZjekZsY1dGbk5WQlNNVFpCVjJGTVJEWjRjakIyVTJOdWFYWXllWFJsV1VkdVNFbFlObWhNVERZdldXaERiMXBoZFdZNVJuaHVkMUZOYVROTVdETTNhRGxVUm01YU0wbHROQ3NyVFdac1NFNVVNRFJZYm5SdU5HSnFXamRuUW1vd01IWlhNV1YyTTBWaFFWcFVUVEEzWlRSc1kySXhVRVJWYWk5dFlubzRTak5WUVVGMmVqaHFjSEIwWW5GV0lsMHNJbUZzWnlJNklsSlRNalUySWl3aWRIbHdJam9pU2xkVUluMC5leUp6WlhKcFlXeE9ieUk2SWpFeU16UTFOamM0T1RBaUxDSnRZV3RsSWpvaVRVOVRTVkFpTENKdGIyUmxiQ0k2SWxOTVFWQXdNU0lzSW5SNWNHVWlPaUpHYVc1blpYSWlMQ0prWlhacFkyVlRkV0pVZVhCbElqb2lVMnhoY0NJc0ltUmxkbWxqWlZCeWIzWnBaR1Z5U1dRaU9pSk5UMU5KVUM1UVVrOVlXUzVUUWtraUxDSmtaWFpwWTJWUWNtOTJhV1JsY2lJNklrMVBVMGxRSWl3aVpHRjBaVlJwYldVaU9pSXlNREl5TFRBeExUQTVWREV5T2pFek9qRTBXaUo5LmltYXQtYk5hNTgwODNyMW5FcnJ0bjBGYW5yNW91OTF4VTdvNkFsUjZLOWFpZno2RC1Cby1WakliUWZnRXBBbDRfSWV2WWJCRHFCYWJPZ2pXWlBxSkxpaDNtNjdtZ0FPbTNvUHQ4STZIZlZvVm9JUXBIeUVtdzk5RHN6UUkzMmNURjBCeUdRY0puZmdVTXBPRVhrc1labks5YUl0UkJPUXAyU0MxY3ZXb1Vuc1dQOFlhZ1lpdHhILTk4Y25yS01STWg0RTJoQ0QzMjB4NllMMkxwcDZfVDJUTUwyZE5XbHJFRmRBdG5aamVPYkVDcW5XUkEtNUNJbTNUSHdYTnljV0pFdUtMeXk1a0tyM2Z5aDJsQXdMZWtCVjJzczJ0ZWdXNE80cl9jdWVubEMxUVc4dVJDa084R0I0Mk9jR1hHMl9vVlp0QUhUOTU5aE5fVUNZdlVfSTBnOEQyVTdjajVnVWs5NU9KNFNabDljYWZ5cEVsS0tIRTlJeVN5YXNQU3BPWkNVT2J3UHZiVzJMVUJGX0dmWDl5dDRSUjI5cllCNmNMY0VyUUYzcE1jcG4yNTg0QW1jS0wtR2NVbDBFVjNwZFpTVzJHcW5ucFVIZWZtdE5jQVFLQW1OVzQ0MHV6Wk9QR0R4MlRKWHZYRl83d3hVdndHbGVYYm5HZEJoRlNScWJLdEcyMFRpQVB2SWR0dDBGVDNsbGRZQ3B1clIwNy0zM0NHemlRMk44TFlNSGJQN2ZyM2ZXdkdRSjkzX1BWSWJGWFZRNWRnY2pPcnZUUU5OYmpXMnhjWWJ4NjItV21hQXYtaVhVMDA1NVdCZEJrNWNXcENuMmxKRUlmS244QU4tU09IM1gxMVVBSDBWRXVPVzZWT3A3OTQtTjZyMjl5ejRFTjE4dUNJUUd5dUdnIiwiZGV2aWNlQ29kZSI6ImI2OTJiNTk1LTM1MjMtc2xhcC05OWZjLWJkNzZlMzVmMTkwZiIsImRldmljZVNlcnZpY2VWZXJzaW9uIjoiMC45LjUiLCJiaW9UeXBlIjoiRmluZ2VyIiwiYmlvU3ViVHlwZSI6IkxlZnQgTWlkZGxlRmluZ2VyIiwicHVycG9zZSI6IlJlZ2lzdHJhdGlvbiIsImVudiI6IlN0YWdpbmciLCJiaW9WYWx1ZSI6IiZsdDtiaW9WYWx1ZSZndDsiLCJ0cmFuc2FjdGlvbklkIjoiZTg3YTRlZjYtNThmNS00MDkwLWEyZjMtZTEzZjg1ZWM1NGRkIiwidGltZXN0YW1wIjoiMjAyMi0wMS0wOVQxMjoxMzoxNFoiLCJyZXF1ZXN0ZWRTY29yZSI6IjQwIiwicXVhbGl0eVNjb3JlIjoiOTQifTwvZW50cnk-CiAgICAgICAgICAgIDxlbnRyeSBrZXk9IlNES19TQ09SRSI-MC4wPC9lbnRyeT4KICAgICAgICA8L290aGVycz4KICAgIDwvQklSPgogICAgPG90aGVycz4KICAgICAgICA8ZW50cnkga2V5PSJDT05GSUdVUkVEIj5sZWZ0RXllLHJpZ2h0RXllLHJpZ2h0SW5kZXgscmlnaHRMaXR0bGUscmlnaHRSaW5nLHJpZ2h0TWlkZGxlLGxlZnRJbmRleCxsZWZ0TGl0dGxlLGxlZnRSaW5nLGxlZnRNaWRkbGUsbGVmdFRodW1iLHJpZ2h0VGh1bWIsZmFjZTwvZW50cnk-CiAgICA8L290aGVycz4KPC9CSVI-Cg