<?xml version="1.0" encoding="UTF-8" standalone="yes"?>
<BIR xmlns="http://standards.iso.org/iso-iec/19785/-3/ed-2/">
   <BIRInfo>
           <Integrity>false</Integrity>
    </BIRInfo>
      <BIR>
         <Version>
            <Major>1</Major>
            <Minor>1</Minor>
         </Version>
         <CBEFFVersion>
            <Major>1</Major>
            <Minor>1</Minor>
         </CBEFFVersion>
         <BIRInfo>
            <Integrity>false</Integrity>
         </BIRInfo>
         <BDBInfo>
            <Index>ff64c46b-3e68-4d50-81b7-39d538be299a</Index>
            <Format>
               <Organization>Mosip</Organization>
               <Type>8</Type>
            </Format>
            <CreationDate>2021-11-19T08:35:16.4879444</CreationDate>
            <Type>Face</Type>
            <Subtype />
            <Level>Raw</Level>
            <Purpose>Enroll</Purpose>
            <Quality>
               <Algorithm>
                  <Organization>HMAC</Organization>
                  <Type>SHA-256</Type>
               </Algorithm>
               <Score>90</Score>
            </Quality>
         </BDBInfo>
         <BDB>RkFDADAzMAAAAFowAAEAAAAAAFofB+QKCRAyAQM1AAAAAAABAAEDAQMAAAAAAAAAAAAAAAAAAAAAAAACAPABQAAAAQAAAABZ5wAAAAxqUCAgDQqHCgAAABRmdHlwanAyIAAAAABqcDIgAAAAR2pwMmgAAAAWaWhkcgAAAUAAAADwAAMHBwAAAAAAD2NvbHIBAAAAAAAQAAAAGnJlcyAAAAAScmVzY5nKAAGZygABAAAAAAAAanAyY/9P/1EALwAAAAAA8AAAAUAAAAAAAAAAAAAAAPAAAAFAAAAAAAAAAAAAAwcBAQcBAQcBAf9kACMAAUNyZWF0b3I6IEphc1BlciBWZXJzaW9uIDEuOTAwLjH/ZAAQAAFFbmNJRDpHUkJUMDH/UgAMAAIACQEFBAQAAP9cACNCbxBu6G7obrhm/Gb8ZuBfTF9MX2JIA0gDSEVP0k/ST2D/XQAkAUJvEG7obuhuuGb8Zvxm4F9MX0xfYkgDSANIRU/ST9JPYP9dACQCQm8Qbuhu6G64Zvxm/GbgX0xfTF9iSANIA0hFT9JP0k9g/5AACgAAAABYjQAB/5PHxtQZwrByA+sbv5wTvSD6ojefa90kH7bJnnrIFmzyu/QtGJT9oQNYbEp8G2aEcfcKw3E/knGvgvHAxropO9MRTQ3h/Y0yqefxoKyohSUPYz74Xxcrte+A8aCkobh/lAu5vfXT5T/Q8cA0hUluBsbZ/2nB/OxepfxjwKS+CT41Sdk8afEXYRweP4CAweWAaWQdaGzEkUKfLeJuEPpmCuplFRCU3fGAVXZzgj3NOPqUF2jlgMqeIctpbvHAoQcyA25lCC6v+pIk6M3xoB6Qe1F++n2zpI/BcinxoMopWS+PVlVSm6EnALz8BIBa+7hTrPtd2n+AweZAFNnPn+gxb7XKnDTczVsQipZWqXk06M6Gj/Gg4MzdSffTkQUPLFsst8pHD4uOg4DxoEsmgQgEiWRI1OyDyHjxwGDjqjltTafMndjQR8za/GQAa3QZaWcq3NVoXyqBCAbXOICAw+JJD4lEHmwvB0WXWvKUPWcQVZEnOh8m4IRxsrbAFvkDRq/ixDM/hBu4C9Ul+dwhBUC/86gef8DVFgq0qfLETOBOuv87bX54qvIgQ8I9pxdokLE5G8TAwUhsMkzmU2Elfqi7ZPLTbG8DbbMPip+tyyccinmtxFGOArFDJLcyaIZbXMgu/ixw0zXx/HSAX1kXeOxlcVk+jDjCHdimsaLRE7X8QXxoFzo7DICccKSKgPHcfxwWe+nzpZAvX7dlVsjyk1jWi3YUa9V62W33vd539wMtGpbXlp1iJ3BosWnv8bx/HNxgdESAqjWEY6FAObRWy6OWD/Iz661L9yCvn9GPgMnSwOjLqDZVDtfjPvxh3xigHfRGBTn7HyxObQK9AGR7JEe+MiCPMpKCdK24OM1fvtMsUOdjeICAoDPAFKMe+JPm6CBcG5gZ+NLYwEoAZR3/BTH1HjigJir6yVqBWIWDYWvQ/weuE2w9DSTQTC5cwqC4JnfC8dxsAVi89iTCj2nAXlOjGIfut00pWFpduumvy5uOB/Aa+bLc2+5NbAsuAmmkjJM6aHpPE5/8rVz8hbjfgNALTfLOO8La5cqivmpLWgzlPhpaUy5OdDTcHh+R8j9gHg4ftQTdlZP8ejcgjzDSe8FDYvIuSpXQ/bNta7rRvgP6GFRMdlQ4Yl2NSieH1aH7f3RaIMosv4CAoEgSNT8+gMB1P4aGAkBmZVLbdHSP7IpiJgaAje6siWlZ+mZFfAWydCV7vYqgCiIRnRrGSHANQM+20+wkuuWXcKSJPBCm5soA1ZI/qg7xvD/hoQ+5YzjMfkAksFAwuh6EzYST7lXAvV04GCBhNiLAF8h3QVlPMtFHUBkxoAsBeD8AP858jEx4UivlF6bF2E38hX5BT5AwTmVPQK8NUmLwVsCXLJ2wdm7/E+9/X1Mx50BrYe/fBpORIbtOXe0l7X8t0/9+TddphfaWN9qAgMPVMPWUEwBxuxO2MQIPLvxNQkhzn6/GQbc8hkIRHGs/XcRJ7fkXuVskANOO1skeQi5KbY1hD2RaE4mbYiAjQvdsx5fN08d6uEVHaIpMNjOlG5t/3LOSL2RNUO2wgo+7/e0WhOX5uRwZ8e5Q8oBil1BLAOgnKs7FwsRfXhoNtrX7BOpuwSfZ+Ukd4CL5K/i9C0LwBgVKYMSWwFtppr4Aj5BCvuiTtwCsNC2wApHyDijylbYkTgT4q4H6KGOcyInjoEVpvLKetRygadk8DEocc+R4lS//NmnXd0+rUfmV576l8JyCkiFAf5tz6mUZax3ksXq4LC4T+IDlYyXN4z3/fEJ/UoQEU33Nh9DewjoofgCLaFpKRVi0ka3+Md/+toGVc+WHdN16VngngO8WBZcY03XrovH+IuHQO5TrK6hCkSpir2ehVb81oArYobXst0ZlAE3Tmj4UAzG+bz9MJzHxNWdUo4PDqgoxcnPuyJVINXpcIIalX9D/P3I0kFQ2tkXOM04rqZ4IGNLsquXJ5W3a+B/XBrgrlNVlgK8CBC+H8lVYqlfHIvpy8Xyn4kCQSW1AqE1uDKCDaPurOYGlaLTYUPzRrJPxNxT00BxG7p5CmiJ0r98kq6gsGupJC/fwdJgPql4qxwBRjmo9O7TGE7KZqDyzHkQy9rtfsA4oLgZgY5RXC6Z+BZ/Kx2WJCw076sUSBeZvigVb1AL6Gz96DznxYsvIrjbYHjGNbA0zvD22FPRuOlw2YOqD/hIazfIKHC6AA2eXjZB901uuQTZa4fhmIg+lcYuGI6o5t+I70sj8LmZyFiolbVvgWOd3WcKZDlRzf2lqxAmrVMU2X3fU9ROpHUW4X3xCmRc1CKs6EEvwaaiOdiCq8VXX2UBbpA6NiKcZi8gQMnXCysVJoMfvMKaN3cHjic70P1LQ8QRcn4ABNR8ItfqUe0GN6XH9PRdORGDSKNZs90R46hDtPJCz9mIXhwxc3kERCF0jpYfjpSbPaAUD3QE67V5jnPzeHdSQ7anbs58LL/cg4GwQNtFar6qr7NmgBS1B1lV9p0nPuYauWiXzmcVYI/zKGCuhNmAod7ikp6oTSQp1AYX7hGnNGUR9V6Zg0h5vPXZZtzvHggJwfzLkAYCAoC0wFDO1U7SeGJ3EpWyi3AXpxt9lPsBURYCRZo9TC1S8OXnvTHplorPUFUUA9N4XAKgEHNYcE2gKr8LAGfnFPiW2aN/wpzA2O9Hbq5sSzf91R5yHEoAIRZHimM/hcelS4rh/iIDx6P8xkEDmEPOcBHfiHFzVkBBULCff+AOPbWzFnx3cA0woNPTEfUvSg6Vf2oLmvDYVdxj5B2cEJUR38qOK+UaubBES6MkIuYET9YvvWpNhXmN4g+GLS07uCVNVb1PpujwtoGwqnadP3wUucop2z8viGQc4eb9B5ThbaEJZ0SQu1ik13RGGjPlqPS5BsZ3ahPQ8sVj+2UI+CFShbQIUKNiJ6I12KaYZOgUThuiviRc+mFLIwkDIzsxxkOSVj0AbW3MV9OCGjJQGbvf6s0213Oyg6jZp/1X3hIOompOipIN8fOvGR8XMMAVna6tH1dh+yiHH5kHSt2OdsIiPre+DxMF3vwNo2E5kV8XE/I2cgIWlQUbZAdQ9siTAcEOt2fhhllL466e5YJUdLzhP+MO8irAvGuebNqbM7l/pL1Wj5VptUTXRas7qF48IGx+pIF2Yyh65QPhhZlDhksDrG/I0OiX07M+ohlYk8gGFHpB87O0zVPtaFRXpM8reU6JjjOZxIF7XXNJkQbvyZb0roQiAYiiInDKyAZ7sMDaPSFA/n5eo5qgY6+bXWjPwR29lhm93QAEGGptVM1RHi6aCeoMvsWfktfftU4nXCh+AgKBKEmJBA+2AwHVvgfCL+e0VyrgKZejxbw6UuD/k55u1sEJGoKKVAnV1o1o+TkV0dPFDbdNTeKf2eoQIA950NbfX+/K+rwDq4JQMYWa1JJbhyvjpcFi2eYwlsaSEgMgc0nB8s5oJm0g7xyXhv9juUEObqCVOx3mcm8pXqa7Xnw91vd+Ft7Jq09BhhU5ukfKHlVWAhT084esrhaYgT1JngnGQDuJCd+jeQdFPCB6EAcd0IjSgafUKxxd40hp+aVTaua+gBsiXr1AUgjwmFF1xlaNKk3FnMoWcCgomGWrVrenWDREeLsYzSbldy2NcrPRD7pU1u44qBMbDxfGwbiEuH9H9eSm0WPyz3vXxDQZICaWpLOY9ezZDyzNpJqQ2pUvO3PfLI8odq+J55VsONj50F5dR3f6pS6Kk2wkzAt1876a1Uryokas5QUGD+PuJPHQaPyLY4pRUqyk2RM6exYvXqaxW5Q68xR2xhHwL+qXo7AH+crwSoPFKMttmtwJgvpMmfNgTKb6PbtoGRBkj4BVWuxWtKmZ1SclsDotUeuAgt1M+/oVUoDlyhlFfiZpa0lCAL13tjxb5k9ba0gz0qwcqvonqXH/hYXZ0dUmjzEW8pQPhAU4N3CxgeSgi6CieB234CJn30imWmU+iTZ/DVY80xEcdQsArGIOKqv6SwBtNUBwAeze15HEteZLBxk5A08Tpy1nMZ1fqF9Kr14xEp7PltZh1UMopI/Ra2GcFCxguaTbMtUlMmoKs4QSTwM3VPCPTRs1KlGsAUnQAhOGs7HUWNA1z5TB+cFqPtrpQSaVEOWLYkiH1Kbrj8tOX1eDKXY4p8nJT6YHTcZ5daxry1rL1rLdB1cDZy9Igjq5V5F4imqVBiswn4tfipNpbCu/+T7ZPUamIdQ8N9Voy0S3sp35xjyP0Fv4DGvzYpnBjtKO0GVfbhHQOdPOfdVi8+cE8J06O+qTgE0ZMAsE40UPNnBP62OERSOyCIRNCUDom5DjWNectwGYU7mjGDdXFYF/YQgm1ZWytMQuwhInv0yGhiV+uButjmrAzjDNknKp2zHAc/oR2KVvZ7nCrTqB4Y4ULMqiD5MzfgbSPJRMzMKgt79HJ5NF9uub44oyDTfucCbu97a2GItALADcYxbRCxJGUlDDJjIY/OLrhQMsKuEb1MMV4mNwY/UkKJ7yAbghzOHJtb9uWfvpl7vfK+3tUmLK9cToCFGO9qVBA8WeOOMCBEZvmN8Ai7FLMhm7Y7BZkMjaUQ0G9ee4xD2kCupEOH+RCpIJllKWK0WZHqNHZeXTjxThOC1ke0z2nK8dOKuaqT3VGQo+xx83rOp6Xt2IiXIG/uA0HcYSYVRvKsW3SpQgFmYKC0I2hQ0hCOxw/y8OqO0FZpQGV1iRioxoiQUWZx+d7GILxoGctpD/gImbXCP9ClCzxsgxT5qA+Pv4ajdYWYL5DYZa2CWGcm+u97B2rUvMijIbWtm4u7M5GPsqVsWFGgANwEzP0yhj+7/J8cmuQ7VVkxIPXzIxyAdtiCGQ9XkCb4nxXytiuLfFyLGCXZuvq65Ae3v4uyVEsQvKfxN2RXyAgpFWYrn/GhL/2dyB7G7YfJ1IJzhWoB1fyKoBuqh0fxKAUvvVFw10Q1zNQMEBHWfJkFsUWbns9i1TOmyoEFYNNzKbliyOCLW14QtIhSpSWUlaB9e4nIbh0NLszSkWQ5zgr00JRE0Rs5cfMYDV4Y/oxBCRqn1lThoCktS1TBh7+L3iOYSCpXDWX3sao2KvQ6Z+m3/HjP3G0aLYXK/sZhfJS7aRH5ZrCoAvhbIm0mw26a1/3y7v4aggr60FrSUzB0eFjqEo5imad8GsXKklpm6hcn+EuyeINetcYu7liXGzifJcXut8a1hSfDmFgx6kGFMr9jwozJ+KhpumgbUag1apSeDJuIvT/c0Db8QsxEYuNlxbUxt2QZQ1Jedr0JWUe+Zc3x6XmszeHUweVZ5/oDZFkgihxKdEOvoF9AFTAFC8nUuHFW12qnD69lkrx+V8I/hA7mquiEz7p7WITZYoLdxIDNsYlFBcjIywEBoxMf6uIdGy7/0exmLhG7D26TrluyE0YZ8UmPz0RHGsac7SFw+WdzqsCbZv9K5NTKNiSJcfmGYFhpoDHcf7Vg5wrMb/Gb6QMFb2pwA5ebrQypRRpcrlpCZ+bxu45fC7n/d37hihRuY+8DAVisLxeds85ws7IVd82JlMGkYo7FzRFDiJ8k7qTDQcGho7QqBFnFc5x7UGkQa2iBYoggZ41H5zWuQys4y68gYFy/IHBiZEcM1bHyxee5X2G3nrfrmjjUIEr5AbUA9VqM9Zx6YGGl7AX24wlQVwnylg9HEzSfCSwGvCZLyRw7r91uCo7Fb3dV8A/SGY8XPPRBvwZH1KQJuhsn94RUYM9immOyZothDu+UE1RkkSGHWUm27TxI76LTN2EGawmyHtAR6pBP98Q7lfx5DtgqRt1uMjM4XGXOO0bI+wvGysKU4GvwQr6gvqEeO7CHUCpaHtbRdlSLPVhfHAfKxKkhK5nSZ6QoZnpaF4cOfj76+L1PQL6LDvZAp+Y+mDRGLBWfbpQib245HaAm0s3LboQmsYJ3xRLVPG8MMbAzd4lmivrv9Qh6y6NQUoDKPrD92jSDLtixZQJBaSFvEev9pnZRJ8B9C97gxDU6SGSEp+DN1ULMVWD59sGWoD2JwUbMqvFlYS9KxSjVJUPiIxj6vG3m6g87bBLJg0PSjYmQ8t0cPEHNjrGKcm/H3843RdoiQoQj3cxvi78G1XUNNWq1VgUH+Jy8JisfUbc2DYSz1rdkLZEHiijGJZrgP96PgVVxV44ZksCEcpsprv9Z9R/jgOIU0/G7Rz0NXi1hJ8XX9RlpI3i1eJ3KG3LPUC+U/Vd3Ekb557fvqWoiQO0ICzL+Y0Do20ckmrlNh0j85JrKNLPH4wCnVwHLJZ84PKpbAFZlFyzsj3j6CICETOoCGaCHBsnh9JtUmkZiCUo0n5BAI92gmsEc6qIlQgYygQVkm//gH4UTjmiTZkXh75H/DjMsJ0tV16z1GJ/yX46qpXORuQqsGQNNhBkuwwVrcjx6zGv1aS5UUF5x/byF6YPecqUF8WdR/ApFSipiDItiTS1gOuYvSxAFsA89zxSFJZOxkiYT9fEX6MSF+hiPL2fr9GVGAXmlAClBlg38gnaARr/ShvGAzESaqpWamtkuuRdEmyjSRiuAsh+U7rZZR8rdlBJ9lTS480Jxka22OuNa9fkK3PNYNDc1yWvXA/kiuo4IDLQDKiKKC5tOscdP5lVxSYURAvNQTeKOU29VnMVSEghwEYXAldYCB+c2egF5xoqobXw1TaL6ATfMB4skpuy8++b4vWPYW8HPNUZmjFstI6aX1AKlJ4oRZ9mVN5+aEAmYgOEiGLXjQjyAYOac2kpODHbUfznpG8fbD+YmjqfbN+Zm8d3GRygz+v1vEieag+MM+kHrN7/bsl+WARwcCXe9flGmcDI2u37x9rwsu9E/STeYk9+aPF634YAIf3PgICAgKAtIBHuHpevWW8VSfMvbtfPF51SHcB1ri0A4QvvE1M9tgXn+TXgLqwPcr2nqvj28Vt6OWHLJ7VUXy5pfcFGdtmcIIwUgCKiA5UhL45eAfmdr7zgra7yIrY09secvC8GNIbzpPLPAO0QfXWTaVWJp/l7r9Q55/q7bJdFdpOtGjQY8/hXMdf5Io9ChTwbx1bNaeEQQ787fEymuF7qZ9TiRdcBFW3NuinMmWxPxHJu4DQ2X3P2xY4dAkeLL8anYc0DexQ4hZdBY9Hrz9cv+1bcUk4U2kbfYOL67sCZP/jNIm+PdcbO1FaiDqyOZSA6xbe74fk6Q70eEoUjZ6fjmevBjfv/AszNgNLlpVXHH37uqP4Vf1hCiruve8ng92CszMh9Y0J+LAs0HNeaApsAdNo8NuRABhPffmQ6zMGd8pzlYWvAbeJiR0v5cjmwhYjGCUw0rVZ2AHoUwQHqI3U3guAgW3ULbtPkWKimVSjrD+Ik/ufk6TAEsLl3jHt8ZIFtlIMF1b7lNYhSu9wurv8AF3nqa7CEmn77gG6i333Td5oPQxpa0deQEmMuyLkHJ6OGu5EigY/wxjgiSeGhuX0AcUFkYdCbZp9A4rDDkbHwxsIJI6qTIjMSK7JTTKNONop3TfUlu2gvdwOTGuJZpeG4UXJLnKtPGCq0jTnV5+15qgr/EsOjjG4GEfCWYKEoFB6JvdMp0cbwEFUCurYq4y8Q/gc3MLcB1NkKvFGvk4trMd21pkwXlyAr69doln1OLbXv5DGzLzve76gt6YF6HEFXbyR5QDBp5QXDuDHxwDgeOzWwYD3sXWDxn3WDKS8RoP2ZDzFD4vw3uxWLx0KIu6yS1YIxBj4XgnT3Hh6rzBGUfM83QS9fBQGirKdavnpmrf96/wC1jnpqqJQ6NAIJz6hZ9Es7+tpDJ825/FxV6uQtgfF1xe+ogFr6veoVcMlP7rRFo522VT81Pl84gIb3qxQCUI8RjSLSU1ZJs3V1DWbE0RTD8M54hHFW+g7tCSPCuwaRb+SCYXwjLe3vyxumTA+xsgYk3ReOMCRBZhwIMXvFelRREun8qG2jiOI0kmJkCLIXD/ZAbRlwXVtr59kea+ZTAl1XnY/krqcphAi0mqs0vBjYVTuawWCXEtydqwNo3msPAQGxBmOVUvKGCPCa0crClQVWHDp9xBhGuy+TuBcQFh+u2pa4yOPR8Xa7uG2cQi0/fu+E/wpyNdFSXtk/RDc7tqdpT+NxfqpeDG7SsRg/3eyZpx1NP3H3F5WwuMkJSwoT5nEFqLCnNp2gJBQNTq1hdgj5R9htK+89ylrHe+01jYD7rttUq/P2g84KDOE7N9MaLl8dEZXMlOiZCEOmsgx716fEXLz+HdPTBDoZti7j2dKVUjk4ZBwb+wZ4gNNk4I5odkQRXgijbU1kikJ5cZBwj09jG+6QJQRHUcArSybyupMP6SjOuGsRXqHObtvA/Yq/Ix//bm++Be1wevo9NsPlYWkr9HeOtwb46qIm1h4k0QfQYHMaGXFmit7EXKMoio+XYSzgrRycCrvLMGxIEzXctxc6QsZ6pOJj/sKyT+dx0n1RfGo9fMV3YqPksLVtSxCIHmrxReEnBQhWuJTqNXwqHxIXcXTMKKnjz3YW9J/Phk+L6jJbXTTrD6hVIjIjg+DbI+BKZjD4GFhOmCSFXxjHRTmbnMs03lvMazvdyACMLHe1frxlC+8ULAkjPXk42isnmW07wl92t2Bizkw5JZrWEZJ3eK7tQ9osad8W1OVK8z+JsDmIzzDxZshg5GCsHcD4VPzjrQeObGCfVUBcgICAgKBOFJ4ml/zBZ8B1z4KQ2J5QD5zNW0w5YQt5e0aQ0YFQ3r9LePGbny1lrswFvIryH8jGQUW3ga4LqNXvotTM4V1z5YgCWqDWlgnGR4LpjNrc1kDbALsiLrQJpAISqnD1oXEZrYQ3KHviaxeuV4cLs3jDEoz2MaaPQH2uzrNnFqb6YU1qPtqpB7uauRVDKwjdsIM8SIlBJ+SabIiTi8AFB0Tv7kMODW2Ofgdaxt9CLCy/V8FMyuCF1hCWsn70ZNUNtwXyu1RgHWRhyN6Sq8E9hSvanvGvJW6YK2XJFv6PyL9ICSuBoLWdJXYreBCBH/kR5cEoBRMo7KZOd+sXmJ77D4qeYLW94uN+FOV+Ro1178ToCVcn1/fK0KFtLFBYAPjJW6Nmo3WO08RLBZ5w0X1x4t/Bq7hkA3maSCq1WSSFdKEGwe0NC37l2gdf9eE9otNDgOZpAB2nOBDm322DMfWwKlbY4+HVuKwqlMpmDWR4ekMAwWwJx8nlLy7y6XjvjfdK88xvdqqOW4QxHYlcLEKj+dPj8+D0LPabaSO57564+0GK3XuU/shVOvCUDz6jY/6Fje5m6qP8wg1i4E2EO2fzowx1SE5pDCJOLqdTZfdohzs4DAPV2Ky7rO4xcSQyyzeD9K8dmB9tFMjx66VdYj3iLEDntQIBQktEEskhuHyNZTi8QHCo3ZFP3gPoNM607ixk/HMjwDbtV/KwYerR94SCdY3PTHIJNS/isRmV9YT+8rPSH+UntCBgT+uvo8YHgY1w746iPdUdOYvoT0AOEPo6+AEi+ZubqdjtbYIvX0OTHk5vytFUm+A+VPWYiZW59flhskkKgWs2hlfvKbPDdx4niDtYGqRJsIcDSxAnwBs4ucg5h5NZSbuNnailmWthYQvxKhVT9eTeJlIM0h7nGaNbzUmX6oGF4I1Wc6swBOymlCaqBDW9F3eHLhhmFo1CHRmkr2EKqAlKVdOjz+3k06n9cfI7ZNsHVzwZgFCbHPUUr/mRnWA9WIFVPkLvq/h0bpqUYZfVytU45lkrxxB4oFSYuTBmnplAyIDdWfY3wthux617S+0iuOUDIobEUlSQMQ+EQVuZO74fKsKmULrl5co+2gpfJFRRoM5UUgWqPCO0/Irk7htjIFSd/2tLR+POs+waB6OLkGYyPxsokdtYU5OuyVg2/dePKQ8ihVR/dW3A6ZkXjU5JTn2oVGgq7MqGgKR3PwirAIhEDs6gB083MTkXnkPuAaeiawGuHRpv4+O4OQ5SzGNnD2U1Ce8AJRcgYiqhCN3fAotT5mx1mWURfCYU3SOwoozdm9YRirams7YHtep+3zanNROokGIrQyf3/csKRB0qjF5pAwu1ESGRJj4p5iAMgDOUc+rCw31yIURdQxZTbYAHHgBaYsA0EsqYTIQKeTzZgrDrskCzGf9WyOaGTQOk+GLg6uAmutAAIkoR4MDitDhwquVue0v9GNNmeggCMTUMPdoa7AWhL5FZBcPSZCRyQdmP6j932JCOqCqXBq2i4/wUCIEDEqORsvbkPfJ6BJ9jW7PtgNMtPVCpWv6amqZZeUTyw1Wy2UtktJScSpF8F9S03dA6haryqPBmtBPYqzThbmneR0HfFMqZhcCrX60tK/aqiPt3Fo8A1L8R/37PSL8ww/WTtNRqYRxUP0Wk9BzdIzY05N6J+BJFXBdRL2yUG7lCaUsyObYX0pyhR0rS21brcpBe8+hW1+7J7rmm+RCCsJj2dcL4u6qBvljZtQdLHjbc1Dyh2i5fFaXzAGqPo77AqxgPhyViCyj5hwqXnEbpJ95tudtt8SCB3rK/Yj0Gj2I8t5pJX5aE21u5lzyu4uZer7WhqBhegKaLdCsYohHMB8Qsk/UE3G5ALOkmk2AeCwzFjqu17jYBLeJscK9OeK58hLCgxEO/RqhmXZhCce5MR96kJViV3kOMouuTO2oefN33zv9n2SVbleE4pYnXz8BrzxM4WiMqu0HkXM+kWwzLDgv4zXsuxkg9mmeAtR+QEi6mqPGXi9a1Dh7lMGTs8VIlIfwzxtzPwcuC4joiqb/XYntCCaa8+u0seVLb3gfZ6daxbJHNeZ8fuLHF4b3yQ/niKgIzrZkNsjMDvBRcfRPl5HiNgnGJ3yRGK4Ygf4bck1oGqnK5u6Nv6gn7DWATGlocZwAwTFMasGlvrmFKvyZdHhrWfb3G0uKnQ5DKLjzH1zsMFVqBxUbX5OkriW6NCYlv0GPz9kaI3HreZhCyguqDKUDcL8QI1usbQboj4pN0J/FMXC+BWtwVrshSmla+Qej0icxYc5xXnFxAPb2nG3+wRUgSdYGp1lg/MsF4QFpZ9WXIU56+2Ececjk1tlROxXO8ozjHlCzYtngrO4T6Rog84772qHm39JaLHVcqKo4PLiWd5P3vkn+vNLubPrMDjjVvISnejV/xzw0Yonx7CSa/FG7Q+w10CRZMJX2rMERHUYB3wNQpADF868Dzq8yyveb7+nkkQ8z/hsB4XNZhLHKFSZvs/iRKJnKwPZgJSB7v2/W19OMQ9+HnE14D/0zk+x4JxD2wN3l5+za2TSIo5AN6yAVNJw6LIBgFo14F31sKzmFVEhNXb2eMltsq+x4mNr5WYfqqWEujQbXy++8/LKavkOFRcUqoW1kem9e5nUm2UB+zFhYkgFGy+thDB1/VGrkKIMiuaF+p8nG7rXlbe4uEwXiHtZlUrbrX3+juPA7JTOD7rBneamixub/qO2oOMqzSljdaamQ9JIp+8QW3Ozh7ZVkvuQYqm9J8uQ87UAKw9n7JYbQ2pfHrekdj3aqOp0N3s+D1xa14/3Knx35dgJf2VR2H5y22hwKC5N5o1eaPA89veGUtVsiHSAEHUM72aSJOSiGKUUuiUV3NeVInP86UH4cezbiQ4iADmqU8vVhqlPDe4wNWnmWhW53f6YTC0kYzWwk5WQY8Lk5pFrVhX7jfe7+UvafVtkmqZx+3+6qd9uqNiTRubCRsCi4s8XR5yDeuzWWjSUeKC2O88XvycxrekKh8bL7UHQlEZjSeBly/dag2/AluXoIqR9q6YJhb2bJm4dlv0hpzVfUICT+XotPszoEa9XWjY6768ospPtO+Yrz72ovY51QaiRqNXWMH6r6VRVGB4hPeuBEVMmD5LvzCKB1QkxUJ5N4xIacwoosIhvxanyDjQhEfqG3aF/10jOfW+/97ag3pLLUPvhYJthqfKeY3CXvpSJRfLkzOwTUEFbclREPcvqr90n2kl6wpGsAm5Z1E29rIS3BMtvr8EKBQALJG0rH11PSAKFqSo5p4ZWqeQaZkM7Qe3paIM5gGFYRhsdklHBIGIRwyJYTHWKYpSRrKKzGEXDPLelalwh5exVzPadyO4nLoRXCoC6FJ7NDz6z0GvsrbGCjZx+G6AkdDLC9q2XiJ6ixPJUh8YGgp4xaTC9bBj5DcQoAuB9DDncUaO4JE5R9sWrByiJoaKe0IBlETM4AbgHy4SaU7OydLv6MNhEMOI9ph/x21t+0xqd5Z9iQ639vDGF1ZF6+CdwggAwer80Zgp+0XSIp60sosH93Wpc47CUxC/1WbMjbp6m18lbwwpbTdYcxb4DuslidAGFsDILZ7vZXAnKoSC4kU72HJHlj23Hfs5OeA4t7dEkFgXmhidyFfWvbZ1NKNqbEn6pMthvBIguz1Kzepqzjm98SR6VNyUNJAkrlhVNPrjcQVHwL0z6J57+MKot9/Ed6pKLE7gVG9RqwUQONjAW2PRTC9rodrsg/DAs9AXEbCGUpeDUVUZ9KoKSortS7nxA6pbRU0Mf22FL+fhfrJAZjZ4YIU10Am/kp/JLUoy5uk6zIOjjZzKKYm0wpSk5ZpiQBym4Ycc2DfiLFftK7ODFJgovw9wnMPqBwR1NpbVKsed16qYI/bt40mMWPnz32KEl2l1J26Jf13ECDYLZbWMz2dlcYyp+x/A3b8G2sAl+6tMTV8p+NjDeUyXLXF1+0+eghMLSZT18z7W2922qSLpDlX1tsJjJpqKxrk9Gaa4jPBISX9LsFeufdq+IgrwF/5fMx2TcrEfGVI9/bPZvDjvUaEbVGpZ3+lyZ0tfnVXTHPLL39rm/wfsT9vpDGAhLSCQrdRc6sModUsuQBztPZsV1czUQnNNQjEIPDqDQk2u2O9tFLQBObVuA/bF5pRbtH3I4aoOFzxkllMEMyYBpyqukUid9MRYeXwwqRFJ9EP1BfI9ANv6Kg1XXcWy1aqG05Fc72slhvfe/Rto3oSNLBVcCZfpwIcIP9/P81FvnEjnmYefzqka5wo2POD1G/ZCdtSkzQYRBckwZayBLyTONCsz9jAw4aQ7JkOfS2NYEVwu7m8D6xC75OFyMc+2EpzX0AioC5hIIeG7dzalFpfktVLaT59JQCh1niKy9NC9aDRTnR/DiiOdQbnhAdJ1DLlXy5dKajWd4/gFd07Pkw/u9t/bMsiUray/egYzoI0uaXAY76iY0Boop/vsXlGs5tBq31wg2+YDay9N9LYY/JAdIQYv1IqvBvoxfoD/GSxCpwwmM8TDDv0E1tNjCVehnjSre9bQuohU9KuEF0x8AqP2IHEyX64Ebu5BCT6yqMjbJVq/qjc4fiIigiXtNCEtIW7hxSEK5pris+19Fqjt0fWwxWQ2zeQLJq4tx9hCjexFOKdKfzuVj6V8VzQYRujYRjyrloxVDFR0wZoVpnrgbKTwkIQ8XuyD0s2VGrRVhAdvfCikNROzkTNbBFBWNc2iznEcACREXGPhie2BOVpPdo80zD4+S55feT15feefylAD/VGDqrLe0jDWdB//ho9ZYrTQIYxVGy8ogEKmNVnJ94u97bEw590bOOMqiL7hk9dxGWQqIS1dR3WC0B/SH3y9M9xpIHp7iXw5Gt/v001RP5m+J+4yZgOkPRWD4noDyj0RyIomlINMi1axkqjgrATWQ05KMmgKKKLuK85ZI5ak3ZFKHLJhbFDpsxMkomH2DJ3FNef+6UwgHvvwODKfC8ltKpaawJ7vMvEU8QnUrGNURg8PGwarhFk9bKIJ2RB8pEcYajDKT71sqNE5fMpepgb8JoNsudt36Vvt2Zmz6OLUrgrl6vOB/fOQkMmmGXEvHmredWzZRXGaxVyw4Euoe/aUgGiifBJRNOhEfCdafEO+38rEKJ0SN9+RJbndEX9dkANratm0gVJEMopW3XvYtqSgZX0hDiog+kQ8cxdu/NYRkw44iDG61v/Hnq/VQ9qtohie5W4bOX+KNzsqNeR6Up9QuWiFMby0KCdL7BLr6vMayKB9J9QMGipSvtzJD56ipuKTDIZamO3ceCqpddoX5HNj7sjvHM4mm8Tx9ljBqSKn5OpbSU5ykJqfUfLkca9CvQxcJYN/GMYE30hJBDBFsEkQS6lpHgzh3mDq7piv3wNfs0Kq3lrtrKpwgi6b2P3llZz91VuUDJ6X4/ym4oCvpQGqC7WRc0g3nFvDZq1tV5N3hRTAOfoM4GRztP/IC0c5erQWp/O4D9qoXLX/Ytxg/WdiB7jo7dj5Plyt53YkivP+kqEpJvt1H/Z8biS1jpOIsGP9y+xGPYGAjy0J0yJlDgwJW/t/Xqi0+n9Y4DnP/MZSV63DmjHlyhY8NgNtJ0ZtU7w8120VYdkjQJQQJJR1mZ7XW+mhPpk6m8etbK+RVTn8FR3HcUyvcgChJjoMayermZeSNzG5Zn+nlmSNrCUrbEn2dFuwoQd8IhEZROMUahOlVGTxgieJJcmJxo+YZjKnTiSxSOD0Q1tDiQVcC1KoBHzeobvYyhzpwPN49hO4VK2yrm5XkPpkN9+h8KqPeMEKNWsHgyM8TyzflrT3XRYV54m2JXnoBHQr5P2Zlyb9/kXvjlHukAv726Czd+I/qkwgq5Z6Rr7RkJ+BZnKXt1B7UPocLWCNG05P/qSbR+f5Uy/8FqlttFivU/pzya+dNyDa6xjWi3VKCFeyMlVQSFhLgQfnL5IJYCrdYFQ5ipHW38wjBlQFgoWpqI5s2bDCYIZD+J6wMCpU1TZDmzSsTVxLU2VKfxzHWX2hMeIyBl6Bcu1qUpgwELzOwUZz5zkNw9Tt707MHmFVdE2DJVZ5GBxgXzbS6pXAYYHTvVeJKIjg7qRpjD7wVPZy4T/a7YJ29FQ1jrBED518uLeM8CadXf0e4Di4Cgoq0oEg+R91Qn4moyxzsgFgs3xnT2Wgcwfn3RK9StDXWPXLvIgIbj3ov7RvRCgUeEr7Swf4T+LOwEGLNcEr4c7HHmJXnbXrxgiiOxlnbZN2BBv7CcnCzZna4se2I4J2sRqzPxG6PzwUwUJVFg5AthIrXNnq+KXNCS5NK1SM3l181IL2BsZzEjfUG1jP68p+aoV4MY7R9ll6AztgE4JPBh77wZYYXxIA0aeUBpHGbvXmHU8Cy7kOLubgemNWLXrso4SI2OZnyD2jFnSyHQ0gntrqgilI40q5pzkF8wI7BelxYOIButxPPD9LFHF1Snu/AuiyQ3bUvbjFLiNSCjLnYiqEExF5jtQOz6w5Z9EDJz5dSziW4E7kD6iwrmoltgU4U8qaxUexJR4U+BdYPtSx6/MekNJ3gu/iI3rCUJAXrH59mzFuXfu+FjZ83Nhk8Cv0LFcaN4jD6j8q1ysFtCDjLKPUF1Oy3elLJ4sFQT2b8AhN0PQhGf/FzcnzdUFE99RnDCV5fuMrFiAttPPgEePmJZyTFTdebuKt2iQhA5F3nWAUj5A27TYZACjVSo/vuKfMWWifVI9PH5gaAgeuovqYyG6u7tdoWz/fn+GIINN1+Yj8/YaNsmISjAirVu+AsHx+0rLq2y3S9HA5FFqzqu8jEjkmyNAvAr9wAy8pXT4DkKVj6O0ClpPiYeiGCtoZ7bpto0Y7/0jQnfw525mj8Y7VZzbT2TDyceLEcGs/Z+PwHKdwWbSu9dIqt+PCQxiILiMoIEJToTyaEUwQ9qt/J/mQyVPSTY54T3lPxSLxj02nLg06Y824t06h4SDnDQ1WUfFZclvBy7W+HL4u1gFw03qJ+eq392GmYn/fcod8Aamxwld8sDHUGUjzB7MRnlOCbJdKRq72+g1LVZAmqc4F34PRUMP9LrechcyJi51+9+J8Tamv0kMOA3Ws/YdqqKobPXpyE/BZHKOz/CCcrfia/sgmL3eJvLjk5RTslq27Lzmm3/BkHlMeYQu958I8w3+zRYAf8UGiOo3DfigSfcNy9+VF2LSJOaOX69rVJqWY5A5yP1yo6YS8nHE4+7B9lIOKSSPX3t7LgNrFccT5kO6Q1iDccWU4b8CP2eW8s/Eezcm5UFLAs1pEkKYIraBpmd6/fCaX4SmuaURI9a03jDnF25mFyTXx807a5O+2D0LtMf4ehl58q43gN8w/D9sUicdSPo3laJggmwYD8EZ1yi6bQzvq6Y09W+7ZwWQ7wZKXvd2ZeIzRUBjeuqr4/K7qTkfk69AX4//TsQ2zjZklxz+FAv9uyXl50a43l0ycjjA5lrdNf6MQkC7etJQIcpJ+ThXGYO35OoMLXwBcOulRoGbET7i4EHQ3i28linDVVJpBdlHhts80ZbnUyhcMLaLtrRWzaYJNKn9BHP8cDIxbtD6lQvVNPIgvOHH1QVAQH/V4sAP4vQ32CGfJo5RKkHWpD6RWIlVJe87WlT2SW6Mi+cB0kkrEjyWL4mtVqH/CuuLrgUJu784Tlaf2z5wRPNMbnPmuDay2Z07SSHeQMa6XQfSDbuU+gy57dtASD5dASjPNT9E8rfzJ05G40kUnWhFjJzJn2wtbRwGhgEM0L5cx3/CUyYg4ipHx4TODhS4fxKwLDn9VB/KxmL7vPiQVQUS/p9/Uc+AgICAgKga8B7uKvctuQzutlzjFt7AupxgsXBJZCLwtzMwziFWUUd6ygXPvfhArenb0BzfwbNmwGCCgUA0mt3IcLfn7dohoiQm4esxHFFy6Z55ff9JJvJNwacrxGpVGubr3ogWyumUwWDUXFQY5dfqGdFEFsHtQ/UiDHHcrCe8oJOBmVfEQLZs9j0BDVB6lHS3RsZLP1RuTOLey3KqWTFAfZpMQerI31aCNo2W8tUblgNMJiE8W/SdkheaFMuz+4Y9iuIQwXLd9tfdEd7QO7ZoD5pFc9IZZCmpVcjlZ7kKbqONRMdYEzJVmhcNyt4YgSCXlckHW7afVyox9ft24R3126ilh/LbFOXrurqrhLQgR6hPaw6iwwZdLT7W67k6IXEIQ68CqKxQyubIjhlqbz1VdtSvEW9u9H98r51l42HYj3o1122F7QO4hpTDrxi3rUzHlgpw2vczh2krJta1/Iu1Fr6VhHRhEYd3Kze6Y5E9BWlYW/x0x8hsctz0LmDpF3NtaPkNrNETzwqLuTytJHG7iCsI8WcZpmm5KyepAQww7DAXtfPJyFCvr4eZlpEUhpfGFHFZ/ik5e2dtBrJaTs+yV0BlqIx6aWIjHxfal6sQuux7NiWMCHAwPVXST107o3ymTvUjaX4Wk2lBC05VG+l/xHCvS7KBU36AOgFWXEaHxeXtXpRFHHvU/jS1iiJdS/f+DJIBGHRoUJ4AMoCuBLwMzezDaI1NCI5xDC0WvfDeZKFgo7N/n0tgiYPS0EXGRWzjZ/pnv2eXu4KV2hGb2AkiCJf/dT90/zykLVi5dONohy+s99ZZXo39lWLjTni7AKPDmY05dZzhL6q0jJIfeIqL8v97uNg+EdFBC77tErs813tIljC5RdPgvbjY6zyiDHOMPInhF7SDjtoDWZ8cNOS9QAEg4vHkzwBzZqZ4Xs3LEpnRNH/LTokRJjROdhjRMGjpIyNXX5GluvPydyXwf7w2bxgmCfPZia2eULfNy64zX9LYR0k0eei5y9Xc9jfqDUxcM0xtp6kYgJLyJbukej88IMTp3w64IqhTPqYrAJ6d+6KaZyndVyhJMCXOW3melrSxysqJ8geUq+k5aeEp2Qu4EYV/MI4GJVFEK49VsSgWcx5kodaqPU/jQ1j7rtZ4YQB2B9naY2vXcYX/AjTdpMqWpG7gmERxGx0NvFjDwbrqG2Zz9arBqfVKQRluMFCALV1Mpo4DL1eeZmLGDP9dQy/7ft5U1S6/UtPze5ZNNRH+bTXq6q4NQxlOGtK5zYwAv/k8MiypfH7H72e4vxvqGG5V+tzdM5HkcU8VnQ+x31DMIx7NqLW4RVaBYXuklgB77QGsH6TkROk4u6j8uIaboKe2HQ/YP3V958uZgno9R1ZF/eetTO3jikYQs+KrgUlxSEcowF2bBm3Er+f56zw0njgZJj0UJ1JtI2XWFBSZ8BSfNmddiptSoT+FHNi4ZsheEO7IzS0yy3hJNy5rPqlVUw/bG/r4UuYGcCKNcptYdEO4Vuo9GH/UgZgxbqDmalD+mL0IgSd2m++OEDeAeTperoXSwCul+CEfHMUb/wOv3JHWn0hcbrJ4utA/oCl77jXDgF2ibjjP9yLoHVNdO/y2BGmeNWSaj3XaKEwUcPdqh2cUbRcDatqlBZ7ny6L94RgHbx5B05twGPTcYpFl0o9Vi6Nj2RUWr38Jp3YEeBlCvrll0Uv0gq+P2ZX+fCTGKqqPJ9DcWUPwaQCsq+CvuU5Fgaf1q54RKn8YfU3pllkxJVDXfTPHjX5v3KYsS87o8w/PN2JATHSDeIc+2lGSFBNhHCkpTTDdzkcJp3uhIWgbWnNMbNDAVzeZfTWi8+DMrHhA3zgfufyPrP6B4F5GlhmwnA20sByqIca30IM0P5ezr1bfb3/XrmNF/st+4Qhus3f9xv9GBMC+DKX3j1uBBv9PUdxj+qU7XcDIe1wW62VrPVhYbiB/AzLSSh51S1KP62PqxBxvyPbIMNO2qljuyYY3FS1ULuYNsGMS0d/0/Rsm8HVLM9Xq4QSfZCjdMjFu2nhKVbgNvtGGjWMLIO3r5JhHejjxuH609hs42c+iebv2Ta1TgMh6JbKj0irx0bKEqltmkmp6dGmaT3ORnCVhyfNfjuMJr0NDgG00/ZogphDFAyTzFIQx8fKa5opVfIwFTg7s1Pnl46NYvqm3ll4gI6w/KsY8AR4MMB+HdOUzi/cZUPCP4qC9uBDa6G11I4CJijtfZHJwtrp+LOnS1WjNakM/zWBEjrNdyj1DgMk1AsaY2bfBCLiqanHxtpv1b0GJ3P6vUk/bF4xgmJtW0c0h5NZaWpx/x5f1b7g/IdQqhYxShWjXahelhe8PMLMO4Lt2JZyTGeR3zKY95S/dPO+W5fFD3EBtHxh2VR8ZJVyUo/CCqvgHUNw7QRGvvXTIrSwB4goAUYJ9LYGVflgohN+3RJOfYjtysxXfm9MzJihpz1qG/bxNQMQTgICAgICAsDmc4Bssu1WOwSjqvN3VWqdpo23pDrLcaPsg8clhtX5fADXAVI/eyNRGmdJnC9soGwLCFDZLEk+jhw3WpPK5Bfg6yYb0bpXqVEKg6UofzwfAR+rCJCueUeA/Buf1F8Hqj9rY8SX/eIN64CiThdiZWD8ArDG/pPsWRHgrujpwiQY4kHN8DcaKtH3GpNX2oaQrAYYcqP9poXNsfPyMrPWkKDn5i4G7UwswRDXgpu478DXMB5vhg+/L1sjK8VAVQ4Fy4G2i/2qPqdgkW7O8NgrdGQQDW2cWP2eR9DigyXo0Nomjmpadn6jA/ZTyYAT7RUa+s+ym0lOZGb9xGgjydBDfpi7Hx3FaJ61QQnxSzTbI7vF8m3Cfud1Y9zMZ9AjhUJ7iovmI1ZlSsWqDZMbOB9ntHouTWzS16V4FG3sh4pgAXW75TrA2+6f0J6Awn7xmCR/L/M2STw1Ere6fB55S06Qk6/YPDNT3S9+58o/ThG3HpWJVTVeTEAovCPFj5AykCNfA8Pfg38KZ7tTJ58IQrr4tP3kW2SMHMk2BvAeE2r/7MChiAUeubxk777AMA2RQGKUwiaB6DAp8HEzYnqT7QjmzPBJPTzYNpxMcbZ/V/Ez/CvtUN0LxDAwoCKvzuXQfxa2HNfCw5gicPjmr2iKrQ3hb85aJgcbqkv7EGM1/8Uml9XKkRaAKRPySmu8PqgVRtUfJsANdhNYd/YZ0I50P2ua1jM4VvKeVu5n5xPUtL3QSvtwATBhY4vkRYFI63AAzomLYu6Gl0kpIheKKbMve2KzvsfbCnK01CcCASzyi1YdrQxycqmYYM2NKWVlKpk17tAch2GA/i8ye+Xx2sb9a2PGAoXW9oypDVa447Da7l7ykS1K/hHn/YFgPVpE0en+SStXLX4VogxRnXVloIfxP0S9q+Hn/XVlLHJdYbDmNVWDVkS4B0h7MUdOoSKFSi73EXtjk/4MT+pVQhTXMl0s6vaAOyrXhcyZRWYfprUEuGHQdWv73jdiwS0wmFXLjVPSLJcP+QX+1ng/zrHoIbbozKk+e1fPsub/aX7GW4LZFO3jeOgcb4D4NfJ4Unb9WVLPHrzNqf6dCAr2tKNoBMAUFbNebLHyTMJT0uW22v5DTGJIzrNBW/OM9HaNzir1bYavdwXkMv3xcdmQFukU6AKrWVdE365g36HtTTsTG/CWvtvEJgr/z0D5egQBP8pLNXeDvbXdzgB34VwRlUrrqQH9vrJxodA6y/Uy5pwPVUOC8+NqKwJyWltoF83GaqA3VFFQ4swhe+ty2B8+Jfpduq+vOBvbI/NC5B5iCbblbj4Oa+nKeaCL0KCzcVvDN0pjsG9za6kcMl9o4BK3ublYagvlz+L5aDcphrbsD0LCF6kAkUEPatvRlEgd9Ov0vOCdinYPYJtU39gPZHEqE82SlqGqUwu0kD5r5DsiTyvxR2By7nWKDOmYJp/A1q+Nn8NhFgwMGQJsxH4CAgOQ9RKjyQIdon8vd/kq1ZlmFfrR+YcGwxgqcGW5FHxN2qv5S+1v6s3qnrdVesXXPgpDxcTi6m0n7+qQXHX8lO23gdhNhp1YhtdEpic3Utj/80M/xksYU5hE6GOf6yJ9EVwPAbShKwLqt0MClL3MfxLb+XqshImr/WSG+20KLhle9oeFG8A99wduo+n6VSueOjf9O5i1BPeY73JHP14ny0DwlMAFy3xWpbeuvJWP/EjPGCUvkX30RgTloCMdY6NlT43yChq5RtxGZpkXicdZZn/Is3uCS4ItTxn1lXN2tDjp8tsFD6rDB/VNQOK/D7dfAC8bxOSZIEqY+vvDc/XV5pI85kkaQHTCdBN4mSmCsE964edxI+vhau5uEmzQZTPbYrzqQSfG+pV0S5cZE+GEKccOTjSfSPn+8w9rdd4fi3KHmruuVudx6q5t4mg856x+q8wD4Jboo/UltQx23ia5kRXxYDLCewPEQLQw4/3w1+BuCRaanL4lDEzKPnRG92NhxfASSmlCAN/gh+4Dd+81r7JaflfqIYaaK8jFrj3ViJFtjLrOC/zwNg4E5dW4jELFeg2EzUT1qVvOnVwqImyqgUVT5jmkyNjxWmXW1yaBIIVVbCal3MQFFdYb/HFqljoazx+1vIpSxTuAtNrDDSJct2tEvPZkCitekgUi+3wPcMkdUG2+Z9deZlHrwNJ/zJTvAyXlHvxHERtaP7PkkcfOT5xJBcycZ+Ju2B/YMJ+H+ZeL6UHBy/GaJVjT+Iw8zQKZUvc1Il74yojsp9Y/ml5LN7B4aOC7iyr8/ueaKKelV+OeKiu7Jg9kzxU+q/FBD/E9Z42PLtvEbkmeoqe1/SDT/ZlqCxPRiMtvy9G4fXJDh2SuvP/0gWL1gbnlOWRMXjThs5gNbySi6XeYPgk/Uh84EpJWpwyVzxenZDWxRv67LzFg5107lZzHjHmk9de6NzROlZ3lZa16gtR5ZzvMgsAHbCQaw3JW4yjBBJah3BqcLWc750wfYfKg+DrM89jDhPl5Vr9VYtqYkYMijixbGLmY8U/3yOMFkulSbTldmboclV773VdHfNnhNCZIPP2DrsBILlpadRL93TdK/qZ27JAFALW3Ok1AMcNNFeIcuT+M785Yq36/+GbIHlgHDBesftsSMPzRugX8LTgTXybkCbvclw8mmm9TKlGsAfaAicuWvJQWhbI3Bs5kXCVYZzRDwzY88oK5gsVmZ40RvCilFWtLjtGG6NMlJT49pfHv+KorW3QrRMo5YBt/dc5rax51qruE/yTMMazaUwH3FlPjG8sTfkUPD7WML9nh59FZTDblXSTz83BDqcceEu7xWmewG+3ppKthNkqRH4Fqtqu6tMQgzj4rl9bIiOAgqVYyBFndLqBSlulTMBKTC+SsfO5bXokcAdA7xNxsPN8F23siKYenWqsF24rBOWBRQw/b58TlEAXMAl/craXnXD6hbZbMO2YJUIk2NZbHAnJYiiu7CbyXCxZ0LnbHAqDCejly6n6hKXWW6LaLW5wLIQCRzkB8XZMpkaGObOELjVkQab4vXPCzQ8Po1uGeBTtFAeTmRcpq+lHG9aqXvJl+FqFRx55VLfbr1fx/D/BKmbV+QIOasPu6fe2J2eZhL4oQ7BUqdfs1WKI8mdurKpavkeL8XXdDuQ6ULSUz4NYLZ/2MDtUDczjgkleECfqr1j4w/3IXXkEeODlnB3YstCrAJQfzGaTN/ZjwGvt2RrERk4pp//31nEgjiqxkA6n3xM8XEiCnWmeBUSI0ldHmr7sz+fZl28cuhXRi2YZo4g42H4rtrpU1omwJ4MwZIVuSePux+fU4Wmi1B1IsN6FuDO69zBvWWGMD0I/Ghy124w5GmRc49dSTyVFy1GI7ZqHFcYPtPjqQkYO/SuwKPY+b5GD6zSEAA5SDo3IHJByRxTY/6xkoWmBtHYG+t0RrYtALyNWYRol2X0aBtzfKnjdR8krCbtJqGoed5Usp4zUOVdW3QLTATdAbWqv6oaZ6sBDOprhpGWyAu6UCOPhKithQ5/iwkaKY8m8N80IOX0Rz3SkLbd2qetdQbDc01buZRe42JNi15bL+8twPdQkVFe8ZT+z+CJd4NYtzyg/P4enwXdz8Ya7Fci0/Ts/Pg8engjxivsoYgsV0DDVJ1FOG1REdX5CLj1piM5mf4WYAKckmnVdqvePvI3cEaRVpTtuB6x4MXo6dlMFScfBUvKwSBES03ZGifYbuKKT0EM8ZbQlXSldduY5UcWhPeIWTKtmcIlE1JTMXLE9h/IaWrbE96pqTFHtfIk22H8ZnH9kLbWjBHj+Y6bEWc9tHMSv8LzWf+qNWr3ZUMOC70z81GXs2Vkc4pnwxbO2pJo47JpQckv6t7ScNbPCoIZg+KLKITRtd3tqoOJ1UOHkoHj90jNz3Ve3bsywbO76mtS4V9PkOp9IdfJ5cNEP4T65BtHEMf3XaIqBHlC1tn1J4DoDn4kVSKi4PLGAVsF5ecjAamYA+YWE2FJeUzlQuaHwVODhehlwSOGIezORV0xC+Bs31vTAL9Ixh1w6M/qdtkiUzemm5AmYvQ9iETHuwF7oncEETg+MTwbazw01QZ2EyzhJVsd3iJ2cIMTtrvGhqhwpRyxxFMwoxBte0UcEMWHQNnkZZucmiA6K5CrliHzdy/FhfcDsy2hegm28mmxQ9RqvA9ht23Vm8oDj25fTM5qC52/zIRZraEuBvNIDG+szgr4FKjMeubdyg+bk3XxDAOYRJ4RZlA4yXWkRre5kgBHfJIoAj65OvAmb8z6ZbxPPLj+YXRC0pRk1g5qk1uuAN6zH69j2RCsVFX/q8pmGilvniVBVzoJU8jQp1geCaK/uE5B548AqK5KMWCG9OnVF6syWP/EQrrEeYdwfDI7oiHfdUkw5Chx4zo8/pXiZLiJurSQJsq8Qm1tC0F0sHqd0n1UCsI+11JLcRcNktjAfI+jNbYSdaD/IzvnqqnNOA8wFGvp1ms0UEY+qv1SNgjZaEflO0nraY2PiHm6Pac658z3Wnzg6t9QHp886Xtzee3XDtg6YdoPp500dLg30z8DfsueRBGLDSn+wMFLw50Mgh/WZ7yU+rC/If5kQb2HsKqviDM14TukW0hjCoh1lGhd+KEjkAnGgTFmSIKcDlC0O5p0DaEXDoSy5C5vACanlJ1Lwgr4gLRe8/6ZVEm6efv5swGgI5YG5HaG6cOU2e38J5yAq58sF/mA/YFuqaS4am+4cQL13c5xUGw66VkiikuWfstH/o/MLCI7XlfjtjwLcQk9P047SJsj9XOtPThCpxuMeQUw7j1PrIiqF/gK0yzEKcaAbFODYNTyg9PiUBmAHms/APfq9dnayd8j+eoeP2pyLLBswXsqKpO28RdUatK1L0XeyLb75kyETMSNvKiNhceYIHy2EnoQk1MqXCnoVuH0/CS/AGOLSfLXqmYVKAERezH42wYJroBI71sDbcZEbWobUj4xAeGwlTtfCPGkNF3ITz0Fs0SJPvLdLlPgPoSh7Ppm9T/MkUyj8Ix0zLe/deI8wYptKPGWylJASaza3mFPM2wHEDYz89fRP8JRrqlTCpu3E+1ZUGnnp3VVAv14sv+lP907Wbt1IpDxDs41MpsoNT4Knfr/QOlaQ+OOqT5kU57a/XEQFRWQNizlxlYgXlv/AzVhgjox/xUlsfp4saVcU7o6wCfM6iCrncOhPnoj2a/MYYu7uoeFChaddeal7r+SPBRQCxYdm81u1UxnF2htRTFoBmJYim8gxt9fdn7qbq+pW5RJDhI3tfK35AM3N+jjb5cmADFKRABS3vC8knFWoWFzgN/ks0IMRr8QhKxkmcrEDbq3iUkm8yQsy7yGS6S69ImMRy6PFSRvDfdM4ehOSCc7/mPFzv0ioZ6xKlPe+dDwECFf3gGD/mWzU29hHPMIHSkpqtjtrKMUsfDZOLNYz0OJE6Y28JiZO3SBg62/xnq6nDCdczs/WtZ8gP2KUHOsAEhPqIr4ATIqjJ1AIvP6v8FjrVMRD/QV4KkvAZwdn9xvLNFee5Nkc6BzA9wpB4EKw6vLvuWVCS04dSzWqtQHR7wkpDAJDswZWP+/1K5NZJEltJe6/b6aTR3oeQNJJsAdnWF/HFH2F7yl3XVdvIwOLT4d2Mj28ds0ni9kv1IaTfslnojyiVNeQinZiwWKIS7ZMX5HaNY0jH2InrhgQeN7AF1eAkTwvLPdHLinb5DlH5ZEL9cWt/y570VrXhbFoFVqM/rIuP2oJogiwBG8AqqlHkwxLwVKDhIJ5Ke4E89jJocwoz5ZMpn6PEMxFU0Brssmdtalua47cufk0q5EwL4nWtGMc48Sa7MZ6tA4uMItOt62c2Qd9t0nySPFnLERRMYeuyv9YfKXU7ukqCfxsiIhtwQVGx1W1j8nCvWQ4+YbLo8w6hotTuhjaVHHjMYwEj7sa8/oRNu54t+SMCUTXW2vifixTom3tI9zcrCCfYGYOKtbxprf0srUy+F24WTi0p1cqW/3ow2ofWNpmAb/jk12DFYmDGlzzxEKjxTVieGJLg+dMYjvc8YeoKyXFYF4juBwHa1vQWgfhDAqb6YbG0DBN0Wqtq3rJcyOOqN4hoZ04qUxi1pqr/1jBf1dPwTsFPHw2sxKNNpSxiq9K/Rv77KNb4TZS8TVE6yAgEZXQBr/evJzoe8zK0K35jCtk7jk1V7hdJ5JaXZq1k2077SeOTnyohktaYVVLSeJTVjfCp85jtT0CD9gpoeYxWhC0FRFUZuyrX4a9KoNs1nNjb9+RW3qqGBbPkbXoi5/FYzekchbSGg4Hhr/naQZ1C6DdKmR29WISbaj5oIl6OUQQw+Vq+fIB/r813Jtnc8eVnC6fn+7Xmds33fIhf3hI00GMlIDS72mjNg3hK9T5mljR5vQZ7OnTyTIA+6UBZefhY3O9Xf0nXM7kcjbDOtWzQ3jn4QUIlS25snYNFAuYXYe3c0sD+6xThpuLZt6oO82VWamo5iLm//RnbSa+JhRQtAlMHu/b3cFjvi/zAle/bPnQDnecCyoJNPop1zuEexUIC6J793xEWZz8puEAzRA+ytVn0p2EO3azxhK9+OyhD8qiaFM38mJ3Iz5bwmUB0rarwWIfWntLAjxhtOBny1Hs5P5qJmgMXKXAroGvwipLM7VqyuVE5cEtfvr9sodvm5eMxtRRs0aoMcv4iSrnrKHMs496mrK1tLKNoDo7YaLrngm4ZC+Vpg3rJSa3vQNEiEZNfSY30AFc1KNuMBSGoR8KeIs8ABfsAzkmaz1VLmKpwaJLijh1l9Pbcg1RvngO9GIM3/gVAFM4vLpQ/eX/YhPv35UzSme6a35ORxUfeTzVlBWKOPlS0BVtNqpFynaDHTjto+SBR3qniqG7Zkk+JEQK/XtCGyt9S7ffDARBF7qBQhT/claijDEodpWxwEguGrpMI8Q2s1WdwNUi+KOhghi0xrSp8Z4RkMmzA8tNpofS6STGAHXot/1v6C6J5GDqbAYpLAKWA8+osry3nY8zqTTPG2kXS4W4JKDlkKkp5hdHl5Nglfk1xLOQQkx60jYj683unNFCaiQKb/ZWw7E52AulAAWxEwIH2om7ndQ9HJUb9/iamDNFpQ6RPaqfWmA4bI5Aw5uwBdtMtvJsuu4GorXVq2XuaTeLr5eaDVZ8dihcumcw5HipgPjUaNQAPeo7y03AzPESNy0aPH0F54Rw1yVsSqcAz0XPcWasKa7GoSLRGi+490591I57XT0eTkmePgcRqnJ79HsH3tglVwlom3xlSbLzhOiNg2I+bcMCfmY6CpM6eoioerDDAjkGIbMt42YmOm/0UApCbBDmegns/HpiqFFjR4uJu3AG4s1PzY8CQSAnVaGwOiYIFMQyUA/rGm3GpwQOJ7xhZcD/TogV6PMxHemUIM/amh49wY2i7D8limcbUzr6YDME+/ixKbbgIHnsjKrK6jdY0ZDVz3N/cF6lzDKtDYnVdf0JYIiqIv+sokawo41xooUcIH9+7lkml22gKfk1/Sp8AXLk1TvwrF/rB2l+hllFK4C0VuEs1ZqzsIX9o0BAwXHdhbhUPBEaU8gFf6gcCgpovItX8viwXoZBLE4iBEvvH0ZcxnEtxzAVLE5O2+VLd1pEkmKEYKAJ3xj2SIoQBTVEE3EltzERtDA5ydVXHC/xQSP28OCzgWP25mEc2sSVIvNomjOLRM+9LhA3ys3krhCum86xp+p0U/IEBkIfDn9v6slJ6YU9L30H459b7M16Br+d8Mu9N65H5VnCFC6TneWJpqUHr0DitmzD8K9T773Xs5BlrkaAZSV9W2rLzK9zfCJxfIDNImfLNSroKVdVfMs2BJzvOql2s/QrjhzZheGR6eKH3AlienmmtNfV1L1yxIIkrethCICbvl4Oh47iFSJe2rS/2h/CqBy9Di70bKrEUwq9adVjYfK/azXZSS91VwgJhECHZlqAF8fY2MkhAyKBfRvoh/ctxRQZeWOe+hwoTm2SQImSlUtAewZO7JnpXO5g4g+eayHayVLY7pPChaDUuHTlQhuL36ICv/dSjfyFXD+dZsJBPJfioW7ZdgizJVKMfu58YihyIFr4o5WTSMDwgb4MA0X7ypPhaGndwfCfXWBGzWP0MW/NvoiG5YSv74FiEmsHMdmKMaBo0XS0rNhTEn2CDKVjmbUOFmgkJr0TP9x+ZJWi3cd534eQ2jFQ4ZbG79Ou079hmCGW7lLIv8rlAjIdrwceaI2aCvRTXh6FA2dL9MwocUyFMuxFJi90a/FU8zX1IZ6WGTT0xkWOg9Q2RY32kSepocMBtAnmtwxIiXLJFQjquH56XEb+uAQP4jtIK7EMhrOkllt/u4jmcxfO74RZGuk1TdzkebyERyZ2trO9UxaxZFuXDcng2RPD5zrkHw/SVq7RXUW8vy4phWrtQQYtDDtxDih3/EjIytZyzx9JQCdlCxS3woo8O3GBqLR02Onqkt9w1+L57J6dAPIRGJOa7yqRUwP6Z95fE3RVL1lwkEua8yMZE/GJYRfNgoFbylgICAgICAuA80AAJMVEn2w/oUpuTNp7aV1WofW/aIw/GdWA+38MsoqJu5VKRq81O80J3KmCPJ4kPz6RC8QDgt6iODxptHrtYa8ioFULithuBDevy15xTwsz+juEvqUQ1gu8iADlHa2Ck4Iq/GOE9adgX5tOVWPPcCFoTmtmIZq9UPAE/u9ckE161VQS5/5AXnT3+Hp+1f3p5iz4Ohtn+03zZ7AfwqU4DBjDKaAel83QFcdv6V7dsUXfBSwKzXMxllqUbdLJgJDslPrLJ6j6Y0fzpWyrq+/ujVgEqwLALO8CJIaqN1nypwYS0Wh1gbOH5oF5zWXOEG5iuy0CH6L9NdMEfF3KkhpD81ikYBCRzYOol8sdNWlh1BRJjJl8Q1+cVyMk0UC3+/FDkrjdHKkl/CsAAW+IFiMDc8ZBnzLmxWUcLZ6basyMOK7O34N35Tfi3iQu0Knw5ul0Bgou3uyEwko71/k0v+9/Ri7aIieIfPQjzbgEDoYZ/JQWK/pYJtSJoU1/Zq5RMJbzxhS7hv397coPr9Esq/xaXCgUIIDlyFWk/OjVvOJWi0rjqQL2bn83hyXvQGt1iLn/0/OYB4V0S3XtrBcrgrR8poGvMQR/uCysgndpggD4zVfAHZK9SWOQqySHkJzrlMuOHYhxBtqTDvrQIIwQ9wVOtEfqJAa7qMkHlFKRg8t3hqMwi6TgooUebpxd30MyavFPSpInOVLvIM1invZgdpzsOkafMKIWPrdkkBQofnjjF4Vm3p3H6DRi4SIdipiSiJSQHOpr1PnXkCbIwTkB7wIgsj4qzpMqacjR7aft1Yfvp066ZvZhdSFk4R+xV6Ra7Oury0vOpOwxfdY/NWVY3ucacTx6a1iObykonc963Bto6e1yHE+kbgULgU0rnIf8UqWC7MkENdMXJasnyR0Mn8/n5mcIeUMNAlG5pqtI2yC2teCnTP0tpLmNGaj1mEMBMjRHOwikgiUWtg/AZpDylg65goW1iWlxiD9ldWdNUPWu3Nnf4to+WpnxJ0aEIuQSUgul79CCk6y4fZMySo9KsdYQXBQh2Kp4d94CUAKk4MpRViyT9S2KFYo6CNX8Q/+iqVSc+AFvMOIxv1TdsKHskwuQu5mi40EXd+7SBvgFtbKz+elwVWXQsatevMF8SE+gQ5wbutrhTkmuFJAfAVF6P7Sm81uoxM+/5SYkrxxXu7Q7mkJCAAkshFyYLiE6sSrjHK2KxVQabNrckPD4XDRyeeLZrA0XM7EppbJEunTPLb8RKs4c/3OFhuyPjgqLR6zyUFHH8KmNg0bGIDvhFmmYX5Mp8/3oRRg6ZNpTw3lAnbMNYT2PJVsqK3JGc78VDD0nyovNp42jWsvIYQ4vLEh8fv4msY3suxURB+pnbGwFEl5lux0x8u6OXXlvfMZrYpbFpKJmsra4tpcXQOrv82f91cWrLv7umoVgIn5ELEAb00HG2CCR/v+8OfYeJveyMXxrIynqBVV/7/fudQyzq+jKAIduh/xpHPMOXo4972lbmHjkpYf3VRkMZMKs7lvh3dxNe0iVR8MBMBD3RR2jt3f5hSDFCur3KHbZSmMwujEZ6INXikfshn8yY2PK+MQ8rJAQ8Iv/n1AfT+N356dAVV5jmjycjiYmwSwtoEB6w/YC4s48pBHJafUYsJaao+h+JbH5VVTI9PO/khDImvQQKYnug51eA24HPJX9v+Sm5HGyDNKXnvKFXDOM1wrvzWk+xSv9LAKxyao7mQT1w/Xxr2JD1p97bEt+R4Up9GZX9MtfC87U5iJx62ZHlU2Zwf5EeJOpl/xf7kZ1u19YCAgICAgLgecAADjrMTOcr+vxXg2i+43uQHlADBh4vi1NIsbz5F2ou2drm61zvi2dO7dOddmra5uvrMI5Wcx75j2oGk5rDGviBD0s+c/ysrDms4y3DtTEcamdj3wbvkT1EC96HNCUMPti35mnIap6QlgVCgQHdjuEK1MmIYiI/Ahj6hernLdYCUx6EjSObV1ynoFGlHz799TwU51IEhRyxNzouQ9OuJiE1Mv89b7y3X+54HaXzFsJEkkY9kju+I1iq6bxrduJUXHVaqcUZfl7LAfOj6moPNfJP0HbRJpRMn97nrVepruTgieu1RJihfjXFW6lG86T0VaNKUaChhe9/XI1HhReLdqMv5EPhX15C9tz790w4ZSn/sXatdInkZSYq1RRpbGICkMBeNTEnaAR6ETgwqA2vt5VHjjH8QxBahKFE9QDpBJo1kTpvLI2xa0goTI3nzXi4DikoSI9CwsjIFMNT7ZIC6FlUbQwxXpVudMHy1rd2GqOfzWxSEcpm5J6SBznOHEQkhZKNcVmyO5/rjzYYWhX2sVb2ptqgB0BOMkPLZjOx/ZCbebOtv3s7KIMUP9axQiAtNiPcQooAXCyfOu+12Xmk8ouWpLBHNAMqcIgEIkqjO6Z+bdqQwSu25oqAHUYV+ukzC/uHC00PUGGsmswkccIg36NDmW/bmyUOWxmInNcU1BAaKYNNHbeQR1fGBKsmpWxHDoTGQ3trS6Ky49Loy47CXbwDJXWGg9XVHbRB5wRBmF1B+p/vDubHTN0imsfBXvviJwBDXoU0yxNVrxBSFim9nzTkAtfBIEoKI0gKB/spFyKuP7MmYU/vqNjWGPZ/R5nuqleQRFGfbahHq3Dewe95IaFiXeYzFwGFHvFmVc0JTQ9yjFebpVGrm9ejMYdOMlE9vPs3LbMYtkVuOd1oCsjL1SIQuqAqrmbOLPp737gUQDdFwOvmJsqbcTW6aznRcQTHgag9al4wf3P/ZXF0F2rcFEyjZA1t9ZuQQ9s0fsZaMHZpJQegW38GKTjeLE0X1/e+lJNNQKE04C9+VjLjq5h5po5PhMHtOO9Su5juUf4lVVvGVDWlmYPVNvpubZE7HUWyOxTIyf2CKJK8B2gj+1odpcWkPrzoKbCoANzdyG/97dp0ekBrMQA6jZoLQGieglet0iO+igBs11GAGPjfdCJvBxZ5broZarDCsp20+eTkW69pYDw2Kgh3P2IaHa1VceWpix/mflTxlPuLS6yZ3to4GHR6zrVJDfcnGCDugvAU8ycw2c7PJ5QJz54earVxZLrYLX3r5PvtwOSd7lr8TJMmgr0yEI1OJr9aPo48oJMIcQly09nebIyYoed6Z4dP581y0CWFAfjOXoyS2H3KFfRnvgHVv6weeuD3mhyE/ESsfS4RCHoUDC7/O4nQ0w5GJ8KHVS7Z1BR/ewvat2NXsUm2oyatI2MDTT7UBze0dsrN/pxhey8G76yL81z1rWotMWlbGFfVi16YVdO9Tsd8fVlBfyfrnc51NT5Jnwv75iBedJUYqr/B95nJ8jM7i4A6DPwrpRGQjmMrASQxwCBDF92zK4pAyqEsIppcPV5ImD+KR0qVaLx70bNh9fCwYAC6R0gUZy848CTJWOk+bO0/uOjxdi0ovIkcf86QmxV3jBdLYHILfZ89SA1WacCR6Y+WhB3uI59YRXElOMI1GTUcr5MJzbsPhswW54R2xzTTBsca01HWI+pebQhzIa+Ftd+i6+XjtCwRp+6L8iIYe8AC/Scg5k8c/L2VKarzgnr+fSIH/Mohw+nUzbwWnhNIIpMEkM1VQ7BZ+GJAEwqN+FOdsikw8VUzxO9+sO8RTD8WA0ce0o2o1PRjTJZeUeJr/OSFoo+hqUceoXp89CQzkm7DqpDtO35y3mrp21LnMZXQfcGFfSioLkpsStYeiPi/LzszjlJ7GOT7CG2UI/uEJmMSwmhdqiOEiSEM8RC9xX/Vl/cPJfm+k670ho0ufRPMmY7ZyMzwuMgv0FkFB7DWvqflhX1NkitIKu6rPq8JctBfV3QJhNuLR5hGL7cqkCwRIvCT1HBH91qGaED8FIlcVEg37jp3QyrOmT+VOJSSthrJUiLdGEm32fIMdYjcwwTgle2CUL5gN1yRqYpDxJWlaBM3hrygMwhYYAYnoGRuYscTrpJtM3XQiLwQPUQWhAefJZpWUVPQaNSvhPI+IF8531DRxrWFKIpCdMvj75CE7DRpG1fhayjuR2OmZTEDdK3PCwI3i0ZGp08ExbbePIN2Ib3GzrjBoeIETiuiA7XRMPOIB2EWPXyATYtoGGyhuWJfsMiXlmlEavFQxjnCwetymY5/b1FU+2b9D43eIPFuHki50Fosyzby0mUVOfWphtCdNyaIE6mg8uN6+o54P3CbEzaqNxKNdzIk8Roa4usfaNzMQALdsePArcp7upUkN6gnrNTeNEJzPdLxrA/UlsUoL5hzWb+LR8Ivo8bah78DHFSmHXi04lRg9kp2GzDOB85259QbGDvA9C0gb2EB2jTrqcDEUa7eUV/OqMMyE4kHW2a8X2EvSLprh6WE6FkhwMwru+/i5hXxxoGPorE+yjvHsL6WHMMT6s1jexRkvMXjNSPnfiUelYfA4F9RvEiRik8oaNvmf2KlrIOZhzPf8gLp7rBNaXhQSS4T4iChwQe+NZz9MVgfydIm+Ro/8Z7wKLqg1WKzn8hMRX/6d732qEx11Lp8c0pY6D06PB/xrWveocpR97rL24DPJLH1Tt585zFff1o/zVoB5QYBzHWxIcEukMFgMyPw7FupU7l8eo9S87qYAVOs9dzXsKZPx4MQZhzewqWvjDxieyO9tNRbcPYGMH0/MiEeK6Ouo+80cCua/brujilIg9eJBKRwc4zFwRdX0Zi19ey3x1gOmibjd3GQHjaXnh63gKh/ZJM+VcQE0wk82En71sMJXsel1jeMrqyp+0fXa4KQcBS9OFbSD9OKgFtYuQH4wv9PnVcVH4C/4BedkLz2DVb4bfnTYu1H9J09c58ZkIr76Fk4P6TViyJpoOtN+4zW9PZMGSmEvFDFcGcpjCWkmUTgn+7RyU7by2rPhnLJmuVXVPa7UYM37RhBW7EDfMoAF65/SQ9XsauROH1y/8ExwE+DUJKfbX12wsQFoHqsFfV0Mb52ROvF39QMSYjivKkuTn+dw638g3xMdNYTZznSe3VlNC3iJ0rCewYsH1RE1plSxQY9JhW6Pi5tQZAj72cNgjX7q6sTn5FFxWKvv4ex/eKTmu8u/1eIewy1s9pHPZsOWAQoiktJW5/VxLTJK4UeqMniiqf5Jb7cXJ3J87w3v29led+zrQjZtSe4n6UjvOraJSYA3trwGoyAIAv4wRYMvUvf2w0SewjhFGFkf0EUz3NZv7yBKq+dxl6I35uO9b3EjCbBoHqibN94qoqa/mc6aHLGaemvOlifd0j2US7DpJRvoukzTzFHxDHf5CRql9i4fRR/odMPpY06ilQsr7QC6e7cYv6DcRhbxQjlP57EVXm0rUOZahza8faHqjndZNFeKfhcwjiMtU20Sy3r6cKWYpsNoD0UknCV5P2D7gqUDjpa/q2qs0LTOdwCOV63C0iWL9vjEtUJMn119tMwqBcv0jVbZ0kntu3q6ne59H5I3Te4br1pQYcHeAFbFcmJcPtt2POdBC5VjJBCw/04/2Bvk5iOhGxnNuQ9sJ7ox0SVOapfAaKRLZKP1fC3SJNpHzeBgrK46AIUeVtEFutz/ebAc0NnY01DpKd0momkz5gtLl4exFsJLpKF00IaNWsdcne2ijmoubwwqs0Q5gpwScAg722HCD04mu9FvfLXBqh8iBrRNhH96TJIc9plJ1LSwkwi1rpJJ47OPY79HuA7PAZvJIbhCpwvAdNHDJfUpu3yWhUqWPRva/pGjBCqmATPByDtmGMxFyUdIYWJtarTfdjqeBOddVFjBeZZdFgaiJp4yHjB1HeAtBj1iuHbrxrem/2q+ZYt69dxyWI6hjKUU+/bJxn+em1cj83nqu9vW+WJr8bPb/1Se9e0RjWtxlKsI61+vu5dFuSTJm2XZi3MmDGzFEwWy5sDvNkYlJjudHpGMD79b+pj3UlZaMNO4rsXxg6raDmTh3NVctXwUe0FU3HKo65XmvVct+p82/FzZ5jPwm/CSnjuONNIrV+nu+K/oivV6W+Gj/qu956FjAVZU/c/o1NwiE3WBBSUoXLRohotfitVfjhQvrYxX7v0gAhOSLNf1ZnSKr9m2Jxy2Nm31TTg/NHyY4c838uwx820cAtNpxB1FBJ2GjZl/+YQN6VSWPWLA1CjfdRp+FVVZIbGq5jg5g9YvjdE+cbNjOWiSQtnmgkYq2RADX0W0x6hnwIjhGpvI6EkaTux+8cueYyQSePg8BpSV33FFqr9B3fArtzWSW+O81MpXJR8UavKkOOd8zeoIPhHlLnKHqfydKK/WOVlM6qsOPPtqDYJax1KRub02uHa9uHri7pqfkT8mDBTCJe/tGPgycBkNaQMXedl4TOc6seJMJ6f2S/ytDSXypx41LH/xoaAVboDI5Zdj0EOH9GrPT8xJQuEXgdxj083xqmMcjeh8BA179+jwbFzB8u+4Q6ElEb2qB4Y2U+HzLQ7ve+007D7PVW19vQPliY4kSho7+epGePkg9pZWJdMrdcGYlS1k+erQhUQe5OFh4VZQUZFZFhcantxibM1raBkQIKz+iPmrDMT1YwlCAiwSil3EXBHNKjcmvuOWXAPBGEjmnfuiYPaezuPv91Kep0vFnM7J3gat0QEEKFLedqo3KBkmzfRgmsDyyso3zG5qhFu7/yun+bqCUiyWIO/aJkdv0IoRJE3LxRFKXlhtFI/7+NrYEExd8NEYTfZ1+iwcTjWCWxQXKDALNe5QB8ue7ZckLHEbnGfmgMhHjoi5Wcy2qY6GQVHx3omgjmig1Du3qfByxYWY5DJelIS+MDrvOudD4QwjJWj+RBTHCTF4xocwBgf4Of9J6hPNTGRGl2C8AeDv+SNgjhwa1dsm9CTk1JiG1F2v2eRbpcaF1AXqyidpi7/F76Qs70j3n/wTjFJF4iw0nPQp5NAAdW1ihIfYk8FR0dGK1omZgx+2y7/9Cxyrr+NARlgBIeM5PZCAqvl91S8gbZeaTkaCo07Ad8hnxBll13R7QGMKFaXDg72yurCi0iG5yMhI7GW+p86C9RkiThJ41whQAHngNLtYO5Df+1hnQ3q9itSImckNaAHMO9EP3Ei3Wko5vdccIfqXC55Yl7TgU+Zus0imRFjdoKNj9tdpDiKvAYWiMqIx/Pnm5dDlfmebhjxp+527wvFPYkps6Mfswx5lUVgpY4e04cuO0bxJZh9SxOfF/P72+IPIpu3ankpCGfsWlaAAyuHzUH/UeJyYuDDX3InMCe5bVCVeeqrly8IVtOSWHE8sdDyFhusy+HTgJHOv+0RMjtgbo1ywsAyIy5LsZA64iTxUypapkE82LOMcaw21PCtKi7Xsjg7UA3x5djqfYKCM7VgPb+dtnM221MQPGvPFsCjgOWb+j89MBATA4I7xg8ozjGIGQMTjbkCpYeZD1Dm65YS6p62+YLkagYRA2eubp+lzHTTu1y/GQM8/umkpJj/w1iOcRIg1sUQ+hoz2TX6QfWRjoZo1f1D3jaP/E3vlAOmWWpda6GnaEKZkUdszf2xIfkIYlb2rr5rCQHFMh2XO6OkiB1jgJAMjEezv8V1LuUo47Ody3MSyUw3V2aTG2WZD88l8mQmKp1GQw73pK+M+H4X00Ca1FoXb2JPucVoe6JV04pQ3qXCkpXhy5uJS+S7wmoUjebbFQShHeulvw1ee9efybg9r63pjSDojAtsZBSIX1CscaxbntiQUuB6l9UzLqWiqcrLTI+48oQZEwJzHOMuL+HJWhZ/2E416RKNwkKg5bZ2BKeV3KDF7rXI2k5P0lTpdnvVYV3t5xKcRKw8UGWTJxRflpInBBQlyn1n4yxuHIujKxiCfFOtZaxWlKQNVfDqATKy3BXqDR0Y1g2AmCYTuQDrO5MRjNXKtPyX0G1743MRAYHAlPDpXtTeVj+MDR5DJ0OU26Xf1K4edIgZLWvmIlEh/AzzoJ4nynLOzwjR3ZWjtEZ7CW3NWTj/Espuq9Exv7CtTvsB+EvnJuXNkUlxaM2mIR9XN9wb37qeH2uj514xese7j3IfVD2M4J7e0rzBrkfx/La/mLIG+ioUticJnFO2ScFTiViMBmVvlQxMeZunGMLUSHPruzSs6fz9kI1zldIDEd1A/RLA2GGaUwEYpPclC8P6cYLe0vWtPfBdm7YvA5TedUfu3SvZRTeunkvxkQDwDhScYaFQbPgsouqkG1DazvL2p/JHHaepDFpYZI6bjUBfgkXcXmLLm/eOwyWqoeoU5C9VNDXR9Q0WRfsWl0jMk1aNfvRXb15Pe17FIcuMhGVQezoh5FZt4lWza6i5kF2FpzgzyObGW9TmpXZE0Gqrr5tQeNkqD3auRIWgNDMSjUYLyixZ/lW5Kn88IY4GF4qJY4nSaSZ+r6M51gwA3taLjPTNsfo9xqWHKJ2+03xjDpL2b5riWU+y9bVEc+PFUj3aeNt/ZjsMwN3UuBh8c7kBX/pA7jDb7PBr2g3bd/vlBCCuiQtYU9rcmDb51ZdCwA+G37auX5b25swpKA88xe20AWveSxOn6ku0JgAachLN3ZWjjxCR95JcTc9nZI0K/sEilz+u8n8tK1LJpfGhB+1GAGoRsLGiX/26Wr04xYc/s6KhtfIyawW4MkV7OhSr5PsNKnJHIv5N8MzVAJzM/dmrV08cRMyExK7ZmRiVnwgb/bA6sTx2MmW8bJyv4S+8DLSFN9AN4Vwl3VAyZN4ICvNiEF1m4Lzil7MufhWkJyCo/CqTsgr2JQXT8HJ+ACmBOVOd9Q0t/2UiZLNBilHBX9QUNEvnaJZesILp9DcJeS8QyQ3SpdEFj+wEBIOE/NOzwet7/UyJygsJZrCcSFUR/a9dXRkh+azy8V2+nZ2L6rBazoyS7DTchzz7ImmNlgAwC4XYTkRrRex/IGEI5LfWJ414rS+NjlW5rlH+WXi3GjyoOOct/Knx/Kb5evgdAWNd5JyOisMa7AcTg9zOVtijzm8S5ou3ICWXfcClF6kqVEMLtaaTpcIzZDV+/Ymjyq+xNzYEg7eWgBSMWxHWqxVCGQBqZHWM/do+gwWauQ/85zr0vVV98OB+Snr2DXuGtzpfGUxl69OIw/ISA2W+ej2E3iwHqFxiru+29FwWZxphtgBgNq2AI0N1boVP79aFGxvXX/tevW8olkIAHtZX4tGXUZn+9utmyuKuvEBjHod2+FirwJ41slhbMacGDFGuhJpyAyNQeEoWFmZYYhuKRgMkqnspc0lMaICCc4MFJp8PXoh1Nv5ikPrRPcgM7n6/hmVwLCzth0Zt2EAY2vcHpDp6GkVkRgkvX0p5RgOBa/fSo7iv3pUGkPTjGhOyKN5zEvM+mbTmH3mMBi01CEXozPw1DIZUux8V9x6kVelLSGWcOpob0/zbER+fh852+AR8gF9TbI4/InaRhdaj5nW9rsOoSIqdXB4r6tEWzYvyoJFCcpqB/E1zVwS8D+DQRglpHNYeN3PRWKhvHuMsG7wV0vwuttOJNjb2/Xt3Jk/1GwgT0eHhoXDzfkyrLycOWyxEY0Tl4PCYprjxQW++Ho1c+4MHpf7cp6+5yu/4w8FMJ4ZO1/o/aYeh1MxW7C9b0QgZsGF2Wr+BM9BAs6maA1c1PIFbYc50bsTOaQRX9Dc74GljZ3AMope9Nbd3WEEKAa05o7ipWSf8OcgdKaq4oAN+a4c5ToF/j4FOowvvPHIbfK+xKWyeaEHhQNgo5vo0AJO4XZkWRc4vd/JrbFT2JlE2kir+zMwo4iLdhRmERqo5bMsOR4Sqgye6zK4jTXfMKjIHqHm2UNblF2hzjhOqysAWSXFmI1KDxjNEaZ52RIe3yTkNvwzU1YQsMBokDhQCARztZaHl6T/HCfyXLfQWjbFtjEP00I+Z7wt4vVkKyASXocIqMeUpR17MMe33zld0JRAf0D/1dIA/woeg5W9xOGCoNfW80WQAmQJmgalWwEzhJ4G7otrbmYJAzTh0pA9F0Wv9UJBTpr54MVC/b7b0qjeghLt6E5M7r4TKKpi+r5sUQ2wVa8mhWQ32JPwvjFMH3XoBX9asYCMcGT6vUppia8NOlL2J0bkXaPYVV+peBJMloG/8AyVe6LDUqIegg31aAsDOJkWQyJZoIrAgrGRytRy8iJNVKw2UEi9fNa26B/O6W1pYRKjSzHkFKyT7CaV9oA+ztU2SF0D0mnWXNlzLVuTKs6B1Y/p3XMOowvMXKZWItXfX0UZFy2QOu863iRikYswZcB0xwHGyNOWj80HBm1r4K7xgNWnJSbIBdjrXm0JM8+dEHpgXKREd2wI0x1LPaQoKgA8E5HS+3MpPa9PFbF51CYEAdwCRnp0xdtY/s8e3PiBSJUZeQhgbfpJxCKy9RQqY16t2770yPk5zToRMbr4v42R0NkwQhiZ5BIJ9At6J4lid/yreeB2SEA6uRCw8PEV4iqMIE/lgV2zyO2VGCnLJ14jWNdb4zMbSWzB9xQfeHuV+gVduBUXXHH399BY7jFfJFyznJjF0DadKXKY79J8zxkp6A5mFtkZHf0gOEo/2czJSRqzdG5aQEVvIIprjlpd/NiMMHb8MRaRmYu2IfKcdLJB2QQWu5+yCItaGbqTO53tHarSK4bsxISKAcTH8YlBsUMzk2NmEWhwFFECDEqkck3rxvevbjCS9d31DuqIgZrYIo3XcPh6D9+ClUHtAG7QrHaQpZLjZ5GCaeXf1fPrpuMcM4ubRSyxc+XhO7QCIE4keI8Uu4PpRQeSYYbMi4Fr6jEcyMcDfhikKkvlqZxFAEhB8ra3U71CEsV2Vutl/yBH06aLul3dMJkHAnKKH7rCV1j7enKUrFPCX2DiIz2m8uGeybiK5/CuUZ+BZohPYn6Hz6OwXei1VUfqmOjOd8UyZMfYI0sLyGiYxVLOhsLGLaX0VJabjv5hlDnuHgAkWDu/FQgBKXScqcmR53JyJ9gGaDHBR0C7li+GvP/EmtYHIWkfHerexkQIHDbGLqUWnGDwhgBdmk0Tcbpa+e2i7wH8Id4LgKOj2RBlz3ULxgd4Pn8g9fwT12sJZLoAbK+h8ae23DvNtnI/XwxDUPHO22rZV7rcXNNaTm5ZZVbIMgJiP5JBOOt8dtm/vaOS+t4VkqG0EEckA4xscRHsSGq/Jw0d88ZRKaqbZKQjdJmdAkCj8R4DivmhzU/wUM83rAKzJrve/CYImTT9Io8M7chd6Ezi0MV5SP013QyugdbU08Ld5CwhEk5NWrK/mCTcQunhZEoxzNh3YY/BHNYxNSizbIWcDgKRwRL5WMFD8E+LHzAC+RklPbyZNEZZSajTt+SvJwRdHX0FMmp2L+7uNIee+vBBqv6xDMsfPpEDx4kbS4lkNCleMo3yg5VfYHBvVj2F4xyIgEbp3cnJuzq8GNumuaxGCFeJHFqqJ6h5r59eYXhmeP5EyLq4fJOnjILtDPdBML+ZTHsURakffvHu0EboOLvyA2vWi86q62+6GRJ2uHh52vA+WghLOrhiDbAP6c2Kkp1M7TvgdLkZO3eDQ4aU/tEZFnnkmBjcUZ2QCdZ0RZCvJPj35KQPUviW6a7JKaUr/S4SRidy6JL2liWUj0eaBnraGSI+70Qkz1gYoEvnHGgmVvlo0RBU3+PLHf5JJPIpO/ebDK8Mtps1oReNdthBK7FseyPRrHPNaLxKuALrbeE0UzzKJlvqNM93Q20JER1bzPkas6oMxOOqWaquqUqtd6h8dUZXEA5t2ULieuc+36ToVmmU9HrJIbtUXaaEsv9uf34BQ7fzMExeek4FkUh33fbi2E+fqXOok6ZVGm2kMERs+4MKK547zwqyTAuqmzFwPlFiI4hhfnKTKve4BbUCEsQLeMX5BEaS96p2HF4roFfNC278PoISF5vSMuMYZOyiVpnjRe/O/BV4R17Yc96V1ZwV2XrNxm7UKOEzipL5ZbiAVOd0qfYjqMEbTTbTfuK+qeYcJ1FdTzo5o5GOR0IPjtQjGk7/sxWdmnVFWZ+Q7AW/2tLDezLuB1xIyHeYUnwaroxRYwQgB+aY/dO4RbnI1BHDJuqQIEPdYBvVA6Yz2HU9iOZoyl8TusxW82cHrjnxggs/DGEGzW2GN8BpIf+9Jdt5N9kBATLJaR8GDM3tFSV/2+Xq2vOejfYjVhjgzyUb2/YATs/Jflvn1G+k9i+/NC2T5CnxY3M+7uPRr/WcHUJHlvlH6Xt9P5CUnUO9gl+JY2fJ/t1bu2PWIv1GqmFg+kvPImckt/gB8l7ybKTbhc7NiBxBBIQdovej8aCm8H2SibnY1+K4yMB0lCJOiqJrIfbNEEJW8nu7rbcDWrurBIot+8qD2T0FwHadC5wsoN48nhDOCbfrGdxsbk2nPDP7/DWdTaWEH4SJL3AFDWQAZRidd0Uiyz9OJbCguWwBrshz9uSfUh0F/lKkmOu8ObNpcKpGWcB1AjKd9hqB1V0VaG5mbFC5CH1cx5PMMxlVZyFeO9e/vzh1I1yo+lMYV6iza2PbXsaHnhICrh+HNXWOoVWDhNI1aQ1RXjjtHft5x6fh3c5558bV31bw4beq7hQcZga6yFB+aMGV2/ieLxSlti50iUBTz3J2tXjD5zHgqDJpGU8D/oHhlOgOU5aDXtiIiyLXCuLeWQt0iyOfc3D+xOsG/eAgebBvEvd8A+xUS75/LCgZihLGRmsE6z+fqrljy8pMp4+3FykJIxwFwCbZIqT4ftcma1EUsibj7FeQQeN4J3S6il4yfa8spwK099elqmDZJSbxuzqJO8XW0wS3av006iue/OQcVvJ664gerqRmwHeM6LLDxEVBaeUlFCD+q8K6JJkj/LY4OEPGc1Lt1fRnGgQZOGIsrKjbyqkJ5mnEtbsYe8nqYni+rNvRDrhkyHCkx4m9vBhmOt0QqUgASGQApKSVGAVX4Yy7MqBM/8sCF7QkAjLECU8MQVzsDoo98rzMGl+LNtB/9tC3nk1k0TuLIYnewS27hwh92r4OsqJ4H8xc/oH5UWFMk0dOWDRW4Ewkn0itLMyG2do2XitjsGnNBu5e3tZq+J+WOb5CExLtckahJoP0blGzHJW9ElDoqPyFM2cwW2mwDWHMFoMw2xwjtbwurw7nYlOf4/gpN0EEzscEP+t/WST4LnPRxdwfGNrFjhiGOZUcEWsNgZ30FnWJdQ9+/x3zE5m7bM2gM4fLlU7H4RRbO9XjR0M+8ME7s+KMdlL9ULqkmabIMbm37vpmQT9ldu25HrSKT3TyEjE5eVoI4AGICqQDYgz6rrwae64DjXLJ4rOJcVqBiH8FXSVHH7zxLQMmcezbLkbUdxv0sJM/7Ce1fDvSE714AYNrHVKJFUVqQ8CGhbDRYTJzgVqhZpHJt+nsg7JVZxDAmD1Wg5MhdMAwqlu+dFvpxRV9xOJA+giAMrtXb50H9CsjiBh+BP9Uq+nh31U2obti45u3fmULqywaIKox35rXVMdbqnN+0BLTKyW2QIeP0o72X4mcyjedzzmBJYtlzkqip7ChXtP1wUCHIvERZWt8FaH5tb8MP7qley4f1XkqKl8/gy/oTuy4r7cd2+nMdoCj9bW+YVVzG/i2mpVMddV8wPs4InUEVigwrsyTV6EI6ZWAQ3s4B2DkeUk3ntt3iZ6ZdEEHl5L04FI4P55QcDNyTRsPw0sodJz7dbT1s8Vkbu4e4v4di61oIW/isR0wiHFZWMuPPeZZQWVJyYU62MhBSCngftVOHb9y82lzHnmEg+la7sLbpT+9Z+I9Ym2gca0mR88c51vhT2tIHz+am6oZ5vTfKN0rgBiAqnz+7yahnjV8rN1hEYx3NMGI/BpmAJvfECK1rbLgrQT1bOXX2KiqeiKje7PZW9OaujMGp2YMcy91riF+Z6J7MU/iA2TUxIkcQGBF7E3iXMs9wPn6SLzD8fgYhqBL42MMLysVEt05/1cKQI9ubeyJCrVQATxGtV/hlZlBKTcFmwV7OU82xCJhv4FpldPKKl8JjjQV1ANfIjsEZPFz2w3rAdGlltt1S2UQwhs/gPFY65VzDjR6Oi/HuVnJ/pf1nNGHUpApb552xAMqH5w8EI6GaR2DRHzTo4ho9NNxeG7rVG8ETL1WpjOl9jaND9dxx0qHhYOXPeoNmpqprv25PW0SOWOHz1cujX13wKLPGhZnN994PKfPzKR/4pBRmHeaYtqkSO4Xn25uD0yq+pIHGrlctNU2UaM4fyg+e6CnWO1R6N23l6KYFL/SSiB5ww5G4xaV/3yrKeXxFbX5n5evqd/bD8cvxzPab8vXyj/WT473jiepj1LHnA6/40nl39sQDXuYJaD9roJ74lrJ1bI8UUYdeszzU2iXVLU3ZrevpKw1aam6zboYDQSMdp9h2Dx4L4koVlkf9Zfjn/eBzSj6vFc5TiGVrFGMN0KgeRcRvV6oQb50q/HudBafTZWuPq4j1DKc8fGrFwU9We36Ai+hGZjGbpF2SYTMaW2ixIMeFyreEWPch/F0YWYnUqX9z/AJvmbgo+1CQLtSVQwK98RtvRJYNd+0uG8uqRHsntSbYvRvNREdFFoY+B7Vw+AUg/86Eq+IIun/LDcBgn9XAKmAgaLg2lCwG8EzZc9rr3bTNP/JfhY2RZEzrMtOZQHVm2TocCBoDitVIBRmbEueJGpcqeVotf5K5idGJ8VUAP8OX0/ejMJXlT0J2ohwG/eP3J1KxrGjCmT4d8LhOxRqaEqX9TqCu9boXGZRbmXKV8kf4j7XzP3mKTPYd6t27pqk+7bnC0Mmolsh66r+cY5fe0pgjV4xhUUK0zauzzaIj9eMbg71fc0oUlvwFDywtrM9y2zOFEQ5v6GXlwynwtqVcvGyeP2pvtUjrmjlyiHFfLiqEXV3B9oYArqNXZqjx5uuhOAV5BAIJegYnM1xX0IgstwJcWClJm7XSoLIVWZ94nhWudrRjlE9AK09W8EKoiJbBXWpZ0dliE9L6JVmB/K89QOHLqXwVNTCvre/yx01B4UK7tuIHs334Ea24S0yR3Gl2p0c7Nr1afuE+63SdLsKFim8g9ldNF/d+a7XJDv5jeq6gWFa+WkysRZSSzDnj7v0lAA99gJKMb2cN4/1tC0O2bYXiUVgbz63+o9cKqZTXEhTCdSJH/DUiB3mzzpz1TOXUnaTOBqhZBp+EmJaOvSFpxyGPdWSSSFVTBINS5C270l824a+5XTOYI12GkSq8mw1PTtbJLYIrVPiSUCeFHujc5BBI0zQds7IMNKb85zZMYk/4BK0NRrLFlBArxZpb2ZVgr0wIy3iPORa4dVl3EWP9VsGLFrUvEQ8CZRUTrjmTW6LVusgQNKHVfxGAPvIpFApVHCRRxAlQP6EtM2QI2WMAuBpREiIkhaV6YkAz2/z3HlunBz9H/ASAcDhmS5CtC7qfIqj6NsgVFV3V/BrCJzL5rmZOMXAY4fLMeAFskeESEFG/Flo0dBEq7z/J6nAugoraBuzoAn04NMWGfcVjXbkr8TwIto5tweSqPiBkokxB4eWIstS6t38/W90zD308wjNy0E+BFf9ltugGXOx1lGXPjrpNgn33NOpuvk5U9nrV0I+RzJl2qEB2MoHVVqwLK8jZ9BSI2gztzA18Dmo1uOIEzlkh8eHyyvv3XAhdk4aPXi2FWJZstqfwxholoFJGOFvlRcTEdaFB7VOcmLn0hCa26G8ABrXX2GHBkU/rdJTXL0fCv+ff/grk5yccbGI/3ullnp8yFKPCO7QcggwZiGWaL/EDoCzcE3gZ3xhmqYXHjnJ9WIbwYyRmiUGhsR0+I8bKtFBj1Wseu34AJ5SSKcQ6fTCYG2zStBG2ft32/fPSaxN7DG6Zb8VOYs9IQVoL7+B1jSRBMdBXbsIuXvZP3tCMtaGBKOzybyq1FJac/MW26g15Pt8EzLre4GXyyr7hOOmF40UN2JmFzxVuF0frWY2ySlJXy4MTc531qWOpXMNK6CDDjZSmF/ONFldlLAKIpPQtS+zVoXkoFl9yUKiiPm1Sd8q5kJ9Io4DB/16RdR43qCsxLVCYkHYhgVG5YrU4P83Em39h5GWaGgGKL03aTuZGfsYntexzX1eT0kJ/1cL4fzk0HbE7qW0+c7W0XDzVnKSNlKBHprXMHLb881V5i6VB2mMGouT19m4pARIKDucRpnyF8zqdB3OsVXqguGvZe7RPRLkGHAf9FM3Xa8YjzDBF8k5J8jDh6rwACqrLM+NizcbpDuZSzsq2YfLDElwJYTexmvDtGPDy87XRWyf8uRrmUMkjp57NIUX/EKv97wjJhwzZmarCtNb5BYYPwzHPY/cLUAdhVZ+cW+cbIDNU3Bnybpu9r3GhrR8AHs/aF13B+w92eQhRxuQheejLnIiQo+qjpFV4gVoE9fG3jarTaCmE1vKztySJgVabG/k01P2HmApdyh3T8+GZ/MoeXOsRGFfLGd8t7OuFP7cZMg+wwFr/blAnWqFafQAHMI2OiQ012KUc3GYTrQZzOgXM0rdzzf1Ax31uM6ptafPBKZHC8O19v/wpaTaPW9T8+d/3l9KE2TpNciPyrde4DPHG9JroAgKRY60SHsIFD/lqFsr3qGv6vMrW2RGYDoJbPYQygox8rhgD3+DxJL9034YSHkCR3iUx8hWubKefAXJAj9FEv0IPxeLhFzv9xzTpMlXIgkXarOn9vvtwTZtxA1Dz8/g7+2D7YknCUpKJzmqutPYb06zoMJJzTpx+HihaQ6CNMLHYKNfHtIiiQY0kvm6Gb1uXkFs3tKqzcjkk8ktE6ysAnHTxGbbls8/jH6pZjgJprf5Yu1hHIA7j+WpccPaAft1QrqvHZ3JQMnt7lzHRQVqEF3WSY0+Tli7xp2JwYwUDFbnX9eogCQ0nV9I6ReeA7Pc+zeC4BegqKQJZxUP8jTFa176UgEG2AJI0r2XyPbg0LvPJ78Ifj0Udhsu6zZ90uKRfR4BuM4piH3wAranfD0QmUAoPgK4e1GxK+gK0ZiYCSZS78F5LGp8CDR48nhiJ0I3RoBhDHsVyBnSdL+V6lVAaKXY7CqUK31TQvjGuz+3phvnoH2O0C9QEfOZyH5tgA2PoexpNhVQqZq7XgblTJszYNQ0fSM5WkiHQe6hvCt99swMHHuqgPMs9LsQW9RNYT/Kypa0B6+aJLe9a7UqFIwL48IVr3JNipuJzV6t/xI58EUviLJ3dW9aepgUKkAnObnROu/xMrz4x2/O5Zyub2c3ahTLRlvrVVZno2TXdrBta5yikXwMFISxY4oocgx+d/xvlRysi/BhqGc6R//3R/rb1cUmwiNM+CphlERadeZtghaazW5jJM6Aow3F6Sw0mS50lCkVux7hRW1UcXD7n6oVKm8ckVGSO4Mp6tDwbIX5FaMWeYTf4S9Q5eheHfbeJj/cJrGbt8s/FR4ciEUoN6VzCORBO1lQryNVrOwfsjlVuESSZ/eGZkU77PO/o8QFL5YJgDrxgG1nOmMayXKRwJpePPL9yNcCAirxOdOYwxGEl97J9HOiFPP+Na5TEys5WAH3Z/rl81B76njU01Tiiw8edq3RMgXNNjcZn724twe6Rk1X9CoHyH11jKjZivJTMlpY9vm/lt8kbe5ZMiQqg0UbPm2n040Q7Dfm3+ApoN2jIUldaR6CIUagLVW/FY87xLICqvEcb6fJ9f31TyOy9dgSu6NIdy5GzijdGakThmaQrtcliGojyBMK1tXRh8pcQrRvVJ6vFL2U77auY4dsRrOgX5Lx6BRANKygivTDkkmGxrpSRQFTjNTWacLChciHlYepTstFepcGirnBT9+H7JOtbVFmKDxVX6HunyAVQuYyKamd0ruZQCzJsKgLq0L/1SGNm1Zd2+IElPdnyFPUK2aKxeciGHls/hS7azq6GAoelfQLdRHsvKB/t6LxpcYOXlsplC78iYf6+eTip7Qfc2ZfmKLvn6kZtEFfpiH0iHT3jCRTF5OCNC3hyWG9YmaMHOdNe0I1kN8gPeqFnvv5JVSiUZpGGG28ZYVFH21GQFOi5f8BUpZ7Twk9eLxc8LTb6sw7wefNRsln5SFxHAPw49ug8WtX1Y0X0DGLbU7XVJ1zU6RsY6WA6zz6u1E3DThrb9ehcGetH7haq7MOZBHdRed3QOsy0M1Cy1eQ2XHgLdaQ2oD4yeTt5kmu3B9Va1hHlBB6Of2CYd+p2b4/5+4kqKLh6HR1fZ1Q/81kHmJM4eKKeAQ4OpUGYe5lSFp0xgm1qoCaHpqfJ4VVOb49EVJ6DhrpToSSXyK+NE1AmWTIV3I8QF8AdkRmJfvkjC/jJ8vIL2JiimWGzI2g0md2e/5IVC0i0djQVEdQhaHPj9pDL4htuG1GCVLBvGjDLFladaCCvvd6l4VbYB9/e29Yxo7EX3ya2Bhf51gYZygBGVawrChXgrCwcNmGLgy571Vr2Zm5oUlBmN4UDHPSrV3dqH8ecTitz1n5pH+PkECKFhjx7UmJVZuYxFII5oSXuFwoElDIJ6DxV9ne9sCXXHKn0TTj5Ldl+Jma/oZCkxEtPnfglKvOFypxlGJpjipYLUOELCxkZBF4dZip9PwB3UzEitkgxFNAvom1Ss6eQKlP1zPvsqhPsao+yMOkqX0K3mSG+e3I512Y9Gn6QBiF+UaD4/x2C3F2snP5kCstuAd4PmDdSR9tPdvHjmd8Xn+4Z+kINAnxb26pXHtNNajWpLb29884BP82Axz1cNQPVtiR5r5Yz29tXrIH6wWCJsESOJoW+VHy+YlSp9sVTXr8vaotD6jGTXUz414GXIQCmDOv1+2wtJG8Q3byyejLCGCA6rH1QwrwfXTIh+hnXCWVowoC9f6PblG7mPcg9jAct8i4LR6MEbjerXC/18WYeCONv3rQOLpsUqxtn8gt7pHkE8GfhcmpfgXfnGmgemGq0l/DvJ6PX7d1SqI8YS9c2v2zfdSZI0quYZ5kzIzB6T242/H9AF/O1c3W+Sbs+lc6G4FNTzbFKBHDo7iOwILPDrp8dBvPEU0MMJZsWrSy7SUgC3jv86vYqGgXU8CdqOJ747SPfR6m/EGHeJj38lc3h/m9HD1xq3dPooLQaa3YgmqsteNGpDXxXJryZwVE8ZSLHWvXdHqMmtHJm8Ofa9SzBHiyMx51NcmWccR0MrSSWFwItWLMfHeTi4fzfn/jWm9sFqgHFVNFag0oWQLsbeqQiuQh2cG03kDbTL7cDl5tRUzQv3j5PqSFzOSTz80OUqObypSNl4A/Kz49X2tndH6pxAq/hcG1JoepFy5a7n63B7IZbKXpswDV046TiurDqM7moTmHBvanUqAPPyf8vq1gizQgrPR0fvLyKWcJgur7RiDXw8NGI2lNRyMBud5VHFmvzE4QEh8OcfofTKnqMQAww2mWqbb1NFDO9fMw+fpoqjiGjjRXjiIjDmWBkmvWCSOxXPdwQ3aEHNOAjKAjoKcKLEk/XPTH4aEipbUCabgqQehfvUTUO4CEhJGADHYIgBXhsqcwocrURIV+0VI2zRzB9o0jggluBB7X2dYxmEZ3/Afh1eXJHMeRXMYSa00uzNGpWXZeMgWqRneOBKLMHOYAkA4lJMzSgc19edZP1Y/EeSOu1/BsWqA5MDPV5uTdbcCD9fmhB26LoKHcQ1EI8zefo682LFelo2P1lBnpPV0PBIiqYe6qwnyo245E7MgOtHev0ucQuTwQH/enuHvyqm7mUXI/j5vaS5b239IXDbU93gGsjCFQkGw54MvoaPZwO0QQONjMuC29dHm+scPilSh/8tvxNzcAd/57Mu1tzm6U8EYC+P28LtWcw5sxnvRTiZeKZQPpzoAVGdxjS3kKeslGAHO19CSj2iIFk/i81P/EDQJHQ0TFO+4HORtCVX/btXYUj1JlAv1mqrCt30mgHiG3u/mE7l8Fmmp6wPj848/AHxDzJy0Ft3I7g+bZtlrcMHx+SOmQMV37Jwn0vQzVIdYsPL6qBVzEy+h0I5yswYLyCv4ZhSVGKDxShgBLauYMufBA135TZVD3nVJU+qTv7YSHAhhLXT9B+ev4LLp4BXD0J/ZM+2dBIxlYijfZqGFddM6CyDmgnOc4gyBIJnZyxxB+L1bsTvwe+xpJZPl+Nbi7z3fwcCY1jg/UZOoKSXlkzi6nqTPeAAoXssFJbOHwNutduxoJqe2dzC9pRkkattX0A9nl05tySeuYj6UkZartr73ozciV+aie2vNO8ygd5E0557fd26rgAjtUpo3b3P/vV3nZMUlDtLkw+1CPZ/GZPCvhfvcQM3CeLM4CZnzgC29sQMUzt5rBQY4l3qF8DJmKfzUi3CKqN95iXrQmJeA3gkmVzOy+bJQ6BisEXYOSrmbwK4+Pj2C/DBtFNS0pooWdBQUmdtQBEUk03uXLrlyLHe4l1AAg9dUNfXr15tTXntKCHHRV4MjvrgN3tqitqMsDbx8yVhZMGo/Dbl2UuZ5dyTIb4CtB5U/PpF/Cpt/TqL/ZGN67zXUJqwPSQmzzFH8Mvvgrg5GZXB3jZdtvWXaTIHmMkb1PJiT8bcm5g/cT4YWaScM05ZxOZEWUSbRVHQ2HOQA4R9EmrX1E6wYLKjF82TQxSrTdEZI8cl2+lBVTSZ6kYlV8rXrhhH+T4I9BlcLAZrIprXS8VSFDWSr1MmA+99pfyk87jtt3gcSYm9MD0ywAvYCReFH0fSIORSNICm3ypEUtUmzY5YwzFnduzWm+pMe78YyHZ375E7LFDxb15kGwVaI4TmIILDUKHCI3v1+rFpQReYLPgVlDCdbNZCA7eJ3UNtYudDoHy/32bHWRI4IgnmLQ9hcdc5oB5AYHIgtoNq97poJcZxA6XIIVvlGe7Y279dD4MK16L0pvITlQJbtgR/UdT+2EZ3RluBt80h7RUlkFmUimvOgiSrLYYeKV/wJjwdvytsIW5K7pKqppPLHrTiaAFu9WaPTmirzOgSOYjbaLoH4Sl/QXzKjXHv9ArMNURuj1qJZPaPoF7hPULkIn/ktM7Aitb0kVCOExEBgTWL1MeB/r6YDb6KgFNUutxQkYsRt7zNiGV11e338+ip0rQz/EhYOOYTpMai4tdRSmGZUa9VfoayoG3fgG05hSa7T0pZCF08NkZQYv5rS0MdzWVqLhWt86HnKmHoMkqlsrsUB/rFtr34cNzqalA1yvkA0d2BkNlaMT2BCrp51wMBYv9vSHGJrOB5PEuVbkiIFo5PAsYYGt/FMZWc2egirG89/zP998dCjEM7MFagC1pD/xcTOj59zQbpm9mGTMMzmuPelfqZDg9Binu7OQfSHUfp4dfnet7lnk8q+5VDVRV+A1gKSGbMux7lE2nIYZ0qa0bzpND9ESBfj/97jEymH3sfwxuqNPwd5Ugdc/gHDrPhy6AFd+4c6kZDOPRUP9UMzqXmnb3G61Z88Co7uw0+5AUl2hhSEaHxB5R6tPdhFa2Ui3z64RgL7hQNUJiYFtkYTaCWtRzn5uZI5+zSWUNwddikGc3Py8+fwnsog+/W4zpr2shKNWFB5DXCETssfcdNr8SlEtQ/P3K/2lAnmqyJSQGZTgdzH9UnYI6hSMQiPwFmGK2rzFx0BIAzpVPv+60R6fwlVkHpcbQNFGaYltlDHlhr5EEGayN9o0IN3/7PIH5HtpMp5NBikJ7WnPyzWfa7aXB4xDTBvF6lhoXVfWsrMjffJvUOZ8yGFy46JzZY7KpR17CuR0tuBkah9WIyP8H+a1lbz90qzZzqeJA1pzYvPVHamMEn6XZdSntXYmau8nllMGViRILubKJ+Au8EIZs61JeXeBUWoNtlaAbhPHYiUa0/TkXlLnqJ51nuhyBhZWS5AFjTTEGHp7Vptq013shEHAHHmE+mePqvobcBAlEg4YnQ3heLsHI5joDjfmcvNRMRp7DjToMvAKvYLciOqrIHD2edZgpwI/qsDIPm4Yc1zG5N6v4Kff3L1+BgBWthsEZIULkCMIpOMi3oiOuUG+BKSA7N2xQMOxKQJIUDXqQSKVaMcuwNXmfXfUuHCDuIbDrPYWeE/iya/wOqfJJyONUyAHzB3ZrTbpA/NOcBlP8HvYOyLSSSMTqSgaec8tcKCUXGLUX7oWBlhxoM/giUI35V90l2FVm0pkeoLSBZNmraOLJMvKfoR7CtZzKeDNnoBwg52uwzoi7AJ0OZ9xA/MCl59GqkO81TJchZVHnbgJZDXtG1IzTYi0E8k99p84JKFmv2udDWqeeY2bU3cU7GVwJp3s74QCuuPI2v336W7/yQd0uDWgViNMg2uQ99aaKYYCFYbY8PwUNx0vIusgUNewOH4BkXjRaHJS5/vgeMZbQDl0NkY2VYT73FLN99N6rQguradcsI2KCDuNlPeb8PDEVavopBhX4LVhMnql91+hq8GUp0fEJoCJTZFmJPA/qNI0Y3Fwa3DFPG3E/SPA+5urk5Soz3J43JQ5IM0vUZ+OZuThLhmwJhwqCJjNts3ZL1YnOrOBAqqIdT1BwyoB+9nENu7BOsPwTHR0bycn75zHPeqApnDHFuaPo9zqS8dcqt98n4VcvrUDHFFpY+mNai6evZv3haYxS8/m690Yb1wyLsnQcWueJp5HSLIkGdxR9JMmG5oV3nhPuZBxrQzHom+AktdHh57wf33XMZt3rmW5FaMV4sHjcLRlWp74md2kEQj822zICN9VQmTFkVBDIeUECYjpyLYKim+TP4pOqQgiytn3ARQP9lPr6RNHJynAFvka1fUN9EWLnVu0l/ei9RBnRD06Y+UORBUjmUtHPATV2cf32D7PICWKuhXYW6+P1yvpuv/EUj53LBSrvJzT3BGpAKJagQMvDlPKwCtioosEtV4yq6XpBywIqXcEJ31NAuaWtooD/dLQRjZBADVJ0dWRddS3ythgmXMS2XGtt3UouG45+MjcXXZaD3dSynPlErhn0XljDRvNOpKT74LZwe6p4GRg+Hqr96RcUT9HCftASZ8yqWe/3edhhr9O3OualLpfKerjFk+28gpGyM8biIZAAu42M45fCG8mSF0SvkRBBTji7qon5KToUKWfyiVCMHYyCoCTSjlrrLKjlmoP74sxS125u57r4o6yPn2UDRo4ER/Dox+OeQGNmd2LLck/fstxuXw0POxiJJMUymck2/MdMutZpZAeYC/PAXmagVbB7F0WNmnC5SQKgchslz9XdBk+DhaeoJW2Hvq6B3DyP8CKid7p4LDqTuGH9zJUyvAJrY8ihlAoLQ90p+6qg/BMGP4QDXxEr7cOZVXaBGxaICtsVIrOuxyK7ph4anALV8S1PB2+CsyW+77VLjbHMsc6Zm+KMs9BbCz+OlfEb7iCUf2aLnj1UFxzjQBP4Cw3Ad86pNdzX6E2OSKwFWYG+MBkEoGQKvSGEHXiTsWpQgsB9/BH95fOuZLDv9zeyJjpN1+eZWeyFRWeEX/zvfbUJe+GkcQbL4I85NHp2pkXAyT70m2R5wrBROkxO2D5ixKPDL7qdQtacaCv606yKqy8fK8d5zoGjMJCUisFT7P0iCQmsyy6c+aE8TjJO1FhmOWyHhQyGkv/cjnWkGYfP2mw4BHo1RVL/7smm/2Uw+sqyQ4ADf/ikvzDk7/jdTd6GnBEbD6LF6yKUJwNkUmZCJ/wPzzzEjnjJMIUVzinuuPkeixow4v5MwIcuphL16mf9daA+PtCkR+gsw/SCrVYzn2hQErtAU5/ySG9OKsc9d04BZ22amHaOvYB5t97PWGAKoirnYsIYogqlMgqKgt7HKK/acFRrOWFLZ2p+QFoL/CwuitukQ6e4yblP/XRFCAWcdPgWKY/IfxCPWFG0VuVgsucfXShMEheD4+yP/L4UT+dEoBW7VK51nTBInN9BNnEUnUzCLof0BLL37LP6MDkTmeNGodxQAw7u/sHNNitbCHmVZJAsrFOUDunGaB+8hK9/mV1nT85XI7nnUgKwa03muu6o6YdQAePzkhOswjC+Gg5UG3nyIbIL80wjIZ8WhblZwP0yqP+c7U6atKzy8LCw59cBPm0NrPc7kI4DEI3BrbDJgJAo/OrnZ8JziMYgFBoSWm3JB4n407rGShYyGypXYiZnaCgqGczoiiH5KslmvBjKCA9560cUOPW7Ctg3+bw7CMHxr5/gxDNXVI1WwUl0hB1KgjdgA/TZ/gICAgIDwPOAAeUEjy4aTr/5f8Bfzv/3yqHA+7d7dftH7f+3ocSJhmQNgr4ebDu1CuagxbP8W99ZJjKUBq2VpSw+DLjq7lXev1mODgQDmRagG0CqtS4Tmg4aoFPCdwAFDOYWPaj8UzbrVoHNoooHJj/K00Fj3LU+SyfwxHMkIjdyC0oCzt5I4bcU+KBjwiBJPnSskZ2WlR3XRQbL4ATM1Bpbuz0dLkL8iWIzOfNzpYGsi/u+bF6+devCg6/wXtEeWcMk+0wcHHh0b5ZZylOB2yPe3m4Ea3+a9/FTMhQHqNBqy4zLD+mWxq7xDTt4NTImtq3txndUERuF19Xa9tbuVIuItsETFhqRXbGGW5FgRckxUqewlbipWEDTxAoPJNtCQaDhurMYKJPdGUI8J92yl7Gd4ii12tAFvTPzq8xdiRVmTDWXr4CH3U0s5RQbY0FAZ3kMmhwwpIiIJTPsKQn5vjQnPNRhP1qP6gxyCxaUpTVE0syH10FOfR5o90eLqewt2ha3rXrvPc7r1xd1UyUwm8YypyGO20qY3ShqowUTvrXXj9b4UtdDAInFweZyC6wUd4n2hc518KJeXK9V+5GVtdRa40ISp7hzxKOjd7IyoB7xjV2Eed47mJfZ0uTjicvJuHBFMm+Q8ms3V/buxhReVz4CMyFhU9Sz1G3KHcLizkJURSjy0gNPF0uiEWQJBxs4jjybDaYdLlDwZl0yVNwnaNy6/VWq1XCSwWNlzc5M1AOR2jMyIaEPo6arZYxo/JEXIGBG4aVGeHjZCCnqt11ZG7eJj1TsAuZX+uueCC5Qq0PoBA9SqSVeNJWzKMlol40dNFFHcuOHE7lW2nvxIMB09j2LxY4FNUUOhRN95DLfyDhDTDgsksXFzjwR0RSBvVUaqlQIv2mjWI6Toe41Fs5ZYzg5m0pA+kgtWYI0hUGflUc5n6+TJzWAIPWNxRQXlu52+gP4dP6esTzWgdTNt38gFOadG4b8nfBu3HuC6fxK3cQ50cbHVXX8QYivN4hyWzKoIl+nZPD2j/RtkMelT6iJBDjw17B7CamgJDNUcA8yDhF33xUrrQQcnB12verSd0ylzLyVFK1+YlFL7Eiu6QgmKiUpDpHUMecr7TYW+vK5p9jAKWY6gQQOgJpp6FCuQ8aywcyjlh26dUMjIZW7i35Ex1hGbC/HnSTUr6Kpwdtt8wY81y8K8OVsqYdLqGRxQOZWQk4Auh4yzVo7S3EDtbiRPHj8SMnedkzd9/FudsZVFKejPmrAXOJ15k+LoMKuN3RJLD8o2wY5vhiqYxlCL3wL/PpCQvo7iF4sg7VqOnXh946C1CnD70Vzvvbvw9o3w+unund3b+7c+9q3epfKqd345csQH5oAeCJ7jWZ9lYjMeOUfvo9T8CjFjiU5Ri59Hcrlmd2fCbpRGck9eIrfcgLcwECNC6C8pMy84UiOAVtOGV4m+RsamXgySN6sP4/L8EzCiPQZAQ2i+N0txpgaLJ0vvrgtA91kKoE8dcQZwfUHh3BOBWFdOZdzoM5rBaeLpzeTYm0mTqTsi2oGTlMxWlfv6uTl9A7WLYFPI/RGUmQCL/3CKfIeDUAuv0FBmrVSMHuZUsl2PlLi57tsNAlRJoU5Ldpbw3QY8v4SeIU5beMppamt9s1LxQryfiv2Gvdzz9y8cZ+u+3SWYGJlvD6CfzhE5uN27EAwjMdxasyaskuS9kxDe8RGMZ2etZoWXp3YiEUloT9R8fFqVRzk0JHeiyWALYAtsQJes3UUR1gGGTrVNTyAd+/BsRixhYsTZKiMjl1bQ4+bZvypPNSnS7RUHEox9/1ikpNbA6XXwREnsNZWwxs4ibQ1S850WCwRd1Nf6h5Jq05lSJKJKpE+MuTQLOK34BncDH6NA7+z7JzXnXU3VpZGUyPfUzNd1TPIP7M4n1hPXrJ0q1EKUgo0KvSqEj1P/J39lZ4S6KkxK+mD+5y2nzA7oOPsMoPdygJc5hHPSEf2Ro+fzhY6QzkrQFV9u9vbvbHiuhM11x2fLxAs7o8rjdrBr+9uvb+jZ/ZGepWgDjx9EZpQsEzhvG8SSpZ9ak8KrR8SH9t+nsj0J47xS2SSPWenryGSb6yf97ywIHnkvPAlMh/WHk0lAkXTf97o1EaOfKY3XAvfEwEDQLNabT7QAESjVvda+mK+Phd6JqtMJQMrfeK5V9sBgwa9eDEOqMyTpxKCiaDDwv0ankSn1p+MIBvUq2braKZl0B7swUPUL3p6e/DXAFFrijOatZmhgVcIf+ekxm2RCk6BG3W8oxitJUC8e3sJXFvHvIgQg0TnaGFnX3mN/+zPQLvEsBAPvTfit1WQOe5AGQ0vciJxrqB6DNiWqq991HXAdGct0Hgvy489ZotCQY+1sbcVYveLcLwi8AhkotlJwhi91pnS5lLkwr1Dyfhk/eNjySbuuo9nOo9mlj+0SfksVfg1BralPnyWngLx7ygeu5enJAuMM6SsrgNXhcgdUoXd0+sn70O7/ZQn8uDxtGAy08+S+TJ7RbccEJavARbb2YP4c+818cPYRVXXeOb9Aomyvp7hdb+Rd0P5IGZ1qghTeH9RuchFktHULILAHnmcIY8hneajqJD8aajTL8eNxdSXyNi7AaqxiBvRSLUq6ejBrwpv3vnQGtzqqMPjuIekQ4EDVrOiJpPz34CXB945v5Cddm36fOk7qgEs3c/RypOfcOKfzMcyOT6ErBnyjmItwC4h+4c3IOxwxQsdQB/Uk2WP6ab1zKKT3phVJ5joNkjpTI5frA3Vl41Ac3mJRKaUnhwDUQkV0GEebAXzKfwKiKSP1y5qsuHTfGOSdj3si4W6z8myzCYBge6Sc9yFtdX61C3naZgpA4vfYXQ9iOxg37Tuq0xaV+D6DsuC6t3Zz5hTPSj0kv4muwHbU94IUR8+9+9fwPryBIb2dm6qK3VLPS/87MwkSevp7x9rqldhELBzQ88+T0HtdsqrgUVoVqK5M0OcQLcZIl0sxecSBMYETW7qvFJTmw45kNnAFbe21bWcxL/xvaNZDjhQ6/U/InrrKrVuCSfTFb2jSXz0hDZxJYQwX4mOkvCNYQbLDsIoM9cvOcG/bMp6BGw6Fp4AduWkuaRsO3cKicC+cMwQQ5m3xJR3/DML8Deoit8MGK5aLfxMSaFBFrOoR5qW0IhOfaygQjkxlYVB68qltF0WPekUK1K9riZmW+XqgOb/6OOWBe5EMm20QTQtqipnitKEAXhNQ3HZNmPi/+wGOFjfG0mE4f4exNYrZtNK1ofl7lLohjXgrEq+iQltNkO8X15XuTIwUi7Uws2QPqdJwov8+gZygbIZOeNx2eGp1R1MrXf9IOnkB96fpJP8OOvTU73ibxkefOAC6okiK0nCUM1v5Dw0C6t1AnUdumInmtDlnuhtHSJNCEg1lE1kqmH77U3Nt+cvxC1LrfPUf/hpdnQI2cyAh+yDqmiYccpHb9H/kT8F06jIB0oarwiFxP8ILsz22yEHkEs+FUVblZ8jtTRJNz/GC884VMowSMjVh/n7m9fpVZoN7ti1R1ZDtTHIr1uVhd8LMAMqOh4V4EiHBZV1THhH3S/re2HflLpsexG7MgWaQzRRL9o/nwYKJ6Y/3qH/UgBY2bcF+JyKpzeXFhFk4ZdnVB+Zm+uoxAWfT/LwItFGip9XuCWwB8F/22bOL6tgU4AtpakPp2yFlPL6bPYXYH9c0pLQ8YdoSOAJ6eiaU6OBG7bvKrgDoHvxyBnY8phwbBqgV60CBEZu48LKyhLqqtYPJRqsGiL3olbXO11AzaA6ekZN0tQGSEJlb7j5qJtQ4b45uVETr+mu6uvPHyXXV3ftfp40NNHHDLaC2KPn6eaN/G8IxKAbQGbBbVlOayo96DAAXF7GaNUWIoKPoWJynG4Bc1OeJbhQdIPUGs2sQ2qVWc3FBQny8noHG2lAsmzzwIgxA6N1EDfz5VpFfpBeA2ukRydoYJW/ZIL8z4e2QNV0rXQ8WZkbQKLs0HghmbcgfOJEXWRLp8CIQ+3gRutxEQgL0t+xoXgkIcgHI53bkh5hmxSzCddBtJSJNg0pXB3k6r9MNIlChpJWBEvSvpwDhBVLUqwKuzSH73lPNgE4CKsUcPvKDSEyIMR9yge6OY5JXfNUbmXFwQ6WREUlclaybQuUspLtxo71qgUvYT3YkJwxtSH49o1l3lLBSq0mj3n0ghsoC4tPv56IIWIPhWecgPz7bKkTLESQ6pb37IT5ycBD45amrqq0vEBU0K8Oj8Uh0rvo9mHZ6cRu4LgA6xjnH2ChIjN2jqjTM4wkmqKmY8U1ozA+AJE6dosZeGjs5Ut7mhgfyrshVkYkja/rSXX3QaOKFDzSg+BlmsxBOegQ2FviOMySqeSaa8ie/yZdzjXWlziRt5tUiflMaNfZ0SNS5+aod67Tz6KaIFcEYWf9uoQTer4AirtLTYO01YL8yRoI0SZGiwhHhTT0j6+s5AVDrUQoe4EhKJqtZm2rogg0WVoF/xHbMHhJBU4H43s+i3kOASkxTe9VXyS70AmjnQ9SGsizvhC+uazBi/m/zhLkqtLvrsC8HBgZKN4EGJQz8UnsMcWvsmI1aaI05pEXD2gI3hOasqbS0eT7Vz0L24KBghsarbj1Ty/tRnEfTIAm5QxmMzS9oi9aOeWLjPiPC1MWYS3MPOfQ3VH7M5WzJLUKv/P1xEVj4VNvUwZbyzIaemxyr2bU8rlj5B8yWGdk6zWau/gT3SbfQITcW2vpF0K8Rb43q3K+3jhunzRrqnlg/WcqBCf5CuF6q1Y40qYmQp0wH5hAy3uO3l37tpG+A88lYNHR6VdH5k+8oJYktjt87cL3bm7CroIWNuNc6gc4Lq1LY6BlEWTpOgIN8V/dC4SrAYm/yqnYLrDvI1HBXlQY6YGT2cEowN8Qe+g1w8tG77lNxR2MTSZFhn1UnU9bYsAJvaRq0F5P8SyTZ5bBPh9tCFAbK4zvyhbMjqjmdgsI2vgBTb35+IAG4JAgRvwebcsCKo4thmnm4qPR+Mu7BxfXwjrvFBlyhCqdwdl7ZO4wUA0PXaV1EsHGr7XcuiNzMMT1BFk7h4A78uvFHvFMH83Zx3JYgXhGB8szDm7bMhQtnl1IG41NDH02nxU7lwx2cZjb5KDCynlMt7ji4rJMH15M7TSDN+lVxuRpd5YUG7xTIEJT9f1OZfmxwXrwjoiLVqisfvym6ffPc7uljITcIsJF7BmcoPWeJ/mmwJF4/iKgf/z5vFUO75mtUzZ+MBS9cm7aNR3G9ByCHNeJYrM6i6BMCJL8EZBCO2EIjZUB/uQNfg4OLZ3dvc2JONujN6y+Sud6MuYJ+6PJ85BphckavOsPOt7aNQUPHqo8NMOf2Yn6UeMm+zlqHzEadN0URGMj25kzoHP9RyL75q9hYb94Y7FMhltYIplbLs1o0Y8Mpc1cnw3w3GlbcUulgE3yEuKMWyoqgkwxGh38wmKRsu3VH4P5bF1Wmt5YezJHr2dwvryjscOGiS4t6Kfcq4RJwipZ1mNoB7WFUJNzQeZDj/ujVDEcaoqgMFYFyFZhXHuqNyNwSnh5VyyfZfmrd1PhqmTYgAZ4hOSPNy9UtYZjImzP4Y0eYuVLI0S1GXKSVDR391wjN80C3QFKt6RHjDKJnoB/E9u+Gd6M89qG/Oltx9maHZt43pIsxH5FFAPOs/0Zlj1xCb6yObgzvMeB6aFDp5x+tnlnW9JzXno+STNTu5yKjtVPKQclr0OKXDtkFHJvRAYpLZ7E81TPxR0Ys2AfqIrzZ6Rt08CHmnFeE5SeDTNuKHfCttnnNAoguP7yVq6YtAaqgQGbjwHVueIpVTFgjIql3ybqs1A7CdJwBElr+XuccUmvDSou9UkENsRmWU6+oi0Hgm+e7XmBg8A6FBpPaZfi9OLI4Dj2ZBMNV6lMw/NlvxAxnHB5H+Kf9yiwWpVxVqGg/2RlYTkQl3PuxdHpdEpvra/CMhayX2m4AbW1HXdQple6kt/IwJSe/i1frLaJ10A7pIeG2lxf7WOiJ5M72qGTs74voT0sGUVtut7xE3B6bIyr2knGJPAvE9J2TEsOEzZ0Dyhx9evEsBYTzq/ZUl+lv8/AjbGskxQX4wsUggAAILcge84PKyEm3ueujg4k6/kR4Q9B0834A9hum43hVczDnIWewlmYcYmTTtBEHFvdkvUF88bllkY2F/Hiv9wldeyLjkFq+QT+KhneiyamC7xbrmQdfA5M5RzWk+1zghdPtXFnMjBKdL4Q2donAf91LgMavTV/VqC0ztrMvoMKDU3fS3PU/zjlil00Wsa4+AtaJmmANUKE5WYin1E5apK6awnhWYi2BU4iQmg//ZFWV1SdaS/dUrTu7XqIDRcCYKOjw/cRjKs5zB9vdv9R5TAIj2+BbbCPHnB24BezFHzHm2nAtuTh/TKPKj81cgxY3NcG3Oy4CbkAfw49KbI5DU2l4gkJcdcc5UsxqU4MYc09BoGZKN/anUhYdZCz8adH/AvGRXPU97Toyp5a6aX78TlrCDOKnzQTLitXsW/BHrDdCFQCNjXB+jRS03t+HT6BniUSDlJNyf5P7FQ8EpY4HxFgSJV2cZAKGdPVrAB1XVhls5NeT4Vifxc+2nFOqMJ55RKlnD9U5yZ5WaA2zYmTTiM6zjb847N7Wqxg0IIZxNzdS3NFwXTaru5Gu0UlYkcJ6c+iKdfid21Tsqh5g1/XMbpsV+hHaeCjK+lUufx++qa/2HbkNCe6Q31iRLwmDNsUvKwl0q7Gkxk6zZFf6LefUZYxVaElkPYyt33r3Diz3NqSBbtyClbuO0IzUF7RKmLGXr8a7Iu1Gjf7vWMwQV6Z6qDoWxO07OUnYv+imCHCR1m1G9b8ux5TVZwY/136Jw8YXQB1sM8TnMkPgCddb6Fnj5ajToAQhsvLACUcAu3XrBb1hIl9nUApdP+357KQgYoAJKKbuEv4pZK5qJlRU6IqwK7kgHKburq6OGIAGzOY+MjX5F/pE1q5ViCp/qxnhAFR1RyI7n0Yu0Ft1go+5hKbarxo7tOCIjkWy+jOci4ERezffgo+RH0cPz4ybG/EPwsH+5FYvQwHAcV0sr7VoGZ7HH3UhK9huiJOxPwtlUVYayWex4AF2dqXY6zQRygbjnD4pM60tQO7cYqvLAv8oI622Kz0MBAkryamiXptVkY2tS4o1LaKIVggHJf4apDmeOf8yhc6ouuUcUxx22y/B+Y3qyXa4g/zN47nAtTWJHP2DGYRmLIdzwhhZoMEYHRSY3/V7O9rmjrdxa8mMkFb7K6nxDszA3IvW/aK8L8P0KlFZsSAqT4ajpr8FqLgeIPz95l4B0xMotdGvCSw5P9jQWriO3NFx5W5jsVI3Gl4CKenYt/SkSCdr1aO5JkyezIHcE+zcZQDdcxhVabmCvqVMb4Pn4HxphmEYM30n/QnIrTmfctbP9kVmuyOBr+74KeNWVmHPpqUrwZq75fCCV1z68ChJ9j9rZE4HbuousbUzsMnZ4WtHlDLzJ3MhFABboulSuGdHQpxj4Z293+Fic5zbOVBjHPb87y71bnbo5k1wdrkSUiDUKqOhFr81pyPmC4DKvwBVtTJFuvExWHs/KHr1LAh5B50789bYX8JSSQbqJB1eNpv4cSWpNsV2C+NblaL+Q9fc3tuEOJCm9KJPJuLUv3RpZcMTgGBaw+idA/16Ucam2LjzO9oqJKlM01NjYfVtnLQLns2jpBsBzSids3mdg2xcAvkV7U6Z3Lk6QlAtLj9cwtjRLDqYuyS3rqqlaQ5LBTLfA8b/NzFBSvxGlHQw6Fj3D0HOyErVcMkH0y20oGMRoea99xSo3X3K1OXP/ez9AFRAqQbteukh730F3wU25z5qlwiq/xWl8aHH247hL/Y5aT8+G3LoZjWiIIBctwI9YofzLQXq3gWURQlNghp2M8z+2N3wb4ceVzauaZ1Az3X0/Nasvj5U8zpASCuL521gFbYYV+KCtDxlF4rbvv2WAXtepPiUTSVQ+aqHyrWoczFaiYgJdZ0LzW601PW88OJful4MHTT4qEsQ1iRrTbGre5EV7gPHXOWvfEKH0H9LlbLnyrVP6OamOpqJxnZsfFqw1kXymAvVmc4siZreZw7MyiCvmLr+tP23DVaGQowQoe94k/EVfxl3Jj5LRI81dUhDF9ia5gN2SObkPahbi1pSSZOFv5Qz3K6TIBE/HfHHYW7kgICAgIDwfUw4P2hgwT4SzdjXwviyPXua+WCi/luKT5NwYTUzZKIT4RDrPbT8KzPO8YLkCjjvTmC0Wgh4PU3bEsXzBXY6RdMkAokhSEIRPSuhs7eQsP6LtNehLgvjE+sSz/D1cIe7Q7KAfcRAzDOtG5iNYQPftzwkE6a3S7uPA4aX5CuOqM/LEuTiRrU+2/uT9AnV6P9doJ0QX4ZYLzzrWdZCmgoOUHtR4zV3gviDVCp9evXc2iCh3WU9dmYtrmVxNKQztkRDq+O/gcy3gii1tZJuy83pDBFtW7B14i7uew2RwIpc6ojbK5p9uglayuiqFyCnq8K68ZZVCtnV5anSQPsJbbOePvS7591gm9eMDJ4W4E2s7TfE9fjy2fpNDE1iiIpTwwZZEYGIgnYVjE1HXHYwW2xTOMLSY2+vtoV5I+jlclLX8i6Efj19qZBE/TII3RFm5PUkr1+rmkOLwdJjkCcckjTx+hA3hC+m0RycNfxXZ8I4Eq9FLbqed6zB3VmIKP59G9qZtiiZsg1O/bP18mVd0h/3rifB0xn13HfTafBu13cva+fddXvR73d/21F8PV4uugBK6RTigUb1ADkF+/s/XqcfAP9nu/wTaho002s8W8g8jUxoWkboTQataWRqzEfz1IV+4EQNUoqn2PmfUwrKz8VRK5xyNLDV29MP4Jb95LnuB1YUzSiBa7wq7C2JOsV+/fyLchGzJBLzPNTyIiShnNn1zBQDt/K3RRpbnkTizz0yE5Jq0u5bNHW43Fdfo6l+cbVpEye8HMLqxqkwf7xYQ7GqMeuoxi7eWPsU2mYkGJBSad4IDc0T7lds0SDm4EDPv6JlZV/MSSMWFUUPFq9tCxU1K8NnERax7wQsRxH3kciaIKq5tDPBjZhKFdvkh+bFDCg3TWdhIlfm/sSm6qC56ZfC0tkncsKlxK7ODMfhR6zrzvTonP3a00qgyFfTSYy+j9zFo74Xbd5JKe6gM+TY7ZVwWFBe1mGo/XM77nJ1jhSgX+9FtPkMHvc5jJR764Li/QrjFGGvu+ULLBpP/OMGXugBZxzXvLnHRwQoyXyCEY2m5z8Zz+ihWB6xAb/iWKueMiyIJqG5NnSb+xkfKAbx+Z64Xk2DqVGmEMjPB0YXExJFDn9JAllWk3uvUDeiFxDBkLcdCafPQ6Up7P0ND2A0JcgmtLu6XnIBeSj4ENYZ4XKBK0Ml7tgL+HTIxa7QlCGzKVcVY9rhMyNUdIe0kdzHFBNYc+JJ+fzeKHFzBogWV/XK45KL16po5qgL7TZQHDIGnQ+x6EcBTz7GIGomDdXI7D2w2Upkk6fDG8QmPtsq5ihoy7T6VRLCaB5/tOZO4UpAxfCPDwTZTlYoeiNLZzSPaSHdqkhpKIz6d7CFI/NDjtIKJ9KAHVXTFKmdyfEwXI/Wx2ZFWnAAikWgSM6ZTDEI9odNOJA2k5fcJOHr5y+xhr0iZdyJdSa8ydbbxfMsoa6qZQqQI0Ku6Yg5dld/JjsF4C1xHcM9rB/tuNprLjsdjafJUMdZeBDOS+vkPb1QTpWHcWQDtV0w6Ame2kIrBWwsryM1e9FMu6v3a3KX0YxcMP71+M6pgLJOeFmaKNKTjUQQHDF9IP82/2BMzIvLzntNrrutWErSJrKwn9iBs48WpZmVrxQ+5AxCb9atBe+SyCqgDb5Iff9hLTYsw1GvGBD6FN7cPQtAH43u3mtJlmM6HpVAnM7RIAi3exltdnCLvuiU7siMQ+/dV/65CjLT+v62rdUOFlSzlgF59NDrDOedhamzLodm+OYtp0hPZng7Iwt9n3/aEz3pbHlxh7h9r6B4f8GdtgFa4MgnMWVxhb1Bf++SwLXRlrZvJnEY0WsyVz6DGsPMZ/AfjmRXcwHz/gAOsyZcYmclT8DPxNm6zN0Coz6Kz98zfCS6USBOcU/4/Vjj+4Mo0EVQpQyxa17QURUT6rOaCjpB66oby1iMIebYWVthlZh7/M+SODgBdHQLEi2IpPq8wlCjaP15XxOcboKozLVhkuDV53tH1xcBp94eXsAr3OjqMngOTIcOyi1vWSRmoEBKgvxvqRJHY61XNxTLL03c9WWu+a5aVFdJ9nlA+xW7tCAVykR970Ym6zOMb3/O/qfj2rrvt3xxcJM2mJGs1bfYy0JVbp8Vrkqe5GJvEDXxEhi3I1VfDOffzNrDm/UrE+pE89jt0TL7MbuVGgLS+RY65/8yqhNF2d+EgXdYYWbaFjdir6ggJLA3gG+AG+VK629/KVuB2vG/aO/u45+q/Gm661RDskME239CoyoNvbV7qygoGfgPJdQe7a9+MPOqUViSqaBWeohjPCJDYu6kaGyF0rNhSXlWm/yJWbZOByPfW0+6zlJY25mMdzRr1fwsjBRgmsPkbc1Vv3YmHD5UT0Fh0xEMLl/fJvxFqFIUJqZ0DP04vlLNeuCUmtCfSNKNr1aLBQgZf3CwTRZX++fMwVE3ntdjL/i0YdQv7AevnDcHfwDxHBnLrMJuTdNiWs75mvPmU7t0NBXytqmxDz4b7zjf5cdnuL1Ve+w6SJTuaIkse4EOhhLvaZYLNcsb7BVhVeeZ9W17KjYtGaf6EXVKCI9dd1FM4VZm1lE7+AlvHq0FK578D0mCsXmLj42OOapDpqL6x9Jy6uTe8NQzWVhwzQ0fCEkKCBXa37sXIzDuSootarqUL9gwRUucerkS12LkCaglslnSZhIJyfjudpvThtmmVCnp1QGRBN3utD4QlfXD+ZY2/f8lYraqhko5KI8RjZUEXqoHkwufx3k96BYuT8n+rXFxfz1zqwdt0nO6qvvr7oSAfeBDMtGUf94bTAjiroGT/P6I8gl9EFYqJPpl2++YIbAkNN0C2tK6AHwi5TusUP4CJxwug5dKnfanVNOC4cIVzSK6PwT8TBSuWFiU34SajvjHIOb/VqMz7RV0xVM8jGdS/f5qZuX1/3yyziNb3D8vi0YOGGDJJ4s8uO9GnAuFPYlaAe0uz0alIg5Ln8uIJfLCrMLrPuSBeNSVlh5bvAIPxbZUa+6qQ85Ccc9Fki5DfQYHlduFI7nxc7guTUplTgFv0ojLboeIEo6YZYnEp0bJC01cTjVhpIPXsEaP8M2DaXSNXWN9v8Y5lgAWyt96JHbYCgccT4PvyizN/S3m9ph6qxQExpoZ6Nh8fnZHAT1LxC+fvbbQ7yp0gUUBEGm0d1sRAFB4v08lNT9kYY6WrLbZOv4H1a7AguciEiFdgZ3O5e58AYcB8rxgNfQe2V5RZmHFI23bctxQm9nUMCY5HV0LLmBztyj4k5Tw2X9kH7mHJCLgTnGlsliqiznGZmr7aDDnDcr91xv9EuaDdoalg++asxLRvkMErcNH5ulg75LN6mQ9aLeOZq4AxpdU0Pe/RVtpbjMq9WmOlp89+I0KsRFg5IjNdhnnLtk4LG+3cesl55R0e8gomDDu0J9Mz0/05fBPKLbEszIVdDbQJbZGANmrUUTNlsJkKE/wgOpORDZCe+6kPglGJEaRPXb0hqeVgeslP7lqihptS0CF9CLMA3R4SqIMTQELTXsMUv1jv6iz/0Lb4ZvXBt2m+I5hQXLGCnWaBJnVaHOZLu7dnhIvcLobsl7b2VLJut/PRXzJJ+uyRawSC9RXOUWgPvUrRP9Btq4DWexyH04MgyNMA6z0+tFiIVOr8GSZORlRXlJzhNfTu5mxe/wTyPJLR9i43l6J9S81BQqneT1Dn759+bEUid344/v9YfWkjU8XHSbNi/dcl9BHGCK03c/6zC0Xjxg8CuFJQH57TBSHYF0ZHVxmTBpWGol+4Z86VVT4o+0syTy28Ll0u2PeJcGXMs1yTRT8ia8U3A/452/tL9r8p48laSM7xlakhbLftVaJ0el/wuEGT27LAmqJNcru9miuXVZ27Csurj4U2S9uTk2DfHtxYOjkFP8VrLIX7hX69CqCCC6NpXHpBPg60xBj2b5EN17NNQW9r1GEtU7Z3b82mdEdqoV0kHbtbLQwztfgPUZ8q9zIhyRxlhqrpJtFdirVgAmy553/WbxE/QA7hm/bDNRqOdu9EibDIwp6/uQ3/r6yCthrGf9BRuMHR8InXWaDYEoAut+Bo5t55/WmsH8k/2az/3MThGIjP4C4IJtbCKl31W23KeV7V8EiPjhHip7qDqdrvwgGj71eZxBAKxAfe7lzc29HLb1T3mTW/IXNbrGGH5iJ/06RGjBaobpBGDD2Jc9B7cktw6o8x380Nv97Q59w+Pzu7vRt8pl9hZgXx4GXFAGxNU73WJpxiCveoci/ZZrfVkgikiQl8KzC80/WW9xQnmcR+m2GinCYuBmCiZpbKIrrQJlRxtGOj1RnivwBHj0WzWTkFH1YO5M/i50TJFOZpmR7CiGqPyY8QBtQAUbbOxZq2dexc8RIKe81vB2TS4S6RiYeDx5UmDubTair1nQxZsLEruSNDFey2QfRKw45eZzTPobcY2p/4PP+QVbuvIYS8xJ4XKkOUgBK8YcP1wE0dRnWukF/yaiNpo1X3906pFCao1jvvMApqeM4DBTBl8cZq3BKPUeoj4lAEFHUvTvWOveGPmman0amRYNbk8LkZWFzer/SZ822eEuTJPZ+C4XWQT66s092zJDBLuNrK6uvFE7e+NFEbfMy4cM3h9LRiG6fGktVtyV873eLRd/rXQjzGtrp4tTUPVix32vzd2/woGn0sKOUEA5HsLbX2KVngtSDof8iNMw5tUuohwjLDmCf0b7pcSyw994IAOiLU32tgo5lztvj2dfRbJUf7gNWsodQga/cGE41U3nY3eZ1SGwK7e8P53JVQDxNhkqtDVcTcbU6xuLa8jo/AU0VFfEM5HmtHLVPF0dvj74zjVtvSoBd2Gx8vKacH304EPU+ZPbPqbYTxn7H/QFKhLsQ8rb2cPtHrKGtv9xgVSDHTM++iZ4EWwiWfFWU9O1nXqXwYkpNlwgVD5S+j7mmNWSuhYoav+S2pGjXSVlMUxAqeHRj2dE0ehKHGyAOOg8RaAw3ghPjTYGHEG8nE74ywJUyrbMd5T5Jt8P3a1DEgF5aV1xpgveWeBclMMtlKdrkIpsRp4uTUzOZpObgA4Med+s/nTLqqvSh4QmV60RQeSxGpEglvhbUHo8eSsVSeaG8PYfwfkRnmaDFnOKCeJWyOUfWsgFihU9UWRR8QFiQcVYchx9M1uMh6h1inGtLlQsOLC9zfMP1mWZapAqQQ3xSgAhNVG4+pPgP5VIxfM8NBmWvj8NuPeGkjCm0ItO7ORnlnRLeVRHZJzC4Cc26LoAmcCzHHQhdZrFQWeBXRTknupPIW6+N971nchWhrowjcgbThJL22t90qbU+GYZJww/hPv3Bn8qGUuKLqDQSD5rAFM1xe700yAQw5ZAKEdbhs3OI+z2HfB59Pxnk7wASQ9IYkXatFoaIKOqy8Q/sOZlqKYWh5h9gG1/eUqLKocTVItqNBfhq/ZAZuDrcD5tvPDHwOuu/NebfGy+GKcLW+9edF0/UL6xwPFryuNPdN6DH0t+3fZxvGma5nO5Rvnv/XOiPnNjpDBV+mFOBgx92iIgz2Y1Qxc5mE/EgqDUbMg9VXB9fAUqxoOMfbOtxcO/rkRSlVeTnRWbsObJriQBz1NNluGsWc51fBC1mC5yEPDiAyUTKIzH+I/rLehJBoK1eioJUfCIw3utfgNo+UPA150h126iiq0rQvWeONnaZD6h60FESqYwyiDxS1aEVrOAaZnucjcf2F09jt1CT4IRC86kzFJY4det1yV7xh9FVvLbyJ7/+XGGH24NzlHII/atd5TCshiSep6+u3qLlwP7SntO9Rc3UgL1ADE8VftGA9J+8l8j6V7THzXmiXEmVRgP2A9iDBgsAqu6nw+KznJS5ziN4ie2LQjmXODlq3pvVwYSHY9Bxq1Z4A9NGXsD2ZNIRawbztvRfdj+evZg0BplrnQY8qPj7Iumbvbai7VSG7zV/7p7eokYvRtW1hDT+sBM5MwbPdpsrUevfzip+1dO/7VkNyVtBNmsaVZ62OfNPEKb3LK9m3tO5/Q+Atkd7xJw4fYL4WWB5yveeGiWQApl6VD2SGbRUHsYAWeGED6nQkicPwPQUiT7EemoUdgxBzVH5SaDwKgs1dIqttzVitPKtlqMmltQ51Wb5XrrT4HR89yg9SpintX4tNrtLUra5qdXTAE7TYKJFZxKVlRCuDfkahXMfB7fwpjF+OmHAPdsfzzZ6xnMvykWnDZ/C1Ar4T13KYNeDZx5jHmGrZ8vdrr2ZFv4xwc0Iod5TK5JrYHHgjgAoesvKhiG2uBBGIG4fKaTuqQsrOQ69ksIXKPeOYiFg5VNmTYUgFq1OjLICWwzX6c3fd8t26p2pRvLCtTfgD1Bgblhia5h0XpvfBQ5TKqxDYGXfbnrAjEGrS75NJTM2B0yevBK3iAU7Vg9oxPFQKg2yhvpPlm8FAizugNrTySAS9QaelOerZUh3XBTBOZXnPbZa46ISiTl8Hsq/7w8fNHyFNF32p7S10WxBIfrguWKUvrXFClyCGj0QgREwRD+yNFRBoD7x5N/tHp7np/XF7C3GWojXTB66+FgrcyoZtJ6kKiE+ZGefRUUA+LeF+yP7xLt1r1CkYXrCr3Qnxpj6DN/e0kPLQ8yW0scH836eMi2OVbhFyc0npUJPzc7W+HHHi1SM9nJO/hqJQ+C1Q0SvHqNRHZdQVY9jMa8YiJEfsCjhPLlnkpJQg4BiIXApt1Acws7dvUblPHhdkVMECO18VSNWwirgNkQ9EEyV9d+/PLSTH5jsBvS09WvFuY36ilmULvN4Uw23Mk1qWIyQWiRvf85AcZ1PWj8w+xKe16yOKih6EVzxh0N7XFUnWxc658m21+mQwIKKohfdwaVfmiEJwiXP7tjxu/Vv4jycCoZMGZA4r66gWwqfJ+6W2eDevZp/ixkT1M+Gk4nc3Gc4vRWar0jVu90/2ktxawtQa9C8q9qZrTlfIT+UPuu5tqHk+5fDekxsH6ke0x+tgOyloWQZRLSlCGO+CZr2574eMRIPorhBJAVEq12ETsQFTqNy1xxwLonzB9CgFbKxWAmoi8lH5N/q0N0Nib5MxiAkmSTg1zXYCWL0R7CWHHTT5GufEz/ivrNHh4oke6JtyId5TJyzN9YXp7ZqQMxArCBt1R6hpGOHOqSxIb+DLfGMW6iQbIrh/3pU0dbXwu+9BMlBXfa4bBQdcY0Lzg8LENebvaxyDLrSauwelKyeS6+Nk95X9Ojb4ab/IP7c/bVyBWjUks1YNqonrR9oI8lpSBGcZH7o95+sPZ5enbeLxm9Bm3aO1uDecDB9rlqNsvW4EWhcnh4rbwF2CX8w3qK7u/bPJGHhRCmxPKUhlZteWLQ28I3R0izkRPTWDtc4+jv8Y42g7uuf79IlokEVKn757JJpuAnSVcf3enVHOkV7JSRs7Ijtes0rC45gaZSS8UsieZrefp+ewwF8BGBkwP9r7o4+1YqFKhfIRbiruMBWSvGxwsmZPPjI9siTWeZDGgzvJy0stgmmJIduFx1VRGYuujEtrtB0qUyJHjdA9iZjU8Erl5ztlyaNG7gMDLYlCcBudt7OEuFDna40Gzbb6W6NQ+e812rzVvFOXjCKbJrniAKMLhwQNYdrpZ1qMZRsSif9o13NvPE8Y8jLVhP+dGdp9M/zsDl59x2SQfg8tV8u4bSl4fX82bBr4azntdrxatTe9NNqyO5HLoIRa4SICQ2U66PrEjJzKHloQ0zYN5zMcSwR574k492HlWjjbfDVWIqLRZv87k80fYlUcCL9OkoDALfRFJp5eAr/IEHQeU7/eOvvrX2ZbeHEfeYzBUfjkyfvjAS9A/Ed68EGfc+iy1P7jpGMWjZjRkP1AGT47qxGcfv9Y9dvuzWzQZj9sC8pVoAPEbiVqj9j6QQXB7ouYe9RTwZfUpHkmUOrYuKwpPk56dpjq816lXQ8Bc8/dHHo8jbdYZG3gT7AML3NSluTZEtiXeCOZUQ3rktItWjR7+rZJTA8ts7PG8wXp7jp2CKi3lwEjfI04MpQoY9RR+bXbgFMjMkyizAFyvCGoBC+Gj0Anm6DmWD8/AfuRSsFBFUsVU7Aw8ioeA73g0GZIXyCB3Mb4VxNoSlytObmlasjn2532XVpcoNVm1/67fxTgn/yw7Uvyt9CDTKydpHkJC9ydd7Qwanlvi7Ycl+/svb18QYQlFxS28m8HUSISeh/svH7CNPIdKY5QIwYxQm2yGb0lUtLWyPBk3dQU0Ju14yXuyD0ae0i4hCfuFRYJb3QBiheKtmqQ0pjeToq7Y7pbLtrn+7XtnjwVJR/gywI9TWC65beHHDhvo5FCO6Q3ZukMMRbNMVXl9RbnzpT7NEt+6y6IE2gcwG5nRR3JETPTChf0i/HX4IifZPAsB/4CmxK4dnSekfqpet+XevwIG7GRxRua0l7+eeuLI3PHlf5m2GeYMzhkx5WUjLwtE/oVZiPibAvkhlv8BKxjDsRMRNJtam+dWrRT92zFKsK1Ea3LhXuZ+4Y84Gepx7t0eBEuwG5K3PtiIJB8qVM8riKwWNmUsfTng896kcX9M22ka1kBeoBKT3C1I6O0/rktHme6jXPAe7UXlJz/X23FuDgA8ea64Xxb7gSUcPimalEkeO5YeWuHvUl2m8QvLnyz80Pjy7RYm1lOp803tB8ushiXNL5Xc0XG+Xzlp4+Zv5vieJ+GjvLfM71jqHKbPVeVVPvWt7ofupc2F2p/mQpQAysyj/zCaXOLL4UB25sX1SGWa1D1BOwCt7myThLfPiJawBPNmGmYNw89RMadQvFutxlmky6wEb7elV2mwZNOetCQtW9bGwY+zdq+zGqkhIDVypmL0gKImuLmvmuwnjYAmu5R0GwOHCX3DPfYQqHLOobC+mg2vOYUn27jrLsnFy1tLWR6GkletqWrwlSATMvq8bsXu8bp2ye2rwiXzHOp0T5KAwZwDCJUg1+fbBQb6lKdsjZ6FSnC3gUKfgkhz7YZLArWk0qKwohqF8fhzXcfOd3+ZE6YSDGFo9tJbpgOKKjOg50rGf9HuOeOprlQroFVfUra9TI02bR8ocF965DhkyJNoiwJuj7vkmmjGs/CQfcJPp3ZorWnFfKrYwxCLMxhHoB71oNJlWD+9uClwSxSmlyqQWVwqVPbWzmz8oO9yFbz1B+p4Wqb9vK2DUFxTZCobHwMvgRMlpG5DEJuG9oi58s4k8qmVEuOm4sJQQxmyF/cDlxDyywBZxXvjoBycWQXw9Oi5IlYaoXNNovn7047uz8nRjSyngBenXMwRDTUeaRNUl9wKJ23+ZMh4iPuKC36XoelK1M1dxrNaEAmgBSpEkQO6sxBvl+NqJUuqAlkGWSRvTb/4PUwykw4zOCBHQSd0rQ9NZr612NChg4Ht9brkRcaDLpiLxVud7IALc76gI1bWkV/0ML6XgrrbDrRo+ciuLB+zUfA9m/tsdmd6TPIkgzrGX49teNJf8m6EoPL3aqLSraP68XyXSQ7WnxeST9yQDTs1qg+jUz+vhC5RGrqRqzy6B56FTDo5iDoVeITb4rTOCToq8ZlgL7YWho003WGIfVZAAbr0mgaRF/O4KwiYnTrhMmTBDa/wtdZffaLTi38MFd/yqkBq5s/le6K9L02FwT1DqqvCvGFJfLwBgAfYMCXQ5KdezLCdxDM7SrEe6H146thyq7je9LH5xSxjLQOKvgvXWgtiTXnnyXM37I1qD81kPDdb0du5TIJAhnxWYSjshZFqEuxqVTYn55YRcu59ERfV23jvewr48YAiJKKfGdRD+XNIjmJCr93IHfjvXoVSFvlgqjPZc8E2/ev961aldAsYN1VSD4ZdD2ArMkbHzPByALGZvnl1CdIo0x4cGSzskaZmeoIBKfmX08XiqyZz/De8APO48y9AOs99pwbE3Hvx7iOlEpAVcgBbQJ9JzMb7GLIuyk5Q3q9Zm0tJM+Tv5nRrEFh1cgWL8O23LQDNqR92AiBjVpg98+BUQHAMJPSM9wM9TtaJ8diTZpBvATJCzNbslprOBrTk3hXhZ5+aSfvmgpUU4RcqFPMb1SqkU5Rd8L7JPpH7E0bJBmRmtyO4S2MNYKyMP8ksc9hNkgvSKJB/AzyWlvS/0qOt0cu1tXZNpdatXjjN8aswphSf7ThWzt7CY8lGRtri8VRcu8Hlp3WkxrqM+JYOIIiCnVQU7lAu8M2xrm3F0dDdOJdJd3DZo+ECtFxSK0PSPq8BJ5/uyiS1dueDCUIN5RFuz4zIgRrKXS2JUYmp43/c9uQYSZrnGZiYc7HhQqjsPZ7AnA2NyP86IosScG8a6GnMkuLnnhtvEQEnGQnknDqnnouOTcvsXSAKxTZTqDvoxL5FuNqMwy2wcEvzCU6Wr1n3dgHOtZnbuQCD/Q+An2nJxSJTpS/43IYtU2Ecbhl3HbpNIac9312/ycdRRp2GnRV3U3DSawBP9XXlqbW5DWERpaWe+4Pqi0cW3/MLpfVOZnC/rXaFfpxniUy5vYY0TV44NLeu4JcqQxW39I4Px6t0dmIUozPLXHd88tRaQZ/aUgco4aOot7FcHt2V4W4ePBLoxK13akDl3FSsAkf94N3I+dSSh4avI1Y5y/9QmpjBr8JyAF2DA6+uD+dpSFwyej8b9rE95v9bpakTXeDaI7vJi+lG5bCUUKITs1K0LUjZkhAQ7Vl4xTmgjcDa0KJ1x1Zbdg7rvZPsQvxmTY0Tc908MHd4ZNuNXyzEeOiyFPhrwYYgrOzZ2QEBdc0/ubhOZvK8KPzYirbA+3/pYfn3W9v319aM7v8cedL7ZhCwjCGcZgARaFPoqM9cQLFEZzyl1x9UgCUOm/mC5dHrJ7hwUlK8vmuCL/aGDE2P94ASw13Y9LLjihyTHzUxbPCQO7XQbdR9Aa2i7szNJMe3LrMstAEiZiar6D3A55D4kX2ETr0kVfoMWPtanL7g9UFDjYXwcxUs0L6SY+ledxm0LBt1wOpvG6XCMHgUBPYP9rX5Oh1opXSr34M2M2VqHzbruOEqeq6YNWt9qjNxQoGd/str7O+a+xKBhofRu2g4RSAxr4zSBzM1nsvyjaa6k+S8T1O70P6xQyh28qpNBLDrHqBaoyGbP/Mgf24eIpf2PK6hsEjOFOsJn9+t0oylT5yYm/FTGo3SnScKe6Hb3Hv94wMiFf8p9DMQlA6TEYxNCNOuoNnohRI0k8T96PVhEgOWWFr2P7fnBuj75sPg28iRlYRKl/V0FD2vsxXut1ao3OSder9Pwp36mLtZySGbsHvnNXy1X3N0LrNq9MOzwb2AH2AS2qQvJECRFfIhVJ8iFo4zjLQNeGJeIEN3N7dnk8uC/Mc5vCzFhxUIWynOA85mBQ9vgTN0FDj65ftDOrNUzEKUi7OmGKHMsJlCB9QxoxzRFD0yGxPmxQGIVhWPCkeYA3er4ttmug3imJ/E3UbSc9M8pMFxMDzWzVMCMASKEp+Gb30eEiA6YbadqKq6pZ2FIuOEZcRfvh9OXJIQSWyV7APiMWQq59XYbI+E4fsdUHnYTZbuTGWC7JBreoINDRnrggzlrWkZ/5W77z9/cvjuJhA8uI0t8lwU91UCHPI8YAMhdV30TNiPUImtjcSz+U5fVgwQkyI5CSjm8efDJjdZOV5KrUNVo9Rfss+COikKgyTvUruPvYD9J2YOEc6H2G+vtWFrrOxHBNpYeKfSDV4Antl2OVib5gRrx4Ypd4CquFw+pLwaLa63HthzVsOZ5VM+gu8/x73rWp8hJXFkwtgQxTq0mAxQrKL13u7kgyYH4ocuFtxWv3d2aFLk1g8gtmrpx/Rtyj7dYybmAPWEFDC6asX39dEFD4d55YUO51nyY1SX6nuJ+wMODlbhQZTd6ipUjVh2SyT9vFj2Vy1pyTzerBnot5CcHXutvt32hzvMTNANrHjD2atJkdFPOj1BHG5fcwDxp08OBXE84GHh2H+OhgNbzmhxRHhInitrVP2gx3fnGR9O+YEtFx+bsDXQHLi6tOcEyuWpQCF8tZxjZ0xo9JQQH/CaKGordtXSuxWTrxMghMFXbEiBOPCA66kLD0mb7SMY0tNuPjCtv+k1GyjYbMtkT3+/t3ivG4DlXtsR6+0Nd+nAroadO/NRprWxjFVUFft4mNxM14/msjkVlPyZaoVJmydkOHpag1hqGtSI1XKNUqgrTVOqur9sTZ7juOtXik6lZa2qOoVudVdUNQ46z7LnWggm1GGYJGPOnMnmx7b4Um28rLLpVawxJZCZ+h/3ppj1UIcuXOtauRWPng7qBFaWEmfpgIwSKEhD2FiZT/MflZtJGr7Daw54rr57m3uGYE0Kmc+unKrAAk6eP0Vow8+xmyUXddFuR//u8pWDQr4xogd4ifWBAiJJngdEf1s21cqk67fDKDpHcif/ptUrvyX9lNvk4d1kb2urlCR9FUuVsWlZs/oPneGuFc5rm3kh9+PmcIUqjKVYpvbvO3DAGiCO9gvPQR121w+zNunxwekqRgOdjG+Wl+H3C3lKbDmSB+954JYy9Pizu9XEMUwP0MN3aQE7yeeX7pmsKwTEM/b+RiobK9uSNUtDtzJvJ7lI6u3JwktykMxg34Ti/VCOfG6EnbFivy3a3xYsKDVHYcdmSGQVXyTHOKpC+voPV2Th+svLWQ8PGAOAQaVz2SyxLPvPxZ+uMjlbqfj7e8ltzk+sKKJBDcrU4cf3m9nyl9h1OhNovF5n7k5TSzpjCDjylVruO8ugjLEktFAnWSO+eXu5tpVrSU2J49ygnA3EU5QtIodmlYgmH0iTJCmEO0ZLTg+jHv+3i485BE0gzQ1S2uiUCPgeO9G+eo3g2vnteECiJIgt2VPoSqw1GoTjpfcaW/WFqdoN86QWVh91Y/gH/UfwkTUSLqueqNybQWqk1stk2R7QcU5n/r91Zkfs8Bszh4bVUrgK6KWOKosFCho8XWSB7FeqxJOpWyzx+MSP8XlsxZ6gNtUZlg+sLq0XPeCb1fgiAxRw9+pH9iY1D7f1qpCT6C7/ntgrnQufi+VomctNp18eDnuxz6ezU5sezjkGj9+stqOjzE5iTz870i67Jq+ScJMmoQlc8/e6HpgHM9L9W7zOjngpiVe98Ra/kcx9O5GuVjsRM6f4lkCeWLfhJShIDmISYs12ZmGC6yNv0xMcUSpBIB6XzTzNpDUb/aDyeIrWCT0fpQGQ/tOpqdJrHeuR+0rTV8355PxqderOX5i5xfbNP7B0sWNAN1hSmWWxt7WwzETlYoVAM9QmZu5sVJSgHc7WTZ0cFBHaEFVzq9l8YVjwVJcFTPnBwmQ8caxWK65Ryb20e07ibxxW1PAom2cQgvz4JN0rPTKAagN0Etnkza/3n08DQ7J9go2YIDUdge0iMM9oGAZPaLuRRmx97exQPQYlHnnLLGL3ryxJfihS/bXr7y4e1gEEwW9/J8po6DDRwZGX5zCzip2M3mW/8zZypvLSEeZt8QMlx293de0xSLlPTbqNDVZ98oBpNPr288BWpLQD4MpdYRy5S3bZfNEYbX1KvmPVvRr7h9RTkYSsolrpR8VqLA/Z4P5Q4kkYJPSl+X45A5lLM1bf2h0ZBsdcTKvqc8+TAkRCrmnFoPmrELeSOw/ZDnc/ud2TgSNq0eajRZ/G0gIzNHf12TWzVKKYVvlLQ4IwgMoMtFEBaZm4j09bj0oKtd4mqnYwE8AjY3OwGI19uGvPQ4+sPH0TJzxZQy13b6V+QhVVk7y84W01wGisQf3jmh/OqIVPWrB4uQDyU4x2HcYLwJpjYtf11l134oWW3GXEaGP3HETbQU/zRVRoT+LVxMN43a9oGflu8jpcQ/CVFw3LicH1ltsvvhbWs55vo+bTMZw6ekvnpX503Pk+TiIcwECw5GIYFTRk5BIq1hnykVEcLxS0R6Xg+g4iMgoS+qSyj9d7vXI+ekpiZagV1ida5qcE8oB1s4IRbOPPw6zes5TbNuF3WaGBtjU6wecIBt6Y5Zn3//LS1avPRJ1lwV66wzUxStbdCSMeuf6zzqb98UD+h15wZWnKenUcIOXwTBdDGn98psU2yvGQplhgwe0TfnLNBCna18bwEexDacJJqFIRTIXiGzZVNWAHsauYhT1VsxeUQ5H5182YlgKRDtCukUFLiiC/zhm30KeEHVWud1M/6kAvCPFDniUlkEV0yosjqBOhOBjdb0vteTIrsgasSjBTPITCn8u+rKAfPjtjrXuGUm5FRdDuosyNquVb9fwDHEPF9ANKtIaXP3updmioGYQhAp9MKJpHn3THXwwDvtFt41JgSD64QGB8VlY4gmqeDjvmM3VHYY7Ys+gWZY/JZqWmWSOpfdCKK445QYeNe2+rYxBoJABRxZ7utG3y1OWOnSf+rgp9YN/anEw0eJjJOurVNOEj/wrExvHAbI3ekF0XJuoV9s2IUWonBFMLegatuIVqyxG8VBAwX/dQQCW3uGqeKyseSFqAP34F/YYalr98kWhJaFGBZVPKMYpacNmW1UhjEbF2eJ360qZFAzrnR9v43GJAPbsnLND1Bwij+aBr1TJFSgU3sZNpdOlpa92w09KqFUQWwOM2AVltasnX46aZnxDieuIk5Ve3tXHswpolAVA3W9Y6bBS2RFhDUe7/Z+K9s36L6XuAMwZNbiQ9sQN1XxoWJMJ5317MEmzHgYYm1AJ1J9pOhgBrv1gd0P1T1r+JN1g+sd1r9aXWvqedRfqRdZ/Wvq/rXzP4ivzPT76fPS/y9dV9uPbydVvqh9OPnR88XT/1dPUL1O9ReU3nPLdXe0Lpz4bWl+Jj209Kvbz1K5rjq96xOqnWvWHqqsnwt/GTDkGxd2ASDEN0aOHgAXhc7qO6xuZ+te2Q7KwkEPnjx/GgzUXqo1ZsNaSJsLQ7Wb5LQpbnf3LTdGuTKXDQq9ShDM5clKRujroqtiOxpcEqfQDDv0LnJbVVAuUGhRBvfTFxFDpymn67XzzDmbibqdj0pXnAXQkLtWaL4GkKGnlpx01mwR6bPLmcxOpcECAW+k2RU8DcECO1hhaLZv7ndnPwzBJDOjOTDezytUhh8fXK2Eq5VXi+BuAxn6cwLRU/mqn0/1lav2Y8oxoLC6eWLtd1GO/Uxy4zXO5xKxpd4AOSz0y5gase7LaTcfJIjVEKB3+ZFQjy+voWtfPugS11gNHhIkPEAnl/fN3SXRIa1axL16gJQpAGIVoKYSYhwpXEMQwp3u10IVncTmVqVd3haElzHqm5PSx6zyrTHZjwn8Gzjrrhudq2LLegu9O77eRT1ZYyTvo2LUqGj+c03WIchFRneegg+6fyHkKIHWs/0pfePinnU5FQCgkVnpS5NXVOBW8/Pu11Tb2cEQyUxly+qxplf8p10QIYdMWMmELmVCxgF24dLG5gMLf474BHL1E1ocNG1tILVfIede7T1E7u92u4ju0PEq7o8IgA66bj/IMz9yMz44leJE88btCf64Wh/CUSWcIQzqOdHgbStRWjgNhNuSVEt/yHBGTaWkdjdvTeABulcdPsF+bnIgc62IwXf6+xkafpTs6+1qV7edsjM/yyr+Ofr7TUl1iu7jD45kuBgjLLWuowFfA7a3ykiSJYr5AWue5v9hDP5xijend1/UlHIJq5+QpOySbUoEkENFWtULG282VWslMwkAkXbQ1YF1ueIaJWod1jyxBi3g+/NZyhjbb2F6UoW5PETVNSvRDFUZ6kxgxBUqv9Js/tcipvlENP9n+6bWu8snxTy8UeWLDeUTE2sPA+Py96WNa4DQw0h+X8ExL98VfdhMMbWqSGNYsH7a2HfDeqejVuYRwskqs75B92pm6yEBtEbQpujCrCdLuKfiRHFIjz6vQeXaBn5592F+CajL7EYNC2V3bVUZzQ1zt+SD86TyHRw9PbOpDAryisNaT6Co15nWxpo5yDKzj7v5hjwFUPnIEZvCdCccFJ7UUiI5IvIwn9D2UKqcTdTp6I7yQQZB6cdFjYhF7bH3XpzPXiRKHSYgV0cUiPkMr5njqsQb4/fSqbr6HFSUdHwQuf4RGTt0ZOT4UP6dHhN1G7oZ0IC5sS5gr0zQONTN+NgtoB/9bGYSpS79ZRn9VgVxpm8NKj8Ady4cnH4w6X6QAJwN1351229bcSM96+AmVC7q2M3kTNcNV6zXrh2kP/cTzl7PsIWpcVf9+5ydsqVZnZMhKFDlJNWcauaDM4NveOqMZLb9MOkV3iF3xq6HVx8egRKmqR8zOPX5NeJT0guYIuLDy7R1ImdJT7R76jVDHLcvCG2ZEeK7RucYYJVKgvuB1/u2+vWLCVMtRTtEuNwnQDVxp2/v4EmbMO8SQ3s2zZmql/u66VEjoa0mZu05ELgF9rRcNllBXLoMzPFZQyjuisFTHSUvGnx/Q+dlaNvVrCRUasj8KNIPVbOCB94tk7QobKGsmxi2cCzFUraTewpkVdsvUP2FXlyrwyWwRV5bL4ltnPnp+DUciE+2WFaI/XosLo/G+5aHg6a38b8lQm0pQJWFJpbYnVhlWhRV2oigrIpHLhjBruO1Im2TBSM4IhdUbdvhLRbcclc694jguOew7BUfGWL2om/MsTYxz0funxrheTauTVgI/nbqgkK+uQX+t/mefXEUoZUinzQcuwrQWSCKVGIb5PLX50+V/BO8ZpWAECmlHWcz30N/ejCMB1xcwZqggfil/Bc7kGIGI7vYu4sM0yZib6L38hTeMkgbrDcbhLDufSTEeDh8xSKC1s1U6ZIPmdU9X9o2d0PheF7zyR/tDYM1OylRIE6lmVxUtg373xGARHCDJg3FZzv2pp4/+nOYpOtc7oy51mGiPXkmAsa/hVPDyE5BRVeaCETb4Jdw3BlGoW4fTBNqnqEzKUOimcc9PYdlkz1nVgHt3ouMZyQ/SRVQbaqMDPtWxt4jj3LHhBtCJTmgpFW37AD7WF7kEpTq/GHHupmQxB/0Gee8EyOg9Ua9cSCExAFG+s5c12UXWVNIzAIo56UWnrYg3NJGRf6AVolF+3A2cOWOhXDmdJkXy6iGauNI0S34aS7K3y3gych1Kj2qFADFmWJyVsDlvO4bLVKof3+iwBhzGe51rj9CgKqy/qpR15x9g8TUsawddN/vZ22pRrLT488iUJf7UUe7h3w9e0HQbwL6VcgKmOAffYOC4irkiHPQHC4SvJpJ06pqTzguJ2FBvu9shUgzcM/KoHgITgT/fmn/UB6LIc56AKfshbkxhGnKerX76CXpcaGuEGwX+oc8I33lbPmtUmjU3WBCzgaMOnHZN8NeMoD09dO5Y6qpFUkmYa9z3VrRX10lz2fZX2xOkmiNG/lVBlrbKb80snTPGmGdTKKiStWvEjJnvljqt41496WmK18kQgTUSi9vKIHGPutRw1U1HBaJ1G0YouqTrDUscvuPgeka3yibfIyNs4gK3WwLdt9Os8G1dughQa/pTUKY2DKjbevihLptfHSbG41W2QotXKwSbFdUeioFa90HHcGe24qXY6HsLK3uTfrOts7prR398pxYn8fgsN+XK+dpBMHeGP76McWkNIA0K8DfoPaar9T9BTnEcd+Aw0CGJXN4xChCQa7C90dPTXC0Wzd2K8kVbdRn/zhqusDOn0kQ1ei3GGFiwCSWnuH32LWcTJ3Do1wQjS46jSSU+vn2wx/oHOkPgmb3Sa5dKZPQsoN+JsqQWKsC1Yo+q7Q0uTorrwcJEavyuKQ6Z8OM6HhbxeWwhGFBk2Gi+Olhtpnq96qmBFfkSESBtYGaIZylVsxGtcS1bPuB3XqFEee4CKI4xz0DZw+eqdGBN8opPH4N03GszjKz2erDOHdpBwO65REu0plX3LO1MPTZCokc+/HhGyjsFJxZ/ztOa9zc6S6kGYsrOPVNxgjmYYbLboCAKAsjKJP8MrAhlONme6EadfZDBl8qlJ/LAiGX9iMkTpt6VFK0karmvB2nBMtnPujQbVWuvcWn0SDKCsPZjGcX8WYmdO1P4RplV6IQ4mKf4H+0w8N/A+ca9HVTANzykljJoIrg3zaFKubJcjjpfvlfWJTYnEETTLpUvGgK4gEMRFADK8Khu3O5f4+TUb17x23PSGyN/xbGyam4wUGDo15iS/K5ccxoxZJiI81kLkoDQYS4hOO8k+eMxYXjPMJenj+Lz7TyHusHCtWJtxQQj6wqJUTlC2XG5OGRYbPhOkl7SxJwvl6kyhbPaHcEPMllLzjfvFkrLax8hHjgJqNIuLZNN9HpjJectyPW3rCNjI/qo6XFlIPKrFQvEwSY+8uln9d4+ZFbLJzTemNdJ8HKydGxxoGv3C4/tpwcM8JHsZHA7JmufCGpEjt9cwIgfbQ1nKw+Nd2BLwbAgROJLRQfXm3GEYzIHFiKv4f2tkXMxSFtFme2zZ55Ms2xnE1IKMFZVenNDd0SxBveV+lP3DdsNDT75jU+vgLSN5jTyB58awQ+OJgEsDDmepGOevkDUfItyO3n4SMx+Y+OSMqhZSaJsYuBqlT4G1BtC19LE7V1rmsEAeHslyodO1cYwk8PwIkP00nkj5TJFP9KK8xgwQMPlZ7RaTf8xmDTj0DqoJepgSopRLsV8mr9ACjjFvooC8evVdQpQmgDr7DfwlAdezi9EHhJCbTxtsvghZOFUND0e/gEgQD1V1THPNlT1XTS1OVNt8GVCfVLlXBGUnEt9Po7s0raXw47L75MlAv9MHjSXw1O72QPZlZaus4Ylw2JkQP3QQuGfnFFCh6UtTtDJcM96/HIvYNdtqnnfhuh8CKvzYPviV43qPEMm2L1VTptuJ/lI8JukcLxpSMf6ws7VQH/MQnffJEnLoOESRRvp2jQVZlTKR1bulO98m5xchRT9gtBRdxCm/Mp6WufyMnHzgES3vA+jwRh/Xgu4mZQdL6D/YYzE3oEtW56QOsE/bJ/QohQOnNY1Dgcd+N8UX8WqFX0QjiLtqxSMJ+Kgzr3EuP62Wdes7oYFbXX8mfzVmyhzFTK9jsBO/wTbQzYnG/U1Xc3BMMfN66FapanatojSt7V1qI0dh1MqWAgH4PuU9VWisVIfZBzxujilBRE8Eq2es1aM7U2hfD1shQ46L2LI+bQMUC4Dr6bSMRR3HbxJwX050TBfBX33+54fLXESB/gn5QEYNuPeB0d7t8sqXsn+LHT1SyTLx3/PkPqd7k/fUKmt7BqY8aYTrnyhE152f3xvebESA404BxDPNuvtBSIBLW98DKwhF66g11gY/xAn2afB4bZletjgGdmdwsd4dtu4iXZsbF2Y/bl8m3lGKAySOAkU3Od97KcQnPYBV531g1nguNcpDE6N6++0KdkoS0Lp0kXeEzaETHQTaMrFEBa+GvtyD9KiwakcMGjoYgWrGZjse9DpGpVRX8FYTW9rsYmdJOaL6IadjofXRLcWnuQ4nh9u8pViofJxuBl4rhA1mtpReY/v0PT6w/Eb3nTyZqpaYoaB/sGDyFy7lBB+FulUYX0J6HDFQWJlPlXUEzQ+Qg77pvOC1CFo2NJapw8Xyry08NUPRzE2YAZ2y4/HJjvFUph725JHe27/qT7OoGZPcHpgEVtuPtRoTbVowbiEV52rwZ1fjlYARsSit/agmZ2JytMU2XtNQ/m6LRJCJMP+raMRq6i2OX15XH8M+a1HEGK4Mk7QAYXTi15QxBgYDHbui3k0AAPCZBtQeesx5QxezoZWcu7Wid695O5hrdgX9QhKnzA7815BZ2ReQ6Hp5Tk6hPKJFd4detInDseU6L3OqVzMdq6RE0+CT82ni04h6Hsjv8etPPl4euIM2vTSApxJki+xlKlBGUqXD1eDAZWyPbonHFYrnDJ1MgdY2ZeOGPBj8Z918Mfq/fCgL/rsq5wPCFkwe/gvElc5okrfk1GWVxGLt6SaXGoMXzh01uhlG1ow2tKkYAdFwQCAGHp732gnMhUTcveSB3Nh20Rk2VV0et5mT5+Xx6lZYGckFaFJJpDhU5fi24cLbksLUjx1hiohif4+LQ5pudhzdWVtehCI+SV9vjrAJLg3HDBL6hqpfrI39Nuf2O5fD1t1PPJ+N+jwx07Xygvz8wgpRmYFGUigbJ2jfePvzYcFS22iGpsE3TJxkZhYuTsmJuk4vgw7FpwJpY6yE5eRiL46Wy3HVdEcx/JyA1tDpDcOhl/MHnMRSVHf2AITuEq8IrryI1nzx23HlZKk5ncpEaZGsjntYww8vhVeZmMKh0vPUXXO2UVbaKetSpoRQR9pGXy5pQvkN2OkLVNAjnNvBCOJV5a0OJ7xE8YdD52WMozx4zxb8FlX7BP4MFjiFaH1yrq6G4meqqXcME6F8PdHYoE/dnsI2mVvBYhTd2KlV62f8ciyepw2ZLCjRoDc0cB2uXRZPcTbhYfAUKNyBVYM+zEcExRWYGAq9wnHMOFet5HlxfSAiuY4f6wTL1n86TrD7cdVgqNBTxOut9chOOQYWXm04lWeDLFg4K3okRPTRLg+yrLmUYgWIy0dMqp3mkYdPWBdUKtKcAbMAVD7BBdKinCQut4Eq5QeB/E90+zdejMmKE74V4tTK416VwkWtWZTWBDempV3VU6N+r6vuxBS588E4purGMaGeqBbpv9c0CfB9M4+VrXpDeBICBY4MwvMx3Obir3T5kX7lM131AGF1DGy6Ltvn9peWk5JjgbPyvKXE14p1yiDwtp3USBuPl+C52yCyNrceeaSAUyAoVPWj8/vWERb3WQzDqW1zOcKURa9lznHHHvNh3MCbWoWHgTB28HSBk+MoEsOQdbqZlHwPsFRfyxs5QoqjOYE0cQlcTU36O36aXbMYRBKYItMJ4+UMrP6ahjjlhmZ+oZ6g66UmyZwM0ylrJCG0vDE3tG7X5m9PBjKCuQrFRmXoVKmRGI/1gFs/AxzkILtbJNRF+tBuBcJYxyqZF5RfaSfflOhA4bHKKVM43hV7FxAShSEg4t0lHAkisxHXUHEr9EozQL8i6N4JXwHWTfndGf1S4JAhQUABoV+CxDrxLXIzgptuFlLOLFu0odRqLUOainoDExNqPwTm56e6pmuN/DmX57T8pC/ATn1FP3cL1K6UXA1CY5f2K0qILOXyEhl63TdUler/8ln7dlZEolWLYr8KdV2i4RCtBJSihHhBc2gciKBuT181spXP90Gjqgp/bDAteH6hBQJU4yWI28BTxDyFrxz0GaA4sb7ToLzU1eus4yMksQdkIxvoDcHk9vQsBo8UyMLFw7x1mPsgeBQfw579i5p4lHR7X3jAWf4DkniJyAyQf1ccVtan1KTFc0/Upf5/vVPwlD8sbjPCi+SXr7cEbmGIDK+BjjnzLTtCyvF31vs6uFR3FSsOneQTLIGrNhTY3V2uUXCrMqkfpNjnDJaFbgyda0n7AT+H8APXonSPJUB0gW9ljL6Rjd6eJnW20z7kHEV4pLdUZDv6wRyrl+3a/H85pA6yXrhEPVIf29gD5xQhr9qkPPNvUVQYNrLcFa4E+vXyd7A1w0pTsO439pkhlpyqCFadlpeKjkET9iUHnhwUsFFVy9NuSC7wEJNWXAn5TYCksJICnLjtIScmcqNBLJj/yC6O2Pyk8mfUNuW69jbPKm18eHV7LDXBgQEHbAhSBszyfGbSoTdnlERCpBRpUdDaHj5oXtncvt5+pyL/iV/0i/SvAlaYcB04OpwsI1wZKoZj54hjQhzPQQrXSk5HpKeLmLD2xW578rGJzCxh7a/vAmnv5xdGYiB7nHOW1u4IYAYHLj+U7eaQRpzWh1pWfI1jYX40dTV6qB5kfml7MyWpBwmsx78v8ZDJS5qmJS/x/2+aEw6aWPY1zPLIrzZQiK7z3QHLvwsv1M3UAYPZEQRdsb3X0mT7SI62nXO1fxylIkxsv3WWSrnp3Sq0l8snDXagzDSIQQq36nHj04ppccLbCepvfuMemSNG5xGooqW19fQ1mxcKm605uGrJKF5dCLKJ72C73VJDaWut1JognREK/PpwkQzn+OFD2zV6q23jtwTzzxJtnHPYtIe+gT9CwgsKy96aB7OwTa0hnDj08Nq2BN7D7hCtmTSJv2hYVwhNx7sCwi2dm06RvW+mhdaYTLKGm2JOemnNtJ/cWpRUiT6XQ9dpaVNJl5zxa8ClqYlaqTaqJm4jmenEj5s7ADH1R8QbcMqcDRBxim4d+Rsz6cpJXbriK+XOHs27ze+itS6PMhmhTztN6mSRCzJjI8E+cBwSTFb/Pietfv2ll8YO3ZHtU9DFvM7kOuF3atNP8QaMAlbFLBOmwFMlyFzzEqfZ8XtcAJkupZs0Hl17lLbMJwcy0JFAOKJhBNxEH7zr9IQ1J1Yn/8duYLGa1ZDQY8Awxxvu3URDN4dJiK1SGPakNPKS6LCpYS9eW1E/8a/3cFX4o1PhBa2uDSalBMld5iVYZrDM498cDJ4DP+lpjh7mO9ZT40756hWvcCiDIFFIqzwcUl4j994DD6qEg/svQPrWJ+163/RCl6tdbIM7a6y0S5L0XtDiwh+zBMlXXudreqqTMqyihzpWymZCtL+QS9KoSwDZmH9bIxkyyxOu46me0M8fQLu1q4AQSMe2RKGknWbIVjhGXV/sSlLBVf8g+/vB4B0tk4xAnRpERQLk+N5mQAbrgNii1lyno4RpbjP4tyqdXW2Odx8Z8dlrXlGWV+wWYFTgKp5ltJnaUKuxcjr9dt3Ryma8WT012rzLf2gW0N0gY8ACNh2xg1ieKUibmoONsTnV2wNDWr6O8qwxaTPCvR5RB7wdcEcylwNtvz+Hdsbm/mC4MDW+Sn+FmD8nuwFAqpZrhmcXT1MwyqUw8lWSVnaK3Gn6mPLs4A+qDPiFxWxz7Sd+ZOuFJEgoZF2T+8Q40eCHg3isdIlydXWwLPCvcfhS5w+dgk3GVA6tpz2VO6lMa8yLrNJofKSIT1lGJTb4GC77O8LefxGlYYGFm+93U7pE2Kw2zGTxVLJP9JsiVYFK3biIiOQBIR52GIkZW+Eig7xAO+t6gJzvOmD9U/Xb1ai5y+C+P83VRTQvC4O+9gFJn2ARlixW2VLyI2BtCg5XBbvKMryslLHVb/XDoZNCL4/Eac7gC5n2wLMwrUt7nFJzFSQqaYb5FfFWYPgzimLnNKYWFDoIf2QrbgUX6n5P0Yq2aqqd0ILYiunp1aiZ18B6X8K+V5TUxsC63Ozm+XhJYoenPXp/by5Ln6yyiNaCgzUmXSV5ZYdVltrwRLqT4yIhAPMj1FBh7LLROp+FFeZhNWAwPwKUn81tz4S1LSca+Hl9gb/t6FJZWNHRYKNIXlY3pNR9hUDPSFvLoKPWqv2Y++2923e05v9+fCtBdj7hnAD0PLKfIzrZc4zXLCy2J3CWJ8mCV7fjwBdSxaRMwp9/VcyrRUvC9ZsYNRUTAjUZzE2lDi4hAu7yhnS5ISUCKIGxG07FNM2XiZd+8obrGijt+Ebm8CAtxj4YXBvjw/HcCf+CtT4ovoXI/sk8X0BoE3PIZOneNLBUrTIuAmYjGJoALCwJEmRsrVIMYy2gKt8TiHBvK8E/Of+l5xbvQUiPLb1ScBArWMta/KrmQZ8k3NcEzsrKFbYgz0hqX3mSvxvepJ5GwwlS+L581vEX6ts7r8yFBaMMfAzn7g12SN6eRsjm+5FLnd6UPPuMpaMz8xpv3t2AfqeyvIWSi82wuP30YAShPnorNbTqBdlLxSlZfmhWeRwT+d35IWxlqWLQyK3Pnf5O9Ht2jO65jxblO+iLceVAnVBeRBtQqjLc7xPWrP9XjJqkYZeJzluZo5q2ewj8artJHmm33wNQHWqT5mFVrBAVCUrS0j40qdoT3PA3dlzGdRCkWGFTy57i1a+F5TL8Vk8x3F9FnIM7Oy/cMmcopyxJB3dHIi5wW5LEe2f8zUjyZcnJZ25sXdnb+clK9fQWTvzo+ryervnZo44sWFTsHqZ8ax1CXFWKkt4DnLBhiQNnejKgXPafGaVOZJbPa5ScCxmEkzcY96yyl9+1XS+finSnjMH0sNO/ReO8x0+BJXV7b+jv99tt+FxYq2YPz50unt1gve8Ynz1FpbiiCjk5IQHZt4T0QLqZbnTVYz3vh8f7CWOiCFKN/1CIUTXEk2EfTyY0/B0dN+dV+bH98eIAjHybkOI5xYU51aVZEKajw6ejmP62pyY/PYUeHqj7E2Dps+HLFcsn1sEfQHnnHmmrloiCv2O8V11aAMtP9cHQbn5umrNgfqvjCEd22pNBTWCkaggD7BzlmoYEaJZ5sZUEjUvt9F1Cpw1SgkjNf3+PMzreds7OOYsCH06RH1KeymIkOMPznWpaWKsei97OHisx27WANdfWPH/rE41mn1GQz6xykS4wFAsnR/8OskKimj25lwccoWHzcsONJ6en4o2Da2DKdQ0ryB3coErayHIVybCoUWNGLHNe7LgopRg4/mo/p9mQukoaAvJAcuilcNV1MRWmo2ZGejG7cy0bT2M2Kd6/AFbpn2LU0wi5qHnWD5mViQSz5akWGygyNxmfZ0NfZD/CIxQriw3mf061dHPQ7mJ06v2y/LqWCNi7yrhfTa5d//BvPEWKV2DhLOEtlKGI+3E/JiTXw6ie8HOcv8umMpeiCt9zt7fFRH+7FakQmCfg7oCdxa5X0e2ULp7Y/MncIpW+1nezuinVrH33Y55zrlGuJHhSnG9XakqUO6OB7tssu+Fi2TS1bcY6bDNNfX1CDN9C6adjaG2yvL8fF/pCFPa5LgDKFXtUZmDslHBN+Gd4wNbnSQXNlgbZzZ1McW3x9ZWmlDxIC+cdG/RkzYt2MblqhaLW3KurhzhpOtwusINdQCDbPAYCQPQDc3n0Lmr06W6BmaCby/gFFiBNdBToIllmgShdUoc3u3KZc6iDGllv88r0ba+ryk0pnKzSJNUnLvmHSNIp6+RA4dBxhP3HnbI9Xlkh5/HXSi69wJRVJUm2GrvUPh0MDUiwLn6j65snJ3gim074zEBIcdjlqNsH+FZ0hB1GrwCVGzgq9JcALPBzLg77gvjNqxLnEBbLODIiphLmd6Kh8T7wydvHUtyTimpabkalbN2aXZFy1foZZJsXS9+wlOYsDp4Hf8GwrcjGewpSs7GjwZ+hz5fA629s0mNIDBW8rqtJkDgcYaAdzxianqudSpQtpcaoypJp/JYnvDHcH99bRbPwEF2pRyWgW9pW0fRy/ttVNbPA6IlgvsuC3QT+WHtc8c73JJ3SuCh28Q8TUPaxbZRA6MuHZH/N3o5tKok4xZ0QgaBtzrgkkEBCpT34QFfH8EJZKF2+n07VrZwa7G4Ll8zW39qXICbAWT7kWSs+NR3ZCepIm0wlZdqxX3zcn7gw3BxVwLwpyqUa3wNOTbfMU66BM7bUOoLZqXYFQxX/y6+mHInHIqXX9lqLj+nvq5qJUUa79D+NEF4z8W/1EYou+Sp8OOLKwQ8Cbc9qRxaOzuqTMifL5XDKLoatm8VOSFYrRQiDItXJfX5JpcQuvhJ8E9ifN+LQmSeLja/enSnnhSmY1o3aMtc+K9S77A26G0oFGo0sFBjEkulqa4SfmV25cU/h/H0qyLnFl8UM12yUp8F6HmHbHrabq8hRjC4lAF75B92vD+9Ru+8swLIZWYlUCkv7suCceKENPaFTHfM0w1duNh5pOgvSGhGlIYVSsSmWCrPiiY4xOseCIYSsu6PRlpm+60305Bikzbr1eVj8AAof26mxNGnSE7D7TF5xB3CTcRclDr8JCw2BLUDsN5G+mUwrfJh8acgMHrbnDfPdPJ63SjCtNKopmrHglF6/IgWySykKEkvtB0idHRc4o6w+ZPplYuFnfvL4UJI4Xk4/B/yJ9OM2Grc2OKuSRTPMJp+8V3v4CAgICAugddCABcZkrO8QL0HWkP1HLb3pFLZ7adeQGLYT/YuEu6jLWtYej4D7QAXtEfXUW2pA3apfqgAI7ip2+Si4bHjJ2PuFGXDn23f1omlp0uMIlqhKXDN9bz4fud7J7nlhnZYrJBvqxMc20c5wwVFVOOxxreI8wUib7KXNqnMrkqiu4v6PAbu7nUDGxUh7S/KfeZMTPjzlr+JPbaUlHDZB7q8AUjcif12nkNJOfApK5ODeE1+9YkkVJIINATeUWAk574j5FKVPkD7QhAC4sE3qZPmbeM5rSX0zs2bh8NFX8E5c8OXTpTVZNK5byowZcNtptlyJpaKYtwjYbhWAnY4jdHD76dSsz7GgHpMwa5GJdowD5fS2AWLkcOZ59ZlJKkrS06bvGcmYH2hMfCRj7ldXddrfUz2m9sHWUT5wDqijp8OPxG47EEVLo6uv5OR7+nfE3H4znrcRsWu4gt41SR6S8gjx2l0VYPDGhNG9mvnFbO7xoP34HD7fsS9cFDJgGv2FOCGdZRQ4p9XYmzAutUCBWTJxtai0PeTZ4Xw4E7aoNttjIii0m3h520BVTDSNBC7MR8cIt0ER5W9mjztTAFVCRWCDOERoTNMb/Ll+4F/IjtaC0MgRMt8uCNdq7JQ1lfmVxCfCzijwQFYR6J/igshHfJRvDgzyMVEB2QeDQPRvjwmYt753zy5rZgDPU224qZ4tOPsS/Rx27FwgBK9pCZdd5aMvQFPoaJ/XCJR+Uy8xeQxTiiwTmwk6WDV3mg2uxWyNjTkjjhQ/3kc/Z8XehNmPNPBNECYUG0MpdRG7JpF9GIpSYiu8kFcJeVWH+TQckRr1p3lzYD7XhjpWz3H7XBjQ27Ly5wvB8ebjZ7esscwHY99j9NTJtkLASzam9C7LvxTHU4GkMS0E8PglfdfpV8b1sALaP4a2GGEtBcZet7F5LQZvLws+rtdDOu5GD6rN3hC/rztcmuddtq7qPV7132jV30Au94Zz9o7tdZt2vO9buaRZ9kHKZ3vv4PQezedt6q9rD7qrfD6S96X+6iu2V2snaKdqLqWKAfUgDXy4Sf4Dolehabe5w6cFtLvxuPGCvfgY9oMj4Q7ERpViB4TEkcHzFTavL+PHoE5Jqmxn2HythDsIlDPXtn8B9S5xZuc0CWCdBcwlh4uPi9ZPPCaOfc0NdyyP093Ze+ZWOn2tdSVGgSZSZtxdnMgBw5J98LJe81QolNuLgcYPPDXfVGA1SEn7UeNq6S6GqWTffvJWJqBfbEVc0awOI+kLKT2egZVacFmulMDGEDVmTd8H7sY00YGV2kLjDhKRQIBsfMGis6AOSsarw11c641cH2jic4cFvWMEb6d26wc7sgUivPrCAmq86/kI+RfrZhrlUxmI+HKj/eu/a3uQ7SNKmAMjHV1bd7ToJBjRLXQkecmTNC2J0ySYkFVi+FLIraEXpPMaBQLpCou0g+ktOjHgT4Vwam7x9jwb0XWcYoUc5aFcG5BfprX8Uiu/l4zgrziocMQSh1RHVw5SW71FR5wkVXiQqgKEoC8Dc5L9iG5m2k3s3Sz4MaFR0vtRjhYmO9aR1BTypsyZ2eGzipT9sDxQetyy/QBGYy+utnIjHwhKiioIqBioTJlZaV7EZFtsiorBDGIkc1fKBfnbPgX664BGPlgFTmTr5BsLxUrZ/jq7HUdQdh4GnmzvYebYRszzwZDzKHCnhuXWIie9gbhJ2yrY8nu3ETnQqTS3wcskZUp49xO3e5AZvsEh6s0OkE97gAYbWnXplGzs+v9nQkMnybvJgQFyMAtncPZVqrICzmryjz9qmE/TspMJmROnnwmkoIxA/SwtNjNuDlyRAODOg/5Fhn50Dobc/BrgSocGOToe3us0cdUl4yPwfd/vRhlOJzndYAtBX8URfY5j3M8LHzwi6cx2NSUCdFtbBkSAgzNEq9o9B/cI7zUsnC3B3IwW9U3susj2ye4bwg2g3cbT7BWahzHB1LmX4JyFRIqgd+kCHozLn5B7rMQSJHMYLUH8To/z3y36IWtNMdnAv/frJPOGA7r/YJdgypfwdjl2kc5LAZJ087IWGEr3vAtSYocDis4zZruTQ8rfFa9Zn3EjF+zDe4YawcPk5d48HAAJfX+RTrFevB4GdKhWeavl1qoGXnDDDxCznmmeSmsQlLA2UBqWIxjP0WzXnxYdhaDi+JP8/a+P43ZJguUYR69IZE/IRhKxjtqUUk8zHYdF/is70C9GVe3BsuPLSIODMOk8F7FXxuJLwoLU9vI5t85AO1L6hKZpYXTRB9266RR7W/saZY9dnRUVsUyGwq5Mas5nAYHXKUJPt1po3ttVb3T5o0C0SDjbV7320Nla0qpsUWzUTyhIfGbvNVJnLJg/C95r/nM73y1IZU6eRfL8mU14CjaA280LKwLWwnbL/vsxQOybu/gcRrRlfqzppGGiIYV6jOHakYsC9jmAHyDpEvm7vmjhPfdTT78SkTYoDQfPlD/rZgIUiXuKIYxV0VAXUyM866SI5S6QnxtMa3CBPgO8Pi6ydV/yiKqmKqZXXXNWZtJM+b8EEh+0jXqxO529KO0soAFJfaHMX7uegAK9NCARlDUN1qDHxq4rQprE3e048TUHqUO8Z+z7JyJmkxA1lXAPrwaImsHAyRroxyRrELhJ5222rtMCEsQONfAJlZMHq/Sq98YBdhSjZgaucub+s1uv4QJ6gBgc/JvHe2xU7GyGRqJLt4FXmee/24j2CdMrWNEodO5hXP8ftN26ByP4O+EH/dguuDBKx+7UnqLcuq3cx2ju+Zk+FJVLy4g0z2YER8M5sTqQTFPT3CzaXBUYMnZN6jQSUd0481Okwqmux7yX/qdnxtgkyfBCaIZTpEvrxx2ziwmYqkxRi5EHD2+5z340PW+DN2ofmSJacKrqND93cfIecY92WgWlLau/a+chJyuXJqMhK9UYSJ2CJaCyOtP5FaMAo08SNs+fzg8CzXe/Yh+YoWSAu9ePbSQoieFFbC+aqUYfC+eUPT/BUeZioFZUvI4p3xxpfktbllgC2EIns1Tti6IHKih3YTw255M3SH/MNWXuQRmr73+kHTy25dIQnvDZXDWouwKsmgu3w5vM4S4qgc4gW1wiKblRxQKJAL/mApGDgNxLrtUhUEK6d4oAB3pvBRI3sJlidIridd4yrsvQ5mEqWNxfgSgrD5ZOlkLEjkYsVBHzO/+/4t5U2OuWow5gzlFeg4Opr9Udj9oNOA5ZHF3Ly5gVAKNhaiu6P/VWWVg54b0p01/X3lRJB141jgwXNShNV7cfiOHQE5gG/+DDo7bLzNWCZux/9FAHVA6pA2TE0+vIN+Y6f8pedr+iZak04K5xj17KmgDs3/Z2paMcFMzhASrm+WYEb4GxJqaHBGTMXeC2t+9faW6iZyMfy6Y7zySOzs5YrJKNrXEjCA/M+ucOcW4wBqhf0ZI/RYxLdYpkBnjHP30Vz17CWOcaG35Afno9p4K6eFHoTWZz+t0u+dgKiH3BEfrTLiKF7Vy838BA5IfB/ZFZ+ORouTADsAm8YehZGprt/ogv0zQJ4gsppfMpG8uvXhyqcKToH9bRQAXIrMb/2lQjxzwnanw+vqMrb/f1RfO34sL2ZuA5cgqlHTgfV90DTsiK0GoHPu/l1ysUbpqJYDvZV+gj67K/8g/QqzfGR+IdMN+cg3qM+0XhlGQAZz7/JRWnmpB1OPPl+rqazPWWGepN2sonU852AClWm0AO1MNyMKqWEXp3y7DMBxgz7SmRRsgm2TMVhD78h5fgGCUvDrbyGzcv90TiHGJUaLOTgy4kX+m/kke9xRq6y6kEcVEqgAGhMYiv2cyTdI8uPoHIMBpBWzq3JPcZSHk4bClUkbIDnOS7G8SQGbHTj3S8JYnYnNYy3bFYKGF9DlNOsPKWNqfi1zPkoCfnSiOEeAonSbFh/6STJSVjUTw8DY4mpOZKtGDF1mnNacrqSw+MxqcEcKmm9Eeps6elM7Uejxpwfbnzkd5YIRz/gEzuogBVjWYuaKJBzuOUONNNpd8ujrUH3oxvb5faJ0IL4vMoTl25TQj+3Bed4uILhWUSIqm58S232q07PXZmztgaQeZeEhdbRiucftgMEjnRagAKcvFNdRBOun538DLGDA8YDWh/4Ck0Gs57nMF2aWloxF33DqY4dN4abHzU0hEc+hbFPQy9yy+71TEY58AlPH8pMBWEZKagfc3sPx0PviCcTvt/7izGwRv0KKs8j+4EUJsP8h1VUSx/AmTwoTfT8p3qfuT+cWQ6u8Dwjd1K+xYdqO/o2VivyOhZX5+PAhjFCcrjqwwhaYtq9ux/5zxjxhQpH7duhEml9t0Hx1xXxE02KrJimcZ4xl7E6jyHy4ubi/eFHV14FetpYDrTpkr7ZgqOIfJfI1TJgKShK4GTuiA+U7/wazXDq+CTgpcKxGDXEehB8/W1ZGtQ7YBDQb2vLgTnV3UHHtwA+hmscrh5pEgMJxSw34RIHonbvOHuee3faEHLpESwKpNc1MpNGupgAdSLw955U2PtZxwYQyxcpkeMwifV9BiWx0xhpkSP9f77wnXbMSe2HB3vEaEj4kr4QL5NF69Z6gksZ9ho7CLDSRA/yuKFhB/33VhQkaNz6x2osMdNjsI/3HgvsvqUjrhlnBpikl5d89sTVvvo3R80KnMJXKVyrEEM8k496O8xBB1KP1/y7Hjr84aw3B6g8TJjlIK5n3Mhci/jQ/B5yKpnzM5wfScWwELza8ZTCvN0DwuVQbKcg27AdZPFKJvXykkJokvUQV6emeOTULhz/wuH2qogEqABqYtzNcpdKE+P0ml7dGXW/2XdEh2/YLPC6DHjPZUBs3li91HDv0VVzzi0TkYxfkv5N4SjNW+iZ9VRFbZTiZfNzHkNiGEk3TkSGXgjD8P6Yw+6dn0q+EL6s1cYiEPWxWQPh5QggTHComHrnn7n0sFw9eDrMTi9HuV8l+6LHk5AehdknJIJLgE2ZLwAD993LglhT7DozajuQ0XdfkSfF4xzOieFgXq1HGFh0YrYh4ZtLopvzgp7H6dMcEqtfUDgrCm6c8j4ht4UPG50VSWDycWBe31+EPkqDpbSGQEfMmEo+sWQ0KgOZ+T5QDdDs9M3MT0iYwAZANWdVzveSP0j1WeN080E4sj41P7nsdocKn4cq9MOoyWn51KWjGE9MXcAiR9eqJaoelSBh9TR8J3tdRqPky1aHRWExfwhC69rn6unMHo2vRVc60AdtQiLjosMPkZltuBkWx4btyXtinVIQmiXGdcfO71A2rH2fT30VYHHe40flMagb093fMx3ZKEXtDqnbSGZFjcKFKzAJU2KI46xCDgzup2SSm8/mttGoiOrn2HukU92aHQ2QfBIDEnthbLnOBx7yR8dCcvEdlnqx7IW5IUuM19wIQLObfQ1G3b8KAmpiF1DkwnJG3WYYriPJpPoitmG2XLoOcr2MveYKawvt65CDG+Yl73BUWq3//W6WnPnVsBDWwx4+ZGrV5/0slA1mOfTl4aVvPrQ9H678h41RqxqKA0cUkRXDV5lFzvDIjx9iCitipui6e4PTLDa+0I0hdPAYTMr3lN0wY9os0Qi+4IYNIQH7W5TBQ7fI+BM5EXsZr2xcDPg2QsUeokS6vTKCHnJc0Mr5VtjMkLqMqMfXdHor+msEKzqojPz8nCAOwaJ8hl0eORTeNpihXceymEzBeLUIjbAdcewTT90gUjkIhjPhvCyPwZaQvNgISzqZ6+rIdOE+5gkt2Z0aiieSm9IggIONYe3psH+1eTyQSxFyn4Nj3zGOAiIelc7yp0J3ku67e+YLSh3oY5RRHYMpz4WTXBW9zJ64qEBGVuCXUgScRA3xrVfg1xgK2xgaj5Yyio7IAJw2NZMI5qJnbnaILDbi88afzTv0YOv2WGeVWHW7omKxT+vtdMTd8BdUp9pt4409IVRhtiCuei3t0PbeRQjPwHE9HSXnfVSvvnQsf5cEb+00RoDLaEFxXUBr2VlWkl6SmalLqM+/LrwSc8oP0tc7Z4HncQllZtA2HHzyfiNnyePR1TvTNC6Ca3NzCMX3XQVgGyOyn1obN9kqS9mD9E/ArH3aPJOa7aD/1Zr8v0xzhkDYnf5v7loyHi84fFCRcKnpg/ov9BG4ctgUVO6GVNE5tSLfO8AXyP2N+caHlGZCH/gC6lxTp3tFdx6fz6FAMDmt18ZKaH/BchTsI7nQ/KRfnl2mKBZDCfsRzKzpbo4AhAZnWlk12mhxYRj2PQcBzheSxykzB7f8Cep+bFNsxI4ovV4usHwSJFIkd/0X25FoNbDumdVlQk559Z6TB2iwdGNoQvX724SDe46kaHEseVuCAcrmamTDiDoN4MCdffwB908nMzrYIyBhpG5+6NLZpwpG8wCI0gg6nh4bYzoT0Vx95gXIl7MplH+tEn2ukNdl2mW7KAKbaRMMGI8CaaLwW66p9jaMf6VsXg5m2v5B/hhzH0fvPiR+qngowKaCzHB2Qi2y4B3Zx9gVNavV7IJeDpVWwcIeg7/yXjL3anB49/TZNHt9XGYT7/EavwqFlcHsfKfxeplLqPw1pLvEFkT+xKHyL/rmwFoE66jFsGKKlFdKBdJl4VeHO1iBKWsEOC/2Gb+gxNjfQK8EF1tqGj+yNn7FAvrV+L7kEFSMCvWwbxgwgPMMPWPxa8yyjaQRfLVPwavm3n2xi6laWTLpK9ozXC3UDlJ6rrS3YZ1wEj0qMeVh369As91M7i1Fq1zwc+KGKxmqSFvbP2W83u4VVZX9m1xgIJL5KXwFOHGQjoJbAlapMmFagfJvR9uKngNPBe8/kG6kKZp/dfzZFo1UofbRbFNgMBVmaGUjmR4H3LtN8LvEW/NtW+FNvCc9H4Y43wBcHUCUo3EQdC56shzKZWIIvkZ9nvFX49kOirTYYRiPcArHkDr0YarV2FSRc/nJEqbAA69VgeEL3hRpeERoWnxPz48WYVBGyQjnLZ1Ze3xj48I/KrVOyIHQnqGSziqTiohVE5bmONYTJsQN5lpT8cezwIhP8Fwm3RXwDqqYO63M8VijRS3eHAPRrNVFmS/8y0hwAlZV5qgmOzGu77V2ffWncJy19ucj5Tw8wqNT1U+1dXBZP7LmcMlomGqls5lG7xeq2yRlEycPxR9rPD2hvftgIpgHhEglPv3jDOBE7cctXnyXUnL/dP5sKuj7gHMQ3AqrnSAySmlqanoJp8yW5m4VfnsJPX7/aFvsZqFiCNbuoNMjdMKemKhiTpmLA4O71tTSar6DXX2+0L8L8Wb18mn3mAp3FZQGOBTLHKhmt+mIIDpPQdFGH7YSxD3CHlWh/sQNeKYX1HGeNdj+UvkPu9j636fGCyonTP3gpWzoow2mGB+lngICAgIC8D7Xe3wDMdPJU406CISi3e9LRmr3rw7tKS6eydP2kuWoVcMk29ZGGIWbjdpFt/WlNmtuNpz/mzwqVrf8vlcKi57wh3Sfho+/fI1Fx7+K6b2kQf3KHjIhlkDegO4H+wkho54ssR9/NIFC8akWVjAAnBm34H9TAOD6l8oAAmZkFz3FP43kYdTLKyjhm/YTVqjwmcNR+igmOJoEPh72DyfICWEGieBU6VVvZycCZMOBSmZPmnHU2YhsVhMShG5cT/mVcde8buPy9v0TrRdy2gK6oBhLWnb260rq4AOH+TfW0ZXRTuJ7liHF+6z0u1pV5h7Q3KXQUU326B/6lovqsFEV0LI0Z8uFK4oqdXFXysqj652VwGSM2qMCzhpQFLLvsNMHHEubIFCwkTug9Cya6lwLGfI0hOkI8QgrLBCXq168UQTBRzTa04RPshrprPTfo4uggw+v3Q850nOr9qU56Gm0/nUvOhb8G0209l9p1nEre0T11+HSpzoPaaavOdmm0UrkHLO51e1rmlfVrMACwYZdD4RzrpkhO5bS5QLI4eaabnft9jnaK7+d8zELwAO2vRx0zoojUFlgDkK4USLAkWouY9WAn8KarYj/UJA51v21rb80MQ29jkuU/7CvnW+DyAXhhVS81WKbC7FJXVma7uE2IZy7dAzhMTo4QmBsKOwulwaV0BwJgPB4k1nH211644OEyBRhJQocafUGEmOqPUUfUNiiFXwGUigVC8yIg4F2zEv6vk+MJt5FhuDqrpruy8RilV0g1EGJfeRP6psdZnWXtuj0PMY/C2GJZlRRVGVT786dLpuvxpndxH66mbXXqX58+HGv0yRafIjiS6LHh/wFOGCVx21z6dDSqLXIYs7vFb4ZLwmcAXzu/3yZhEnk6ZWnQSsul/s00AS2BRdzjitO2x11lXOPGyU5+swwfQtyXPqpI4JnHvy4Qz3omf6TQ2oUTLOQ72HqZoSEeWQ51tW9GCzp9Lu8SbgX5LKgIBW4SXMyiLQjlcqSEyInYJel6O9cwFWrk3FomSAqLRGfX1NS7YtG5fMVeehkPp3JghMjJYMeh6JuyxHjSw+fbkfdTl+vIZ4x4vEJY5pq3CWD4HhH7zNCCUT/aItoEpL3Wv9DWgG/L1e0rhdfWEazsYR+qSEzAcvL7XpZQW+CDMjaxW/vzImBOGfSh3Q+ejRYnmGXW2D+a6Y7gEKTaumPldo3Fr6XpIOG+NIzMhErZOVHGNGJu3XDgq8zuSETgdtmCInf4SxyMBMXjfqTpxqRrFC6Cva+DlApZwSWRJzzUciXuLbermRaZEv712PtiahHXp+5QuVaTq1s1cQKNlG0SrKuwv8tBlClb05Ix+Mu0hYRC9gxV4YmXK8ZhR33bYPbf9Fo9ThgQjXH+wyfsB8eJPPOc6ZX3MO1Sz0K1GIPjkgL2iQ4BlKTQhBYNz5XkqUfdDsBDBzfUMypST3+skWNooxDVfCVrqjEeNMbqIlTXiTY4nipeNDhInFQzp47SQzk/3fE4xSTTctpcwBACulG1fG4xN5FjuWB8KnLQybMp4OiWxivt7Kgl8BXjztJXw/RER9mdjJmfzmuwf0KtH1xHhg5W4Dr4kopjM650gqBEz0ayLA5WL9/wfJ41I86gG5BQmYovBsn/GgppdtYXESfQF0nPwcMb5PFuoAQ2vl5POCaJHWW8Ugvh2U5PaJ1Ua9StuVNdmAC3rWvxj/qLm4s2CDf/AFw6nVOC7VciSHQIo0bsqapTlVDcWgWvYMTf61yAHbYC0NsAgh/AiZeFptTZxtZIeuy6Rt77cf90e1XWjBUbYowuzGrGkqC/Fo68doALxFgSBCN5yr7dP1hWsLCE5UIgslHN33oQWVWslPcbGEFN0xNPo6fOXgTF4gL/VNquUYApO3S903XMWF1zOhGlRqjfGYbJQ8LVUtguwd2AzH7x6ziyJZIlqOZkeCQ/uUINmjn57QIYBU3h74wifhPJzboEpu1rg2XiMxlSzpeCn+g/xFNy8ReKjWNegRnPQ1WZa4hN8LRZbXfGAvHaRm25L3xz/iU1tBhqS1n4X1wR8kxgov0zsDEKYn+jpWIgmHX3DNQgOTbfG6mDxt0oBsrbN1N4S5y3o/qq0zyCgGxfDQXA58RqHc5hdbuiFGIQ5KWWgn3NUg8hHZingGQ0o2QBVK0A2g+jUiZ07FMsYBlibKujk9vbZBv6uppzCHXqFUH0OFwyDZJqu+3XEHWig6g/0VckvP7xy75QJ5MMZwUoqv34+e++DM7hJoyEe8O5g0ve3r2+yIUOUG/XYjOQMfJFBelpaAaj6QnKhNbMWAn8BIUT4e1k64EEEIMA8Aid6YzWqpnamdQ8fZkFeTmzRxOxInAFCh4MZYGI1Bkp/czMC0RWgrFdJ5JhYXCQPKs9vvZoiM2vy8IZXwmihZvxYcV0CCz8cPIOFlJTcs+lXQWBBSeI/3iDz2UxGm6sUUENxs14miYF4zl7QqUR/eEBgUvAX/oqJahop+O3EhPedjr19isgu/LHOZ4ldV2zWIl+kpMZkPp0W/N9ouMZZ94oX5sQrryuw2a/xZHPgA8yDs65ANs1tqgNH+iEbgadboGB+eP8C3YarSx8n3RFF2AEo4ru6UJBPUJ1xkiZzHrEkDA4zFmJNyQu/kMtBN5siOwODRmULzITGJi/nvHd+HtnuZTdUkQo2A4N8d2H4d7fK2gGM0Zmr9oSx8NYU5eZzUCdekoBrfqAK+oPqPTOcVNiUmQXku80S7uhV7w4tZLW2zRXyoYNa6ZQMSHdSyGiG5yIb5E2+z1XpXSP+4IOba4sYf8oeS6YP7GcLeCaCTFwwIdR2JDpY3a3EV7tM0xD+oPLPSsOXXzZyloBSQsE2ZfwYvPxISPHJpL3mgYK/9k=</BDB>
         <SB>ZXlKNE5XTWlPbHNpVFVsSlJqWnFRME5CT1V0blFYZEpRa0ZuU1VKQ1ZFRk9RbWRyY1docmFVYzVkekJDUVZGelJrRkVRbFJOVVhOM1ExRlpSRlpSVVVkRmQwcEtWR3BGVFUxQmIwZEJNVlZGUTBGM1JGTXlSBmxOVVhkM1EyZFpSRlpSVVVoRVFVNURZa2hKZUVSRVFVdENaMDVXUWtGdlRVRXdVbEZOYWtWTlRVRnZSMEV4VlVWRGQzZEVVa1pCZVUxUmQzZERaMWxFVmxGUlJFUkJUa1ZWUkVsM1NHaGpUazFxUlhoTlJFVjZUVlJCTUU5RVRUUlhhR05PVFdwSmQwNUVSWGhOVkVFd1QwUk5ORmRxUWxkTlVYTjNRMUZaUkZaUlVVZEZkMHBLVkdwRlRVMUJiMGRCTVZWRlEwRjNSRk15Um5sTlVYZDNRMmRaUkZaUlVVaEVRVTVEWWtoSmVFUlVRVXhDWjA1V1FrRnZUVUpGV2tKUk1GVjRSRlJCVEVKblRsWkNRWE5OUWtWYVFsRXdWWGhFVkVGTVFtZE9Wa0pCVFUxQ1JWcENVVEJWZDJkblNXbE5RVEJIUTFOeFIxTkpZak5FVVVWQ1FWRlZRVUUwU1VORWQwRjNaMmRKUzBGdlNVTkJVVVJvYm5ZMlZVVjBlV3hLVFhocldqBDBPREZFUWk5U05HOHljVlZOVUdWc1ZsVktlRmxpY1dKWlYyTkdNWEpQUjA4M1lteGpOelJtYVZsdmQwZDNiRXR0ZFVJNVlsWk1aRkZ0V1c5VmRXczFOMUo1VUVsR2RWUnBXblIyTlVwd1ZreE9VVWsyT0hCdVVDdEhRbU5UVlhGUlJtdFlVaTlKWnpGMVJreHRPSFpIY2xwNmNFMUlNM0pZY0U1RllqaHpTR05IVFdGSk16bDVZazFFWTNKQ1RFTkRiVkY1U2tsRWJXNVljRkpVTkhWc1ZtTXliRkZ3T1RsT1ZIUTFUMWhwZUVObE5reE9jVGMxVm1RdlNrVjBURGhrUzBGMWVVNUxhRTFMZGpCRFNESlNXRXg1T1hNMVJtTTNOMVpXWm1KSWIzZE9TMFk1ZEdkMmNVUTRiVWhEYjJweFNHeGlUbmxUUzFSc05rbHBTVXQxYjNkTk1WTjNNalJKT0ZGS01HYzBTamRJVlhsWmNHdHdRMmh0YW1KQ1YwbzJjVFJ5Um1ZNVZHZG1TMU5uTDA0eWRrdzRNRWxZYW5WbVFUSm9NMUpNWkVnMlN6ZExRbFkxUjNCM1NtOUpTRzV1YlVObFoxY3lTbGh1VUZCcU5saE1TeXM0YTI5UWMyRTNTRGRVZVc1S00xTTRTVFUxVmpkc1VHbFZPVXhqYzFoMGRGUjZXa3BLTm14SUsydHpZbVpyZDB0UGF6aEJZa1JCWkdzdlYySXpkSEZ2WWxoNWVFVlVUa2N3VlVvM1FtdFhNbEJMUjBKVGFEQnBRVWxEU1hOd2VuWndjRFZCTmpaR01XWmFhbGw2ZG5SSFJXMXROMUZCYVdaSWRVVnBaVWhDTW5wa1ZVZzBiMVV3WlhSaFJDODFNRUY2ZDJ4V05VbFdTR3hST1VsemQxRlNNaTltY1V0bVVFbzJRVUpoVjBadGJISlVhalJKZGxaRlVFeEViVGR1YkZWMmJHTm5kVkp6ZEdsemNEWXdaMlZITUU5U2MyWlFabmxJUkc1M04yZE5UMUZKUlc1WVYwdzNSBll2TVZWV2EybEtjMmN5Y25aMU5ISndReTlpUjNVMWRGVnBMemRtT0ZkbGQyUndZV3hpTm5SMFRUWnBSVkIxV1ZaeE5FMWhhWE51VVRoblNTdG1UMnh4WVZvdmFVWm1RbGszT0had1Jpc3lkMGxFUVZGQlFtODBTRVpOU1VoRFRVRnJSMEV4VldSRmQxRkRUVUZCZDBWUldVcFpTVnBKUVZsaU5GRm5SVUpDUVZGRVFXZFhaMDFFVFVkRFYwTkhVMEZIUnl0RlNVSkVVVkZ0Um1sU1VHTkhWblZWTVU1TlNVVmtiR0p0Vm5sWldGSnNXa05DUkdKSGJHeGlibEZuVVRKV2VXUkhiRzFoVjA1b1pFZFZkMGhSV1VSV1VqQlBRa0paUlVaQ2FFazJXVlZYSzJkU1VITTNka1pxYzB4dVUzUldkbEJYYVdKTlFqaEhRVEZWWkVsM1VWbE5RbUZCUmtwbVlUWlhRV3RpZVhGSllqVnZPR3BOV0hwSVQxaG9ReTg1VTAxQk5FZEJNVlZrUkhkRlFpOTNVVVZCZDBsR05FUkJaRUpuVGxaSVUxVkZSBXBCVlVKblozSkNaMFZHUWxGalJFRm5XVWxMZDFsQ1FsRlZTRUYzVVhkRVVWbEtTMjlhU1doMlkwNUJVVVZNUWxGQlJHZG5TVUpCUm5aeGVEVlZXSEU0ZFVWWVdIRTRUVTlvVUZkWVZFWjZlWE0zYkdOVmJGZEZSSFJXVFVsWUx6QXJUV0ZxYUZoR1UwUjVMek5MU3pKelVXNHJaVlZJVDA1MlZ6a3lNR2wwUVRoWFdYWnZPVXRwWms1MldsWmtTSHBoVFVScE1HeFdjM3BGUTJrMlRFRjZNWFZEYzBsMlEyeHpVbFIzZGxoRmVrOUhSSGhpYUVsYU5sUlZVak5XSzBzMU1uTktLeTlSYmxad2FrbGtVVk4xTkhCb1Vta3JZMEpKVVdOMFNIbzJPR0l2WWpFMFp6VllNREo1TXpGb2RVcFdiaTl6WkN0NWMwdEVaVEUwVEcxRWEzWjNSRkJvTnpod1VVWkNaVWxCUlhaRWEyMTBhM2xGUjBKQ1ltNVVkSGx0Y0dFMGFGaGxSMEppUm1VMFNHbDJMM3BtY0VKSmVFdHZUbUk0YWtONFUza3JTMkpUUWt4eGVFNUhkR0ZoWlRaUWRWcEVOa293VEN0QlJsaHBSBWR1Ynl0aGJ6Rm5SVnBPT0NzNE9Ea3dRbFZsVWtORlJIbGhNa1JKV0dwamRuUnVPRm93VG5KQ0wyeEVPVzU0WlM5R04yMHhVVmR2YUVWdmJEazFNM295TjJRclFWY3hTbkZoTDBWWlRWZEdZVUpCVUZWQlRrd3pjblZPU1RsclVWVlZSRUZJUld4VWNreExaRUZsUkZOU1dFMTBaemN6YzBsV1ZXZGpUVE5vVDBzNU5HTkVPRk5uSzNGbE1XMTRUSFUxWW10WWNVaEJaVUV5YW1kVGJ6SmtjRGxMYkVsM2RFNVBOMlJLUlhWR1lYZHFiRFV4WkVwVmMwVTNWR1owYlVkVVJHOVFTMHRQSzNsWWFtVk1UREJpYjBkTGVTc3hSRkUxY0VjNFlqa3ZTalUwSzB0VVJVdEJTR0pJT1c1c1YwbFpVV0kzWkd0UU0xUTRObkZ5ZURkdlZuSkhkM0ozU1RWcVEwMXRXbEZCTkhGNE1IbEdWMkpGUW1ONE5tVXZUa2xDWlUxc09FZ3pjRTAzTkZwcWJYaHZPVzlKU25WV2FYRnNLMUZKT0hWUFdIVlVUREp2UWtvMGNGZDJVSFZ5TDNWb2QyeEpZVkp5ZWpSa1ZGa3dha3ROYkUxRVYxb3dabVZTTVZOb1dXaGpaMVpaYkZWQ1ptYzRlbVZ3Y0U0eWRrMHpTbTBpWFN3aVlXeG5Jam9pVWxNeU5UWWlMQ0owZVhBaU9pSktWMVFpZlEuLmpQVjRVQ1UtbjBLNWV6NDlkZnEzWGZaR3VuSU1MSUZUdUx1ZWtwNEVnRXdmYkkwZFFHQURuOWtxWExpTUdod05zenZhV2U2S0pFN1NjczdlMkJwX0ZxWkNlcVJpTkY5dWRNbDJHa1paUURnZTN3bDdJS09WZllNc3M5ODhaNzFZZGE0SjJzS2djTHVzYXBPOEFoWTNLLUJFZU1XMmpUcmtpWEJoOGhsZG9FUWxOaXhaOHVOQXE3UXphT09DVHJBN2JCWXg1cXZNMFhyQVBaNEQxclJvd3ZnSUMxQlJyRXU1dnJVa0N6XzFSSzhpUGN3ajdzQXI3SzBqZ2VtRm8wT2o0a0pxSHhKT3hRWVBOYnZ4cFJmVVVZWUpQUUF1LWc0NU5IZUtBekJ2a3AyQmtwNjFWRExQUGZhZVdxY0JwdWZ2ZWtMTU5YSHdUN1lDbHlUMW9kVGFKYUoxMHJVUjBTYl9LRWtGVUZQNjQtZDZfTXgzNmxOdU90a0FwcGh5WTVTTlYySkZsRVdBUnJWQUNObEVZN1dwbWVuSTl4ZnF4Q3c0b1VKam9hZ2pPNUYyeUEzd2lPOFE4MGZDM0JpSXVpeFBjaWxzbkNXeTZoWGdGb24zQjR2Y24xX0RGeFppUXYzZjcxczdnSi1ac01MS3BQQ2JsSHRnTHEwSXRYNHFwZDJOdGhuUVp2U0FoLU91RVhxUVVtVWdyejJWc0MzaENzek1zMTRqVnI3SV9lLTh2M2lUemlxNjFjb0ltcDRVc1YzZktVc3o5V0h6WnhhUUp0S3ZPTnVzTC1hLXhRdTFsWG5LYzM2YzFwSmRGMTRNTDdGblF3OU43TEYzNTd6MU9BOVN5RHQwSVZTcGhYN1JvRndjclVZQ2tZQVZyVE5ERmVycDRZbFBVTHRHd0xr</SB>
         <Others>
            <Key>EXCEPTION</Key>
            <Value>false</Value>
         </Others>
         <Others>
            <Key>RETRIES</Key>
            <Value>1</Value>
         </Others>
         <Others>
            <Key>SDK_Score</Key>
            <Value>0.0</Value>
         </Others>
         <Others>
            <Key>FORCE_CAPTURED</Key>
            <Value>false</Value>
         </Others>
         <Others>
            <Key>PAYLOAD</Key>
            <Value>{"digitalId":"eyJ4NWMiOlsiTUlJRjZqQ0NBOUtnQXdJQkFnSUJCVEFOQmdrcWhraUc5dzBCQVFzRkFEQlRNUXN3Q1FZRFZRUUdFd0pKVGpFTU1Bb0dBMVVFQ0F3RFMyRnlNUXd3Q2dZRFZRUUhEQU5DYkhJeEREQUtCZ05WQkFvTUEwUlFNakVNTUFvR0ExVUVDd3dEUkZBeU1Rd3dDZ1lEVlFRRERBTkVVREl3SGhjTk1qRXhNREV6TVRBME9ETTRXaGNOTWpJd05ERXhNVEEwT0RNNFdqQldNUXN3Q1FZRFZRUUdFd0pKVGpFTU1Bb0dBMVVFQ0F3RFMyRnlNUXd3Q2dZRFZRUUhEQU5DYkhJeERUQUxCZ05WQkFvTUJFWkJRMFV4RFRBTEJnTlZCQXNNQkVaQlEwVXhEVEFMQmdOVkJBTU1CRVpCUTBVd2dnSWlNQTBHQ1NxR1NJYjNEUUVCQVFVQUE0SUNEd0F3Z2dJS0FvSUNBUURobnY2VUV0eWxKTXhrWjl0ODFEQi9SNG8ycVVNUGVsVlVKeFlicWJZV2NGMXJPR083YmxjNzRmaVlvd0d3bEttdUI5YlZMZFFtWW9VdWs1N1J5UElGdVRpWnR2NUpwVkxOUUk2OHBuUCtHQmNTVXFRRmtYUi9JZzF1RkxtOHZHclp6cE1IM3JYcE5FYjhzSGNHTWFJMzl5Yk1EY3JCTENDbVF5SklEbW5YcFJUNHVsVmMybFFwOTlOVHQ1T1hpeENlNkxOcTc1VmQvSkV0TDhkS0F1eU5LaE1LdjBDSDJSWEx5OXM1RmM3N1ZWZmJIb3dOS0Y5dGd2cUQ4bUhDb2pxSGxiTnlTS1RsNklpSUt1b3dNMVN3MjRJOFFKMGc0SjdIVXlZcGtwQ2htamJCV0o2cTRyRmY5VGdmS1NnL04ydkw4MElYanVmQTJoM1JMZEg2SzdLQlY1R3B3Sm9JSG5ubUNlZ1cySlhuUFBqNlhMSys4a29Qc2E3SDdUeW5KM1M4STU1VjdsUGlVOUxjc1h0dFR6WkpKNmxIK2tzYmZrd0tPazhBYkRBZGsvV2IzdHFvYlh5eEVUTkcwVUo3QmtXMlBLR0JTaDBpQUlDSXNwenZwcDVBNjZGMWZaall6dnRHRW1tN1FBaWZIdUVpZUhCMnpkVUg0b1UwZXRhRC81MEF6d2xWNUlWSGxROUlzd1FSMi9mcUtmUEo2QUJhV0ZtbHJUajRJdlZFUExEbTdubFV2bGNndVJzdGlzcDYwZ2VHME9Sc2ZQZnlIRG53N2dNT1FJRW5YV0w3RnYvMVVWa2lKc2cycnZ1NHJwQy9iR3U1dFVpLzdmOFdld2RwYWxiNnR0TTZpRVB1WVZxNE1haXNuUThnSStmT2xxYVovaUZmQlk3OHZwRisyd0lEQVFBQm80SEZNSUhDTUFrR0ExVWRFd1FDTUFBd0VRWUpZSVpJQVliNFFnRUJCQVFEQWdXZ01ETUdDV0NHU0FHRytFSUJEUVFtRmlSUGNHVnVVMU5NSUVkbGJtVnlZWFJsWkNCRGJHbGxiblFnUTJWeWRHbG1hV05oZEdVd0hRWURWUjBPQkJZRUZCaEk2WVVXK2dSUHM3dkZqc0xuU3RWdlBXaWJNQjhHQTFVZEl3UVlNQmFBRkpmYTZXQWtieXFJYjVvOGpNWHpIT1hoQy85U01BNEdBMVVkRHdFQi93UUVBd0lGNERBZEJnTlZIU1VFRmpBVUJnZ3JCZ0VGQlFjREFnWUlLd1lCQlFVSEF3UXdEUVlKS29aSWh2Y05BUUVMQlFBRGdnSUJBRnZxeDVVWHE4dUVYWHE4TU9oUFdYVEZ6eXM3bGNVbFdFRHRWTUlYLzArTWFqaFhGU0R5LzNLSzJzUW4rZVVIT052VzkyMGl0QThXWXZvOUtpZk52WlZkSHphTURpMGxWc3pFQ2k2TEF6MXVDc0l2Q2xzUlR3dlhFek9HRHhiaElaNlRVUjNWK0s1MnNKKy9RblZwaklkUVN1NHBoUmkrY0JJUWN0SHo2OGIvYjE0ZzVYMDJ5MzFodUpWbi9zZCt5c0tEZTE0TG1Ea3Z3RFBoNzhwUUZCZUlBRXZEa210a3lFR0JCYm5UdHltcGE0aFhlR0JiRmU0SGl2L3pmcEJJeEtvTmI4akN4U3krS2JTQkxxeE5HdGFhZTZQdVpENkowTCtBRlhpRmdubythbzFnRVpOOCs4ODkwQlVlUkNFRHlhMkRJWGpjdnRuOFowTnJCL2xEOW54ZS9GN20xUVdvaEVvbDk1M3oyN2QrQVcxSnFhL0VZTVdGYUJBUFVBTkwzcnVOSTlrUVVVREFIRWxUckxLZEFlRFNSWE10Zzczc0lWVWdjTTNoT0s5NGNEOFNnK3FlMW14THU1YmtYcUhBZUEyamdTbzJkcDlLbEl3dE5PN2RKRXVGYXdqbDUxZEpVc0U3VGZ0bUdURG9QS0tPK3lYamVMTDBib0dLeSsxRFE1cEc4YjkvSjU0K0tURUtBSGJIOW5sV0lZUWI3ZGtQM1Q4NnFyeDdvVnJHd3J3STVqQ01tWlFBNHF4MHlGV2JFQmN4NmUvTklCZU1sOEgzcE03NFpqbXhvOW9JSnVWaXFsK1FJOHVPWHVUTDJvQko0cFd2UHVyL3Vod2xJYVJyejRkVFkwaktNbE1EV1owZmVSMVNoWWhjZ1ZZbFVCZmc4emVwcE4ydk0zSm0iXSwiYWxnIjoiUlMyNTYiLCJ0eXAiOiJKV1QifQ.eyJzZXJpYWxObyI6IjIzNDU2Nzg5MDEiLCJtYWtlIjoiTU9TSVAiLCJtb2RlbCI6IkZBQ0UwMSIsInR5cGUiOiJGYWNlIiwiZGV2aWNlU3ViVHlwZSI6IkZ1bGwgZmFjZSIsImRldmljZVByb3ZpZGVySWQiOiJNT1NJUC5QUk9YWS5TQkkiLCJkZXZpY2VQcm92aWRlciI6Ik1PU0lQIiwiZGF0ZVRpbWUiOiIyMDIxLTExLTE5VDA4OjM0OjQ3WiJ9.xFcoxOzXJ2ZFGnRm_T709UUUOscU8dAYtr8j63zO6cSf44X_foEvscUNSvh9cP4WAM9SgNUvSfUMz-YqIOcNWYHVDwfSnCybnNLmXvmFl58qnAta5iKYLQxYkLPoYWS6dX2P-hpja2TCr-Kpb_I7-OGZlWjB-_K4b4Fm_hClKIdMwHIbnAMqUCbXcwfHT7somDffUj5j1athO-FJiGsJRStbDWMfIQd5vfRJs-s11VPmNBYK6FDn0pFPgv9FqxadZIpiUVHbV3cCyb5EQIeB8E3JVv6FekFkBU4fD15h0LPP1mAgVUYNkuRehhNJucoeRXYi4RBGRs4ObAdbZ9AacKCA6_464krJdAIJ5wCW7hAI2OYCSc3YcGqKnL61yAQT9K0MvddpJ3oOZQdz2p5yMn5SQFLTfynVJ5bqkYch8moBxss4mRJJUtMVyaAgxQzQC5QVAom9c-FM_EHUJ6CPdBF-l3shyHR4WGdKaiZpr3Gs4Oe_9rweDTc1_8oFnjYv9NTt7dyiHmMLTMzGv2tJsYYKUOC0mAAVxXZvn0LOZTECSFeyNy_IPkexCGjYkKjsmD-YHCVRgO0nc6r67JN3-H7LtK2I-jWdh2fVJkv59SFjegGoi40VS9EDw8ZoB5tGdkmeASfPygsrHXwiZ5ZIgq2EyCV0HyPIrQHKcKF8vyA","deviceCode":"b692b595-3523-Face-99fc-bd76e35f190f","deviceServiceVersion":"0.9.5","bioType":"Face","Purpose":"Registration","env":"Staging","bioValue":"&lt;bioValue&gt;","transactionId":"f9f44830-1069-444c-b5e1-04b369db3668","timestamp":"2021-11-19T08:34:47Z","requestedScore":"90","QualityScore":"90"}</Value>
         </Others>
         <Others>
            <Key>SPEC_Version</Key>
            <Value>0.9.5</Value>
         </Others>
      </BIR>
      <BIR>
         <Version>
            <Major>1</Major>
            <Minor>1</Minor>
         </Version>
         <CBEFFVersion>
            <Major>1</Major>
            <Minor>1</Minor>
         </CBEFFVersion>
         <BIRInfo>
            <Integrity>false</Integrity>
         </BIRInfo>
         <BDBInfo>
            <Index>818e9a1d-50a1-4015-8c9f-7a85c66425bd</Index>
            <Format>
               <Organization>Mosip</Organization>
               <Type>7</Type>
            </Format>
            <CreationDate>2021-11-19T08:35:16.4899392</CreationDate>
            <Type>Finger</Type>
            <Subtype>Right RingFinger</Subtype>
            <Level>Raw</Level>
            <Purpose>Enroll</Purpose>
            <Quality>
               <Algorithm>
                  <Organization>HMAC</Organization>
                  <Type>SHA-256</Type>
               </Algorithm>
               <Score>90</Score>
            </Quality>
         </BDBInfo>
         <BDB>RklSADAyMAAAADn3AAEBAQAAOecH5AoJECsaAt8AAAAAAAE+AEAADwIAQAIAQAIEAAEB9AH0AfQB9AgFHQE7AdUAADl2AAAADGpQICANCocKAAAAFGZ0eXBqcDIgAAAAAGpwMiAAAABHanAyaAAAABZpaGRyAAAB1QAAATsAAQcHAAAAAAAPY29scgEAAAAAABEAAAAacmVzIAAAABJyZXNjmcoAAZnKAAEAAAAAAABqcDJj/0//UQApAAAAAAE7AAAB1QAAAAAAAAAAAAABOwAAAdUAAAAAAAAAAAABBwEB/2QAIwABQ3JlYXRvcjogSmFzUGVyIFZlcnNpb24gMS45MDAuMf9kABAAAUVuY0lEOkdSQlQwMf9SAAwAAgAJAAUEBAAA/1wAI0JvEG7obuhuuGb8Zvxm4F9MX0xfYkgDSANIRU/ST9JPYP+QAAoAAAAAOG4AAf+Tz5aAE/3Ruk6pWAGIap99H+GXtTIwd1x5/U1sI3aksjGu9Sj9lhpqwmJTfdttirexyHTkkP1PIM7Ckb1JGMo+dhL4l4DMpdIiVgDfKLUusQbigOIADWaLcmuj/CXN/JjwQUTZeWDtLCBmQIDxUOfATRMVGtNNn3vaJXKbuqUi3qtyxYDDzQBy0fKa5kHM5/AFGI2TjXzO1tWk6gTEn6LpIaDMADGtWxXJwafLt6H8GYCy4FcA8rmoWQGgGKxRmuYY06HAIWcXF4XTu+zJo/K9dxlfqey+0Cx0IXxM5N/jw7lPiaes53oqO/SBD4R1WZ2XaqVrwoF/faYg+uTLkPYJqqWpDr37UcCRePNNPzjdYcTioHPhamL0skpTZhqxepNilUemak9ly3TFqz/jwIWE8/lH1PDtDJB0WDe/dZlQiGKY5ilyMvOcdV4JpvTTMq3dC3F08V4ljbJ3u2rETxOym6lX0SaCQE6f2M+M8m76k++p+59FofpxdrZKfiPmSNTv/mVg1KUxZuqC1vDCpjzolUa5nYqmKQAWzdCCmGzn8mXU2FG4qE3hJAiOVFXclzX2wvIvoceA8eCv5ThpEmmvPt6O9dUsqvHc3cW/soZ4YABzy5I+QNu1iHWQ7JBcl97maIrsXp9Rau1zdFt7Bxp88fCBvboL6fpw2mhbhkEQUeBJMbYQ8YZDs/dzTvNGtPzo4ATHnrdBiRroq3rSFnr5ofAgwFJJu/gDSAw/G1owNBMmbe7HBntk++o/+3VTgdGD85mHhwsW690/He4BT4JcVsY6m0+NafdvUTqB8g8wJGWEckTPIx/ILefPi47J+6U9bGn8QCCFD2BCqr/db7VK1yka3ViE+gHSuXMRypVgf2RRj0zZbvCPvZZJ1cUxbdtug2LPmqOaYZ6YUEu4zNr45ajlTG+Fv165pCYbPpMBPP2niK5TH7EAJtU4qowfZZczVRdpt4k2YbQnxsXXIJcNVlOw642ok9iVAFksEYecY5dfwrhmziy7+5irkmOEQ9nDA7D9znj7nnA+pXBJhXH0v7OnT0xbz664Hf6iJILDYQl0iqWB96dJotzUKcYKAPlqyZMFcy1474Nefl7WAG3TjxV5Oon0gLX2QNrH9StyAyhv02XiiUZRmIuVdJPvOKGozWhLtusmUlnOwS5vqjfN9Q5pY3noyAdCLsMebbZAsVYGTjTUeBd9ELgDvM162WENevBRbge+Z7AWJCvcBJ6vvlWtbJKGKyZNBTjpX5ET2gJMRCzFbmhnCMbydanwicQ4qM1afcKpOqylr3xJmYjgDhBVqXBY1TSwLtjfiPMEaRJneqoOFyIoHroTLxeGCGSoGcyH6eTpOsaqyyC/4jlVnsznAqFwN7Pje/OY2qGMLfyKupWh0bACb9NyCt9/+n4o1VQXZ+L2lIPrmmdMH/tMsO3odya1z3/ixZccs/dNfEkmNZczCKDBj6ha1oyvgS+brycW1Sxcjc+E4/Ya+myJOFxxJ9zDr2CTMhQjJ4em9p8qV6N2sFLjaAd90rvvfHnF7484eb4TFLh6jxUNVed2mZUN9GvA4h44HtaBCq3MmutV1AvAFHtVhxTZHcNZzUXwr/8HFjJl97Pyzc/UiKaDONWJCXLwzWUSAxzBqjkzRSgM1dbYpQ3j9vbhAbE/cqdyxtBBY27A1KhNNeTMN6VJskDriFcpbl/xsmVw4DNDRgQ8bktu7yI3RPef5a7edx/xY0wTJKCqr6vSXn19BgrVtDYw75nS+UwAaST1xL8UA7nc4nKAB6M2GqjzpP84aTZKB0nFBlOQ6sVd1PD428v00O6X2HaZHrytVcTX+7U7R63cE6hFcyJV0lQS+zJ2p2oDMnXryDVK9792cAGJkeIbWXwPsyVVITKGAEXKoWYgHB5GgdjpeE2jW4rGvBmxVDjwvyud2Zk0HPNhdPwKu0HPNtS8OXNgdBy9yobHYMxkO+78Ds0jqeadiO/8je5VDXQtYegXRwehE1mfecLgKCS7l63I2qRbBoVT1Mn4CjhfFQ5rgFtnUSlSQXIjkoHV6XAEJqDfUOmK8YkGR+nTrziRTCDeK/5GBU/dJNk2CLVoHkfQrpSBDVHph2mnSBIQNBog3PmD0x8/IWdKFZr8kfPwpbGAdrMJFQZNauFmi/kX7JXk1YCpighCvPMRTVCUxORKdIrsZIBXL/4vOAbK1o9VmHfv6I11od1VE1cVjbvzku0/ewKj2tVKp/X76uQ9Mjn2zE37JcwcDt4T1D7ZIfoMqq6NwAalZGQks4+tKcvEcaG36UCP+n0TdJNbeTlc4vnQ9FGowB8fXl+twOouomFgbDa4/W9JlqK4PsgIHu4jgzRO3XysYQ044G4pUj1MxbOPURpwY2WjHRd1kobaxpQs5ebBUxTqdhUZ7Q+mW6vzFxjGfd/46cTZF5LtfJ18Eo0K4qmyURH+J1V6n7Hfkk5VT1ZPhxjvT8tuy53npKZnWIjT2kLsZ2q6dQ+6ub9XvsC3EUpsnblrvSJYlnvVPbDVW2Ev+V9xfvTk9BLyM+UmzbHpcei4IDKUSRJ5vmEpcmZd/e7ZiMJIVkLuRmt/58m6KPK5Gp2mWArfTeauzemCwbVu1cdM4Q8gNQG4kakV44EZtOW8Id5oeUFgM2fVel5C9WVLiCkVa3z7AO4N3/qef1tDotEwUwlw/Z1+AVTNimZFbfQx/DwE1rPk9Wsz7nE4syh5PctQq1XNus04eJZA5SCx2C0sxopFmSPly+E6e3mUxxrfMCliqfBok0S4wFcXlcM8xleaY0kZRx/Ye5jZhr5v561dO+LX+kR2o3GCDb/OZWbqvxDyyHqFAiqovtxSFreD1gsSREKYJdpMTSjSENqZLXhxhd+R7z0WX9vVoMQkhkH0JAJXt7HauuZ5hIEG/04xn6iOs0jQbnVTTjpgUtdzmMKfgG1qfRId/hwKl/RFaqnGqYlHVFm4W/rF9ZJiK7JwxfZpczfVVSueZh//NbNDgwYG7bJTxmGngEhIpKOXhCjTyc+9QnbEfncH5mju3F/1UCC27TxDHZmqz/k6EHxuhYRV/CBDBknH4610cpzZo3PwQVsoniC1uukQB5Fe9S1pk3KHNzRxZ/faSkBk3nMMLESED9GtfSATs1wXhXJM5r63N/H1Y1LWXMkAP4lzk+2JOzfQj2+dtOgfA7HewFKDz+63zs4aLFM4sGxGfREeAs29KsZKmPNPX+jWHN9WlZtOFEC+qje/cOYz2OsstGmwhtVAjVzkwkyLFBIgzHckNexj06rYpas5cJdEKUaQPgR2Ekco4YR7yy+e8ooj5UqSRD52VY33JaaBxE62lKnshyHQTIzaMXoDkWYqZ9YFzWQvHg6CG8QhtNjUhkfHxywQcfLdBftriJncpMyjlYHG6ck8ySZ7Y5+dQ1ankzRDFvroOgaQqeVTg1k/tXdtScEsYR0fGdot6Ul1UK0r31vYeOrIzcFmBY7CtThDraQHYD3Aojj7+bkmhphwJCw/ha87zqPID41aQaV1cIh4oIlq+YdyPLRcbuNxoUUS22cSBhz5eKg7+RShwHReILxQiOoReAbh3smw/JquAYhMLVEz+dJvrrGxPGgraT20wdu2obXFRPMkos1DPc5csCB9+RGNCF+3vqBDhlgF8iNpFjXHT8NLm4HPDsFNl9AbablTCJC3f2K2kQWrjWrU0DAbO3iVeMrzq235O2JjodZ1TQTLYrmc2EwHNsd5F0zFvO/pYAad87aeF9404tw0AcbLOyeCopNS2Pv9yb1unqupEW7SJrQnhFMGwuP6uy309IO4024DosW+QM5KWGsaGsggErxwzUjKSJizpzVi3eZeqsp6SHf6ff4Oqh7s4q99DyRSKKKIQw3HJRvMsNNVLZsWpuRrwZT0ze/IZpIpP95sdxyrn8utt+PS8DtYkpw6salZKsygrTn4RH3QEIeQR4WU8QLh5cQ0tos2Mk/40oTXD7/YEI8zTxwsduMQ0OW3KlbhqzwimDFrMzQTXsmKHi2EIwji5/J3DV4T4seS35XsplLm10w/z9LGHGiifQlYpLvEHCWzXzbh8N08922WSflX2ZObpma2VrQdKVrbtTrKjpVLl0L65pcYEiDG+1WxQZ+F8Jp4LQZdNs6TQRcndPvL7KT23WWuq4VRF/EOgWZsiRxS5w2HEJIWfqOq3RpdxUylK6oVQussRYEZ+6uczPEB/4NgKfb5iL8pDrC+8RQE+bmWVBVJXFwxF0BUU8JRrtEdUTrTqXfdWlqwRSBYcC6TmoJROTmEf7Ai0IJS7OwQjMyPa8ss/Q6nBrnEWdX+4Wt+Kbp2pth8AX+J21dF4UJ1SyiR41PYFQJp9XOJKoNAJv9/vMsIlDUVCTU003/f7lTPdJTfseUy3k4pdIxV7LfceDs8gExe12r5vs7Esn0O+9AwxC7gTaEuYhCm+wEZjHy7UXLld1RN9v8OwMglw8+/ComMBeZKKV9FRqFkdeL6Q5YZa586eTd1HADCydlvvzvtm1qvXNtG9eeQ61oLFK57wZQqbaYcHAaBqKnIs9VQb5Jyn70G42ok36BmxYjHqDInPsvfhxIl8fyEpK0y0q8TwnIEmaxxGjWtCqgEBS7QEqDLNtKcJLPS+xShy4Esdb/3+a/I2eoV9RVhf9CAR37py6Lm1IBFdeRG85JnnGeqVf9kmGbSB8tMUmRYqOyWKhRRTKJELJrvZp+SS+GwFK+/mk3wXtQyAgU6LZF3LFLoEt1yiUyfoe2e6h1K07CKvbBqqp79hELO1bKlX0mBNWgCfLmqLAZtCo7MPjbPOmXxVyjDT9TGFV2p7NFWQah+Do1LKk8Y7Ov88ie6i+Xhuy1Ef3GtB9+ZHfQqAE4yQKIFoCwvE7Qf8viNke4JrjkJM5EWP1qhau+wj0f6A+Ax/thSkk+O7GOZRmuWV6Z1Bcl5n+KyNtug4kxDdwwolDXfCkriTJ/cmc/kkxRo/hhqbMTqj8K4eRnzhICAgLN3oMLNbX3LwDboWeJPIDbH8fRe2IaH6wUk7fqIPqoiBmgqS2XPTk9okRH5wzyQ7w/d+Fb7qFWXckCanT/DiQ/ndPGoF2j6sPAdbOHMTvpjhBvBzllEwC/ExwG7sFi8ovehjB8vwogceZ/x7Gl1aNfCvTN5Tv5Y8ulIPSop0jSji5G9MYILvlBN8GRyzSi/9p60+fxZAG2+0RilojFcUA6X3YyLb2bjpIIqQV+jpI7kgJ2qJ4EO6wyQyXaPui2JXV4i4WSH0LFejfUqGGzTxVi2i6NIYYLj0RhZFgQAdcDx4A4B8k0y6uJxPt0XuxyTguw+++ks8zIgI6Q3WwRbRb9P4hj4KpP0Tp4BwhoA0rzTa6HTpW34S+TstkEHDC1Ha5VLbP8ECUKAP7OIYin0i45eDxKBMIHD2mLgL8lSRJUXZTkx254ye8cK68soE0wTdCzrKExtrPXQ8ihI/yVcrOz2Mnf5QDngvgkBgUsdBpih2AOUzLorv6hLG47aghPPUZcHuD7t+wAK5aho8r2PpjHBUWwJr1Lni61XiNhbYSB+QnP0Xrtn67bSJT8TeGbrG32cXp5s8iem5pltNLhSyTcOvoHbJqLcfcFSrCPFT91iKPMKPvULWaCrxu82iSqThgtJEJSDrXT4myAPhBKRxO3Sc/5rNIT9ghSsrFPITOynhNBSPb/QNYKsG11RYcaHOGz7HuruS4GZjwdxyo30d1fwNHOHr2Puu0u1BzjkQUHXNJYI5NIXqnuNQvPb0XVDLzZLK/O8NeoghuOZXigaF4o5OwgWBDBIXb5ASH3Ee/EvrwnaXXy8zgQCNCYelqqKxmPAdEBbSB+ahZPu0hRLMGIaZv3a9mhmc8dcLuwDkvpsFJ8F48Kuc4JabyXKThsfmxtjW05IcHgCqBXicYBILWBzr4NTtbzw/v1vk/RPDNNPJRJ/sHcCpgtbp+b1wQo7akR14emYnW9mw6c3Uv0w/FEpDFjjNeJh+lI3DvAj7SBtB7vFTEdKnzbT54SBDec1NoHqJtHBcjV6+wQ6ejwAGw6oXA+hhp5zCX4f2cKCiH8Cb6fpbfcE9FaYJEUiCvwfDWb2SHNfEnx1lMdF+SgK8alF+D8DDYGLHJZKH8OQs7WIpzqs4kT9GJZx+hJGK03CL0Ey7AicF0oUm95J6Q9D42pixtpX9s1e5qu/W647Ucb0SBm7tiQQp64nGadPGClZtBKCVLonu4dWjNMlA/1YF1ZVCfa0YPl5eDr1JaL98jDJWwnf5bAGvaTrQRevYbFCwDxxfFfGyB5gtbO9dIGQhsXUDCLGnDdJbBBt09Vuy3oIpcEMwA88kR9ndluxUfkEdvvyIXlUJvZk0diD4sD7EWxh/HOow9CmXeRJAbfp7oNlFlrkeG2cEw2qt6y7iap4Bhiaq08IaKKhi7JYXPgHJQzMaFJVoMwc5BstyzMaPHPFRSg6hJ3rIVcH0zUR+KyXTSUt7RGEQft9hjyzYHHBBA/irlkFZphmJcAmss9VpMi7Ukd6NGrqD8BfAHqdC5jTmii/6cezF2wq+Q9AB5pIH9hYM59g7peo0gkx7758AW+wUmjnOM/GIyK9Ii/U2O2VXtEbzk1YQHZeF7qxhmkPJu3ZGwQGPnfBQScLigTV+epeEoY70RFr2xxdE2a9ZBOO738MvIjUATEWZjpi+8dQIdUsN/v3USBsOQ2L1pC6sPUXJsYqa2ZmQeXHrd6mAGrxoSNNJpW4MO9CMJ29o08lwV0UFq4l0xsEG5lhFxVY72vPRvC1TFPnJtiDvG5DFeoQxPsQw6Pbz4k/znq0TV1C2B4CuiphYqrKyZfTX3V+YyiYrhtSBFy5zfsD4zb1OSma6Jh/LrRovjAHAbxm7ctMqJU17FOjuAJOJgTqd+o7TGdomTHr/GEOXkMajeFqogq86eHI0giLRtP6xv8diHvJeelTV5vf+uSucCXOZha9dwEGB/guiXon8eEMC/MMK5S8a0Ms5zrGGZcoXJQYVgP66/7ADyW8H7cDA+jZAdR00rtXxFGxivdX92cxyDyueT8p/ErqEwtDZPlWZQtHR1omAZTkjezZu0e/aTH86Hmfy6SN0CjMOSHkf1cFWQVHKik7gE8G/oBwt0bKpU26MLZz2QXRDdi6uQbT0vQyN0R39w1L7cXVSDbu/RmcDutIH1tZ8W9mKT8mgDWRCKgZsvSP5JoFVlqcC1AUu7xBoB8Nqa9NnhGF/hOYFU9NImM1h7dgwfvP4bEulC2CwT4vMXhe9Ynal8pqFmsPnEebFV9zEV32G1EN28Ufb0QKiCmPYkPxo5kD5CSgDAZgncuX96RFrqLNNt053uRoDzDZ8AXCQnh4+IPHQl06Q13Z7GUPLDiyz5+CMLuToT3LybwvJotkMWQiSBGtwSGqzRBhgMY3Z/c7kvM1R8tY7fsGP+XJzHd7j7h8EPSR6Ao/dJgDVM3hd9+OW0rj+F7p/yhcdhHkE3ijdz7x/ToKvUVdXI1oKH/832AMy5N7L5fcoO786o1mXvmK0ubWMxGS+lMUN3i0nGgA64IWm6fSi6M1hYs7B4Jw3V+kYN7mGUqDVFGYwTa1b9jgULxH0WuXyibnHRtlA9TAAwBXYvZvnCqbwz/Vwdrim7DzOLUJKEQRgmLEdl9fBXd6F1M+Lbpmd5T/FYLoZ/TrHtvW8bGuFhZnD+E5iHK83dpx9c6digwbyY9091lRvs0Kc2uSEvBqnmAi6cqa49p0jyToRqbh3SwizGBEPjG9phEAF2pLY2WUlN7jUuTvPDfvljfseH2tiuOUnaAUvtsIIBCUdBSEJpIYh2BsEV5S+ijI28RfUOV+nttav5YyLk/bbgl3vSRCwdOmj2bfkwpVz/i1dYga7EWX82gYUlPt9BDlFxRa5qR4kTddsFjoA/3O1Tk3ukHYAB0J63lDYeOLrkzfFM2LXp4jkVDbb/jf4ZBosGcx993mLr8pQnV3YRBZ0s1oubbyAhrS5j4KNvfYkgp0IpYCaxnLWzQzRRRUy1oi137RxIBmqJqffFs12LbJZU66JkHrUnb7dn3oq5yeAyrzptfkKWVWmD1BPUjiiTkwWAR3rxSYeP9leOCrw2TzN7jhbKc7LdWp7UYCMZUgbserJ2mYKdHCbHDbL3xRzCFCkk8q5ALGmazMOg1SJHln8wfab/YSNI3bGJoCVtkP3UVpViIcTeXxhXoo17UOaRxlgQcCWWqW2xIpZran5qAdo3pjKx6yiCGS43UxbSzEDHrbj/6a00JYqzSexQQwZVDTbgN6CotQfJ1DDvBD3ayYKFllYz/dzvopeO6DDXeGPhQT+CrbxCbdLcbaes7JkMhiy1FQbNUlTPpjCWpj0RWEUA4a3CQo0VwJn9zf4SyiN6NM3CyUYVtnnen62Xh1wLgC0RS2gz9Q+4uYQGCFdNND5kez1ja1ZZk/ejYlNx/pR202wbKzNdjNpIwANEvySBoQvjNpFibDyq/Kj+eDrkmmMAPEo03rsvum2cyrJ3VRUfnCwLZ/kwfkwrsNvlOlMpbjUGTK0PjBnfJtOMuLOFK7qmjmu85wlC0o/FkU9NysjhfIjeTJ3l8GrB+z+AD23k1o/1xULIbgi4OwWLiRZKNnC5UALB3Gs3bU07ZTdXqnz2kJvq1hR0M1Rty8S9sW3MMxXjrkD1Rhd90B3QqQ9sRCIXoDAhDiHri+iMo7OFKF9oplVgdF+t7Lbi9VUwD/UP8JPHk0aens9OuKOMfkOSBh1X1Xcr4AatgENwoe61tpwhPP1pT7IGW1gdkSBhmrtneWA/T89vl/rcDfwD+k2KLOOCZ79pRoZpsKINDj+r3T++g35LnwG0RiFW77PC3G0Wn0+FjLukAhnULGo1nxmpX+Ds/fojrrtT6re58H02b2w5WtHWRsYM6IMvN3VckLzDjZtuTLXFo5WMzHj0M25xqOXEtcg9RjfDtglqhyoSspOcy9dnKfyEER5IPJGY7dc0xeODihiK0uyhRKuyhWN0L4oxmOqaKYFsei1ZRMOJdrJ9InN+xUNHdlK7sIAgwqtvr6m0/UQozb/XqIFmy8qAfgZ5bvLDpcZLsA9XXSFEVYiRuX1la4tiMkc4O1tEqDEbgAy0k9+QJ1KVDGzSfMGVn88mS03cixIWfyq7N/KifSZWTB+FoIGKPO2TXra9hCCID9eXocBHZdl6X81rSV4/lurvCf27LmHzF6dNkwB4RdUk52EzL1lqlDngP87kkPJEuk3D6bwFynFYVz0MG3nadRL3U2J5RoJH4DYMNdWqGYxC8tK1CgiqKjN9jZRTLFRNtMKGrSA53CBTfI6uAMWlsdJ51vBbBssgRThr85I/gBgpW90kvR8GjYNJ3dRFTxs9+LCbn+iMnN+T7tPdmmhvh2QeAFiOcKBtkWjKs2d7ItGbwnzDpkPWsP3mnFLLIyO9ia2xFSr9Yr4MBY/h+Q5BAOy6dKXShrkR9jUa3k2hjKpqtfT+TmuldYjqnVzoQJuEMrG0gEgWelA8LNK313ST9KlJIQLEZDguD7Z7/whIjryuyKoWzWVbPeDPQbz783NinbVK+AdEO3w7+QToEX76/9Sspy3TWC/34YWXUYOZDEG68TrxBS/dP3+gfIle/JvWVWXlyqvzqpXIG0g19+H6efaVAIjiGY7Jv8nldz6XHENt32yhp/9cpqE6opj5WeSq+FbXXUvBhkdnurnOQDWn0aMDH2Uy9V03q2ioXvuLP4fjb8Wps5b0Lrg6TD8NDfStbyoUzeQeDeQR4xUi8c2SrwqU1xL6rq6K2iDDFIdNQD4TLLBS0WzxJAETKUeFeks4mWBh61sqR3Bhix8rvQdZYOnGIpxkkTPrGxJr5yKYvF1wxUN1yqyx64NNrRVq11eOonpf9gCpJrMXKzFVNVDrzUPSkFvWaQnYZTsYy4t/luEpzoSubswJmiOm5K7kNfA9eeAMvBM2QcDfQjMhguGiX1acJAWjWsJDbOPgcZW4UhSL09atJXbJL8QeLfBwD9RSyc08OeyI/bwXLQ4qDuHtEKNBQud2zsQOBOYAseAtIVvQa7ARb3MLeojyyDFHG/6pAXy6+0n3D0fv8UzRryguOdt3uHKEm2jubBWhnuzH5VPNTEqcSjqs7ZVEUjhZWqQY5ySMOU7nF+HJgwvpzzR3EUtoWpnjoA7qvIsERSv+0YCWdYIsibVZMGl/cTkb5veWS4wea8G/9rN/2OG5eTNu6HafP/Lp23uIm7Oujf4pt6lW8jH4owo4aWuImS+6Fv3hJE4XOrNwTdCAzmXCtIn+JTki2DA3XH9s4Nk3MLvxVuSSoaMnwiuH9S93OMOcsWN/SrYjjuYMaUeaH/BDMu7FFFEi4w6JpKksxgCRk1jqLTHbraVvFRkhYA9hZH+nWdyj12E3ppsyfzzfINUCKZp38a/OOZ6hG9d5QATcW3gxhfH5pDfwYmTDH09UCIGpBn2WtmgSm4QqPb8eMDZ7xMJqJzLkA025/Zw5eZmkiXFO/+3dNSDlvVtmG/CcE4xaPLxLWjsjjGPkKl4G3ML0cbuv0rYUSBgkCZNOQS8YeyQbUKXSBx8b8FgS6lwti4u7SwZVYFzhu7FxR9lM1MUheQaODmLEP9Y9IYOLRtlUNv88c/eGniLAWVc3sgbrpCMwoc9QR5rzCfF4pcyCUUBa33WE8iZnIg9Qm9BMKTykB7pr5QkJFQilkGrcfMPlYrPgHQrp0sKhUi4SEAthwRfLYTlQBpkn1I/3d24jCj8k7KoFcPu5xjRslaC7hYANULxm9pdRMm7ObsmuxqMG4BgpLsfKuE1KpvlLFiTP8wKqoM7/8hx6Y2piQZtolDTo0ik3NJqrcQCRRMZ1ns69qyw6DIe3q2e0noJuU2lSzIAYwhzHPTpj0qb7bozurGc3Eh+tnNtn7M30i6r+fK6t/QRbBftD5nUkmG2tFNm+BW9y35JoLewX7NTJmqSWcqw/fhwJd+0gq/wQz8LmYR+CGiPZRS4o+G0+C4uhPTu98FwYH717e7a9iqlH4a8vZ36P459tJhaL/lvQXyWdQA633lY7CwRK0/PyC5Zb/FLg7iNJP0TDl5/jYBQT7XomTP6aLEroNcBtiU7vPJq7nHW0Tpp9Bb3LyLudu5/3OF9A7BV+r+Ro84UKaeapuSPpyGDn/61DVY2ojT4p5rfbskB1unSiWkFw6tQAQck+rU1VEBfdNPC21t6K82CIvWGS5zCHIbZOCIeVOIJxW3QIq/A90pA2om2GddypyP3HNy8E9bWuXGqREZCcFWtKaeV4pxnBrMuZW1JOFSSwI6k0K4yIviBeGVct5nacjMBlcKnQbMoaab5SOUAtOQ2MCrSK7NDFiMz0zBnoSyvyK/l+hoq42B4uMq4NROlNFy2c5vHF7WctYKH1iZVcKULDLv55fOJfG4WnUKis+9ZtXwl2oVJsDFzvLuzFLJfM/McEjUOOxn1Rr8aXbrr9HqJI1sDyxW05Fdwe7TSUYX92oWwq8KyMSEPeBmtOgg2Q+E6L1AM56xhyZZVtinEGWrGc4P7+UqWxRydU90tlxAj6arKJV33UHjQwTRhfmugPeTEYfekCGdku6ybXe/mS5exoHutTBtVSCIliknWKJKx0oCgVbwwBxpeCcCzHY27QftH3b8wFiuk5qoxkSCXxy45wpgNTVPO90aXW1TJHgXnH1cE14H/X6WZQ/rz/DYmUOvzd8dwcAHWAk+gTEL3HDCAMNICfylYPZvHvvLHpHm1LzMFBUxY5+SRN33iEEizoM4TnwXLIkTBxj2imctRnHGyVXbj8v9GqV6Ehe7ltNroL9cA88UjWNWr/q72SO6piGWy36CF6G+kRJCcwv9q+4xgiZgtKk+Je1DvMRexWjPl1kQY7dc03xBZ0fZhlcKwa9ivZYsuQhV/dA5AqbhieiQ7M+IR3X0BuvBHeiobks4SeI0jDNaj4qDzExwM5se8i9LUs9pndgt4J0snIFdUvfK8FH9wvQYSagwW7iYoi0C9fCAdzt0DeePAHz/OkMsoF74Dcgj3aAR4Pm7exJYmGdxMuXDBh48UVj/YQd3T8IRxtj0rTOxpwPzznCA+2LfE8m93ucsnv8uuGQJDKzEIXb3UnlwB8yb/ICu+17CNn0kRsqmln80HH3ai7Cv0KxK+Obfj2ujV6OZt7zEWgbqzwsMCvvQ9LWUnn/Zs5w3+Zh5WoNjXK7BMMGEP/246spUlxF7peRJvyxUTOJlH3F9ModVpZxhYWRtXhGfUG/wwVOecTVUm0wV7D7lxgNRaUdGoQ+0NQbNN9RqhANcQ5kQEWgpqGgMTPRSCVXrEC+CdSmA4AwXG104d5HnTrG45LSGSUfD80ifZ5gqOi8tT5s3EQMkFqSrze6SOjbHfthWnxouo5y4BqlFP2v54ADk5InYCll8vSBurFxoOe9seXf0SCUvjhA0NNKPlVa6dWIo29aAbxAb+yJbHpNT2IkwmXUYwL0JZ5F9gFYq74o2clTbqOSUDT+c1pwKBR9g8NBcwzEE2ii7ISQAxWnQtIdUTdO/dEMoisGZHjEiF7+C4X/5CtRhrB3X4+uMMvLsFDxKrVX5G3IabtrNdO595jEscMaCIhrftImb3j6RPIc9jDj4us9JATfsJBsGpQL9oac/xqaOUBeyXcBnvzgaGfRuTkfZdltN89x/f1X3rA0ntqnezyUOayAoGQNGWIycKq5z9VsZhnwWl0ZGuDgNGkbI+NaXsnBVAIM60y+9CyhZaOeQqp4Z+cRGNhFN19nawzGIkXcSIiBCYdo9Yzi1Nir6Ihempu7aLvA76cqj4nJk7QoDeTzo7CsZ522HbJsRC50KetHfnGCDHELz5gKQGHkPwFqn+T/XO9L1w1ZHMAc8duDWjwjB1VSof+LKVoJZKCYQ0xbAZ1ihSB4sztfUBLtxqkTTuR4JzVAs+C1tM41QFuyq1m4D9mlhfzSnXoPjZpeFTozME8EYAvaYMxxb9yCDjhhk3TGiBW/BYrwtM6NVxLa5fx34daYwP0FaCKbdT4hrd4VWAm6TmUpLFUYfWOjZQc1SexNfBi2v7t3lb1Ri21iAZDvsfnjEsjrFwiuw7xzsCkrQJFODzHIgGpdnpTYkPlxQ/FNaGOWnKJzu2A0JDARSD8RhgYG+79gTAWvKq3F2Gn3rH8rlJpDwz4Js3NmfWn9bSoGu0e5J3FXmq1PlKIgM2nXJgNuLawbAsZtL2pDox0Ogw6RH7bHtOrXxadkltP1VKZ7psh4JpIVF1TDZ64gTyqtVY5omXb7Qj72NVaiPQuTYhdpzEieYFT6H0CHvXa+TLW+YIvXLfJkCl8+60AvHXuEQq6cYLoS6Qj0B+IGsM8BrhqaP26zNa9kzz0XYPz4x/K3bS2Ez3EyXGSat5e6F8DHzd1z484EeurlLaeAEluGIA15Kr6eHXxbazVr9GFkKT0Bjzj/yFNZ9/R/l+u7230M1bHIvacWjyV3XP/kFC5NSz44PZ+BW8Ell1OwPXeEWKRNVYlxfkfSd86JepUp3G7gHULldIpPK7uKL87i7al1AhzNHZQOyKlQ0ss5ay1lGYPSmeejf9o4O+usfnkU+bRVk/0I2V21E5/qpnFW/4D8KD3wU/cdR7X+20SOmAsQaHBts0p1rw6dmsSgyS/kchSUfQCe8dFpe+3lypu4xRQrrwpKh6sVnwK2/dE/VfosNYjUJgICAgICA4j2rHHu3boAA2DWTqYg+kF6I36kdfBchu+aFvIKv+KH2W448cDLQQXA7THJ2/uPWaZV8xeew9Bj/bDVv4mhXcuxbpOlwPvb2vfjroVlSeQN7CIG7V/Xy2aU0DstyVTSgjDwQFuVNOVVIegS913eluZd0kaT3tX0I6vGW0XZPbnJavlvu+3yzHqy8bSSUz6sUvtlFKL5sChVyp4czDqc9dHMa47qGbhydQTP7Gyz0EGa0RA3fPqHC+oNTau5fzyG70G6AgsqAgv7PdGPvISaw6BfmvsjhHOFnbOQ0y38Iglwk23sO0OKWpJILvCYkTOFNUE9OWBbbottPus+6sPw/SZ223noD33m3We2ndF7W9t97Thupfg1muk7cbzrPnbt3R+1rtaDmOp8rbHetOZi5pNoJZex4mcuNlXYhER8LdXG7y1Wz9KuTRPi7ThyQAHt8KdBrWSBT3NIRr58hqIqxsJRCDV5g1VozpmvQ/SUszz6YMOI307zEhgAMacAoggmMg80Hc8IWH/yifvHnw3wTRZrl+06vLmmf2SVgGwmVtaR0+5hP4o3mjKJ0oJGXiDe/vSoMTbrFn9BQq8u1rdxGmZEdWOnyu/k/r5RP9ahHQLT2kahvAv8XKqu6qHUaYmjB4SKT2cVuneDzq/WH8l7M/j+ieqEdqt3o2q+YSHWGLDRfEV2EVmv6z9Fm0utOACoYqbk+j9cLqVBHhDRjKCBX7UjSYvYadJZMMW4jjAz2ZpQ4ag+iMeCZKmJZlYHjAHSE/zHJVYZgLHas4Vwc48SzlCb86/T0nQEQbaSZskfnXv84YlVOCZC4mFTq8Je7C1A0f87BxdXBzGCKipYAwfbcutNwTUQSIRzIY7i4L7LZyJ4RkEfTRA+sOG4vS2K/c721B6YTjJjlGMW9zMLLi3U3B2Shrhpoleo213vkVrdZmLl3QfQZ4msI4LMyGbCQpxftxBTuAVtZYbsvF/9g7npr0/CwANo9BvVQAdpwVeTrzNe+QXawFqzCMkciXjJXLV+YSOCz8FH5y4+qvGZOaSQ9mb5AlJcrQVvmSOt7CKoUsgMFi9kTXPR3IDawLR3jrkcHVgkMbaa6PwUtKajjD4dNQ7cJ2MAK+iuhjlfwCnvSM0ntyE9Vw3LQPLPxdifGupUJ+2e38J3kU7fHL6J64lqw0J8edfOHJyzitgZ/Xbr91Bm7bH0S7+WuFcxJ1BD21QDroWkxYvRUOjsKzeqoc4AJpB7wgzt8YoPooOfYXq/zSNRcoBp/91waUUEXD4F5BoTPPXIOgb9fdPzCJpRILtALPVONtgd7cxHC18QieyEHNQdU/xEFdv3BMKrpv+/buFe4qU0K21pKDVUh7sjGo6e+cHga1b5QSz/IECCVE5AkN9Lv/RT09fEJ+4x7MMW1mh1CnT/C6zaJU0Gcz8j3uvEN6lzFDGOpk5j3jlA4RfLqu5jo22V0LtjEHJR/6oSCKXJHJVukSsGabP0gyufuSWtJvO0RIm8ivgMI+9Xu9fT0QoF7daAqdCozWB6EwWBo0hcgtNsCFSFcQ6ZdL4+P55zaFdd8qpnmYP2nTNgMLQ1fgSYW1d5wDGxvpnM65YzgBpjPL4+zxIjrO/EWJeC8klw84JuSfd0guT6KUt02LYf2iXqGk5NNfidz/4IqSkNgikjK+86MbFiZeALKSqKk2UUfs4lPyBJpZ4ZKB+BZcgEJ7ukcCyfGcm0BsXtQPikCnzlcmUdrMPDFS5IaQver9ENzWQjhjfCtBZm4JYcXwLq0/rP5Aet8Ncy0nEYFTLiG84V19iQFXWPvM37ybagmfk9LjL/8o5MWcnFDPfoeFmgTG3AFLO7ZT8mqfoLsnF1yTeXrjY0LqbYgWzYJKexpXHCwVebcunWR6xQo2qZ4jr7oq3S/CwNFGfWopvIiltJVBCV8ovqOYfmfOaNmI00wLkJ0CWV8yO/w3hw58w4BnLeAkq3l/3PJdZ5dGPKXamI1B7g31INSctxC/R3wcxhd7yHrLd8QH8NY3s2sg5B/Wtjv+76Gqgw/uQ7HzNhri3z2B3mej1k44thH8RxeULMsDRbje9O2Y0wBb8QXT74p234MkzSFqAlpy0/pfKGGnlGgZtAFm/urKSqD8jdHMKwWeh9zfEqXWj7QlHCkID61ZhvFL4P/HXx6ECggvtBTBFZSBN3lLAKWSfpRDZN5RRWeFoKSOdYYFOVGRCUP8/ZZ0urgaY0BPE8Yw5xmhAVwFGkoqbu1+N4BWqR6wNfc9QhuO1CcuzQOtbmP44/WSRwfpLK9Gt8w688eNq402fds9aWpRH7lqPJOnRV9Z8P6T8QsCM899ka4ptaG20fHQXAUQ4H/KNDynTv2kqOy4/8oc+FM41FTBOIeQpxsufWMwVA5jKMj9jNBCL3UTjIfSHOAE8mHiEwmFMfKI0jkbSzRE76elb1ciJTy2Aau2SvXioEwKX/usAYwWc3GXnC8IMnOrLt65p3vKaUZfG56bp9R5Ahc2nfr0qKTbGCAP3QNeh5aKT/eCIghfmJsS5TnviNAxxO7XSjDdH48TWkGo1UHnbP4nc7kgrsRP9/AgWCdTFONAJAOBQPq3ZZktffW3z5HBQUVkLSDBKjr4GwnlU37tm8apde9wwgn/jau3UBGlytp/0ecNu1q1gLd6kR7QZfKlMwJCX7z7ce3ohXpZVpQdPBsOq8vfIi62Qxrs3wnJ+Y28zIcAIOcZtpQ0tlBs7ayLd6VmTBIgUX6DhxMbIAgYlIIFdHNklDCSuWfAngsu/TTj03dRKcBIK3N0T1ag/HN2haliwkUCtWBIVHXVBixyXZeRldrjz6ploq/N4LEbCfFoS0bjEdVy87fjUjUfVk2SSNSMdtg0NhB7SlcPrXcbUWdr/OGwiO69LCs7WzYceVpcXhNRHYIzq/t0/Fgfv7jxrPgIShIsy7/Kvu/zkoL9VDffVIMkq8mvGvsYUexz1BoXXsOLqjDoKL4EdQqdLYi2MLU2uewJc09SvObiq3/GPS3RuEpIwmhnRVv1vjOCUY0RTxw5qM56RzKmkp175NouPbanIzSXhewhOtHZUIOMoajYelv0kQK9qHDsMH9iv86cuAHdkvp8SKNcd56rOXKkHTxwALmdTiPtjelLP99bhzg+FC6c2T/II3uDzXfrHYm9TrSPpHLwbB7U1TuoPngEToYkXJrabjHK8/iuJtg5J+7J5mnLIvaikBj7xfEroPKkWKA5DFHYYEpmbBq/qEeFFZsaQ39dKr6QjCVQ9ivSPWSUAOaUknXBugZWp6sxpr7XaFU4x5dfQGfoEVEL5AsOVagbjv1UZdjqMXbfEUkIZ3TYf2GV6uSuSNuOKxzuh68vFJ4f9oF2ZMrK5AN0IopZ2HA6sY+uJtc7TgSZ4EvMz99DvjFQAgtP1KrIZ/legD6Me0X6c+vlgE+XtmB5lgIMcUbeoe6fxgmIJq/gw5YH8oXzV9M8InguV6iMI1+5PIpbKLMSD9uDqL/MQu4lOyoCn6JmSrPcTe3FbYB3SB7USfCS/cpMUzvr5vdXjKX4zWIwav7kOEPGsJMEqiL65kIRq4jAhM+UlTgXB7L+/9iFkOuy9JyObI7HgLr/dJTLM+OTVIr3O7kNDRmyP4RkL00UK70udGcT91qb9JZK3VM6bnYRfUKMaPmc7K+Qh3WYbVNvHJPjKqCDOkzhLqSpbOx+1tYvFrHwLMaEpG+xpsX7wmuh1Csm440g9hlBrHhoud1t/2GhPyg1gtnohtiKpv8Cwrb9P5sSA12diIr+jHvqU9PTPyluGe1EZzv0/Mbz+V4ARlFf9ij4u4UJZNebWMgHR6zcvy7RVKxnvNhVIJ1YeeCwetLY1y8vEeXXSe8WdnOkc2wtyXDVebKykAHWS27ZXjWhQzbk4SlFjLz1PxfpNH7e/BLd+AZ9ha9vQXk7aeE1MKh5iDP3TxN1Z9eVTKmVuYHTgSfVTgSvhZCjy7L9mwwnKVGPlbSEAfFCzJPnmr4UMMV2N5axddGAq0za7u98IdyAkAdMRz4wrh+500D8tJkNrpWSygOqXJEbzYmJNTnh+oQbAtQVR98XOVnT/KlF8ZRyz+XM7x+AIuVaJhrNj/GuqlMCQ5mQtfK/FryDuzORbXsEEH5MHkoJzLCvOMS/yFvANcbB4nXrow+J3yY1CkUdb8nl2s4tjkKqoCFGugQG3T8wyWHSSf0GFDQEjzVO7HWYVVKWlhKkH2iTzYJmtMLneHaV5yxT4Z6doTOBl8RNrzGrh6cYf6g6zjDbtn0+Q2L21uxxyPC+AyJ14wTCGRgw+5gepCRqdol05LtlKMn0m5YKicE+sCcqKDMYQPGeD7bdUuW8wX10uGYEPW4LsPjIMiB3aXcJ00fTi5EPweR3plKNoZbcC/013lUZXVK+7oMNcAdffDsrMy7+2xqZb4RKhyoOezZkF12DvF5rcTHIIHRNfAQni9NGLtvvYBGYawG+eh+syFPecju6BZA90YAWJFiPt/8S/uvFdAyPuMFRI+dbrBOXMO7WVk/qV2bzn4W6BYnUIzxJ5MV5RwbonJadunOO+LgUEhaQ+GLy/XMhUOX6LjaSzz/OO58s9Q99X8iIi6wcjqNGB/eAJPNLQ995r4j3qEppiJNBF6+imRKguWoZDAs2DiecLkDA9l2SMauh1t5mcRJRW7OFVt7pcbiitFQZWeKX0+p63m7EeRDH9MyhEpBCvwPGpFJF1APSk7SBgjzMBWSDcXrkJJ79UfCgCrocZAF8FXZyoWkh8iqt/Z/Q20NSDZfR8z6lTC8osYmLx/cdVR5jgxEqnCS0EMV8fJ4LJfeP6SZbSB7PrHmXd6UX5R80eczBXGK72rEELu+muaf/YCKbIlfyl1J2A1F6b90rsvoEmXQClJiBVZUe/T/TRi6nxaywiWbLK+K1GCnYvVmNM0fPJLj15Ls5Uz6yV6cNH8DrE/hdWHnxaf45f6GtSu/yO8OHRtRU3CkrBTIo/F3RE/t9ZCrsWbyChUFM7w1GvkkArJLqKhCYKkMSTjwV/OXdpADRC7+2Hc5+3N+Q6fNRMGPv30yVJ0KWpqLo0ccTh0M4gEHa85keqF5w3b55tlykaMVxcgQ8dYIg77EwS78bqYhzejTL8ghx2X6iPDkI1DKThiqek0Kz5kUJdw2BNXtPCIS6LmDMJTe4r1Kt7LiMCnQWRKCgXNKiaDvaIh1jFWAuQhxRlApPruVIH2d97Zlv2+09HRggnCi665yQrw2ZcmrbNdMZw8Gn8IPjKzMoJk5CCugJDJye0PjXLCRH7wlK1kAoTDsQb4WcXrHDiGBssSxt3g7DSzJyqEkl3JDXp18yPppq6O10nCE2u01b/9NQdVVrZXh/FdVIXZ0ReVwV/D9LH/RFG3qxPJYYYDrDWmbivt5wksSPElW7vwhzlZ2syz7dhGc0Pztg29MHmyjKXapUXtt6lboZGZX7y4NM83jpbgPfQUuOYXrFDLWogqHbFiTkGJefRYDEtYyViB9dJyjuMOnK4ZmXd/eEjYV/j7Vxw3ED9yDQiOwmEJcnD4kHT+xsif9zVdWZvXiAwO+PTWIz0pa6aJxvwMUaiAYEjX+HznsT/Mshr3zDCP/2QABABoAQAABPgBAAA8BBD4CAAAAAAE7AdUAAAIACQIBAQoCAAMAGVRoaXMgaXMgb2YgRmluZ2VyICg0KQ==</BDB>
         <SB>ZXlKNE5XTWlPbHNpVFVsSlJqWnFRME5CT1V0blFYZEpRa0ZuU1VKQ1ZFRk9RbWRyY1docmFVYzVkekJDUVZGelJrRkVRbFJOVVhOM1ExRlpSRlpSVVVkRmQwcEtWR3BGVFUxQmIwZEJNVlZGUTBGM1JGTXlSBmxOVVhkM1EyZFpSRlpSVVVoRVFVNURZa2hKZUVSRVFVdENaMDVXUWtGdlRVRXdVbEZOYWtWTlRVRnZSMEV4VlVWRGQzZEVVa1pCZVUxUmQzZERaMWxFVmxGUlJFUkJUa1ZWUkVsM1NHaGpUazFxUlhoTlJFVjZUVlJCTUU5RVRUUlhhR05PVFdwSmQwNUVSWGhOVkVFd1QwUk5ORmRxUWxkTlVYTjNRMUZaUkZaUlVVZEZkMHBLVkdwRlRVMUJiMGRCTVZWRlEwRjNSRk15Um5sTlVYZDNRMmRaUkZaUlVVaEVRVTVEWWtoSmVFUlVRVXhDWjA1V1FrRnZUVUpGV2tKUk1GVjRSRlJCVEVKblRsWkNRWE5OUWtWYVFsRXdWWGhFVkVGTVFtZE9Wa0pCVFUxQ1JWcENVVEJWZDJkblNXbE5RVEJIUTFOeFIxTkpZak5FVVVWQ1FWRlZRVUUwU1VORWQwRjNaMmRKUzBGdlNVTkJVVVJvYm5ZMlZVVjBlV3hLVFhocldqBDBPREZFUWk5U05HOHljVlZOVUdWc1ZsVktlRmxpY1dKWlYyTkdNWEpQUjA4M1lteGpOelJtYVZsdmQwZDNiRXR0ZFVJNVlsWk1aRkZ0V1c5VmRXczFOMUo1VUVsR2RWUnBXblIyTlVwd1ZreE9VVWsyT0hCdVVDdEhRbU5UVlhGUlJtdFlVaTlKWnpGMVJreHRPSFpIY2xwNmNFMUlNM0pZY0U1RllqaHpTR05IVFdGSk16bDVZazFFWTNKQ1RFTkRiVkY1U2tsRWJXNVljRkpVTkhWc1ZtTXliRkZ3T1RsT1ZIUTFUMWhwZUVObE5reE9jVGMxVm1RdlNrVjBURGhrUzBGMWVVNUxhRTFMZGpCRFNESlNXRXg1T1hNMVJtTTNOMVpXWm1KSWIzZE9TMFk1ZEdkMmNVUTRiVWhEYjJweFNHeGlUbmxUUzFSc05rbHBTVXQxYjNkTk1WTjNNalJKT0ZGS01HYzBTamRJVlhsWmNHdHdRMmh0YW1KQ1YwbzJjVFJ5Um1ZNVZHZG1TMU5uTDA0eWRrdzRNRWxZYW5WbVFUSm9NMUpNWkVnMlN6ZExRbFkxUjNCM1NtOUpTRzV1YlVObFoxY3lTbGh1VUZCcU5saE1TeXM0YTI5UWMyRTNTRGRVZVc1S00xTTRTVFUxVmpkc1VHbFZPVXhqYzFoMGRGUjZXa3BLTm14SUsydHpZbVpyZDB0UGF6aEJZa1JCWkdzdlYySXpkSEZ2WWxoNWVFVlVUa2N3VlVvM1FtdFhNbEJMUjBKVGFEQnBRVWxEU1hOd2VuWndjRFZCTmpaR01XWmFhbGw2ZG5SSFJXMXROMUZCYVdaSWRVVnBaVWhDTW5wa1ZVZzBiMVV3WlhSaFJDODFNRUY2ZDJ4V05VbFdTR3hST1VsemQxRlNNaTltY1V0bVVFbzJRVUpoVjBadGJISlVhalJKZGxaRlVFeEViVGR1YkZWMmJHTm5kVkp6ZEdsemNEWXdaMlZITUU5U2MyWlFabmxJUkc1M04yZE5UMUZKUlc1WVYwdzNSBll2TVZWV2EybEtjMmN5Y25aMU5ISndReTlpUjNVMWRGVnBMemRtT0ZkbGQyUndZV3hpTm5SMFRUWnBSVkIxV1ZaeE5FMWhhWE51VVRoblNTdG1UMnh4WVZvdmFVWm1RbGszT0had1Jpc3lkMGxFUVZGQlFtODBTRVpOU1VoRFRVRnJSMEV4VldSRmQxRkRUVUZCZDBWUldVcFpTVnBKUVZsaU5GRm5SVUpDUVZGRVFXZFhaMDFFVFVkRFYwTkhVMEZIUnl0RlNVSkVVVkZ0Um1sU1VHTkhWblZWTVU1TlNVVmtiR0p0Vm5sWldGSnNXa05DUkdKSGJHeGlibEZuVVRKV2VXUkhiRzFoVjA1b1pFZFZkMGhSV1VSV1VqQlBRa0paUlVaQ2FFazJXVlZYSzJkU1VITTNka1pxYzB4dVUzUldkbEJYYVdKTlFqaEhRVEZWWkVsM1VWbE5RbUZCUmtwbVlUWlhRV3RpZVhGSllqVnZPR3BOV0hwSVQxaG9ReTg1VTAxQk5FZEJNVlZrUkhkRlFpOTNVVVZCZDBsR05FUkJaRUpuVGxaSVUxVkZSBXBCVlVKblozSkNaMFZHUWxGalJFRm5XVWxMZDFsQ1FsRlZTRUYzVVhkRVVWbEtTMjlhU1doMlkwNUJVVVZNUWxGQlJHZG5TVUpCUm5aeGVEVlZXSEU0ZFVWWVdIRTRUVTlvVUZkWVZFWjZlWE0zYkdOVmJGZEZSSFJXVFVsWUx6QXJUV0ZxYUZoR1UwUjVMek5MU3pKelVXNHJaVlZJVDA1MlZ6a3lNR2wwUVRoWFdYWnZPVXRwWms1MldsWmtTSHBoVFVScE1HeFdjM3BGUTJrMlRFRjZNWFZEYzBsMlEyeHpVbFIzZGxoRmVrOUhSSGhpYUVsYU5sUlZVak5XSzBzMU1uTktLeTlSYmxad2FrbGtVVk4xTkhCb1Vta3JZMEpKVVdOMFNIbzJPR0l2WWpFMFp6VllNREo1TXpGb2RVcFdiaTl6WkN0NWMwdEVaVEUwVEcxRWEzWjNSRkJvTnpod1VVWkNaVWxCUlhaRWEyMTBhM2xGUjBKQ1ltNVVkSGx0Y0dFMGFGaGxSMEppUm1VMFNHbDJMM3BtY0VKSmVFdHZUbUk0YWtONFUza3JTMkpUUWt4eGVFNUhkR0ZoWlRaUWRWcEVOa293VEN0QlJsaHBSBWR1Ynl0aGJ6Rm5SVnBPT0NzNE9Ea3dRbFZsVWtORlJIbGhNa1JKV0dwamRuUnVPRm93VG5KQ0wyeEVPVzU0WlM5R04yMHhVVmR2YUVWdmJEazFNM295TjJRclFWY3hTbkZoTDBWWlRWZEdZVUpCVUZWQlRrd3pjblZPU1RsclVWVlZSRUZJUld4VWNreExaRUZsUkZOU1dFMTBaemN6YzBsV1ZXZGpUVE5vVDBzNU5HTkVPRk5uSzNGbE1XMTRUSFUxWW10WWNVaEJaVUV5YW1kVGJ6SmtjRGxMYkVsM2RFNVBOMlJLUlhWR1lYZHFiRFV4WkVwVmMwVTNWR1owYlVkVVJHOVFTMHRQSzNsWWFtVk1UREJpYjBkTGVTc3hSRkUxY0VjNFlqa3ZTalUwSzB0VVJVdEJTR0pJT1c1c1YwbFpVV0kzWkd0UU0xUTRObkZ5ZURkdlZuSkhkM0ozU1RWcVEwMXRXbEZCTkhGNE1IbEdWMkpGUW1ONE5tVXZUa2xDWlUxc09FZ3pjRTAzTkZwcWJYaHZPVzlKU25WV2FYRnNLMUZKT0hWUFdIVlVUREp2UWtvMGNGZDJVSFZ5TDNWb2QyeEpZVkp5ZWpSa1ZGa3dha3ROYkUxRVYxb3dabVZTTVZOb1dXaGpaMVpaYkZWQ1ptYzRlbVZ3Y0U0eWRrMHpTbTBpWFN3aVlXeG5Jam9pVWxNeU5UWWlMQ0owZVhBaU9pSktWMVFpZlEuLmlkX3pDMFFUd0xUbldoT21hTXIwYXBSVldOeVVxTUVPQlZKM2prZjdVMjlSMFBUMHd5ckVOelBKa1R2SjU3UjFWX2FUMEJ5dzNZZkM5Q0R3UVRaeXVXMHBweXp3NlNzWFpRV3ZRa2k3ZENtMWNGSDY4TGpIb1BZVGJlbG1oaXAyZHRjUFBLSHlhSi1JNV9kWXp4aWRhWG9kTjNGSk52NGZzaGpNNW5SB3dDVFJJQ29lblhrNkVxR2ZmTGtTRmpwd0NMb2RxaTEtaFRCOFJRZGhyby1UdUptRFZCSk8waFBkN1NQa25xazhkNV80ajc5d0VYMXVCZzJSeTlIZFFyczRJaTlDRDJXbzRkNDVGbHd6Q1JQa0ZIUDJncUQzMXo5aHRETTZnVW1HMDNmRnhHanhhUFRDQllHUDNrVXB1SGg0enNDczBzdEl0QTZPSE0zX2pqZElmZzVpdnlOYnM2Y2ppRXFvb0ZlMlN2VDdzTVNEbl9hakdpTWcwbkttbEE2eEtnVjQ5bXNfbjZha1ExMzI5RVRvTW5hYmFXb0k0Y3ZaQ3lzdEZnWktJR0VWcEpnUlBQNlBGQVJOUGdkcjdXd2JhMktka2NkREE2MGgyTXBrSjNtczR0Y1JIQWdDcVRUSlNhVEhWWGhGTGNDZC0tRUlpaGFIUy1vQlB5X29UU3ZBQVdDVjVfWkk3azZWMWhTM2MzQ3R1LWthUEUwSUZ4RkVRNlJDOUM0TC1ON085WnFtR0xySnBCc1NGN2hfNWVEeWZkY0xleDV1eHFJVVdlcXVxZmY1RzN4WUNVTjZyblNhSi1kMzE1LTJrYzltWDhsR2lvRDRQYmdROWJ0b1ZDT2sydVRkZFF6MEYwSVozalNiR3NPQ1ZUQzVyT3Jsa0xoLVlLVC1Lb2wtQ0g0</SB>
         <Others>
            <Key>EXCEPTION</Key>
            <Value>false</Value>
         </Others>
         <Others>
            <Key>RETRIES</Key>
            <Value>1</Value>
         </Others>
         <Others>
            <Key>SDK_Score</Key>
            <Value>0.0</Value>
         </Others>
         <Others>
            <Key>FORCE_CAPTURED</Key>
            <Value>false</Value>
         </Others>
         <Others>
            <Key>PAYLOAD</Key>
            <Value>{"digitalId":"eyJ4NWMiOlsiTUlJRjZqQ0NBOUtnQXdJQkFnSUJCVEFOQmdrcWhraUc5dzBCQVFzRkFEQlRNUXN3Q1FZRFZRUUdFd0pKVGpFTU1Bb0dBMVVFQ0F3RFMyRnlNUXd3Q2dZRFZRUUhEQU5DYkhJeEREQUtCZ05WQkFvTUEwUlFNakVNTUFvR0ExVUVDd3dEUkZBeU1Rd3dDZ1lEVlFRRERBTkVVREl3SGhjTk1qRXhNREV6TVRBME9ETTRXaGNOTWpJd05ERXhNVEEwT0RNNFdqQldNUXN3Q1FZRFZRUUdFd0pKVGpFTU1Bb0dBMVVFQ0F3RFMyRnlNUXd3Q2dZRFZRUUhEQU5DYkhJeERUQUxCZ05WQkFvTUJFWkJRMFV4RFRBTEJnTlZCQXNNQkVaQlEwVXhEVEFMQmdOVkJBTU1CRVpCUTBVd2dnSWlNQTBHQ1NxR1NJYjNEUUVCQVFVQUE0SUNEd0F3Z2dJS0FvSUNBUURobnY2VUV0eWxKTXhrWjl0ODFEQi9SNG8ycVVNUGVsVlVKeFlicWJZV2NGMXJPR083YmxjNzRmaVlvd0d3bEttdUI5YlZMZFFtWW9VdWs1N1J5UElGdVRpWnR2NUpwVkxOUUk2OHBuUCtHQmNTVXFRRmtYUi9JZzF1RkxtOHZHclp6cE1IM3JYcE5FYjhzSGNHTWFJMzl5Yk1EY3JCTENDbVF5SklEbW5YcFJUNHVsVmMybFFwOTlOVHQ1T1hpeENlNkxOcTc1VmQvSkV0TDhkS0F1eU5LaE1LdjBDSDJSWEx5OXM1RmM3N1ZWZmJIb3dOS0Y5dGd2cUQ4bUhDb2pxSGxiTnlTS1RsNklpSUt1b3dNMVN3MjRJOFFKMGc0SjdIVXlZcGtwQ2htamJCV0o2cTRyRmY5VGdmS1NnL04ydkw4MElYanVmQTJoM1JMZEg2SzdLQlY1R3B3Sm9JSG5ubUNlZ1cySlhuUFBqNlhMSys4a29Qc2E3SDdUeW5KM1M4STU1VjdsUGlVOUxjc1h0dFR6WkpKNmxIK2tzYmZrd0tPazhBYkRBZGsvV2IzdHFvYlh5eEVUTkcwVUo3QmtXMlBLR0JTaDBpQUlDSXNwenZwcDVBNjZGMWZaall6dnRHRW1tN1FBaWZIdUVpZUhCMnpkVUg0b1UwZXRhRC81MEF6d2xWNUlWSGxROUlzd1FSMi9mcUtmUEo2QUJhV0ZtbHJUajRJdlZFUExEbTdubFV2bGNndVJzdGlzcDYwZ2VHME9Sc2ZQZnlIRG53N2dNT1FJRW5YV0w3RnYvMVVWa2lKc2cycnZ1NHJwQy9iR3U1dFVpLzdmOFdld2RwYWxiNnR0TTZpRVB1WVZxNE1haXNuUThnSStmT2xxYVovaUZmQlk3OHZwRisyd0lEQVFBQm80SEZNSUhDTUFrR0ExVWRFd1FDTUFBd0VRWUpZSVpJQVliNFFnRUJCQVFEQWdXZ01ETUdDV0NHU0FHRytFSUJEUVFtRmlSUGNHVnVVMU5NSUVkbGJtVnlZWFJsWkNCRGJHbGxiblFnUTJWeWRHbG1hV05oZEdVd0hRWURWUjBPQkJZRUZCaEk2WVVXK2dSUHM3dkZqc0xuU3RWdlBXaWJNQjhHQTFVZEl3UVlNQmFBRkpmYTZXQWtieXFJYjVvOGpNWHpIT1hoQy85U01BNEdBMVVkRHdFQi93UUVBd0lGNERBZEJnTlZIU1VFRmpBVUJnZ3JCZ0VGQlFjREFnWUlLd1lCQlFVSEF3UXdEUVlKS29aSWh2Y05BUUVMQlFBRGdnSUJBRnZxeDVVWHE4dUVYWHE4TU9oUFdYVEZ6eXM3bGNVbFdFRHRWTUlYLzArTWFqaFhGU0R5LzNLSzJzUW4rZVVIT052VzkyMGl0QThXWXZvOUtpZk52WlZkSHphTURpMGxWc3pFQ2k2TEF6MXVDc0l2Q2xzUlR3dlhFek9HRHhiaElaNlRVUjNWK0s1MnNKKy9RblZwaklkUVN1NHBoUmkrY0JJUWN0SHo2OGIvYjE0ZzVYMDJ5MzFodUpWbi9zZCt5c0tEZTE0TG1Ea3Z3RFBoNzhwUUZCZUlBRXZEa210a3lFR0JCYm5UdHltcGE0aFhlR0JiRmU0SGl2L3pmcEJJeEtvTmI4akN4U3krS2JTQkxxeE5HdGFhZTZQdVpENkowTCtBRlhpRmdubythbzFnRVpOOCs4ODkwQlVlUkNFRHlhMkRJWGpjdnRuOFowTnJCL2xEOW54ZS9GN20xUVdvaEVvbDk1M3oyN2QrQVcxSnFhL0VZTVdGYUJBUFVBTkwzcnVOSTlrUVVVREFIRWxUckxLZEFlRFNSWE10Zzczc0lWVWdjTTNoT0s5NGNEOFNnK3FlMW14THU1YmtYcUhBZUEyamdTbzJkcDlLbEl3dE5PN2RKRXVGYXdqbDUxZEpVc0U3VGZ0bUdURG9QS0tPK3lYamVMTDBib0dLeSsxRFE1cEc4YjkvSjU0K0tURUtBSGJIOW5sV0lZUWI3ZGtQM1Q4NnFyeDdvVnJHd3J3STVqQ01tWlFBNHF4MHlGV2JFQmN4NmUvTklCZU1sOEgzcE03NFpqbXhvOW9JSnVWaXFsK1FJOHVPWHVUTDJvQko0cFd2UHVyL3Vod2xJYVJyejRkVFkwaktNbE1EV1owZmVSMVNoWWhjZ1ZZbFVCZmc4emVwcE4ydk0zSm0iXSwiYWxnIjoiUlMyNTYiLCJ0eXAiOiJKV1QifQ.eyJzZXJpYWxObyI6IjEyMzQ1Njc4OTAiLCJtYWtlIjoiTU9TSVAiLCJtb2RlbCI6IlNMQVAwMSIsInR5cGUiOiJGaW5nZXIiLCJkZXZpY2VTdWJUeXBlIjoiU2xhcCIsImRldmljZVByb3ZpZGVySWQiOiJNT1NJUC5QUk9YWS5TQkkiLCJkZXZpY2VQcm92aWRlciI6Ik1PU0lQIiwiZGF0ZVRpbWUiOiIyMDIxLTExLTE5VDA4OjM0OjI4WiJ9.1jLQpIzleEQc0_4NiiSp0mAH__BYP1gGWb3DNGein2l-O1nPj3HDVdLdl_mdLuMmQu_-RlmBoTRqBPZDcxQ1HOtnpye7XTJGpG3SHdIyDjpzIKRZMq-zTXII2dR49S0gfqRKeoxYvtSwjmpwI8orOEVmiicVN4S1t64ZNXbl0e9iOJfdjR-rKKo0lv46huLwksyfUQgxcZFitDG2HZr4wp3FU8RP3lMf_UuafNRpg4BRhcnR4fhQwK7Qb69DFtJWo7GwePVrcqxGdWyevDGcADzB7u1-P1u7QAkElV-RsT4bPbUUmkqSgXDj5agqx25Qot6hT97o33JTb2_hHkcH4rRrjIIOjkNsCgDR_k-q_7Zx1hB2lJ9g4D4S7djT0atrzfd9QqbZ7tkieD7Xalv2cykgdqd3wkyjLu_9OGy17thL7u0qZIX274TcyjHl7vYw6hGyqOceWV1Ih7Eyy3kiGgyRQ-TJ7pH1HwYUEJQ5Vf2m10jUqq7lroAmgAuDSImMj389NwMbZ84K7S2VrmdNkzekfqxkieUU2VIvOwEj5NOTf6kmijS9PQM1RXzSNMm4HtgnC0aAaJeuXp6MFQkIhF-pi-7R1EZxed3dbE9-yQq9oep6a7nJR1RON1kY3JW_faNj2Hlsrt3bSxaXoFVIhzZkDkqLSGFKWhLNMpfubbc","deviceCode":"b692b595-3523-slap-99fc-bd76e35f190f","deviceServiceVersion":"0.9.5","bioType":"Finger","bioSubtype":"Right RingFinger","Purpose":"Registration","env":"Staging","bioValue":"&lt;bioValue&gt;","transactionId":"6f2b5919-50dc-44fa-a897-2fec7eb6972e","timestamp":"2021-11-19T08:34:28Z","requestedScore":"40","QualityScore":"90"}</Value>
         </Others>
         <Others>
            <Key>SPEC_Version</Key>
            <Value>0.9.5</Value>
         </Others>
      </BIR>
      <BIR>
         <Version>
            <Major>1</Major>
            <Minor>1</Minor>
         </Version>
         <CBEFFVersion>
            <Major>1</Major>
            <Minor>1</Minor>
         </CBEFFVersion>
         <BIRInfo>
            <Integrity>false</Integrity>
         </BIRInfo>
         <BDBInfo>
            <Index>3c0dc224-ea4d-4f4a-ac55-7e7e85570e42</Index>
            <Format>
               <Organization>Mosip</Organization>
               <Type>7</Type>
            </Format>
            <CreationDate>2021-11-19T08:35:16.4899392</CreationDate>
            <Type>Finger</Type>
            <Subtype>Right Thumb</Subtype>
            <Level>Raw</Level>
            <Purpose>Enroll</Purpose>
            <Quality>
               <Algorithm>
                  <Organization>HMAC</Organization>
                  <Type>SHA-256</Type>
               </Algorithm>
               <Score>90</Score>
            </Quality>
         </BDBInfo>
         <BDB>RklSADAyMAAAAE6+AAEBAQAATq4H5AoJECsyAtcAAAAAAAFNAEAADwIAQAIAQAIBAAEB9AH0AfQB9AgFHQGIAf8AAE49AAAADGpQICANCocKAAAAFGZ0eXBqcDIgAAAAAGpwMiAAAABHanAyaAAAABZpaGRyAAAB/wAAAYgAAQcHAAAAAAAPY29scgEAAAAAABEAAAAacmVzIAAAABJyZXNjmcoAAZnKAAEAAAAAAABqcDJj/0//UQApAAAAAAGIAAAB/wAAAAAAAAAAAAABiAAAAf8AAAAAAAAAAAABBwEB/2QAIwABQ3JlYXRvcjogSmFzUGVyIFZlcnNpb24gMS45MDAuMf9kABAAAUVuY0lEOkdSQlQwMf9SAAwAAgAJAAUEBAAA/1wAI0JvEG7obuhuuGb8Zvxm4F9MX0xfYkgDSANIRU/ST9JPYP+QAAoAAAAATTUAAf+Tz5aiFAAdKWTLllhQnW/A16WjfIUv7croeSThrMDB94D2YQfl94dhrnk6MT3W+nC9iuv3iZC3lgN9W88eRFfK7zBRWsguB24ER425x98LiQNDVwWUgNTAN09wXKpXHqpctYAiJ5J62T9GmICA8OhRoypfxtSCMc6F65uMKL9DZUVQamYmO9lsgBCPy4Dw6KtfbyladLUxz1PSRD35Hy06NpGivtoXV+FvNNzTgICAwdYg6oBr33I1zSQm8aj4wNWXHCO6pk04+xiaGyZIEpvboALL4XPS2Y2pRh+6HACAipArwBpWZbKorfCKoziMHlfcp9qc0XHg995rnG00aSgFhQMqMZBXLqxNzucSgFEA5Oc/BO/XSFwrmsS4EADWQxPPV0wcr3tGiNHeJR/NjuKS/VDVqc0e+99Mvd6yGLD65tMq6kR94nfLIWn78MSdRCSCiAPHfHcayxXp4WQxxM9O1+0vQ+Ml3NQbL3uPlQFoyTSBLrv/DFFH92ARboXAhDyBXVkfE1J4bLEbRIDFRUQA/fasjYrVTLKFhuAS6P2vbiaLq0GBTZ302qIJceHYbhzP7HnAyWWm7b69Y7dXAdQLWbi8ycUv8TtMHLGH5wbGYccz3rptbu08DoCAw7Qw7Uw7XsPbWujS4vc/83+LKuStbkine8z5Yo/pvBhncsCKTximwMEOtNDvipHReX/uLA7z5WIV5sRjUwAgwJXCJKaTMlwC+QNcpCI/NCmwoUNTUYQxpbnaGSYrA/pQswv2a8N1aPXDGb9H5eTwJvXdmCSDeVtu/GjIJ9oVFUuA81Xmva3AXHU7lsWcAKWO0jyRtK6POrXSq8PJTVZMWXskzMXfRC4k3oY+XiqOeg6mNq8nifGF5c1IZAlUOlr6SLDt533N+ZJVhqaBOzYNlLzmrsCZqMP72j1o0qUWPWhKf38Q5xTPgkxS4QMblCOV5rLTkCdKWfX5GoQDCjYXsonEMQfPRgWg8/CQ06+ZiwrZaQ6fayZW0zfYkg2xMtqiykRbcxSyKgsCHKoGNXpP/POAP6po8Ekv3m4WHWW+FQN7mVM0FVJ4Vukz8logd2esjnQR7DSghnxEmbp9WfZkzOwDvt6tXQynL+KhKlm58Ea/kyC0RhG6208ZWzVh9DFzDUdRJ8KzzdcYCnxA1QqfaaAUdHr5fr3lOOUW7zNCBckxJ5oEjtwNg6+aEUW5ffWh90YN10FHLhcbVbxFom/qfChKQ+6xgpcUU9LfAVA7AYcKc0O0YuFjb2Gt9uQ0rgnUBb/qgPaRto42lCHERDkgYjNFwZ5us1vlmgNAJBgWJAmhEUOpXOSUw0DU9xP3m7yh54UMst1ybq1bzqPDDtj4/lnEB2hjwJseVU4k1cr4zpBcUEyhBkS+CYvhNidIRLG3z9wvFjvBZVGGDeJ9NtJyUipsNrvZgFi6Fqfy7+Pf0FzXRCgh86Tipj24XftMMvxWGtIUM0jDZE2jfkaOYODeDuDgZjDjCZyc2eCYaDuxu6tyYi2kGxcg8eY1DWxiM6yg8x/m66AhQRmGo6flJKuCR3wD0Fth0H1D3yRJH5HHTRpW6BuO0supn7j8Nt7zKdFjvsU4dqu3x7jVGwBYTpFEGKOa+K37uERSClx4DuraOMpA4ZG8C0NoFxxGKCz2KIxHZCAnnyED0Ky5IL9i/I4P9KpmnH8MbHcjiUVwurPIdYRlkjFNdMJBJ8V/zr3vQbHBblWhU6rBv9BK91uMzgKyunDV8nQ0MFzJDYvlzh6CvpFPbPNSMrmSBe2XGWqHlGaAzKu3jcYOaNRcIErSvkcZut540WKkKrqH1usAnlmON9POjfIkpi3FNxPozZpiKt8czxMv0s3T+J7kc0ZMgCi/V6uFzKHDbNUSiz6hfLXIK23KsEloy0cqyqOekgCIkEUqLOwxi5qmGmeZ053dtDgeYNSXMhDgTE7ijQCFy4VBLb5LhCUw8eWtfCU7sxHQ83c8N5CYwQV0gNddMR6kcRK+bWMBw8kj1IeYd01bEFlWGL3+n2S/3S8Xsgg6+cczFjRe4T2iNE78y89B+LzGttlYo/Y4KuhPCSmVLKo7tZ9hAUmCQzynOWCj4aMP08g+18d7sRto2y7KSV3xrKkl+WVf0bPaT+U4K26xinPrr8wBKESSvxQI0fsRUcH3sl9CFwESBJT+yFF/bsEtB8fWpM1mUwRrwWtNVzfPKJPLVf4BeoNe4RIuIAJTES0tEmJoKr801d3H/NJc9eLn0SxqwOgKj91uL/ADEb/tgE1W+Q8yzcaKu2yN2VzxasgU+7uM641JkvMIMq0N27qbN/bg8dDwO+9NXqfYlM8MzDpwvEmkp52pbHTnCi43I3oSd9eVnVwMfn2MHLhmpz+uDyEhJg+2PwFWv8T7szNGvdymnVtF1qBvd32cU80/4heBWj1BP+DAdFsiyhoTd+o3hLgcU02ahKMQu5c21+JwdLDBDptw1rYcAiok6wWv/UfAsJghWl7X/kgppn1yZbR6XzYDvUg/+Ru8b7nYVC6VYxlxTpi1jgaI94lHGrd/uLJ9KCm5wP0N8Vo2yIZ9TDTaS00DAzJGOzThuwLlsVYJAIVJg8EETV2dNLic7BU1t+cdVbBrFp0fppKYnn8kYxnwQ6yNNrgCZEWbfUUgZCczIYQuoTSQDnRZxgZx/p7O+hWoy1/+5E8qdvYUrSYNj3SATRUU02DCY6I03BEDkvs2iCbG+z4eriyPAmff+IBzycuuxhiZe/JvWw+AtKak8Zycy1SXYUypQQWOyHD8yTsnh3DP/37y5dpBajBCbTvR3ySBxCDtGwAoTMQY0fnIyJ9GNy0aKjhfgXrN3+P/YuDeMRddRW2+MHE6Z48chdZg6GUduCjLlxZOx8APjDpLFiuCUYZ2HCFThpMRaOepX2mbNfIadv8gPYjMnGEyU1tlzLorGAgLugejtep7S7r5plyEGUmpvupRa8vxiXcfRbLtOGrdGRilXSqXyvHdSS+WlU1JmljFmVBfEmL6r+cIAKmPp51f44zqwSuImFZVp8zti3AfuWhmlPPCLo7LoZtZPy+CuP8J7SxIyaj0Eoh+FL1Y7Rik+13N9JBapT2FvR7BueBeNUPG4ozhmkQowJGAiIi2Br6mzad8IEMGwh9TwZ4dCVhlmv8zV8jMHcnk+Rc3dr6kl9+5FjBhTyvZPFM3BMWcq1/2O3ywDxAATEt7uVGxGEYshqZiJx+LwpnRQJdeSFYm5ddq2vuSIpotxUV6i9yfFnMiOv1FKkFki4apaaKivwVgy8WLYpwd54braCA59UBHgMnp42r1QjfGWJ+j8hXoVM2bj37abAdtWcoEczMLq7tONz/jgxcBXzFV9YTcUqoCbOQs9vZ9IwMYbyAWrpk3CscLeXu+cnPLHZrGer0uEJnGvAwuYzyBWQDn2kfWZRumLRyVVlPDMXGV6pTsCrO044ZNFAGtkwz1ChwyaPVjhBJo+DxNbEt0klCMOqQ1yJaOH5AU6SBaxuMwZ59XM3EU7Iw5tk35cBJ8yh86Kv0yB+CWUv8w0U1PwnHijJf3/mwPspON7snjUZb09DrmbDWAM69hpSWXa+mDuLLQmLgfHjxSYcjOOpMo3IVibb0fewAhKcYqw4Uc1Z5Q/ecAbL40mWvhHTCFlyzkBDSdmBOaqbL9XSCPljehiTtMEGnP/uQ6aXS5dy9pFGufUwTTz/MVzI5SBYQF0/ElhQRHtz38WBrnWHvDKdirQU7tQepIbakFTj0Kx4C99lRiTVARcpwqm/n5pSBskZy9/pSNCYx73E/EP2cULXwwcn1t28kCRyh3eiVufN6Sp9ee9AI4kSPvTcniJEFfS6JbxRx7RZuu+LmYfU1bGqbjn5rr6VpYFNf0PwZkGFIxrs4Ok1K7e6MzQzWUsjEhm2Tgvz8Llvtwu9Jwst8F/eEhenksDgJp2pVo5s1I4tvxpkrjCKsP124fJheyFhwt+QH87t9pF2fRPMU53rmaezqUiuqyXOAObHTBMAQjuPxAnMsoinpczVqCzoBzlVPNFHO9edtz8BeT2+BRpgsZ8nHcafTKblyuIiJ15uEVxxsD/z3szkITVQyq+5BTSUu8broGl6qgd8esMeWsH7ud2dQ9cJPe9NAk9Y7X4J2mg7ptHRqFeNYcMbUfOWugGib1V4anOj5O1EzXrjZ5oY0L0jd5iTd/Smw7RXGAUzGMyTODrgKs7OmEXr4FpZCPBkYwh5Vj44CnFFC3Xg6CGC82HQwgEuKwgwRPjFbxH4p6ioksqoaVFRyoMzax89sKJsr5EFat7/zJnsgqIIYK5cECMBgzjDbvPGenkHNJzQzcuzpZagDerv9lpdsZUNW9klpAOcSOp/K2nPwtJ2jWn+KMz9ub0D8ccUId7AApdQ+TZzk37xYgAxccnF28J3wMy4CxZo4xqQVMQ6ZBY+XfyFXEtHs5UUkr3YKF0rT9VRgRx7SF4o9JG+oOx/jm/3haGUFtGi1hk7z2iLCU8LuNJRWAnLRyLSrCd/QrkJSm2yNAWhnA2s+GlAcfRUYVnrZArJF9xQuTYoIcUOZMNq6T0DuUkJrMcZ7ejtxkq0EcVYTNcSpU+OTC0lad5ep9X5HIObvj3v6MkEMVHNwj4Zaptvl/LUojW+U8wsuKD4fpGuNOXGyq8gnkUZHiP5ANgdP7axFnz0l8JO8YMTbVFSBkNmpLdwjC7rdHr/9ukS4n9mJHAydWKiT/OTgHYzcGlaOK5+H3AuoZJ6Mrb394e1tK/yXzfmR6cnDQ1RqgjNpa2Uq6Eewt2sVVA4yBC0xNutdyLwcFgZ6JE0qHpnVTi2I77Pvq4Osr6/xl6jWZFtEbiMxImXwgiwt2yyQcZLWUewP4BgRWTbFgXmID2R4PT0vR+NTC0i36O4+SehUyN0FeHVoiQKhhZ2Gl1dp42T1uRicm87K5XleH4btDKhAmlBd+fMtndhshP0hox133iDZCL7mO4qsIvEsA7hh+5Fpbewda6Pa//Jkt5g7LdV7mAfs3jUfr8aT6k/I+yPYV3B0LVQ9Z7cBvGE1s0iBWDyMi8ngPw2m5LkVFQ189PVMWrmOOp4XWp9/Fvovj2ULasKUKgmTB5sIawa6jrz/yBwJmafmyHf1Gesks2kgKARSEzBnMS5qQYcKIGR1T7uHl5RUdfKeylGW9Jz+vm4YbuqYrrpDfo51DtdTl8AS/dUD4SLPAIHHWMONZwJu3Kkd3zJfRNg5w0YPvOWzeSPNmcsHHi7C1oLa9AxSQDxHAldXO6+htZQCbHenQqrvutE8QCdD2nfuQvjXp7EscLVJ8d5cFhETPB1tMgogL+yGcgqIv2oG6lDSoinOaAJFZHRtEdL6tKsl9zrJmMFaVi4tR1j0KyqrSs26GG1SX3QabbwFzKw4LQK/w7kNtxPnb7mpmafszoHvXwR9dXPZSxkpCL6VGfseT/V8J1zP7l004tNx2geI5cxGS3G58+4AbpxvgWqUitcdx/ZuBKoMZ8TUCBJca6t3gPxhAleneobniJVdNSCfbaFLI4gIcFt4gXyLjhigch+REPNhRoAy7pxF9/vPORZVqDeQVbwMMlLnM8hteRl9ScSV2y9i1mUCucH0BSqcMcUuYb+UPsnSXQByiNVUulOs2s0FqVk5crkmQq+GmhnZVDAHEVKf153XcrCMaVhcbHFk9L5I/IMbaAawy5EYnTGVcDJvktuHB4gfJfrbBWXURwGSZ5aieYR6e4o6iV1V9ZC7x8gLLKqdgdV9EG/pYjEP2DQ1dxbZ+f7U52qazE0xppa5cX47tG7Hkwzk3CLGjdkfAzkmOY2AFBONV60/9BjMfkrzLjIzAomfvgMpfI6MpQAToST4j/ByEl/9BStD9GFWgtPgjPTOW4Uo61ZOBPJ0eL+E1wSa/PW3RDZ3ya+e1qhFjgyk1zojTWt9FI0JsopO2veP8dE+Le08UMcRTkajjTtD2v+0PdAi1C6x34Trr0r00wV4B9Dv/Vj0kvmRYqpF/hVSUEDtPLQ1Z+9RHYYlVSqJjN0EhuM3RYkJl4cWSnjrL7oIw4/35xAHlDxPDKfTrhOXbpvQrsAbj+wCEz3pXe6CbX+dyZ63sTEPyhiQ40oxEitkJl71f8N2NbcjOpATnLQtoHNTP28+nvfvv01ZadO++XOE2xyE+U3yX3kKDOmyObrOEgZdk8mwpvcVcUh33SILhlKmVzirPrIQh5KiR7eZKFMcZWL50IGFacA+dPOaYGLfVfvkwcg6sT7e5DrYWAJ4IT6KtaWC7u/mTMGYtiT5Z/am3Lf9OSBZRcmSyadxxnkADpwUgYEJSmu9kugN77iju25K95x5v9jyTcUqTBkZQ0YgPMgUzXtxxDIH6eTIoNYCAgLPPSICcigb3AlsGghXsStHOnw4VMCkyeN7eXXaROZOOqxe2XW0dSFr9XdiTs3Puqe2tvy0VwYKHVIT7djPhH7s2wokFrq8/tfAm6tXwsoWNK5Tkd6ehzPuopqM0MJVt2l/IezVROhWjv1BHmYzJfhmCqctc7y7AR/A09W4qJA4OB1vM9CZQhSaN6zIL4WGBMj6bistv52k96gB1IPPG5O9r/gBaSCJVIbGMscn3nEEdwKzsZ2tvJzgxeH743T7MPOnE1WMXYWS1rgEXX1QDCNpudsWd46PEKmeklhbdn0Uztm5cKe5LdabxCp4f7hgXBDjZ7YSdo68jrfIoE1Zj9ZCaJvk5TARfllQ9FNhpmHIC2L5EVlMMyIr3YsgoPdSdlMAS1QMadPs85MFjvcFVoRFY+0ay8vnhnGj/K7ocGreVmeee6EeWQwJpIQS/fItk8hzr1e8UdxIGaeeLKEOVCb7g8m7UOJdTTl5rgivUK+V2jkLtdveu67Opr3Sfde514HY9s4og4XAHpcO0Y3W4MSW6Vm6MlbzJGZrs69J+cH800io4+vKScZ5MNR7hQeNa5UwqcuR4jkfO4aqvQ4npaSJ2gKdvlmn4hkoMJS88keKfwZe8WsXy4jtJENQXDm+to3sOiJFcfO+fVbzCMKR5EMylqIbPsMu0GiwDkqU30YQN2GMgLKSiSw0THHIb/R2qG1w7Ci6CN+1+5RKuzI/1ejt7EEUIjjEu7b1xydCcAkXc2mkV2+ba0HabEOO/v6vV/UPmn1DxVes/e7gr+ODSuFYGXbdwfPq5nl1Z7guxGX3x/HxnJfd3HvVy38eKrg+zirmaEvHjM8EMOHqAEDoiRDtwoZQpplfzuLthWRYya89SpnJtn6RFnH44okOFX18eRkMTmKxmlEmNzCsYzJHEl065bYifEDDMEy3YbVItApkEkYtBx24XNMXkf1RILSQHKt6i3W6wPdSYGeBtfRAlUPVgSegcMVl/AcpREcZzaCah4vF9j8lFEfsI98wlxKx8OOw5NJIr4yz3yVE/y3HZgWEKa1M0P7wVOPaLOjafGXEM8dTnyl7QhSoJh3x8i/v0rsDi5W7SBDEnSwvCsHh+MtHzP67WoVX3qa3pizeowc43QlKgkZw7sEPua/5qrdnN+zRQwWJHm6B3bqqdjb8pXP8rlfvH8qjOAgvc5QtjTik+1/6SOZYIcat64E7b2h93QRQV7eMS0zeWEg9EQ4kSKRwR2OuvHF3OQdzz9TZLvo6rHNwkMDbd9GI/cDfpWgnGUKUcbNB1u54onSDUSBJoCfUAXU2xSjRPhyQrQPH7cqFQJHhuT7FRdk2xtuvEB8AL8J0veN19mr93wSNhlUBe4e0Xmvdy/rWj4DNMVcHxInRtxYwhc4F+xADzeEOFwC9BfNpOLUo2MsIrbb3TSR6SLfzoc2PClkBKENGkHzqoXpFDhNd/S1Ydct+wR9L4DsOL/3ltu5Fi5PJ5gh3yq4l5n8PYTmPk9brqqTMe5lKFrudG2qslb+DM8kt9kXIVSmAz+287E5TaBAQxYelodqz3lf0tgcuU6F3YE/DLvPTlGGSzpjlT5rigsZINQQuWrUGWBweasf5g7nfwxtevluojtW8u1btwhIP9lQbaWIg5M+y9CCcg/pLxlcruHe6Ig/YXzl9XSTGHxo+ATm6I5wi3b1Ttjn3wqnYJpd7grwQkZ8S57YuC7GN3v83UIgqtBlNs9Twinf3dwm13OWSBC2bUqjPr6auq9H7qK2n9cuQcj/NYaq5B486n23B53ygP+nMDye0TacgoIC2JwxE764do5gh20rPJsntkHP1OuvK0KHGoVoR3/kPQA87d4gOc9SzXXfZOWjVKFd77rn4hKNm0499Mmy+fG9ocBNj6/g4GXVyHWMC0nB3A6GeRUIrcrVSKVur15oW0UysQDg2j+HgUI97wB/mNfZD9KCm6YtTaRDc7aVMQdm4ZP7vyuNedfgSc/on4FBn7bVSVJnZMg5Jksr2PxBtFe+qSrvg9cwc8bpe+zQs/RqUHxyyzN1DBsly0khK+VMfYFUr357fesMqGVyB140z93wfHLSRa/z6OKUvMEwt9fC9TNy5KWydRulQUH6LGzW0iKcycikBkCH5VRxgljgt8EATbjYRe6hHMdEtCQXmunNAccONCXrBRk3UkHKFC/KJrbVx4cUUrUi5T4eYbIGl+8jVI9Jg6NhW22QIzl9HTY2LO+ixIcIkVZZlimCQPQEwMnN8cn12g34QoqT7JUgC+1ayPeisK3UZgaHyjvSuTQcmHDni2KS0fajTT2Scn7ycLrEe3NdViSq1FteO19yDBWEXu6BQ/BI8r/LPH/l25vQnJ2lKKtYqAcGGwsS/Qj10t0rbeTOazAbxwGo1LDkvRkdiabfpiZDfPmXY+8kjQmMwSTM1KQurk5ynokCdQR1XpcdGSVMoo1eP47wxVbYwFxrRNk2j/cwrgp4tpDyr7S9sxa0xBn3Ud+3OzGablMOvC78rBsU0oYsTBsFWn6c/VAUEcT6p8XA/KddVsQKH/EC9m+fOr4bfDCrPvBuY6ylDJNOcawy2b9JBUpGdF2AZPezLYji+9+BYJ5HS+9G4tMvRFXxg4GZnpppI5vbmy5tkjRNembFBBTPp54K7dFMMH1888LIif2j+LxUUfUHQS86QoJ0zos5b6WBBmRjJrmeY1OocM2Ojf6NBXu7aLMLS4wS6PgwCF43BAUcXu6ZryvRPj07RtTu4e3IR4woty/oTS6zSTuNz/FPnpzBz2u94Q8e3G2U5nWquc2Z3odgb1n3ZvKvVejHC2n8Q9TfzcPKiR9h47hjX01mHrL7o1acKY/3XiD8pq+lRoFEqyFuSpFm4F1VwB143Pc6ZuHXB5jz2zqd3+yFmNuwFnMhu/gyFIvF/YlpquCEQ11d93Iq+vi+NaDsAEzmWSdbHogQzN8C/QClNdwGbUQXioefyRO/fwo4jCh5nKsJTjy1YUz++zMAbhhEeakxwRPsQLvLQauUtH/tBOCS14D66V7VJyrUaEdC3dhYA2t2ewhFnmMZ2un+IXfqr2MQI48z+czxlDHORuXqh1hgEVrxCdEOOp3xYgf+yLxR7qyTJX559SYDgWW6rluE4kLcFEuOMInlgCulPK+A1pKUhMEeHYWrdxF4GKwVGAC3Oh3Ht/sCsMHfwrOXTuJblXWqn/Fs2bxQm58WDd3t+xRYf8csN0aHHAFNwx0h0TWnXf6/CN6BWPiBFuyeOpDkNelPXzJFmPbfZm2OzvXYd7dRqZCocjwlokCiJKYERCNR4cEWqVyrg2JPqDaEAPajOic6hMHXOXxh9O1eTCYKnHO/7Y2naVbOM9dHJh+FUEmzxnFQB/sK3fuP3z5zmRhXj/d3Eua7pWb8QtfZomYyQAbpVd+5LBoYd4n5F+srKwqrIQzKgcOu478IQDYrmXSSlzyVMm+V1TJgK+kRRE+dZUnKybnpoCCIvhUrR/2+WX/DSeFvdVnbpmUm4WhVIKPlJUqKnQXs910NmsQbleiT5JewDP9VXjE5PjQYLGRNX9gUdzRtheRQwKSRdWRizJNTzci9hP4sp27rizK0g2ZOGFlmPFFHlrS3NcMB2bNqB5AP9X3NfmnW1pz3iSKT9rhSdfQQ2TIc/aH16CAwhXW5g2mONgweH3zaJFhvz4BBJ0uDo6HXY3H9b3tR7mkzZqt763DNa74S1Wl3KEbc+XlM2rR5Si2TXTgo1ebwRVFOVGFyRwdx4drD1yjIeHkHGUIa4WVScc0U3U1ZAuRT/SBC3dKOrKrQ97gudMEDKjyNuGOT32VzRel40wVpgdPYpIp4Qaqx7+NtT5SIqRQcl8HFUFoSQ636t06+e9TuT1Q889Vtda2CQC6gx1uG6wmOJfJk5rXVJwEdAOXkVr6+PKj4CdsRHJu5+iHKS561kEcggbqItS05ytyH829679RHwmKfY0+OC0f1yvqqMz8Gy59xmLRgtJk4iidwcQd2CVJ3lxpBm47hclfK1KO/5n1yPUHkgkoqn2znamBx6UXfK3zB9NAMDY5mcDqb2vfhWHEfAmeattmDe5D7HOjMpBkBONJpMB1S1t5gMu9jhul6d46ZMxmEXPfMKFFsutIpnMCAE2ALgKgGkKnj174bVuD9LXCPOwal1dyvw58xVz31Gu8kTbkzSB8GoZrx6eLxavlWdUs56RBLNoOCMN8nvEilWNVmkmvXYr1aFrOTdn8E2iiygsHm1zXLdTNJaGQ0u5+aeyyjvlCP8+Yz8TawPijq4s/VYkuzBYqagA4kjQgpMeWSOXworbCGShSOAgTcMqHn9gV+UvVJ6Ccwy5zLGGZCqwwcnkafGrQZAS17Do/wffipVPMgFVePa7mSllcreeES+vcoxBtxPL2jHT4F9TZrUZC6nJn83KphtT/JYWOg+I3It1BL+GFSx/pm5Jut/zcSarXfIotswatJNGqbqxp+bQWS4hU/8N8EZ0m0CVBnvNhiFJS2iJ1j4Nk7IqXBzP7GrBjHitZzLRGrJgekuEQOkog0nwh2b41MrPDzS0d2CKWZMquBb00RMOyK0N2H5ABloyLXYW5iB69AQNQ973ZdGdKJzOi/A383455UDOG12ak3qra9e+L1hENHP/M327Dsrm9D6IIhW5K8aZQHjRWE9m3WgZiBRmIX9Wwtm/REEDqattMuFncaohm7FMF99p6XwU9KICY+J9nIF65RY+Ei7t4m+EotE6BCRIyNtYJEdf9iQPc+eIB3xGBcFxGYplG/imrQVP+NDbUGR6AhjxN8141V2DhZEMa47v4sDJLLHgtPpN3xqc2+s71/2BN95XWFvCLmHm8DmOx5g0R/okeZBiJeruNfHOOaoJBEWxFzG0Jwn+Ij9YmMb7sZ9XQrb7ok/lAHFA5fOAtal4GbIFsglx4Ekelr0kV3sM2os7V6xM5jZVzXmq/hef6xG8HGJvcU/QW8naAU9q06KiL6f1kzwS3+F9YoB/4NeBBiDbK85vMhe1vdN7CkGEQKMNZaywmPVVtNDp7pFAs+DPJIxUc71bfY5qmuj0VqgoaXIEh7TT4Xg0R/CVu0Thz8YNLMLOJ8UUehQM8qXhEOtJ3GY47mA68LwWgAumAaQzrsp8tx1nbv7glthNAu8GIHjqad+GOu7nWERvA9ha5LPJelzCKT21j/ishukIaSLkdCBHgSB+AWj6ieh/ZC0J/jWQKa0jhGbONNC7YEaZM36OyfQrp8FPJro8kaoZLoq6W9m4zNYiB+xS6aA4kE/Ra3BXX6D90BUcm+VbSjVngf7PDolqH00DE3laK3tiXYGdlE2femkJFjXq3oeXxARQK9kcPUmfntrEjxNqDeiz9Coj/kQRoEZwi63pJ6m+98MfJI2++jJyxlkaL0/KB5zsKNqYwHvWki3seNpixnMWuEvcaiQe/nx/L/tfFikYsv1PxnLpXcfTGPntVuBNGQjSP+VutbV0Weexnvt+2O4QnVa7jbkqDsYttNLiDwG0+BoZ+RU1qbUByAuRXRb+06k84tfMP7y8S2XnrmflUML/McA4dNRb50RrsDl4qHcQYRJ8zwBtymiuYrqedG8RgFOxD73p2+Grshm6nPxDNzqyT5s67AYY4ch1lJBQcsUvyfoXU/MeE8WG0kTPH2oTOWygr3bm8gLlWzPtrE9/0kYRHik3cJfTpD9zqzGBABkxMoGgW6VzFK93J5yNQahTivKg1ckM3y+9+jByvnm3WODSpxA3suw1GRHx5o+coE4i1Tzjg49fKRcfDl1c2ou+nIArEKycpynXQm20ZftkBr8F2RwRvaFTylmu5YLHM48s0J5Rd+FlSKiU1bArXgSjwkQH2WAmJzt1gUgP6X74XaI6axakt0cO+pG0VnO8yXNjdbn9rqNEASEeDWW3dwxGKn/z0ipnu5SY+yngbh9eitG3KHB2zEAxA4teHa6VHmE1T/nwBqtkz9BZY3kNZmgR+VbFFqwl+vQ/+Qfsdsk78Xha4RJBn0nX987diiiGNdtP8VefJKR95h4mLplT7RRPmGetddRAvhJVwmI3y3kgSNJl/tcyJ45Q2HrlMuvVcHFNChbVc/5JyZAb3NIf3S3PYvUSfI9hwm7eiBFLSE065En/TDK65NOVyD5fr2dprljo+i+y6TarrvtqLxOLXyAp/WMC3N3WTvAR8yPAgzqXraBetNMCEgRuNZlzjdoMrqZIwXkiknCGQmSYi0WDbhUPqByyBLI42Inr2Nx7HfprHMc/Y0fWbNMJ7QOZPZ5APFywn17bXQ8HdGlt8rqn48nx9UoEPXWt2d5YZU1yfn7VsQ4DurGaOsE1OSTSoPmMQ/YiPGPgTlD3GUKMzfl30CqDFXYbBUHZV4a1RSZNDzbS0Ffb7s3P54ybnXVIOygxuSYV4lV+on2jC9l0up7dTmIECyyXK4PW2q1QVUpIWI7JbVCyvDamP60oytz7igvtPqxFVmMRZtU+DQrKPIROLxZu95iVjZRvR57pgDX3hSqBX2zNOCUauHw+p4fiiPTZ9Xpwhuux+wu3vb1Sng5KRONy0jvZ4olARCSRa0Pt/VKScnYc78B/QKgKWKTzmVHRuU/fhOT9nmViMB30fFn9mEUj0s1kZO1B5qloHrZD/kfhRLrO8SLoFmGdSXLTSjyYbpuQZPTA1bzOPeiZw7vWfN+mtyK9t9C06HDZcWuI8TCYgXX5U0Q9cZ3pWkil7r7tkcthN5YekPUCOYaoxpEwiYGFERUis6+qp3N06Bh+RwVgDZ/ND/iyJJ6IVDag/4IZ00EUAHqAJxIpCxCugZqfgZZIa8+2nojU9YYlxm3qM5huUVcEjIFkJXItDEjsc3CGHiRswkUtgCeDx9Pd6p/13DaHcvsTuP4JyCZl/vacse5lYnJsIPP1z0GYkwpORYrPo+mdQy4uMqbJ/XOZCz3pjN8b3PFWgdsXBl+QjNGoS0ydLTTkeZGEaITQ6TCcyNjtmMXjPCKGz2o7hoQlEQQSq2tFMasm8UoVXXlRIqbrUIBMCH5Yk1gufxr9iVWvAEJcT23Kr1Wu7mLm8kkO65vNJhhhdpKvq+4d0SaI3swotTienQboBsUu17t3XnhA5wtZTovXqRIuRcxP5kTKC803Ah2lzSB7dT4BU9iCcxmnv1+OgGl8VMJztdpHTaH94Fww3/1FnDZxUGq8UW90ioDo+LQAEfUaCt7R7fgxmPM/NkIErDNsG2zJToqTBrc6Giqp9R6GxtdypAa+90VMM/wn0pJUDoMSu4uuhsAMX/FKEzOEUbaxL6o5y9wyD4YPy4e9HqyqcPAdORdEmklwbAGPgxk97CMAngI16026KT/tIZLXDXk/ndJG0MAR0Py1+vGBq2gZa96mM2rC8zgCBkAdD0fZp3Bz5s971MqQU6B3sLDCrJwZlD54wuG12vDoz0LbV0W76lTbDFCYMMdrcGYkBz9tPYP0Djvi+gbqrFmL7NL24RtbWJ1CksEUnG8PoLkoH8Y4uUECSlEvhKufvsTcFFWd7DDnVp6J9Q7Qc1WGNgisjzyOb+dQfaoipeg/Mzk+4dNshhEZ30fsr2mEgMpwi8ImjdwP4hxjrmZYPNGlk3VRVzVh65dNi8hYPkhNPApsr38/tDEo3do77WXM89rZovD39o8VD6Nvz5DD2FMmG73kZ0CPIxdh099TF4XL5c3+8yPfn6m9VuHSMJJsKwq93odnZ6VDi5LgYTHXdDJkwyjuzN8GVeF1pFlocaavPonCjDoUPCkbExDV7GBARaCyB47WHQIYBC1Zr2UXGKK91lQxwwOY6ASX4eUJ1jjjJxn909f++jNdAYIGBCpJXBStuMvDAKQE5WcK9DuTUfwzADrah8iXK/IQ1RxczUuCbpQobjzuTnWzE1IDWS0uom7ee2QWf5CYjNkfdRB5dZ67x2qhPgRjmAqQtTDhs2OWXeyb1YsiVKjNTAty5nMJQvOhyKG2kfPhIUHBw1eC38+1QgyumJC9GoTqOeiFBKOEBWWiZe3xzvlGAjhswdyP8OruAfAHJ3yPK77bBw8XL3IKuMh4RhyXyXZode7VfCikDaM2HsQanKIQ/zGONmJNUiNZgJaTIIfgFtBkb3EkOcMoLyYugw1wKooJSxJKYXFgxHmKZh8hPge4QzZwyBkEkX35UVVRGq9bSd6dmxHwHzkxXmq6Tbo7iwcqbyA1LFZ4fWysAR+JyQcx0wsVINMofE9fCQv0mRm2Fv+AyahGNfN3Z+21Pa7pERLc2o7vjmjrLzGQn3uxMC+a7Googce5X+QyewhQFErSkodL41VfG/hDtPTsK10vPn4LNUwe0zMeW0JedlWQtOWbVVn94FS+sske6rndoXbEDF7p/qnXsD//d5+qJs4jitbR4K0Jn6J5Nf0N+YoSYEn7Da+eYianJyI0rxPqGpHOZVstMR4re/VzlzR6IOtLBxh9Vau3CYBWmY7kpPOOflAiQyLI36IZPTtayocs7pXW5Fn5niKeKeJCeosQowflrZEk+33waezWI7dD9PgsDGVetK44vxVtlSK3hXZLRTHylEeXgu8Jb1jtFjCcEb7v6H8GfwrWXjvnCLjs+DweZC5uxGe1SvunMWiKxbe877bN0g9j/w5/J83WAKWjo6VPVnmmgsZldwROU5s0qKjXYXwhvTlR6Wkp8SEE2NCjF7uCDzsnLZPc/WRxVVmayBAjNuMG0F2IU3/ihO7sRDcqgi7b9WyYc37S/qkTfMORyf8tdaoqD2aESywzbYNwWAp+lg6VecH3wZYEyrvco94EhAh84wl8mDl+HTxrwShCkJUTYlLVRI7R80t147WZn4m+NHXNYN4Sdj3gyKuhG10TYFJNRKAK39De9apD0hJIr7a6GteUPuXCA1vuKGhUrs8uvpK4JhtjJkeHZ7cnBR1C01jfInqlUm614hWkdLYpsXwJ7yGhHnmjaEdsw9/gAkB7sKzifujgf7EkgNvQpY8uCEYRTyhzk2weYeqRgCj4AYUMlNg1UfLqHwyjSpatTirEYQeEJzcgfwEJvLKj4fpOgECZZ9i/yzLL3D3e9Em5xGljDC+c7aYiwOqU4lfW2skg6XojmxWQVePtggHl15vdi0YkukLMbAk7e/eSpzSV1MbAS5HEx7F0z0lKCUSZhdsKd1hZB/lZ8MGGw2y15Nmatdr+tjWOn6gor3qqRqeBgPRL/01WwgNmwIxNYT4KkLpTzi1GgmCA56x7vM4Zbzrlx3GpOgsDoVdJyn/YHulIPzXbxDeDTv8tHqadhQfey0ob+dZyUojNgbo8GnVpRjj65stwDrnCbzTdiCL1bBB/fE/xOeSug3ZMW5icEI4CSMxY1ZJQVP9Zig0kWHkbMuoover/Q3dTUNYZUUNPvhPszI1MuCBrC4H9UbQLCzFXraEMgP7XNvN6shWLwzkbjPcPkhCT/1788/nWS9IE4w9xHerd9BRHb9Gmfz37agUWRX5dpOtwElk2LmZLK5CQvxN+Fa/jNJR5JKZgvSORM8EWWz5LoR8OgLS60aXSfnyP6JHzyLb323v+ePVkXytoGBSpM3B9bYmzMtvM1CHFjG9AzfKu6OtYq5v5QegkNQBxxxyNUG25wqUY6UX/gGdoXLiVc6J5U2f0bqk+XlKHcTwr5dDm3m7gMNAPfATbB9PodliH9LLRgmp8a+x3BvecwB2TvBBeq06p3X0kycmcN/4vInVgy6GflMBH7hcEwib7aNk+Yx3i20GwQ/3xxUdcHuF2QuoRMjI2EPS1rl2BDnhrfBivazFotdjAVJcpmLFS5MY6KJ3ilOyJFz13/FWkm07Rj1aqNf5Psicun2yzcDzft0ow2qwz4DNJ13RfhTujhpE5BkfgPqvWal3VjZcm0pdk4DWo2ih82aqENERbrtVL1BsG5D+0BCJUhHGJ/YOsTPFAaraqfaeT6nZjKzoUR8JQ5K1mjzrEeBzZDip8PqX9NqDAmWoL+K/fhnC3vtyyJ0BAngSYa3a8BLbBRmzXNEXyTHGZpDM+5S1hXeHbkXOaA4JD4xZmmDEFmRNbErgC5SxAkNMS/fK+93H4IuZCyPBxEJRgtcXVAnYKutx6Bfm5QCvlY8ctkWrd/t9hucN9VtFLF10X70IAHJ49OuMcxZlVmm/gTXKiKxVe0gRNTNLobndw2Ex1jmwtiMG779MtISAAzuR5uG3sS7XeHjP4DI32gswoY7qvJGpyp7y1rbVhRo+Fxjp9PZJ04hlGtGOocLvORPzIncF6D45rOOEEK93A8Tz2GPZRf2CL5gSoZnomsIVj1yLeT5aVprx3tKkXzdM1PdmUmNWskJdCK3N78IOQSSVXuFcATnkPoUZRFU+bDaQF3beMgdaAWKrCNzF1PfkgBPqnTcM+ltE/j4SvlrRouJYNK4I9CHbAZ9IPq0gTVnsod4jTq6ExsNTuKfvKQ2XxLb05PkqrpB7xgOa8D2ZEQPm4V7W1pofZ5y1qA/8kczOMaumWsAnxsxOKC0HQT+AnsKo1StVmOHt1g2NdOHms2UQl8eq4t+t8wSBsKk2N3b8wdniEXFu4k9Jf3bk/yLHUrUhg7XnLmo/jiIKwi2qqiii9Zn+DUIkBwfK25es8lsrwP4eUQSNmns3lIj/H92BRtQvZv0MKWoUeGhOvymETM3/218ReJFRNBatBdu6voqmDWy1XZvK26XShz+ktRKo567vQuQOV7Q6G4Oay+2H6BXUwPOYwjx0smUaaONYsVy+hi2iDrYQQZjoEvXJEVZKLBKOK0pxy7/S1lbFK4wnohNHYd9dqboJ2f2HzNF6bca1QwRkpaFzBfmkqtbSasKTRKo6b0aDvMM6C27SrSc724qri+oVXPVDVcfhqgR9K4dVmxaw9WLfhbUd6dl9IxhqpZ20vHqNllrqn6FeionvH363+UcHo4WNUsF9EXGq2ebGn75HMW4aE6LX5bHv0jNM2xHiXsowA+iDLxav06AZiYhze2o7yqfsRelRXdLN6OjQJTgbFp0d9gdSBh4nCUa8y+5XBuNS3bw4snWFkxHRRleqb4AG83lVC0zbWn/7xmhfGOG4Mj7icfizFoXsgBYXFEyUY87yBttwLMJUsZ13fMc905sYN72M/PveF4Aima/lcPIVle/aYP86Er0Y6rN3IzpjqciuUnTKZZTzEzLe5/OXS05xFQuXAEqtIkukg6beiw6yqbmTL1Z3rwr1oHASiFLAzR5jexAt7H2w31ypXXUcWm3YCVT6mpRgiGe4LhwSApkXv/BlMTK34FlFcBYf+wMTFRYCq88fKbARL64nWMbE6jR0G1I1+w4jyrxz6viwfAHEDttrDNQ2HQKkvWhw63/fkcHpnQcHlFv4C1kSPBCU4XK7gk+f7BzMbbpNC/hLGf8u08gJyyN1yZHxhusvTgICAgICAgOEfeo71MaPvYADzEnALEs62K7umEvYaNcw2RxYD5VBn5+PDffzuOh+pkKq5siCNjoYHXKiFKRNWAS8FhwiXQ8XAvfYSQk/iFweBHrf0KsdM7pXGW/q+6Wc03vupqyH9/0En6Yozmqw78vItk60KSp9fsusMr2rzCVn5F7qGXBDmSp7ny2EHRuUQqKMu5uGkLRPh6CI4+dX3bjUqNZuJTqXqOXOnDq6dJZpIhFBgkQVOkxikuKU6HwBkHlaAkInMdePinVMKG+d3jfxT+5eZJAawOND9Dt42KJYsKw6uPx5M3TK1rnA2gELcf8jaOtLDy+yjbXxo8KRjwIRR/qsAolIpbMGEhkBP0qXxVWQvAuhJPLJtOWwjLk2ZFdrJD5e6xiYLV16zVzvmb717wb5dtgJ5Sopd1DwIVmkPITkB4td9tbTTzL6Ub6ZkkHu2kg3sHj9E1Hfrmeq7N+v/UeoK+wfsNygmY9YRSXbnwC7MBEefx3JIlXW6VvDZkas58Q77593d7aze9ivw++HN/ffqUfh9qvenDe+261W2gLvbvNsf8Pfy76jXfaH8PrU3nQ+0m99OzqYA8RA48rvwytbMgC97LsmHkYUB1RQaixE3V0cCczRv/kVkRV+fxA8XwlUNWxcONtpHRGg9b66eblM72lXn6er9CsK7Ceu0oGbGJWmcN0Aj40iKioMHvdoBolN+LcTTELrQrqP316gfCIorLrm9ZfuSZStIOx8MX+/FhzIDERP04wU5XcqpK7f5Syb3UfKvPANs7/5EPbjEKF2WHBndu1mWZSDPvPBjJt4sHF+lTcg5QaPXOkwTs/ohGiz7zG1DMTQRK4ZiaErWigRX/xZf1e1DRIH6L+YmqpHLGVpgNghN0ksjAD/mFJ09LDpTWGkimF7k/MXJ0NIV/ItY+BgpV0e/jbAj9KIz2j+lmIHC/hT1rBPEe/EyxgUvQwSBM328Ky+8bInOfSCagdgb9UiGjqVj18tfG1lNlxTwTqgKrR04iWRxyoux5HU4KxUAVY2q1fv5kZXhqxYuZcQWEk0xkWDPsX6q+CaQDA5r+FnEx7OmP0ZaM+oJEV4sePIOkK/3zd6aC8NOef3oXfPrSkB8UvX8riX5wAXgW48tiIJldR32tgFHOMwEl8Be3xjJkRkdldHYKyGg2ybJPhP2UzWCuStrvDJpKxginjefHt1BiYUPIFehLlflCo3x5vLHx0+C76JoLog49To+k7RhouEMDSmTIdkg7nOGCoJYmDGxa1GIxywmdjHOL9qPzyrB+MdRPJKHdNJuNSI2Tj/TSqJucufPjtQ848C8cw3K595+wnEwUVOyphUIC1QsOAUDjb3135W5gvyKEM/kYLJpJk1wA5871417g/xRl/y2sOZZKMcnBG8F/2wu5BhLc0+b32itH9v8qNQwcKw8eGjcW4zwLwqer7LMK/h/RNXnkuLPXQKE8OzqHXHrhVbJVfQSR5ZhB/rgNbQ+i6WKASIcfsc/zGp3o2RbJswA8TutIMJcOLs2Wh38DHG0T6e/ZENTrjfIjx1Szo3jXQ20ccS0O7KZ+Ny2uVu4VN1gFjuiJFZERK/0vMldrh6FIr1jG2CZg/VLXimdjrBTWSpEvJq90q/AZ8Lunqnx3kgE/kvnkmVWelGYfSBVhCXV19Dnjb7eVN6w6/t7iZbQo5oYNNfE4n9V7k6Lk4gjavBv1jWfD7Pqw3Ol0PrHFxHZWfZEoiqMB5kUDD8leEEm37V0fD4cdI51phih113UkaJf3Qomj4UTomvBANQoVzQt3x2WS+PVN1BtCLi0Q+kSdMfX3JF46ux/YPACdj32jdoOWa0oYfkRIQq9ClsR/aDpRSPZ7DSg632Mh8X1nvfEAHe8J2vmImU+PrMbXFsm4Ep7Ul+6hAaUnfXH4h4rqqL7dboYZer5FyVifkHV8F1vRogvWt9p8DFfbiy6Bj7t8Mz8cRMkMWFddrnZ2QOr2CVGtZFi68AlQ7ndNeFe+wD5VY55AA3u0iI1BI7ErGsPvq7Kv2CE2FwYLwjA6tnWOqJF1qPF+vKAOcr0XxmINuLdHl9soEpBiYBwFyQvRjEiV36kwrVJzBS4KNEjxD896R5UXl3a9W28/NYrrlArwTczkkStMLwuZHh5RPQa749p6hyabFXFsKyEQHeA5jH+mAX33qCrnZTJkBvk4gtsZQUxRlmxtriX9dFdFa7LcqFTmm3bOLV6cyCMiHJqra3hWZCDFP9+qu6La+W9m4k3qncQBXsF+zxmHx/1nlIBTJJdgRL8nEqekz7XhuEWoG/oE+n7vmD+oMy4aj3iqKX/FBMTUTzLaQzcb9DmxLmLU8fnkUsxHUp9qniyLzSWQOoUq7rT8prNyG53pPwOuSj2W6OKUeoR2guZSM7jjCALKx1vAurGby7cXDvTE/9ifu5Rd254/rczfL5r2OBnl/3XcE744US7E3n3m5vBkD6iPHQqSGf5R/jK0vbHORzf+WaG0LwkgJ8MV+UgAXD/RPfHG556Wz+cIUpDbCdQD/EFiXuwWGT5Q+k6Pg54gcGdfB/rtwJVeBGkgmYY+GmBth5YheKzMEKwB13y9KtivvWa5oGzMBfFwl9q3fVPvnYss1ApLLbOG3MupYhaFVsLDFxP1fACpP8P6xhUmpb4tzQqOhrGMvj9cT4eGgQPwo/i9TMMu/FzGk51tF6ywNISBt5UQRFy1VpZXNB56OPBEtdwXBWBPyPjJmikBt0k/lsXqlC6BDVVCa7wspUVskhk2LFdk0C99K6AA9PDrCt9SKPZzV1kC2bqLOMgBVe5mjhRRMUGGjECQWBtnoYhW4H7WsLENjZ6CVPPO54XCDGgApL+YGzodtxtLlanmN2i2DUnBKWwzdPix9KXAiaCpjOJvzRDLn1wvH3n7ZGnIkL5Arrq9rp5rluPPvCXYEVahj7Ze0ResRNsmSGb43e2o6MN3z0FCVnnanC3YdWFUCiELES2QNJaLwsoVFBYHZl0uzEFQr5yjEWDp5oeu28ZSaGFbpb5/l5ixnvAvUA73PkhFW3GbzKXDb84FLCvnJMEHCR9ePcvb8yZJBKaF+kAMP88ZuormoAuWy/cB6EbXj2SN88F0GKxzHQIJvIpf7Q9LURqNOd2kH3DUXbwG0DfljKQXQebkL4qvJSy9SyHmNCGoSB/fcbYGLNanWJB9nzZlXnBqVTs5ewKpbG/fx6SHFUBynQkKNCXX7gNnZrZYis2MdKEgu0+ZSczWYDd4gLm/ZuckXGMkLT4Z3++9yb1ozYSB6SBkqs8NkW4i+LMzTKadQTvyBE1P/5RSB2IpWG1MoyLmoL+GlPJionI081+YJDOeJ3c7BumVql8A3Hbe+/LrbWYvWFqnwkVn8Fwa7kSgvbcNf92HQWm69oXN3EG8OhE9v6662triGsHwD3VntuBr6ksEI7/EnoLysdGKuG70cqrs92aONHH0CWYcp7KmQJEMgKTycubXRK4V34tRUWGrJ4/RJMNW1pf7rVzkd/vVyzSGAd0T+ZXbMMdyzc9Ij3swO/C4gyBzOOUSY3Y8MvPm45HCeR9ct5eW35+yzyYHYS9ON5vT7krxFvsWyIXY/p08FrFXqnXXfzMrpcALJCyfZoFd6bJBUW+s2uOI3KuZPusfBwKjNKmT/5T93lbK1S4aCJBlMtPYLAE8g29JYfDDvMDn60bfrVhhfxx6fA6w/WCe9f7YO3Eww0+X1Hww+duACYWP0s/0N1DFvgFc6dedd46UEiSllvUJQ19o2gZEP1jcMxGzJ/8PQItAY7SCKkq3GT4nzRnOl+XgrM0X2jREsmZ1Ac8w91FUK7UgZKYsv2Y2shCYw5qXzr++y28tr66Zy0uzZ9daRj071WuoG6BNzt1i98Yn8YfAxrPq8a+NeaSC/Dbb03B36azPVqCOGpFy9nvlMqEbSHQGemDVNjBcJIH80c8U7HqUup44pvK8CZgcEj81aFgz8Zm44bAQKn3eXcA90findMKNKSX/16eWZSmtaBKMz6HZlDP1nhjs8+MROPQIbRa7RjxpWqcpY/HgpXWpNHg5ZsYmaNCwXzYdFPMR/pE60bzbF/sSDiZvfBODKgIAuoo7PUwO8M/QQzR8N3xn5urA0tgGT8oZiXIXJsmBLsQI1daEdxV52RxmBj2B6cidhdULz7ucLUMDvqo/R6aYbb2VkmKr0d+dMaOVlbanDs4EsIv8P8ut0E++G2uansmCX25/GKfTDD43wXwM7u5ztcuV6OAX0NZM7uNM48jc8eNh7xxSJaGxX9J1gPzpSZ1nFVIKSaVFrz55bPM5JKwhcGVkv83v7zBlplhCEBi6CaaSQVFMzPpXhXRzRHEWM73MpYr4utMZ8kN4OZzoOmUmlCkE17kbjIPlRSA24JzyDGTnUdFNBqEMCJR8zHWJ8X8ypVqZNObXsLGg8TKHE1qQ/G5Eq+Hjh/FzwLfes30kLRYiRDmZpfiPmaza2zOiDdMLegTAmOkxzob8Z+9G/xRqhLzd+2VVGcQfHh/SfErIwhCM+UDZqA78H/SF0347rK/jniXNSMq8KDYAT6l7HmM7C0z6Gip0Iyas/vb7rFPwlfgiCTawVzZMIkhEWXFp7J3t6LV/3lKU3WFqVBnyxYXTbY2wuvN9BxcQ33GxlJB6afHviOGiLs3Oh2MQYkZn6tvO+gmyyWjyIJVUpVhF+t8gENwOo44sMVxwxBDqsAI2BBZQRIF/KVyuZXFE9FODMIWcT0DzzCUHhYlRIbQuFdxU1+e6/MQbORUiy67k60ZmwYsRDGQmTPfKrtzW0errM8jaJeqaRUiuvQgWjKlAgl+kNyxKZT6QkhHCLgpgqIel1EPdSWEr+yGRmT6hnSi/IOBk/VuYGrQFkOap/dVRlxcdti6BIxoLe31MTePW+w0dlyw3RpE6ohhb/ZcRgIJO3IwU+tYWuOZHET55BUfhB193appKamTMwD7guvdWJYtomaYeUyGDM44lndDaCVGbeYUOUYGr5uuStRK0jCs44EWcAbmOzNouuZbSGk4kEnmOIda3Q1B+imMGV2ahzCM0ZLGQumBasz1gU9v1LzMf5Zt7oQyli/VrtdJ+69ihmrY9Kfu5Wrbw6M8cBAcMG7eFU5ZxA+VLhRuLlD89kHuMF0kArHdQNd+wIGtO6elWplqOkHrlz3spbu3c9NHoCdLtz/aIzg+JOwuwC3Uo4NXTTQEikYFQrX1qJDjkqhDV57nOCI05vVQ5vfOcteI2Um6ZA4Bv6ki1sO79MttCksM18GAiRGbAlwcU/1D7WBgWWkR2hhlLi2JlTtPgHLqssugjS0tyeChy5Kf8hxKyW2PXYj2cZ1fWU72UvYbm9QvAojX66AiWCl7P7Yh2BmIlRckDtA8+RFPrmaruc24pS/k0SYqwsWCUuxux/7/LbZOU0sy3VSMG+GA3mWSTS+pb3aXnkbQWUk4v0gt6r0kw8DHtzAZwUaxF6jWoAG/O2Qy5zcFSCFFX6MczRzQp4slyDWJomwSKNRvUj3NwGIf/0+RCgv06wZeAqFMIlwTKL8tsnQEIMVqkMYm88yumVEKnNpUx/oiAguE5bX4TBWM7h57U1baCBJvhr1tLPjNEgeOJc2IbcqL45o36n0dPBF8/MzixJzUpvL060unWkUa0TmlfB2uA/mVMkoI9ZK/yNQB6p5LPtQ3VtiuxJkRHODgK+j2406Io8EXf3GCOmbWmtsQLYki+BBM6WDcDdeXpYXgfWea6zOU1l+kjomIs5gdn2G8WiYyp4NjIGZisGp4c1R3191c0R9RqNp5U+GpHhmlMEVH3rIAoId7d81Hktc54dPkRjJdTSVvE2AI8mVfeFfUcZ1NidGTWrKeHzkdarKFDOrmRamnrqBLU/hsTwvC4xQguOuPVESgtM3dEmgX/bI2PK30XlBFWI+jQpBZjoUTbhhCctsRJyzruzOkhP54ouNpdfDi27TBfVZ+/axPk+lBwwB9IIml08GVHAeEgJOowX6P1ygYRlbRzR+4XJOj40JCRDz4jpIbwLLFQxwgJc5aIwkA4JvIdrcaCFy2J8F8+MiV3xfWB008eTgfkVJ1aPiFKSKLSDz/cW7jnzkZIIoB1UGRDi68iebl2is3YNUwzES8Y2hDYe8+Gwmclg7yPO6ugmdW4XIMzLoTFSBf+t718sVWNrSWiZw0V0GzPjfyW1D4kZSwyiZgHlVHgrqtOAtrytsjpi5qauG3RktsKGGE6JEllOATfCaWfCY1eC2d+4N1pHpF4mbO381UxvGW4dqAHEikM4wu3VtxYtjWPRaZOEjflQsk2cczgcVRlqLRMeJM/MQS337Nn84f+LN4VyASvaq8GAOWSBSXbFbSOC1DDif8UJdGcAoNmUXWwSrJuZi6q92fc8Zk8tb0CMPTUU/Zof39YstagwSh21TP8PQQ+3Bt1hRj8T8NEYYeaduMUu9wbmAJHWUyZQpFW/cj9RzKgQQWcmceAMTMizTRK4tO9Bt8XV8Gl59PQH/dzEIuA2IZ4YOs2XUSlPDYGrH4VldB/zxr+icBL7QY07ZD2YIFK7wX3kjHuN5bTbAO1/prxLjBmAcLWo9Z8m4ZP1Smjgd9MJjFRktAv637g9muZsy+7TsWtcZysjE5hSj2s5HExB+ox2JbMFPrWPrx/scgJcg8DLW1IPoqT6kxUYWE4agu+Ddx1oXFYvpCPu1eo1G7obQnCe98hfV/E03G8TDlJWXwzPdOGwesu4CwidOiaJzgFRzACbnosCqWXRF6yt2LxJ7FMgbGERbqv2ualRrJzCjYWjtU/RU7ZX9LWw12dVf74vHABVNLPWabc3Q8GO5e+bbLHXVRf2f/Yq0AyBsXe0GLY2anDFlCo7KNOEljgsTuL4bhsQ+y+eXgXqnk+cB/JSAsA52TSrruzBo7cHSK64QZaS7IpWHA3mZK3O5kviy4RBIQxduIehQReoOZi+1CXZyev/CI3XcAM7AQqJJ2vfMKDX5qXKkMPyvXJRw2wMUgJNgU5BnR3IQOj52ehTSEh+2ShQ51VnhIhKZNYv9MVU6hLcNSwC2i1L2cJIbcLslkPJ5xwPlfmoWPdBHy9uqYW/q+De3DeWY1w3oyvCw8e4v7W1SP4XD0NzxhMGXl65vPXdasvysGHgHfsyCFk63uVe4ykXVxt/yw3T5J6Dx0xN1Q4LeXrbPDUV+mpNm2hFp11/kVDcwnUYzvVPloISvrJIbmLlaOHbdo9TCuukcvZ8nU3RCyfjQr/1Htrl4WoFCXpjji4SBiTEvZkY4qOmQLDukXzLwoRgU3LcA4qvqgA+JUuFGfLi8U7Y3bsQVKCFttrHTK8R8iPX6jXykkrQljYSkAQ7Z8nwBEswzvYcViIg1ocqg4rUXqbB9E7Eu+nw+Xt+0uW6SUCrdCJYZW563h8gKkJWqSV8ZFL99sMR6PokSSLW6je3la7bIsmIMosV2i2vLvlGOZAjoFO1da/dFlADuNBsCY8qlXWg4aTZai8OL0/kRMr1gqcMm+BAeNHA/70Uu24JX6ZmbP/Jd9FpK/VUfrZ5LRNGluzut4cmQDvjF0CmQRSsW7ZqQZUQdh3LVIp1798UnJye6Rv2/DWWlk1gmA5PBcFkzl4yxcl5XQs68Xtd2Hp7/bVZ7j6SsUIAdiVlsIHwXrLMmKf/32ujXDNyu3lFHJgI7f5mQfUNwHMRjB89HnRh2jeNe6bsZo+KjegsoEntNrFaFkoHYTDWQTxg3xiecJX7xiWfQG9AeQO7E+ridO7tQ1mcVxnNrO69GzxaM16mA+0tOFvgs1vjuxweR9KuzzUms395l/EgmeMv5KLPL5g6sKETTI2F71AWlxT0vqr2Q5zvmUJt0HRHZIJtHf4EuWxCp5iVJpjCIukSWKhnI/aa5a2uLinlwiaRQzFqsJU/h9niCzF/lYlIwxjdPYJ9P2KXA9ck32BU+dtGTJBv3wiYqQQsoO2OMuL2GLIRoGkKe0ZDGvfplaTapS6DSGhyjkF0KtZEIgCsKn7remhQRHKYURH/l0638QbiglTkT0hK7OY9wGVIANxQSrkvAl/AZb9NCu5L5xOevShGv1t6JTutkN2eykMl3FWQDIyYCOAhiM/Dgip3CVHpmAC3WuVZ1CNpXSmHwwj81Zz7sV98hwG1N0gFvXFYpUfrOfS3pWMr4BvaJBZdST9JeYeGKpil+Nk9um/vRM27s1aGlHxpXQQjQmYmnMOq3bNfok9wcpxWJouyo50gqKJey+HD09jexnvTS8On1OUSS613JvV2ozbK95IG+h8iOg6Ipi9Ok2rJszrlpJeSqqlJI3pxgcQpV2gTE/QtcY709riNuRVby7J8KU4/LQk/wUL42vGH2K2ULh3MKMSqv7ThJafvg6CsuqfAxHQ7f0yBLFO0uMsiN3Q7gOvtDp4xsaRJFY4VagUAFzpv8OHItW25JipnJAs6GsZ8wuY99WHkBC1GXXEq8qG0y6YokE0FFFR/51+Pt/RDiXP1XteBp85Chyulw12UZuJLvGDapbejhEqyE5sIJl0VzvIr9ed7QAdRAq5ZGDHB6+1Bcld5C4s1UEWZTSwDyl6PQqknw/Tn9PTLCLcysPFErd9BH0tyAgfhmNkI7jsEDCK+8blqmK5DXpX4R9D13/2QABABoAQAABTQBAAA8BAU0CAAAAAAGIAf8AAAIACQIBAQoCAAMAGVRoaXMgaXMgb2YgRmluZ2VyICgxKQ==</BDB>
         <SB>ZXlKNE5XTWlPbHNpVFVsSlJqWnFRME5CT1V0blFYZEpRa0ZuU1VKQ1ZFRk9RbWRyY1docmFVYzVkekJDUVZGelJrRkVRbFJOVVhOM1ExRlpSRlpSVVVkRmQwcEtWR3BGVFUxQmIwZEJNVlZGUTBGM1JGTXlSBmxOVVhkM1EyZFpSRlpSVVVoRVFVNURZa2hKZUVSRVFVdENaMDVXUWtGdlRVRXdVbEZOYWtWTlRVRnZSMEV4VlVWRGQzZEVVa1pCZVUxUmQzZERaMWxFVmxGUlJFUkJUa1ZWUkVsM1NHaGpUazFxUlhoTlJFVjZUVlJCTUU5RVRUUlhhR05PVFdwSmQwNUVSWGhOVkVFd1QwUk5ORmRxUWxkTlVYTjNRMUZaUkZaUlVVZEZkMHBLVkdwRlRVMUJiMGRCTVZWRlEwRjNSRk15Um5sTlVYZDNRMmRaUkZaUlVVaEVRVTVEWWtoSmVFUlVRVXhDWjA1V1FrRnZUVUpGV2tKUk1GVjRSRlJCVEVKblRsWkNRWE5OUWtWYVFsRXdWWGhFVkVGTVFtZE9Wa0pCVFUxQ1JWcENVVEJWZDJkblNXbE5RVEJIUTFOeFIxTkpZak5FVVVWQ1FWRlZRVUUwU1VORWQwRjNaMmRKUzBGdlNVTkJVVVJvYm5ZMlZVVjBlV3hLVFhocldqBDBPREZFUWk5U05HOHljVlZOVUdWc1ZsVktlRmxpY1dKWlYyTkdNWEpQUjA4M1lteGpOelJtYVZsdmQwZDNiRXR0ZFVJNVlsWk1aRkZ0V1c5VmRXczFOMUo1VUVsR2RWUnBXblIyTlVwd1ZreE9VVWsyT0hCdVVDdEhRbU5UVlhGUlJtdFlVaTlKWnpGMVJreHRPSFpIY2xwNmNFMUlNM0pZY0U1RllqaHpTR05IVFdGSk16bDVZazFFWTNKQ1RFTkRiVkY1U2tsRWJXNVljRkpVTkhWc1ZtTXliRkZ3T1RsT1ZIUTFUMWhwZUVObE5reE9jVGMxVm1RdlNrVjBURGhrUzBGMWVVNUxhRTFMZGpCRFNESlNXRXg1T1hNMVJtTTNOMVpXWm1KSWIzZE9TMFk1ZEdkMmNVUTRiVWhEYjJweFNHeGlUbmxUUzFSc05rbHBTVXQxYjNkTk1WTjNNalJKT0ZGS01HYzBTamRJVlhsWmNHdHdRMmh0YW1KQ1YwbzJjVFJ5Um1ZNVZHZG1TMU5uTDA0eWRrdzRNRWxZYW5WbVFUSm9NMUpNWkVnMlN6ZExRbFkxUjNCM1NtOUpTRzV1YlVObFoxY3lTbGh1VUZCcU5saE1TeXM0YTI5UWMyRTNTRGRVZVc1S00xTTRTVFUxVmpkc1VHbFZPVXhqYzFoMGRGUjZXa3BLTm14SUsydHpZbVpyZDB0UGF6aEJZa1JCWkdzdlYySXpkSEZ2WWxoNWVFVlVUa2N3VlVvM1FtdFhNbEJMUjBKVGFEQnBRVWxEU1hOd2VuWndjRFZCTmpaR01XWmFhbGw2ZG5SSFJXMXROMUZCYVdaSWRVVnBaVWhDTW5wa1ZVZzBiMVV3WlhSaFJDODFNRUY2ZDJ4V05VbFdTR3hST1VsemQxRlNNaTltY1V0bVVFbzJRVUpoVjBadGJISlVhalJKZGxaRlVFeEViVGR1YkZWMmJHTm5kVkp6ZEdsemNEWXdaMlZITUU5U2MyWlFabmxJUkc1M04yZE5UMUZKUlc1WVYwdzNSBll2TVZWV2EybEtjMmN5Y25aMU5ISndReTlpUjNVMWRGVnBMemRtT0ZkbGQyUndZV3hpTm5SMFRUWnBSVkIxV1ZaeE5FMWhhWE51VVRoblNTdG1UMnh4WVZvdmFVWm1RbGszT0had1Jpc3lkMGxFUVZGQlFtODBTRVpOU1VoRFRVRnJSMEV4VldSRmQxRkRUVUZCZDBWUldVcFpTVnBKUVZsaU5GRm5SVUpDUVZGRVFXZFhaMDFFVFVkRFYwTkhVMEZIUnl0RlNVSkVVVkZ0Um1sU1VHTkhWblZWTVU1TlNVVmtiR0p0Vm5sWldGSnNXa05DUkdKSGJHeGlibEZuVVRKV2VXUkhiRzFoVjA1b1pFZFZkMGhSV1VSV1VqQlBRa0paUlVaQ2FFazJXVlZYSzJkU1VITTNka1pxYzB4dVUzUldkbEJYYVdKTlFqaEhRVEZWWkVsM1VWbE5RbUZCUmtwbVlUWlhRV3RpZVhGSllqVnZPR3BOV0hwSVQxaG9ReTg1VTAxQk5FZEJNVlZrUkhkRlFpOTNVVVZCZDBsR05FUkJaRUpuVGxaSVUxVkZSBXBCVlVKblozSkNaMFZHUWxGalJFRm5XVWxMZDFsQ1FsRlZTRUYzVVhkRVVWbEtTMjlhU1doMlkwNUJVVVZNUWxGQlJHZG5TVUpCUm5aeGVEVlZXSEU0ZFVWWVdIRTRUVTlvVUZkWVZFWjZlWE0zYkdOVmJGZEZSSFJXVFVsWUx6QXJUV0ZxYUZoR1UwUjVMek5MU3pKelVXNHJaVlZJVDA1MlZ6a3lNR2wwUVRoWFdYWnZPVXRwWms1MldsWmtTSHBoVFVScE1HeFdjM3BGUTJrMlRFRjZNWFZEYzBsMlEyeHpVbFIzZGxoRmVrOUhSSGhpYUVsYU5sUlZVak5XSzBzMU1uTktLeTlSYmxad2FrbGtVVk4xTkhCb1Vta3JZMEpKVVdOMFNIbzJPR0l2WWpFMFp6VllNREo1TXpGb2RVcFdiaTl6WkN0NWMwdEVaVEUwVEcxRWEzWjNSRkJvTnpod1VVWkNaVWxCUlhaRWEyMTBhM2xGUjBKQ1ltNVVkSGx0Y0dFMGFGaGxSMEppUm1VMFNHbDJMM3BtY0VKSmVFdHZUbUk0YWtONFUza3JTMkpUUWt4eGVFNUhkR0ZoWlRaUWRWcEVOa293VEN0QlJsaHBSBWR1Ynl0aGJ6Rm5SVnBPT0NzNE9Ea3dRbFZsVWtORlJIbGhNa1JKV0dwamRuUnVPRm93VG5KQ0wyeEVPVzU0WlM5R04yMHhVVmR2YUVWdmJEazFNM295TjJRclFWY3hTbkZoTDBWWlRWZEdZVUpCVUZWQlRrd3pjblZPU1RsclVWVlZSRUZJUld4VWNreExaRUZsUkZOU1dFMTBaemN6YzBsV1ZXZGpUVE5vVDBzNU5HTkVPRk5uSzNGbE1XMTRUSFUxWW10WWNVaEJaVUV5YW1kVGJ6SmtjRGxMYkVsM2RFNVBOMlJLUlhWR1lYZHFiRFV4WkVwVmMwVTNWR1owYlVkVVJHOVFTMHRQSzNsWWFtVk1UREJpYjBkTGVTc3hSRkUxY0VjNFlqa3ZTalUwSzB0VVJVdEJTR0pJT1c1c1YwbFpVV0kzWkd0UU0xUTRObkZ5ZURkdlZuSkhkM0ozU1RWcVEwMXRXbEZCTkhGNE1IbEdWMkpGUW1ONE5tVXZUa2xDWlUxc09FZ3pjRTAzTkZwcWJYaHZPVzlKU25WV2FYRnNLMUZKT0hWUFdIVlVUREp2UWtvMGNGZDJVSFZ5TDNWb2QyeEpZVkp5ZWpSa1ZGa3dha3ROYkUxRVYxb3dabVZTTVZOb1dXaGpaMVpaYkZWQ1ptYzRlbVZ3Y0U0eWRrMHpTbTBpWFN3aVlXeG5Jam9pVWxNeU5UWWlMQ0owZVhBaU9pSktWMVFpZlEuLmg3MTB6YmxqQVVBS3pDWnJEVzAtcTBmV0FqYnd3d0FPa2g5c1R0Z2IzNnFxQmZfOU5Bc3JaY1ExZERxU193aGVUUWlvTlQyVDVnOHBUTXhueURhUjZJZWtqQlhpZUt1czFQR0JQQVM5c2VhMzMxeHNpRjJpRXdDdzFtTUFzaV9VMVFYZXNoeW95bTFsZTBwWmRWa0kxSldNd3VFQ1dfa0podFRwcnlvTmNGc09qT2dLeWtrSFZ0bzlabmtEVGc1ay1ONDhQRDY0WG5NVUtqLWhoTElvMG44Q1lvZWw2VmZRUmg4cjQtZXNsZUxJNzUxZzg4ZjlqeENpLWxxdVRNYW51QWIydngwTlZ4emNja3N3eGlZZktQTVByclVNM09zenB1amdORU5RUE10aUNnQl9kdkVaSUFDWXJqbGZaYTdlS3VNQUNJdXIySUFrR2FFNWFUV0pQYXZ4bDRWRUZVQnp5VVJUUU5MdXRFVlNGNHhhQVRWX0h2WUMxUHlaUUtXVU9jRmZCNWJoY0wwNTUyNDBvN21zUEt3OW5yM2tlQmJNd2lXSVRnTDRQMlVzVGJPWjhLSHJncmpWc2VNZ1BYYkZZSG4yWWxwMm95ekpIaVVGSnZPajc4WElqTFVqdC1OWHVyMWNuNURUOTk1eFU5dEc3OHBwLVVZZ20wTXZBbF9TdDhHalNqQ2RrR3huZHdtaGhiZXR1ZUpjcnJPU0FlRFhMS0NRSHdiQ0QtLTBLa25VbmJoanlKMzM1OXpjZGE1dXJSBmdxa3Y2YXdNZ1R3cEZwVG5rdTQwZ2hfTWljcEZEU0p0N1g1NW0taHI2YWdfYW1kbF9nNjZnN0liQXZhVVNfRVg4a2I4ZmVDeGxVYVB0U1NrUVc4NW51SzZteUttWi1BQ3dqcVY4RkpB</SB>
         <Others>
            <Key>EXCEPTION</Key>
            <Value>false</Value>
         </Others>
         <Others>
            <Key>RETRIES</Key>
            <Value>1</Value>
         </Others>
         <Others>
            <Key>SDK_Score</Key>
            <Value>0.0</Value>
         </Others>
         <Others>
            <Key>FORCE_CAPTURED</Key>
            <Value>false</Value>
         </Others>
         <Others>
            <Key>PAYLOAD</Key>
            <Value>{"digitalId":"eyJ4NWMiOlsiTUlJRjZqQ0NBOUtnQXdJQkFnSUJCVEFOQmdrcWhraUc5dzBCQVFzRkFEQlRNUXN3Q1FZRFZRUUdFd0pKVGpFTU1Bb0dBMVVFQ0F3RFMyRnlNUXd3Q2dZRFZRUUhEQU5DYkhJeEREQUtCZ05WQkFvTUEwUlFNakVNTUFvR0ExVUVDd3dEUkZBeU1Rd3dDZ1lEVlFRRERBTkVVREl3SGhjTk1qRXhNREV6TVRBME9ETTRXaGNOTWpJd05ERXhNVEEwT0RNNFdqQldNUXN3Q1FZRFZRUUdFd0pKVGpFTU1Bb0dBMVVFQ0F3RFMyRnlNUXd3Q2dZRFZRUUhEQU5DYkhJeERUQUxCZ05WQkFvTUJFWkJRMFV4RFRBTEJnTlZCQXNNQkVaQlEwVXhEVEFMQmdOVkJBTU1CRVpCUTBVd2dnSWlNQTBHQ1NxR1NJYjNEUUVCQVFVQUE0SUNEd0F3Z2dJS0FvSUNBUURobnY2VUV0eWxKTXhrWjl0ODFEQi9SNG8ycVVNUGVsVlVKeFlicWJZV2NGMXJPR083YmxjNzRmaVlvd0d3bEttdUI5YlZMZFFtWW9VdWs1N1J5UElGdVRpWnR2NUpwVkxOUUk2OHBuUCtHQmNTVXFRRmtYUi9JZzF1RkxtOHZHclp6cE1IM3JYcE5FYjhzSGNHTWFJMzl5Yk1EY3JCTENDbVF5SklEbW5YcFJUNHVsVmMybFFwOTlOVHQ1T1hpeENlNkxOcTc1VmQvSkV0TDhkS0F1eU5LaE1LdjBDSDJSWEx5OXM1RmM3N1ZWZmJIb3dOS0Y5dGd2cUQ4bUhDb2pxSGxiTnlTS1RsNklpSUt1b3dNMVN3MjRJOFFKMGc0SjdIVXlZcGtwQ2htamJCV0o2cTRyRmY5VGdmS1NnL04ydkw4MElYanVmQTJoM1JMZEg2SzdLQlY1R3B3Sm9JSG5ubUNlZ1cySlhuUFBqNlhMSys4a29Qc2E3SDdUeW5KM1M4STU1VjdsUGlVOUxjc1h0dFR6WkpKNmxIK2tzYmZrd0tPazhBYkRBZGsvV2IzdHFvYlh5eEVUTkcwVUo3QmtXMlBLR0JTaDBpQUlDSXNwenZwcDVBNjZGMWZaall6dnRHRW1tN1FBaWZIdUVpZUhCMnpkVUg0b1UwZXRhRC81MEF6d2xWNUlWSGxROUlzd1FSMi9mcUtmUEo2QUJhV0ZtbHJUajRJdlZFUExEbTdubFV2bGNndVJzdGlzcDYwZ2VHME9Sc2ZQZnlIRG53N2dNT1FJRW5YV0w3RnYvMVVWa2lKc2cycnZ1NHJwQy9iR3U1dFVpLzdmOFdld2RwYWxiNnR0TTZpRVB1WVZxNE1haXNuUThnSStmT2xxYVovaUZmQlk3OHZwRisyd0lEQVFBQm80SEZNSUhDTUFrR0ExVWRFd1FDTUFBd0VRWUpZSVpJQVliNFFnRUJCQVFEQWdXZ01ETUdDV0NHU0FHRytFSUJEUVFtRmlSUGNHVnVVMU5NSUVkbGJtVnlZWFJsWkNCRGJHbGxiblFnUTJWeWRHbG1hV05oZEdVd0hRWURWUjBPQkJZRUZCaEk2WVVXK2dSUHM3dkZqc0xuU3RWdlBXaWJNQjhHQTFVZEl3UVlNQmFBRkpmYTZXQWtieXFJYjVvOGpNWHpIT1hoQy85U01BNEdBMVVkRHdFQi93UUVBd0lGNERBZEJnTlZIU1VFRmpBVUJnZ3JCZ0VGQlFjREFnWUlLd1lCQlFVSEF3UXdEUVlKS29aSWh2Y05BUUVMQlFBRGdnSUJBRnZxeDVVWHE4dUVYWHE4TU9oUFdYVEZ6eXM3bGNVbFdFRHRWTUlYLzArTWFqaFhGU0R5LzNLSzJzUW4rZVVIT052VzkyMGl0QThXWXZvOUtpZk52WlZkSHphTURpMGxWc3pFQ2k2TEF6MXVDc0l2Q2xzUlR3dlhFek9HRHhiaElaNlRVUjNWK0s1MnNKKy9RblZwaklkUVN1NHBoUmkrY0JJUWN0SHo2OGIvYjE0ZzVYMDJ5MzFodUpWbi9zZCt5c0tEZTE0TG1Ea3Z3RFBoNzhwUUZCZUlBRXZEa210a3lFR0JCYm5UdHltcGE0aFhlR0JiRmU0SGl2L3pmcEJJeEtvTmI4akN4U3krS2JTQkxxeE5HdGFhZTZQdVpENkowTCtBRlhpRmdubythbzFnRVpOOCs4ODkwQlVlUkNFRHlhMkRJWGpjdnRuOFowTnJCL2xEOW54ZS9GN20xUVdvaEVvbDk1M3oyN2QrQVcxSnFhL0VZTVdGYUJBUFVBTkwzcnVOSTlrUVVVREFIRWxUckxLZEFlRFNSWE10Zzczc0lWVWdjTTNoT0s5NGNEOFNnK3FlMW14THU1YmtYcUhBZUEyamdTbzJkcDlLbEl3dE5PN2RKRXVGYXdqbDUxZEpVc0U3VGZ0bUdURG9QS0tPK3lYamVMTDBib0dLeSsxRFE1cEc4YjkvSjU0K0tURUtBSGJIOW5sV0lZUWI3ZGtQM1Q4NnFyeDdvVnJHd3J3STVqQ01tWlFBNHF4MHlGV2JFQmN4NmUvTklCZU1sOEgzcE03NFpqbXhvOW9JSnVWaXFsK1FJOHVPWHVUTDJvQko0cFd2UHVyL3Vod2xJYVJyejRkVFkwaktNbE1EV1owZmVSMVNoWWhjZ1ZZbFVCZmc4emVwcE4ydk0zSm0iXSwiYWxnIjoiUlMyNTYiLCJ0eXAiOiJKV1QifQ.eyJzZXJpYWxObyI6IjEyMzQ1Njc4OTAiLCJtYWtlIjoiTU9TSVAiLCJtb2RlbCI6IlNMQVAwMSIsInR5cGUiOiJGaW5nZXIiLCJkZXZpY2VTdWJUeXBlIjoiU2xhcCIsImRldmljZVByb3ZpZGVySWQiOiJNT1NJUC5QUk9YWS5TQkkiLCJkZXZpY2VQcm92aWRlciI6Ik1PU0lQIiwiZGF0ZVRpbWUiOiIyMDIxLTExLTE5VDA4OjM0OjM4WiJ9.GlPqMxrExsGkVgwddJjcZXdb_UbgyVIlBVVtvltUg3-icU3nSHsmK89g_GW-y75f_59e3t2JYeWPUQB-slSKgwLJC2hPIiTs06Oez6qiNlAdz_KKHOZZSihm0gLZSFJYR-JUGQl6pPPt2AASi4yr-7nvdJyHaU7kRIBYK-MLPdU0tFVI8iVS56uFJNmCoQM-zdZV44H1huLOcKdsOdEDleMyF75t8KKsI8q7BSoyCgXH--_7LUkKCfLSmvT8mJCyC1XRluR63hjZoberGlg749j1QibmSxa16QXAtqdYoJeMuYCq1_j3MycCUazQgwxclX4rInIAxWlvTdkKEf3HjHekN5zCpiUcRwW_beuiSf23NqinjmWuh5YgzRCBzNtrVNuPIv_YgFaLlzvJ7i_QOvBNwpo94B0-uUkAImdU2XCvbP47XqgGIIrkLhIx0cMtyXUy2dfpNpAqyzkOov8MUJnB-zu-FabwQCO9qLCboeJv9w_h95UA94-JYWZB7hTl-7bFXdl4Snft27QukgLa2cFlTTEbQd45B-Ze1wvqOCS8HvPC3WMwWREZy-udMNQyoQTmKu-TR7no077taTpay2JM7LhjbFXVX5bxIqWW63lHnDHS22ogFXeaVGoRARwJU0zczRWgekawt0172qOO3OD_jdikaG3MWwW7BcJaH-M","deviceCode":"b692b595-3523-slap-99fc-bd76e35f190f","deviceServiceVersion":"0.9.5","bioType":"Finger","bioSubtype":"Right Thumb","Purpose":"Registration","env":"Staging","bioValue":"&lt;bioValue&gt;","transactionId":"5665998f-74f1-4f5b-8311-d714ee26b400","timestamp":"2021-11-19T08:34:38Z","requestedScore":"40","QualityScore":"90"}</Value>
         </Others>
         <Others>
            <Key>SPEC_Version</Key>
            <Value>0.9.5</Value>
         </Others>
      </BIR>
      <BIR>
         <Version>
            <Major>1</Major>
            <Minor>1</Minor>
         </Version>
         <CBEFFVersion>
            <Major>1</Major>
            <Minor>1</Minor>
         </CBEFFVersion>
         <BIRInfo>
            <Integrity>false</Integrity>
         </BIRInfo>
         <BDBInfo>
            <Index>6796da65-677f-48bf-ba8c-e87bcd5b8ed6</Index>
            <Format>
               <Organization>Mosip</Organization>
               <Type>9</Type>
            </Format>
            <CreationDate>2021-11-19T08:35:16.4899392</CreationDate>
            <Type>Iris</Type>
            <Subtype>Left</Subtype>
            <Level>Raw</Level>
            <Purpose>Enroll</Purpose>
            <Quality>
               <Algorithm>
                  <Organization>HMAC</Organization>
                  <Type>SHA-256</Type>
               </Algorithm>
               <Score>90</Score>
            </Quality>
         </BDBInfo>
         <BDB>SUlSADAyMAAAACc6AAEAAQAAJyoH5AoJECYh//8Bc18wBgAAAQIDCgABlwExCAAA/////wAAAAAAAAAAAAAAAAAAJvYAAAAMalAgIA0KhwoAAAAUZnR5cGpwMiAAAAAAanAyIAAAAC1qcDJoAAAAFmloZHIAAAExAAABlwABBwcAAAAAAA9jb2xyAQAAAAAAEQAAAABqcDJj/0//UQApAAAAAAGXAAABMQAAAAAAAAAAAAABlwAAATEAAAAAAAAAAAABBwEB/2QAIwABQ3JlYXRvcjogSmFzUGVyIFZlcnNpb24gMS45MDAuMf9SAAwAAAABAAUEBAAB/1wAE0BASEhQSEhQSEhQSEhQSEhQ/5AACgAAAAAmKgAB/5Pfe+hzlGlbFs8xJsR0KAY+wXw4tU8+4rV15Y5evSX9DvUkC/yfSUMVoKLacDY8WAjzq9/7XRQUrrfP6+cCZCKkj7hJvPKtYDrnWxnN6sOF+/i2tRr44/OAxPGxVZmDWalMigGUpor6uDPmhDKHMfIqGceaGDGEvKY8o8Kyp0VLD8fY0x9jZD7HEG0eI0TTv4OYdGbj0NkskJJR+uUMTT9NBApIPSLUpAca1DoHvjEyvdF5R9st6B0NNPXfO64Y44cCwCrDz7cVfrJqhSyc1xRCFC2tVuAce8RG8B246tBQ1N+16KklwvntlkofSjDl9zr4tXOlQLgPb2YVJ9na8wFuKJiTiXwlzylU6F9YTo/1kwYyfUxLyopL6sK2S7mRSwuPoLXJYh0BJmiOqJL05OzKzZ6R/d6l4O8oDWy8uwSVgk/tlYPsRAGgxkCpRRN2wg6ktVbmrCz67ffq1Iz5ZG4ATZIAloANgS9VAXJDGw5nLI4zTmSFUhI8X/c047krCk3YelsezszflgrZbebGFF/PjMi235iYs7AyO7o/D4qwHCNc3JmmnR+wK8my4o8TdJ3DoePiDLM6S4uFKOE0n+EMrNMU/Ej2J2VXcp7sOV5/w+nqzPv1lh9G9iuTdmDRRpQpCxuopa8fAz760EpSAD0HWPV9euNuaGsYN+viO47b/u198ppdTthNHWAH0ipdbd5fgDQU/VR4mNxTJbZyAN3yv16Mdt95ZUC+TFeh3BDgPx7yRNE8dkx5qknO/H6L5kHJgIVl/vM19vSvniwQSOjRPdDgZYtYu+ZKj4e3scl/EzfZ1VPj679CWzSuIgloMryIDe5cmHTc7BuVvgcHWWZzCV/NI/mwIktW/oCIQsIGY7dD8XN+DpSsR2SwA0gWdOOEFvDhNUdHo8f3cj4p0FZOlTJKyUpDfoKOGNuWANnMAwE9CbGgXw0oVQaEMY6Q+nAQQ00+vpVOKGyb2rJGshe13ePXY22Xd6xSTzd6gtWYI3i0ttW+tCKtwA4GyN69zQWmOMwoLJfmyCO1y/5AXT8M6AWzYFb+bFkXRE6y7ud7WJlzqkbIA45mvmm88RkiMdYhz67j3Z86M0crXOGIxK3xrCIAPIx1uc7+/oy76kV19AmTBc43n0kGZ/WD2eaPmKEZQzgOJtMQACzpaHq0i8VGGmTGe/l9rwsX1cNU1f23bkN5UsEtCwiLaXjoALPWN8zAnlDH690pUkK7C8wlqVo+bIoK66PhgHwxZ0SSLURQy4Hf/zsMLNGuGUl3EZtE1Xym2GNHqtSB4GqcqFxUgEDNdUJRMrN0afLtUF/VFrC0vomti/zZmb2Tmwqy1rOM8mmFapomzR3bg5oXt/zX0SLlSlaLNPiXLuvCOAaxkB7kOY7uaVNCoXdJOMw9UDllDwRLQuO3sJNSB9vlbwnDNpBnlZHKiu3+bCvmIxrKeyo2+sNbPdmqz3gqXLau53pPpjPa8pdFlzu1wyUIRO+m018c6RbD85CnmrricUGIuhWCUFxCM4VUB8/3Hz+3PPbuY+L+8F4CDaLNe9eMReIl413U3kFn2BasrzqFFb4fgfWyvDkUiBzFyYFdEyIaI2/mqN/1+YExE/gKwSuh38ES6WYy5VLPkXn4EAXSsvOVnMdKMfPfIe0W62kUugclUrOgAlpjV7VlQLqhejnqb4V7s0K9m1mVU72iA91yNzvDFOO9LYTAy4RTFwbxCzYz+E6/l8o+UlJSI37I3rBWlLWPsctNGFwoThey3xiPKGVlCaECtlWyODmSebk5hQqG78cdUogT7kTEBKm1P03RHcjO1qL8sVv5G/oO6jDBqsIR/28Pw31R6o4XmQmA3XWBXJ9nkrGKhNg91KyB38KNk0R9l/mb26zkyh2EfuzYtywKmMfR7CI+j2HR9XUiRXXOf20UPjrVfGzjXwlAEiR1CY3B2yiqAlFfAAXAtADVWVqv4H26qY6eHNeoslKZHh73vTHqLZOHvI4sA4HQVqjkFlV5IfOHq7okSIgNQLwU1t7SkvlbiJRGq/6VmuzVriPUIzRAcc2tQ1Z7Ga6BMmCD1ykq00gNTyZ98T6OoJuoebLFnejJS4R1kYgjTsVcdbZRB+v+EC5FPfckfMQsg+hqeJaYuZoqmbZhEF7WSQ0Eg7lk/35kCNei0Afa8IP0S2CTq9TNfHEqbUlhmHLgL/PDQFq8FWttbNYdpo7hYAi3bPIzs1j/eyOTyxyea3B3zTwdytFDeqUX6U21I2mZGBGcpubukGjkDoL7FJUvt9kxafImMAklGeE9XqItzAft5FsK8jvR5sPLzHtL8tVaMlrULfgl/xJc/wvjFCpNfifD5JPxsIVXwGRwqg9Fxvl+Gzp3HY2cotEk1Z/+bR6ga1B7/qWYc7dc6fjwHXV61xjx5kfylaB77o32vGODPh0ldtnfUxKb50a2rt0LOpHCAeV0dd0O/Ve3aN+tjUzotUx868ImM9hrr9AIdTDsluJrS4lUkygdfL14PxSgq/beCleP/X7J53hhuhLehIO0aKL17OfTLyTNe0LAvpfVK1M7Y1U2T04eFeraGkyl/2+zRtcQXyNm2VSWvykNTDJ1TYDwtWojmRCii8TZiOBVGZGz/hSkI7KAYg2O9oChzPlJWAIIi9Ldi7CgVcPEcbjfzpQQERjPu4MeS++ifk8u+LRwZX26DGp3QDu6SBQVx09LXVGBINgT8i5eUCKxGePUUEa5wjXXI26Xabc+0X49Od/eVVP9j/BFwZS3UFZCSQRHnL9odSJy3DxlR0AablRbD3v0k2SgV/OnvAPvbr8TW+PGUPxEGSygM+fvB8Ve9iKcspHcv51Ooi/vF4Fg16jL+wPzNKKreiXnthIfGX53mCprbWQ3FEjfy4LkSHRLAh0YYG3xySBjZxbMIqXEU5YGpK3nxt/478mVGvUr8SnLZCK0LVHXNcc+GP1ib6+4fDb/TSy4s6isAelabqxifRgiwaexSzNdQjPX6QWxuTAg3U7gYMdqVgzDRtYMDreHG3jLPMaHgkd3o7mGlraexxpVB2SeVPddONPTGFecbZSKjPOVLkQrkaR7NiB1kW5qDkeBpCc+9oNViVt6ctqYbmpj05K8EhkJHyEDixHf99y1+0VLJhroGkG0dFwKJ8gh9/Ydtve+wfN8tnrl92SXzh5C3nZACf8mnHBETfwH1tBaWhKSJKG/DNo5TQqGyPzmdPTPpQJ1u8b3U7WYGPCeNZKR7HJnpe+8yLwnPpZFqGzDUMDbw0Cx08XUdCkJKd8OiVziP3zyh9ukW+MWw0wQ01xfibhg0RdhReWaO2vkTcCiOKNw6/EG1RYsTazY/OaTZEXFQhPVM4KTislzOzb/anbNog2653yaj9LGoP7mtYZhNdgrif4eCuj8PuTZNZcd9q0Ss2Ay/dNE1IKgN9GOF1KSRa0gHYRIyetqDnuj+y3eEnLuFuGsI2Rm/OYAyv3Aq82Br5a2cKGni2OTJKLACo/EML31ROaHWUcSLl2ylIulQITiRfnNBhOvbes0ekE/+O8jq9E+o6KeL4/wBScWg0w76XVz0bpnUYjiewUnakxJkqrKbFwPj1WabmC0zTFYWgmBidUJ5LIcmyCLQOp6D/ihZyAGPcyms+jrOOkYOJ5qxlVp5jW/LbB0gnaqqEyUrG1TdN7NP4/qXRNkqVSi4FZ0BBAR9Oo93wfGXL9MZQ6lsPbyX2xQdCftzMDIcnAM5iIWGSXiw/NJopHnkppaZZUQwpNbY45ZcyGuNQG0cJN6WfHrqz86xdXebtCBNf9L/qMU4RdcCdZwqJgJG5aCCaIES1pgrIXs6mVniV50h7B+z3AOiNFMzQvNS3RXU1ByJyndfBUhDMgpRzdzkI10l5JZl1wbJS15qKVUbzDy7BeA4h7do7bTMhznFZRaB1+xrTsWi0vJ5nz8ld9LMMq5iNHyy2YSMZ2eeW8ECFDIdM2HmrvxrbgDCye+Z6daOpHcLRXvCOQ4eOVf7vDO9e3T0skdHfY1VXoDWKmi1yCWHfSosyIBRJua+91HTu4mqAza52pEweofP81gkEAGkoSXbz11W2D9Yt7Jktm5FwU86X14q6fCyoKbiotjs0cMD1Dze+EselaVZ6Dm5THEkDOZAVgwit7T3sC1c9hqYoCl1dlLFPcZHTbe10oN3o2NyZAhR2CYRrXQpVxK2+3XONZBW8pOJot94aYRcbmiiIvQnpk+eHWNt1EQN02lF5TponMmE0HqTBQWWZjra05wki4cOltcukyCIDehb4YffY18zr0R8iantDRW9E1H7kMJPSC9tbaBmn+mmiU3t98S+wRoQOxG/Z98OxI5bQjHNgZaCpY980miC7PDe27dSIvZszKIuwIXN1edHhxUvT+/DG1NVrvOdKS4q/EIRU0IZrCvGdNO+czJFZrwVFJei4w/Eouzy7AP8QZtiWEF6MCJyJkH4o2zBIOBpEv3p1vjhZeWb4maTIJHMNRQW7otO2KGqYlVgapHbwBD7M32ZFssefkTpazQPxwVXea1q+/rbSVSo6nLs7Wed25DvhIJ8GjoUeD1D7g6sXSy/lx0Gu+pS7apL1hjnno55a7RgxPAIvYNJWEupk/I5PhGJjU0uxPpzcsHVlnFWQNJX/f4zURsORMvNX64CxqngcDDMOMCcBYIoZbjRMRF9JPcWQO5kbHcKHElOOSN/Yl8V0YiKdfQIW0wXSoaSL0gFB6ElEq0j6KyuJxTRv7nCixDW7OTX6hgMllTVB8v6xX5SajDe9sS+z5t0BcMfgnLNMEweaqKYE+piM/ItPlHugVDM3Qg8KR5pWXVgxDjmbLOAvEqGa9C1yKQCJWWS0pRS2+DzbIkwcnDMmInOZ7gORy27MXIcePzegz8vWH825fzXHH5u6P5uzX5uo/5tM4vj6C3x7ovj1t+eshdy6BTOX1hur1DT6Cd6RVDh9ExLTcKUG/edzoTb5FVmYg5zdIiqdSWZ2i6keGXdgPQu3umoQ6L0k/OJg2KFNDF3DOi/xexiw435V5RGXE317bchQIVs/DBIYvBIYI2m0wtjKKwgAkUIV6+xbzKfXeJNy0HawnaumXrve7ST6mffrgHXl3F/xHZDLOzlAmiAOJxbBmyg0UsKes0+/P/E9xCJzu8zH3BOdkNXr9eqnfotiA2mQVerLZWrWjiDgTkH+CxhcoLjBfFaJ2tR0C/Fb+IltjYaHvbiHewMrq3SkFr40Dj66qFno6qoLfYP4nJn/6IbjJfbkta81zmFctwmcqNTEuiuaEhSq7nXjRM8sUtmPrWqbHgWFbIIU0K+KsRWL8+EvAj37EvjmzRVP6GEi7dnyJdhMcagjNMSxk51+EQN3RzfGMzFL6H8Xp2SwOb3H71W74nQM8dl24UdS61wl4ek/wJKPAcFBIf4JiJpcf985MCXN0+lcN+8h36pkj6AwgM0O3oJjXTC/dB9QC3yUG1mOGbRDj/VryTLRLqDvJ1qvxIevD3CilT4RSHU9rPTZliArrpnZYQOlhh9JAZ89X6w2T+pusckDtQxGLTokjt00Kjl4k739jxpOS/dvGXmfppSvEus74f5P0rel+mWuygCP82u1L8dIJ/trOmArwBLo/vbN4yaub2iis4F8BQ7KHltvE10YKgObNu2nzdpWLTX+Hk5JHu2NDr4tzIkLAVE77CkeoryY7SYDfn97s4iyA/d0RflEJSpEa4YxJ/+nBLJyNSTEB6tOWK3nqeYSwuT/0Sev7PVyJNxwenKB/GBMOPEOVhphUSdN2yXR5sAJn8Kgrw7XlE778xtVakJfY7DFmJecELi1/qKWp/uQNKkdZIC083xZi+FuukH5Q3yas5ROXcgrI6E2H7aCOFvnlfJEQ9aTVJqYukJc6UyyXrhVrfaGVm8Ixox/PjGAoEGmOxMKzlpD/ezW4yFMtqOPVmKOnA58sXEK3X43Q1puxZJ5+gTc9Zptwf328rPBlZFfzZD1jExsJVi67vqkg+vA9t6vIBczp7sn3XewOSw+g+Lx7qkZRHs/G8RYYyC6dULr0sKi7cgTiS9HkKaawhhREuPz/L9NAVFRredSZVB1jUzUjkWriZBWlZpOZlmJlV0ArPzhss9c3ohjyzKZOoSMR8WQcTM7hLLrmipOrTshedWJYMJZ3KIS+BaE3ttKkuqxL1hn+f1Pepa67TqvWvxfgwCGdKrjRMa5CU8+FTSV0BPamkLbJjeE4gBVXT7R/EqucbmSaJCL7/UaNHKSE+x983iWSxmpV1uXWkSqMQvPI+g9J1+Ad3mQCAtsyjJJjCUobCvdbKRYmNqtk++pp+bYpxgcyE+ph0ZCK0sUleskjMU9U0No3HCuqMVJ8Mdq8d0ECGpg7NdQhQKDK3N28IABfo8lEM114ukbjOlWOXWqtCDbzwkSBQJAZqcWwPtcO0xRuMLHLvv5t6koHagGHPlJRqjN4qUYDCmmG5KPj5BZhYbULb0wFBQNqT1sVkil8UHAXGX3Rg1jZMClDOMGjGaKmeSzCLHftq7o0qv0pswSDfi7CSJbJHPfn/BcDLn+e4zWT6oojwx0lSLYcFbsfgNGXtE2IjQskFQk1btL1T40DN4qrvCqXi9v5LdMPI5M/jo0ilFVvWiekEoEBnNPA0F9Ms1UFuXI4p13Jpp6/G+UKmzqA5QWMlvb2pNCeYbXFk0emohXEGHjf046cjW7wx5U3lKPoTUx6C7Cm2ItvGa1iQpLsQCwqDaWQbEn02ek7VUpvM6ed+wgpk/CMCInlbgR7vgUoCrnffwWY+9IZcM5fy6ktTNvRhoouYSnZ/+sAzQK8KMULxwBT0x588MqWVj/T7yxnQJmySm/SALE+tYXaVKVACgycdbHWsXT92VoiHA02exZ0+tnGzHctl59RcNZTr9CoA7u0sdbp7wBL6sy95KhrmQFgueMlA4yc1oyQ3OwTHzeou3MGhxmqexyG1/Ou40hzBrUN5Wk9jsIrEZxAmPx5URhdTkMnz3D8ccfwmF9m9WCH2WfGOQR97mIb3buDhh0UXZGsrlbdWsQSS8b9buWJ4nyL2WL4GR714efLN1PXwvpUm7I4Q1wjHxCRKxwqMK18I7yW01KiM+oRFN67wy9ad6SIXSMZ+w1OrZP83BPEktyzCrMisyBMNJtn+Uhd5gy14HFdBRM3oSr1l67FFU+b56+z4xAw7OWDkHA7eRaRBuRKi1m9o7s3wca+tbgUpOgpWxUnTzjmXyyqAyOw9DmKL4aiShHI7+iJZCeSYhJfAAHPj3Hp1dIcgJcvcYONjDjKSE4P4H+eUHg1stPGVxOX7FL8cz8OqwvR6i3KUzuGtaw2qBlIRQOdxk88bx7GhzRZl9BbEa0858pIaaVn0sEfMpyVOAT9XueB+T+c4w7QNbnRA7S/m/q3eeWPP1UCx7JwIq54axhrw9ceu0Nhnc2LT20Vj+QjRSJLALg7CNLnlNHAlYCcsQaSr2GbXlH3Uq1XGhSsClMfkh9yUT4AZDr4p/owHQnkm/RQ00qOfKI2wfr9TIGwRDjSG0kx83ny+L+iNSh7908/B9BD/HytM7vK13I36LTFsQRXVRieI3wBpTRd0196hetcrdfaMwddDvM9y7+1cJ6R4+58/ngex4MikbSE276UmCbcaCZB0sk55CYtAKQ3nQFn0SvDRs9OtJHu+ntoMmYjCDcQBkUh0CAzdrE0f3X3ZwMifDdaYqcfPzJcZGLHiuvis03jYpKe4DjYPfifw35VMLj0TR/wxc1a6Rwce1gL8R8boCUpjj1lsw3IFD/p0+BUPyMeyr2wO7Hx938sS0rHT4Povt3cqEzajWeNBF82SjhUHmwELfxn1A4MIAnMsGJupt/XPnyONcUKiGLYqXTnmSYsKj9aPHip4EscGNKWol0sK21LfZRqSgp37F0rmlzqdSevm+WsyfqDQMashBvy1vOT2MJ4HiGYF00T/PL/Icgynr5VVnME5pgIYmcdpuZORPc9KF/gDUhiYrbMbKls28lnDFdH6VO41vR5SkpXrHnbUC41rxs8ZTmbikOU4FmNVbgPNw7FrOR3z9U6Xk/5yZhy/9chda0PaO9w/htg+wA+PYheoj3NLigz1D3jJk0d3tPxED9XU8yASxuIT18BXIndj6yhy3hzajzssFk0ZEXGqZzxhcj22Q4atdPalCpvXtnAXwHrbvXzc/dyEUZ1f6bStkYdkwERHyk/8sSnyFZ2JlSXBEZ0fle7Xjau3KU9wsATGL3mwDAB8bw+amqZHdHbV7DqiYaseV+E6RhRZ0TZauE27NfxMHuNFFRtcsG5NkDStMeW/VYzXOrirlN3lF/tS7K63tPewJxxk+R4QHpht9A0DicTGt45gFbA/SoJnTzNE69vLqTtV1nd2RaxI8BlzkCuyCTii9C1E4jzY+fWQgS8IHG3JH3PiBN9UBZpBkWabsTIMbOS2VjalT/HzGfija8qEMAWMajTIQiPy8slB3uCha8R1yVNqYZUfk51cnBQZOUJuldCtKTXkMBM0/MNLjbyV1lN6dkStkLrwtp9OSZcRqQXdPAp5tSE5wIjhv/JXjItEB4s6az5Hh+o2IIP29WshV9zutXLHtCD+gRZIK7YK0WKqBly11jKQC2ZfxPY6vwjiL2oblTpESBv5DUVXKvu6nJUXt8UTIoNVT678Rs2HR/Y2xpJW7FKOJr64h4WnlcPgrGZnBNRxLfYs1g015iUa3KjWF9Ks+QO3p/m4g4e3vxHb8Te+FO1WSxHVyQEwk/8wEebhFK42bpDrRoEJ6KD/RHvDXwWbbjW29MB8SPGXM/66t0WD2jeCwObO5j9Skr3bn302YlXbWAAGNOA0AZZuEzBKw994oC8GxgiofguFQ26FqLJkwxb09XU6tWciEfgxb+Bc6JNddpEs9W9ozo229tC4cbOYNMpX4wdEL7UX5s1MEa3Z4DsIgQpOCh9YNEb0G3J54nq6EoWOYTT8Vc9web9+YkdIn5Lt2avsubl/qMtAZTr12u12Keq0WByj3DKuOiyREg1ArDXWqVHgzQmqft3HjmkmNg1rJFFFrz16fdi7grlIWtLbXB2kLuk20qTDUVrxLMfOzPF8YLlF3oEiWVUbjcHR+9ARvM+JtpwyXr5HunFt/0vd8x7srwwQwFNs4RYGHMRSvDiY2iyRIrE66hKyxbrFvulbAfq72jjgDovsVJUndwU5Wd5AM3FWYMr4TX7uOTvy1+lFvTDim13vq+pfHWIjtxDn/QWoW6e6uBGegkmHfct5Q3rqzDiHCzyMzb++r2kDnCLM2AdwjH+B+0JxkIkjthKjtbZHNxcyZ0zKjiPBMWBeJSROiDOeaWfiIj/oRqKBbAk9x30BFrL58gpv4Iw+08qs+nRMjo3+Cbgkz4RRWEs+FZQjEvG+HtH8mpN+H1BurJ24syWl3w9G/kv2/DtjjO9UzvSO/D6gfht35HRvw+if4ext+HqBmC2iXMO2p9X/S4CKreOFbz/9RZ2R5tg1x1LBUrTc7zOIMi0DOPYx2ReTn28N/HUucohmcOyeD78+VgwkfSpkDoTC69SA0RWGypFmGzOAng8f80z8/4MHH4QUUAVp9hbxvJL7hbjSs8EfgC5oEn/hvqgg19nhXVGaoJXfi20f/Nu1x5o60ltEvGlzlOYVecK4g/Cpzc1dY01XEDX1rjAsmNvFXEJW9cXjlXaRFnJ/i4sMx9Y++xV27aFDhGHjghH5OPGZcZixwLaIQSHA6Zcr2qDSwEwrJceYWVEQg+FbxS6VZr4h9ogj94gvOIRVS1Xk1q4TufOsUwtvIwYm/G24r3eQx+oWrNxOMO9dB6ifmWdBujQGigdXTpBmkVJ7YmtKILjbQZiQn1e1s/GHcRuzeZHK91I8o/jJxZiCRmI9cLpC1KOfmZiE27TyW/I7QzG08p3acQJ7ZWV7syONhZEQofwTbo4zwuHxQlxswkTBBkt39OHTypsWlqJcdEf/c8Wx5El+T6CB3bf+3/Okpd6bhIGmqOHMnE6VKUo4JsNeKFzo4ydIhTX7d1RYGGn+mxaXkFCjnh9fm1/jMu4ggerxny3RUPJT5xBZjexEVPo6MGu/WKxnjTu0jBu67XwuD6OOUgy68k86Ms5Qf2TnWFsaX6S5MrxnjPMwloyZaPjNpos183vWJ+x4+ynBe8hbX+7o4RsGcJtuvnWPiCVMfZjR33CPDhhlMb6LIsvkKJtSLKD7ZfFXZ1Badj/tCYGVAfHKMV4F+8c7XTrc7TUGyTC9bQi/oOvkccLd1AA9zxEHgLz+o/bewm186CkRzQ0xAc/3ajr1S4e3ai4NbPeHYn/hgZBztgQg87FESXljSWHB5N1KVddj2UJteOG8tHBWqqjQshTUfOVTIcKtKeyTJJZpVP4drSV9+vTTRfT97qYYQyQ6xqP0aK59owv0Kv9kX2IIjoxSP3yj/tcaIAnHMn7BzxTxhgsR9IUeCqVJ28i828gj6aiJffSSV7E6eEIqg/14DGCySuynNXUi73U8hcrbqxtHlrEu1kD9MKQcD0NegAYoYuKf1vyEkSGNZPvD5VB4l4ZXgWaFZ7VYL28HJKs5bbae4vLp8/IxszgomLLkVvNWAanlaHPnjp2cQrl5CVCh0rQrcLLZJC0QYxSFiFuNN+p8FCKaPH3dNAppmcvRZXDcJSD7cNHD/UYV4Rx8aKcO6LURBug3UmMKJ9EhOdSXNXCXdMRkwdsmS52VBEYSuUpRz+xd9f2KBo7v9dK8ibKTXJa2paVCAummI/HXmeRCnnCEQDnPvOnmTm+RZUSmZ7M9mnrLUoCb0wQ4acTuwyZ1WiadVPhGJpApyRkyTM2Ya8bjROlVQe1gqe0MBc6mgnoAB4oVihuBtYAi7k0GFoJldJVKKwg8a7gCiQjbPQam6v0grDRHizeL48R6ru228XOSEDKOBJ2mBQcH0lGxSGN2aWmsnGqjj64gr/974wgXRbRBlohlLYPFCD1yB6hkn/hpeE5cALaaPZ4HFU/8o1NcZNqofw3ajRtNGHJAWe/sjjna4ynHksp2+zWcXAwRQwVwX962xjiHdU2z2UlKQTuJcy/rZHHm5VqCQOOXivkDdL9+FoQCeE7++EXhmNt60eAoW3SfQPPUvyW7Pc8t9Wow0KSyoXSsQ8jZNgDnjGEPZ68TWeMzqOETfjxI/X88HNDVqmhj6bD/AiO5K6MzowzB92N1WEmkEFvGQdmrmiRbcfUkDlmjOC1N8apLdOrmN70cG7WjPNL+GG5+1xQs/C1MhG+mczruh2m0Mfv4xKtZwfuU2rNPaX8RZhpkKX7KoYIrWI7LtOS1AFoYmKnhvSDYj8pXu/ujLplVag5R/UbGDm1/vzXGr9sUqqsGp0rdWDqZQM/+/OWpJ+Fc2/azLofNkLE/QEzYmNbTFaMDTmLFT+p5CzfTL7KFAI2rYmLvnlXRS3HyYiOXqDHuhR3TzMthwfDeQMa4Ilw5GgngetTqHVWpssSIet6v6347oZ7PgPvYgGJBci8SE+H/iHgR4bSeOS2y4CAbgMkuhb6wKVgsynSJRfy5Jf5yQAiwbPWOg6vStHJoN1UNpPJCYGWAeGwpjMY84cK61xzbOwqTZzU2aBMIAqO5pBssw1C4eKMBXTNj7Dhyex1Rh3vEhYMjcufQNL1W3OcORCY2T+FE5Nbc59xLKdHlhV/hLeOj1tou2XN9XiPOrkX6CFUJDIqu7dxelF/aiSy0ZoRyw1eMe2KEJ9XU7rilCczp44l+2WahxzbgndJUXel+OsYwo1tmTcD5Ox7cEMDO6lk3UdVVjYa0hqKr1CR5GuwkHMwFQXYctDBp4PWoEAqJa/7Pl4ExwhNGP+e9c2WCas0UNGraCR+E5zbZWDb4cCvKqfq0xHbTuaqJxxbTCJUyO8ut8YzwvNEy9CLAl70WOlW+5qj/J29+W2WZkF/Yx+tCcRL3IGBmY0wAjhMgrNO8unxbZY6bLZaFQ+zg5uvlopICl68SgC7alJv3VNzGPTGIKG0qG2Bb0sNAHwVzbBfkaym3hpU4WcqtFNQItEepyppxSKLDkkaiubzKo7PJ+vDVcjibTjJ7MoTN7HCdkGh9FgFZhhDflbPoV/iThIEM7G9yU7MmoGBWQ14rnCmsEyGZ+/JQHo09x39xpWakcHHrHsTdKWuZglVJ61sTFeMfNLg4Gj0vUyGgghrc1pHI6hNvlh98Cs0f/FjgIEKwGY3DDBskCzojypYQdmpXD5L97BvkLZ7cGwZPtNAKoWGX/1rbIhArocv9wv5OLTD1uaovydUXovOm/iPsrK3osOQsPTQefm2Ul7nacOqt3Xnvgh/S3YwWjqLl2IxRKqnyKVqzXU9eZB4v6to6WhBgzYd1gyBPCFBSYrRdXnuLKh41dg3KlaLCgDEJbkXm3ZWb4KYk/3qgE9Hmc3Sp8tSJojm7u2liH1XK6kjlqbGgJH4KpJSqDKG+NZ+zpvFN0V+dNfNEfOl2J4rJZrDl/26p0uBoorV50kbRViI2Fo5KSGAS9EF5KUFdtPHrkR9oPH5l3rJs5z4G/2IYIAe1x6dDpbw0Ngp5VIyohBWPbouMxvnw4dD3gAiY4yIckZN5mru+2rJ97NuiAx3l+oL1xROuhqpsa1u9CHucrtstATo0gMVEocEGaKEnjfRsrIoMIrTNX/j39MuECSN9pU+C185ScaVAqbLUc71QknwjHoieAYHIDg3uFU8fYPA/SdCjm+g241vyPu5nc8MR1m8wST2f4bKhcu5/KG0iYHDqqMdKvwZHwGcelx1h8USUxm6OPcGFRL16oQq2NvLqU2XURQQcO/iyTB0TFaoU53mbZyL6SMRgx2L6TJA6rTs3kqymG/9CuGiQt9VJ24zejnZjKU/OqxN1rS2leOf9NCOfvbNUOYEr0py42h19POCPxO+ncGCh2A6BdUfle2RLwgZsp4vnqbbf60oPnXr2XZEbNjg0yT9lsQ1zBgf5iHqryq6R1cb5jra0QBaNz0u37+jzkL8pPU9ElPNbLGhtiHClHQ5ySDfI5gpRcbrEbWSX2PNMbYt0kYdXJMdb6bf/2Q==</BDB>
         <SB>ZXlKNE5XTWlPbHNpVFVsSlJqWnFRME5CT1V0blFYZEpRa0ZuU1VKQ1ZFRk9RbWRyY1docmFVYzVkekJDUVZGelJrRkVRbFJOVVhOM1ExRlpSRlpSVVVkRmQwcEtWR3BGVFUxQmIwZEJNVlZGUTBGM1JGTXlSBmxOVVhkM1EyZFpSRlpSVVVoRVFVNURZa2hKZUVSRVFVdENaMDVXUWtGdlRVRXdVbEZOYWtWTlRVRnZSMEV4VlVWRGQzZEVVa1pCZVUxUmQzZERaMWxFVmxGUlJFUkJUa1ZWUkVsM1NHaGpUazFxUlhoTlJFVjZUVlJCTUU5RVRUUlhhR05PVFdwSmQwNUVSWGhOVkVFd1QwUk5ORmRxUWxkTlVYTjNRMUZaUkZaUlVVZEZkMHBLVkdwRlRVMUJiMGRCTVZWRlEwRjNSRk15Um5sTlVYZDNRMmRaUkZaUlVVaEVRVTVEWWtoSmVFUlVRVXhDWjA1V1FrRnZUVUpGV2tKUk1GVjRSRlJCVEVKblRsWkNRWE5OUWtWYVFsRXdWWGhFVkVGTVFtZE9Wa0pCVFUxQ1JWcENVVEJWZDJkblNXbE5RVEJIUTFOeFIxTkpZak5FVVVWQ1FWRlZRVUUwU1VORWQwRjNaMmRKUzBGdlNVTkJVVVJvYm5ZMlZVVjBlV3hLVFhocldqBDBPREZFUWk5U05HOHljVlZOVUdWc1ZsVktlRmxpY1dKWlYyTkdNWEpQUjA4M1lteGpOelJtYVZsdmQwZDNiRXR0ZFVJNVlsWk1aRkZ0V1c5VmRXczFOMUo1VUVsR2RWUnBXblIyTlVwd1ZreE9VVWsyT0hCdVVDdEhRbU5UVlhGUlJtdFlVaTlKWnpGMVJreHRPSFpIY2xwNmNFMUlNM0pZY0U1RllqaHpTR05IVFdGSk16bDVZazFFWTNKQ1RFTkRiVkY1U2tsRWJXNVljRkpVTkhWc1ZtTXliRkZ3T1RsT1ZIUTFUMWhwZUVObE5reE9jVGMxVm1RdlNrVjBURGhrUzBGMWVVNUxhRTFMZGpCRFNESlNXRXg1T1hNMVJtTTNOMVpXWm1KSWIzZE9TMFk1ZEdkMmNVUTRiVWhEYjJweFNHeGlUbmxUUzFSc05rbHBTVXQxYjNkTk1WTjNNalJKT0ZGS01HYzBTamRJVlhsWmNHdHdRMmh0YW1KQ1YwbzJjVFJ5Um1ZNVZHZG1TMU5uTDA0eWRrdzRNRWxZYW5WbVFUSm9NMUpNWkVnMlN6ZExRbFkxUjNCM1NtOUpTRzV1YlVObFoxY3lTbGh1VUZCcU5saE1TeXM0YTI5UWMyRTNTRGRVZVc1S00xTTRTVFUxVmpkc1VHbFZPVXhqYzFoMGRGUjZXa3BLTm14SUsydHpZbVpyZDB0UGF6aEJZa1JCWkdzdlYySXpkSEZ2WWxoNWVFVlVUa2N3VlVvM1FtdFhNbEJMUjBKVGFEQnBRVWxEU1hOd2VuWndjRFZCTmpaR01XWmFhbGw2ZG5SSFJXMXROMUZCYVdaSWRVVnBaVWhDTW5wa1ZVZzBiMVV3WlhSaFJDODFNRUY2ZDJ4V05VbFdTR3hST1VsemQxRlNNaTltY1V0bVVFbzJRVUpoVjBadGJISlVhalJKZGxaRlVFeEViVGR1YkZWMmJHTm5kVkp6ZEdsemNEWXdaMlZITUU5U2MyWlFabmxJUkc1M04yZE5UMUZKUlc1WVYwdzNSBll2TVZWV2EybEtjMmN5Y25aMU5ISndReTlpUjNVMWRGVnBMemRtT0ZkbGQyUndZV3hpTm5SMFRUWnBSVkIxV1ZaeE5FMWhhWE51VVRoblNTdG1UMnh4WVZvdmFVWm1RbGszT0had1Jpc3lkMGxFUVZGQlFtODBTRVpOU1VoRFRVRnJSMEV4VldSRmQxRkRUVUZCZDBWUldVcFpTVnBKUVZsaU5GRm5SVUpDUVZGRVFXZFhaMDFFVFVkRFYwTkhVMEZIUnl0RlNVSkVVVkZ0Um1sU1VHTkhWblZWTVU1TlNVVmtiR0p0Vm5sWldGSnNXa05DUkdKSGJHeGlibEZuVVRKV2VXUkhiRzFoVjA1b1pFZFZkMGhSV1VSV1VqQlBRa0paUlVaQ2FFazJXVlZYSzJkU1VITTNka1pxYzB4dVUzUldkbEJYYVdKTlFqaEhRVEZWWkVsM1VWbE5RbUZCUmtwbVlUWlhRV3RpZVhGSllqVnZPR3BOV0hwSVQxaG9ReTg1VTAxQk5FZEJNVlZrUkhkRlFpOTNVVVZCZDBsR05FUkJaRUpuVGxaSVUxVkZSBXBCVlVKblozSkNaMFZHUWxGalJFRm5XVWxMZDFsQ1FsRlZTRUYzVVhkRVVWbEtTMjlhU1doMlkwNUJVVVZNUWxGQlJHZG5TVUpCUm5aeGVEVlZXSEU0ZFVWWVdIRTRUVTlvVUZkWVZFWjZlWE0zYkdOVmJGZEZSSFJXVFVsWUx6QXJUV0ZxYUZoR1UwUjVMek5MU3pKelVXNHJaVlZJVDA1MlZ6a3lNR2wwUVRoWFdYWnZPVXRwWms1MldsWmtTSHBoVFVScE1HeFdjM3BGUTJrMlRFRjZNWFZEYzBsMlEyeHpVbFIzZGxoRmVrOUhSSGhpYUVsYU5sUlZVak5XSzBzMU1uTktLeTlSYmxad2FrbGtVVk4xTkhCb1Vta3JZMEpKVVdOMFNIbzJPR0l2WWpFMFp6VllNREo1TXpGb2RVcFdiaTl6WkN0NWMwdEVaVEUwVEcxRWEzWjNSRkJvTnpod1VVWkNaVWxCUlhaRWEyMTBhM2xGUjBKQ1ltNVVkSGx0Y0dFMGFGaGxSMEppUm1VMFNHbDJMM3BtY0VKSmVFdHZUbUk0YWtONFUza3JTMkpUUWt4eGVFNUhkR0ZoWlRaUWRWcEVOa293VEN0QlJsaHBSBWR1Ynl0aGJ6Rm5SVnBPT0NzNE9Ea3dRbFZsVWtORlJIbGhNa1JKV0dwamRuUnVPRm93VG5KQ0wyeEVPVzU0WlM5R04yMHhVVmR2YUVWdmJEazFNM295TjJRclFWY3hTbkZoTDBWWlRWZEdZVUpCVUZWQlRrd3pjblZPU1RsclVWVlZSRUZJUld4VWNreExaRUZsUkZOU1dFMTBaemN6YzBsV1ZXZGpUVE5vVDBzNU5HTkVPRk5uSzNGbE1XMTRUSFUxWW10WWNVaEJaVUV5YW1kVGJ6SmtjRGxMYkVsM2RFNVBOMlJLUlhWR1lYZHFiRFV4WkVwVmMwVTNWR1owYlVkVVJHOVFTMHRQSzNsWWFtVk1UREJpYjBkTGVTc3hSRkUxY0VjNFlqa3ZTalUwSzB0VVJVdEJTR0pJT1c1c1YwbFpVV0kzWkd0UU0xUTRObkZ5ZURkdlZuSkhkM0ozU1RWcVEwMXRXbEZCTkhGNE1IbEdWMkpGUW1ONE5tVXZUa2xDWlUxc09FZ3pjRTAzTkZwcWJYaHZPVzlKU25WV2FYRnNLMUZKT0hWUFdIVlVUREp2UWtvMGNGZDJVSFZ5TDNWb2QyeEpZVkp5ZWpSa1ZGa3dha3ROYkUxRVYxb3dabVZTTVZOb1dXaGpaMVpaYkZWQ1ptYzRlbVZ3Y0U0eWRrMHpTbTBpWFN3aVlXeG5Jam9pVWxNeU5UWWlMQ0owZVhBaU9pSktWMVFpZlEuLnM5OEJJczlUdU5KT1FkdEcteFhmc3NTY3RPMGJhNFlpVHF3NUZ4NXkyUlM3NkFRdEY1QktkMl8xckVvVU91N25lWldJUm1LY0RSOGtEdEJDQU9GVGhKNkNaaHZuc0NRY1JtZmtvVFRZaXJmRUNyS2NnZVlBRlc3VEJLX0pVZ3YzWVdDTlBURXhaa0x6VllmdjJKd3ZMaGprMmV1d0o5VUtyQWt5VDlZSzVlYTgyNEZPRDlIZEY5V2dTWTNtS3ZSeWlrdTN6ZEZ5c19KLWJLSEVkU3BoZTgydzZJcjNYSWloby1DUVdST2tLOTVWNG1TWjJaLVo3ODVhUHJ0RnRUeEtTQm1WSTZFaHhRNkFSZGdKM09fUFREVmozcEptamFLUWdEUDFvOEhCTkRqWFN6UUxqd2NLcTg0QTdXR1BZbTJPUVhWM1Rka1JNUzNzaTdvMjM2NDYxYzR5eENwZGVPdjhqTzRIZHFFRzh0QnNLRk82Nk8tcldPZ2dFdjd2M3Z4RHBrNlA3eVEzV21wT29uSGNPZGIxZnR1WHhSTm50ZHFkcVVxTWFPWWlYV08wVXNFZERXejhuNVJoNWVRb21kdTlOLTA2QnYzdEhuQlRMMDFWaW9HSGlmbDFpT1dndDY3NU1XazItbHVqNUZQc2Y5alZJOTVZMW5WN2JKWXJDdDJud0U1Ri1HN3hSaUJlZTdKaW1wai1vcE1KZ2ZHZm8wdmhYVGZLR3NyQ2k5a1M4T3FPbDJocU10VWx5dnVNV3JwbnJlajFsdTRSY25NaXYycFRIVWtZbm81N2hYdm5vSGJSMWtNNV9MeVp0eDFoZy1wUXN3bXFqVmk0OGtKUmE2ZE80bGprOWNEUDd0SVV2cGI4SlhJaDlDNC1Za0x3Zng2aUM3c1NuWkVUeUE4</SB>
         <Others>
            <Key>EXCEPTION</Key>
            <Value>false</Value>
         </Others>
         <Others>
            <Key>RETRIES</Key>
            <Value>1</Value>
         </Others>
         <Others>
            <Key>SDK_Score</Key>
            <Value>0.0</Value>
         </Others>
         <Others>
            <Key>FORCE_CAPTURED</Key>
            <Value>false</Value>
         </Others>
         <Others>
            <Key>PAYLOAD</Key>
            <Value>{"digitalId":"eyJ4NWMiOlsiTUlJRjZqQ0NBOUtnQXdJQkFnSUJCVEFOQmdrcWhraUc5dzBCQVFzRkFEQlRNUXN3Q1FZRFZRUUdFd0pKVGpFTU1Bb0dBMVVFQ0F3RFMyRnlNUXd3Q2dZRFZRUUhEQU5DYkhJeEREQUtCZ05WQkFvTUEwUlFNakVNTUFvR0ExVUVDd3dEUkZBeU1Rd3dDZ1lEVlFRRERBTkVVREl3SGhjTk1qRXhNREV6TVRBME9ETTRXaGNOTWpJd05ERXhNVEEwT0RNNFdqQldNUXN3Q1FZRFZRUUdFd0pKVGpFTU1Bb0dBMVVFQ0F3RFMyRnlNUXd3Q2dZRFZRUUhEQU5DYkhJeERUQUxCZ05WQkFvTUJFWkJRMFV4RFRBTEJnTlZCQXNNQkVaQlEwVXhEVEFMQmdOVkJBTU1CRVpCUTBVd2dnSWlNQTBHQ1NxR1NJYjNEUUVCQVFVQUE0SUNEd0F3Z2dJS0FvSUNBUURobnY2VUV0eWxKTXhrWjl0ODFEQi9SNG8ycVVNUGVsVlVKeFlicWJZV2NGMXJPR083YmxjNzRmaVlvd0d3bEttdUI5YlZMZFFtWW9VdWs1N1J5UElGdVRpWnR2NUpwVkxOUUk2OHBuUCtHQmNTVXFRRmtYUi9JZzF1RkxtOHZHclp6cE1IM3JYcE5FYjhzSGNHTWFJMzl5Yk1EY3JCTENDbVF5SklEbW5YcFJUNHVsVmMybFFwOTlOVHQ1T1hpeENlNkxOcTc1VmQvSkV0TDhkS0F1eU5LaE1LdjBDSDJSWEx5OXM1RmM3N1ZWZmJIb3dOS0Y5dGd2cUQ4bUhDb2pxSGxiTnlTS1RsNklpSUt1b3dNMVN3MjRJOFFKMGc0SjdIVXlZcGtwQ2htamJCV0o2cTRyRmY5VGdmS1NnL04ydkw4MElYanVmQTJoM1JMZEg2SzdLQlY1R3B3Sm9JSG5ubUNlZ1cySlhuUFBqNlhMSys4a29Qc2E3SDdUeW5KM1M4STU1VjdsUGlVOUxjc1h0dFR6WkpKNmxIK2tzYmZrd0tPazhBYkRBZGsvV2IzdHFvYlh5eEVUTkcwVUo3QmtXMlBLR0JTaDBpQUlDSXNwenZwcDVBNjZGMWZaall6dnRHRW1tN1FBaWZIdUVpZUhCMnpkVUg0b1UwZXRhRC81MEF6d2xWNUlWSGxROUlzd1FSMi9mcUtmUEo2QUJhV0ZtbHJUajRJdlZFUExEbTdubFV2bGNndVJzdGlzcDYwZ2VHME9Sc2ZQZnlIRG53N2dNT1FJRW5YV0w3RnYvMVVWa2lKc2cycnZ1NHJwQy9iR3U1dFVpLzdmOFdld2RwYWxiNnR0TTZpRVB1WVZxNE1haXNuUThnSStmT2xxYVovaUZmQlk3OHZwRisyd0lEQVFBQm80SEZNSUhDTUFrR0ExVWRFd1FDTUFBd0VRWUpZSVpJQVliNFFnRUJCQVFEQWdXZ01ETUdDV0NHU0FHRytFSUJEUVFtRmlSUGNHVnVVMU5NSUVkbGJtVnlZWFJsWkNCRGJHbGxiblFnUTJWeWRHbG1hV05oZEdVd0hRWURWUjBPQkJZRUZCaEk2WVVXK2dSUHM3dkZqc0xuU3RWdlBXaWJNQjhHQTFVZEl3UVlNQmFBRkpmYTZXQWtieXFJYjVvOGpNWHpIT1hoQy85U01BNEdBMVVkRHdFQi93UUVBd0lGNERBZEJnTlZIU1VFRmpBVUJnZ3JCZ0VGQlFjREFnWUlLd1lCQlFVSEF3UXdEUVlKS29aSWh2Y05BUUVMQlFBRGdnSUJBRnZxeDVVWHE4dUVYWHE4TU9oUFdYVEZ6eXM3bGNVbFdFRHRWTUlYLzArTWFqaFhGU0R5LzNLSzJzUW4rZVVIT052VzkyMGl0QThXWXZvOUtpZk52WlZkSHphTURpMGxWc3pFQ2k2TEF6MXVDc0l2Q2xzUlR3dlhFek9HRHhiaElaNlRVUjNWK0s1MnNKKy9RblZwaklkUVN1NHBoUmkrY0JJUWN0SHo2OGIvYjE0ZzVYMDJ5MzFodUpWbi9zZCt5c0tEZTE0TG1Ea3Z3RFBoNzhwUUZCZUlBRXZEa210a3lFR0JCYm5UdHltcGE0aFhlR0JiRmU0SGl2L3pmcEJJeEtvTmI4akN4U3krS2JTQkxxeE5HdGFhZTZQdVpENkowTCtBRlhpRmdubythbzFnRVpOOCs4ODkwQlVlUkNFRHlhMkRJWGpjdnRuOFowTnJCL2xEOW54ZS9GN20xUVdvaEVvbDk1M3oyN2QrQVcxSnFhL0VZTVdGYUJBUFVBTkwzcnVOSTlrUVVVREFIRWxUckxLZEFlRFNSWE10Zzczc0lWVWdjTTNoT0s5NGNEOFNnK3FlMW14THU1YmtYcUhBZUEyamdTbzJkcDlLbEl3dE5PN2RKRXVGYXdqbDUxZEpVc0U3VGZ0bUdURG9QS0tPK3lYamVMTDBib0dLeSsxRFE1cEc4YjkvSjU0K0tURUtBSGJIOW5sV0lZUWI3ZGtQM1Q4NnFyeDdvVnJHd3J3STVqQ01tWlFBNHF4MHlGV2JFQmN4NmUvTklCZU1sOEgzcE03NFpqbXhvOW9JSnVWaXFsK1FJOHVPWHVUTDJvQko0cFd2UHVyL3Vod2xJYVJyejRkVFkwaktNbE1EV1owZmVSMVNoWWhjZ1ZZbFVCZmc4emVwcE4ydk0zSm0iXSwiYWxnIjoiUlMyNTYiLCJ0eXAiOiJKV1QifQ.eyJzZXJpYWxObyI6IjM0NTY3ODkwMTIiLCJtYWtlIjoiTU9TSVAiLCJtb2RlbCI6IklSSVMwMSIsInR5cGUiOiJJcmlzIiwiZGV2aWNlU3ViVHlwZSI6IkRvdWJsZSIsImRldmljZVByb3ZpZGVySWQiOiJNT1NJUC5QUk9YWS5TQkkiLCJkZXZpY2VQcm92aWRlciI6Ik1PU0lQIiwiZGF0ZVRpbWUiOiIyMDIxLTExLTE5VDA4OjM0OjQyWiJ9.DFiimPmgcWI8AuPVZrB7Z09aaU-XD0OcpQosPDrG08piHTYPfLbgFk3UqlS0uy3MjtxA41LtoTizEcftHv58s6mEpupZICKyUH7wfDORPyc3PCf6vSgC03aKxtU-geE5pEcjwiE0Q4T1reav4Ie5fkFJLfssxtRK5JH3Ib3dMUrx11MBRmasKGL5zQ72y6taLCchzMc5xiA2wrF-itXxTz10Dy7KoqVPLRto3eYi5DWxCw2m2d285Fh9v34faWhd5SM0fqG4IE1-abVUYhZck9CSv2EgsMEJdLg_i8B8BWp-6nmdgqCX8CIjP_-_6kdJOeNIIKG3-0a67M6oahUExBaFbJewewblBJqKGqtVqLbxkMqZXc1hKkjbaWlfJgxcvKLbKUCnf2DlrEk-uIMddus8fa2W8S06uyDsKikD_dh0HoOuyrbJkDCDmIernmN_eLMW_IyiScAJA8fIY9Ec0hIbNPQhz7vnufjUQwqLi0Q5Ac8MKCF50buppCJOTRmTf-3Qg8tZLqDBKZn3QIdsHrnCOz4-_WBYdDPQWKyXpPRDouAVbiyM7mmpxnQYSOgol9sH-N124i6DlfwjqSyGU4TdeEt_IDODlysf68NgrFSfWyxey9OjGQJgJ6JVoXy9jjtxhu-pc4Ef0ZxQHmHD-jjyEViOcywT1P-LIcI-JWo","deviceCode":"b692b595-3523-Iris-99fc-bd76e35f190f","deviceServiceVersion":"0.9.5","bioType":"Iris","bioSubtype":"Left","Purpose":"Registration","env":"Staging","bioValue":"&lt;bioValue&gt;","transactionId":"82bd5448-2fef-4ca1-8962-dd12a7e67878","timestamp":"2021-11-19T08:34:42Z","requestedScore":"60","QualityScore":"90"}</Value>
         </Others>
         <Others>
            <Key>SPEC_Version</Key>
            <Value>0.9.5</Value>
         </Others>
      </BIR>
      <BIR>
         <Version>
            <Major>1</Major>
            <Minor>1</Minor>
         </Version>
         <CBEFFVersion>
            <Major>1</Major>
            <Minor>1</Minor>
         </CBEFFVersion>
         <BIRInfo>
            <Integrity>false</Integrity>
         </BIRInfo>
         <BDBInfo>
            <Index>93beb687-cfc7-4129-bb6b-7cbc9e4f2894</Index>
            <Format>
               <Organization>Mosip</Organization>
               <Type>7</Type>
            </Format>
            <CreationDate>2021-11-19T08:35:16.4899392</CreationDate>
            <Type>Finger</Type>
            <Subtype>Right IndexFinger</Subtype>
            <Level>Raw</Level>
            <Purpose>Enroll</Purpose>
            <Quality>
               <Algorithm>
                  <Organization>HMAC</Organization>
                  <Type>SHA-256</Type>
               </Algorithm>
               <Score>90</Score>
            </Quality>
         </BDBInfo>
         <BDB>RklSADAyMAAAADTMAAEBAQAANLwH5AoJECsaAiUAAAAAAAFNAEAADwIAQAIAQAICAAEB9AH0AfQB9AgFHQEmAc4AADRLAAAADGpQICANCocKAAAAFGZ0eXBqcDIgAAAAAGpwMiAAAABHanAyaAAAABZpaGRyAAABzgAAASYAAQcHAAAAAAAPY29scgEAAAAAABEAAAAacmVzIAAAABJyZXNjmcoAAZnKAAEAAAAAAABqcDJj/0//UQApAAAAAAEmAAABzgAAAAAAAAAAAAABJgAAAc4AAAAAAAAAAAABBwEB/2QAIwABQ3JlYXRvcjogSmFzUGVyIFZlcnNpb24gMS45MDAuMf9kABAAAUVuY0lEOkdSQlQwMf9SAAwAAgAJAAUEBAAA/1wAI0JvEG7obuhuuGb8Zvxm4F9MX0xfYkgDSANIRU/ST9JPYP+QAAoAAAAAM0MAAf+Tz43IE/9/Q1EShFaVfel75G8R3/yXPMu8Z445pPOY4s89piTAVhlY3CagjvWuWX9UCMO6rF8aLYlYwYSU5IDsVz7DLfum8oGA1YDJ01D/BCVSkauX/IDxcN5aNPtgqyX4ITCHcNVPTFWMvDTNSXIqgIDxQA0voyRDX2Pc0JwbuyIj/0osjvdtgMGeABmRdAMR+24dif6WMhozJ4DkwKsA5Qp6YvXoMW6ZIj1IEiL7iZmFCfbVTIGeg5MsD7T5t+WogjdByzheTpAPl1eXORxxd8LGaIXt7jztpUXhO7EZQCfVX5lKDCf8pjAvgpHvVvIJg/EloOIZc7Qa/JVJhEqF0RW0d2eme8dByYDqzRZbtD4PyCWNK2zi8qAYrywspda6c5mcANWzkWv5e6Old1cqSNgyRWzE6b+RF8XF8HgV+rkZ7NUGERnjvnQF4GlIC7fTTDGeJ6OlcxQiJ1SRgIChnspSvkyqjBLqP9NINp9mC7Oh1wCc3vjL7E0x2iWMSaOwdyoBNlYtPrLZj43Q9JFpuinkB8KJ7goWSF143UTBadq2yC8W/j0+/FClw9Zah5SR0d5HgeBd3OVsgVwP00HadeBbZT3KLyIYUnkn/OHQBCiIDEc3dGmjduS9G7nH3d24d2OC8XZRjQDUThxcXRATcXkHwFT3wsai1TPf4hGr/fnsIe2ErXVkY/W/Yd9MhtCbgDpvJoKYud+/abAV2rKde1JPRJ6aBu6Z6BaodCxXMR9tG3Swwobt1xg2wTZkzkqZG7gXcoHMzIXah/Ljnp52opeo/D91LAXR1qB+nDq03XCcBUi3cnBHHIwuQMuqWaSVroLM2+HBaSnegvjuPTQrhL/qrHhcjplfhIPDh4sQOeFdROUYHpRYFFg0xkHD3TfPEHN3qmZtYs59/H8KQ0RyxUPcLODaZ3EYCUUmQNBfpiNXHPFfrqZmUiFBtLbyLcQ2KZ/0ZbeufSjUNGj2NRs/+tGTE5Awwqe8AawfjECgYI7u+56Zu2qghNiErBo5+An66iclZGdj3dBUPfADfi5UYOJBBEx8aa0P0l5BCaye2ITBkFS8wV2X1py5JTUbG3AIqDkrzDGcqHSL1Jmi2aVSkxxCiho9RcSvSMw1A4H9CIfP+IJpYL/8/2nPYTAzQXJ70pzz5JHWI1AnAj7pbzTWdl19iJHznk5EYTGv7hnw84UuMaF0y9caNM4889YFcO56hHye5E8VbRs2EFhiLlB6gYxTs7iokXzisXRwCjSKaWvcgP9QDoF3pV5Xr7geSBGCiVucbKL1QFLqy7CGYjk+z1TSrYmPTapvkB9ICwPWuFBnS6woxFe/3CIdMhy2pjtZU0rZ+4gH1u2lnvxYZu0i8QvegXYtL2sXIBCXllqH+2mMJrR0NYGqYyeTNcbW49RtEOGIGepxxd/lOAcZ/aspdjetbtgf0hkKJM9beACRCA7yY3De7jlWpZCOHHTQOVQ6FXLBnz33jJa2fDGehJ8hO2lYKUxYX/7c2mDyuf0PNK01NYR0lB7jNX+DFImD+qG0K9LrGRjGpw7B0ldp1XD3lCs8QpZ/55hasE8cQKNvDZZ0RkSD8nIWNdK70jwdF2SNz/7+Ok09Kmn7ipiHzwMlBkVHOVTpgOmWydMHROCEdHkATLevIwTTCl6zgOq9qMR78xE+DoTYybAo5urMW6tgXIC7fJfAlsNIIQ+48nUVfJOYXwFCDIgSB/LXfXjPGxDfBFKjgEAaIV86NFR2lD+YVCQrMKJa7vJSKilQa+2JBHisQ0flpyefnCGgUMZhd3eStW8WPmUbK0o4pYUSUqlTaIIidKpZAScb/wKLpUdl9H6p4C6PX/ed344ZrvIHP7TRke+D5KCHprrITN2BmQFSBOvcqweVarCJkwdmpZJmSjOcuthHiPDOaiGNXD9bsj0Yls0GyT9+mtPkTmJvOyVm96Qmj2XLH4XVt/mKAAvhjt9/8xbeAg4Gn7cVoWPpmtam1jC+3DgMi6CMWWB+ThmCc6CkwSLoQnQg3DE1viqpmqkXCE48OiUnpdZUUiLVio8ZZ2pvL/KhkqWPCN47xqgPCk5nE6L7GI85qVKUBvd+DnrqTQZZDbEoXUqeRGhMihxrVhuH/yWnStoYm8SEOoA+WbW6yMUtY5RUSpPQejzyuHuM2KvY1efuReSiAfVxe9lhJGB8sH6TU3maSMC/4jgrH3YWIEoRZdSdy/xqS1kE31mAplfdcW7XjO2oRdK1qzfCh97brVnPPrJUSoCMgBb1kGBzP71WeyVPn3LxSvnlH6SYxjnSpeLrEI9SMBYIXM4IXLyWeEnLlhlazMwk3ZEF7eWh4Ivfht9SqutPRB4wcodaELS5egHgY04F9CEUIu2DB1Bk+TYufCQkDVpd4LmsI85dn7aY/xLmY9hGkgmGeb5ajECS1u7KXG7jKxYATk9LQnKiI4wDP818/xsCiMOTRjF3NVvn+zqJtWyfmtCbv9qS3/E7NJXxJKO4jkYfej7qdVE3HVDKm4m2ZgAvdOWo1T7bo6nj22fNGocojal1yyQOB3yIEbNiShylKySsOE/gbCCGnQlFG+HY1R5KOSiLqAccV5bRSr3AyCaXzVI3KnRdUfTi4OY6ki+O3DYBC49ny5fkE1J81ngY7z3cvn4eK/rSXpkFWcF/oiNXVt/DIGMqcV5uAMeooYBYuO6p4EZ6wUaeEfOSO/Tg5eWKttIgA30pPK+WO7ElRBrDk6arN+fidQtRs77TiqonVpH61pP9s8at8+x4+AGWjSDYnds75wf8X/2iPHTX7xyBwd77aOHGuaha4t53YJOqFMW7mEJyJdRQm5vkxjoPR5acFzMqAvLrjllveSXD8vEgqG2kGt2VYeDjIugoIqIMmw0o3zYQMv8iSU0mUkt1JUnXPRWRVbGC1etBkfoj9rIwkckZZLD/BJ+fnKZHXwpW1g3KUvJRkOexSXcum4+Kx/agOYZ/ikFMUIDngsSZgoMPoZEkEnU5KGUvwYxocxdIosx/1JdlqEmjZuAIwfpYe1tGMPs5CWDU2cQkrA7XJFOn0UGoziFhuZT8wWa4ec5lKQpHCPyVACD6c7GonDDc6zRsZzZIFyWXZ6j5MLOH3xZteOJIk8wOwUppC0977wF1rapWerB9JqsQmrkTNtJ6nxa15RjEMmoxq5uKEp+ziXqyY4R670Lzpky5mmdW2RFeJCZR9EoutV0/GWBBb0Ki/dTrDgCYhn3aNubiZ9mA8wep96FD8Xx4iha1ewghCA9HPGrckxsl3maMJog9mMGFH+nGUR3iqFzBJYnmfPmSfALpO0x6LkkPtNfXxLAHePXMdLDIslnN6OB9g3L1QWMj4QVEs64COt7i0r0M7YxUZOe0ywLz0jEkqcIBuZm+uwa0Q1iCB5B0DT76epturoLJ/LJjYdML45MLFkjMDCYdwNGRAp8u0n8slsm+LwrSryWforNalyfLo5i7EJfcYEkQBSkwZMbIkBXUpYt0yXsHXNuoNjTQ+/INsMDhbijoOxNVWpLh2CVEAExKrQ4eCcZIFwoBUKs4l8Sph1G5t9oaM0Y0dnpvT1uFh90SL1aTLZ3AqfD149pHgAoBo5ew2UXHZDgnnBRyLiBF/SaYCchyji9KlPjWsRe88ChpZ0sPa+eF+sl4+RaXG/hfMfYXbRjxlqKabJXPdhDQjsP/dAgNgDkCnS7tttFTfteNwWWaRkDb827nhdYV/zX2iQsDOCHL3Zx5YxfhDiHrM00OJm/NtkAq+5FatZ7ANeFOj1S79XPHxT+hYsVMawoXHKKcOrRzDGuJktZvyZ1bkhIogavsL+bGbuFtx6U7ZmLDw+wKLaEfoMvyWKkJJX/fTNpQxPXedO1aV9XXb3ZjM4fnI8fiaEo8EFO7ZkFOmcKKKaIdDx68GrCzLhbt2qhSeIHxFPEBbXKAJto2jehRs7J9WiQ3JvNAv3YgUZ0Xqp6rD6XJCN5pp67BwucQMZ9vbO1PgfTUZ7PqUn/LnJyGnjLRN9bnby3c1aF6/1ctHdrgGLsKi1nB/InqimF0RmOV4Etzxxe14lRGW3XxM+zJjz/2bxah16hW+AAgq7Lkw/Ux0FgJJhYoKwX+9lDHRfb/I8RmIdQRZncRTSB7134FebNus3EUDl1ethZzGmy7pqL3O2qXtgTwBu0ZyN18KxxlbR8EqG3piM5b3x349os+uycOIT61nyeimhPaw19HMY0XvwkgGWP3zbps+tLL3Gz5zmYwGvf3Ifq5BcahZE2o2QfBOkQQ7q6XPC4E5cxREqVzlaw7asyMnM2B4Il8xZu4NZaO31Gw0XQqnZnH8N8xytoQURWY1HEkogdurWRjFm/NpDPQUtosOrxhzaZj2mcTTtlR9EajUpdfrq7dmyV0y7RTQd79w7+tiGhAYvdIwWjJBpZmGyemUH1bVLoOv5JMZbnh6Ed8Vz+AgICzd+CMk297KhoT7ALeUGiuWWtuf57AtnLotUae0OFBMbwFvVHYNDPEiCwc4iEO6PvTaBQ3Aj96GemSFRExWwfE7ejnnRxl55289CBAwyxsRsU+SlADhBiwYvdeEEXIj1Ib1ORR0Qyg6dLKFQ6ApFLGl0pNXLOEIpXZ1TA/7+k8+anqIhyybL5oBKKCjXQj/01Am83IaQ6JwLvOa86BtBFcv7p7yKvtKJuvGeQoIl85n+qaP/4k3rTPeK3ZH2M3CPcAwQtkhytWmTgWKVi+oxYzo5BG+9SyOVa5QL0LwkU4v4imDB/K8Jhbt+fHVZ3O4M6NScSgEY5tiglehPt/xM/8pndfTbSWkznyHqYaGDcEs6nv1XWBb49FknEIIiz/Cz/jFAym1lGDF4XmEuHCI0BJ6Q6ButKD3vdRJ1w6op65F4LkoewPLpTx/MpstZMtLtOHseMuid2X1wuSe0BS2p3V1opbZN9Tjt74XSdAu6WkqUi848jJsEWpUQBYPWG1a7HbHbm0nFFP2CaOFWiAKtM+Rj36T9ghCZRUe49aJQhE4ngiHoP9YASYPJEYfdblr8BP/xDqUMdXdinSi5w+GVn4eduIePrac4GUF+367L3ShFSUZmglw5Y8puwdo0cccJRunK9BDUigkhwfJOVTbgyIZ0MvBPtkGhOsGevgVmjoT2HwqBYoEwjiQSXyKUe8rMGEYJiZ6QCBXHesswvVJqFyB37jG/L41yVgGNyi3hxW/3dGZllILZDxZ2bdjl1wcQpkriJ19q7/KgyBZqjOx78UwyUy+Km3blimz3OdwVv7V0MFYN7dJfilO59tQ25DXsKRQxq8qTvPnJs6TCo5iSnChfDsFTPpUPoyj4JJ4fROJRgzGx/S3EnWd1Nw4TQSqYRwga/UpZOv8i4dwTaZryomGJdJ+rrh0VlkkLRDIhytrd54rQkuu5VX20nH3QCrRaIm3xqZZXr1qHnheVN3eY9tRH9VOQiGOGu4jrCrU9jSBrZ52Z316zqA4F/F5VzHiHuWxLujK/P/MwJVAt4UuPn0aH5TTKcB3MHu9ZMcI++j7WcehFrz7VxCY7oG7HcaZInNX4B0U+ve6CozYM25eH7tKLq5tv5pNn3bYwabGJhyw06oeiifK7kY/0fJMgYC/xKQg/Pq7jX+spnd5vZdezciTwyy5+SLQhr3emtyGXTXfbPtzQupzi+1Pb4mfWjUR+o8ee1gP85/zJ1YsKCJMZZudTdZTQL77P0BDki47PyUJ01kXjr77GwKmzEJpPAvS3YOdgsJwehhin1TW5KoqUmomK11H2Kqpc8rwqa9fWnqIYlEYl/WYYg+3QON9bxlhyjImNaVHVoajKF/ra9ZgC8hJkn88A+rziaWZaKsRIleIGYWM+Ld/fxfIGuXHFaB9OC2wMYKHvw/AEzCazX3PeMOjxDBAkUR61KEB/oas2F4yvmxMvTImPF3zDV584sVnkC864URas41VFuJElRrCyB9UIyiMw5LFBDOjuDCX0gt67/2X/9h97ypFIliG/OFg4Orpvly+wQ01jQO5HthlkkUuTirB9iZVdeGciA6jlL63KOBMHRdkVOtVvrUn23tqEmHXZKWslQTz/D3MgZDAxItRpch1axBZUeAsO6ByYJOabHUs52ER7UpjyatUfenrhye9vvvdI1WPD3ZSTT5YCnCBvKGglRf02G0cxt2UUExkNclDUAezmtSHFuu4RTtAm/3fXM4A07QVL+tJBWwdleFjJ2NUVnWKZNAaSDyehhTl3pH7KeyS/gkrePfUophuWzSqFwcN63fBN0BEqVXGFD2VJDMr+irCkmS7w9sxhAV9onlu84Ovi8RqhN1bcn/KPtxopCb31tk3PwSRURocRDYMPUnntCERMOC4v9E3c9Emjjl4Kns+hkSJGmFg/l3/0ez9VyqedVNAZTsYLwW3T7RvL7YRI4zIaZmJKtAhJUOW4CRuUupVQHboppB1loY1z1wqmIW24Tjs0s2IdGq2tJaBujG0KFY0UmkFIJ/TDTziWx3SCnEUKogUvbVJhbh9P+FnEIgYlvKhAFCtrnTN6PmkOj4NKpHXj6mdSBJHyDEaj8ckV2hrh1GDkPEqA+1VTnDe+Fyd3nrs4cGQskHedgi9LfgMGLTaikUZbP+myj0shDBzwvHJInGEpdr97uZGK5Dc5Vav7C6Ma0DmHbMImku6lksCmpmR4WSlvBVUXw9GAiU+KeydqkCvV182rm/2f9J+v1ir6uD4It2HwjbjpAYAezRN22Dl9yooAeXb66+OSUUm6Nj3+bTQD2TNfHHy7/34xWrQTfZeowiOhjHQxhlOlWCcnFa3Z6/sxUMJKQ+LgfrRkFAaW9c82vrP0hMfbglEEqqup6FDXwvh0ct8Bey2liCSukDmJyWRUg2cnbuex7b3rhlFdGyrommdl5JG3vo0b+fjV3fqGB8UYAihI4PWliQ6Vb5lSvvM0P6eEQGQsCDOKj1t0RcRoPX4OXxEKuM/Gyje7iDCdbovdlxfRI+ipGupwcpVEVaV45o+lI2ueq4bZsji8cTCFx448hTrZQ5sasSSMKVMTBBhhn2gnGoCLrb/zzeq8so0FJ87rSM6CbgNzUqfz/n80iQs/VpaQXxh/1Sjgh1P2QdVdeHWlpZ6PIxxDX92rLtxVnSc930Au4k5gIiyMBdzvTrNIlJ+sqiGfTSqH2+ZWiReqRoq2HiYxJIkSr3ztVIMMPKPs27E9UJmqaJmKbqXocDOsye+Mi5slzbAM+tYHEXZBHZzsYGa5SWFIQLdV341/4/kUru4q4Xmt12nxj8U4QeKc330IC3SWYXO+41o0OU/zxYemGpH0wpBBA1sRjCXX7TYhjqcAI8vJAJ+wVo+C/k3sZZHmOBpUjs8UwwUrZQmqKsyJ1Z/1OsxmnOCXnAyYQ93TIS566v4GEWno3rzf9CKRq6Dtj7Dsorbvo5uTmVJ+OM5VWOBSkPCh7UXZjpiaZYHY9Z/1QQtRHm7oMPLWi3dS22X+xADMCciUUIXUqU2QQJpEcAm8fx8ccgJA6CaADUbf9/QBd1ttWuVsktuy/LEH1ZSvRRJqTJWqLx6oGtVLZ3mjjcZ/5NZDL8V8d8jezUpEz5LacJeXrgC+oDa1XdR3xIPLTqzI3Jd8ESsIEkDffkxyO8HawhZYSBdx6phAjdD3qFFjtaCkVfjCBavK0yUioxhPEPAJn/cbl2ErRk3Px9V9Tp1xeh107luskNUZoTlXFqYO7s2ZIb/rkN3LYy0YOyGQwsQXp3p4O68qZg4uTJbGXl8pP2z/027ezHYXANkbmw3HYGwVUM/QZFr+eMc31zhKjvmSpG+4bXL96NltQ/LC8kpblzgzx/p3jJngB6YuCPAJn8KlCJ2Ne1I8YaTfPa9qv2AVHHqrrMvIEuDnfsSyNuQFbHHd6BM3ACRsLg/he2L5/HgMSBWFo8ekWvXz+HBFBxBklc4NwHN7Gg0pkqK97v3HRoZTe48HfY1j/qRUdaAbScFCqA/bgEBGpbptJrRruDveR/s7aPdrpvNJM6rCTAcIbhCAmbUQGu+VaHOFA63M7xYV8cQBYcRVZCdUVs+LMHEfZC49xDosdth2q3/akqMdKiaqHuRRFwyLE3OMUAT+vPFZySlkFGEHl8wTIKUXMynT9uaipuSV1HexmqdXacaOoFIfqyYjKP2AOJ3HYAw2ZyM36VjAFcmC2tBBVfccAo34+kvm4GapzujmXlH29tlPw+QogelwklR5ubu0j0s4fkosXmEbNwkRnCUeE3oFDM+AEkMNck6eJscXOGd2LGe+2cp+MmJWVIiqQIIhCNt3mn91ILjHh8ST2FYxx7zDbB0vFmmywNFVzujmXMyON+sUXcGNGG3qvFWrsEdp9z9O3pY+stvnzI5LUetqBp6CsOP9UqyoelwLtQyd4By4ouL0QzPVik0olQa6idwOF8x95tnsnEYac3mY/oDvMKX83TKrABLKWi+XSp2ne6vh0st6rUKFmFWWvqlLBkV8tvC9+xagfyAceEPUGg99/iH/H7fif+m8r2M6V43I5aqJFvr0KZ7a1tfD44cwM6cGS4ef8Ah4msjmb+rDrqLl/LgSfcEa2lRGFwIq5XOCWvdGkSB6iawbMpgJ0hQEv26WGOjpIe/h7jz79R0lclYGWteeDSHYFCC+tqibciYf7LoMzPfJvp7N0fWg++II8TnTeY3mw+HCgM0rS4ExCP49lzrpgs0wvhs1VZjQg7nGvPWhN7c38jIf2pMgESHJpikV74cIkwxEhee+sVc/osN8e2Ch128syMVWROjSF6auEHT1rKjgSBN9p9mFrvK/V8OjH8RoYkbKtdg1kt4FvtgSB08cERjgtqC5/Wy5tYEhUF5Q9FCb2nLELZhQ+k0FPwsPSydNo1dIrv0NRrBSlN0xlpQN/2sZkETBKIhrhNYbPiMtAMeHDPYKdUuajJDlpY1FecEr7rmd35G1vUsyKqlUqntUyAVDtP/tU5bW7XgN1K5b1dYO9b2fqBU8EshUvc3wYO8AN5REyp5ASV9uQQMm65kNsI7haOTGC6JiHBxti7N+gCCJC5cXvhKz0Dukuly4J/NXIj4TAZETCq+uUOroANOKTvI0zDIBiB4X3AD+hESH1OplbG+cSlwrfMJ7kHgHiea/oaCIY8OhmvQWM7/agbjveuc4nbFgXkoqaIaaEQQc97jlYYx9VaYPp5TaHUOUmzTiUTwpdVjMCobqH7QccrOjRQUXTbobqim8IzO81NvMLduyXzohOY/NiD3Z6gG5FtAMxLV5zr+XdaEvtSceYs44iPzGIs55CGgvTx4hJhIPkggH0W+d1CalyCfY3XeAgLIIEgPS3OeBFIgHsSQzFLU06MSB8ViVvvSYCp1I7UEh3N67vAbruHgOOPWIXwdL9mQp3QRddA2/lIGN6PyNK9vr2aOqDb7qMXA8Z6g++aUNLQZ/6OZ6Ov2blnn8ANQbWtoicRxFAssaEMI6I/eGwxkiADNckO4Ke7HjQ2Gyqxy9rWKVHNfWupIXSaHMcKdFLPk2tZUEb8FaWmxGRF4q7TX34Tzzy+8w+XHQ7ulXrKZB2qslQ+eXsxwKw50KS7nmPKkfRtDk8qMsiqVGq7yLBTjfOBCWayHy84Lbzf/RhdBBCzZuojg4oZt84Gm0a5TEjpvmlXA+7mRjCjzBcwjc8D2fb3Qg3NmXuhhmRB9GZx9vM5cmrl1P47u3EeGwE68tQuUQnNRMLH1x4vGulwEWU3odCpqTpnMjKFgCcuVKwq3qevUDKCRwkNrH21M9BqmND+BXp0qaqVRfncXM3TkHplXVpUBqzqbqyrA2eiwa9LKQQfsaHawgyil07/PFjfIFLLnT6D/WbAHUMayrYjJ38Io1CKEfTH2ByhdE+CCpVMSF5FzTGnGvh5CHOsquinHHHdXF8CvYySvEYJ3fUF3MB3qo2tO3txtGDoAgbgZl6zRBgjBLgbN6tEfcccrmgiChjIwsOFGkttADNVywBSqqi5sS+D0gkoDDuMXjUR5lV3F+Kfr0ZY5lItdWvsgkBFYcFh6dHUDlnfNruY4EVWMceXvv8aG/eY7VEwj907ZRNf0uJAB1Nfu47GwluQMPDaZaJhU/X+uoXToJ9Dws/qKa8sMYYwIPD/RvCWYTwr6403j2J29CxWtoyFEpOtNg8OJRyWZVQQMFVsWluYNa359LYA/kJSO7+trKHlBAv4N7TGrwHV0qZYJRXY/U9uOpPE1JVwpXzlJaXETaodhLgpMKeNZRErcG5WpwqL1NUJRqA7y5uMX1r22dLvOzgYMJcvqswFO+dbC4eI94kgmFmzXYlYX08ZL0m7G6bYygpHGtYKrExOQD4cgRX763rOoW1CZIXUPjALofhJwgQsITxIyG02YvSBA4i3C3sPsPBABtOEQFgZ4PNZ+rpkLejSx7u1IU2AZuSrblxOZE7vt+dvHqJCapdadz1cBLfFpCK49UpdunKiP3sui3dgxEfFJUw+YNvJIj2NQuLntpwn5VSsMFL401il7FV04UyFqIsHz8ycRX8NkGZfR3zlNXzCOS+NdNSeU8Xy8I+c8oDnHu9UvOJazeHqPC7VdXHJjR6hMkhJv/ZUlDCfam4e9boV7N/HfwuINr61YY0lPtUVumd++1OQyRImd4PjmA9O6QK5XdVw6i+rXbqAmdXxheobnYpqLghnEvj2divOU6eSNjmoO1B57KFV4v6i7CGo0vnSiRpzDv2LlkZWWyGtabf61WFUO17NvQNRdawL9y7e0QE/SM/An+KbJoYICpk/q+VzPO9g7Fj1QoXCoMGgV50wr+n3PNzPyDuyCD+37S/DCPPfOQFUvk40IoUaG+EbIT5SkuoOk14nkBi1YN20EiclhlgEsp3CQhwDeDO19emWAE3Fv3YIjebf/nlQ76SM4OAhRHuUUJEuY5QCf3WDUaJGYoJfN181/iIhbcDyG3kMWBgXvMtHdA20l9s8j4lVZnPkyizOMA7az9rcCsNQh5WXv61S1K0aY7bNFTbNBV7xnHeZ1ehT2Jx89CFYHQW/uRKo29G1lJ1iQtO+0UgqKrH4Zz4Lf6YaEJTfb5OYIOeZ7AaxvuTiupTrnRO01trDJW0IoQbB+mvkBnFPoHLmxrJVVtCOLg2YUqU+HUMvXcVU3RrHmJnUdxIL/rGwX2Mr9EcXRBNAyXuWTOs53ENnvhPgmE22ZRrM8/yTHFJ/Etu+OgKaLAEPtnNLz+x9nX5qcU0DX4AUUFGqIkprfMR+qzl38+Wwh8lok2AGk/PNYzjd4ZdxN8KiL1WxFSSFYQ8wLJYCUzKhWOjMyiI2NlnPF0FDZ3yJ/brrulP8JSTYqISZJtweL1qm0Qr1klFx7669CzH0in6d8QA5Hnwm3AIJPwVXmDi2IPHvKFRgFuWrVt4YgZ9CWZso/2g19NeuQi3SoG6CmjcHhixw3YLAV2mzFmXO9lwXY8Y+7dXiHgq+/ljsnCeqeBpMUHVidbw16aFy5SoHSEmdDBZpx/QERZMRLt4f8h7SnGK+G5JMEL8OEWYK5ushI0cM2U/+aCVBL7gZ/ribWuIomOx+dvzp+N3sOn3NrocBSpo2unSSBTR9DsjGFDgvWEsLmsC6CK8cKacb4fLgByPn76x3sYBg05CP1YNwRG0Ikys1kAUM3s/rLbGONEIULlwKo6cVvdKCXSETzr4W6C0tb8xwdtsSanS0NkNqiqn05mMB2+XrEKKR7ICOPIOW8iJnvc1nDSyFnuvUG0WIv8fUtmnt1jVb9+DmXXD4tZBvsGFxogL2qdbwJFpr/WXO3w7BNmmyeEJCUi5DpRmz8dIv75FcPXNa+3ZM8SiH+DggCKDHir9nffUFOqp8aJFA2uBiOnyV8ib7aMfWr60WRn0EKYjle4dxjaJ57WfhylJOPD7ClzzpJP7tCBT7gM/ZnVKtaxlvak0mGZO70MRyJ1Gkl1AnOCuRYLgg6PBGRfvuUP7PbE23rDojljJXWfWNsWJ5/pbEGuc2UYzLM1a/pHQGTTBzoBh1DU8UM2GM4tEa+qF+n0uOWyljvrkFn9ZOx/W4rnUmkEGVIpIDz0QWsYp/E9v5odvZPl5Inoo84AveuIBXpeZdQ13mANfOZDCJ2BQHVoBVvsXYgcgiBEDxn2uF6PEobSRKlCz6KgHUMp2/0tcl1Pcnzk5ookHIGOwEGch7bt0i7EhpZR0dJvWpL1pI0ESLcEY70D9u5sXhsD/eBqubMKHRFfjNzsiacI7qcnQxZ/J7ChDTsXbO7hOlm2RkRfPuU/vw5+HLY7WqixC8bbBGlIleajqYJe06neHJFDNS76Gn6bOVvRsGw3satPqItNZmd4WMzkvtkVStqlZ3JBWHhSBtl/RdfN/YLnWAgICAgICA4R6uAOlb34kPGms9Wjs2DN+qOHXG+znReAwMlc9H+9P171nvO4+etv5zqfbFxudRu/Q5XOt/g6Vu0nd93fw/RIu+il30DIQ7ElFVBoYMl5UG1uP0u4WYCQbtThQzlY2fAPcukv8PL1B3vzd5Qv42vw23ULLZmJ6rZOaLHfuW9GirZqims9w5k+uq2ati34G4cpLxaJiMvSpX1J7Na3QOQosZJeaZZSjw6xXI/ryr1/5Pxedd6lJIhHOGpdNsDKLcSFnft9Hj+XYx7ber9RyWWetB3+MK0CUEUZUvsq3P2tzskp3rBuvRuIiLiOhQQeajcNfPGS6/KUbkdRuyHQX2/PGS90sV9w5vROTYDtP+VmIjfZTD4usgZ43MutMfweGlwTf0g3GUonBRnFWnCzQHEPgwoUNds7TDc/elUMK6Qe9Swve7T7Frd8jvXMwwR2BtHmb5CU4ldBesQYnlTwCiNObyWI8+zkfnQiVqHQY7FaTz97GVrVPt1TRghU+OeRMOwLWI2h6CZEi8vxg2VopSMEVkUtOYjzxCvaV8ETVzsg6ExwUSFxQC0nEvs4naeojWNNi/PMgvPu4Cxn57VDl0TenU4uCndGc8bSVATJf6mECSovNELbU9rrWsX61Jun0CrQQmBJhC1rr4J5mDSLQxkfo7PiQLMlvXcwYzGPjFxxeIc579JtO/lXNLD0avLn6WdT2un95PoL2Y2bkcJrYdg6vPTBeBL+8HcwRovh1JaDzQYsSuogyls1YDRN2GXumoywFEl58GSRaT5KjnjILCxgXl66L979zeimmSC5ZfEOHkqokRKtAYTJunM/QXP1pNKH5KrfPkxEs75xurzTDFDfKOjYgjCSgYRzFS3agq7v8DTC+/vxada43C2gwc6Yy146ucRtUHc+bZl8RxZYGk1NvXuyNnqRdlQLzDBXcm6VYxJHKwobriTmKxobE6ylIKTjkzkG4MA+YikP01Z7qZLGUNkXOFwP8B4GYNyWcadfvFHKyb3veFy9j/GQQNqXPELPPe7z2PpxGzaOO4Ywo/97YFKosAC3SBACtywQG4HETonNBACGwfDHoAfx+nlr7+hHommS4/Zo2mhknyQ+/cC8OLNS8MUgork1CYA8eHrwMwb5Mt26z8R9IWDGJIS+LRhjWxGOSxGQeCa1ZzK8tHWnYAf7K5sN+CAdTb0Zo8T/jjpJ7aa9wbhUx3ujGj02juSdj++2N2HE9Y9nVobhKjIY4PPEcgOhqbwMDbIdMXRecGVJiuBnXfm/jjjTUD38Ael4Xcoab2fL4AD6p/ltcJcL3JfWcxWE3+hIaPtmUzXxC7zCL91bhWihH0EGmxACcbyzwgoVwEkJz/PrdBSV/v1RGrD9r6Lyn5XQqy/cQJBpkRNOrduLs2VvxvV1R/mkwWxgwZDIqP9zmnpGHcLnkh1hkTEaDo+bHVsOerFx5F8FnWogl7lIbNaFWFHrMRRebZPwaTicugo1Hb0jP7Gxl5psSE285fPGormUhaG2UZ+nSIS3kEd/PZF7F00R0uufoO5zgMTuPuEQ+Rr2GoEnL0bz+FIcwgU+JtOIAuOHokF7iK1Ik8nbSim8I3A940Ap2rC4vq2NW+XadO/nJLmvF6KbqvBqyKwVh2I41mPtn/etWhOPs/RJnDj/1mPZlj0U7ns1z6F+/cMFw63eqR+3jtvtNKKqH+dXwIt1qxdh15SIsRGkqaXG+ZV9dsUjpYqm9jAVJ3g87XT9iEK5mADjuu2aNDM+RWr570JBonyDqe2/I64EKsSDgr6OIRiBIu/ZXM2MY+GVrfHrikkGmTQ2bNmVs3CMJBCyrRShisWIx8ntzMNC2JnfmJcJuxrpPUfBeqmpT3ZwNSE0NAQdT1p+CbDpP+bmTv86ddwdYeFyzMP8SgVz5PoMgWcU2oXK/ttlfDuB4E/zRWZ9Z63BICuo/sspXaD6gvQUu4nsIMODlyn76yWvax/1/7M1LOiLrBxEHHmGZMzr2xbDF4B1DmX5SxaIxdkJXRSw1JOvxJu1NzIwBCfUl55TEIwt/uBDBj6eNIFJwgmfzASuGjUUxu06VZAsV2tfkY3ZBUbz0igBlnhbnMI9dinw53DVLED/8dOCVX5RpAS+KxAPrrhPHCHGEm11H/bgMX3YM/64qwj66g+3vvH0mUmxq8+0V1QOUnCsm94mUxtbqubiBQMlIQaqMy9eS6+im//aXo3QLXHGo/m3uoG+eEdBd1fC2C6B8zvZf8rTMnGyq019RuFql61ccOYpDscS3yTQFFd/9WGa4ImcSIGYYSYu5x5UWwOQEo0KM5DHfSL61V4Rv6bpy2zVyNXic/S5tzmA1vsJ00eKLTbKHVvPgqGtyczrPpXndPxmYj/a//MhrTwcPKT8ztri+H5UF4LMKilybQMwuaNW8VHGz7LiNZj623nFIs6xGmWcpH4t/H25dIEXAaNQpA7rOeXdH7UygTh1QMWVmw0Uaw/NsfO502ZYJ2SlP5XLGr3ZtDMF4v0orxvFGgvFZLm8kHyySadZi0FTgjiVkpeDZWKZCCgjY91OChWVp+dnvdZONSHLzouwLEujGEe2lWO3B27LZ/T5mdZXabJZvyFZ6nyTgMKuop+JiGKPo4IVwDURyqVwed9c06HVNp1ZMMdXln4iWiLHw+ysoW8DXrM1ze8JzJ3ClkTIrbI5MHKJrmkw13xizOj7z0/PimAfK5t5jsVChnRXu3njXDyQF4I2UGqxdDcYphIUs+Nj9j0bUsUA1feuoWDmlmJdiPIZfY8vMomiGK+Fa03FMV+uN+f2YkMXTb6KnbBPBk9d+5+RfVNzUZB/kBHnWnH7rLoAs+hennv9gQUyzq4ZEHkpDmMS0I/r6R+wxfDnyjvtTM3Ynv8lhe4nA7x0nwNWn0321uJehi16qM4ECpJQspUvkslzaFVtzBRIHSmu+ULfXUxjxPQCoxUiKde5sTB7kD5rVWp7Cau/hnhYRpnGaY0btDSVjh2cNGdHOn4VbcPmUHh1Cg4dy7FM7+q4dPCt7W/XQU7YKnX/riEl43rWB7htScSSPJQEtH2EN1WabW6Gf4DiphVWDJ6y8J8Kxj9W+b1FBl7hueE2KiBBPfqRlKSfoThoYsr0mH5YfTLSBIJ7j8C5v1RaAGV/pswOvAL1ogCG98MfuGuwYspGUsiQ5qjXb0QLlkyMfz/yrBzwi6SKYCyd7P1iN6GG9SBQU5fGRPsYSBY9997ROTS8C/kCQtym9MGbecZiQnmFX49EjdJcSSeVFRX9GpjjxeP7obMT93Qq+uK4dl/LqrcLmHPbh8J1QKzWCU2xaUMaF7bhCkwCcDEyV747GDjbr82Ah+8MuhkJFNIz+w3zJVm324TXeE2sxyp19tHOqtWAJxsP1ib8NKCwfzhoRmhxM3gO+KPIawS48Hx9yefENQMDiHfZ0KY7w2iyiPVl9y9zKxO9yelOHsJSnAh0UMB3MdNHKCTMaQ/3uxVPHc0FftJrgfS2VIiFKkBWxYDmT86ZD7XgiCg6nwaNmahqNgSaA5bPgLW7umL3FPnZFryq4y4gWtuUkq6klKBR7IwHbLzvXCK/5MRcWNQUe7KVxSOXOAFNAZRUL81KJErRRDk6CgKTWbpTijcKOyXo731zNOkgQEgs+gfk69dmQO6IV/6mcDkSAV4whgBFWfAWsRzRHDvfSkxwKTupLqxSaosMtUeR/AljowDtBJOMbGDbEFi+rYRi1+2bwjBZz0w9pguiWV+uepmN1Rdd7Rix9FgkJkhwRDVmI3437iXufCugAHVv998SixqVEzdSq913VX63Xm1U5MSD9l9qoqyY3eWvSoe4npvSIlMfaZyuT/GLcLhxBriJz+kglcyJTYXf33xXb7SL9EvVo3bkKA62I0gMHUYMuquEX+ytAmGzWhFH6FlCwYZolB7mUnngUH0Vo2AtRUjFYjS9alTgXPlXHoydPNGch+Y7Phty4yaM/YAqp1C/areLQuZ86xjNiyYRoi6GtBli2U5KtdYi8R2U3XSl56ZR55Dl+T2RALt3FPiWtIDUrU7ur76xT5F5Sj+XQNk66cwI+OXa1ZL/CVWHSB1vf1nQy2SE5V2nCt0VXwRrR0QZud3ReriSY6B0cHQXGk4i4kg9/NSArAE9eJn+oh/wor14ypOM+7hZoC1KOD6s7jnbD7U4SMuW9ZMuHDzAoCRnjcqoGv4l7m/m8K/Stq0m1YaxKLTXPcdwRsw5LESAMS5mDjLpBVthruLOc3TuqWb/QzJg7/YVFff7xcHUJH1ZebI2UV5lXCXVx47OKSJsxBjPuLCDwJgQ4O0nHy7oH+6C/ZzhZ8xCTwqELqH14iAqc3EYJZ+fOt/vkqRSUVqyhv5E3xw9wYVV+Pgym7DF2UN/NSow5kRwmY9HoyqxfYBkADdy9fM9xSiE4Jpny1oDGl2289AcBrHLQaILeDKtglAVz9QuEJIEjWT7OgRFMyYEtGuweIlcdBI28hc8cpoHXWJHNjk8ZUWFzmNEqgB79rieVkyr1/HcqbDlSq+VT+uXikd15mxM19HZcUtWS+s/MFBXJJEsZVqRbJQXCCOe6T0SHTgehuRcu912PtUDMJ1KunnJuCk7dT+fkVsZOZOyCIK0N7uvnb2NsItY8dgebKWsgFJF4o9czBrNbhC66C/aKyvuBlVDuM+ZJDij7JzJ/gK4F52Fa5WN//at5m91d/MuxamfzrtQhYuSiNRYCCMnkPXZ90T7Wy5LYVkmQnmuhXFQmDTbap/XO1+Hyl3qVbjLsgyKY3qAkATQpwUFJFE7jywCxM4bwWAY6HwDicIIiRxovLVi5n/1wfA84maNmlSVVoVmgNNUCk2XX4k49sfWYw4aJS+NZ2JYjyU7PEDpIDhxfIK8MvBmgjXLDsQMhrIMr1DPuuf+3p/nYOsU8WuE00A2o88fA9cUJlia8CYIMkcPyji240tjm264hmLQ1j37DnbgJxZkPex1fMk08uNLDR/HTmtJ3Ykw4GL542YihYUAR5oNfOdZDP+dz/SnZTJC3H+ylfqQZbAyhDbpA67YA4cA009L3FjkbcD+tkwnOde1/GbsAKu3oS4D4ihYfH+n+yBxEFaUsA7Z33tUkc8Ro+KCDszxkEG2TwxFwXkSBTd1Pga2P1C7B+212PfvK//oDxqZRnRJWTMzCRQm84ws8UUCr6up7/2QABABoAQAABTQBAAA8BAk0CAAAAAAEmAc4AAAIACQIBAQoCAAMAGVRoaXMgaXMgb2YgRmluZ2VyICgyKQ==</BDB>
         <SB>ZXlKNE5XTWlPbHNpVFVsSlJqWnFRME5CT1V0blFYZEpRa0ZuU1VKQ1ZFRk9RbWRyY1docmFVYzVkekJDUVZGelJrRkVRbFJOVVhOM1ExRlpSRlpSVVVkRmQwcEtWR3BGVFUxQmIwZEJNVlZGUTBGM1JGTXlSBmxOVVhkM1EyZFpSRlpSVVVoRVFVNURZa2hKZUVSRVFVdENaMDVXUWtGdlRVRXdVbEZOYWtWTlRVRnZSMEV4VlVWRGQzZEVVa1pCZVUxUmQzZERaMWxFVmxGUlJFUkJUa1ZWUkVsM1NHaGpUazFxUlhoTlJFVjZUVlJCTUU5RVRUUlhhR05PVFdwSmQwNUVSWGhOVkVFd1QwUk5ORmRxUWxkTlVYTjNRMUZaUkZaUlVVZEZkMHBLVkdwRlRVMUJiMGRCTVZWRlEwRjNSRk15Um5sTlVYZDNRMmRaUkZaUlVVaEVRVTVEWWtoSmVFUlVRVXhDWjA1V1FrRnZUVUpGV2tKUk1GVjRSRlJCVEVKblRsWkNRWE5OUWtWYVFsRXdWWGhFVkVGTVFtZE9Wa0pCVFUxQ1JWcENVVEJWZDJkblNXbE5RVEJIUTFOeFIxTkpZak5FVVVWQ1FWRlZRVUUwU1VORWQwRjNaMmRKUzBGdlNVTkJVVVJvYm5ZMlZVVjBlV3hLVFhocldqBDBPREZFUWk5U05HOHljVlZOVUdWc1ZsVktlRmxpY1dKWlYyTkdNWEpQUjA4M1lteGpOelJtYVZsdmQwZDNiRXR0ZFVJNVlsWk1aRkZ0V1c5VmRXczFOMUo1VUVsR2RWUnBXblIyTlVwd1ZreE9VVWsyT0hCdVVDdEhRbU5UVlhGUlJtdFlVaTlKWnpGMVJreHRPSFpIY2xwNmNFMUlNM0pZY0U1RllqaHpTR05IVFdGSk16bDVZazFFWTNKQ1RFTkRiVkY1U2tsRWJXNVljRkpVTkhWc1ZtTXliRkZ3T1RsT1ZIUTFUMWhwZUVObE5reE9jVGMxVm1RdlNrVjBURGhrUzBGMWVVNUxhRTFMZGpCRFNESlNXRXg1T1hNMVJtTTNOMVpXWm1KSWIzZE9TMFk1ZEdkMmNVUTRiVWhEYjJweFNHeGlUbmxUUzFSc05rbHBTVXQxYjNkTk1WTjNNalJKT0ZGS01HYzBTamRJVlhsWmNHdHdRMmh0YW1KQ1YwbzJjVFJ5Um1ZNVZHZG1TMU5uTDA0eWRrdzRNRWxZYW5WbVFUSm9NMUpNWkVnMlN6ZExRbFkxUjNCM1NtOUpTRzV1YlVObFoxY3lTbGh1VUZCcU5saE1TeXM0YTI5UWMyRTNTRGRVZVc1S00xTTRTVFUxVmpkc1VHbFZPVXhqYzFoMGRGUjZXa3BLTm14SUsydHpZbVpyZDB0UGF6aEJZa1JCWkdzdlYySXpkSEZ2WWxoNWVFVlVUa2N3VlVvM1FtdFhNbEJMUjBKVGFEQnBRVWxEU1hOd2VuWndjRFZCTmpaR01XWmFhbGw2ZG5SSFJXMXROMUZCYVdaSWRVVnBaVWhDTW5wa1ZVZzBiMVV3WlhSaFJDODFNRUY2ZDJ4V05VbFdTR3hST1VsemQxRlNNaTltY1V0bVVFbzJRVUpoVjBadGJISlVhalJKZGxaRlVFeEViVGR1YkZWMmJHTm5kVkp6ZEdsemNEWXdaMlZITUU5U2MyWlFabmxJUkc1M04yZE5UMUZKUlc1WVYwdzNSBll2TVZWV2EybEtjMmN5Y25aMU5ISndReTlpUjNVMWRGVnBMemRtT0ZkbGQyUndZV3hpTm5SMFRUWnBSVkIxV1ZaeE5FMWhhWE51VVRoblNTdG1UMnh4WVZvdmFVWm1RbGszT0had1Jpc3lkMGxFUVZGQlFtODBTRVpOU1VoRFRVRnJSMEV4VldSRmQxRkRUVUZCZDBWUldVcFpTVnBKUVZsaU5GRm5SVUpDUVZGRVFXZFhaMDFFVFVkRFYwTkhVMEZIUnl0RlNVSkVVVkZ0Um1sU1VHTkhWblZWTVU1TlNVVmtiR0p0Vm5sWldGSnNXa05DUkdKSGJHeGlibEZuVVRKV2VXUkhiRzFoVjA1b1pFZFZkMGhSV1VSV1VqQlBRa0paUlVaQ2FFazJXVlZYSzJkU1VITTNka1pxYzB4dVUzUldkbEJYYVdKTlFqaEhRVEZWWkVsM1VWbE5RbUZCUmtwbVlUWlhRV3RpZVhGSllqVnZPR3BOV0hwSVQxaG9ReTg1VTAxQk5FZEJNVlZrUkhkRlFpOTNVVVZCZDBsR05FUkJaRUpuVGxaSVUxVkZSBXBCVlVKblozSkNaMFZHUWxGalJFRm5XVWxMZDFsQ1FsRlZTRUYzVVhkRVVWbEtTMjlhU1doMlkwNUJVVVZNUWxGQlJHZG5TVUpCUm5aeGVEVlZXSEU0ZFVWWVdIRTRUVTlvVUZkWVZFWjZlWE0zYkdOVmJGZEZSSFJXVFVsWUx6QXJUV0ZxYUZoR1UwUjVMek5MU3pKelVXNHJaVlZJVDA1MlZ6a3lNR2wwUVRoWFdYWnZPVXRwWms1MldsWmtTSHBoVFVScE1HeFdjM3BGUTJrMlRFRjZNWFZEYzBsMlEyeHpVbFIzZGxoRmVrOUhSSGhpYUVsYU5sUlZVak5XSzBzMU1uTktLeTlSYmxad2FrbGtVVk4xTkhCb1Vta3JZMEpKVVdOMFNIbzJPR0l2WWpFMFp6VllNREo1TXpGb2RVcFdiaTl6WkN0NWMwdEVaVEUwVEcxRWEzWjNSRkJvTnpod1VVWkNaVWxCUlhaRWEyMTBhM2xGUjBKQ1ltNVVkSGx0Y0dFMGFGaGxSMEppUm1VMFNHbDJMM3BtY0VKSmVFdHZUbUk0YWtONFUza3JTMkpUUWt4eGVFNUhkR0ZoWlRaUWRWcEVOa293VEN0QlJsaHBSBWR1Ynl0aGJ6Rm5SVnBPT0NzNE9Ea3dRbFZsVWtORlJIbGhNa1JKV0dwamRuUnVPRm93VG5KQ0wyeEVPVzU0WlM5R04yMHhVVmR2YUVWdmJEazFNM295TjJRclFWY3hTbkZoTDBWWlRWZEdZVUpCVUZWQlRrd3pjblZPU1RsclVWVlZSRUZJUld4VWNreExaRUZsUkZOU1dFMTBaemN6YzBsV1ZXZGpUVE5vVDBzNU5HTkVPRk5uSzNGbE1XMTRUSFUxWW10WWNVaEJaVUV5YW1kVGJ6SmtjRGxMYkVsM2RFNVBOMlJLUlhWR1lYZHFiRFV4WkVwVmMwVTNWR1owYlVkVVJHOVFTMHRQSzNsWWFtVk1UREJpYjBkTGVTc3hSRkUxY0VjNFlqa3ZTalUwSzB0VVJVdEJTR0pJT1c1c1YwbFpVV0kzWkd0UU0xUTRObkZ5ZURkdlZuSkhkM0ozU1RWcVEwMXRXbEZCTkhGNE1IbEdWMkpGUW1ONE5tVXZUa2xDWlUxc09FZ3pjRTAzTkZwcWJYaHZPVzlKU25WV2FYRnNLMUZKT0hWUFdIVlVUREp2UWtvMGNGZDJVSFZ5TDNWb2QyeEpZVkp5ZWpSa1ZGa3dha3ROYkUxRVYxb3dabVZTTVZOb1dXaGpaMVpaYkZWQ1ptYzRlbVZ3Y0U0eWRrMHpTbTBpWFN3aVlXeG5Jam9pVWxNeU5UWWlMQ0owZVhBaU9pSktWMVFpZlEuLkppSGJ6bWZJNUQyY2VSSnU5S3JZRnlfcTFWamhqY3RFVWNJV2tiOTE0Zk9VUThJblpWakhsS3E1cnE2dXdVbm5BNjB3Y2RLQUNEUmJEME5aUlhCWEtoTi1iOUFCZzdIVkhLQVg1SV94WFNYMmJrS2dKeUJMOXk1cGxLZENJRmhEMGw1blJLckZhQ2VNMkJwVkx6UW1PelpvR1hBSmFyQzhEak5DRFU4OUI0TWtuOFQyQ3lRS2NPWUhEdEtEUkZuME1lVlFHRVMyYzJBSW5iS2p5UGdud0hyUm1wNmUwVHNGeWVBc1EtYkNGcWdTSXdXd0VGS2tEeHdmMFBFUTJuaE55VjJWQlc1b2pJNUc1bkRxdjAySHRRazROSzM5djI1ZDlFQVFkUlJsOE0zeE5TTmxlREY3OVJfX3paNVlMQk1uYVpTcWkyVUdldDNVM1RYQmN0bVJMSFZHbWhYSmxaR3JDV3lXM0hhbjRNbGNVam5iRlhraGtHRDVBR0V6alZmeWtrSWs2ZjEwMVB0TktwSi1RU0FNNzh3cjNJYzVPRDFqaFVDZzJ5OVdKdUxjdm9NMnA4c2tBY1pDU21Gd0JUUzIwQkRPMFkwXzhlbU5xTGRXZUNpV1phd1FQc3MtWENZN0pWZkpEaFpGblBPRWFkbHkxZTFnTnB6NUoyc0xoYUpCMTdxcmg1QWZha0wxWkhGTmJSTnpRSXVlZFZKQWVnQkl4MFhTRExFcEFEM2luU0kxY3JheEo5RENIOUFaMjViYTlZODdtZjJvbEVOZTZIMGo5c0wzNzJ6Z2lIT0ZyNXphZWtfUDRBa05OUVNUSFRLRTRQSjhVbGM0cU5jZ1VNcmpZU1g5Ul9ZYjZ3Q0pXYWxzRTNwVXk5MURUSmVIa3lPdEFwZ2k2ME81UWhR</SB>
         <Others>
            <Key>EXCEPTION</Key>
            <Value>false</Value>
         </Others>
         <Others>
            <Key>RETRIES</Key>
            <Value>1</Value>
         </Others>
         <Others>
            <Key>SDK_Score</Key>
            <Value>0.0</Value>
         </Others>
         <Others>
            <Key>FORCE_CAPTURED</Key>
            <Value>false</Value>
         </Others>
         <Others>
            <Key>PAYLOAD</Key>
            <Value>{"digitalId":"eyJ4NWMiOlsiTUlJRjZqQ0NBOUtnQXdJQkFnSUJCVEFOQmdrcWhraUc5dzBCQVFzRkFEQlRNUXN3Q1FZRFZRUUdFd0pKVGpFTU1Bb0dBMVVFQ0F3RFMyRnlNUXd3Q2dZRFZRUUhEQU5DYkhJeEREQUtCZ05WQkFvTUEwUlFNakVNTUFvR0ExVUVDd3dEUkZBeU1Rd3dDZ1lEVlFRRERBTkVVREl3SGhjTk1qRXhNREV6TVRBME9ETTRXaGNOTWpJd05ERXhNVEEwT0RNNFdqQldNUXN3Q1FZRFZRUUdFd0pKVGpFTU1Bb0dBMVVFQ0F3RFMyRnlNUXd3Q2dZRFZRUUhEQU5DYkhJeERUQUxCZ05WQkFvTUJFWkJRMFV4RFRBTEJnTlZCQXNNQkVaQlEwVXhEVEFMQmdOVkJBTU1CRVpCUTBVd2dnSWlNQTBHQ1NxR1NJYjNEUUVCQVFVQUE0SUNEd0F3Z2dJS0FvSUNBUURobnY2VUV0eWxKTXhrWjl0ODFEQi9SNG8ycVVNUGVsVlVKeFlicWJZV2NGMXJPR083YmxjNzRmaVlvd0d3bEttdUI5YlZMZFFtWW9VdWs1N1J5UElGdVRpWnR2NUpwVkxOUUk2OHBuUCtHQmNTVXFRRmtYUi9JZzF1RkxtOHZHclp6cE1IM3JYcE5FYjhzSGNHTWFJMzl5Yk1EY3JCTENDbVF5SklEbW5YcFJUNHVsVmMybFFwOTlOVHQ1T1hpeENlNkxOcTc1VmQvSkV0TDhkS0F1eU5LaE1LdjBDSDJSWEx5OXM1RmM3N1ZWZmJIb3dOS0Y5dGd2cUQ4bUhDb2pxSGxiTnlTS1RsNklpSUt1b3dNMVN3MjRJOFFKMGc0SjdIVXlZcGtwQ2htamJCV0o2cTRyRmY5VGdmS1NnL04ydkw4MElYanVmQTJoM1JMZEg2SzdLQlY1R3B3Sm9JSG5ubUNlZ1cySlhuUFBqNlhMSys4a29Qc2E3SDdUeW5KM1M4STU1VjdsUGlVOUxjc1h0dFR6WkpKNmxIK2tzYmZrd0tPazhBYkRBZGsvV2IzdHFvYlh5eEVUTkcwVUo3QmtXMlBLR0JTaDBpQUlDSXNwenZwcDVBNjZGMWZaall6dnRHRW1tN1FBaWZIdUVpZUhCMnpkVUg0b1UwZXRhRC81MEF6d2xWNUlWSGxROUlzd1FSMi9mcUtmUEo2QUJhV0ZtbHJUajRJdlZFUExEbTdubFV2bGNndVJzdGlzcDYwZ2VHME9Sc2ZQZnlIRG53N2dNT1FJRW5YV0w3RnYvMVVWa2lKc2cycnZ1NHJwQy9iR3U1dFVpLzdmOFdld2RwYWxiNnR0TTZpRVB1WVZxNE1haXNuUThnSStmT2xxYVovaUZmQlk3OHZwRisyd0lEQVFBQm80SEZNSUhDTUFrR0ExVWRFd1FDTUFBd0VRWUpZSVpJQVliNFFnRUJCQVFEQWdXZ01ETUdDV0NHU0FHRytFSUJEUVFtRmlSUGNHVnVVMU5NSUVkbGJtVnlZWFJsWkNCRGJHbGxiblFnUTJWeWRHbG1hV05oZEdVd0hRWURWUjBPQkJZRUZCaEk2WVVXK2dSUHM3dkZqc0xuU3RWdlBXaWJNQjhHQTFVZEl3UVlNQmFBRkpmYTZXQWtieXFJYjVvOGpNWHpIT1hoQy85U01BNEdBMVVkRHdFQi93UUVBd0lGNERBZEJnTlZIU1VFRmpBVUJnZ3JCZ0VGQlFjREFnWUlLd1lCQlFVSEF3UXdEUVlKS29aSWh2Y05BUUVMQlFBRGdnSUJBRnZxeDVVWHE4dUVYWHE4TU9oUFdYVEZ6eXM3bGNVbFdFRHRWTUlYLzArTWFqaFhGU0R5LzNLSzJzUW4rZVVIT052VzkyMGl0QThXWXZvOUtpZk52WlZkSHphTURpMGxWc3pFQ2k2TEF6MXVDc0l2Q2xzUlR3dlhFek9HRHhiaElaNlRVUjNWK0s1MnNKKy9RblZwaklkUVN1NHBoUmkrY0JJUWN0SHo2OGIvYjE0ZzVYMDJ5MzFodUpWbi9zZCt5c0tEZTE0TG1Ea3Z3RFBoNzhwUUZCZUlBRXZEa210a3lFR0JCYm5UdHltcGE0aFhlR0JiRmU0SGl2L3pmcEJJeEtvTmI4akN4U3krS2JTQkxxeE5HdGFhZTZQdVpENkowTCtBRlhpRmdubythbzFnRVpOOCs4ODkwQlVlUkNFRHlhMkRJWGpjdnRuOFowTnJCL2xEOW54ZS9GN20xUVdvaEVvbDk1M3oyN2QrQVcxSnFhL0VZTVdGYUJBUFVBTkwzcnVOSTlrUVVVREFIRWxUckxLZEFlRFNSWE10Zzczc0lWVWdjTTNoT0s5NGNEOFNnK3FlMW14THU1YmtYcUhBZUEyamdTbzJkcDlLbEl3dE5PN2RKRXVGYXdqbDUxZEpVc0U3VGZ0bUdURG9QS0tPK3lYamVMTDBib0dLeSsxRFE1cEc4YjkvSjU0K0tURUtBSGJIOW5sV0lZUWI3ZGtQM1Q4NnFyeDdvVnJHd3J3STVqQ01tWlFBNHF4MHlGV2JFQmN4NmUvTklCZU1sOEgzcE03NFpqbXhvOW9JSnVWaXFsK1FJOHVPWHVUTDJvQko0cFd2UHVyL3Vod2xJYVJyejRkVFkwaktNbE1EV1owZmVSMVNoWWhjZ1ZZbFVCZmc4emVwcE4ydk0zSm0iXSwiYWxnIjoiUlMyNTYiLCJ0eXAiOiJKV1QifQ.eyJzZXJpYWxObyI6IjEyMzQ1Njc4OTAiLCJtYWtlIjoiTU9TSVAiLCJtb2RlbCI6IlNMQVAwMSIsInR5cGUiOiJGaW5nZXIiLCJkZXZpY2VTdWJUeXBlIjoiU2xhcCIsImRldmljZVByb3ZpZGVySWQiOiJNT1NJUC5QUk9YWS5TQkkiLCJkZXZpY2VQcm92aWRlciI6Ik1PU0lQIiwiZGF0ZVRpbWUiOiIyMDIxLTExLTE5VDA4OjM0OjI4WiJ9.1jLQpIzleEQc0_4NiiSp0mAH__BYP1gGWb3DNGein2l-O1nPj3HDVdLdl_mdLuMmQu_-RlmBoTRqBPZDcxQ1HOtnpye7XTJGpG3SHdIyDjpzIKRZMq-zTXII2dR49S0gfqRKeoxYvtSwjmpwI8orOEVmiicVN4S1t64ZNXbl0e9iOJfdjR-rKKo0lv46huLwksyfUQgxcZFitDG2HZr4wp3FU8RP3lMf_UuafNRpg4BRhcnR4fhQwK7Qb69DFtJWo7GwePVrcqxGdWyevDGcADzB7u1-P1u7QAkElV-RsT4bPbUUmkqSgXDj5agqx25Qot6hT97o33JTb2_hHkcH4rRrjIIOjkNsCgDR_k-q_7Zx1hB2lJ9g4D4S7djT0atrzfd9QqbZ7tkieD7Xalv2cykgdqd3wkyjLu_9OGy17thL7u0qZIX274TcyjHl7vYw6hGyqOceWV1Ih7Eyy3kiGgyRQ-TJ7pH1HwYUEJQ5Vf2m10jUqq7lroAmgAuDSImMj389NwMbZ84K7S2VrmdNkzekfqxkieUU2VIvOwEj5NOTf6kmijS9PQM1RXzSNMm4HtgnC0aAaJeuXp6MFQkIhF-pi-7R1EZxed3dbE9-yQq9oep6a7nJR1RON1kY3JW_faNj2Hlsrt3bSxaXoFVIhzZkDkqLSGFKWhLNMpfubbc","deviceCode":"b692b595-3523-slap-99fc-bd76e35f190f","deviceServiceVersion":"0.9.5","bioType":"Finger","bioSubtype":"Right IndexFinger","Purpose":"Registration","env":"Staging","bioValue":"&lt;bioValue&gt;","transactionId":"6f2b5919-50dc-44fa-a897-2fec7eb6972e","timestamp":"2021-11-19T08:34:28Z","requestedScore":"40","QualityScore":"90"}</Value>
         </Others>
         <Others>
            <Key>SPEC_Version</Key>
            <Value>0.9.5</Value>
         </Others>
      </BIR>
      <BIR>
         <Version>
            <Major>1</Major>
            <Minor>1</Minor>
         </Version>
         <CBEFFVersion>
            <Major>1</Major>
            <Minor>1</Minor>
         </CBEFFVersion>
         <BIRInfo>
            <Integrity>false</Integrity>
         </BIRInfo>
         <BDBInfo>
            <Index>f645cba6-c5a7-4edc-a1d2-0f3137e2e6ef</Index>
            <Format>
               <Organization>Mosip</Organization>
               <Type>7</Type>
            </Format>
            <CreationDate>2021-11-19T08:35:16.4899392</CreationDate>
            <Type>Finger</Type>
            <Subtype>Right LittleFinger</Subtype>
            <Level>Raw</Level>
            <Purpose>Enroll</Purpose>
            <Quality>
               <Algorithm>
                  <Organization>HMAC</Organization>
                  <Type>SHA-256</Type>
               </Algorithm>
               <Score>90</Score>
            </Quality>
         </BDBInfo>
         <BDB>RklSADAyMAAAADDbAAEBAQAAMMsH5AoJECsaAHoAAAAAAAE7AEAADwIAQAIAQAIFAAEB9AH0AfQB9AgFHQEmAasAADBaAAAADGpQICANCocKAAAAFGZ0eXBqcDIgAAAAAGpwMiAAAABHanAyaAAAABZpaGRyAAABqwAAASYAAQcHAAAAAAAPY29scgEAAAAAABEAAAAacmVzIAAAABJyZXNjmcoAAZnKAAEAAAAAAABqcDJj/0//UQApAAAAAAEmAAABqwAAAAAAAAAAAAABJgAAAasAAAAAAAAAAAABBwEB/2QAIwABQ3JlYXRvcjogSmFzUGVyIFZlcnNpb24gMS45MDAuMf9kABAAAUVuY0lEOkdSQlQwMf9SAAwAAgAJAAUEBAAA/1wAI0JvEG7obuhuuGb8Zvxm4F9MX0xfYkgDSANIRU/ST9JPYP+QAAoAAAAAL1IAAf+Tz43IE83HzSZc1AnOkwfThP82V3+TdLSEdy9BKKqvJuqt7x5yOd6mrnID3j0Sv/4Kdp2htPDFf5hysgxj8pBoWYvCOW/BxtJA5HVhPbjZzcqAgIDxII+z+PyU9JqcMAvpdwV6/Pb864DxQEbxl0mtiRPnLQymKAqd600SDseigMFeACDny0Z8etcOt9WJtbM9xaDNACGq0xZG6LHTrcCD/zPw/j4JQJn34a52DvLUcP8QOsziIOj0TYgmOx9CPaItunZjozBR2E+9zXHAuw3P6hURwA+c80TbLoXRFNyZfOdsswQ1OIVklQBslubePKB+rPEOU+IA8P0zRTMXxIl301+TGjYVYAj8PHDgqSDbvKp7zNXkKAiizQuzfpTlsHNeSvRZDb5tv7zRgMdF7YebvNY6mVon0S5p8R6ZxQC/Fgaf96Q50BRRnzJKIqAXjW9lKTym2s3gxyaMA5L4jCUSBXOB1Ky6TcYekIgUq8DkZ0MfolDmRRMOpIDDrnwPgMcq2ybyS+mrXg/MsyHaKtobJe0GcnAn4RhYcR7TlDk7zokuvug3xVn/ZSEWk6Naa/yCGA2qZ9E+kh/NkOqAn1CfQ0lk405QfTe5wZ1Qso7nokPzb83/G5Dscv3oujsy7DtfKTgnFHd8/AxBcdGweOkMT0D1JtY/2GQJVNIrwl6kV6YBs9vrCnjAI1heL4X1ej4Hv2UcHd53vUbBTrqJuTOdwlOxjKyIVxFMEPFjbg5XVziDKMksZzmuXxpsJeeHjbRJEQT4sSwO7tr0+Tz1F5F7ttP9y8dChYioq/gdkDNuFgvZBQ1rnzvtSEK2yirvjHZlSUSn1ZQah2T5DQWSj/sLxMXGmONWgNaVnVrP4DPNNk8600BOpYyOeSKQ0aMBLqIIqNXJtXZaJUYnFEY2S6OUagFPRkghizpBDYqWREOT7gmychBskFrkndN0+VckBgRHgjpD7SvgjmF8cXfN5mEfD+0ppB4cbfK+vZIdw2h2LLqf8QAmSHZxyFqVJeAldlLr5WPLU6jrQa1Og1AXexEIMSq4luT8i9BZ9EoXsS+x4TiWFMpgdsmzttfRUGbOUkb9YynTobgqoyW2G6jzBmax6+i/Znjlw/f9+1wbaOK6IucnrUSEJLggUpzRickxFKChdlsxcNf8fq4qj38WMG/8x1vqn6SotlS6JmtaCbxZofuti6++trd9wsc8GfAhh+wMyYEccj4mWwYiTJ47MvXdAdsKbk/3i/77kQwO98zPYeoP3DOfHLkmjHnEbmqNGk8h0mBS/XflSBdmOpxJwSBSxukA3Chn4OwMKIQVWLdwX8P/QFsd4qLWvueWlSWtdob6p5o7xOAbV2tvcLSSvZQmifPyX/8v5FdouF/tkr/JFHdXqZmDohXbjCN62GBetIYnB9SBPFHz4PfmLJpmSUYc1H7UhpV6PVjMYumZhyDGYrJca6COzZy/kjYJ1HyeEn0QYGPEE8pvy5vB8TNhmkv/HKlaI/RobXVM+RgsRG+hC/oei9o/GXhs9rjQ74dzGE8uxZeuGAuYxDsHDKKWy428eZ0jFAkHVVtf4xr4k6Xc1chVZDM0xKA9R5wkjOYNqQDA7w6KciQC5/kHjeZ/s7nm9/ITkmCldCMai4cjQ2Hrm8xidGY2aTZK+2JX597v9GlbXiwWITHQV2DWT/VeWuSmU4xHBLpn7MqzOJsia9a3NfVAiMDst2hspwxv8UY32s1rC/xTYKPP4UCC27c0nedrHZ2cS1xn/jcgCZ+j753XuuTvq113FvELg/UO/GDPijZ4j4DTBLKJWEzrHgd+L9usQXJShmGj0u4kjOqajZRv5Np02LLCi0BaENau6AnQWQC6mkcekl1LvfF4/QFi2v9KO7Q8jaMPU53tgeQoA0epnfkjbPevn2fRqH99xftVPN9nCg7ippMpaMlhLbjY5NvIstIU4K9BKJQQ74mnZJncC23XMHMTQGf7pD0IA1pGwsimdiyW88T+C8IYSdYdqG5nbD0x4kb/QmAtd5+myzH+FOkfkLy5LaOm0+ozJnM97KwlYoBUDnw2XejYYytkJPGpSl3+mlrbbdoqCoORum66HXoe+ccJrI2E+/FXM66u5ziaL18fXy+0g0nm2FhgyHKRWJrB86YuZUuQb6cz0KHw+wVeLFZgB9vhTbKaLfoWk9kTeKMc4U1LqXjj5jHHgNhM3Z54/h9E435KHHWVMrnyc6ZrMcZrHdlptdPWM9mfGHaugpXbbhTSi6nYACtuY/DQ97mTyBL/eiaVn2C7eV3Qzcdu+YZ0mQ+pRn5S6uF3NiGKAQwgHFaofVVc2wjK8S1FHDAP4aYWeD1I6hvRUIq9JpvogS1Ia+DOS4j8MvRa+oSVQIXVVMAlRT842PXu8u4vv0KBHbJgCcuKnf00DpHjeYHc81/qHLFC89nEzjWnFZR2jaE0EGEKFny5kT+x3f783NEQvjuZO9cnwVZPQ+iFTJZ0CA1Bf3G0Q81p+rIWLsS4GzGpDL5mqzydJ5G+lDK/fQIfgA6lYnv5fVDk2OVWGcTlSNCBEE5OsMURDyM2/iqyMKfQUaCAoefVVUrUcISjc9j2jJRk7XQa5JcEkFwRUIPoBqMkWxooFiZHcqYB09ou9Y8gI12pN/b7Ls62C+MyUu9wqp6a4dUyJv04azsv8xPSrDDWCaPmJwyCyEr8VsWxXkaKEPdXKUBOupoLqFX3ffRY0PvOnsN3bGAUw7robXzRpaNnV7JIGsnz9sKEkJjSRhJvr67CZgmBK2GzU314BezfVk2FUY7FqHAVz1cCrb9Lde8KQiK4GysdW/RZAbzfSTk0hZV4FSeWK/2gODiUaJ0QR4LRr4UdaTTDJhZtxib8lq9J7Ir+Bgd34oQRM+b4GfVH3CpyuBa0+hRsZv4u7kQBaKYqXJLewSa4g1tXVOTlgvRz+5ifTZz2ho3d9EGJF9sRJZN+WU8RdmANcoLeEW32jpVp+qW3fsFBbBJ259wm7N2Ify+yDo7UeIx8HTEt0/NETuJWZIY4zZ8/532RF8ObWu+QIYhI3OMu88o40mrZzCfvAh7Jhb0o/cpZbr0ycSBTh0PmlgkPPwysunJ6CKze7gO9LF5otTej8sKerqISBYd737A7J9T1MOeLYGZIinWIdY9ZZKMrsmcsyjomCotQXklHAS1dDbj2MrxYKDuZszh4+TPb1ZUd4TmGED5Af/NaSNu3t1KKS6gWM7X3VYC0SwUDh2oCGNEr6KDAm1axkpNPBOdq35vmBd9x3HcxXpXP7IBUSv1yCPq3hy9Jv1TPEghCDjjzaJOol/URUFDUruFxOAbJnERK6YPeIKbBEEGXqkCVGOSBfmSw+ze0r4UEu72A7EKC+phl+i0o/kiYeOot24YjckX6nqw9XIhKOiLNk8cRX3XvMARMm1gnSH07sV7YTFb39VXKs4fIvhmSDP656j3wqIazU5ND3tfIaygTRjh25cxPUlebWTy/UBpQokam/TbKm5DOsRHr+vwWNAkMCvlUwYml8EZQkGXxZXDbikSu4TZZA5lzK9YqRVef6NSpYyXLSWmAeAeOG9Usw58HKcZud0FxOPCLfDnQLYhCbuwRCY9ccm8qERpdPHJUqABxjEaeHuve1THoGqhntBX3UFTGiA5wgabzoT1NqR/jpdcIl9XJOahAtOG8RFbJsXQOQlL4lK11sigg0j3+preTenYnl0yC3PaNwhiBS+CtsT9Mc8aLrWYN15HXhVTONBNjhznCcB3G/z224+pvLmEpTAu8RXY/wpp+lmg4Tp/qMkoqHGyELC3SXAngx7M+KohI5paFg/X0HHxCBe3+qzGx/diQNkiNmfipqILd9i8fKmENzNNESCpAGiffxYlf1VlxhlmrWDSlIS7XCgQCWbovGEMMi9zz557j9smcfzkxSqGoeha0i1euuRy6RtCv48b10okLYGW8drx7R/kg3xL8UkHGMpXIr1DLyZ95M/kGT2PVXqn2TSkDidchVTDBurG789+w726gq2HMLzkJLd6H4fORGJnperzI4u7KCCwbnyX1N5URLHhRLd70Ojw6RqyhSxXcuqBxvYCAgIDnbYZ76Bu1oPJiJrv6VPYtOGI27kH28oU+oDL26XqgxiLNIUDeTgpoT5b8C0t9Yphu7vMH9gPQt6s0ESoAl8VHUKPRXPcDmrgwAynZ5FRGUqeF4Scknx8GnRd0soGp0Vh+V2F91flVKHsyQ3uzD/DocxEVwkUcxHOLlyJ04v3rgvFDtLMiIDdv7u0/vPQ4K9ZetLEnbWuP+ZmZ0Nx3oduoHmAJ3TetGJzKxxxQesNZB8ZkGDbjd9O8/pEZMdFwV5mOik3joR61B0p36JxCwIGCxQQY/zYc2dEIUUHFZ0MjB2/Ipz9tk1Q+XKb40Foel1+dJsfS0XGDlKwlq3LrZnaviv9agVj01t4+S3ZyV6MUg8dcDaUAMNG7kI5qA3CDCYQR22XZHrryOnR6p24ZBSMhnljD1EIk9RC9B8JpoU99CNLo/UOBpGnMiKO26OM2qlebXHCS2Cza1G/wZgHeAnuooJzpBFsPsOli/kyMGCXtSPdjGtdugqFFBHU0NnUYe9eTXLC2e/6syO+ntJqVYioO0U9kP/WUVkuCxR33hBb2k1jeyDxQbtEkGXPNsGv91D15rzQgAj0FUDZNS39RZrj9gLQuXX6EguOH+LFgbWJb+gPQCB4gzYTX2YEch7gCA8VWhnTq9TvG4w68KDP0XzXlnQ+3iKkJwPMdhqvqaQRY0PZrEPqMBNGrlQsCp7Ri3Md8CCHfvWEWVAZH0cWgzbLR+3LnkOBZ7RiUFl/gCNuWJZLwl6NBdAQNMk9EFoCpMW04rj6TGUYVttwIE7NlmRTXXE6sFAz11ASYkZ7BZHB15FH+UOgj2ItgGT+D5CcA3PM3m1AzwDhBikZ0156ZOnx37RP8EapcJB1HSnMT5CEGe6PaQKt3BV8+X3yobMmQIfWWgOc/xMx/WqHl7kZoakf8whdySSxvoKbI/HtVdZjbRSzIx2c958A+v7TswHFLVAWhczcICamCr+cokQ4tGNakmUXes6ZPEfYvfwjre56M1Dwr6H7rTzB/bN9MijFhw/8bY68xO5rQcgBwa2ATygrfjKOvZXuHf6WHmPN7QLEQHIr/PxqYDmEYjNfK2tqGtUGEwBRTYuJPjBNd2pKD9LyptQi1jeqzq7+/4z1+lqfLbCiK79psaE5fgBRVV8WsFkNsan9eUOPwQXnCqQVgjgn+ePlwreB+BTBdXddBKKjIuC4OWTrx7CzSWI2SZqfJpxtN8vXV8ptChnizpj6KoNLHOxekoVkUAxPaEdm4m6j+RnWNYkHfqGJud1MGYqn6pZgrOfhR9CftK1aBXAsN7AHr/vcXY9zbLi5bKVXWSqSYb8vebjZ4s2v48o/VavbXFGmKN162Sn5t2WKDH5lgbj4CN5WVSBjReMpuz4a73RE4zEhSO3ys/yybvyWk1U6Bz01GFwsnrXhdUPaprFtBXIc2XtCKcA279g32lTg+3lxb5ATknJqyw0hrqdMFbzu6QVK7KL+bWX/gcLrrVF99ld0LlWxMTfaDy6mpMiJeDAILk8bI3D5hpsZy1D9YJZyz8MkBOkgotLK/rvsEehJd3mre0wqd30gFEL/j+kJK0d11T/NQjYdFPSqfDYvuk40/vEpqihBGx21xs1kkAlBUPKcykqRnJRMjCAYiW8cfhnumN/v8WUpfIYzXXdBKzQ6jSaulEcinTSv21/eY9/nR/247u75gT7OSHA5jGklU78mz7R5+vAJxjeCTEKN9fKTnjn8Ujt56Om/e3JCuupf9ceXXydm8g8dU6s5NW/gwA5QvAt87D1jlD8ovjH0PoiL7QrxTBA3BNVDDv+tJUECXlA6WDwlOXA6dcaiWBzBxzaZqkkqbcflPQUuLzWK1cdm6x4Mjceb2dFq/BdFGlzccgM1t5WSM7UYTZBMIbSg1lY9XFQvtnh6g89rhqLIephiXeXif0DWPapoPvHGnsIaZXy1lgHmRMmSQK3dapK6LO7Ax6dkrGxIYSnD/IEjsKM28RjnWWeBX+I1DPmKmc0Q67ePorKTLnALf4662R4cn+j1IbgaVOnAK+RN8pd/z/w9nIexA3tLBniJ+ordPLUm1R2O+w7bajwx18jEFppe/dT4TThsotPSQzH4ylzvsj17q499BBqdRX2edk+hENC64EjR/8dVKV/BiH6GB+q8V3fmH67RmKX2P8eNq7RZFXamUt2hndj31Se9aANtXhJttlKLw/36Od6uKuP7aCWRnNxuW+j2KtZyFGOaR4V2t0ZFwLpPYqHrfNbhLt1198BrXUIaT3Zm/yS/F9ACC4iDXe5MMXFTnzsHJay/gbgK+K5xIz9Dm8hoRiS1ktJwfkgVDmjaYyKQJWVh1C5A2TdnKS+JCDpJAGi8ehLbhdl4yYLVcgTlB27j4yDwUFMFZzkSdCDKxKHYDiCSf/w5HbvQ7l0e0QHSfRkTWLH52VxxtKHVTsjqJCT8NNZ4lb9QgDIJvafFEY+jl9tggQadUA3ZvUOXJ6f40wqX/btkGEHnVTmLSqyuGIYX3Wyn8u2RRjPARPaBJH8RE+gt5qhWOLELyxTnEY5serveGMz0FMuoe4UNGddc8aPdWCvmNypPs2Dj4dklki1QWThQIU0bWVYCph71jXNSJoPP0PFcYS5fU0Ro9ewqMuwtfnixJS7Mzpth907DeweSB8ZEaCqXTtj7fGKtFcs4ihp7gL/Q5jyqe6NRj8camNwaf0b1csgBe8fVvu6D9syrJPBN3kroaNd5WluWypLPHiJwjpULfxrZ4IieT6ZDAyYFCf/b8w5uHNmQf6vafPhmvpov/NwhgdCnqkcd+4MSfYFMrC7/0C9x7d0sl/qEwKsKGsxude+Y7CqvfKmssiyLA/W1bIJSTLizVUo2mQC9KF1o07nUjb0eESBJgIArtPh5II/9zQowoBGtY2YnRv7RWaED1IhPbxkvf8NNRhZAmJWU5x3Jwhl3Tx3w5cdxwvxbHvzrwIwRUxn5kMSiunmi0EHifTOxAHDwzwodegc9bKu3+FBVLds6DR6QlLS3yo+ezCDNco5FYiC/1GeVfdRzUjxhnzThUgwkAyF9WPy077kk7zNXRYVpy0rNJ8EaH/0qVm4DdBmZaXUqv9CctSOxNcd35arodMAT5tZUdStFkAVoahWWmViw7Ygv/PB0DMSwE+lqu8Gyx9EqF/XD7aT9BD4lfR1WmwyXVLkeQIlqCFjLoDbMKppohdhSG3nYyDOjszStFUJan5wiozrovUVOU7JcbSnZVitt8FrC8O0dPn+4fnHSO7z6/biDBWMIL/IgFip7DWGn7MJ6ykKlPn4wBGAsWfmYPTMdQ/ltN4IPN/OMoKQcUjO7cNPjrQ5mVc7KRVMdDl/6I9kGgEux99rDGVfYXD1hLt+Ekc+RdB6yYD3nFfhN6MIb3+JHkeuP/PUcbGXsAOQ58wcaxualf2e16erXsYjXfQpRx/IUAnP9lZeLMkthfmJ2/RMa7fhk1QwMCu8v8dsp7Xh3mV4K6LaFWh7j+Z0VhHEunWkcXxmlqNbYLPOokiKXt+2lAFhNX1m3rlGA0iXLmOYktWKBvVF62z6amO1H97lBR/1wsQYcKqGxoM9GdYWPvTIQ+wW2Ltx2WaHyacpXSFW21l+TCZRUlglXZzt7Ev6TVfUzPDIopjiNLJcMw1XtgXq/WfUMK2obSRRbKFCayWM885GO6TvqzKbHUcDXItGrcpec3w7MVSPWwdgWt+QQucR32cXPYzew1IAaFPHTXa2Qymj+wmDMA4rttan9QabIcjpWifsFKFwR3xb9clr/17rcBFTyr2vld9aqXwxNuZtGcE3PyIvBfr7vE2fgkpv6GjLGZBwdzgM3isssUli/UEQIJwpb4zMqzDRolBvCCZBpX1m0TLFT5l5hdsxLJlNXXjHKm8r6rGYrXjvL/LtTzR+7oAH6DNWS/7SyG3EhO4ZvvS+cf/NsTp8tiOdci9dndk9jZtyU6ZWIBwO10LQrTdoaopw5TsyKxKBI642y92zdsa/260PaWsYv07MYgnBLRa3ZeC1IKkku7EASjfXNLr/8DDcyghcUfP3ykfEFEodEJ/TQRJzWYWWVtpqBSKokA2G7bPkpEw0B8MfKWA42gmhMysv6lIaLpYJp5iimwvSplFEXRibMpF9QN6hr1vzkq1Emr+1CWVGAne+BpB7MZpoYY+bTyxqECjuqjLMIxRB+kUMDrOEbrsf6tfeF/uGMY5Uy6zeEClS7RITWB+BGjae5+hodnC3qDmAGYPFXYKO+JXFBmJYCbJa9Qhys68wlXaQxP6ohWH0PClqhQceoX8d+Qt6WOizmINryOrU6FBB2viZey8q5Xg9k0MaUF1jbumj3apVWYAjWhn55kI5Knny0xD1q80xgNUFqQJMiHaav17cPK4K7nLLK6HT3Zzt27uRSXLIj1IPGleE/RF0AM2cyY8WIzas34huzeXdOD210RinrToWrrMBPiEOdXqaMecOFUi4MKox3GDImxr+PC5Z07zgOFKfTSVcYQ0ACh1rUa7Iyt2i87hE+Nci/YUvy1l8f186x4+JIl5tc8SzzhuwjjCvMik23ljXX6b+Kj5BnHEi54BN5vOzU8hAXjZsARVQDbvMrrNduACdj7WSek+Utss6XgsTMW9q9ktl9Rn6wDRWKxE/F06syn4vF2q/Z69ge5VCKObiWIt+HxTbq1gSnl+bWcqMDndY774O2tvu2sU5t1NelTKifwIBvG8Pxd7NnYT9bANMtqGagMN4DvpX1bZOUBbcKK6Saj2c4sSZTenrOEYB8s43Cr1Vd6Hc1sSU49t1SB0+Y6TvugzwbR3YfERMZDScsttAlgC4t/hC8uoTDgcrOt/WDbVkdu90861MpNjvrobsrwjg9r+AScbtNUXUqpa9dzEkqb206gt+OeZRnw6SKtXoyWbhFJxhe8tBb+VWgY0+usfWZsSOvWXvHNRf6/CLJbM1gavcnUHTSOFsilkNrBbT7mSlYOEHK3ZTXd8jhe43iYjHIE3tISW82+8GsUNkyzkXXvi3CypySSWBbfvrggFshT73rIBnSUjUZciildyuIiH+SzstELpL1FZMVu+cCg62A6cays3MbM6FclHWKGH7ZeagNdWhsfYk6EgNmICOx31J6FZqnU2ngdGTjsak6FC3hpR+gTmLi3gTeLw5uOXfDxZgQ4epD0dimTGKmN6b3Ron4FineewUnF6ur2MBYQdEn4Qpi7ltXFA0ZaVz6EwYdqz8itsfGX8i199bFeaOZS45vCaescc/3YQ4BMo99Cd6W6X5O/JIlax8F0CIzoCIogsSc8r1uKuwXkej70X1Xhe37LABSUgABkywXGDS28bNACpQWdpLu1Pg9TVa264Z0ULCrwZBO8z5kS3fp3G2fjIX2w3L/4iLX/F3bdd8cT0ZD8H9jYzBE0Zhzi4NVwDMJ126Pn1m14QO+JPwu3OvtZAnEKQMr/CRzqS3R2pulMc/JMt/9XIa95u2E6pNApfaVcWAqgBvjU4cxdpy9McPO2shVbeRLRwmHkwoc5oPBYOnLFi01lmXzSwCulBcBkTh9gRdWzq39GrdxfXOAvNaUz0Aw4r6BzIeS6qKRhg5YuwE4B9BTmxUFkDIGWjnpqpKAOPrEcvX40GjyZB7FuC7cjHmxx+qNrBsCDnrGNE9kayZQ35qqRr07wfskwVCaV1nbwAeSZPwI12cgdaSYBpMoMcoILF8jXKrn7Hx9CyK6wpbRQCyEOLNT3eu7EDVI0iypMmXfRroF/FwEFP/jzGenN71S7Sf22BnlEkBxvGJWq2wnfSiFEqQE+Wuo5tsFFQzAKEA+0nEr4fl6LOxpF8KnOOaKMTs7LhcDNLmfgQGRuc+kQTB3Ar45qT3nUv3Vs7FRAH1D7j4s+t1l2o13XvuI+9JDD3UJYlhpGbxEl90IAyhOTGCZ8RXz0SQxJw8kr3UGmMG+BOQM3/z2eH9PMsfnht5guhJj3ELy46sSc9AB74Mm1Nzgwoj1IRV2gKCkMlTtNp4xrr2fS3xAg64o7yTBgz2puYAfzDDA4pNMzZY6l3xMLxKhnJIXK/h29AT2fRDIqXmNt/Wjophmy+Ew6fn6bn/VWUUlWlcuar81ujutGAqgfN3NC8qhELenkRsja/sLHRRdm48r7cKJjTqxqiLWGjnxr4Hfc0gyS1pNW5pHHgSnBSjRINETIBvZTCM8S3zcl9bUmioLR0BCXMO2vQLXwZe6X8TUpdRtrseK3/PisVEOmVrSJRGca+l8Nm7amT0dMnQhABPj3wwMSApg9b+VFqdIrTQuPBsOgpbACYg6GFuBpfPs0z5nfmmaYLokibk6IEeFT79KAt7e+ORQhiLY9pBE0ASQVJeB/Ikne4UO8q03M/OjgXSQJCKmDfvPH02CBr4pm56iL3ce8GmRZLU8HBrpOBKeSZFrSPYcBabNtqI/cZVGRTWI+ca0NetvJBo1GhQ4w08Mv3iAKGLYSib5/KZqcwh9uQT0ST9iyFto/wAdebQlhgdUgznPCzW3ffbTMf288FE2DIdE0n2d1p+nTOcfzWkNG5lfLCTniQrvXOQhgfNTRQHc7sAeqw46lRYQaaPTe+vFB4DYBPjtvQHIBB5uuhXbjvUQOWigcABnj15dX32y4EIUDinfCHgVlWQxYjR/mAsndoQLJ4YySUoWmbiUkaWS27dmmrC0mvjbJ4Rww76Y162vzvRxuNkRyFuVkB70ZJHhDN1MOgkN+Yl9b1iNQICihMrasgK0MRzfdmenDv1GBWbsIh9oO9TU6mTMHTRDnTCj/MXHv8SnYJFjZivt1ZWaPE4pgX+dw1j5p2mpI+vO6CR+qvoHmFDKFqWFNs4vScTGhkpQx9jiuqzlnT6ntmcG3ZKV5+e9CjOAg4aAt0K7VgAvzaj74YqpJPC8WiTdv5KEZAxKiy7xcO2k9syD8SgSa8DmxzMfQh+WK91Zt7QLE++ppY2ykM3++FAIR9N7RXxSyZnfvqQ4+gICAgICA4j1kSEea7pMFddYP5mDVHqupW7BYsYDVLGuG+N0A6pKFfYNJyn4ApSJTg6yHUwc8AOfzXMDT3GvRFUzsSGYEdsodDwP2Y7GwFiAgh1sQeJ8dqRDd9L6173pL96Wrn73vP32n2rdYd31M/D6+Pwa7c6d+Ddu9s7qttH7p718AyL+CJ692Fw0kXtBq48D31l/gv4OQwiICSDrlJcjzEyolrWjf26oZFHaFxDSwsfDEfmxw+G3fPbyzsEmiJOvr0idPtgI4j7poV7k8N9cvQqN72dYfgD9HLdT3oe12PqUorYO3QRIIJFtKIXPW/3mj/sD5mAbkJ48l2cC6D/i5t9zGqzfcgU0rh498DXBOF/38Q5KqdRz/DaiV67cfpyBcoW3/e3V31pFEF8YqXr294qhcRFVqu52EO/U7jc72emCD8mKxkBjsHcCXhdPYzMSj8k11JYwQjS50j1VNx/VraT1Uwr00FJnL52zLJ9WlUo7Va/65qLsH6IxhSsdAynSZx5GFQXZSRR75fjF8pzAUpSvppdDWpIsaTqDI8EzTn28pmfd6cbCMVJXoQrmlgt5YzaSlTtUW94sDDyiuSjcpVsLEADbehqPLohulem4ShQK01hi1gl/335PeN1602S4yY1gMSvK2578ByEcJaIiswSfrjBBXQlSB9H0qNMqeu2sEhxn4NQyfEBzr2Ex7US/Y/zNUDybhEeDodsE5II5QWYPTCExTu1+/I7E15FUu7MjQ3YwWGneFOc+zy/Ce93B3FtF1PKLd3M60zPPiwg69MyANE8Ibs69zhHsp3+QM7eyQ8zoxUPudZxvIQE17khjOdi5+y29hZVCRoPY9xtuzfEqrLO/PnX+U7OxZ9ep3z7rqXtWwvQVUyqxPwtK7ApuJrV+DrvEqgoL+gOxjUhE3Xswg676galW/NWP3CqVcmsW5U03B/yBxrg9MAHmpSy9VTK38CB4eO5/MbowJ4z1YYPuRylam7u94h660dAwLAJ2ZbBlrS/5rg7TciCXiDIMaCK8wFMwbu/Jn3wOVOcVLjoOZsstXQjaSrNmje+6dpbQ0O/kzhiZE3tbihGJBzmBwFItdAfn1KJFYEiCshlpHeyaWPwxIyQrjovpD8eYMPk4hJ+wj/4wtNo7m7/flC9a/VQVcvjzmLPv59dFhbFh/NbGyG2eHLgYABiC0+UwlpQG5UK4/o6mvObZhQa8mQLHhonjPQmPLAtY9qL3/dQIq1PxebOK6jbMGPvfP1ZPBKR14iMi50gPPYRQueLDnSmZPkes5aDI+z/Z60WwAfnNU1l9ELjzm53g7Mj+jEfvZ7WQi24AZQVoXcVAdlsQMXSpoJTCkmylreEsRd5kHy8OLL3GgGkPtGHhmU940++wliN3IQcsMtSwmCmS6bgkpKaXmKcG3iz4LdFkhRBzuWnakJf8OkoYi1QUqYkSB1o408VAEFwucx/TE6BFRxyAuKKNBJ3BvbwMwWyRO+18aI3UrHEVF98Qw0hOofSJVLHElgfRaw991GLnzqnxoeTv1ALmY7JqDRsM93h4q1or6F/Kd0Np4PQ1ydAGjFRiYOthbDmS5upXKkEntJfqmGmEz+8BVTBmDUaTnEyqVNAnexueHoytDZWfsY+O8WJpJh78IT52q/3a7P9g6IeWKbFs9TYVvbECQ8ujoWbDV4C7TQe/wuc/ugqkyYDrLQtz5IUmZddtXO744YLJRg4M+SAXCLBpqd6cZfnZaOdrViACma77BO7bQmMDyKNawlXQZ1b2z9Ri8HzsCjyr44DIRnerY1lRBLJfD3znrHk7bP6kWaBCavFBIdZCjAcHntpVhKZweGAe7YRwNOiG/hSeEJbaaeNyVo3FZv0tkOWNJfJaAexIhru0smxCZcvYJNDC6CSQe+RFYeELCT6XsgTGLIHSdGZByCZ37ZjAHwPhOt6A45Vq0ryW9k/kf6S0OfkshL4JSR5ED2Bg1UyERa94KJ+9v1w8mQ7XFvklolQ9rP8rOx3p9rkBIJh3aLpmWDjyNXkPagAK22Rc0ZLXzaRcjBvuS5YORhF5D8AG5qUd0JjKhvi0VR2+81IezTr2xgACbzPAlkEDl50TLHwvchrOg3G39UrU0ReHIx2Ac/AyhDAPzNFFTrR0GH1eHvwrUUYEl+ScV4CZMw8E+8QQYJhU80Zf8q4To3t3A+cACyxMtXWxdyQ5wQMr4ph3Cp8i05mCUqyahtbxZaqDvyq0T+sFzvWlNUbII94spYUQVx2OVtXxJ99Y7iYmHEXBLEm6b7TdjQTVLBgTWCkqe2qObAMn1H5ZNiAQWv3dav4WnQHXBfThG80Uqxudw6Uq7+AvQZbbgUNJz9MVhaxOVUwZ1jZinZku+IzX92BJoAo0UpIq8Fv7plcizCjoeIyHBtp+yO5eD+0tgN6dCeMJAQa/zpmoTPMEKtMujyEY+iZfYfCA8Rn20pehT/jnzYd/e7R889PoObmGX6A11JwcUat/Are3r8iRt/iugn4PjYjb4mMpeRCuKvRliG6qSnl9PzYVqESTgWiGwI5ynpDnmEhcHEO+CdiM1fP8ruxK890Yprp5OEiG9/GmZwZzWGa3G/JpJvpTFbyhZD412fZC6BotSFOGqmcec+sAzzkTIczPURUS4rZB5IRhs3CRp2HlHUggWSALEbUjCuyTWd1DC8Dbd17Wg6GglOPyQ68xkFpmYiL2N1Rp8ZIW+jXsmc0rpCKDMwuBgE8RqRcl88NxOjzEaZ1tJOvz3go4p5KnU8dvcmpxasXqcSPgI7Ft6LsqbxpqQUVHWNlBQepijVgHo7OSfr/WCw7Q23BY8NQVoWHClHn+Ruhf6hmu3evrTyNx3BNAE8PHtIq371niyQb3ZjaH+Vz73/0fD4lDM7s4r2gnMYiwgOUfsuAHhWn4WoDeX6jSn7Op4KjcKwEALHaFVHo2xpNc9GHaTWAhnOheDGAGHfL/XgWTcyrenYkbO3aJfG3DiMFsoYil+VwgByIn3fTnMqhzwULIbrbw5xdAfvJf5FE0NUJTZlQzSAooICNexQy+I/pWU4+Lg3HYeDsJ+Impc462aQycdxJArW5cLM89q1uc1t6VbT/0NMPTmNDGNkvbRa5o4wF7UpPacSg4mR4egWx35h+DQFtXiPUlP/wrKK/3Fz9xqXu7AfUCZqEZ1DvOBwwb4VZRkxPGhVXThF0arcbtb53tBvJIvGUzN5vRWGr5+hXaboUJGCEo/V5rUwyqQHJ2FzHEMXk02Giu+3csaPN5CHRQwIBNBCQq6pJdlqI2Fec4ZhlWmrzDj3RYVvCIgF8EUIIEGr2uMACtqACt6UtZe0Rs8Q5g1btWZMKRUwpabukA4WdccmIMldOoo0Hz911QvzPwKUP4W3wnv7AWZinvJDpy70X9zvT4ANX74hGN8nixl5Vqza1AoqgFyV9pM0MSBMdr3cvJ+WGqKEDuF1mbmIYwGRyMVSauZnDOYH4R4U2INtoJV+J/LZciRvdl/gLC2Wpkt5+Lr75PB61Upu8joDKOnYfdTpD/yZDFcILFkgzdxVO75ycJuX4MXxy99QUzyMpQtjVyPtiP9yvOS1Sk/catkn1tuPQHvKPFX4nf0snM+oLT7mk3/LX/ImRnkXztrztVwiNPCC95yi+/71YLiBLNCe6rh5TPzyW1ue9tFkR97KHvr+MnyEvZq5a3O/ChHwgUPL6FHjPY3V9CgoV+x3cwk0VnzoUmZcPkOQofL3FA0kXdE6B4dTQDk5iH8rJ6ff5fvwv+FAT75rtupXXGLyw5RcXPXqoWpOJTPN/0IBAVlFnq4c+S4Cs7ouZSsrwCntYifY9dQ5o12Ao176EjRbw4qCIAr9vjoqtjSxwdbTKcPFoUzDgj5hGjSweRQ/jd7c7tHozkf1DgkY7EmMjPmKGQ+WAKP1TACgNVnMg8o/LjrF8XPkNFiSAlAwLb7byIz+hha2ZKu0bPnoaecDMXDTc91Gj2UEExetqxtfy6VTsUteVXkOY0eiKTAyLD5oNaF5z62P8c4QnfJE/tttxKzFWbxwp2XGcF+LOnjtIVgnv5WC1Ch0FwVVJdoXqJvcBcfV8n1NtDQbzuafvX2xPlYFOqihJEz40Z5QwPrOr3aVcYdbWYlqRo0LseqX5ANZ2Xi6lpDGDsIniUry9IG9eoO8hKCd3AVIj+DzBUnUCI0EuHXjHxXL6IbQXRsxkBAQltGau0KM1xkFy6iiKI/78oNvWsYGcGFwXZ3KleiRyMyaqh7ZLQaT/ELz9Q9W4DtPt3ihYy3wgecgGOCZYBCdIpaIZbxHc6htv4kyJ2SBmBdUxYuhuitr5xrkuqk1YdU69p/+El92qLs+OI/LOI4ISzRdA2PZtcDNraPVnQAcY0wMEJrhcr3hOUhAdrIJMry0brikjmFC+xRV94g/L3TS0hcuPonNVcnmPUejbAMm/u827WebXmytrC77RhG+PnDE7F+/MwC6kvjOdTOlav0IPsQH4nBwDyaAIOnzzThcfRBCCNh43w5rVLtJTJLNU5syJtQva7KSxGIWxklqzRlyWWghgnwza0LELq9YYx4FB/0XQ8MQWOMLueIpyFdhHEhw6tVh0iOzQ8X6O3Fgx1jtkDe2MRMLnRjTNEfTE0h/AmMSq3gAQ8oAGLzWmywjoUMxsZz7Gcgdk+TycVxbiAbki5rgxmvroul598WZfWoV9nh7Qwd4cJnXWJ64fWSoKBvnNgxU93qOIxa/2jsaAPZSuErg7dqrAjr03jQiqDU2LMo4QzDVXm9kkV7YBZ5R2oBrIiMqGCUtj8p8idhkKT6Qjylp5ynu1Oekkj1u3eM3YUZWFlEtMWBRdfy8XqMr46WiowaHn3CS4FMAci/y/BbiTGfbs/CRk77gBxBpJQI9hNfsyNyhEubjtj/M2IZAG1LYvQ7E0kqd3Dd7ZQjis0D2uQk5MkyEYqLZYp2astrKIm+o01j8qDMzXt9LckG/3GzCkrqe8RvtHlaDLDjSB/65NdKBLDwrleG+qmaQV0pIvz7gvIqV/dId3g3UcyUCnayWocPE7hehfeBTSESi/IxW7trhieZNK4WIXp6vmACqYp4vwUcTcr0ZSPaH0g9o9AyOsNTNIky9P/ZAAEAGgBAAAE7AEAADwEFOwIAAAAAASYBqwAAAgAJAgEBCgIAAwAZVGhpcyBpcyBvZiBGaW5nZXIgKDUp</BDB>
         <SB>ZXlKNE5XTWlPbHNpVFVsSlJqWnFRME5CT1V0blFYZEpRa0ZuU1VKQ1ZFRk9RbWRyY1docmFVYzVkekJDUVZGelJrRkVRbFJOVVhOM1ExRlpSRlpSVVVkRmQwcEtWR3BGVFUxQmIwZEJNVlZGUTBGM1JGTXlSBmxOVVhkM1EyZFpSRlpSVVVoRVFVNURZa2hKZUVSRVFVdENaMDVXUWtGdlRVRXdVbEZOYWtWTlRVRnZSMEV4VlVWRGQzZEVVa1pCZVUxUmQzZERaMWxFVmxGUlJFUkJUa1ZWUkVsM1NHaGpUazFxUlhoTlJFVjZUVlJCTUU5RVRUUlhhR05PVFdwSmQwNUVSWGhOVkVFd1QwUk5ORmRxUWxkTlVYTjNRMUZaUkZaUlVVZEZkMHBLVkdwRlRVMUJiMGRCTVZWRlEwRjNSRk15Um5sTlVYZDNRMmRaUkZaUlVVaEVRVTVEWWtoSmVFUlVRVXhDWjA1V1FrRnZUVUpGV2tKUk1GVjRSRlJCVEVKblRsWkNRWE5OUWtWYVFsRXdWWGhFVkVGTVFtZE9Wa0pCVFUxQ1JWcENVVEJWZDJkblNXbE5RVEJIUTFOeFIxTkpZak5FVVVWQ1FWRlZRVUUwU1VORWQwRjNaMmRKUzBGdlNVTkJVVVJvYm5ZMlZVVjBlV3hLVFhocldqBDBPREZFUWk5U05HOHljVlZOVUdWc1ZsVktlRmxpY1dKWlYyTkdNWEpQUjA4M1lteGpOelJtYVZsdmQwZDNiRXR0ZFVJNVlsWk1aRkZ0V1c5VmRXczFOMUo1VUVsR2RWUnBXblIyTlVwd1ZreE9VVWsyT0hCdVVDdEhRbU5UVlhGUlJtdFlVaTlKWnpGMVJreHRPSFpIY2xwNmNFMUlNM0pZY0U1RllqaHpTR05IVFdGSk16bDVZazFFWTNKQ1RFTkRiVkY1U2tsRWJXNVljRkpVTkhWc1ZtTXliRkZ3T1RsT1ZIUTFUMWhwZUVObE5reE9jVGMxVm1RdlNrVjBURGhrUzBGMWVVNUxhRTFMZGpCRFNESlNXRXg1T1hNMVJtTTNOMVpXWm1KSWIzZE9TMFk1ZEdkMmNVUTRiVWhEYjJweFNHeGlUbmxUUzFSc05rbHBTVXQxYjNkTk1WTjNNalJKT0ZGS01HYzBTamRJVlhsWmNHdHdRMmh0YW1KQ1YwbzJjVFJ5Um1ZNVZHZG1TMU5uTDA0eWRrdzRNRWxZYW5WbVFUSm9NMUpNWkVnMlN6ZExRbFkxUjNCM1NtOUpTRzV1YlVObFoxY3lTbGh1VUZCcU5saE1TeXM0YTI5UWMyRTNTRGRVZVc1S00xTTRTVFUxVmpkc1VHbFZPVXhqYzFoMGRGUjZXa3BLTm14SUsydHpZbVpyZDB0UGF6aEJZa1JCWkdzdlYySXpkSEZ2WWxoNWVFVlVUa2N3VlVvM1FtdFhNbEJMUjBKVGFEQnBRVWxEU1hOd2VuWndjRFZCTmpaR01XWmFhbGw2ZG5SSFJXMXROMUZCYVdaSWRVVnBaVWhDTW5wa1ZVZzBiMVV3WlhSaFJDODFNRUY2ZDJ4V05VbFdTR3hST1VsemQxRlNNaTltY1V0bVVFbzJRVUpoVjBadGJISlVhalJKZGxaRlVFeEViVGR1YkZWMmJHTm5kVkp6ZEdsemNEWXdaMlZITUU5U2MyWlFabmxJUkc1M04yZE5UMUZKUlc1WVYwdzNSBll2TVZWV2EybEtjMmN5Y25aMU5ISndReTlpUjNVMWRGVnBMemRtT0ZkbGQyUndZV3hpTm5SMFRUWnBSVkIxV1ZaeE5FMWhhWE51VVRoblNTdG1UMnh4WVZvdmFVWm1RbGszT0had1Jpc3lkMGxFUVZGQlFtODBTRVpOU1VoRFRVRnJSMEV4VldSRmQxRkRUVUZCZDBWUldVcFpTVnBKUVZsaU5GRm5SVUpDUVZGRVFXZFhaMDFFVFVkRFYwTkhVMEZIUnl0RlNVSkVVVkZ0Um1sU1VHTkhWblZWTVU1TlNVVmtiR0p0Vm5sWldGSnNXa05DUkdKSGJHeGlibEZuVVRKV2VXUkhiRzFoVjA1b1pFZFZkMGhSV1VSV1VqQlBRa0paUlVaQ2FFazJXVlZYSzJkU1VITTNka1pxYzB4dVUzUldkbEJYYVdKTlFqaEhRVEZWWkVsM1VWbE5RbUZCUmtwbVlUWlhRV3RpZVhGSllqVnZPR3BOV0hwSVQxaG9ReTg1VTAxQk5FZEJNVlZrUkhkRlFpOTNVVVZCZDBsR05FUkJaRUpuVGxaSVUxVkZSBXBCVlVKblozSkNaMFZHUWxGalJFRm5XVWxMZDFsQ1FsRlZTRUYzVVhkRVVWbEtTMjlhU1doMlkwNUJVVVZNUWxGQlJHZG5TVUpCUm5aeGVEVlZXSEU0ZFVWWVdIRTRUVTlvVUZkWVZFWjZlWE0zYkdOVmJGZEZSSFJXVFVsWUx6QXJUV0ZxYUZoR1UwUjVMek5MU3pKelVXNHJaVlZJVDA1MlZ6a3lNR2wwUVRoWFdYWnZPVXRwWms1MldsWmtTSHBoVFVScE1HeFdjM3BGUTJrMlRFRjZNWFZEYzBsMlEyeHpVbFIzZGxoRmVrOUhSSGhpYUVsYU5sUlZVak5XSzBzMU1uTktLeTlSYmxad2FrbGtVVk4xTkhCb1Vta3JZMEpKVVdOMFNIbzJPR0l2WWpFMFp6VllNREo1TXpGb2RVcFdiaTl6WkN0NWMwdEVaVEUwVEcxRWEzWjNSRkJvTnpod1VVWkNaVWxCUlhaRWEyMTBhM2xGUjBKQ1ltNVVkSGx0Y0dFMGFGaGxSMEppUm1VMFNHbDJMM3BtY0VKSmVFdHZUbUk0YWtONFUza3JTMkpUUWt4eGVFNUhkR0ZoWlRaUWRWcEVOa293VEN0QlJsaHBSBWR1Ynl0aGJ6Rm5SVnBPT0NzNE9Ea3dRbFZsVWtORlJIbGhNa1JKV0dwamRuUnVPRm93VG5KQ0wyeEVPVzU0WlM5R04yMHhVVmR2YUVWdmJEazFNM295TjJRclFWY3hTbkZoTDBWWlRWZEdZVUpCVUZWQlRrd3pjblZPU1RsclVWVlZSRUZJUld4VWNreExaRUZsUkZOU1dFMTBaemN6YzBsV1ZXZGpUVE5vVDBzNU5HTkVPRk5uSzNGbE1XMTRUSFUxWW10WWNVaEJaVUV5YW1kVGJ6SmtjRGxMYkVsM2RFNVBOMlJLUlhWR1lYZHFiRFV4WkVwVmMwVTNWR1owYlVkVVJHOVFTMHRQSzNsWWFtVk1UREJpYjBkTGVTc3hSRkUxY0VjNFlqa3ZTalUwSzB0VVJVdEJTR0pJT1c1c1YwbFpVV0kzWkd0UU0xUTRObkZ5ZURkdlZuSkhkM0ozU1RWcVEwMXRXbEZCTkhGNE1IbEdWMkpGUW1ONE5tVXZUa2xDWlUxc09FZ3pjRTAzTkZwcWJYaHZPVzlKU25WV2FYRnNLMUZKT0hWUFdIVlVUREp2UWtvMGNGZDJVSFZ5TDNWb2QyeEpZVkp5ZWpSa1ZGa3dha3ROYkUxRVYxb3dabVZTTVZOb1dXaGpaMVpaYkZWQ1ptYzRlbVZ3Y0U0eWRrMHpTbTBpWFN3aVlXeG5Jam9pVWxNeU5UWWlMQ0owZVhBaU9pSktWMVFpZlEuLnV5cXJ3cHp1eXRQTkxtd0lCUDJ4eXd2bjlzSk96Xzl3WVJDSGFpNDRTWHQ2cGE0M01FM2liWFFWSEFuYzFpQUhORXZ0cWpLZmZDM3B6ekdYNXdpNVNGZ0gyUUVpMF9oM3RXVk9kMnA3VXp1X253Tm5nTWE1NXJtRlhoSDJybGI5LXFBcTJaa3ozY1hOS09jWHBoRk1xRkhGbm9PMlZVeXN1SU5LSE5uSkJRdElTTmZPai1DMkdYTWdxc1BlWTkyaFFISFRrYms2a0JoWTJzcEdkcjhSaFdvcEpLVHhfb0xzc1dfSjBaMTNfXzhaYTFIM0lEb1huc1lOZEN5ZHhTX2lvQnhyb2tRaw82a0VFZW1HNkR4ZW1ZZmhpRUo3N0dxVDY0c2VtQnh5eUVCTWNpTXFkN0poQ3pMb29SZmpCQXg4d2JNMXBqM2g1TzhaS1pXcWpUR1ZTQTY1aTNaT3VCbm5kb1FUbzcwODgzQmV1QlNaOHg2XzFyaHdOZE54UzdUMmdmSUQ4YllQZDctSWxWT3loN0wtUGVKSnk4aXBCRUQ1clR5QjdqTUUwWVlXRk1pU0hfUk5TZlh3MUVKOURxeGU3Z211ZGNQNVBfTWJ2VGhqQVh0T2tFLUxvM2Q4TEc3ZFdFdGVhMkF4d0YwVHdKREpRYkJMUlhZQ0VKZ3FLQkVqUk94TUdJNm1NWkx6UUs2VDlHLVd4ZnQ4OVVlMlYzNmlBN3dacHFQWXM0U2lLeHhNZllNYXpkc19WOG0yQlJpNk8yMThCYV9wQUJjSGVDcU9RMmdGc01ndVlmWHh3LUxlOTVuTHd0RW5zMTRVaGhxRmVSLWRoOW8xbEN6OXh3MjBmNTZUZ2Y0dVE4T3BubGMtMk9zVUdlUlI0WGVtSmFxSV9mN3BmNGRzYWxZ</SB>
         <Others>
            <Key>EXCEPTION</Key>
            <Value>false</Value>
         </Others>
         <Others>
            <Key>RETRIES</Key>
            <Value>1</Value>
         </Others>
         <Others>
            <Key>SDK_Score</Key>
            <Value>0.0</Value>
         </Others>
         <Others>
            <Key>FORCE_CAPTURED</Key>
            <Value>false</Value>
         </Others>
         <Others>
            <Key>PAYLOAD</Key>
            <Value>{"digitalId":"eyJ4NWMiOlsiTUlJRjZqQ0NBOUtnQXdJQkFnSUJCVEFOQmdrcWhraUc5dzBCQVFzRkFEQlRNUXN3Q1FZRFZRUUdFd0pKVGpFTU1Bb0dBMVVFQ0F3RFMyRnlNUXd3Q2dZRFZRUUhEQU5DYkhJeEREQUtCZ05WQkFvTUEwUlFNakVNTUFvR0ExVUVDd3dEUkZBeU1Rd3dDZ1lEVlFRRERBTkVVREl3SGhjTk1qRXhNREV6TVRBME9ETTRXaGNOTWpJd05ERXhNVEEwT0RNNFdqQldNUXN3Q1FZRFZRUUdFd0pKVGpFTU1Bb0dBMVVFQ0F3RFMyRnlNUXd3Q2dZRFZRUUhEQU5DYkhJeERUQUxCZ05WQkFvTUJFWkJRMFV4RFRBTEJnTlZCQXNNQkVaQlEwVXhEVEFMQmdOVkJBTU1CRVpCUTBVd2dnSWlNQTBHQ1NxR1NJYjNEUUVCQVFVQUE0SUNEd0F3Z2dJS0FvSUNBUURobnY2VUV0eWxKTXhrWjl0ODFEQi9SNG8ycVVNUGVsVlVKeFlicWJZV2NGMXJPR083YmxjNzRmaVlvd0d3bEttdUI5YlZMZFFtWW9VdWs1N1J5UElGdVRpWnR2NUpwVkxOUUk2OHBuUCtHQmNTVXFRRmtYUi9JZzF1RkxtOHZHclp6cE1IM3JYcE5FYjhzSGNHTWFJMzl5Yk1EY3JCTENDbVF5SklEbW5YcFJUNHVsVmMybFFwOTlOVHQ1T1hpeENlNkxOcTc1VmQvSkV0TDhkS0F1eU5LaE1LdjBDSDJSWEx5OXM1RmM3N1ZWZmJIb3dOS0Y5dGd2cUQ4bUhDb2pxSGxiTnlTS1RsNklpSUt1b3dNMVN3MjRJOFFKMGc0SjdIVXlZcGtwQ2htamJCV0o2cTRyRmY5VGdmS1NnL04ydkw4MElYanVmQTJoM1JMZEg2SzdLQlY1R3B3Sm9JSG5ubUNlZ1cySlhuUFBqNlhMSys4a29Qc2E3SDdUeW5KM1M4STU1VjdsUGlVOUxjc1h0dFR6WkpKNmxIK2tzYmZrd0tPazhBYkRBZGsvV2IzdHFvYlh5eEVUTkcwVUo3QmtXMlBLR0JTaDBpQUlDSXNwenZwcDVBNjZGMWZaall6dnRHRW1tN1FBaWZIdUVpZUhCMnpkVUg0b1UwZXRhRC81MEF6d2xWNUlWSGxROUlzd1FSMi9mcUtmUEo2QUJhV0ZtbHJUajRJdlZFUExEbTdubFV2bGNndVJzdGlzcDYwZ2VHME9Sc2ZQZnlIRG53N2dNT1FJRW5YV0w3RnYvMVVWa2lKc2cycnZ1NHJwQy9iR3U1dFVpLzdmOFdld2RwYWxiNnR0TTZpRVB1WVZxNE1haXNuUThnSStmT2xxYVovaUZmQlk3OHZwRisyd0lEQVFBQm80SEZNSUhDTUFrR0ExVWRFd1FDTUFBd0VRWUpZSVpJQVliNFFnRUJCQVFEQWdXZ01ETUdDV0NHU0FHRytFSUJEUVFtRmlSUGNHVnVVMU5NSUVkbGJtVnlZWFJsWkNCRGJHbGxiblFnUTJWeWRHbG1hV05oZEdVd0hRWURWUjBPQkJZRUZCaEk2WVVXK2dSUHM3dkZqc0xuU3RWdlBXaWJNQjhHQTFVZEl3UVlNQmFBRkpmYTZXQWtieXFJYjVvOGpNWHpIT1hoQy85U01BNEdBMVVkRHdFQi93UUVBd0lGNERBZEJnTlZIU1VFRmpBVUJnZ3JCZ0VGQlFjREFnWUlLd1lCQlFVSEF3UXdEUVlKS29aSWh2Y05BUUVMQlFBRGdnSUJBRnZxeDVVWHE4dUVYWHE4TU9oUFdYVEZ6eXM3bGNVbFdFRHRWTUlYLzArTWFqaFhGU0R5LzNLSzJzUW4rZVVIT052VzkyMGl0QThXWXZvOUtpZk52WlZkSHphTURpMGxWc3pFQ2k2TEF6MXVDc0l2Q2xzUlR3dlhFek9HRHhiaElaNlRVUjNWK0s1MnNKKy9RblZwaklkUVN1NHBoUmkrY0JJUWN0SHo2OGIvYjE0ZzVYMDJ5MzFodUpWbi9zZCt5c0tEZTE0TG1Ea3Z3RFBoNzhwUUZCZUlBRXZEa210a3lFR0JCYm5UdHltcGE0aFhlR0JiRmU0SGl2L3pmcEJJeEtvTmI4akN4U3krS2JTQkxxeE5HdGFhZTZQdVpENkowTCtBRlhpRmdubythbzFnRVpOOCs4ODkwQlVlUkNFRHlhMkRJWGpjdnRuOFowTnJCL2xEOW54ZS9GN20xUVdvaEVvbDk1M3oyN2QrQVcxSnFhL0VZTVdGYUJBUFVBTkwzcnVOSTlrUVVVREFIRWxUckxLZEFlRFNSWE10Zzczc0lWVWdjTTNoT0s5NGNEOFNnK3FlMW14THU1YmtYcUhBZUEyamdTbzJkcDlLbEl3dE5PN2RKRXVGYXdqbDUxZEpVc0U3VGZ0bUdURG9QS0tPK3lYamVMTDBib0dLeSsxRFE1cEc4YjkvSjU0K0tURUtBSGJIOW5sV0lZUWI3ZGtQM1Q4NnFyeDdvVnJHd3J3STVqQ01tWlFBNHF4MHlGV2JFQmN4NmUvTklCZU1sOEgzcE03NFpqbXhvOW9JSnVWaXFsK1FJOHVPWHVUTDJvQko0cFd2UHVyL3Vod2xJYVJyejRkVFkwaktNbE1EV1owZmVSMVNoWWhjZ1ZZbFVCZmc4emVwcE4ydk0zSm0iXSwiYWxnIjoiUlMyNTYiLCJ0eXAiOiJKV1QifQ.eyJzZXJpYWxObyI6IjEyMzQ1Njc4OTAiLCJtYWtlIjoiTU9TSVAiLCJtb2RlbCI6IlNMQVAwMSIsInR5cGUiOiJGaW5nZXIiLCJkZXZpY2VTdWJUeXBlIjoiU2xhcCIsImRldmljZVByb3ZpZGVySWQiOiJNT1NJUC5QUk9YWS5TQkkiLCJkZXZpY2VQcm92aWRlciI6Ik1PU0lQIiwiZGF0ZVRpbWUiOiIyMDIxLTExLTE5VDA4OjM0OjI4WiJ9.1jLQpIzleEQc0_4NiiSp0mAH__BYP1gGWb3DNGein2l-O1nPj3HDVdLdl_mdLuMmQu_-RlmBoTRqBPZDcxQ1HOtnpye7XTJGpG3SHdIyDjpzIKRZMq-zTXII2dR49S0gfqRKeoxYvtSwjmpwI8orOEVmiicVN4S1t64ZNXbl0e9iOJfdjR-rKKo0lv46huLwksyfUQgxcZFitDG2HZr4wp3FU8RP3lMf_UuafNRpg4BRhcnR4fhQwK7Qb69DFtJWo7GwePVrcqxGdWyevDGcADzB7u1-P1u7QAkElV-RsT4bPbUUmkqSgXDj5agqx25Qot6hT97o33JTb2_hHkcH4rRrjIIOjkNsCgDR_k-q_7Zx1hB2lJ9g4D4S7djT0atrzfd9QqbZ7tkieD7Xalv2cykgdqd3wkyjLu_9OGy17thL7u0qZIX274TcyjHl7vYw6hGyqOceWV1Ih7Eyy3kiGgyRQ-TJ7pH1HwYUEJQ5Vf2m10jUqq7lroAmgAuDSImMj389NwMbZ84K7S2VrmdNkzekfqxkieUU2VIvOwEj5NOTf6kmijS9PQM1RXzSNMm4HtgnC0aAaJeuXp6MFQkIhF-pi-7R1EZxed3dbE9-yQq9oep6a7nJR1RON1kY3JW_faNj2Hlsrt3bSxaXoFVIhzZkDkqLSGFKWhLNMpfubbc","deviceCode":"b692b595-3523-slap-99fc-bd76e35f190f","deviceServiceVersion":"0.9.5","bioType":"Finger","bioSubtype":"Right LittleFinger","Purpose":"Registration","env":"Staging","bioValue":"&lt;bioValue&gt;","transactionId":"6f2b5919-50dc-44fa-a897-2fec7eb6972e","timestamp":"2021-11-19T08:34:28Z","requestedScore":"40","QualityScore":"90"}</Value>
         </Others>
         <Others>
            <Key>SPEC_Version</Key>
            <Value>0.9.5</Value>
         </Others>
      </BIR>
      <BIR>
         <Version>
            <Major>1</Major>
            <Minor>1</Minor>
         </Version>
         <CBEFFVersion>
            <Major>1</Major>
            <Minor>1</Minor>
         </CBEFFVersion>
         <BIRInfo>
            <Integrity>false</Integrity>
         </BIRInfo>
         <BDBInfo>
            <Index>b2f6ae46-edf1-4d29-8682-cd1b0a0ca90d</Index>
            <Format>
               <Organization>Mosip</Organization>
               <Type>9</Type>
            </Format>
            <CreationDate>2021-11-19T08:35:16.4909371</CreationDate>
            <Type>Iris</Type>
            <Subtype>Right</Subtype>
            <Level>Raw</Level>
            <Purpose>Enroll</Purpose>
            <Quality>
               <Algorithm>
                  <Organization>HMAC</Organization>
                  <Type>SHA-256</Type>
               </Algorithm>
               <Score>90</Score>
            </Quality>
         </BDBInfo>
         <BDB>SUlSADAyMAAAAHPZAAEAAQAAc8kH5AgCEyIX//8Bc18wBgAAAQEDCgABjQErCAAA/////wAAAAAAAAAAAAAAAAAAc5UAAAAMalAgIA0KhwoAAAAUZnR5cGpwMiAAAAAAanAyIAAAAC1qcDJoAAAAFmloZHIAAAErAAABjQABBwcAAAAAAA9jb2xyAQAAAAAAEQAAAABqcDJj/0//UQApAAAAAAGNAAABKwAAAAAAAAAAAAABjQAAASsAAAAAAAAAAAABBwEB/2QAIwABQ3JlYXRvcjogSmFzUGVyIFZlcnNpb24gMS45MDAuMf9SAAwAAAABAAUEBAAB/1wAE0BASEhQSEhQSEhQSEhQSEhQ/5AACgAAAAByyQAB/5PffQRzYt03QM5MLqOQtCGTz9JwP+i/lQshWhM9XemgSBaMLRC5llQ3QJdc2PV78cBnAsNmpJjyTAhB+nPi045pDKjM9YWttdPfLc9Nmfp4dChO2tmYF9uXvWZ+c8Jrd+LamDvjWfdM+fn3i5QFzy7hm2QOODaTqyy6JgHoXOEtrE3b27kfw+mwx9jHD7F4GoUiss/OGN8JYg3uihj/Aio7gG8AhoxyzmgoKqWgMNweF8If5Uixhu7eHGU9JEaTaKmwd3eomj07KbFuC6Tim+Jef4NrfJyAMpay0wH/AyTmRDSwlU9zTkW9+z47mI7xfzRA54YdkuzAuYGoPFt4DL5ddNg2qJSF/fVcg514DkWzQZUlJiEWM+Vw4DQOmCWDc9IEXLmCrchfwaoP4ZT7NZt7vaBnU2SMiYRtAMIymeNi+4G8WuF7ehBv+MOCzQmJxMOTf20snrN9yxqkF+GkQ2iIshTRCEEZDfbgdPQ//lTSORONHyI16sNfp0xL0njDax/fkECnnepprUH0wBcVdf3tfuC78y32j7SWAOe9rU6cX8n1hbQyRwiZTpCx+oOOR3jH2aiR9mq0Ps1YrRLaCX9YPWkKrZWuxavp5UYomJnZ/OMR3/GpvZC6DS90jGVV+3uCPcgxwzaVliy+JMc/sHIKP053yPK+un3S/1v8hkU3jAiwdfpTNejvmszObTekdwuXcrRhSFf2YqW49fU80pVAwHBTLcj9fY3M4jIfaX2OpgMQTjSBZe5U552t7BtKwRxc5LFOYj/OTKepj9GGDU8LG8ggHKaWWHcQTFzfZFroeEoid0m3wjxdC1kWTp4vOrnwGu9ApU0281iTyaJHrt4nkPIyhMDqMYDx7TfqZcaldEXfbYCbh3SwXEMBu88354f1M9yw3ig5TSw2qeZNQufizrvp/28PYRhx7Sk8unIyl4Gf4W5+2ylLrTsFpglyaIguJD5FyJ5Gd5A+WGY1L9h8e4pmqGuNmw4VWdKRsvDNGQX0F7GTQu2S+AdNTet/rSDjQvJQuYKnNNwGwNpG0U7HQcIwImffM7BVaQolzFwGZiycwQasRW276zii3Fmp+uyvJS/tV54HTEr31F33mphbk347qjEK61SN7mNWF/zWasJ5j3+o8uFZsgBXCst4cD7UOQZV2JJEdUddHSkNeIkCVRAZz4lG1kzwqjJxMuaDE2GH4OMcheah2lZmWK56EV+adv1DvDn9xcppKe5RgVR1/3x8zGbBgBURtu9DERDwMhjmBbwJ4npBmTExhr6XYDLkuf381zkeSi6hZ7mwM5JPyuUtdYL7hB6ImPwNwTdoXKawL+O/E8NvNrXNDxQ86YUIJmuZe7xWMzFbBceFWlFz5JF2jhkQnycBPYMCL0eJ4dNxyQUvyHUuLRl8BGTldLsTRipC2bI4BSBeKvGH++Dy9PTP/kMCFoOW4r6wUJAV2on1qTSas5MWY770owiTNcKAxv9/WVFm+tFvErmyrlEZUQa4vl+1ZkW6W6ncDpqIj4BFrbg9BLJkaJbtpER63gmHC5efg8CWdsY4gWdBjmXkYi8wChcRUIcVw3awPirVibPuq9ZK83LWK3uLCYL75RlK6m+1ZcJCPMhwthfvIWCzEhg0nHw/vEBbRJA7XqbpBOKuSrdb0bGDBB90HwVrkBf+xJtCXz+VhQL5fzQk7b9eCNr4dPmOAnsO8jLTAIJc4qEGbyk5VJFpZ9QkY4H3pMN34maoTLSd29qVXuGWzx2jD97nkR55l+ZmqzZoJn4wdrKZuDgMF+6cLsyiG1pYfIFakxZcPxdLPJIPnHXa2gXK6+/4I/DUOtf/SfJLWEXltDNHR3ZqOT47Fu/cyeKsssU6LszDv0MEwkqKjgv1fSAe0ydhmdIkuKx4Yp5O0BYXZ/BX8d2WEqHXMvNzKxJDm0XX8Mi7OMxQFl1lZN/H2ekjH2ekrH2d4QCREu9Yr4RTLCLgVN546QPbqOkLcOo4qHknxije0lUeqSoG7S0jNyHPhpfExAq42SCQmcRAnPiuyOUTQKzDFCR1cCzkzb0xR4bP56NLEfd/gBA+VsGdas2SYDlXqnIqNjBX3sfJumVVIVE3S8i8jqWYCR32iS0sljyZjU8h45OT2riMSQ22du7LiGF0hHSf09CwLbvrQf6EwtiqYt3SDinIkhUQ9OAy982pu1hhopHruOT3vqotfOH8Stbl91FxAixAeHlWNAbrnlGJv5DRyNozZi5fwD2LyVNjH6LNkWWiExxISU1AbwtCPQg8OlEV4PhIyFTaOesHwYeLs7FvVvQH/KEXiuBd3a0EM+S0ZntZYIa/JhT5OKhPpI6HiRrJQA2CWDKydHtbU6FpCMnSs3pDZbtaa2REVhA4WZXAGoRddWdGlcm1huZHJOdlfJd66tyTj/1Q2TxrmZCHickK8XGdnEOh5mGw82sWgEN5g7y4ANn0IUkh7Wf2A+Ee6YBneT+OAiup00WnWVzBUod24nKa5FNjePWvkwYva4V8lyl6kQJluiQB9m6ro3w6UQWEF+crqC7wcty2V97t2IrVJQxzvSXB673jLiwp0UGWfnbTp621RSdmMe8urfNEKg35NwZeXIG5Cw2rtlNE7k5hkfTNKwtO6oLFYBB8KRhnrCsCLfdbejeerWuHJaz64JWiLl0tc2ccsk9AJC6gFaVk6+q2QXBxONmGIZinL6VzTvzJo2yvz5YunSIXy6DqFHFrGD16yG9DilbgmHu+WYBnvcEBOZuvwzVfl/SLniWwCFuMjVhxhN0okZKGLg4tgZB8eQM+Oae9HVyG9OhND2nZAhzAPNk/KQv8iEELwtpTId85KCSL3/yyC8HOTJQgcqh1qD2ph284vbHeAiBEgTyAD5VtMiOMG0Z0JftVy3IbF6LiS2NqY4KraLMKIJKXoqX4EdDBm50QXXuobEbHGFvCY9FeK7U52De7Fvk66Zbb82By5VeUoJOLkx99eHN9X8YV5UVOO/k1Ky4hi4ZG6/dmpk5CsfaDbSZgmiFZfy3li4QmpWdhntGUJgj0dECHz61pjSrFfYAsJhHLM4atYujvOGJ8fOEfoYBpThnu/1NHBqg/PFjKKZhb/aiFe9rkq+g0FKv6ypQH5lqZG/Gov8UNrj6BWxORpA9AnSK55LxIpCuEN6d1aMOAgUrTwxwE4iD2N9DQZ5xqr+PzXLAZtxrMDEizWnW6+/BwYmOVLfkWe8uIlLweGJM2NYbdOUO5mrC5dmNzh0E051FkVmi1HHY/EWQ7YKAvyqqZ+12QkBQnh+Y0HULBykICK3wu3e7BBIUjxhUUNM7yl37pHmVp62q+xCo+jNSn3uVD9NdZNvr0r7Z49r3VuDVNIdmCiLVsZOjXCgAsGK5fOjVGFTXWCwI1TR66gEobZ4bVTFNHAZgKS2cLOL/GFrDptmVGMvAK/3aPJ23d7zNhr+oRiDhJACrgxwBh3qj3231c9NHlR42nKSjIJRdQqrY69MSQf2GXWCcwUKd020g5VmwaoRzVn8GV6NfOJ4hjmTMona841D5NP32LD++gBzY6cVzluetNN4hmAb9rboTLI9jYCqPM2OLw0fIiIhpiR5k1N3mlbI9vIQbuNyjqkNsnIAOKepGlbHLRZUBCyc6ei85lsdcIrX6321JC7veluHMU5MarnjRGysnEpQZxZNezsi1/1NnrQgIswOkrWEGtVzqodK4OxUCMD6dmfhvVy+rMgw7lscvvVL3D3FJtofGMBj9qqDzU4LxtBsSpL9845MJbU9NA4ie4hczBsEbqHsQHpVfpTYB/k0KRQ2UGRChg/TjsdamWu4TUMf7U7XZqcXB/7D7EJhsI/JQJ2t3ARYFFoJHxkajRefFNSiq7iYYYXoIpJIz6YArHo9bcwQ64GUZZhtWQSB/yPwNwLazZy0Eo+xfJz2g1uo6wdUWLTqEcJ7lzSyssaZ1KDL8Y7mxaLr2XTRIoVhW1cAMG+ustl1kKSiNIvmj0KN0EXOKepkosAugzjQV+IftGKbD5klw1zB7UhRSM6fNcV0lPV1PgaRn6HRSufjsfoefaJPqkJy8qqbWM9yi5zo1xYKNjyspMV/WFFAIaZYxGb1kq6SBcgzmvdNsAfl1honkyoY2NAlZ2Z0KWbeoSikZST7570GN5gLA5vDjLq7ojXn8yz5xkqZdJ5BhbH13MeUgDbg9azHNo1lA2XtyyA1egt7it6fEuIZx6ONuE90kaeA02+dU7lV9IhENPEa/M2tWKeW/oO8z3arzRHPdc7uRODboTFiEFBvglgp0Kh9jCklJuQ2yCLmRhNvHxtDU4jRHT1j2FXtqje1/vrKZMd/BNDNxuiHGFlCgdgF0/vGN0znD8guRyl3OBmuF0wWWvslYdiy4mDnd815Ec7KyF17oZIAWn2wqB0vH1hW/ukFmr6VBvu2PVsOyus9gPUg2g1bjVFA2ryiNfqYkqkZ6X2vs8gblTR4fHZtb9ISfxUQvbPokEGJzsJ8kj4pMPS5RPwX1qFxFpnRp4xF+6x0KRBEyRiEaWL4KXthZPy7H8l5uJIVs1TEG2YRe6PBqYs72y+hNATBI9nyGRyG9jBDEOrtujmSXcg97E4M8LOyCwIW2KNRWgKFykpjP02UzXpkQJjIsYCmwapuutXVpDHqgkyJmfjsQS8FbRj4x7cHHA/2v8llQpCcxWN+X4SOflyXcNNhxPzr9+6tUZ1SEBMp1dKP8ueogZpxRDW3BSgmzQkCUrvUZwwgvSTpc6BmWq0XbqhGyXIyFJiOe61XRDxAbRpUZmWPYfl0lsLESsMUeN1gT6A9W1LMMoz4QV7kUfCVbX+SR854meWdpCPulG97ET2b7CtfL7cJxu29ryxW73aiT7ykoK4dqEfxch8sKZgsc4pAX03y/1ctCpUIeix+BP5m7nnyE+3H6zEmAJj3ltqpGt7y3Nl4Y6yUO/MVHPZ2MPfQWK1bmHRwl5Bh3eT5wNigGpL3K44Qy1uu50+WPQEmqvm+gJTbS2fkBA30Ocz/1lFYqDVW/aFK3p19NYDggfFWaNu5zmcuQ4FB8Xg2Os7IgUaJP2NaVmfz8ObMZSrBt5EZkcOzlUSyF7v5RHXZm3KLwzLBUBU7JvrqY3wb9ks/Y2Em3d8FeEO7xqEhXqNtJIm+97BrCK4g5axhgP+0/xQdP0379R7DMqOcJbWEGCkD1k6UDvXEsYN9RJvF0gUAIraB8TUM0bxFUuxu8bNKIV/i53iJP4p1e0nO1q0GRMho9MEK1rCEoR8PvlCVIIg/DPS+jhXQLfOJcikT9uxCtfoRJGP+UJoBdEPsLovoZMHpsAnmyhOlGSCfuD/2b3hgOdfgKWuxqq9l/SeCnP8Z1jo0J5RIZ3EIYrssU9fO3iOI21vnJRnRCIkDv5wHzEMxMjYNc8C/69eF3yDroT5Xat8gIskDSNzeZlhQZsflFZYh1Bgrb69K3I6TTeo2rV2ii6Q8j3B505vD8Y/2nOvWjTF/938ZLNtIZc7nGfFmb9L4BzhXFIBkEsJG3ve2HLf5z89ROMWy4xW0EO34STXoRla8+Og0jRuAlrjjH53zRoRRkW77+CI37uQ85amdFRlpE4JXAuWfgKwAUdAXMFny1SBgzBSwrbGKUMcSmDNqF6n594NB4P43Om2qVXsIJs51Haho6O7apcenJoTL5W0iRAQ11QRfsjMFBm+0MByssIi4Bl4DLFJD8oPG2xvhpLPXXTxDfeRTL+FSOcHWZGYOSsuSzM5q6jPKYFAYBn4Odojb3K+mnSBJpRMwUzYa4K5czsUGBgqnSxyQTJrJUXjP578Z7gTlyh/IYviu1M9zaTxeCd8bxkJpJTHUkmxW4bMokMzJzEJntCgwycIaz8zISK/yDVVvd27/72vqNzTcc1YJN7O8eILQvJHNQhltDKVBJZlebqdJcmVyzRXO/LNQkaezcw3e+LDYx2Mpw92DCmpTKiUfVKFNXbPS6QHDPrdnnGLeN0ZMjOiLopgZ3Q9Q51/tctRfqTc48yJiL/PXZ/lfh0DJX7pkD40uSiJGSIZtQiXLOVJMzSP1tIUOKBPal3W+T9GouhfwLJdP+BNJFIqbX9cesd3rUxWCJoe7wfmTmpxGyLP/9sSp8qAiIg98bIVyL7tlznFG1ydDxgZrzyq1bEtekksfl6tBwKWQtux3qhTo+ECyASWBbA5pEzTSmHNEURrA5S4CCwMaQm5hbsLZyPYQGDU8sXbZGaOhM3AiR+Y5BIj5iwOA1iqTVowt5yj94AF9vuV1QNpSLxW6efPVKKJMfSrSrpSIAdhondm1ZFCn3ikAJceXceZtL2SE7Q6qQzfuCmvc3sm/Nh2vGL7Y4MEHosRTM+xkkY1E4qNpzGakiSH/xuZ5/DrJko5+326Z8/t1j5N1w+HUs/b7Rt9XcnfZuDHyW/D9H2Cf0e0y+XoZHawNkcMZS1T9UKQs6Nc7mL8lZkYeU6FcQZA2YY2zBEEMiApUEBQPPPfZyAj+RjB73dUx7lFL2eZjQLL+pT6zENs/sVreCRxFIH6CkdCiJ66N29GAwzCrooFrhd/pRHNFVFkOnT4Vo+a9a7BIOd6+pN6mqCBkCt6EsqzQ34jb0s7w9IPHU5gzNEPcxFDZIc195Lx2LBgbNT7NQ+T99r+iFLaV0dFFIBlDJg01MZXrXJnVdX59T8cuMl9FgbJw78BLRLua+2G4T+HKaz7E43M272rsD/UfU4bk2B3KDUKVRzQmmLuu3rETi2XjoTCrt0Yqmybm8eGWcoVnqk6ImqJ6qGbKJThsi3J45gl4iyblHu4tQia4WaKXc9pS0+E28QY9IEKCOultI8P8X58g2QV/LWmNty2EsYuI7b5dRzVpcuLufccYNz4nMaxtQdpSYLKe9+3YYn+au0eaM3jajCN0vpXSRpBhkI1txWNCB9CB2WENcQ9CS6505TFON2it/XI0GlFl2tx/ZlnD08EEXno2V17j71r0i7ICMYJYXimzLV4NbE2A/Adehz1nQmsVwn5V0Y8tiqyM5TgoTw/uk0xb2zZf9u4zifNQ5v/wIecOwWckXk5iqEa7eiMR9p/tPCnzBfoAY411wpKLHwE31vJf7lugf0IJco/r6oPPg5PWkHyQthvSyeh7IF+gxKnZ90yHpRj8eFhRSxrUPMQPD7flvDhDAfdjw2xtWOEin35KHVTjOkPatJtcS9faW8CBEm8/XkusXR8A8OtkmqTeZks98gcoQ1LKDqhEL/ctun0ERJ81xpyNFAFR/zQMyL8U1TC2JdpNRVS0YlE8yi1OuFPbf0tv5LcqcSFbIRwW84FGINUfScaF+T5da4PgYNHYUChP9Aho2smj8LGErZ2r2Ysi+yZWnFsK/MADitRqKk8RoXoxBDKw8FAvzToHfFuSx7AgyO2E6d3eefL8HsvZc3jbMpSfQuEE3ZC5NY5HUI/RQRNnFBvImnExVUYk1HvoAJtl/d/T7QpQS7Kn1JGOIVzxnq33gsDRSzvcXhtbZfWiXQXE0SZFXJILpuCR59MiHmcbPdj+kfAObA5bbzfRx4bk3U5RkhHWKgc2Bj+NuWfGo/iVhlDlpD7BaG5/7SGGL7l6ENqQIRFNZDId3WecOQB/C95QNeSG60EU5pgr6jFIEm81sjBKfp8QTKmsSHGvokXd4IM4Ni/js/h2aFGxzgcD56mR8XwMCvtgsSLfcPq08DCP0qhAe9iXHez/GuJfc1OlsmCrMPZihJMxwA0mOAxI8p2kNp4IjJuZQMEfwjj6wrPNVfoGs5+bxBWyQNp6UOfrBckcp1t97s0TFt+LL8iPi2xcByMqZotya8sGaFf/4h1T0B+PJhwlAHDuyztgHNZZq5tB/0BtmIEgGY57DZtdpSiSA88UgJFKXVoUI6UNx4a9h5gtofNPWODEfj0cb1OdXKrGu1tpZmJxcIOXMP/XjcxTABoQOJfwEUZhhVIPQ/IkJ3oyIcBEgTcBcyVnkdAchoO60JrbotXoizbUTTncZ4gdImUEYHl0g/uNXEQMDNfmboC34t9lSp/CHAUKcPHu0qAUAFvvJjW5u9+nVknk/AJqbdC8v4yIWdDSQtTkgc5sl3g/cZUqXJqVBiAk82FQaOMAPuTl/1H+LAgvvjqSp/LRJVyfTIJ69THy39JJGDir34o03QfOCddxZHYgp73D4RMAUN7yN12KxP1PEASVwboOQQ/1pzi+ezhDugw6bZ8UFgDEBXt5En5OGOjoIn44n9GKMPE4iiC0YgCXsLh7CaybR+FPcokzBp4QkKqnqJSaN65APMjC5hdmcE/3xRGub4uW8gLfKqc3OxxRMw7vQ3FBF3+PRrJZijsFegUXA6SGQ55BFUiaSfVPP8pukgWBZMRKGGXvfzpihY75Y+vuj1W4CMZj/5vL2tSqqLMCz4cezcWWgmEedHhd6aMYvLverEmlkBKj68fyI7SU72x3z9TKhrt/NqSdW4zTJTW9e/QMLSBLl+EjlTACdQ+zdokZTDSBANii4SV9Lri5EmrnudZ4BryyyRJjSnbArFlzL1YzA7N7KgZM1jq3seb5oxdu28ObhIjFLWu7X0zJ0Km2N/ItCA6UBfPKicSj6KIFErmQAFzN+qIaT0SQEr/A9DKuTL483n/rBmGO/jjVu/tJBGvlx8N1vFv5rFi3NfpNzDO3K6/r7lLNdH26XM+SSSZgyMws4o1AvB8hJayYEDIjxbqjd5MOfYOr/QQwmYsM4/WpSLgvl7Hde4Dt0br5F7qMwIHHfUoIB+7pvQnuoVqBqD6LPyzoFu0Ziof99aOOlGBxB1KsMZ0t5JfJiVGG6Ag9ZTvBZv8fhQ8c35eKzqOnWydmGf/z+ACQsi7a3oyxbXmRVc+pBXr0Q9CK13rvZ0rAnwuNkFR8OmZ4mzHtyKJTcbT9pqR2e2TkvygNeWMrBRClPJn9J/G5rHEWZWuIH7gFmhEaEHTiMfBF4V7upixBlOLE7gwCKCilESVkNh5l78iM99z0dvhGXYTjL8ZhGxRrTX1h2xrmNFTffO468ioyyco0PBV/qZWkewm4gDIXZiXDnRlK7o8Si0huRPI6rQKqYTDx44NDJiEPH5RyLtO7z/Xcgy9W8E6W5VXkKBXEehX0pvSWODsJ0zKZqf5/K9YmNwWie4Nq21XHZOT0nQ1rme6fr/EFldCU1iJ6vNs0FR8hXuaaCntbsohYqWNC8wg35R4Cw6LEGjA3SQo6bQxgRzBUmuNL6pgEiUQAXt+WjI83ftuHF0oKdre/pphS5dEvafhzGm4NDKR1OGl9eXmJ6bJZLJRCsZTGE6DFmW0cD8y+EQqYtQZTdjaIWg2x3ecnoePX6Q1obT2GxxsQDxC0w+nrjQj6smmAHj02fun+n4fYuyn5a2cqblhq/+b/5R9JBMXkMd8TsgJkseyij8ytjHgKaWHp0ZYaKwzj44ZT6Xxiyv2iLrM1s6wkI+/CQ7MbI5xwXFafEK9KpBfgMJmMl5YKoNRTm9if7R8KcvAX+uJEgLJlcET0AMTouKZB0DNQCtNsHCCJ2bY1T35i9SWYxvdrdaYus0ki86QVtxPY0+zsEJR+uXrXvu0LME5S/RoQime/nT1agIQRxqmcbNi7qv6/8zg7pxU8OfvgQAuAk5Plf8pL6igrgsMdBZEtgVcFnMFnH9RgFun64GtdFj8Gvhx4SGLPYwsxXtSzy22ASB4SBz8oKmK7ohAEAV09/T5Hcgu4COFUQdIVlloxSJMhL7yVdM+XDAB2Cn2j8E9H2oDIziX23+8TqPUXyxjPKfptSN9MQZ9Zp07FokTGqSN7ObYIOqVv0bbuLFiRLssnHt/ipnagzVp67AqJO1myvF/fEi87mK2woCUt5uRqgLo2myuODXvz6WKAbSJ8QWVzexxxX5NsN8HsTJpOfnBM5ZDYfFI/gYM+BYPB7EhVcYrPooLNhGy7fniNxsyHW0rpVco+C9zu7TqmQ24gtmzYwXhXM4NOm2f6fofd4pUO2flLnPyZwPde4JXHa0Enff6vnuaqA4aEw88g6jXwH9cmyLKatW/3M9vvIoGm/+6G2XxpNzwwr0mY1aLbSY2eEHW9L7Yzh3tTC/CLz9WvIkwYLjmaJ4D8CDrpHSOEu97VbY/KRGAHEJhmnRtuAwaa51xLVs+N+DdZHSYaQXzs/lCcVLaK0nb64chEaXuRmY8kDa1ccNhqr9B6MMn8PJDAb2k7HXwzN6q2MSZVTBa9cJLJiT0YyLgwSmJZA9vR86+caPx6mkmnAcZvstEE3FrI7jOm6fUz8SBQtqkcqgsc0Epyn4bJ7pAtrS+3sT2uNpRzgkDHwXXTJKxbkL07Qp7jX8++pfFwPuEuehuSYgusC3p4pNTB6tjE0QnhsDXprJo3gyzyMDkdAjNn54L+IozcsEFd9z6RwH9zsJu9BBwus/WgrKnW6vjCrcV6CsukoxCv9RPo6fwsLasGRUXU2toHR5Q5ZnCTGPxINCvkqENfQQDM1ni+xRDr2b1yQj+vkaPMgK1dai3L3mWoThKNuPoc4ax1Iyiy1qoqkJREnwQc8a/wn3yw6gjWua6SxEp+qtNrwXidhFclOuTWmq0nHyTAX0UWiK7ZQOz3+Xs7jPF7wbptlMw+03XqQchMnuqm7GovnWnIfU8l8wqAxLpk7gVT3qSkDAoo0EkJqydh9GhMwZrWpfMY4wC217h8wbl/aVGEfGnlwg3tSGYZyEe7bVcthDSh/8eSIMn7Fd6DmuaQZ0mdOVrZmkY84vD3S/3vwlTUXafKKeIksRjJIyxP8F5P3lb1rglh7/MR16+jD+qIosXHelPcU4jyJvnhhg5oCPWp6tiDMsy634AsIfAikdfXfFGs+Ir6Zn+s0gf6Smqf9cBf8MqpfKnbbM5RNCCeB3HDv4kdqtzJi8+JXcSMfpXS2KW0vHIxapXDNxY+Z3JAaW3+Xx1iaAz+yYtnMDvWxxBRkq3zJbsTunA/bSyYfEIBagclN5Fs2rECfylTX4gqKMa5MSNHvEPzY3Mi4OidDLuk/xfthSYal9DaCr9Ed+WtiO0hD4eObb1hqXck9ahHY0lLblpzLXtL5ZRgu1BYotNPiL3de8sM8HQeGv5clnWt7QMATFZ34r5bgGdJwjutIc0AXONCcD70t+n1BmBBxJa/nRCUrxBO59r7EWCGk7fVUk3XSYbCzJhxK/QVIpCnXcqNyGHtQhBwAlR+9PKW0/5GvjzGtgk7BJVcI9ZebKXQMISBTAk7M3vU8Ey1dKoSCZHWSn8PCBgHTiV2+zKPXncRxAELzQSAsMSDYh11If3bqbx4jgXGM+7smk8lqV/R8NUNBBMwQeGKBz/tT6FWMgI/zWsSJZ3ezkaAkdg6m8wsTIxOMnAuAoIDc79Ev+oKaFuSVoXV+JrzWqkzFxpW4b8MFPHkUFbwVheDsH6pBqrWyDXD7cE3e2P0WmHhEJkJWOtBJ7PX61J+6/3GjGaTHt4htmcq1J64i+GQ4jlh2Jvbsqo3HfeBW1uVJMho6xokikErG/TKBc4sCqygeUspffqUpDaPY+RIqW4JwthejcMdSBOiLYJ1Nd+urGdMhO9n53Byj9VOEUORGEN/H6iPMN3TlGsf01ksa24FmIUKs7So2VL99F5gfheM67ogkn1rd0C+zcKcUmSNHO/QapC+j2Tlc6r1A1Zs61RssoabVs4bvogAAiQBzweokjSsxemLgrxD8GGyeBC3WKr/wed3cqsI2x8ZxAACqbjreiWEKoqRuq6jhfCmrfpdZ3xUjrvAEIo1LnWxJV4G/nWyFFjOdqtgkvsU7vo6JOSZgOe075gHSuMi7slKyQbQ9ySxqYZQ2vvBHXHLkuiiY+BTyveqb0EuIbEBInsPIhg84mkXACEcc+/GJW2gIUn5cC2H1kBVSvHNc8qJTHdsvjyUI+Tp6YDIMClHJ+MrLEpI8rplbY34B7F1VWAvHKIXvxd1E7I8C5zo1PHVOFF5F6vUqRUaoGAGSJ2z+kqamgt36EW6aHVgnGRCBjyjoCiphpzsJuBCBnLHDOoJ2iKJN2wawF8evqlzaHgI2NXwCrkG+2RfWrd217CppiLQ8azQ8vvpzft38YsS3iLZbNlM/QvRYqbR8+M5ZDsRZoW9iHr8NF85PxHqIjPVisoKgchjEepBtOy/vh3VEh7POGAoihdON07Lv+kojwr/sRpD4fcPPPoGnms1c5zKtMynmBCg5VDupqK6ygJn02Rb6SovEDoGdlU5xVMteyGa+BZFO+nOuepgWTI8dmLr5MDr7dj+6XD82ojuW4CxoaEYpH2ODAB7JxRM9dqwYwEEDf+ue199ujI6q7XNZNvnxARWsJwytWjy+nNU/8tlDq8j/qPEKRilWe1AnkYW9uLTmhJa6DcQMQyL/HqWIV4nTolwqeelSP7zwyf8c0YMfAFWVQ2nXmGcBtjA39isMfg0YwXsz+hNRUrDonYAMQKGO36Iwd+CvNDNdQSqbP/YnAg8qbAxXI/YTJqTeuC7QdrCiGTyB3eqyHWjM2KR+CfiNaGlpcog9WtSOo00qfnaHJRUFiB73iNvBGlPRPi35Iixom4r4QDzP40o0YOvThOBiNC8BHrG7ztRnk45+H6Qd/0K285QWV/aq/0+Tpto4y+a1pUpN5OLWHoXL6QGlKTwozOq9GTWJL+mdgUGech5EX1K5fzC+SV72fAaGH3IAcfU14JIZE4RAi0r+VTuEGWhIibpxDMq7QTV6pGcCuDnNERvOWKhfFnY+h8yzGdPIRCrptgNZbvz7anhaXGSMnmWcWT4/NZ9Y7hxuf6mOoo/WXF/1LzdncN34P0JxypQTdVeQ2qnM71STiCm0YV2kwTYcm6JcvrO4JwiPN6sGNVYmtZ/psd+uQIKz3k1U9c5OQeGd3ersKNxDZl2Dtzq7JlYtMdEi3YxOK9w0JnIKWmZB1/TD5Z1oA2zQea3+JY2enCv4nWl03UeyEEYA5JzIsO0c7d/hdndyMMIXdR/BWJFD1c7wx2DodAtsdQEQ69q7qQUnK49mz543jZB4Y1PSM7cG2twogGGrsHhaZr1Tyk1rfb7ApDmQMAUQE+EepWEcAkwF3LmeDvInNHSlUByM+38hrEVZZcwlhg+yjmwoAs+Cg80YZqs8ZgxppJn80fD16urOUtJx+XIxqPVF+torxm9RZNaUigFsjbsmBeotRf2OmoI2pl491x2xbspOgR6xqYKOqxLT7vN08Zxb8ByclQIcJW9z+tEsWT0zItOeMHElycC4sSNC0Cl81It7kEPycL/6yClXL19KCWYPEl6b1jigt/BEI6IvsZ5QOZ8GEANqVVvOvHnXlhxwJjqKnjVRBpjYKjWeAJ99hFSH0iugTseXPlnavys0yj8VhGOiMvrfppf7+RpSLrJLy99LGhbWqIMw36yEWnOnVlrpnA/H82i1XnpLTATpdftjxYh+1H14fF06m/X5VIzART37eVnkmxqWNwSEaumsld1YKK5YTmpDVSViIcYhXda6yqfx5gpvqceCZQoA6M/8fPPGpu0DDVDTuziTffbkVjzFfAuYzs25BraRH7qMoqFRhXQMGthTDbRcXn4wd8+TimXBbhN2u965MDRzN+XQc8yFCJE3Mn7FiPST2ov4BtAMUE1nrKlLka3lHWeZmtts8eroMd0hmwYr2G2aLBfCXkOoSwE0gmCjVGlws/TFyst9pW1X3TBTUMbfYxzbgQNZLaDETEM8djEP1oYTXk6vZje5So7rq3REjFfGHrHp/mOP/HIpB51C8qt3mPOXj/GvpvZeqUhJApQPHMCFNKfPqiAjBQUFcSyKkEJ778BbX5YOfF25tnYrjC/RbDWL2uurP0O1am8s6LVuvikmYp218vh08GPjvUhiai10yTjiH+xmVaW2/N9+vFrEHkVVSBglRXqQ7TfLzf4CF7rcZoXj+lMgTQey3VEHCbSBpvWMsZUiMubDC6ZuoSwTC6vfpo9DrNDwC4Wg74WA6zYA6H9Dl2g1erJprk6hc0J/lairKjblUMAmKttO3Kipsl52J441iiozhUFAl51qLAnTKBtQeWb0dgncz3iBW7G9lmR5BrNENVZaIdG74ZnjrK5+B6jToR1f5i+tb9Fyx9kS7ebzKL6kJd5Eh9YUwSBDjKV+6gAbmDsM4aipinDUQ9uuooHenIFzuP0hH+5tQXLlGz7rJhChcNK3/R5BE8E4/sNN6eEIHAaWITuKVWthKrzwfsZjev+rLKFKQfkkYRRFKnZzza5Sq30N31IbF9ogW7l7dr0EwJZ9AzBi7PBnGM5pC7TkhGre7lUBrZ2URoU6eXMmEyavip2900CN3vJgEVju4hAwUTsfJOsOnyKTcRKBra7LbhzyYYQumaHQPWFqBurCgARupWnl6+8tQwhyl/RYHIcmPt8mNSd+0JYCRcHQcuR46RXlsOAq8SWHZ1ORYNWQAOFTWIvahs1a5qXnmWSPFXcZK7MBn7W//NZYiJqqfMxoXZPMswo8Qf71cTCHwB+H6h4/QVILPfqZH5Qmw3+JwamU/SE0TNIpMxJZ37ijOkKS6a1HD8o6gHrZSrqWP3mX7n+M/Ths3mLK3RMbx9AC0DOnqwz5/IpfpJVC4GLJjUE41jpbkkl7tkoehl0htMkLzYPQ5y/zNrsj+SZdbUOB+fCCbAeW+8tR0ijQoA/9xnnnmL2/Nttleo0JUMmvXZSm7BsN2sRBQGEXafZu6NpXoPyo/S5pSNHxxKSn29ESV5LBdQRg6l7HmeBudeutgt4Ms5c9r0AG6Xr6YoyRLeASkHnrCJkvLytB9OypIUUlAGGyg1UAJPkUJu+mSiy8myeMf9LzqZNd0Iirccu2x1rCCfP7lhNCXB3rP9piH1DvZXALrkA+K8OIkoVQXsq9vHHMC7ZacWhcnWlNwJ9uM4iQgP4HmioEk3nS7wUtT7uy4/1CpMJRCiZ+R+VUb83G55ZXLlNQGLkBtYISWUBF+lq+AVsviK4PczSjAj5R9FyrULkNgwV1VKhbDRLWpNHO7A0aYIP3i/Uyvr1nYXgMC99kelEXEwqF003zR7l2y3hIwUi2udaniid8sI2eoNJpfbPayuBXa2Iwk+mH4tN8aXqcs18vkDeLz8mcPU2SdEfxZ8EdG7/Z2Y9RkOXZIUi0Xr85eM2tVC0vnWRzDzrKgqxlaFCrBBAZ1vm9kvClnpaNJWnBH55JVy/qcQubw/qRWg0AraleJiAcPXgBFTdqp+vWH/gf4TIURs9jpwJzRTfwGZqU8Z6b/blUV6Eu/yRfdeRpCmMRZFogV/rfoK8tkBFMeUuNdd6eqMGKPccvjgXoyniTseQhfOD3u3tLNwMrqtuYXEHsHaeppiNU+1L/dfs/K+IO34M+kkDXG91WSfEoOB92ZrfYPaHIuMQzYBaPG5x1dVS83SBMNBuZBEml0CFs61vCRxzM4cP2F40rQjM7UeSJWGPRTbtuJj5yt2lfPnBlcEf1lpauPOrCBLSu86i97leY7JQkoJ950FPp5ba4q+JMZUo3bS1ON/Vl4Rbe/24zDPUUpJww2AetzRawctpzRih//YQagzjtl9NXysSIB2nWDULad/c3HoSB0PPLYRSkSEOzIYepHXHcGQZdgkcpP2vhdKIdSng4S2uIcuP6JJyd3AF9Vhbidj+38OC6dVZPQO5xMe6iVSRyx++OlP1+7dZz6dzh8CxTv7D0Ja618EygAGM7VWBgXzOjZKipkAuBpnDeHa1IQ9mfp33EYgZU63NOhTaxvRTvJqHJPGvP9yYPAGQuNmhtli3j4iTRlc3l2+NLN43ySroGUwuhY3y4XpHqjN7sHinPLah2a9/cLuz/C80aGYCkP2bHoZSaNf7YEyVTcvsXcFdztBCBmQC9oabn298iUl6ISAJaPMUtkU3sne8qRZAkDIbQYpV6H+5/Vy2TGwBHTcz1gexxSBPyPzBTZUntSCau5C3OWUUfSy9zYeNKhgNJwB5gR1jScGikk8MwyuQg11VF8O2sn9d6N9BGwriztMY4VpnyDnnWT1/QPYEwnoBQhz6xG2a7o0pnk4TpRb7lCy8ig2DjS30A6qmrDbmzsdhSAUnqJwLWzR9zNoprtBTToF5LU0O33mJsSBAoNB8PGAVs/hOtpz4SULyQQvohET/HCLEjpWt5jTPnkil8uZaPSFO9iXKGW69eX9swfGwSKbJB+lmFngxNj2BkMgDITbVKq4wxjS5YnW1teFaoiRTuCNlDrHIjnyIWnipThF4aUllSjFhBOEA3mhh3AAErmcgVSyKL+RtUVpW1ayKfaZ2Nl/b7Z1ilZaWZTwihkTp2Ws7oCc6bzLzPPqGxQ9ar2+7LHITezIrENAum5VX8jV2MBR4mBCMDm4iYfH1hwJqCt0SBMVr5iPsEac3/Ue0NYEq/5GJ88tVBWmT+hqK6WLL4g4wjkwYKfJk0xZQ6x4HwWW1M71QnaLawSG5DWCOHZTMDrdvRi77UJgCokHEERK0LVWHdg+Xz0wUHGH/fEa0P1794LJpcnuMCul+gV9l0kPn+of6rDR4tw2rDzlG8ASRHAURsSEsQlyeAL69qHNKylq35AmMSgGFpCfiq2jmAQPYS1ebnTcCi7vaGkPPO2Y1gbbqbbJbUKbCOK1cPaRnVXZvo0gXhqiVKrQFL+8ZKgqr9NjWxgRBIJ6zFCk5xzmpKdaig3lYKdwXIVDTuVWdtdjtn0qh9wi2WyA5mGiOJQzbeS2MuvZZNXAMaheLSyfiUqF21gPBmEVwd56Yt739+gAij/O2s0LT1HN+MzISVlCjIvJwN/nvrr9/geXHUX9OIraCLkgbEpxYHgwQiZSdHPmF3nE7lFcA03RMoHktn/H70pxlOih1JIHXWAoXzFutc1M4NHdvYq9iL/KXoI22FnKogKoVJSIWiirg04Ic3AL/fWHU5R311irTPBXh5+tZ2dvZHkEN4v2Losr+FM0Gnh4PPZAjElzkrERsQIkkMbIYNYJ2oYYWsezUQJD5PFiYyC/YeIsY/drir+8OfF3lqtQnh/2Y5hqiSYbS0DOUOOcHVQVQrHvxWJb1imx+Y71rP/Zx7JTH+zPREA6uyX4lpIUV1EadjG5m/O910JpB3gykJ1kJq7iiqJ2JK8YIuTdoR7rJ1TdAG0xKh1SGw2P4qKnEI/Z3Yxf78x+ZntaRVpqlBaMLS+qGBXHuqciNqZefVy9ux8LxPFFE9J9NYAmxGX7ol1k5JlkMFeTUKKrxqVIoRLbW9m99X9ZbcSskw5nP0EA9Ae8ygwyBysnPgmSRIbR1/YRXpmtz3LIVVGJnvqrqv8PaAENrIKxPfOapJLMPDbUcd9z7MJW3pCvwZ5Rpq4vYkQkcask2SORdPMOIK229LkFmReMq83X3jB2RrK0ceyIWJWVMp14tMjAOqpiIf+oGiJSBC2S4bxCUi+ezMe9DC71y2+Drhv90rmfpcpjO2UWQxaL4vfig/LxFgEcZpAxzk7cJ9NIzHuImYtL9f/C1rFYVF6i+1NKnU5tKugIrw5JPt8Qj3yRLhrpHyazsPyuwbtn73BFZFIKCccH48XNSKk2kTYSIleuUpiBV0+jxXKtqd2oeMKDC+WJLVNM6bsMjMtyijJobRovZdsIZTGWFBAQ2hdunuwvmCOR6f1I5Ol6HMS9+4QQM6iqXBt9OqKITbF5V0PeGUYGrHzRuYTVqJHWaDe8fxMyfbZiGc9PkKCaIyYlvpYM/VNWuzvvF/gC9jw2YELKuRP4o/+bar0bPAUZA1OH8qcEKRHxvUDEQqIfw/4vrpl2h+PMDdIR2u5IU3BIQ05X/35iWHt39qhp+c6ZhW8ZyD8WLpvZyqOx56WOcA6C2mu0vhYKO3QnaSOSa9aXF+Ee/4qwk69GMXCeXDGhB1l+8FKOinRhP+J3PCy3uBpwvAN8KdeebA1JM9SphAcjhNoxXuO7f4YjOhjyj07A97tprhxlNhBwKO+JB67kXqztosL2AnNY0fo7YfHAheaqRigTI+0VIvBxIAWQSSJE3q0fWyQYuw59gECl/4rT75T1lbTzEdp5IRr2rhRTJNak6WkLhuSjuwxtwJe9uMCtgCSxE8L4M6fvEq3nzQELCaAjX9Y6EynbymhJhGs2+T8VYjZ1wTXDgI2PYFBlj7PIOOdvkfMXHeLe2/kO7xxRk7uJFE8TtERPhzZKRsaFb+B0IgwXunBdsxtIFv7c/VaI2A5ujxKuS33NqsxJqQ7E2sHjYugZb3sTKe9IMslNc9B74nQAaAPlePw6nnxvm+i9+n6AOfj9vH46xfN6tr5vePfB9sd8Gp5+Ppb+PZWPwbHTcb5vot/p97u/N9DT8+kJ8fuZnx+82+T6RU+Honfm9K98fYrH4O1fneDfD6T/k6G78PeV1u+Hqe+Hr671S34egLt0O59YTrOOdBZ8PfEfjTxZzP6cKiy10fIKk3FityMrsF2yICD5OYeERyhyrEpYBtD93d4rgKJwf8arcPxLzFSB0nIlG2PmMrdjbu1O29wXQFAqJfNj6wwGYJWKfp//ZEwzlca72iuv2T4aYk1fV7hHpnFJfW3BjS5glnOW4GOfH71Xbmja9++ymtG5HPRJ8z1Gx0TjoyWsWRKtdG8+jh5QsWOnISyfJKmU8WJz7Embz5WF9rXs0VNbBBMX1L1o7soxax4xcQyeGzFqagEpZpxu9Q3OCisyednJQYW7wy2nMIsrQxIvS0928I/zrYaC40DjxFO8OQyILMtZuW+VmmmHFMiCtInyvV2JlYQiyl02yX/TZdogkwzg9h+pbJR4Ds3u2xeUJiwKAz7CbycqLjmac9D9yddsV3nfXpaGZjt+8D/fFFuJNtcaT66rGhB65CHDCsZqn+vX/SBXe0Ir1Iw9ztpJ5YQz/ZClVsaqsUdJ8gpSDk5kv2epuqrR4zd4tvzC4G73ubcyjcfyQYs0DmHjeJKo1FX/JVPZdwgS1sEiWbWBpilaGzPeemrvVTnCCiGvqotdTnAmlSYiXpNeS0hjux9reFostkpwJuxP8s2ZEUm+Nb550YtRy7i7QnyZj+2DvojCx+GplqA0NDvLxqdXdpSE4HrpHKchIhrMfyM8QE9qcZSYxT540jp09Nk/OZ2Qtb3HPlTtJdKfFUOvlkuacnXTm0m12SwCnGzAf1quUtX6neBBDwhtKAGcX/6dplz4Wgr6h3XLnFO5iKfzOzHVN3aOxYTAdjxDECZLRtIls/a+gHx1MQ4jzaBz/p9BDaluUs24KTYr1uj8awps0cZ7yPToaeHi1WW20Mttw8L/UKVYhZV15N4ywIN2cCDXSxInPxCRY7WpJhbkmFKLwWK3JirkDll+zjpMuF75ONJpe86UWLTMpSNm54uMTzyx9NUSmWLiaPalvlWxNGiurC2fDF9Vv9XuKgN3YGDDSe99GzOccwhpOQkLDO7Rx7xlv0z5eOuZCUesEZqlXB5/NX4c3Dz5t+746X8WNiJpVNks6xvYVNMq7mdv+ymIDqHj1M7Y/B2Uu+C4guM/bpRb1fDUiMOKyUi6lpQ2I3fPEZuadDpozX8LlG1GE1sl+0JbfcwOtHTL1mVmMokcewrRu/P6ZjH0u0xO9Mbtq7k7d2nXzIhBT/hF/BvYccl+ufg8hZ+vBoqiYxUWaKob5xKZkvaryMYbMZKfz7GJDf+BZr2xMhJCFVU610+9UrG16A0WfRlOjsEvgaaWJl0vXgGe/n0ZUobxbxEcs0CZZSdkjYR/nMQs0rvEhdJ+zmpLnFtnIz7GEiyn8AOExhLqWaqTcPWbfuyt70t3QebIi/Gqtkp1SBOBw+ArpzCcCw+NYpE0GLsrk/j6u89GXeBYnsVJyGepq+cPXMPinuAuNOF93MGDlsNmsF3C+2svLDBwy4kAnD/TZwse8ZeLwJ9OpHRxS+U5ZzE7jObgJbp0r52gsfpq4y8btexOClss6Jc9LcaVLnUn46ma7j0i4pcJbekA1p8aDlu+Lxo541q59MTaE8BfIvBYorPg1roTTa+mJ/6STAp8ZG9PtTKc2dK2eEWlglTWbZNHp5TA2ALfNmpST7pAmYyl1jfSRT+sxHHmcPXs/dpDsUoakBlVGEzf9t5yoZ6c8MvfoEDr7jwDBCQY2jAeErJB9t5OW0iURJEWtKlUiQlnCu8bXt0g+9eLVrJiCip0n4sORcJ4HitBDBQZi/R8VwyIqWo0wCcHyMHBf255VSHlCE0TZd3g/50qxLSzU8650Xn1TnMa5Lavuipd3lG4KQl1fj/JQqWS084i1xHX/THd90PzuSHw6L3usyLApDG5HhRbcuuTCkkfsaVjPXt9gZ3H9Ultbrrd/SY00U8CInLTZ5PD65jC0ymNlUP3SMhKVukGPJjMl3VUBPxuIHT0GIttR4A+vTMzHQcr/KMV61gKPGEbxbM+GdVIuRRZlCszWQ9DXdQr4L4ZeSWj1/UcDHdIULNGKExo4WznLc53q0vFerE4KzKcGU484Q4mUk5ERQ8/hAzLiw4nYJYiRE+ZW7SKPmQs4nRwJ6Pay+msngY0Nj+pxMK4xrPJXDZfRn32QG7now7BxdkNp8r/NzsfSKNFMOX92wvm2clY+baOkMwMhgJrTcpKoZbXuZIJiff3XHYSKvbTlMkQMLjbw6B8vU7HD91GQUBPRjrMCi0lMq3ck5nwEY7oSBnUniHELFg1fm7HmORzzwMc0g14ep+Ft521GRlpZmK33dcDHghE+OqxEkAI+vUgEE4nG4z3las/itboYLHIE5z/rJYJQ/xYAIaoo2nSQQTILZR1CiwIQOJb4DchfEXrFiS6dsmJCRk+y9GVI9AU7hgcZ33a7v1lSzB5C1r4N/J09JhjQ36rBT8U9eeGct741ZlVlr9Ym7S3tAy3TlENd1QzL7UbtoHwzyyffL64hBB8hFbsPJZq2l2EgBsG8EmOF3rbmxqYbLNNRSjYm/S5aH8nlNsYXdMyIJP9yAr7r8PdpgrgTuwswGd7lusxIyYeVAEwi0HWse2KvgHNDBHMgP7gReJd07fBUve06DrfAftQqMvdN3ffaOAh0qHbqNzWT4bwYu6DrpeT9Hor5gFfRn2mWuTTl8qw2s4gO2hJk9+zNqsOB4yG/82EPI+Q9QkzbL/C4upBHMLt3laxGENel0cPdifLq4Gnk9L0oSor2SzdoAUGDdaCoHLMCBNvKZjQziO6A8209TEhP7uVUy2xza7IE6OKUwfZQf7u9vNu/bUkQ8sCY+lTz6NM9qxv8jqGkK8l8jgiGv6df9lZwQvBPbuKOC+HN4qvgBYnWVR8DWtOmsQpprQGcaGUpDhnyVnHG4iCD5q+A7+mkCXqGj0t9g76P8k1qf/auj+U9mK3yl3jm/A7/QYbfDxxg9fcgupHx7j+nD805x59VyLVWXmGBxYuwepW0ucF7ljpD8cBBaQqguIxeNCH8kZQ6N9pFJJ2s3aANul7q4vldNRR6zh/w9D5iJK+bAzeEUEVI/i4GbtGyu8GX45KAlt8o9Kcy9BkX7rdgxWqh5QjHvoDHJtGXpneFxgNJM5ekUms/LAblLV9tgtpjvALZojPtEzzc1G44LbUqdwm4IW/iOwp/XQ9+Ew6LpY0q44rxEeaTMXnpR0JplBxtq7MEIJ1+zSm5lej78XUjSetbpRAiqj9yxQ4u5jU4hH3wiWz7FgEnw0J6yn1hy6SIsZfRKsPNfQXfsMswpewFA0wvUc1ZU9EZ/Uyg4Qgfa8UPZDFOig6htIFAtB4X2m2It5LtWH3EXEEipU5WcSQDg16pn33G1Nn0eTeXm8k3QUFq6nKDdIrt6/02phExoMoz32e7m6q8JRq/9VyXA5To8ozrUwl4sTnmbRUkt0XoiJLD/V6pohasjsMXS7DKB4IzeGphjYQ+xDVfNbkEW76lGWZiikDBuZvgSkMYjFpz+pkt4hoV2IiYXDcnJ7Aa+DBBRY+anhLDpu/HO+ySBX58cMr0LsK6XJLfemw+Z8oNG+moX4fBhCJOkXVwtI1hRIEmLFHxfAjeAJI1O5kvFuZIYEu2GEqIfJl5AxyX+LYjdm9hIswOYORYp7cbZwc4YVY/2+aLzdTowzc+JKceEda0PIio2WJAbPnqy6EOXvNfogxz0MLngVw0YFl9S8Tidev+d8noWuXefQUNdlv0ZwWsctNieZf1XfHnj5r3Ka6GGM8+m/hQN3umSxBkcm59QeZsJ7jXNDc4bfr9du/zs4BU5EHGLQB4mWrqXJCzdWODCkdYVUWgI2W+EveIqPo98AKJuav+66/YG5YMcKoyRtKP04AiqD4TmqUFfaUC64vM5E+Ii4qi9Eb3uaFx1EQ6NTuWAOXV40ozV70q1nnfwSXhP++GYSptu4f5n/TUZ/uWYW/zTC5MgyREgocIpoFesCBxYX0gy1ZXPtHjB28m8bAPCRKT/6yrwqraHcSmfhEtkUQdop9fpjTfc0TjnRaxDEYk1MhTy1CMKSnH3sMqtTkTqYLnbnAezD5ZDXl3MSAKwidW8jxPRtp9bMWCt6G5+If+RD04i4IqnYqNZQo6L256XhAifNARQnn94342D3toQTxQjOGGKqwgjTB7OKl3IvHdtzWmioQ4YmCdoE9PNEP488oFusQgVxwu+RJ0EXKeWy5pF7maokUpZnOkG+xOcTQaS4h8NMT7p2adjjO4P29I2Vz8vlD0yO4eqKUB/mQk9g1wOkUMEJbtA3/SwoIYs8dS4S+4Hk3iWbHZ0jeaXuWRbVN0pKmAgWQ4b30kTybJnl3PHHzCNbQF9v5SDQNVni1SJrqst8oyZo5dO1ZiF7z1rd7ZSBuLwIH7cymGbr8dK2dBTy66jCi9ox9Sqd+MalOuvXI5i7sE+TeSU2eTTqGoCCW/hwTv3Wc4MxyCLqMgzwB0xiaBOXCJqBRAfugSeDWqeKh/NX8VPuZ+iZlKGB6qcxLrt1H14KLGvWsfMXLcQbqKTSOsTKFqpQ5Fd7ePV/zU+DxvlZKLNTbzEi+C1XTQPr6VVeTT73EEM1HK88PdtZ6kbNUZh92sTDrzKfPr3Ep++R0HuGqV1KAR3fTmA5JmJSv6f4vZN1NOoIar1C6xGGwwqMR6QvJRbpWteFupKOLvE5JJYptSymJVHVaPwZedT10INwUxnTPig3clPPrasi7SBV7+aoFJArwhlPMuPbjH6RXOPfb01XNaReflthEjk40HJXgK0qq36N850Yc7bCFmBZHCmVp1DmAPahbMGGVxd1Uh/H74A+pvCELf04xeQu81/fKO05uJjROzYWkLDJPEx4a9CynHGiUvpq1ALDkZJdjr4oJxXaJ7k/uiU1EgtnK7ujgW/1D+g5ZD2fcJiO7oq0M09YfbMm7Y9aOVQ9jqJbUB89IwpxeSZJKGzdOKmsrmpp14Z1KBLn8liLWa27XDjbS2G2WsGxQYD07lsjerrsYlUq6gTSUbKBT18p51d3WxPW33gGQj679JZWnNsPiAs19pJABZM/xYSowmLZ3ZbbhxlogJc7vX8gDMYzzmJpv6OtQurkCLqcCdLgTaWMf9OCUW+j7SPNweHExNPbooT+Rqhzw/l4prxAbi/fdEQpwPXOcYyNOGkq4fwCtBNn+E01lwbRT8n08BZgY1uns+mOoLXcJXSUmIShDnfHYx4jdBYN0qV+BjOm7hmLo44SqDJAISsmQAJ4yLdXu4un7EXnM/UpZjjR+HKGFHpK3dWBzyvh4gRksj5FUPGVCSkcxzjtTIB341mH8Mm4X1OmPv77qeve00X/FQS9WNX6kVI3WdsiGz7GN6QKLfXXIeh4/nqA1LJO8xXf+I3d0WzkCojw9B9+0yKfVNfznRsrWtNu9cAYvHPK8fAc/0u4exAgBZDex5OBMMNxP/v8tIE/tXEDLjQnvZgX/patZNi75nwfj+5afEq2bXQUTG+Rl9wclqyptz5M44A9OI3U4D9gz5KjQ/F3wMb0Xs5JYGJkvNYzRsyjEzesinnjChwTp+KxQpBBrR4EptoyKCaFdjJBM7qzSV/Nl8DjDyBmaT9YgRpeQWY/lLnAvzmPt72+06QJsRhSHqeu0ACOC4mmAW2jHHZOeoc8YXXphLUFIV/gKwvbqoZzj5YGSZl/uopPze0f1Bfvm83W1WkCwIiVnbYRX56om9iRk+JwM8emr9EGQCXDpm+QxGu0RK3IJ4NgtN3Fn8oaxpmGjjQUsKDmVFcPVkDBGcoyeZtCaoUHBLa2b4UV7DOAZhqloFqLCZQm8UTN/Qq7ZO8TKCyUbIx44WhoE21SJRF2zt/AgaV6uo6VvbabgXSr+2ynQ6cgy2CA+tGYP5OEO6qF1BDaUb+GJ+wWdpH5LMBm9/zHrFwFqOzsHpI+dyNeU2zzK6ZFbISs+8dHa82yeADVb1ifhp+lxA3rLd0qmUuB8FlfcyQSIDps0W50wKszk14/Yc0jqoBFnCn+W+lLdrc9RN3rkEeIhmeJY4th3djfCAi7dSfJpla8xtG5JYMftylM0/bBuZ5C9oaiEuEVplN/S7jII/Sd3by8CDbj9HEJjxj79tsGnV5pA46bomXn0tOZw22hns4fqFAx2mQzjyn9a+kBm1iH5V7zsFC53LwKbReMq9jSUHdubWCgWKm8RNYNxYW7FSlUU3s/xmO1ZKnDSQlrR9JcnI1tZgWC1P40orlNGcccXZ9v/Dqu5qKLLP6qO9VGsUgJ3xa0bKl6Ogv13ogHMaBYb48ogPZvvVUhSTdhzRb5I8ILZ6IBkPcEygsM++agM2lkexwKRXC8eJJxl35KNK+ufJIvTudcGw+ulH+m/x+wFpY46BQvwbpFVrTtFi8OZtRkLBY7isqzIqM2/GRQClTgWQEomRITNxM64nPQBJR+4oru7mfwHTHeM90PTEJq/ib7sDfkN50YOn65PgdVFNEjP4LPLlUwaNu+/A6HEL2rrg96WGABZqf+km3gYjyoN8dsp/hznWpV1YwmhmCSk9XP5rcwFiqVd3N42wEt2RNHY0VEn60E2Khj5/fXYa8HipaVegtr/iTM03iIFnVoFkrAM+s7TAjar+UQi5Pouxmnb9xUiySWXhhClSF5j0RcJ/wwYIPV3t4wRLRj7+3yJcxKlyUB+6N3x2229QKMG3lf+ujXajk/OE3neOM/aPCJB9u7cLHj8w1/irtH5sMDDQyFo76CenYXl3iRd6Tb01hI5gHZphZRzMiAwPf/FVTffpLqoDNYk0sXfNkqFbrrJyQdb2e5v+9EUz4sqnDswUxfAIm/gEiT6yLv8XlihTytBpoGXIKdTK+kpzU02r5qECPIiydKvHU7IIa/o5y07nhoY8bgoCwwO3G9YvtPRdRXUIrSgYdllBM+NuoHyF3KIulgLa13vZ++qSf1bpfTgUhpMWgimLMYLBEvNN2Gjlb6YhgwFk1KgBl7o4j1RZ6f2vQ8uLz5TyXX5zQxSomqTdBhhfldcFXTQOG7ehTgcs49pdF9NDywOwoabKJ5RaUiXyT9g21ABAS6tl3iy/y3BtHIeg125oimJymWSSASURmq7nYY3TdwXhffOGxVqGv58APERutMFO87SzhPsMNLyc6LUah7HlkXqtRsAv8KXFpaPcs3P/RgDV9P4huTiae1thZgyNKDT8A0s9zRxe5xsZoqmRqf2ZL4Ka4SYfj1k9v+bW/DX3S+osG4ttxYi7WJikRZP15vabVzmp+TbzCQnfEqtV5gkqbQZi2ky7sc8LlJrhHbHFDKskeahe5UP1+oElsswIm8pkDR7IEXfVx5zuCJkts1BNC6Uo97Zpnu4cMWDHWi1lqB/ooYyOClIlkvoG7yfuWbGkxCnI0wtxxfyCDgLv8ls/29cYRDb08Eil01EAW/rV4anoyFOgOa/yPuL/fOxdjbw6VEPudaIE+XBZnWJIGI+jXPC+N1TjM9koqAo3v4jXLLF5qGPqP/A8ngc1Cokea23G9JIibJWf7WxL/fnUmk8hTL3kmnGyPTfDscYOMKcJSm71tMcK9hIXqofFpkmqdYXrEPoE91Uzw++QtdoqrwX6cbuRQODQGigkySC9WMiKJ+Em4a4zrDCaF43R0MQttFNoIA1ndwiNnLXJuznw4DVu1ikg16xJA02eU/+DdMKxmgajxUWbktQotCzZjhF7kLV5g7jW5DUOyKOLzGCL0TVy+pF5NZkcmXTbEFQmDcZ+2WHuAs6/Ik/MTvzWxRbCOvyubyuKPXiclN2sZPfdRBT6XQg68GIZS5Q/4nZXguizemBv1hfTWWt4SGR/DHQiYaFB3y1JRI3jxLdbCtNxwRDzT785ItZ/5xqmo/CUbVyoaIeI8I4PRS7YNEodgDZoBMOmhRwLVfXFmTh9+SYfTAZ8twhWyDZUxLf7Q+1HJ9Q/RJDUESBI6GhDu0xq3GU151aJbhBFq9qnn1qVu8vBbH6b5ZJt7Fp8J+3ZwRiXtBnNNkG6QGqk+S499VCz/BBY1E7NmN9Q5uWYVOu1QBoxXZcn4kbrahWYeFn7FoVhpMO4WmwIF4WePX8chIsEmaJUf1qehhThjGoBzAAOjCFGVn9OIj9bBK79pH0WRwvxYYhXtF35M2dPhs8AaOzCjv8K91iNTc6d2oqxQiF7/WKlsPCI6BK02tUlHZi9FFYuXG77SspwXlcRmMy4FCf0Narn7yddQx7LK9HqSSxe4aENc1pVaqMvHDiYjqehQgedmiyw3SNAiUkFFzlv08j3yldeZ6tGP6Sx85sQrp2mLYuhveg8qpGPz6nGSBxR+2zS1mu8Ddr0Gp3Caz/jsvS/iqIvzEtUZ1QNzkBrN96uYO0gt68rh//W00o661f7X4F+FsZJHxExieAzrQij5QHBFpeXL7rIUJhKzYj9td/OZvUcTbnUscryr4dijBZuCgbtx1dmbIvqIMp2t2vuKCXTlLugHjUfMTPb2VAvt2+FI+UvFKkxN6542SZxSrdRPqnqfRwbfv6pTqoYtJGMlXVYlw5NpzIWb8yGXABy/XsjDGWSBa24duwIvjvC29gEWH7aSMqF5iNznYX8qJNSSM2lCG4sV50sYEA9AjEnA3tclK0Q9fvLNx3Bx7CFneo908ZSpcfdNal4NZ55NRHqwN6zjKS2pmHRR670tIdVibrhsmOm5xOwtFLPA8rVIpJk/Zjz8TGwFfMinsImrJ0Eo6jg/aH6oG7u2pkaMSwBO+DNVP4IdhyLkmH/x1fwTlb20Cz52VOnqUClQR01TdEmtMx8Hu40h7jljx2qwdRmpc9qHOcoOq26L11MLjAPwtJ4Kmdfwr5+t59PrkC9oFvBTgNA41C3vFNTqY5iHCM4h2gE4SgTDlZo6sDi/9bIyq17zA202+i0mwDcjdR7zx16eP546Tn3hMdVFZowz2KEnii+NUyHcbod5XQtRTuaxBk54muMfNE/S+N/9+WUxY7snTb+iJl/pI21EpdhyVBTxXcJv3XKYu5UMRxJIkRQ6GMYMy1+nWngAeNBOpOGLi2NueH29W5hyb9AhvkpS+MCDRtBH6W1bi2BzR2R9YK9mA+u6cpvVI/lI0144R8DHpu46OSB7WuLo/cvK7ikdkJvENM6qy8KBLxb7p7IG5TmqZcIJzu0GumUzljGTOQqWDw5X+BnFVSSrqTaenHCRJOCgYyBN0CrE4eOqo8HXFiM0/t44q/zh2myc/rzhLBcLK1eiF/QSzpPDZ2MlppbmJoLGjXE5m3U8fN0ahwSkWxIzuDZS5xXfgBnO32KvLukXG4ggVCDHvnFyOO9iUstGdYbzckjpegpMYPegjUw3R+RASGiYPumODGLpFeADN+dP6y09VMy5vAb9Xt0cICiZAF+L+WnR34UzHdwqpluUz/yFJtT+Li4HHpguYBgGRqWaVmrbyKbUcOQN3ktQCGEmUXRGIGH0GeZPGC9Ztiy1NfLNvC1EPPFWe0Q0kC7sMz2lzpY3uMnbKq0cFXVLa2/pEsNrrC0cUhBcct01eLwK+bLfMS/bTXHKwcOK1+zcWfK10EoF3B2oPbX0Qdc087OVTGI/PBi5+M0ncRA1p7txaW77iNxEaK0S7O+aqK70SaEi30NWg9VrBdI3Vqa1jOJUANf3q3bZj2ylUWNMuIpqSBCzUPydT1AV7hWvYWBhL+FiWVhOQgf9pGM2ZPTZ++ZpGk4AVejNNGi3AKjCtVgKcxFjqGLHJhVxaCdlqDZcnddTOm2m5gQKjS4HiE3ikoqmJ94m20TeMqH7+mxlXJ0J54SxHTOlYL4tJ5iEpseEjyk/sDgW32rXCtZFzefH3nWQbFdAHIatMCwSKXuwF25HsyQQADwmDPW0DGxXVJLTldiy4x6uwBeDtOHWxJNTqqfnowEQba6UK64c3gSS7M94DunqQsptIAGXXRawl4+z2Zw1bNVipojPgR/j3CHXdGeW98LVnYUQ/4nc84uibN7PmALxTGK0o5mMpaTUu9bYuFkTeNYscN6xaOyhjiIuK8mI+KvrSjSs+uShE5L76DI7lPhzqR2TY3Z0FI5MG9IC9+YOxm5lOl8xIoN6YnQDKZGn2BcmS9ZvRMozmVkDAL5LgC4bmZMZ4QZYAQSlzMzJDcCxnkk4yO0NhPnBR5RSXvKIqRVpt1j8xf9/MQ+23K/xCbtFV/Sh/iw+OwpCfD1ObHmRFhcE0YZH5oErQpFkem5c2i5P2bBySvJfFHpQq3HwNWw9wvbAWnJ/BPN9PwifcEOl1FHOy6Dc+c9pr0NY1c6G2R1Z5LKLHTD6fIxs7NosKh862AJ7hN1w2ub0JFVPWWQUWVvwgfH/W0O/3ef8aSNve8iCSu0xhiSPN6TTM+YDj1RGaBubmAcIJsholQTB6d5OCQE4qDGpEyrWLd5G6G7W2fDtrafOFc9vvSJu7gG4/sgHKIzDJrypXXAc/l6DfeLrnI9wHe7Q6xzHzaqj003uvlcUHuhjb/nB6VSNG2t0+5HGP89TNhUVzLDucM4XqdvcsUvWNDhleD47ntneb29L6gobMuUuYPARRVb/Tb3NFr1Op6kg8Hh+iVvwTt8mRQVkiwweC1BiJK7GjePUkG885vxPRwZZIVTEAndSYNtPlcMB4nkQWlj3AHU2AteWs6CkTQfYrpLJCd/n27ptj+5QvYz7AZ2WoSh2zBoqdl1kn9xOgZYie2nhR/CqmJ24LTX7axeQg5/haFe+44IuiB62MWTWhPmOG/xcSBE0oGrK3FgmhgIQlqWGSvguBGp28ZduzvcZ0Hz8nuRJQBT2LdLpgG1NRPdutOLLI3eM/thJUmrlBRzpSBBEMnI1/FAuC4f4HU0jAfHJFXQEKmjwuuBe+RLE0HZQ0DHOlgaEiKmS0Mvikaw2RDWb4je8hLEGIaUAPzeEnpKmksiIZzVzKC71xgMEEfIt1vm4xysNIbNJaUqzbwS9W5dt0XIhrhq2Dlrq847/Zu1KYBZWzlZFixttUCfrQJbeBnp77kX/Ay4e7wwtuq0v6KlPb1Uw+3yT78E1Ij5LM7h/SATLLGNU/kPGtCoeRzpj3Hgfe7JcUTE70T+O1bpEigIkPWz6LbcuJYVXZAW2gcjhBo06Z9jYWVv9kr1LAeQkEVFd2fP62ranaxGtReMHt9dmVhv9NrZAvO4HgGHm/LCgRGI3V708fl5489nKGF3hbWJSHVWErDwxuigbN3nZc/GiJFhG8bA8OqEF4du/dfT0t1NuzKacPIhvUpF7zvVZjfgR+7xN7rMx/CWTsUPSROipWUUQDlRakAN9GigexFikic780BdoeDhjgmNScAqU/Qfk/lkjwUBI5sp0Gj6HreGgkWCR+s9T/Pg6Sqqp5Y7w7Qzh66tDMOUQbiMP2zEbTUjWbAqWlnKF2biIsENLls7V31ez5A7YR1sS2XoSlsiN7fx6piQ8FD4vbdQrJO/eVBGbl60iA4UTZmAs/2nz4OdRz7lCJUZkMrHtcS84gPpedE7Vkz1BT41ewtP2NF+a1NdcKpCd/Htf+0fBc+R3Ae46r+k7G4I8ZLT0p3ogGufkBA/E76EWTRHd7+dlg3lBFIjfK37RUejGWL4bzRR9ThZAQbaTQsgQtKmtfNDg7iVRHhiMxmP63FO+quiq3LOOn5ugUCdakjQ430KZld9X+rgpc9byJdJyqCI19J3Tf3+WLgJjo2d13H8aigtYbre190XN5fkTsG8Ax2sk808vbSSGWMc0vrijbc4Cxx5plQaqktdIGm2tqBBKNFNaurZyH9jez8GS7Y3JPb2fUzc7pdGibmgqVKmNcMmW3vXWpyn7KDHYGVnTHSz/Doidc86MiZmJuIbCH3k4ZQ7/QLCJZev4FXaJPzRBUES3L5IlfQQZ7J1MTlPRRD9f0jGxbzxnLtRl8E1QR88QmUXxgBARaN8AFPbiU8aTKtpp+AQ5igc3JUIDtpKDmNk3D6juN2iQUD2rd4ZJBxFJ3JTumpx7/VitPFxqku6qmw7rF4cTm1qXIHurYn6aPg4ip+Zbm98jMTwi3FVlYDlOITURLvbNNVnGVpK+eFM6/n49L+PAPHTDpwFaVDpnkpX9sjXD57lJqZStv11O1MhzLdVEKPpDEaHoPKrMe29CSCK3VxIQ5v20IsGHR2EQVv1UXE/xNt4WmfR+Hip+zihtxELedq70mVrRxmjrHRKkXSrl2G+ZURl5XVZVpMtR4/pWomTn7l12ukCFzESB2ACwY0vi1biv4e/pGLN0RxS7/QPu7c+WQZVboWAzL5LyDdWlXI6EfC+4E/Cx8cP9BfduQxd/eMWmAeaekBeQoexikYii44Yv/NAAVmuYRw0tYucFNtALTxkIiB8WEFEH6FwNMoa+fMjNVNHOQNsRjPFvtWJUVbghJHlU4PDV+4sIMeGiFD5yiHuMhZM1wBHjJKR5hQ4R4ywH9Vuh1xEHzjLIQTo4HuZaDTO0slx39QzmdG3XIHJq7u2mWTufoHXhtgZ3HIMXJeVHy521bkneW7K++xaa2+kGaopJJniGCZVyqdXZ/gfYKT4uui02vfTQC7jNsKRA2gYbslW+epSLEa1YhWkKRnKl3tbXrbYyduNRruFLtwyx0ZPgRZT+Da7LFwfnDfSJfTx8xmr1bafF6j2rA4kSyah0nOUHcTkv8jj+UHjmzH62DJko84YIMu2QGNpQDSB9+tvBXL1Zj+2wB079/rApZYaBDLe2v8g6CoqbM7AWfjAd02UifhS22mMcQxeOYXn+LJaazhLdq6flyp/M2+d8rKqWjad0Q2nhDI9ZRMWs727D9avzfgyYgnyiZMmBzfs5vifwznrZbFqoh2aYgWiBqWuTCctKPsEvOWD0m8HM5SfOtMVWWLtlPTh8NIZcQxcaI3Idb8t5a/1Numq/KKf87boUI7VPnsDMTuayp/AARsyilrfCR249SXOJvkBMqOUGywr3XkZqZpgf2XpOE8+GHB9r1+9iJ3rJBCIKrT4Ejb54g5kNP2cBGzSyi++x6VPhfj1Av2/CK47YcZ4f2C8JvF7Uyq7YLvpztlPvtujSyvGkT8JHAvTUz8qci6kwlaglNvZ3CY1+T57BA0jEF2NJnHtc25V4j3/dgJZRJ1FkTKPGnxrr7OOSXQvPM/URSgzm7jEXzBxQ4duqKHtDkL0p+yqm9rb22Dey2OtRM5sSVWFVzzXMBg9oz9ugISJCOJfG2pV/60w/H24p2ZMh5jO+MDdvNKhba4nKc+1mxj5O4TlF5E3h4BWVIYMGfQt7TcOqjwmiZF9IYiLH9y5L9OVA6ti6wedSaR/IyNqsyy9k+r/DCJwBQEwj3fABfmbmJ34W3BfyJ7PW1C6Z+K7Py8xxW8g8GeY5ecFSJQDt5f4TK13fYBFLhlN+nusgujISkp8Zf099jqkjSTRExY+8AMTG8MkpL0DyuOPQ2L28IzluU82Zm2w1Y7ab8qxwep7xbckh4x6kLluH5s7B6FT0UBx5WteC7J8xv4PJtkEcUBNzENXbGULyYkTU/ocvhFZTvhGiYWiA5W3+ngFdAAzyQ/kEeMeKaiKsGLGnYzdN/Ly4dU8cTKz4XzD2Z0VVpomFi6Bckho4HihoMIDdcnCD2nS8EnhqOVeY2Ub2hlqVILrEow/cS0t9dQSQ7zEXDzPxYw6VC352/fvHJFR4YaD9LG1TVwJri5v1SJwVj1TEUkKGHB/ZHpOkAszsWDkCCQs9SzE9o11PHaHlnLVrgUdLSFx/qxHnPUjxmIArObzxheX9Ed9oMBxugmIi4i7qhOKaPU7+0qvavBAR++g1fw7avAIjSIPQwIYUIzwLmEmWBBP8dn5oceyHzHBZpOxI9pCBcXuyq6elU8pDNpFyBefPs0MeBT2Sl55o3jCOeyAdTf6uXZwz7k+OK+h2vZaX8nRl43FUFxpCMhON6TpecfyPSJiUv6KbStMcrx5x5fDwzeh0tG7U1kYKBDqRmNTSLNvOsh3c3ZvzzXb6/hR9KKFPLjyeDcf7u3Bg7IejT4vM7/udSQ4wPoAYJFRj6uJoSQqlXNIUVlm/hUwtNMdGTv4bystpiO0ORP1iYTyXJLkfvbXDjriXdLv+ARODW0MZG82oZzP3A3wTuBaKLo2zkXo4lhXWxZwn4A2YupYPLUTuhe0husHw6yXb5fBzqhrtkHDxoEMzkWKX02IzSx+zckxwN/CeTFTBXQ56f+NUwC0WQsTwN1oLeo6dyTNhEChtgn75jvRCrYgdoWqlfyEzK9jX67A4BuNjnu4sYi8DxGrMaRLS465ov3ag2IDob5OdZQWyC2vGJSAl26gDfTHf2Xo+SeOWiKZUTD7vCHQe8saySxt/Oo4CyCJ23mCoU1Zg+cdeyKwYLJYh1aPX+074HlMRItQFPtLYAgmLZ3kJEvhhnAu82NCjPN3Nd+KbfiO3QimpT7ntrvz2uagIAxCfrat0BD5Vk3clddZqNVviKCMcGJFm/QswtwGVAlGJIvSs67Bj4DdxSTDzDSq05oFLkk6ObzytVEODkrtCyY0th8O9r8jrAEiU6PtoNPZPxVIvYvKjdx8mrQWmrUUyn75OSm1/lax1b3yfZTgTPXk/KLdgYSe4gTASvaNV7Dsh0krBh/TE+5rX+vBwPsHJfW1V7KE3M8jD8vkKPwS8xjDJtJMxNXpkcxVLqnDvngbgM4Mpqw+jyMDEWCuh6xa0yOhos0N+Wb/etXC3wKqYaic1cHW2AWb2/OwuQq6ub5k79WAumD0nUGfu5Qla09v9K/VbmboOJzTyl2fPBiacrAmU10HEoD98sDqyWcVTJ1k7KxYIR1r1eGPYbtAjjXvorcDKLLQuhnSBPBxc7kj6IStK/9/L0qYzbqUpsw7l2oyIw0id3QY5J3jY5VEle7KPW1fNk4KIfrywu7co8RFOHMZETYrfJ30qJaSBGZSyCHsarBw1TgxFO4NZNdyGO781GWqGdqFUHS2O79/l6tdvGagtFrTGB2PV4nRnC4tx2izYJBpsZ1QGd0lbJ0+nK6Tu9kG/wxFysSCsqdaJXSrZgBmcyEbk6pFVNGUZcimz6EwszTW2PbZXEHshDERzzaeZYV+mmVQ/5jS60mlCujcruOAoCCNJVZU6PMVpT2QzVFmtppdx2kwJIwfoT7x9JV+YdZcSM9FIifWnqYI89YrQRaI25q/dzlnqNnOBbem25OVSVqOUmdjqU5tB6hw6mL8/ufydWJZ65HoqrAuHm1kA+KijPTQsLEiXKFrpTTMXxh7gqqAqdXM7lESi2WZ/1aBd9G9HDbb3Yt30QHCuJEJzOoGXFfTnLroIW6tFD/O1ixaV6PpFnWLFivCYtvX9w8fd8M4hN6c52VrLeEVu4qkz0DgaMeP8mLnFqQlUPwL3qaS0T6OdXGacHNuPLZ/99NyzkIdyMBXH40FZK5CIaw7DWvmaknaRObvAlk73F3NxrFCuMs6W2xKl2Sd10RUoFntkmeg6FI93zncQkvw0hh93aAOiJPThPgDcB5et+FeBpDHl0jlRQaUNDCCgE32b5BokWH6pgcMddKBNWdMNI3qgMtowFe8pUR6fyAVJBBDj5cK2blDVcrqTBo6cyNZwgtRgPlOPZ5gp5XsCArpUVKYgjpRLGezPTbpasZRl5E0a0oOCZmtsMLpEKyR9d4cLikBAUwrmVFgqDT3KO8uNP6vpE38HWnu9vQGGcj9mArVUmQcIEaRzjeX7RwyQxu59SV1ZK8OcT4vCyOP8scZaLu4CypA8g7KcnH7HkSSB7RYcZZKbs8uzhMl4NovtCM62JudOaoOuSqFW9XAFCZyvoJvfqj6fQJS/vEo3BBWogH7+wONAn96m73I8MPw6yFP3ee/aRGzaAXHtO1hwMva+HYMlqBklOVOJRHk5i0VEiQ9yyh65Q3rugoNp0xtJkF8sz4dFyG8tOMx8hY1Q6Ga0AK/UyA+fr1r7XeDTw+GxVT+KG/EspOwQZ8V9yaKvT7NW1uW71mwE78H3RzAwBLuEv9RMVgJiU29CzjDgrRffCuGj9G0Sfm8lyuNqNvesAHYD3JmQaB8dGmraVSOFAIxrgpJm2VBpfpi9zigd1fCHJ6eV1yMhGueAJue7ZE/oWrVaGkptb8AM1eLE77boXDKmc33HpFAuinDJ0jg56dabR/jho5GPFGgByWrTZobNGSDOeZ3GbaCnxHSpAC1CSQFUltmC/XLEGhdsIRSh1dHg+HVjNfvMBYucNnDZPHMLP+F3MCXlpsh6hCwz+lbHdJaQ5RskxVsPtK30xi1XSazfPH7W/zTgu5oRQDI/g9mNrJHEHurhcpxR2aGz51eU9uoptQylC293HN7uz3kyIEucP/wcBpuyPfq0U/cwUH4TCYI+vqWzKLWU1NOsZ3Ke+UZReZ/bAFGF2jezKfL6o3t7UNSBtCc8gHPDlla+6FZAScKPSphSfrUg7KzDPJpjkpUtvxkVMxA6Av3mL+UmhgtprAilNAfyNS14E6AW/UXn4mV2GmdAWlTHHCO3kdnji9kHfLtwrcDvIwARR52LkxJL9bD8oZbD7pGSUefHYT+iHjkyeNt9zCHrcwR75mOPF3hnjHJLWD7xl1sq7XSBFrmhoR8oVOfHhZP3ocSS47qPSetJ7mPSLBZVP+qtwGPbZd+Aub2f8+CxfOAjk8hjoJpgKg/H9D8nEopnMdV5IWYUl9UCPqd2BAYZsG5fVmuSkvHV1wxB2py1mjOSRyf9tjX0XIJ46DZB5KiI+UfdniSnDFfjRBJw6C/ecTe+IQGUEg85KE6LkCix6Q+YPIIsxejVcLHIDmd/unj2xnCv8yzfSXJYPAK9RB00cz9bdyyW5iobGYjFRt7msoXn7RE/rErwm1r/CcLWcjqZa4UfFL+/fVeZ0QnM9c9tGQ/x8QjUvtCCBp5E50LUNDLyIFzpV9onfaifaACbe1hJb0QgDWAAniwvwwanynuwKQthna8I9idHQqF6V9CJGvl1CInCMo0T99iRN1W01/UmpE5C3ltUqYZEz64u82VxWg9qqREU60f9q4HIlWINoZ/Trdtc6ez7xyWld7JBqoihtRfu4ODqQ4fleCcJ/vCL4le9JRTfv/CFYlZojJSaW/bDpe9g0kC695CLCJeNqmYKAOAHydKaYjiKFNhYqTMjLi+MORBJfUZ34Bx38r5mqRU1Vmsdbp66INom1vFY28PiYZYxOMWFOmak+o1sGrSzmyToygAsvDtTr7iA5s7MU/sjZGcsG5q+xd2TWxifzSgcfBz+OPoFlszq1ghLJJcmwBkWrPfELyUhOSIwyi3423iXHErq8D67pQCHL4Asm7bUt8fghrFLTBWHmcIqnPU0BYdN54yFoEh2a1KVdnAY4ZZnhz7FX/GX3Ente57yGaEwW8rSqVCY7T4vTKUzvn2dEW6IqDDPHG6uEhtksVVG7iiC5RgHtxlcEfFV6y2M7H5c2QIO80GYMp4K4l9AZ1k8z5sOzPRxgQba5pUad/b5+MZZEh2+rOA6v5cNCvDn4pqdc+Ni0E1ymDm3GkldSLuzBfLHpwiRbaF92lOZt5TMHuYhfc3uiR5XCtDkbg+Ny6pObB6T8qMR/PtKFO2rWO6//FzAG2bC+SCNxiDOU2d8DCdB5z5PXzU77NMsd1OQyVDZF5PBl93utHsoC2Sly9jRMvqdZ9N0z3hFnqIosdtayD0P18tAuSp9yV37SNz5QGwXebLf0ewjE5Vk56Vg+CcwZkzaYUcdI4lNuHq9xYKDI4JrS5v8CEJi7PDIUcdE8bZpWvi9LI+pgxc5OXkcFs5G2qd2vYpzrUO+d84GsZ2gJZ69FZuDBQvc+1ULnfqkvh66b7zyyn2ktuM9a31MiJXO3vMGZd1M1ihVwlZ6SfD00DYiqSvoDhpI1bH5uYZqLTa3f/uSX4q7KA7GQt/brQiHQVy/aQnAz+usQcZc+djS7H3EongPcUe3CnpIZxZgzlHCCnlc+gsXknmB2IviXH22pbwBnBVUYBiIz3z3XRRlqr4KBt6+amvQe7s3ZvSBeZvUJLwGk2D+c+S0zbJAcYjBaDTMnOQharUjC1gzvbtDjds+cnzcJgV+QFhh0hJc2LpuYdzIa0PvLXKz316zCdkShDvKJyJA2s58K46feQbYixMYDKOE6ja5gFYo01OvtShHS26fzi69srhGHo+nJbqr8u0OOavZmqhV786m4CzbBiHz4d8ih186Ci5MNJt4vNAfl8ITQPekHQw92KEU2bqVNRDLOHwgI6tkH6sMKDVBGp9PFxcpfXes8peSBDJOGdcQW/NWh3JhQfJzawi8YePZpsuhGpYCFYY0hGsHepzmzqqQ80yAQJe2McXxSBMTL26r6BzAyQpj5JWeEpt/aycN3nd92e/lA25rEJHMSBU9CCLXfCcMMGp/M9C2WTDh32A5dpbmvyCukj+nSYnmjSzywNc4T6z10QbaHmTEa5omyYMi/513rkj937jn48y9dYwYgbLocnu0NEKHfkYPV3YvAl33MKFmhLEH3AblAaS5PIUmL/bEIEq5HMoAVzsmGSI2Upna4g5duqX84/05qOj5fK0pJkR/jKLHJYmgewsMZQdofm285dpeKztOcOx9UD4onVk2HLTECckvRSexEB+TSiEQTYo+9DclnN3RuUAqy6XoMsrXjjXbw0IPv6/TY/0zZkwUFrUpHHt47tn7LSzMVB/iZ/rINCPcYvATp47TUTQdq2A99Z3anMFIKB2jrKG2lYByODFVcU4VMubYjpyEb+odDGMHszCcZGF4+Vqi3piBE28e0oKkbVCUBGQRptc7l10b5ffGqUw97A9RN0/DkSTDS6bh48bxE1Sqsax4MNnMOfzyCP56qeTW6Dx7kRNi3vuX7i/yL3eUfbPkjWjWA9St1pb5EJFXRVWexWAERhA0psYCiQCCAxpK1OgGT6kU3rjk4FPYFqVldX1zHcd1uVzVRzD24VHDK3VwWYAS119K92r8LJemNboFDztphOkoEan7TNxA6kI9dxH3O2jpl6OGx1uBLKpqy1MRfn1yhGB0NlkyqqZDtSkIZZgL2Ac6/gXCBpIqXFgskDy9dbINwXqS7Fzy4ORbm5brPSrO5kwtSFWNpqALNWhxF4oEOVMNmlthrTie0lNOPeo/QMHybrQIiTdKV3n6gp7xn7j0Mlg6mnTFoHhL+iJ0+JZARjPwSp009GSaEPn0LPlEp4SBEAVEZBiChnBWp4KEbc6jfJ5FoE4OC4GkohkW3RLlfd4oY12UmSj9sqjF6FG34fWem81v0JSa5m+V7YwtWp/Dwx+1NHOiwVPpRA/Z+A0cZVaDbXGuUzFGJwC7oAJfbyXnVnCTNHRRmyQBkjbKU+Dsu9UI/kuP4kqf73aYb/A8gT90F6A3NxxkYt9MlyKz8d8KJolMyq1UhJin9XsAgV610sIMZb2UJlCnWfmj7t5bxJCsR3dXX0k5e436CrV/YZ4WiXeG8UkdeRA60BuYY1Z5abPjjA9O3LPRjp0Pf3RJYVTTc9LbbhneOOZr1JHHE91vbco7ansMlP71/LHQ1RZ5uSx/vf4hxp80I7Rm3h9FsG0+nvpvhu/QNROXsodZhQEdSBW26o611cWPoaqolQZb+0kQ5bn/Is/qq5h2ctNrl4FtAVeda2O/sexVgICI5CR7yrTX02r21yeVJe3jFhQ+FRZ1U4zjPcqDJWCOkg6culnLeawbfR2saGEvMVBTDpW+Z3/7iaLzYPkGGvGvp4ocheaKqiX3E4LQjgkJVHBTi9SMYqhBd7fHkYrP8yFb34qBGhHvk5/8Yy6BfTzAlgaBcPHnFunBNptSSgQzgvYyFp8wWOtpjqvxDCC23imydV0rnz1gIiHr/fF3V+owppQEFIABhz4WkDzRDDkdM7tWFTgeWXjDNJDRQ5aRw6KVevwi9rU6v2vJYj6pcFuA+bBdSaizZ/TRFj0baGWLGAmdzud2FaCxqnuhMl4VeU3QkV9WlJnaKXgl9G1ZEzSclSwnBdi/Na/AG68k5tDWBGyWCO0NST0n2UJQxm26HcwleYz9+bjUrzCJl2SOE85/jjyEFTLyX/0a8D0THZEowb6lB+vvB/H1LY09emQlYQ9OKiXvti4ninBbR97tEr4qQtpd3FKmwmqaWGqH5HUSaE7n1KsKA7abInwyHNZWqvnT4tb34g/9iV6bVcJP3EbFRnXx8+hDXgWwO4+I2k3zJy2omQHh0s48kOUvAgtfpsoSZTIp+mtQullVF/FngtYfLqhT4cey5e8RmbJ53PKbsOJwCdrQUM2xht4rUYAyJ5GHFac0xx2h37mm+6Y+bq55cZ8Xsv6URS5d8JDVuOOy9wUtopcvs2WtqN2IY1Xj7GlkXhgzgHnFyyg3V5zGKCv5dOTQkfRMlKvvu3nyYu4IDue599h/3sUptS4LfQOcgpoPFrY/vMt9miX+uZz1dnX78f8bDAH1d1bxHOuxL9CAfkM2aOro7J5e40QpELjP9T0rqQne03/ZOQMoPDxPnRKRqdTY1b5MzGfUoAaWIv/Xa1SRB/L1arnJJVfpou/c9X3cx7YhOtIRRlgFLIYIWnNfaLvo1zj8cmMBQmr00Ouj7RWAU1iOp3Xgx07oaA07o4s3qCJltkIfIOpDHr+7SFF9WAoq4KrYNyRErp62aaviyNCnpdxryFEqIP02+Y145iNUvOeYVn1ERp+tiGuEc0XFpDJXA3iw3NhaAnFJFsgElAnquKEGFmgmFoyRHAJxUBLjoBKjuVpwj6SqeklBx/B35tRMltgCMnHhC6DzrtWK7K+I/HwRWBLxmGB21NmSpGrIt+xgDoDAXzV5k26UEq9QLO4l17AH9/zDZ+TZgX0IlS3IYRFJaPFe4ZhLxTVRiccrEfNTY4g0+Eb2bk+/tYP1T49g8M9jU85f2Vn96O5yCjT0VEs90W03ibWBFj++0BaQcS3Ozjq8azCeacRyS/9kAAAAAAAAAAAAAAAAAAAAAAAAAAAAAAAAAAAAAAAAAAAAAAAAAAAAAAAAAAAAAAAAAAAAAAAAAAAAAAAAAAAAAAAAAAAAAAAAAAAAAAAAAAAAAAAAAAAAAAAAAAAAAAAAAAAAAAAAAAAAAAAAAAAAAAAAAAAAAAAAAAAAAAAAAAAAAAAAAAAAAAAAAAAAAAAAAAAAAAAAAAAAAAAAAAAAAAAAAAAAAAAAAAAAAAAAAAAAAAAAAAAAAAAAAAAAAAAAAAAAAAAAAAAAAAAAAAAAAAAAAAAAAAAAAAAAAAAAAAAAAAAAAAAAAAAAAAAAAAAAAAAAAAAAAAAAAAAAAAAAAAAAAAAAAAAAAAAAAAAAAAAAAAAAAAAAAAAAAAAAAAAAAAAAAAAAAAAAAAAAAAAAAAAAAAAAAAAAAAAAAAAAAAAAAAAAAAAAAAAAAAAAAAAAAAAAAAAAAAAAAAAAAAAAAAAAAAAAAAAAAAAAAAAAAAAAAAAAAAAAAAAAAAAAAAAAAAAAAAAAAAAAAAAAAAAAAAAAAAAAAAAAAAAAAAAAAAAAAAAAAAAAAAAAAAAAAAAAAAAAAAAAAAAAAAAAAAAAAAAAAAAAAAAAAAAAAAAAAAAAAAAAAAAAAAAAAAAAAAAAAAAAAAAAAAAAAAAAAAAAAAAAAAAAAAAAAAAAAAAAAAAAAAAAAAAAAAAAAAAAAAAAAAAAAAAAAAAAAAAAAAAAAAAAAAAAAAAAAAAAAAAAAAAAAAAAAAAAAAAAAAAAAAAAAAAAAAAAAAAAAAAAAAAAAAAAAAAAAAAAAAAAAAAAAAAAAAAAAAAAAAAAAAAAAAAAAAAAAAAAAAAAAAAAAAAAAAAAAAAAAAAAAAAAAAAAAAAAAAAAAAAAAAAAAAAAAAAAAAAAAAAAAAAAAAAAAAAAAAAAAAAAAAAAAAAAAAAAAAAAAAAAAAAAAAAAAAAAAAAAAAAAAAAAAAAAAAAAAAAAAAAAAAAAAAAAAAAAAAAAAAAAAAAAAAAAAAAAAAAAAAAAAAAAAAAAAAAAAAAAAAAAAAAAAAAAAAAAAAAAAAAAAAAAAAAAAAAAAAAAAAAAAAAAAAAAAAAAAAAAAAAAAAAAAAAAAAAAAAAAAAAAAAAAAAAAAAAAAAAAAAAAAAAAAAAAAAAAAAAAAAAAAAAAAAAAAAAAAAAAAAAAAAAAAAAAAAAAAAAAAAAAAAAAAAAAAAAAAAAAAAAAAAAAAAAAAAAAAAAAAAAAAAAAAAAAAAAAAAAAAAAAAAAAAAAAAAAAAAAAAAAAAAAAAAAAAAAAAAAAAAAAAAAAAAAAAAAAAAAAAAAAAAAAAAAAAAAAAAAAAAAAAAAAAAAAAAAAAAAAAAAAAAAAAAAAAAAAAAAAAAAAAAAAAAAAAAAAAAAAAAAAAAAAAAAAAAAAAAAAAAAAAAAAAAAAAAAAAAAAAAAAAAAAAAAAAAAAAAAAAAAAAAAAAAAAAAAAAAAAAAAAAAAAAAAAAAAAAAAAAAAAAAAAAAAAAAAAAAAAAAAAAAAAAAAAAAAAAAAAAAAAAAAAAAAAAAAAAAAAAAAAAAAAAAAAAAAAAAAAAAAAAAAAAAAAAAAAAAAAAAAAAAAAAAAAAAAAAAAAAAAAAAAAAAAAAAAAAAAAAAAAAAAAAAAAAAAAAAAAAAAAAAAAAAAAAAAAAAAAAAAAAAAAAAAAAAAAAAAAAAAAAAAAAAAAAAAAAAAAAAAAAAAAAAAAAAAAAAAAAAAAAAAAAAAAAAAAAAAAAAAAAAAAAAAAAAAAAAAAAAAAAAAAAAAAAAAAAAAAAAAAAAAAAAAAAAAAAAAAAAAAAAAAAAAAAAAAAAAAAAAAAAAAAAAAAAAAAAAAAAAAAAAAAAAAAAAAAAAAAAAAAAAAAAAAAAAAAAAAAAAAAAAAAAAAAAAAAAAAAAAAAAAAAAAAAAAAAAAAAAAAAAAAAAAAAAAAAAAAAAAAAAAAAAAAAAAAAAAAAAAAAAAAAAAAAAAAAAAAAAAAAAAAAAAAAAAAAAAAAAAAAAAAAAAAAAAAAAAAAAAAAAAAAAAAAAAAAAAAAAAAAAAAAAAAAAAAAAAAAAAAAAAAAAAAAAAAAAAAAAAAAAAAAAAAAAAAAAAAAAAAAAAAAAAAAAAAAAAAAAAAAAAAAAAAAAAAAAAAAAAAAAAAAAAAAAAAAAAAAAAAAAAAAAAAAAAAAAAAAAAAAAAAAAAAAAAAAAAAAAAAAAAAAAAAAAAAAAAAAAAAAAAAAAAAAAAAAAAAAAAAAAAAAAAAAAAAAAAAAAAAAAAAAAAAAAAAAAAAAAAAAAAAAAAAAAAAAAAAAAAAAAAAAAAAAAAAAAAAAAAAAAAAAAAAAAAAAAAAAAAAAAAAAAAAAAAAAAAAAAAAAAAAAAAAAAAAAAAAAAAAAAAAAAAAAAAAAAAAAAAAAAAAAAAAAAAAAAAAAAAAAAAAAAAAAAAAAAAAAAAAAAAAAAAAAAAAAAAAAAAAAAAAAAAAAAAAAAAAAAAAAAAAAAAAAAAAAAAAAAAAAAAAAAAAAAAAAAAAAAAAAAAAAAAAAAAAAAAAAAAAAAAAAAAAAAAAAAAAAAAAAAAAAAAAAAAAAAAAAAAAAAAAAAAAAAAAAAAAAAAAAAAAAAAAAAAAAAAAAAAAAAAAAAAAAAAAAAAAAAAAAAAAAAAAAAAAAAAAAAAAAAAAAAAAAAAAAAAAAAAAAAAAAAAAAAAAAAAAAAAAAAAAAAAAAAAAAAAAAAAAAAAAAAAAAAAAAAAAAAAAAAAAAAAAAAAAAAAAAAAAAAAAAAAAAAAAAAAAAAAAAAAAAAAAAAAAAAAAAAAAAAAAAAAAAAAAAAAAAAAAAAAAAAAAAAAAAAAAAAAAAAAAAAAAAAAAAAAAAAAAAAAAAAAAAAAAAAAAAAAAAAAAAAAAAAAAAAAAAAAAAAAAAAAAAAAAAAAAAAAAAAAAAAAAAAAAAAAAAAAAAAAAAAAAAAAAAAAAAAAAAAAAAAAAAAAAAAAAAAAAAAAAAAAAAAAAAAAAAAAAAAAAAAAAAAAAAAAAAAAAAAAAAAAAAAAAAAAAAAAAAAAAAAAAAAAAAAAAAAAAAAAAAAAAAAAAAAAAAAAAAAAAAAAAAAAAAAAAAAAAAAAAAAAAAAAAAAAAAAAAAAAAAAAAAAAAAAAAAAAAAAAAAAAAAAAAAAAAAAAAAAAAAAAAAAAAAAAAAAAAAAAAAAAAAAAAAAAAAAAAAAAAAAAAAAAAAAAAAAAAAAAAAAAAAAAAAAAAAAAAAAAAAAAAAAAAAAAAAAAAAAAAAAAAAAAAAAAAAAAAAAAAAAAAAAAAAAAAAAAAAAAAAAAAAAAAAAAAAAAAAAAAAAAAAAAAAAAAAAAAAAAAAAAAAAAAAAAAAAAAAAAAAAAAAAAAAAAAAAAAAAAAAAAAAAAAAAAAAAAAAAAAAAAAAAAAAAAAAAAAAAAAAAAAAAAAAAAAAAAAAAAAAAAAAAAAAAAAAAAAAAAAAAAAAAAAAAAAAAAAAAAAAAAAAAAAAAAAAAAAAAAAAAAAAAAAAAAAAAAAAAAAAAAAAAAAAAAAAAAAAAAAAAAAAAAAAAAAAAAAAAAAAAAAAAAAAAAAAAAAAAAAAAAAAAAAAAAAAAAAAAAAAAAAAAAAAAAAAAAAAAAAAAAAAAAAAAAAAAAAAAAAAAAAAAAAAAAAAAAAAAAAAAAAAAAAAAAAAAAAAAAAAAAAAAAAAAAAAAAAAAAAAAAAAAAAAAAAAAAAAAAAAAAAAAAAAAAAAAAAAAAAAAAAAAAAAAAAAAAAAAAAAAAAAAAAAAAAAAAAAAAAAAAAAAAAAAAAAAAAAAAAAAAAAAAAAAAAAAAAAAAAAAAAAAAAAAAAAAAAAAAAAAAAAAAAAAAAAAAAAAAAAAAAAAAAAAAAAAAAAAAAAAAAAAAAAAAAAAAAAAAAAAAAAAAAAAAAAAAAAAAAAAAAAAAAAAAAAAAAAAAAAAAAAAAAAAAAAAAAAAAAAAAAAAAAAAAAAAAAAAAAAAAAAAAAAAAAAAAAAAAAAAAAAAAAAAAAAAAAAAAAAAAAAAAAAAAAAAAAAAAAAAAAAAAAAAAAAAAAAAAAAAAAAAAAAAAAAAAAAAAAAAAAAAAAAAAAAAAAAAAAAAAAAAAAAAAAAAAAAAAAAAAAAAAAAAAAAAAAAAAAAAAAAAAAAAAAAAAAAAAAAAAAAAAAAAAAAAAAAAAAAAAAAAAAAAAAAAAAAAAAAAAAAAAAAAAAAAAAAAAAAAAAAAAAAAAAAAAAAAAAAAAAAAAAAAAAAAAAAAAAAAAAAAAAAAAAAAAAAAAAAAAAAAAAAAAAAAAAAAAAAAAAAAAAAAAAAAAAAAAAAAAAAAAAAAAAAAAAAAAAAAAAAAAAAAAAAAAAAAAAAAAAAAAAAAAAAAAAAAAAAAAAAAAAAAAAAAAAAAAAAAAAAAAAAAAAAAAAAAAAAAAAAAAAAAAAAAAAAAAAAAAAAAAAAAAAAAAAAAAAAAAAAAAAAAAAAAAAAAAAAAAAAAAAAAAAAAAAAAAAAAAAAAAAAAAAAAAAAAAAAAAAAAAAAAAAAAAAAAAAAAAAAAAAAAAAAAAAAAAAAAAAAAAAAAAAAAAAAAAAAAAAAAAAAAAAAAAAAAAAAAAAAAAAAAAAAAAAAAAAAAAAAAAAAAAAAAAAAAAAAAAAAAAAAAAAAAAAAAAAAAAAAAAAAAAAAAAAAAAAAAAAAAAAAAAAAAAAAAAAAAAAAAAAAAAAAAAAAAAAAAAAAAAAAAAAAAAAAAAAAAAAAAAAAAAAAAAAAAAAAAAAAAAAAAAAAAAAAAAAAAAAAAAAAAAAAAAAAAAAAAAAAAAAAAAAAAAAAAAAAAAAAAAAAAAAAAAAAAAAAAAAAAAAAAAAAAAAAAAAAAAAAAAAAAAAAAAAAAAAAAAAAAAAAAAAAAAAAAAAAAAAAAAAAAAAAAAAAAAAAAAAAAAAAAAAAAAAAAAAAAAAAAAAAAAAAAAAAAAAAAAAAAAAAAAAAAAAAAAAAAAAAAAAAAAAAAAAAAAAAAAAAAAAAAAAAAAAAAAAAAAAAAAAAAAAAAAAAAAAAAAAAAAAAAAAAAAAAAAAAAAAAAAAAAAAAAAAAAAAAAAAAAAAAAAAAAAAAAAAAAAAAAAAAAAAAAAAAAAAAAAAAAAAAAAAAAAAAAAAAAAAAAAAAAAAAAAAAAAAAAAAAAAAAAAAAAAAAAAAAAAAAAAAAAAAAAAAAAAAAAAAAAAAAAAAAAAAAAAAAAAAAAAAAAAAAAAAAAAAAAAAAAAAAAAAAAAAAAAAAAAAAAAAAAAAAAAAAAAAAAAAAAAAAAAAAAAAAAAAAAAAAAAAAAAAAAAAAAAAAAAAAAAAAAAAAAAAAAAAAAAAAAAAAAAAAAAAAAAAAAAAAAAAAAAAAAAAAAAAAAAAAAAAAAAAAAAAAAAAAAAAAAAAAAAAAAAAAAAAAAAAAAAAAAAAAAAAAAAAAAAAAAAAAAAAAAAAAAAAAAAAAAAAAAAAAAAAAAAAAAAAAAAAAAAAAAAAAAAAAAAAAAAAAAAAAAAAAAAAAAAAAAAAAAAAAAAAAAAAAAAAAAAAAAAAAAAAAAAAAAAAAAAAAAAAAAAAAAAAAAAAAAAAAAAAAAAAAAAAAAAAAAAAAAAAAAAAAAAAAAAAAAAAAAAAAAAAAAAAAAAAAAAAAAAAAAAAAAAAAAAAAAAAAAAAAAAAAAAAAAAAAAAAAAAAAAAAAAAAAAAAAAAAAAAAAAAAAAAAAAAAAAAAAAAAAAAAAAAAAAAAAAAAAAAAAAAAAAAAAAAAAAAAAAAAAAAAAAAAAAAAAAAAAAAAAAAAAAAAAAAAAAAAAAAAAAAAAAAAAAAAAAAAAAAAAAAAAAAAAAAAAAAAAAAAAAAAAAAAAAAAAAAAAAAAAAAAAAAAAAAAAAAAAAAAAAAAAAAAAAAAAAAAAAAAAAAAAAAAAAAAAAAAAAAAAAAAAAAAAAAAAAAAAAAAAAAAAAAAAAAAAAAAAAAAAAAAAAAAAAAAAAAAAAAAAAAAAAAAAAAAAAAAAAAAAAAAAAAAAAAAAAAAAAAAAAAAAAAAAAAAAAAAAAAAAAAAAAAAAAAAAAAAAAAAAAAAAAAAAAAAAAAAAAAAAAAAAAAAAAAAAAAAAAAAAAAAAAAAAAAAAAAAAAAAAAAAAAAAAAAAAAAAAAAAAAAAAAAAAAAAAAAAAAAAAAAAAAAAAAAAAAAAAAAAAAAAAAAAAAAAAAAAAAAAAAAAAAAAAAAAAAAAAAAAAAAAAAAAAAAAAAAAAAAAAAAAAAAAAAAAAAAAAAAAAAAAAAAAAAAAAAAAAAAAAAAAAAAAAAAAAAAAAAAAAAAAAAAAAAAAAAAAAAAAAAAAAAAAAAAAAAAAAAAAAAAAAAAAAAAAAAAAAAAAAAAAAAAAAAAAAAAAAAAAAAAAAAAAAAAAAAAAAAAAAAAAAAAAAAAAAAAAAAAAAAAAAAAAAAAAAAAAAAAAAAAAAAAAAAAAAAAAAAAAAAAAAAAAAAAAAAAAAAAAAAAAAAAAAAAAAAAAAAAAAAAAAAAAAAAAAAAAAAAAAAAAAAAAAAAAAAAAAAAAAAAAAAAAAAAAAAAAAAAAAAAAAAAAAAAAAAAAAAAAAAAAAAAAAAAAAAAAAAAAAAAAAAAAAAAAAAAAAAAAAAAAAAAAAAAAAAAAAAAAAAAAAAAAAAAAAAAAAAAAAAAAAAAAAAAAAAAAAAAAAAAAAAAAAAAAAAAAAAAAAAAAAAAAAAAAAAAAAAAAAAAAAAAAAAAAAAAAAAAAAAAAAAAAAAAAAAAAAAAAAAAAAAAAAAAAAAAAAAAAAAAAAAAAAAAAAAAAAAAAAAAAAAAAAAAAAAAAAAAAAAAAAAAAAAAAAAAAAAAAAAAAAAAAAAAAAAAAAAAAAAAAAAAAAAAAAAAAAAAAAAAAAAAAAAAAAAAAAAAAAAAAAAAAAAAAAAAAAAAAAAAAAAAAAAAAAAAAAAAAAAAAAAAAAAAAAAAAAAAAAAAAAAAAAAAAAAAAAAAAAAAAAAAAAAAAAAAAAAAAAAAAAAAAAAAAAAAAAAAAAAAAAAAAAAAAAAAAAAAAAAAAAAAAAAAAAAAAAAAAAAAAAAAAAAAAAAAAAAAAAAAAAAAAAAAAAAAAAAAAAAAAAAAAAAAAAAAAAAAAAAAAAAAAAAAAAAAAAAAAAAAAAAAAAAAAAAAAAAAAAAAAAAAAAAAAAAAAAAAAAAAAAAAAAAAAAAAAAAAAAAAAAAAAAAAAAAAAAAAAAAAAAAAAAAAAAAAAAAAAAAAAAAAAAAAAAAAAAAAAAAAAAAAAAAAAAAAAAAAAAAAAAAAAAAAAAAAAAAAAAAAAAAAAAAAAAAAAAAAAAAAAAAAAAAAAAAAAAAAAAAAAAAAAAAAAAAAAAAAAAAAAAAAAAAAAAAAAAAAAAAAAAAAAAAAAAAAAAAAAAAAAAAAAAAAAAAAAAAAAAAAAAAAAAAAAAAAAAAAAAAAAAAAAAAAAAAAAAAAAAAAAAAAAAAAAAAAAAAAAAAAAAAAAAAAAAAAAAAAAAAAAAAAAAAAAAAAAAAAAAAAAAAAAAAAAAAAAAAAAAAAAAAAAAAAAAAAAAAAAAAAAAAAAAAAAAAAAAAAAAAAAAAAAAAAAAAAAAAAAAAAAAAAAAAAAAAAAAAAAAAAAAAAAAAAAAAAAAAAAAAAAAAAAAAAAAAAAAAAAAAAAAAAAAAAAAAAAAAAAAAAAAAAAAAAAAAAAAAAAAAAAAAAAAAAAAAAAAAAAAAAAAAAAAAAAAAAAAAAAAAAAAAAAAAAAAAAAAAAAAAAAAAAAAAAAAAAAAAAAAAAAAAAAAAAAAAAAAAAAAAAAAAAAAAAAAAAAAAAAAAAAAAAAAAAAAAAAAAAAAAAAAAAAAAAAAAAAAAAAAAAAAAAAAAAAAAAAAAAAAAAAAAAAAAAAAAAAAAAAAAAAAAAAAAAAAAAAAAAAAAAAAAAAAAAAAAAAAAAAAAAAAAAAAAAAAAAAAAAAAAAAAAAAAAAAAAAAAAAAAAAAAAAAAAAAAAAAAAAAAAAAAAAAAAAAAAAAAAAAAAAAAAAAAAAAAAAAAAAAAAAAAAAAAAAAAAAAAAAAAAAAAAAAAAAAAAAAAAAAAAAAAAAAAAAAAAAAAAAAAAAAAAAAAAAAAAAAAAAAAAAAAAAAAAAAAAAAAAAAAAAAAAAAAAAAAAAAAAAAAAAAAAAAAAAAAAAAAAAAAAAAAAAAAAAAAAAAAAAAAAAAAAAAAAAAAAAAAAAAAAAAAAAAAAAAAAAAAAAAAAAAAAAAAAAAAAAAAAAAAAAAAAAAAAAAAAAAAAAAAAAAAAAAAAAAAAAAAAAAAAAAAAAAAAAAAAAAAAAAAAAAAAAAAAAAAAAAAAAAAAAAAAAAAAAAAAAAAAAAAAAAAAAAAAAAAAAAAAAAAAAAAAAAAAAAAAAAAAAAAAAAAAAAAAAAAAAAAAAAAAAAAAAAAAAAAAAAAAAAAAAAAAAAAAAAAAAAAAAAAAAAAAAAAAAAAAAAAAAAAAAAAAAAAAAAAAAAAAAAAAAAAAAAAAAAAAAAAAAAAAAAAAAAAAAAAAAAAAAAAAAAAAAAAAAAAAAAAAAAAAAAAAAAAAAAAAAAAAAAAAAAAAAAAAAAAAAAAAAAAAAAAAAAAAAAAAAAAAAAAAAAAAAAAAAAAAAAAAAAAAAAAAAAAAAAAAAAAAAAAAAAAAAAAAAAAAAAAAAAAAAAAAAAAAAAAAAAAAAAAAAAAAAAAAAAAAAAAAAAAAAAAAAAAAAAAAAAAAAAAAAAAAAAAAAAAAAAAAAAAAAAAAAAAAAAAAAAAAAAAAAAAAAAAAAAAAAAAAAAAAAAAAAAAAAAAAAAAAAAAAAAAAAAAAAAAAAAAAAAAAAAAAAAAAAAAAAAAAAAAAAAAAAAAAAAAAAAAAAAAAAAAAAAAAAAAAAAAAAAAAAAAAAAAAAAAAAAAAAAAAAAAAAAAAAAAAAAAAAAAAAAAAAAAAAAAAAAAAAAAAAAAAAAAAAAAAAAAAAAAAAAAAAAAAAAAAAAAAAAAAAAAAAAAAAAAAAAAAAAAAAAAAAAAAAAAAAAAAAAAAAAAAAAAAAAAAAAAAAAAAAAAAAAAAAAAAAAAAAAAAAAAAAAAAAAAAAAAAAAAAAAAAAAAAAAAAAAAAAAAAAAAAAAAAAAAAAAAAAAAAAAAAAAAAAAAAAAAAAAAAAAAAAAAAAAAAAAAAAAAAAAAAAAAAAAAAAAAAAAAAAAAAAAAAAAAAAAAAAAAAAAAAAAAAAAAAAAAAAAAAAAAAAAAAAAAAAAAAAAAAAAAAAAAAAAAAAAAAAAAAAAAAAAAAAAAAAAAAAAAAAAAAAAAAAAAAAAAAAAAAAAAAAAAAAAAAAAAAAAAAAAAAAAAAAAAAAAAAAAAAAAAAAAAAAAAAAAAAAAAAAAAAAAAAAAAAAAAAAAAAAAAAAAAAAAAAAAAAAAAAAAAAAAAAAAAAAAAAAAAAAAAAAAAAAAAAAAAAAAAAAAAAAAAAAAAAAAAAAAAAAAAAAAAAAAAAAAAAAAAAAAAAAAAAAAAAAAAAAAAAAAAAAAAAAAAAAAAAAAAAAAAAAAAAAAAAAAAAAAAAAAAAAAAAAAAAAAAAAAAAAAAAAAAAAAAAAAAAAAAAAAAAAAAAAAAAAAAAAAAAAAAAAAAAAAAAAAAAAAAAAAAAAAAAAAAAAAAAAAAAAAAAAAAAAAAAAAAAAAAAAAAAAAAAAAAAAAAAAAAAAAAAAAAAAAAAAAAAAAAAAAAAAAAAAAAAAAAAAAAAAAAAAAAAAAAAAAAAAAAAAAAAAAAAAAAAAAAAAAAAAAAAAAAAAAAAAAAAAAAAAAAAAAAAAAAAAAAAAAAAAAAAAAAAAAAAAAAAAAAAAAAAAAAAAAAAAAAAAAAAAAAAAAAAAAAAAAAAAAAAAAAAAAAAAAAAAAAAAAAAAAAAAAAAAAAAAAAAAAAAAAAAAAAAAAAAAAAAAAAAAAAAAAAAAAAAAAAAAAAAAAAAAAAAAAAAAAAAAAAAAAAAAAAAAAAAAAAAAAAAAAAAAAAAAAAAAAAAAAAAAAAAAAAAAAAAAAAAAAAAAAAAAAAAAAAAAAAAAAAAAAAAAAAAAAAAAAAAAAAAAAAAAAAAAAAAAAAAAAAAAAAAAAAAAAAAAAAAAAAAAAAAAAAAAAAAAAAAAAAAAAAAAAAAAAAAAAAAAAAAAAAAAAAAAAAAAAAAAAAAAAAAAAAAAAAAAAAAAAAAAAAAAAAAAAAAAAAAAAAAAAAAAAAAAAAAAAAAAAAAAAAAAAAAAAAAAAAAAAAAAAAAAAAAAAAAAAAAAAAAAAAAAAAAAAAAAAAAAAAAAAAAAAAAAAAAAAAAAAAAAAAAAAAAAAAAAAAAAAAAAAAAAAAAAAAAAAAAAAAAAAAAAAAAAAAAAAAAAAAAAAAAAAAAAAAAAAAAAAAAAAAAAAAAAAAAAAAAAAAAAAAAAAAAAAAAAAAAAAAAAAAAAAAAAAAAAAAAAAAAAAAAAAAAAAAAAAAAAAAAAAAAAAAAAAAAAAAAAAAAAAAAAAAAAAAAAAAAAAAAAAAAAAAAAAAAAAAAAAAAAAAAAAAAAAAAAAAAAAAAAAAAAAAAAAAAAAAAAAAAAAAAAAAAAAAAAAAAAAAAAAAAAAAAAAAAAAAAAAAAAAAAAAAAAAAAAAAAAAAAAAAAAAAAAAAAAAAAAAAAAAAAAAAAAAAAAAAAAAAAAAAAAAAAAAAAAAAAAAAAAAAAAAAAAAAAAAAAAAAAAAAAAAAAAAAAAAAAAAAAAAAAAAAAAAAAAAAAAAAAAAAAAAAAAAAAAAAAAAAAAAAAAAAAAAAAAAAAAAAAAAAAAAAAAAAAAAAAAAAAAAAAAAAAAAAAAAAAAAAAAAAAAAAAAAAAAAAAAAAAAAAAAAAAAAAAAAAAAAAAAAAAAAAAAAAAAAAAAAAAAAAAAAAAAAAAAAAAAAAAAAAAAAAAAAAAAAAAAAAAAAAAAAAAAAAAAAAAAAAAAAAAAAAAAAAAAAAAAAAAAAAAAAAAAAAAAAAAAAAAAAAAAAAAAAAAAAAAAAAAAAAAAAAAAAAAAAAAAAAAAAAAAAAAAAAAAAAAAAAAAAAAAAAAAAAAAAAAAAAAAAAAAAAAAAAAAAAAAAAAAAAAAAAAAAAAAAAAAAAAAAAAAAAAAAAAAAAAAAAAAAAAAAAAAAAAAAAAAAAAAAAAAAAAAAAAAAAAAAAAAAAAAAAAAAAAAAAAAAAAAAAAAAAAAAAAAAAAAAAAAAAAAAAAAAAAAAAAAAAAAAAAAAAAAAAAAAAAAAAAAAAAAAAAAAAAAAAAAAAAAAAAAAAAAAAAAAAAAAAAAAAAAAAAAAAAAAAAAAAAAAAAAAAAAAAAAAAAAAAAAAAAAAAAAAAAAAAAAAAAAAAAAAAAAAAAAAAAAAAAAAAAAAAAAAAAAAAAAAAAAAAAAAAAAAAAAAAAAAAAAAAAAAAAAAAAAAAAAAAAAAAAAAAAAAAAAAAAAAAAAAAAAAAAAAAAAAAAAAAAAAAAAAAAAAAAAAAAAAAAAAAAAAAAAAAAAAAAAAAAAAAAAAAAAAAAAAAAAAAAAAAAAAAAAAAAAAAAAAAAAAAAAAAAAAAAAAAAAAAAAAAAAAAAAAAAAAAAAAAAAAAAAAAAAAAAAAAAAAAAAAAAAAAAAAAAAAAAAAAAAAAAAAAAAAAAAAAAAAAAAAAAAAAAAAAAAAAAAAAAAAAAAAAAAAAAAAAAAAAAAAAAAAAAAAAAAAAAAAAAAAAAAAAAAAAAAAAAAAAAAAAAAAAAAAAAAAAAAAAAAAAAAAAAAAAAAAAAAAAAAAAAAAAAAAAAAAAAAAAAAAAAAAAAAAAAAAAAAAAAAAAAAAAAAAAAAAAAAAAAAAAAAAAAAAAAAAAAAAAAAAAAAAAAAAAAAAAAAAAAAAAAAAAAAAAAAAAAAAAAAAAAAAAAAAAAAAAAAAAAAAAAAAAAAAAAAAAAAAAAAAAAAAAAAAAAAAAAAAAAAAAAAAAAAAAAAAAAAAAAAAAAAAAAAAAAAAAAAAAAAAAAAAAAAAAAAAAAAAAAAAAAAAAAAAAAAAAAAAAAAAAAAAAAAAAAAAAAAAAAAAAAAAAAAAAAAAAAAAAAAAAAAAAAAAAAAAAAAAAAAAAAAAAAAAAAAAAAAAAAAAAAAAAAAAAAAAAAAAAAAAAAAAAAAAAAAAAAAAAAAAAAAAAAAAAAAAAAAAAAAAAAAAAAAAAAAAAAAAAAAAAAAAAAAAAAAAAAAAAAAAAAAAAAAAAAAAAAAAAAAAAAAAAAAAAAAAAAAAAAAAAAAAAAAAAAAAAAAAAAAAAAAAAAAAAAAAAAAAAAAAAAAAAAAAAAAAAAAAAAAAAAAAAAAAAAAAAAAAAAAAAAAAAAAAAAAAAAAAAAAAAAAAAAAAAAAAAAAAAAAAAAAAAAAAAAAAAAAAAAAAAAAAAAAAAAAAAAAAAAAAAAAAAAAAAAAAAAAAAAAAAAAAAAAAAAAAAAAAAAAAAAAAAAAAAAAAAAAAAAAAAAAAAAAAAAAAAAAAAAAAAAAAAAAAAAAAAAAAAAAAAAAAAAAAAAAAAAAAAAAAAAAAAAAAAAAAAAAAAAAAAAAAAAAAAAAAAAAAAAAAAAAAAAAAAAAAAAAAAAAAAAAAAAAAAAAAAAAAAAAAAAAAAAAAAAAAAAAAAAAAAAAAAAAAAAAAAAAAAAAAAAAAAAAAAAAAAAAAAAAAAAAAAAAAAAAAAAAAAAAAAAAAAAAAAAAAAAAAAAAAAAAAAAAAAAAAAAAAAAAAAAAAAAAAAAAAAAAAAAAAAAAAAAAAAAAAAAAAAAAAAAAAAAAAAAAAAAAAAAAAAAAAAAAAAAAAAAAAAAAAAAAAAAAAAAAAAAAAAAAAAAAAAAAAAAAAAAAAAAAAAAAAAAAAAAAAAAAAAAAAAAAAAAAAAAAAAAAAAAAAAAAAAAAAAAAAAAAAAAAAAAAAAAAAAAAAAAAAAAAAAAAAAAAAAAAAAAAAAAAAAAAAAAAAAAAAAAAAAAAAAAAAAAAAAAAAAAAAAAAAAAAAAAAAAAAAAAAAAAAAAAAAAAAAAAAAAAAAAAAAAAAAAAAAAAAAAAAAAAAAAAAAAAAAAAAAAAAAAAAAAAAAAAAAAAAAAAAAAAAAAAAAAAAAAAAAAAAAAAAAAAAAAAAAAAAAAAAAAAAAAAAAAAAAAAAAAAAAAAAAAAAAAAAAAAAAAAAAAAAAAAAAAAAAAAAAAAAAAAAAAAAAAAAAAAAAAAAAAAAAAAAAAAAAAAAAAAAAAAAAAAAAAAAAAAAAAAAAAAAAAAAAAAAAAAAAAAAAAAAAAAAAAAAAAAAAAAAAAAAAAAAAAAAAAAAAAAAAAAAAAAAAAAAAAAAAAAAAAAAAAAAAAAAAAAAAAAAAAAAAAAAAAAAAAAAAAAAAAAAAAAAAAAAAAAAAAAAAAAAAAAAAAAAAAAAAAAAAAAAAAAAAAAAAAAAAAAAAAAAAAAAAAAAAAAAAAAAAAAAAAAAAAAAAAAAAAAAAAAAAAAAAAAAAAAAAAAAAAAAAAAAAAAAAAAAAAAAAAAAAAAAAAAAAAAAAAAAAAAAAAAAAAAAAAAAAAAAAAAAAAAAAAAAAAAAAAAAAAAAAAAAAAAAAAAAAAAAAAAAAAAAAAAAAAAAAAAAAAAAAAAAAAAAAAAAAAAAAAAAAAAAAAAAAAAAAAAAAAAAAAAAAAAAAAAAAAAAAAAAAAAAAAAAAAAAAAAAAAAAAAAAAAAAAAAAAAAAAAAAAAAAAAAAAAAAAAAAAAAAAAAAAAAAAAAAAAAAAAAAAAAAAAAAAAAAAAAAAAAAAAAAAAAAAAAAAAAAAAAAAAAAAAAAAAAAAAAAAAAAAAAAAAAAAAAAAAAAAAAAAAAAAAAAAAAAAAAAAAAAAAAAAAAAAAAAAAAAAAAAAAAAAAAAAAAAAAAAAAAAAAAAAAAAAAAAAAAAAAAAAAAAAAAAAAAAAAAAAAAAAAAAAAAAAAAAAAAAAAAAAAAAAAAAAAAAAAAAAAAAAAAAAAAAAAAAAAAAAAAAAAAAAAAAAAAAAAAAAAAAAAAAAAAAAAAAAAAAAAAAAAAAAAAAAAAAAAAAAAAAAAAAAAAAAAAAAAAAAAAAAAAAAAAAAAAAAAAAAAAAAAAAAAAAAAAAAAAAAAAAAAAAAAAAAAAAAAAAAAAAAAAAAAAAAAAAAAAAAAAAAAAAAAAAAAAAAAAAAAAAAAAAAAAAAAAAAAAAAAAAAAAAAAAAAAAAAAAAAAAAAAAAAAAAAAAAAAAAAAAAAAAAAAAAAAAAAAAAAAAAAAAAAAAAAAAAAAAAAAAAAAAAAAAAAAAAAAAAAAAAAAAAAAAAAAAAAAAAAAAAAAAAAAAAAAAAAAAAAAAAAAAAAAAAAAAAAAAAAAAAAAAAAAAAAAAAAAAAAAAAAAAAAAAAAAAAAAAAAAAAAAAAAAAAAAAAAAAAAAAAAAAAAAAAAAAAAAAAAAAAAAAAAAAAAAAAAAAAAAAAAAAAAAAAAAAAAAAAAAAAAAAAAAAAAAAAAAAAAAAAAAAAAAAAAAAAAAAAAAAAAAAAAAAAAAAAAAAAAAAAAAAAAAAAAAAAAAAAAAAAAAAAAAAAAAAAAAAAAAAAAAAAAAAAAAAAAAAAAAAAAAAAAAAAAAAAAAAAAAAAAAAAAAAAAAAAAAAAAAAAAAAAAAAAAAAAAAAAAAAAAAAAAAAAAAAAAAAAAAAAAAAAAAAAAAAAAAAAAAAAAAAAAAAAAAAAAAAAAAAAAAAAAAAAAAAAAAAAAAAAAAAAAAAAAAAAAAAAAAAAAAAAAAAAAAAAAAAAAAAAAAAAAAAAAAAAAAAAAAAAAAAAAAAAAAAAAAAAAAAAAAAAAAAAAAAAAAAAAAAAAAAAAAAAAAAAAAAAAAAAAAAAAAAAAAAAAAAAAAAAAAAAAAAAAAAAAAAAAAAAAAAAAAAAAAAAAAAAAAAAAAAAAAAAAAAAAAAAAAAAAAAAAAAAAAAAAAAAAAAAAAAAAAAAAAAAAAAAAAAAAAAAAAAAAAAAAAAAAAAAAAAAAAAAAAAAAAAAAAAAAAAAAAAAAAAAAAAAAAAAAAAAAAAAAAAAAAAAAAAAAAAAAAAAAAAAAAAAAAAAAAAAAAAAAAAAAAAAAAAAAAAAAAAAAAAAAAAAAAAAAAAAAAAAAAAAAAAAAAAAAAAAAAAAAAAAAAAAAAAAAAAAAAAAAAAAAAAAAAAAAAAAAAAAAAAAAAAAAAAAAAAAAAAAAAAAAAAAAAAAAAAAAAAAAAAAAAAAAAAAAAAAAAAAAAAAAAAAAAAAAAAAAAAAAAAAAAAAAAAAAAAAAAAAAAAAAAAAAAAAAAAAAAAAAAAAAAAAAAAAAAAAAAAAAAAAAAAAAAAAAAAAAAAAAAAAAAAAAAAAAAAAAAAAAAAAAAAAAAAAAAAAAAAAAAAAAAAAAAAAAAAAAAAAAAAAAAAAAAAAAAAAAAAAAAAAAAAAAAAAAAAAAAAAAAAAAAAAAAAAAAAAAAAAAAAAAAAAAAAAAAAAAAAAAAAAAAAAAAAAAAAAAAAAAAAAAAAAAAAAAAAAAAAAAAAAAAAAAAAAAAAAAAAAAAAAAAAAAAAAAAAAAAAAAAAAAAAAAAAAAAAAAAAAAAAAAAAAAAAAAAAAAAAAAAAAAAAAAAAAAAAAAAAAAAAAAAAAAAAAAAAAAAAAAAAAAAAAAAAAAAAAAAAAAAAAAAAAAAAAAAAAAAAAAAAAAAAAAAAAAAAAAAAAAAAAAAAAAAAAAAAAAAAAAAAAAAAAAAAAAAAAAAAAAAAAAAAAAAAAAAAAAAAAAAAAAAAAAAAAAAAAAAAAAAAAAAAAAAAAAAAAAAAAAAAAAAAAAAAAAAAAAAAAAAAAAAAAAAAAAAAAAAAAAAAAAAAAAAAAAAAAAAAAAAAAAAAAAAAAAAAAAAAAAAAAAAAAAAAAAAAAAAAAAAAAAAAAAAAAAAAAAAAAAAAAAAAAAAAAAAAAAAAAAAAAAAAAAAAAAAAAAAAAAAAAAAAAAAAAAAAAAAAAAAAAAAAAAAAAAAAAAAAAAAAAAAAAAAAAAAAAAAAAAAAAAAAAAAAAAAAAAAAAAAAAAAAAAAAAAAAAAAAAAAAAAAAAAAAAAAAAAAAAAAAAAAAAAAAAAAAAAAAAAAAAAAAAAAAAAAAAAAAAAAAAAAAAAAAAAAAAAAAAAAAAAAAAAAAAAAAAAAAAAAAAAAAAAAAAAAAAAAAAAAAAAAAAAAAAAAAAAAAAAAAAAAAAAAAAAAAAAAAAAAAAAAAAAAAAAAAAAAAAAAAAAAAAAAAAAAAAAAAAAAAAAAAAAAAAAAAAAAAAAAAAAAAAAAAAAAAAAAAAAAAAAAAAAAAAAAAAAAAAAAAAAAAAAAAAAAAAAAAAAAAAAAAAAAAAAAAAAAAAAAAAAAAAAAAAAAAAAAAAAAAAAAAAAAAAAAAAAAAAAAAAAAAAAAAAAAAAAAAAAAAAAAAAAAAAAAAAAAAAAAAAAAAAAAAAAAAAAAAAAAAAAAAAAAAAAAAAAAAAAAAAAAAAAAAAAAAAAAAAAAAAAAAAAAAAAAAAAAAAAAAAAAAAAAAAAAAAAAAAAAAAAAAAAAAAAAAAAAAAAAAAAAAAAAAAAAAAAAAAAAAAAAAAAAAAAAAAAAAAAAAAAAAAAAAAAAAAAAAAAAAAAAAAAAAAAAAAAAAAAAAAAAAAAAAAAAAAAAAAAAAAAAAAAAAAAAAAAAAAAAAAAAAAAAAAAAAAAAAAAAAAAAAAAAAAAAAAAAAAAAAAAAAAAAAAAAAAAAAAAAAAAAAAAAAAAAAAAAAAAAAAAAAAAAAAAAAAAAAAAAAAAAAAAAAAAAAAAAAAAAAAAAAAAAAAAAAAAAAAAAAAAAAAAAAAAAAAAAAAAAAAAAAAAAAAAAAAAAAAAAAAAAAAAAAAAAAAAAAAAAAAAAAAAAAAAAAAAAAAAAAAAAAAAAAAAAAAAAAAAAAAAAAAAAAAAAAAAAAAAAAAAAAAAAAAAAAAAAAAAAAAAAAAAAAAAAAAAAAAAAAAAAAAAAAAAAAAAAAAAAAAAAAAAAAAAAAAAAAAAAAAAAAAAAAAAAAAAAAAAAAAAAAAAAAAAAAAAAAAAAAAAAAAAAAAAAAAAAAAAAAAAAAAAAAAAAAAAAAAAAAAAAAAAAAAAAAAAAAAAAAAAAAAAAAAAAAAAAAAAAAAAAAAAAAAAAAAAAAAAAAAAAAAAAAAAAAAAAAAAAAAAAAAAAAAAAAAAAAAAAAAAAAAAAAAAAAAAAAAAAAAAAAAAAAAAAAAAAAAAAAAAAAAAAAAAAAAAAAAAAAAAAAAAAAAAAAAAAAAAAAAAAAAAAAAAAAAAAAAAAAAAAAAAAAAAAAAAAAAAAAAAAAAAAAAAAAAAAAAAAAAAAAAAAAAAAAAAAAAAAAAAAAAAAAAAAAAAAAAAAAAAAAAAAAAAAAAAAAAAAAAAAAAAAAAAAAAAAAAAAAAAAAAAAAAAAAAAAAAAAAAAAAAAAAAAAAAAAAAAAAAAAAAAAAAAAAAAAAAAAAAAAAAAAAAAAAAAAAAAAAAAAAAAAAAAAAAAAAAAAAAAAAAAAAAAAAAAAAAAAAAAAAAAAAAAAAAAAAAAAAAAAAAAAAAAAAAAAAAAAAAAAAAAAAAAAAAAAAAAAAAAAAAAAAAAAAAAAAAAAAAAAAAAAAAAAAAAAAAAAAAAAAAAAAAAAAAAAAAAAAAAAAAAAAAAAAAAAAAAAAAAAAAAAAAAAAAAAAAAAAAAAAAAAAAAAAAAAAAAAAAAAAAAAAAAAAAAAAAAAAAAAAAAAAAAAAAAAAAAAAAAAAAAAAAAAAAAAAAAAAAAAAAAAAAAAAAAAAAAAAAAAAAAAAAAAAAAAAAAAAAAAAAAAAAAAAAAAAAAAAAAAAAAAAAAAAAAAAAAAAAAAAAAAAAAAAAAAAAAAAAAAAAAAAAAAAAAAAAAAAAAAAAAAAAAAAAAAAAAAAAAAAAAAAAAAAAAAAAAAAAAAAAAAAAAAAAAAAAAAAAAAAAAAAAAAAAAAAAAAAAAAAAAAAAAAAAAAAAAAAAAAAAAAAAAAAAAAAAAAAAAAAAAAAAAAAAAAAAAAAAAAAAAAAAAAAAAAAAAAAAAAAAAAAAAAAAAAAAAAAAAAAAAAAAAAAAAAAAAAAAAAAAAAAAAAAAAAAAAAAAAAAAAAAAAAAAAAAAAAAAAAAAAAAAAAAAAAAAAAAAAAAAAAAAAAAAAAAAAAAAAAAAAAAAAAAAAAAAAAAAAAAAAAAAAAAAAAAAAAAAAAAAAAAAAAAAAAAAAAAAAAAAAAAAAAAAAAAAAAAAAAAAAAAAAAAAAAAAAAAAAAAAAAAAAAAAAAAAAAAAAAAAAAAAAAAAAAAAAAAAAAAAAAAAAAAAAAAAAAAAAAAAAAAAAAAAAAAAAAAAAAAAAAAAAAAAAAAAAAAAAAAAAAAAAAAAAAAAAAAAAAAAAAAAAAAAAAAAAAAAAAAAAAAAAAAAAAAAAAAAAAAAAAAAAAAAAAAAAAAAAAAAAAAAAAAAAAAAAAAAAAAAAAAAAAAAAAAAAAAAAAAAAAAAAAAAAAAAAAAAAAAAAAAAAAAAAAAAAAAAAAAAAAAAAAAAAAAAAAAAAAAAAAAAAAAAAAAAAAAAAAAAAAAAAAAAAAAAAAAAAAAAAAAAAAAAAAAAAAAAAAAAAAAAAAAAAAAAAAAAAAAAAAAAAAAAAAAAAAAAAAAAAAAAAAAAAAAAAAAAAAAAAAAAAAAAAAAAAAAAAAAAAAAAAAAAAAAAAAAAAAAAAAAAAAAAAAAAAAAAAAAAAAAAAAAAAAAAAAAAAAAAAAAAAAAAAAAAAAAAAAAAAAAAAAAAAAAAAAAAAAAAAAAAAAAAAAAAAAAAAAAAAAAAAAAAAAAAAAAAAAAAAAAAAAAAAAAAAAAAAAAAAAAAAAAAAAAAAAAAAAAAAAAAAAAAAAAAAAAAAAAAAAAAAAAAAAAAAAAAAAAAAAAAAAAAAAAAAAAAAAAAAAAAAAAAAAAAAAAAAAAAAAAAAAAAAAAAAAAAAAAAAAAAAAAAAAAAAAAAAAAAAAAAAAAAAAAAAAAAAAAAAAAAAAAAAAAAAAAAAAAAAAAAAAAAAAAAAAAAAAAAAAAAAAAAAAAAAAAAAAAAAAAAAAAAAAAAAAAAAAAAAAAAAAAAAAAAAAAAAAAAAAAAAAAAAAAAAAAAAAAAAAAAAAAAAAAAAAAAAAAAAAAAAAAAAAAAAAAAAAAAAAAAAAAAAAAAAAAAAAAAAAAAAAAAAAAAAAAAAAAAAAAAAAAAAAAAAAAAAAAAAAAAAAAAAAAAAAAAAAAAAAAAAAAAAAAAAAAAAAAAAAAAAAAAAAAAAAAAAAAAAAAAAAAAAAAAAAAAAAAAAAAAAAAAAAAAAAAAAAAAAAAAAAAAAAAAAAAAAAAAAAAAAAAAAAAAAAAAAAAAAAAAAAAAAAAAAAAAAAAAAAAAAAAAAAAAAAAAAAAAAAAAAAAAAAAAAAAAAAAAAAAAAAAAAAAAAAAAAAAAAAAAAAAAAAAAAAAAAAAAAAAAAAAAAAAAAAAAAAAAAAAAAAAAAAAAAAAAAAAAAAAAAAAAAAAAAAAAAAAAAAAAAAAAAAAAAAAAAAAAAAAAAAAAAAAAAAAAAAAAAAAAAAAAAAAAAAAAAAAAAAAAAAAAAAAAAAAAAAAAAAAAAAAAAAAAAAAAAAAAAAAAAAAAAAAAAAAAAAAAAAAAAAAAAAAAAAAAAAAAAAAAAAAAAAAAAAAAAAAAAAAAAAAAAAAAAAAAAAAAAAAAAAAAAAAAAAAAAAAAAAAAAAAAAAAAAAAAAAAAAAAAAAAAAAAAAAAAAAAAAAAAAAAAAAAAAAAAAAAAAAAAAAAAAAAAAAAAAAAAAAAAAAAAAAAAAAAAAAAAAAAAAAAAAAAAAAAAAAAAAAAAAAAAAAAAAAAAAAAAAAAAAAAAAAAAAAAAAAAAAAAAAAAAAAAAAAAAAAAAAAAAAAAAAAAAAAAAAAAAAAAAAAAAAAAAAAAAAAAAAAAAAAAAAAAAAAAAAAAAAAAAAAAAAAAAAAAAAAAAAAAAAAAAAAAAAAAAAAAAAAAAAAAAAAAAAAAAAAAAAAAAAAAAAAAAAAAAAAAAAAAAAAAAAAAAAAAAAAAAAAAAAAAAAAAAAAAAAAAAAAAAAAAAAAAAAAAAAAAAAAAAAAAAAAAAAAAAAAAAAAAAAAAAAAAAAAAAAAAAAAAAAAAAAAAAAAAAAAAAAAAAAAAAAAAAAAAAAAAAAAAAAAAAAAAAAAAAAAAAAAAAAAAAAAAAAAAAAAAAAAAAAAAAAAAAAAAAAAAAAAAAAAAAAAAAAAAAAAAAAAAAAAAAAAAAAAAAAAAAAAAAAAAAAAAAAAAAAAAAAAAAAAAAAAAAAAAAAAAAAAAAAAAAAAAAAAAAAAAAAAAAAAAAAAAAAAAAAAAAAAAAAAAAAAAAAAAAAAAAAAAAAAAAAAAAAAAAAAAAAAAAAAAAAAAAAAAAAAAAAAAAAAAAAAAAAAAAAAAAAAAAAAAAAAAAAAAAAAAAAAAAAAAAAAAAAAAAAAAAAAAAAAAAAAAAAAAAAAAAAAAAAAAAAAAAAAAAAAAAAAAAAAAAAAAAAAAAAAAAAAAAAAAAAAAAAAAAAAAAAAAAAAAAAAAAAAAAAAAAAAAAAAAAAAAAAAAAAAAAAAAAAAAAAAAAAAAAAAAAAAAAAAAAAAAAAAAAAAAAAAAAAAAAAAAAAAAAAAAAAAAAAAAAAAAAAAAAAAAAAAAAAAAAAAAAAAAAAAAAAAAAAAAAAAAAAAAAAAAAAAAAAAAAAAAAAAAAAAAAAAAAAAAAAAAAAAAAAAAAAAAAAAAAAAAAAAAAAAAAAAAAAAAAAAAAAAAAAAAAAAAAAAAAAAAAAAAAAAAAAAAAAAAAAAAAAAAAAAAAAAAAAAAAAAAAAAAAAAAAAAAAAAAAAAAAAAAAAAAAAAAAAAAAAAAAAAAAAAAAAAAAAAAAAAAAAAAAAAAAAAAAAAAAAAAAAAAAAAAAAAAAAAAAAAAAAAAAAAAAAAAAAAAAAAAAAAAAAAAAAAAAAAAAAAAAAAAAAAAAAAAAAAAAAAAAAAAAAAAAAAAAAAAAAAAAAAAAAAAAAAAAAAAAAAAAAAAAAAAAAAAAAAAAAAAAAAAAAAAAAAAAAAAAAAAAAAAAAAAAAAAAAAAAAAAAAAAAAAAAAAAAAAAAAAAAAAAAAAAAAAAAAAAAAAAAAAAAAAAAAAAAAAAAAAAAAAAAAAAAAAAAAAAAAAAAAAAAAAAAAAAAAAAAAAAAAAAAAAAAAAAAAAAAAAAAAAAAAAAAAAAAAAAAAAAAAAAAAAAAAAAAAAAAAAAAAAAAAAAAAAAAAAAAAAAAAAAAAAAAAAAAAAAAAAAAAAAAAAAAAAAAAAAAAAAAAAAAAAAAAAAAAAAAAAAAAAAAAAAAAAAAAAAAAAAAAAAAAAAAAAAAAAAAAAAAAAAAAAAAAAAAAAAAAAAAAAAAAAAAAAAAAAAAAAAAAAAAAAAAAAAAAAAAAAAAAAAAAAAAAAAAAAAAAAAAAAAAAAAAAAAAAAAAAAAAAAAAAAAAAAAAAAAAAAAAAAAAAAAAAAAAAAAAAAAAAAAAAAAAAAAAAAAAAAAAAAAAAAAAAAAAAAAAAAAAAAAAAAAAAAAAAAAAAAAAAAAAAAAAAAAAAAAAAAAAAAAAAAAAAAAAAAAAAAAAAAAAAAAAAAAAAAAAAAAAAAAAAAAAAAAAAAAAAAAAAAAAAAAAAAAAAAAAAAAAAAAAAAAAAAAAAAAAAAAAAAAAAAAAAAAAAAAAAAAAAAAAAAAAAAAAAAAAAAAAAAAAAAAAAAAAAAAAAAAAAAAAAAAAAAAAAAAAAAAAAAAAAAAAAAAAAAAAAAAAAAAAAAAAAAAAAAAAAAAAAAAAAAAAAAAAAAAAAAAAAAAAAAAAAAAAAAAAAAAAAAAAAAAAAAAAAAAAAAAAAAAAAAAAAAAAAAAAAAAAAAAAAAAAAAAAAAAAAAAAAAAAAAAAAAAAAAAAAAAAAAAAAAAAAAAAAAAAAAAAAAAAAAAAAAAAAAAAAAAAAAAAAAAAAAAAAAAAAAAAAAAAAAAAAAAAAAAAAAAAAAAAAAAAAAAAAAAAAAAAAAAAAAAAAAAAAAAAAAAAAAAAAAAAAAAAAAAAAAAAAAAAAAAAAAAAAAAAAAAAAAAAAAAAAAAAAAAAAAAAAAAAAAAAAAAAAAAAAAAAAAAAAAAAAAAAAAAAAAAAAAAAAAAAAAAAAAAAAAAAAAAAAAAAAAAAAAAAAAAAAAAAAAAAAAAAAAAAAAAAAAAAAAAAAAAAAAAAAAAAAAAAAAAAAAAAAAAAAAAAAAAAAAAAAAAAAAAAAAAAAAAAAAAAAAAAAAAAAAAAAAAAAAAAAAAAAAAAAAAAAAAAAAAAAAAAAAAAAAAAAAAAAAAAAAAAAAAAAAAAAAAAAAAAAAAAAAAAAAAAAAAAAAAAAAAAAAAAAAAAAAAAAAAAAAAAAAAAAAAAAAAAAAAAAAAAAAAAAAAAAAAAAAAAAAAAAAAAAAAAAAAAAAAAAAAAAAAAAAAAAAAAAAAAAAAAAAAAAAAAAAAAAAAAAAAAAAAAAAAAAAAAAAAAAAAAAAAAAAAAAAAAAAAAAAAAAAAAAAAAAAAAAAAAAAAAAAAAAAAAAAAAAAAAAAAAAAAAAAAAAAAAAAAAAAAAAAAAAAAAAAAAAAAAAAAAAAAAAAAAAAAAAAAAAAAAAAAAAAAAAAAAAAAAAAAAAAAAAAAAAAAAAAAAAAAAAAAAAAAAAAAAAAAAAAAAAAAAAAAAAAAAAAAAAAAAAAAAAAAAAAAAAAAAAAAAAAAAAAAAAAAAAAAAAAAAAAAAAAAAAAAAAAAAAAAAAAAAAAAAAAAAAAAAAAAAAAAAAAAAAAAAAAAAAAAAAAAAAAAAAAAAAAAAAAAAAAAAAAAAAAAAAAAAAAAAAAAAAAAAAAAAAAAAAAAAAAAAAAAAAAAAAAAAAAAAAAAAAAAAAAAAAAAAAAAAAAAAAAAAAAAAAAAAAAAAAAAAAAAAAAAAAAAAAAAAAAAAAAAAAAAAAAAAAAAAAAAAAAAAAAAAAAAAAAAAAAAAAAAAAAAAAAAAAAAAAAAAAAAAAAAAAAAAAAAAAAAAAAAAAAAAAAAAAAAAAAAAAAAAAAAAAAAAAAAAAAAAAAAAAAAAAAAAAAAAAAAAAAAAAAAAAAAAAAAAAAAAAAAAAAAAAAAAAAAAAAAAAAAAAAAAAAAAAAAAAAAAAAAAAAAAAAAAAAAAAAAAAAAAAAAAAAAAAAAAAAAAAAAAAAAAAAAAAAAAAAAAAAAAAAAAAAAAAAAAAAAAAAAAAAAAAAAAAAAAAAAAAAAAAAAAAAAAAAAAAAAAAAAAAAAAAAAAAAAAAAAAAAAAAAAAAAAAAAAAAAAAAAAAAAAAAAAAAAAAAAAAAAAAAAAAAAAAAAAAAAAAAAAAAAAAAAAAAAAAAAAAAAAAAAAAAAAAAAAAAAAAAAAAAAAAAAAAAAAAAAAAAAAAAAAAAAAAAAAAAAAAAAAAAAAAAAAAAAAAAAAAAAAAAAAAAAAAAAAAAAAAAAAAAAAAAAAAAAAAAAAAAAAAAAAAAAAAAAAAAAAAAAAAAAAAAAAAAAAAAAAAAAAAAAAAAAAAAAAAAAAAAAAAAAAAAAAAAAAAAAAAAAAAAAAAAAAAAAAAAAAAAAAAAAAAAAAAAAAAAAAAAAAAAAAAAAAAAAAAAAAAAAAAAAAAAAAAAAAAAAAAAAAAAAAAAAAAAAAAAAAAAAAAAAAAAAAAAAAAAAAAAAAAAAAAAAAAAAAAAAAAAAAAAAAAAAAAAAAAAAAAAAAAAAAAAAAAAAAAAAAAAAAAAAAAAAAAAAAAAAAAAAAAAAAAAAAAAAAAAAAAAAAAAAAAAAAAAAAAAAAAAAAAAAAAAAAAAAAAAAAAAAAAAAAAAAAAAAAAAAAAAAAAAAAAAAAAAAAAAAAAAAAAAAAAAAAAAAAAAAAAAAAAAAAAAAAAAAAAAAAAAAAAAAAAAAAAAAAAAAAAAAAAAAAAAAAAAAAAAAAAAAAAAAAAAAAAAAAAAAAAAAAAAAAAAAAAAAAAAAAAAAAAAAAAAAAAAAAAAAAAAAAAAAAAAAAAAAAAAAAAAAAAAAAAAAAAAAAAAAAAAAAAAAAAAAAAAAAAAAAAAAAAAAAAAAAAAAAAAAAAAAAAAAAAAAAAAAAAAAAAAAAAAAAAAAAAAAAAAAAAAAAAAAAAAAAAAAAAAAAAAAAAAAAAAAAAAAAAAAAAAAAAAAAAAAAAAAAAAAAAAAAAAAAAAAAAAAAAAAAAAAAAAAAAAAAAAAAAAAAAAAAAAAAAAAAAAAAAAAAAAAAAAAAAAAAAAAAAAAAAAAAAAAAAAAAAAAAAAAAAAAAAAAAAAAAAAAAAAAAAAAAAAAAAAAAAAAAAAAAAAAAAAAAAAAAAAAAAAAAAAAAAAAAAAAAAAAAAAAAAAAAAAAAAAAAAAAAAAAAAAAAAAAAAAAAAAAAAAAAAAAAAAAAAAAAAAAAAAAAAAAAAAAAAAAAAAAAAAAAAAAAAAAAAAAAAAAAAAAAAAAAAAAAAAAAAAAAAAAAAAAAAAAAAAAAAAAAAAAAAAAAAAAAAAAAAAAAAAAAAAAAAAAAAAAAAAAAAAAAAAAAAAAAAAAAAAAAAAAAAAAAAAAAAAAAAAAAAAAAAAAAAAAAAAAAAAAAAAAAAAAAAAAAAAAAAAAAAAAAAAAAAAAAAAAAAAAAAAAAAAAAAAAAAAAAAAAAAAAAAAAAAAAAAAAAAAAAAAAAAAAAAAAAAAAAAAAAAAAAAAAAAAAAAAAAAAAAAAAAAAAAAAAAAAAAAAAAAAAAAAAAAAAAAAAAAAAAAAAAAAAAAAAAAAAAAAAAAAAAAAAAAAAAAAAAAAAAAAAAAAAAAAAAAAAAAAAAAAAAAAAAAAAAAAAAAAAAAAAAAAAAAAAAAAAAAAAAAAAAAAAAAAAAAAAAAAAAAAAAAAAAAAAAAAAAAAAAAAAAAAAAAAAAAAAAAAAAAAAAAAAAAAAAAAAAAAAAAAAAAAAAAAAAAAAAAAAAAAAAAAAAAAAAAAAAAAAAAAAAAAAAAAAAAAAAAAAAAAAAAAAAAAAAAAAAAAAAAAAAAAAAAAAAAAAAAAAAAAAAAAAAAAAAAAAAAAAAAAAAAAAAAAAAAAAAAAAAAAAAAAAAAAAAAAAAAAAAAAAAAAAAAAAAAAAAAAAAAAAAAAAAAAAAAAAAAAAAAAAAAAAAAAAAAAAAAAAAAAAAAAAAAAAAAAAAAAAAAAAAAAAAAAAAAAAAAAAAAAAAAAAAAAAAAAAAAAAAAAAAAAAAAAAAAAAAAAAAAAAAAAAAAAAAAAAAAAAAAAAAAAAAAAAAAAAAAAAAAAAAAAAAAAAAAAAAAAAAAAAAAAAAAAAAAAAAAAAAAAAAAAAAAAAAAAAAAAAAAAAAAAAAAAAAAAAAAAAAAAAAAAAAAAAAAAAAAAAAAAAAAAAAAAAAAAAAAAAAAAAAAAAAAAAAAAAAAAAAAAAAAAAAAAAAAAAAAAAAAAAAAAAAAAAAAAAAAAAAAAAAAAAAAAAAAAAAAAAAAAAAAAAAAAAAAAAAAAAAAAAAAAAAAAAAAAAAAAAAAAAAAAAAAAAAAAAAAAAAAAAAAAAAAAAAAAAAAAAAAAAAAAAAAAAAAAAAAAAAAAAAAAAAAAAAAAAAAAAAAAAAAAAAAAAAAAAAAAAAAAAAAAAAAAAAAAAAAAAAAAAAAAAAAAAAAAAAAAAAAAAAAAAAAAAAAAAAAAAAAAAAAAAAAAAAAAAAAAAAAAAAAAAAAAAAAAAAAAAAAAAAAAAAAAAAAAAAAAAAAAAAAAAAAAAAAAAAAAAAAAAAAAAAAAAAAAAAAAAAAAAAAAAAAAAAAAAAAAAAAAAAAAAAAAAAAAAAAAAAAAAAAAAAAAAAAAAAAAAAAAAAAAAAAAAAAAAAAAAAAAAAAAAAAAAAAAAAAAAAAAAAAAAAAAAAAAAAAAAAAAAAAAAAAAAAAAAAAAAAAAAAAAAAAAAAAAAAAAAAAAAAAAAAAAAAAAAAAAAAAAAAAAAAAAAAAAAAAAAAAAAAAAAAAAAAAAAAAAAAAAAAAAAAAAAAAAAAAAAAAAAAAAAAAAAAAAAAAAAAAAAAAAAAAAAAAAAAAAAAAAAAAAAAAAAAAAAAAAAAAAAAAAAAAAAAAAAAAAAAAAAAAAAAAAAAAAAAAAAAAAAAAAAAAAAAAAAAAAAAAAAAAAAAAAAAAAAAAAAAAAAAAAAAAAAAAAAAAAAAAAAAAAAAAAAAAAAAAAAAAAAAAAAAAAAAAAAAAAAAAAAAAAAAAAAAAAAAAAAAAAAAAAAAAAAAAAAAAAAAAAAAAAAAAAAAAAAAAAAAAAAAAAAAAAAAAAAAAAAAAAAAAAAAAAAAAAAAAAAAAAAAAAAAAAAAAAAAAAAAAAAAAAAAAAAAAAAAAAAAAAAAAAAAAAAAAAAAAAAAAAAAAAAAAAAAAAAAAAAAAAAAAAAAAAAAAAAAAAAAAAAAAAAAAAAAAAAAAAAAAAAAAAAAAAAAAAAAAAAAAAAAAAAAAAAAAAAAAAAAAAAAAAAAAAAAAAAAAAAAAAAAAAAAAAAAAAAAAAAAAAAAAAAAAAAAAAAAAAAAAAAAAAAAAAAAAAAAAAAAAAAAAAAAAAAAAAAAAAAAAAAAAAAAAAAAAAAAAAAAAAAAAAAAAAAAAAAAAAAAAAAAAAAAAAAAAAAAAAAAAAAAAAAAAAAAAAAAAAAAAAAAAAAAAAAAAAAAAAAAAAAAAAAAAAAAAAAAAAAAAAAAAAAAAAAAAAAAAAAAAAAAAAAAAAAAAAAAAAAAAAAAAAAAAAAAAAAAAAAAAAAAAAAAAAAAAAAAAAAAAAAAAAAAAAAAAAAAAAAAAAAAAAAAAAAAAAAAAAAAAAAAAAAAAAAAAAAAAAAAAAAAAAAAAAAAAAAAAAAAAAAAAAAAAAAAAAAAAAAAAAAAAAAAAAAAAAAAAAAAAAAAAAAAAAAAAAAAAAAAAAAAAAAAAAAAAAAAAAAAAAAAAAAAAAAAAAAAAAAAAAAAAAAAAAAAAAAAAAAAAAAAAAAAAAAAAAAAAAAAAAAAAAAAAAAAAAAAAAAAAAAAAAAAAAAAAAAAAAAAAAAAAAAAAAAAAAAAAAAAAAAAAAAAAAAAAAAAAAAAAAAAAAAAAAAAAAAAAAAAAAAAAAAAAAAAAAAAAAAAAAAAAAAAAAAAAAAAAAAAAAAAAAAAAAAAAAAAAAAAAAAAAAAAAAAAAAAAAAAAAAAAAAAAAAAAAAAAAAAAAAAAAAAAAAAAAAAAAAAAAAAAAAAAAAAAAAAAAAAAAAAAAAAAAAAAAAAAAAAAAAAAAAAAAAAAAAAAAAAAAAAAAAAAAAAAAAAAAAAAAAAAAAAAAAAAAAAAAAAAAAAAAAAAAAAAAAAAAAAAAAAAAAAAAAAAAAAAAAAAAAAAAAAAAAAAAAAAAAAAAAAAAAAAAAAAAAAAAAAAAAAAAAAAAAAAAAAAAAAAAAAAAAAAAAAAAAAAAAAAAAAAAAAAAAAAAAAAAAAAAAAAAAAAAAAAAAAAAAAAAAAAAAAAAAAAAAAAAAAAAAAAAAAAAAAAAAAAAAAAAAAAAAAAAAAAAAAAAAAAAAAAAAAAAAAAAAAAAAAAAAAAAAAAAAAAAAAAAAAAAAAAAAAAAAAAAAAAAAAAAAAAAAAAAAAAAAAAAAAAAAAAAAAAAAAAAAAAAAAAAAAAAAAAAAAAAAAAAAAAAAAAAAAAAAAAAAAAAAAAAAAAAAAAAAAAAAAAAAAAAAAAAAAAAAAAAAAAAAAAAAAAAAAAAAAAAAAAAAAAAAAAAAAAAAAAAAAAAAAAAAAAAAAAAAAAAAAAAAAAAAAAAAAAAAAAAAAAAAAAAAAAAAAAAAAAAAAAAAAAAAAAAAAAAAAAAAAAAAAAAAAAAAAAAAAAAAAAAAAAAAAAAAAAAAAAAAAAAAAAAAAAAAAAAAAAAAAAAAAAAAAAAAAAAAAAAAAAAAAAAAAAAAAAAAAAAAAAAAAAAAAAAAAAAAAAAAAAAAAAAAAAAAAAAAAAAAAAAAAAAAAAAAAAAAAAAAAAAAAAAAAAAAAAAAAAAAAAAAAAAAAAAAAAAAAAAAAAAAAAAAAAAAAAAAAAAAAAAAAAAAAAAAAAAAAAAAAAAAAAAAAAAAAAAAAAAAAAAAAAAAAAAAAAAAAAAAAAAAAAAAAAAAAAAAAAAAAAAAAAAAAAAAAAAAAAAAAAAAAAAAAAAAAAAAAAAAAAAAAAAAAAAAAAAAAAAAAAAAAAAAAAAAAAAAAAAAAAAAAAAAAAAAAAAAAAAAAAAAAAAAAAAAAAAAAAAAAAAAAAAAAAAAAAAAAAAAAAAAAAAAAAAAAAAAAAAAAAAAAAAAAAAAAAAAAAAAAAAAAAAAAAAAAAAAAAAAAAAAAAAAAAAAAAAAAAAAAAAAAAAAAAAAAAAAAAAAAAAAAAAAAAAAAAAAAAAAAAAAAAAAAAAAAAAAAAAAAAAAAAAAAAAAAAAAAAAAAAAAAAAAAAAAAAAAAAAAAAAAAAAAAAAAAAAAAAAAAAAAAAAAAAAAAAAAAAAAAAAAAAAAAAAAAAAAAAAAAAAAAAAAAAAAAAAAAAAAAAAAAAAAAAAAAAAAAAAAAAAAAAAAAAAAAAAAAAAAAAAAAAAAAAAAAAAAAAAAAAAAAAAAAAAAAAAAAAAAAAAAAAAAAAAAAAAAAAAAAAAAAAAAAAAAAAAAAAAAAAAAAAAAAAAAAAAAAAAAAAAAAAAAAAAAAAAAAAAAAAAAAAAAAAAAAAAAAAAAAAAAAAAAAAAAAAAAAAAAAAAAAAAAAAAAAAAAAAAAAAAAAAAAAAAAAAAAAAAAAAAAAAAAAAAAAAAAAAAAAAAAAAAAAAAAAAAAAAAAAAAAAAAAAAAAAAAAAAAAAAAAAAAAAAAAAAAAAAAAAAAAAAAAAAAAAAAAAAAAAAAAAAAAAAAAAAAAAAAAAAAAAAAAAAAAAAAAAAAAAAAAAAAAAAAAAAAAAAAAAAAAAAAAAAAAAAAAAAAAAAAAAAAAAAAAAAAAAAAAAAAAAAAAAAAAAAAAAAAAAAAAAAAAAAAAAAAAAAAAAAAAAAAAAAAAAAAAAAAAAAAAAAAAAAAAAAAAAAAAAAAAAAAAAAAAAAAAAAAAAAAAAAAAAAAAAAAAAAAAAAAAAAAAAAAAAAAAAAAAAAAAAAAAAAAAAAAAAAAAAAAAAAAAAAAAAAAAAAAAAAAAAAAAAAAAAAAAAAAAAAAAAAAAAAAAAAAAAAAAAAAAAAAAAAAAAAAAAAAAAAAAAAAAAAAAAAAAAAAAAAAAAAAAAAAAAAAAAAAAAAAAAAAAAAAAAAAAAAAAAAAAAAAAAAAAAAAAAAAAAAAAAAAAAAAAAAAAAAAAAAAAAAAAAAAAAAAAAAAAAAAAAAAAAAAAAAAAAAAAAAAAAAAAAAAAAAAAAAAAAAAAAAAAAAAAAAAAAAAAAAAAAAAAAAAAAAAAAAAAAAAAAAAAAAAAAAAAAAAAAAAAAAAAAAAAAAAAAAAAAAAAAAAAAAAAAAAAAAAAAAAAAAAAAAAAAAAAAAAAAAAAAAAAAAAAAAAAAAAAAAAAAAAAAAAAAAAAAAAAAAAAAAAAAAAAAAAAAAAAAAAAAAAAAAAAAAAAAAAAAAAAAAAAAAAAAAAAAAAAAAAAAAAAAAAAAAAAAAAAAAAAAAAAAAAAAAAAAAAAAAAAAAAAAAAAAAAAAAAAAAAAAAAAAAAAAAAAAAAAAAAAAAAAAAAAAAAAAAAAAAAAAAAAAAAAAAAAAAAAAAAAAAAAAAAAAAAAAAAAAAAAAAAAAAAAAAAAAAAAAAAAAAAAAAAAAAAAAAAAAAAAAAAAAAAAAAAAAAAAAAAAAAAAAAAAAAAAAAAAAAAAAAAAAAAAAAAAAAAAAAAAAAAAAAAAAAAAAAAAAAAAAAAAAAAAAAAAAAAAAAAAAAAAAAAAAAAAAAAAAAAAAAAAAAAAAAAAAAAAAAAAAAAAAAAAAAAAAAAAAAAAAAAAAAAAAAAAAAAAAAAAAAAAAAAAAAAAAAAAAAAAAAAAAAAAAAAAAAAAAAAAAAAAAAAAAAAAAAAAAAAAAAAAAAAAAAAAAAAAAAAAAAAAAAAAAAAAAAAAAAAAAAAAAAAAAAAAAAAAAAAAAAAAAAAAAAAAAAAAAAAAAAAAAAAAAAAAAAAAAAAAAAAAAAAAAAAAAAAAAAAAAAAAAAAAAAAAAAAAAAAAAAAAAAAAAAAAAAAAAAAAAAAAAAAAAAAAAAAAAAAAAAAAAAAAAAAAAAAAAAAAAAAAAAAAAAAAAAAAAAAAAAAAAAAAAAAAAAAAAAAAAAAAAAAAAAAAAAAAAAAAAAAAAAAAAAAAAAAAAAAAAAAAAAAAAAAAAAAAAAAAAAAAAAAAAAAAAAAAAAAAAAAAAAAAAAAAAAAAAAAAAAAAAAAAAAAAAAAAAAAAAAAAAAAAAAAAAAAAAAAAAAAAAAAAAAAAAAAAAAAAAAAAAAAAAAAAAAAAAAAAAAAAAAAAAAAAAAAAAAAAAAAAAAAAAAAAAAAAAAAAAAAAAAAAAAAAAAAAAAAAAAAAAAAAAAAAAAAAAAAAAAAAAAAAAAAAAAAAAAAAAAAAAAAAAAAAAAAAAAAAAAAAAAAAAAAAAAAAAAAAAAAAAAAAAAAAAAAAAAAAAAAAAAAAAAAAAAAAAAAAAAAAAAAAAAAAAAAAAAAAAAAAAAAAAAAAAAAAAAAAAAAAAAAAAAAAAAAAAAAAAAAAAAAAAAAAAAAAAAAAAAAAAAAAAAAAAAAAAAAAAAAAAAAAAAAAAAAAAAAAAAAAAAAAAAAAAAAAAAAAAAAAAAAAAAAAAAAAAAAAAAAAAAAAAAAAAAAAAAAAAAAAAAAAAAAAAAAAAAAAAAAAAAAAAAAAAAAAAAAAAAAAAAAAAAAAAAAAAAAAAAAAAAAAAAAAAAAAAAAAAAAAAAAAAAAAAAAAAAAAAAAAAAAAAAAAAAAAAAAAAAAAAAAAAAAAAAAAAAAAAAAAAAAAAAAAAAAAAAAAAAAAAAAAAAAAAAAAAAAAAAAAAAAAAAAAAAAAAAAAAAAAAAAAAAAAAAAAAAAAAAAAAAAAAAAAAAAAAAAAAAAAAAAAAAAAAAAAAAAAAAAAAAAAAAAAAAAAAAAAAAAAAAAAAAAAAAAAAAAAAAAAAAAAAAAAAAAAAAAAAAAAAAAAAAAAAAAAAAAAAAAAAAAAAAAAAAAAAAAAAAAAAAAAAAAAAAAAAAAAAAAAAAAAAAAAAAAAAAAAAAAAAAAAAAAAAAAAAAAAAAAAAAAAAAAAAAAAAAAAAAAAAAAAAAAAAAAAAAAAAAAAAAAAAAAAAAAAAAAAAAAAAAAAAAAAAAAAAAAAAAAAAAAAAAAAAAAAAAAAAAAAAAAAAAAAAAAAAAAAAAAAAAAAAAAAAAAAAAAAAAAAAAAAAAAAAAAAAAAAAAAAAAAAAAAAAAAAAAAAAAAAAAAAAAAAAAAAAAAAAAAAAAAAAAAAAAAAAAAAAAAAAAAAAAAAAAAAAAAAAAAAAAAAAAAAAAAAAAAAAAAAAAAAAAAAAAAAAAAAAAAAAAAAAAAAAAAAAAAAAAAAAAAAAAAAAAAAAAAAAAAAAAAAAAAAAAAAAAAAAAAAAAAAAAAAAAAAAAAAAAAAAAAAAAAAAAAAAAAAAAAAAAAAAAAAAAAAAAAAAAAAAAAAAAAAAAAAAAAAAAAAAAAAAAAAAAAAAAAAAAAAAAAAAAAAAAAAAAAAAAAAAAAAAAAAAAAAAAAAAAAAAAAAAAAAAAAAAAAAAAAAAAAAAAAAAAAAAAAAAAAAAAAAAAAAAAAAAAAAAAAAAAAAAAAAAAAAAAAAAAAAAAAAAAAAAAAAAAAAAAAAAAAAAAAAAAAAAAAAAAAAAAAAAAAAAAAAAAAAAAAAAAAAAAAAAAAAAAAAAAAAAAAAAAAAAAAAAAAAAAAAAAAAAAAAAAAAAAAAAAAAAAAAAAAAAAAAAAAAAAAAAAAAAAAAAAAAAAAAAAAAAAAAAAAAAAAAAAAAAAAAAAAAAAAAAAAAAAAAAAAAAAAAAAAAAAAAAAAAAAAAAAAAAAAAAAAAAAAAAAAAAAAAAAAAAAAAAAAAAAAAAAAAAAAAAAAAAAAAAAAAAAAAAAAAAAAAAAAAAAAAAAAAAAAAAAAAAAAAAAAAAAAAAAAAAAAAAAAAAAAAAAAAAAAAAAAAAAAAAAAAAAAAAAAAAAAAAAAAAAAAAAAAAAAAAAAAAAAAAAAAAAAAAAAAAAAAAAAAAAAAAAAAAAAAAAAAAAAAAAAAAAAAAAAAAAAAAAAAAAAAAAAAAAAAAAAAAAAAAAAAAAAAAAAAAAAAAAAAAAAAAAAAAAAAAAAAAAAAAAAAAAAAAAAAAAAAAAAAAAAAAAAAAAAAAAAAAAAAAAAAAAAAAAAAAAAAAAAAAAAAAAAAAAAAAAAAAAAAAAAAAAAAAAAAAAAAAAAAAAAAAAAAAAAAAAAAAAAAAAAAAAAAAAAAAAAAAAAAAAAAAAAAAAAAAAAAAAAAAAAAAAAAAAAAAAAAAAAAAAAAAAAAAAAAAAAAAAAAAAAAAAAAAAAAAAAAAAAAAAAAAAAAAAAAAAAAAAAAAAAAAAAAAAAAAAAAAAAAAAAAAAAAAAAAAAAAAAAAAAAAAAAAAAAAAAAAAAAAAAAAAAAAAAAAAAAAAAAAAAAAAAAAAAAAAAAAAAAAAAAAAAAAAAAAAAAAAAAAAAAAAAAAAAAAAAAAAAAAAAAAAAAAAAAAAAAAAAAAAAAAAAAAAAAAAAAAAAAAAAAAAAAAAAAAAAAAAAAAAAAAAAAAAAAAAAAAAAAAAAAAAAAAAAAAAAAAAAAAAAAAAAAAAAAAAAAAAAAAAAAAAAAAAAAAAAAAAAAAAAAAAAAAAAAAAAAAAAAAAAAAAAAAAAAAAAAAAAAAAAAAAAAAAAAAAAAAAAAAAAAAAAAAAAAAAAAAAAAAAAAAAAAAAAAAAAAAAAAAAAAAAAAAAAAAAAAAAAAAAAAAAAAAAAAAAAAAAAAAAAAAAAAAAAAAAAAAAAAAAAAAAAAAAAAAAAAAAAAAAAAAAAAAAAAAAAAAAAAAAAAAAAAAAAAAAAAAAAAAAAAAAAAAAAAAAAAAAAAAAAAAAAAAAAAAAAAAAAAAAAAAAAAAAAAAAAAAAAAAAAAAAAAAAAAAAAAAAAAAAAAAAAAAAAAAAAAAAAAAAAAAAAAAAAAAAAAAAAAAAAAAAAAAAAAAAAAAAAAAAAAAAAAAAAAAAAAAAAAAAAAAAAAAAAAAAAAAAAAAAAAAAAAAAAAAAAAAAAAAAAAAAAAAAAAAAAAAAAAAAAAAAAAAAAAAAAAAAAAAAAAAAAAAAAAAAAAAAAAAAAAAAAAAAAAAAAAAAAAAAAAAAAAAAAAAAAAAAAAAAAAAAAAAAAAAAAAAAAAAAAAAAAAAAAAAAAAAAAAAAAAAAAAAAAAAAAAAAAAAAAAAAAAAAAAAAAAAAAAAAAAAAAAAAAAAAAAAAAAAAAAAAAAAAAAAAAAAAAAAAAAAAAAAAAAAAAAAAAAAAAAAAAAAAAAAAAAAAAAAAAAAAAAAAAAAAAAAAAAAAAAAAAAAAAAAAAAAAAAAAAAAAAAAAAAAAAAAAAAAAAAAAAAAAAAAAAAAAAAAAAAAAAAAAAAAAAAAAAAAAAAAAAAAAAAAAAAAAAAAAAAAAAAAAAAAAAAAAAAAAAAAAAAAAAAAAAAAAAAAAAAAAAAAAAAAAAAAAAAAAAAAAAAAAAAAAAAAAAAAAAAAAAAAAAAAAAAAAAAAAAAAAAAAAAAAAAAAAAAAAAAAAAAAAAAAAAAAAAAAAAAAAAAAAAAAAAAAAAAAAAAAAAAAAAAAAAAAAAAAAAAAAAAAAAAAAAAAAAAAAAAAAAAAAAAAAAAAAAAAAAAAAAAAAAAAAAAAAAAAAAAAAAAAAAAAAAAAAAAAAAAAAAAAAAAAAAAAAAAAAAAAAAAAAAAAAAAAAAAAAAAAAAAAAAAAAAAAAAAAAAAAAAAAAAAAAAAAAAAAAAAAAAAAAAAAAAAAAAAAAAAAAAAAAAAAAAAAAAAAAAAAAAAAAAAAAAAAAAAAAAAAAAAAAAAAAAAAAAAAAAAAAAAAAAAAAAAAAAAAAAAAAAAAAAAAAAAAAAAAAAAAAAAAAAAAAAAAAAAAAAAAAAAAAAAAAAAAAAAAAAAAAAAAAAAAAAAAAAAAAAAAAAAAAAAAAAAAAAAAAAAAAAAAAAAAAAAAAAAAAAAAAAAAAAAAAAAAAAAAAAAAAAAAAAAAAAAAAAAAAAAAAAAAAAAAAAAAAAAAAAAAAAAAAAAAAAAAAAAAAAAAAAAAAAAAAAAAAAAAAAAAAAAAAAAAAAAAAAAAAAAAAAAAAAAAAAAAAAAAAAAAAAAAAAAAAAAAAAAAAAAAAAAAAAAAAAAAAAAAAAAAAAAAAAAAAAAAAAAAAAAAAAAAAAAAAAAAAAAAAAAAAAAAAAAAAAAAAAAAAAAAAAAAAAAAAAAAAAAAAAAAAAAAAAAAAAAAAAAAAAAAAAAAAAAAAAAAAAAAAAAAAAAAAAAAAAAAAAAAAAAAAAAAAAAAAAAAAAAAAAAAAAAAAAAAAAAAAAAAAAAAAAAAAAAAAAAAAAAAAAAAAAAAAAAAAAAAAAAAAAAAAAAAAAAAAAAAAAAAAAAAAAAAAAAAAAAAAAAAAAAAAAAAAAAAAAAAAAAAAAAAAAAAAAAAAAAAAAAAAAAAAAAAAAAAAAAAAAAAAAAAAAAAAAAAAAAAAAAAAAAAAAAAAAAAAAAAAAAAAAAAAAAAAAAAAAAAAAAAAAAAAAAAAAAAAAAAAAAAAAAAAAAAAAAAAAAAAAAAAAAAAAAAAAAAAAAAAAAAAAAAAAAAAAAAAAAAAAAAAAAAAAAAAAAAAAAAAAAAAAAAAAAAAAAAAAAAAAAAAAAAAAAAAAAAAAAAAAAAAAAAAAAAAAAAAAAAAAAAAAAAAAAAAAAAAAAAAAAAAAAAAAAAAAAAAAAAAAAAAAAAAAAAAAAAAAAAAAAAAAAAAAAAAAAAAAAAAAAAAAAAAAAAAAAAAAAAAAAAAAAAAAAAAAAAAAAAAAAAAAAAAAAAAAAAAAAAAAAAAAAAAAAAAAAAAAAAAAAAAAAAAAAAAAAAAAAAAAAAAAAAAAAAAAAAAAAAAAAAAAAAAAAAAAAAAAAAAAAAAAAAAAAAAAAAAAAAAAAAAAAAAAAAAAAAAAAAAAAAAAAAAAAAAAAAAAAAAAAAAAAAAAAAAAAAAAAAAAAAAAAAAAAAAAAAAAAAAAAAAAAAAAAAAAAAAAAAAAAAAAAAAAAAAAAAAAAAAAAAAAAAAAAAAAAAAAAAAAAAAAAAAAAAAAAAAAAAAAAAAAAAAAAAAAAAAAAAAAAAAAAAAAAAAAAAAAAAAAAAAAAAAAAAAAAAAAAAAAAAAAAAAAAAAAAAAAAAAAAAAAAAAAAAAAAAAAAAAAAAAAAAAAAAAAAAAAAAAAAAAAAAAAAAAAAAAAAAAAAAAAAAAAAAAAAAAAAAAAAAAAAAAAAAAAAAAAAAAAAAAAAAAAAAAAAAAAAAAAAAAAAAAAAAAAAAAAAAAAAAAAAAAAAAAAAAAAAAAAAAAAAAAAAAAAAAAAAAAAAAAAAAAAAAAAAAAAAAAAAAAAAAAAAAAAAAAAAAAAAAAAAAAAAAAAAAAAAAAAAAAAAAAAAAAAAAAAAAAAAAAAAAAAAAAAAAAAAAAAAAAAAAAAAAAAAAAAAAAAAAAAAAAAAAAAAAAAAAAAAAAAAAAAAAAAAAAAAAAAAAAAAAAAAAAAAAAAAAAAAAAAAAAAAAAAAAAAAAAAAAAAAAAAAAAAAAAAAAAAAAAAAAAAAAAAAAAAAAAAAAAAAAAAAAAAAAAAAAAAAAAAAAAAAAAAAAAAAAAAAAAAAAAAAAAAAAAAAAAAAAAAAAAAAAAAAAAAAAAAAAAAAAAAAAAAAAAAAAAAAAAAAAAAAAAAAAAAAAAAAAAAAAAAAAAAAAAAAAAAAAAAAAAAAAAAAAAAAAAAAAAAAAAAAAAAAAAAAAAAAAAAAAAAAAAAAAAAAAAAAAAAAAAAAAAAAAAAAAAAAAAAAAAAAAAAAAAAAAAAAAAAAAAAAAAAAAAAAAAAAAAAAAAAAAAAAAAAAAAAAAAAAAAAAAAAAAAAAAAAAAAAAAAAAAAAAAAAAAAAAAAAAAAAAAAAAAAAAAAAAAAAAAAAAAAAAAAAAAAAAAAAAAAAAAAAAAAAAAAAAAAAAAAAAAAAAAAAAAAAAAAAAAAAAAAAAAAAAAAAAAAAAAAAAAAAAAAAAAAAAAAAAAAAAAAAAAAAAAAAAAAAAAAAAAAAAAAAAAAAAAAAAAAAAAAAAAAAAAAAAAAAAAAAAAAAAAAAAAAAAAAAAAAAAAAAAAAAAAAAAAAAAAAAAAAAAAAAAAAAAAAAAAAAAAAAAAAAAAAAAAAAAAAAAAAAAAAAAAAAAAAAAAAAAAAAAAAAAAAAAAAAAAAAAAAAAAAAAAAAAAAAAAAAAAAAAAAAAAAAAAAAAAAAAAAAAAAAAAAAAAAAAAAAAAAAAAAAAAAAAAAAAAAAAAAAAAAAAAAAAAAAAAAAAAAAAAAAAAAAAAAAAAAAAAAAAAAAAAAAAAAAAAAAAAAAAAAAAAAAAAAAAAAAAAAAAAAAAAAAAAAAAAAAAAAAAAAAAAAAAAAAAAAAAAAAAAAAAAAAAAAAAAAAAAAAAAAAAAAAAAAAAAAAAAAAAAAAAAAAAAAAAAAAAAAAAAAAAAAAAAAAAAAAAAAAAAAAAAAAAAAAAAAAAAAAAAAAAAAAAAAAAAAAAAAAAAAAAAAAAAAAAAAAAAAAAAAAAAAAAAAAAAAAAAAAAAAAAAAAAAAAAAAAAAAAAAAAAAAAAAAAAAAAAAAAAAAAAAAAAAAAAAAAAAAAAAAAAAAAAAAAAAAAAAAAAAAAAAAAAAAAAAAAAAAAAAAAAAAAAAAAAAAAAAAAAAAAAAAAAAAAAAAAAAAAAAAAAAAAAAAAAAAAAAAAAAAAAAAAAAAAAAAAAAAAAAAAAAAAAAAAAAAAAAAAAAAAAAAAAAAAAAAAAAAAAAAAAAAAAAAAAAAAAAAAAAAAAAAAAAAAAAAAAAAAAAAAAAAAAAAAAAAAAAAAAAAAAAAAAAAAAAAAAAAAAAAAAAAAAAAAAAAAAAAAAAAAAAAAAAAAAAAAAAAAAAAAAAAAAAAAAAAAAAAAAAAAAAAAAAAAAAAAAAAAAAAAAAAAAAAAAAAAAAAAAAAAAAAAAAAAAAAAAAAAAAAAAAAAAAAAAAAAAAAAAAAAAAAAAAAAAAAAAAAAAAAAAAAAAAAAAAAAAAAAAAAAAAAAAAAAAAAAAAAAAAAAAAAAAAAAAAAAAAAAAAAAAAAAAAAAAAAAAAAAAAAAAAAAAAAAAAAAAAAAAAAAAAAAAAAAAAAAAAAAAAAAAAAAAAAAAAAAAAAAAAAAAAAAAAAAAAAAAAAAAAAAAAAAAAAAAAAAAAAAAAAAAAAAAAAAAAAAAAAAAAAAAAAAAAAAAAAAAAAAAAAAAAAAAAAAAAAAAAAAAAAAAAAAAAAAAAAAAAAAAAAAAAAAAAAAAAAAAAAAAAAAAAAAAAAAAAAAAAAAAAAAAAAAAAAAAAAAAAAAAAAAAAAAAAAAAAAAAAAAAAAAAAAAAAAAAAAAAAAAAAAAAAAAAAAAAAAAAAAAAAAAAAAAAAAAAAAAAAAAAAAAAAAAAAAAAAAAAAAAAAAAAAAAAAAAAAAAAAAAAAAAAAAAAAAAAAAAAAAAAAAAAAAAAAAAAAAAAAAAAAAAAAAAAAAAAAAAAAAAAAAAAAAAAAAAAAAAAAAAAAAAAAAAAAAAAAAAAAAAAAAAAAAAAAAAAAAAAAAAAAAAAAAAAAAAAAAAAAAAAAAAAAAAAAAAAAAAAAAAAAAAAAAAAAAAAAAAAAAAAAAAAAAAAAAAAAAAAAAAAAAAAAAAAAAAAAAAAAAAAAAAAAAAAAAAAAAAAAAAAAAAAAAAAAAAAAAAAAAAAAAAAAAAAAAAAAAAAAAAAAAAAAAAAAAAAAAAAAAAAAAAAAAAAAAAAAAAAAAAAAAAAAAAAAAAAAAAAAAAAAAAAAAAAAAAAAAAAAAAAAAAAAAAAAAAAAAAAAAAAAAAAAAAAAAAAAAAAAAAAAAAAAAAAAAAAAAAAAAAAAAAAAAAAAAAAAAAAAAAAAAAAAAAAAAAAAAAAAAAAAAAAAAAAAAAAAAAAAAAAAAAAAAAAAAAAAAAAAAAAAAAAAAAAAAAAAAAAAAAAAAAAAAAAAAAAAAAAAAAAAAAAAAAAAAAAAAAAAAAAAAAAAAAAAAAAAAAAAAAAAAAAAAAAAAAAAAAAAAAAAAAAAAAAAAAAAAAAAAAAAAAAAAAAAAAAAAAAAAAAAAAAAAAAAAAAAAAAAAAAAAAAAAAAAAAAAAAAAAAAAAAAAAAAAAAAAAAAAAAAAAAAAAAAAAAAAAAAAAAAAAAAAAAAAAAAAAAAAAAAAAAAAAAAAAAAAAAAAAAAAAAAAAAAAAAAAAAAAAAAAAAAAAAAAAAAAAAAAAAAAAAAAAAAAAAAAAAAAAAAAAAAAAAAAAAAAAAAAAAAAAAAAAAAAAAAAAAAAAAAAAAAAAAAAAAAAAAAAAAAAAAAAAAAAAAAAAAAAAAAAAAAAAAAAAAAAAAAAAAAAAAAAAAAAAAAAAAAAAAAAAAAAAAAAAAAAAAAAAAAAAAAAAAAAAAAAAAAAAAAAAAAAAAAAAAAAAAAAAAAAAAAAAAAAAAAAAAAAAAAAAAAAAAAAAAAAAAAAAAAAAAAAAAAAAAAAAAAAAAAAAAAAAAAAAAAAAAAAAAAAAAAAAAAAAAAAAAAAAAAAAAAAAAAAAAAAAAAAAAAAAAAAAAAAAAAAAAAAAAAAAAAAAAAAAAAAAAAAAAAAAAAAAAAAAAAAAAAAAAAAAAAAAAAAAAAAAAAAAAAAAAAAAAAAAAAAAAAAAAAAAAAAAAAAAAAAAAAAAAAAAAAAAAAAAAAAAAAAAAAAAAAAAAAAAAAAAAAAAAAAAAAAAAAAAAAAAAAAAAAAAAAAAAAAAAAAAAAAAAAAAAAAAAAAAAAAAAAAAAAAAAAAAAAAAAAAAAAAAAAAAAAAAAAAAAAAAAAAAAAAAAAAAAAAAAAAAAAAAAAAAAAAAAAAAAAAAAAAAAAAAAAAAAAAAAAAAAAAAAAAAAAAAAAAAAAAAAAAAAAAAAAAAAAAAAAAAAAAAAAAAAAAAAAAAAAAAAAAAAAAAAAAAAAAAAAAAAAAAAAAAAAAAAAAAAAAAAAAAAAAAAAAAAAAAAAAAAAAAAAAAAAAAAAAAAAAAAAAAAAAAAAAAAAAAAAAAAAAAAAAAAAAAAAAAAAAAAAAAAAAAAAAAAAAAAAAAAAAAAAAAAAAAAAAAAAAAAAAAAAAAAAAAAAAAAAAAAAAAAAAAAAAAAAAAAAAAAAAAAAAAAAAAAAAAAAAAAAAAAAAAAAAAAAAAAAAAAAAAAAAAAAAAAAAAAAAAAAAAAAAAAAAAAAAAAAAAAAAAAAAAAAAAAAAAAAAAAAAAAAAAAAAAAAAAAAAAAAAAAAAAAAAAAAAAAAAAAAAAAAAAAAAAAAAAAAAAAAAAAAAAAAAAAAAAAAAAAAAAAAAAAAAAAAAAAAAAAAAAAAAAAAAAAAAAAAAAAAAAAAAAAAAAAAAAAAAAAAAAAAAAAAAAAAAAAAAAAAAAAAAAAAAAAAAAAAAAAAAAAAAAAAAAAAAAAAAAAAAAAAAAAAAAAAAAAAAAAAAAAAAAAAAAAAAAAAAAAAAAAAAAAAAAAAAAAAAAAAAAAAAAAAAAAAAAAAAAAAAAAAAAAAAAAAAAAAAAAAAAAAAAAAAAAAAAAAAAAAAAAAAAAAAAAAAAAAAAAAAAAAAAAAAAAAAAAAAAAAAAAAAAAAAAAAAAAAAAAAAAAAAAAAAAAAAAAAAAAAAAAAAAAAAAAAAAAAAAAAAAAAAAAAAAAAAAAAAAAAAAAAAAAAAAAAAAAAAAAAAAAAAAAAAAAAAAAAAAAAAAAAAAAAAAAAAAAAAAAAAAAAAAAAAAAAAAAAAAAAAAAAAAAAAAAAAAAAAAAAAAAAAAAAAAAAAAAAAAAAAAAAAAAAAAAAAAAAAAAAAAAAAAAAAAAAAAAAAAAAAAAAAAAAAAAAAAAAAAAAAAAAAAAAAAAAAAAAAAAAAAAAAAAAAAAAAAAAAAAAAAAAAAAAAAAAAAAAAAAAAAAAAAAAAAAAAAAAAAAAAAAAAAAAAAAAAAAAAAAAAAAAAAAAAAAAAAAAAAAAAAAAAAAAAAAAAAAAAAAAAAAAAAAAAAAAAAAAAAAAAAAAAAAAAAAAAAAAAAAAAAAAAAAAAAAAAAAAAAAAAAAAAAAAAAAAAAAAAAAAAAAAAAAAAAAAAAAAAAAAAAAAAAAAAAAAAAAAAAAAAAAAAAAAAAAAAAAAAAAAAAAAAAAAAAAAAAAAAAAAAAAAAAAAAAAAAAAAAAAAAAAAAAAAAAAAAAAAAAAAAAAAAAAAAAAAAAAAAAAAAAAAAAAAAAAAAAAAAAAAAAAAAAAAAAAAAAAAAAAAAAAAAAAAAAAAAAAAAAAAAAAAAAAAAAAAAAAAAAAAAAAAAAAAAAAAAAAAAAAAAAAAAAAAAAAAAAAAAAAAAAAAAAAAAAAAAAAAAAAAAAAAAAAAAAAAAAAAAAAAAAAAAAAAAAAAAAAAAAAAAAAAAAAAAAAAAAAAAAAAAAAAAAAAAAAAAAAAAAAAAAAAAAAAAAAAAAAAAAAAAAAAAAAAAAAAAAAAAAAAAAAAAAAAAAAAAAAAAAAAAAAAAAAAAAAAAAAAAAAAAAAAAAAAAAAAAAAAAAAAAAAAAAAAAAAAAAAAAAAAAAAAAAAAAAAAAAAAAAAAAAAAAAAAAAAAAAAAAAAAAAAAAAAAAAAAAAAAAAAAAAAAAAAAAAAAAAAAAAAAAAAAAAAAAAAAAAAAAAAAAAAAAAAAAAAAAAAAAAAAAAAAAAAAAAAAAAAAAAAAAAAAAAAAAAAAAAAAAAAAAAAAAAAAAAAAAAAAAAAAAAAAAAAAAAAAAAAAAAAAAAAAAAAAAAAAAAAAAAAAAAAAAAAAAAAAAAAAAAAAAAAAAAAAAAAAAAAAAAAAAAAAAAAAAAAAAAAAAAAAAAAAAAAAAAAAAAAAAAAAAAAAAAAAAAAAAAAAAAAAAAAAAAAAAAAAAAAAAAAAAAAAAAAAAAAAAAAAAAAAAAAAAAAAAAAAAAAAAAAAAAAAAAAAAAAAAAAAAAAAAAAAAAAAAAAAAAAAAAAAAAAAAAAAAAAAAAAAAAAAAAAAAAAAAAAAAAAAAAAAAAAAAAAAAAAAAAAAAAAAAAAAAAAAAAAAAAAAAAAAAAAAAAAAAAAAAAAAAAAAAAAAAAAAAAAAAAAAAAAAAAAAAAAAAAAAAAAAAAAAAAAAAAAAAAAAAAAAAAAAAAAAAAAAAAAAAAAAAAAAAAAAAAAAAAAAAAAAAAAAAAAAAAAAAAAAAAAAAAAAAAAAAAAAAAAAAAAAAAAAAAAAAAAAAAAAAAAAAAAAAAAAAAAAAAAAAAAAAAAAAAAAAAAAAAAAAAAAAAAAAAAAAAAAAAAAAAAAAAAAAAAAAAAAAAAAAAAAAAAAAAAAAAAAAAAAAAAAAAAAAAAAAAAAAAAAAAAAAAAAAAAAAAAAAAAAAAAAAAAAAAAAAAAAAAAAAAAAAAAAAAAAAAAAAAAAAAAAAAAAAAAAAAAAAAAAAAAAAAAAAAAAAAAAAAAAAAAAAAAAAAAAAAAAAAAAAAAAAAAAAAAAAAAAAAAAAAAAAAAAAAAAAAAAAAAAAAAAAAAAAAAAAAAAAAAAAAAAAAAAAAAAAAAAAAAAAAAAAAAAAAAAAAAAAAAAAAAAAAAAAAAAAAAAAAAAAAAAAAAAAAAAAAAAAAAAAAAAAAAAAAAAAAAAAAAAAAAAAAAAAAAAAAAAAAAAAAAAAAAAAAAAAAAAAAAAAAAAAAAAAAAAAAAAAAAAAAAAAAAAAAAAAAAAAAAAAAAAAAAAAAAAAAAAAAAAAAAAAAAAAAAAAAAAAAAAAAAAAAAAAAAAAAAAAAAAAAAAAAAAAAAAAAAAAAAAAAAAAAAAAAAAAAAAAAAAAAAAAAAAAAAAAAAAAAAAAAAAAAAAAAAAAAAAAAAAAAAAAAAAAAAAAAAAAAAAAAAAAAAAAAAAAAAAAAAAAAAAAAAAAAAAAAAAAAAAAAAAAAAAAAAAAAAAAAAAAAAAAAAAAAAAAAAAAAAAAAAAAAAAAAAAAAAAAAAAAAAAAAAAAAAAAAAAAAAAAAAAAAAAAAAAAAAAAAAAAAAAAAAAAAAAAAAAAAAAAAAAAAAAAAAAAAAAAAAAAAAAAAAAAAAAAAAAAAAAAAAAAAAAAAAAAAAAAAAAAAAAAAAAAAAAAAAAAAAAAAAAAAAAAAAAAAAAAAAAAAAAAAAAAAAAAAAAAAAAAAAAAAAAAAAAAAAAAAAAAAAAAAAAAAAAAAAAAAAAAAAAAAAAAAAAAAAAAAAAAAAAAAAAAAAAAAAAAAAAAAAAAAAAAAAAAAAAAAAAAAAAAAAAAAAAAAAAAAAAAAAAAAAAAAAAAAAAAAAAAAAAAAAAAAAAAAAAAAAAAAAAAAAAAAAAAAAAAAAAAAAAAAAAAAAAAAAAAAAAAAAAAAAAAAAAAAAAAAAAAAAAAAAAAAAAAAAAAAAAAAAAAAAAAAAAAAAAAAAAAAAAAAAAAAAAAAAAAAAAAAAAAAAAAAAAAAAAAAAAAAAAAAAAAAAAAAAAAAAAAAAAAAAAAAAAAAAAAAAAAAAAAAAAAAAAAAAAAAAAAAAAAAAAAAAAAAAAAAAAAAAAAAAAAAAAAAAAAAAAAAAAAAAAAAAAAAAAAAAAAAAAAAAAAAAAAAAAAAAAAAAAAAAAAAAAAAAAAAAAAAAAAAAAAAAAAAAAAAAAAAAAAAAAAAAAAAAAAAAAAAAAAAAAAAAAAAAAAAAAAAAAAAAAAAAAAAAAAAAAAAAAAAAAAAAAAAAAAAAAAAAAAAAAAAAAAAAAAAAAAAAAAAAAAAAAAAAAAAAAAAAAAAAAAAAAAAAAAAAAAAAAAAAAAAAAAAAAAAAAAAAAAAAAAAAAAAAAAAAAAAAAAAAAAAAAAAAAAAAAAAAAAAAAAAAAAAAAAAAAAAAAAAAAAAAAAAAAAAAAAAAAAAAAAAAAAAAAAAAAAAAAAAAAAAAAAAAAAAAAAAAAAAAAAAAAAAAAAAAAAAAAAAAAAAAAAAAAAAAAAAAAAAAAAAAAAAAAAAAAAAAAAAAAAAAAAAAAAAAAAAAAAAAAAAAAAAAAAAAAAAAAAAAAAAAAAAAAAAAAAAAAAAAAAAAAAAAAAAAAAAAAAAAAAAAAAAAAAAAAAAAAAAAAAAAAAAAAAAAAAAAAAAAAAAAAAAAAAAAAAAAAAAAAAAAAAAAAAAAAAAAAAAAAAAAAAAAAAAAAAAAAAAAAAAAAAAAAAAAAAAAAAAAAAAAAAAAAAAAAAAAAAAAAAAAAAAAAAAAAAAAAAAAAAAAAAAAAAAAAAAAAAAAAAAAAAAAAAAAAAAAAAAAAAAAAAAAAAAAAAAAAAAAAAAAAAAAAAAAAAAAAAAAAAAAAAAAAAAAAAAAAAAAAAAAAAAAAAAAAAAAAAAAAAAAAAAAAAAAAAAAAAAAAAAAAAAAAAAAAAAAAAAAAAAAAAAAAAAAAAAAAAAAAAAAAAAAAAAAAAAAAAAAAAAAAAAAAAAAAAAAAAAAAAAAAAAAAAAAAAAAAAAAAAAAAAAAAAAAAAAAAAAAAAAAAAAAAAAAAAAAAAAAAAAAAAAAAAAAAAAAAAAAAAAAAAAAAAAAAAAAAAAAAAAAAAAAAAAAAAAAAAAAAAAAAAAAAAAAAAAAAAAAAAAAAAAAAAAAAAAAAAAAAAAAAAAAAAAAAAAAAAAAAAAAAAAAAAAAAAAAAAAAAAAAAAAAAAAAAAAAAAAAAAAAAAAAAAAAAAAAAAAAAAAAAAAAAAAAAAAAAAAAAAAAAAAAAAAAAAAAAAAAAAAAAAAAAAAAAAAAAAAAAAAAAAAAAAAAAAAAAAAAAAAAAAAAAAAAAAAAAAAAAAAAAAAAAAAAAAAAAAAAAAAAAAAAAAAAAAAAAAAAAAAAAAAAAAAAAAAAAAAAAAAAAAAAAAAAAAAAAAAAAAAAAAAAAAAAAAAAAAAAAAAAAAAAAAAAAAAAAAAAAAAAAAAAAAAAAAAAAAAAAAAAAAAAAAAAAAAAAAAAAAAAAAAAAAAAAAAAAAAAAAAAAAAAAAAAAAAAAAAAAAAAAAAAAAAAAAAAAAAAAAAAAAAAAAAAAAAAAAAAAAAAAAAAAAAAAAAAAAAAAAAAAAAAAAAAAAAAAAAAAAAAAAAAAAAAAAAAAAAAAAAAAAAAAAAAAAAAAAAAAAAAAAAAAAAAAAAAAAAAAAAAAAAAAAAAAAAAAAAAAAAAAAAAAAAAAAAAAAAAAAAAAAAAAAAAAAAAAAAAAAAAAAAAAAAAAAAAAAAAAAAAAAAAAAAAAAAAAAAAAAAAAAAAAAAAAAAAAAAAAAAAAAAAAAAAAAAAAAAAAAAAAAAAAAAAAAAAAAAAAAAAAAAAAAAAAAAAAAAAAAAAAAAAAAAAAAAAAAAAAAAAAAAAAAAAAAAAAAAAAAAAAAAAAAAAAAAAAAAAAAAAAAAAAAAAAAAAAAAAAAAAAAAAAAAAAAAAAAAAAAAAAAAAAAAAAAAAAAAAAAAAAAAAAAAAAAAAAAAAAAAAAAAAAAAAAAAAAAAAAAAAAAAAAAAAAAAAAAAAAAAAAAAAAAAAAAAAAAAAAAAAAAAAAAAAAAAAAAAAAAAAAAAAAAAAAAAAAAAAAAAAAAAAAAAAAAAAAAAAAAAAAAAAAAAAAAAAAAAAAAAAAAAAAAAAAAAAAAAAAAAAAAAAAAAAAAAAAAAAAAAAAAAAAAAAAAAAAAAAAAAAAAAAAAAAAAAAAAAAAAAAAAAAAAAAAAAAAAAAAAAAAAAAAAAAAAAAAAAAAAAAAAAAAAAAAAAAAAAAAAAAAAAAAAAAAAAAAAAAAAAAAAAAAAAAAAAAAAAAAAAAAAAAAAAAAAAAAAAAAAAAAAAAAAAAAAAAAAAAAAAAAAAAAAAAAAAAAAAAAAAAAAAAAAAAAAAAAAAAAAAAAAAAAAAAAAAAAAAAAAAAAAAAAAAAAAAAAAAAAAAAAAAAAAAAAAAAAAAAAAAAAAAAAAAAAAAAAAAAAAAAAAAAAAAAAAAAAAAAAAAAAAAAAAAAAAAAAAAAAAAAAAAAAAAAAAAAAAAAAAAAAAAAAAAAAAAAAAAAAAAAAAAAAAAAAAAAAAAAAAAAAAAAAAAAAAAAAAAAAAAAAAAAAAAAAAAAAAAAAAAAAAAAAAAAAAAAAAAAAAAAAAAAAAAAAAAAAAAAAAAAAAAAAAAAAAAAAAAAAAAAAAAAAAAAAAAAAAAAAAAAAAAAAAAAAAAAAAAAAAAAAAAAAAAAAAAAAAAAAAAAAAAAAAAAAAAAAAAAAAAAAAAAAAAAAAAAAAAAAAAAAAAAAAAAAAAAAAAAAAAAAAAAAAAAAAAAAAAAAAAAAAAAAAAAAAAAAAAAAAAAAAAAAAAAAAAAAAAAAAAAAAAAAAAAAAAAAAAAAAAAAAAAAAAAAAAAAAAAAAAAAAAAAAAAAAAAAAAAAAAAAAAAAAAAAAAAAAAAAAAAAAAAAAAAAAAAAAAAAAAAAAAAAAAAAAAAAAAAAAAAAAAAAAAAAAAAAAAAAAAAAAAAAAAAAAAAAAAAAAAAAAAAAAAAAAAAAAAAAAAAAAAAAAAAAAAAAAAAAAAAAAAAAAAAAAAAAAAAAAAAAAAAAAAAAAAAAAAAAAAAAAAAAAAAAAAAAAAAAAAAAAAAAAAAAAAAAAAAAAAAAAAAAAAAAAAAAAAAAAAAAAAAAAAAAAAAAAAAAAAAAAAAAAAAAAAAAAAAAAAAAAAAAAAAAAAAAAAAAAAAAAAAAAAAAAAAAAAAAAAAAAAAAAAAAAAAAAAAAAAAAAAAAAAAAAAAAAAAAAAAAAAAAAAAAAAAAAAAAAAAAAAAAAAAAAAAAAAAAAAAAAAAAAAAAAAAAAAAAAAAAAAAAAAAAAAAAAAAAAAAAAAAAAAAAAAAAAAAAAAAAAAAAAAAAAAAAAAAAAAAAAAAAAAAAAAAAAAAAAAAAAAAAAAAAAAAAAAAAAAAAAAAAAAAAAAAAAAAAAAAAAAAAAAAAAAAAAAAAAAAAAAAAAAAAAAAAAAAAAAAAAAAAAAAAAAAAAAAAAAAAAAAAAAAAAAAAAAAAAAAAAAAAAAAAAAAAAAAAAAAAAAAAAAAAAAAAAAAAAAAAAAAAAAAAAAAAAAAAAAAAAAAAAAAAAAAAAAAAAAAAAAAAAAAAAAAAAAAAAAAAAAAAAAAAAAAAAAAAAAAAAAAAAAAAAAAAAAAAAAAAAAAAAAAAAAAAAAAAAAAAAAAAAAAAAAAAAAAAAAAAAAAAAAAAAAAAAAAAAAAAAAAAAAAAAAAAAAAAAAAAAAAAAAAAAAAAAAAAAAAAAAAAAAAAAAAAAAAAAAAAAAAAAAAAAAAAAAAAAAAAAAAAAAAAAAAAAAAAAAAAAAAAAAAAAAAAAAAAAAAAAAAAAAAAAAAAAAAAAAAAAAAAAAAAAAAAAAAAAAAAAAAAAAAAAAAAAAAAAAAAAAAAAAAAAAAAAAAAAAAAAAAAAAAAAAAAAAAAAAAAAAAAAAAAAAAAAAAAAAAAAAAAAAAAAAAAAAAAAAAAAAAAAAAAAAAAAAAAAAAAAAAAAAAAAAAAAAAAAAAAAAAAAAAAAAAAAAAAAAAAAAAAAAAAAAAAAAAAAAAAAAAAAAAAAAAAAAAAAAAAAAAAAAAAAAAAAAAAAAAAAAAAAAAAAAAAAAAAAAAAAAAAAAAAAAAAAAAAAAAAAAAAAAAAAAAAAAAAAAAAAAAAAAAAAAAAAAAAAAAAAAAAAAAAAAAAAAAAAAAAAAAAAAAAAAAAAAAAAAAAAAAAAAAAAAAAAAAAAAAAAAAAAAAAAAAAAAAAAAAAAAAAAAAAAAAAAAAAAAAAAAAAAAAAAAAAAAAAAAAAAAAAAAAAAAAAAAAAAAAAAAAAAAAAAAAAAAAAAAAAAAAAAAAAAAAAAAAAAAAAAAAAAAAAAAAAAAAAAAAAAAAAAAAAAAAAAAAAAAAAAAAAAAAAAAAAAAAAAAAAAAAAAAAAAAAAAAAAAAAAAAAAAAAAAAAAAAAAAAAAAAAAAAAAAAAAAAAAAAAAAAAAAAAAAAAAAAAAAAAAAAAAAAAAAAAAAAAAAAAAAAAAAAAAAAAAAAAAAAAAAAAAAAAAAAAAAAAAAAAAAAAAAAAAAAAAAAAAAAAAAAAAAAAAAAAAAAAAAAAAAAAAAAAAAAAAAAAAAAAAAAAAAAAAAAAAAAAAAAAAAAAAAAAAAAAAAAAAAAAAAAAAAAAAAAAAAAAAAAAAAAAAAAAAAAAAAAAAAAAAAAAAAAAAAAAAAAAAAAAAAAAAAAAAAAAAAAAAAAAAAAAAAAAAAAAAAAAAAAAAAAAAAAAAAAAAAAAAAAAAAAAAAAAAAAAAAAAAAAAAAAAAAAAAAAAAAAAAAAAAAAAAAAAAAAAAAAAAAAAAAAAAAAAAAAAAAAAAAAAAAAAAAAAAAAAAAAAAAAAAAAAAAAAAAAAAAAAAAAAAAAAAAAAAAAAAAAAAAAAAAAAAAAAAAAAAAAAAAAAAAAAAAAAAAAAAAAAAAAAAAAAAAAAAAAAAAAAAAAAAAAAAAAAAAAAAAAAAAAAAAAAAAAAAAAAAAAAAAAAAAAAAAAAAAAAAAAAAAAAAAAAAAAAAAAAAAAAAAAAAAAAAAAAAAAAAAAAAAAAAAAAAAAAAAAAAAAAAAAAAAAAAAAAAAAAAAAAAAAAAAAAAAAAAAAAAAAAAAAAAAAAAAAAAAAAAAAAAAAAAAAAAAAAAAAAAAAAAAAAAAAAAAAAAAAAAAAAAAAAAAAAAAAAAAAAAAAAAAAAAAAAAAAAAAAAAAAAAAAAAAAAAAAAAAAAAAAAAAAAAAAAAAAAAAAAAAAAAAAAAAAAAAAAAAAAAAAAAAAAAAAAAAAAAAAAAAAAAAAAAAAAAAAAAAAAAAAAAAAAAAAAAAAAAAAAAAAAAAAAAAAAAAAAAAAAAAAAAAAAAAAAAAAAAAAAAAAAAAAAAAAAAAAAAAAAAAAAAAAAAAAAAAAAAAAAAAAAAAAAAAAAAAAAAAAAAAAAAAAAAAAAAAAAAAAAAAAAAAAAAAAAAAAAAAAAAAAAAAAAAAAAAAAAAAAAAAAAAAAAAAAAAAAAAAAAAAAAAAAAAAAAAAAAAAAAAAAAAAAAAAAAAAAAAAAAAAAAAAAAAAAAAAAAAAAAAAAAAAAAAAAAAAAAAAAAAAAAAAAAAAAAAAAAAAAAAAAAAAAAAAAAAAAAAAAAAAAAAAAAAAAAAAAAAAAAAAAAAAAAAAAAAAAAAAAAAAAAAAAAAAAAAAAAAAAAAAAAAAAAAAAAAAAAAAAAAAAAAAAAAAAAAAAAAAAAAAAAAAAAAAAAAAAAAAAAAAAAAAAAAAAAAAAAAAAAAAAAAAAAAAAAAAAAAAAAAAAAAAAAAAAAAAAAAAAAAAAAAAAAAAAAAAAAAAAAAAAAAAAAAAAAAAAAAAAAAAAAAAAAAAAAAAAAAAAAAAAAAAAAAAAAAAAAAAAAAAAAAAAAAAAAAAAAAAAAAAAAAAAAAAAAAAAAAAAAAAAAAAAAAAAAAAAAAAAAAAAAAAAAAAAAAAAAAAAAAAAAAAAAAAAAAAAAAAAAAAAAAAAAAAAAAAAAAAAAAAAAAAAAAAAAAAAAAAAAAAAAAAAAAAAAAAAAAAAAAAAAAAAAAAAAAAAAAAAAAAAAAAAAAAAAAAAAAAAAAAAAAAAAAAAAAAAAAAAAAAAAAAAAAAAAAAAAAAAAAAAAAAAAAAAAAAAAAAAAAAAAAAAAAAAAAAAAAAAAAAAAAAAAAAAAAAAAAAAAAAAAAAAAAAAAAAAAAAAAAAAAAAAAAAAAAAAAAAAAAAAAAAAAAAAAAAAAAAAAAAAAAAAAAAAAAAAAAAAAAAAAAAAAAAAAAAAAAAAAAAAAAAAAAAAAAAAAAAAAAAAAAAAAAAAAAAAAAAAAAAAAAAAAAAAAAAAAAAAAAAAAAAAAAAAAAAAAAAAAAAAAAAAAAAAAAAAAAAAAAAAAAAAAAAAAAAAAAAAAAAAAAAAAAAAAAAAAAAAAAAAAAAAAAAAAAAAAAAAAAAAAAAAAAAAAAAAAAAAAAAAAAAAAAAAAAAAAAAAAAAAAAAAAAAAAAAAAAAAAAAAAAAAAAAAAAAAAAAAAAAAAAAAAAAAAAAAAAAAAAAAAAAAAAAAAAAAAAAAAAAAAAAAAAAAAAAAAAAAAAAAAAAAAAAAAAAAAAAAAAAAAAAAAAAAAAAAAAAAAAAAAAAAAAAAAAAAAAAAAAAAAAAAAAAAAAAAAAAAAAAAAAAAAAAAAAAAAAAAAAAAAAAAAAAAAAAAAAAAAAAAAAAAAAAAAAAAAAAAAAAAAAAAAAAAAAAAAAAAAAAAAAAAAAAAAAAAAAAAAAAAAAAAAAAAAAAAAAAAAAAAAAAAAAAAAAAAAAAAAAAAAAAAAAAAAAAAAAAAAAAAAAAAAAAAAAAAAAAAAAAAAAAAAAAAAAAAAAAAAAAAAAAAAAAAAAAAAAAAAAAAAAAAAAAAAAAAAAAAAAAAAAAAAAAAAAAAAAAAAAAAAAAAAAAAAAAAAAAAAAAAAAAAAAAAAAAAAAAAAAAAAAAAAAAAAAAAAAAAAAAAAAAAAAAAAAAAAAAAAAAAAAAAAAAAAAAAAAAAAAAAAAAAAAAAAAAAAAAAAAAAAAAAAAAAAAAAAAAAAAAAAAAAAAAAAAAAAAAAAAAAAAAAAAAAAAAAAAAAAAAAAAAAAAAAAAAAAAAAAAAAAAAAAAAAAAAAAAAAAAAAAAAAAAAAAAAAAAAAAAAAAAAAAAAAAAAAAAAAAAAAAAAAAAAAAAAAAAAAAAAAAAAAAAAAAAAAAAAAAAAAAAAAAAAAAAAAAAAAAAAAAAAAAAAAAAAAAAAAAAAAAAAAAAAAAAAAAAAAAAAAAAAAAAAAAAAAAAAAAAAAAAAAAAAAAAAAAAAAAAAAAAAAAAAAAAAAAAAAAAAAAAAAAAAAAAAAAAAAAAAAAAAAAAAAAAAAAAAAAAAAAAAAAAAAAAAAAAAAAAAAAAAAAAAAAAAAAAAAAAAAAAAAAAAAAAAAAAAAAAAAAAAAAAAAAAAAAAAAAAAAAAAAAAAAAAAAAAAAAAAAAAAAAAAAAAAAAAAAAAAAAAAAAAAAAAAAAAAAAAAAAAAAAAAAAAAAAAAAAAAAAAAAAAAAAAAAAAAAAAAAAAAAAAAAAAAAAAAAAAAAAAAAAAAAAAAAAAAAAAAAAAAAAAAAAAAAAAAAAAAAAAAAAAAAAAAAAAAAAAAAAAAAAAAAAAAAAAAAAAAAAAAAAAAAAAAAAAAAAAAAAAAAAAAAAAAAAAAAAAAAAAAAAAAAAAAAAAAAAAAAAAAAAAAAAAAAAAAAAAAAAAAAAAAAAAAAAAAAAAAAAAAAAAAAAAAAAAAAAAAAAAAAAAAAAAAAAAAAAAAAAAAAAAAAAAAAAAAAAAAAAAAAAAAAAAAAAAAAAAAAAAAAAAAAAAAAAAAAAAAAAAAAAAAAAAAAAAAAAAAAAAAAAAAAAAAAAAAAAAAAAAAAAAAAAAAAAAAAAAAAAAAAAAAAAAAAAAAAAAAAAAAAAAAAAAAAAAAAAAAAAAAAAAAAAAAAAAAAAAAAAAAAAAAAAAAAAAAAAAAAAAAAAAAAAAAAAAAAAAAAAAAAAAAAAAAAAAAAAAAAAAAAAAAAAAAAAAAAAAAAAAAAAAAAAAAAAAAAAAAAAAAAAAAAAAAAAAAAAAAAAAAAAAAAAAAAAAAAAAAAAAAAAAAAAAAAAAAAAAAAAAAAAAAAAAAAAAAAAAAAAAAAAAAAAAAAAAAAAAAAAAAAAAAAAAAAAAAAAAAAAAAAAAAAAAAAAAAAAAAAAAAAAAAAAAAAAAAAAAAAAAAAAAAAAAAAAAAAAAAAAAAAAAAAAAAAAAAAAAAAAAAAAAAAAAAAAAAAAAAAAAAAAAAAAAAAAAAAAAAAAAAAAAAAAAAAAAAAAAAAAAAAAAAAAAAAAAAAAAAAAAAAAAAAAAAAAAAAAAAAAAAAAAAAAAAAAAAAAAAAAAAAAAAAAAAAAAAAAAAAAAAAAAAAAAAAAAAAAAAAAAAAAAAAAAAAAAAAAAAAAAAAAAAAAAAAAAAAAAAAAAAAAAAAAAAAAAAAAAAAAAAAAAAAAAAAAAAAAAAAAAAAAAAAAAAAAAAAAAAAAAAAAAAAAAAAAAAAAAAAAAAAAAAAAAAAAAAAAAAAAAAAAAAAAAAAAAAAAAAAAAAAAAAAAAAAAAAAAAAAAAAAAAAAAAAAAAAAAAAAAAAAAAAAAAAAAAAAAAAAAAAAAAAAAAAAAAAAAAAAAAAAAAAAAAAAAAAAAAAAAAAAAAAAAAAAAAAAAAAAAAAAAAAAAAAAAAAAAAAAAAAAAAAAAAAAAAAAAAAAAAAAAAAAAAAAAAAAAAAAAAAAAAAAAAAAAAAAAAAAAAAAAAAAAAAAAAAAAAAAAAAAAAAAAAAAAAAAAAAAAAAAAAAAAAAAAAAAAAAAAAAAAAAAAAAAAAAAAAAAAAAAAAAAAAAAAAAAAAAAAAAAAAAAAAAAAAAAAAAAAAAAAAAAAAAAAAAAAAAAAAAAAAAAAAAAAAAAAAAAAAAAAAAAAAAAAAAAAAAAAAAAAAAAAAAAAAAAAAAAAAAAAAAAAAAAAAAAAAAAAAAAAAAAAAAAAAAAAAAAAAAAAAAAAAAAAAAAAAAAAAAAAAAAAAAAAAAAAAAAAAAAAAAAAAAAAAAAAAAAAAAAAAAAAAAAAAAAAAAAAAAAAAAAAAAAAAAAAAAAAAAAAAAAAAAAAAAAAAAAAAAAAAAAAAAAAAAAAAAAAAAAAAAAAAAAAAAAAAAAAAAAAAAAAAAAAAAAAAAAAAAAAAAAAAAAAAAAAAAAAAAAAAAAAAAAAAAAAAAAAAAAAAAAAAAAAAAAAAAAAAAAAAAAAAAAAAAAAAAAAAAAAAAAAAAAAAAAAAAAAAAAAAAAAAAAAAAAAAAAAAAAAAAAAAAAAAAAAAAAAAAAAAAAAAAAAAAAAAAAAAAAAAAAAAAAAAAAAAAAAAAAAAAAAAAAAAAAAAAAAAAAAAAAAAAAAAAAAAAAAAAAAAAAAAAAAAAAAAAAAAAAAAAAAAAAAAAAAAAAAAAAAAAAAAAAAAAAAAAAAAAAAAAAAAAAAAAAAAAAAAAAAAAAAAAAAAAAAAAAAAAAAAAAAAAAAAAAAAAAAAAAAAAAAAAAAAAAAAAAAAAAAAAAAAAAAAAAAAAAAAAAAAAAAAAAAAAAAAAAAAAAAAAAAAAAAAAAAAAAAAAAAAAAAAAAAAAAAAAAAAAAAAAAAAAAAAAAAAAAAAAAAAAAAAAAAAAAAAAAAAAAAAAAAAAAAAAAAAAAAAAAAAAAAAAAAAAAAAAAAAAAAAAAAAAAAAAAAAAAAAAAAAAAAAAAAAAAAAAAAAAAAAAAAAAAAAAAAAAAAAAAAAAAAAAAAAAAAAAAAAAAAAAAAAAAAAAAAAAAAAAAAAAAAAAAAAAAAAAAAAAAAAAAAAAAAAAAAAAAAAAAAAAAAAAAAAAAAAAAAAAAAAAAAAAAAAAAAAAAAAAAAAAAAAAAAAAAAAAAAAAAAAAAAAAAAAAAAAAAAAAAAAAAAAAAAAAAAAAAAAAAAAAAAAAAAAAAAAAAAAAAAAAAAAAAAAAAAAAAAAAAAAAAAAAAAAAAAAAAAAAAAAAAAAAAAAAAAAAAAAAAAAAAAAAAAAAAAAAAAAAAAAAAAAAAAAAAAAAAAAAAAAAAAAAAAAAAAAAAAAAAAAAAAAAAAAAAAAAAAAAAAAAAAAAAAAAAAAAAAAAAAAAAAAAAAAAAAAAAAAAAAAAAAAAAAAAAAAAAAAAAAAAAAAAAAAAAAAAAAAAAAAAAAAAAAAAAAAAAAAAAAAAAAAAAAAAAAAAAAAAAAAAAAAAAAAAAAAAAAAAAAAAAAAAAAAAAAAAAAAAAAAAAAAAAAAAAAAAAAAAAAAAAAAAAAAAAAAAAAAAAAAAAAAAAAAAAAAAAAAAAAAAAAAAAAAAAAAAAAAAAAAAAAAAAAAAAAAAAAAAAAAAAAAAAAAAAAAAAAAAAAAAAAAAAAAAAAAAAAAAAAAAAAAAAAAAAAAAAAAAAAAAAAAAAAAAAAAAAAAAAAAAAAAAAAAAAAAAAAAAAAAAAAAAAAAAAAAAAAAAAAAAAAAAAAAAAAAAAAAAAAAAAAAAAAAAAAAAAAAAAAAAAAAAAAAAAAAAAAAAAAAAAAAAAAAAAAAAAAAAAAAAAAAAAAAAAAAAAAAAAAAAAAAAAAAAAAAAAAAAAAAAAAAAAAAAAAAAAAAAAAAAAAAAAAAAAAAAAAAAAAAAAAAAAAAAAAAAAAAAAAAAAAAAAAAAAAAAAAAAAAAAAAAAAAAAAAAAAAAAAAAAAAAAAAAAAAAAAAAAAAAAAAAAAAAAAAAAAAAAAAAAAAAAAAAAAAAAAAAAAAAAAAAAAAAAAAAAAAAAAAAAAAAAAAAAAAAAAAAAAAAAAAAAAAAAAAAAAAAAAAAAAAAAAAAAAAAAAAAAAAAAAAAAAAAAAAAAAAAAAAAAAAAAAAAAAAAAAAAAAAAAAAAAAAAAAAAAAAAAAAAAAAAAAAAAAAAAAAAAAAAAAAAAAAAAAAAAAAAAAAAAAAAAAAAAAAAAAAAAAAAAAAAAAAAAAAAAAAAAAAAAAAAAAAAAAAAAAAAAAAAAAAAAAAAAAAAAAAAAAAAAAAAAAAAAAAAAAAAAAAAAAAAAAAAAAAAAAAAAAAAAAAAAAAAAAAAAAAAAAAAAAAAAAAAAAAAAAAAAAAAAAAAAAAAAAAAAAAAAAAAAAAAAAAAAAAAAAAAAAAAAAAAAAAAAAAAAAAAAAAAAAAAAAAAAAAAAAAAAAAAAAAAAAAAAAAAAAAAAAAAAAAAAAAAAAAAAAAAAAAAAAAAAAAAAAAAAAAAAAAAAAAAAAAAAAAAAAAAAAAAAAAAAAAAAAAAAAAAAAAAAAAAAAAAAAAAAAAAAAAAAAAAAAAAAAAAAAAAAAAAAAAAAAAAAAAAAAAAAAAAAAAAAAAAAAAAAAAAAAAAAAAAAAAAAAAAAAAAAAAAAAAAAAAAAAAAAAAAAAAAAAAAAAAAAAAAAAAAAAAAAAAAAAAAAAAAAAAAAAAAAAAAAAAAAAAAAAAAAAAAAAAAAAAAAAAAAAAAAAAAAAAAAAAAAAAAAAAAAAAAAAAAAAAAAAAAAAAAAAAAAAAAAAAAAAAAAAAAAAAAAAAAAAAAAAAAAAAAAAAAAAAAAAAAAAAAAAAAAAAAAAAAAAAAAAAAAAAAAAAAAAAAAAAAAAAAAAAAAAAAAAAAAAAAAAAAAAAAAAAAAAAAAAAAAAAAAAAAAAAAAAAAAAAAAAAAAAAAAAAAAAAAAAAAAAAAAAAAAAAAAAAAAAAAAAAAAAAAAAAAAAAAAAAAAAAAAAAAAAAAAAAAAAAAAAAAAAAAAAAAAAAAAAAAAAAAAAAAAAAAAAAAAAAAAAAAAAAAAAAAAAAAAAAAAAAAAAAAAAAAAAAAAAAAAAAAAAAAAAAAAAAAAAAAAAAAAAAAAAAAAAAAAAAAAAAAAAAAAAAAAAAAAAAAAAAAAAAAAAAAAAAAAAAAAAAAAAAAAAAAAAAAAAAAAAAAAAAAAAAAAAAAAAAAAAAAAAAAAAAAAAAAAAAAAAAAAAAAAAAAAAAAAAAAAAAAAAAAAAAAAAAAAAAAAAAAAAAAAAAAAAAAAAAAAAAAAAAAAAAAAAAAAAAAAAAAAAAAAAAAAAAAAAAAAAAAAAAAAAAAAAAAAAAAAAAAAAAAAAAAAAAAAAAAAAAAAAAAAAAAAAAAAAAAAAAAAAAAAAAAAAAAAAAAAAAAAAAAAAAAAAAAAAAAAAAAAAAAAAAAAAAAAAAAAAAAAAAAAAAAAAAAAAAAAAAAAAAAAAAAAAAAAAAAAAAAAAAAAAAAAAAAAAAAAAAAAAAAAAAAAAAAAAAAAAAAAAAAAAAAAAAAAAAAAAAAAAAAAAAAAAAAAAAAAAAAAAAAAAAAAAAAAAAAAAAAAAAAAAAAAAAAAAAAAAAAAAAAAAAAAAAAAAAAAAAAAAAAAAAAAAAAAAAAAAAAAAAAAAAAAAAAAAAAAAAAAAAAAAAAAAAAAAAAAAAAAAAAAAAAAAAAAAAAAAAAAAAAAAAAAAAAAAAAAAAAAAAAAAAAAAAAAAAAAAAAAAAAAAAAAAAAAAAAAAAAAAAAAAAAAAAAAAAAAAAAAAAAAAAAAAAAAAAAAAAAAAAAAAAAAAAAAAAAAAAAAAAAAAAAAAAAAAAAAAAAAAAAAAAAAAAAAAAAAAAAAAAAAAAAAAAAAAAAAAAAAAAAAAAAAAAAAAAAAAAAAAAAAAAAAAAAAAAAAAAAAAAAAAAAAAAAAAAAAAAAAAAAAAAAAAAAAAAAAAAAAAAAAAAAAAAAAAAAAAAAAAAAAAAAAAAAAAAAAAAAAAAAAAAAAAAAAAAAAAAAAAAAAAAAAAAAAAAAAAAAAAAAAAAAAAAAAAAAAAAAAAAAAAAAAAAAAAAAAAAAAAAAAAAAAAAAAAAAAAAAAAAAAAAAAAAAAAAAAAAAAAAAAAAAAAAAAAAAAAAAAAAAAAAAAAAAAAAAAAAAAAAAAAAAAAAAAAAAAAAAAAAAAAAAAAAAAAAAAAAAAAAAAAAAAAAAAAAAAAAAAAAAAAAAAAAAAAAAAAAAAAAAAAAAAAAAAAAAAAAAAAAAAAAAAAAAAAAAAAAAAAAAAAAAAAAAAAAAAAAAAAAAAAAAAAAAAAAAAAAAAAAAAAAAAAAAAAAAAAAAAAAAAAAAAAAAAAAAAAAAAAAAAAAAAAAAAAAAAAAAAAAAAAAAAAAAAAAAAAAAAAAAAAAAAAAAAAAAAAAAAAAAAAAAAAAAAAAAAAAAAAAAAAAAAAAAAAAAAAAAAAAAAAAAAAAAAAAAAAAAAAAAAAAAAAAAAAAAAAAAAAAAAAAAAAAAAAAAAAAAAAAAAAAAAAAAAAAAAAAAAAAAAAAAAAAAAAAAAAAAAAAAAAAAAAAAAAAAAAAAAAAAAAAAAAAAAAAAAAAAAAAAAAAAAAAAAAAAAAAAAAAAAAAAAAAAAAAAAAAAAAAAAAAAAAAAAAAAAAAAAAAAAAAAAAAAAAAAAAAAAAAAAAAAAAAAAAAAAAAAAAAAAAAAAAAAAAAAAAAAAAAAAAAAAAAAAAAAAAAAAAAAAAAAAAAAAAAAAAAAAAAAAAAAAAAAAAAAAAAAAAAAAAAAAAAAAAAAAAAAAAAAAAAAAAAAAAAAAAAAAAAAAAAAAAAAAAAAAAAAAAAAAAAAAAAAAAAAAAAAAAAAAAAAAAAAAAAAAAAAAAAAAAAAAAAAAAAAAAAAAAAAAAAAAAAAAAAAAAAAAAAAAAAAAAAAAAAAAAAAAAAAAAAAAAAAAAAAAAAAAAAAAAAAAAAAAAAAAAAAAAAAAAAAAAAAAAAAAAAAAAAAAAAAAAAAAAAAAAAAAAAAAAAAAAAAAAAAAAAAAAAAAAAAAAAAAAAAAAAAAAAAAAAAAAAAAAAAAAAAAAAAAAAAAAAAAAAAAAAAAAAAAAAAAAAAAAAAAAAAAAAAAAAAAAAAAAAAAAAAAAAAAAAAAAAAAAAAAAAAAAAAAAAAAAAAAAAAAAAAAAAAAAAAAAAAAAAAAAAAAAAAAAAAAAAAAAAAAAAAAAAAAAAAAAAAAAAAAAAAAAAAAAAAAAAAAAAAAAAAAAAAAAAAAAAAAAAAAAAAAAAAAAAAAAAAAAAAAAAAAAAAAAAAAAAAAAAAAAAAAAAAAAAAAAAAAAAAAAAAAAAAAAAAAAAAAAAAAAAAAAAAAAAAAAAAAAAAAAAAAAAAAAAAAAAAAAAAAAAAAAAAAAAAAAAAAAAAAAAAAAAAAAAAAAAAAAAAAAAAAAAAAAAAAAAAAAAAAAAAAAAAAAAAAAAAAAAAAAAAAAAAAAAAAAAAAAAAAAAAAAAAAAAAAAAAAAAAAAAAAAAAAAAAAAAAAAAAAAAAAAAAAAAAAAAAAAAAAAAAAAAAAAAAAAAAAAAAAAAAAAAAAAAAAAAAAAAAAAAAAAAAAAAAAAAAAAAAAAAAAAAAAAAAAAAAAAAAAAAAAAAAAAAAAAAAAAAAAAAAAAAAAAAAAAAAAAAAAAAAAAAAAAAAAAAAAAAAAAAAAAAAAAAAAAAAAAAAAAAAAAAAAAAAAAAAAAAAAAAAAAAAAAAAAAAAAAAAAAAAAAAAAAAAAAAAAAAAAAAAAAAAAAAAAAAAAAAAAAAAAAAAAAAAAAAAAAAAAAAAAAAAAAAAAAAAAAAAAAAAAAAAAAAAAAAAAAAAAAAAAAAAAAAAAAAAAAAAAAAAAAAAAAAAAAAAAAAAAAAAAAAAAAAAAAAAAAAAAAAAAAAAAAAAAAAAAAAAAAAAAAAAAAAAAAAAAAAAAAAAAAAAAAAAAAAAAAAAAAAAAAAAAAAAAAAAAAAAAAAAAAAAAAAAAAAAAAAAAAAAAAAAAAAAAAAAAAAAAAAAAAAAAAAAAAAAAAAAAAAAAAAAAAAAAAAAAAAAAAAAAAAAAAAAAAAAAAAAAAAAAAAAAAAAAAAAAAAAAAAAAAAAAAAAAAAAAAAAAAAAAAAAAAAAAAAAAAAAAAAAAAAAAAAAAAAAAAAAAAAAAAAAAAAAAAAAAAAAAAAAAAAAAAAAAAAAAAAAAAAAAAAAAAAAAAAAAAAAAAAAAAAAAAAAAAAAAAAAAAAAAAAAAAAAAAAAAAAAAAAAAAAAAAAAAAAAAAAAAAAAAAAAAAAAAAAAAAAAAAAAAAAAAAAAAAAAAAAAAAAAAAAAAAAAAAAAAAAAAAAAAAAAAAAAAAAAAAAAAAAAAAAAAAAAAAAAAAAAAAAAAAAAAAAAAAAAAAAAAAAAAAAAAAAAAAAAAAAAAAAAAAAAAAAAAAAAAAAAAAAAAAAAAAAAAAAAAAAAAAAAAAAAAAAAAAAAAAAAAAAAAAAAAAAAAAAAAAAAAAAAAAAAAAAAAAAAAAAAAAAAAAAAAAAAAAAAAAAAAAAAAAAAAAAAAAAAAAAAAAAAAAAAAAAAAAAAAAAAAAAAAAAAAAAAAAAAAAAAAAAAAAAAAAAAAAAAAAAAAAAAAAAAAAAAAAAAAAAAAAAAAAAAAAAAAAAAAAAAAAAAAAAAAAAAAAAAAAAAAAAAAAAAAAAAAAAAAAAAAAAAAAAAAAAAAAAAAAAAAAAAAAAAAAAAAAAAAAAAAAAAAAAAAAAAAAAAAAAAAAAAAAAAAAAAAAAAAAAAAAAAAAAAAAAAAAAAAAAAAAAAAAAAAAAAAAAAAAAAAAAAAAAAAAAAAAAAAAAAAAAAAAAAAAAAAAAAAAAAAAAAAAAAAAAAAAAAAAAAAAAAAAAAAAAAAAAAAAAAAAAAAAAAAAAAAAAAAAAAAAAAAAAAAAAAAAAAAAAAAAAAAAAAAAAAAAAAAAAAAAAAAAAAAAAAAAAAAAAAAAAAAAAAAAAAAAAAAAAAAAAAAAAAAAAAAAAAAAAAAAAAAAAAAAAAAAAAAAAAAAAAAAAAAAAAAAAAAAAAAAAAAAAAAAAAAAAAAAAAAAAAAAAAAAAAAAAAAAAAAAAAAAAAAAAAAAAAAAAAAAAAAAAAAAAAAAAAAAAAAAAAAAAAAAAAAAAAAAAAAAAAAAAAAAAAAAAAAAAAAAAAAAAAAAAAAAAAAAAAAAAAAAAAAAAAAAAAAAAAAAAAAAAAAAAAAAAAAAAAAAAAAAAAAAAAAAAAAAAAAAAAAAAAAAAAAAAAAAAAAAAAAAAAAAAAAAAAAAAAAAAAAAAAAAAAAAAAAAAAAAAAAAAAAAAAAAAAAAAAAAAAAAAAAAAAAAAAAAAAAAAAAAAAAAAAAAAAAAAAAAAAAAAAAAAAAAAAAAAAAAAAAAAAAAAAAAAAAAAAAAAAAAAAAAAAAAAAAAAAAAAAAAAAAAAAAAAAAAAAAAAAAAAAAAAAAAAAAAAAAAAAAAAAAAAAAAAAAAAAAAAAAAAAAAAAAAAAAAAAAAAAAAAAAAAAAAAAAAAAAAAAAAAAAAAAAAAAAAAAAAAAAAAAAAAAAAAAAAAAAAAAAAAAAAAAAAAAAAAAAAAAAAAAAAAAAAAAAAAAAAAAAAAAAAAAAAAAAAAAAAAAAAAAAAAAAAAAAAAAAAAAAAAAAAAAAAAAAAAAAAAAAAAAAAAAAAAAAAAAAAAAAAAAAAAAAAAAAAAAAAAAAAAAAAAAAAAAAAAAAAAAAAAAAAAAAAAAAAAAAAAAAAAAAAAAAAAAAAAAAAAAAAAAAAAAAAAAAAAAAAAAAAAAAAAAAAAAAAAAAAAAAAAAAAAAAAAAAAAAAAAAAAAAAAAAAAAAAAAAAAAAAAAAAAAAAAAAAAAAAAAAAAAAAAAAAAAAAAAAAAAAAAAAAAAAAAAAAAAAAAAAAAAAAAAAAAAAAAAAAAAAAAAAAAAAAAAAAAAAAAAAAAAAAAAAAAAAAAAAAAAAAAAAAAAAAAAAAAAAAAAAAAAAAAAAAAAAAAAAAAAAAAAAAAAAAAAAAAAAAAAAAAAAAAAAAAAAAAAAAAAAAAAAAAAAAAAAAAAAAAAAAAAAAAAAAAAAAAAAAAAAAAAAAAAAAAAAAAAAAAAAAAAAAAAAAAAAAAAAAAAAAAAAAAAAAAAAAAAAAAAAAAAAAAAAAAAAAAAAAAAAAAAAAAAAAAAAAAAAAAAAAAAAAAAAAAAAAAAAAAAAAAAAAAAAAAAAAAAAAAAAAAAAAAAAAAAAAAAAAAAAAAAAAAAAAAAAAAAAAAAAAAAAAAAAAAAAAAAAAAAAAAAAAAAAAAAAAAAAAAAAAAAAAAAAAAAAAAAAAAAAAAAAAAAAAAAAAAAAAAAAAAAAAAAAAAAAAAAAAAAAAAAAAAAAAAAAAAAAAAAAAAAAAAAAAAAAAAAAAAAAAAAAAAAAAAAAAAAAAAAAAAAAAAAAAAAAAAAAAAAAAAAAAAAAAAAAAAAAAAAAAAAAAAAAAAAAAAAAAAAAAAAAAAAAAAAAAAAAAAAAAAAAAAAAAAAAAAAAAAAAAAAAAAAAAAAAAAAAAAAAAAAAAAAAAAAAAAAAAAAAAAAAAAAAAAAAAAAAAAAAAAAAAAAAAAAAAAAAAAAAAAAAAAAAAAAAAAAAAAAAAAAAAAAAAAAAAAAAAAAAAAAAAAAAAAAAAAAAAAAAAAAAAAAAAAAAAAAAAAAAAAAAAAAAAAAAAAAAAAAAAAAAAAAAAAAAAAAAAAAAAAAAAAAAAAAAAAAAAAAAAAAAAAAAAAAAAAAAAAAAAAAAAAAAAAAAAAAAAAAAAAAAAAAAAAAAAAAAAAAAAAAAAAAAAAAAAAAAAAAAAAAAAAAAAAAAAAAAAAAAAAAAAAAAAAAAAAAAAAAAAAAAAAAAAAAAAAAAAAAAAAAAAAAAAAAAAAAAAAAAAAAAAAAAAAAAAAAAAAAAAAAAAAAAAAAAAAAAAAAAAAAAAAAAAAAAAAAAAAAAAAAAAAAAAAAAAAAAAAAAAAAAAAAAAAAAAAAAAAAAAAAAAAAAAAAAAAAAAAAAAAAAAAAAAAAAAAAAAAAAAAAAAAAAAAAAAAAAAAAAAAAAAAAAAAAAAAAAAAAAAAAAAAAAAAAAAAAAAAAAAAAAAAAAAAAAAAAAAAAAAAAAAAAAAAAAAAAAAAAAAAAAAAAAAAAAAAAAAAAAAAAAAAAAAAAAAAAAAAAAAAAAAAAAAAAAAAAAAAAAAAAAAAAAAAAAAAAAAAAAAAAAAAAAAAAAAAAAAAAAAAAAAAAAAAAAAAAAAAAAAAAAAAAAAAAAAAAAAAAAAAAAAAAAAAAAAAAAAAAAAAAAAAAAAAAAAAAAAAAAAAAAAAAAAAAAAAAAAAAAAAAAAAAAAAAAAAAAAAAAAAAAAAAAAAAAAAAAAAAAAAAAAAAAAAAAAAAAAAAAAAAAAAAAAAAAAAAAAAAAAAAAAAAAAAAAAAAAAAAAAAAAAAAAAAAAAAAAAAAAAAAAAAAAAAAAAAAAAAAAAAAAAAAAAAAAAAAAAAAAAAAAAAAAAAAAAAAAAAAAAAAAAAAAAAAAAAAAAAAAAAAAAAAAAAAAAAAAAAAAAAAAAAAAAAAAAAAAAAAAAAAAAAAAAAAAAAAAAAAAAAAAAAAAAAAAAAAAAAAAAAAAAAAAAAAAAAAAAAAAAAAAAAAAAAAAAAAAAAAAAAAAAAAAAAAAAAAAAAAAAAAAAAAAAAAAAAAAAAAAAAAAAAAAAAAAAAAAAAAAAAAAAAAAAAAAAAAAAAAAAAAAAAAAAAAAAAAAAAAAAAAAAAAAAAAAAAAAAAAAAAAAAAAAAAAAAAAAAAAAAAAAAAAAAAAAAAAAAAAAAAAAAAAAAAAAAAAAAAAAAAAAAAAAAAAAAAAAAAAAAAAAAAAAAAAAAAAAAAAAAAAAAAAAAAAAAAAAAAAAAAAAAAAAAAAAAAAAAAAAAAAAAAAAAAAAAAAAAAAAAAAAAAAAAAAAAAAAAAAAAAAAAAAAAAAAAAAAAAAAAAAAAAAAAAAAAAAAAAAAAAAAAAAAAAAAAAAAAAAAAAAAAAAAAAAAAAAAAAAAAAAAAAAAAAAAAAAAAAAAAAAAAAAAAAAAAAAAAAAAAAAAAAAAAAAAAAAAAAAAAAAAAAAAAAAAAAAAAAAAAAAAAAAAAAAAAAAAAAAAAAAAAAAAAAAAAAAAAAAAAAAAAAAAAAAAAAAAAAAAAAAAAAAAAAAAAAAAAAAAAAAAAAAAAAAAAAAAAAAAAAAAAAAAAAAAAAAAAAAAAAAAAAAAAAAAAAAAAAAAAAAAAAAAAAAAAAAAAAAAAAAAAAAAAAAAAAAAAAAAAAAAAAAAAAAAAAAAAAAAAAAAAAAAAAAAAAAAAAAAAAAAAAAAAAAAAAAAAAAAAAAAAAAAAAAAAAAAAAAAAAAAAAAAAAAAAAAAAAAAAAAAAAAAAAAAAAAAAAAAAAAAAAAAAAAAAAAAAAAAAAAAAAAAAAAAAAAAAAAAAAAAAAAAAAAAAAAAAAAAAAAAAAAAAAAAAAAAAAAAAAAAAAAAAAAAAAAAAAAAAAAAAAAAAAAAAAAAAAAAAAAAAAAAAAAAAAAAAAAAAAAAAAAAAAAAAAAAAAAAAAAAAAAAAAAAAAAAAAAAAAAAAAAAAAAAAAAAAAAAAAAAAAAAAAAAAAAAAAAAAAAAAAAAAAAAAAAAAAAAAAAAAAAAAAAAAAAAAAAAAAAAAAAAAAAAAAAAAAAAAAAAAAAAAAAAAAAAAAAAAAAAAAAAAAAAAAAAAAAAAAAAAAAAAAAAAAAAAAAAAAAAAAAAAAAAAAAAAAAAAAAAAAAAAAAAAAAAAAAAAAAAAAAAAAAAAAAAAAAAAAAAAAAAAAAAAAAAAAAAAAAAAAAAAAAAAAAAAAAAAAAAAAAAAAAAAAAAAAAAAAAAAAAAAAAAAAAAAAAAAAAAAAAAAAAAAAAAAAAAAAAAAAAAAAAAAAAAAAAAAAAAAAAAAAAAAAAAAAAAAAAAAAAAAAAAAAAAAAAAAAAAAAAAAAAAAAAAAAAAAAAAAAAAAAAAAAAAAAAAAAAAAAAAAAAAAAAAAAAAAAAAAAAAAAAAAAAAAAAAAAAAAAAAAAAAAAAAAAAAAAAAAAAAAAAAAAAAAAAAAAAAAAAAAAAAAAAAAAAAAAAAAAAAAAAAAAAAAAAAAAAAAAAAAAAAAAAAAAAAAAAAAAAAAAAAAAAAAAAAAAAAAAAAAAAAAAAAAAAAAAAAAAAAAAAAAAAAAAAAAAAAAAAAAAAAAAAAAAAAAAAAAAAAAAAAAAAAAAAAAAAAAAAAAAAAAAAAAAAAAAAAAAAAAAAAAAAAAAAAAAAAAAAAAAAAAAAAAAAAAAAAAAAAAAAAAAAAAAAAAAAAAAAAAAAAAAAAAAAAAAAAAAAAAAAAAAAAAAAAAAAAAAAAAAAAAAAAAAAAAAAAAAAAAAAAAAAAAAAAAAAAAAAAAAAAAAAAAAAAAAAAAAAAAAAAAAAAAAAAAAAAAAAAAAAAAAAAAAAAAAAAAAAAAAAAAAAAAAAAAAAAAAAAAAAAAAAAAAAAAAAAAAAAAAAAAAAAAAAAAAAAAAAAAAAAAAAAAAAAAAAAAAAAAAAAAAAAAAAAAAAAAAAAAAAAAAAAAAAAAAAAAAAAAAAAAAAAAAAAAAAAAAAAAAAAAAAAAAAAAAAAAAAAAAAAAAAAAAAAAAAAAAAAAAAAAAAAAAAAAAAAAAAAAAAAAAAAAAAAAAAAAAAAAAAAAAAAAAAAAAAAAAAAAAAAAAAAAAAAAAAAAAAAAAAAAAAAAAAAAAAAAAAAAAAAAAAAAAAAAAAAAAAAAAAAAAAAAAAAAAAAAAAAAAAAAAAAAAAAAAAAAAAAAAAAAAAAAAAAAAAAAAAAAAAAAAAAAAAAAAAAAAAAAAAAAAAAAAAAAAAAAAAAAAAAAAAAAAAAAAAAAAAAAAAAAAAAAAAAAAAAAAAAAAAAAAAAAAAAAAAAAAAAAAAAAAAAAAAAAAAAAAAAAAAAAAAAAAAAAAAAAAAAAAAAAAAAAAAAAAAAAAAAAAAAAAAAAAAAAAAAAAAAAAAAAAAAAAAAAAAAAAAAAAAAAAAAAAAAAAAAAAAAAAAAAAAAAAAAAAAAAAAAAAAAAAAAAAAAAAAAAAAAAAAAAAAAAAAAAAAAAAAAAAAAAAAAAAAAAAAAAAAAAAAAAAAAAAAAAAAAAAAAAAAAAAAAAAAAAAAAAAAAAAAAAAAAAAAAAAAAAAAAAAAAAAAAAAAAAAAAAAAAAAAAAAAAAAAAAAAAAAAAAAAAAAAAAAAAAAAAAAAAAAAAAAAAAAAAAAAAAAAAAAAAAAAAAAAAAAAAAAAAAAAAAAAAAAAAAAAAAAAAAAAAAAAAAAAAAAAAAAAAAAAAAAAAAAAAAAAAAAAAAAAAAAAAAAAAAAAAAAAAAAAAAAAAAAAAAAAAAAAAAAAAAAAAAAAAAAAAAAAAAAAAAAAAAAAAAAAAAAAAAAAAAAAAAAAAAAAAAAAAAAAAAAAAAAAAAAAAAAAAAAAAAAAAAAAAAAAAAAAAAAAAAAAAAAAAAAAAAAAAAAAAAAAAAAAAAAAAAAAAAAAAAAAAAAAAAAAAAAAAAAAAAAAAAAAAAAAAAAAAAAAAAAAAAAAAAAAAAAAAAAAAAAAAAAAAAAAAAAAAAAAAAAAAAAAAAAAAAAAAAAAAAAAAAAAAAAAAAAAAAAAAAAAAAAAAAAAAAAAAAAAAAAAAAAAAAAAAAAAAAAAAAAAAAAAAAAAAAAAAAAAAAAAAAAAAAAAAAAAAAAAAAAAAAAAAAAAAAAAAAAAAAAAAAAAAAAAAAAAAAAAAAAAAAAAAAAAAAAAAAAAAAAAAAAAAAAAAAAAAAAAAAAAAAAAAAAAAAAAAAAAAAAAAAAAAAAAAAAAAAAAAAAAAAAAAAAAAAAAAAAAAAAAAAAAAAAAAAAAAAAAAAAAAAAAAAAAAAAAAAAAAAAAAAAAAAAAAAAAAAAAAAAAAAAAAAAAAAAAAAAAAAAAAAAAAAAAAAAAAAAAAAAAAAAAAAAAAAAAAAAAAAAAAAAAAAAAAAAAAAAAAAAAAAAAAAAAAAAAAAAAAAAAAAAAAAAAAAAAAAAAAAAAAAAAAAAAAAAAAAAAAAAAAAAAAAAAAAAAAAAAAAAAAAAAAAAAAAAAAAAAAAAAAAAAAAAAAAAAAAAAAAAAAAAAAAAAAAAAAAAAAAAAAAAAAAAAAAAAAAAAAAAAAAAAAAAAAAAAAAAAAAAAAAAAAAAAAAAAAAAAAAAAAAAAAAAAAAAAAAAAAAAAAAAAAAAAAAAAAAAAAAAAAAAAAAAAAAAAAAAAAAAAAAAAAAAAAAAAAAAAAAAAAAAAAAAAAAAAAAAAAAAAAAAAAAAAAAAAAAAAAAAAAAAAAAAAAAAAAAAAAAAAAAAAAAAAAAAAAAAAAAAAAAAAAAAAAAAAAAAAAAAAAAAAAAAAAAAAAAAAAAAAAAAAAAAAAAAAAAAAAAAAAAAAAAAAAAAAAAAAAAAAAAAAAAAAAAAAAAAAAAAAAAAAAAAAAAAAAAAAAAAAAAAAAAAAAAAAAAAAAAAAAAAAAAAAAAAAAAAAAAAAAAAAAAAAAAAAAAAAAAAAAAAAAAAAAAAAAAAAAAAAAAAAAAAAAAAAAAAAAAAAAAAAAAAAAAAAAAAAAAAAAAAAAAAAAAAAAAAAAAAAAAAAAAAAAAAAAAAAAAAAAAAAAAAAAAAAAAAAAAAAAAAAAAAAAAAAAAAAAAAAAAAAAAAAAAAAAAAAAAAAAAAAAAAAAAAAAAAAAAAAAAAAAAAAAAAAAAAAAAAAAAAAAAAAAAAAAAAAAAAAAAAAAAAAAAAAAAAAAAAAAAAAAAAAAAAAAAAAAAAAAAAAAAAAAAAAAAAAAAAAAAAAAAAAAAAAAAAAAAAAAAAAAAAAAAAAAAAAAAAAAAAAAAAAAAAAAAAAAAAAAAAAAAAAAAAAAAAAAAAAAAAAAAAAAAAAAAAAAAAAAAAAAAAAAAAAAAAAAAAAAAAAAAAAAAAAAAAAAAAAAAAAAAAAAAAAAAAAAAAAAAAAAAAAAAAAAAAAAAAAAAAAAAAAAAAAAAAAAAAAAAAAAAAAAAAAAAAAAAAAAAAAAAAAAAAAAAAAAAAAAAAAAAAAAAAAAAAAAAAAAAAAAAAAAAAAAAAAAAAAAAAAAAAAAAAAAAAAAAAAAAAAAAAAAAAAAAAAAAAAAAAAAAAAAAAAAAAAAAAAAAAAAAAAAAAAAAAAAAAAAAAAAAAAAAAAAAAAAAAAAAAAAAAAAAAAAAAAAAAAAAAAAAAAAAAAAAAAAAAAAAAAAAAAAAAAAAAAAAAAAAAAAAAAAAAAAAAAAAAAAAAAAAAAAAAAAAAAAAAAAAAAAAAAAAAAAAAAAAAAAAAAAAAAAAAAAAAAAAAAAAAAAAAAAAAAAAAAAAAAAAAAAAAAAAAAAAAAAAAAAAAAAAAAAAAAAAAAAAAAAAAAAAAAAAAAAAAAAAAAAAAAAAAAAAAAAAAAAAAAAAAAAAAAAAAAAAAAAAAAAAAAAAAAAAAAAAAAAAAAAAAAAAAAAAAAAAAAAAAAAAAAAAAAAAAAAAAAAAAAAAAAAAAAAAAAAAAAAAAAAAAAAAAAAAAAAAAAAAAAAAAAAAAAAAAAAAAAAAAAAAAAAAAAAAAAAAAAAAAAAAAAAAAAAAAAAAAAAAAAAAAAAAAAAAAAAAAAAAAAAAAAAAAAAAAAAAAAAAAAAAAAAAAAAAAAAAAAAAAAAAAAAAAAAAAAAAAAAAAAAAAAAAAAAAAAAAAAAAAAAAAAAAAAAAAAAAAAAAAAAAAAAAAAAAAAAAAAAAAAAAAAAAAAAAAAAAAAAAAAAAAAAAAAAAAAAAAAAAAAAAAAAAAAAAAAAAAAAAAAAAAAAAAAAAAAAAAAAAAAAAAAAAAAAAAAAAAAAAAAAAAAAAAAAAAAAAAAAAAAAAAAAAAAAAAAAAAAAAAAAAAAAAAAAAAAAAAAAAAAAAAAAAAAAAAAAAAAAAAAAAAAAAAAAAAAAAAAAAAAAAAAAAAAAAAAAAAAAAAAAAAAAAAAAAAAAAAAAAAAAAAAAAAAAAAAAAAAAAAAAAAAAAAAAAAAAAAAAAAAAAAAAAAAAAAAAAAAAAAAAAAAAAAAAAAAAAAAAAAAAAAAAAAAAAAAAAAAAAAAAAAAAAAAAAAAAAAAAAAAAAAAAAAAAAAAAAAAAAAAAAAAAAAAAAAAAAAAAAAAAAAAAAAAAAAAAAAAAAAAAAAAAAAAAAAAAAAAAAAAAAAAAAAAAAAAAAAAAAAAAAAAAAAAAAAAAAAAAAAAAAAAAAAAAAAAAAAAAAAAAAAAAAAAAAAAAAAAAAAAAAAAAAAAAAAAAAAAAAAAAAAAAAAAAAAAAAAAAAAAAAAAAAAAAAAAAAAAAAAAAAAAAAAAAAAAAAAAAAAAAAAAAAAAAAAAAAAAAAAAAAAAAAAAAAAAAAAAAAAAAAAAAAAAAAAAAAAAAAAAAAAAAAAAAAAAAAAAAAAAAAAAAAAAAAAAAAAAAAAAAAAAAAAAAAAAAAAAAAAAAAAAAAAAAAAAAAAAAAAAAAAAAAAAAAAAAAAAAAAAAAAAAAAAAAAAAAAAAAAAAAAAAAAAAAAAAAAAAAAAAAAAAAAAAAAAAAAAAAAAAAAAAAAAAAAAAAAAAAAAAAAAAAAAAAAAAAAAAAAAAAAAAAAAAAAAAAAAAAAAAAAAAAAAAAAAAAAAAAAAAAAAAAAAAAAAAAAAAAAAAAAAAAAAAAAAAAAAAAAAAAAAAAAAAAAAAAAAAAAAAAAAAAAAAAAAAAAAAAAAAAAAAAAAAAAAAAAAAAAAAAAAAAAAAAAAAAAAAAAAAAAAAAAAAAAAAAAAAAAAAAAAAAAAAAAAAAAAAAAAAAAAAAAAAAAAAAAAAAAAAAAAAAAAAAAAAAAAAAAAAAAAAAAAAAAAAAAAAAAAAAAAAAAAAAAAAAAAAAAAAAAAAAAAAAAAAAAAAAAAAAAAAAAAAAAAAAAAAAAAAAAAAAAAAAAAAAAAAAAAAAAAAAAAAAAAAAAAAAAAAAAAAAAAAAAAAAAAAAAAAAAAAAAAAAAAAAAAAAAAAAAAAAAAAAAAAAAAAAAAAAAAAAAAAAAAAAAAAAAAAAAAAAAAAAAAAAAAAAAAAAAAAAAAAAAAAAAAAAAAAAAAAAAAAAAAAAAAAAAAAAAAAAAAAAAAAAAAAAAAAAAAAAAAAAAAAAAAAAAAAAAAAAAAAAAAAAAAAAAAAAAAAAAAAAAAAAAAAAAAAAAAAAAAAAAAAAAAAAAAAAAAAAAAAAAAAAAAAAAAAAAAAAAAAAAAAAAAAAAAAAAAAAAAAAAAAAAAAAAAAAAAAAAAAAAAAAAAAAAAAAAAAAAAAAAAAAAAAAAAAAAAAAAAAAAAAAAAAAAAAAAAAAAAAAAAAAAAAAAAAAAAAAAAAAAAAAAAAAAAAAAAAAAAAAAAAAAAAAAAAAAAAAAAAAAAAAAAAAAAAAAAAAAAAAAAAAAAAAAAAAAAAAAAAAAAAAAAAAAAAAAAAAAAAAAAAAAAAAAAAAAAAAAAAAAAAAAAAAAAAAAAAAAAAAAAAAAAAAAAAAAAAAAAAAAAAAAAAAAAAAAAAAAAAAAAAAAAAAAAAAAAAAAAAAAAAAAAAAAAAAAAAAAAAAAAAAAAAAAAAAAAAAAAAAAAAAAAAAAAAAAAAAAAAAAAAAAAAAAAAAAAAAAAAAAAAAAAAAAAAAAAAAAAAAAAAAAAAAAAAAAAAAAAAAAAAAAAAAAAAAAAAAAAAAAAAAAAAAAAAAAAAAAAAAAAAAAAAAAAAAAAAAAAAAAAAAAAAAAAAAAAAAAAAAAAAAAAAAAAAAAAAAAAAAAAAAAAAAAAAAAAAAAAAAAAAAAAAAAAAAAAAAAAAAAAAAAAAAAAAAAAAAAAAAAAAAAAAAAAAAAAAAAAAAAAAAAAAAAAAAAAAAAAAAAAAAAAAAAAAAAAAAAAAAAAAAAAAAAAAAAAAAAAAAAAAAAAAAAAAAAAAAAAAAAAAAAAAAAAAAAAAAAAAAAAAAAAAAAAAAAAAAAAAAAAAAAAAAAAAAAAAAAAAAAAAAAAAAAAAAAAAAAAAAAAAAAAAAAAAAAAAAAAAAAAAAAAAAAAAAAAAAAAAAAAAAAAAAAAAAAAAAAAAAAAAAAAAAAAAAAAAAAAAAAAAAAAAAAAAAAAAAAAAAAAAAAAAAAAAAAAAAAAAAAAAAAAAAAAAAAAAAAAAAAAAAAAAAAAAAAAAAAAAAAAAAAAAAAAAAAAAAAAAAAAAAAAAAAAAAAAAAAAAAAAAAAAAAAAAAAAAAAAAAAAAAAAAAAAAAAAAAAAAAAAAAAAAAAAAAAAAAAAAAAAAAAAAAAAAAAAAAAAAAAAAAAAAAAAAAAAAAAAAAAAAAAAAAAAAAAAAAAAAAAAAAAAAAAAAAAAAAAAAAAAAAAAAAAAAAAAAAAAAAAAAAAAAAAAAAAAAAAAAAAAAAAAAAAAAAAAAAAAAAAAAAAAAAAAAAAAAAAAAAAAAAAAAAAAAAAAAAAAAAAAAAAAAAAAAAAAAAAAAAAAAAAAAAAAAAAAAAAAAAAAAAAAAAAAAAAAAAAAAAAAAAAAAAAAAAAAAAAAAAAAAAAAAAAAAAAAAAAAAAAAAAAAAAAAAAAAAAAAAAAAAAAAAAAAAAAAAAAAAAAAAAAAAAAAAAAAAAAAAAAAAAAAAAAAAAAAAAAAAAAAAAAAAAAAAAAAAAAAAAAAAAAAAAAAAAAAAAAAAAAAAAAAAAAAAAAAAAAAAAAAAAAAAAAAAAAAAAAAAAAAAAAAAAAAAAAAAAAAAAAAAAAAAAAAAAAAAAAAAAAAAAAAAAAAAAAAAAAAAAAAAAAAAAAAAAAAAAAAAAAAAAAAAAAAAAAAAAAAAAAAAAAAAAAAAAAAAAAAAAAAAAAAAAAAAAAAAAAAAAAAAAAAAAAAAAAAAAAAAAAAAAAAAAAAAAAAAAAAAAAAAAAAAAAAAAAAAAAAAAAAAAAAAAAAAAAAAAAAAAAAAAAAAAAAAAAAAAAAAAAAAAAAAAAAAAAAAAAAAAAAAAAAAAAAAAAAAAAAAAAAAAAAAAAAAAAAAAAAAAAAAAAAAAAAAAAAAAAAAAAAAAAAAAAAAAAAAAAAAAAAAAAAAAAAAAAAAAAAAAAAAAAAAAAAAAAAAAAAAAAAAAAAAAAAAAAAAAAAAAAAAAAAAAAAAAAAAAAAAAAAAAAAAAAAAAAAAAAAAAAAAAAAAAAAAAAAAAAAAAAAAAAAAAAAAAAAAAAAAAAAAAAAAAAAAAAAAAAAAAAAAAAAAAAAAAAAAAAAAAAAAAAAAAAAAAAAAAAAAAAAAAAAAAAAAAAAAAAAAAAAAAAAAAAAAAAAAAAAAAAAAAAAAAAAAAAAAAAAAAAAAAAAAAAAAAAAAAAAAAAAAAAAAAAAAAAAAAAAAAAAAAAAAAAAAAAAAAAAAAAAAAAAAAAAAAAAAAAAAAAAAAAAAAAAAAAAAAAAAAAAAAAAAAAAAAAAAAAAAAAAAAAAAAAAAAAAAAAAAAAAAAAAAAAAAAAAAAAAAAAAAAAAAAAAAAAAAAAAAAAAAAAAAAAAAAAAAAAAAAAAAAAAAAAAAAAAAAAAAAAAAAAAAAAAAAAAAAAAAAAAAAAAAAAAAAAAAAAAAAAAAAAAAAAAAAAAAAAAAAAAAAAAAAAAAAAAAAAAAAAAAAAAAAAAAAAAAAAAAAAAAAAAAAAAAAAAAAAAAAAAAAAAAAAAAAAAAAAAAAAAAAAAAAAAAAAAAAAAAAAAAAAAAAAAAAAAAAAAAAAAAAAAAAAAAAAAAAAAAAAAAAAAAAAAAAAAAAAAAAAAAAAAAAAAAAAAAAAAAAAAAAAAAAAAAAAAAAAAAAAAAAAAAAAAAAAAAAAAAAAAAAAAAAAAAAAAAAAAAAAAAAAAAAAAAAAAAAAAAAAAAAAAAAAAAAAAAAAAAAAAAAAAAAAAAAAAAAAAAAAAAAAAAAAAAAAAAAAAAAAAAAAAAAAAAAAAAAAAAAAAAAAAAAAAAAAAAAAAAAAAAAAAAAAAAAAAAAAAAAAAAAAAAAAAAAAAAAAAAAAAAAAAAAAAAAAAAAAAAAAAAAAAAAAAAAAAAAAAAAAAAAAAAAAAAAAAAAAAAAAAAAAAAAAAAAAAAAAAAAAAAAAAAAAAAAAAAAAAAAAAAAAAAAAAAAAAAAAAAAAAAAAAAAAAAAAAAAAAAAAAAAAAAAAAAAAAAAAAAAAAAAAAAAAAAAAAAAAAAAAAAAAAAAAAAAAAAAAAAAAAAAAAAAAAAAAAAAAAAAAAAAAAAAAAAAAAAAAAAAAAAAAAAAAAAAAAAAAAAAAAAAAAAAAAAAAAAAAAAAAAAAAAAAAAAAAAAAAAAAAAAAAAAAAAAAAAAAAAAAAAAAAAAAAAAAAAAAAAAAAAAAAAAAAAAAAAAAAAAAAAAAAAAAAAAAAAAAAAAAAAAAAAAAAAAAAAAAAAAAAAAAAAAAAAAAAAAAAAAAAAAAAAAAAAAAAAAAAAAAAAAAAAAAAAAAAAAAAAAAAAAAAAAAAAAAAAAAAAAAAAAAAAAAAAAAAAAAAAAAAAAAAAAAAAAAAAAAAAAAAAAAAAAAAAAAAAAAAAAAAAAAAAAAAAAAAAAAAAAAAAAAAAAAAAAAAAAAAAAAAAAAAAAAAAAAAAAAAAAAAAAAAAAAAAAAAAAAAAAAAAAAAAAAAAAAAAAAAAAAAAAAAAAAAAAAAAAAAAAAAAAAAAAAAAAAAAAAAAAAAAAAAAAAAAAAAAAAAAAAAAAAAAAAAAAAAAAAAAAAAAAAAAAAAAAAAAAAAAAAAAAAAAAAAAAAAAAAAAAAAAAAAAAAAAAAAAAAAAAAAAAAAAAAAAAAAAAAAAAAAAAAAAAAAAAAAAAAAAAAAAAAAAAAAAAAAAAAAAAAAAAAAAAAAAAAAAAAAAAAAAAAAAAAAAAAAAAAAAAAAAAAAAAAAAAAAAAAAAAAAAAAAAAAAAAAAAAAAAAAAAAAAAAAAAAAAAAAAAAAAAAAAAAAAAAAAAAAAAAAAAAAAAAAAAAAAAAAAAAAAAAAAAAAAAAAAAAAAAAAAAAAAAAAAAAAAAAAAAAAAAAAAAAAAAAAAAAAAAAAAAAAAAAAAAAAAAAAAAAAAAAAAAAAAAAAAAAAAAAAAAAAAAAAAAAAAAAAAAAAAAAAAAAAAAAAAAAAAAAAAAAAAAAAAAAAAAAAAAAAAAAAAAAAAAAAAAAAAAAAAAAAAAAAAAAAAAAAAAAAAAAAAAAAAAAAAAAAAAAAAAAAAAAAAAAAAAAAAAAAAAAAAAAAAAAAAAAAAAAAAAAAAAAAAAAAAAAAAAAAAAAAAAAAAAAAAAAAAAAAAAAAAAAAAAAAAAAAAAAAAAAAAAAAAAAAAAAAAAAAAAAAAAAAAAAAAAAAAAAAAAAAAAAAAAAAAAAAAAAAAAAAAAAAAAAAAAAAAAAAAAAAAAAAAAAAAAAAAAAAAAAAAAAAAAAAAAAAAAAAAAAAAAAAAAAAAAAAAAAAAAAAAAAAAAAAAAAAAAAAAAAAAAAAAAAAAAAAAAAAAAAAAAAAAAAAAAAAAAAAAAAAAAAAAAAAAAAAAAAAAAAAAAAAAAAAAAAAAAAAAAAAAAAAAAAAAAAAAAAAAAAAAAAAAAAAAAAAAAAAAAAAAAAAAAAAAAAAAAAAAAAAAAAAAAAAAAAAAAAAAAAAAAAAAAAAAAAAAAAAAAAAAAAAAAAAAAAAAAAAAAAAAAAAAAAAAAAAAAAAAAAAAAAAAAAAAAAAAAAAAAAAAAAAAAAAAAAAAAAAAAAAAAAAAAAAAAAAAAAAAAAAAAAAAAAAAAAAAAAAAAAAAAAAAAAAAAAAAAAAAAAAAAAAAAAAAAAAAAAAAAAAAAAAAAAAAAAAAAAAAAAAAAAAAAAAAAAAAAAAAAAAAAAAAAAAAAAAAAAAAAAAAAAAAAAAAAAAAAAAAAAAAAAAAAAAAAAAAAAAAAAAAAAAAAAAAAAAAAAAAAAAAAAAAAAAAAAAAAAAAAAAAAAAAAAAAAAAAAAAAAAAAAAAAAAAAAAAAAAAAAAAAAAAAAAAAAAAAAAAAAAAAAAAAAAAAAAAAAAAAAAAAAAAAAAAAAAAAAAAAAAAAAAAAAAAAAAAAAAAAAAAAAAAAAAAAAAAAAAAAAAAAAAAAAAAAAAAAAAAAAAAAAAAAAAAAAAAAAAAAAAAAAAAAAAAAAAAAAAAAAAAAAAAAAAAAAAAAAAAAAAAAAAAAAAAAAAAAAAAAAAAAAAAAAAAAAAAAAAAAAAAAAAAAAAAAAAAAAAAAAAAAAAAAAAAAAAAAAAAAAAAAAAAAAAAAAAAAAAAAAAAAAAAAAAAAAAAAAAAAAAAAAAAAAAAAAAAAAAAAAAAAAAAAAAAAAAAAAAAAAAAAAAAAAAAAAAAAAAAAAAAAAAAAAAAAAAAAAAAAAAAAAAAAAAAAAAAAAAAAAAAAAAAAAAAAAAAAAAAAAAAAAAAAAAAAAAAAAAAAAAAAAAAAAAAAAAAAAAAAAAAAAAAAAAAAAAAAAAAAAAAAAAAAAAAAAAAAAAAAAAAAAAAAAAAAAAAAAAAAAAAAAAAAAAAAAAAAAAAAAAAAAAAAAAAAAAAAAAAAAAAAAAAAAAAAAAAAAAAAAAAAAAAAAAAAAAAAAAAAAAAAAAAAAAAAAAAAAAAAAAAAAAAAAAAAAAAAAAAAAAAAAAAAAAAAAAAAAAAAAAAAAAAAAAAAAAAAAAAAAAAAAAAAAAAAAAAAAAAAAAAAAAAAAAAAAAAAAAAAAAAAAAAAAAAAAAAAAAAAAAAAAAAAAAAAAAAAAAAAAAAAAAAAAAAAAAAAAAAAAAAAAAAAAAAAAAAAAAAAAAAAAAAAAAAAAAAAAAAAAAAAAAAAAAAAAAAAAAAAAAAAAAAAAAAAAAAAAAAAAAAAAAAAAAAAAAAAAAAAAAAAAAAAAAAAAAAAAAAAAAAAAAAAAAAAAAAAAAAAAAAAAAAAAAAAAAAAAAAAAAAAAAAAAAAAAAAAAAAAAAAAAAAAAAAAAAAAAAAAAAAAAAAAAAAAAAAAAAAAAAAAAAAAAAAAAAAAAAAAAAAAAAAAAAAAAAAAAAAAAAAAAAAAAAAAAAAAAAAAAAAAAAAAAAAAAAAAAAAAAAAAAAAAAAAAAAAAAAAAAAAAAAAAAAAAAAAAAAAAAAAAAAAAAAAAAAAAAAAAAAAAAAAAAAAAAAAAAAAAAAAAAAAAAAAAAAAAAAAAAAAAAAAAAAAAAAAAAAAAAAAAAAAAAAAAAAAAAAAAAAAAAAAAAAAAAAAAAAAAAAAAAAAAAAAAAAAAAAAAAAAAAAAAAAAAAAAAAAAAAAAAAAAAAAAAAAAAAAAAAAAAAAAAAAAAAAAAAAAAAAAAAAAAAAAAAAAAAAAAAAAAAAAAAAAAAAAAAAAAAAAAAAAAAAAAAAAAAAAAAAAAAAAAAAAAAAAAAAAAAAAAAAAAAAAAAAAAAAAAAAAAAAAAAAAAAAAAAAAAAAAAAAAAAAAAAAAAAAAAAAAAAAAAAAAAAAAAAAAAAAAAAAAAAAAAAAAAAAAAAAAAAAAAAAAAAAAAAAAAAAAAAAAAAAAAAAAAAAAAAAAAAAAAAAAAAAAAAAAAAAAAAAAAAAAAAAAAAAAAAAAAAAAAAAAAAAAAAAAAAAAAAAAAAAAAAAAAAAAAAAAAAAAAAAAAAAAAAAAAAAAAAAAAAAAAAAAAAAAAAAAAAAAAAAAAAAAAAAAAAAAAAAAAAAAAAAAAAAAAAAAAAAAAAAAAAAAAAAAAAAAAAAAAAAAAAAAAAAAAAAAAAAAAAAAAAAAAAAAAAAAAAAAAAAAAAAAAAAAAAAAAAAAAAAAAAAAAAAAAAAAAAAAAAAAAAAAAAAAAAAAAAAAAAAAAAAAAAAAAAAAAAAAAAAAAAAAAAAAAAAAAAAAAAAAAAAAAAAAAAAAAAAAAAAAAAAAAAAAAAAAAAAAAAAAAAAAAAAAAAAAAAAAAAAAAAAAAAAAAAAAAAAAAAAAAAAAAAAAAAAAAAAAAAAAAAAAAAAAAAAAAAAAAAAAAAAAAAAAAAAAAAAAAAAAAAAAAAAAAAAAAAAAAAAAAAAAAAAAAAAAAAAAAAAAAAAAAAAAAAAAAAAAAAAAAAAAAAAAAAAAAAAAAAAAAAAAAAAAAAAAAAAAAAAAAAAAAAAAAAAAAAAAAAAAAAAAAAAAAAAAAAAAAAAAAAAAAAAAAAAAAAAAAAAAAAAAAAAAAAAAAAAAAAAAAAAAAAAAAAAAAAAAAAAAAAAAAAAAAAAAAAAAAAAAAAAAAAAAAAAAAAAAAAAAAAAAAAAAAAAAAAAAAAAAAAAAAAAAAAAAAAAAAAAAAAAAAAAAAAAAAAAAAAAAAAAAAAAAAAAAAAAAAAAAAAAAAAAAAAAAAAAAAAAAAAAAAAAAAAAAAAAAAAAAAAAAAAAAAAAAAAAAAAAAAAAAAAAAAAAAAAAAAAAAAAAAAAAAAAAAAAAAAAAAAAAAAAAAAAAAAAAAAAAAAAAAAAAAAAAAAAAAAAAAAAAAAAAAAAAAAAAAAAAAAAAAAAAAAAAAAAAAAAAAAAAAAAAAAAAAAAAAAAAAAAAAAAAAAAAAAAAAAAAAAAAAAAAAAAAAAAAAAAAAAAAAAAAAAAAAAAAAAAAAAAAAAAAAAAAAAAAAAAAAAAAAAAAAAAAAAAAAAAAAAAAAAAAAAAAAAAAAAAAAAAAAAAAAAAAAAAAAAAAAAAAAAAAAAAAAAAAAAAAAAAAAAAAAAAAAAAAAAAAAAAAAAAAAAAAAAAAAAAAAAAAAAAAAAAAAAAAAAAAAAAAAAAAAAAAAAAAAAAAAAAAAAAAAAAAAAAAAAAAAAAAAAAAAAAAAAAAAAAAAAAAAAAAAAAAAAAAAAAAAAAAAAAAAAAAAAAAAAAAAAAAAAAAAAAAAAAAAAAAAAAAAAAAAAAAAAAAAAAAAAAAAAAAAAAAAAAAAAAAAAAAAAAAAAAAAAAAAAAAAAAAAAAAAAAAAAAAAAAAAAAAAAAAAAAAAAAAAAAAAAAAAAAAAAAAAAAAAAAAAAAAAAAAAAAAAAAAAAAAAAAAAAAAAAAAAAAAAAAAAAAAAAAAAAAAAAAAAAAAAAAAAAAAAAAAAAAAAAAAAAAAAAAAAAAAAAAAAAAAAAAAAAAAAAAAAAAAAAAAAAAAAAAAAAAAAAAAAAAAAAAAAAAAAAAAAAAAAAAAAAAAAAAAAAAAAAAAAAAAAAAAAAAAAAAAAAAAAAAAAAAAAAAAAAAAAAAAAAAAAAAAAAAAAAAAAAAAAAAAAAAAAAAAAAAAAAAAAAAAAAAAAAAAAAAAAAAAAAAAAAAAAAAAAAAAAAAAAAAAAAAAAAAAAAAAAAAAAAAAAAAAAAAAAAAAAAAAAAAAAAAAAAAAAAAAAAAAAAAAAAAAAAAAAAAAAAAAAAAAAAAAAAAAAAAAAAAAAAAAAAAAAAAAAAAAAAAAAAAAAAAAAAAAAAAAAAAAAAAAAAAAAAAAAAAAAAAAAAAAAAAAAAAAAAAAAAAAAAAAAAAAAAAAAAAAAAAAAAAAAAAAAAAAAAAAAAAAAAAAAAAAAAAAAAAAAAAAAAAAAAAAAAAAAAAAAAAAAAAAAAAAAAAAAAAAAAAAAAAAAAAAAAAAAAAAAAAAAAAAAAAAAAAAAAAAAAAAAAAAAAAAAAAAAAAAAAAAAAAAAAAAAAAAAAAAAAAAAAAAAAAAAAAAAAAAAAAAAAAAAAAAAAAAAAAAAAAAAAAAAAAAAAAAAAAAAAAAAAAAAAAAAAAAAAAAAAAAAAAAAAAAAAAAAAAAAAAAAAAAAAAAAAAAAAAAAAAAAAAAAAAAAAAAAAAAAAAAAAAAAAAAAAAAAAAAAAAAAAAAAAAAAAAAAAAAAAAAAAAAAAAAAAAAAAAAAAAAAAAAAAAAAAAAAAAAAAAAAAAAAAAAAAAAAAAAAAAAAAAAAAAAAAAAAAAAAAAAAAAAAAAAAAAAAAAAAAAAAAAAAAAAAAAAAAAAAAAAAAAAAAAAAAAAAAAAAAAAAAAAAAAAAAAAAAAAAAAAAAAAAAAAAAAAAAAAAAAAAAAAAAAAAAAAAAAAAAAAAAAAAAAAAAAAAAAAAAAAAAAAAAAAAAAAAAAAAAAAAAAAAAAAAAAAAAAAAAAAAAAAAAAAAAAAAAAAAAAAAAAAAAAAAAAAAAAAAAAAAAAAAAAAAAAAAAAAAAAAAAAAAAAAAAAAAAAAAAAAAAAAAAAAAAAAAAAAAAAAAAAAAAAAAAAAAAAAAAAAAAAAAAAAAAAAAAAAAAAAAAAAAAAAAAAAAAAAAAAAAAAAAAAAAAAAAAAAAAAAAAAAAAAAAAAAAAAAAAAAAAAAAAAAAAAAAAAAAAAAAAAAAAAAAAAAAAAAAAAAAAAAAAAAAAAAAAAAAAAAAAAAAAAAAAAAAAAAAAAAAAAAAAAAAAAAAAAAAAAAAAAAAAAAAAAAAAAAAAAAAAAAAAAAAAAAAAAAAAAAAAAAAAAAAAAAAAAAAAAAAAAAAAAAAAAAAAAAAAAAAAAAAAAAAAAAAAAAAAAAAAAAAAAAAAAAAAAAAAAAAAAAAAAAAAAAAAAAAAAAAAAAAAAAAAAAAAAAAAAAAAAAAAAAAAAAAAAAAAAAAAAAAAAAAAAAAAAAAAAAAAAAAAAAAAAAAAAAAAAAAAAAAAAAAAAAAAAAAAAAAAAAAAAAAAAAAAAAAAAAAAAAAAAAAAAAAAAAAAAAAAAAAAAAAAAAAAAAAAAAAAAAAAAAAAAAAAAAAAAAAAAAAAAAAAAAAAAAAAAAAAAAAAAAAAAAAAAAAAAAAAAAAAAAAAAAAAAAAAAAAAAAAAAAAAAAAAAAAAAAAAAAAAAAAAAAAAAAAAAAAAAAAAAAAAAAAAAAAAAAAAAAAAAAAAAAAAAAAAAAAAAAAAAAAAAAAAAAAAAAAAAAAAAAAAAAAAAAAAAAAAAAAAAAAAAAAAAAAAAAAAAAAAAAAAAAAAAAAAAAAAAAAAAAAAAAAAAAAAAAAAAAAAAAAAAAAAAAAAAAAAAAAAAAAAAAAAAAAAAAAAAAAAAAAAAAAAAAAAAAAAAAAAAAAAAAAAAAAAAAAAAAAAAAAAAAAAAAAAAAAAAAAAAAAAAAAAAAAAAAAAAAAAAAAAAAAAAAAAAAAAAAAAAAAAAAAAAAAAAAAAAAAAAAAAAAAAAAAAAAAAAAAAAAAAAAAAAAAAAAAAAAAAAAAAAAAAAAAAAAAAAAAAAAAAAAAAAAAAAAAAAAAAAAAAAAAAAAAAAAAAAAAAAAAAAAAAAAAAAAAAAAAAAAAAAAAAAAAAAAAAAAAAAAAAAAAAAAAAAAAAAAAAAAAAAAAAAAAAAAAAAAAAAAAAAAAAAAAAAAAAAAAAAAAAAAAAAAAAAAAAAAAAAAAAAAAAAAAAAAAAAAAAAAAAAAAAAAAAAAAAAAAAAAAAAAAAAAAAAAAAAAAAAAAAAAAAAAAAAAAAAAAAAAAAAAAAAAAAAAAAAAAAAAAAAAAAAAAAAAAAAAAAAAAAAAAAAAAAAAAAAAAAAAAAAAAAAAAAAAAAAAAAAAAAAAAAAAAAAAAAAAAAAAAAAAAAAAAAAAAAAAAAAAAAAAAAAAAAAAAAAAAAAAAAAAAAAAAAAAAAAAAAAAAAAAAAAAAAAAAAAAAAAAAAAAAAAAAAAAAAAAAAAAAAAAAAAAAAAAAAAAAAAAAAAAAAAAAAAAAAAAAAAAAAAAAAAAAAAAAAAAAAAAAAAAAAAAAAAAAAAAAAAAAAAAAAAAAAAAAAAAAAAAAAAAAAAAAAAAAAAAAAAAAAAAAAAAAAAAAAAAAAAAAAAAAAAAAAAAAAAAAAAAAAAAAAAAAAAAAAAAAAAAAAAAAAAAAAAAAAAAAAAAAAAAAAAAAAAAAAAAAAAAAAAAAAAAAAAAAAAAAAAAAAAAAAAAAAAAAAAAAAAAAAAAAAAAAAAAAAAAAAAAAAAAAAAAAAAAAAAAAAAAAAAAAAAAAAAAAAAAAAAAAAAAAAAAAAAAAAAAAAAAAAAAAAAAAAAAAAAAAAAAAAAAAAAAAAAAAAAAAAAAAAAAAAAAAAAAAAAAAAAAAAAAAAAAAAAAAAAAAAAAAAAAAAAAAAAAAAAAAAAAAAAAAAAAAAAAAAAAAAAAAAAAAAAAAAAAAAAAAAAAAAAAAAAAAAAAAAAAAAAAAAAAAAAAAAAAAAAAAAAAAAAAAAAAAAAAAAAAAAAAAAAAAAAAAAAAAAAAAAAAAAAAAAAAAAAAAAAAAAAAAAAAAAAAAAAAAAAAAAAAAAAAAAAAAAAAAAAAAAAAAAAAAAAAAAAAAAAAAAAAAAAAAAAAAAAAAAAAAAAAAAAAAAAAAAAAAAAAAAAAAAAAAAAAAAAAAAAAAAAAAAAAAAAAAAAAAAAAAAAAAAAAAAAAAAAAAAAAAAAAAAAAAAAAAAAAAAAAAAAAAAAAAAAAAAAAAAAAAAAAAAAAAAAAAAAAAAAAAAAAAAAAAAAAAAAAAAAAAAAAAAAAAAAAAAAAAAAAAAAAAAAAAAAAAAAAAAAAAAAAAAAAAAAAAAAAAAAAAAAAAAAAAAAAAAAAAAAAAAAAAAAAAAAAAAAAAAAAAAAAAAAAAAAAAAAAAAAAAAAAAAAAAAAAAAAAAAAAAAAAAAAAAAAAAAAAAAAAAAAAAAAAAAAAAAAAAAAAAAAAAAAAAAAAAAAAAAAAAAAAAAAAAAAAAAAAAAAAAAAAAAAAAAAAAAAAAAAAAAAAAAAAAAAAAAAAAAAAAAAAAAAAAAAAAAAAAAAAAAAAAAAAAAAAAAAAAAAAAAAAAAAAAAAAAAAAAAAAAAAAAAAAAAAAAAAAAAAAAAAAAAAAAAAAAAAAAAAAAAAAAAAAAAAAAAAAAAAAAAAAAAAAAAAAAAAAAAAAAAAAAAAAAAAAAAAAAAAAAAAAAAAAAAAAAAAAAAAAAAAAAAAAAAAAAAAAAAAAAAAAAAAAAAAAAAAAAAAAAAAAAAAAAAAAAAAAAAAAAAAAAAAAAAAAAAAAAAAAAAAAAAAAAAAAAAAAAAAAAAAAAAAAAAAAAAAAAAAAAAAAAAAAAAAAAAAAAAAAAAAAAAAAAAAAAAAAAAAAAAAAAAAAAAAAAAAAAAAAAAAAAAAAAAAAAAAAAAAAAAAAAAAAAAAAAAAAAAAAAAAAAAAAAAAAAAAAAAAAAAAAAAAAAAAAAAAAAAAAAAAAAAAAAAAAAAAAAAAAAAAAAAAAAAAAAAAAAAAAAAAAAAAAAAAAAAAAAAAAAAAAAAAAAAAAAAAAAAAAAAAAAAAAAAAAAAAAAAAAAAAAAAAAAAAAAAAAAAAAAAAAAAAAAAAAAAAAAAAAAAAAAAAAAAAAAAAAAAAAAAAAAAAAAAAAAAAAAAAAAAAAAAAAAAAAAAAAAAAAAAAAAAAAAAAAAAAAAAAAAAAAAAAAAAAAAAAAAAAAAAAAAAAAAAAAAAAAAAAAAAAAAAAAAAAAAAAAAAAAAAAAAAAAAAAAAAAAAAAAAAAAAAAAAAAAAAAAAAAAAAAAAAAAAAAAAAAAAAAAAAAAAAAAAAAAAAAAAAAAAAAAAAAAAAAAAAAAAAAAAAAAAAAAAAAAAAAAAAAAAAAAAAAAAAAAAAAAAAAAAAAAAAAAAAAAAAAAAAAAAAAAAAAAAAAAAAAAAAAAAAAAAAAAAAAAAAAAAAAAAAAAAAAAAAAAAAAAAAAAAAAAAAAAAAAAAAAAAAAAAAAAAAAAAAAAAAAAAAAAAAAAAAAAAAAAAAAAAAAAAAAAAAAAAAAAAAAAAAAAAAAAAAAAAAAAAAAAAAAAAAAAAAAAAAAAAAAAAAAAAAAAAAAAAAAAAAAAAAAAAAAAAAAAAAAAAAAAAAAAAAAAAAAAAAAAAAAAAAAAAAAAAAAAAAAAAAAAAAAAAAAAAAAAAAAAAAAAAAAAAAAAAAAAAAAAAAAAAAAAAAAAAAAAAAAAAAAAAAAAAAAAAAAAAAAAAAAAAAAAAAAAAAAAAAAAAAAAAAAAAAAAAAAAAAAAAAAAAAAAAAAAAAAAAAAAAAAAAAAAAAAAAAAAAAAAAAAAAAAAAAAAAAAAAAAAAAAAAAAAAAAAAAAAAAAAAAAAAAAAAAAAAAAAAAAAAAAAAAAAAAAAAAAAAAAAAAAAAAAAAAAAAAAAAAAAAAAAAAAAAAAAAAAAAAAAAAAAAAAAAAAAAAAAAAAAAAAAAAAAAAAAAAAAAAAAAAAAAAAAAAAAAAAAAAAAAAAAAAAAAAAAAAAAAAAAAAAAAAAAAAAAAAAAAAAAAAAAAAAAAAAAAAAAAAAAAAAAAAAAAAAAAAAAAAAAAAAAAAAAAAAAAAAAAAAAAAAAAAAAAAAAAAAAAAAAAAAAAAAAAAAAAAAAAAAAAAAAAAAAAAAAAAAAAAAAAAAAAAAAAAAAAAAAAAAAAAAAAAAAAAAAAAAAAAAAAAAAAAAAAAAAAAAAAAAAAAAAAAAAAAAAAAAAAAAAAAAAAAAAAAAAAAAAAAAAAAAAAAAAAAAAAAAAAAAAAAAAAAAAAAAAAAAAAAAAAAAAAAAAAAAAAAAAAAAAAAAAAAAAAAAAAAAAAAAAAAAAAAAAAAAAAAAAAAAAAAAAAAAAAAAAAAAAAAAAAAAAAAAAAAAAAAAAAAAAAAAAAAAAAAAAAAAAAAAAAAAAAAAAAAAAAAAAAAAAAAAAAAAAAAAAAAAAAAAAAAAAAAAAAAAAAAAAAAAAAAAAAAAAAAAAAAAAAAAAAAAAAAAAAAAAAAAAAAAAAAAAAAAAAAAAAAAAAAAAAAAAAAAAAAAAAAAAAAAAAAAAAAAAAAAAAAAAAAAAAAAAAAAAAAAAAAAAAAAAAAAAAAAAAAAAAAAAAAAAAAAAAAAAAAAAAAAAAAAAAAAAAAAAAAAAAAAAAAAAAAAAAAAAAAAAAAAAAAAAAAAAAAAAAAAAAAAAAAAAAAAAAAAAAAAAAAAAAAAAAAAAAAAAAAAAAAAAAAAAAAAAAAAAAAAAAAAAAAAAAAAAAAAAAAAAAAAAAAAAAAAAAAAAAAAAAAAAAAAAAAAAAAAAAAAAAAAAAAAAAAAAAAAAAAAAAAAAAAAAAAAAAAAAAAAAAAAAAAAAAAAAAAAAAAAAAAAAAAAAAAAAAAAAAAAAAAAAAAAAAAAAAAAAAAAAAAAAAAAAAAAAAAAAAAAAAAAAAAAAAAAAAAAAAAAAAAAAAAAAAAAAAAAAAAAAAAAAAAAAAAAAAAAAAAAAAAAAAAAAAAAAAAAAAAAAAAAAAAAAAAAAAAAAAAAAAAAAAAAAAAAAAAAAAAAAAAAAAAAAAAAAAAAAAAAAAAAAAAAAAAAAAAAAAAAAAAAAAAAAAAAAAAAAAAAAAAAAAAAAAAAAAAAAAAAAAAAAAAAAAAAAAAAAAAAAAAAAAAAAAAAAAAAAAAAAAAAAAAAAAAAAAAAAAAAAAAAAAAAAAAAAAAAAAAAAAAAAAAAAAAAAAAAAAAAAAAAAAAAAAAAAAAAAAAAAAAAAAAAAAAAAAAAAAAAAAAAAAAAAAAAAAAAAAAAAAAAAAAAAAAAAAAAAAAAAAAAAAAAAAAAAAAAAAAAAAAAAAAAAAAAAAAAAAAAAAAAAAAAAAAAAAAAAAAAAAAAAAAAAAAAAAAAAAAAAAAAAAAAAAAAAAAAAAAAAAAAAAAAAAAAAAAAAAAAAAAAAAAAAAAAAAAAAAAAAAAAAAAAAAAAAAAAAAAAAAAAAAAAAAAAAAAAAAAAAAAAAAAAAAAAAAAAAAAAAAAAAAAAAAAAAAAAAAAAAAAAAAAAAAAAAAAAAAAAAAAAAAAAAAAAAAAAAAAAAAAAAAAAAAAAAAAAAAAAAAAAAAAAAAAAAAAAAAAAAAAAAAAAAAAAAAAAAAAAAAAAAAAAAAAAAAAAAAAAAAAAAAAAAAAAAAAAAAAAAAAAAAAAAAAAAAAAAAAAAAAAAAAAAAAAAAAAAAAAAAAAAAAAAAAAAAAAAAAAAAAAAAAAAAAAAAAAAAAAAAAAAAAAAAAAAAAAAAAAAAAAAAAAAAAAAAAAAAAAAAAAAAAAAAAAAAAAAAAAAAAAAAAAAAAAAAAAAAAAAAAAAAAAAAAAAAAAAAAAAAAAAAAAAAAAAAAAAAAAAAAAAAAAAAAAAAAAAAAAAAAAAAAAAAAAAAAAAAAAAAAAAAAAAAAAAAAAAAAAAAAAAAAAAAAAAAAAAAAAAAAAAAAAAAAAAAAAAAAAAAAAAAAAAAAAAAAAAAAAAAAAAAAAAAAAAAAAAAAAAAAAAAAAAAAAAAAAAAAAAAAAAAAAAAAAAAAAAAAAAAAAAAAAAAAAAAAAAAAAAAAAAAAAAAAAAAAAAAAAAAAAAAAAAAAAAAAAAAAAAAAAAAAAAAAAAAAAAAAAAAAAAAAAAAAAAAAAAAAAAAAAAAAAAAAAAAAAAAAAAAAAAAAAAAAAAAAAAAAAAAAAAAAAAAAAAAAAAAAAAAAAAAAAAAAAAAAAAAAAAAAAAAAAAAAAAAAAAAAAAAAAAAAAAAAAAAAAAAAAAAAAAAAAAAAAAAAAAAAAAAAAAAAAAAAAAAAAAAAAAAAAAAAAAAAAAAAAAAAAAAAAAAAAAAAAAAAAAAAAAAAAAAAAAAAAAAAAAAAAAAAAAAAAAAAAAAAAAAAAAAAAAAAAAAAAAAAAAAAAAAAAAAAAAAAAAAAAAAAAAAAAAAAAAAAAAAAAAAAAAAAAAAAAAAAAAAAAAAAAAAAAAAAAAAAAAAAAAAAAAAAAAAAAAAAAAAAAAAAAAAAAAAAAAAAAAAAAAAAAAAAAAAAAAAAAAAAAAAAAAAAAAAAAAAAAAAAAAAAAAAAAAAAAAAAAAAAAAAAAAAAAAAAAAAAAAAAAAAAAAAAAAAAAAAAAAAAAAAAAAAAAAAAAAAAAAAAAAAAAAAAAAAAAAAAAAAAAAAAAAAAAAAAAAAAAAAAAAAAAAAAAAAAAAAAAAAAAAAAAAAAAAAAAAAAAAAAAAAAAAAAAAAAAAAAAAAAAAAAAAAAAAAAAAAAAAAAAAAAAAAAAAAAAAAAAAAAAAAAAAAAAAAAAAAAAAAAAAAAAAAAAAAAAAAAAAAAAAAAAAAAAAAAAAAAAAAAAAAAAAAAAAAAAAAAAAAAAAAAAAAAAAAAAAAAAAAAAAAAAAAAAAAAAAAAAAAAAAAAAAAAAAAAAAAAAAAAAAAAAAAAAAAAAAAAAAAAAAAAAAAAAAAAAAAAAAAAAAAAAAAAAAAAAAAAAAAAAAAAAAAAAAAAAAAAAAAAAAAAAAAAAAAAAAAAAAAAAAAAAAAAAAAAAAAAAAAAAAAAAAAAAAAAAAAAAAAAAAAAAAAAAAAAAAAAAAAAAAAAAAAAAAAAAAAAAAAAAAAAAAAAAAAAAAAAAAAAAAAAAAAAAAAAAAAAAAAAAAAAAAAAAAAAAAAAAAAAAAAAAAAAAAAAAAAAAAAAAAAAAAAAAAAAAAAAAAAAAAAAAAAAAAAAAAAAAAAAAAAAAAAAAAAAAAAAAAAAAAAAAAAAAAAAAAAAAAAAAAAAAAAAAAAAAAAAAAAAAAAAAAAAAAAAAAAAAAAAAAAAAAAAAAAAAAAAAAAAAAAAAAAAAAAAAAAAAAAAAAAAAAAAAAAAAAAAAAAAAAAAAAAAAAAAAAAAAAAAAAAAAAAAAAAAAAAAAAAAAAAAAAAAAAAAAAAAAAAAAAAAAAAAAAAAAAAAAAAAAAAAAAAAAAAAAAAAAAAAAAAAAAAAAAAAAAAAAAAAAAAAAAAAAAAAAAAAAAAAAAAAAAAAAAAAAAAAAAAAAAAAAAAAAAAAAAAAAAAAAAAAAAAAAAAAAAAAAAAAAAAAAAAAAAAAAAAAAAAAAAAAAAAAAAAAAAAAAAAAAAAAAAAAAAAAAAAAAAAAAAAAAAAAAAAAAAAAAAAAAAAAAAAAAAAAAAAAAAAAAAAAAAAAAAAAAAAAAAAAAAAAAAAAAAAAAAAAAAAAAAAAAAAAAAAAAAAAAAAAAAAAAAAAAAAAAAAAAAAAAAAAAAAAAAAAAAAAAAAAAAAAAAAAAAAAAAAAAAAAAAAAAAAAAAAAAAAAAAAAAAAAAAAAAAAAAAAAAAAAAAAAAAAAAAAAAAAAAAAAAAAAAAAAAAAAAAAAAAAAAAAAAAAAAAAAAAAAAAAAAAAAAAAAAAAAAAAAAAAAAAAAAAAAAAAAAAAAAAAAAAAAAAAAAAAAAAAAAAAAAAAAAAAAAAAAAAAAAAAAAAAAAAAAAAAAAAAAAAAAAAAAAAAAAAAAAAAAAAAAAAAAAAAAAAAAAAAAAAAAAAAAAAAAAAAAAAAAAAAAAAAAAAAAAAAAAAAAAAAAAAAAAAAAAAAAAAAAAAAAAAAAAAAAAAAAAAAAAAAAAAAAAAAAAAAAAAAAAAAAAAAAAAAAAAAAAAAAAAAAAAAAAAAAAAAAAAAAAAAAAAAAAAAAAAAAAAAAAAAAAAAAAAAAAAAAAAAAAAAAAAAAAAAAAAAAAAAAAAAAAAAAAAAAAAAAAAAAAAAAAAAAAAAAAAAAAAAAAAAAAAAAAAAAAAAAAAAAAAAAAAAAAAAAAAAAAAAAAAAAAAAAAAAAAAAAAAAAAAAAAAAAAAAAAAAAAAAAAAAAAAAAAAAAAAAAAAAAAAAAAAAAAAAAAAAAAAAAAAAAAAAAAAAAAAAAAAAAAAAAAAAAAAAAAAAAAAAAAAAAAAAAAAAAAAAAAAAAAAAAAAAAAAAAAAAAAAAAAAAAAAAAAAAAAAAAAAAAAAAAAAAAAAAAAAAAAAAAAAAAAAAAAAAAAAAAAAAAAAAAAAAAAAAAAAAAAAAAAAAAAAAAAAAAAAAAAAAAAAAAAAAAAAAAAAAAAAAAAAAAAAAAAAAAAAAAAAAAAAAAAAAAAAAAAAAAAAAAAAAAAAAAAAAAAAAAAAAAAAAAAAAAAAAAAAAAAAAAAAAAAAAAAAAAAAAAAAAAAAAAAAAAAAAAAAAAAAAAAAAAAAAAAAAAAAAAAAAAAAAAAAAAAAAAAAAAAAAAAAAAAAAAAAAAAAAAAAAAAAAAAAAAAAAAAAAAAAAAAAAAAAAAAAAAAAAAAAAAAAAAAAAAAAAAAAAAAAAAAAAAAAAAAAAAAAAAAAAAAAAAAAAAAAAAAAAAAAAAAAAAAAAAAAAAAAAAAAAAAAAAAAAAAAAAAAAAAAAAAAAAAAAAAAAAAAAAAAAAAAAAAAAAAAAAAAAAAAAAAAAAAAAAAAAAAAAAAAAAAAAAAAAAAAAAAAAAAAAAAAAAAAAAAAAAAAAAAAAAAAAAAAAAAAAAAAAAAAAAAAAAAAAAAAAAAAAAAAAAAAAAAAAAAAAAAAAAAAAAAAAAAAAAAAAAAAAAAAAAAAAAAAAAAAAAAAAAAAAAAAAAAAAAAAAAAAAAAAAAAAAAAAAAAAAAAAAAAAAAAAAAAAAAAAAAAAAAAAAAAAAAAAAAAAAAAAAAAAAAAAAAAAAAAAAAAAAAAAAAAAAAAAAAAAAAAAAAAAAAAAAAAAAAAAAAAAAAAAAAAAAAAAAAAAAAAAAAAAAAAAAAAAAAAAAAAAAAAAAAAAAAAAAAAAAAAAAAAAAAAAAAAAAAAAAAAAAAAAAAAAAAAAAAAAAAAAAAAAAAAAAAAAAAAAAAAAAAAAAAAAAAAAAAAAAAAAAAAAAAAAAAAAAAAAAAAAAAAAAAAAAAAAAAAAAAAAAAAAAAAAAAAAAAAAAAAAAAAAAAAAAAAAAAAAAAAAAAAAAAAAAAAAAAAAAAAAAAAAAAAAAAAAAAAAAAAAAAAAAAAAAAAAAAAAAAAAAAAAAAAAAAAAAAAAAAAAAAAAAAAAAAAAAAAAAAAAAAAAAAAAAAAAAAAAAAAAAAAAAAAAAAAAAAAAAAAAAAAAAAAAAAAAAAAAAAAAAAAAAAAAAAAAAAAAAAAAAAAAAAAAAAAAAAAAAAAAAAAAAAAAAAAAAAAAAAAAAAAAAAAAAAAAAAAAAAAAAAAAAAAAAAAAAAAAAAAAAAAAAAAAAAAAAAAAAAAAAAAAAAAAAAAAAAAAAAAAAAAAAAAAAAAAAAAAAAAAAAAAAAAAAAAAAAAAAAAAAAAAAAAAAAAAAAAAAAAAAAAAAAAAAAAAAAAAAAAAAAAAAAAAAAAAAAAAAAAAAAAAAAAAAAAAAAAAAAAAAAAAAAAAAAAAAAAAAAAAAAAAAAAAAAAAAAAAAAAAAAAAAAAAAAAAAAAAAAAAAAAAAAAAAAAAAAAAAAAAAAAAAAAAAAAAAAAAAAAAAAAAAAAAAAAAAAAAAAAAAAAAAAAAAAAAAAAAAAAAAAAAAAAAAAAAAAAAAAAAAAAAAAAAAAAAAAAAAAAAAAAAAAAAAAAAAAAAAAAAAAAAAAAAAAAAAAAAAAAAAAAAAAAAAAAAAAAAAAAAAAAAAAAAAAAAAAAAAAAAAAAAAAAAAAAAAAAAAAAAAAAAAAAAAAAAAAAAAAAAAAAAAAAAAAAAAAAAAAAAAAAAAAAAAAAAAAAAAAAAAAAAAAAAAAAAAAAAAAAAAAAAAAAAAAAAAAAAAAAAAAAAAAAAAAAAAAAAAAAAAAAAAAAAAAAAAAAAAAAAAAAAAAAAAAAAAAAAAAAAAAAAAAAAAAAAAAAAAAAAAAAAAAAAAAAAAAAAAAAAAAAAAAAAAAAAAAAAAAAAAAAAAAAAAAAAAAAAAAAAAAAAAAAAAAAAAAAAAAAAAAAAAAAAAAAAAAAAAAAAAAAAAAAAAAAAAAAAAAAAAAAAAAAAAAAAAAAAAAAAAAAAAAAAAAAAAAAAAAAAAAAAAAAAAAAAAAAAAAAAAAAAAAAAAAAAAAAAAAAAAAAAAAAAAAAAAAAAAAAAAAAAAAAAAAAAAAAAAAAAAAAAAAAAAAAAAAAAAAAAAAAAAAAAAAAAAAAAAAAAAAAAAAAAAAAAAAAAAAAAAAAAAAAAAAAAAAAAAAAAAAAAAAAAAAAAAAAAAAAAAAAAAAAAAAAAAAAAAAAAAAAAAAAAAAAAAAAAAAAAAAAAAAAAAAAAAAAAAAAAAAAAAAAAAAAAAAAAAAAAAAAAAAAAAAAAAAAAAAAAAAAAAAAAAAAAAAAAAAAAAAAAAAAAAAAAAAAAAAAAAAAAAAAAAAAAAAAAAAAAAAAAAAAAAAAAAAAAAAAAAAAAAAAAAAAAAAAAAAAAAAAAAAAAAAAAAAAAAAAAAAAAAAAAAAAAAAAAAAAAAAAAAAAAAAAAAAAAAAAAAAAAAAAAAAAAAAAAAAAAAAAAAAAAAAAAAAAAAAAAAAAAAAAAAAAAAAAAAAAAAAAAAAAAAAAAAAAAAAAAAAAAAAAAAAAAAAAAAAAAAAAAAAAAAAAAAAAAAAAAAAAAAAAAAAAAAAAAAAAAAAAAAAAAAAAAAAAAAAAAAAAAAAAAAAAAAAAAAAAAAAAAAAAAAAAAAAAAAAAAAAAAAAAAAAAAAAAAAAAAAAAAAAAAAAAAAAAAAAAAAAAAAAAAAAAAAAAAAAAAAAAAAAAAAAAAAAAAAAAAAAAAAAAAAAAAAAAAAAAAAAAAAAAAAAAAAAAAAAAAAAAAAAAAAAAAAAAAAAAAAAAAAAAAAAAAAAAAAAAAAAAAAAAAAAAAAAAAAAAAAAAAAAAAAAAAAAAAAAAAAAAAAAAAAAAAAAAAAAAAAAAAAAAAAAAAAAAAAAAAAAAAAAAAAAAAAAAAAAAAAAAAAAAAAAAAAAAAAAAAAAAAAAAAAAAAAAAAAAAAAAAAAAAAAAAAAAAAAAAAAAAAAAAAAAAAAAAAAAAAAAAAAAAAAAAAAAAAAAAAAAAAAAAAAAAAAAAAAAAAAAAAAAAAAAAAAAAAAAAAAAAAAAAAAAAAAAAAAAAAAAAAAAAAAAAAAAAAAAAAAAAAAAAAAAAAAAAAAAAAAAAAAAAAAAAAAAAAAAAAAAAAAAAAAAAAAAAAAAAAAAAAAAAAAAAAAAAAAAAAAAAAAAAAAAAAAAAAAAAAAAAAAAAAAAAAAAAAAAAAAAAAAAAAAAAAAAAAAAAAAAAAAAAAAAAAAAAAAAAAAAAAAAAAAAAAAAAAAAAAAAAAAAAAAAAAAAAAAAAAAAAAAAAAAAAAAAAAAAAAAAAAAAAAAAAAAAAAAAAAAAAAAAAAAAAAAAAAAAAAAAAAAAAAAAAAAAAAAAAAAAAAAAAAAAAAAAAAAAAAAAAAAAAAAAAAAAAAAAAAAAAAAAAAAAAAAAAAAAAAAAAAAAAAAAAAAAAAAAAAAAAAAAAAAAAAAAAAAAAAAAAAAAAAAAAAAAAAAAAAAAAAAAAAAAAAAAAAAAAAAAAAAAAAAAAAAAAAAAAAAAAAAAAAAAAAAAAAAAAAAAAAAAAAAAAAAAAAAAAAAAAAAAAAAAAAAAAAAAAAAAAAAAAAAAAAAAAAAAAAAAAAAAAAAAAAAAAAAAAAAAAAAAAAAAAAAAAAAAAAAAAAAAAAAAAAAAAAAAAAAAAAAAAAAAAAAAAAAAAAAAAAAAAAAAAAAAAAAAAAAAAAAAAAAAAAAAAAAAAAAAAAAAAAAAAAAAAAAAAAAAAAAAAAAAAAAAAAAAAAAAAAAAAAAAAAAAAAAAAAAAAAAAAAAAAAAAAAAAAAAAAAAAAAAAAAAAAAAAAAAAAAAAAAAAAAAAAAAAAAAAAAAAAAAAAAAAAAAAAAAAAAAAAAAAAAAAAAAAAAAAAAAAAAAAAAAAAAAAAAAAAAAAAAAAAAAAAAAAAAAAAAAAAAAAAAAAAAAAAAAAAAAAAAAAAAAAAAAAAAAAAAAAAAAAAAAAAAAAAAAAAAAAAAAAAAAAAAAAAAAAAAAAAAAAAAAAAAAAAAAAAAAAAAAAAAAAAAAAAAAAAAAAAAAAAAAAAAAAAAAAAAAAAAAAAAAAAAAAAAAAAAAAAAAAAAAAAAAAAAAAAAAAAAAAAAAAAAAAAAAAAAAAAAAAAAAAAAAAAAAAAAAAAAAAAAAAAAAAAAAAAAAAAAAAAAAAAAAAAAAAAAAAAAAAAAAAAAAAAAAAAAAAAAAAAAAAAAAAAAAAAAAAAAAAAAAAAAAAAAAAAAAAAAAAAAAAAAAAAAAAAAAAAAAAAAAAAAAAAAAAAAAAAAAAAAAAAAAAAAAAAAAAAAAAAAAAAAAAAAAAAAAAAAAAAAAAAAAAAAAAAAAAAAAAAAAAAAAAAAAAAAAAAAAAAAAAAAAAAAAAAAAAAAAAAAAAAAAAAAAAAAAAAAAAAAAAAAAAAAAAAAAAAAAAAAAAAAAAAAAAAAAAAAAAAAAAAAAAAAAAAAAAAAAAAAAAAAAAAAAAAAAAAAAAAAAAAAAAAAAAAAAAAAAAAAAAAAAAAAAAAAAAAAAAAAAAAAAAAAAAAAAAAAAAAAAAAAAAAAAAAAAAAAAAAAAAAAAAAAAAAAAAAAAAAAAAAAAAAAAAAAAAAAAAAAAAAAAAAAAAAAAAAAAAAAAAAAAAAAAAAAAAAAAAAAAAAAAAAAAAAAAAAAAAAAAAAAAAAAAAAAAAAAAAAAAAAAAAAAAAAAAAAAAAAAAAAAAAAAAAAAAAAAAAAAAAAAAAAAAAAAAAAAAAAAAAAAAAAAAAAAAAAAAAAAAAAAAAAAAAAAAAAAAAAAAAAAAAAAAAAAAAAAAAAAAAAAAAAAAAAAAAAAAAAAAAAAAAAAAAAAAAAAAAAAAAAAAAAAAAAAAAAAAAAAAAAAAAAAAAAAAAAAAAAAAAAAAAAAAAAAAAAAAAAAAAAAAAAAAAAAAAAAAAAAAAAAAAAAAAAAAAAAAAAAAAAAAAAAAAAAAAAAAAAAAAAAAAAAAAAAAAAAAAAAAAAAAAAAAAAAAAAAAAAAAAAAAAAAAAAAAAAAAAAAAAAAAAAAAAAAAAAAAAAAAAAAAAAAAAAAAAAAAAAAAAAAAAAAAAAAAAAAAAAAAAAAAAAAAAAAAAAAAAAAAAAAAAAAAAAAAAAAAAAAAAAAAAAAAAAAAAAAAAAAAAAAAAAAAAAAAAAAAAAAAAAAAAAAAAAAAAAAAAAAAAAAAAAAAAAAAAAAAAAAAAAAAAAAAAAAAAAAAAAAAAAAAAAAAAAAAAAAAAAAAAAAAAAAAAAAAAAAAAAAAAAAAAAAAAAAAAAAAAAAAAAAAAAAAAAAAAAAAAAAAAAAAAAAAAAAAAAAAAAAAAAAAAAAAAAAAAAAAAAAAAAAAAAAAAAAAAAAAAAAAAAAAAAAAAAAAAAAAAAAAAAAAAAAAAAAAAAAAAAAAAAAAAAAAAAAAAAAAAAAAAAAAAAAAAAAAAAAAAAAAAAAAAAAAAAAAAAAAAAAAAAAAAAAAAAAAAAAAAAAAAAAAAAAAAAAAAAAAAAAAAAAAAAAAAAAAAAAAAAAAAAAAAAAAAAAAAAAAAAAAAAAAAAAAAAAAAAAAAAAAAAAAAAAAAAAAAAAAAAAAAAAAAAAAAAAAAAAAAAAAAAAAAAAAAAAAAAAAAAAAAAAAAAAAAAAAAAAAAAAAAAAAAAAAAAAAAAAAAAAAAAAAAAAAAAAAAAAAAAAAAAAAAAAAAAAAAAAAAAAAAAAAAAAAAAAAAAAAAAAAAAAAAAAAAAAAAAAAAAAAAAAAAAAAAAAAAAAAAAAAAAAAAAAAAAAAAAAAAAAAAAAAAAAAAAAAAAAAAAAAAAAAAAAAAAAAAAAAAAAAAAAAAAAAAAAAAAAAAAAAAAAAAAAAAAAAAAAAAAAAAAAAAAAAAAAAAAAAAAAAAAAAAAAAAAAAAAAAAAAAAAAAAAAAAAAAAAAAAAAAAAAAAAAAAAAAAAAAAAAAAAAAAAAAAAAAAAAAAAAAAAAAAAAAAAAAAAAAAAAAAAAAAAAAAAAAAAAAAAAAAAAAAAAAAAAAAAAAAAAAAAAAAAAAAAAAAAAAAAAAAAAAAAAAAAAAAAAAAAAAAAAAAAAAAAAAAAAAAAAAAAAAAAAAAAAAAAAAAAAAAAAAAAAAAAAAAAAAAAAAAAAAAAAAAAAAAAAAAAAAAAAAAAAAAAAAAAAAAAAAAAAAAAAAAAAAAAAAAAAAAAAAAAAAAAAAAAAAAAAAAAAAAAAAAAAAAAAAAAAAAAAAAAAAAAAAAAAAAAAAAAAAAAAAAAAAAAAAAAAAAAAAAAAAAAAAAAAAAAAAAAAAAAAAAAAAAAAAAAAAAAAAAAAAAAAAAAAAAAAAAAAAAAAAAAAAAAAAAAAAAAAAAAAAAAAAAAAAAAAAAAAAAAAAAAAAAAAAAAAAAAAAAAAAAAAAAAAAAAAAAAAAAAAAAAAAAAAAAAAAAAAAAAAAAAAAAAAAAAAAAAAAAAAAAAAAAAAAAAAAAAAAAAAAAAAAAAAAAAAAAAAAAAAAAAAAAAAAAAAAAAAAAAAAAAAAAAAAAAAAAAAAAAAAAAAAAAAAAAAAAAAAAAAAAAAAAAAAAAAAAAAAAAAAAAAAAAAAAAAAAAAAAAAAAAAAAAAAAAAAAAAAAAAAAAAAAAAAAAAAAAAAAAAAAAAAAAAAAAAAAAAAAAAAAAAAAAAAAAAAAAAAAAAAAAAAAAAAAAAAAAAAAAAAAAAAAAAAAAAAAAAAAAAAAAAAAAAAAAAAAAAAAAAAAAAAAAAAAAAAAAAAAAAAAAAAAAAAAAAAAAAAAAAAAAAAAAAAAAAAAAAAAAAAAAAAAAAAAAAAAAAAAAAAAAAAAAAAAAAAAAAAAAAAAAAAAAAAAAAAAAAAAAAAAAAAAAAAAAAAAAAAAAAAAAAAAAAAAAAAAAAAAAAAAAAAAAAAAAAAAAAAAAAAAAAAAAAAAAAAAAAAAAAAAAAAAAAAAAAAAAAAAAAAAAAAAAAAAAAAAAAAAAAAAAAAAAAAAAAAAAAAAAAAAAAAAAAAAAAAAAAAAAAAAAAAAAAAAAAAAAAAAAAAAAAAAAAAAAAAAAAAAAAAAAAAAAAAAAAAAAAAAAAAAAAAAAAAAAAAAAAAAAAAAAAAAAAAAAAAAAAAAAAAAAAAAAAAAAAAAAAAAAAAAAAAAAAAAAAAAAAAAAAAAAAAAAAAAAAAAAAAAAAAAAAAAAAAAAAAAAAAAAAAAAAAAAAAAAAAAAAAAAAAAAAAAAAAAAAAAAAAAAAAAAAAAAAAAAAAAAAAAAAAAAAAAAAAAAAAAAAAAAAAAAAAAAAAAAAAAAAAAAAAAAAAAAAAAAAAAAAAAAAAAAAAAAAAAAAAAAAAAAAAAAAAAAAAAAAAAAAAAAAAAAAAAAAAAAAAAAAAAAAAAAAAAAAAAAAAAAAAAAAAAAAAAAAAAAAAAAAAAAAAAAAAAAAAAAAAAAAAAAAAAAAAAAAAAAAAAAAAAAAAAAAAAAAAAAAAAAAAAAAAAAAAAAAAAAAAAAAAAAAAAAAAAAAAAAAAAAAAAAAAAAAAAAAAAAAAAAAAAAAAAAAAAAAAAAAAAAAAAAAAAAAAAAAAAAAAAAAAAAAAAAAAAAAAAAAAAAAAAAAAAAAAAAAAAAAAAAAAAAAAAAAAAAAAAAAAAAAAAAAAAAAAAAAAAAAAAAAAAAAAAAAAAAAAAAAAAAAAAAAAAAAAAAAAAAAAAAAAAAAAAAAAAAAAAAAAAAAAAAAAAAAAAAAAAAAAAAAAAAAAAAAAAAAAAAAAAAAAAAAAAAAAAAAAAAAAAAAAAAAAAAAAAAAAAAAAAAAAAAAAAAAAAAAAAAAAAAAAAAAAAAAAAAAAAAAAAAAAAAAAAAAAAAAAAAAAAAAAAAAAAAAAAAAAAAAAAAAAAAAAAAAAAAAAAAAAAAAAAAAAAAAAAAAAAAAAAAAAAAAAAAAAAAAAAAAAAAAAAAAAAAAAAAAAAAAAAAAAAAAAAAAAAAAAAAAAAAAAAAAAAAAAAAAAAAAAAAAAAAAAAAAAAAAAAAAAAAAAAAAAAAAAAAAAAAAAAAAAAAAAAAAAAAAAAAAAAAAAAAAAAAAAAAAAAAAAAAAAAAAAAAAAAAAAAAAAAAAAAAAAAAAAAAAAAAAAAAAAAAAAAAAAAAAAAAAAAAAAAAAAAAAAAAAAAAAAAAAAAAAAAAAAAAAAAAAAAAAAAAAAAAAAAAAAAAAAAAAAAAAAAAAAAAAAAAAAAAAAAAAAAAAAAAAAAAAAAAAAAAAAAAAAAAAAAAAAAAAAAAAAAAAAAAAAAAAAAAAAAAAAAAAAAAAAAAAAAAAAAAAAAAAAAAAAAAAAAAAAAAAAAAAAAAAAAAAAAAAAAAAAAAAAAAAAAAAAAAAAAAAAAAAAAAAAAAAAAAAAAAAAAAAAAAAAAAAAAAAAAAAAAAAAAAAAAAAAAAAAAAAAAAAAAAAAAAAAAAAAAAAAAAAAAAAAAAAAAAAAAAAAAAAAAAAAAAAAAAAAAAAAAAAAAAAAAAAAAAAAAAAAAAAAAAAAAAAAAAAAAAAAAAAAAAAAAAAAAAAAAAAAAAAAAAAAAAAAAAAAAAAAAAAAAAAAAAAAAAAAAAAAAAAAAAAAAAAAAAAAAAAAAAAAAAAAAAAAAAAAAAAAAAAAAAAAAAAAAAAAAAAAAAAAAAAAAAAAAAAAAAAAAAAAAAAAAAAAAAAAAAAAAAAAAAAAAAAAAAAAAAAAAAAAAAAAAAAAAAAAAAAAAAAAAAAAAAAAAAAAAAAAAAAAAAAAAAAAAAAAAAAAAAAAAAAAAAAAAAAAAAAAAAAAAAAAAAAAAAAAAAAAAAAAAAAAAAAAAAAAAAAAAAAAAAAAAAAAAAAAAAAAAAAAAAAAAAAAAAAAAAAAAAAAAAAAAAAAAAAAAAAAAAAAAAAAAAAAAAAAAAAAAAAAAAAAAAAAAAAAAAAAAAAAAAAAAAAAAAAAAAAAAAAAAAAAAAAAAAAAAAAAAAAAAAAAAAAAAAAAAAAAAAAAAAAAAAAAAAAAAAAAAAAAAAAAAAAAAAAAAAAAAAAAAAAAAAAAAAAAAAAAAAAAAAAAAAAAAAAAAAAAAAAAAAAAAAAAAAAAAAAAAAAAAAAAAAAAAAAAAAAAAAAAAAAAAAAAAAAAAAAAAAAAAAAAAAAAAAAAAAAAAAAAAAAAAAAAAAAAAAAAAAAAAAAAAAAAAAAAAAAAAAAAAAAAAAAAAAAAAAAAAAAAAAAAAAAAAAAAAAAAAAAAAAAAAAAAAAAAAAAAAAAAAAAAAAAAAAAAAAAAAAAAAAAAAAAAAAAAAAAAAAAAAAAAAAAAAAAAAAAAAAAAAAAAAAAAAAAAAAAAAAAAAAAAAAAAAAAAAAAAAAAAAAAAAAAAAAAAAAAAAAAAAAAAAAAAAAAAAAAAAAAAAAAAAAAAAAAAAAAAAAAAAAAAAAAAAAAAAAAAAAAAAAAAAAAAAAAAAAAAAAAAAAAAAAAAAAAAAAAAAAAAAAAAAAAAAAAAAAAAAAAAAAAAAAAAAAAAAAAAAAAAAAAAAAAAAAAAAAAAAAAAAAAAAAAAAAAAAAAAAAAAAAAAAAAAAAAAAAAAAAAAAAAAAAAAAAAAAAAAAAAAAAAAAAAAAAAAAAAAAAAAAAAAAAAAAAAAAAAAAAAAAAAAAAAAAAAAAAAAAAAAAAAAAAAAAAAAAAAAAAAAAAAAAAAAAAAAAAAAAAAAAAAAAAAAAAAAAAAAAAAAAAAAAAAAAAAAAAAAAAAAAAAAAAAAAAAAAAAAAAAAAAAAAAAAAAAAAAAAAAAAAAAAAAAAAAAAAAAAAAAAAAAAAAAAAAAAAAAAAAAAAAAAAAAAAAAAAAAAAAAAAAAAAAAAAAAAAAAAAAAAAAAAAAAAAAAAAAAAAAAAAAAAAAAAAAAAAAAAAAAAAAAAAAAAAAAAAAAAAAAAAAAAAAAAAAAAAAAAAAAAAAAAAAAAAAAAAAAAAAAAAAAAAAAAAAAAAAAAAAAAAAAAAAAAAAAAAAAAAAAAAAAAAAAAAAAAAAAAAAAAAAAAAAAAAAAAAAAAAAAAAAAAAAAAAAAAAAAAAAAAAAAAAAAAAAAAAAAAAAAAAAAAAAAAAAAAAAAAAAAAAAAAAAAAAAAAAAAAAAAAAAAAAAAAAAAAAAAAAAAAAAAAAAAAAAAAAAAAAAAAAAAAAAAAAAAAAAAAAAAAAAAAAAAAAAAAAAAAAAAAAAAAAAAAAAAAAAAAAAAAAAAAAAAAAAAAAAAAAAAAAAAAAAAAAAAAAAAAAAAAAAAAAAAAAAAAAAAAAAAAAAAAAAAAAAAAAAAAAAAAAAAAAAAAAAAAAAAAAAAAAAAAAAAAAAAAAAAAAAAAAAAAAAAAAAAAAAAAAAAAAAAAAAAAAAAAAAAAAAAAAAAAAAAAAAAAAAAAAAAAAAAAAAAAAAAAAAAAAAAAAAAAAAAAAAAAAAAAAAAAAAAAAAAAAAAAAAAAAAAAAAAAAAAAAAAAAAAAAAAAAAAAAAAAAAAAAAAAAAAAAAAAAAAAAAAAAAAAAAAAAAAAAAAAAAAAAAAAAAAAAAAAAAAAAAAAAAAAAAAAAAAAAAAAAAAAAAAAAAAAAAAAAAAAAAAAAAAAAAAAAAAAAAAAAAAAAAAAAAAAAAAAAAAAAAAAAAAAAAAAAAAAAAAAAAAAAAAAAAAAAAAAAAAAAAAAAAAAAAAAAAAAAAAAAAAAAAAAAAAAAAAAAAAAAAAAAAAAAAAAAAAAAAAAAAAAAAAAAAAAAAAAAAAAAAAAAAAAAAAAAAAAAAAAAAAAAAAAAAAAAAAAAAAAAAAAAAAAAAAAAAAAAAAAAAAAAAAAAAAAAAAAAAAAAAAAAAAAAAAAAAAAAAAAAAAAAAAAAAAAAAAAAAAAAAAAAAAAAAAAAAAAAAAAAAAAAAAAAAAAAAAAAAAAAAAAAAAAAAAAAAAAAAAAAAAAAAAAAAAAAAAAAAAAAAAAAAAAAAAAAAAAAAAAAAAAAAAAAAAAAAAAAAAAAAAAAAAAAAAAAAAAAAAAAAAAAAAAAAAAAAAAAAAAAAAAAAAAAAAAAAAAAAAAAAAAAAAAAAAAAAAAAAAAAAAAAAAAAAAAAAAAAAAAAAAAAAAAAAAAAAAAAAAAAAAAAAAAAAAAAAAAAAAAAAAAAAAAAAAAAAAAAAAAAAAAAAAAAAAAAAAAAAAAAAAAAAAAAAAAAAAAAAAAAAAAAAAAAAAAAAAAAAAAAAAAAAAAAAAAAAAAAAAAAAAAAAAAAAAAAAAAAAAAAAAAAAAAAAAAAAAAAAAAAAAAAAAAAAAAAAAAAAAAAAAAAAAAAAAAAAAAAAAAAAAAAAAAAAAAAAAAAAAAAAAAAAAAAAAAAAAAAAAAAAAAAAAAAAAAAAAAAAAAAAAAAAAAAAAAAAAAAAAAAAAAAAAAAAAAAAAAAAAAAAAAAAAAAAAAAAAAAAAAAAAAAAAAAAAAAAAAAAAAAAAAAAAAAAAAAAAAAAAAAAAAAAAAAAAAAAAAAAAAAAAAAAAAAAAAAAAAAAAAAAAAAAAAAAAAAAAAAAAAAAAAAAAAAAAAAAAAAAAAAAAAAAAAAAAAAAAAAAAAAAAAAAAAAAAAAAAAAAAAAAAAAAAAAAAAAAAAAAAAAAAAAAAAAAAAAAAAAAAAAAAAAAAAAAAAAAAAAAAAAAAAAAAAAAAAAAAAAAAAAAAAAAAAAAAAAAAAAAAAAAAAAAAAAAAAAAAAAAAAAAAAAAAAAAAAAAAAAAAAAAAAAAAAAAAAAAAAAAAAAAAAAAAAAAAAAAAAAAAAAAAAAAAAAAAAAAAAAAAAAAAAAAAAAAAAAAAAAAAAAAAAAAAAAAAAAAAAAAAAAAAAAAAAAAAAAAAAAAAAAAAAAAAAAAAAAAAAAAAAAAAAAAAAAAAAAAAAAAAAAAAAAAAAAAAAAAAAAAAAAAAAAAAAAAAAAAAAAAAAAAAAAAAAAAAAAAAAAAAAAAAAAAAAAAAAAAAAAAAAAAAAAAAAAAAAAAAAAAAAAAAAAAAAAAAAAAAAAAAAAAAAAAAAAAAAAAAAAAAAAAAAAAAAAAAAAAAAAAAAAAAAAAAAAAAAAAAAAAAAAAAAAAAAAAAAAAAAAAAAAAAAAAAAAAAAAAAAAAAAAAAAAAAAAAAAAAAAAAAAAAAAAAAAAAAAAAAAAAAAAAAAAAAAAAAAAAAAAAAAAAAAAAAAAAAAAAAAAAAAAAAAAAAAAAAAAAAAAAAAAAAAAAAAAAAAAAAAAAAAAAAAAAAAAAAAAAAAAAAAAAAAAAAAAAAAAAAAAAAAAAAAAAAAAAAAAAAAAAAAAAAAAAAAAAAAAAAAAAAAAAAAAAAAAAAAAAAAAAAAAAAAAAAAAAAAAAAAAAAAAAAAAAAAAAAAAAAAAAAAAAAAAAAAAAAAAAAAAAAAAAAAAAAAAAAAAAAAAAAAAAAAAAAAAAAAAAAAAAAAAAAAAAAAAAAAAAAAAAAAAAAAAAAAAAAAAAAAAAAAAAAAAAAAAAAAAAAAAAAAAAAAAAAAAAAAAAAAAAAAAAAAAAAAAAAAAAAAAAAAAAAAAAAAAAAAAAAAAAAAAAAAAAAAAAAAAAAAAAAAAAAAAAAAAAAAAAAAAAAAAAAAAAAAAAAAAAAAAAAAAAAAAAAAAAAAAAAAAAAAAAAAAAAAAAAAAAAAAAAAAAAAAAAAAAAAAAAAAAAAAAAAAAAAAAAAAAAAAAAAAAAAAAAAAAAAAAAAAAAAAAAAAAAAAAAAAAAAAAAAAAAAAAAAAAAAAAAAAAAAAAAAAAAAAAAAAAAAAAAAAAAAAAAAAAAAAAAAAAAAAAAAAAAAAAAAAAAAAAAAAAAAAAAAAAAAAAAAAAAAAAAAAAAAAAAAAAAAAAAAAAAAAAAAAAAAAAAAAAAAAAAAAAAAAAAAAAAAAAAAAAAAAAAAAAAAAAAAAAAAAAAAAAAAAAAAAAAAAAAAAAAAAAAAAAAAAAAAAAAAAAAAAAAAAAAAAAAAAAAAAAAAAAAAAAAAAAAAAAAAAAAAAAAAAAAAAAAAAAAAAAAAAAAAAAAAAAAAAAAAAAAAAAAAAAAAAAAAAAAAAAAAAAAAAAAAAAAAAAAAAAAAAAAAAAAAAAAAAAAAAAAAAAAAAAAAAAAAAAAAAAAAAAAAAAAAAAAAAAAAAAAAAAAAAAAAAAAAAAAAAAAAAAAAAAAAAAAAAAAAAAAAAAAAAAAAAAAAAAAAAAAAAAAAAAAAAAAAAAAAAAAAAAAAAAAAAAAAAAAAAAAAAAAAAAAAAAAAAAAAAAAAAAAAAAAAAAAAAAAAAAAAAAAAAAAAAAAAAAAAAAAAAAAAAAAAAAAAAAAAAAAAAAAAAAAAAAAAAAAAAAAAAAAAAAAAAAAAAAAAAAAAAAAAAAAAAAAAAAAAAAAAAAAAAAAAAAAAAAAAAAAAAAAAAAAAAAAAAAAAAAAAAAAAAAAAAAAAAAAAAAAAAAAAAAAAAAAAAAAAAAAAAAAAAAAAAAAAAAAAAAAAAAAAAAAAAAAAAAAAAAAAAAAAAAAAAAAAAAAAAAAAAAAAAAAAAAAAAAAAAAAAAAAAAAAAAAAAAAAAAAAAAAAAAAAAAAAAAAAAAAAAAAAAAAAAAAAAAAAAAAAAAAAAAAAAAAAAAAAAAAAAAAAAAAAAAAAAAAAAAAAAAAAAAAAAAAAAAAAAAAAAAAAAAAAAAAAAAAAAAAAAAAAAAAAAAAAAAAAAAAAAAAAAAAAAAAAAAAAAAAAAAAAAAAAAAAAAAAAAAAAAAAAAAAAAAAAAAAAAAAAAAAAAAAAAAAAAAAAAAAAAAAAAAAAAAAAAAAAAAAAAAAAAAAAAAAAAAAAAAAAAAAAAAAAAAAAAAAAAAAAAAAAAAAAAAAAAAAAAAAAAAAAAAAAAAAAAAAAAAAAAAAAAAAAAAAAAAAAAAAAAAAAAAAAAAAAAAAAAAAAAAAAAAAAAAAAAAAAAAAAAAAAAAAAAAAAAAAAAAAAAAAAAAAAAAAAAAAAAAAAAAAAAAAAAAAAAAAAAAAAAAAAAAAAAAAAAAAAAAAAAAAAAAAAAAAAAAAAAAAAAAAAAAAAAAAAAAAAAAAAAAAAAAAAAAAAAAAAAAAAAAAAAAAAAAAAAAAAAAAAAAAAAAAAAAAAAAAAAAAAAAAAAAAAAAAAAAAAAAAAAAAAAAAAAAAAAAAAAAAAAAAAAAAAAAAAAAAAAAAAAAAAAAAAAAAAAAAAAAAAAAAAAAAAAAAAAAAAAAAAAAAAAAAAAAAAAAAAAAAAAAAAAAAAAAAAAAAAAAAAAAAAAAAAAAAAAAAAAAAAAAAAAAAAAAAAAAAAAAAAAAAAAAAAAAAAAAAAAAAAAAAAAAAAAAAAAAAAAAAAAAAAAAAAAAAAAAAAAAAAAAAAAAAAAAAAAAAAAAAAAAAAAAAAAAAAAAAAAAAAAAAAAAAAAAAAAAAAAAAAAAAAAAAAAAAAAAAAAAAAAAAAAAAAAAAAAAAAAAAAAAAAAAAAAAAAAAAAAAAAAAAAAAAAAAAAAAAAAAAAAAAAAAAAAAAAAAAAAAAAAAAAAAAAAAAAAAAAAAAAAAAAAAAAAAAAAAAAAAAAAAAAAAAAAAAAAAAAAAAAAAAAAAAAAAAAAAAAAAAAAAAAAAAAAAAAAAAAAAAAAAAAAAAAAAAAAAAAAAAAAAAAAAAAAAAAAAAAAAAAAAAAAAAAAAAAAAAAAAAAAAAAAAAAAAAAAAAAAAAAAAAAAAAAAAAAAAAAAAAAAAAAAAAAAAAAAAAAAAAAAAAAAAAAAAAAAAAAAAAAAAAAAAAAAAAAAAAAAAAAAAAAAAAAAAAAAAAAAAAAAAAAAAAAAAAAAAAAAAAAAAAAAAAAAAAAAAAAAAAAAAAAAAAAAAAAAAAAAAAAAAAAAAAAAAAAAAAAAAAAAAAAAAAAAAAAAAAAAAAAAAAAAAAAAAAAAAAAAAAAAAAAAAAAAAAAAAAAAAAAAAAAAAAAAAAAAAAAAAAAAAAAAAAAAAAAAAAAAAAAAAAAAAAAAAAAAAAAAAAAAAAAAAAAAAAAAAAAAAAAAAAAAAAAAAAAAAAAAAAAAAAAAAAAAAAAAAAAAAAAAAAAAAAAAAAAAAAAAAAAAAAAAAAAAAAAAAAAAAAAAAAAAAAAAAAAAAAAAAAAAAAAAAAAAAAAAAAAAAAAAAAAAAAAAAAAAAAAAAAAAAAAAAAAAAAAAAAAAAAAAAAAAAAAAAAAAAAAAAAAAAAAAAAAAAAAAAAAAAAAAAAAAAAAAAAAAAAAAAAAAAAAAAAAAAAAAAAAAAAAAAAAAAAAAAAAAAAAAAAAAAAAAAAAAAAAAAAAAAAAAAAAAAAAAAAAAAAAAAAAAAAAAAAAAAAAAAAAAAAAAAAAAAAAAAAAAAAAAAAAAAAAAAAAAAAAAAAAAAAAAAAAAAAAAAAAAAAAAAAAAAAAAAAAAAAAAAAAAAAAAAAAAAAAAAAAAAAAAAAAAAAAAAAAAAAAAAAAAAAAAAAAAAAAAAAAAAAAAAAAAAAAAAAAAAAAAAAAAAAAAAAAAAAAAAAAAAAAAAAAAAAAAAAAAAAAAAAAAAAAAAAAAAAAAAAAAAAAAAAAAAAAAAAAAAAAAAAAAAAAAAAAAAAAAAAAAAAAAAAAAAAAAAAAAAAAAAAAAAAAAAAAAAAAAAAAAAAAAAAAAAAAAAAAAAAAAAAAAAAAAAAAAAAAAAAAAAAAAAAAAAAAAAAAAAAAAAAAAAAAAAAAAAAAAAAAAAAAAAAAAAAAAAAAAAAAAAAAAAAAAAAAAAAAAAAAAAAAAAAAAAAAAAAAAAAAAAAAAAAAAAAAAAAAAAAAAAAAAAAAAAAAAAAAAAAAAAAAAAAAAAAAAAAAAAAAAAAAAAAAAAAAAAAAAAAAAAAAAAAAAAAAAAAAAAAAAAAAAAAAAAAAAAAAAAAAAAAAAAAAAAAAAAAAAAAAAAAAAAAAAAAAAAAAAAAAAAAAAAAAAAAAAAAAAAAAAAAAAAAAAAAAAAAAAAAAAAAAAAAAAAAAAAAAAAAAAAAAAAAAAAAAAAAAAAAAAAAAAAAAAAAAAAAAAAAAAAAAAAAAAAAAAAAAAAAAAAAAAAAAAAAAAAAAAAAAAAAAAAAAAAAAAAAAAAAAAAAAAAAAAAAAAAAAAAAAAAAAAAAAAAAAAAAAAAAAAAAAAAAAAAAAAAAAAAAAAAAAAAAAAAAAAAAAAAAAAAAAAAAAAAAAAAAAAAAAAAAAAAAAAAAAAAAAAAAAAAAAAAAAAAAAAAAAAAAAAAAAAAAAAAAAAAAAAAAAAAAAAAAAAAAAAAAAAAAAAAAAAAAAAAAAAAAAAAAAAAAAAAAAAAAAAAAAAAAAAAAAAAAAAAAAAAAAAAAAAAAAAAAAAAAAAAAAAAAAAAAAAAAAAAAAAAAAAAAAAAAAAAAAAAAAAAAAAAAAAAAAAAAAAAAAAAAAAAAAAAAAAAAAAAAAAAAAAAAAAAAAAAAAAAAAAAAAAAAAAAAAAAAAAAAAAAAAAAAAAAAAAAAAAAAAAAAAAAAAAAAAAAAAAAAAAAAAAAAAAAAAAAAAAAAAAAAAAAAAAAAAAAAAAAAAAAAAAAAAAAAAAAAAAAAAAAAAAAAAAAAAAAAAAAAAAAAAAAAAAAAAAAAAAAAAAAAAAAAAAAAAAAAAAAAAAAAAAAAAAAAAAAAAAAAAAAAAAAAAAAAAAAAAAAAAAAAAAAAAAAAAAAAAAAAAAAAAAAAAAAAAAAAAAAAAAAAAAAAAAAAAAAAAAAAAAAAAAAAAAAAAAAAAAAAAAAAAAAAAAAAAAAAAAAAAAAAAAAAAAAAAAAAAAAAAAAAAAAAAAAAAAAAAAAAAAAAAAAAAAAAAAAAAAAAAAAAAAAAAAAAAAAAAAAAAAAAAAAAAAAAAAAAAAAAAAAAAAAAAAAAAAAAAAAAAAAAAAAAAAAAAAAAAAAAAAAAAAAAAAAAAAAAAAAAAAAAAAAAAAAAAAAAAAAAAAAAAAAAAAAAAAAAAAAAAAAAAAAAAAAAAAAAAAAAAAAAAAAAAAAAAAAAAAAAAAAAAAAAAAAAAAAAAAAAAAAAAAAAAAAAAAAAAAAAAAAAAAAAAAAAAAAAAAAAAAAAAAAAAAAAAAAAAAAAAAAAAAAAAAAAAAAAAAAAAAAAAAAAAAAAAAAAAAAAAAAAAAAAAAAAAAAAAAAAAAAAAAAAAAAAAAAAAAAAAAAAAAAAAAAAAAAAAAAAAAAAAAAAAAAAAAAAAAAAAAAAAAAAAAAAAAAAAAAAAAAAAAAAAAAAAAAAAAAAAAAAAAAAAAAAAAAAAAAAAAAAAAAAAAAAAAAAAAAAAAAAAAAAAAAAAAAAAAAAAAAAAAAAAAAAAAAAAAAAAAAAAAAAAAAAAAAAAAAAAAAAAAAAAAAAAAAAAAAAAAAAAAAAAAAAAAAAAAAAAAAAAAAAAAAAAAAAAAAAAAAAAAAAAAAAAAAAAAAAAAAAAAAAAAAAAAAAAAAAAAAAAAAAAAAAAAAAAAAAAAAAAAAAAAAAAAAAAAAAAAAAAAAAAAAAAAAAAAAAAAAAAAAAAAAAAAAAAAAAAAAAAAAAAAAAAAAAAAAAAAAAAAAAAAAAAAAAAAAAAAAAAAAAAAAAAAAAAAAAAAAAAAAAAAAAAAAAAAAAAAAAAAAAAAAAAAAAAAAAAAAAAAAAAAAAAAAAAAAAAAAAAAAAAAAAAAAAAAAAAAAAAAAAAAAAAAAAAAAAAAAAAAAAAAAAAAAAAAAAAAAAAAAAAAAAAAAAAAAAAAAAAAAAAAAAAAAAAAAAAAAAAAAAAAAAAAAAAAAAAAAAAAAAAAAAAAAAAAAAAAAAAAAAAAAAAAAAAAAAAAAAAAAAAAAAAAAAAAAAAAAAAAAAAAAAAAAAAAAAAAAAAAAAAAAAAAAAAAAAAAAAAAAAAAAAAAAAAAAAAAAAAAAAAAAAAAAAAAAAAAAAAAAAAAAAAAAAAAAAAAAAAAAAAAAAAAAAAAAAAAAAAAAAAAAAAAAAAAAAAAAAAAAAAAAAAAAAAAAAAAAAAAAAAAAAAAAAAAAAAAAAAAAAAAAAAAAAAAAAAAAAAAAAAAAAAAAAAAAAAAAAAAAAAAAAAAAAAAAAAAAAAAAAAAAAAAAAAAAAAAAAAAAAAAAAAAAAAAAAAAAAAAAAAAAAAAAAAAAAAAAAAAAAAAAAAAAAAAAAAAAAAAAAAAAAAAAAAAAAAAAAAAAAAAAAAAAAAAAAAAAAAAAAAAAAAAAAAAAAAAAAAAAAAAAAAAAAAAAAAAAAAAAAAAAAAAAAAAAAAAAAAAAAAAAAAAAAAAAAAAAAAAAAAAAAAAAAAAAAAAAAAAAAAAAAAAAAAAAAAAAAAAAAAAAAAAAAAAAAAAAAAAAAAAAAAAAAAAAAAAAAAAAAAAAAAAAAAAAAAAAAAAAAAAAAAAAAAAAAAAAAAAAAAAAAAAAAAAAAAAAAAAAAAAAAAAAAAAAAAAAAAAAAAAAAAAAAAAAAAAAAAAAAAAAAAAAAAAAAAAAAAAAAAAAAAAAAAAAAAAAAAAAAAAAAAAAAAAAAAAAAAAAAAAAAAAAAAAAAAAAAAAAAAAAAAAAAAAAAAAAAAAAAAAAAAAAAAAAAAAAAAAAAAAAAAAAAAAAAAAAAAAAAAAAAAAAAAAAAAAAAAAAAAAAAAAAAAAAAAAAAAAAAAAAAAAAAAAAAAAAAAAAAAAAAAAAAAAAAAAAAAAAAAAAAAAAAAAAAAAAAAAAAAAAAAAAAAAAAAAAAAAAAAAAAAAAAAAAAAAAAAAAAAAAAAAAAAAAAAAAAAAAAAAAAAAAAAAAAAAAAAAAAAAAAAAAAAAAAAAAAAAAAAAAAAAAAAAAAAAAAAAAAAAAAAAAAAAAAAAAAAAAAAAAAAAAAAAAAAAAAAAAAAAAAAAAAAAAAAAAAAAAAAAAAAAAAAAAAAAAAAAAAAAAAAAAAAAAAAAAAAAAAAAAAAAAAAAAAAAAAAAAAAAAAAAAAAAAAAAAAAAAAAAAAAAAAAAAAAAAAAAAAAAAAAAAAAAAAAAAAAAAAAAAAAAAAAAAAAAAAAAAAAAAAAAAAAAAAAAAAAAAAAAAAAAAAAAAAAAAAAAAAAAAAAAAAAAAAAAAAAAAAAAAAAAAAAAAAAAAAAAAAAAAAAAAAAAAAAAAAAAAAAAAAAAAAAAAAAAAAAAAAAAAAAAAAAAAAAAAAAAAAAAAAAAAAAAAAAAAAAAAAAAAAAAAAAAAAAAAAAAAAAAAAAAAAAAAAAAAAAAAAAAAAAAAAAAAAAAAAAAAAAAAAAAAAAAAAAAAAAAAAAAAAAAAAAAAAAAAAAAAAAAAAAAAAAAAAAAAAAAAAAAAAAAAAAAAAAAAAAAAAAAAAAAAAAAAAAAAAAAAAAAAAAAAAAAAAAAAAAAAAAAAAAAAAAAAAAAAAAAAAAAAAAAAAAAAAAAAAAAAAAAAAAAAAAAAAAAAAAAAAAAAAAAAAAAAAAAAAAAAAAAAAAAAAAAAAAAAAAAAAAAAAAAAAAAAAAAAAAAAAAAAAAAAAAAAAAAAAAAAAAAAAAAAAAAAAAAAAAAAAAAAAAAAAAAAAAAAAAAAAAAAAAAAAAAAAAAAAAAAAAAAAAAAAAAAAAAAAAAAAAAAAAAAAAAAAAAAAAAAAAAAAAAAAAAAAAAAAAAAAAAAAAAAAAAAAAAAAAAAAAAAAAAAAAAAAAAAAAAAAAAAAAAAAAAAAAAAAAAAAAAAAAAAAAAAAAAAAAAAAAAAAAAAAAAAAAAAAAAAAAAAAAAAAAAAAAAAAAAAAAAAAAAAAAAAAAAAAAAAAAAAAAAAAAAAAAAAAAAAAAAAAAAAAAAAAAAAAAAAAAAAAAAAAAAAAAAAAAAAAAAAAAAAAAAAAAAAAAAAAAAAAAAAAAAAAAAAAAAAAAAAAAAAAAAAAAAAAAAAAAAAAAAAAAAAAAAAAAAAAAAAAAAAAAAAAAAAAAAAAAAAAAAAAAAAAAAAAAAAAAAAAAAAAAAAAAAAAAAAAAAAAAAAAAAAAAAAAAAAAAAAAAAAAAAAAAAAAAAAAAAAAAAAAAAAAAAAAAAAAAAAAAAAAAAAAAAAAAAAAAAAAAAAAAAAAAAAAAAAAAAAAAAAAAAAAAAAAAAAAAAAAAAAAAAAAAAAAAAAAAAAAAAAAAAAAAAAAAAAAAAAAAAAAAAAAAAAAAAAAAAAAAAAAAAAAAAAAAAAAAAAAAAAAAAAAAAAAAAAAAAAAAAAAAAAAAAAAAAAAAAAAAAAAAAAAAAAAAAAAAAAAAAAAAAAAAAAAAAAAAAAAAAAAAAAAAAAAAAAAAAAAAAAAAAAAAAAAAAAAAAAAAAAAAAAAAAAAAAAAAAAAAAAAAAAAAAAAAAAAAAAAAAAAAAAAAAAAAAAAAAAAAAAAAAAAAAAAAAAAAAAAAAAAAAAAAAAAAAAAAAAAAAAAAAAAAAAAAAAAAAAAAAAAAAAAAAAAAAAAAAAAAAAAAAAAAAAAAAAAAAAAAAAAAAAAAAAAAAAAAAAAAAAAAAAAAAAAAAAAAAAAAAAAAAAAAAAAAAAAAAAAAAAAAAAAAAAAAAAAAAAAAAAAAAAAAAAAAAAAAAAAAAAAAAAAAAAAAAAAAAAAAAAAAAAAAAAAAAAAAAAAAAAAAAAAAAAAAAAAAAAAAAAAAAAAAAAAAAAAAAAAAAAAAAAAAAAAAAAAAAAAAAAAAAAAAAAAAAAAAAAAAAAAAAAAAAAAAAAAAAAAAAAAAAAAAAAAAAAAAAAAAAAAAAAAAAAAAAAAAAAAAAAAAAAAAAAAAAAAAAAAAAAAAAAAAAAAAAAAAAAAAAAAAAAAAAAAAAAAAAAAAAAAAAAAAAAAAAAAAAAAAAAAAAAAAAAAAAAAAAAAAAAAAAAAAAAAAAAAAAAAAAAAAAAAAAAAAAAAAAAAAAAAAAAAAAAAAAAAAAAAAAAAAAAAAAAAAAAAAAAAAAAAAAAAAAAAAAAAAAAAAAAAAAAAAAAAAAAAAAAAAAAAAAAAAAAAAAAAAAAAAAAAAAAAAAAAAAAAAAAAAAAAAAAAAAAAAAAAAAAAAAAAAAAAAAAAAAAAAAAAAAAAAAAAAAAAAAAAAAAAAAAAAAAAAAAAAAAAAAAAAAAAAAAAAAAAAAAAAAAAAAAAAAAAAAAAAAAAAAAAAAAAAAAAAAAAAAAAAAAAAAAAAAAAAAAAAAAAAAAAAAAAAAAAAAAAAAAAAAAAAAAAAAAAAAAAAAAAAAAAAAAAAAAAAAAAAAAAAAAAAAAAAAAAAAAAAAAAAAAAAAAAAAAAAAAAAAAAAAAAAAAAAAAAAAAAAAAAAAAAAAAAAAAAAAAAAAAAAAAAAAAAAAAAAAAAAAAAAAAAAAAAAAAAAAAAAAAAAAAAAAAAAAAAAAAAAAAAAAAAAAAAAAAAAAAAAAAAAAAAAAAAAAAAAAAAAAAAAAAAAAAAAAAAAAAAAAAAAAAAAAAAAAAAAAAAAAAAAAAAAAAAAAAAAAAAAAAAAAAAAAAAAAAAAAAAAAAAAAAAAAAAAAAAAAAAAAAAAAAAAAAAAAAAAAAAAAAAAAAAAAAAAAAAAAAAAAAAAAAAAAAAAAAAAAAAAAAAAAAAAAAAAAAAAAAAAAAAAAAAAAAAAAAAAAAAAAAAAAAAAAAAAAAAAAAAAAAAAAAAAAAAAAAAAAAAAAAAAAAAAAAAAAAAAAAAAAAAAAAAAAAAAAAAAAAAAAAAAAAAAAAAAAAAAAAAAAAAAAAAAAAAAAAAAAAAAAAAAAAAAAAAAAAAAAAAAAAAAAAAAAAAAAAAAAAAAAAAAAAAAAAAAAAAAAAAAAAAAAAAAAAAAAAAAAAAAAAAAAAAAAAAAAAAAAAAAAAAAAAAAAAAAAAAAAAAAAAAAAAAAAAAAAAAAAAAAAAAAAAAAAAAAAAAAAAAAAAAAAAAAAAAAAAAAAAAAAAAAAAAAAAAAAAAAAAAAAAAAAAAAAAAAAAAAAAAAAAAAAAAAAAAAAAAAAAAAAAAAAAAAAAAAAAAAAAAAAAAAAAAAAAAAAAAAAAAAAAAAAAAAAAAAAAAAAAAAAAAAAAAAAAAAAAAAAAAAAAAAAAAAAAAAAAAAAAAAAAAAAAAAAAAAAAAAAAAAAAAAAAAAAAAAAAAAAAAAAAAAAAAAAAAAAAAAAAAAAAAAAAAAAAAAAAAAAAAAAAAAAAAAAAAAAAAAAAAAAAAAAAAAAAAAAAAAAAAAAAAAAAAAAAAAAAAAAAAAAAAAAAAAAAAAAAAAAAAAAAAAAAAAAAAAAAAAAAAAAAAAAAAAAAAAAAAAAAAAAAAAAAAAAAAAAAAAAAAAAAAAAAAAAAAAAAAAAAAAAAAAAAAAAAAAAAAAAAAAAAAAAAAAAAAAAAAAAAAAAAAAAAAAAAAAAAAAAAAAAAAAAAAAAAAAAAAAAAAAAAAAAAAAAAAAAAAAAAAAAAAAAAAAAAAAAAAAAAAAAAAAAAAAAAAAAAAAAAAAAAAAAAAAAAAAAAAAAAAAAAAAAAAAAAAAAAAAAAAAAAAAAAAAAAAAAAAAAAAAAAAAAAAAAAAAAAAAAAAAAAAAAAAAAAAAAAAAAAAAAAAAAAAAAAAAAAAAAAAAAAAAAAAAAAAAAAAAAAAAAAAAAAAAAAAAAAAAAAAAAAAAAAAAAAAAAAAAAAAAAAAAAAAAAAAAAAAAAAAAAAAAAAAAAAAAAAAAAAAAAAAAAAAAAAAAAAAAAAAAAAAAAAAAAAAAAAAAAAAAAAAAAAAAAAAAAAAAAAAAAAAAAAAAAAAAAAAAAAAAAAAAAAAAAAAAAAAAAAAAAAAAAAAAAAAAAAAAAAAAAAAAAAAAAAAAAAAAAAAAAAAAAAAAAAAAAAAAAAAAAAAAAAAAAAAAAAAAAAAAAAAAAAAAAAAAAAAAAAAAAAAAAAAAAAAAAAAAAAAAAAAAAAAAAAAAAAAAAAAAAAAAAAAAAAAAAAAAAAAAAAAAAAAAAAAAAAAAAAAAAAAAAAAAAAAAAAAAAAAAAAAAAAAAAAAAAAAAAAAAAAAAAAAAAAAAAAAAAAAAAAAAAAAAAAAAAAAAAAAAAAAAAAAAAAAAAAAAAAAAAAAAAAAAAAAAAAAAAAAAAAAAAAAAAAAAAAAAAAAAAAAAAAAAAAAAAAAAAAAAAAAAAAAAAAAAAAAAAAAAAAAAAAAAAAAAAAAAAAAAAAAAAAAAAAAAAAAAAAAAAAAAAAAAAAAAAAAAAAAAAAAAAAAAAAAAAAAAAAAAAAAAAAAAAAAAAAAAAAAAAAAAAAAAAAAAAAAAAAAAAAAAAAAAAAAAAAAAAAAAAAAAAAAAAAAAAAAAAAAAAAAAAAAAAAAAAAAAAAAAAAAAAAAAAAAAAAAAAAAAAAAAAAAAAAAAAAAAAAAAAAAAAAAAAAAAAAAAAAAAAAAAAAAAAAAAAAAAAAAAAAAAAAAAAAAAAAAAAAAAAAAAAAAAAAAAAAAAAAAAAAAAAAAAAAAAAAAAAAAAAAAAAAAAAAAAAAAAAAAAAAAAAAAAAAAAAAAAAAAAAAAAAAAAAAAAAAAAAAAAAAAAAAAAAAAAAAAAAAAAAAAAAAAAAAAAAAAAAAAAAAAAAAAAAAAAAAAAAAAAAAAAAAAAAAAAAAAAAAAAAAAAAAAAAAAAAAAAAAAAAAAAAAAAAAAAAAAAAAAAAAAAAAAAAAAAAAAAAAAAAAAAAAAAAAAAAAAAAAAAAAAAAAAAAAAAAAAAAAAAAAAAAAAAAAAAAAAAAAAAAAAAAAAAAAAAAAAAAAAAAAAAAAAAAAAAAAAAAAAAAAAAAAAAAAAAAAAAAAAAAAAAAAAAAAAAAAAAAAAAAAAAAAAAAAAAAAAAAAAAAAAAAAAAAAAAAAAAAAAAAAAAAAAAAAAAAAAAAAAAAAAAAAAAAAAAAAAAAAAAAAAAAAAAAAAAAAAAAAAAAAAAAAAAAAAAAAAAAAAAAAAAAAAAAAAAAAAAAAAAAAAAAAAAAAAAAAAAAAAAAAAAAAAAAAAAAAAAAAAAAAAAAAAAAAAAAAAAAAAAAAAAAAAAAAAAAAAAAAAAAAAAAAAAAAAAAAAAAAAAAAAAAAAAAAAAAAAAAAAAAAAAAAAAAAAAAAAAAAAAAAAAAAAAAAAAAAAAAAAAAAAAAAAAAAAAAAAAAAAAAAAAAAAAAAAAAAAAAAAAAAAAAAAAAAAAAAAAAAAAAAAAAAAAAAAAAAAAAAAAAAAAAAAAAAAAAAAAAAAAAAAAAAAAAAAAAAAAAAAAAAAAAAAAAAAAAAAAAAAAAAAAAAAAAAAAAAAAAAAAAAAAAAAAAAAAAAAAAAAAAAAAAAAAAAAAAAAAAAAAAAAAAAAAAAAAAAAAAAAAAAAAAAAAAAAAAAAAAAAAAAAAAAAAAAAAAAAAAAAAAAAAAAAAAAAAAAAAAAAAAAAAAAAAAAAAAAAAAAAAAAAAAAAAAAAAAAAAAAAAAAAAAAAAAAAAAAAAAAAAAAAAAAAAAAAAAAAAAAAAAAAAAAAAAAAAAAAAAAAAAAAAAAAAAAAAAAAAAAAAAAAAAAAAAAAAAAAAAAAAAAAAAAAAAAAAAAAAAAAAAAAAAAAAAAAAAAAAAAAAAAAAAAAAAAAAAAAAAAAAAAAAAAAAAAAAAAAAAAAAAAAAAAAAAAAAAAAAAAAAAAAAAAAAAAAAAAAAAAAAAAAAAAAAAAAAAAAAAAAAAAAAAAAAAAAAAAAAAAAAAAAAAAAAAAAAAAAAAAAAAAAAAAAAAAAAAAAAAAAAAAAAAAAAAAAAAAAAAAAAAAAAAAAAAAAAAAAAAAAAAAAAAAAAAAAAAAAAAAAAAAAAAAAAAAAAAAAAAAAAAAAAAAAAAAAAAAAAAAAAAAAAAAAAAAAAAAAAAAAAAAAAAAAAAAAAAAAAAAAAAAAAAAAAAAAAAAAAAAAAAAAAAAAAAAAAAAAAAAAAAAAAAAAAAAAAAAAAAAAAAAAAAAAAAAAAAAAAAAAAAAAAAAAAAAAAAAAAAAAAAAAAAAAAAAAAAAAAAAAAAAAAAAAAAAAAAAAAAAAAAAAAAAAAAAAAAAAAAAAAAAAAAAAAAAAAAAAAAAAAAAAAAAAAAAAAAAAAAAAAAAAAAAAAAAAAAAAAAAAAAAAAAAAAAAAAAAAAAAAAAAAAAAAAAAAAAAAAAAAAAAAAAAAAAAAAAAAAAAAAAAAAAAAAAAAAAAAAAAAAAAAAAAAAAAAAAAAAAAAAAAAAAAAAAAAAAAAAAAAAAAAAAAAAAAAAAAAAAAAAAAAAAAAAAAAAAAAAAAAAAAAAAAAAAAAAAAAAAAAAAAAAAAAAAAAAAAAAAAAAAAAAAAAAAAAAAAAAAAAAAAAAAAAAAAAAAAAAAAAAAAAAAAAAAAAAAAAAAAAAAAAAAAAAAAAAAAAAAAAAAAAAAAAAAAAAAAAAAAAAAAAAAAAAAAAAAAAAAAAAAAAAAAAAAAAAAAAAAAAAAAAAAAAAAAAAAAAAAAAAAAAAAAAAAAAAAAAAAAAAAAAAAAAAAAAAAAAAAAAAAAAAAAAAAAAAAAAAAAAAAAAAAAAAAAAAAAAAAAAAAAAAAAAAAAAAAAAAAAAAAAAAAAAAAAAAAAAAAAAAAAAAAAAAAAAAAAAAAAAAAAAAAAAAAAAAAAAAAAAAAAAAAAAAAAAAAAAAAAAAAAAAAAAAAAAAAAAAAAAAAAAAAAAAAAAAAAAAAAAAAAAAAAAAAAAAAAAAAAAAAAAAAAAAAAAAAAAAAAAAAAAAAAAAAAAAAAAAAAAAAAAAAAAAAAAAAAAAAAAAAAAAAAAAAAAAAAAAAAAAAAAAAAAAAAAAAAAAAAAAAAAAAAAAAAAAAAAAAAAAAAAAAAAAAAAAAAAAAAAAAAAAAAAAAAAAAAAAAAAAAAAAAAAAAAAAAAAAAAAAAAAAAAAAAAAAAAAAAAAAAAAAAAAAAAAAAAAAAAAAAAAAAAAAAAAAAAAAAAAAAAAAAAAAAAAAAAAAAAAAAAAAAAAAAAAAAAAAAAAAAAAAAAAAAAAAAAAAAAAAAAAAAAAAAAAAAAAAAAAAAAAAAAAAAAAAAAAAAAAAAAAAAAAAAAAAAAAAAAAAAAAAAAAAAAAAAAAAAAAAAAAAAAAAAAAAAAAAAAAAAAAAAAAAAAAAAAAAAAAAAAAAAAAAAAAAAAAAAAAAAAAAAAAAAAAAAAAAAAAAAAAAAAAAAAAAAAAAAAAAAAAAAAAAAAAAAAAAAAAAAAAAAAAAAAAAAAAAAAAAAAAAAAAAAAAAAAAAAAAAAAAAAAAAAAAAAAAAAAAAAAAAAAAAAAAAAAAAAAAAAAAAAAAAAAAAAAAAAAAAAAAAAAAAAAAAAAAAAAAAAAAAAAAAAAAAAAAAAAAAAAAAAAAAAAAAAAAAAAAAAAAAAAAAAAAAAAAAAAAAAAAAAAAAAAAAAAAAAAAAAAAAAAAAAAAAAAAAAAAAAAAAAAAAAAAAAAAAAAAAAAAAAAAAAAAAAAAAAAAAAAAAAAAAAAAAAAAAAAAAAAAAAAAAAAAAAAAAAAAAAAAAAAAAAAAAAAAAAAAAAAAAAAAAAAAAAAAAAAAAAAAAAAAAAAAAAAAAAAAAAAAAAAAAAAAAAAAAAAAAAAAAAAAAAAAAAAAAAAAAAAAAAAAAAAAAAAAAAAAAAAAAAAAAAAAAAAAAAAAAAAAAAAAAAAAAAAAAAAAAAAAAAAAAAAAAAAAAAAAAAAAAAAAAAAAAAAAAAAAAAAAAAAAAAAAAAAAAAAAAAAAAAAAAAAAAAAAAAAAAAAAAAAAAAAAAAAAAAAAAAAAAAAAAAAAAAAAAAAAAAAAAAAAAAAAAAAAAAAAAAAAAAAAAAAAAAAAAAAAAAAAAAAAAAAAAAAAAAAAAAAAAAAAAAAAAAAAAAAAAAAAAAAAAAAAAAAAAAAAAAAAAAAAAAAAAAAAAAAAAAAAAAAAAAAAAAAAAAAAAAAAAAAAAAAAAAAAAAAAAAAAAAAAAAAAAAAAAAAAAAAAAAAAAAAAAAAAAAAAAAAAAAAAAAAAAAAAAAAAAAAAAAAAAAAAAAAAAAAAAAAAAAAAAAAAAAAAAAAAAAAAAAAAAAAAAAAAAAAAAAAAAAAAAAAAAAAAAAAAAAAAAAAAAAAAAAAAAAAAAAAAAAAAAAAAAAAAAAAAAAAAAAAAAAAAAAAAAAAAAAAAAAAAAAAAAAAAAAAAAAAAAAAAAAAAAAAAAAAAAAAAAAAAAAAAAAAAAAAAAAAAAAAAAAAAAAAAAAAAAAAAAAAAAAAAAAAAAAAAAAAAAAAAAAAAAAAAAAAAAAAAAAAAAAAAAAAAAAAAAAAAAAAAAAAAAAAAAAAAAAAAAAAAAAAAAAAAAAAAAAAAAAAAAAAAAAAAAAAAAAAAAAAAAAAAAAAAAAAAAAAAAAAAAAAAAAAAAAAAAAAAAAAAAAAAAAAAAAAAAAAAAAAAAAAAAAAAAAAAAAAAAAAAAAAAAAAAAAAAAAAAAAAAAAAAAAAAAAAAAAAAAAAAAAAAAAAAAAAAAAAAAAAAAAAAAAAAAAAAAAAAAAAAAAAAAAAAAAAAAAAAAAAAAAAAAAAAAAAAAAAAAAAAAAAAAAAAAAAAAAAAAAAAAAAAAAAAAAAAAAAAAAAAAAAAAAAAAAAAAAAAAAAAAAAAAAAAAAAAAAAAAAAAAAAAAAAAAAAAAAAAAAAAAAAAAAAAAAAAAAAAAAAAAAAAAAAAAAAAAAAAAAAAAAAAAAAAAAAAAAAAAAAAAAAAAAAAAAAAAAAAAAAAAAAAAAAAAAAAAAAAAAAAAAAAAAAAAAAAAAAAAAAAAAAAAAAAAAAAAAAAAAAAAAAAAAAAAAAAAAAAAAAAAAAAAAAAAAAAAAAAAAAAAAAAAAAAAAAAAAAAAAAAAAAAAAAAAAAAAAAAAAAAAAAAAAAAAAAAAAAAAAAAAAAAAAAAAAAAAAAAAAAAAAAAAAAAAAAAAAAAAAAAAAAAAAAAAAAAAAAAAAAAAAAAAAAAAAAAAAAAAAAAAAAAAAAAAAAAAAAAAAAAAAAAAAAAAAAAAAAAAAAAAAAAAAAAAAAAAAAAAAAAAAAAAAAAAAAAAAAAAAAAAAAAAAAAAAAAAAAAAAAAAAAAAAAAAAAAAAAAAAAAAAAAAAAAAAAAAAAAAAAAAAAAAAAAAAAAAAAAAAAAAAAAAAAAAAAAAAAAAAAAAAAAAAAAAAAAAAAAAAAAAAAAAAAAAAAAAAAAAAAAAAAAAAAAAAAAAAAAAAAAAAAAAAAAAAAAAAAAAAAAAAAAAAAAAAAAAAAAAAAAAAAAAAAAAAAAAAAAAAAAAAAAAAAAAAAAAAAAAAAAAAAAAAAAAAAAAAAAAAAAAAAAAAAAAAAAAAAAAAAAAAAAAAAAAAAAAAAAAAAAAAAAAAAAAAAAAAAAAAAAAAAAAAAAAAAAAAAAAAAAAAAAAAAAAAAAAAAAAAAAAAAAAAAAAAAAAAAAAAAAAAAAAAAAAAAAAAAAAAAAAAAAAAAAAAAAAAAAAAAAAAAAAAAAAAAAAAAAAAAAAAAAAAAAAAAAAAAAAAAAAAAAAAAAAAAAAAAAAAAAAAAAAAAAAAAAAAAAAAAAAAAAAAAAAAAAAAAAAAAAAAAAAAAAAAAAAAAAAAAAAAAAAAAAAAAAAAAAAAAAAAAAAAAAAAAAAAAAAAAAAAAAAAAAAAAAAAAAAAAAAAAAAAAAAAAAAAAAAAAAAAAAAAAAAAAAAAAAAAAAAAAAAAAAAAAAAAAAAAAAAAAAAAAAAAAAAAAAAAAAAAAAAAAAAAAAAAAAAAAAAAAAAAAAAAAAAAAAAAAAAAAAAAAAAAAAAAAAAAAAAAAAAAAAAAAAAAAAAAAAAAAAAAAAAAAAAAAAAAAAAAAAAAAAAAAAAAAAAAAAAAAAAAAAAAAAAAAAAAAAAAAAAAAAAAAAAAAAAAAAAAAAAAAAAAAAAAAAAAAAAAAAAAAAAAAAAAAAAAAAAAAAAAAAAAAAAAAAAAAAAAAAAAAAAAAAAAAAAAAAAAAAAAAAAAAAAAAAAAAAAAAAAAAAAAAAAAAAAAAAAAAAAAAAAAAAAAAAAAAAAAAAAAAAAAAAAAAAAAAAAAAAAAAAAAAAAAAAAAAAAAAAAAAAAAAAAAAAAAAAAAAAAAAAAAAAAAAAAAAAAAAAAAAAAAAAAAAAAAAAAAAAAAAAAAAAAAAAAAAAAAAAAAAAAAAAAAAAAAAAAAAAAAAAAAAAAAAAAAAAAAAAAAAAAAAAAAAAAAAAAAAAAAAAAAAAAAAAAAAAAAAAAAAAAAAAAAAAAAAAAAAAAAAAAAAAAAAAAAAAAAAAAAAAAAAAAAAAAAAAAAAAAAAAAAAAAAAAAAAAAAAAAAAAAAAAAAAAAAAAAAAAAAAAAAAAAAAAAAAAAAAAAAAAAAAAAAAAAAAAAAAAAAAAAAAAAAAAAAAAAAAAAAAAAAAAAAAAAAAAAAAAAAAAAAAAAAAAAAAAAAAAAAAAAAAAAAAAAAAAAAAAAAAAAAAAAAAAAAAAAAAAAAAAAAAAAAAAAAAAAAAAAAAAAAAAAAAAAAAAAAAAAAAAAAAAAAAAAAAAAAAAAAAAAAAAAAAAAAAAAAAAAAAAAAAAAAAAAAAAAAAAAAAAAAAAAAAAAAAAAAAAAAAAAAAAAAAAAAAAAAAAAAAAAAAAAAAAAAAAAAAAAAAAAAAAAAAAAAAAAAAAAAAAAAAAAAAAAAAAAAAAAAAAAAAAAAAAAAAAAAAAAAAAAAAAAAAAAAAAAAAAAAAAAAAAAAAAAAAAAAAAAAAAAAAAAAAAAAAAAAAAAAAAAAAAAAAAAAAAAAAAAAAAAAAAAAAAAAAAAAAAAAAAAAAAAAAAAAAAAAAAAAAAAAAAAAAAAAAAAAAAAAAAAAAAAAAAAAAAAAAAAAAAAAAAAAAAAAAAAAAAAAAAAAAAAAAAAAAAAAAAAAAAAAAAAAAAAAAAAAAAAAAAAAAAAAAAAAAAAAAAAAAAAAAAAAAAAAAAAAAAAAAAAAAAAAAAAAAAAAAAAAAAAAAAAAAAAAAAAAAAAAAAAAAAAAAAAAAAAAAAAAAAAAAAAAAAAAAAAAAAAAAAAAAAAAAAAAAAAAAAAAAAAAAAAAAAAAAAAAAAAAAAAAAAAAAAAAAAAAAAAAAAAAAAAAAAAAAAAAAAAAAAAAAAAAAAAAAAAAAAAAAAAAAAAAAAAAAAAAAAAAAAAAAAAAAAAAAAAAAAAAAAAAAAAAAAAAAAAAAAAAAAAAAAAAAAAAAAAAAAAAAAAAAAAAAAAAAAAAAAAAAAAAAAAAAAAAAAAAAAAAAAAAAAAAAAAAAAAAAAAAAAAAAAAAAAAAAAAAAAAAAAAAAAAAAAAAAAAAAAAAAAAAAAAAAAAAAAAAAAAAAAAAAAAAAAAAAAAAAAAAAAAAAAAAAAAAAAAAAAAAAAAAAAAAAAAAAAAAAAAAAAAAAAAAAAAAAAAAAAAAAAAAAAAAAAAAAAAAAAAAAAAAAAAAAAAAAAAAAAAAAAAAAAAAAAAAAAAAAAAAAAAAAAAAAAAAAAAAAAAAAAAAAAAAAAAAAAAAAAAAAAAAAAAAAAAAAAAAAAAAAAAAAAAAAAAAAAAAAAAAAAAAAAAAAAAAAAAAAAAAAAAAAAAAAAAAAAAAAAAAAAAAAAAAAAAAAAAAAAAAAAAAAAAAAAAAAAAAAAAAAAAAAAAAAAAAAAAAAAAAAAAAAAAAAAAAAAAAAAAAAAAAAAAAAAAAAAAAAAAAAAAAAAAAAAAAAAAAAAAAAAAAAAAAAAAAAAAAAAAAAAAAAAAAAAAAAAAAAAAAAAAAAAAAAAAAAAAAAAAAAAAAAAAAAAAAAAAAAAAAAAAAAAAAAAAAAAAAAAAAAAAAAAAAAAAAAAAAAAAAAAAAAAAAAAAAAAAAAAAAAAAAAAAAAAAAAAAAAAAAAAAAAAAAAAAAAAAAAAAAAAAAAAAAAAAAAAAAAAAAAAAAAAAAAAAAAAAAAAAAAAAAAAAAAAAAAAAAAAAAAAAAAAAAAAAAAAAAAAAAAAAAAAAAAAAAAAAAAAAAAAAAAAAAAAAAAAAAAAAAAAAAAAAAAAAAAAAAAAAAAAAAAAAAAAAAAAAAAAAAAAAAAAAAAAAAAAAAAAAAAAAAAAAAAAAAAAAAAAAAAAAAAAAAAAAAAAAAAAAAAAAAAAAAAAAAAAAAAAAAAAAAAAAAAAAAAAAAAAAAAAAAAAAAAAAAAAAAAAAAAAAAAAAAAAAAAAAAAAAAAAAAAAAAAAAAAAAAAAAAAAAAAAAAAAAAAAAAAAAAAAAAAAAAAAAAAAAAAAAAAAAAAAAAAAAAAAAAAAAAAAAAAAAAAAAAAAAAAAAAAAAAAAAAAAAAAAAAAAAAAAAAAAAAAAAAAAAAAAAAAAAAAAAAAAAAAAAAAAAAAAAAAAAAAAAAAAAAAAAAAAAAAAAAAAAAAAAAAAAAAAAAAAAAAAAAAAAAAAAAAAAAAAAAAAAAAAAAAAAAAAAAAAAAAAAAAAAAAAAAAAAAAAAAAAAAAAAAAAAAAAAAAAAAAAAAAAAAAAAAAAAAAAAAAAAAAAAAAAAAAAAAAAAAAAAAAAAAAAAAAAAAAAAAAAAAAAAAAAAAAAAAAAAAAAAAAAAAAAAAAAAAAAAAAAAAAAAAAAAAAAAAAAAAAAAAAAAAAAAAAAAAAAAAAAAAAAAAAAAAAAAAAAAAAAAAAAAAAAAAAAAAAAAAAAAAAAAAAAAAAAAAAAAAAAAAAAAAAAAAAAAAAAAAAAAAAAAAAAAAAAAAAAAAAAAAAAAAAAAAAAAAAAAAAAAAAAAAAAAAAAAAAAAAAAAAAAAAAAAAAAAAAAAAAAAAAAAAAAAAAAAAAAAAAAAAAAAAAAAAAAAAAAAAAAAAAAAAAAAAAAAAAAAAAAAAAAAAAAAAAAAAAAAAAAAAAAAAAAAAAAAAAAAAAAAAAAAAAAAAAAAAAAAAAAAAAAAAAAAAAAAAAAAAAAAAAAAAAAAAAAAAAAAAAAAAAAAAAAAAAAAAAAAAAAAAAAAAAAAAAAAAAAAAAAAAAAAAAAAAAAAAAAAAAAAAAAAAAAAAAAAAAAAAAAAAAAAAAAAAAAAAAAAAAAAAAAAAAAAAAAAAAAAAAAAAAAAAAAAAAAAAAAAAAAAAAAAAAAAAAAAAAAAAAAAAAAAAAAAAAAAAAAAAAAAAAAAAAAAAAAAAAAAAAAAAAAAAAAAAAAAAAAAAAAAAAAAAAAAAAAAAAAAAAAAAAAAAAAAAAAAAAAAAAAAAAAAAAAAAAAAAAAAAAAAAAAAAAAAAAAAAAAAAAAAAAAAAAAAAAAAAAAAAAAAAAAAAAAAAAAAAAAAAAAAAAAAAAAAAAAAAAAAAAAAAAAAAAAAAAAAAAAAAAAAAAAAAAAAAAAAAAAAAAAAAAAAAAAAAAAAAAAAAAAAAAAAAAAAAAAAAAAAAAAAAAAAAAAAAAAAAAAAAAAAAAAAAAAAAAAAAAAAAAAAAAAAAAAAAAAAAAAAAAAAAAAAAAAAAAAAAAAAAAAAAAAAAAAAAAAAAAAAAAAAAAAAAAAAAAAAAAAAAAAAAAAAAAAAAAAAAAAAAAAAAAAAAAAAAAAAAAAAAAAAAAAAAAAAAAAAAAAAAAAAAAAAAAAAAAAAAAAAAAAAAAAAAAAAAAAAAAAAAAAAAAAAAAAAAAAAAAAAAAAAAAAAAAAAAAAAAAAAAAAAAAAAAAAAAAAAAAAAAAAAAAAAAAAAAAAAAAAAAAAAAAAAAAAAAAAAAAAAAAAAAAAAAAAAAAAAAAAAAAAAAAAAAAAAAAAAAAAAAAAAAAAAAAAAAAAAAAAAAAAAAAAAAAAAAAAAAAAAAAAAAAAAAAAAAAAAAAAAAAAAAAAAAAAAAAAAAAAAAAAAAAAAAAAAAAAAAAAAAAAAAAAAAAAAAAAAAAAAAAAAAAAAAAAAAAAAAAAAAAAAAAAAAAAAAAAAAAAAAAAAAAAAAAAAAAAAAAAAAAAAAAAAAAAAAAAAAAAAAAAAAAAAAAAAAAAAAAAAAAAAAAAAAAAAAAAAAAAAAAAAAAAAAAAAAAAAAAAAAAAAAAAAAAAAAAAAAAAAAAAAAAAAAAAAAAAAAAAAAAAAAAAAAAAAAAAAAAAAAAAAAAAAAAAAAAAAAAAAAAAAAAAAAAAAAAAAAAAAAAAAAAAAAAAAAAAAAAAAAAAAAAAAAAAAAAAAAAAAAAAAAAAAAAAAAAAAAAAAAAAAAAAAAAAAAAAAAAAAAAAAAAAAAAAAAAAAAAAAAAAAAAAAAAAAAAAAAAAAAAAAAAAAAAAAAAAAAAAAAAAAAAAAAAAAAAAAAAAAAAAAAAAAAAAAAAAAAAAAAAAAAAAAAAAAAAAAAAAAAAAAAAAAAAAAAAAAAAAAAAAAAAAAAAAAAAAAAAAAAAAAAAAAAAAAAAAAAAAAAAAAAAAAAAAAAAAAAAAAAAAAAAAAAAAAAAAAAAAAAAAAAAAAAAAAAAAAAAAAAAAAAAAAAAAAAAAAAAAAAAAAAAAAAAAAAAAAAAAAAAAAAAAAAAAAAAAAAAAAAAAAAAAAAAAAAAAAAAAAAAAAAAAAAAAAAAAAAAAAAAAAAAAAAAAAAAAAAAAAAAAAAAAAAAAAAAAAAAAAAAAAAAAAAAAAAAAAAAAAAAAAAAAAAAAAAAAAAAAAAAAAAAAAAAAAAAAAAAAAAAAAAAAAAAAAAAAAAAAAAAAAAAAAAAAAAAAAAAAAAAAAAAAAAAAAAAAAAAAAAAAAAAAAAAAAAAAAAAAAAAAAAAAAAAAAAAAAAAAAAAAAAAAAAAAAAAAAAAAAAAAAAAAAAAAAAAAAAAAAAAAAAAAAAAAAAAAAAAAAAAAAAAAAAAAAAAAAAAAAAAAAAAAAAAAAAAAAAAAAAAAAAAAAAAAAAAAAAAAAAAAAAAAAAAAAAAAAAAAAAAAAAAAAAAAAAAAAAAAAAAAAAAAAAAAAAAAAAAAAAAAAAAAAAAAAAAAAAAAAAAAAAAAAAAAAAAAAAAAAAAAAAAAAAAAAAAAAAAAAAAAAAAAAAAAAAAAAAAAAAAAAAAAAAAAAAAAAAAAAAAAAAAAAAAAAAAAAAAAAAAAAAAAAAAAAAAAAAAAAAAAAAAAAAAAAAAAAAAAAAAAAAAAAAAAAAAAAAAAAAAAAAAAAAAAAAAAAAAAAAAAAAAAAAAAAAAAAAAAAAAAAAAAAAAAAAAAAAAAAAAAAAAAAAAAAAAAAAAAAAAAAAAAAAAAAAAAAAAAAAAAAAAAAAAAAAAAAAAAAAAAAAAAAAAAAAAAAAAAAAAAAAAAAAAAAAAAAAAAAAAAAAAAAAAAAAAAAAAAAAAAAAAAAAAAAAAAAAAAAAAAAAAAAAAAAAAAAAAAAAAAAAAAAAAAAAAAAAAAAAAAAAAAAAAAAAAAAAAAAAAAAAAAAAAAAAAAAAAAAAAAAAAAAAAAAAAAAAAAAAAAAAAAAAAAAAAAAAAAAAAAAAAAAAAAAAAAAAAAAAAAAAAAAAAAAAAAAAAAAAAAAAAAAAAAAAAAAAAAAAAAAAAAAAAAAAAAAAAAAAAAAAAAAAAAAAAAAAAAAAAAAAAAAAAAAAAAAAAAAAAAAAAAAAAAAAAAAAAAAAAAAAAAAAAAAAAAAAAAAAAAAAAAAAAAAAAAAAAAAAAAAAAAAAAAAAAAAAAAAAAAAAAAAAAAAAAAAAAAAAAAAAAAAAAAAAAAAAAAAAAAAAAAAAAAAAAAAAAAAAAAAAAAAAAAAAAAAAAAAAAAAAAAAAAAAAAAAAAAAAAAAAAAAAAAAAAAAAAAAAAAAAAAAAAAAAAAAAAAAAAAAAAAAAAAAAAAAAAAAAAAAAAAAAAAAAAAAAAAAAAAAAAAAAAAAAAAAAAAAAAAAAAAAAAAAAAAAAAAAAAAAAAAAAAAAAAAAAAAAAAAAAAAAAAAAAAAAAAAAAAAAAAAAAAAAAAAAAAAAAAAAAAAAAAAAAAAAAAAAAAAAAAAAAAAAAAAAAAAAAAAAAAAAAAAAAAAAAAAAAAAAAAAAAAAAAAAAAAAAAAAAAAAAAAAAAAAAAAAAAAAAAAAAAAAAAAAAAAAAAAAAAAAAAAAAAAAAAAAAAAAAAAAAAAAAAAAAAAAAAAAAAAAAAAAAAAAAAAAAAAAAAAAAAAAAAAAAAAAAAAAAAAAAAAAAAAAAAAAAAAAAAAAAAAAAAAAAAAAAAAAAAAAAAAAAAAAAAAAAAAAAAAAAAAAAAAAAAAAAAAAAAAAAAAAAAAAAAAAAAAAAAAAAAAAAAAAAAAAAAAAAAAAAAAAAAAAAAAAAAAAAAAAAAAAAAAAAAAAAAAAAAAAAAAAAAAAAAAAAAAAAAAAAAAAAAAAAAAAAAAAAAAAAAAAAAAAAAAAAAAAAAAAAAAAAAAAAAAAAAAAAAAAAAAAAAAAAAAAAAAAAAAAAAAAAAAAAAAAAAAAAAAAAAAAAAAAAAAAAAAAAAAAAAAAAAAAAAAAAAAAAAAAAAAAAAAAAAAAAAAAAAAAAAAAAAAAAAAAAAAAAAAAAAAAAAAAAAAAAAAAAAAAAAAAAAAAAAAAAAAAAAAAAAAAAAAAAAAAAAAAAAAAAAAAAAAAAAAAAAAAAAAAAAAAAAAAAAAAAAAAAAAAAAAAAAAAAAAAAAAAAAAAAAAAAAAAAAAAAAAAAAAAAAAAAAAAAAAAAAAAAAAAAAAAAAAAAAAAAAAAAAAAAAAAAAAAAAAAAAAAAAAAAAAAAAAAAAAAAAAAAAAAAAAAAAAAAAAAAAAAAAAAAAAAAAAAAAAAAAAAAAAAAAAAAAAAAAAAAAAAAAAAAAAAAAAAAAAAAAAAAAAAAAAAAAAAAAAAAAAAAAAAAAAAAAAAAAAAAAAAAAAAAAAAAAAAAAAAAAAAAAAAAAAAAAAAAAAAAAAAAAAAAAAAAAAAAAAAAAAAAAAAAAAAAAAAAAAAAAAAAAAAAAAAAAAAAAAAAAAAAAAAAAAAAAAAAAAAAAAAAAAAAAAAAAAAAAAAAAAAAAAAAAAAAAAAAAAAAAAAAAAAAAAAAAAAAAAAAAAAAAAAAAAAAAAAAAAAAAAAAAAAAAAAAAAAAAAAAAAAAAAAAAAAAAAAAAAAAAAAAAAAAAAAAAAAAAAAAAAAAAAAAAAAAAAAAAAAAAAAAAAAAAAAAAAAAAAAAAAAAAAAAAAAAAAAAAAAAAAAAAAAAAAAAAAAAAAAAAAAAAAAAAAAAAAAAAAAAAAAAAAAAAAAAAAAAAAAAAAAAAAAAAAAAAAAAAAAAAAAAAAAAAAAAAAAAAAAAAAAAAAAAAAAAAAAAAAAAAAAAAAAAAAAAAAAAAAAAAAAAAAAAAAAAAAAAAAAAAAAAAAAAAAAAAAAAAAAAAAAAAAAAAAAAAAAAAAAAAAAAAAAAAAAAAAAAAAAAAAAAAAAAAAAAAAAAAAAAAAAAAAAAAAAAAAAAAAAAAAAAAAAAAAAAAAAAAAAAAAAAAAAAAAAAAAAAAAAAAAAAAAAAAAAAAAAAAAAAAAAAAAAAAAAAAAAAAAAAAAAAAAAAAAAAAAAAAAAAAAAAAAAAAAAAAAAAAAAAAAAAAAAAAAAAAAAAAAAAAAAAAAAAAAAAAAAAAAAAAAAAAAAAAAAAAAAAAAAAAAAAAAAAAAAAAAAAAAAAAAAAAAAAAAAAAAAAAAAAAAAAAAAAAAAAAAAAAAAAAAAAAAAAAAAAAAAAAAAAAAAAAAAAAAAAAAAAAAAAAAAAAAAAAAAAAAAAAAAAAAAAAAAAAAAAAAAAAAAAAAAAAAAAAAAAAAAAAAAAAAAAAAAAAAAAAAAAAAAAAAAAAAAAAAAAAAAAAAAAAAAAAAAAAAAAAAAAAAAAAAAAAAAAAAAAAAAAAAAAAAAAAAAAAAAAAAAAAAAAAAAAAAAAAAAAAAAAAAAAAAAAAAAAAAAAAAAAAAAAAAAAAAAAAAAAAAAAAAAAAAAAAAAAAAAAAAAAAAAAAAAAAAAAAAAAAAAAAAAAAAAAAAAAAAAAAAAAAAAAAAAAAAAAAAAAAAAAAAAAAAAAAAAAAAAAAAAAAAAAAAAAAAAAAAAAAAAAAAAAAAAAAAAAAAAAAAAAAAAAAAAAAAAAAAAAAAAAAAAAAAAAAAAAAAAAAAAAAAAAAAAAAAAAAAAAAAAAAAAAAAAAAAAAAAAAAAAAAAAAAAAAAAAAAAAAAAAAAAAAAAAAAAAAAAAAAAAAAAAAAAAAAAAAAAAAAAAAAAAAAAAAAAAAAAAAAAAAAAAAAAAAAAAAAAAAAAAAAAAAAAAAAAAAAAAAAAAAAAAAAAAAAAAAAAAAAAAAAAAAAAAAAAAAAAAAAAAAAAAAAAAAAAAAAAAAAAAAAAAAAAAAAAAAAAAAAAAAAAAAAAAAAAAAAAAAAAAAAAAAAAAAAAAAAAAAAAAAAAAAAAAAAAAAAAAAAAAAAAAAAAAAAAAAAAAAAAAAAAAAAAAAAAAAAAAAAAAAAAAAAAAAAAAAAAAAAAAAAAAAAAAAAAAAAAAAAAAAAAAAAAAAAAAAAAAAAAAAAAAAAAAAAAAAAAAAAAAAAAAAAAAAAAAAAAAAAAAAAAAAAAAAAAAAAAAAAAAAAAAAAAAAAAAAAAAAAAAAAAAAAAAAAAAAAAAAAAAAAAAAAAAAAAAAAAAAAAAAAAAAAAAAAAAAAAAAAAAAAAAAAAAAAAAAAAAAAAAAAAAAAAAAAAAAAAAAAAAAAAAAAAAAAAAAAAAAAAAAAAAAAAAAAAAAAAAAAAAAAAAAAAAAAAAAAAAAAAAAAAAAAAAAAAAAAAAAAAAAAAAAAAAAAAAAAAAAAAAAAAAAAAAAAAAAAAAAAAAAAAAAAAAAAAAAAAAAAAAAAAAAAAAAAAAAAAAAAAAAAAAAAAAAAAAAAAAAAAAAAAAAAAAAAAAAAAAAAAAAAAAAAAAAAAAAAAAAAAAAAAAAAAAAAAAAAAAAAAAAAAAAAAAAAAAAAAAAAAAAAAAAAAAAAAAAAAAAAAAAAAAAAAAAAAAAAAAAAAAAAAAAAAAAAAAAAAAAAAAAAAAAAAAAAAAAAAAAAAAAAAAAAAAAAAAAAAAAAAAAAAAAAAAAAAAAAAAAAAAAAAAAAAAAAAAAAAAAAAAAAAAAAAAAAAAAAAAAAAAAAAAAAAAAAAAAAAAAAAAAAAAAAAAAAAAAAAAAAAAAAAAAAAAAAAAAAAAAAAAAAAAAAAAAAAAAAAAAAAAAAAAAAAAAAAAAAAAAAAAAAAAAAAAAAAAAAAAAAAAAAAAAAAAAAAAAAAAAAAAAAAAAAAAAAAAAAAAAAAAAAAAAAAAAAAAAAAAAAAAAAAAAAAAAAAAAAAAAAAAAAAAAAAAAAAAAAAAAAAAAAAAAAAAAAAAAAAAAAAAAAAAAAAAAAAAAAAAAAAAAAAAAAAAAAAAAAAAAAAAAAAAAAAAAAAAAAAAAAAAAAAAAAAAAAAAAAAAAAAAAAAAAAAAAAAAAAAAAAAAAAAAAAAAAAAAAAAAAAAAAAAAAAAAAAAAAAAAAAAAAAAAAAAAAAAAAAAAAAAAAAAAAAAAAAAAAAAAAAAAAAAAAAAAAAAAAAAAAAAAAAAAAAAAAAAAAAAAAAAAAAAAAAAAAAAAAAAAAAAAAAAAAAAAAAAAAAAAAAAAAAAAAAAAAAAAAAAAAAAAAAAAAAAAAAAAAAAAAAAAAAAAAAAAAAAAAAAAAAAAAAAAAAAAAAAAAAAAAAAAAAAAAAAAAAAAAAAAAAAAAAAAAAAAAAAAAAAAAAAAAAAAAAAAAAAAAAAAAAAAAAAAAAAAAAAAAAAAAAAAAAAAAAAAAAAAAAAAAAAAAAAAAAAAAAAAAAAAAAAAAAAAAAAAAAAAAAAAAAAAAAAAAAAAAAAAAAAAAAAAAAAAAAAAAAAAAAAAAAAAAAAAAAAAAAAAAAAAAAAAAAAAAAAAAAAAAAAAAAAAAAAAAAAAAAAAAAAAAAAAAAAAAAAAAAAAAAAAAAAAAAAAAAAAAAAAAAAAAAAAAAAAAAAAAAAAAAAAAAAAAAAAAAAAAAAAAAAAAAAAAAAAAAAAAAAAAAAAAAAAAAAAAAAAAAAAAAAAAAAAAAAAAAAAAAAAAAAAAAAAAAAAAAAAAAAAAAAAAAAAAAAAAAAAAAAAAAAAAAAAAAAAAAAAAAAAAAAAAAAAAAAAAAAAAAAAAAAAAAAAAAAAAAAAAAAAAAAAAAAAAAAAAAAAAAAAAAAAAAAAAAAAAAAAAAAAAAAAAAAAAAAAAAAAAAAAAAAAAAAAAAAAAAAAAAAAAAAAAAAAAAAAAAAAAAAAAAAAAAAAAAAAAAAAAAAAAAAAAAAAAAAAAAAAAAAAAAAAAAAAAAAAAAAAAAAAAAAAAAAAAAAAAAAAAAAAAAAAAAAAAAAAAAAAAAAAAAAAAAAAAAAAAAAAAAAAAAAAAAAAAAAAAAAAAAAAAAAAAAAAAAAAAAAAAAAAAAAAAAAAAAAAAAAAAAAAAAAAAAAAAAAAAAAAAAAAAAAAAAAAAAAAAAAAAAAAAAAAAAAAAAAAAAAAAAAAAAAAAAAAAAAAAAAAAAAAAAAAAAAAAAAAAAAAAAAAAAAAAAAAAAAAAAAAAAAAAAAAAAAAAAAAAAAAAAAAAAAAAAAAAAAAAAAAAAAAAAAAAAAAAAAAAAAAAAAAAAAAAAAAAAAAAAAAAAAAAAAAAAAAAAAAAAAAAAAAAAAAAAAAAAAAAAAAAAAAAAAAAAAAAAAAAAAAAAAAAAAAAAAAAAAAAAAAAAAAAAAAAAAAAAAAAAAAAAAAAAAAAAAAAAAAAAAAAAAAAAAAAAAAAAAAAAAAAAAAAAAAAAAAAAAAAAAAAAAAAAAAAAAAAAAAAAAAAAAAAAAAAAAAAAAAAAAAAAAAAAAAAAAAAAAAAAAAAAAAAAAAAAAAAAAAAAAAAAAAAAAAAAAAAAAAAAAAAAAAAAAAAAAAAAAAAAAAAAAAAAAAAAAAAAAAAAAAAAAAAAAAAAAAAAAAAAAAAAAAAAAAAAAAAAAAAAAAAAAAAAAAAAAAAAAAAAAAAAAAAAAAAAAAAAAAAAAAAAAAAAAAAAAAAAAAAAAAAAAAAAAAAAAAAAAAAAAAAAAAAAAAAAAAAAAAAAAAAAAAAAAAAAAAAAAAAAAAAAAAAAAAAAAAAAAAAAAAAAAAAAAAAAAAAAAAAAAAAAAAAAAAAAAAAAAAAAAAAAAAAAAAAAAAAAAAAAAAAAAAAAAAAAAAAAAAAAAAAAAAAAAAAAAAAAAAAAAAAAAAAAAAAAAAAAAAAAAAAAAAAAAAAAAAAAAAAAAAAAAAAAAAAAAAAAAAAAAAAAAAAAAAAAAAAAAAAAAAAAAAAAAAAAAAAAAAAAAAAAAAAAAAAAAAAAAAAAAAAAAAAAAAAAAAAAAAAAAAAAAAAAAAAAAAAAAAAAAAAAAAAAAAAAAAAAAAAAAAAAAAAAAAAAAAAAAAAAAAAAAAAAAAAAAAAAAAAAAAAAAAAAAAAAAAAAAAAAAAAAAAAAAAAAAAAAAAAAAAAAAAAAAAAAAAAAAAAAAAAAAAAAAAAAAAAAAAAAAAAAAAAAAAAAAAAAAAAAAAAAAAAAAAAAAAAAAAAAAAAAAAAAAAAAAAAAAAAAAAAAAAAAAAAAAAAAAAAAAAAAAAAAAAAAAAAAAAAAAAAAAAAAAAAAAAAAAAAAAAAAAAAAAAAAAAAAAAAAAAAAAAAAAAAAAAAAAAAAAAAAAAAAAAAAAAAAAAAAAAAAAAAAAAAAAAAAAAAAAAAAAAAAAAAAAAAAAAAAAAAAAAAAAAAAAAAAAAAAAAAAAAAAAAAAAAAAAAAAAAAAAAAAAAAAAAAAAAAAAAAAAAAAAAAAAAAAAAAAAAAAAAAAAAAAAAAAAAAAAAAAAAAAAAAAAAAAAAAAAAAAAAAAAAAAAAAAAAAAAAAAAAAAAAAAAAAAAAAAAAAAAAAAAAAAAAAAAAAAAAAAAAAAAAAAAAAAAAAAAAAAAAAAAAAAAAAAAAAAAAAAAAAAAAAAAAAAAAAAAAAAAAAAAAAAAAAAAAAAAAAAAAAAAAAAAAAAAAAAAAAAAAAAAAAAAAAAAAAAAAAAAAAAAAAAAAAAAAAAAAAAAAAAAAAAAAAAAAAAAAAAAAAAAAAAAAAAAAAAAAAAAAAAAAAAAAAAAAAAAAAAAAAAAAAAAAAAAAAAAAAAAAAAAAAAAAAAAAAAAAAAAAAAAAAAAAAAAAAAAAAAAAAAAAAAAAAAAAAAAAAAAAAAAAAAAAAAAAAAAAAAAAAAAAAAAAAAAAAAAAAAAAAAAAAAAAAAAAAAAAAAAAAAAAAAAAAAAAAAAAAAAAAAAAAAAAAAAAAAAAAAAAAAAAAAAAAAAAAAAAAAAAAAAAAAAAAAAAAAAAAAAAAAAAAAAAAAAAAAAAAAAAAAAAAAAAAAAAAAAAAAAAAAAAAAAAAAAAAAAAAAAAAAAAAAAAAAAAAAAAAAAAAAAAAAAAAAAAAAAAAAAAAAAAAAAAAAAAAAAAAAAAAAAAAAAAAAAAAAAAAAAAAAAAAAAAAAAAAAAAAAAAAAAAAAAAAAAAAAAAAAAAAAAAAAAAAAAAAAAAAAAAAAAAAAAAAAAAAAAAAAAAAAAAAAAAAAAAAAAAAAAAAAAAAAAAAAAAAAAAAAAAAAAAAAAAAAAAAAAAAAAAAAAAAAAAAAAAAAAAAAAAAAAAAAAAAAAAAAAAAAAAAAAAAAAAAAAAAAAAAAAAAAAAAAAAAAAAAAAAAAAAAAAAAAAAAAAAAAAAAAAAAAAAAAAAAAAAAAAAAAAAAAAAAAAAAAAAAAAAAAAAAAAAAAAAAAAAAAAAAAAAAAAAAAAAAAAAAAAAAAAAAAAAAAAAAAAAAAAAAAAAAAAAAAAAAAAAAAAAAAAAAAAAAAAAAAAAAAAAAAAAAAAAAAAAAAAAAAAAAAAAAAAAAAAAAAAAAAAAAAAAAAAAAAAAAAAAAAAAAAAAAAAAAAAAAAAAAAAAAAAAAAAAAAAAAAAAAAAAAAAAAAAAAAAAAAAAAAAAAAAAAAAAAAAAAAAAAAAAAAAAAAAAAAAAAAAAAAAAAAAAAAAAAAAAAAAAAAAAAAAAAAAAAAAAAAAAAAAAAAAAAAAAAAAAAAAAAAAAAAAAAAAAAAAAAAAAAAAAAAAAAAAAAAAAAAAAAAAAAAAAAAAAAAAAAAAAAAAAAAAAAAAAAAAAAAAAAAAAAAAAAAAAAAAAAAAAAAAAAAAAAAAAAAAAAAAAAAAAAAAAAAAAAAAAAAAAAAAAAAAAAAAAAAAAAAAAAAAAAAAAAAAAAAAAAAAAAAAAAAAAAAAAAAAAAAAAAAAAAAAAAAAAAAAAAAAAAAAAAAAAAAAAAAAAAAAAAAAAAAAAAAAAAAAAAAAAAAAAAAAAAAAAAAAAAAAAAAAAAAAAAAAAAAAAAAAAAAAAAAAAAAAAAAAAAAAAAAAAAAAAAAAAAAAAAAAAAAAAAAAAAAAAAAAAAAAAAAAAAAAAAAAAAAAAAAAAAAAAAAAAAAAAAAAAAAAAAAAAAAAAAAAAAAAAAAAAAAAAAAAAAAAAAAAAAAAAAAAAAAAAAAAAAAAAAAAAAAAAAAAAAAAAAAAAAAAAAAAAAAAAAAAAAAAAAAAAAAAAAAAAAAAAAAAAAAAAAAAAAAAAAAAAAAAAAAAAAAAAAAAAAAAAAAAAAAAAAAAAAAAAAAAAAAAAAAAAAAAAAAAAAAAAAAAAAAAAAAAAAAAAAAAAAAAAAAAAAAAAAAAAAAAAAAAAAAAAAAAAAAAAAAAAAAAAAAAAAAAAAAAAAAAAAAAAAAAAAAAAAAAAAAAAAAAAAAAAAAAAAAAAAAAAAAAAAAAAAAAAAAAAAAAAAAAAAAAAAAAAAAAAAAAAAAAAAAAAAAAAAAAAAAAAAAAAAAAAAAAAAAAAAAAAAAAAAAAAAAAAAAAAAAAAAAAAAAAAAAAAAAAAAAAAAAAAAAAAAAAAAAAAAAAAAAAAAAAAAAAAAAAAAAAAAAAAAAAAAAAAAAAAAAAAAAAAAAAAAAAAAAAAAAAAAAAAAAAAAAAAAAAAAAAAAAAAAAAAAAAAAAAAAAAAAAAAAAAAAAAAAAAAAAAAAAAAAAAAAAAAAAAAAAAAAAAAAAAAAAAAAAAAAAAAAAAAAAAAAAAAAAAAAAAAAAAAAAAAAAAAAAAAAAAAAAAAAAAAAAAAAAAAAAAAAAAAAAAAAAAAAAAAAAAAAAAAAAAAAAAAAAAAAAAAAAAAAAAAAAAAAAAAAAAAAAAAAAAAAAAAAAAAAAAAAAAAAAAAAAAAAAAAAAAAAAAAAAAAAAAAAAAAAAAAAAAAAAAAAAAAAAAAAAAAAAAAAAAAAAAAAAAAAAAAAAAAAAAAAAAAAAAAAAAAAAAAAAAAAAAAAAAAAAAAAAAAAAAAAAAAAAAAAAAAAAAAAAAAAAAAAAAAAAAAAAAAAAAAAAAAAAAAAAAAAAAAAAAAAAAAAAAAAAAAAAAAAAAAAAAAAAAAAAAAAAAAAAAAAAAAAAAAAAAAAAAAAAAAAAAAAAAAAAAAAAAAAAAAAAAAAAAAAAAAAAAAAAAAAAAAAAAAAAAAAAAAAAAAAAAAAAAAAAAAAAAAAAAAAAAAAAAAAAAAAAAAAAAAAAAAAAAAAAAAAAAAAAAAAAAAAAAAAAAAAAAAAAAAAAAAAAAAAAAAAAAAAAAAAAAAAAAAAAAAAAAAAAAAAAAAAAAAAAAAAAAAAAAAAAAAAAAAAAAAAAAAAAAAAAAAAAAAAAAAAAAAAAAAAAAAAAAAAAAAAAAAAAAAAAAAAAAAAAAAAAAAAAAAAAAAAAAAAAAAAAAAAAAAAAAAAAAAAAAAAAAAAAAAAAAAAAAAAAAAAAAAAAAAAAAAAAAAAAAAAAAAAAAAAAAAAAAAAAAAAAAAAAAAAAAAAAAAAAAAAAAAAAAAAAAAAAAAAAAAAAAAAAAAAAAAAAAAAAAAAAAAAAAAAAAAAAAAAAAAAAAAAAAAAAAAAAAAAAAAAAAAAAAAAAAAAAAAAAAAAAAAAAAAAAAAAAAAAAAAAAAAAAAAAAAAAAAAAAAAAAAAAAAAAAAAAAAAAAAAAAAAAAAAAAAAAAAAAAAAAAAAAAAAAAAAAAAAAAAAAAAAAAAAAAAAAAAAAAAAAAAAAAAAAAAAAAAAAAAAAAAAAAAAAAAAAAAAAAAAAAAAAAAAAAAAAAAAAAAAAAAAAAAAAAAAAAAAAAAAAAAAAAAAAAAAAAAAAAAAAAAAAAAAAAAAAAAAAAAAAAAAAAAAAAAAAAAAAAAAAAAAAAAAAAAAAAAAAAAAAAAAAAAAAAAAAAAAAAAAAAAAAAAAAAAAAAAAAAAAAAAAAAAAAAAAAAAAAAAAAAAAAAAAAAAAAAAAAAAAAAAAAAAAAAAAAAAAAAAAAAAAAAAAAAAAAAAAAAAAAAAAAAAAAAAAAAAAAAAAAAAAAAAAAAAAAAAAAAAAAAAAAAAAAAAAAAAAAAAAAAAAAAAAAAAAAAAAAAAAAAAAAAAAAAAAAAAAAAAAAAAAAAAAAAAAAAAAAAAAAAAAAAAAAAAAAAAAAAAAAAAAAAAAAAAAAAAAAAAAAAAAAAAAAAAAAAAAAAAAAAAAAAAAAAAAAAAAAAAAAAAAAAAAAAAAAAAAAAAAAAAAAAAAAAAAAAAAAAAAAAAAAAAAAAAAAAAAAAAAAAAAAAAAAAAAAAAAAAAAAAAAAAAAAAAAAAAAAAAAAAAAAAAAAAAAAAAAAAAAAAAAAAAAAAAAAAAAAAAAAAAAAAAAAAAAAAAAAAAAAAAAAAAAAAAAAAAAAAAAAAAAAAAAAAAAAAAAAAAAAAAAAAAAAAAAAAAAAAAAAAAAAAAAAAAAAAAAAAAAAAAAAAAAAAAAAAAAAAAAAAAAAAAAAAAAAAAAAAAAAAAAAAAAAAAAAAAAAAAAAAAAAAAAAAAAAAAAAAAAAAAAAAAAAAAAAAAAAAAAAAAAAAAAAAAAAAAAAAAAAAAAAAAAAAAAAAAAAAAAAAAAAAAAAAAAAAAAAAAAAAAAAAAAAAAAAAAAAAAAAAAAAAAAAAAAAAAAAAAAAAAAAAAAAAAAAAAAAAAAAAAAAAAAAAAAAAAAAAAAAAAAAAAAAAAAAAAAAAAAAAAAAAAAAAAAAAAAAAAAAAAAAAAAAAAAAAAAAAAAAAAAAAAAAAAAAAAAAAAAAAAAAAAAAAAAAAAAAAAAAAAAAAAAAAAAAAAAAAAAAAAAAAAAAAAAAAAAAAAAAAAAAAAAAAAAAAAAAAAAAAAAAAAAAAAAAAAAAAAAAAAAAAAAAAAAAAAAAAAAAAAAAAAAAAAAAAAAAAAAAAAAAAAAAAAAAAAAAAAAAAAAAAAAAAAAAAAAAAAAAAAAAAAAAAAAAAAAAAAAAAAAAAAAAAAAAAAAAAAAAAAAAAAAAAAAAAAAAAAAAAAAAAAAAAAAAAAAAAAAAAAAAAAAAAAAAAAAAAAAAAAAAAAAAAAAAAAAAAAAAAAAAAAAAAAAAAAAAAAAAAAAAAAAAAAAAAAAAAAAAAAAAAAAAAAAAAAAAAAAAAAAAAAAAAAAAAAAAAAAAAAAAAAAAAAAAAAAAAAAAAAAAAAAAAAAAAAAAAAAAAAAAAAAAAAAAAAAAAAAAAAAAAAAAAAAAAAAAAAAAAAAAAAAAAAAAAAAAAAAAAAAAAAAAAAAAAAAAAAAAAAAAAAAAAAAAAAAAAAAAAAAAAAAAAAAAAAAAAAAAAAAAAAAAAAAAAAAAAAAAAAAAAAAAAAAAAAAAAAAAAAAAAAAAAAAAAAAAAAAAAAAAAAAAAAAAAAAAAAAAAAAAAAAAAAAAAAAAAAAAAAAAAAAAAAAAAAAAAAAAAAAAAAAAAAAAAAAAAAAAAAAAAAAAAAAAAAAAAAAAAAAAAAAAAAAAAAAAAAAAAAAAAAAAAAAAAAAAAAAAAAAAAAAAAAAAAAAAAAAAAAAAAAAAAAAAAAAAAAAAAAAAAAAAAAAAAAAAAAAAAAAAAAAAAAAAAAAAAAAAAAAAAAAAAAAAAAAAAAAAAAAAAAAAAAAAAAAAAAAAAAAAAAAAAAAAAAAAAAAAAAAAAAAAAAAAAAAAAAAAAAAAAAAAAAAAAAAAAAAAAAAAAAAAAAAAAAAAAAAAAAAAAAAAAAAAAAAAAAAAAAAAAAAAAAAAAAAAAAAAAAAAAAAAAAAAAAAAAAAAAAAAAAAAAAAAAAAAAAAAAAAAAAAAAAAAAAAAAAAAAAAAAAAAAAAAAAAAAAAAAAAAAAAAAAAAAAAAAAAAAAAAAAAAAAAAAAAAAAAAAAAAAAAAAAAAAAAAAAAAAAAAAAAAAAAAAAAAAAAAAAAAAAAAAAAAAAAAAAAAAAAAAAAAAAAAAAAAAAAAAAAAAAAAAAAAAAAAAAAAAAAAAAAAAAAAAAAAAAAAAAAAAAAAAAAAAAAAAAAAAAAAAAAAAAAAAAAAAAAAAAAAAAAAAAAAAAAAAAAAAAAAAAAAAAAAAAAAAAAAAAAAAAAAAAAAAAAAAAAAAAAAAAAAAAAAAAAAAAAAAAAAAAAAAAAAAAAAAAAAAAAAAAAAAAAAAAAAAAAAAAAAAAAAAAAAAAAAAAAAAAAAAAAAAAAAAAAAAAAAAAAAAAAAAAAAAAAAAAAAAAAAAAAAAAAAAAAAAAAAAAAAAAAAAAAAAAAAAAAAAAAAAAAAAAAAAAAAAAAAAAAAAAAAAAAAAAAAAAAAAAAAAAAAAAAAAAAAAAAAAAAAAAAAAAAAAAAAAAAAAAAAAAAAAAAAAAAAAAAAAAAAAAAAAAAAAAAAAAAAAAAAAAAAAAAAAAAAAAAAAAAAAAAAAAAAAAAAAAAAAAAAAAAAAAAAAAAAAAAAAAAAAAAAAAAAAAAAAAAAAAAAAAAAAAAAAAAAAAAAAAAAAAAAAAAAAAAAAAAAAAAAAAAAAAAAAAAAAAAAAAAAAAAAAAAAAAAAAAAAAAAAAAAAAAAAAAAAAAAAAAAAAAAAAAAAAAAAAAAAAAAAAAAAAAAAAAAAAAAAAAAAAAAAAAAAAAAAAAAAAAAAAAAAAAAAAAAAAAAAAAAAAAAAAAAAAAAAAAAAAAAAAAAAAAAAAAAAAAAAAAAAAAAAAAAAAAAAAAAAAAAAAAAAAAAAAAAAAAAAAAAAAAAAAAAAAAAAAAAAAAAAAAAAAAAAAAAAAAAAAAAAAAAAAAAAAAAAAAAAAAAAAAAAAAAAAAAAAAAAAAAAAAAAAAAAAAAAAAAAAAAAAAAAAAAAAAAAAAAAAAAAAAAAAAAAAAAAAAAAAAAAAAAAAAAAAAAAAAAAAAAAAAAAAAAAAAAAAAAAAAAAAAAAAAAAAAAAAAAAAAAAAAAAAAAAAAAAAAAAAAAAAAAAAAAAAAAAAAAAAAAAAAAAAAAAAAAAAAAAAAAAAAAAAAAAAAAAAAAAAAAAAAAAAAAAAAAAAAAAAAAAAAAAAAAAAAAAAAAAAAAAAAAAAAAAAAAAAAAAAAAAAAAAAAAAAAAAAAAAAAAAAAAAAAAAAAAAAAAAAAAAAAAAAAAAAAAAAAAAAAAAAAAAAAAAAAAAAAAAAAAAAAAAAAAAAAAAAAAAAAAAAAAAAAAAAAAAAAAAAAAAAAAAAAAAAAAAAAAAAAAAAAAAAAAAAAAAAAAAAAAAAAAAAAAAAAAAAAAAAAAAAAAAAAAAAAAAAAAAAAAAAAAAAAAAAAAAAAAAAAAAAAAAAAAAAAAAAAAAAAAAAAAAAAAAAAAAAAAAAAAAAAAAAAAAAAAAAAAAAAAAAAAAAAAAAAAAAAAAAAAAAAAAAAAAAAAAAAAAAAAAAAAAAAAAAAAAAAAAAAAAAAAAAAAAAAAAAAAAAAAAAAAAAAAAAAAAAAAAAAAAAAAAAAAAAAAAAAAAAAAAAAAAAAAAAAAAAAAAAAAAAAAAAAAAAAAAAAAAAAAAAAAAAAAAAAAAAAAAAAAAAAAAAAAAAAAAAAAAAAAAAAAAAAAAAAAAAAAAAAAAAAAAAAAAAAAAAAAAAAAAAAAAAAAAAAAAAAAAAAAAAAAAAAAAAAAAAAAAAAAAAAAAAAAAAAAAAAAAAAAAAAAAAAAAAAAAAAAAAAAAAAAAAAAAAAAAAAAAAAAAAAAAAAAAAAAAAAAAAAAAAAAAAAAAAAAAAAAAAAAAAAAAAAAAAAAAAAAAAAAAAAAAAAAAAAAAAAAAAAAAAAAAAAAAAAAAAAAAAAAAAAAAAAAAAAAAAAAAAAAAAAAAAAAAAAAAAAAAAAAAAAAAAAAAAAAAAAAAAAAAAAAAAAAAAAAAAAAAAAAAAAAAAAAAAAAAAAAAAAAAAAAAAAAAAAAAAAAAAAAAAAAAAAAAAAAAAAAAAAAAAAAAAAAAAAAAAAAAAAAAAAAAAAAAAAAAAAAAAAAAAAAAAAAAAAAAAAAAAAAAAAAAAAAAAAAAAAAAAAAAAAAAAAAAAAAAAAAAAAAAAAAAAAAAAAAAAAAAAAAAAAAAAAAAAAAAAAAAAAAAAAAAAAAAAAAAAAAAAAAAAAAAAAAAAAAAAAAAAAAAAAAAAAAAAAAAAAAAAAAAAAAAAAAAAAAAAAAAAAAAAAAAAAAAAAAAAAAAAAAAAAAAAAAAAAAAAAAAAAAAAAAAAAAAAAAAAAAAAAAAAAAAAAAAAAAAAAAAAAAAAAAAAAAAAAAAAAAAAAAAAAAAAAAAAAAAAAAAAAAAAAAAAAAAAAAAAAAAAAAAAAAAAAAAAAAAAAAAAAAAAAAAAAAAAAAAAAAAAAAAAAAAAAAAAAAAAAAAAAAAAAAAAAAAAAAAAAAAAAAAAAAAAAAAAAAAAAAAAAAAAAAAAAAAAAAAAAAAAAAAAAAAAAAAAAAAAAAAAAAAAAAAAAAAAAAAAAAAAAAAAAAAAAAAAAAAAAAAAAAAAAAAAAAAAAAAAAAAAAAAAAAAAAAAAAAAAAAAAAAAAAAAAAAAAAAAAAAAAAAAAAAAAAAAAAAAAAAAAAAAAAAAAAAAAAAAAAAAAAAAAAAAAAAAAAAAAAAAAAAAAAAAAAAAAAAAAAAAAAAAAAAAAAAAAAAAAAAAAAAAAAAAAAAAAAAAAAAAAAAAAAAAAAAAAAAAAAAAAAAAAAAAAAAAAAAAAAAAAAAAAAAAAAAAAAAAAAAAAAAAAAAAAAAAAAAAAAAAAAAAAAAAAAAAAAAAAAAAAAAAAAAAAAAAAAAAAAAAAAAAAAAAAAAAAAAAAAAAAAAAAAAAAAAAAAAAAAAAAAAAAAAAAAAAAAAAAAAAAAAAAAAAAAAAAAAAAAAAAAAAAAAAAAAAAAAAAAAAAAAAAAAAAAAAAAAAAAAAAAAAAAAAAAAAAAAAAAAAAAAAAAAAAAAAAAAAAAAAAAAAAAAAAAAAAAAAAAAAAAAAAAAAAAAAAAAAAAAAAAAAAAAAAAAAAAAAAAAAAAAAAAAAAAAAAAAAAAAAAAAAAAAAAAAAAAAAAAAAAAAAAAAAAAAAAAAAAAAAAAAAAAAAAAAAAAAAAAAAAAAAAAAAAAAAAAAAAAAAAAAAAAAAAAAAAAAAAAAAAAAAAAAAAAAAAAAAAAAAAAAAAAAAAAAAAAAAAAAAAAAAAAAAAAAAAAAAAAAAAAAAAAAAAAAAAAAAAAAAAAAAAAAAAAAAAAAAAAAAAAAAAAAAAAAAAAAAAAAAAAAAAAAAAAAAAAAAAAAAAAAAAAAAAAAAAAAAAAAAAAAAAAAAAAAAAAAAAAAAAAAAAAAAAAAAAAAAAAAAAAAAAAAAAAAAAAAAAAAAAAAAAAAAAAAAAAAAAAAAAAAAAAAAAAAAAAAAAAAAAAAAAAAAAAAAAAAAAAAAAAAAAAAAAAAAAAAAAAAAAAAAAAAAAAAAAAAAAAAAAAAAAAAAAAAAAAAAAAAAAAAAAAAAAAAAAAAAAAAAAAAAAAAAAAAAAAAAAAAAAAAAAAAAAAAAAAAAAAAAAAAAAAAAAAAAAAAAAAAAAAAAAAAAAAAAAAAAAAAAAAAAAAAAAAAAAAAAAAAAAAAAAAAAAAAAAAAAAAAAAAAAAAAAAAAAAAAAAAAAAAAAAAAAAAAAAAAAAAAAAAAAAAAAAAAAAAAAAAAAAAAAAAAAAAAAAAAAAAAAAAAAAAAAAAAAAAAAAAAAAAAAAAAAAAAAAAAAAAAAAAAAAAAAAAAAAAAAAAAAAAAAAAAAAAAAAAAAAAAAAAAAAAAAAAAAAAAAAAAAAAAAAAAAAAAAAAAAAAAAAAAAAAAAAAAAAAAAAAAAAAAAAAAAAAAAAAAAAAAAAAAAAAAAAAAAAAAAAAAAAAAAAAAAAAAAAAAAAAAAAAAAAAAAAAAAAAAAAAAAAAAAAAAAAAAAAAAAAAAAAAAAAAAAAAAAAAAAAAAAAAAAAAAAAAAAAAAAAAAAAAAAAAAAAAAAAAAAAAAAAAAAAAAAAAAAAAAAAAAAAAAAAAAAAAAAAAAAAAAAAAAAAAAAAAAAAAAAAAAAAAAAAAAAAAAAAAAAAAAAAAAAAAAAAAAAAAAAAAAAAAAAAAAAAAAAAAAAAAAAAAAAAAAAAAAAAAAAAAAAAAAAAAAAAAAAAAAAAAAAAAAAAAAAAAAAAAAAAAAAAAAAAAAAAAAAAAAAAAAAAAAAAAAAAAAAAAAAAAAAAAAAAAAAAAAAAAAAAAAAAAAAAAAAAAAAAAAAAAAAAAAAAAAAAAAAAAAAAAAAAAAAAAAAAAAAAAAAAAAAAAAAAAAAAAAAAAAAAAAAAAAAAAAAAAAAAAAAAAAAAAAAAAAAAAAAAAAAAAAAAAAAAAAAAAAAAAAAAAAAAAAAAAAAAAAAAAAAAAAAAAAAAAAAAAAAAAAAAAAAAAAAAAAAAAAAAAAAAAAAAAAAAAAAAAAAAAAAAAAAAAAAAAAAAAAAAAAAAAAAAAAAAAAAAAAAAAAAAAAAAAAAAAAAAAAAAAAAAAAAAAAAAAAAAAAAAAAAAAAAAAAAAAAAAAAAAAAAAAAAAAAAAAAAAAAAAAAAAAAAAAAAAAAAAAAAAAAAAAAAAAAAAAAAAAAAAAAAAAAAAAAAAAAAAAAAAAAAAAAAAAAAAAAAAAAAAAAAAAAAAAAAAAAAAAAAAAAAAAAAAAAAAAAAAAAAAAAAAAAAAAAAAAAAAAAAAAAAAAAAAAAAAAAAAAAAAAAAAAAAAAAAAAAAAAAAAAAAAAAAAAAAAAAAAAAAAAAAAAAAAAAAAAAAAAAAAAAAAAAAAAAAAAAAAAAAAAAAAAAAAAAAAAAAAAAAAAAAAAAAAAAAAAAAAAAAAAAAAAAAAAAAAAAAAAAAAAAAAAAAAAAAAAAAAAAAAAAAAAAAAAAAAAAAAAAAAAAAAAAAAAAAAAAAAAAAAAAAAAAAAAAAAAAAAAAAAAAAAAAAAAAAAAAAAAAAAAAAAAAAAAAAAAAAAAAAAAAAAAAAAAAAAAAAAAAAAAAAAAAAAAAAAAAAAAAAAAAAAAAAAAAAAAAAAAAAAAAAAAAAAAAAAAAAAAAAAAAAAAAAAAAAAAAAAAAAAAAAAAAAAAAAAAAAAAAAAAAAAAAAAAAAAAAAAAAAAAAAAAAAAAAAAAAAAAAAAAAAAAAAAAAAAAAAAAAAAAAAAAAAAAAAAAAAAAAAAAAAAAAAAAAAAAAAAAAAAAAAAAAAAAAAAAAAAAAAAAAAAAAAAAAAAAAAAAAAAAAAAAAAAAAAAAAAAAAAAAAAAAAAAAAAAAAAAAAAAAAAAAAAAAAAAAAAAAAAAAAAAAAAAAAAAAAAAAAAAAAAAAAAAAAAAAAAAAAAAAAAAAAAAAAAAAAAAAAAAAAAAAAAAAAAAAAAAAAAAAAAAAAAAAAAAAAAAAAAAAAAAAAAAAAAAAAAAAAAAAAAAAAAAAAAAAAAAAAAAAAAAAAAAAAAAAAAAAAAAAAAAAAAAAAAAAAAAAAAAAAAAAAAAAAAAAAAAAAAAAAAAAAAAAAAAAAAAAAAAAAAAAAAAAAAAAAAAAAAAAAAAAAAAAAAAAAAAAAAAAAAAAAAAAAAAAAAAAAAAAAAAAAAAAAAAAAAAAAAAAAAAAAAAAAAAAAAAAAAAAAAAAAAAAAAAAAAAAAAAAAAAAAAAAAAAAAAAAAAAAAAAAAAAAAAAAAAAAAAAAAAAAAAAAAAAAAAAAAAAAAAAAAAAAAAAAAAAAAAAAAAAAAAAAAAAAAAAAAAAAAAAAAAAAAAAAAAAAAAAAAAAAAAAAAAAAAAAAAAAAAAAAAAAAAAAAAAAAAAAAAAAAAAAAAAAAAAAAAAAAAAAAAAAAAAAAAAAAAAAAAAAAAAAAAAAAAAAAAAAAAAAAAAAAAAAAAAAAAAAAAAAAAAAAAAAAAAAAAAAAAAAAAAAAAAAAAAAAAAAAAAAAAAAAAAAAAAAAAAAAAAAAAAAAAAAAAAAAAAAAAAAAAAAAAAAAAAAAAAAAAAAAAAAAAAAAAAAAAAAAAAAAAAAAAAAAAAAAAAAAAAAAAAAAAAAAAAAAAAAAAAAAAAAAAAAAAAAAAAAAAAAAAAAAAAAAAAAAAAAAAAAAAAAAAAAAAAAAAAAAAAAAAAAAAAAAAAAAAAAAAAAAAAAAAAAAAAAAAAAAAAAAAAAAAAAAAAAAAAAAAAAAAAAAAAAAAAAAAAAAAAAAAAAAAAAAAAAAAAAAAAAAAAAAAAAAAAAAAAAAAAAAAAAAAAAAAAAAAAAAAAAAAAAAAAAAAAAAAAAAAAAAAAAAAAAAAAAAAAAAAAAAAAAAAAAAAAAAAAAAAAAAAAAAAAAAAAAAAAAAAAAAAAAAAAAAAAAAAAAAAAAAAAAAAAAAAAAAAAAAAAAAAAAAAAAAAAAAAAAAAAAAAAAAAAAAAAAAAAAAAAAAAAAAAAAAAAAAAAAAAAAAAAAAAAAAAAAAAAAAAAAAAAAAAAAAAAAAAAAAAAAAAAAAAAAAAAAAAAAAAAAAAAAAAAAAAAAAAAAAAAAAAAAAAAAAAAAAAAAAAAAAAAAAAAAAAAAAAAAAAAAAAAAAAAAAAAAAAAAAAAAAAAAAAAAAAAAAAAAAAAAAAAAAAAAAAAAAAAAAAAAAAAAAAAAAAAAAAAAAAAAAAAAAAAAAAAAAAAAAAAAAAAAAAAAAAAAAAAAAAAAAAAAAAAAAAAAAAAAAAAAAAAAAAAAAAAAAAAAAAAAAAAAAAAAAAAAAAAAAAAAAAAAAAAAAAAAAAAAAAAAAAAAAAAAAAAAAAAAAAAAAAAAAAAAAAAAAAAAAAAAAAAAAAAAAAAAAAAAAAAAAAAAAAAAAAAAAAAAAAAAAAAAAAAAAAAAAAAAAAAAAAAAAAAAAAAAAAAAAAAAAAAAAAAAAAAAAAAAAAAAAAAAAAAAAAAAAAAAAAAAAAAAAAAAAAAAAAAAAAAAAAAAAAAAAAAAAAAAAAAAAAAAAAAAAAAAAAAAAAAAAAAAAAAAAAAAAAAAAAAAAAAAAAAAAAAAAAAAAAAAAAAAAAAAAAAAAAAAAAAAAAAAAAAAAAAAAAAAAAAAAAAAAAAAAAAAAAAAAAAAAAAAAAAAAAAAAAAAAAAAAAAAAAAAAAAAAAAAAAAAAAAAAAAAAAAAAAAAAAAAAAAAAAAAAAAAAAAAAAAAAAAAAAAAAAAAAAAAAAAAAAAAAAAAAAAAAAAAAAAAAAAAAAAAAAAAAAAAAAAAAAAAAAAAAAAAAAAAAAAAAAAAAAAAAAAAAAAAAAAAAAAAAAAAAAAAAAAAAAAAAAAAAAAAAAAAAAAAAAAAAAAAAAAAAAAAAAAAAAAAAAAAAAAAAAAAAAAAAAAAAAAAAAAAAAAAAAAAAAAAAAAAAAAAAAAAAAAAAAAAAAAAAAAAAAAAAAAAAAAAAAAAAAAAAAAAAAAAAAAAAAAAAAAAAAAAAAAAAAAAAAAAAAAAAAAAAAAAAAAAAAAAAAAAAAAAAAAAAAAAAAAAAAAAAAAAAAAAAAAAAAAAAAAAAAAAAAAAAAAAAAAAAAAAAAAAAAAAAAAAAAAAAAAAAAAAAAAAAAAAAAAAAAAAAAAAAAAAAAAAAAAAAAAAAAAAAAAAAAAAAAAAAAAAAAAAAAAAAAAAAAAAAAAAAAAAAAAAAAAAAAAAAAAAAAAAAAAAAAAAAAAAAAAAAAAAAAAAAAAAAAAAAAAAAAAAAAAAAAAAAAAAAAAAAAAAAAAAAAAAAAAAAAAAAAAAAAAAAAAAAAAAAAAAAAAAAAAAAAAAAAAAAAAAAAAAAAAAAAAAAAAAAAAAAAAAAAAAAAAAAAAAAAAAAAAAAAAAAAAAAAAAAAAAAAAAAAAAAAAAAAAAAAAAAAAAAAAAAAAAAAAAAAAAAAAAAAAAAAAAAAAAAAAAAAAAAAAAAAAAAAAAAAAAAAAAAAAAAAAAAAAAAAAAAAAAAAAAAAAAAAAAAAAAAAAAAAAAAAAAAAAAAAAAAAAAAAAAAAAAAAAAAAAAAAAAAAAAAAAAAAAAAAAAAAAAAAAAAAAAAAAAAAAAAAAAAAAAAAAAAAAAAAAAAAAAAAAAAAAAAAAAAAAAAAAAAAAAAAAAAAAAAAAAAAAAAAAAAAAAAAAAAAAAAAAAAAAAAAAAAAAAAAAAAAAAAAAAAAAAAAAAAAAAAAAAAAAAAAAAAAAAAAAAAAAAAAAAAAAAAAAAAAAAAAAAAAAAAAAAAAAAAAAAAAAAAAAAAAAAAAAAAAAAAAAAAAAAAAAAAAAAAAAAAAAAAAAAAAAAAAAAAAAAAAAAAAAAAAAAAAAAAAAAAAAAAAAAAAAAAAAAAAAAAAAAAAAAAAAAAAAAAAAAAAAAAAAAAAAAAAAAAAAAAAAAAAAAAAAAAAAAAAAAAAAAAAAAAAAAAAAAAAAAAAAAAAAAAAAAAAAAAAAAAAAAAAAAAAAAAAAAAAAAAAAAAAAAAAAAAAAAAAAAAAAAAAAAAAAAAAAAAAAAAAAAAAAAAAAAAAAAAAAAAAAAAAAAAAAAAAAAAAAAAAAAAAAAAAAAAAAAAAAAAAAAAAAAAAAAAAAAAAAAAAAAAAAAAAAAAAAAAAAAAAAAAAAAAAAAAAAAAAAAAAAAAAAAAAAAAAAAAAAAAAAAAAAAAAAAAAAAAAAAAAAAAAAAAAAAAAAAAAAAAAAAAAAAAAAAAAAAAAAAAAAAAAAAAAAAAAAAAAAAAAAAAAAAAAAAAAAAAAAAAAAAAAAAAAAAAAAAAAAAAAAAAAAAAAAAAAAAAAAAAAAAAAAAAAAAAAAAAAAAAAAAAAAAAAAAAAAAAAAAAAAAAAAAAAAAAAAAAAAAAAAAAAAAAAAAAAAAAAAAAAAAAAAAAAAAAAAAAAAAAAAAAAAAAAAAAAAAAAAAAAAAAAAAAAAAAAAAAAAAAAAAAAAAAAAAAAAAAAAAAAAAAAAAAAAAAAAAAAAAAAAAAAAAAAAAAAAAAAAAAAAAAAAAAAAAAAAAAAAAAAAAAAAAAAAAAAAAAAAAAAAAAAAAAAAAAAAAAAAAAAAAAAAAAAAAAAAAAAAAAAAAAAAAAAAAAAAAAAAAAAAAAAAAAAAAAAAAAAAAAAAAAAAAAAAAAAAAAAAAAAAAAAAAAAAAAAAAAAAAAAAAAAAAAAAAAAAAAAAAAAAAAAAAAAAAAAAAAAAAAAAAAAAAAAAAAAAAAAAAAAAAAAAAAAAAAAAAAAAAAAAAAAAAAAAAAAAAAAAAAAAAAAAAAAAAAAAAAAAAAAAAAAAAAAAAAAAAAAAAAAAAAAAAAAAAAAAAAAAAAAAAAAAAAAAAAAAAAAAAAAAAAAAAAAAAAAAAAAAAAAAAAAAAAAAAAAAAAAAAAAAAAAAAAAAAAAAAAAAAAAAAAAAAAAAAAAAAAAAAAAAAAAAAAAAAAAAAAAAAAAAAAAAAAAAAAAAAAAAAAAAAAAAAAAAAAAAAAAAAAAAAAAAAAAAAAAAAAAAAAAAAAAAAAAAAAAAAAAAAAAAAAAAAAAAAAAAAAAAAAAAAAAAAAAAAAAAAAAAAAAAAAAAAAAAAAAAAAAAAAAAAAAAAAAAAAAAAAAAAAAAAAAAAAAAAAAAAAAAAAAAAAAAAAAAAAAAAAAAAAAAAAAAAAAAAAAAAAAAAAAAAAAAAAAAAAAAAAAAAAAAAAAAAAAAAAAAAAAAAAAAAAAAAAAAAAAAAAAAAAAAAAAAAAAAAAAAAAAAAAAAAAAAAAAAAAAAAAAAAAAAAAAAAAAAAAAAAAAAAAAAAAAAAAAAAAAAAAAAAAAAAAAAAAAAAAAAAAAAAAAAAAAAAAAAAAAAAAAAAAAAAAAAAAAAAAAAAAAAAAAAAAAAAAAAAAAAAAAAAAAAAAAAAAAAAAAAAAAAAAAAAAAAAAAAAAAAAAAAAAAAAAAAAAAAAAAAAAAAAAAAAAAAAAAAAAAAAAAAAAAAAAAAAAAAAAAAAAAAAAAAAAAAAAAAAAAAAAAAAAAAAAAAAAAAAAAAAAAAAAAAAAAAAAAAAAAAAAAAAAAAAAAAAAAAAAAAAAAAAAAAAAAAAAAAAAAAAAAAAAAAAAAAAAAAAAAAAAAAAAAAAAAAAAAAAAAAAAAAAAAAAAAAAAAAAAAAAAAAAAAAAAAAAAAAAAAAAAAAAAAAAAAAAAAAAAAAAAAAAAAAAAAAAAAAAAAAAAAAAAAAAAAAAAAAAAAAAAAAAAAAAAAAAAAAAAAAAAAAAAAAAAAAAAAAAAAAAAAAAAAAAAAAAAAAAAAAAAAAAAAAAAAAAAAAAAAAAAAAAAAAAAAAAAAAAAAAAAAAAAAAAAAAAAAAAAAAAAAAAAAAAAAAAAAAAAAAAAAAAAAAAAAAAAAAAAAAAAAAAAAAAAAAAAAAAAAAAAAAAAAAAAAAAAAAAAAAAAAAAAAAAAAAAAAAAAAAAAAAAAAAAAAAAAAAAAAAAAAAAAAAAAAAAAAAAAAAAAAAAAAAAAAAAAAAAAAAAAAAAAAAAAAAAAAAAAAAAAAAAAAAAAAAAAAAAAAAAAAAAAAAAAAAAAAAAAAAAAAAAAAAAAAAAAAAAAAAAAAAAAAAAAAAAAAAAAAAAAAAAAAAAAAAAAAAAAAAAAAAAAAAAAAAAAAAAAAAAAAAAAAAAAAAAAAAAAAAAAAAAAAAAAAAAAAAAAAAAAAAAAAAAAAAAAAAAAAAAAAAAAAAAAAAAAAAAAAAAAAAAAAAAAAAAAAAAAAAAAAAAAAAAAAAAAAAAAAAAAAAAAAAAAAAAAAAAAAAAAAAAAAAAAAAAAAAAAAAAAAAAAAAAAAAAAAAAAAAAAAAAAAAAAAAAAAAAAAAAAAAAAAAAAAAAAAAAAAAAAAAAAAAAAAAAAAAAAAAAAAAAAAAAAAAAAAAAAAAAAAAAAAAAAAAAAAAAAAAAAAAAAAAAAAAAAAAAAAAAAAAAAAAAAAAAAAAAAAAAAAAAAAAAAAAAAAAAAAAAAAAAAAAAAAAAAAAAAAAAAAAAAAAAAAAAAAAAAAAAAAAAAAAAAAAAAAAAAAAAAAAAAAAAAAAAAAAAAAAAAAAAAAAAAAAAAAAAAAAAAAAAAAAAAAAAAAAAAAAAAAAAAAAAAAAAAAAAAAAAAAAAAAAAAAAAAAAAAAAAAAAAAAAAAAAAAAAAAAAAAAAAAAAAAAAAAAAAAAAAAAAAAAAAAAAAAAAAAAAAAAAAAAAAAAAAAAAAAAAAAAAAAAAAAAAAAAAAAAAAAAAAAAAAAAAAAAAAAAAAAAAAAAAAAAAAAAAAAAAAAAAAAAAAAAAAAAAAAAAAAAAAAAAAAAAAAAAAAAAAAAAAAAAAAAAAAAAAAAAAAAAAAAAAAAAAAAAAAAAAAAAAAAAAAAAAAAAAAAAAAAAAAAAAAAAAAAAAAAAAAAAAAAAAAAAAAAAAAAAAAAAAAAAAAAAAAAAAAAAAAAAAAAAAAAAAAAAAAAAAAAAAAAAAAAAAAAAAAAAAAAAAAAAAAAAAAAAAAAAAAAAAAAAAAAAAAAAAAAAAAAAAAAAAAAAAAAAAAAAAAAAAAAAAAAAAAAAAAAAAAAAAAAAAAAAAAAAAAAAAAAAAAAAAAAAAAAAAAAAAAAAAAAAAAAAAAAAAAAAAAAAAAAAAAAAAAAAAAAAAAAAAAAAAAAAAAAAAAAAAAAAAAAAAAAAAAAAAAAAAAAAAAAAAAAAAAAAAAAAAAAAAAAAAAAAAAAAAAAAAAAAAAAAAAAAAAAAAAAAAAAAAAAAAAAAAAAAAAAAAAAAAAAAAAAAAAAAAAAAAAAAAAAAAAAAAAAAAAAAAAAAAAAAAAAAAAAAAAAAAAAAAAAAAAAAAAAAAAAAAAAAAAAAAAAAAAAAAAAAAAAAAAAAAAAAAAAAAAAAAAAAAAAAAAAAAAAAAAAAAAAAAAAAAAAAAAAAAAAAAAAAAAAAAAAAAAAAAAAAAAAAAAAAAAAAAAAAAAAAAAAAAAAAAAAAAAAAAAAAAAAAAAAAAAAAAAAAAAAAAAAAAAAAAAAAAAAAAAAAAAAAAAAAAAAAAAAAAAAAAAAAAAAAAAAAAAAAAAAAAAAAAAAAAAAAAAAAAAAAAAAAAAAAAAAAAAAAAAAAAAAAAAAAAAAAAAAAAAAAAAAAAAAAAAAAAAAAAAAAAAAAAAAAAAAAAAAAAAAAAAAAAAAAAAAAAAAAAAAAAAAAAAAAAAAAAAAAAAAAAAAAAAAAAAAAAAAAAAAAAAAAAAAAAAAAAAAAAAAAAAAAAAAAAAAAAAAAAAAAAAAAAAAAAAAAAAAAAAAAAAAAAAAAAAAAAAAAAAAAAAAAAAAAAAAAAAAAAAAAAAAAAAAAAAAAAAAAAAAAAAAAAAAAAAAAAAAAAAAAAAAAAAAAAAAAAAAAAAAAAAAAAAAAAAAAAAAAAAAAAAAAAAAAAAAAAAAAAAAAAAAAAAAAAAAAAAAAAAAAAAAAAAAAAAAAAAAAAAAAAAAAAAAAAAAAAAAAAAAAAAAAAAAAAAAAAAAAAAAAAAAAAAAAAAAAAAAAAAAAAAAAAAAAAAAAAAAAAAAAAAAAAAAAAAAAAAAAAAAAAAAAAAAAAAAAAAAAAAAAAAAAAAAAAAAAAAAAAAAAAAAAAAAAAAAAAAAAAAAAAAAAAAAAAAAAAAAAAAAAAAAAAAAAAAAAAAAAAAAAAAAAAAAAAAAAAAAAAAAAAAAAAAAAAAAAAAAAAAAAAAAAAAAAAAAAAAAAAAAAAAAAAAAAAAAAAAAAAAAAAAAAAAAAAAAAAAAAAAAAAAAAAAAAAAAAAAAAAAAAAAAAAAAAAAAAAAAAAAAAAAAAAAAAAAAAAAAAAAAAAAAAAAAAAAAAAAAAAAAAAAAAAAAAAAAAAAAAAAAAAAAAAAAAAAAAAAAAAAAAAAAAAAAAAAAAAAAAAAAAAAAAAAAAAAAAAAAAAAAAAAAAAAAAAAAAAAAAAAAAAAAAAAAAAAAAAAAAAAAAAAAAAAAAAAAAAAAAAAAAAAAAAAAAAAAAAAAAAAAAAAAAAAAAAAAAAAAAAAAAAAAAAAAAAAAAAAAAAAAAAAAAAAAAAAAAAAAAAAAAAAAAAAAAAAAAAAAAAAAAAAAAAAAAAAAAAAAAAAAAAAAAAAAAAAAAAAAAAAAAAAAAAAAAAAAAAAAAAAAAAAAAAAAAAAAAAAAAAAAAAAAAAAAAAAAAAAAAAAAAAAAAAAAAAAAAAAAAAAAAAAAAAAAAAAAAAAAAAAAAAAAAAAAAAAAAAAAAAAAAAAAAAAAAAAAAAAAAAAAAAAAAAAAAAAAAAAAAAAAAAAAAAAAAAAAAAAAAAAAAAAAAAAAAAAAAAAAAAAAAAAAAAAAAAAAAAAAAAAAAAAAAAAAAAAAAAAAAAAAAAAAAAAAAAAAAAAAAAAAAAAAAAAAAAAAAAAAAAAAAAAAAAAAAAAAAAAAAAAAAAAAAAAAAAAAAAAAAAAAAAAAAAAAAAAAAAAAAAAAAAAAAAAAAAAAAAAAAAAAAAAAAAAAAAAAAAAAAAAAAAAAAAAAAAAAAAAAAAAAAAAAAAAAAAAAAAAAAAAAAAAAAAAAAAAAAAAAAAAAAAAAAAAAAAAAAAAAAAAAAAAAAAAAAAAAAAAAAAAAAAAAAAAAAAAAAAAAAAAAAAAAAAAAAAAAAAAAAAAAAAAAAAAAAAAAAAAAAAAAAAAAAAAAAAAAAAAAAAAAAAAAAAAAAAAAAAAAAAAAAAAAAAAAAAAAAAAAAAAAAAAAAAAAAAAAAAAAAAAAAAAAAAAAAAAAAAAAAAAAAAAAAAAAAAAAAAAAAAAAAAAAAAAAAAAAAAAAAAAAAAAAAAAAAAAAAAAAAAAAAAAAAAAAAAAAAAAAAAAAAAAAAAAAAAAAAAAAAAAAAAAAAAAAAAAAAAAAAAAAAAAAAAAAAAAAAAAAAAAAAAAAAAAAAAAAAAAAAAAAAAAAAAAAAAAAAAAAAAAAAAAAAAAAAAAAAAAAAAAAAAAAAAAAAAAAAAAAAAAAAAAAAAAAAAAAAAAAAAAAAAAAAAAAAAAAAAAAAAAAAAAAAAAAAAAAAAAAAAAAAAAAAAAAAAAAAAAAAAAAAAAAAAAAAAAAAAAAAAAAAAAAAAAAAAAAAAAAAAAAAAAAAAAAAAAAAAAAAAAAAAAAAAAAAAAAAAAAAAAAAAAAAAAAAAAAAAAAAAAAAAAAAAAAAAAAAAAAAAAAAAAAAAAAAAAAAAAAAAAAAAAAAAAAAAAAAAAAAAAAAAAAAAAAAAAAAAAAAAAAAAAAAAAAAAAAAAAAAAAAAAAAAAAAAAAAAAAAAAAAAAAAAAAAAAAAAAAAAAAAAAAAAAAAAAAAAAAAAAAAAAAAAAAAAAAAAAAAAAAAAAAAAAAAAAAAAAAAAAAAAAAAAAAAAAAAAAAAAAAAAAAAAAAAAAAAAAAAAAAAAAAAAAAAAAAAAAAAAAAAAAAAAAAAAAAAAAAAAAAAAAAAAAAAAAAAAAAAAAAAAAAAAAAAAAAAAAAAAAAAAAAAAAAAAAAAAAAAAAAAAAAAAAAAAAAAAAAAAAAAAAAAAAAAAAAAAAAAAAAAAAAAAAAAAAAAAAAAAAAAAAAAAAAAAAAAAAAAAAAAAAAAAAAAAAAAAAAAAAAAAAAAAAAAAAAAAAAAAAAAAAAAAAAAAAAAAAAAAAAAAAAAAAAAAAAAAAAAAAAAAAAAAAAAAAAAAAAAAAAAAAAAAAAAAAAAAAAAAAAAAAAAAAAAAAAAAAAAAAAAAAAAAAAAAAAAAAAAAAAAAAAAAAAAAAAAAAAAAAAAAAAAAAAAAAAAAAAAAAAAAAAAAAAAAAAAAAAAAAAAAAAAAAAAAAAAAAAAAAAAAAAAAAAAAAAAAAAAAAAAAAAAAAAAAAAAAAAAAAAAAAAAAAAAAAAAAAAAAAAAAAAAAAAAAAAAAAAAAAAAAAAAAAAAAAAAAAAAAAAAAAAAAAAAAAAAAAAAAAAAAAAAAAAAAAAAAAAAAAAAAAAAAAAAAAAAAAAAAAAAAAAAAAAAAAAAAAAAAAAAAAAAAAAAAAAAAAAAAAAAAAAAAAAAAAAAAAAAAAAAAAAAAAAAAAAAAAAAAAAAAAAAAAAAAAAAAAAAAAAAAAAAAAAAAAAAAAAAAAAAAAAAAAAAAAAAAAAAAAAAAAAAAAAAAAAAAAAAAAAAAAAAAAAAAAAAAAAAAAAAAAAAAAAAAAAAAAAAAAAAAAAAAAAAAAAAAAAAAAAAAAAAAAAAAAAAAAAAAAAAAAAAAAAAAAAAAAAAAAAAAAAAAAAAAAAAAAAAAAAAAAAAAAAAAAAAAAAAAAAAAAAAAAAAAAAAAAAAAAAAAAAAAAAAAAAAAAAAAAAAAAAAAAAAAAAAAAAAAAAAAAAAAAAAAAAAAAAAAAAAAAAAAAAAAAAAAAAAAAAAAAAAAAAAAAAAAAAAAAAAAAAAAAAAAAAAAAAAAAAAAAAAAAAAAAAAAAAAAAAAAAAAAAAAAAAAAAAAAAAAAAAAAAAAAAAAAAAAAAAAAAAAAAAAAAAAAAAAAAAAAAAAAAAAAAAAAAAAAAAAAAAAAAAAAAAAAAAAAAAAAAAAAAAAAAAAAAAAAAAAAAAAAAAAAAAAAAAAAAAAAAAAAAAAAAAAAAAAAAAAAAAAAAAAAAAAAAAAAAAAAAAAAAAAAAAAAAAAAAAAAAAAAAAAAAAAAAAAAAAAAAAAAAAAAAAAAAAAAAAAAAAAAAAAAAAAAAAAAAAAAAAAAAAAAAAAAAAAAAAAAAAAAAAAAAAAAAAAAAAAAAAAAAAAAAAAAAAAAAAAAAAAAAAAAAAAAAAAAAAAAAAAAAAAAAAAAAAAAAAAAAAAAAAAAAAAAAAAAAAAAAAAAAAAAAAAAAAAAAAAAAAAAAAAAAAAAAAAAAAAAAAAAAAAAAAAAAAAAAAAAAAAAAAAAAAAAAAAAAAAAAAAAAAAAAAAAAAAAAAAAAAAAAAAAAAAAAAAAAAAAAAAAAAAAAAAAAAAAAAAAAAAAAAAAAAAAAAAAAAAAAAAAAAAAAAAAAAAAAAAAAAAAAAAAAAAAAAAAAAAAAAAAAAAAAAAAAAAAAAAAAAAAAAAAAAAAAAAAAAAAAAAAAAAAAAAAAAAAAAAAAAAAAAAAAAAAAAAAAAAAAAAAAAAAAAAAAAAAAAAAAAAAAAAAAAAAAAAAAAAAAAAAAAAAAAAAAAAAAAAAAAAAAAAAAAAAAAAAAAAAAAAAAAAAAAAAAAAAAAAAAAAAAAAAAAAAAAAAAAAAAAAAAAAAAAAAAAAAAAAAAAAAAAAAAAAAAAAAAAAAAAAAAAAAAAAAAAAAAAAAAAAAAAAAAAAAAAAAAAAAAAAAAAAAAAAAAAAAAAAAAAAAAAAAAAAAAAAAAAAAAAAAAAAAAAAAAAAAAAAAAAAAAAAAAAAAAAAAAAAAAAAAAAAAAAAAAAAAAAAAAAAAAAAAAAAAAAAAAAAAAAAAAAAAAAAAAAAAAAAAAAAAAAAAAAAAAAAAAAAAAAAAAAAAAAAAAAAAAAAAAAAAAAAAAAAAAAAAAAAAAAAAAAAAAAAAAAAAAAAAAAAAAAAAAAAAAAAAAAAAAAAAAAAAAAAAAAAAAAAAAAAAAAAAAAAAAAAAAAAAAAAAAAAAAAAAAAAAAAAAAAAAAAAAAAAAAAAAAAAAAAAAAAAAAAAAAAAAAAAAAAAAAAAAAAAAAAAAAAAAAAAAAAAAAAAAAAAAAAAAAAAAAAAAAAAAAAAAAAAAAAAAAAAAAAAAAAAAAAAAAAAAAAAAAAAAAAAAAAAAAAAAAAAAAAAAAAAAAAAAAAAAAAAAAAAAAAAAAAAAAAAAAAAAAAAAAAAAAAAAAAAAAAAAAAAAAAAAAAAAAAAAAAAAAAAAAAAAAAAAAAAAAAAAAAAAAAAAAAAAAAAAAAAAAAAAAAAAAAAAAAAAAAAAAAAAAAAAAAAAAAAAAAAAAAAAAAAAAAAAAAAAAAAAAAAAAAAAAAAAAAAAAAAAAAAAAAAAAAAAAAAAAAAAAAAAAAAAAAAAAAAAAAAAAAAAAAAAAAAAAAAAAAAAAAAAAAAAAAAAAAAAAAAAAAAAAAAAAAAAAAAAAAAAAAAAAAAAAAAAAAAAAAAAAAAAAAAAAAAAAAAAAAAAAAAAAAAAAAAAAAAAAAAAAAAAAAAAAAAAAAAAAAAAAAAAAAAAAAAAAAAAAAAAAAAAAAAAAAAAAAAAAAAAAAAAAAAAAAAAAAAAAAAAAAAAAAAAAAAAAAAAAAAAAAAAAAAAAAAAAAAAAAAAAAAAAAAAAAAAAAAAAAAAAAAAAAAAAAAAAAAAAAAAAAAAAAAAAAAAAAAAAAAAAAAAAAAAAAAAAAAAAAAAAAAAAAAAAAAAAAAAAAAAAAAAAAAAAAAAAAAAAAAAAAAAAAAAAAAAAAAAAAAAAAAAAAAAAAAAAAAAAAAAAAAAAAAAAAAAAAAAAAAAAAAAAAAAAAAAAAAAAAAAAAAAAAAAAAAAAAAAAAAAAAAAAAAAAAAAAAAAAAAAAAAAAAAAAAAAAAAAAAAAAAAAAAAAAAAAAAAAAAAAAAAAAAAAAAAAAAAAAAAAAAAAAAAAAAAAAAAAAAAAAAAAAAAAAAAAAAAAAAAAAAAAAAAAAAAAAAAAAAAAAAAAAAAAAAAAAAAAAAAAAAAAAAAAAAAAAAAAAAAAAAAAAAAAAAAAAAAAAAAAAAAAAAAAAAAAAAAAAAAAAAAAAAAAAAAAAAAAAAAAAAAAAAAAAAAAAAAAAAAAAAAAAAAAAAAAAAAAAAAAAAAAAAAAAAAAAAAAAAAAAAAAAAAAAAAAAAAAAAAAAAAAAAAAAAAAAAAAAAAAAAAAAAAAAAAAAAAAAAAAAAAAAAAAAAAAAAAAAAAAAAAAAAAAAAAAAAAAAAAAAAAAAAAAAAAAAAAAAAAAAAAAAAAAAAAAAAAAAAAAAAAAAAAAAAAAAAAAAAAAAAAAAAAAAAAAAAAAAAAAAAAAAAAAAAAAAAAAAAAAAAAAAAAAAAAAAAAAAAAAAAAAAAAAAAAAAAAAAAAAAAAAAAAAAAAAAAAAAAAAAAAAAAAAAAAAAAAAAAAAAAAAAAAAAAAAAAAAAAAAAAAAAAAAAAAAAAAAAAAAAAAAAAAAAAAAAAAAAAAAAAAAAAAAAAAAAAAAAAAAAAAAAAAAAAAAAAAAAAAAAAAAAAAAAAAAAAAAAAAAAAAAAAAAAAAAAAAAAAAAAAAAAAAAAAAAAAAAAAAAAAAAAAAAAAAAAAAAAAAAAAAAAAAAAAAAAAAAAAAAAAAAAAAAAAAAAAAAAAAAAAAAAAAAAAAAAAAAAAAAAAAAAAAAAAAAAAAAAAAAAAAAAAAAAAAAAAAAAAAAAAAAAAAAAAAAAAAAAAAAAAAAAAAAAAAAAAAAAAAAAAAAAAAAAAAAAAAAAAAAAAAAAAAAAAAAAAAAAAAAAAAAAAAAAAAAAAAAAAAAAAAAAAAAAAAAAAAAAAAAAAAAAAAAAAAAAAAAAAAAAAAAAAAAAAAAAAAAAAAAAAAAAAAAAAAAAAAAAAAAAAAAAAAAAAAAAAAAAAAAAAAAAAAAAAAAAAAAAAAAAAAAAAAAAAAAAAAAAAAAAAAAAAAAAAAAAAAAAAAAAAAAAAAAAAAAAAAAAAAAAAAAAAAAAAAAAAAAAAAAAAAAAAAAAAAAAAAAAAAAAAAAAAAAAAAAAAAAAAAAAAAAAAAAAAAAAAAAAAAAAAAAAAAAAAAAAAAAAAAAAAAAAAAAAAAAAAAAAAAAAAAAAAAAAAAAAAAAAAAAAAAAAAAAAAAAAAAAAAAAAAAAAAAAAAAAAAAAAAAAAAAAAAAAAAAAAAAAAAAAAAAAAAAAAAAAAAAAAAAAAAAAAAAAAAAAAAAAAAAAAAAAAAAAAAAAAAAAAAAAAAAAAAAAAAAAAAAAAAAAAAAAAAAAAAAAAAAAAAAAAAAAAAAAAAAAAAAAAAAAAAAAAAAAAAAAAAAAAAAAAAAAAAAAAAAAAAAAAAAAAAAAAAAAAAAAAAAAAAAAAAAAAAAAAAAAAAAAAAAAAAAAAAAAAAAAAAAAAAAAAAAAAAAAAAAAAAAAAAAAAAAAAAAAAAAAAAAAAAAAAAAAAAAAAAAAAAAAAAAAAAAAAAAAAAAAAAAAAAAAAAAAAAAAAAAAAAAAAAAAAAAAAAAAAAAAAAAAAAAAAAAAAAAAAAAAAAAAAAAAAAAAAAAAAAAAAAAAAAAAAAAAAAAAAAAAAAAAAAAAAAAAAAAAAAAAAAAAAAAAAAAAAAAAAAAAAAAAAAAAAAAAAAAAAAAAAAAAAAAAAAAAAAAAAAAAAAAAAAAAAAAAAAAAAAAAAAAAAAAAAAAAAAAAAAAAAAAAAAAAAAAAAAAAAAAAAAAAAAAAAAAAAAAAAAAAAAAAAAAAAAAAAAAAAAAAAAAAAAAAAAAAAAAAAAAAAAAAAAAAAAAAAAAAAAAAAAAAAAAAAAAAAAAAAAAAAAAAAAAAAAAAAAAAAAAAAAAAAAAAAAAAAAAAAAAAAAAAAAAAAAAAAAAAAAAAAAAAAAAAAAAAAAAAAAAAAAAAAAAAAAAAAAAAAAAAAAAAAAAAAAAAAAAAAAAAAAAAAAAAAAAAAAAAAAAAAAAAAAAAAAAAAAAAAAAAAAAAAAAAAAAAAAAAAAAAAAAAAAAAAAAAAAAAAAAAAAAAAAAAAAAAAAAAAAAAAAAAAAAAAAAAAAAAAAAAAAAAAAAAAAAAAAAAAAAAAAAAAAAAAAAAAAAAAAAAAAAAAAAAAAAAAAAAAAAAAAAAAAAAAAAAAAAAAAAAAAAAAAAAAAAAAAAAAAAAAAAAAAAAAAAAAAAAAAAAAAAAAAAAAAAAAAAAAAAAAAAAAAAAAAAAAAAAAAAAAAAAAAAAAAAAAAAAAAAAAAAAAAAAAAAAAAAAAAAAAAAAAAAAAAAAAAAAAAAAAAAAAAAAAAAAAAAAAAAAAAAAAAAAAAAAAAAAAAAAAAAAAAAAAAAAAAAAAAAAAAAAAAAAAAAAAAAAAAAAAAAAAAAAAAAAAAAAAAAAAAAAAAAAAAAAAAAAAAAAAAAAAAAAAAAAAAAAAAAAAAAAAAAAAAAAAAAAAAAAAAAAAAAAAAAAAAAAAAAAAAAAAAAAAAAAAAAAAAAAAAAAAAAAAAAAAAAAAAAAAAAAAAAAAAAAAAAAAAAAAAAAAAAAAAAAAAAAAAAAAAAAAAAAAAAAAAAAAAAAAAAAAAAAAAAAAAAAAAAAAAAAAAAAAAAAAAAAAAAAAAAAAAAAAAAAAAAAAAAAAAAAAAAAAAAAAAAAAAAAAAAAAAAAAAAAAAAAAAAAAAAAAAAAAAAAAAAAAAAAAAAAAAAAAAAAAAAAAAAAAAAAAAAAAAAAAAAAAAAAAAAAAAAAAAAAAAAAAAAAAAAAAAAAAAAAAAAAAAAAAAAAAAAAAAAAAAAAAAAAAAAAAAAAAAAAAAAAAAAAAAAAAAAAAAAAAAAAAAAAAAAAAAAAAAAAAAAAAAAAAAAAAAAAAAAAAAAAAAAAAAAAAAAAAAAAAAAAAAAAAAAAAAAAAAAAAAAAAAAAAAAAAAAAAAAAAAAAAAAAAAAAAAAAAAAAAAAAAAAAAAAAAAAAAAAAAAAAAAAAAAAAAAAAAAAAAAAAAAAAAAAAAAAAAAAAAAAAAAAAAAAAAAAAAAAAAAAAAAAAAAAAAAAAAAAAAAAAAAAAAAAAAAAAAAAAAAAAAAAAAAAAAAAAAAAAAAAAAAAAAAAAAAAAAAAAAAAAAAAAAAAAAAAAAAAAAAAAAAAAAAAAAAAAAAAAAAAAAAAAAAAAAAAAAAAAAAAAAAAAAAAAAAAAAAAAAAAAAAAAAAAAAAAAAAAAAAAAAAAAAAAAAAAAAAAAAAAAAAAAAAAAAAAAAAAAAAAAAAAAAAAAAAAAAAAAAAAAAAAAAAAAAAAAAAAAAAAAAAAAAAAAAAAAAAAAAAAAAAAAAAAAAAAAAAAAAAAAAAAAAAAAAAAAAAAAAAAAAAAAAAAAAAAAAAAAAAAAAAAAAAAAAAAAAAAAAAAAAAAAAAAAAAAAAAAAAAAAAAAAAAAAAAAAAAAAAAAAAAAAAAAAAAAAAAAAAAAAAAAAAAAAAAAAAAAAAAAAAAAAAAAAAAAAAAAAAAAAAAAAAAAAAAAAAAAAAAAAAAAAAAAAAAAAAAAAAAAAAAAAAAAAAAAAAAAAAAAAAAAAAAAAAAAAAAAAAAAAAAAAAAAAAAAAAAAAAAAAAAAAAAAAAAAAAAAAAAAAAAAAAAAAAAAAAAAAAAAAAAAAAAAAAAAAAAAAAAAAAAAAAAAAAAAAAAAAAAAAAAAAAAAAAAAAAAAAAAAAAAAAAAAAAAAAAAAAAAAAAAAAAAAAAAAAAAAAAAAAAAAAAAAAAAAAAAAAAAAAAAAAAAAAAAAAAAAAAAAAAAAAAAAAAAAAAAAAAAAAAAAAAAAAAAAAAAAAAAAAAAAAAAAAAAAAAAAAAAAAAAAAAAAAAAAAAAAAAAAAAAAAAAAAAAAAAAAAAAAAAAAAAAAAAAAAAAAAAAAAAAAAAAAAAAAAAAAAAAAAAAAAAAAAAAAAAAAAAAAAAAAAAAAAAAAAAAAAAAAAAAAAAAAAAAAAAAAAAAAAAAAAAAAAAAAAAAAAAAAAAAAAAAAAAAAAAAAAAAAAAAAAAAAAAAAAAAAAAAAAAAAAAAAAAAAAAAAAAAAAAAAAAAAAAAAAAAAAAAAAAAAAAAAAAAAAAAAAAAAAAAAAAAAAAAAAAAAAAAAAAAAAAAAAAAAAAAAAAAAAAAAAAAAAAAAAAAAAAAAAAAAAAAAAAAAAAAAAAAAAAAAAAAAAAAAAAAAAAAAAAAAAAAAAAAAAAAAAAAAAAAAAAAAAAAAAAAAAAAAAAAAAAAAAAAAAAAAAAAAAAAAAAAAAAAAAAAAAAAAAAAAAAAAAAAAAAAAAAAAAAAAAAAAAAAAAAAAAAAAAAAAAAAAAAAAAAAAAAAAAAAAAAAAAAAAAAAAAAAAAAAAAAAAAAAAAAAAAAAAAAAAAAAAAAAAAAAAAAAAAAAAAAAAAAAAAAAAAAAAAAAAAAAAAAAAAAAAAAAAAAAAAAAAAAAAAAAAAAAAAAAAAAAAAAAAAAAAAAAAAAAAAAAAAAAAAAAAAAAAAAAAAAAAAAAAAAAAAAAAAAAAAAAAAAAAAAAAAAAAAAAAAAAAAAAAAAAAAAAAAAAAAAAAAAAAAAAAAAAAAAAAAAAAAAAAAAAAAAAAAAAAAAAAAAAAAAAAAAAAAAAAAAAAAAAAAAAAAAAAAAAAAAAAAAAAAAAAAAAAAAAAAAAAAAAAAAAAAAAAAAAAAAAAAAAAAAAAAAAAAAAAAAAAAAAAAAAAAAAAAAAAAAAAAAAAAAAAAAAAAAAAAAAAAAAAAAAAAAAAAAAAAAAAAAAAAAAAAAAAAAAAAAAAAAAAAAAAAAAAAAAAAAAAAAAAAAAAAAAAAAAAAAAAAAAAAAAAAAAAAAAAAAAAAAAAAAAAAAAAAAAAAAAAAAAAAAAAAAAAAAAAAAAAAAAAAAAAAAAAAAAAAAAAAAAAAAAAAAAAAAAAAAAAAAAAAAAAAAAAAAAAAAAAAAAAAAAAAAAAAAAAAAAAAAAAAAAAAAAAAAAAAAAAAAAAAAAAAAAAAAAAAAAAAAAAAAAAAAAAAAAAAAAAAAAAAAAAAAAAAAAAAAAAAAAAAAAAAAAAAAAAAAAAAAAAAAAAAAAAAAAAAAAAAAAAAAAAAAAAAAAAAAAAAAAAAAAAAAAAAAAAAAAAAAAAAAAAAAAAAAAAAAAAAAAAAAAAAAAAAAAAAAAAAAAAAAAAAAAAAAAAAAAAAAAAAAAAAAAAAAAAAAAAAAAAAAAAAAAAAAAAAAAAAAAAAAAAAAAAAAAAAAAAAAAAAAAAAAAAAAAAAAAAAAAAAAAAAAAAAAAAAAAAAAAAAAAAAAAAAAAAAAAAAAAAAAAAAAAAAAAAAAAAAAAAAAAAAAAAAAAAAAAAAAAAAAAAAAAAAAAAAAAAAAAAAAAAAAAAAAAAAAAAAAAAAAAAAAAAAAAAAAAAAAAAAAAAAAAAAAAAAAAAAAAAAAAAAAAAAAAAAAAAAAAAAAAAAAAAAAAAAAAAAAAAAAAAAAAAAAAAAAAAAAAAAAAAAAAAAAAAAAAAAAAAAAAAAAAAAAAAAAAAAAAAAAAAAAAAAAAAAAAAAAAAAAAAAAAAAAAAAAAAAAAAAAAAAAAAAAAAAAAAAAAAAAAAAAAAAAAAAAAAAAAAAAAAAAAAAAAAAAAAAAAAAAAAAAAAAAAAAAAAAAAAAAAAAAAAAAAAAAAAAAAAAAAAAAAAAAAAAAAAAAAAAAAAAAAAAAAAAAAAAAAAAAAAAAAAAAAAAAAAAAAAAAAAAAAAAAAAAAAAAAAAAAAAAAAAAAAAAAAAAAAAAAAAAAAAAAAAAAAAAAAAAAAAAAAAAAAAAAAAAAAAAAAAAAAAAAAAAAAAAAAAAAAAAAAAAAAAAAAAAAAAAAAAAAAAAAAAAAAAAAAAAAAAAAAAAAAAAAAAAAAAAAAAAAAAAAAAAAAAAAAAAAAAAAAAAAAAAAAAAAAAAAAAAAAAAAAAAAAAAAAAAAAAAAAAAAAAAAAAAAAAAAAAAAAAAAAAAAAAAAAAAAAAAAAAAAAAAAAAAAAAAAAAAAAAAAAAAAAAAAAAAAAAAAAAAAAAAAAAAAAAAAAAAAAAAAAAAAAAAAAAAAAAAAAAAAAAAAAAAAAAAAAAAAAAAAAAAAAAAAAAAAAAAAAAAAAAAAAAAAAAAAAAAAAAAAAAAAAAAAAAAAAAAAAAAAAAAAAAAAAAAAAAAAAAAAAAAAAAAAAAAAAAAAAAAAAAAAAAAAAAAAAAAAAAAAAAAAAAAAAAAAAAAAAAAAAAAAAAAAAAAAAAAAAAAAAAAAAAAAAAAAAAAAAAAAAAAAAAAAAAAAAAAAAAAAAAAAAAAAAAAAAAAAAAAAAAAAAAAAAAAAAAAAAAAAAAAAAAAAAAAAAAAAAAAAAAAAAAAAAAAAAAAAAAAAAAAAAAAAAAAAAAAAAAAAAAAAAAAAAAAAAAAAAAAAAAAAAAAAAAAAAAAAAAAAAAAAAAAAAAAAAAAAAAAAAAAAAAAAAAAAAAAAAAAAAAAAAAAAAAAAAAAAAAAAAAAAAAAAAAAAAAAAAAAAAAAAAAAAAAAAAAAAAAAAAAAAAAAAAAAAAAAAAAAAAAAAAAAAAAAAAAAAAAAAAAAAAAAAAAAAAAAAAAAAAAAAAAAAAAAAAAAAAAAAAAAAAAAAAAAAAAAAAAAAAAAAAAAAAAAAAAAAAAAAAAAAAAAAAAAAAAAAAAAAAAAAAAAAAAAAAAAAAAAAAAAAAAAAAAAAAAAAAAAAAAAAAAAAAAAAAAAAAAAAAAAAAAAAAAAAAAAAAAAAAAAAAAAAAAAAAAAAAAAAAAAAAAAAAAAAAAAAAAAAAAAAAAAAAAAAAAAAAAAAAAAAAAAAAAAAAAAAAAAAAAAAAAAAAAAAAAAAAAAAAAAAAAAAAAAAAAAAAAAAAAAAAAAAAAAAAAAAAAAAAAAAAAAAAAAAAAAAAAAAAAAAAAAAAAAAAAAAAAAAAAAAAAAAAAAAAAAAAAAAAAAAAAAAAAAAAAAAAAAAAAAAAAAAAAAAAAAAAAAAAAAAAAAAAAAAAAAAAAAAAAAAAAAAAAAAAAAAAAAAAAAAAAAAAAAAAAAAAAAAAAAAAAAAAAAAAAAAAAAAAAAAAAAAAAAAAAAAAAAAAAAAAAAAAAAAAAAAAAAAAAAAAAAAAAAAAAAAAAAAAAAAAAAAAAAAAAAAAAAAAAAAAAAAAAAAAAAAAAAAAAAAAAAAAAAAAAAAAAAAAAAAAAAAAAAAAAAAAAAAAAAAAAAAAAAAAAAAAAAAAAAAAAAAAAAAAAAAAAAAAAAAAAAAAAAAAAAAAAAAAAAAAAAAAAAAAAAAAAAAAAAAAAAAAAAAAAAAAAAAAAAAAAAAAAAAAAAAAAAAAAAAAAAAAAAAAAAAAAAAAAAAAAAAAAAAAAAAAAAAAAAAAAAAAAAAAAAAAAAAAAAAAAAAAAAAAAAAAAAAAAAAAAAAAAAAAAAAAAAAAAAAAAAAAAAAAAAAAAAAAAAAAAAAAAAAAAAAAAAAAAAAAAAAAAAAAAAAAAAAAAAAAAAAAAAAAAAAAAAAAAAAAAAAAAAAAAAAAAAAAAAAAAAAAAAAAAAAAAAAAAAAAAAAAAAAAAAAAAAAAAAAAAAAAAAAAAAAAAAAAAAAAAAAAAAAAAAAAAAAAAAAAAAAAAAAAAAAAAAAAAAAAAAAAAAAAAAAAAAAAAAAAAAAAAAAAAAAAAAAAAAAAAAAAAAAAAAAAAAAAAAAAAAAAAAAAAAAAAAAAAAAAAAAAAAAAAAAAAAAAAAAAAAAAAAAAAAAAAAAAAAAAAAAAAAAAAAAAAAAAAAAAAAAAAAAAAAAAAAAAAAAAAAAAAAAAAAAAAAAAAAAAAAAAAAAAAAAAAAAAAAAAAAAAAAAAAAAAAAAAAAAAAAAAAAAAAAAAAAAAAAAAAAAAAAAAAAAAAAAAAAAAAAAAAAAAAAAAAAAAAAAAAAAAAAAAAAAAAAAAAAAAAAAAAAAAAAAAAAAAAAAAAAAAAAAAAAAAAAAAAAAAAAAAAAAAAAAAAAAAAAAAAAAAAAAAAAAAAAAAAAAAAAAAAAAAAAAAAAAAAAAAAAAAAAAAAAAAAAAAAAAAAAAAAAAAAAAAAAAAAAAAAAAAAAAAAAAAAAAAAAAAAAAAAAAAAAAAAAAAAAAAAAAAAAAAAAAAAAAAAAAAAAAAAAAAAAAAAAAAAAAAAAAAAAAAAAAAAAAAAAAAAAAAAAAAAAAAAAAAAAAAAAAAAAAAAAAAAAAAAAAAAAAAAAAAAAAAAAAAAAAAAAAAAAAAAAAAAAAAAAAAAAAAAAAAAAAAAAAAAAAAAAAAAAAAAAAAAAAAAAAAAAAAAAAAAAAAAAAAAAAAAAAAAAAAAAAAAAAAAAAAAAAAAAAAAAAAAAAAAAAAAAAAAAAAAAAAAAAAAAAAAAAAAAAAAAAAAAAAAAAAAAAAAAAAAAAAAAAAAAAAAAAAAAAAAAAAAAAAAAAAAAAAAAAAAAAAAAAAAAAAAAAAAAAAAAAAAAAAAAAAAAAAAAAAAAAAAAAAAAAAAAAAAAAAAAAAAAAAAAAAAAAAAAAAAAAAAAAAAAAAAAAAAAAAAAAAAAAAAAAAAAAAAAAAAAAAAAAAAAAAAAAAAAAAAAAAAAAAAAAAAAAAAAAAAAAAAAAAAAAAAAAAAAAAAAAAAAAAAAAAAAAAAAAAAAAAAAAAAAAAAAAAAAAAAAAAAAAAAAAAAAAAAAAAAAAAAAAAAAAAAAAAAAAAAAAAAAAAAAAAAAAAAAAAAAAAAAAAAAAAAAAAAAAAAAAAAAAAAAAAAAAAAAAAAAAAAAAAAAAAAAAAAAAAAAAAAAAAAAAAAAAAAAAAAAAAAAAAAAAAAAAAAAAAAAAAAAAAAAAAAAAAAAAAAAAAAAAAAAAAAAAAAAAAAAAAAAAAAAAAAAAAAAAAAAAAAAAAAAAAAAAAAAAAAAAAAAAAAAAAAAAAAAAAAAAAAAAAAAAAAAAAAAAAAAAAAAAAAAAAAAAAAAAAAAAAAAAAAAAAAAAAAAAAAAAAAAAAAAAAAAAAAAAAAAAAAAAAAAAAAAAAAAAAAAAAAAAAAAAAAAAAAAAAAAAAAAAAAAAAAAAAAAAAAAAAAAAAAAAAAAAAAAAAAAAAAAAAAAAAAAAAAAAAAAAAAAAAAAAAAAAAAAAAAAAAAAAAAAAAAAAAAAAAAAAAAAAAAAAAAAAAAAAAAAAAAAAAAAAAAAAAAAAAAAAAAAAAAAAAAAAAAAAAAAAAAAAAAAAAAAAAAAAAAAAAAAAAAAAAAAAAAAAAAAAAAAAAAAAAAAAAAAAAAAAAAAAAAAAAAAAAAAAAAAAAAAAAAAAAAAAAAAAAAAAAAAAAAAAAAAAAAAAAAAAAAAAAAAAAAAAAAAAAAAAAAAAAAAAAAAAAAAAAAAAAAAAAAAAAAAAAAAAAAAAAAAAAAAAAAAAAAAAAAAAAAAAAAAAAAAAAAAAAAAAAAAAAAAAAAAAAAAAAAAAAAAAAAAAAAAAAAAAAAAAAAAAAAAAAAAAAAAAAAAAAAAAAAAAAAAAAAAAAAAAAAAAAAAAAAAAAAAAAAAAAAAAAAAAAAAAAAAAAAAAAAAAAAAAAAAAAAAAAAAAAAAAAAAAAAAAAAAAAAAAAAAAAAAAAAAAAAAAAAAAAAAAAAAAAAAAAAAAAAAAAAAAAAAAAAAAAAAAAAAAAAAAAAAAAAAAAAAAAAAAAAAAAAAAAAAAAAAAAAAAAAAAAAAAAAAAAAAAAAAAAAAAAAAAAAAAAAAAAAAAAAAAAAAAAAAAAAAAAAAAAAAAAAAAAAAAAAAAAAAAAAAAAAAAAAAAAAAAAAAAAAAAAAAAAAAAAAAAAAAAAAAAAAAAAAAAAAAAAAAAAAAAAAAAAAAAAAAAAAAAAAAAAAAAAAAAAAAAAAAAAAAAAAAAAAAAAAAAAAAAAAAAAAAAAAAAAAAAAAAAAAAAAAAAAAAAAAAAAAAAAAAAAAAAAAAAAAAAAAAAAAAAAAAAAAAAAAAAAAAAAAAAAAAAAAAAAAAAAAAAAAAAAAAAAAAAAAAAAAAAAAAAAAAAAAAAAAAAAAAAAAAAAAAAAAAAAAAAAAAAAAAAAAAAAAAAAAAAAAAAAAAAAAAAAAAAAAAAAAAAAAAAAAAAAAAAAAAAAAAAAAAAAAAAAAAAAAAAAAAAAAAAAAAAAAAAAAAAAAAAAAAAAAAAAAAAAAAAAAAAAAAAAAAAAAAAAAAAAAAAAAAAAAAAAAAAAAAAAAAAAAAAAAAAAAAAAAAAAAAAAAAAAAAAAAAAAAAAAAAAAAAAAAAAAAAAAAAAAAAAAAAAAAAAAAAAAAAAAAAAAAAAAAAAAAAAAAAAAAAAAAAAAAAAAAAAAAAAAAAAAAAAAAAAAAAAAAAAAAAAAAAAAAAAAAAAAAAAAAAAAAAAAAAAAAAAAAAAAAAAAAAAAAAAAAAAAAAAAAAAAAAAAAAAAAAAAAAAAAAAAAAAAAAAAAAAAAAAAAAAAAAAAAAAAAAAAAAAAAAAAAAAAAAAAAAAAAAAAAAAAAAAAAAAAAAAAAAAAAAAAAAAAAAAAAAAAAAAAAAAAAAAAAAAAAAAAAAAAAAAAAAAAAAAAAAAAAAAAAAAAAAAAAAAAAAAAAAAAAAAAAAAAAAAAAAAAAAAAAAAAAAAAAAAAAAAAAAAAAAAAAAAAAAAAAAAAAAAAAAAAAAAAAAAAAAAAAAAAAAAAAAAAAAAAAAAAAAAAAAAAAAAAAAAAAAAAAAAAAAAAAAAAAAAAAAAAAAAAAAAAAAAAAAAAAAAAAAAAAAAAAAAAAAAAAAAAAAAAAAAAAAAAAAAAAAAAAAAAAAAAAAAAAAAAAAAAAAAAAAAAAAAAAAAAAAAAAAAAAAAAAAAAAAAAAAAAAAAAAAAAAAAAAAAAAAAAAAAAAAAAAAAAAAAAAAAAAAAAAAAAAAAAAAAAAAAAAAAAAAAAAAAAAAAAAAAAAAAAAAAAAAAAAAAAAAAAAAAAAAAAAAAAAAAAAAAAAAAAAAAAAAAAAAAAAAAAAAAAAAAAAAAAAAAAAAAAAAAAAAAAAAAAAAAAAAAAAAAAAAAAAAAAAAAAAAAAAAAAAAAAAAAAAAAAAAAAAAAAAAAAAAAAAAAAAAAAAAAAAAAAAAAAAAAAAAAAAAAAAAAAAAAAAAAAAAAAAAAAAAAAAAAAAAAAAAAAAAAAAAAAAAAAAAAAAAAAAAAAAAAAAAAAAAAAAAAAAAAAAAAAAAAAAAAAAAAAAAAAAAAAAAAAAAAAAAAAAAAAAAAAAAAAAAAAAAAAAAAAAAAAAAAAAAAAAAAAAAAAAAAAAAAAAAAAAAAAAAAAAAAAAAAAAAAAAAAAAAAAAAAAAAAAAAAAAAAAAAAAAAAAAAAAAAAAAAAAAAAAAAAAAAAAAAAAAAAAAAAAAAAAAAAAAAAAAAAAAAAAAAAAAAAAAAAAAAAAAAAAAAAAAAAAAAAAAAAAAAAAAAAAAAAAAAAAAAAAAAAAAAAAAAAAAAAAAAAAAAAAAAAAAAAAAAAAAAAAAAAAAAAAAAAAAAAAAAAAAAAAAAAAAAAAAAAAAAAAAAAAAAAAAAAAAAAAAAAAAAAAAAAAAAAAAAAAAAAAAAAAAAAAAAAAAAAAAAAAAAAAAAAAAAAAAAAAAAAAAAAAAAAAAAAAAAAAAAAAAAAAAAAAAAAAAAAAAAAAAAAAAAAAAAAAAAAAAAAAAAAAAAAAAAAAAAAAAAAAAAAAAAAAAAAAAAAAAAAAAAAAAAAAAAAAAAAAAAAAAAAAAAAAAAAAAAAAAAAAAAAAAAAAAAAAAAAAAAAAAAAAAAAAAAAAAAAAAAAAAAAAAAAAAAAAAAAAAAAAAAAAAAAAAAAAAAAAAAAAAAAAAAAAAAAAAAAAAAAAAAAAAAAAAAAAAAAAAAAAAAAAAAAAAAAAAAAAAAAAAAAAAAAAAAAAAAAAAAAAAAAAAAAAAAAAAAAAAAAAAAAAAAAAAAAAAAAAAAAAAAAAAAAAAAAAAAAAAAAAAAAAAAAAAAAAAAAAAAAAAAAAAAAAAAAAAAAAAAAAAAAAAAAAAAAAAAAAAAAAAAAAAAAAAAAAAAAAAAAAAAAAAAAAAAAAAAAAAAAAAAAAAAAAAAAAAAAAAAAAAAAAAAAAAAAAAAAAAAAAAAAAAAAAAAAAAAAAAAAAAAAAAAAAAAAAAAAAAAAAAAAAAAAAAAAAAAAAAAAAAAAAAAAAAAAAAAAAAAAAAAAAAAAAAAAAAAAAAAAAAAAAAAAAAAAAAAAAAAAAAAAAAAAAAAAAAAAAAAAAAAAAAAAAAAAAAAAAAAAAAAAAAAAAAAAAAAAAAAAAAAAAAAAAAAAAAAAAAAAAAAAAAAAAAAAAAAAAAAAAAAAAAAAAAAAAAAAAAAAAAAAAAAAAAAAAAAAAAAAAAAAAAAAAAAAAAAAAAAAAAAAAAAAAAAAAAAAAAAAAAAAAAAAAAAAAAAAAAAAAAAAAAAAAAAAAAAAAAAAAAAAAAAAAAAAAAAAAAAAAAAAAAAAAAAAAAAAAAAAAAAAAAAAAAAAAAAAAAAAAAAAAAAAAAAAAAAAAAAAAAAAAAAAAAAAAAAAAAAAAAAAAAAAAAAAAAAAAAAAAAAAAAAAAAAAAAAAAAAAAAAAAAAAAAAAAAAAAAAAAAAAAAAAAAAAAAAAAAAAAAAAAAAAAAAAAAAAAAAAAAAAAAAAAAAAAAAAAAAAAAAAAAAAAAAAAAAAAAAAAAAAAAAAAAAAAAAAAAAAAAAAAAAAAAAAAAAAAAAAAAAAAAAAAAAAAAAAAAAAAAAAAAAAAAAAAAAAAAAAAAAAAAAAAAAAAAAAAAAAAAAAAAAAAAAAAAAAAAAAAAAAAAAAAAAAAAAAAAAAAAAAAAAAAAAAAAAAAAAAAAAAAAAAAAAAAAAAAAAAAAAAAAAAAAAAAAAAAAAAAAAAAAAAAAAAAAAAAAAAAAAAAAAAAAAAAAAAAAAAAAAAAAAAAAAAAAAAAAAAAAAAAAAAAAAAAAAAAAAAAAAAAAAAAAAAAAAAAAAAAAAAAAAAAAAAAAAAAAAAAAAAAAAAAAAAAAAAAAAAAAAAAAAAAAAAAAAAAAAAAAAAAAAAAAAAAAAAAAAAAAAAAAAAAAAAAAAAAAAAAAAAAAAAAAAAAAAAAAAAAAAAAAAAAAAAAAAAAAAAAAAAAAAAAAAAAAAAAAAAAAAAAAAAAAAAAAAAAAAAAAAAAAAAAAAAAAAAAAAAAAAAAAAAAAAAAAAAAAAAAAAAAAAAAAAAAAAAAAAAAAAAAAAAAAAAAAAAAAAAAAAAAAAAAAAAAAAAAAAAAAAAAAAAAAAAAAAAAAAAAAAAAAAAAAAAAAAAAAAAAAAAAAAAAAAAAAAAAAAAAAAAAAAAAAAAAAAAAAAAAAAAAAAAAAAAAAAAAAAAAAAAAAAAAAAAAAAAAAAAAAAAAAAAAAAAAAAAAAAAAAAAAAAAAAAAAAAAAAAAAAAAAAAAAAAAAAAAAAAAAAAAAAAAAAAAAAAAAAAAAAAAAAAAAAAAAAAAAAAAAAAAAAAAAAAAAAAAAAAAAAAAAAAAAAAAAAAAAAAAAAAAAAAAAAAAAAAAAAAAAAAAAAAAAAAAAAAAAAAAAAAAAAAAAAAAAAAAAAAAAAAAAAAAAAAAAAAAAAAAAAAAAAAAAAAAAAAAAAAAAAAAAAAAAAAAAAAAAAAAAAAAAAAAAAAAAAAAAAAAAAAAAAAAAAAAAAAAAAAAAAAAAAAAAAAAAAAAAAAAAAAAAAAAAAAAAAAAAAAAAAAAAAAAAAAAAAAAAAAAAAAAAAAAAAAAAAAAAAAAAAAAAAAAAAAAAAAAAAAAAAAAAAAAAAAAAAAAAAAAAAAAAAAAAAAAAAAAAAAAAAAAAAAAAAAAAAAAAAAAAAAAAAAAAAAAAAAAAAAAAAAAAAAAAAAAAAAAAAAAAAAAAAAAAAAAAAAAAAAAAAAAAAAAAAAAAAAAAAAAAAAAAAAAAAAAAAAAAAAAAAAAAAAAAAAAAAAAAAAAAAAAAAAAAAAAAAAAAAAAAAAAAAAAAAAAAAAAAAAAAAAAAAAAAAAAAAAAAAAAAAAAAAAAAAAAAAAAAAAAAAAAAAAAAAAAAAAAAAAAAAAAAAAAAAAAAAAAAAAAAAAAAAAAAAAAAAAAAAAAAAAAAAAAAAAAAAAAAAAAAAAAAAAAAAAAAAAAAAAAAAAAAAAAAAAAAAAAAAAAAAAAAAAAAAAAAAAAAAAAAAAAAAAAAAAAAAAAAAAAAAAAAAAAAAAAAAAAAAAAAAAAAAAAAAAAAAAAAAAAAAAAAAAAAAAAAAAAAAAAAAAAAAAAAAAAAAAAAAAAAAAAAAAAAAAAAAAAAAAAAAAAAAAAAAAAAAAAAAAAAAAAAAAAAAAAAAAAAAAAAAAAAAAAAAAAAAAAAAAAAAAAAAAAAAAAAAAAAAAAAAAAAAAAAAAAAAAAAAAAAAAAAAAAAAAAAAAAAAAAAAAAAAAAAAAAAAAAAAAAAAAAAAAAAAAAAAAAAAAAAAAAAAAAAAAAAAAAAAAAAAAAAAAAAAAAAAAAAAAAAAAAAAAAAAAAAAAAAAAAAAAAAAAAAAAAAAAAAAAAAAAAAAAAAAAAAAAAAAAAAAAAAAAAAAAAAAAAAAAAAAAAAAAAAAAAAAAAAAAAAAAAAAAAAAAAAAAAAAAAAAAAAAAAAAAAAAAAAAAAAAAAAAAAAAAAAAAAAAAAAAAAAAAAAAAAAAAAAAAAAAAAAAAAAAAAAAAAAAAAAAAAAAAAAAAAAAAAAAAAAAAAAAAAAAAAAAAAAAAAAAAAAAAAAAAAAAAAAAAAAAAAAAAAAAAAAAAAAAAAAAAAAAAAAAAAAAAAAAAAAAAAAAAAAAAAAAAAAAAAAAAAAAAAAAAAAAAAAAAAAAAAAAAAAAAAAAAAAAAAAAAAAAAAAAAAAAAAAAAAAAAAAAAAAAAAAAAAAAAAAAAAAAAAAAAAAAAAAAAAAAAAAAAAAAAAAAAAAAAAAAAAAAAAAAAAAAAAAAAAAAAAAAAAAAAAAAAAAAAAAAAAAAAAAAAAAAAAAAAAAAAAAAAAAAAAAAAAAAAAAAAAAAAAAAAAAAAAAAAAAAAAAAAAAAAAAAAAAAAAAAAAAAAAAAAAAAAAAAAAAAAAAAAAAAAAAAAAAAAAAAAAAAAAAAAAAAAAAAAAAAAAAAAAAAAAAAAAAAAAAAAAAAAAAAAAAAAAAAAAAAAAAAAAAAAAAAAAAAAAAAAAAAAAAAAAAAAAAAAAAAAAAAAAAAAAAAAAAAAAAAAAAAAAAAAAAAAAAAAAAAAAAAAAAAAAAAAAAAAAAAAAAAAAAAAAAAAAAAAAAAAAAAAAAAAAAAAAAAAAAAAAAAAAAAAAAAAAAAAAAAAAAAAAAAAAAAAAAAAAAAAAAAAAAAAAAAAAAAAAAAAAAAAAAAAAAAAAAAAAAAAAAAAAAAAAAAAAAAAAAAAAAAAAAAAAAAAAAAAAAAAAAAAAAAAAAAAAAAAAAAAAAAAAAAAAAAAAAAAAAAAAAAAAAAAAAAAAAAAAAAAAAAAAAAAAAAAAAAAAAAAAAAAAAAAAAAAAAAAAAAAAAAAAAAAAAAAAAAAAAAAAAAAAAAAAAAAAAAAAAAAAAAAAAAAAAAAAAAAAAAAAAAAAAAAAAAAAAAAAAAAAAAAAAAAAAAAAAAAAAAAAAAAAAAAAAAAAAAAAAAAAAAAAAAAAAAAAAAAAAAAAAAAAAAAAAAAAAAAAAAAAAAAAAAAAAAAAAAAAAAAAAAAAAAAAAAAAAAAAAAAAAAAAAAAAAAAAAAAAAAAAAAAAAAAAAAAAAAAAAAAAAAAAAAAAAAAAAAAAAAAAAAAAAAAAAAAAAAAAAAAAAAAAAAAAAAAAAAAAAAAAAAAAAAAAAAAAAAAAAAAAAAAAAAAAAAAAAAAAAAAAAAAAAAAAAAAAAAAAAAAAAAAAAAAAAAAAAAAAAAAAAAAAAAAAAAAAAAAAAAAAAAAAAAAAAAAAAAAAAAAAAAAAAAAAAAAAAAAAAAAAAAAAAAAAAAAAAAAAAAAAAAAAAAAAAAAAAAAAAAAAAAAAAAAAAAAAAAAAAAAAAAAAAAAAAAAAAAAAAAAAAAAAAAAAAAAAAAAAAAAAAAAAAAAAAAAAAAAAAAAAAAAAAAAAAAAAAAAAAAAAAAAAAAAAAAAAAAAAAAAAAAAAAAAAAAAAAAAAAAAAAAAAAAAAAAAAAAAAAAAAAAAAAAAAAAAAAAAAAAAAAAAAAAAAAAAAAAAAAAAAAAAAAAAAAAAAAAAAAAAAAAAAAAAAAAAAAAAAAAAAAAAAAAAAAAAAAAAAAAAAAAAAAAAAAAAAAAAAAAAAAAAAAAAAAAAAAAAAAAAAAAAAAAAAAAAAAAAAAAAAAAAAAAAAAAAAAAAAAAAAAAAAAAAAAAAAAAAAAAAAAAAAAAAAAAAAAAAAAAAAAAAAAAAAAAAAAAAAAAAAAAAAAAAAAAAAAAAAAAAAAAAAAAAAAAAAAAAAAAAAAAAAAAAAAAAAAAAAAAAAAAAAAAAAAAAAAAAAAAAAAAAAAAAAAAAAAAAAAAAAAAAAAAAAAAAAAAAAAAAAAAAAAAAAAAAAAAAAAAAAAAAAAAAAAAAAAAAAAAAAAAAAAAAAAAAAAAAAAAAAAAAAAAAAAAAAAAAAAAAAAAAAAAAAAAAAAAAAAAAAAAAAAAAAAAAAAAAAAAAAAAAAAAAAAAAAAAAAAAAAAAAAAAAAAAAAAAAAAAAAAAAAAAAAAAAAAAAAAAAAAAAAAAAAAAAAAAAAAAAAAAAAAAAAAAAAAAAAAAAAAAAAAAAAAAAAAAAAAAAAAAAAAAAAAAAAAAAAAAAAAAAAAAAAAAAAAAAAAAAAAAAAAAAAAAAAAAAAAAAAAAAAAAAAAAAAAAAAAAAAAAAAAAAAAAAAAAAAAAAAAAAAAAAAAAAAAAAAAAAAAAAAAAAAAAAAAAAAAAAAAAAAAAAAAAAAAAAAAAAAAAAAAAAAAAAAAAAAAAAAAAAAAAAAAAAAAAAAAAAAAAAAAAAAAAAAAAAAAAAAAAAAAAAAAAAAAAAAAAAAAAAAAAAAAAAAAAAAAAAAAAAAAAAAAAAAAAAAAAAAAAAAAAAAAAAAAAAAAAAAAAAAAAAAAAAAAAAAAAAAAAAAAAAAAAAAAAAAAAAAAAAAAAAAAAAAAAAAAAAAAAAAAAAAAAAAAAAAAAAAAAAAAAAAAAAAAAAAAAAAAAAAAAAAAAAAAAAAAAAAAAAAAAAAAAAAAAAAAAAAAAAAAAAAAAAAAAAAAAAAAAAAAAAAAAAAAAAAAAAAAAAAAAAAAAAAAAAAAAAAAAAAAAAAAAAAAAAAAAAAAAAAAAAAAAAAAAAAAAAAAAAAAAAAAAAAAAAAAAAAAAAAAAAAAAAAAAAAAAAAAAAAAAAAAAAAAAAAAAAAAAAAAAAAAAAAAAAAAAAAAAAAAAAAAAAAAAAAAAAAAAAAAAAAAAAAAAAAAAAAAAAAAAAAAAAAAAAAAAAAAAAAAAAAAAAAAAAAAAAAAAAAAAAAAAAAAAAAAAAAAAAAAAAAAAAAAAAAAAAAAAAAAAAAAAAAAAAAAAAAAAAAAAAAAAAAAAAAAAAAAAAAAAAAAAAAAAAAAAAAAAAAAAAAAAAAAAAAAAAAAAAAAAAAAAAAAAAAAAAAAAAAAAAAAAAAAAAAAAAAAAAAAAAAAAAAAAAAAAAAAAAAAAAAAAAAAAAAAAAAAAAAAAAAAAAAAAAAAAAAAAAAAAAAAAAAAAAAAAAAAAAAAAAAAAAAAAAAAAAAAAAAAAAAAAAAAAAAAAAAAAAAAAAAAAAAAAAAAAAAAAAAAAAAAAAAAAAAAAAAAAAAAAAAAAAAAAAAAAAAAAAAAAAAAAAAAAAAAAAAAAAAAAAAAAAAAAAAAAAAAAAAAAAAAAAAAAAAAAAAAAAAAAAAAAAAAAAAAAAAAAAAAAAAAAAAAAAAAAAAAAAAAAAAAAAAAAAAAAAAAAAAAAAAAAAAAAAAAAAAAAAAAAAAAAAAAAAAAAAAAAAAAAAAAAAAAAAAAAAAAAAAAAAAAAAAAAAAAAAAAAAAAAAAAAAAAAAAAAAAAAAAAAAAAAAAAAAAAAAAAAAAAAAAAAAAAAAAAAAAAAAAAAAAAAAAAAAAAAAAAAAAAAAAAAAAAAAAAAAAAAAAAAAAAAAAAAAAAAAAAAAAAAAAAAAAAAAAAAAAAAAAAAAAAAAAAAAAAAAAAAAAAAAAAAAAAAAAAAAAAAAAAAAAAAAAAAAAAAAAAAAAAAAAAAAAAAAAAAAAAAAAAAAAAAAAAAAAAAAAAAAAAAAAAAAAAAAAAAAAAAAAAAAAAAAAAAAAAAAAAAAAAAAAAAAAAAAAAAAAAAAAAAAAAAAAAAAAAAAAAAAAAAAAAAAAAAAAAAAAAAAAAAAAAAAAAAAAAAAAAAAAAAAAAAAAAAAAAAAAAAAAAAAAAAAAAAAAAAAAAAAAAAAAAAAAAAAAAAAAAAAAAAAAAAAAAAAAAAAAAAAAAAAAAAAAAAAAAAAAAAAAAAAAAAAAAAAAAAAAAAAAAAAAAAAAAAAAAAAAAAAAAAAAAAAAAAAAAAAAAAAAAAAAAAAAAAAAAAAAAAAAAAAAAAAAAAAAAAAAAAAAAAAAAAAAAAAAAAAAAAAAAAAAAAAAAAAAAAAAAAAAAAAAAAAAAAAAAAAAAAAAAAAAAAAAAAAAAAAAAAAAAAAAAAAAAAAAAAAAAAAAAAAAAAAAAAAAAAAAAAAAAAAAAAAAAAAAAAAAAAAAAAAAAAAAAAAAAAAAAAAAAAAAAAAAAAAAAAAAAAAAAAAAAAAAAAAAAAAAAAAAAAAAAAAAAAAAAAAAAAAAAAAAAAAAAAAAAAAAAAAAAAAAAAAAAAAAAAAAAAAAAAAAAAAAAAAAAAAAAAAAAAAAAAAAAAAAAAAAAAAAAAAAAAAAAAAAAAAAAAAAAAAAAAAAAAAAAAAAAAAAAAAAAAAAAAAAAAAAAAAAAAAAAAAAAAAAAAAAAAAAAAAAAAAAAAAAAAAAAAAAAAAAAAAAAAAAAAAAAAAAAAAAAAAAAAAAAAAAAAAAAAAAAAAAAAAAAAAAAAAAAAAAAAAAAAAAAAAAAAAAAAAAAAAAAAAAAAAAAAAAAAAAAAAAAAAAAAAAAAAAAAAAAAAAAAAAAAAAAAAAAAAAAAAAAAAAAAAAAAAAAAAAAAAAAAAAAAAAAAAAAAAAAAAAAAAAAAAAAAAAAAAAAAAAAAAAAAAAAAAAAAAAAAAAAAAAAAAAAAAAAAAAAAAAAAAAAAAAAAAAAAAAAAAAAAAAAAAAAAAAAAAAAAAAAAAAAAAAAAAAAAAAAAAAAAAAAAAAAAAAAAAAAAAAAAAAAAAAAAAAAAAAAAAAAAAAAAAAAAAAAAAAAAAAAAAAAAAAAAAAAAAAAAAAAAAAAAAAAAAAAAAAAAAAAAAAAAAAAAAAAAAAAAAAAAAAAAAAAAAAAAAAAAAAAAAAAAAAAAAAAAAAAAAAAAAAAAAAAAAAAAAAAAAAAAAAAAAAAAAAAAAAAAAAAAAAAAAAAAAAAAAAAAAAAAAAAAAAAAAAAAAAAAAAAAAAAAAAAAAAAAAAAAAAAAAAAAAAAAAAAAAAAAAAAAAAAAAAAAAAAAAAAAAAAAAAAAAAAAAAAAAAAAAAAAAAAAAAAAAAAAAAAAAAAAAAAAAAAAAAAAAAAAAAAAAAAAAAAAAAAAAAAAAAAAAAAAAAAAAAAAAAAAAAAAAAAAAAAAAAAAAAAAAAAAAAAAAAAAAAAAAAAAAAAAAAAAAAAAAAAAAAAAAAAAAAAAAAAAAAAAAAAAAAAAAAAAAAAAAAAAAAAAAAAAAAAAAAAAAAAAAAAAAAAAAAAAAAAAAAAAAAAAAAAAAAAAAAAAAAAAAAAAAAAAAAAAAAAAAAAAAAAAAAAAAAAAAAAAAAAAAAAAAAAAAAAAAAAAAAAAAAAAAAAAAAAAAAAAAAAAAAAAAAAAAAAAAAAAAAAAAAAAAAAAAAAAAAAAAAAAAAAAAAAAAAAAAAAAAAAAAAAAAAAAAAAAAAAAAAAAAAAAAAAAAAAAAAAAAAAAAAAAAAAAAAAAAAAAAAAAAAAAAAAAAAAAAAAAAAAAAAAAAAAAAAAAAAAAAAAAAAAAAAAAAAAAAAAAAAAAAAAAAAAAAAAAAAAAAAAAAAAAAAAAAAAAAAAAAAAAAAAAAAAAAAAAAAAAAAAAAAAAAAAAAAAAAAAAAAAAAAAAAAAAAAAAAAAAAAAAAAAAAAAAAAAAAAAAAAAAAAAAAAAAAAAAAAAAAAAAAAAAAAAAAAAAAAAAAAAAAAAAAAAAAAAAAAAAAAAAAAAAAAAAAAAAAAAAAAAAAAAAAAAAAAAAAAAAAAAAAAAAAAAAAAAAAAAAAAAAAAAAAAAAAAAAAAAAAAAAAAAAAAAAAAAAAAAAAAAAAAAAAAAAAAAAAAAAAAAAAAAAAAAAAAAAAAAAAAAAAAAAAAAAAAAAAAAAAAAAAAAAAAAAAAAAAAAAAAAAAAAAAAAAAAAAAAAAAAAAAAAAAAAAAAAAAAAAAAAAAAAAAAAAAAAAAAAAAAAAAAAAAAAAAAAAAAAAAAAAAAAAAAAAAAAAAAAAAAAAAAAAAAAAAAAAAAAAAAAAAAAAAAAAAAAAAAAAAAAAAAAAAAAAAAAAAAAAAAAAAAAAAAAAAAAAAAAAAAAAAAAAAAAAAAAAAAAAAAAAAAAAAAAAAAAAAAAAAAAAAAAAAAAAAAAAAAAAAAAAAAAAAAAAAAAAAAAAAAAAAAAAAAAAAAAAAAAAAAAAAAAAAAAAAAAAAAAAAAAAAAAAAAAAAAAAAAAAAAAAAAAAAAAAAAAAAAAAAAAAAAAAAAAAAAAAAAAAAAAAAAAAAAAAAAAAAAAAAAAAAAAAAAAAAAAAAAAAAAAAAAAAAAAAAAAAAAAAAAAAAAAAAAAAAAAAAAAAAAAAAAAAAAAAAAAAAAAAAAAAAAAAAAAAAAAAAAAAAAAAAAAAAAAAAAAAAAAAAAAAAAAAAAAAAAAAAAAAAAAAAAAAAAAAAAAAAAAAAAAAAAAAAAAAAAAAAAAAAAAAAAAAAAAAAAAAAAAAAAAAAAAAAAAAAAAAAAAAAAAAAAAAAAAAAAAAAAAAAAAAAAAAAAAAAAAAAAAAAAAAAAAAAAAAAAAAAAAAAAAAAAAAAAAAAAAAAAAAAAAAAAAAAAAAAAAAAAAAAAAAAAAAAAAAAAAAAAAAAAAAAAAAAAAAAAAAAAAAAAAAAAAAAAAAAAAAAAAAAAAAAAAAAAAAAAAAAAAAAAAAAAAAAAAAAAAAAAAAAAAAAAAAAAAAAAAAAAAAAAAAAAAAAAAAAAAAAAAAAAAAAAAAAAAAAAAAAAAAAAAAAAAAAAAAAAAAAAAAAAAAAAAAAAAAAAAAAAAAAAAAAAAAAAAAAAAAAAAAAAAAAAAAAAAAAAAAAAAAAAAAAAAAAAAAAAAAAAAAAAAAAAAAAAAAAAAAAAAAAAAAAAAAAAAAAAAAAAAAAAAAAAAAAAAAAAAAAAAAAAAAAAAAAAAAAAAAAAAAAAAAAAAAAAAAAAAAAAAAAAAAAAAAAAAAAAAAAAAAAAAAAAAAAAAAAAAAAAAAAAAAAAAAAAAAAAAAAAAAAAAAAAAAAAAAAAAAAAAAAAAAAAAAAAAAAAAAAAAAAAAAAAAAAAAAAAAAAAAAAAAAAAAAAAAAAAAAAAAAAAAAAAAAAAAAAAAAAAAAAAAAAAAAAAAAAAAAAAAAAAAAAAAAAAAAAAAAAAAAAAAAAAAAAAAAAAAAAAAAAAAAAAAAAAAAAAAAAAAAAAAAAAAAAAAAAAAAAAAAAAAAAAAAAAAAAAAAAAAAAAAAAAAAAAAAAAAAAAAAAAAAAAAAAAAAAAAAAAAAAAAAAAAAAAAAAAAAAAAAAAAAAAAAAAAAAAAAAAAAAAAAAAAAAAAAAAAAAAAAAAAAAAAAAAAAAAAAAAAAAAAAAAAAAAAAAAAAAAAAAAAAAAAAAAAAAAAAAAAAAAAAAAAAAAAAAAAAAAAAAAAAAAAAAAAAAAAAAAAAAAAAAAAAAAAAAAAAAAAAAAAAAAAAAAAAAAAAAAAAAAAAAAAAAAAAAAAAAAAAAAAAAAAAAAAAAAAAAAAAAAAAAAAAAAAAAAAAAAAAAAAAAAAAAAAAAAAAAAAAAAAAAAAAAAAAAAAAAAAAAAAAAAAAAAAAAAAAAAAAAAAAAAAAAAAAAAAAAAAAAAAAAAAAAAAAAAAAAAAAAAAAAAAAAAAAAAAAAAAAAAAAAAAAAAAAAAAAAAAAAAAAAAAAAAAAAAAAAAAAAAAAAAAAAAAAAAAAAAAAAAAAAAAAAAAAAAAAAAAAAAAAAAAAAAAAAAAAAAAAAAAAAAAAAAAAAAAAAAAAAAAAAAAAAAAAAAAAAAAAAAAAAAAAAAAAAAAAAAAAAAAAAAAAAAAAAAAAAAAAAAAAAAAAAAAAAAAAAAAAAAAAAAAAAAAAAAAAAAAAAAAAAAAAAAAAAAAAAAAAAAAAAAAAAAAAAAAAAAAAAAAAAAAAAAAAAAAAAAAAAAAAAAAAAAAAAAAAAAAAAAAAAAAAAAAAAAAAAAAAAAAAAAAAAAAAAAAAAAAAAAAAAAAAAAAAAAAAAAAAAAAAAAAAAAAAAAAAAAAAAAAAAAAAAAAAAAAAAAAAAAAAAAAAAAAAAAAAAAAAAAAAAAAAAAAAAAAAAAAAAAAAAAAAAAAAAAAAAAAAAAAAAAAAAAAAAAAAAAAAAAAAAAAAAAAAAAAAAAAAAAAAAAAAAAAAAAAAAAAAAAAAAAAAAAAAAAAAAAAAAAAAAAAAAAAAAAAAAAAAAAAAAAAAAAAAAAAAAAAAAAAAAAAAAAAAAAAAAAAAAAAAAAAAAAAAAAAAAAAAAAAAAAAAAAAAAAAAAAAAAAAAAAAAAAAAAAAAAAAAAAAAAAAAAAAAAAAAAAAAAAAAAAAAAAAAAAAAAAAAAAAAAAAAAAAAAAAAAAAAAAAAAAAAAAAAAAAAAAAAAAAAAAAAAAAAAAAAAAAAAAAAAAAAAAAAAAAAAAAAAAAAAAAAAAAAAAAAAAAAAAAAAAAAAAAAAAAAAAAAAAAAAAAAAAAAAAAAAAAAAAAAAAAAAAAAAAAAAAAAAAAAAAAAAAAAAAAAAAAAAAAAAAAAAAAAAAAAAAAAAAAAAAAAAAAAAAAAAAAAAAAAAAAAAAAAAAAAAAAAAAAAAAAAAAAAAAAAAAAAAAAAAAAAAAAAAAAAAAAAAAAAAAAAAAAAAAAAAAAAAAAAAAAAAAAAAAAAAAAAAAAAAAAAAAAAAAAAAAAAAAAAAAAAAAAAAAAAAAAAAAAAAAAAAAAAAAAAAAAAAAAAAAAAAAAAAAAAAAAAAAAAAAAAAAAAAAAAAAAAAAAAAAAAAAAAAAAAAAAAAAAAAAAAAAAAAAAAAAAAAAAAAAAAAAAAAAAAAAAAAAAAAAAAAAAAAAAAAAAAAAAAAAAAAAAAAAAAAAAAAAAAAAAAAAAAAAAAAAAAAAAAAAAAAAAAAAAAAAAAAAAAAAAAAAAAAAAAAAAAAAAAAAAAAAAAAAAAAAAAAAAAAAAAAAAAAAAAAAAAAAAAAAAAAAAAAAAAAAAAAAAAAAAAAAAAAAAAAAAAAAAAAAAAAAAAAAAAAAAAAAAAAAAAAAAAAAAAAAAAAAAAAAAAAAAAAAAAAAAAAAAAAAAAAAAAAAAAAAAAAAAAAAAAAAAAAAAAAAAAAAAAAAAAAAAAAAAAAAAAAAAAAAAAAAAAAAAAAAAAAAAAAAAAAAAAAAAAAAAAAAAAAAAAAAAAAAAAAAAAAAAAAAAAAAAAAAAAAAAAAAAAAAAAAAAAAAAAAAAAAAAAAAAAAAAAAAAAAAAAAAAAAAAAAAAAAAAAAAAAAAAAAAAAAAAAAAAAAAAAAAAAAAAAAAAAAAAAAAAAAAAAAAAAAAAAAAAAAAAAAAAAAAAAAAAAAAAAAAAAAAAAAAAAAAAAAAAAAAAAAAAAAAAAAAAAAAAAAAAAAAAAAAAAAAAAAAAAAAAAAAAAAAAAAAAAAAAAAAAAAAAAAAAAAAAAAAAAAAAAAAAAAAAAAAAAAAAAAAAAAAAAAAAAAAAAAAAAAAAAAAAAAAAAAAAAAAAAAAAAAAAAAAAAAAAAAAAAAAAAAAAAAAAAAAAAAAAAAAAAAAAAAAAAAAAAAAAAAAAAAAAAAAAAAAAAAAAAAAAAAAAAAAAAAAAAAAAAAAAAAAAAAAAAAAAAAAAAAAAAAAAAAAAAAAAAAAAAAAAAAAAAAAAAAAAAAAAAAAAAAAAAAAAAAAAAAAAAAAAAAAAAAAAAAAAAAAAAAAAAAAAAAAAAAAAAAAAAAAAAAAAAAAAAAAAAAAAAAAAAAAAAAAAAAAAAAAAAAAAAAAAAAAAAAAAAAAAAAAAAAAAAAAAAAAAAAAAAAAAAAAAAAAAAAAAAAAAAAAAAAAAAAAAAAAAAAAAAAAAAAAAAAAAAAAAAAAAAAAAAAAAAAAAAAAAAAAAAAAAAAAAAAAAAAAAAAAAAAAAAAAAAAAAAAAAAAAAAAAAAAAAAAAAAAAAAAAAAAAAAAAAAAAAAAAAAAAAAAAAAAAAAAAAAAAAAAAAAAAAAAAAAAAAAAAAAAAAAAAAAAAAAAAAAAAAAAAAAAAAAAAAAAAAAAAAAAAAAAAAAAAAAAAAAAAAAAAAAAAAAAAAAAAAAAAAAAAAAAAAAAAAAAAAAAAAAAAAAAAAAAAAAAAAAAAAAAAAAAAAAAAAAAAAAAAAAAAAAAAAAAAAAAAAAAAAAAAAAAAAAAAAAAAAAAAAAAAAAAAAAAAAAAAAAAAAAAAAAAAAAAAAAAAAAAAAAAAAAAAAAAAAAAAAAAAAAAAAAAAAAAAAAAAAAAAAAAAAAAAAAAAAAAAAAAAAAAAAAAAAAAAAAAAAAAAAAAAAAAAAAAAAAAAAAAAAAAAAAAAAAAAAAAAAAAAAAAAAAAAAAAAAAAAAAAAAAAAAAAAAAAAAAAAAAAAAAAAAAAAAAAAAAAAAAAAAAAAAAAAAAAAAAAAAAAAAAAAAAAAAAAAAAAAAAAAAAAAAAAAAAAAAAAAAAAAAAAAAAAAAAAAAAAAAAAAAAAAAAAAAAAAAAAAAAAAAAAAAAAAAAAAAAAAAAAAAAAAAAAAAAAAAAAAAAAAAAAAAAAAAAAAAAAAAAAAAAAAAAAAAAAAAAAAAAAAAAAAAAAAAAAAAAAAAAAAAAAAAAAAAAAAAAAAAAAAAAAAAAAAAAAAAAAAAAAAAAAAAAAAAAAAAAAAAAAAAAAAAAAAAAAAAAAAAAAAAAAAAAAAAAAAAAAAAAAAAAAAAAAAAAAAAAAAAAAAAAAAAAAAAAAAAAAAAAAAAAAAAAAAAAAAAAAAAAAAAAAAAAAAAAAAAAAAAAAAAAAAAAAAAAAAAAAAAAAAAAAAAAAAAAAAAAAAAAAAAAAAAAAAAAAAAAAAAAAAAAAAAAAAAAAAAAAAAAAAAAAAAAAAAAAAAAAAAAAAAAAAAAAAAAAAAAAAAAAAAAAAAAAAAAAAAAAAAAAAAAAAAAAAAAAAAAAAAAAAAAAAAAAAAAAAAAAAAAAAAAAAAAAAAAAAAAAAAAAAAAAAAAAAAAAAAAAAAAAAAAAAAAAAAAAAAAAAAAAAAAAAAAAAAAAAAAAAAAAAAAAAAAAAAAAAAAAAAAAAAAAAAAAAAAAAAAAAAAAAAAAAAAAAAAAAAAAAAAAAAAAAAAAAAAAAAAAAAAAAAAAAAAAAAAAAAAAAAAAAAAAAAAAAAAAAAAAAAAAAAAAAAAAAAAAAAAAAAAAAAAAAAAAAAAAAAAAAAAAAAAAAAAAAAAAAAAAAAAAAAAAAAAAAAAAAAAAAAAAAAAAAAAAAAAAAAAAAAAAAAAAAAAAAAAAAAAAAAAAAAAAAAAAAAAAAAAAAAAAAAAAAAAAAAAAAAAAAAAAAAAAAAAAAAAAAAAAAAAAAAAAAAAAAAAAAAAAAAAAAAAAAAAAAAAAAAAAAAAAAAAAAAAAAAAAAAAAAAAAAAAAAAAAAAAAAAAAAAAAAAAAAAAAAAAAAAAAAAAAAAAAAAAAAAAAAAAAAAAAAAAAAAAAAAAAAAAAAAAAAAAAAAAAAAAAAAAAAAAAAAAAAAAAAAAAAAAAAAAAAAAAAAAAAAAAAAAAAAAAAAAAAAAAAAAAAAAAAAAAAAAAAAAAAAAAAAAAAAAAAAAAAAAAAAAAAAAAAAAAAAAAAAAAAAAAAAAAAAAAAAAAAAAAAAAAAAAAAAAAAAAAAAAAAAAAAAAAAAAAAAAAAAAAAAAAAAAAAAAAAAAAAAAAAAAAAAAAAAAAAAAAAAAAAAAAAAAAAAAAAAAAAAAAAAAAAAAAAAAAAAAAAAAAAAAAAAAAAAAAAAAAAAAAAAAAAAAAAAAAAAAAAAAAAAAAAAAAAAAAAAAAAAAAAAAAAAAAAAAAAAAAAAAAAAAAAAAAAAAAAAAAAAAAAAAAAAAAAAAAAAAAAAAAAAAAAAAAAAAAAAAAAAAAAAAAAAAAAAAAAAAAAAAAAAAAAAAAAAAAAAAAAAAAAAAAAAAAAAAAAAAAAAAAAAAAAAAAAAAAAAAAAAAAAAAAAAAAAAAAAAAAAAAAAAAAAAAAAAAAAAAAAAAAAAAAAAAAAAAAAAAAAAAAAAAAAAAAAAAAAAAAAAAAAAAAAAAAAAAAAAAAAAAAAAAAAAAAAAAAAAAAAAAAAAAAAAAAAAAAAAAAAAAAAAAAAAAAAAAAAAAAAAAAAAAAAAAAAAAAAAAAAAAAAAAAAAAAAAAAAAAAAAAAAAAAAAAAAAAAAAAAAAAAAAAAAAAAAAAAAAAAAAAAAAAAAAAAAAAAAAAAAAAAAAAAAAAAAAAAAAAAAAAAAAAAAAAAAAAAAAAAAAAAAAAAAAAAAAAAAAAAAAAAAAAAAAAAAAAAAAAAAAAAAAAAAAAAAAAAAAAAAAAAAAAAAAAAAAAAAAAAAAAAAAAAAAAAAAAAAAAAAAAAAAAAAAAAAAAAAAAAAAAAAAAAAAAAAAAAAAAAAAAAAAAAAAAAAAAAAAAAAAAAAAAAAAAAAAAAAAAAAAAAAAAAAAAAAAAAAAAAAAAAAAAAAAAAAAAAAAAAAAAAAAAAAAAAAAAAAAAAAAAAAAAAAAAAAAAAAAAAAAAAAAAAAAAAAAAAAAAAAAAAAAAAAAAAAAAAAAAAAAAAAAAAAAAAAAAAAAAAAAAAAAAAAAAAAAAAAAAAAAAAAAAAAAAAAAAAAAAAAAAAAAAAAAAAAAAAAAAAAAAAAAAAAAAAAAAAAAAAAAAAAAAAAAAAAAAAAAAAAAAAAAAAAAAAAAAAAAAAAAAAAAAAAAAAAAAAAAAAAAAAAAAAAAAAAAAAAAAAAAAAAAAAAAAAAAAAAAAAAAAAAAAAAAAAAAAAAAAAAAAAAAAAAAAAAAAAAAAAAAAAAAAAAAAAAAAAAAAAAAAAAAAAAAAAAAAAAAAAAAAAAAAAAAAAAAAAAAAAAAAAAAAAAAAAAAAAAAAAAAAAAAAAAAAAAAAAAAAAAAAAAAAAAAAAAAAAAAAAAAAAAAAAAAAAAAAAAAAAAAAAAAAAAAAAAAAAAAAAAAAAAAAAAAAAAAAAAAAAAAAAAAAAAAAAAAAAAAAAAAAAAAAAAAAAAAAAAAAAAAAAAAAAAAAAAAAAAAAAAAAAAAAAAAAAAAAAAAAAAAAAAAAAAAAAAAAAAAAAAAAAAAAAAAAAAAAAAAAAAAAAAAAAAAAAAAAAAAAAAAAAAAAAAAAAAAAAAAAAAAAAAAAAAAAAAAAAAAAAAAAAAAAAAAAAAAAAAAAAAAAAAAAAAAAAAAAAAAAAAAAAAAAAAAAAAAAAAAAAAAAAAAAAAAAAAAAAAAAAAAAAAAAAAAAAAAAAAAAAAAAAAAAAAAAAAAAAAAAAAAAAAAAAAAAAAAAAAAAAAAAAAAAAAAAAAAAAAAAAAAAAAAAAAAAAAAAAAAAAAAAAAAAAAAAAAAAAAAAAAAAAAAAAAAAAAAAAAAAAAAAAAAAAAAAAAAAAAAAAAAAAAAAAAAAAAAAAAAAAAAAAAAAAAAAAAAAAAAAAAAAAAAAAAAAAAAAAAAAAAAAAAAAAAAAAAAAAAAAAAAAAAAAAAAAAAAAAAAAAAAAAAAAAAAAAAAAAAAAAAAAAAAAAAAAAAAAAAAAAAAAAAAAAAAAAAAAAAAAAAAAAAAAAAAAAAAAAAAAAAAAAAAAAAAAAAAAAAAAAAAAAAAAAAAAAAAAAAAAAAAAAAAAAAAAAAAAAAAAAAAAAAAAAAAAAAAAAAAAAAAAAAAAAAAAAAAAAAAAAAAAAAAAAAAAAAAAAAAAAAAAAAAAAAAAAAAAAAAAAAAAAAAAAAAAAAAAAAAAAAAAAAAAAAAAAAAAAAAAAAAAAAAAAAAAAAAAAAAAAAAAAAAAAAAAAAAAAAAAAAAAAAAAAAAAAAAAAAAAAAAAAAAAAAAAAAAAAAAAAAAAAAAAAAAAAAAAAAAAAAAAAAAAAAAAAAAAAAAAAAAAAAAAAAAAAAAAAAAAAAAAAAAAAAAAAAAAAAAAAAAAAAAAAAAAAAAAAAAAAAAAAAAAAAAAAAAAAAAAAAAAAAAAAAAAAAAAAAAAAAAAAAAAAAAAAAAAAAAAAAAAAAAAAAAAAAAAAAAAAAAAAAAAAAAAAAAAAAAAAAAAAAAAAAAAAAAAAAAAAAAAAAAAAAAAAAAAAAAAAAAAAAAAAAAAAAAAAAAAAAAAAAAAAAAAAAAAAAAAAAAAAAAAAAAAAAAAAAAAAAAAAAAAAAAAAAAAAAAAAAAAAAAAAAAAAAAAAAAAAAAAAAAAAAAAAAAAAAAAAAAAAAAAAAAAAAAAAAAAAAAAAAAAAAAAAAAAAAAAAAAAAAAAAAAAAAAAAAAAAAAAAAAAAAAAAAAAAAAAAAAAAAAAAAAAAAAAAAAAAAAAAAAAAAAAAAAAAAAAAAAAAAAAAAAAAAAAAAAAAAAAAAAAAAAAAAAAAAAAAAAAAAAAAAAAAAAAAAAAAAAAAAAAAAAAAAAAAAAAAAAAAAAAAAAAAAAAAAAAAAAAAAAAAAAAAAAAAAAAAAAAAAAAAAAAAAAAAAAAAAAAAAAAAAAAAAAAAAAAAAAAAAAAAAAAAAAAAAAAAAAAAAAAAAAAAAAAAAAAAAAAAAAAAAAAAAAAAAAAAAAAAAAAAAAAAAAAAAAAAAAAAAAAAAAAAAAAAAAAAAAAAAAAAAAAAAAAAAAAAAAAAAAAAAAAAAAAAAAAAAAAAAAAAAAAAAAAAAAAAAAAAAAAAAAAAAAAAAAAAAAAAAAAAAAAAAAAAAAAAAAAAAAAAAAAAAAAAAAAAAAAAAAAAAAAAAAAAAAAAAAAAAAAAAAAAAAAAAAAAAAAAAAAAAAAAAAAAAAAAAAAAAAAAAAAAAAAAAAAAAAAAAAAAAAAAAAAAAAAAAAAAAAAAAAAAAAAAAAAAAAAAAAAAAAAAAAAAAAAAAAAAAAAAAAAAAAAAAAAAAAAAAAAAAAAAAAAAAAAAAAAAAAAAAAAAAAAAAAAAAAAAAAAAAAAAAAAAAAAAAAAAAAAAAAAAAAAAAAAAAAAAAAAAAAAAAAAAAAAAAAAAAAAAAAAAAAAAAAAAAAAAAAAAAAAAAAAAAAAAAAAAAAAAAAAAAAAAAAAAAAAAAAAAAAAAAAAAAAAAAAAAAAAAAAAAAAAAAAAAAAAAAAAAAAAAAAAAAAAAAAAAAAAAAAAAAAAAAAAAAAAAAAAAAAAAAAAAAAAAAAAAAAAAAAAAAAAAAAAAAAAAAAAAAAAAAAAAAAAAAAAAAAAAAAAAAAAAAAAAAAAAAAAAAAAAAAAAAAAAAAAAAAAAAAAAAAAAAAAAAAAAAAAAAAAAAAAAAAAAAAAAAAAAAAAAAAAAAAAAAAAAAAAAAAAAAAAAAAAAAAAAAAAAAAAAAAAAAAAAAAAAAAAAAAAAAAAAAAAAAAAAAAAAAAAAAAAAAAAAAAAAAAAAAAAAAAAAAAAAAAAAAAAAAAAAAAAAAAAAAAAAAAAAAAAAAAAAAAAAAAAAAAAAAAAAAAAAAAAAAAAAAAAAAAAAAAAAAAAAAAAAAAAAAAAAAAAAAAAAAAAAAAAAAAAAAAAAAAAAAAAAAAAAAAAAAAAAAAAAAAAAAAAAAAAAAAAAAAAAAAAAAAAAAAAAAAAAAAAAAAAAAAAAAAAAAAAAAAAAAAAAAAAAAAAAAAAAAAAAAAAAAAAAAAAAAAAAAAAAAAAAAAAAAAAAAAAAAAAAAAAAAAAAAAAAAAAAAAAAAAAAAAAAAAAAAAAAAAAAAAAAAAAAAAAAAAAAAAAAAAAAAAAAAAAAAAAAAAAAAAAAAAAAAAAAAAAAAAAAAAAAAAAAAAAAAAAAAAAAAAAAAAAAAAAAAAAAAAAAAAAAAAAAAAAAAAAAAAAAAAAAAAAAAAAAAAAAAAAAAAAAAAAAAAAAAAAAAAAAAAAAAAAAAAAAAAAAAAAAAAAAAAAAAAAAAAAAAAAAAAAAAAAAAAAAAAAAAAAAAAAAAAAAAAAAAAAAAAAAAAAAAAAAAAAAAAAAAAAAAAAAAAAAAAAAAAAAAAAAAAAAAAAAAAAAAAAAAAAAAAAAAAAAAAAAAAAAAAAAAAAAAAAAAAAAAAAAAAAAAAAAAAAAAAAAAAAAAAAAAAAAAAAAAAAAAAAAAAAAAAAAAAAAAAAAAAAAAAAAAAAAAAAAAAAAAAAAAAAAAAAAAAAAAAAAAAAAAAAAAAAAAAAAAAAAAAAAAAAAAAAAAAAAAAAAAAAAAAAAAAAAAAAAAAAAAAAAAAAAAAAAAAAAAAAAAAAAAAAAAAAAAAAAAAAAAAAAAAAAAAAAAAAAAAAAAAAAAAAAAAAAAAAAAAAAAAAAAAAAAAAAAAAAAAAAAAAAAAAAAAAAAAAAAAAAAAAAAAAAAAAAAAAAAAAAAAAAAAAAAAAAAAAAAAAAAAAAAAAAAAAAAAAAAAAAAAAAAAAAAAAAAAAAAAAAAAAAAAAAAAAAAAAAAAAAAAAAAAAAAAAAAAAAAAAAAAAAAAAAAAAAAAAAAAAAAAAAAAAAAAAAAAAAAAAAAAAAAAAAAAAAAAAAAAAAAAAAAAAAAAAAAAAAAAAAAAAAAAAAAAAAAAAAAAAAAAAAAAAAAAAAAAAAAAAAAAAAAAAAAAAAAAAAAAAAAAAAAAAAAAAAAAAAAAAAAAAAAAAAAAAAAAAAAAAAAAAAAAAAAAAAAAAAAAAAAAAAAAAAAAAAAAAAAAAAAAAAAAAAAAAAAAAAAAAAAAAAAAAAAAAAAAAAAAAAAAAAAAAAAAAAAAAAAAAAAAAAAAAAAAAAAAAAAAAAAAAAAAAAAAAAAAAAAAAAAAAAAAAAAAAAAAAAAAAAAAAAAAAAAAAAAAAAAAAAAAAAAAAAAAAAAAAAAAAAAAAAAAAAAAAAAAAAAAAAAAAAAAAAAAAAAAAAAAAAAAAAAAAAAAAAAAAAAAAAAAAAAAAAAAAAAAAAAAAAAAAAAAAAAAAAAAAAAAAAAAAAAAAAAAAAAAAAAAAAAAAAAAAAAAAAAAAAAAAAAAAAAAAAAAAAAAAAAAAAAAAAAAAAAAAAAAAAAAAAAAAAAAAAAAAAAAAAAAAAAAAAAAAAAAAAAAAAAAAAAAAAAAAAAAAAAAAAAAAAAAAAAAAAAAAAAAAAAAAAAAAAAAAAAAAAAAAAAAAAAAAAAAAAAAAAAAAAAAAAAAAAAAAAAAAAAAAAAAAAAAAAAAAAAAAAAAAAAAAAAAAAAAAAAAAAAAAAAAAAAAAAAAAAAAAAAAAAAAAAAAAAAAAAAAAAAAAAAAAAAAAAAAAAAAAAAAAAAAAAAAAAAAAAAAAAAAAAAAAAAAAAAAAAAAAAAAAAAAAAAAAAAAAAAAAAAAAAAAAAAAAAAAAAAAAAAAAAAAAAAAAAAAAAAAAAAAAAAAAAAAAAAAAAAAAAAAAAAAAAAAAAAAAAAAAAAAAAAAAAAAAAAAAAAAAAAAAAAAAAAAAAAAAAAAAAAAAAAAAAAAAAAAAAAAAAAAAAAAAAAAAAAAAAAAAAAAAAAAAAAAAAAAAAAAAAAAAAAAAAAAAAAAAAAAAAAAAAAAAAAAAAAAAAAAAAAAAAAAAAAAAAAAAAAAAAAAAAAAAAAAAAAAAAAAAAAAAAAAAAAAAAAAAAAAAAAAAAAAAAAAAAAAAAAAAAAAAAAAAAAAAAAAAAAAAAAAAAAAAAAAAAAAAAAAAAAAAAAAAAAAAAAAAAAAAAAAAAAAAAAAAAAAAAAAAAAAAAAAAAAAAAAAAAAAAAAAAAAAAAAAAAAAAAAAAAAAAAAAAAAAAAAAAAAAAAAAAAAAAAAAAAAAAAAAAAAAAAAAAAAAAAAAAAAAAAAAAAAAAAAAAAAAAAAAAAAAAAAAAAAAAAAAAAAAAAAAAAAAAAAAAAAAAAAAAAAAAAAAAAAAAAAAAAAAAAAAAAAAAAAAAAAAAAAAAAAAAAAAAAAAAAAAAAAAAAAAAAAAAAAAAAAAAAAAAAAAAAAAAAAAAAAAAAAAAAAAAAAAAAAAAAAAAAAAAAAAAAAAAAAAAAAAAAAAAAAAAAAAAAAAAAAAAAAAAAAAAAAAAAAAAAAAAAAAAAAAAAAAAAAAAAAAAAAAAAAAAAAAAAAAAAAAAAAAAAAAAAAAAAAAAAAAAAAAAAAAAAAAAAAAAAAAAAAAAAAAAAAAAAAAAAAAAAAAAAAAAAAAAAAAAAAAAAAAAAAAAAAAAAAAAAAAAAAAAAAAAAAAAAAAAAAAAAAAAAAAAAAAAAAAAAAAAAAAAAAAAAAAAAAAAAAAAAAAAAAAAAAAAAAAAAAAAAAAAAAAAAAAAAAAAAAAAAAAAAAAAAAAAAAAAAAAAAAAAAAAAAAAAAAAAAAAAAAAAAAAAAAAAAAAAAAAAAAAAAAAAAAAAAAAAAAAAAAAAAAAAAAAAAAAAAAAAAAAAAAAAAAAAAAAAAAAAAAAAAAAAAAAAAAAAAAAAAAAAAAAAAAAAAAAAAAAAAAAAAAAAAAAAAAAAAAAAAAAAAAAAAAAAAAAAAAAAAAAAAAAAAAAAAAAAAAAAAAAAAAAAAAAAAAAAAAAAAAAAAAAAAAAAAAAAAAAAAAAAAAAAAAAAAAAAAAAAAAAAAAAAAAAAAAAAAAAAAAAAAAAAAAAAAAAAAAAAAAAAAAAAAAAAAAAAAAAAAAAAAAAAAAAAAAAAAAAAAAAAAAAAAAAAAAAAAAAAAAAAAAAAAAAAAAAAAAAAAAAAAAAAAAAAAAAAAAAAAAAAAAAAAAAAAAAAAAAAAAAAAAAAAAAAAAAAAAAAAAAAAAAAAAAAAAAAAAAAAAAAAAAAAAAAAAAAAAAAAAAAAAAAAAAAAAAAAAAAAAAAAAAAAAAAAAAAAAAAAAAAAAAAAAAAAAAAAAAAAAAAAAAAAAAAAAAAAAAAAAAAAAAAAAAAAAAAAAAAAAAAAAAAAAAAAAAAAAAAAAAAAAAAAAAAAAAAAAAAAAAAAAAAAAAAAAAAAAAAAAAAAAAAAAAAAAAAAAAAAAAAAAAAAAAAAAAAAAAAAAAAAAAAAAAAAAAAAAAAAAAAAAAAAAAAAAAAAAAAAAAAAAAAAAAAAAAAAAAAAAAAAAAAAAAAAAAAAAAAAAAAAAAAAAAAAAAAAAAAAAAAAAAAAAAAAAAAAAAAAAAAAAAAAAAAAAAAAAAAAAAAAAAAAAAAAAAAAAAAAAAAAAAAAAAAAAAAAAAAAAAAAAAAAAAAAAAAAAAAAAAAAAAAAAAAAAAAAAAAAAAAAAAAAAAAAAAAAAAAAAAAAAAAAAAAAAAAAAAAAAAAAAAAAAAAAAAAAAAAAAAAAAAAAAAAAAAAAAAAAAAAAAAAAAAAAAAAAAAAAAAAAAAAAAAAAAAAAAAAAAAAAAAAAAAAAAAAAAAAAAAAAAAAAAAAAAAAAAAAAAAAAAAAAAAAAAAAAAAAAAAAAAAAAAAAAAAAAAAAAAAAAAAAAAAAAAAAAAAAAAAAAAAAAAAAAAAAAAAAAAAAAAAAAAAAAAAAAAAAAAAAAAAAAAAAAAAAAAAAAAAAAAAAAAAAAAAAAAAAAAAAAAAAAAAAAAAAAAAAAAAAAAAAAAAAAAAAAAAAAAAAAAAAAAAAAAAAAAAAAAAAAAAAAAAAAAAAAAAAAAAAAAAAAAAAAAAAAAAAAAAAAAAAAAAAAAAAAAAAAAAAAAAAAAAAAAAAAAAAAAAAAAAAAAAAAAAAAAAAAAAAAAAAAAAAAAAAAAAAAAAAAAAAAAAAAAAAAAAAAAAAAAAAAAAAAAAAAAAAAAAAAAAAAAAAAAAAAAAAAAAAAAAAAAAAAAAAAAAAAAAAAAAAAAAAAAAAAAAAAAAAAAAAAAAAAAAAAAAAAAAAAAAAAAAAAAAAAAAAAAAAAAAAAAAAAAAAAAAAAAAAAAAAAAAAAAAAAAAAAAAAAAAAAAAAAAAAAAAAAAAAAAAAAAAAAAAAAAAAAAAAAAAAAAAAAAAAAAAAAAAAAAAAAAAAAAAAAAAAAAAAAAAAAAAAAAAAAAAAAAAAAAAAAAAAAAAAAAAAAAAAAAAAAAAAAAAAAAAAAAAAAAAAAAAAAAAAAAAAAAAAAAAAAAAAAAAAAAAAAAAAAAAAAAAAAAAAAAAAAAAAAAAAAAAAAAAAAAAAAAAAAAAAAAAAAAAAAAAAAAAAAAAAAAAAAAAAAAAAAAAAAAAAAAAAAAAAAAAAAAAAAAAAAAAAAAAAAAAAAAAAAAAAAAAAAAAAAAAAAAAAAAAAAAAAAAAAAAAAAAAAAAAAAAAAAAAAAAAAAAAAAAAAAAAAAAAAAAAAAAAAAAAAAAAAAAAAAAAAAAAAAAAAAAAAAAAAAAAAAAAAAAAAAAAAAAAAAAAAAAAAAAAAAAAAAAAAAAAAAAAAAAAAAAAAAAAAAAAAAAAAAAAAAAAAAAAAAAAAAAAAAAAAAAAAAAAAAAAAAAAAAAAAAAAAAAAAAAAAAAAAAAAAAAAAAAAAAAAAAAAAAAAAAAAAAAAAAAAAAAAAAAAAAAAAAAAAAAAAAAAAAAAAAAAAAAAAAAAAAAAAAAAAAAAAAAAAAAAAAAAAAAAAAAAAAAAAAAAAAAAAAAAAAAAAAAAAAAAAAAAAAAAAAAAAAAAAAAAAAAAAAAAAAAAAAAAAAAAAAAAAAAAAAAAAAAAAAAAAAAAAAAAAAAAAAAAAAAAAAAAAAAAAAAAAAAAAAAAAAAAAAAAAAAAAAAAAAAAAAAAAAAAAAAAAAAAAAAAAAAAAAAAAAAAAAAAAAAAAAAAAAAAAAAAAAAAAAAAAAAAAAAAAAAAAAAAAAAAAAAAAAAAAAAAAAAAAAAAAAAAAAAAAAAAAAAAAAAAAAAAAAAAAAAAAAAAAAAAAAAAAAAAAAAAAAAAAAAAAAAAAAAAAAAAAAAAAAAAAAAAAAAAAAAAAAAAAAAAAAAAAAAAAAAAAAAAAAAAAAAAAAAAAAAAAAAAAAAAAAAAAAAAAAAAAAAAAAAAAAAAAAAAAAAAAAAAAAAAAAAAAAAAAAAAAAAAAAAAAAAAAAAAAAAAAAAAAAAAAAAAAAAAAAAAAAAAAAAAAAAAAAAAAAAAAAAAAAAAAAAAAAAAAAAAAAAAAAAAAAAAAAAAAAAAAAAAAAAAAAAAAAAAAAAAAAAAAAAAAAAAAAAAAAAAAAAAAAAAAAAAAAAAAAAAAAAAAAAAAAAAAAAAAAAAAAAAAAAAAAAAAAAAAAAAAAAAAAAAAAAAAAAAAAAAAAAAAAAAAAAAAAAAAAAAAAAAAAAAAAAAAAAAAAAAAAAAAAAAAAAAAAAAAAAAAAAAAAAAAAAAAAAAAAAAAAAAAAAAAAAAAAAAAAAAAAAAAAAAAAAAAAAAAAAAAAAAAAAAAAAAAAAAAAAAAAAAAAAAAAAAAAAAAAAAAAAAAAAAAAAAAAAAAAAAAAAAAAAAAAAAAAAAAAAAAAAAAAAAAAAAAAAAAAAAAAAAAAAAAAAAAAAAAAAAAAAAAAAAAAAAAAAAAAAAAAAAAAAAAAAAAAAAAAAAAAAAAAAAAAAAAAAAAAAAAAAAAAAAAAAAAAAAAAAAAAAAAAAAAAAAAAAAAAAAAAAAAAAAAAAAAAAAAAAAAAAAAAAAAAAAAAAAAAAAAAAAAAAAAAAAAAAAAAAAAAAAAAAAAAAAAAAAAAAAAAAAAAAAAAAAAAAAAAAAAAAAAAAAAAAAAAAAAAAAAAAAAAAAAAAAAAAAAAAAAAAAAAAAAAAAAAAAAAAAAAAAAAAAAAAAAAAAAAAAAAAAAAAAAAAAAAAAAAAAAAAAAAAAAAAAAAAAAAAAAAAAAAAAAAAAAAAAAAAAAAAAAAAAAAAAAAAAAAAAAAAAAAAAAAAAAAAAAAAAAAAAAAAAAAAAAAAAAAAAAAAAAAAAAAAAAAAAAAAAAAAAAAAAAAAAAAAAAAAAAAAAAAAAAAAAAAAAAAAAAAAAAAAAAAAAAAAAAAAAAAAAAAAAAAAAAAAAAAAAAAAAAAAAAAAAAAAAAAAAAAAAAAAAAAAAAAAAAAAAAAAAAAAAAAAAAAAAAAAAAAAAAAAAAAAAAAAAAAAAAAAAAAAAAAAAAAAAAAAAAAAAAAAAAAAAAAAAAAAAAAAAAAAAAAAAAAAAAAAAAAAAAAAAAAAAAAAAAAAAAAAAAAAAAAAAAAAAAAAAAAAAAAAAAAAAAAAAAAAAAAAAAAAAAAAAAAAAAAAAAAAAAAAAAAAAAAAAAAAAAAAAAAAAAAAAAAAAAAAAAAAAAAAAAAAAAAAAAAAAAAAAAAAAAAAAAAAAAAAAAAAAAAAAAAAAAAAAAAAAAAAAAAAAAAAAAAAAAAAAAAAAAAAAAAAAAAAAAAAAAAAAAAAAAAAAAAAAAAAAAAAAAAAAAAAAAAAAAAAAAAAAAAAAAAAAAAAAAAAAAAAAAAAAAAAAAAAAAAAAAAAAAAAAAAAAAAAAAAAAAAAAAAAAAAAAAAAAAAAAAAAAAAAAAAAAAAAAAAAAAAAAAAAAAAAAAAAAAAAAAAAAAAAAAAAAAAAAAAAAAAAAAAAAAAAAAAAAAAAAAAAAAAAAAAAAAAAAAAAAAAAAAAAAAAAAAAAAAAAAAAAAAAAAAAAAAAAAAAAAAAAAAAAAAAAAAAAAAAAAAAAAAAAAAAAAAAAAAAAAAAAAAAAAAAAAAAAAAAAAAAAAAAAAAAAAAAAAAAAAAAAAAAAAAAAAAAAAAAAAAAAAAAAAAAAAAAAAAAAAAAAAAAAAAAAAAAAAAAAAAAAAAAAAAAAAAAAAAAAAAAAAAAAAAAAAAAAAAAAAAAAAAAAAAAAAAAAAAAAAAAAAAAAAAAAAAAAAAAAAAAAAAAAAAAAAAAAAAAAAAAAAAAAAAAAAAAAAAAAAAAAAAAAAAAAAAAAAAAAAAAAAAAAAAAAAAAAAAAAAAAAAAAAAAAAAAAAAAAAAAAAAAAAAAAAAAAAAAAAAAAAAAAAAAAAAAAAAAAAAAAAAAAAAAAAAAAAAAAAAAAAAAAAAAAAAAAAAAAAAAAAAAAAAAAAAAAAAAAAAAAAAAAAAAAAAAAAAAAAAAAAAAAAAAAAAAAAAAAAAAAAAAAAAAAAAAAAAAAAAAAAAAAAAAAAAAAAAAAAAAAAAAAAAAAAAAAAAAAAAAAAAAAAAAAAAAAAAAAAAAAAAAAAAAAAAAAAAAAAAAAAAAAAAAAAAAAAAAAAAAAAAAAAAAAAAAAAAAAAAAAAAAAAAAAAAAAAAAAAAAAAAAAAAAAAAAAAAAAAAAAAAAAAAAAAAAAAAAAAAAAAAAAAAAAAAAAAAAAAAAAAAAAAAAAAAAAAAAAAAAAAAAAAAAAAAAAAAAAAAAAAAAAAAAAAAAAAAAAAAAAAAAAAAAAAAAAAAAAAAAAAAAAAAAAAAAAAAAAAAAAAAAAAAAAAAAAAAAAAAAAAAAAAAAAAAAAAAAAAAAAAAAAAAAAAAAAAAAAAAAAAAAAAAAAAAAAAAAAAAAAAAAAAAAAAAAAAAAAAAAAAAAAAAAAAAAAAAAAAAAAAAAAAAAAAAAAAAAAAAAAAAAAAAAAAAAAAAAAAAAAAAAAAAAAAAAAAAAAAAAAAAAAAAAAAAAAAAAAAAAAAAAAAAAAAAAAAAAAAAAAAAAAAAAAAAAAAAAAAAAAAAAAAAAAAAAAAAAAAAAAAAAAAAAAAAAAAAAAAAAAAAAAAAAAAAAAAAAAAAAAAAAAAAAAAAAAAAAAAAAAAAAAAAAAAAAAAAAAAAAAAAAAAAAAAAAAAAAAAAAAAAAAAAAAAAAAAAAAAAAAAAAAAAAAAAAAAAAAAAAAAAAAAAAAAAAAAAAAAAAAAAAAAAAAAAAAAAAAAAAAAAAAAAAAAAAAAAAAAAAAAAAAAAAAAAAAAAAAAAAAAAAAAAAAAAAAAAAAAAAAAAAAAAAAAAAAAAAAAAAAAAAAAAAAAAAAAAAAAAAAAAAAAAAAAAAAAAAAAAAAAAAAAAAAAAAAAAAAAAAAAAAAAAAAAAAAAAAAAAAAAAAAAAAAAAAAAAAAAAAAAAAAAAAAAAAAAAAAAAAAAAAAAAAAAAAAAAAAAAAAAAAAAAAAAAAAAAAAAAAAAAAAAAAAAAAAAAAAAAAAAAAAAAAAAAAAAAAAAAAAAAAAAAAAAAAAAAAAAAAAAAAAAAAAAAAAAAAAAAAAAAAAAAAAAAAAAAAAAAAAAAAAAAAAAAAAAAAAAAAAAAAAAAAAAAAAAAAAAAAAAAAAAAAAAAAAAAAAAAAAAAAAAAAAAAAAAAAAAAAAAAAAAAAAAAAAAAAAAAAAAAAAAAAAAAAAAAAAAAAAAAAAAAAAAAAAAAAAAAAAAAAAAAAAAAAAAAAAAAAAAAAAAAAAAAAAAAAAAAAAAAAAAAAAAAAAAAAAAAAAAAAAAAAAAAAAAAAAAAAAAAAAAAAAAAAAAAAAAAAAAAAAAAAAAAAAAAAAAAAAAAAAAAAAAAAAAAAAAAAAAAAAAAAAAAAAAAAAAAAAAAAAAAAAAAAAAAAAAAAAAAAAAAAAAAAAAAAAAAAAAAAAAAAAAAAAAAAAAAAAAAAAAAAAAAAAAAAAAAAAAAAAAAAAAAAAAAAAAAAAAAAAAAAAAAAAAAAAAAAAAAAAAAAAAAAAAAAAAAAAAAAAAAAAAAAAAAAAAAAAAAAAAAAAAAAAAAAAAAAAAAAAAAAAAAAAAAAAAAAAAAAAAAAAAAAAAAAAAAAAAAAAAAAAAAAAAAAAAAAAAAAAAAAAAAAAAAAAAAAAAAAAAAAAAAAAAAAAAAAAAAAAAAAAAAAAAAAAAAAAAAAAAAAAAAAAAAAAAAAAAAAAAAAAAAAAAAAAAAAAAAAAAAAAAAAAAAAAAAAAAAAAAAAAAAAAAAAAAAAAAAAAAAAAAAAAAAAAAAAAAAAAAAAAAAAAAAAAAAAAAAAAAAAAAAAAAAAAAAAAAAAAAAAAAAAAAAAAAAAAAAAAAAAAAAAAAAAAAAAAAAAAAAAAAAAAAAAAAAAAAAAAAAAAAAAAAAAAAAAAAAAAAAAAAAAAAAAAAAAAAAAAAAAAAAAAAAAAAAAAAAAAAAAAAAAAAAAAAAAAAAAAAAAAAAAAAAAAAAAAAAAAAAAAAAAAAAAAAAAAAAAAAAAAAAAAAAAAAAAAAAAAAAAAAAAAAAAAAAAAAAAAAAAAAAAAAAAAAAAAAAAAAAAAAAAAAAAAAAAAAAAAAAAAAAAAAAAAAAAAAAAAAAAAAAAAAAAAAAAAAAAAAAAAAAAAAAAAAAAAAAAAAAAAAAAAAAAAAAAAAAAAAAAAAAAAAAAAAAAAAAAAAAAAAAAAAAAAAAAAAAAAAAAAAAAAAAAAAAAAAAAAAAAAAAAAAAAAAAAAAAAAAAAAAAAAAAAAAAAAAAAAAAAAAAAAAAAAAAAAAAAAAAAAAAAAAAAAAAAAAAAAAAAAAAAAAAAAAAAAAAAAAAAAAAAAAAAAAAAAAAAAAAAAAAAAAAAAAAAAAAAAAAAAAAAAAAAAAAAAAAAAAAAAAAAAAAAAAAAAAAAAAAAAAAAAAAAAAAAAAAAAAAAAAAAAAAAAAAAAAAAAAAAAAAAAAAAAAAAAAAAAAAAAAAAAAAAAAAAAAAAAAAAAAAAAAAAAAAAAAAAAAAAAAAAAAAAAAAAAAAAAAAAAAAAAAAAAAAAAAAAAAAAAAAAAAAAAAAAAAAAAAAAAAAAAAAAAAAAAAAAAAAAAAAAAAAAAAAAAAAAAAAAAAAAAAAAAAAAAAAAAAAAAAAAAAAAAAAAAAAAAAAAAAAAAAAAAAAAAAAAAAAAAAAAAAAAAAAAAAAAAAAAAAAAAAAAAAAAAAAAAAAAAAAAAAAAAAAAAAAAAAAAAAAAAAAAAAAAAAAAAAAAAAAAAAAAAAAAAAAAAAAAAAAAAAAAAAAAAAAAAAAAAAAAAAAAAAAAAAAAAAAAAAAAAAAAAAAAAAAAAAAAAAAAAAAAAAAAAAAAAAAAAAAAAAAAAAAAAAAAAAAAAAAAAAAAAAAAAAAAAAAAAAAAAAAAAAAAAAAAAAAAAAAAAAAAAAAAAAAAAAAAAAAAAAAAAAAAAAAAAAAAAAAAAAAAAAAAAAAAAAAAAAAAAAAAAAAAAAAAAAAAAAAAAAAAAAAAAAAAAAAAAAAAAAAAAAAAAAAAAAAAAAAAAAAAAAAAAAAAAAAAAAAAAAAAAAAAAAAAAAAAAAAAAAAAAAAAAAAAAAAAAAAAAAAAAAAAAAAAAAAAAAAAAAAAAAAAAAAAAAAAAAAAAAAAAAAAAAAAAAAAAAAAAAAAAAAAAAAAAAAAAAAAAAAAAAAAAAAAAAAAAAAAAAAAAAAAAAAAAAAAAAAAAAAAAAAAAAAAAAAAAAAAAAAAAAAAAAAAAAAAAAAAAAAAAAAAAAAAAAAAAAAAAAAAAAAAAAAAAAAAAAAAAAAAAAAAAAAAAAAAAAAAAAAAAAAAAAAAAAAAAAAAAAAAAAAAAAAAAAAAAAAAAAAAAAAAAAAAAAAAAAAAAAAAAAAAAAAAAAAAAAAAAAAAAAAAAAAAAAAAAAAAAAAAAAAAAAAAAAAAAAAAAAAAAAAAAAAAAAAAAAAAAAAAAAAAAAAAAAAAAAAAAAAAAAAAAAAAAAAAAAAAAAAAAAAAAAAAAAAAAAAAAAAAAAAAAAAAAAAAAAAAAAAAAAAAAAAAAAAAAAAAAAAAAAAAAAAAAAAAAAAAAAAAAAAAAAAAAAAAAAAAAAAAAAAAAAAAAAAAAAAAAAAAAAAAAAAAAAAAAAAAAAAAAAAAAAAAAAAAAAAAAAAAAAAAAAAAAAAAAAAAAAAAAAAAAAAAAAAAAAAAAAAAAAAAAAAAAAAAAAAAAAAAAAAAAAAAAAAAAAAAAAAAAAAAAAAAAAAAAAAAAAAAAAAAAAAAAAAAAAAAAAAAAAAAAAAAAAAAAAAAAAAAAAAAAAAAAAAAAAAAAAAAAAAAAAAAAAAAAAAAAAAAAAAAAAAAAAAAAAAAAAAAAAAAAAAAAAAAAAAAAAAAAAAAAAAAAAAAAAAAAAAAAAAAAAAAAAAAAAAAAAAAAAAAAAAAAAAAAAAAAAAAAAAAAAAAAAAAAAAAAAAAAAAAAAAAAAAAAAAAAAAAAAAAAAAAAAAAAAAAAAAAAAAAAAAAAAAAAAAAAAAAAAAAAAAAAAAAAAAAAAAAAAAAAAAAAAAAAAAAAAAAAAAAAAAAAAAAAAAAAAAAAAAAAAAAAAAAAAAAAAAAAAAAAAAAAAAAAAAAAAAAAAAAAAAAAAAAAAAAAAAAAAAAAAAAAAAAAAAAAAAAAAAAAAAAAAAAAAAAAAAAAAAAAAAAAAAAAAAAAAAAAAAAAAAAAAAAAAAAAAAAAAAAAAAAAAAAAAAAAAAAAAAAAAAAAAAAAAAAAAAAAAAAAAAAAAAAAAAAAAAAAAAAAAAAAAAAAAAAAAAAAAAAAAAAAAAAAAAAAAAAAAAAAAAAAAAAAAAAAAAAAAAAAAAAAAAAAAAAAAAAAAAAAAAAAAAAAAAAAAAAAAAAAAAAAAAAAAAAAAAAAAAAAAAAAAAAAAAAAAAAAAAAAAAAAAAAAAAAAAAAAAAAAAAAAAAAAAAAAAAAAAAAAAAAAAAAAAAAAAAAAAAAAAAAAAAAAAAAAAAAAAAAAAAAAAAAAAAAAAAAAAAAAAAAAAAAAAAAAAAAAAAAAAAAAAAAAAAAAAAAAAAAAAAAAAAAAAAAAAAAAAAAAAAAAAAAAAAAAAAAAAAAAAAAAAAAAAAAAAAAAAAAAAAAAAAAAAAAAAAAAAAAAAAAAAAAAAAAAAAAAAAAAAAAAAAAAAAAAAAAAAAAAAAAAAAAAAAAAAAAAAAAAAAAAAAAAAAAAAAAAAAAAAAAAAAAAAAAAAAAAAAAAAAAAAAAAAAAAAAAAAAAAAAAAAAAAAAAAAAAAAAAAAAAAAAAAAAAAAAAAAAAAAAAAAAAAAAAAAAAAAAAAAAAAAAAAAAAAAAAAAAAAAAAAAAAAAAAAAAAAAAAAAAAAAAAAAAAAAAAAAAAAAAAAAAAAAAAAAAAAAAAAAAAAAAAAAAAAAAAAAAAAAAAAAAAAAAAAAAAAAAAAAAAAAAAAAAAAAAAAAAAAAAAAAAAAAAAAAAAAAAAAAAAAAAAAAAAAAAAAAAAAAAAAAAAAAAAAAAAAAAAAAAAAAAAAAAAAAAAAAAAAAAAAAAAAAAAAAAAAAAAAAAAAAAAAAAAAAAAAAAAAAAAAAAAAAAAAAAAAAAAAAAAAAAAAAAAAAAAAAAAAAAAAAAAAAAAAAAAAAAAAAAAAAAAAAAAAAAAAAAAAAAAAAAAAAAAAAAAAAAAAAAAAAAAAAAAAAAAAAAAAAAAAAAAAAAAAAAAAAAAAAAAAAAAAAAAAAAAAAAAAAAAAAAAAAAAAAAAAAAAAAAAAAAAAAAAAAAAAAAAAAAAAAAAAAAAAAAAAAAAAAAAAAAAAAAAAAAAAAAAAAAAAAAAAAAAAAAAAAAAAAAAAAAAAAAAAAAAAAAAAAAAAAAAAAAAAAAAAAAAAAAAAAAAAAAAAAAAAAAAAAAAAAAAAAAAAAAAAAAAAAAAAAAAAAAAAAAAAAAAAAAAAAAAAAAAAAAAAAAAAAAAAAAAAAAAAAAAAAAAAAAAAAAAAAAAAAAAAAAAAAAAAAAAAAAAAAAAAAAAAAAAAAAAAAAAAAAAAAAAAAAAAAAAAAAAAAAAAAAAAAAAAAAAAAAAAAAAAAAAAAAAAAAAAAAAAAAAAAAAAAAAAAAAAAAAAAAAAAAAAAAAAAAAAAAAAAAAAAAAAAAAAAAAAAAAAAAAAAAAAAAAAAAAAAAAAAAAAAAAAAAAAAAAAAAAAAAAAAAAAAAAAAAAAAAAAAAAAAAAAAAAAAAAAAAAAAAAAAAAAAAAAAAAAAAAAAAAAAAAAAAAAAAAAAAAAAAAAAAAAAAAAAAAAAAAAAAAAAAAAAAAAAAAAAAAAAAAAAAAAAAAAAAAAAAAAAAAAAAAAAAAAAAAAAAAAAAAAAAAAAAAAAAAAAAAAAAAAAAAAAAAAAAAAAAAAAAAAAAAAAAAAAAAAAAAAAAAAAAAAAAAAAAAAAAAAAAAAAAAAAAAAAAAAAAAAAAAAAAAAAAAAAAAAAAAAAAAAAAAAAAAAAAAAAAAAAAAAAAAAAAAAAAAAAAAAAAAAAAAAAAAAAAAAAAAAAAAAAAAAAAAAAAAAAAAAAAAAAAAAAAAAAAAAAAAAAAAAAAAAAAAAAAAAAAAAAAAAAAAAAAAAAAAAAAAAAAAAAAAAAAAAAAAAAAAAAAAAAAAAAAAAAAAAAAAAAAAAAAAAAAAAAAAAAAAAAAAAAAAAAAAAAAAAAAAAAAAAAAAAAAAAAAAAAAAAAAAAAAAAAAAAAAAAAAAAAAAAAAAAAAAAAAAAAAAAAAAAAAAAAAAAAAAAAAAAAAAAAAAAAAAAAAAAAAAAAAAAAAAAAAAAAAAAAAAAAAAAAAAAAAAAAAAAAAAAAAAAAAAAAAAAAAAAAAAAAAAAAAAAAAAAAAAAAAAAAAAAAAAAAAAAAAAAAAAAAAAAAAAAAAAAAAAAAAAAAAAAAAAAAAAAAAAAAAAAAAAAAAAAAAAAAAAAAAAAAAAAAAAAAAAAAAAAAAAAAAAAAAAAAAAAAAAAAAAAAAAAAAAAAAAAAAAAAAAAAAAAAAAAAAAAAAAAAAAAAAAAAAAAAAAAAAAAAAAAAAAAAAAAAAAAAAAAAAAAAAAAAAAAAAAAAAAAAAAAAAAAAAAAAAAAAAAAAAAAAAAAAAAAAAAAAAAAAAAAAAAAAAAAAAAAAAAAAAAAAAAAAAAAAAAAAAAAAAAAAAAAAAAAAAAAAAAAAAAAAAAAAAAAAAAAAAAAAAAAAAAAAAAAAAAAAAAAAAAAAAAAAAAAAAAAAAAAAAAAAAAAAAAAAAAAAAAAAAAAAAAAAAAAAAAAAAAAAAAAAAAAAAAAAAAAAAAAAAAAAAAAAAAAAAAAAAAAAAAAAAAAAAAAAAAAAAAAAAAAAAAAAAAAAAAAAAAAAAAAAAAAAAAAAAAAAAAAAAAAAAAAAAAAAAAAAAAAAAAAAAAAAAAAAAAAAAAAAAAAAAAAAAAAAAAAAAAAAAAAAAAAAAAAAAAAAAAAAAAAAAAAAAAAAAAAAAAAAAAAAAAAAAAAAAAAAAAAAAAAAAAAAAAAAAAAAAAAAAAAAAAAAAAAAAAAAAAAAAAAAAAAAAAAAAAAAAAAAAAAAAAAAAAAAAAAAAAAAAAAAAAAAAAAAAAAAAAAAAAAAAAAAAAAAAAAAAAAAAAAAAAAAAAAAAAAAAAAAAAAAAAAAAAAAAAAAAAAAAAAAAAAAAAAAAAAAAAAAAAAAAAAAAAAAAAAAAAAAAAAAAAAAAAAAAAAAAAAAAAAAAAAAAAAAAAAAAAAAAAAAAAAAAAAAAAAAAAAAAAAAAAAAAAAAAAAAAAAAAAAAAAAAAAAAAAAAAAAAAAAAAAAAAAAAAAAAAAAAAAAAAAAAAAAAAAAAAAAAAAAAAAAAAAAAAAAAAAAAAAAAAAAAAAAAAAAAAAAAAAAAAAAAAAAAAAAAAAAAAAAAAAAAAAAAAAAAAAAAAAAAAAAAAAAAAAAAAAAAAAAAAAAAAAAAAAAAAAAAAAAAAAAAAAAAAAAAAAAAAAAAAAAAAAAAAAAAAAAAAAAAAAAAAAAAAAAAAAAAAAAAAAAAAAAAAAAAAAAAAAAAAAAAAAAAAAAAAAAAAAAAAAAAAAAAAAAAAAAAAAAAAAAAAAAAAAAAAAAAAAAAAAAAAAAAAAAAAAAAAAAAAAAAAAAAAAAAAAAAAAAAAAAAAAAAAAAAAAAAAAAAAAAAAAAAAAAAAAAAAAAAAAAAAAAAAAAAAAAAAAAAAAAAAAAAAAAAAAAAAAAAAAAAAAAAAAAAAAAAAAAAAAAAAAAAAAAAAAAAAAAAAAAAAAAAAAAAAAAAAAAAAAAAAAAAAAAAAAAAAAAAAAAAAAAAAAAAAAAAAAAAAAAAAAAAAAAAAAAAAAAAAAAAAAAAAAAAAAAAAAAAAAAAAAAAAAAAAAAAAAAAAAAAAAAAAAAAAAAAAAAAAAAAAAAAAAAAAAAAAAAAAAAAAAAAAAAAAAAAAAAAAAAAAAAAAAAAAAAAAAAAAAAAAAAAAAAAAAAAAAAAAAAAAAAAAAAAAAAAAAAAAAAAAAAAAAAAAAAAAAAAAAAAAAAAAAAAAAAAAAAAAAAAAAAAAAAAAAAAAAAAAAAAAAAAAAAAAAAAAAAAAAAAAAAAAAAAAAAAAAAAAAAAAAAAAAAAAAAAAAAAAAAAAAAAAAAAAAAAAAAAAAAAAAAAAAAAAAAAAAAAAAAAAAAAAAAAAAAAAAAAAAAAAAAAAAAAAAAAAAAAAAAAAAAAAAAAAAAAAAAAAAAAAAAAAAAAAAAAAAAAAAAAAAAAAAAAAAAAAAAAAAAAAAAAAAAAAAAAAAAAAAAAAAAAAAAAAAAAAAAAAAAAAAAAAAAAAAAAAAAAAAAAAAAAAAAAAAAAAAAAAAAAAAAAAAAAAAAAAAAAAAAAAAAAAAAAAAAAAAAAAAAAAAAAAAAAAAAAAAAAAAAAAAAAAAAAAAAAAAAAAAAAAAAAAAAAAAAAAAAAAAAAAAAAAAAAAAAAAAAAAAAAAAAAAAAAAAAAAAAAAAAAAAAAAAAAAAAAAAAAAAAAAAAAAAAAAAAAAAAAAAAAAAAAAAAAAAAAAAAAAAAAAAAAAAAAAAAAAAAAAAAAAAAAAAAAAAAAAAAAAAAAAAAAAAAAAAAAAAAAAAAAAAAAAAAAAAAAAAAAAAAAAAAAAAAAAAAAAAAAAAAAAAAAAAAAAAAAAAAAAAAAAAAAAAAAAAAAAAAAAAAAAAAAAAAAAAAAAAAAAAAAAAAAAAAAAAAAAAAAAAAAAAAAAAAAAAAAAAAAAAAAAAAAAAAAAAAAAAAAAAAAAAAAAAAAAAAAAAAAAAAAAAAAAAAAAAAAAAAAAAAAAAAAAAAAAAAAAAAAAAAAAAAAAAAAAAAAAAAAAAAAAAAAAAAAAAAAAAAAAAAAAAAAAAAAAAAAAAAAAAAAAAAAAAAAAAAAAAAAAAAAAAAAAAAAAAAAAAAAAAAAAAAAAAAAAAAAAAAAAAAAAAAAAAAAAAAAAAAAAAAAAAAAAAAAAAAAAAAAAAAAAAAAAAAAAAAAAAAAAAAAAAAAAAAAAAAAAAAAAAAAAAAAAAAAAAAAAAAAAAAAAAAAAAAAAAAAAAAAAAAAAAAAAAAAAAAAAAAAAAAAAAAAAAAAAAAAAAAAAAAAAAAAAAAAAAAAAAAAAAAAAAAAAAAAAAAAAAAAAAAAAAAAAAAAAAAAAAAAAAAAAAAAAAAAAAAAAAAAAAAAAAAAAAAAAAAAAAAAAAAAAAAAAAAAAAAAAAAAAAAAAAAAAAAAAAAAAAAAAAAAAAAAAAAAAAAAAAAAAAAAAAAAAAAAAAAAAAAAAAAAAAAAAAAAAAAAAAAAAAAAAAAAAAAAAAAAAAAAAAAAAAAAAAAAAAAAAAAAAAAAAAAAAAAAAAAAAAAAAAAAAAAAAAAAAAAAAAAAAAAAAAAAAAAAAAAAAAAAAAAAAAAAAAAAAAAAAAAAAAAAAAAAAAAAAAAAAAAAAAAAAAAAAAAAAAAAAAAAAAAAAAAAAAAAAAAAAAAAAAAAAAAAAAAAAAAAAAAAAAAAAAAAAAAAAAAAAAAAAAAAAAAAAAAAAAAAAAAAAAAAAAAAAAAAAAAAAAAAAAAAAAAAAAAAAAAAAAAAAAAAAAAAAAAAAAAAAAAAAAAAAAAAAAAAAAAAAAAAAAAAAAAAAAAAAAAAAAAAAAAAAAAAAAAAAAAAAAAAAAAAAAAAAAAAAAAAAAAAAAAAAAAAAAAAAAAAAAAAAAAAAAAAAAAAAAAAAAAAAAAAAAAAAAAAAAAAAAAAAAAAAAAAAAAAAAAAAAAAAAAAAAAAAAAAAAAAAAAAAAAAAAAAAAAAAAAAAAAAAAAAAAAAAAAAAAAAAAAAAAAAAAAAAAAAAAAAAAAAAAAAAAAAAAAAAAAAAAAAAAAAAAAAAAAAAAAAAAAAAAAAAAAAAAAAAAAAAAAAAAAAAAAAAAAAAAAAAAAAAAAAAAAAAAAAAAAAAAAAAAAAAAAAAAAAAAAAAAAAAAAAAAAAAAAAAAAAAAAAAAAAAAAAAAAAAAAAAAAAAAAAAAAAAAAAAAAAAAAAAAAAAAAAAAAAAAAAAAAAAAAAAAAAAAAAAAAAAAAAAAAAAAAAAAAAAAAAAAAAAAAAAAAAAAAAAAAAAAAAAAAAAAAAAAAAAAAAAAAAAAAAAAAAAAAAAAAAAAAAAAAAAAAAAAAAAAAAAAAAAAAAAAAAAAAAAAAAAAAAAAAAAAAAAAAAAAAAAAAAAAAAAAAAAAAAAAAAAAAAAAAAAAAAAAAAAAAAAAAAAAAAAAAAAAAAAAAAAAAAAAAAAAAAAAAAAAAAAAAAAAAAAAAAAAAAAAAAAAAAAAAAAAAAAAAAAAAAAAAAAAAAAAAAAAAAAAAAAAAAAAAAAAAAAAAAAAAAAAAAAAAAAAAAAAAAAAAAAAAAAAAAAAAAAAAAAAAAAAAAAAAAAAAAAAAAAAAAAAAAAAAAAAAAAAAAAAAAAAAAAAAAAAAAAAAAAAAAAAAAAAAAAAAAAAAAAAAAAAAAAAAAAAAAAAAAAAAAAAAAAAAAAAAAAAAAAAAAAAAAAAAAAAAAAAAAAAAAAAAAAAAAAAAAAAAAAAAAAAAAAAAAAAAAAAAAAAAAAAAAAAAAAAAAAAAAAAAAAAAAAAAAAAAAAAAAAAAAAAAAAAAAAAAAAAAAAAAAAAAAAAAAAAAAAAAAAAAAAAAAAAAAAAAAAAAAAAAAAAAAAAAAAAAAAAAAAAAAAAAAAAAAAAAAAAAAAAAAAAAAAAAAAAAAAAAAAAAAAAAAAAAAAAAAAAAAAAAAAAAAAAAAAAAAAAAAAAAAAAAAAAAAAAAAAAAAAAAAAAAAAAAAAAAAAAAAAAAAAAAAAAAAAAAAAAAAAAAAAAAAAAAAAAAAAAAAAAAAAAAAAAAAAAAAAAAAAAAAAAAAAAAAAAAAAAAAAAAAAAAAAAAAAAAAAAAAAAAAAAAAAAAAAAAAAAAAAAAAAAAAAAAAAAAAAAAAAAAAAAAAAAAAAAAAAAAAAAAAAAAAAAAAAAAAAAAAAAAAAAAAAAAAAAAAAAAAAAAAAAAAAAAAAAAAAAAAAAAAAAAAAAAAAAAAAAAAAAAAAAAAAAAAAAAAAAAAAAAAAAAAAAAAAAAAAAAAAAAAAAAAAAAAAAAAAAAAAAAAAAAAAAAAAAAAAAAAAAAAAAAAAAAAAAAAAAAAAAAAAAAAAAAAAAAAAAAAAAAAAAAAAAAAAAAAAAAAAAAAAAAAAAAAAAAAAAAAAAAAAAAAAAAAAAAAAAAAAAAAAAAAAAAAAAAAAAAAAAAAAAAAAAAAAAAAAAAAAAAAAAAAAAAAAAAAAAAAAAAAAAAAAAAAAAAAAAAAAAAAAAAAAAAAAAAAAAAAAAAAAAAAAAAAAAAAAAAAAAAAAAAAAAAAAAAAAAAAAAAAAAAAAAAAAAAAAAAAAAAAAAAAAAAAAAAAAAAAAAAAAAAAAAAAAAAAAAAAAAAAAAAAAAAAAAAAAAAAAAAAAAAAAAAAAAAAAAAAAAAAAAAAAAAAAAAAAAAAAAAAAAAAAAAAAAAAAAAAAAAAAAAAAAAAAAAAAAAAAAAAAAAAAAAAAAAAAAAAAAAAAAAAAAAAAAAAAAAAAAAAAAAAAAAAAAAAAAAAAAAAAAAAAAAAAAAAAAAAAAAAAAAAAAAAAAAAAAAAAAAAAAAAAAAAAAAAAAAAAAAAAAAAAAAAAAAAAAAAAAAAAAAAAAAAAAAAAAAAAAAAAAAAAAAAAAAAAAAAAAAAAAAAAAAAAAAAAAAAAAAAAAAAAAAAAAAAAAAAAAAAAAAAAAAAAAAAAAAAAAAAAAAAAAAAAAAAAAAAAAAAAAAAAAAAAAAAAAAAAAAAAAAAAAAAAAAAAAAAAAAAAAAAAAAAAAAAAAAAAAAAAAAAAAAAAAAAAAAAAAAAAAAAAAAAAAAAAAAAAAAAAAAAAAAAAAAAAAAAAAAAAAAAAAAAAAAAAAAAAAAAAAAAAAAAAAAAAAAAAAAAAAAAAAAAAAAAAAAAAAAAAAAAAAAAAAAAAAAAAAAAAAAAAAAAAAAAAAAAAAAAAAAAAAAAAAAAAAAAAAAAAAAAAAAAAAAAAAAAAAAAAAAAAAAAAAAAAAAAAAAAAAAAAAAAAAAAAAAAAAAAAAAAAAAAAAAAAAAAAAAAAAAAAAAAAAAAAAAAAAAAAAAAAAAAAAAAAAAAAAAAAAAAAAAAAAAAAAAAAAAAAAAAAAAAAAAAAAAAAAAAAAAAAAAAAAAAAAAAAAAAAAAAAAAAAAAAAAAAAAAAAAAAAAAAAAAAAAAAAAAAAAAAAAAAAAAAAAAAAAAAAAAAAAAAAAAAAAAAAAAAAAAAAAAAAAAAAAAAAAAAAAAAAAAAAAAAAAAAAAAAAAAAAAAAAAAAAAAAAAAAAAAAAAAAAAAAAAAAAAAAAAAAAAAAAAAAAAAAAAAAAAAAAAAAAAAAAAAAAAAAAAAAAAAAAAAAAAAAAAAAAAAAAAAAAAAAAAAAAAAAAAAAAAAAAAAAAAAAAAAAAAAAAAAAAAAAAAAAAAAAAAAAAAAAAAAAAAAAAAAAAAAAAAAAAAAAAAAAAAAAAAAAAAAAAAAAAAAAAAAAAAAAAAAAAAAAAAAAAAAAAAAAAAAAAAAAAAAAAAAAAAAAAAAAAAAAAAAAAAAAAAAAAAAAAAAAAAAAAAAAAAAAAAAAAAAAAAAAAAAAAAAAAAAAAAAAAAAAAAAAAAAAAAAAAAAAAAAAAAAAAAAAAAAAAAAAAAAAAAAAAAAAAAAAAAAAAAAAAAAAAAAAAAAAAAAAAAAAAAAAAAAAAAAAAAAAAAAAAAAAAAAAAAAAAAAAAAAAAAAAAAAAAAAAAAAAAAAAAAAAAAAAAAAAAAAAAAAAAAAAAAAAAAAAAAAAAAAAAAAAAAAAAAAAAAAAAAAAAAAAAAAAAAAAAAAAAAAAAAAAAAAAAAAAAAAAAAAAAAAAAAAAAAAAAAAAAAAAAAAAAAAAAAAAAAAAAAAAAAAAAAAAAAAAAAAAAAAAAAAAAAAAAAAAAAAAAAAAAAAAAAAAAAAAAAAAAAAAAAAAAAAAAAAAAAAAAAAAAAAAAAAAAAAAAAAAAAAAAAAAAAAAAAAAAAAAAAAAAAAAAAAAAAAAAAAAAAAAAAAAAAAAAAAAAAAAAAAAAAAAAAAAAAAAAAAAAAAAAAAAAAAAAAAAAAAAAAAAAAAAAAAAAAAAAAAAAAAAAAAAAAAAAAAAAAAAAAAAAAAAAAAAAAAAAAAAAAAAAAAAAAAAAAAAAAAAAAAAAAAAAAAAAAAAAAAAAAAAAAAAAAAAAAAAAAAAAAAAAAAAAAAAAAAAAAAAAAAAAAAAAAAAAAAAAAAAAAAAAAAAAAAAAAAAAAAAAAAAAAAAAAAAAAAAAAAAAAAAAAAAAAAAAAAAAAAAAAAAAAAAAAAAAAAAAAAAAAAAAAAAAAAAAAAAAAAAAAAAAAAAAAAAAAAAAAAAAAAAAAAAAAAAAAAAAAAAAAAAAAAAAAAAAAAAAAAAAAAAAAAAAAAAAAAAAAAAAAAAAAAAAAAAAAAAAAAAAAAAAAAAAAAAAAAAAAAAAAAAAAAAAAAAAAAAAAAAAAAAAAAAAAAAAAAAAAAAAAAAAAAAAAAAAAAAAAAAAAAAAAAAAAAAAAAAAAAAAAAAAAAAAAAAAAAAAAAAAAAAAAAAAAAAAAAAAAAAAAAAAAAAAAAAAAAAAAAAAAAAAAAAAAAAAAAAAAAAAAAAAAAAAAAAAAAAAAAAAAAAAAAAAAAAAAAAAAAAAAAAAAAAAAAAAAAAAAAAAAAAAAAAAAAAAAAAAAAAAAAAAAAAAAAAAAAAAAAAAAAAAAAAAAAAAAAAAAAAAAAAAAAAAAAAAAAAAAAAAAAAAAAAAAAAAAAAAAAAAAAAAAAAAAAAAAAAAAAAAAAAAAAAAAAAAAAAAAAAAAAAAAAAAAAAAAAAAAAAAAAAAAAAAAAAAAAAAAAAAAAAAAAAAAAAAAAAAAAAAAAAAAAAAAAAAAAAAAAAAAAAAAAAAAAAAAAAAAAAAAAAAAAAAAAAAAAAAAAAAAAAAAAAAAAAAAAAAAAAAAAAAAAAAAAAAAAAAAAAAAAAAAAAAAAAAAAAAAAAAAAAAAAAAAAAAAAAAAAAAAAAAAAAAAAAAAAAAAAAAAAAAAAAAAAAAAAAAAAAAAAAAAAAAAAAAAAAAAAAAAAAAAAAAAAAAAAAAAAAAAAAAAAAAAAAAAAAAAAAAAAAAAAAAAAAAAAAAAAAAAAAAAAAAAAAAAAAAAAAAAAAAAAAAAAAAAAAAAAAAAAAAAAAAAAAAAAAAAAAAAAAAAAAAAAAAAAAAAAAAAAAAAAAAAAAAAAAAAAAAAAAAAAAAAAAAAAAAAAAAAAAAAAAAAAAAAAAAAAAAAAAAAAAAAAAAAAAAAAAAAAAAAAAAAAAAAAAAAAAAAAAAAAAAAAAAAAAAAAAAAAAAAAAAAAAAAAAAAAAAAAAAAAAAAAAAAAAAAAAAAAAAAAAAAAAAAAAAAAAAAAAAAAAAAAAAAAAAAAAAAAAAAAAAAAAAAAAAAAAAAAAAAAAAAAAAAAAAAAAAAAAAAAAAAAAAAAAAAAAAAAAAAAAAAAAAAAAAAAAAAAAAAAAAAAAAAAAAAAAAAAAAAAAAAAAAAAAAAAAAAAAAAAAAAAAAAAAAAAAAAAAAAAAAAAAAAAAAAAAAAAAAAAAAAAAAAAAAAAAAAAAAAAAAAAAAAAAAAAAAAAAAAAAAAAAAAAAAAAAAAAAAAAAAAAAAAAAAAAAAAAAAAAAAAAAAAAAAAAAAAAAAAAAAAAAAAAAAAAAAAAAAAAAAAAAAAAAAAAAAAAAAAAAAAAAAAAAAAAAAAAAAAAAAAAAAAAAAAAAAAAAAAAAAAAAAAAAAAAAAAAAAAAAAAAAAAAAAAAAAAAAAAAAAAAAAAAAAAAAAAAAAAAAAAAAAAAAAAAAAAAAAAAAAAAAAAAAAAAAAAAAAAAAAAAAAAAAAAAAAAAAAAAAAAAAAAAAAAAAAAAAAAAAAAAAAAAAAAAAAAAAAAAAAAAAAAAAAAAAAAAAAAAAAAAAAAAAAAAAAAAAAAAAAAAAAAAAAAAAAAAAAAAAAAAAAAAAAAAAAAAAAAAAAAAAAAAAAAAAAAAAAAAAAAAAAAAAAAAAAAAAAAAAAAAAAAAAAAAAAAAAAAAAAAAAAAAAAAAAAAAAAAAAAAAAAAAAAAAAAAAAAAAAAAAAAAAAAAAAAAAAAAAAAAAAAAAAAAAAAAAAAAAAAAAAAAAAAAAAAAAAAAAAAAAAAAAAAAAAAAAAAAAAAAAAAAAAAAAAAAAAAAAAAAAAAAAAAAAAAAAAAAAAAAAAAAAAAAAAAAAAAAAAAAAAAAAAAAAAAAAAAAAAAAAAAAAAAAAAAAAAAAAAAAAAAAAAAAAAAAAAAAAAAAAAAAAAAAAAAAAAAAAAAAAAAAAAAAAAAAAAAAAAAAAAAAAAAAAAAAAAAAAAAAAAAAAAAAAAAAAAAAAAAAAAAAAAAAAAAAAAAAAAAAAAAAAAAAAAAAAAAAAAAAAAAAAAAAAAAAAAAAAAAAAAAAAAAAAAAAAAAAAAAAAAAAAAAAAAAAAAAAAAAAAAAAAAAAAAAAAAAAAAAAAAAAAAAAAAAAAAAAAAAAAAAAAAAAAAAAAAAAAAAAAAAAAAAAAAAAAAAAAAAAAAAAAAAAAAAAAAAAAAAAAAAAAAAAAAAAAAAAAAAAAAAAAAAAAAAAAAAAAAAAAAAAAAAAAAAAAAAAAAAAAAAAAAAAAAAAAAAAAAAAAAAAAAAAAAAAAAAAAAAAAAAAAAAAAAAAAAAAAAAAAAAAAAAAAAAAAAAAAAAAAAAAAAAAAAAAAAAAAAAAAAAAAAAAAAAAAAAAAAAAAAAAAAAAAAAAAAAAAAAAAAAAAAAAAAAAAAAAAAAAAAAAAAAAAAAAAAAAAAAAAAAAAAAAAAAAAAAAAAAAAAAAAAAAAAAAAAAAAAAAAAAAAAAAAAAAAAAAAAAAAAAAAAAAAAAAAAAAAAAAAAAAAAAAAAAAAAAAAAAAAAAAAAAAAAAAAAAAAAAAAAAAAAAAAAAAAAAAAAAAAAAAAAAAAAAAAAAAAAAAAAAAAAAAAAAAAAAAAAAAAAAAAAAAAAAAAAAAAAAAAAAAAAAAAAAAAAAAAAAAAAAAAAAAAAAAAAAAAAAAAAAAAAAAAAAAAAAAAAAAAAAAAAAAAAAAAAAAAAAAAAAAAAAAAAAAAAAAAAAAAAAAAAAAAAAAAAAAAAAAAAAAAAAAAAAAAAAAAAAAAAAAAAAAAAAAAAAAAAAAAAAAAAAAAAAAAAAAAAAAAAAAAAAAAAAAAAAAAAAAAAAAAAAAAAAAAAAAAAAAAAAAAAAAAAAAAAAAAAAAAAAAAAAAAAAAAAAAAAAAAAAAAAAAAAAAAAAAAAAAAAAAAAAAAAAAAAAAAAAAAAAAAAAAAAAAAAAAAAAAAAAAAAAAAAAAAAAAAAAAAAAAAAAAAAAAAAAAAAAAAAAAAAAAAAAAAAAAAAAAAAAAAAAAAAAAAAAAAAAAAAAAAAAAAAAAAAAAAAAAAAAAAAAAAAAAAAAAAAAAAAAAAAAAAAAAAAAAAAAAAAAAAAAAAAAAAAAAAAAAAAAAAAAAAAAAAAAAAAAAAAAAAAAAAAAAAAAAAAAAAAAAAAAAAAAAAAAAAAAAAAAAAAAAAAAAAAAAAAAAAAAAAAAAAAAAAAAAAAAAAAAAAAAAAAAAAAAAAAAAAAAAAAAAAAAAAAAAAAAAAAAAAAAAAAAAAAAAAAAAAAAAAAAAAAAAAAAAAAAAAAAAAAAAAAAAAAAAAAAAAAAAAAAAAAAAAAAAAAAAAAAAAAAAAAAAAAAAAAAAAAAAAAAAAAAAAAAAAAAAAAAAAAAAAAAAAAAAAAAAAAAAAAAAAAAAAAAAAAAAAAAAAAAAAAAAAAAAAAAAAAAAAAAAAAAAAAAAAAAAAAAAAAAAAAAAAAAAAAAAAAAAAAAAAAAAAAAAAAAAAAAAAAAAAAAAAAAAAAAAAAAAAAAAAAAAAAAAAAAAAAAAAAAAAAAAAAAAAAAAAAAAAAAAAAAAAAAAAAAAAAAAAAAAAAAAAAAAAAAAAAAAAAAAAAAAAAAAAAAAAAAAAAAAAAAAAAAAAAAAAAAAAAAAAAAAAAAAAAAAAAAAAAAAAAAAAAAAAAAAAAAAAAAAAAAAAAAAAAAAAAAAAAAAAAAAAAAAAAAAAAAAAAAAAAAAAAAAAAAAAAAAAAAAAAAAAAAAAAAAAAAAAAAAAAAAAAAAAAAAAAAAAAAAAAAAAAAAAAAAAAAAAAAAAAAAAAAAAAAAAAAAAAAAAAAAAAAAAAAAAAAAAAAAAAAAAAAAAAAAAAAAAAAAAAAAAAAAAAAAAAAAAAAAAAAAAAAAAAAAAAAAAAAAAAAAAAAAAAAAAAAAAAAAAAAAAAAAAAAAAAAAAAAAAAAAAAAAAAAAAAAAAAAAAAAAAAAAAAAAAAAAAAAAAAAAAAAAAAAAAAAAAAAAAAAAAAAAAAAAAAAAAAAAAAAAAAAAAAAAAAAAAAAAAAAAAAAAAAAAAAAAAAAAAAAAAAAAAAAAAAAAAAAAAAAAAAAAAAAAAAAAAAAAAAAAAAAAAAAAAAAAAAAAAAAAAAAAAAAAAAAAAAAAAAAAAAAAAAAAAAAAAAAAAAAAAAAAAAAAAAAAAAAAAAAAAAAAAAAAAAAAAAAAAAAAAAAAAAAAAAAAAAAAAAAAAAAAAAAAAAAAAAAAAAAAAAAAAAAAAAAAAAAAAAAAAAAAAAAAAAAAAAAAAAAAAAAAAAAAAAAAAAAAAAAAAAAAAAAAAAAAAAAAAAAAAAAAAAAAAAAAAAAAAAAAAAAAAAAAAAAAAAAAAAAAAAAAAAAAAAAAAAAAAAAAAAAAAAAAAAAAAAAAAAAAAAAAAAAAAAAAAAAAAAAAAAAAAAAAAAAAAAAAAAAAAAAAAAAAAAAAAAAAAAAAAAAAAAAAAAAAAAAAAAAAAAAAAAAAAAAAAAAAAAAAAAAAAAAAAAAAAAAAAAAAAAAAAAAAAAAAAAAAAAAAAAAAAAAAAAAAAAAAAAAAAAAAAAAAAAAAAAAAAAAAAAAAAAAAAAAAAAAAAAAAAAAAAAAAAAAAAAAAAAAAAAAAAAAAAAAAAAAAAAAAAAAAAAAAAAAAAAAAAAAAAAAAAAAAAAAAAAAAAAAAAAAAAAAAAAAAAAAAAAAAAAAAAAAAAAAAAAAAAAAAAAAAAAAAAAAAAAAAAAAAAAAAAAAAAAAAAAAAAAAAAAAAAAAAAAAAAAAAAAAAAAAAAAAAAAAAAAAAAAAAAAAAAAAAAAAAAAAAAAAAAAAAAAAAAAAAAAAAAAAAAAAAAAAAAAAAAAAAAAAAAAAAAAAAAAAAAAAAAAAAAAAAAAAAAAAAAAAAAAAAAAAAAAAAAAAAAAAAAAAAAAAAAAAAAAAAAAAAAAAAAAAAAAAAAAAAAAAAAAAAAAAAAAAAAAAAAAAAAAAAAAAAAAAAAAAAAAAAAAAAAAAAAAAAAAAAAAAAAAAAAAAAAAAAAAAAAAAAAAAAAAAAAAAAAAAAAAAAAAAAAAAAAAAAAAAAAAAAAAAAAAAAAAAAAAAAAAAAAAAAAAAAAAAAAAAAAAAAAAAAAAAAAAAAAAAAAAAAAAAAAAAAAAAAAAAAAAAAAAAAAAAAAAAAAAAAAAAAAAAAAAAAAAAAAAAAAAAAAAAAAAAAAAAAAAAAAAAAAAAAAAAAAAAAAAAAAAAAAAAAAAAAAAAAAAAAAAAAAAAAAAAAAAAAAAAAAAAAAAAAAAAAAAAAAAAAAAAAAAAAAAAAAAAAAAAAAAAAAAAAAAAAAAAAAAAAAAAAAAAAAAAAAAAAAAAAAAAAAAAAAAAAAAAAAAAAAAAAAAAAAAAAAAAAAAAAAAAAAAAAAAAAAAAAAAAAAAAAAAAAAAAAAAAAAAAAAAAAAAAAAAAAAAAAAAAAAAAAAAAAAAAAAAAAAAAAAAAAAAAAAAAAAAAAAAAAAAAAAAAAAAAAAAAAAAAAAAAAAAAAAAAAAAAAAAAAAAAAAAAAAAAAAAAAAAAAAAAAAAAAAAAAAAAAAAAAAAAAAAAAAAAAAAAAAAAAAAAAAAAAAAAAAAAAAAAAAAAAAAAAAAAAAAAAAAAAAAAAAAAAAAAAAAAAAAAAAAAAAAAAAAAAAAAAAAAAAAAAAAAAAAAAAAAAAAAAAAAAAAAAAAAAAAAAAAAAAAAAAAAAAAAAAAAAAAAAAAAAAAAAAAAAAAAAAAAAAAAAAAAAAAAAAAAAAAAAAAAAAAAAAAAAAAAAAAAAAAAAAAAAAAAAAAAAAAAAAAAAAAAAAAAAAAAAAAAAAAAAAAAAAAAAAAAAAAAAAAAAAAAAAAAAAAAAAAAAAAAAAAAAAAAAAAAAAAAAAAAAAAAAAAAAAAAAAAAAAAAAAAAAAAAAAAAAAAAAAAAAAAAAAAAAAAAAAAAAAAAAAAAAAAAAAAAAAAAAAAAAAAAAAAAAAAAAAAAAAAAAAAAAAAAAAAAAAAAAAAAAAAAAAAAAAAAAAAAAAAAAAAAAAAAAAAAAAAAAAAAAAAAAAAAAAAAAAAAAAAAAAAAAAAAAAAAAAAAAAAAAAAAAAAAAAAAAAAAAAAAAAAAAAAAAAAAAAAAAAAAAAAAAAAAAAAAAAAAAAAAAAAAAAAAAAAAAAAAAAAAAAAAAAAAAAAAAAAAAAAAAAAAAAAAAAAAAAAAAAAAAAAAAAAAAAAAAAAAAAAAAAAAAAAAAAAAAAAAAAAAAAAAAAAAAAAAAAAAAAAAAAAAAAAAAAAAAAAAAAAAAAAAAAAAAAAAAAAAAAAAAAAAAAAAAAAAAAAAAAAAAAAAAAAAAAAAAAAAAAAAAAAAAAAAAAAAAAAAAAAAAAAAAAAAAAAAAAAAAAAAAAAAAAAAAAAAAAAAAAAAAAAAAAAAAAAAAAAAAAAAAAAAAAAAAAAAAAAAAAAAAAAAAAAAAAAAAAAAAAAAAAAAAAAAAAAAAAAAAAAAAAAAAAAAAAAAAAAAAAAAAAAAAAAAAAAAAAAAAAAAAAAAAAAAAAAAAAAAAAAAAAAAAAAAAAAAAAAAAAAAAAAAAAAAAAAAAAAAAAAAAAAAAAAAAAAAAAAAAAAAAAAAAAAAAAAAAAAAAAAAAAAAAAAAAAAAAAAAAAAAAAAAAAAAAAAAAAAAAAAAAAAAAAAAAAAAAAAAAAAAAAAAAAAAAAAAAAAAAAAAAAAAAAAAAAAAAAAAAAAAAAAAAAAAAAAAAAAAAAAAAAAAAAAAAAAAAAAAAAAAAAAAAAAAAAAAAAAAAAAAAAAAAAAAAAAAAAAAAAAAAAAAAAAAAAAAAAAAAAAAAAAAAAAAAAAAAAAAAAAAAAAAAAAAAAAAAAAAAAAAAAAAAAAAAAAAAAAAAAAAAAAAAAAAAAAAAAAAAAAAAAAAAAAAAAAAAAAAAAAAAAAAAAAAAAAAAAAAAAAAAAAAAAAAAAAAAAAAAAAAAAAAAAAAAAAAAAAAAAAAAAAAAAAAAAAAAAAAAAAAAAAAAAAAAAAAAAAAAAAAAAAAAAAAAAAAAAAAAAAAAAAAAAAAAAAAAAAAAAAAAAAAAAAAAAAAAAAAAAAAAAAAAAAAAAAAAAAAAAAAAAAAAAAAAAAAAAAAAAAAAAAAAAAAAAAAAAAAAAAAAAAAAAAAAAAAAAAAAAAAAAAAAAAAAAAAAAAAAAAAAAAAAAAAAAAAAAAAAAAAAAAAAAAAAAAAAAAAAAAAAAAAAAAAAAAAAAAAAAAAAAAAAAAAAAAAAAAAAAAAAAAAAAAAAAAAAAAAAAAAAAAAAAAAAAAAAAAAAAAAAAAAAAAAAAAAAAAAAAAAAAAAAAAAAAAAAAAAAAAAAAAAAAAAAAAAAAAAAAAAAAAAAAAAAAAAAAAAAAAAAAAAAAAAAAAAAAAAAAAAAAAAAAAAAAAAAAAAAAAAAAAAAAAAAAAAAAAAAAAAAAAAAAAAAAAAAAAAAAAAAAAAAAAAAAAAAAAAAAAAAAAAAAAAAAAAAAAAAAAAAAAAAAAAAAAAAAAAAAAAAAAAAAAAAAAAAAAAAAAAAAAAAAAAAAAAAAAAAAAAAAAAAAAAAAAAAAAAAAAAAAAAAAAAAAAAAAAAAAAAAAAAAAAAAAAAAAAAAAAAAAAAAAAAAAAAAAAAAAAAAAAAAAAAAAAAAAAAAAAAAAAAAAAAAAAAAAAAAAAAAAAAAAAAAAAAAAAAAAAAAAAAAAAAAAAAAAAAAAAAAAAAAAAAAAAAAAAAAAAAAAAAAAAAAAAAAAAAAAAAAAAAAAAAAAAAAAAAAAAAAAAAAAAAAAAAAAAAAAAAAAAAAAAAAAAAAAAAAAAAAAAAAAAAAAAAAAAAAAAAAAAAAAAAAAAAAAAAAAAAAAAAAAAAAAAAAAAAAAAAAAAAAAAAAAAAAAAAAAAAAAAAAAAAAAAAAAAAAAAAAAAAAAAAAAAAAAAAAAAAAAAAAAAAAAAAAAAAAAAAAAAAAAAAAAAAAAAAAAAAAAAAAAAAAAAAAAAAAAAAAAAAAAAAAAAAAAAAAAAAAAAAAAAAAAAAAAAAAAAAAAAAAAAAAAAAAAAAAAAAAAAAAAAAAAAAAAAAAAAAAAAAAAAAAAAAAAAAAAAAAAAAAAAAAAAAAAAAAAAAAAAAAAAAAAAAAAAAAAAAAAAAAAAAAAAAAAAAAAAAAAAAAAAAAAAAAAAAAAAAAAAAAAAAAAAAAAAAAAAAAAAAAAAAAAAAAAAAAAAAAAAAAAAAAAAAAAAAAAAAAAAAAAAAAAAAAAAAAAAAAAAAAAAAAAAAAAAAAAAAAAAAAAAAAAAAAAAAAAAAAAAAAAAAAAAAAAAAAAAAAAAAAAAAAAAAAAAAAAAAAAAAAAAAAAAAAAAAAAAAAAAAAAAAAAAAAAAAAAAAAAAAAAAAAAAAAAAAAAAAAAAAAAAAAAAAAAAAAAAAAAAAAAAAAAAAAAAAAAAAAAAAAAAAAAAAAAAAAAAAAAAAAAAAAAAAAAAAAAAAAAAAAAAAAAAAAAAAAAAAAAAAAAAAAAAAAAAAAAAAAAAAAAAAAAAAAAAAAAAAAAAAAAAAAAAAAAAAAAAAAAAAAAAAAAAAAAAAAAAAAAAAAAAAAAAAAAAAAAAAAAAAAAAAAAAAAAAAAAAAAAAAAAAAAAAAAAAAAAAAAAAAAAAAAAAAAAAAAAAAAAAAAAAAAAAAAAAAAAAAAAAAAAAAAAAAAAAAAAAAAAAAAAAAAAAAAAAAAAAAAAAAAAAAAAAAAAAAAAAAAAAAAAAAAAAAAAAAAAAAAAAAAAAAAAAAAAAAAAAAAAAAAAAAAAAAAAAAAAAAAAAAAAAAAAAAAAAAAAAAAAAAAAAAAAAAAAAAAAAAAAAAAAAAAAAAAAAAAAAAAAAAAAAAAAAAAAAAAAAAAAAAAAAAAAAAAAAAAAAAAAAAAAAAAAAAAAAAAAAAAAAAAAAAAAAAAAAAAAAAAAAAAAAAAAAAAAAAAAAAAAAAAAAAAAAAAAAAAAAAAAAAAAAAAAAAAAAAAAAAAAAAAAAAAAAAAAAAAAAAAAAAAAAAAAAAAAAAAAAAAAAAAAAAAAAAAAAAAAAAAAAAAAAAAAAAAAAAAAAAAAAAAAAAAAAAAAAAAAAAAAAAAAAAAAAAAAAAAAAAAAAAAAAAAAAAAAAAAAAAAAAAAAAAAAAAAAAAAAAAAAAAAAAAAAAAAAAAAAAAAAAAAAAAAAAAAAAAAAAAAAAAAAAAAAAAAAAAAAAAAAAAAAAAAAAAAAAAAAAAAAAAAAAAAAAAAAAAAAAAAAAAAAAAAAAAAAAAAAAAAAAAAAAAAAAAAAAAAAAAAAAAAAAAAAAAAAAAAAAAAAAAAAAAAAAAAAAAAAAAAAAAAAAAAAAAAAAAAAAAAAAAAAAAAAAAAAAAAAAAAAAAAAAAAAAAAAAAAAAAAAAAAAAAAAAAAAAAAAAAAAAAAAAAAAAAAAAAAAAAAAAAAAAAAAAAAAAAAAAAAAAAAAAAAAAAAAAAAAAAAAAAAAAAAAAAAAAAAAAAAAAAAAAAAAAAAAAAAAAAAAAAAAAAAAAAAAAAAAAAAAAAAAAAAAAAAAAAAAAAAAAAAAAAAAAAAAAAAAAAAAAAAAAAAAAAAAAAAAAAAAAAAAAAAAAAAAAAAAAAAAAAAAAAAAAAAAAAAAAAAAAAAAAAAAAAAAAAAAAAAAAAAAAAAAAAAAAAAAAAAAAAAAAAAAAAAAAAAAAAAAAAAAAAAAAAAAAAAAAAAAAAAAAAAAAAAAAAAAAAAAAAAAAAAAAAAAAAAAAAAAAAAAAAAAAAAAAAAAAAAAAAAAAAAAAAAAAAAAAAAAAAAAAAAAAAAAAAAAAAAAAAAAAAAAAAAAAAAAAAAAAAAAAAAAAAAAAAAAAAAAAAAAAAAAAAAAAAAAAAAAAAAAAAAAAAAAAAAAAAAAAAAAAAAAAAAAAAAAAAAAAAAAAAAAAAAAAAAAAAAAAAAAAAAAAAAAAAAAAAAAAAAAAAAAAAAAAAAAAAAAAAAAAAAAAAAAAAAAAAAAAAAAAAAAAAAAAAAAAAAAAAAAAAAAAAAAAAAAAAAAAAAAAAAAAAAAAAAAAAAAAAAAAAAAAAAAAAAAAAAAAAAAAAAAAAAAAAAAAAAAAAAAAAAAAAAAAAAAAAAAAAAAAAAAAAAAAAAAAAAAAAAAAAAAAAAAAAAAAAAAAAAAAAAAAAAAAAAAAAAAAAAAAAAAAAAAAAAAAAAAAAAAAAAAAAAAAAAAAAAAAAAAAAAAAAAAAAAAAAAAAAAAAAAAAAAAAAAAAAAAAAAAAAAAAAAAAAAAAAAAAAAAAAAAAAAAAAAAAAAAAAAAAAAAAAAAAAAAAAAAAAAAAAAAAAAAAAAAAAAAAAAAAAAAAAAAAAAAAAAAAAAAAAAAAAAAAAAAAAAAAAAAAAAAAAAAAAAAAAAAAAAAAAAAAAAAAAAAAAAAAAAAAAAAAAAAAAAAAAAAAAAAAAAAAAAAAAAAAAAAAAAAAAAAAAAAAAAAAAAAAAAAAAAAAAAAAAAAAAAAAAAAAAAAAAAAAAAAAAAAAAAAAAAAAAAAAAAAAAAAAAAAAAAAAAAAAAAAAAAAAAAAAAAAAAAAAAAAAAAAAAAAAAAAAAAAAAAAAAAAAAAAAAAAAAAAAAAAAAAAAAAAAAAAAAAAAAAAAAAAAAAAAAAAAAAAAAAAAAAAAAAAAAAAAAAAAAAAAAAAAAAAAAAAAAAAAAAAAAAAAAAAAAAAAAAAAAAAAAAAAAAAAAAAAAAAAAAAAAAAAAAAAAAAAAAAAAAAAAAAAAAAAAAAAAAAAAAAAAAAAAAAAAAAAAAAAAAAAAAAAAAAAAAAAAAAAAAAAAAAAAAAAAAAAAAAAAAAAAAAAAAAAAAAAAAAAAAAAAAAAAAAAAAAAAAAAAAAAAAAAAAAAAAAAAAAAAAAAAAAAAAAAAAAAAAAAAAAAAAAAAAAAAAAAAAAAAAAAAAAAAAAAAAAAAAAAAAAAAAAAAAAAAAAAAAAAAAAAAAAAAAAAAAAAAAAAAAAAAAAAAAAAAAAAAAAAAAAAAAAAAAAAAAAAAAAAAAAAAAAAAAAAAAAAAAAAAAAAAAAAAAAAAAAAAAAAAAAAAAAAAAAAAAAAAAAAAAAAAAAAAAAAAAAAAAAAAAAAAAAAAAAAAAAAAAAAAAAAAAAAAAAAAAAAAAAAAAAAAAAAAAAAAAAAAAAAAAAAAAAAAAAAAAAAAAAAAAAAAAAAAAAAAAAAAAAAAAAAAAAAAAAAAAAAAAAAAAAAAAAAAAAAAAAAAAAAAAAAAAAAAAAAAAAAAAAAAAAAAAAAAAAAAAAAAAAAAAAAAAAAAAAAAAAAAAAAAAAAAAAAAAAAAAAAAAAAAAAAAAAAAAAAAAAAAAAAAAAAAAAAAAAAAAAAAAAAAAAAAAAAAAAAAAAAAAAAAAAAAAAAAAAAAAAAAAAAAAAAAAAAAAAAAAAAAAAAAAAAAAAAAAAAAAAAAAAAAAAAAAAAAAAAAAAAAAAAAAAAAAAAAAAAAAAAAAAAAAAAAAAAAAAAAAAAAAAAAAAAAAAAAAAAAAAAAAAAAAAAAAAAAAAAAAAAAAAAAAAAAAAAAAAAAAAAAAAAAAAAAAAAAAAAAAAAAAAAAAAAAAAAAAAAAAAAAAAAAAAAAAAAAAAAAAAAAAAAAAAAAAAAAAAAAAAAAAAAAAAAAAAAAAAAAAAAAAAAAAAAAAAAAAAAAAAAAAAAAAAAAAAAAAAAAAAAAAAAAAAAAAAAAAAAAAAAAAAAAAAAAAAAAAAAAAAAAAAAAAAAAAAAAAAAAAAAAAAAAAAAAAAAAAAAAAAAAAAAAAAAAAAAAAAAAAAAAAAAAAAAAAAAAAAAAAAAAAAAAAAAAAAAAAAAAAAAAAAAAAAAAAAAAAAAAAAAAAAAAAAAAAAAAAAAAAAAAAAAAAAAAAAAAAAAAAAAAAAAAAAAAAAAAAAAAAAAAAAAAAAAAAAAAAAAAAAAAAAAAAAAAAAAAAAAAAAAAAAAAAAAAAAAAAAAAAAAAAAAAAAAAAAAAAAAAAAAAAAAAAAAAAAAAAAAAAAAAAAAAAAAAAAAAAAAAAAAAAAAAAAAAAAAAAAAAAAAAAAAAAAAAAAAAAAAAAAAAAAAAAAAAAAAAAAAAAAAAAAAAAAAAAAAAAAAAAAAAAAAAAAAAAAAAAAAAAAAAAAAAAAAAAAAAAAAAAAAAAAAAAAAAAAAAAAAAAAAAAAAAAAAAAAAAAAAAAAAAAAAAAAAAAAAAAAAAAAAAAAAAAAAAAAAAAAAAAAAAAAAAAAAAAAAAAAAAAAAAAAAAAAAAAAAAAAAAAAAAAAAAAAAAAAAAAAAAAAAAAAAAAAAAAAAAAAAAAAAAAAAAAAAAAAAAAAAAAAAAAAAAAAAAAAAAAAAAAAAAAAAAAAAAAAAAAAAAAAAAAAAAAAAAAAAAAAAAAAAAAAAAAAAAAAAAAAAAAAAAAAAAAAAAAAAAAAAAAAAAAAAAAAAAAAAAAAAAAAAAAAAAAAAAAAAAAAAAAAAAAAAAAAAAAAAAAAAAAAAAAAAAAAAAAAAAAAAAAAAAAAAAAAAAAAAAAAAAAAAAAAAAAAAAAAAAAAAAAAAAAAAAAAAAAAAAAAAAAAAAAAAAAAAAAAAAAAAAAAAAAAAAAAAAAAAAAAAAAAAAAAAAAAAAAAAAAAAAAAAAAAAAAAAAAAAAAAAAAAAAAAAAAAAAAAAAAAAAAAAAAAAAAAAAAAAAAAAAAAAAAAAAAAAAAAAAAAAAAAAAAAAAAAAAAAAAAAAAAAAAAAAAAAAAAAAAAAAAAAAAAAAAAAAAAAAAAAAAAAAAAAAAAAAAAAAAAAAAAAAAAAAAAAAAAAAAAAAAAAAAAAAAAAAAAAAAAAAAAAAAAAAAAAAAAAAAAAAAAAAAAAAAAAAAAAAAAAAAAAAAAAAAAAAAAAAAAAAAAAAAAAAAAAAAAAAAAAAAAAAAAAAAAAAAAAAAAAAAAAAAAAAAAAAAAAAAAAAAAAAAAAAAAAAAAAAAAAAAAAAAAAAAAAAAAAAAAAAAAAAAAAAAAAAAAAAAAAAAAAAAAAAAAAAAAAAAAAAAAAAAAAAAAAAAAAAAAAAAAAAAAAAAAAAAAAAAAAAAAAAAAAAAAAAAAAAAAAAAAAAAAAAAAAAAAAAAAAAAAAAAAAAAAAAAAAAAAAAAAAAAAAAAAAAAAAAAAAAAAAAAAAAAAAAAAAAAAAAAAAAAAAAAAAAAAAAAAAAAAAAAAAAAAAAAAAAAAAAAAAAAAAAAAAAAAAAAAAAAAAAAAAAAAAAAAAAAAAAAAAAAAAAAAAAAAAAAAAAAAAAAAAAAAAAAAAAAAAAAAAAAAAAAAAAAAAAAAAAAAAAAAAAAAAAAAAAAAAAAAAAAAAAAAAAAAAAAAAAAAAAAAAAAAAAAAAAAAAAAAAAAAAAAAAAAAAAAAAAAAAAAAAAAAAAAAAAAAAAAAAAAAAAAAAAAAAAAAAAAAAAAAAAAAAAAAAAAAAAAAAAAAAAAAAAAAAAAAAAAAAAAAAAAAAAAAAAAAAAAAAAAAAAAAAAAAAAAAAAAAAAAAAAAAAAAAAAAAAAAAAAAAAAAAAAAAAAAAAAAAAAAAAAAAAAAAAAAAAAAAAAAAAAAAAAAAAAAAAAAAAAAAAAAAAAAAAAAAAAAAAAAAAAAAAAAAAAAAAAAAAAAAAAAAAAAAAAAAAAAAAAAAAAAAAAAAAAAAAAAAAAAAAAAAAAAAAAAAAAAAAAAAAAAAAAAAAAAAAAAAAAAAAAAAAAAAAAAAAAAAAAAAAAAAAAAAAAAAAAAAAAAAAAAAAAAAAAAAAAAAAAAAAAAAAAAAAAAAAAAAAAAAAAAAAAAAAAAAAAAAAAAAAAAAAAAAAAAAAAAAAAAAAAAAAAAAAAAAAAAAAAAAAAAAAAAAAAAAAAAAAAAAAAAAAAAAAAAAAAAAAAAAAAAAAAAAAAAAAAAAAAAAAAAAAAAAAAAAAAAAAAAAAAAAAAAAAAAAAAAAAAAAAAAAAAAAAAAAAAAAAAAAAAAAAAAAAAAAAAAAAAAAAAAAAAAAAAAAAAAAAAAAAAAAAAAAAAAAAAAAAAAAAAAAAAAAAAAAAAAAAAAAAAAAAAAAAAAAAAAAAAAAAAAAAAAAAAAAAAAAAAAAAAAAAAAAAAAAAAAAAAAAAAAAAAAAAAAAAAAAAAAAAAAAAAAAAAAAAAAAAAAAAAAAAAAAAAAAAAAAAAAAAAAAAAAAAAAAAAAAAAAAAAAAAAAAAAAAAAAAAAAAAAAAAAAAAAAAAAAAAAAAAAAAAAAAAAAAAAAAAAAAAAAAAAAAAAAAAAAAAAAAAAAAAAAAAAAAAAAAAAAAAAAAAAAAAAAAAAAAAAAAAAAAAAAAAAAAAAAAAAAAAAAAAAAAAAAAAAAAAAAAAAAAAAAAAAAAAAAAAAAAAAAAAAAAAAAAAAAAAAAAAAAAAAAAAAAAAAAAAAAAAAAAAAAAAAAAAAAAAAAAAAAAAAAAAAAAAAAAAAAAAAAAAAAAAAAAAAAAAAAAAAAAAAAAAAAAAAAAAAAAAAAAAAAAAAAAAAAAAAAAAAAAAAAAAAAAAAAAAAAAAAAAAAAAAAAAAAAAAAAAAAAAAAAAAAAAAAAAAAAAAAAAAAAAAAAAAAAAAAAAAAAAAAAAAAAAAAAAAAAAAAAAAAAAAAAAAAAAAAAAAAAAAAAAAAAAAAAAAAAAAAAAAAAAAAAAAAAAAAAAAAAAAAAAAAAAAAAAAAAAAAAAAAAAAAAAAAAAAAAAAAAAAAAAAAAAAAAAAAAAAAAAAAAAAAAAAAAAAAAAAAAAAAAAAAAAAAAAAAAAAAAAAAAAAAAAAAAAAAAAAAAAAAAAAAAAAAAAAAAAAAAAAAAAAAAAAAAAAAAAAAAAAAAAAAAAAAAAAAAAAAAAAAAAAAAAAAAAAAAAAAAAAAAAAAAAAAAAAAAAAAAAAAAAAAAAAAAAAAAAAAAAAAAAAAAAAAAAAAAAAAAAAAAAAAAAAAAAAAAAAAAAAAAAAAAAAAAAAAAAAAAAAAAAAAAAAAAAAAAAAAAAAAAAAAAAAAAAAAAAAAAAAAAAAAAAAAAAAAAAAAAAAAAAAAAAAAAAAAAAAAAAAAAAAAAAAAAAAAAAAAAAAAAAAAAAAAAAAAAAAAAAAAAAAAAAAAAAAAAAAAAAAAAAAAAAAAAAAAAAAAAAAAAAAAAAAAAAAAAAAAAAAAAAAAAAAAAAAAAAAAAAAAAAAAAAAAAAAAAAAAAAAAAAAAAAAAAAAAAAAAAAAAAAAAAAAAAAAAAAAAAAAAAAAAAAAAAAAAAAAAAAAAAAAAAAAAAAAAAAAAAAAAAAAAAAAAAAAAAAAAAAAAAAAAAAAAAAAAAAAAAAAAAAAAAAAAAAAAAAAAAAAAAAAAAAAAAAAAAAAAAAAAAAAAAAAAAAAAAAAAAAAAAAAAAAAAAAAAAAAAAAAAAAAAAAAAAAAAAAAAAAAAAAAAAAAAAAAAAAAAAAAAAAAAAAAAAAAAAAAAAAAAAAAAAAAAAAAAAAAAAAAAAAAAAAAAAAAAAAAAAAAAAAAAAAAAAAAAAAAAAAAAAAAAAAAAAAAAAAAAAAAAAAAAAAAAAAAAAAAAAAAAAAAAAAAAAAAAAAAAAAAAAAAAAAAAAAAAAAAAAAAAAAAAAAAAAAAAAAAAAAAAAAAAAAAAAAAAAAAAAAAAAAAAAAAAAAAAAAAAAAAAAAAAAAAAAAAAAAAAAAAAAAAAAAAAAAAAAAAAAAAAAAAAAAAAAAAAAAAAAAAAAAAAAAAAAAAAAAAAAAAAAAAAAAAAAAAAAAAAAAAAAAAAAAAAAAAAAAAAAAAAAAAAAAAAAAAAAAAAAAAAAAAAAAAAAAAAAAAAAAAAAAAAAAAAAAAAAAAAAAAAAAAAAAAAAAAAAAAAAAAAAAAAAAAAAAAAAAAAAAAAAAAAAAAAAAAAAAAAAAAAAAAAAAAAAAAAAAAAAAAAAAAAAAAAAAAAAAAAAAAAAAAAAAAAAAAAAAAAAAAAAAAAAAAAAAAAAAAAAAAAAAAAAAAAAAAAAAAAAAAAAAAAAAAAAAAAAAAAAAAAAAAAAAAAAAAAAAAAAAAAAAAAAAAAAAAAAAAAAAAAAAAAAAAAAAAAAAAAAAAAAAAAAAAAAAAAAAAAAAAAAAAAAAAAAAAAAAAAAAAAAAAAAAAAAAAAAAAAAAAAAAAAAAAAAAAAAAAAAAAAAAAAAAAAAAAAAAAAAAAAAAAAAAAAAAAAAAAAAAAAAAAAAAAAAAAAAAAAAAAAAAAAAAAAAAAAAAAAAAAAAAAAAAAAAAAAAAAAAAAAAAAAAAAAAAAAAAAAAAAAAAAAAAAAAAAAAAAAAAAAAAAAAAAAAAAAAAAAAAAAAAAAAAAAAAAAAAAAAAAAAAAAAAAAAAAAAAAAAAAAAAAAAAAAAAAAAAAAAAAAAAAAAAAAAAAAAAAAAAAAAAAAAAAAAAAAAAAAAAAAAAAAAAAAAAAAAAAAAAAAAAAAAAAAAAAAAAAAAAAAAAAAAAAAAAAAAAAAAAAAAAAAAAAAAAAAAAAAAAAAAAAAAAAAAAAAAAAAAAAAAAAAAAAAAAAAAAAAAAAAAAAAAAAAAAAAAAAAAAAAAAAAAAAAAAAAAAAAAAAAAAAAAAAAAAAAAAAAAAAAAAAAAAAAAAAAAAAAAAAAAAAAAAAAAAAAAAAAAAAAAAAAAAAAAAAAAAAAAAAAAAAAAAAAAAAAAAAAAAAAAAAAAAAAAAAAAAAAAAAAAAAAAAAAAAAAAAAAAAAAAAAAAAAAAAAAAAAAAAAAAAAAAAAAAAAAAAAAAAAAAAAAAAAAAAAAAAAAAAAAAAAAAAAAAAAAAAAAAAAAAAAAAAAAAAAAAAAAAAAAAAAAAAAAAAAAAAAAAAAAAAAAAAAAAAAAAAAAAAAAAAAAAAAAAAAAAAAAAAAAAAAAAAAAAAAAAAAAAAAAAAAAAAAAAAAAAAAAAAAAAAAAAAAAAAAAAAAAAAAAAAAAAAAAAAAAAAAAAAAAAAAAAAAAAAAAAAAAAAAAAAAAAAAAAAAAAAAAAAAAAAAAAAAAAAAAAAAAAAAAAAAAAAAAAAAAAAAAAAAAAAAAAAAAAAAAAAAAAAAAAAAAAAAAAAAAAAAAAAAAAAAAAAAAAAAAAAAAAAAAAAAAAAAAAAAAAAAAAAAAAAAAAAAAAAAAAAAAAAAAAAAAAAAAAAAAAAAAAAAAAAAAAAAAAAAAAAAAAAAAAAAAAAAAAAAAAAAAAAAAAAAAAAAAAAAAAAAAAAAAAAAAAAAAAAAAAAAAAAAAAAAAAAAAAAAAAAAAAAAAAAAAAAAAAAAAAAAAAAAAAAAAAAAAAAAAAAAAAAAAAAAAAAAAAAAAAAAAAAAAAAAAAAAAAAAAAAAAAAAAAAAAAAAAAAAAAAAAAAAAAAAAAAAAAAAAAAAAAAAAAAAAAAAAAAAAAAAAAAAAAAAAAAAAAAAAAAAAAAAAAAAAAAAAAAAAAAAAAAAAAAAAAAAAAAAAAAAAAAAAAAAAAAAAAAAAAAAAAAAAAAAAAAAAAAAAAAAAAAAAAAAAAAAAAAAAAAAAAAAAAAAAAAAAAAAAAAAAAAAAAAAAAAAAAAAAAAAAAAAAAAAAAAAAAAAAAAAAAAAAAAAAAAAAAAAAAAAAAAAAAAAAAAAAAAAAAAAAAAAAAAAAAAAAAAAAAAAAAAAAAAAAAAAAAAAAAAAAAAAAAAAAAAAAAAAAAAAAAAAAAAAAAAAAAAAAAAAAAAAAAAAAAAAAAAAAAAAAAAAAAAAAAAAAAAAAAAAAAAAAAAAAAAAAAAAAAAAAAAAAAAAAAAAAAAAAAAAAAAAAAAAAAAAAAAAAAAAAAAAAAAAAAAAAAAAAAAAAAAAAAAAAAAAAAAAAAAAAAAAAAAAAAAAAAAAAAAAAAAAAAAAAAAAAAAAAAAAAAAAAAAAAAAAAAAAAAAAAAAAAAAAAAAAAAAAAAAAAAAAAAAAAAAAAAAAAAAAAAAAAAAAAAAAAAAAAAAAAAAAAAAAAAAAAAAAAAAAAAAAAAAAAAAAAAAAAAAAAAAAAAAAAAAAAAAAAAAAAAAAAAAAAAAAAAAAAAAAAAAAAAAAAAAAAAAAAAAAAAAAAAAAAAAAAAAAAAAAAAAAAAAAAAAAAAAAAAAAAAAAAAAAAAAAAAAAAAAAAAAAAAAAAAAAAAAAAAAAAAAAAAAAAAAAAAAAAAAAAAAAAAAAAAAAAAAAAAAAAAAAAAAAAAAAAAAAAAAAAAAAAAAAAAAAAAAAAAAAAAAAAAAAAAAAAAAAAAAAAAAAAAAAAAAAAAAAAAAAAAAAAAAAAAAAAAAAAAAAAAAAAAAAAAAAAAAAAAAAAAAAAAAAAAAAAAAAAAAAAAAAAAAAAAAAAAAAAAAAAAAAAAAAAAAAAAAAAAAAAAAAAAAAAAAAAAAAAAAAAAAAAAAAAAAAAAAAAAAAAAAAAAAAAAAAAAAAAAAAAAAAAAAAAAAAAAAAAAAAAAAAAAAAAAAAAAAAAAAAAAAAAAAAAAAAAAAAAAAAAAAAAAAAAAAAAAAAAAAAAAAAAAAAAAAAAAAAAAAAAAAAAAAAAAAAAAAAAAAAAAAAAAAAAAAAAAAAAAAAAAAAAAAAAAAAAAAAAAAAAAAAAAAAAAAAAAAAAAAAAAAAAAAAAAAAAAAAAAAAAAAAAAAAAAAAAAAAAAAAAAAAAAAAAAAAAAAAAAAAAAAAAAAAAAAAAAAAAAAAAAAAAAAAAAAAAAAAAAAAAAAAAAAAAAAAAAAAAAAAAAAAAAAAAAAAAAAAAAAAAAAAAAAAAAAAAAAAAAAAAAAAAAAAAAAAAAAAAAAAAAAAAAAAAAAAAAAAAAAAAAAAAAAAAAAAAAAAAAAAAAAAAAAAAAAAAAAAAAAAAAAAAAAAAAAAAAAAAAAAAAAAAAAAAAAAAAAAAAAAAAAAAAAAAAAAAAAAAAAAAAAAAAAAAAAAAAAAAAAAAAAAAAAAAAAAAAAAAAAAAAAAAAAAAAAAAAAAAAAAAAAAAAAAAAAAAAAAAAAAAAAAAAAAAAAAAAAAAAAAAAAAAAAAAAAAAAAAAAAAAAAAAAAAAAAAAAAAAAAAAAAAAAAAAAAAAAAAAAAAAAAAAAAAAAAAAAAAAAAAAAAAAAAAAAAAAAAAAAAAAAAAAAAAAAAAAAAAAAAAAAAAAAAAAAAAAAAAAAAAAAAAAAAAAAAAAAAAAAAAAAAAAAAAAAAAAAAAAAAAAAAAAAAAAAAAAAAAAAAAAAAAAAAAAAAAAAAAAAAAAAAAAAAAAAAAAAAAAAAAAAAAAAAAAAAAAAAAAAAAAAAAAAAAAAAAAAAAAAAAAAAAAAAAAAAAAAAAAAAAAAAAAAAAAAAAAAAAAAAAAAAAAAAAAAAAAAAAAAAAAAAAAAAAAAAAAAAAAAAAAAAAAAAAAAAAAAAAAAAAAAAAAAAAAAAAAAAAAAAAAAAAAAAAAAAAAAAAAAAAAAAAAAAAAAAAAAAAAAAAAAAAAAAAAAAAAAAAAAAAAAAAAAAAAAAAAAAAAAAAAAAAAAAAAAAAAAAAAAAAAAAAAAAAAAAAAAAAAAAAAAAAAAAAAAAAAAAAAAAAAAAAAAAAAAAAAAAAAAAAAAAAAAAAAAAAAAAAAAAAAAAAAAAAAAAAAAAAAAAAAAAAAAAAAAAAAAAAAAAAAAAAAAAAAAAAAAAAAAAAAAAAAAAAAAAAAAAAAAAAAAAAAAAAAAAAAAAAAAAAAAAAAAAAAAAAAAAAAAAAAAAAAAAAAAAAAAAAAAAAAAAAAAAAAAAAAAAAAAAAAAAAAAAAAAAAAAAAAAAAAAAAAAAAAAAAAAAAAAAAAAAAAAAAAAAAAAAAAAAAAAAAAAAAAAAAAAAAAAAAAAAAAAAAAAAAAAAAAAAAAAAAAAAAAAAAAAAAAAAAAAAAAAAAAAAAAAAAAAAAAAAAAAAAAAAAAAAAAAAAAAAAAAAAAAAAAAAAAAAAAAAAAAAAAAAAAAAAAAAAAAAAAAAAAAAAAAAAAAAAAAAAAAAAAAAAAAAAAAAAAAAAAAAAAAAAAAAAAAAAAAAAAAAAAAAAAAAAAAAAAAAAAAAAAAAAAAAAAAAAAAAAAAAAAAAAAAAAAAAAAAAAAAAAAAAAAAAAAAAAAAAAAAAAAAAAAAAAAAAAAAAAAAAAAAAAAAAAAAAAAAAAAAAAAAAAAAAAAAAAAAAAAAAAAAAAAAAAAAAAAAAAAAAAAAAAAAAAAAAAAAAAAAAAAAAAAAAAAAAAAAAAAAAAAAAAAAAAAAAAAAAAAAAAAAAAAAAAAAAAAAAAAAAAAAAAAAAAAAAAAAAAAAAAAAAAAAAAAAAAAAAAAAAAAAAAAAAAAAAAAAAAAAAAAAAAAAAAAAAAAAAAAAAAAAAAAAAAAAAAAAAAAAAAAAAAAAAAAAAAAAAAAAAAAAAAAAAAAAAAAAAAAAAAAAAAAAAAAAAAAAAAAAAAAAAAAAAAAAAAAAAAAAAAAAAAAAAAAAAAAAAAAAAAAAAAAAAAAAAAAAAAAAAAAAAAAAAAAAAAAAAAAAAAAAAAAAAAAAAAAAAAAAAAAAAAAAAAAAAAAAAAAAAAAAAAAAAAAAAAAAAAAAAAAAAAAAAAAAAAAAAAAAAAAAAAAAAAAAAAAAAAAAAAAAAAAAAAAAAAAAAAAAAAAAAAAAAAAAAAAAAAAAAAAAAAAAAAAAAAAAAAAAAAAAAAAAAAAAAAAAAAAAAAAAAAAAAAAAAAAAAAAAAAAAAAAAAAAAAAAAAAAAAAAAAAAAAAAAAAAAAAAAAAAAAAAAAAAAAAAAAAAAAAAAAAAAAAAAAAAAAAAAAAAAAAAAAAAAAAAAAAAAAAAAAAAAAAAAAAAAAAAAAAAAAAAAAAAAAAAAAAAAAAAAAAAAAAAAAAAAAAAAAAAAAAAAAAAAAAAAAAAAAAAAAAAAAAAAAAAAAAAAAAAAAAAAAAAAAAAAAAAAAAAAAAAAAAAAAAAAAAAAAAAAAAAAAAAAAAAAAAAAAAAAAAAAAAAAAAAAAAAAAAAAAAAAAAAAAAAAAAAAAAAAAAAAAAAAAAAAAAAAAAAAAAAAAAAAAAAAAAAAAAAAAAAAAAAAAAAAAAAAAAAAAAAAAAAAAAAAAAAAAAAAAAAAAAAAAAAAAAAAAAAAAAAAAAAAAAAAAAAAAAAAAAAAAAAAAAAAAAAAAAAAAAAAAAAAAAAAAAAAAAAAAAAAAAAAAAAAAAAAAAAAAAAAAAAAAAAAAAAAAAAAAAAAAAAAAAAAAAAAAAAAAAAAAAAAAAAAAAAAAAAAAAAAAAAAAAAAAAAAAAAAAAAAAAAAAAAAAAAAAAAAAAAAAAAAAAAAAAAAAAAAAAAAAAAAAAAAAAAAAAAAAAAAAAAAAAAAAAAAAAAAAAAAAAAAAAAAAAAAAAAAAAAAAAAAAAAAAAAAAAAAAAAAAAAAAAAAAAAAAAAAAAAAAAAAAAAAAAAAAAAAAAAAAAAAAAAAAAAAAAAAAAAAAAAAAAAAAAAAAAAAAAAAAAAAAAAAAAAAAAAAAAAAAAAAAAAAAAAAAAAAAAAAAAAAAAAAAAAAAAAAAAAAAAAAAAAAAAAAAAAAAAAAAAAAAAAAAAAAAAAAAAAAAAAAAAAAAAAAAAAAAAAAAAAAAAAAAAAAAAAAAAAAAAAAAAAAAAAAAAAAAAAAAAAAAAAAAAAAAAAAAAAAAAAAAAAAAAAAAAAAAAAAAAAAAAAAAAAAAAAAAAAAAAAAAAAAAAAAAAAAAAAAAAAAAAAAAAAAAAAAAAAAAAAAAAAAAAAAAAAAAAAAAAAAAAAAAAAAAAAAAAAAAAAAAAAAAAAAAAAAAAAAAAAAAAAAAAAAAAAAAAAAAAAAAAAAAAAAAAAAAAAAAAAAAAAAAAAAAAAAAAAAAAAAAAAAAAAAAAAAAAAAAAAAAAAAAAAAAAAAAAAAAAAAAAAAAAAAAAAAAAAAAAAAAAAAAAAAAAAAAAAAAAAAAAAAAAAAAAAAAAAAAAAAAAAAAAAAAAAAAAAAAAAAAAAAAAAAAAAAAAAAAAAAAAAAAAAAAAAAAAAAAAAAAAAAAAAAAAAAAAAAAAAAAAAAAAAAAAAAAAAAAAAAAAAAAAAAAAAAAAAAAAAAAAAAAAAAAAAAAAAAAAAAAAAAAAAAAAAAAAAAAAAAAAAAAAAAAAAAAAAAAAAAAAAAAAAAAAAAAAAAAAAAAAAAAAAAAAAAAAAAAAAAAAAAAAAAAAAAAAAAAAAAAAAAAAAAAAAAAAAAAAAAAAAAAAAAAAAAAAAAAAAAAAAAAAAAAAAAAAAAAAAAAAAAAAAAAAAAAAAAAAAAAAAAAAAAAAAAAAAAAAAAAAAAAAAAAAAAAAAAAAAAAAAAAAAAAAAAAAAAAAAAAAAAAAAAAAAAAAAAAAAAAAAAAAAAAAAAAAAAAAAAAAAAAAAAAAAAAAAAAAAAAAAAAAAAAAAAAAAAAAAAAAAAAAAAAAAAAAAAAAAAAAAAAAAAAAAAAAAAAAAAAAAAAAAAAAAAAAAAAAAAAAAAAAAAAAAAAAAAAAAAAAAAAAAAAAAAAAAAAAAAAAAAAAAAAAAAAAAAAAAAAAAAAAAAAAAAAAAAAAAAAAAAAAAAAAAAAAAAAAAAAAAAAAAAAAAAAAAAAAAAAAAAAAAAAAAAAAAAAAAAAAAAAAAAAAAAAAAAAAAAAAAAAAAAAAAAAAAAAAAAAAAAAAAAAAAAAAAAAAAAAAAAAAAAAAAAAAAAAAAAAAAAAAAAAAAAAAAAAAAAAAAAAAAAAAAAAAAAAAAAAAAAAAAAAAAAAAAAAAAAAAAAAAAAAAAAAAAAAAAAAAAAAAAAAAAAAAAAAAAAAAAAAAAAAAAAAAAAAAAAAAAAAAAAAAAAAAAAAAAAAAAAAAAAAAAAAAAAAAAAAAAAAAAAAAAAAAAAAAAAAAAAAAAAAAAAAAAAAAAAAAAAAAAAAAAAAAAAAAAAAAAAAAAAAAAAAAAAAAAAAAAAAAAAAAAAAAAAAAAAAAAAAAAAAAAAAAAAAAAAAAAAAAAAAAAAAAAAAAAAAAAAAAAAAAAAAAAAAAAAAAAAAAAAAAAAAAAAAAAAAAAAAAAAAAAAAAAAAAAAAAAAAAAAAAAAAAAAAAAAAAAAAAAAAAAAAAAAAAAAAAAAAAAAAAAAAAAAAAAAAAAAAAAAAAAAAAAAAAAAAAAAAAAAAAAAAAAAAAAAAAAAAAAAAAAAAAAAAAAAAAAAAAAAAAAAAAAAAAAAAAAAAAAAAAAAAAAAAAAAAAAAAAAAAAAAAAAAAAAAAAAAAAAAAAAAAAAAAAAAAAAAAAAAAAAAAAAAAAAAAAAAAAAAAAAAAAAAAAAAAAAAAAAAAAAAAAAAAAAAAAAAAAAAAAAAAAAAAAAAAAAAAAAAAAAAAAAAAAAAAAAAAAAAAAAAAAAAAAAAAAAAAAAAAAAAAAAAAAAAAAAAAAAAAAAAAAAAAAAAAAAAAAAAAAAAAAAAAAAAAAAAAAAAAAAAAAAAAAAAAAAAAAAAAAAAAAAAAAAAAAAAAAAAAAAAAAAAAAAAAAAAAAAAAAAAAAAAAAAAAAAAAAAAAAAAAAAAAAAAAAAAAAAAAAAAAAAAAAAAAAAAAAAAAAAAAAAAAAAAAAAAAAAAAAAAAAAAAAAAAAAAAAAAAAAAAAAAAAAAAAAAAAAAAAAAAAAAAAAAAAAAAAAAAAAAAAAAAAAAAAAAAAAAAAAAAAAAAAAAAAAAAAAAAAAAAAAAAAAAAAAAAAAAAAAAAAAAAAAAAAAAAAAAAAAAAAAAAAAAAAAAAAAAAAAAAAAAAAAAAAAAAAAAAAAAAAAAAAAAAAAAAAAAAAAAAAAAAAAAAAAAAAAAAAAAAAAAAAAAAAAAAAAAAAAAAAAAAAAAAAAAAAAAAAAAAAAAAAAAAAAAAAAAAAAAAAAAAAAAAAAAAAAAAAAAAAAAAAAAAAAAAAAAAAAAAAAAAAAAAAAAAAAAAAAAAAAAAAAAAAAAAAAAAAAAAAAAAAAAAAAAAAAAAAAAAAAAAAAAAAAAAAAAAAAAAAAAAAAAAAAAAAAAAAAAAAAAAAAAAAAAAAAAAAAAAAAAAAAAAAAAAAAAAAAAAAAAAAAAAAAAAAAAAAAAAAAAAAAAAAAAAAAAAAAAAAAAAAAAAAAAAAAAAAAAAAAAAAAAAAAAAAAAAAAAAAAAAAAAAAAAAAAAAAAAAAAAAAAAAAAAAAAAAAAAAAAAAAAAAAAAAAAAAAAAAAAAAAAAAAAAAAAAAAAAAAAAAAAAAAAAAAAAAAAAAAAAAAAAAAAAAAAAAAAAAAAAAAAAAAAAAAAAAAAAAAAAAAAAAAAAAAAAAAAAAAAAAAAAAAAAAAAAAAAAAAAAAAAAAAAAAAAAAAAAAAAAAAAAAAAAAAAAAAAAAAAAAAAAAAAAAAAAAAAAAAAAAAAAAAAAAAAAAAAAAAAAAAAAAAAAAAAAAAAAAAAAAAAAAAAAAAAAAAAAAAAAAAAAAAAAAAAAAAAAAAAAAAAAAAAAAAAAAAAAAAAAAAAAAAAAAAAAAAAAAAAAAAAAAAAAAAAAAAAAAAAAAAAAAAAAAAAAAAAAAAAAAAAAAAAAAAAAAAAAAAAAAAAAAAAAAAAAAAAAAAAAAAAAAAAAAAAAAAAAAAAAAAAAAAAAAAAAAAAAAAAAAAAAAAAAAAAAAAAAAAAAAAAAAAAAAAAAAAAAAAAAAAAAAAAAAAAAAAAAAAAAAAAAAAAAAAAAAAAAAAAAAAAAAAAAAAAAAAAAAAAAAAAAAAAAAAAAAAAAAAAAAAAAAAAAAAAAAAAAAAAAAAAAAAAAAAAAAAAAAAAAAAAAAAAAAAAAAAAAAAAAAAAAAAAAAAAAAAAAAAAAAAAAAAAAAAAAAAAAAAAAAAAAAAAAAAAAAAAAAAAAAAAAAAAAAAAAAAAAAAAAAAAAAAAAAAAAAAAAAAAAAAAAAAAAAAAAAAAAAAAAAAAAAAAAAAAAAAAAAAAAAAAAAAAAAAAAAAAAAAAAAAAAAAAAAAAAAAAAAAAAAAAAAAAAAAAAAAAAAAAAAAAAAAAAAAAAAAAAAAAAAAAAAAAAAAAAAAAAAAAAAAAAAAAAAAAAAAAAAAAAAAAAAAAAAAAAAAAAAAAAAAAAAAAAAAAAAAAAAAAAAAAAAAAAAAAAAAAAAAAAAAAAAAAAAAAAAAAAAAAAAAAAAAAAAAAAAAAAAAAAAAAAAAAAAAAAAAAAAAAAAAAAAAAAAAAAAAAAAAAAAAAAAAAAAAAAAAAAAAAAAAAAAAAAAAAAAAAAAAAAAAAAAAAAAAAAAAAAAAAAAAAAAAAAAAAAAAAAAAAAAAAAAAAAAAAAAAAAAAAAAAAAAAAAAAAAAAAAAAAAAAAAAAAAAAAAAAAAAAAAAAAAAAAAAAAAAAAAAAAAAAAAAAAAAAAAAAAAAAAAAAAAAAAAAAAAAAAAAAAAAAAAAAAAAAAAAAAAAAAAAAAAAAAAAAAAAAAAAAAAAAAAAAAAAAAAAAAAAAAAAAAAAAAAAAAAAAAAAAAAAAAAAAAAAAAAAAAAAAAAAAAAAAAAAAAAAAAAAAAAAAAAAAAAAAAAAAAAAAAAAAAAAAAAAAAAAAAAAAAAAAAAAAAAAAAAAAAAAAAAAAAAAAAAAAAAAAAAAAAAAAAAAAAAAAAAAAAAAAAAAAAAAAAAAAAAAAAAAAAAAAAAAAAAAAAAAAAAAAAAAAAAAAAAAAAAAAAAAAAAAAAAAAAAAAAAAAAAAAAAAAAAAAAAAAAAAAAAAAAAAAAAAAAAAAAAAAAAAAAAAAAAAAAAAAAAAAAAAAAAAAAAAAAAAAAAAAAAAAAAAAAAAAAAAAAAAAAAAAAAAAAAAAAAAAAAAAAAAAAAAAAAAAAAAAAAAAAAAAAAAAAAAAAAAAAAAAAAAAAAAAAAAAAAAAAAAAAAAAAAAAAAAAAAAAAAAAAAAAAAAAAAAAAAAAAAAAAAAAAAAAAAAAAAAAAAAAAAAAAAAAAAAAAAAAAAAAAAAAAAAAAAAAAAAAAAAAAAAAAAAAAAAAAAAAAAAAAAAAAAAAAAAAAAAAAAAAAAAAAAAAAAAAAAAAAAAAAAAAAAAAAAAAAAAAAAAAAAAAAAAAAAAAAAAAAAAAAAAAAAAAAAAAAAAAAAAAAAAAAAAAAAAAAAAAAAAAAAAAAAAAAAAAAAAAAAAAAAAAAAAAAAAAAAAAAAAAAAAAAAAAAAAAAAAAAAAAAAAAAAAAAAAAAAAAAAAAAAAAAAAAAAAAAAAAAAAAAAAAAAAAAAAAAAAAAAAAAAAAAAAAAAAAAAAAAAAAAAAAAAAAAAAAAAAAAAAAAAAAAAAAAAAAAAAAAAAAAAAAAAAAAAAAAAAAAAAAAAAAAAAAAAAAAAAAAAAAAAAAAAAAAAAAAAAAAAAAAAAAAAAAAAAAAAAAAAAAAAAAAAAAAAAAAAAAAAAAAAAAAAAAAAAAAAAAAAAAAAAAAAAAAAAAAAAAAAAAAAAAAAAAAAAAAAAAAAAAAAAAAAAAAAAAAAAAAAAAAAAAAAAAAAAAAAAAAAAAAAAAAAAAAAAAAAAAAAAAAAAAAAAAAAAAAAAAAAAAAAAAAAAAAAAAAAAAAAAAAAAAAAAAAAAAAAAAAAAAAAAAAAAAAAAAAAAAAAAAAAAAAAAAAAAAAAAAAAAAAAAAAAAAAAAAAAAAAAAAAAAAAAAAAAAAAAAAAAAAAAAAAAAAAAAAAAAAAAAAAAAAAAAAAAAAAAAAAAAAAAAAAAAAAAAAAAAAAAAAAAAAAAAAAAAAAAAAAAAAAAAAAAAAAAAAAAAAAAAAAAAAAAAAAAAAAAAAAAAAAAAAAAAAAAAAAAAAAAAAAAAAAAAAAAAAAAAAAAAAAAAAAAAAAAAAAAAAAAAAAAAAAAAAAAAAAAAAAAAAAAAAAAAAAAAAAAAAAAAAAAAAAAAAAAAAAAAAAAAAAAAAAAAAAAAAAAAAAAAAAAAAAAAAAAAAAAAAAAAAAAAAAAAAAAAAAAAAAAAAAAAAAAAAAAAAAAAAAAAAAAAAAAAAAAAAAAAAAAAAAAAAAAAAAAAAAAAAAAAAAAAAAAAAAAAAAAAAAAAAAAAAAAAAAAAAAAAAAAAAAAAAAAAAAAAAAAAAAAAAAAAAAAAAAAAAAAAAAAAAAAAAAAAAAAAAAAAAAAAAAAAAAAAAAAAAAAAAAAAAAAAAAAAAAAAAAAAAAAAAAAAAAAAAAAAAAAAAAAAAAAAAAAAAAAAAAAAAAAAAAAAAAAAAAAAAAAAAAAAAAAAAAAAAAAAAAAAAAAAAAAAAAAAAAAAAAAAAAAAAAAAAAAAAAAAAAAAAAAAAAAAAAAAAAAAAAAAAAAAAAAAAAAAAAAAAAAAAAAAAAAAAAAAAAAAAAAAAAAAAAAAAAAAAAAAAAAAAAAAAAAAAAAAAAAAAAAAAAAAAAAAAAAAAAAAAAAAAAAAAAAAAAAAAAAAAAAAAAAAAAAAAAAAAAAAAAAAAAAAAAAAAAAAAAAAAAAAAAAAAAAAAAAAAAAAAAAAAAAAAAAAAAAAAAAAAAAAAAAAAAAAAAAAAAAAAAAAAAAAAAAAAAAAAAAAAAAAAAAAAAAAAAAAAAAAAAAAAAAAAAAAAAAAAAAAAAAAAAAAAAAAAAAAAAAAAAAAAAAAAAAAAAAAAAAAAAAAAAAAAAAAAAAAAAAAAAAAAAAAAAAAAAAAAAAAAAAAAAAAAAAAAAAAAAAAAAAAAAAAAAAAAAAAAAAAAAAAAAAAAAAAAAAAAAAAAAAAAAAAAAAAAAAAAAAAAAAAAAAAAAAAAAAAAAAAAAAAAAAAAAAAAAAAAAAAAAAAAAAAAAAAAAAAAAAAAAAAAAAAAAAAAAAAAAAAAAAAAAAAAAAAAAAAAAAAAAAAAAAAAAAAAAAAAAAAAAAAAAAAAAAAAAAAAAAAAAAAAAAAAAAAAAAAAAAAAAAAAAAAAAAAAAAAAAAAAAAAAAAAAAAAAAAAAAAAAAAAAAAAAAAAAAAAAAAAAAAAAAAAAAAAAAAAAAAAAAAAAAAAAAAAAAAAAAAAAAAAAAAAAAAAAAAAAAAAAAAAAAAAAAAAAAAAAAAAAAAAAAAAAAAAAAAAAAAAAAAAAAAAAAAAAAAAAAAAAAAAAAAAAAAAAAAAAAAAAAAAAAAAAAAAAAAAAAAAAAAAAAAAAAAAAAAAAAAAAAAAAAAAAAAAAAAAAAAAAAAAAAAAAAAAAAAAAAAAAAAAAAAAAAAAAAAAAAAAAAAAAAAAAAAAAAAAAAAAAAAAAAAAAAAAAAAAAAAAAAAAAAAAAAAAAAAAAAAAAAAAAAAAAAAAAAAAAAAAAAAAAAAAAAAAAAAAAAAAAAAAAAAAAAAAAAAAAAAAAAAAAAAAAAAAAAAAAAAAAAAAAAAAAAAAAAAAAAAAAAAAAAAAAAAAAAAAAAAAAAAAAAAAAAAAAAAAAAAAAAAAAAAAAAAAAAAAAAAAAAAAAAAAAAAAAAAAAAAAAAAAAAAAAAAAAAAAAAAAAAAAAAAAAAAAAAAAAAAAAAAAAAAAAAAAAAAAAAAAAAAAAAAAAAAAAAAAAAAAAAAAAAAAAAAAAAAAAAAAAAAAAAAAAAAAAAAAAAAAAAAAAAAAAAAAAAAAAAAAAAAAAAAAAAAAAAAAAAAAAAAAAAAAAAAAAAAAAAAAAAAAAAAAAAAAAAAAAAAAAAAAAAAAAAAAAAAAAAAAAAAAAAAAAAAAAAAAAAAAAAAAAAAAAAAAAAAAAAAAAAAAAAAAAAAAAAAAAAAAAAAAAAAAAAAAAAAAAAAAAAAAAAAAAAAAAAAAAAAAAAAAAAAAAAAAAAAAAAAAAAAAAAAAAAAAAAAAAAAAAAAAAAAAAAAAAAAAAAAAAAAAAAAAAAAAAAAAAAAAAAAAAAAAAAAAAAAAAAAAAAAAAAAAAAAAAAAAAAAAAAAAAAAAAAAAAAAAAAAAAAAAAAAAAAAAAAAAAAAAAAAAAAAAAAAAAAAAAAAAAAAAAAAAAAAAAAAAAAAAAAAAAAAAAAAAAAAAAAAAAAAAAAAAAAAAAAAAAAAAAAAAAAAAAAAAAAAAAAAAAAAAAAAAAAAAAAAAAAAAAAAAAAAAAAAAAAAAAAAAAAAAAAAAAAAAAAAAAAAAAAAAAAAAAAAAAAAAAAAAAAAAAAAAAAAAAAAAAAAAAAAAAAAAAAAAAAAAAAAAAAAAAAAAAAAAAAAAAAAAAAAAAAAAAAAAAAAAAAAAAAAAAAAAAAAAAAAAAAAAAAAAAAAAAAAAAAAAAAAAAAAAAAAAAAAAAAAAAAAAAAAAAAAAAAAAAAAAAAAAAAAAAAAAAAAAAAAAAAAAAAAAAAAAAAAAAAAAAAAAAAAAAAAAAAAAAAAAAAAAAAAAAAAAAAAAAAAAAAAAAAAAAAAAAAAAAAAAAAAAAAAAAAAAAAAAAAAAAAAAAAAAAAAAAAAAAAAAAAAAAAAAAAAAAAAAAAAAAAAAAAAAAAAAAAAAAAAAAAAAAAAAAAAAAAAAAAAAAAAAAAAAAAAAAAAAAAAAAAAAAAAAAAAAAAAAAAAAAAAAAAAAAAAAAAAAAAAAAAAAAAAAAAAAAAAAAAAAAAAAAAAAAAAAAAAAAAAAAAAAAAAAAAAAAAAAAAAAAAAAAAAAAAAAAAAAAAAAAAAAAAAAAAAAAAAAAAAAAAAAAAAAAAAAAAAAAAAAAAAAAAAAAAAAAAAAAAAAAAAAAAAAAAAAAAAAAAAAAAAAAAAAAAAAAAAAAAAAAAAAAAAAAAAAAAAAAAAAAAAAAAAAAAAAAAAAAAAAAAAAAAAAAAAAAAAAAAAAAAAAAAAAAAAAAAAAAAAAAAAAAAAAAAAAAAAAAAAAAAAAAAAAAAAAAAAAAAAAAAAAAAAAAAAAAAAAAAAAAAAAAAAAAAAAAAAAAAAAAAAAAAAAAAAAAAAAAAAAAAAAAAAAAAAAAAAAAAAAAAAAAAAAAAAAAAAAAAAAAAAAAAAAAAAAAAAAAAAAAAAAAAAAAAAAAAAAAAAAAAAAAAAAAAAAAAAAAAAAAAAAAAAAAAAAAAAAAAAAAAAAAAAAAAAAAAAAAAAAAAAAAAAAAAAAAAAAAAAAAAAAAAAAAAAAAAAAAAAAAAAAAAAAAAAAAAAAAAAAAAAAAAAAAAAAAAAAAAAAAAAAAAAAAAAAAAAAAAAAAAAAAAAAAAAAAAAAAAAAAAAAAAAAAAAAAAAAAAAAAAAAAAAAAAAAAAAAAAAAAAAAAAAAAAAAAAAAAAAAAAAAAAAAAAAAAAAAAAAAAAAAAAAAAAAAAAAAAAAAAAAAAAAAAAAAAAAAAAAAAAAAAAAAAAAAAAAAAAAAAAAAAAAAAAAAAAAAAAAAAAAAAAAAAAAAAAAAAAAAAAAAAAAAAAAAAAAAAAAAAAAAAAAAAAAAAAAAAAAAAAAAAAAAAAAAAAAAAAAAAAAAAAAAAAAAAAAAAAAAAAAAAAAAAAAAAAAAAAAAAAAAAAAAAAAAAAAAAAAAAAAAAAAAAAAAAAAAAAAAAAAAAAAAAAAAAAAAAAAAAAAAAAAAAAAAAAAAAAAAAAAAAAAAAAAAAAAAAAAAAAAAAAAAAAAAAAAAAAAAAAAAAAAAAAAAAAAAAAAAAAAAAAAAAAAAAAAAAAAAAAAAAAAAAAAAAAAAAAAAAAAAAAAAAAAAAAAAAAAAAAAAAAAAAAAAAAAAAAAAAAAAAAAAAAAAAAAAAAAAAAAAAAAAAAAAAAAAAAAAAAAAAAAAAAAAAAAAAAAAAAAAAAAAAAAAAAAAAAAAAAAAAAAAAAAAAAAAAAAAAAAAAAAAAAAAAAAAAAAAAAAAAAAAAAAAAAAAAAAAAAAAAAAAAAAAAAAAAAAAAAAAAAAAAAAAAAAAAAAAAAAAAAAAAAAAAAAAAAAAAAAAAAAAAAAAAAAAAAAAAAAAAAAAAAAAAAAAAAAAAAAAAAAAAAAAAAAAAAAAAAAAAAAAAAAAAAAAAAAAAAAAAAAAAAAAAAAAAAAAAAAAAAAAAAAAAAAAAAAAAAAAAAAAAAAAAAAAAAAAAAAAAAAAAAAAAAAAAAAAAAAAAAAAAAAAAAAAAAAAAAAAAAAAAAAAAAAAAAAAAAAAAAAAAAAAAAAAAAAAAAAAAAAAAAAAAAAAAAAAAAAAAAAAAAAAAAAAAAAAAAAAAAAAAAAAAAAAAAAAAAAAAAAAAAAAAAAAAAAAAAAAAAAAAAAAAAAAAAAAAAAAAAAAAAAAAAAAAAAAAAAAAAAAAAAAAAAAAAAAAAAAAAAAAAAAAAAAAAAAAAAAAAAAAAAAAAAAAAAAAAAAAAAAAAAAAAAAAAAAAAAAAAAAAAAAAAAAAAAAAAAAAAAAAAAAAAAAAAAAAAAAAAAAAAAAAAAAAAAAAAAAAAAAAAAAAAAAAAAAAAAAAAAAAAAAAAAAAAAAAAAAAAAAAAAAAAAAAAAAAAAAAAAAAAAAAAAAAAAAAAAAAAAAAAAAAAAAAAAAAAAAAAAAAAAAAAAAAAAAAAAAAAAAAAAAAAAAAAAAAAAAAAAAAAAAAAAAAAAAAAAAAAAAAAAAAAAAAAAAAAAAAAAAAAAAAAAAAAAAAAAAAAAAAAAAAAAAAAAAAAAAAAAAAAAAAAAAAAAAAAAAAAAAAAAAAAAAAAAAAAAAAAAAAAAAAAAAAAAAAAAAAAAAAAAAAAAAAAAAAAAAAAAAAAAAAAAAAAAAAAAAAAAAAAAAAAAAAAAAAAAAAAAAAAAAAAAAAAAAAAAAAAAAAAAAAAAAAAAAAAAAAAAAAAAAAAAAAAAAAAAAAAAAAAAAAAAAAAAAAAAAAAAAAAAAAAAAAAAAAAAAAAAAAAAAAAAAAAAAAAAAAAAAAAAAAAAAAAAAAAAAAAAAAAAAAAAAAAAAAAAAAAAAAAAAAAAAAAAAAAAAAAAAAAAAAAAAAAAAAAAAAAAAAAAAAAAAAAAAAAAAAAAAAAAAAAAAAAAAAAAAAAAAAAAAAAAAAAAAAAAAAAAAAAAAAAAAAAAAAAAAAAAAAAAAAAAAAAAAAAAAAAAAAAAAAAAAAAAAAAAAAAAAAAAAAAAAAAAAAAAAAAAAAAAAAAAAAAAAAAAAAAAAAAAAAAAAAAAAAAAAAAAAAAAAAAAAAAAAAAAAAAAAAAAAAAAAAAAAAAAAAAAAAAAAAAAAAAAAAAAAAAAAAAAAAAAAAAAAAAAAAAAAAAAAAAAAAAAAAAAAAAAAAAAAAAAAAAAAAAAAAAAAAAAAAAAAAAAAAAAAAAAAAAAAAAAAAAAAAAAAAAAAAAAAAAAAAAAAAAAAAAAAAAAAAAAAAAAAAAAAAAAAAAAAAAAAAAAAAAAAAAAAAAAAAAAAAAAAAAAAAAAAAAAAAAAAAAAAAAAAAAAAAAAAAAAAAAAAAAAAAAAAAAAAAAAAAAAAAAAAAAAAAAAAAAAAAAAAAAAAAAAAAAAAAAAAAAAAAAAAAAAAAAAAAAAAAAAAAAAAAAAAAAAAAAAAAAAAAAAAAAAAAAAAAAAAAAAAAAAAAAAAAAAAAAAAAAAAAAAAAAAAAAAAAAAAAAAAAAAAAAAAAAAAAAAAAAAAAAAAAAAAAAAAAAAAAAAAAAAAAAAAAAAAAAAAAAAAAAAAAAAAAAAAAAAAAAAAAAAAAAAAAAAAAAAAAAAAAAAAAAAAAAAAAAAAAAAAAAAAAAAAAAAAAAAAAAAAAAAAAAAAAAAAAAAAAAAAAAAAAAAAAAAAAAAAAAAAAAAAAAAAAAAAAAAAAAAAAAAAAAAAAAAAAAAAAAAAAAAAAAAAAAAAAAAAAAAAAAAAAAAAAAAAAAAAAAAAAAAAAAAAAAAAAAAAAAAAAAAAAAAAAAAAAAAAAAAAAAAAAAAAAAAAAAAAAAAAAAAAAAAAAAAAAAAAAAAAAAAAAAAAAAAAAAAAAAAAAAAAAAAAAAAAAAAAAAAAAAAAAAAAAAAAAAAAAAAAAAAAAAAAAAAAAAAAAAAAAAAAAAAAAAAAAAAAAAAAAAAAAAAAAAAAAAAAAAAAAAAAAAAAAAAAAAAAAAAAAAAAAAAAAAAAAAAAAAAAAAAAAAAAAAAAAAAAAAAAAAAAAAAAAAAAAAAAAAAAAAAAAAAAAAAAAAAAAAAAAAAAAAAAAAAAAAAAAAAAAAAAAAAAAAAAAAAAAAAAAAAAAAAAAAAAAAAAAAAAAAAAAAAAAAAAAAAAAAAAAAAAAAAAAAAAAAAAAAAAAAAAAAAAAAAAAAAAAAAAAAAAAAAAAAAAAAAAAAAAAAAAAAAAAAAAAAAAAAAAAAAAAAAAAAAAAAAAAAAAAAAAAAAAAAAAAAAAAAAAAAAAAAAAAAAAAAAAAAAAAAAAAAAAAAAAAAAAAAAAAAAAAAAAAAAAAAAAAAAAAAAAAAAAAAAAAAAAAAAAAAAAAAAAAAAAAAAAAAAAAAAAAAAAAAAAAAAAAAAAAAAAAAAAAAAAAAAAAAAAAAAAAAAAAAAAAAAAAAAAAAAAAAAAAAAAAAAAAAAAAAAAAAAAAAAAAAAAAAAAAAAAAAAAAAAAAAAAAAAAAAAAAAAAAAAAAAAAAAAAAAAAAAAAAAAAAAAAAAAAAAAAAAAAAAAAAAAAAAAAAAAAAAAAAAAAAAAAAAAAAAAAAAAAAAAAAAAAAAAAAAAAAAAAAAAAAAAAAAAAAAAAAAAAAAAAAAAAAAAAAAAAAAAAAAAAAAAAAAAAAAAAAAAAAAAAAAAAAAAAAAAAAAAAAAAAAAAAAAAAAAAAAAAAAAAAAAAAAAAAAAAAAAAAAAAAAAAAAAAAAAAAAAAAAAAAAAAAAAAAAAAAAAAAAAAAAAAAAAAAAAAAAAAAAAAAAAAAAAAAAAAAAAAAAAAAAAAAAAAAAAAAAAAAAAAAAAAAAAAAAAAAAAAAAAAAAAAAAAAAAAAAAAAAAAAAAAAAAAAAAAAAAAAAAAAAAAAAAAAAAAAAAAAAAAAAAAAAAAAAAAAAAAAAAAAAAAAAAAAAAAAAAAAAAAAAAAAAAAAAAAAAAAAAAAAAAAAAAAAAAAAAAAAAAAAAAAAAAAAAAAAAAAAAAAAAAAAAAAAAAAAAAAAAAAAAAAAAAAAAAAAAAAAAAAAAAAAAAAAAAAAAAAAAAAAAAAAAAAAAAAAAAAAAAAAAAAAAAAAAAAAAAAAAAAAAAAAAAAAAAAAAAAAAAAAAAAAAAAAAAAAAAAAAAAAAAAAAAAAAAAAAAAAAAAAAAAAAAAAAAAAAAAAAAAAAAAAAAAAAAAAAAAAAAAAAAAAAAAAAAAAAAAAAAAAAAAAAAAAAAAAAAAAAAAAAAAAAAAAAAAAAAAAAAAAAAAAAAAAAAAAAAAAAAAAAAAAAAAAAAAAAAAAAAAAAAAAAAAAAAAAAAAAAAAAAAAAAAAAAAAAAAAAAAAAAAAAAAAAAAAAAAAAAAAAAAAAAAAAAAAAAAAAAAAAAAAAAAAAAAAAAAAAAAAAAAAAAAAAAAAAAAAAAAAAAAAAAAAAAAAAAAAAAAAAAAAAAAAAAAAAAAAAAAAAAAAAAAAAAAAAAAAAAAAAAAAAAAAAAAAAAAAAAAAAAAAAAAAAAAAAAAAAAAAAAAAAAAAAAAAAAAAAAAAAAAAAAAAAAAAAAAAAAAAAAAAAAAAAAAAAAAAAAAAAAAAAAAAAAAAAAAAAAAAAAAAAAAAAAAAAAAAAAAAAAAAAAAAAAAAAAAAAAAAAAAAAAAAAAAAAAAAAAAAAAAAAAAAAAAAAAAAAAAAAAAAAAAAAAAAAAAAAAAAAAAAAAAAAAAAAAAAAAAAAAAAAAAAAAAAAAAAAAAAAAAAAAAAAAAAAAAAAAAAAAAAAAAAAAAAAAAAAAAAAAAAAAAAAAAAAAAAAAAAAAAAAAAAAAAAAAAAAAAAAAAAAAAAAAAAAAAAAAAAAAAAAAAAAAAAAAAAAAAAAAAAAAAAAAAAAAAAAAAAAAAAAAAAAAAAAAAAAAAAAAAAAAAAAAAAAAAAAAAAAAAAAAAAAAAAAAAAAAAAAAAAAAAAAAAAAAAAAAAAAAAAAAAAAAAAAAAAAAAAAAAAAAAAAAAAAAAAAAAAAAAAAAAAAAAAAAAAAAAAAAAAAAAAAAAAAAAAAAAAAAAAAAAAAAAAAAAAAAAAAAAAAAAAAAAAAAAAAAAAAAAAAAAAAAAAAAAAAAAAAAAAAAAAAAAAAAAAAAAAAAAAAAAAAAAAAAAAAAAAAAAAAAAAAAAAAAAAAAAAAAAAAAAAAAAAAAAAAAAAAAAAAAAAAAAAAAAAAAAAAAAAAAAAAAAAAAAAAAAAAAAAAAAAAAAAAAAAAAAAAAAAAAAAAAAAAAAAAAAAAAAAAAAAAAAAAAAAAAAAAAAAAAAAAAAAAAAAAAAAAAAAAAAAAAAAAAAAAAAAAAAAAAAAAAAAAAAAAAAAAAAAAAAAAAAAAAAAAAAAAAAAAAAAAAAAAAAAAAAAAAAAAAAAAAAAAAAAAAAAAAAAAAAAAAAAAAAAAAAAAAAAAAAAAAAAAAAAAAAAAAAAAAAAAAAAAAAAAAAAAAAAAAAAAAAAAAAAAAAAAAAAAAAAAAAAAAAAAAAAAAAAAAAAAAAAAAAAAAAAAAAAAAAAAAAAAAAAAAAAAAAAAAAAAAAAAAAAAAAAAAAAAAAAAAAAAAAAAAAAAAAAAAAAAAAAAAAAAAAAAAAAAAAAAAAAAAAAAAAAAAAAAAAAAAAAAAAAAAAAAAAAAAAAAAAAAAAAAAAAAAAAAAAAAAAAAAAAAAAAAAAAAAAAAAAAAAAAAAAAAAAAAAAAAAAAAAAAAAAAAAAAAAAAAAAAAAAAAAAAAAAAAAAAAAAAAAAAAAAAAAAAAAAAAAAAAAAAAAAAAAAAAAAAAAAAAAAAAAAAAAAAAAAAAAAAAAAAAAAAAAAAAAAAAAAAAAAAAAAAAAAAAAAAAAAAAAAAAAAAAAAAAAAAAAAAAAAAAAAAAAAAAAAAAAAAAAAAAAAAAAAAAAAAAAAAAAAAAAAAAAAAAAAAAAAAAAAAAAAAAAAAAAAAAAAAAAAAAAAAAAAAAAAAAAAAAAAAAAAAAAAAAAAAAAAAAAAAAAAAAAAAAAAAAAAAAAAAAAAAAAAAAAAAAAAAAAAAAAAAAAAAAAAAAAAAAAAAAAAAAAAAAAAAAAAAAAAAAAAAAAAAAAAAAAAAAAAAAAAAAAAAAAAAAAAAAAAAAAAAAAAAAAAAAAAAAAAAAAAAAAAAAAAAAAAAAAAAAAAAAAAAAAAAAAAAAAAAAAAAAAAAAAAAAAAAAAAAAAAAAAAAAAAAAAAAAAAAAAAAAAAAAAAAAAAAAAAAAAAAAAAAAAAAAAAAAAAAAAAAAAAAAAAAAAAAAAAAAAAAAAAAAAAAAAAAAAAAAAAAAAAAAAAAAAAAAAAAAAAAAAAAAAAAAAAAAAAAAAAAAAAAAAAAAAAAAAAAAAAAAAAAAAAAAAAAAAAAAAAAAAAAAAAAAAAAAAAAAAAAAAAAAAAAAAAAAAAAAAAAAAAAAAAAAAAAAAAAAAAAAAAAAAAAAAAAAAAAAAAAAAAAAAAAAAAAAAAAAAAAAAAAAAAAAAAAAAAAAAAAAAAAAAAAAAAAAAAAAAAAAAAAAAAAAAAAAAAAAAAAAAAAAAAAAAAAAAAAAAAAAAAAAAAAAAAAAAAAAAAAAAAAAAAAAAAAAAAAAAAAAAAAAAAAAAAAAAAAAAAAAAAAAAAAAAAAAAAAAAAAAAAAAAAAAAAAAAAAAAAAAAAAAAAAAAAAAAAAAAAAAAAAAAAAAAAAAAAAAAAAAAAAAAAAAAAAAAAAAAAAAAAAAAAAAAAAAAAAAAAAAAAAAAAAAAAAAAAAAAAAAAAAAAAAAAAAAAAAAAAAAAAAAAAAAAAAAAAAAAAAAAAAAAAAAAAAAAAAAAAAAAAAAAAAAAAAAAAAAAAAAAAAAAAAAAAAAAAAAAAAAAAAAAAAAAAAAAAAAAAAAAAAAAAAAAAAAAAAAAAAAAAAAAAAAAAAAAAAAAAAAAAAAAAAAAAAAAAAAAAAAAAAAAAAAAAAAAAAAAAAAAAAAAAAAAAAAAAAAAAAAAAAAAAAAAAAAAAAAAAAAAAAAAAAAAAAAAAAAAAAAAAAAAAAAAAAAAAAAAAAAAAAAAAAAAAAAAAAAAAAAAAAAAAAAAAAAAAAAAAAAAAAAAAAAAAAAAAAAAAAAAAAAAAAAAAAAAAAAAAAAAAAAAAAAAAAAAAAAAAAAAAAAAAAAAAAAAAAAAAAAAAAAAAAAAAAAAAAAAAAAAAAAAAAAAAAAAAAAAAAAAAAAAAAAAAAAAAAAAAAAAAAAAAAAAAAAAAAAAAAAAAAAAAAAAAAAAAAAAAAAAAAAAAAAAAAAAAAAAAAAAAAAAAAAAAAAAAAAAAAAAAAAAAAAAAAAAAAAAAAAAAAAAAAAAAAAAAAAAAAAAAAAAAAAAAAAAAAAAAAAAAAAAAAAAAAAAAAAAAAAAAAAAAAAAAAAAAAAAAAAAAAAAAAAAAAAAAAAAAAAAAAAAAAAAAAAAAAAAAAAAAAAAAAAAAAAAAAAAAAAAAAAAAAAAAAAAAAAAAAAAAAAAAAAAAAAAAAAAAAAAAAAAAAAAAAAAAAAAAAAAAAAAAAAAAAAAAAAAAAAAAAAAAAAAAAAAAAAAAAAAAAAAAAAAAAAAAAAAAAAAAAAAAAAAAAAAAAAAAAAAAAAAAAAAAAAAAAAAAAAAAAAAAAAAAAAAAAAAAAAAAAAAAAAAAAAAAAAAAAAAAAAAAAAAAAAAAAAAAAAAAAAAAAAAAAAAAAAAAAAAAAAAAAAAAAAAAAAAAAAAAAAAAAAAAAAAAAAAAAAAAAAAAAAAAAAAAAAAAAAAAAAAAAAAAAAAAAAAAAAAAAAAAAAAAAAAAAAAAAAAAAAAAAAAAAAAAAAAAAAAAAAAAAAAAAAAAAAAAAAAAAAAAAAAAAAAAAAAAAAAAAAAAAAAAAAAAAAAAAAAAAAAAAAAAAAAAAAAAAAAAAAAAAAAAAAAAAAAAAAAAAAAAAAAAAAAAAAAAAAAAAAAAAAAAAAAAAAAAAAAAAAAAAAAAAAAAAAAAAAAAAAAAAAAAAAAAAAAAAAAAAAAAAAAAAAAAAAAAAAAAAAAAAAAAAAAAAAAAAAAAAAAAAAAAAAAAAAAAAAAAAAAAAAAAAAAAAAAAAAAAAAAAAAAAAAAAAAAAAAAAAAAAAAAAAAAAAAAAAAAAAAAAAAAAAAAAAAAAAAAAAAAAAAAAAAAAAAAAAAAAAAAAAAAAAAAAAAAAAAAAAAAAAAAAAAAAAAAAAAAAAAAAAAAAAAAAAAAAAAAAAAAAAAAAAAAAAAAAAAAAAAAAAAAAAAAAAAAAAAAAAAAAAAAAAAAAAAAAAAAAAAAAAAAAAAAAAAAAAAAAAAAAAAAAAAAAAAAAAAAAAAAAAAAAAAAAAAAAAAAAAAAAAAAAAAAAAAAAAAAAAAAAAAAAAAAAAAAAAAAAAAAAAAAAAAAAAAAAAAAAAAAAAAAAAAAAAAAAAAAAAAAAAAAAAAAAAAAAAAAAAAAAAAAAAAAAAAAAAAAAAAAAAAAAAAAAAAAAAAAAAAAAAAAAAAAAAAAAAAAAAAAAAAAAAAAAAAAAAAAAAAAAAAAAAAAAAAAAAAAAAAAAAAAAAAAAAAAAAAAAAAAAAAAAAAAAAAAAAAAAAAAAAAAAAAAAAAAAAAAAAAAAAAAAAAAAAAAAAAAAAAAAAAAAAAAAAAAAAAAAAAAAAAAAAAAAAAAAAAAAAAAAAAAAAAAAAAAAAAAAAAAAAAAAAAAAAAAAAAAAAAAAAAAAAAAAAAAAAAAAAAAAAAAAAAAAAAAAAAAAAAAAAAAAAAAAAAAAAAAAAAAAAAAAAAAAAAAAAAAAAAAAAAAAAAAAAAAAAAAAAAAAAAAAAAAAAAAAAAAAAAAAAAAAAAAAAAAAAAAAAAAAAAAAAAAAAAAAAAAAAAAAAAAAAAAAAAAAAAAAAAAAAAAAAAAAAAAAAAAAAAAAAAAAAAAAAAAAAAAAAAAAAAAAAAAAAAAAAAAAAAAAAAAAAAAAAAAAAAAAAAAAAAAAAAAAAAAAAAAAAAAAAAAAAAAAAAAAAAAAAAAAAAAAAAAAAAAAAAAAAAAAAAAAAAAAAAAAAAAAAAAAAAAAAAAAAAAAAAAAAAAAAAAAAAAAAAAAAAAAAAAAAAAAAAAAAAAAAAAAAAAAAAAAAAAAAAAAAAAAAAAAAAAAAAAAAAAAAAAAAAAAAAAAAAAAAAAAAAAAAAAAAAAAAAAAAAAAAAAAAAAAAAAAAAAAAAAAAAAAAAAAAAAAAAAAAAAAAAAAAAAAAAAAAAAAAAAAAAAAAAAAAAAAAAAAAAAAAAAAAAAAAAAAAAAAAAAAAAAAAAAAAAAAAAAAAAAAAAAAAAAAAAAAAAAAAAAAAAAAAAAAAAAAAAAAAAAAAAAAAAAAAAAAAAAAAAAAAAAAAAAAAAAAAAAAAAAAAAAAAAAAAAAAAAAAAAAAAAAAAAAAAAAAAAAAAAAAAAAAAAAAAAAAAAAAAAAAAAAAAAAAAAAAAAAAAAAAAAAAAAAAAAAAAAAAAAAAAAAAAAAAAAAAAAAAAAAAAAAAAAAAAAAAAAAAAAAAAAAAAAAAAAAAAAAAAAAAAAAAAAAAAAAAAAAAAAAAAAAAAAAAAAAAAAAAAAAAAAAAAAAAAAAAAAAAAAAAAAAAAAAAAAAAAAAAAAAAAAAAAAAAAAAAAAAAAAAAAAAAAAAAAAAAAAAAAAAAAAAAAAAAAAAAAAAAAAAAAAAAAAAAAAAAAAAAAAAAAAAAAAAAAAAAAAAAAAAAAAAAAAAAAAAAAAAAAAAAAAAAAAAAAAAAAAAAAAAAAAAAAAAAAAAAAAAAAAAAAAAAAAAAAAAAAAAAAAAAAAAAAAAAAAAAAAAAAAAAAAAAAAAAAAAAAAAAAAAAAAAAAAAAAAAAAAAAAAAAAAAAAAAAAAAAAAAAAAAAAAAAAAAAAAAAAAAAAAAAAAAAAAAAAAAAAAAAAAAAAAAAAAAAAAAAAAAAAAAAAAAAAAAAAAAAAAAAAAAAAAAAAAAAAAAAAAAAAAAAAAAAAAAAAAAAAAAAAAAAAAAAAAAAAAAAAAAAAAAAAAAAAAAAAAAAAAAAAAAAAAAAAAAAAAAAAAAAAAAAAAAAAAAAAAAAAAAAAAAAAAAAAAAAAAAAAAAAAAAAAAAAAAAAAAAAAAAAAAAAAAAAAAAAAAAAAAAAAAAAAAAAAAAAAAAAAAAAAAAAAAAAAAAAAAAAAAAAAAAAAAAAAAAAAAAAAAAAAAAAAAAAAAAAAAAAAAAAAAAAAAAAAAAAAAAAAAAAAAAAAAAAAAAAAAAAAAAAAAAAAAAAAAAAAAAAAAAAAAAAAAAAAAAAAAAAAAAAAAAAAAAAAAAAAAAAAAAAAAAAAAAAAAAAAAAAAAAAAAAAAAAAAAAAAAAAAAAAAAAAAAAAAAAAAAAAAAAAAAAAAAAAAAAAAAAAAAAAAAAAAAAAAAAAAAAAAAAAAAAAAAAAAAAAAAAAAAAAAAAAAAAAAAAAAAAAAAAAAAAAAAAAAAAAAAAAAAAAAAAAAAAAAAAAAAAAAAAAAAAAAAAAAAAAAAAAAAAAAAAAAAAAAAAAAAAAAAAAAAAAAAAAAAAAAAAAAAAAAAAAAAAAAAAAAAAAAAAAAAAAAAAAAAAAAAAAAAAAAAAAAAAAAAAAAAAAAAAAAAAAAAAAAAAAAAAAAAAAAAAAAAAAAAAAAAAAAAAAAAAAAAAAAAAAAAAAAAAAAAAAAAAAAAAAAAAAAAAAAAAAAAAAAAAAAAAAAAAAAAAAAAAAAAAAAAAAAAAAAAAAAAAAAAAAAAAAAAAAAAAAAAAAAAAAAAAAAAAAAAAAAAAAAAAAAAAAAAAAAAAAAAAAAAAAAAAAAAAAAAAAAAAAAAAAAAAAAAAAAAAAAAAAAAAAAAAAAAAAAAAAAAAAAAAAAAAAAAAAAAAAAAAAAAAAAAAAAAAAAAAAAAAAAAAAAAAAAAAAAAAAAAAAAAAAAAAAAAAAAAAAAAAAAAAAAAAAAAAAAAAAAAAAAAAAAAAAAAAAAAAAAAAAAAAAAAAAAAAAAAAAAAAAAAAAAAAAAAAAAAAAAAAAAAAAAAAAAAAAAAAAAAAAAAAAAAAAAAAAAAAAAAAAAAAAAAAAAAAAAAAAAAAAAAAAAAAAAAAAAAAAAAAAAAAAAAAAAAAAAAAAAAAAAAAAAAAAAAAAAAAAAAAAAAAAAAAAAAAAAAAAAAAAAAAAAAAAAAAAAAAAAAAAAAAAAAAAAAAAAAAAAAAAAAAAAAAAAAAAAAAAAAAAAAAAAAAAAAAAAAAAAAAAAAAAAAAAAAAAAAAAAAAAAAAAAAAAAAAAAAAAAAAAAAAAAAAAAAAAAAAAAAAAAAAAAAAAAAAAAAAAAAAAAAAAAAAAAAAAAAAAAAAAAAAAAAAAAAAAAAAAAAAAAAAAAAAAAAAAAAAAAAAAAAAAAAAAAAAAAAAAAAAAAAAAAAAAAAAAAAAAAAAAAAAAAAAAAAAAAAAAAAAAAAAAAAAAAAAAAAAAAAAAAAAAAAAAAAAAAAAAAAAAAAAAAAAAAAAAAAAAAAAAAAAAAAAAAAAAAAAAAAAAAAAAAAAAAAAAAAAAAAAAAAAAAAAAAAAAAAAAAAAAAAAAAAAAAAAAAAAAAAAAAAAAAAAAAAAAAAAAAAAAAAAAAAAAAAAAAAAAAAAAAAAAAAAAAAAAAAAAAAAAAAAAAAAAAAAAAAAAAAAAAAAAAAAAAAAAAAAAAAAAAAAAAAAAAAAAAAAAAAAAAAAAAAAAAAAAAAAAAAAAAAAAAAAAAAAAAAAAAAAAAAAAAAAAAAAAAAAAAAAAAAAAAAAAAAAAAAAAAAAAAAAAAAAAAAAAAAAAAAAAAAAAAAAAAAAAAAAAAAAAAAAAAAAAAAAAAAAAAAAAAAAAAAAAAAAAAAAAAAAAAAAAAAAAAAAAAAAAAAAAAAAAAAAAAAAAAAAAAAAAAAAAAAAAAAAAAAAAAAAAAAAAAAAAAAAAAAAAAAAAAAAAAAAAAAAAAAAAAAAAAAAAAAAAAAAAAAAAAAAAAAAAAAAAAAAAAAAAAAAAAAAAAAAAAAAAAAAAAAAAAAAAAAAAAAAAAAAAAAAAAAAAAAAAAAAAAAAAAAAAAAAAAAAAAAAAAAAAAAAAAAAAAAAAAAAAAAAAAAAAAAAAAAAAAAAAAAAAAAAAAAAAAAAAAAAAAAAAAAAAAAAAAAAAAAAAAAAAAAAAAAAAAAAAAAAAAAAAAAAAAAAAAAAAAAAAAAAAAAAAAAAAAAAAAAAAAAAAAAAAAAAAAAAAAAAAAAAAAAAAAAAAAAAAAAAAAAAAAAAAAAAAAAAAAAAAAAAAAAAAAAAAAAAAAAAAAAAAAAAAAAAAAAAAAAAAAAAAAAAAAAAAAAAAAAAAAAAAAAAAAAAAAAAAAAAAAAAAAAAAAAAAAAAAAAAAAAAAAAAAAAAAAAAAAAAAAAAAAAAAAAAAAAAAAAAAAAAAAAAAAAAAAAAAAAAAAAAAAAAAAAAAAAAAAAAAAAAAAAAAAAAAAAAAAAAAAAAAAAAAAAAAAAAAAAAAAAAAAAAAAAAAAAAAAAAAAAAAAAAAAAAAAAAAAAAAAAAAAAAAAAAAAAAAAAAAAAAAAAAAAAAAAAAAAAAAAAAAAAAAAAAAAAAAAAAAAAAAAAAAAAAAAAAAAAAAAAAAAAAAAAAAAAAAAAAAAAAAAAAAAAAAAAAAAAAAAAAAAAAAAAAAAAAAAAAAAAAAAAAAAAAAAAAAAAAAAAAAAAAAAAAAAAAAAAAAAAAAAAAAAAAAAAAAAAAAAAAAAAAAAAAAAAAAAAAAAAAAAAAAAAAAAAAAAAAAAAAAAAAAAAAAAAAAAAAAAAAAAAAAAAAAAAAAAAAAAAAAAAAAAAAAAAAAAAAAAAAAAAAAAAAAAAAAAAAAAAAAAAAAAAAAAAAAAAAAAAAAAAAAAAAAAAAAAAAAAAAAAAAAAAAAAAAAAAAAAAAAAAAAAAAAAAAAAAAAAAAAAAAAAAAAAAAAAAAAAAAAAAAAAAAAAAAAAAAAAAAAAAAAAAAAAAAAAAAAAAAAAAAAAAAAAAAAAAAAAAAAAAAAAAAAAAAAAAAAAAAAAAAAAAAAAAAAAAAAAAAAAAAAAAAAAAAAAAAAAAAAAAAAAAAAAAAAAAAAAAAAAAAAAAAAAAAAAAAAAAAAAAAAAAAAAAAAAAAAAAAAAAAAAAAAAAAAAAAAAAAAAAAAAAAAAAAAAAAAAAAAAAAAAAAAAAAAAAAAAAAAAAAAAAAAAAAAAAAAAAAAAAAAAAAAAAAAAAAAAAAAAAAAAAAAAAAAAAAAAAAAAAAAAAAAAAAAAAAAAAAAAAAAAAAAAAAAAAAAAAAAAAAAAAAAAAAAAAAAAAAAAAAAAAAAAAAAAAAAAAAAAAAAAAAAAAAAAAAAAAAAAAAAAAAAAAAAAAAAAAAAAAAAAAAAAAAAAAAAAAAAAAAAAAAAAAAAAAAAAAAAAAAAAAAAAAAAAAAAAAAAAAAAAAAAAAAAAAAAAAAAAAAAAAAAAAAAAAAAAAAAAAAAAAAAAAAAAAAAAAAAAAAAAAAAAAAAAAAAAAAAAAAAAAAAAAAAAAAAAAAAAAAAAAAAAAAAAAAAAAAAAAAAAAAAAAAAAAAAAAAAAAAAAAAAAAAAAAAAAAAAAAAAAAAAAAAAAAAAAAAAAAAAAAAAAAAAAAAAAAAAAAAAAAAAAAAAAAAAAAAAAAAAAAAAAAAAAAAAAAAAAAAAAAAAAAAAAAAAAAAAAAAAAAAAAAAAAAAAAAAAAAAAAAAAAAAAAAAAAAAAAAAAAAAAAAAAAAAAAAAAAAAAAAAAAAAAAAAAAAAAAAAAAAAAAAAAAAAAAAAAAAAAAAAAAAAAAAAAAAAAAAAAAAAAAAAAAAAAAAAAAAAAAAAAAAAAAAAAAAAAAAAAAAAAAAAAAAAAAAAAAAAAAAAAAAAAAAAAAAAAAAAAAAAAAAAAAAAAAAAAAAAAAAAAAAAAAAAAAAAAAAAAAAAAAAAAAAAAAAAAAAAAAAAAAAAAAAAAAAAAAAAAAAAAAAAAAAAAAAAAAAAAAAAAAAAAAAAAAAAAAAAAAAAAAAAAAAAAAAAAAAAAAAAAAAAAAAAAAAAAAAAAAAAAAAAAAAAAAAAAAAAAAAAAAAAAAAAAAAAAAAAAAAAAAAAAAAAAAAAAAAAAAAAAAAAAAAAAAAAAAAAAAAAAAAAAAAAAAAAAAAAAAAAAAAAAAAAAAAAAAAAAAAAAAAAAAAAAAAAAAAAAAAAAAAAAAAAAAAAAAAAAAAAAAAAAAAAAAAAAAAAAAAAAAAAAAAAAAAAAAAAAAAAAAAAAAAAAAAAAAAAAAAAAAAAAAAAAAAAAAAAAAAAAAAAAAAAAAAAAAAAAAAAAAAAAAAAAAAAAAAAAAAAAAAAAAAAAAAAAAAAAAAAAAAAAAAAAAAAAAAAAAAAAAAAAAAAAAAAAAAAAAAAAAAAAAAAAAAAAAAAAAAAAAAAAAAAAAAAAAAAAAAAAAAAAAAAAAAAAAAAAAAAAAAAAAAAAAAAAAAAAAAAAAAAAAAAAAAAAAAAAAAAAAAAAAAAAAAAAAAAAAAAAAAAAAAAAAAAAAAAAAAAAAAAAAAAAAAAAAAAAAAAAAAAAAAAAAAAAAAAAAAAAAAAAAAAAAAAAAAAAAAAAAAAAAAAAAAAAAAAAAAAAAAAAAAAAAAAAAAAAAAAAAAAAAAAAAAAAAAAAAAAAAAAAAAAAAAAAAAAAAAAAAAAAAAAAAAAAAAAAAAAAAAAAAAAAAAAAAAAAAAAAAAAAAAAAAAAAAAAAAAAAAAAAAAAAAAAAAAAAAAAAAAAAAAAAAAAAAAAAAAAAAAAAAAAAAAAAAAAAAAAAAAAAAAAAAAAAAAAAAAAAAAAAAAAAAAAAAAAAAAAAAAAAAAAAAAAAAAAAAAAAAAAAAAAAAAAAAAAAAAAAAAAAAAAAAAAAAAAAAAAAAAAAAAAAAAAAAAAAAAAAAAAAAAAAAAAAAAAAAAAAAAAAAAAAAAAAAAAAAAAAAAAAAAAAAAAAAAAAAAAAAAAAAAAAAAAAAAAAAAAAAAAAAAAAAAAAAAAAAAAAAAAAAAAAAAAAAAAAAAAAAAAAAAAAAAAAAAAAAAAAAAAAAAAAAAAAAAAAAAAAAAAAAAAAAAAAAAAAAAAAAAAAAAAAAAAAAAAAAAAAAAAAAAAAAAAAAAAAAAAAAAAAAAAAAAAAAAAAAAAAAAAAAAAAAAAAAAAAAAAAAAAAAAAAAAAAAAAAAAAAAAAAAAAAAAAAAAAAAAAAAAAAAAAAAAAAAAAAAAAAAAAAAAAAAAAAAAAAAAAAAAAAAAAAAAAAAAAAAAAAAAAAAAAAAAAAAAAAAAAAAAAAAAAAAAAAAAAAAAAAAAAAAAAAAAAAAAAAAAAAAAAAAAAAAAAAAAAAAAAAAAAAAAAAAAAAAAAAAAAAAAAAAAAAAAAAAAAAAAAAAAAAAAAAAAAAAAAAAAAAAAAAAAAAAAAAAAAAAAAAAAAAAAAAAAAAAAAAAAAAAAAAAAAAAAAAAAAAAAAAAAAAAAAAAAAAAAAAAAAAAAAAAAAAAAAAAAAAAAAAAAAAAAAAAAAAAAAAAAAAAAAAAAAAAAAAAAAAAAAAAAAAAAAAAAAAAAAAAAAAAAAAAAAAAAAAAAAAAAAAAAAAAAAAAAAAAAAAAAAAAAAAAAAAAAAAAAAAAAAAAAAAAAAAAAAAAAAAAAAAAAAAAAAAAAAAAAAAAAAAAAAAAAAAAAAAAAAAAAAAAAAAAAAAAAAAAAAAAAAAAAAAAAAAAAAAAAAAAAAAAAAAAAAAAAAAAAAAAAAAAAAAAAAAAAAAAAAAAAAAAAAAAAAAAAAAAAAAAAAAAAAAAAAAAAAAAAAAAAAAAAAAAAAAAAAAAAAAAAAAAAAAAAAAAAAAAAAAAAAAAAAAAAAAAAAAAAAAAAAAAAAAAAAAAAAAAAAAAAAAAAAAAAAAAAAAAAAAAAAAAAAAAAAAAAAAAAAAAAAAAAAAAAAAAAAAAAAAAAAAAAAAAAAAAAAAAAAAAAAAAAAAAAAAAAAAAAAAAAAAAAAAAAAAAAAAAAAAAAAAAAAAAAAAAAAAAAAAAAAAAAAAAAAAAAAAAAAAAAAAAAAAAAAAAAAAAAAAAAAAAAAAAAAAAAAAAAAAAAAAAAAAAAAAAAAAAAAAAAAAAAAAAAAAAAAAAAAAAAAAAAAAAAAAAAAAAAAAAAAAAAAAAAAAAAAAAAAAAAAAAAAAAAAAAAAAAAAAAAAAAAAAAAAAAAAAAAAAAAAAAAAAAAAAAAAAAAAAAAAAAAAAAAAAAAAAAAAAAAAAAAAAAAAAAAAAAAAAAAAAAAAAAAAAAAAAAAAAAAAAAAAAAAAAAAAAAAAAAAAAAAAAAAAAAAAAAAAAAAAAAAAAAAAAAAAAAAAAAAAAAAAAAAAAAAAAAAAAAAAAAAAAAAAAAAAAAAAAAAAAAAAAAAAAAAAAAAAAAAAAAAAAAAAAAAAAAAAAAAAAAAAAAAAAAAAAAAAAAAAAAAAAAAAAAAAAAAAAAAAAAAAAAAAAAAAAAAAAAAAAAAAAAAAAAAAAAAAAAAAAAAAAAAAAAAAAAAAAAAAAAAAAAAAAAAAAAAAAAAAAAAAAAAAAAAAAAAAAAAAAAAAAAAAAAAAAAAAAAAAAAAAAAAAAAAAAAAAAAAAAAAAAAAAAAAAAAAAAAAAAAAAAAAAAAAAAAAAAAAAAAAAAAAAAAAAAAAAAAAAAAAAAAAAAAAAAAAAAAAAAAAAAAAAAAAAAAAAAAAAAAAAAAAAAAAAAAAAAAAAAAAAAAAAAAAAAAAAAAAAAAAAAAAAAAAAAAAAAAAAAAAAAAAAAAAAAAAAAAAAAAAAAAAAAAAAAAAAAAAAAAAAAAAAAAAAAAAAAAAAAAAAAAAAAAAAAAAAAAAAAAAAAAAAAAAAAAAAAAAAAAAAAAAAAAAAAAAAAAAAAAAAAAAAAAAAAAAAAAAAAAAAAAAAAAAAAAAAAAAAAAAAAAAAAAAAAAAAAAAAAAAAAAAAAAAAAAAAAAAAAAAAAAAAAAAAAAAAAAAAAAAAAAAAAAAAAAAAAAAAAAAAAAAAAAAAAAAAAAAAAAAAAAAAAAAAAAAAAAAAAAAAAAAAAAAAAAAAAAAAAAAAAAAAAAAAAAAAAAAAAAAAAAAAAAAAAAAAAAAAAAAAAAAAAAAAAAAAAAAAAAAAAAAAAAAAAAAAAAAAAAAAAAAAAAAAAAAAAAAAAAAAAAAAAAAAAAAAAAAAAAAAAAAAAAAAAAAAAAAAAAAAAAAAAAAAAAAAAAAAAAAAAAAAAAAAAAAAAAAAAAAAAAAAAAAAAAAAAAAAAAAAAAAAAAAAAAAAAAAAAAAAAAAAAAAAAAAAAAAAAAAAAAAAAAAAAAAAAAAAAAAAAAAAAAAAAAAAAAAAAAAAAAAAAAAAAAAAAAAAAAAAAAAAAAAAAAAAAAAAAAAAAAAAAAAAAAAAAAAAAAAAAAAAAAAAAAAAAAAAAAAAAAAAAAAAAAAAAAAAAAAAAAAAAAAAAAAAAAAAAAAAAAAAAAAAAAAAAAAAAAAAAAAAAAAAAAAAAAAAAAAAAAAAAAAAAAAAAAAAAAAAAAAAAAAAAAAAAAAAAAAAAAAAAAAAAAAAAAAAAAAAAAAAAAAAAAAAAAAAAAAAAAAAAAAAAAAAAAAAAAAAAAAAAAAAAAAAAAAAAAAAAAAAAAAAAAAAAAAAAAAAAAAAAAAAAAAAAAAAAAAAAAAAAAAAAAAAAAAAAAAAAAAAAAAAAAAAAAAAAAAAAAAAAAAAAAAAAAAAAAAAAAAAAAAAAAAAAAAAAAAAAAAAAAAAAAAAAAAAAAAAAAAAAAAAAAAAAAAAAAAAAAAAAAAAAAAAAAAAAAAAAAAAAAAAAAAAAAAAAAAAAAAAAAAAAAAAAAAAAAAAAAAAAAAAAAAAAAAAAAAAAAAAAAAAAAAAAAAAAAAAAAAAAAAAAAAAAAAAAAAAAAAAAAAAAAAAAAAAAAAAAAAAAAAAAAAAAAAAAAAAAAAAAAAAAAAAAAAAAAAAAAAAAAAAAAAAAAAAAAAAAAAAAAAAAAAAAAAAAAAAAAAAAAAAAAAAAAAAAAAAAAAAAAAAAAAAAAAAAAAAAAAAAAAAAAAAAAAAAAAAAAAAAAAAAAAAAAAAAAAAAAAAAAAAAAAAAAAAAAAAAAAAAAAAAAAAAAAAAAAAAAAAAAAAAAAAAAAAAAAAAAAAAAAAAAAAAAAAAAAAAAAAAAAAAAAAAAAAAAAAAAAAAAAAAAAAAAAAAAAAAAAAAAAAAAAAAAAAAAAAAAAAAAAAAAAAAAAAAAAAAAAAAAAAAAAAAAAAAAAAAAAAAAAAAAAAAAAAAAAAAAAAAAAAAAAAAAAAAAAAAAAAAAAAAAAAAAAAAAAAAAAAAAAAAAAAAAAAAAAAAAAAAAAAAAAAAAAAAAAAAAAAAAAAAAAAAAAAAAAAAAAAAAAAAAAAAAAAAAAAAAAAAAAAAAAAAAAAAAAAAAAAAAAAAAAAAAAAAAAAAAAAAAAAAAAAAAAAAAAAAAAAAAAAAAAAAAAAAAAAAAAAAAAAAAAAAAAAAAAAAAAAAAAAAAAAAAAAAAAAAAAAAAAAAAAAAAAAAAAAAAAAAAAAAAAAAAAAAAAAAAAAAAAAAAAAAAAAAAAAAAAAAAAAAAAAAAAAAAAAAAAAAAAAAAAAAAAAAAAAAAAAAAAAAAAAAAAAAAAAAAAAAAAAAAAAAAAAAAAAAAAAAAAAAAAAAAAAAAAAAAAAAAAAAAAAAAAAAAAAAAAAAAAAAAAAAAAAAAAAAAAAAAAAAAAAAAAAAAAAAAAAAAAAAAAAAAAAAAAAAAAAAAAAAAAAAAAAAAAAAAAAAAAAAAAAAAAAAAAAAAAAAAAAAAAAAAAAAAAAAAAAAAAAAAAAAAAAAAAAAAAAAAAAAAAAAAAAAAAAAAAAAAAAAAAAAAAAAAAAAAAAAAAAAAAAAAAAAAAAAAAAAAAAAAAAAAAAAAAAAAAAAAAAAAAAAAAAAAAAAAAAAAAAAAAAAAAAAAAAAAAAAAAAAAAAAAAAAAAAAAAAAAAAAAAAAAAAAAAAAAAAAAAAAAAAAAAAAAAAAAAAAAAAAAAAAAAAAAAAAAAAAAAAAAAAAAAAAAAAAAAAAAAAAAAAAAAAAAAAAAAAAAAAAAAAAAAAAAAAAAAAAAAAAAAAAAAAAAAAAAAAAAAAAAAAAAAAAAAAAAAAAAAAAAAAAAAAAAAAAAAAAAAAAAAAAAAAAAAAAAAAAAAAAAAAAAAAAAAAAAAAAAAAAAAAAAAAAAAAAAAAAAAAAAAAAAAAAAAAAAAAAAAAAAAAAAAAAAAAAAAAAAAAAAAAAAAAAAAAAAAAAAAAAAAAAAAAAAAAAAAAAAAAAAAAAAAAAAAAAAAAAAAAAAAAAAAAAAAAAAAAAAAAAAAAAAAAAAAAAAAAAAAAAAAAAAAAAAAAAAAAAAAAAAAAAAAAAAAAAAAAAAAAAAAAAAAAAAAAAAAAAAAAAAAAAAAAAAAAAAAAAAAAAAAAAAAAAAAAAAAAAAAAAAAAAAAAAAAAAAAAAAAAAAAAAAAAAAAAAAAAAAAAAAAAAAAAAAAAAAAAAAAAAAAAAAAAAAAAAAAAAAAAAAAAAAAAAAAAAAAAAAAAAAAAAAAAAAAAAAAAAAAAAAAAAAAAAAAAAAAAAAAAAAAAAAAAAAAAAAAAAAAAAAAAAAAAAAAAAAAAAAAAAAAAAAAAAAAAAAAAAAAAAAAAAAAAAAAAAAAAAAAAAAAAAAAAAAAAAAAAAAAAAAAAAAAAAAAAAAAAAAAAAAAAAAAAAAAAAAAAAAAAAAAAAAAAAAAAAAAAAAAAAAAAAAAAAAAAAAAAAAAAAAAAAAAAAAAAAAAAAAAAAAAAAAAAAAAAAAAAAAAAAAAAAAAAAAAAAAAAAAAAAAAAAAAAAAAAAAAAAAAAAAAAAAAAAAAAAAAAAAAAAAAAAAAAAAAAAAAAAAAAAAAAAAAAAAAAAAAAAAAAAAAAAAAAAAAAAAAAAAAAAAAAAAAAAAAAAAAAAAAAAAAAAAAAAAAAAAAAAAAAAAAAAAAAAAAAAAAAAAAAAAAAAAAAAAAAAAAAAAAAAAAAAAAAAAAAAAAAAAAAAAAAAAAAAAAAAAAAAAAAAAAAAAAAAAAAAAAAAAAAAAAAAAAAAAAAAAAAAAAAAAAAAAAAAAAAAAAAAAAAAAAAAAAAAAAAAAAAAAAAAAAAAAAAAAAAAAAAAAAAAAAAAAAAAAAAAAAAAAAAAAAAAAAAAAAAAAAAAAAAAAAAAAAAAAAAAAAAAAAAAAAAAAAAAAAAAAAAAAAAAAAAAAAAAAAAAAAAAAAAAAAAAAAAAAAAAAAAAAAAAAAAAAAAAAAAAAAAAAAAAAAAAAAAAAAAAAAAAAAAAAAAAAAAAAAAAAAAAAAAAAAAAAAAAAAAAAAAAAAAAAAAAAAAAAAAAAAAAAAAAAAAAAAAAAAAAAAAAAAAAAAAAAAAAAAAAAAAAAAAAAAAAAAAAAAAAAAAAAAAAAAAAAAAAAAAAAAAAAAAAAAAAAAAAAAAAAAAAAAAAAAAAAAAAAAAAAAAAAAAAAAAAAAAAAAAAAAAAAAAAAAAAAAAAAAAAAAAAAAAAAAAAAAAAAAAAAAAAAAAAAAAAAAAAAAAAAAAAAAAAAAAAAAAAAAAAAAAAAAAAAAAAAAAAAAAAAAAAAAAAAAAAAAAAAAAAAAAAAAAAAAAAAAAAAAAAAAAAAAAAAAAAAAAAAAAAAAAAAAAAAAAAAAAAAAAAAAAAAAAAAAAAAAAAAAAAAAAAAAAAAAAAAAAAAAAAAAAAAAAAAAAAAAAAAAAAAAAAAAAAAAAAAAAAAAAAAAAAAAAAAAAAAAAAAAAAAAAAAAAAAAAAAAAAAAAAAAAAAAAAAAAAAAAAAAAAAAAAAAAAAAAAAAAAAAAAAAAAAAAAAAAAAAAAAAAAAAAAAAAAAAAAAAAAAAAAAAAAAAAAAAAAAAAAAAAAAAAAAAAAAAAAAAAAAAAAAAAAAAAAAAAAAAAAAAAAAAAAAAAAAAAAAAAAAAAAAAAAAAAAAAAAAAAAAAAAAAAAAAAAAAAAAAAAAAAAAAAAAAAAAAAAAAAAAAAAAAAAAAAAAAAAAAAAAAAAAAAAAAAAAAAAAAAAAAAAAAAAAAAAAAAAAAAAAAAAAAAAAAAAAAAAAAAAAAAAAAAAAAAAAAAAAAAAAAAAAAAAAAAAAAAAAAAAAAAAAAAAAAAAAAAAAAAAAAAAAAAAAAAAAAAAAAAAAAAAAAAAAAAAAAAAAAAAAAAAAAAAAAAAAAAAAAAAAAAAAAAAAAAAAAAAAAAAAAAAAAAAAAAAAAAAAAAAAAAAAAAAAAAAAAAAAAAAAAAAAAAAAAAAAAAAAAAAAAAAAAAAAAAAAAAAAAAAAAAAAAAAAAAAAAAAAAAAAAAAAAAAAAAAAAAAAAAAAAAAAAAAAAAAAAAAAAAAAAAAAAAAAAAAAAAAAAAAAAAAAAAAAAAAAAAAAAAAAAAAAAAAAAAAAAAAAAAAAAAAAAAAAAAAAAAAAAAAAAAAAAAAAAAAAAAAAAAAAAAAAAAAAAAAAAAAAAAAAAAAAAAAAAAAAAAAAAAAAAAAAAAAAAAAAAAAAAAAAAAAAAAAAAAAAAAAAAAAAAAAAAAAAAAAAAAAAAAAAAAAAAAAAAAAAAAAAAAAAAAAAAAAAAAAAAAAAAAAAAAAAAAAAAAAAAAAAAAAAAAAAAAAAAAAAAAAAAAAAAAAAAAAAAAAAAAAAAAAAAAAAAAAAAAAAAAAAAAAAAAAAAAAAAAAAAAAAAAAAAAAAAAAAAAAAAAAAAAAAAAAAAAAAAAAAAAAAAAAAAAAAAAAAAAAAAAAAAAAAAAAAAAAAAAAAAAAAAAAAAAAAAAAAAAAAAAAAAAAAAAAAAAAAAAAAAAAAAAAAAAAAAAAAAAAAAAAAAAAAAAAAAAAAAAAAAAAAAAAAAAAAAAAAAAAAAAAAAAAAAAAAAAAAAAAAAAAAAAAAAAAAAAAAAAAAAAAAAAAAAAAAAAAAAAAAAAAAAAAAAAAAAAAAAAAAAAAAAAAAAAAAAAAAAAAAAAAAAAAAAAAAAAAAAAAAAAAAAAAAAAAAAAAAAAAAAAAAAAAAAAAAAAAAAAAAAAAAAAAAAAAAAAAAAAAAAAAAAAAAAAAAAAAAAAAAAAAAAAAAAAAAAAAAAAAAAAAAAAAAAAAAAAAAAAAAAAAAAAAAAAAAAAAAAAAAAAAAAAAAAAAAAAAAAAAAAAAAAAAAAAAAAAAAAAAAAAAAAAAAAAAAAAAAAAAAAAAAAAAAAAAAAAAAAAAAAAAAAAAAAAAAAAAAAAAAAAAAAAAAAAAAAAAAAAAAAAAAAAAAAAAAAAAAAAAAAAAAAAAAAAAAAAAAAAAAAAAAAAAAAAAAAAAAAAAAAAAAAAAAAAAAAAAAAAAAAAAAAAAAAAAAAAAAAAAAAAAAAAAAAAAAAAAAAAAAAAAAAAAAAAAAAAAAAAAAAAAAAAAAAAAAAAAAAAAAAAAAAAAAAAAAAAAAAAAAAAAAAAAAAAAAAAAAAAAAAAAAAAAAAAAAAAAAAAAAAAAAAAAAAAAAAAAAAAAAAAAAAAAAAAAAAAAAAAAAAAAAAAAAAAAAAAAAAAAAAAAAAAAAAAAAAAAAAAAAAAAAAAAAAAAAAAAAAAAAAAAAAAAAAAAAAAAAAAAAAAAAAAAAAAAAAAAAAAAAAAAAAAAAAAAAAAAAAAAAAAAAAAAAAAAAAAAAAAAAAAAAAAAAAAAAAAAAAAAAAAAAAAAAAAAAAAAAAAAAAAAAAAAAAAAAAAAAAAAAAAAAAAAAAAAAAAAAAAAAAAAAAAAAAAAAAAAAAAAAAAAAAAAAAAAAAAAAAAAAAAAAAAAAAAAAAAAAAAAAAAAAAAAAAAAAAAAAAAAAAAAAAAAAAAAAAAAAAAAAAAAAAAAAAAAAAAAAAAAAAAAAAAAAAAAAAAAAAAAAAAAAAAAAAAAAAAAAAAAAAAAAAAAAAAAAAAAAAAAAAAAAAAAAAAAAAAAAAAAAAAAAAAAAAAAAAAAAAAAAAAAAAAAAAAAAAAAAAAAAAAAAAAAAAAAAAAAAAAAAAAAAAAAAAAAAAAAAAAAAAAAAAAAAAAAAAAAAAAAAAAAAAAAAAAAAAAAAAAAAAAAAAAAAAAAAAAAAAAAAAAAAAAAAAAAAAAAAAAAAAAAAAAAAAAAAAAAAAAAAAAAAAAAAAAAAAAAAAAAAAAAAAAAAAAAAAAAAAAAAAAAAAAAAAAAAAAAAAAAAAAAAAAAAAAAAAAAAAAAAAAAAAAAAAAAAAAAAAAAAAAAAAAAAAAAAAAAAAAAAAAAAAAAAAAAAAAAAAAAAAAAAAAAAAAAAAAAAAAAAAAAAAAAAAAAAAAAAAAAAAAAAAAAAAAAAAAAAAAAAAAAAAAAAAAAAAAAAAAAAAAAAAAAAAAAAAAAAAAAAAAAAAAAAAAAAAAAAAAAAAAAAAAAAAAAAAAAAAAAAAAAAAAAAAAAAAAAAAAAAAAAAAAAAAAAAAAAAAAAAAAAAAAAAAAAAAAAAAAAAAAAAAAAAAAAAAAAAAAAAAAAAAAAAAAAAAAAAAAAAAAAAAAAAAAAAAAAAAAAAAAAAAAAAAAAAAAAAAAAAAAAAAAAAAAAAAAAAAAAAAAAAAAAAAAAAAAAAAAAAAAAAAAAAAAAAAAAAAAAAAAAAAAAAAAAAAAAAAAAAAAAAAAAAAAAAAAAAAAAAAAAAAAAAAAAAAAAAAAAAAAAAAAAAAAAAAAAAAAAAAAAAAAAAAAAAAAAAAAAAAAAAAAAAAAAAAAAAAAAAAAAAAAAAAAAAAAAAAAAAAAAAAAAAAAAAAAAAAAAAAAAAAAAAAAAAAAAAAAAAAAAAAAAAAAAAAAAAAAAAAAAAAAAAAAAAAAAAAAAAAAAAAAAAAAAAAAAAAAAAAAAAAAAAAAAAAAAAAAAAAAAAAAAAAAAAAAAAAAAAAAAAAAAAAAAAAAAAAAAAAAAAAAAAAAAAAAAAAAAAAAAAAAAAAAAAAAAAAAAAAAAAAAAAAAAAAAAAAAAAAAAAAAAAAAAAAAAAAAAAAAAAAAAAAAAAAAAAAAAAAAAAAAAAAAAAAAAAAAAAAAAAAAAAAAAAAAAAAAAAAAAAAAAAAAAAAAAAAAAAAAAAAAAAAAAAAAAAAAAAAAAAAAAAAAAAAAAAAAAAAAAAAAAAAAAAAAAAAAAAAAAAAAAAAAAAAAAAAAAAAAAAAAAAAAAAAAAAAAAAAAAAAAAAAAAAAAAAAAAAAAAAAAAAAAAAAAAAAAAAAAAAAAAAAAAAAAAAAAAAAAAAAAAAAAAAAAAAAAAAAAAAAAAAAAAAAAAAAAAAAAAAAAAAAAAAAAAAAAAAAAAAAAAAAAAAAAAAAAAAAAAAAAAAAAAAAAAAAAAAAAAAAAAAAAAAAAAAAAAAAAAAAAAAAAAAAAAAAAAAAAAAAAAAAAAAAAAAAAAAAAAAAAAAAAAAAAAAAAAAAAAAAAAAAAAAAAAAAAAAAAAAAAAAAAAAAAAAAAAAAAAAAAAAAAAAAAAAAAAAAAAAAAAAAAAAAAAAAAAAAAAAAAAAAAAAAAAAAAAAAAAAAAAAAAAAAAAAAAAAAAAAAAAAAAAAAAAAAAAAAAAAAAAAAAAAAAAAAAAAAAAAAAAAAAAAAAAAAAAAAAAAAAAAAAAAAAAAAAAAAAAAAAAAAAAAAAAAAAAAAAAAAAAAAAAAAAAAAAAAAAAAAAAAAAAAAAAAAAAAAAAAAAAAAAAAAAAAAAAAAAAAAAAAAAAAAAAAAAAAAAAAAAAAAAAAAAAAAAAAAAAAAAAAAAAAAAAAAAAAAAAAAAAAAAAAAAAAAAAAAAAAAAAAAAAAAAAAAAAAAAAAAAAAAAAAAAAAAAAAAAAAAAAAAAAAAAAAAAAAAAAAAAAAAAAAAAAAAAAAAAAAAAAAAAAAAAAAAAAAAAAAAAAAAAAAAAAAAAAAAAAAAAAAAAAAAAAAAAAAAAAAAAAAAAAAAAAAAAAAAAAAAAAAAAAAAAAAAAAAAAAAAAAAAAAAAAAAAAAAAAAAAAAAAAAAAAAAAAAAAAAAAAAAAAAAAAAAAAAAAAAAAAAAAAAAAAAAAAAAAAAAAAAAAAAAAAAAAAAAAAAAAAAAAAAAAAAAAAAAAAAAAAAAAAAAAAAAAAAAAAAAAAAAAAAAAAAAAAAAAAAAAAAAAAAAAAAAAAAAAAAAAAAAAAAAAAAAAAAAAAAAAAAAAAAAAAAAAAAAAAAAAAAAAAAAAAAAAAAAAAAAAAAAAAAAAAAAAAAAAAAAAAAAAAAAAAAAAAAAAAAAAAAAAAAAAAAAAAAAAAAAAAAAAAAAAAAAAAAAAAAAAAAAAAAAAAAAAAAAAAAAAAAAAAAAAAAAAAAAAAAAAAAAAAAAAAAAAAAAAAAAAAAAAAAAAAAAAAAAAAAAAAAAAAAAAAAAAAAAAAAAAAAAAAAAAAAAAAAAAAAAAAAAAAAAAAAAAAAAAAAAAAAAAAAAAAAAAAAAAAAAAAAAAAAAAAAAAAAAAAAAAAAAAAAAAAAAAAAAAAAAAAAAAAAAAAAAAAAAAAAAAAAAAAAAAAAAAAAAAAAAAAAAAAAAAAAAAAAAAAAAAAAAAAAAAAAAAAAAAAAAAAAAAAAAAAAAAAAAAAAAAAAAAAAAAAAAAAAAAAAAAAAAAAAAAAAAAAAAAAAAAAAAAAAAAAAAAAAAAAAAAAAAAAAAAAAAAAAAAAAAAAAAAAAAAAAAAAAAAAAAAAAAAAAAAAAAAAAAAAAAAAAAAAAAAAAAAAAAAAAAAAAAAAAAAAAAAAAAAAAAAAAAAAAAAAAAAAAAAAAAAAAAAAAAAAAAAAAAAAAAAAAAAAAAAAAAAAAAAAAAAAAAAAAAAAAAAAAAAAAAAAAAAAAAAAAAAAAAAAAAAAAAAAAAAAAAAAAAAAAAAAAAAAAAAAAAAAAAAAAAAAAAAAAAAAAAAAAAAAAAAAAAAAAAAAAAAAAAAAAAAAAAAAAAAAAAAAAAAAAAAAAAAAAAAAAAAAAAAAAAAAAAAAAAAAAAAAAAAAAAAAAAAAAAAAAAAAAAAAAAAAAAAAAAAAAAAAAAAAAAAAAAAAAAAAAAAAAAAAAAAAAAAAAAAAAAAAAAAAAAAAAAAAAAAAAAAAAAAAAAAAAAAAAAAAAAAAAAAAAAAAAAAAAAAAAAAAAAAAAAAAAAAAAAAAAAAAAAAAAAAAAAAAAAAAAAAAAAAAAAAAAAAAAAAAAAAAAAAAAAAAAAAAAAAAAAAAAAAAAAAAAAAAAAAAAAAAAAAAAAAAAAAAAAAAAAAAAAAAAAAAAAAAAAAAAAAAAAAAAAAAAAAAAAAAAAAAAAAAAAAAAAAAAAAAAAAAAAAAAAAAAAAAAAAAAAAAAAAAAAAAAAAAAAAAAAAAAAAAAAAAAAAAAAAAAAAAAAAAAAAAAAAAAAAAAAAAAAAAAAAAAAAAAAAAAAAAAAAAAAAAAAAAAAAAAAAAAAAAAAAAAAAAAAAAAAAAAAAAAAAAAAAAAAAAAAAAAAAAAAAAAAAAAAAAAAAAAAAAAAAAAAAAAAAAAAAAAAAAAAAAAAAAAAAAAAAAAAAAAAAAAAAAAAAAAAAAAAAAAAAAAAAAAAAAAAAAAAAAAAAAAAAAAAAAAAAAAAAAAAAAAAAAAAAAAAAAAAAAAAAAAAAAAAAAAAAAAAAAAAAAAAAAAAAAAAAAAAAAAAAAAAAAAAAAAAAAAAAAAAAAAAAAAAAAAAAAAAAAAAAAAAAAAAAAAAAAAAAAAAAAAAAAAAAAAAAAAAAAAAAAAAAAAAAAAAAAAAAAAAAAAAAAAAAAAAAAAAAAAAAAAAAAAAAAAAAAAAAAAAAAAAAAAAAAAAAAAAAAAAAAAAAAAAAAAAAAAAAAAAAAAAAAAAAAAAAAAAAAAAAAAAAAAAAAAAAAAAAAAAAAAAAAAAAAAAAAAAAAAAAAAAAAAAAAAAAAAAAAAAAAAAAAAAAAAAAAAAAAAAAAAAAAAAAAAAAAAAAAAAAAAAAAAAAAAAAAAAAAAAAAAAAAAAAAAAAAAAAAAAAAAAAAAAAAAAAAAAAAAAAAAAAAAAAAAAAAAAAAAAAAAAAAAAAAAAAAAAAAAAAAAAAAAAAAAAAAAAAAAAAAAAAAAAAAAAAAAAAAAAAAAAAAAAAAAAAAAAAAAAAAAAAAAAAAAAAAAAAAAAAAAAAAAAAAAAAAAAAAAAAAAAAAAAAAAAAAAAAAAAAAAAAAAAAAAAAAAAAAAAAAAAAAAAAAAAAAAAAAAAAAAAAAAAAAAAAAAAAAAAAAAAAAAAAAAAAAAAAAAAAAAAAAAAAAAAAAAAAAAAAAAAAAAAAAAAAAAAAAAAAAAAAAAAAAAAAAAAAAAAAAAAAAAAAAAAAAAAAAAAAAAAAAAAAAAAAAAAAAAAAAAAAAAAAAAAAAAAAAAAAAAAAAAAAAAAAAAAAAAAAAAAAAAAAAAAAAAAAAAAAAAAAAAAAAAAAAAAAAAAAAAAAAAAAAAAAAAAAAAAAAAAAAAAAAAAAAAAAAAAAAAAAAAAAAAAAAAAAAAAAAAAAAAAAAAAAAAAAAAAAAAAAAAAAAAAAAAAAAAAAAAAAAAAAAAAAAAAAAAAAAAAAAAAAAAAAAAAAAAAAAAAAAAAAAAAAAAAAAAAAAAAAAAAAAAAAAAAAAAAAAAAAAAAAAAAAAAAAAAAAAAAAAAAAAAAAAAAAAAAAAAAAAAAAAAAAAAAAAAAAAAAAAAAAAAAAAAAAAAAAAAAAAAAAAAAAAAAAAAAAAAAAAAAAAAAAAAAAAAAAAAAAAAAAAAAAAAAAAAAAAAAAAAAAAAAAAAAAAAAAAAAAAAAAAAAAAAAAAAAAAAAAAAAAAAAAAAAAAAAAAAAAAAAAAAAAAAAAAAAAAAAAAAAAAAAAAAAAAAAAAAAAAAAAAAAAAAAAAAAAAAAAAAAAAAAAAAAAAAAAAAAAAAAAAAAAAAAAAAAAAAAAAAAAAAAAAAAAAAAAAAAAAAAAAAAAAAAAAAAAAAAAAAAAAAAAAAAAAAAAAAAAAAAAAAAAAAAAAAAAAAAAAAAAAAAAAAAAAAAAAAAAAAAAAAAAAAAAAAAAAAAAAAAAAAAAAAAAAAAAAAAAAAAAAAAAAAAAAAAAAAAAAAAAAAAAAAAAAAAAAAAAAAAAAAAAAAAAAAAAAAAAAAAAAAAAAAAAAAAAAAAAAAAAAAAAAAAAAAAAAAAAAAAAAAAAAAAAAAAAAAAAAAAAAAAAAAAAAAAAAAAAAAAAAAAAAAAAAAAAAAAAAAAAAAAAAAAAAAAAAAAAAAAAAAAAAAAAAAAAAAAAAAAAAAAAAAAAAAAAAAAAAAAAAAAAAAAAAAAAAAAAAAAAAAAAAAAAAAAAAAAAAAAAAAAAAAAAAAAAAAAAAAAAAAAAAAAAAAAAAAAAAAAAAAAAAAAAAAAAAAAAAAAAAAAAAAAAAAAAAAAAAAAAAAAAAAAAAAAAAAAAAAAAAAAAAAAAAAAAAAAAAAAAAAAAAAAAAAAAAAAAAAAAAAAAAAAAAAAAAAAAAAAAAAAAAAAAAAAAAAAAAAAAAAAAAAAAAAAAAAAAAAAAAAAAAAAAAAAAAAAAAAAAAAAAAAAAAAAAAAAAAAAAAAAAAAAAAAAAAAAAAAAAAAAAAAAAAAAAAAAAAAAAAAAAAAAAAAAAAAAAAAAAAAAAAAAAAAAAAAAAAAAAAAAAAAAAAAAAAAAAAAAAAAAAAAAAAAAAAAAAAAAAAAAAAAAAAAAAAAAAAAAAAAAAAAAAAAAAAAAAAAAAAAAAAAAAAAAAAAAAAAAAAAAAAAAAAAAAAAAAAAAAAAAAAAAAAAAAAAAAAAAAAAAAAAAAAAAAAAAAAAAAAAAAAAAAAAAAAAAAAAAAAAAAAAAAAAAAAAAAAAAAAAAAAAAAAAAAAAAAAAAAAAAAAAAAAAAAAAAAAAAAAAAAAAAAAAAAAAAAAAAAAAAAAAAAAAAAAAAAAAAAAAAAAAAAAAAAAAAAAAAAAAAAAAAAAAAAAAAAAAAAAAAAAAAAAAAAAAAAAAAAAAAAAAAAAAAAAAAAAAAAAAAAAAAAAAAAAAAAAAAAAAAAAAAAAAAAAAAAAAAAAAAAAAAAAAAAAAAAAAAAAAAAAAAAAAAAAAAAAAAAAAAAAAAAAAAAAAAAAAAAAAAAAAAAAAAAAAAAAAAAAAAAAAAAAAAAAAAAAAAAAAAAAAAAAAAAAAAAAAAAAAAAAAAAAAAAAAAAAAAAAAAAAAAAAAAAAAAAAAAAAAAAAAAAAAAAAAAAAAAAAAAAAAAAAAAAAAAAAAAAAAAAAAAAAAAAAAAAAAAAAAAAAAAAAAAAAAAAAAAAAAAAAAAAAAAAAAAAAAAAAAAAAAAAAAAAAAAAAAAAAAAAAAAAAAAAAAAAAAAAAAAAAAAAAAAAAAAAAAAAAAAAAAAAAAAAAAAAAAAAAAAAAAAAAAAAAAAAAAAAAAAAAAAAAAAAAAAAAAAAAAAAAAAAAAAAAAAAAAAAAAAAAAAAAAAAAAAAAAAAAAAAAAAAAAAAAAAAAAAAAAAAAAAAAAAAAAAAAAAAAAAAAAAAAAAAAAAAAAAAAAAAAAAAAAAAAAAAAAAAAAAAAAAAAAAAAAAAAAAAAAAAAAAAAAAAAAAAAAAAAAAAAAAAAAAAAAAAAAAAAAAAAAAAAAAAAAAAAAAAAAAAAAAAAAAAAAAAAAAAAAAAAAAAAAAAAAAAAAAAAAAAAAAAAAAAAAAAAAAAAAAAAAAAAAAAAAAAAAAAAAAAAAAAAAAAAAAAAAAAAAAAAAAAAAAAAAAAAAAAAAAAAAAAAAAAAAAAAAAAAAAAAAAAAAAAAAAAAAAAAAAAAAAAAAAAAAAAAAAAAAAAAAAAAAAAAAAAAAAAAAAAAAAAAAAAAAAAAAAAAAAAAAAAAAAAAAAAAAAAAAAAAAAAAAAAAAAAAAAAAAAAAAAAAAAAAAAAAAAAAAAAAAAAAAAAAAAAAAAAAAAAAAAAAAAAAAAAAAAAAAAAAAAAAAAAAAAAAAAAAAAAAAAAAAAAAAAAAAAAAAAAAAAAAAAAAAAAAAAAAAAAAAAAAAAAAAAAAAAAAAAAAAAAAAAAAAAAAAAAAAAAAAAAAAAAAAAAAAAAAAAAAAAAAAAAAAAAAAAAAAAAAAAAAAAAAAAAAAAAAAAAAAAAAAAAAAAAAAAAAAAAAAAAAAAAAAAAAAAAAAAAAAAAAAAAAAAAAAAAAAAAAAAAAAAAAAAAAAAAAAAAAAAAAAAAAAAAAAAAAAAAAAAAAAAAAAAAAAAAAAAAAAAAAAAAAAAAAAAAAAAAAAAAAAAAAAAAAAAAAAAAAAAAAAAAAAAAAAAAAAAAAAAAAAAAAAAAAAAAAAAAAAAAAAAAAAAAAAAAAAAAAAAAAAAAAAAAAAAAAAAAAAAAAAAAAAAAAAAAAAAAAAAAAAAAAAAAAAAAAAAAAAAAAAAAAAAAAAAAAAAAAAAAAAAAAAAAAAAAAAAAAAAAAAAAAAAAAAAAAAAAAAAAAAAAAAAAAAAAAAAAAAAAAAAAAAAAAAAAAAAAAAAAAAAAAAAAAAAAAAAAAAAAAAAAAAAAAAAAAAAAAAAAAAAAAAAAAAAAAAAAAAAAAAAAAAAAAAAAAAAAAAAAAAAAAAAAAAAAAAAAAAAAAAAAAAAAAAAAAAAAAAAAAAAAAAAAAAAAAAAAAAAAAAAAAAAAAAAAAAAAAAAAAAAAAAAAAAAAAAAAAAAAAAAAAAAAAAAAAAAAAAAAAAAAAAAAAAAAAAAAAAAAAAAAAAAAAAAAAAAAAAAAAAAAAAAAAAAAAAAAAAAAAAAAAAAAAAAAAAAAAAAAAAAAAAAAAAAAAAAAAAAAAAAAAAAAAAAAAAAAAAAAAAAAAAAAAAAAAAAAAAAAAAAAAAAAAAAAAAAAAAAAAAAAAAAAAAAAAAAAAAAAAAAAAAAAAAAAAAAAAAAAAAAAAAAAAAAAAAAAAAAAAAAAAAAAAAAAAAAAAAAAAAAAAAAAAAAAAAAAAAAAAAAAAAAAAAAAAAAAAAAAAAAAAAAAAAAAAAAAAAAAAAAAAAAAAAAAAAAAAAAAAAAAAAAAAAAAAAAAAAAAAAAAAAAAAAAAAAAAAAAAAAAAAAAAAAAAAAAAAAAAAAAAAAAAAAAAAAAAAAAAAAAAAAAAAAAAAAAAAAAAAAAAAAAAAAAAAAAAAAAAAAAAAAAAAAAAAAAAAAAAAAAAAAAAAAAAAAAAAAAAAAAAAAAAAAAAAAAAAAAAAAAAAAAAAAAAAAAAAAAAAAAAAAAAAAAAAAAAAAAAAAAAAAAAAAAAAAAAAAAAAAAAAAAAAAAAAAAAAAAAAAAAAAAAAAAAAAAAAAAAAAAAAAAAAAAAAAAAAAAAAAAAAAAAAAAAAAAAAAAAAAAAAAAAAAAAAAAAAAAAAAAAAAAAAAAAAAAAAAAAAAAAAAAAAAAAAAAAAAAAAAAAAAAAAAAAAAAAAAAAAAAAAAAAAAAAAAAAAAAAAAAAAAAAAAAAAAAAAAAAAAAAAAAAAAAAAAAAAAAAAAAAAAAAAAAAAAAAAAAAAAAAAAAAAAAAAAAAAAAAAAAAAAAAAAAAAAAAAAAAAAAAAAAAAAAAAAAAAAAAAAAAAAAAAAAAAAAAAAAAAAAAAAAAAAAAAAAAAAAAAAAAAAAAAAAAAAAAAAAAAAAAAAAAAAAAAAAAAAAAAAAAAAAAAAAAAAAAAAAAAAAAAAAAAAAAAAAAAAAAAAAAAAAAAAAAAAAAAAAAAAAAAAAAAAAAAAAAAAAAAAAAAAAAAAAAAAAAAAAAAAAAAAAAAAAAAAAAAAAAAAAAAAAAAAAAAAAAAAAAAAAAAAAAAAAAAAAAAAAAAAAAAAAAAAAAAAAAAAAAAAAAAAAAAAAAAAAAAAAAAAAAAAAAAAAAAAAAAAAAAAAAAAAAAAAAAAAAAAAAAAAAAAAAAAAAAAAAAAAAAAAAAAAAAAAAAAAAAAAAAAAAAAAAAAAAAAAAAAAAAAAAAAAAAAAAAAAAAAAAAAAAAAAAAAAAAAAAAAAAAAAAAAAAAAAAAAAAAAAAAAAAAAAAAAAAAAAAAAAAAAAAAAAAAAAAAAAAAAAAAAAAAAAAAAAAAAAAAAAAAAAAAAAAAAAAAAAAAAAAAAAAAAAAAAAAAAAAAAAAAAAAAAAAAAAAAAAAAAAAAAAAAAAAAAAAAAAAAAAAAAAAAAAAAAAAAAAAAAAAAAAAAAAAAAAAAAAAAAAAAAAAAAAAAAAAAAAAAAAAAAAAAAAAAAAAAAAAAAAAAAAAAAAAAAAAAAAAAAAAAAAAAAAAAAAAAAAAAAAAAAAAAAAAAAAAAAAAAAAAAAAAAAAAAAAAAAAAAAAAAAAAAAAAAAAAAAAAAAAAAAAAAAAAAAAAAAAAAAAAAAAAAAAAAAAAAAAAAAAAAAAAAAAAAAAAAAAAAAAAAAAAAAAAAAAAAAAAAAAAAAAAAAAAAAAAAAAAAAAAAAAAAAAAAAAAAAAAAAAAAAAAAAAAAAAAAAAAAAAAAAAAAAAAAAAAAAAAAAAAAAAAAAAAAAAAAAAAAAAAAAAAAAAAAAAAAAAAAAAAAAAAAAAAAAAAAAAAAAAAAAAAAAAAAAAAAAAAAAAAAAAAAAAAAAAAAAAAAAAAAAAAAAAAAAAAAAAAAAAAAAAAAAAAAAAAAAAAAAAAAAAAAAAAAAAAAAAAAAAAAAAAAAAAAAAAAAAAAAAAAAAAAAAAAAAAAAAAAAAAAAAAAAAAAAAAAAAAAAAAAAAAAAAAAAAAAAAAAAAAAAAAAAAAAAAAAAAAAAAAAAAAAAAAAAAAAAAAAAAAAAAAAAAAAAAAAAAAAAAAAAAAAAAAAAAAAAAAAAAAAAAAAAAAAAAAAAAAAAAAAAAAAAAAAAAAAAAAAAAAAAAAAAAAAAAAAAAAAAAAAAAAAAAAAAAAAAAAAAAAAAAAAAAAAAAAAAAAAAAAAAAAAAAAAAAAAAAAAAAAAAAAAAAAAAAAAAAAAAAAAAAAAAAAAAAAAAAAAAAAAAAAAAAAAAAAAAAAAAAAAAAAAAAAAAAAAAAAAAAAAAAAAAAAAAAAAAAAAAAAAAAAAAAAAAAAAAAAAAAAAAAAAAAAAAAAAAAAAAAAAAAAAAAAAAAAAAAAAAAAAAAAAAAAAAAAAAAAAAAAAAAAAAAAAAAAAAAAAAAAAAAAAAAAAAAAAAAAAAAAAAAAAAAAAAAAAAAAAAAAAAAAAAAAAAAAAAAAAAAAAAAAAAAAAAAAAAAAAAAAAAAAAAAAAAAAAAAAAAAAAAAAAAAAAAAAAAAAAAAAAAAAAAAAAAAAAAAAAAAAAAAAAAAAAAAAAAAAAAAAAAAAAAAAAAAAAAAAAAAAAAAAAAAAAAAAAAAAAAAAAAAAAAAAAAAAAAAAAAAAAAAAAAAAAAAAAAAAAAAAAAAAAAAAAAAAAAAAAAAAAAAAAAAAAAAAAAAAAAAAAAAAAAAAAAAAAAAAAAAAAAAAAAAAAAAAAAAAAAAAAAAAAAAAAAAAAAAAAAAAAAAAAAAAAAAAAAAAAAAAAAAAAAAAAAAAAAAAAAAAAAAAAAAAAAAAAAAAAAAAAAAAAAAAAAAAAAAAAAAAAAAAAAAAAAAAAAAAAAAAAAAAAAAAAAAAAAAAAAAAAAAAAAAAAAAAAAAAAAAAAAAAAAAAAAAAAAAAAAAAAAAAAAAAAAAAAAAAAAAAAAAAAAAAAAAAAAAAAAAAAAAAAAAAAAAAAAAAAAAAAAAAAAAAAAAAAAAAAAAAAAAAAAAAAAAAAAAAAAAAAAAAAAAAAAAAAAAAAAAAAAAAAAAAAAAAAAAAAAAAAAAAAAAAAAAAAAAAAAAAAAAAAAAAAAAAAAAAAAAAAAAAAAAAAAAAAAAAAAAAAAAAAAAAAAAAAAAAAAAAAAAAAAAAAAAAAAAAAAAAAAAAAAAAAAAAAAAAAAAAAAAAAAAAAAAAAAAAAAAAAAAAAAAAAAAAAAAAAAAAAAAAAAAAAAAAAAAAAAAAAAAAAAAAAAAAAAAAAAAAAAAAAAAAAAAAAAAAAAAAAAAAAAAAAAAAAAAAAAAAAAAAAAAAAAAAAAAAAAAAAAAAAAAAAAAAAAAAAAAAAAAAAAAAAAAAAAAAAAAAAAAAAAAAAAAAAAAAAAAAAAAAAAAAAAAAAAAAAAAAAAAAAAAAAAAAAAAAAAAAAAAAAAAAAAAAAAAAAAAAAAAAAAAAAAAAAAAAAAAAAAAAAAAAAAAAAAAAAAAAAAAAAAAAAAAAAAAAAAAAAAAAAAAAAAAAAAAAAAAAAAAAAAAAAAAAAAAAAAAAAAAAAAAAAAAAAAAAAAAAAAAAAAAAAAAAAAAAAAAAAAAAAAAAAAAAAAAAAAAAAAAAAAAAAAAAAAAAAAAAAAAAAAAAAAAAAAAAAAAAAAAAAAAAAAAAAAAAAAAAAAAAAAAAAAAAAAAAAAAAAAAAAAAAAAAAAAAAAAAAAAAAAAAAAAAAAAAAAAAAAAAAAAAAAAAAAAAAAAAAAAAAAAAAAAAAAAAAAAAAAAAAAAAAAAAAAAAAAAAAAAAAAAAAAAAAAAAAAAAAAAAAAAAAAAAAAAAAAAAAAAAAAAAAAAAAAAAAAAAAAAAAAAAAAAAAAAAAAAAAAAAAAAAAAAAAAAAAAAAAAAAAAAAAAAAAAAAAAAAAAAAAAAAAAAAAAAAAAAAAAAAAAAAAAAAAAAAAAAAAAAAAAAAAAAAAAAAAAAAAAAAAAAAAAAAAAAAAAAAAAAAAAAAAAAAAAAAAAAAAAAAAAAAAAAAAAAAAAAAAAAAAAAAAAAAAAAAAAAAAAAAAAAAAAAAAAAAAAAAAAAAAAAAAAAAAAAAAAAAAAAAAAAAAAAAAAAAAAAAAAAAAAAAAAAAAAAAAAAAAAAAAAAAAAAAAAAAAAAAAAAAAAAAAAAAAAAAAAAAAAAAAAAAAAAAAAAAAAAAAAAAAAAAAAAAAAAAAAAAAAAAAAAAAAAAAAAAAAAAAAAAAAAAAAAAAAAAAAAAAAAAAAAAAAAAAAAAAAAAAAAAAAAAAAAAAAAAAAAAAAAAAAAAAAAAAAAAAAAAAAAAAAAAAAAAAAAAAAAAAAAAAAAAAAAAAAAAAAAAAAAAAAAAAAAAAAAAAAAAAAAAAAAAAAAAAAAAAAAAAAAAAAAAAAAAAAAAAAAAAAAAAAAAAAAAAAAAAAAAAAAAAAAAAAAAAAAAAAAAAAAAAAAAAAAAAAAAAAAAAAAAAAAAAAAAAAAAAAAAAAAAAAAAAAAAAAAAAAAAAAAAAAAAAAAAAAAAAAAAAAAAAAAAAAAAAAAAAAAAAAAAAAAAAAAAAAAAAAAAAAAAAAAAAAAAAAAAAAAAAAAAAAAAAAAAAAAAAAAAAAAAAAAAAAAAAAAAAAAAAAAAAAAAAAAAAAAAAAAAAAAAAAAAAAAAAAAAAAAAAAAAAAAAAAAAAAAAAAAAAAAAAAAAAAAAAAAAAAAAAAAAAAAAAAAAAAAAAAAAAAAAAAAAAAAAAAAAAAAAAAAAAAAAAAAAAAAAAAAAAAAAAAAAAAAAAAAAAAAAAAAAAAAAAAAAAAAAAAAAAAAAAAAAAAAAAAAAAAAAAAAAAAAAAAAAAAAAAAAAAAAAAAAAAAAAAAAAAAAAAAAAAAAAAAAAAAAAAAAAAAAAAAAAAAAAAAAAAAAAAAAAAAAAAAAAAAAAAAAAAAAAAAAAAAAAAAAAAAAAAAAAAAAAAAAAAAAAAAAAAAAAAAAAAAAAAAAAAAAAAAAAAAAAAAAAAAAAAAAAAAAAAAAAAAAAAAAAAAAAAAAAAAAAAAAAAAAAAAAAAAAAAAAAAAAAAAAAAAAAAAAAAAAAAAAAAAAAAAAAAAAAAAAAAAAAAAAAAAAAAAAAAAAAAAAAAAAAAAAAAAAAAAAAAAAAAAAAAAAAAAAAAAAAAAAAAAAAAAAAAAAAAAAAAAAAAAAAAAAAAAAAAAAAAAAAAAAAAAAAAAAAAAAAAAAAAAAAAAAAAAAAAAAAAAAAAAAAAAAAAAAAAAAAAAAAAAAAAAAAAAAAAAAAAAAAAAAAAAAAAAAAAAAAAAAAAAAAAAAAAAAAAAAAAAAAAAAAAAAAAAAAAAAAAAAAAAAAAAAAAAAAAAAAAAAAAAAAAAAAAAAAAAAAAAAAAAAAAAAAAAAAAAAAAAAAAAAAAAAAAAAAAAAAAAAAAAAAAAAAAAAAAAAAAAAAAAAAAAAAAAAAAAAAAAAAAAAAAAAAAAAAAAAAAAAAAAAAAAAAAAAAAAAAAAAAAAAAAAAAAAAAAAAAAAAAAAAAAAAAAAAAAAAAAAAAAAAAAAAAAAAAAAAAAAAAAAAAAAAAAAAAAAAAAAAAAAAAAAAAAAAAAAAAAAAAAAAAAAAAAAAAAAAAAAAAAAAAAAAAAAAAAAAAAAAAAAAAAAAAAAAAAAAAAAAAAAAAAAAAAAAAAAAAAAAAAAAAAAAAAAAAAAAAAAAAAAAAAAAAAAAAAAAAAAAAAAAAAAAAAAAAAAAAAAAAAAAAAAAAAAAAAAAAAAAAAAAAAAAAAAAAAAAAAAAAAAAAAAAAAAAAAAAAAAAAAAAAAAAAAAAAAAAAAAAAAAAAAAAAAAAAAAAAAAAAAAAAAAAAAAAAAAAAAAAAAAAAAAAAAAAAAAAAAAAAAAAAAAAAAAAAAAAAAAAAAAAAAAAAAAAAAAAAAAAAAAAAAAAAAAAAAAAAAAAAAAAAAAAAAAAAAAAAAAAAAAAAAAAAAAAAAAAAAAAAAAAAAAAAAAAAAAAAAAAAAAAAAAAAAAAAAAAAAAAAAAAAAAAAAAAAAAAAAAAAAAAAAAAAAAAAAAAAAAAAAAAAAAAAAAAAAAAAAAAAAAAAAAAAAAAAAAAAAAAAAAAAAAAAAAAAAAAAAAAAAAAAAAAAAAAAAAAAAAAAAAAAAAAAAAAAAAAAAAAAAAAAAAAAAAAAAAAAAAAAAAAAAAAAAAAAAAAAAAAAAAAAAAAAAAAAAAAAAAAAAAAAAAAAAAAAAAAAAAAAAAAAAAAAAAAAAAAAAAAAAAAAAAAAAAAAAAAAAAAAAAAAAAAAAAAAAAAAAAAAAAAAAAAAAAAAAAAAAAAAAAAAAAAAAAAAAAAAAAAAAAAAAAAAAAAAAAAAAAAAAAAAAAAAAAAAAAAAAAAAAAAAAAAAAAAAAAAAAAAAAAAAAAAAAAAAAAAAAAAAAAAAAAAAAAAAAAAAAAAAAAAAAAAAAAAAAAAAAAAAAAAAAAAAAAAAAAAAAAAAAAAAAAAAAAAAAAAAAAAAAAAAAAAAAAAAAAAAAAAAAAAAAAAAAAAAAAAAAAAAAAAAAAAAAAAAAAAAAAAAAAAAAAAAAAAAAAAAAAAAAAAAAAAAAAAAAAAAAAAAAAAAAAAAAAAAAAAAAAAAAAAAAAAAAAAAAAAAAAAAAAAAAAAAAAAAAAAAAAAAAAAAAAAAAAAAAAAAAAAAAAAAAAAAAAAAAAAAAAAAAAAAAAAAAAAAAAAAAAAAAAAAAAAAAAAAAAAAAAAAAAAAAAAAAAAAAAAAAAAAAAAAAAAAAAAAAAAAAAAAAAAAAAAAAAAAAAAAAAAAAAAAAAAAAAAAAAAAAAAAAAAAAAAAAAAAAAAAAAAAAAAAAAAAAAAAAAAAAAAAAAAAAAAAAAAAAAAAAAAAAAAAAAAAAAAAAAAAAAAAAAAAAAAAAAAAAAAAAAAAAAAAAAAAAAAAAAAAAAAAAAAAAAAAAAAAAAAAAAAAAAAAAAAAAAAAAAAAAAAAAAAAAAAAAAAAAAAAAAAAAAAAAAAAAAAAAAAAAAAAAAAAAAAAAAAAAAAAAAAAAAAAAAAAAAAAAAAAAAAAAAAAAAAAAAAAAAAAAAAAAAAAAAAAAAAAAAAAAAAAAAAAAAAAAAAAAAAAAAAAAAAAAAAAAAAAAAAAAAAAAAAAAAAAAAAAAAAAAAAAAAAAAAAAAAAAAAAAAAAAAAAAAAAAAAAAAAAAAAAAAAAAAAAAAAAAAAAAAAAAAAAAAAAAAAAAAAAAAAAAAAAAAAAAAAAAAAAAAAAAAAAAAAAAAAAAAAAAAAAAAAAAAAAAAAAAAAAAAAAAAAAAAAAAAAAAAAAAAAAAAAAAAAAAAAAAAAAAAAAAAAAAAAAAAAAAAAAAAAAAAAAAAAAAAAAAAAAAAAAAAAAAAAAAAAAAAAAAAAAAAAAAAAAAAAAAAAAAAAAAAAAAAAAAAAAAAAAAAAAAAAAAAAAAAAAAAAAAAAAAAAAAAAAAAAAAAAAAAAAAAAAAAAAAAAAAAAAAAAAAAAAAAAAAAAAAAAAAAAAAAAAAAAAAAAAAAAAAAAAAAAAAAAAAAAAAAAAAAAAAAAAAAAAAAAAAAAAAAAAAAAAAAAAAAAAAAAAAAAAAAAAAAAAAAAAAAAAAAAAAAAAAAAAAAAAAAAAAAAAAAAAAAAAAAAAAAAAAAAAAAAAAAAAAAAAAAAAAAAAAAAAAAAAAAAAAAAAAAAAAAAAAAAAAAAAAAAAAAAAAAAAAAAAAAAAAAAAAAAAAAAAAAAAAAAAAAAAAAAAAAAAAAAAAAAAAAAAAAAAAAAAAAAAAAAAAAAAAAAAAAAAAAAAAAAAAAAAAAAAAAAAAAAAAAAAAAAAAAAAAAAAAAAAAAAAAAAAAAAAAAAAAAAAAAAAAAAAAAAAAAAAAAAAAAAAAAAAAAAAAAAAAAAAAAAAAAAAAAAAAAAAAAAAAAAAAAAAAAAAAAAAAAAAAAAAAAAAAAAAAAAAAAAAAAAAAAAAAAAAAAAAAAAAAAAAAAAAAAAAAAAAAAAAAAAAAAAAAAAAAAAAAAAAAAAAAAAAAAAAAAAAAAAAAAAAAAAAAAAAAAAAAAAAAAAAAAAAAAAAAAAAAAAAAAAAAAAAAAAAAAAAAAAAAAAAAAAAAAAAAAAAAAAAAAAAAAAAAAAAAAAAAAAAAAAAAAAAAAAAAAAAAAAAAAAAAAAAAAAAAAAAAAAAAAAAAAAAAAAAAAAAAAAAAAAAAAAAAAAAAAAAAAAAAAAAAAAAAAAAAAAAAAAAAAAAAAAAAAAAAAAAAAAAAAAAAAAAAAAAAAAAAAAAAAAAAAAAAAAAAAAAAAAAAAAAAAAAAAAAAAAAAAAAAAAAAAAAAAAAAAAAAAAAAAAAAAAAAAAAAAAAAAAAAAAAAAAAAAAAAAAAAAAAAAAAAAAAAAAAAAAAAAAAAAAAAAAAAAAAAAAAAAAAAAAAAAAAAAAAAAAAAAAAAAAAAAAAAAAAAAAAAAAAAAAAAAAAAAAAAAAAAAAAAAAAAAAAAAAAAAAAAAAAAAAAAAAAAAAAAAAAAAAAAAAAAAAAAAAAAAAAAAAAAAAAAAAAAAAAAAAAAAAAAAAAAAAAAAAAAAAAAAAAAAAAAAAAAAAAAAAAAAAAAAAAAAAAAAAAAAAAAAAAAAAAAAAAAAAAAAAAAAAAAAAAAAAAAAAAAAAAAAAAAAAAAAAAAAAAAAAAAAAAAAAAAAAAAAAAAAAAAAAAAAAAAAAAAAAAAAAAAAAAAAAAAAAAAAAAAAAAAAAAAAAAAAAAAAAAAAAAAAAAAAAAAAAAAAAAAAAAAAAAAAAAAAAAAAAAAAAAAAAAAAAAAAAAAAAAAAAAAAAAAAAAAAAAAAAAAAAAAAAAAAAAAAAAAAAAAAAAAAAAAAAAAAAAAAAAAAAAAAAAAAAAAAAAAAAAAAAAAAAAAAAAAAAAAAAAAAAAAAAAAAAAAAAAAAAAAAAAAAAAAAAAAAAAAAAAAAAAAAAAAAAAAAAAAAAAAAAAAAAAAAAAAAAAAAAAAAAAAAAAAAAAAAAAAAAAAAAAAAAAAAAAAAAAAAAAAAAAAAAAAAAAAAAAAAAAAAAAAAAAAAAAAAAAAAAAAAAAAAAAAAAAAAAAAAAAAAAAAAAAAAAAAAAAAAAAAAAAAAAAAAAAAAAAAAAAAAAAAAAAAAAAAAAAAAAAAAAAAAAAAAAAAAAAAAAAAAAAAAAAAAAAAAAAAAAAAAAAAAAAAAAAAAAAAAAAAAAAAAAAAAAAAAAAAAAAAAAAAAAAAAAAAAAAAAAAAAAAAAAAAAAAAAAAAAAAAAAAAAAAAAAAAAAAAAAAAAAAAAAAAAAAAAAAAAAAAAAAAAAAAAAAAAAAAAAAAAAAAAAAAAAAAAAAAAAAAAAAAAAAAAAAAAAAAAAAAAAAAAAAAAAAAAAAAAAAAAAAAAAAAAAAAAAAAAAAAAAAAAAAAAAAAAAAAAAAAAAAAAAAAAAAAAAAAAAAAAAAAAAAAAAAAAAAAAAAAAAAAAAAAAAAAAAAAAAAAAAAAAAAAAAAAAAAAAAAAAAAAAAAAAAAAAAAAAAAAAAAAAAAAAAAAAAAAAAAAAAAAAAAAAAAAAAAAAAAAAAAAAAAAAAAAAAAAAAAAAAAAAAAAAAAAAAAAAAAAAAAAAAAAAAAAAAAAAAAAAAAAAAAAAAAAAAAAAAAAAAAAAAAAAAAAAAAAAAAAAAAAAAAAAAAAAAAAAAAAAAAAAAAAAAAAAAAAAAAAAAAAAAAAAAAAAAAAAAAAAAAAAAAAAAAAAAAAAAAAAAAAAAAAAAAAAAAAAAAAAAAAAAAAAAAAAAAAAAAAAAAAAAAAAAAAAAAAAAAAAAAAAAAAAAAAAAAAAAAAAAAAAAAAAAAAAAAAAAAAAAAAAAAAAAAAAAAAAAAAAAAAAAAAAAAAAAAAAAAAAAAAAAAAAAAAAAAAAAAAAAAAAAAAAAAAAAAAAAAAAAAAAAAAAAAAAAAAAAAAAAAAAAAAAAAAAAAAAAAAAAAAAAAAAAAAAAAAAAAAAAAAAAAAAAAAAAAAAAAAAAAAAAAAAAAAAAAAAAAAAAAAAAAAAAAAAAAAAAAAAAAAAAAAAAAAAAAAAAAAAAAAAAAAAAAAAAAAAAAAAAAAAAAAAAAAAAAAAAAAAAAAAAAAAAAAAAAAAAAAAAAAAAAAAAAAAAAAAAAAAAAAAAAAAAAAAAAAAAAAAAAAAAAAAAAAAAAAAAAAAAAAAAAAAAAAAAAAAAAAAAAAAAAAAAAAAAAAAAAAAAAAAAAAAAAAAAAAAAAAAAAAAAAAAAAAAAAAAAAAAAAAAAAAAAAAAAAAAAAAAAAAAAAAAAAAAAAAAAAAAAAAAAAAAAAAAAAAAAAAAAAAAAAAAAAAAAAAAAAAAAAAAAAAAAAAAAAAAAAAAAAAAAAAAAAAAAAAAAAAAAAAAAAAAAAAAAAAAAAAAAAAAAAAAAAAAAAAAAAAAAAAAAAAAAAAAAAAAAAAAAAAAAAAAAAAAAAAAAAAAAAAAAAAAAAAAAAAAAAAAAAAAAAAAAAAAAAAAAAAAAAAAAAAAAAAAAAAAAAAAAAAAAAAAAAAAAAAAAAAAAAAAAAAAAAAAAAAAAAAAAAAAAAAAAAAAAAAAAAAAAAAAAAAAAAAAAAAAAAAAAAAAAAAAAAAAAAAAAAAAAAAAAAAAAAAAAAAAAAAAAAAAAAAAAAAAAAAAAAAAAAAAAAAAAAAAAAAAAAAAAAAAAAAAAAAAAAAAAAAAAAAAAAAAAAAAAAAAAAAAAAAAAAAAAAAAAAAAAAAAAAAAAAAAAAAAAAAAAAAAAAAAAAAAAAAAAAAAAAAAAAAAAAAAAAAAAAAAAAAAAAAAAAAAAAAAAAAAAAAAAAAAAAAAAAAAAAAAAAAAAAAAAAAAAAAAAAAAAAAAAAAAAAAAAAAAAAAAAAAAAAAAAAAAAAAAAAAAAAAAAAAAAAAAAAAAAAAAAAAAAAAAAAAAAAAAAAAAAAAAAAAAAAAAAAAAAAAAAAAAAAAAAAAAAAAAAAAAAAAAAAAAAAAAAAAAAAAAAAAAAAAAAAAAAAAAAAAAAAAAAAAAAAAAAAAAAAAAAAAAAAAAAAAAAAAAAAAAAAAAAAAAAAAAAAAAAAAAAAAAAAAAAAAAAAAAAAAAAAAAAAAAAAAAAAAAAAAAAAAAAAAAAAAAAAAAAAAAAAAAAAAAAAAAAAAAAAAAAAAAAAAAAAAAAAAAAAAAAAAAAAAAAAAAAAAAAAAAAAAAAAAAAAAAAAAAAAAAAAAAAAAAAAAAAAAAAAAAAAAAAAAAAAAAAAAAAAAAAAAAAAAAAAAAAAAAAAAAAAAAAAAAAAAAAAAAAAAAAAAAAAAAAAAAAAAAAAAAAAAAAAAAAAAAAAAAAAAAAAAAAAAAAAAAAAAAAAAAAAAAAAAAAAAAAAAAAAAAAAAAAAAAAAAAAAAAAAAAAAAAAAAAAAAAAAAAAAAAAAAAAAAAAAAAAAAAAAAAAAAAAAAAAAAAAAAAAAAAAAAAAAAAAAAAAAAAAAAAAAAAAAAAAAAAAAAAAAAAAAAAAAAAAAAAAAAAAAAAAAAAAAAAAAAAAAAAAAAAAAAAAAAAAAAAAAAAAAAAAAAAAAAAAAAAAAAAAAAAAAAAAAAAAAAAAAAAAAAAAAAAAAAAAAAAAAAAAAAAAAAAAAAAAAAAAAAAAAAAAAAAAAAAAAAAAAAAAAAAAAAAAAAAAAAAAAAAAAAAAAAAAAAAAAAAAAAAAAAAAAAAAAAAAAAAAAAAAAAAAAAAAAAAAAAAAAAAAAAAAAAAAAAAAAAAAAAAAAAAAAAAAAAAAAAAAAAAAAAAAAAAAAAAAAAAAAAAAAAAAAAAAAAAAAAAAAAAAAAAAAAAAAAAAAAAAAAAAAAAAAAAAAAAAAAAAAAAAAAAAAAAAAAAAAAAAAAAAAAAAAAAAAAAAAAAAAAAAAAAAAAAAAAAAAAAAAAAAAAAAAAAAAAAAAAAAAAAAAAAAAAAAAAAAAAAAAAAAAAAAAAAAAAAAAAAAAAAAAAAAAAAAAAAAAAAAAAAAAAAAAAAAAAAAAAAAAAAAAAAAAAAAAAAAAAAAAAAAAAAAAAAAAAAAAAAAAAAAAAAAAAAAAAAAAAAAAAAAAAAAAAAAAAAAAAAAAAAAAAAAAAAAAAAAAAAAAAAAAAAAAAAAAAAAAAAAAAAAAAAAAAAAAAAAAAAAAAAAAAAAAAAAAAAAAAAAAAAAAAAAAAAAAAAAAAAAAAAAAAAAAAAAAAAAAAAAAAAAAAAAAAAAAAAAAAAAAAAAAAAAAAAAAAAAAAAAAAAAAAAAAAAAAAAAAAAAAAAAAAAAAAAAAAAAAAAAAAAAAAAAAAAAAAAAAAAAAAAAAAAAAAAAAAAAAAAAAAAAAAAAAAAAAAAAAAAAAAAAAAAAAAAAAAAAAAAAAAAAAAAAAAAAAAAAAAAAAAAAAAAAAAAAAAAAAAAAAAAAAAAAAAAAAAAAAAAAAAAAAAAAAAAAAAAAAAAAAAAAAAAAAAAAAAAAAAAAAAAAAAAAAAAAAAAAAAAAAAAAAAAAAAAAAAAAAAAAAAAAAAAAAAAAAAAAAAAAAAAAAAAAAAAAAAAAAAAAAAAAAAAAAAAAAAAAAAAAAAAAAAAAAAAAAAAAAAAAAAAAAAAAAAAAAAAAAAAAAAAAAAAAAAAAAAAAAAAAAAAAAAAAAAAAAAAAAAAAAAAAAAAAAAAAAAAAAAAAAAAAAAAAAAAAAAAAAAAAAAAAAAAAAAAAAAAAAAAAAAAAAAAAAAAAAAAAAAAAAAAAAAAAAAAAAAAAAAAAAAAAAAAAAAAAAAAAAAAAAAAAAAAAAAAAAAAAAAAAAAAAAAAAAAAAAAAAAAAAAAAAAAAAAAAAAAAAAAAAAAAAAAAAAAAAAAAAAAAAAAAAAAAAAAAAAAAAAAAAAAAAAAAAAAAAAAAAAAAAAAAAAAAAAAAAAAAAAAAAAAAAAAAAAAAAAAAAAAAAAAAAAAAAAAAAAAAAAAAAAAAAAAAAAAAAAAAAAAAAAAAAAAAAAAAAAAAAAAAAAAAAAAAAAAAAAAAAAAAAAAAAAAAAAAAAAAAAAAAAAAAAAAAAAAAAAAAAAAAAAAAAAAAAAAAAAAAAAAAAAAAAAAAAAAAAAAAAAAAAAAAAAAAAAAAAAAAAAAAAAAAAAAAAAAAAAAAAAAAAAAAAAAAAAAAAAAAAAAAAAAAAAAAAAAAAAAAAAAAAAAAAAAAAAAAAAAAAAAAAAAAAAAAAAAAAAAAAAAAAAAAAAAAAAAAAAAAAAAAAAAAAAAAAAAAAAAAAAAAAAAAAAAAAAAAAAAAAAAAAAAAAAAAAAAAAAAAAAAAAAAAAAAAAAAAAAAAAAAAAAAAAAAAAAAAAAAAAAAAAAAAAAAAAAAAAAAAAAAAAAAAAAAAAAAAAAAAAAAAAAAAAAAAAAAAAAAAAAAAAAAAAAAAAAAAAAAAAAAAAAAAAAAAAAAAAAAAAAAAAAAAAAAAAAAAAAAAAAAAAAAAAAAAAAAAAAAAAAAAAAAAAAAAAAAAAAAAAAAAAAAAAAAAAAAAAAAAAAAAAAAAAAAAAAAAAAAAAAAAAAAAAAAAAAAAAAAAAAAAAAAAAAAAAAAAAAAAAAAAAAAAAAAAAAAAAAAAAAAAAAAAAAAAAAAAAAAAAAAAAAAAAAAAAAAAAAAAAAAAAAAAAAAAAAAAAAAAAAAAAAAAAAAAAAAAAAAAAAAAAAAAAAAAAAAAAAAAAAAAAAAAAAAAAAAAAAAAAAAAAAAAAAAAAAAAAAAAAAAAAAAAAAAAAAAAAAAAAAAAAAAAAAAAAAAAAAAAAAAAAAAAAAAAAAAAAAAAAAAAAAAAAAAAAAAAAAAAAAAAAAAAAAAAAAAAAAAAAAAAAAAAAAAAAAAAAAAAAAAAAAAAAAAAAAAAAAAAAAAAAAAAAAAAAAAAAAAAAAAAAAAAAAAAAAAAAAAAAAAAAAAAAAAAAAAAAAAAAAAAAAAAAAAAAAAAAAAAAAAAAAAAAAAAAAAAAAAAAAAAAAAAAAAAAAAAAAAAAAAAAAAAAAAAAAAAAAAAAAAAAAAAAAAAAAAAAAAAAAAAAAAAAAAAAAAAAAAAAAAAAAAAAAAAAAAAAAAAAAAAAAAAAAAAAAAAAAAAAAAAAAAAAAAAAAAAAAAAAAAAAAAAAAAAAAAAAAAAAAAAAAAAAAAAAAAAAAAAAAAAAAAAAAAAAAAAAAAAAAAAAAAAAAAAAAAAAAAAAAAAAAAAAAAAAAAAAAAAAAAAAAAAAAAAAAAAAAAAAAAAAAAAAAAAAAAAAAAAAAAAAAAAAAAAAAAAAAAAAAAAAAAAAAAAAAAAAAAAAAAAAAAAAAAAAAAAAAAAAAAAAAAAAAAAAAAAAAAAAAAAAAAAAAAAAAAAAAAAAAAAAAAAAAAAAAAAAAAAAAAAAAAAAAAAAAAAAAAAAAAAAAAAAAAAAAAAAAAAAAAAAAAAAAAAAAAAAAAAAAAAAAAAAAAAAAAAAAAAAAAAAAAAAAAAAAAAAAAAAAAAAAAAAAAAAAAAAAAAAAAAAAAAAAAAAAAAAAAAAAAAAAAAAAAAAAAAAAAAAAAAAAAAAAAAAAAAAAAAAAAAAAAAAAAAAAAAAAAAAAAAAAAAAAAAAAAAAAAAAAAAAAAAAAAAAAAAAAAAAAAAAAAAAAAAAAAAAAAAAAAAAAAAAAAAAAAAAAAAAAAAAAAAAAAAAAAAAAAAAAAAAAAAAAAAAAAAAAAAAAAAAAAAAAAAAAAAAAAAAAAAAAAAAAAAAAAAAAAAAAAAAAAAAAAAAAAAAAAAAAAAAAAAAAAAAAAAAAAAAAAAAAAAAAAAAAAAAAAAAAAAAAAAAAAAAAAAAAAAAAAAAAAAAAAAAAAAAAAAAAAAAAAAAAAAAAAAAAAAAAAAAAAAAAAAAAAAAAAAAAAAAAAAAAAAAAAAAAAAAAAAAAAAAAAAAAAAAAAAAAAAAAAAAAAAAAAAAAAAAAAAAAAAAAAAAAAAAAAAAAAAAAAAAAAAAAAAAAAAAAAAAAAAAAAAAAAAAAAAAAAAAAAAAAAAAAAAAAAAAAAAAAAAAAAAAAAAAAAAAAAAAAAAAAAAAAAAAAAAAAAAAAAAAAAAAAAAAAAAAAAAAAAAAAAAAAAAAAAAAAAAAAAAAAAAAAAAAAAAAAAAAAAAAAAAAAAAAAAAAAAAAAAAAAAAAAAAAAAAAAAAAAAAAAAAAAAAAAAAAAAAAAAAAAAAAAAAAAAAAAAAAAAAAAAAAAAAAAAAAAAAAAAAAAAAAAAAAAAAAAAAAAAAAAAAAAAAAAAAAAAAAAAAAAAAAAAAAAAAAAAAAAAAAAAAAAAAAAAAAAAAAAAAAAAAAAAAAAAAAAAAAAAAAAAAAAAAAAAAAAAAAAAAAAAAAAAAAAAAAAAAAAAAAAAAAAAAAAAAAAAAAAAAAAAAAAAAAAAAAAAAAAAAAAAAAAAAAAAAAAAAAAAAAAAAAAAAAAAAAAAAAAAAAAAAAAAAAAAAAAAAAAAAAAAAAAAAAAAAAAAAAAAAAAAAAAAAAAAAAAAAAAAAAAAAAAAAAAAAAAAAAAAAAAAAAAAAAAAAAAAAAAAAAAAAAAAAAAAAAAAAAAAAAAAAAAAAAAAAAAAAAAAAAAAAAAAAAAAAAAAAAAAAAAAAAAAAAAAAAAAAAAAAAAAAAAAAAAAAAAAAAAAAAAAAAAAAAAAAAAAAAAAAAAAAAAAAAAAAAAAAAAAAAAAAAAAAAAAAAAAAAAAAAAAAAAAAAAAAAAAAAAAAAAAAAAAAAAAAAAAAAAAAAAAAAAAAAAAAAAAAAAAAAAAAAAAAAAAAAAAAAAAAAAAAAAAAAAAAAAAAAAAAAAAAAAAAAAAAAAAAAAAAAAAAAAAAAAAAAAAAAAAAAAAAAAAAAAAAAAAAAAAAAAAAAAAAAAAAAAAAAAAAAAAAAAAAAAAAAAAAAAAAAAAAAAAAAAAAAAAAAAAAAAAAAAAAAAAAAAAAAAAAAAAAAAAAAAAAAAAAAAAAAAAAAAAAAAAAAAAAAAAAAAAAAAAAAAAAAAAAAAAAAAAAAAAAAAAAAAAAAAAAAAAAAAAAAAAAAAAAAAAAAAAAAAAAAAAAAAAAAAAAAAAAAAAAAAAAAAAAAAAAAAAAAAAAAAAAAAAAAAAAAAAAAAAAAAAAAAAAAAAAAAAAAAAAAAAAAAAAAAAAAAAAAAAAAAAAAAAAAAAAAAAAAAAAAAAAAAAAAAAAAAAAAAAAAAAAAAAAAAAAAAAAAAAAAAAAAAAAAAAAAAAAAAAAAAAAAAAAAAAAAAAAAAAAAAAAAAAAAAAAAAAAAAAAAAAAAAAAAAAAAAAAAAAAAAAAAAAAAAAAAAAAAAAAAAAAAAAAAAAAAAAAAAAAAAAAAAAAAAAAAAAAAAAAAAAAAAAAAAAAAAAAAAAAAAAAAAAAAAAAAAAAAAAAAAAAAAAAAAAAAAAAAAAAAAAAAAAAAAAAAAAAAAAAAAAAAAAAAAAAAAAAAAAAAAAAAAAAAAAAAAAAAAAAAAAAAAAAAAAAAAAAAAAAAAAAAAAAAAAAAAAAAAAAAAAAAAAAAAAAAAAAAAAAAAAAAAAAAAAAAAAAAAAAAAAAAAAAAAAAAAAAAAAAAAAAAAAAAAAAAAAAAAAAAAAAAAAAAAAAAAAAAAAAAAAAAAAAAAAAAAAAAAAAAAAAAAAAAAAAAAAAAAAAAAAAAAAAAAAAAAAAAAAAAAAAAAAAAAAAAAAAAAAAAAAAAAAAAAAAAAAAAAAAAAAAAAAAAAAAAAAAAAAAAAAAAAAAAAAAAAAAAAAAAAAAAAAAAAAAAAAAAAAAAAAAAAAAAAAAAAAAAAAAAAAAAAAAAAAAAAAAAAAAAAAAAAAAAAAAAAAAAAAAAAAAAAAAAAAAAAAAAAAAAAAAAAAAAAAAAAAAAAAAAAAAAAAAAAAAAAAAAAAAAAAAAAAAAAAAAAAAAAAAAAAAAAAAAAAAAAAAAAAAAAAAAAAAAAAAAAAAAAAAAAAAAAAAAAAAAAAAAAAAAAAAAAAAAAAAAAAAAAAAAAAAAAAAAAAAAAAAAAAAAAAAAAAAAAAAAAAAAAAAAAAAAAAAAAAAAAAAAAAAAAAAAAAAAAAAAAAAAAAAAAAAAAAAAAAAAAAAAAAAAAAAAAAAAAAAAAAAAAAAAAAAAAAAAAAAAAAAAAAAAAAAAAAAAAAAAAAAAAAAAAAAAAAAAAAAAAAAAAAAAAAAAAAAAAAAAAAAAAAAAAAAAAAAAAAAAAAAAAAAAAAAAAAAAAAAAAAAAAAAAAAAAAAAAAAAAAAAAAAAAAAAAAAAAAAAAAAAAAAAAAAAAAAAAAAAAAAAAAAAAAAAAAAAAAAAAAAAAAAAAAAAAAAAAAAAAAAAAAAAAAAAAAAAAAAAAAAAAAAAAAAAAAAAAAAAAAAAAAAAAAAAAAAAAAAAAAAAAAAAAAAAAAAAAAAAAAAAAAAAAAAAAAAAAAAAAAAAAAAAAAAAAAAAAAAAAAAAAAAAAAAAAAAAAAAAAAAAAAAAAAAAAAAAAAAAAAAAAAAAAAAAAAAAAAAAAAAAAAAAAAAAAAAAAAAAAAAAAAAAAAAAAAAAAAAAAAAAAAAAAAAAAAAAAAAAAAAAAAAAAAAAAAAAAAAAAAAAAAAAAAAAAAAAAAAAAAAAAAAAAAAAAAAAAAAAAAAAAAAAAAAAAAAAAAAAAAAAAAAAAAAAAAAAAAAAAAAAAAAAAAAAAAAAAAAAAAAAAAAAAAAAAAAAAAAAAAAAAAAAAAAAAAAAAAAAAAAAAAAAAAAAAAAAAAAAAAAAAAAAAAAAAAAAAAAAAAAAAAAAAAAAAAAAAAAAAAAAAAAAAAAAAAAAAAAAAAAAAAAAAAAAAAAAAAAAAAAAAAAAAAAAAAAAAAAAAAAAAAAAAAAAAAAAAAAAAAAAAAAAAAAAAAAAAAAAAAAAAAAAAAAAAAAAAAAAAAAAAAAAAAAAAAAAAAAAAAAAAAAAAAAAAAAAAAAAAAAAAAAAAAAAAAAAAAAAAAAAAAAAAAAAAAAAAAAAAAAAAAAAAAAAAAAAAAAAAAAAAAAAAAAAAAAAAAAAAAAAAAAAAAAAAAAAAAAAAAAAAAAAAAAAAAAAAAAAAAAAAAAAAAAAAAAAAAAAAAAAAAAAAAAAAAAAAAAAAAAAAAAAAAAAAAAAAAAAAAAAAAAAAAAAAAAAAAAAAAAAAAAAAAAAAAAAAAAAAAAAAAAAAAAAAAAAAAAAAAAAAAAAAAAAAAAAAAAAAAAAAAAAAAAAAAAAAAAAAAAAAAAAAAAAAAAAAAAAAAAAAAAAAAAAAAAAAAAAAAAAAAAAAAAAAAAAAAAAAAAAAAAAAAAAAAAAAAAAAAAAAAAAAAAAAAAAAAAAAAAAAAAAAAAAAAAAAAAAAAAAAAAAAAAAAAAAAAAAAAAAAAAAAAAAAAAAAAAAAAAAAAAAAAAAAAAAAAAAAAAAAAAAAAAAAAAAAAAAAAAAAAAAAAAAAAAAAAAAAAAAAAAAAAAAAAAAAAAAAAAAAAAAAAAAAAAAAAAAAAAAAAAAAAAAAAAAAAAAAAAAAAAAAAAAAAAAAAAAAAAAAAAAAAAAAAAAAAAAAAAAAAAAAAAAAAAAAAAAAAAAAAAAAAAAAAAAAAAAAAAAAAAAAAAAAAAAAAAAAAAAAAAAAAAAAAAAAAAAAAAAAAAAAAAAAAAAAAAAAAAAAAAAAAAAAAAAAAAAAAAAAAAAAAAAAAAAAAAAAAAAAAAAAAAAAAAAAAAAAAAAAAAAAAAAAAAAAAAAAAAAAAAAAAAAAAAAAAAAAAAAAAAAAAAAAAAAAAAAAAAAAAAAAAAAAAAAAAAAAAAAAAAAAAAAAAAAAAAAAAAAAAAAAAAAAAAAAAAAAAAAAAAAAAAAAAAAAAAAAAAAAAAAAAAAAAAAAAAAAAAAAAAAAAAAAAAAAAAAAAAAAAAAAAAAAAAAAAAAAAAAAAAAAAAAAAAAAAAAAAAAAAAAAAAAAAAAAAAAAAAAAAAAAAAAAAAAAAAAAAAAAAAAAAAAAAAAAAAAAAAAAAAAAAAAAAAAAAAAAAAAAAAAAAAAAAAAAAAAAAAAAAAAAAAAAAAAAAAAAAAAAAAAAAAAAAAAAAAAAAAAAAAAAAAAAAAAAAAAAAAAAAAAAAAAAAAAAAAAAAAAAAAAAAAAAAAAAAAAAAAAAAAAAAAAAAAAAAAAAAAAAAAAAAAAAAAAAAAAAAAAAAAAAAAAAAAAAAAAAAAAAAAAAAAAAAAAAAAAAAAAAAAAAAAAAAAAAAAAAAAAAAAAAAAAAAAAAAAAAAAAAAAAAAAAAAAAAAAAAAAAAAAAAAAAAAAAAAAAAAAAAAAAAAAAAAAAAAAAAAAAAAAAAAAAAAAAAAAAAAAAAAAAAAAAAAAAAAAAAAAAAAAAAAAAAAAAAAAAAAAAAAAAAAAAAAAAAAAAAAAAAAAAAAAAAAAAAAAAAAAAAAAAAAAAAAAAAAAAAAAAAAAAAAAAAAAAAAAAAAAAAAAAAAAAAAAAAAAAAAAAAAAAAAAAAAAAAAAAAAAAAAAAAAAAAAAAAAAAAAAAAAAAAAAAAAAAAAAAAAAAAAAAAAAAAAAAAAAAAAAAAAAAAAAAAAAAAAAAAAAAAAAAAAAAAAAAAAAAAAAAAAAAAAAAAAAAAAAAAAAAAAAAAAAAAAAAAAAAAAAAAAAAAAAAAAAAAAAAAAAAAAAAAAAAAAAAAAAAAAAAAAAAAAAAAAAAAAAAAAAAAAAAAAAAAAAAAAAAAAAAAAAAAAAAAAAAAAAAAAAAAAAAAAAAAAAAAAAAAAAAAAAAAAAAAAAAAAAAAAAAAAAAAAAAAAAAAAAAAAAAAAAAAAAAAAAAAAAAAAAAAAAAAAAAAAAAAAAAAAAAAAAAAAAAAAAAAAAAAAAAAAAAAAAAAAAAAAAAAAAAAAAAAAAAAAAAAAAAAAAAAAAAAAAAAAAAAAAAAAAAAAAAAAAAAAAAAAAAAAAAAAAAAAAAAAAAAAAAAAAAAAAAAAAAAAAAAAAAAAAAAAAAAAAAAAAAAAAAAAAAAAAAAAAAAAAAAAAAAAAAAAAAAAAAAAAAAAAAAAAAAAAAAAAAAAAAAAAAAAAAAAAAAAAAAAAAAAAAAAAAAAAAAAAAAAAAAAAAAAAAAAAAAAAAAAAAAAAAAAAAAAAAAAAAAAAAAAAAAAAAAAAAAAAAAAAAAAAAAAAAAAAAAAAAAAAAAAAAAAAAAAAAAAAAAAAAAAAAAAAAAAAAAAAAAAAAAAAAAAAAAAAAAAAAAAAAAAAAAAAAAAAAAAAAAAAAAAAAAAAAAAAAAAAAAAAAAAAAAAAAAAAAAAAAAAAAAAAAAAAAAAAAAAAAAAAAAAAAAAAAAAAAAAAAAAAAAAAAAAAAAAAAAAAAAAAAAAAAAAAAAAAAAAAAAAAAAAAAAAAAAAAAAAAAAAAAAAAAAAAAAAAAAAAAAAAAAAAAAAAAAAAAAAAAAAAAAAAAAAAAAAAAAAAAAAAAAAAAAAAAAAAAAAAAAAAAAAAAAAAAAAAAAAAAAAAAAAAAAAAAAAAAAAAAAAAAAAAAAAAAAAAAAAAAAAAAAAAAAAAAAAAAAAAAAAAAAAAAAAAAAAAAAAAAAAAAAAAAAAAAAAAAAAAAAAAAAAAAAAAAAAAAAAAAAAAAAAAAAAAAAAAAAAAAAAAAAAAAAAAAAAAAAAAAAAAAAAAAAAAAAAAAAAAAAAAAAAAAAAAAAAAAAAAAAAAAAAAAAAAAAAAAAAAAAAAAAAAAAAAAAAAAAAAAAAAAAAAAAAAAAAAAAAAAAAAAAAAAAAAAAAAAAAAAAAAAAAAAAAAAAAAAAAAAAAAAAAAAAAAAAAAAAAAAAAAAAAAAAAAAAAAAAAAAAAAAAAAAAAAAAAAAAAAAAAAAAAAAAAAAAAAAAAAAAAAAAAAAAAAAAAAAAAAAAAAAAAAAAAAAAAAAAAAAAAAAAAAAAAAAAAAAAAAAAAAAAAAAAAAAAAAAAAAAAAAAAAAAAAAAAAAAAAAAAAAAAAAAAAAAAAAAAAAAAAAAAAAAAAAAAAAAAAAAAAAAAAAAAAAAAAAAAAAAAAAAAAAAAAAAAAAAAAAAAAAAAAAAAAAAAAAAAAAAAAAAAAAAAAAAAAAAAAAAAAAAAAAAAAAAAAAAAAAAAAAAAAAAAAAAAAAAAAAAAAAAAAAAAAAAAAAAAAAAAAAAAAAAAAAAAAAAAAAAAAAAAAAAAAAAAAAAAAAAAAAAAAAAAAAAAAAAAAAAAAAAAAAAAAAAAAAAAAAAAAAAAAAAAAAAAAAAAAAAAAAAAAAAAAAAAAAAAAAAAAAAAAAAAAAAAAAAAAAAAAAAAAAAAAAAAAAAAAAAAAAAAAAAAAAAAAAAAAAAAAAAAAAAAAAAAAAAAAAAAAAAAAAAAAAAAAAAAAAAAAAAAAAAAAAAAAAAAAAAAAAAAAAAAAAAAAAAAAAAAAAAAAAAAAAAAAAAAAAAAAAAAAAAAAAAAAAAAAAAAAAAAAAAAAAAAAAAAAAAAAAAAAAAAAAAAAAAAAAAAAAAAAAAAAAAAAAAAAAAAAAAAAAAAAAAAAAAAAAAAAAAAAAAAAAAAAAAAAAAAAAAAAAAAAAAAAAAAAAAAAAAAAAAAAAAAAAAAAAAAAAAAAAAAAAAAAAAAAAAAAAAAAAAAAAAAAAAAAAAAAAAAAAAAAAAAAAAAAAAAAAAAAAAAAAAAAAAAAAAAAAAAAAAAAAAAAAAAAAAAAAAAAAAAAAAAAAAAAAAAAAAAAAAAAAAAAAAAAAAAAAAAAAAAAAAAAAAAAAAAAAAAAAAAAAAAAAAAAAAAAAAAAAAAAAAAAAAAAAAAAAAAAAAAAAAAAAAAAAAAAAAAAAAAAAAAAAAAAAAAAAAAAAAAAAAAAAAAAAAAAAAAAAAAAAAAAAAAAAAAAAAAAAAAAAAAAAAAAAAAAAAAAAAAAAAAAAAAAAAAAAAAAAAAAAAAAAAAAAAAAAAAAAAAAAAAAAAAAAAAAAAAAAAAAAAAAAAAAAAAAAAAAAAAAAAAAAAAAAAAAAAAAAAAAAAAAAAAAAAAAAAAAAAAAAAAAAAAAAAAAAAAAAAAAAAAAAAAAAAAAAAAAAAAAAAAAAAAAAAAAAAAAAAAAAAAAAAAAAAAAAAAAAAAAAAAAAAAAAAAAAAAAAAAAAAAAAAAAAAAAAAAAAAAAAAAAAAAAAAAAAAAAAAAAAAAAAAAAAAAAAAAAAAAAAAAAAAAAAAAAAAAAAAAAAAAAAAAAAAAAAAAAAAAAAAAAAAAAAAAAAAAAAAAAAAAAAAAAAAAAAAAAAAAAAAAAAAAAAAAAAAAAAAAAAAAAAAAAAAAAAAAAAAAAAAAAAAAAAAAAAAAAAAAAAAAAAAAAAAAAAAAAAAAAAAAAAAAAAAAAAAAAAAAAAAAAAAAAAAAAAAAAAAAAAAAAAAAAAAAAAAAAAAAAAAAAAAAAAAAAAAAAAAAAAAAAAAAAAAAAAAAAAAAAAAAAAAAAAAAAAAAAAAAAAAAAAAAAAAAAAAAAAAAAAAAAAAAAAAAAAAAAAAAAAAAAAAAAAAAAAAAAAAAAAAAAAAAAAAAAAAAAAAAAAAAAAAAAAAAAAAAAAAAAAAAAAAAAAAAAAAAAAAAAAAAAAAAAAAAAAAAAAAAAAAAAAAAAAAAAAAAAAAAAAAAAAAAAAAAAAAAAAAAAAAAAAAAAAAAAAAAAAAAAAAAAAAAAAAAAAAAAAAAAAAAAAAAAAAAAAAAAAAAAAAAAAAAAAAAAAAAAAAAAAAAAAAAAAAAAAAAAAAAAAAAAAAAAAAAAAAAAAAAAAAAAAAAAAAAAAAAAAAAAAAAAAAAAAAAAAAAAAAAAAAAAAAAAAAAAAAAAAAAAAAAAAAAAAAAAAAAAAAAAAAAAAAAAAAAAAAAAAAAAAAAAAAAAAAAAAAAAAAAAAAAAAAAAAAAAAAAAAAAAAAAAAAAAAAAAAAAAAAAAAAAAAAAAAAAAAAAAAAAAAAAAAAAAAAAAAAAAAAAAAAAAAAAAAAAAAAAAAAAAAAAAAAAAAAAAAAAAAAAAAAAAAAAAAAAAAAAAAAAAAAAAAAAAAAAAAAAAAAAAAAAAAAAAAAAAAAAAAAAAAAAAAAAAAAAAAAAAAAAAAAAAAAAAAAAAAAAAAAAAAAAAAAAAAAAAAAAAAAAAAAAAAAAAAAAAAAAAAAAAAAAAAAAAAAAAAAAAAAAAAAAAAAAAAAAAAAAAAAAAAAAAAAAAAAAAAAAAAAAAAAAAAAAAAAAAAAAAAAAAAAAAAAAAAAAAAAAAAAAAAAAAAAAAAAAAAAAAAAAAAAAAAAAAAAAAAAAAAAAAAAAAAAAAAAAAAAAAAAAAAAAAAAAAAAAAAAAAAAAAAAAAAAAAAAAAAAAAAAAAAAAAAAAAAAAAAAAAAAAAAAAAAAAAAAAAAAAAAAAAAAAAAAAAAAAAAAAAAAAAAAAAAAAAAAAAAAAAAAAAAAAAAAAAAAAAAAAAAAAAAAAAAAAAAAAAAAAAAAAAAAAAAAAAAAAAAAAAAAAAAAAAAAAAAAAAAAAAAAAAAAAAAAAAAAAAAAAAAAAAAAAAAAAAAAAAAAAAAAAAAAAAAAAAAAAAAAAAAAAAAAAAAAAAAAAAAAAAAAAAAAAAAAAAAAAAAAAAAAAAAAAAAAAAAAAAAAAAAAAAAAAAAAAAAAAAAAAAAAAAAAAAAAAAAAAAAAAAAAAAAAAAAAAAAAAAAAAAAAAAAAAAAAAAAAAAAAAAAAAAAAAAAAAAAAAAAAAAAAAAAAAAAAAAAAAAAAAAAAAAAAAAAAAAAAAAAAAAAAAAAAAAAAAAAAAAAAAAAAAAAAAAAAAAAAAAAAAAAAAAAAAAAAAAAAAAAAAAAAAAAAAAAAAAAAAAAAAAAAAAAAAAAAAAAAAAAAAAAAAAAAAAAAAAAAAAAAAAAAAAAAAAAAAAAAAAAAAAAAAAAAAAAAAAAAAAAAAAAAAAAAAAAAAAAAAAAAAAAAAAAAAAAAAAAAAAAAAAAAAAAAAAAAAAAAAAAAAAAAAAAAAAAAAAAAAAAAAAAAAAAAAAAAAAAAAAAAAAAAAAAAAAAAAAAAAAAAAAAAAAAAAAAAAAAAAAAAAAAAAAAAAAAAAAAAAAAAAAAAAAAAAAAAAAAAAAAAAAAAAAAAAAAAAAAAAAAAAAAAAAAAAAAAAAAAAAAAAAAAAAAAAAAAAAAAAAAAAAAAAAAAAAAAAAAAAAAAAAAAAAAAAAAAAAAAAAAAAAAAAAAAAAAAAAAAAAAAAAAAAAAAAAAAAAAAAAAAAAAAAAAAAAAAAAAAAAAAAAAAAAAAAAAAAAAAAAAAAAAAAAAAAAAAAAAAAAAAAAAAAAAAAAAAAAAAAAAAAAAAAAAAAAAAAAAAAAAAAAAAAAAAAAAAAAAAAAAAAAAAAAAAAAAAAAAAAAAAAAAAAAAAAAAAAAAAAAAAAAAAAAAAAAAAAAAAAAAAAAAAAAAAAAAAAAAAAAAAAAAAAAAAAAAAAAAAAAAAAAAAAAAAAAAAAAAAAAAAAAAAAAAAAAAAAAAAAAAAAAAAAAAAAAAAAAAAAAAAAAAAAAAAAAAAAAAAAAAAAAAAAAAAAAAAAAAAAAAAAAAAAAAAAAAAAAAAAAAAAAAAAAAAAAAAAAAAAAAAAAAAAAAAAAAAAAAAAAAAAAAAAAAAAAAAAAAAAAAAAAAAAAAAAAAAAAAAAAAAAAAAAAAAAAAAAAAAAAAAAAAAAAAAAAAAAAAAAAAAAAAAAAAAAAAAAAAAAAAAAAAAAAAAAAAAAAAAAAAAAAAAAAAAAAAAAAAAAAAAAAAAAAAAAAAAAAAAAAAAAAAAAAAAAAAAAAAAAAAAAAAAAAAAAAAAAAAAAAAAAAAAAAAAAAAAAAAAAAAAAAAAAAAAAAAAAAAAAAAAAAAAAAAAAAAAAAAAAAAAAAAAAAAAAAAAAAAAAAAAAAAAAAAAAAAAAAAAAAAAAAAAAAAAAAAAAAAAAAAAAAAAAAAAAAAAAAAAAAAAAAAAAAAAAAAAAAAAAAAAAAAAAAAAAAAAAAAAAAAAAAAAAAAAAAAAAAAAAAAAAAAAAAAAAAAAAAAAAAAAAAAAAAAAAAAAAAAAAAAAAAAAAAAAAAAAAAAAAAAAAAAAAAAAAAAAAAAAAAAAAAAAAAAAAAAAAAAAAAAAAAAAAAAAAAAAAAAAAAAAAAAAAAAAAAAAAAAAAAAAAAAAAAAAAAAAAAAAAAAAAAAAAAAAAAAAAAAAAAAAAAAAAAAAAAAAAAAAAAAAAAAAAAAAAAAAAAAAAAAAAAAAAAAAAAAAAAAAAAAAAAAAAAAAAAAAAAAAAAAAAAAAAAAAAAAAAAAAAAAAAAAAAAAAAAAAAAAAAAAAAAAAAAAAAAAAAAAAAAAAAAAAAAAAAAAAAAAAAAAAAAAAAAAAAAAAAAAAAAAAAAAAAAAAAAAAAAAAAAAAAAAAAAAAAAAAAAAAAAAAAAAAAAAAAAAAAAAAAAAAAAAAAAAAAAAAAAAAAAAAAAAAAAAAAAAAAAAAAAAAAAAAAAAAAAAAAAAAAAAAAAAAAAAAAAAAAAAAAAAAAAAAAAAAAAAAAAAAAAAAAAAAAAAAAAAAAAAAAAAAAAAAAAAAAAAAAAAAAAAAAAAAAAAAAAAAAAAAAAAAAAAAAAAAAAAAAAAAAAAAAAAAAAAAAAAAAAAAAAAAAAAAAAAAAAAAAAAAAAAAAAAAAAAAAAAAAAAAAAAAAAAAAAAAAAAAAAAAAAAAAAAAAAAAAAAAAAAAAAAAAAAAAAAAAAAAAAAAAAAAAAAAAAAAAAAAAAAAAAAAAAAAAAAAAAAAAAAAAAAAAAAAAAAAAAAAAAAAAAAAAAAAAAAAAAAAAAAAAAAAAAAAAAAAAAAAAAAAAAAAAAAAAAAAAAAAAAAAAAAAAAAAAAAAAAAAAAAAAAAAAAAAAAAAAAAAAAAAAAAAAAAAAAAAAAAAAAAAAAAAAAAAAAAAAAAAAAAAAAAAAAAAAAAAAAAAAAAAAAAAAAAAAAAAAAAAAAAAAAAAAAAAAAAAAAAAAAAAAAAAAAAAAAAAAAAAAAAAAAAAAAAAAAAAAAAAAAAAAAAAAAAAAAAAAAAAAAAAAAAAAAAAAAAAAAAAAAAAAAAAAAAAAAAAAAAAAAAAAAAAAAAAAAAAAAAAAAAAAAAAAAAAAAAAAAAAAAAAAAAAAAAAAAAAAAAAAAAAAAAAAAAAAAAAAAAAAAAAAAAAAAAAAAAAAAAAAAAAAAAAAAAAAAAAAAAAAAAAAAAAAAAAAAAAAAAAAAAAAAAAAAAAAAAAAAAAAAAAAAAAAAAAAAAAAAAAAAAAAAAAAAAAAAAAAAAAAAAAAAAAAAAAAAAAAAAAAAAAAAAAAAAAAAAAAAAAAAAAAAAAAAAAAAAAAAAAAAAAAAAAAAAAAAAAAAAAAAAAAAAAAAAAAAAAAAAAAAAAAAAAAAAAAAAAAAAAAAAAAAAAAAAAAAAAAAAAAAAAAAAAAAAAAAAAAAAAAAAAAAAAAAAAAAAAAAAAAAAAAAAAAAAAAAAAAAAAAAAAAAAAAAAAAAAAAAAAAAAAAAAAAAAAAAAAAAAAAAAAAAAAAAAAAAAAAAAAAAAAAAAAAAAAAAAAAAAAAAAAAAAAAAAAAAAAAAAAAAAAAAAAAAAAAAAAAAAAAAAAAAAAAAAAAAAAAAAAAAAAAAAAAAAAAAAAAAAAAAAAAAAAAAAAAAAAAAAAAAAAAAAAAAAAAAAAAAAAAAAAAAAAAAAAAAAAAAAAAAAAAAAAAAAAAAAAAAAAAAAAAAAAAAAAAAAAAAAAAAAAAAAAAAAAAAAAAAAAAAAAAAAAAAAAAAAAAAAAAAAAAAAAAAAAAAAAAAAAAAAAAAAAAAAAAAAAAAAAAAAAAAAAAAAAAAAAAAAAAAAAAAAAAAAAAAAAAAAAAAAAAAAAAAAAAAAAAAAAAAAAAAAAAAAAAAAAAAAAAAAAAAAAAAAAAAAAAAAAAAAAAAAAAAAAAAAAAAAAAAAAAAAAAAAAAAAAAAAAAAAAAAAAAAAAAAAAAAAAAAAAAAAAAAAAAAAAAAAAAAAAAAAAAAAAAAAAAAAAAAAAAAAAAAAAAAAAAAAAAAAAAAAAAAAAAAAAAAAAAAAAAAAAAAAAAAAAAAAAAAAAAAAAAAAAAAAAAAAAAAAAAAAAAAAAAAAAAAAAAAAAAAAAAAAAAAAAAAAAAAAAAAAAAAAAAAAAAAAAAAAAAAAAAAAAAAAAAAAAAAAAAAAAAAAAAAAAAAAAAAAAAAAAAAAAAAAAAAAAAAAAAAAAAAAAAAAAAAAAAAAAAAAAAAAAAAAAAAAAAAAAAAAAAAAAAAAAAAAAAAAAAAAAAAAAAAAAAAAAAAAAAAAAAAAAAAAAAAAAAAAAAAAAAAAAAAAAAAAAAAAAAAAAAAAAAAAAAAAAAAAAAAAAAAAAAAAAAAAAAAAAAAAAAAAAAAAAAAAAAAAAAAAAAAAAAAAAAAAAAAAAAAAAAAAAAAAAAAAAAAAAAAAAAAAAAAAAAAAAAAAAAAAAAAAAAAAAAAAAAAAAAAAAAAAAAAAAAAAAAAAAAAAAAAAAAAAAAAAAAAAAAAAAAAAAAAAAAAAAAAAAAAAAAAAAAAAAAAAAAAAAAAAAAAAAAAAAAAAAAAAAAAAAAAAAAAAAAAAAAAAAAAAAAAAAAAAAAAAAAAAAAAAAAAAAAAAAAAAAAAAAAAAAAAAAAAAAAAAAAAAAAAAAAAAAAAAAAAAAAAAAAAAAAAAAAAAAAAAAAAAAAAAAAAAAAAAAAAAAAAAAAAAAAAAAAAAAAAAAAAAAAAAAAAAAAAAAAAAAAAAAAAAAAAAAAAAAAAAAAAAAAAAAAAAAAAAAAAAAAAAAAAAAAAAAAAAAAAAAAAAAAAAAAAAAAAAAAAAAAAAAAAAAAAAAAAAAAAAAAAAAAAAAAAAAAAAAAAAAAAAAAAAAAAAAAAAAAAAAAAAAAAAAAAAAAAAAAAAAAAAAAAAAAAAAAAAAAAAAAAAAAAAAAAAAAAAAAAAAAAAAAAAAAAAAAAAAAAAAAAAAAAAAAAAAAAAAAAAAAAAAAAAAAAAAAAAAAAAAAAAAAAAAAAAAAAAAAAAAAAAAAAAAAAAAAAAAAAAAAAAAAAAAAAAAAAAAAAAAAAAAAAAAAAAAAAAAAAAAAAAAAAAAAAAAAAAAAAAAAAAAAAAAAAAAAAAAAAAAAAAAAAAAAAAAAAAAAAAAAAAAAAAAAAAAAAAAAAAAAAAAAAAAAAAAAAAAAAAAAAAAAAAAAAAAAAAAAAAAAAAAAAAAAAAAAAAAAAAAAAAAAAAAAAAAAAAAAAAAAAAAAAAAAAAAAAAAAAAAAAAAAAAAAAAAAAAAAAAAAAAAAAAAAAAAAAAAAAAAAAAAAAAAAAAAAAAAAAAAAAAAAAAAAAAAAAAAAAAAAAAAAAAAAAAAAAAAAAAAAAAAAAAAAAAAAAAAAAAAAAAAAAAAAAAAAAAAAAAAAAAAAAAAAAAAAAAAAAAAAAAAAAAAAAAAAAAAAAAAAAAAAAAAAAAAAAAAAAAAAAAAAAAAAAAAAAAAAAAAAAAAAAAAAAAAAAAAAAAAAAAAAAAAAAAAAAAAAAAAAAAAAAAAAAAAAAAAAAAAAAAAAAAAAAAAAAAAAAAAAAAAAAAAAAAAAAAAAAAAAAAAAAAAAAAAAAAAAAAAAAAAAAAAAAAAAAAAAAAAAAAAAAAAAAAAAAAAAAAAAAAAAAAAAAAAAAAAAAAAAAAAAAAAAAAAAAAAAAAAAAAAAAAAAAAAAAAAAAAAAAAAAAAAAAAAAAAAAAAAAAAAAAAAAAAAAAAAAAAAAAAAAAAAAAAAAAAAAAAAAAAAAAAAAAAAAAAAAAAAAAAAAAAAAAAAAAAAAAAAAAAAAAAAAAAAAAAAAAAAAAAAAAAAAAAAAAAAAAAAAAAAAAAAAAAAAAAAAAAAAAAAAAAAAAAAAAAAAAAAAAAAAAAAAAAAAAAAAAAAAAAAAAAAAAAAAAAAAAAAAAAAAAAAAAAAAAAAAAAAAAAAAAAAAAAAAAAAAAAAAAAAAAAAAAAAAAAAAAAAAAAAAAAAAAAAAAAAAAAAAAAAAAAAAAAAAAAAAAAAAAAAAAAAAAAAAAAAAAAAAAAAAAAAAAAAAAAAAAAAAAAAAAAAAAAAAAAAAAAAAAAAAAAAAAAAAAAAAAAAAAAAAAAAAAAAAAAAAAAAAAAAAAAAAAAAAAAAAAAAAAAAAAAAAAAAAAAAAAAAAAAAAAAAAAAAAAAAAAAAAAAAAAAAAAAAAAAAAAAAAAAAAAAAAAAAAAAAAAAAAAAAAAAAAAAAAAAAAAAAAAAAAAAAAAAAAAAAAAAAAAAAAAAAAAAAAAAAAAAAAAAAAAAAAAAAAAAAAAAAAAAAAAAAAAAAAAAAAAAAAAAAAAAAAAAAAAAAAAAAAAAAAAAAAAAAAAAAAAAAAAAAAAAAAAAAAAAAAAAAAAAAAAAAAAAAAAAAAAAAAAAAAAAAAAAAAAAAAAAAAAAAAAAAAAAAAAAAAAAAAAAAAAAAAAAAAAAAAAAAAAAAAAAAAAAAAAAAAAAAAAAAAAAAAAAAAAAAAAAAAAAAAAAAAAAAAAAAAAAAAAAAAAAAAAAAAAAAAAAAAAAAAAAAAAAAAAAAAAAAAAAAAAAAAAAAAAAAAAAAAAAAAAAAAAAAAAAAAAAAAAAAAAAAAAAAAAAAAAAAAAAAAAAAAAAAAAAAAAAAAAAAAAAAAAAAAAAAAAAAAAAAAAAAAAAAAAAAAAAAAAAAAAAAAAAAAAAAAAAAAAAAAAAAAAAAAAAAAAAAAAAAAAAAAAAAAAAAAAAAAAAAAAAAAAAAAAAAAAAAAAAAAAAAAAAAAAAAAAAAAAAAAAAAAAAAAAAAAAAAAAAAAAAAAAAAAAAAAAAAAAAAAAAAAAAAAAAAAAAAAAAAAAAAAAAAAAAAAAAAAAAAAAAAAAAAAAAAAAAAAAAAAAAAAAAAAAAAAAAAAAAAAAAAAAAAAAAAAAAAAAAAAAAAAAAAAAAAAAAAAAAAAAAAAAAAAAAAAAAAAAAAAAAAAAAAAAAAAAAAAAAAAAAAAAAAAAAAAAAAAAAAAAAAAAAAAAAAAAAAAAAAAAAAAAAAAAAAAAAAAAAAAAAAAAAAAAAAAAAAAAAAAAAAAAAAAAAAAAAAAAAAAAAAAAAAAAAAAAAAAAAAAAAAAAAAAAAAAAAAAAAAAAAAAAAAAAAAAAAAAAAAAAAAAAAAAAAAAAAAAAAAAAAAAAAAAAAAAAAAAAAAAAAAAAAAAAAAAAAAAAAAAAAAAAAAAAAAAAAAAAAAAAAAAAAAAAAAAAAAAAAAAAAAAAAAAAAAAAAAAAAAAAAAAAAAAAAAAAAAAAAAAAAAAAAAAAAAAAAAAAAAAAAAAAAAAAAAAAAAAAAAAAAAAAAAAAAAAAAAAAAAAAAAAAAAAAAAAAAAAAAAAAAAAAAAAAAAAAAAAAAAAAAAAAAAAAAAAAAAAAAAAAAAAAAAAAAAAAAAAAAAAAAAAAAAAAAAAAAAAAAAAAAAAAAAAAAAAAAAAAAAAAAAAAAAAAAAAAAAAAAAAAAAAAAAAAAAAAAAAAAAAAAAAAAAAAAAAAAAAAAAAAAAAAAAAAAAAAAAAAAAAAAAAAAAAAAAAAAAAAAAAAAAAAAAAAAAAAAAAAAAAAAAAAAAAAAAAAAAAAAAAAAAAAAAAAAAAAAAAAAAAAAAAAAAAAAAAAAAAAAAAAAAAAAAAAAAAAAAAAAAAAAAAAAAAAAAAAAAAAAAAAAAAAAAAAAAAAAAAAAAAAAAAAAAAAAAAAAAAAAAAAAAAAAAAAAAAAAAAAAAAAAAAAAAAAAAAAAAAAAAAAAAAAAAAAAAAAAAAAAAAAAAAAAAAAAAAAAAAAAAAAAAAAAAAAAAAAAAAAAAAAAAAAAAAAAAAAAAAAAAAAAAAAAAAAAAAAAAAAAAAAAAAAAAAAAAAAAAAAAAAAAAAAAAAAAAAAAAAAAAAAAAAAAAAAAAAAAAAAAAAAAAAAAAAAAAAAAAAAAAAAAAAAAAAAAAAAAAAAAAAAAAAAAAAAAAAAAAAAAAAAAAAAAAAAAAAAAAAAAAAAAAAAAAAAAAAAAAAAAAAAAAAAAAAAAAAAAAAAAAAAAAAAAAAAAAAAAAAAAAAAAAAAAAAAAAAAAAAAAAAAAAAAAAAAAAAAAAAAAAAAAAAAAAAAAAAAAAAAAAAAAAAAAAAAAAAAAAAAAAAAAAAAAAAAAAAAAAAAAAAAAAAAAAAAAAAAAAAAAAAAAAAAAAAAAAAAAAAAAAAAAAAAAAAAAAAAAAAAAAAAAAAAAAAAAAAAAAAAAAAAAAAAAAAAAAAAAAAAAAAAAAAAAAAAAAAAAAAAAAAAAAAAAAAAAAAAAAAAAAAAAAAAAAAAAAAAAAAAAAAAAAAAAAAAAAAAAAAAAAAAAAAAAAAAAAAAAAAAAAAAAAAAAAAAAAAAAAAAAAAAAAAAAAAAAAAAAAAAAAAAAAAAAAAAAAAAAAAAAAAAAAAAAAAAAAAAAAAAAAAAAAAAAAAAAAAAAAAAAAAAAAAAAAAAAAAAAAAAAAAAAAAAAAAAAAAAAAAAAAAAAAAAAAAAAAAAAAAAAAAAAAAAAAAAAAAAAAAAAAAAAAAAAAAAAAAAAAAAAAAAAAAAAAAAAAAAAAAAAAAAAAAAAAAAAAAAAAAAAAAAAAAAAAAAAAAAAAAAAAAAAAAAAAAAAAAAAAAAAAAAAAAAAAAAAAAAAAAAAAAAAAAAAAAAAAAAAAAAAAAAAAAAAAAAAAAAAAAAAAAAAAAAAAAAAAAAAAAAAAAAAAAAAAAAAAAAAAAAAAAAAAAAAAAAAAAAAAAAAAAAAAAAAAAAAAAAAAAAAAAAAAAAAAAAAAAAAAAAAAAAAAAAAAAAAAAAAAAAAAAAAAAAAAAAAAAAAAAAAAAAAAAAAAAAAAAAAAAAAAAAAAAAAAAAAAAAAAAAAAAAAAAAAAAAAAAAAAAAAAAAAAAAAAAAAAAAAAAAAAAAAAAAAAAAAAAAAAAAAAAAAAAAAAAAAAAAAAAAAAAAAAAAAAAAAAAAAAAAAAAAAAAAAAAAAAAAAAAAAAAAAAAAAAAAAAAAAAAAAAAAAAAAAAAAAAAAAAAAAAAAAAAAAAAAAAAAAAAAAAAAAAAAAAAAAAAAAAAAAAAAAAAAAAAAAAAAAAAAAAAAAAAAAAAAAAAAAAAAAAAAAAAAAAAAAAAAAAAAAAAAAAAAAAAAAAAAAAAAAAAAAAAAAAAAAAAAAAAAAAAAAAAAAAAAAAAAAAAAAAAAAAAAAAAAAAAAAAAAAAAAAAAAAAAAAAAAAAAAAAAAAAAAAAAAAAAAAAAAAAAAAAAAAAAAAAAAAAAAAAAAAAAAAAAAAAAAAAAAAAAAAAAAAAAAAAAAAAAAAAAAAAAAAAAAAAAAAAAAAAAAAAAAAAAAAAAAAAAAAAAAAAAAAAAAAAAAAAAAAAAAAAAAAAAAAAAAAAAAAAAAAAAAAAAAAAAAAAAAAAAAAAAAAAAAAAAAAAAAAAAAAAAAAAAAAAAAAAAAAAAAAAAAAAAAAAAAAAAAAAAAAAAAAAAAAAAAAAAAAAAAAAAAAAAAAAAAAAAAAAAAAAAAAAAAAAAAAAAAAAAAAAAAAAAAAAAAAAAAAAAAAAAAAAAAAAAAAAAAAAAAAAAAAAAAAAAAAAAAAAAAAAAAAAAAAAAAAAAAAAAAAAAAAAAAAAAAAAAAAAAAAAAAAAAAAAAAAAAAAAAAAAAAAAAAAAAAAAAAAAAAAAAAAAAAAAAAAAAAAAAAAAAAAAAAAAAAAAAAAAAAAAAAAAAAAAAAAAAAAAAAAAAAAAAAAAAAAAAAAAAAAAAAAAAAAAAAAAAAAAAAAAAAAAAAAAAAAAAAAAAAAAAAAAAAAAAAAAAAAAAAAAAAAAAAAAAAAAAAAAAAAAAAAAAAAAAAAAAAAAAAAAAAAAAAAAAAAAAAAAAAAAAAAAAAAAAAAAAAAAAAAAAAAAAAAAAAAAAAAAAAAAAAAAAAAAAAAAAAAAAAAAAAAAAAAAAAAAAAAAAAAAAAAAAAAAAAAAAAAAAAAAAAAAAAAAAAAAAAAAAAAAAAAAAAAAAAAAAAAAAAAAAAAAAAAAAAAAAAAAAAAAAAAAAAAAAAAAAAAAAAAAAAAAAAAAAAAAAAAAAAAAAAAAAAAAAAAAAAAAAAAAAAAAAAAAAAAAAAAAAAAAAAAAAAAAAAAAAAAAAAAAAAAAAAAAAAAAAAAAAAAAAAAAAAAAAAAAAAAAAAAAAAAAAAAAAAAAAAAAAAAAAAAAAAAAAAAAAAAAAAAAAAAAAAAAAAAAAAAAAAAAAAAAAAAAAAAAAAAAAAAAAAAAAAAAAAAAAAAAAAAAAAAAAAAAAAAAAAAAAAAAAAAAAAAAAAAAAAAAAAAAAAAAAAAAAAAAAAAAAAAAAAAAAAAAAAAAAAAAAAAAAAAAAAAAAAAAAAAAAAAAAAAAAAAAAAAAAAAAAAAAAAAAAAAAAAAAAAAAAAAAAAAAAAAAAAAAAAAAAAAAAAAAAAAAAAAAAAAAAAAAAAAAAAAAAAAAAAAAAAAAAAAAAAAAAAAAAAAAAAAAAAAAAAAAAAAAAAAAAAAAAAAAAAAAAAAAAAAAAAAAAAAAAAAAAAAAAAAAAAAAAAAAAAAAAAAAAAAAAAAAAAAAAAAAAAAAAAAAAAAAAAAAAAAAAAAAAAAAAAAAAAAAAAAAAAAAAAAAAAAAAAAAAAAAAAAAAAAAAAAAAAAAAAAAAAAAAAAAAAAAAAAAAAAAAAAAAAAAAAAAAAAAAAAAAAAAAAAAAAAAAAAAAAAAAAAAAAAAAAAAAAAAAAAAAAAAAAAAAAAAAAAAAAAAAAAAAAAAAAAAAAAAAAAAAAAAAAAAAAAAAAAAAAAAAAAAAAAAAAAAAAAAAAAAAAAAAAAAAAAAAAAAAAAAAAAAAAAAAAAAAAAAAAAAAAAAAAAAAAAAAAAAAAAAAAAAAAAAAAAAAAAAAAAAAAAAAAAAAAAAAAAAAAAAAAAAAAAAAAAAAAAAAAAAAAAAAAAAAAAAAAAAAAAAAAAAAAAAAAAAAAAAAAAAAAAAAAAAAAAAAAAAAAAAAAAAAAAAAAAAAAAAAAAAAAAAAAAAAAAAAAAAAAAAAAAAAAAAAAAAAAAAAAAAAAAAAAAAAAAAAAAAAAAAAAAAAAAAAAAAAAAAAAAAAAAAAAAAAAAAAAAAAAAAAAAAAAAAAAAAAAAAAAAAAAAAAAAAAAAAAAAAAAAAAAAAAAAAAAAAAAAAAAAAAAAAAAAAAAAAAAAAAAAAAAAAAAAAAAAAAAAAAAAAAAAAAAAAAAAAAAAAAAAAAAAAAAAAAAAAAAAAAAAAAAAAAAAAAAAAAAAAAAAAAAAAAAAAAAAAAAAAAAAAAAAAAAAAAAAAAAAAAAAAAAAAAAAAAAAAAAAAAAAAAAAAAAAAAAAAAAAAAAAAAAAAAAAAAAAAAAAAAAAAAAAAAAAAAAAAAAAAAAAAAAAAAAAAAAAAAAAAAAAAAAAAAAAAAAAAAAAAAAAAAAAAAAAAAAAAAAAAAAAAAAAAAAAAAAAAAAAAAAAAAAAAAAAAAAAAAAAAAAAAAAAAAAAAAAAAAAAAAAAAAAAAAAAAAAAAAAAAAAAAAAAAAAAAAAAAAAAAAAAAAAAAAAAAAAAAAAAAAAAAAAAAAAAAAAAAAAAAAAAAAAAAAAAAAAAAAAAAAAAAAAAAAAAAAAAAAAAAAAAAAAAAAAAAAAAAAAAAAAAAAAAAAAAAAAAAAAAAAAAAAAAAAAAAAAAAAAAAAAAAAAAAAAAAAAAAAAAAAAAAAAAAAAAAAAAAAAAAAAAAAAAAAAAAAAAAAAAAAAAAAAAAAAAAAAAAAAAAAAAAAAAAAAAAAAAAAAAAAAAAAAAAAAAAAAAAAAAAAAAAAAAAAAAAAAAAAAAAAAAAAAAAAAAAAAAAAAAAAAAAAAAAAAAAAAAAAAAAAAAAAAAAAAAAAAAAAAAAAAAAAAAAAAAAAAAAAAAAAAAAAAAAAAAAAAAAAAAAAAAAAAAAAAAAAAAAAAAAAAAAAAAAAAAAAAAAAAAAAAAAAAAAAAAAAAAAAAAAAAAAAAAAAAAAAAAAAAAAAAAAAAAAAAAAAAAAAAAAAAAAAAAAAAAAAAAAAAAAAAAAAAAAAAAAAAAAAAAAAAAAAAAAAAAAAAAAAAAAAAAAAAAAAAAAAAAAAAAAAAAAAAAAAAAAAAAAAAAAAAAAAAAAAAAAAAAAAAAAAAAAAAAAAAAAAAAAAAAAAAAAAAAAAAAAAAAAAAAAAAAAAAAAAAAAAAAAAAAAAAAAAAAAAAAAAAAAAAAAAAAAAAAAAAAAAAAAAAAAAAAAAAAAAAAAAAAAAAAAAAAAAAAAAAAAAAAAAAAAAAAAAAAAAAAAAAAAAAAAAAAAAAAAAAAAAAAAAAAAAAAAAAAAAAAAAAAAAAAAAAAAAAAAAAAAAAAAAAAAAAAAAAAAAAAAAAAAAAAAAAAAAAAAAAAAAAAAAAAAAAAAAAAAAAAAAAAAAAAAAAAAAAAAAAAAAAAAAAAAAAAAAAAAAAAAAAAAAAAAAAAAAAAAAAAAAAAAAAAAAAAAAAAAAAAAAAAAAAAAAAAAAAAAAAAAAAAAAAAAAAAAAAAAAAAAAAAAAAAAAAAAAAAAAAAAAAAAAAAAAAAAAAAAAAAAAAAAAAAAAAAAAAAAAAAAAAAAAAAAAAAAAAAAAAAAAAAAAAAAAAAAAAAAAAAAAAAAAAAAAAAAAAAAAAAAAAAAAAAAAAAAAAAAAAAAAAAAAAAAAAAAAAAAAAAAAAAAAAAAAAAAAAAAAAAAAAAAAAAAAAAAAAAAAAAAAAAAAAAAAAAAAAAAAAAAAAAAAAAAAAAAAAAAAAAAAAAAAAAAAAAAAAAAAAAAAAAAAAAAAAAAAAAAAAAAAAAAAAAAAAAAAAAAAAAAAAAAAAAAAAAAAAAAAAAAAAAAAAAAAAAAAAAAAAAAAAAAAAAAAAAAAAAAAAAAAAAAAAAAAAAAAAAAAAAAAAAAAAAAAAAAAAAAAAAAAAAAAAAAAAAAAAAAAAAAAAAAAAAAAAAAAAAAAAAAAAAAAAAAAAAAAAAAAAAAAAAAAAAAAAAAAAAAAAAAAAAAAAAAAAAAAAAAAAAAAAAAAAAAAAAAAAAAAAAAAAAAAAAAAAAAAAAAAAAAAAAAAAAAAAAAAAAAAAAAAAAAAAAAAAAAAAAAAAAAAAAAAAAAAAAAAAAAAAAAAAAAAAAAAAAAAAAAAAAAAAAAAAAAAAAAAAAAAAAAAAAAAAAAAAAAAAAAAAAAAAAAAAAAAAAAAAAAAAAAAAAAAAAAAAAAAAAAAAAAAAAAAAAAAAAAAAAAAAAAAAAAAAAAAAAAAAAAAAAAAAAAAAAAAAAAAAAAAAAAAAAAAAAAAAAAAAAAAAAAAAAAAAAAAAAAAAAAAAAAAAAAAAAAAAAAAAAAAAAAAAAAAAAAAAAAAAAAAAAAAAAAAAAAAAAAAAAAAAAAAAAAAAAAAAAAAAAAAAAAAAAAAAAAAAAAAAAAAAAAAAAAAAAAAAAAAAAAAAAAAAAAAAAAAAAAAAAAAAAAAAAAAAAAAAAAAAAAAAAAAAAAAAAAAAAAAAAAAAAAAAAAAAAAAAAAAAAAAAAAAAAAAAAAAAAAAAAAAAAAAAAAAAAAAAAAAAAAAAAAAAAAAAAAAAAAAAAAAAAAAAAAAAAAAAAAAAAAAAAAAAAAAAAAAAAAAAAAAAAAAAAAAAAAAAAAAAAAAAAAAAAAAAAAAAAAAAAAAAAAAAAAAAAAAAAAAAAAAAAAAAAAAAAAAAAAAAAAAAAAAAAAAAAAAAAAAAAAAAAAAAAAAAAAAAAAAAAAAAAAAAAAAAAAAAAAAAAAAAAAAAAAAAAAAAAAAAAAAAAAAAAAAAAAAAAAAAAAAAAAAAAAAAAAAAAAAAAAAAAAAAAAAAAAAAAAAAAAAAAAAAAAAAAAAAAAAAAAAAAAAAAAAAAAAAAAAAAAAAAAAAAAAAAAAAAAAAAAAAAAAAAAAAAAAAAAAAAAAAAAAAAAAAAAAAAAAAAAAAAAAAAAAAAAAAAAAAAAAAAAAAAAAAAAAAAAAAAAAAAAAAAAAAAAAAAAAAAAAAAAAAAAAAAAAAAAAAAAAAAAAAAAAAAAAAAAAAAAAAAAAAAAAAAAAAAAAAAAAAAAAAAAAAAAAAAAAAAAAAAAAAAAAAAAAAAAAAAAAAAAAAAAAAAAAAAAAAAAAAAAAAAAAAAAAAAAAAAAAAAAAAAAAAAAAAAAAAAAAAAAAAAAAAAAAAAAAAAAAAAAAAAAAAAAAAAAAAAAAAAAAAAAAAAAAAAAAAAAAAAAAAAAAAAAAAAAAAAAAAAAAAAAAAAAAAAAAAAAAAAAAAAAAAAAAAAAAAAAAAAAAAAAAAAAAAAAAAAAAAAAAAAAAAAAAAAAAAAAAAAAAAAAAAAAAAAAAAAAAAAAAAAAAAAAAAAAAAAAAAAAAAAAAAAAAAAAAAAAAAAAAAAAAAAAAAAAAAAAAAAAAAAAAAAAAAAAAAAAAAAAAAAAAAAAAAAAAAAAAAAAAAAAAAAAAAAAAAAAAAAAAAAAAAAAAAAAAAAAAAAAAAAAAAAAAAAAAAAAAAAAAAAAAAAAAAAAAAAAAAAAAAAAAAAAAAAAAAAAAAAAAAAAAAAAAAAAAAAAAAAAAAAAAAAAAAAAAAAAAAAAAAAAAAAAAAAAAAAAAAAAAAAAAAAAAAAAAAAAAAAAAAAAAAAAAAAAAAAAAAAAAAAAAAAAAAAAAAAAAAAAAAAAAAAAAAAAAAAAAAAAAAAAAAAAAAAAAAAAAAAAAAAAAAAAAAAAAAAAAAAAAAAAAAAAAAAAAAAAAAAAAAAAAAAAAAAAAAAAAAAAAAAAAAAAAAAAAAAAAAAAAAAAAAAAAAAAAAAAAAAAAAAAAAAAAAAAAAAAAAAAAAAAAAAAAAAAAAAAAAAAAAAAAAAAAAAAAAAAAAAAAAAAAAAAAAAAAAAAAAAAAAAAAAAAAAAAAAAAAAAAAAAAAAAAAAAAAAAAAAAAAAAAAAAAAAAAAAAAAAAAAAAAAAAAAAAAAAAAAAAAAAAAAAAAAAAAAAAAAAAAAAAAAAAAAAAAAAAAAAAAAAAAAAAAAAAAAAAAAAAAAAAAAAAAAAAAAAAAAAAAAAAAAAAAAAAAAAAAAAAAAAAAAAAAAAAAAAAAAAAAAAAAAAAAAAAAAAAAAAAAAAAAAAAAAAAAAAAAAAAAAAAAAAAAAAAAAAAAAAAAAAAAAAAAAAAAAAAAAAAAAAAAAAAAAAAAAAAAAAAAAAAAAAAAAAAAAAAAAAAAAAAAAAAAAAAAAAAAAAAAAAAAAAAAAAAAAAAAAAAAAAAAAAAAAAAAAAAAAAAAAAAAAAAAAAAAAAAAAAAAAAAAAAAAAAAAAAAAAAAAAAAAAAAAAAAAAAAAAAAAAAAAAAAAAAAAAAAAAAAAAAAAAAAAAAAAAAAAAAAAAAAAAAAAAAAAAAAAAAAAAAAAAAAAAAAAAAAAAAAAAAAAAAAAAAAAAAAAAAAAAAAAAAAAAAAAAAAAAAAAAAAAAAAAAAAAAAAAAAAAAAAAAAAAAAAAAAAAAAAAAAAAAAAAAAAAAAAAAAAAAAAAAAAAAAAAAAAAAAAAAAAAAAAAAAAAAAAAAAAAAAAAAAAAAAAAAAAAAAAAAAAAAAAAAAAAAAAAAAAAAAAAAAAAAAAAAAAAAAAAAAAAAAAAAAAAAAAAAAAAAAAAAAAAAAAAAAAAAAAAAAAAAAAAAAAAAAAAAAAAAAAAAAAAAAAAAAAAAAAAAAAAAAAAAAAAAAAAAAAAAAAAAAAAAAAAAAAAAAAAAAAAAAAAAAAAAAAAAAAAAAAAAAAAAAAAAAAAAAAAAAAAAAAAAAAAAAAAAAAAAAAAAAAAAAAAAAAAAAAAAAAAAAAAAAAAAAAAAAAAAAAAAAAAAAAAAAAAAAAAAAAAAAAAAAAAAAAAAAAAAAAAAAAAAAAAAAAAAAAAAAAAAAAAAAAAAAAAAAAAAAAAAAAAAAAAAAAAAAAAAAAAAAAAAAAAAAAAAAAAAAAAAAAAAAAAAAAAAAAAAAAAAAAAAAAAAAAAAAAAAAAAAAAAAAAAAAAAAAAAAAAAAAAAAAAAAAAAAAAAAAAAAAAAAAAAAAAAAAAAAAAAAAAAAAAAAAAAAAAAAAAAAAAAAAAAAAAAAAAAAAAAAAAAAAAAAAAAAAAAAAAAAAAAAAAAAAAAAAAAAAAAAAAAAAAAAAAAAAAAAAAAAAAAAAAAAAAAAAAAAAAAAAAAAAAAAAAAAAAAAAAAAAAAAAAAAAAAAAAAAAAAAAAAAAAAAAAAAAAAAAAAAAAAAAAAAAAAAAAAAAAAAAAAAAAAAAAAAAAAAAAAAAAAAAAAAAAAAAAAAAAAAAAAAAAAAAAAAAAAAAAAAAAAAAAAAAAAAAAAAAAAAAAAAAAAAAAAAAAAAAAAAAAAAAAAAAAAAAAAAAAAAAAAAAAAAAAAAAAAAAAAAAAAAAAAAAAAAAAAAAAAAAAAAAAAAAAAAAAAAAAAAAAAAAAAAAAAAAAAAAAAAAAAAAAAAAAAAAAAAAAAAAAAAAAAAAAAAAAAAAAAAAAAAAAAAAAAAAAAAAAAAAAAAAAAAAAAAAAAAAAAAAAAAAAAAAAAAAAAAAAAAAAAAAAAAAAAAAAAAAAAAAAAAAAAAAAAAAAAAAAAAAAAAAAAAAAAAAAAAAAAAAAAAAAAAAAAAAAAAAAAAAAAAAAAAAAAAAAAAAAAAAAAAAAAAAAAAAAAAAAAAAAAAAAAAAAAAAAAAAAAAAAAAAAAAAAAAAAAAAAAAAAAAAAAAAAAAAAAAAAAAAAAAAAAAAAAAAAAAAAAAAAAAAAAAAAAAAAAAAAAAAAAAAAAAAAAAAAAAAAAAAAAAAAAAAAAAAAAAAAAAAAAAAAAAAAAAAAAAAAAAAAAAAAAAAAAAAAAAAAAAAAAAAAAAAAAAAAAAAAAAAAAAAAAAAAAAAAAAAAAAAAAAAAAAAAAAAAAAAAAAAAAAAAAAAAAAAAAAAAAAAAAAAAAAAAAAAAAAAAAAAAAAAAAAAAAAAAAAAAAAAAAAAAAAAAAAAAAAAAAAAAAAAAAAAAAAAAAAAAAAAAAAAAAAAAAAAAAAAAAAAAAAAAAAAAAAAAAAAAAAAAAAAAAAAAAAAAAAAAAAAAAAAAAAAAAAAAAAAAAAAAAAAAAAAAAAAAAAAAAAAAAAAAAAAAAAAAAAAAAAAAAAAAAAAAAAAAAAAAAAAAAAAAAAAAAAAAAAAAAAAAAAAAAAAAAAAAAAAAAAAAAAAAAAAAAAAAAAAAAAAAAAAAAAAAAAAAAAAAAAAAAAAAAAAAAAAAAAAAAAAAAAAAAAAAAAAAAAAAAAAAAAAAAAAAAAAAAAAAAAAAAAAAAAAAAAAAAAAAAAAAAAAAAAAAAAAAAAAAAAAAAAAAAAAAAAAAAAAAAAAAAAAAAAAAAAAAAAAAAAAAAAAAAAAAAAAAAAAAAAAAAAAAAAAAAAAAAAAAAAAAAAAAAAAAAAAAAAAAAAAAAAAAAAAAAAAAAAAAAAAAAAAAAAAAAAAAAAAAAAAAAAAAAAAAAAAAAAAAAAAAAAAAAAAAAAAAAAAAAAAAAAAAAAAAAAAAAAAAAAAAAAAAAAAAAAAAAAAAAAAAAAAAAAAAAAAAAAAAAAAAAAAAAAAAAAAAAAAAAAAAAAAAAAAAAAAAAAAAAAAAAAAAAAAAAAAAAAAAAAAAAAAAAAAAAAAAAAAAAAAAAAAAAAAAAAAAAAAAAAAAAAAAAAAAAAAAAAAAAAAAAAAAAAAAAAAAAAAAAAAAAAAAAAAAAAAAAAAAAAAAAAAAAAAAAAAAAAAAAAAAAAAAAAAAAAAAAAAAAAAAAAAAAAAAAAAAAAAAAAAAAAAAAAAAAAAAAAAAAAAAAAAAAAAAAAAAAAAAAAAAAAAAAAAAAAAAAAAAAAAAAAAAAAAAAAAAAAAAAAAAAAAAAAAAAAAAAAAAAAAAAAAAAAAAAAAAAAAAAAAAAAAAAAAAAAAAAAAAAAAAAAAAAAAAAAAAAAAAAAAAAAAAAAAAAAAAAAAAAAAAAAAAAAAAAAAAAAAAAAAAAAAAAAAAAAAAAAAAAAAAAAAAAAAAAAAAAAAAAAAAAAAAAAAAAAAAAAAAAAAAAAAAAAAAAAAAAAAAAAAAAAAAAAAAAAAAAAAAAAAAAAAAAAAAAAAAAAAAAAAAAAAAAAAAAAAAAAAAAAAAAAAAAAAAAAAAAAAAAAAAAAAAAAAAAAAAAAAAAAAAAAAAAAAAAAAAAAAAAAAAAAAAAAAAAAAAAAAAAAAAAAAAAAAAAAAAAAAAAAAAAAAAAAAAAAAAAAAAAAAAAAAAAAAAAAAAAAAAAAAAAAAAAAAAAAAAAAAAAAAAAAAAAAAAAAAAAAAAAAAAAAAAAAAAAAAAAAAAAAAAAAAAAAAAAAAAAAAAAAAAAAAAAAAAAAAAAAAAAAAAAAAAAAAAAAAAAAAAAAAAAAAAAAAAAAAAAAAAAAAAAAAAAAAAAAAAAAAAAAAAAAAAAAAAAAAAAAAAAAAAAAAAAAAAAAAAAAAAAAAAAAAAAAAAAAAAAAAAAAAAAAAAAAAAAAAAAAAAAAAAAAAAAAAAAAAAAAAAAAAAAAAAAAAAAAAAAAAAAAAAAAAAAAAAAAAAAAAAAAAAAAAAAAAAAAAAAAAAAAAAAAAAAAAAAAAAAAAAAAAAAAAAAAAAAAAAAAAAAAAAAAAAAAAAAAAAAAAAAAAAAAAAAAAAAAAAAAAAAAAAAAAAAAAAAAAAAAAAAAAAAAAAAAAAAAAAAAAAAAAAAAAAAAAAAAAAAAAAAAAAAAAAAAAAAAAAAAAAAAAAAAAAAAAAAAAAAAAAAAAAAAAAAAAAAAAAAAAAAAAAAAAAAAAAAAAAAAAAAAAAAAAAAAAAAAAAAAAAAAAAAAAAAAAAAAAAAAAAAAAAAAAAAAAAAAAAAAAAAAAAAAAAAAAAAAAAAAAAAAAAAAAAAAAAAAAAAAAAAAAAAAAAAAAAAAAAAAAAAAAAAAAAAAAAAAAAAAAAAAAAAAAAAAAAAAAAAAAAAAAAAAAAAAAAAAAAAAAAAAAAAAAAAAAAAAAAAAAAAAAAAAAAAAAAAAAAAAAAAAAAAAAAAAAAAAAAAAAAAAAAAAAAAAAAAAAAAAAAAAAAAAAAAAAAAAAAAAAAAAAAAAAAAAAAAAAAAAAAAAAAAAAAAAAAAAAAAAAAAAAAAAAAAAAAAAAAAAAAAAAAAAAAAAAAAAAAAAAAAAAAAAAAAAAAAAAAAAAAAAAAAAAAAAAAAAAAAAAAAAAAAAAAAAAAAAAAAAAAAAAAAAAAAAAAAAAAAAAAAAAAAAAAAAAAAAAAAAAAAAAAAAAAAAAAAAAAAAAAAAAAAAAAAAAAAAAAAAAAAAAAAAAAAAAAAAAAAAAAAAAAAAAAAAAAAAAAAAAAAAAAAAAAAAAAAAAAAAAAAAAAAAAAAAAAAAAAAAAAAAAAAAAAAAAAAAAAAAAAAAAAAAAAAAAAAAAAAAAAAAAAAAAAAAAAAAAAAAAAAAAAAAAAAAAAAAAAAAAAAAAAAAAAAAAAAAAAAAAAAAAAAAAAAAAAAAAAAAAAAAAAAAAAAAAAAAAAAAAAAAAAAAAAAAAAAAAAAAAAAAAAAAAAAAAAAAAAAAAAAAAAAAAAAAAAAAAAAAAAAAAAAAAAAAAAAAAAAAAAAAAAAAAAAAAAAAAAAAAAAAAAAAAAAAAAAAAAAAAAAAAAAAAAAAAAAAAAAAAAAAAAAAAAAAAAAAAAAAAAAAAAAAAAAAAAAAAAAAAAAAAAAAAAAAAAAAAAAAAAAAAAAAAAAAAAAAAAAAAAAAAAAAAAAAAAAAAAAAAAAAAAAAAAAAAAAAAAAAAAAAAAAAAAAAAAAAAAAAAAAAAAAAAAAAAAAAAAAAAAAAAAAAAAAAAAAAAAAAAAAAAAAAAAAAAAAAAAAAAAAAAAAAAAAAAAAAAAAAAAAAAAAAAAAAAAAAAAAAAAAAAAAAAAAAAAAAAAAAAAAAAAAAAAAAAAAAAAAAAAAAAAAAAAAAAAAAAAAAAAAAAAAAAAAAAAAAAAAAAAAAAAAAAAAAAAAAAAAAAAAAAAAAAAAAAAAAAAAAAAAAAAAAAAAAAAAAAAAAAAAAAAAAAAAAAAAAAAAAAAAAAAAAAAAAAAAAAAAAAAAAAAAAAAAAAAAAAAAAAAAAAAAAAAAAAAAAAAAAAAAAAAAAAAAAAAAAAAAAAAAAAAAAAAAAAAAAAAAAAAAAAAAAAAAAAAAAAAAAAAAAAAAAAAAAAAAAAAAAAAAAAAAAAAAAAAAAAAAAAAAAAAAAAAAAAAAAAAAAAAAAAAAAAAAAAAAAAAAAAAAAAAAAAAAAAAAAAAAAAAAAAAAAAAAAAAAAAAAAAAAAAAAAAAAAAAAAAAAAAAAAAAAAAAAAAAAAAAAAAAAAAAAAAAAAAAAAAAAAAAAAAAAAAAAAAAAAAAAAAAAAAAAAAAAAAAAAAAAAAAAAAAAAAAAAAAAAAAAAAAAAAAAAAAAAAAAAAAAAAAAAAAAAAAAAAAAAAAAAAAAAAAAAAAAAAAAAAAAAAAAAAAAAAAAAAAAAAAAAAAAAAAAAAAAAAAAAAAAAAAAAAAAAAAAAAAAAAAAAAAAAAAAAAAAAAAAAAAAAAAAAAAAAAAAAAAAAAAAAAAAAAAAAAAAAAAAAAAAAAAAAAAAAAAAAAAAAAAAAAAAAAAAAAAAAAAAAAAAAAAAAAAAAAAAAAAAAAAAAAAAAAAAAAAAAAAAAAAAAAAAAAAAAAAAAAAAAAAAAAAAAAAAAAAAAAAAAAAAAAAAAAAAAAAAAAAAAAAAAAAAAAAAAAAAAAAAAAAAAAAAAAAAAAAAAAAAAAAAAAAAAAAAAAAAAAAAAAAAAAAAAAAAAAAAAAAAAAAAAAAAAAAAAAAAAAAAAAAAAAAAAAAAAAAAAAAAAAAAAAAAAAAAAAAAAAAAAAAAAAAAAAAAAAAAAAAAAAAAAAAAAAAAAAAAAAAAAAAAAAAAAAAAAAAAAAAAAAAAAAAAAAAAAAAAAAAAAAAAAAAAAAAAAAAAAAAAAAAAAAAAAAAAAAAAAAAAAAAAAAAAAAAAAAAAAAAAAAAAAAAAAAAAAAAAAAAAAAAAAAAAAAAAAAAAAAAAAAAAAAAAAAAAAAAAAAAAAAAAAAAAAAAAAAAAAAAAAAAAAAAAAAAAAAAAAAAAAAAAAAAAAAAAAAAAAAAAAAAAAAAAAAAAAAAAAAAAAAAAAAAAAAAAAAAAAAAAAAAAAAAAAAAAAAAAAAAAAAAAAAAAAAAAAAAAAAAAAAAAAAAAAAAAAAAAAAAAAAAAAAAAAAAAAAAAAAAAAAAAAAAAAAAAAAAAAAAAAAAAAAAAAAAAAAAAAAAAAAAAAAAAAAAAAAAAAAAAAAAAAAAAAAAAAAAAAAAAAAAAAAAAAAAAAAAAAAAAAAAAAAAAAAAAAAAAAAAAAAAAAAAAAAAAAAAAAAAAAAAAAAAAAAAAAAAAAAAAAAAAAAAAAAAAAAAAAAAAAAAAAAAAAAAAAAAAAAAAAAAAAAAAAAAAAAAAAAAAAAAAAAAAAAAAAAAAAAAAAAAAAAAAAAAAAAAAAAAAAAAAAAAAAAAAAAAAAAAAAAAAAAAAAAAAAAAAAAAAAAAAAAAAAAAAAAAAAAAAAAAAAAAAAAAAAAAAAAAAAAAAAAAAAAAAAAAAAAAAAAAAAAAAAAAAAAAAAAAAAAAAAAAAAAAAAAAAAAAAAAAAAAAAAAAAAAAAAAAAAAAAAAAAAAAAAAAAAAAAAAAAAAAAAAAAAAAAAAAAAAAAAAAAAAAAAAAAAAAAAAAAAAAAAAAAAAAAAAAAAAAAAAAAAAAAAAAAAAAAAAAAAAAAAAAAAAAAAAAAAAAAAAAAAAAAAAAAAAAAAAAAAAAAAAAAAAAAAAAAAAAAAAAAAAAAAAAAAAAAAAAAAAAAAAAAAAAAAAAAAAAAAAAAAAAAAAAAAAAAAAAAAAAAAAAAAAAAAAAAAAAAAAAAAAAAAAAAAAAAAAAAAAAAAAAAAAAAAAAAAAAAAAAAAAAAAAAAAAAAAAAAAAAAAAAAAAAAAAAAAAAAAAAAAAAAAAAAAAAAAAAAAAAAAAAAAAAAAAAAAAAAAAAAAAAAAAAAAAAAAAAAAAAAAAAAAAAAAAAAAAAAAAAAAAAAAAAAAAAAAAAAAAAAAAAAAAAAAAAAAAAAAAAAAAAAAAAAAAAAAAAAAAAAAAAAAAAAAAAAAAAAAAAAAAAAAAAAAAAAAAAAAAAAAAAAAAAAAAAAAAAAAAAAAAAAAAAAAAAAAAAAAAAAAAAAAAAAAAAAAAAAAAAAAAAAAAAAAAAAAAAAAAAAAAAAAAAAAAAAAAAAAAAAAAAAAAAAAAAAAAAAAAAAAAAAAAAAAAAAAAAAAAAAAAAAAAAAAAAAAAAAAAAAAAAAAAAAAAAAAAAAAAAAAAAAAAAAAAAAAAAAAAAAAAAAAAAAAAAAAAAAAAAAAAAAAAAAAAAAAAAAAAAAAAAAAAAAAAAAAAAAAAAAAAAAAAAAAAAAAAAAAAAAAAAAAAAAAAAAAAAAAAAAAAAAAAAAAAAAAAAAAAAAAAAAAAAAAAAAAAAAAAAAAAAAAAAAAAAAAAAAAAAAAAAAAAAAAAAAAAAAAAAAAAAAAAAAAAAAAAAAAAAAAAAAAAAAAAAAAAAAAAAAAAAAAAAAAAAAAAAAAAAAAAAAAAAAAAAAAAAAAAAAAAAAAAAAAAAAAAAAAAAAAAAAAAAAAAAAAAAAAAAAAAAAAAAAAAAAAAAAAAAAAAAAAAAAAAAAAAAAAAAAAAAAAAAAAAAAAAAAAAAAAAAAAAAAAAAAAAAAAAAAAAAAAAAAAAAAAAAAAAAAAAAAAAAAAAAAAAAAAAAAAAAAAAAAAAAAAAAAAAAAAAAAAAAAAAAAAAAAAAAAAAAAAAAAAAAAAAAAAAAAAAAAAAAAAAAAAAAAAAAAAAAAAAAAAAAAAAAAAAAAAAAAAAAAAAAAAAAAAAAAAAAAAAAAAAAAAAAAAAAAAAAAAAAAAAAAAAAAAAAAAAAAAAAAAAAAAAAAAAAAAAAAAAAAAAAAAAAAAAAAAAAAAAAAAAAAAAAAAAAAAAAAAAAAAAAAAAAAAAAAAAAAAAAAAAAAAAAAAAAAAAAAAAAAAAAAAAAAAAAAAAAAAAAAAAAAAAAAAAAAAAAAAAAAAAAAAAAAAAAAAAAAAAAAAAAAAAAAAAAAAAAAAAAAAAAAAAAAAAAAAAAAAAAAAAAAAAAAAAAAAAAAAAAAAAAAAAAAAAAAAAAAAAAAAAAAAAAAAAAAAAAAAAAAAAAAAAAAAAAAAAAAAAAAAAAAAAAAAAAAAAAAAAAAAAAAAAAAAAAAAAAAAAAAAAAAAAAAAAAAAAAAAAAAAAAAAAAAAAAAAAAAAAAAAAAAAAAAAAAAAAAAAAAAAAAAAAAAAAAAAAAAAAAAAAAAAAAAAAAAAAAAAAAAAAAAAAAAAAAAAAAAAAAAAAAAAAAAAAAAAAAAAAAAAAAAAAAAAAAAAAAAAAAAAAAAAAAAAAAAAAAAAAAAAAAAAAAAAAAAAAAAAAAAAAAAAAAAAAAAAAAAAAAAAAAAAAAAAAAAAAAAAAAAAAAAAAAAAAAAAAAAAAAAAAAAAAAAAAAAAAAAAAAAAAAAAAAAAAAAAAAAAAAAAAAAAAAAAAAAAAAAAAAAAAAAAAAAAAAAAAAAAAAAAAAAAAAAAAAAAAAAAAAAAAAAAAAAAAAAAAAAAAAAAAAAAAAAAAAAAAAAAAAAAAAAAAAAAAAAAAAAAAAAAAAAAAAAAAAAAAAAAAAAAAAAAAAAAAAAAAAAAAAAAAAAAAAAAAAAAAAAAAAAAAAAAAAAAAAAAAAAAAAAAAAAAAAAAAAAAAAAAAAAAAAAAAAAAAAAAAAAAAAAAAAAAAAAAAAAAAAAAAAAAAAAAAAAAAAAAAAAAAAAAAAAAAAAAAAAAAAAAAAAAAAAAAAAAAAAAAAAAAAAAAAAAAAAAAAAAAAAAAAAAAAAAAAAAAAAAAAAAAAAAAAAAAAAAAAAAAAAAAAAAAAAAAAAAAAAAAAAAAAAAAAAAAAAAAAAAAAAAAAAAAAAAAAAAAAAAAAAAAAAAAAAAAAAAAAAAAAAAAAAAAAAAAAAAAAAAAAAAAAAAAAAAAAAAAAAAAAAAAAAAAAAAAAAAAAAAAAAAAAAAAAAAAAAAAAAAAAAAAAAAAAAAAAAAAAAAAAAAAAAAAAAAAAAAAAAAAAAAAAAAAAAAAAAAAAAAAAAAAAAAAAAAAAAAAAAAAAAAAAAAAAAAAAAAAAAAAAAAAAAAAAAAAAAAAAAAAAAAAAAAAAAAAAAAAAAAAAAAAAAAAAAAAAAAAAAAAAAAAAAAAAAAAAAAAAAAAAAAAAAAAAAAAAAAAAAAAAAAAAAAAAAAAAAAAAAAAAAAAAAAAAAAAAAAAAAAAAAAAAAAAAAAAAAAAAAAAAAAAAAAAAAAAAAAAAAAAAAAAAAAAAAAAAAAAAAAAAAAAAAAAAAAAAAAAAAAAAAAAAAAAAAAAAAAAAAAAAAAAAAAAAAAAAAAAAAAAAAAAAAAAAAAAAAAAAAAAAAAAAAAAAAAAAAAAAAAAAAAAAAAAAAAAAAAAAAAAAAAAAAAAAAAAAAAAAAAAAAAAAAAAAAAAAAAAAAAAAAAAAAAAAAAAAAAAAAAAAAAAAAAAAAAAAAAAAAAAAAAAAAAAAAAAAAAAAAAAAAAAAAAAAAAAAAAAAAAAAAAAAAAAAAAAAAAAAAAAAAAAAAAAAAAAAAAAAAAAAAAAAAAAAAAAAAAAAAAAAAAAAAAAAAAAAAAAAAAAAAAAAAAAAAAAAAAAAAAAAAAAAAAAAAAAAAAAAAAAAAAAAAAAAAAAAAAAAAAAAAAAAAAAAAAAAAAAAAAAAAAAAAAAAAAAAAAAAAAAAAAAAAAAAAAAAAAAAAAAAAAAAAAAAAAAAAAAAAAAAAAAAAAAAAAAAAAAAAAAAAAAAAAAAAAAAAAAAAAAAAAAAAAAAAAAAAAAAAAAAAAAAAAAAAAAAAAAAAAAAAAAAAAAAAAAAAAAAAAAAAAAAAAAAAAAAAAAAAAAAAAAAAAAAAAAAAAAAAAAAAAAAAAAAAAAAAAAAAAAAAAAAAAAAAAAAAAAAAAAAAAAAAAAAAAAAAAAAAAAAAAAAAAAAAAAAAAAAAAAAAAAAAAAAAAAAAAAAAAAAAAAAAAAAAAAAAAAAAAAAAAAAAAAAAAAAAAAAAAAAAAAAAAAAAAAAAAAAAAAAAAAAAAAAAAAAAAAAAAAAAAAAAAAAAAAAAAAAAAAAAAAAAAAAAAAAAAAAAAAAAAAAAAAAAAAAAAAAAAAAAAAAAAAAAAAAAAAAAAAAAAAAAAAAAAAAAAAAAAAAAAAAAAAAAAAAAAAAAAAAAAAAAAAAAAAAAAAAAAAAAAAAAAAAAAAAAAAAAAAAAAAAAAAAAAAAAAAAAAAAAAAAAAAAAAAAAAAAAAAAAAAAAAAAAAAAAAAAAAAAAAAAAAAAAAAAAAAAAAAAAAAAAAAAAAAAAAAAAAAAAAAAAAAAAAAAAAAAAAAAAAAAAAAAAAAAAAAAAAAAAAAAAAAAAAAAAAAAAAAAAAAAAAAAAAAAAAAAAAAAAAAAAAAAAAAAAAAAAAAAAAAAAAAAAAAAAAAAAAAAAAAAAAAAAAAAAAAAAAAAAAAAAAAAAAAAAAAAAAAAAAAAAAAAAAAAAAAAAAAAAAAAAAAAAAAAAAAAAAAAAAAAAAAAAAAAAAAAAAAAAAAAAAAAAAAAAAAAAAAAAAAAAAAAAAAAAAAAAAAAAAAAAAAAAAAAAAAAAAAAAAAAAAAAAAAAAAAAAAAAAAAAAAAAAAAAAAAAAAAAAAAAAAAAAAAAAAAAAAAAAAAAAAAAAAAAAAAAAAAAAAAAAAAAAAAAAAAAAAAAAAAAAAAAAAAAAAAAAAAAAAAAAAAAAAAAAAAAAAAAAAAAAAAAAAAAAAAAAAAAAAAAAAAAAAAAAAAAAAAAAAAAAAAAAAAAAAAAAAAAAAAAAAAAAAAAAAAAAAAAAAAAAAAAAAAAAAAAAAAAAAAAAAAAAAAAAAAAAAAAAAAAAAAAAAAAAAAAAAAAAAAAAAAAAAAAAAAAAAAAAAAAAAAAAAAAAAAAAAAAAAAAAAAAAAAAAAAAAAAAAAAAAAAAAAAAAAAAAAAAAAAAAAAAAAAAAAAAAAAAAAAAAAAAAAAAAAAAAAAAAAAAAAAAAAAAAAAAAAAAAAAAAAAAAAAAAAAAAAAAAAAAAAAAAAAAAAAAAAAAAAAAAAAAAAAAAAAAAAAAAAAAAAAAAAAAAAAAAAAAAAAAAAAAAAAAAAAAAAAAAAAAAAAAAAAAAAAAAAAAAAAAAAAAAAAAAAAAAAAAAAAAAAAAAAAAAAAAAAAAAAAAAAAAAAAAAAAAAAAAAAAAAAAAAAAAAAAAAAAAAAAAAAAAAAAAAAAAAAAAAAAAAAAAAAAAAAAAAAAAAAAAAAAAAAAAAAAAAAAAAAAAAAAAAAAAAAAAAAAAAAAAAAAAAAAAAAAAAAAAAAAAAAAAAAAAAAAAAAAAAAAAAAAAAAAAAAAAAAAAAAAAAAAAAAAAAAAAAAAAAAAAAAAAAAAAAAAAAAAAAAAAAAAAAAAAAAAAAAAAAAAAAAAAAAAAAAAAAAAAAAAAAAAAAAAAAAAAAAAAAAAAAAAAAAAAAAAAAAAAAAAAAAAAAAAAAAAAAAAAAAAAAAAAAAAAAAAAAAAAAAAAAAAAAAAAAAAAAAAAAAAAAAAAAAAAAAAAAAAAAAAAAAAAAAAAAAAAAAAAAAAAAAAAAAAAAAAAAAAAAAAAAAAAAAAAAAAAAAAAAAAAAAAAAAAAAAAAAAAAAAAAAAAAAAAAAAAAAAAAAAAAAAAAAAAAAAAAAAAAAAAAAAAAAAAAAAAAAAAAAAAAAAAAAAAAAAAAAAAAAAAAAAAAAAAAAAAAAAAAAAAAAAAAAAAAAAAAAAAAAAAAAAAAAAAAAAAAAAAAAAAAAAAAAAAAAAAAAAAAAAAAAAAAAAAAAAAAAAAAAAAAAAAAAAAAAAAAAAAAAAAAAAAAAAAAAAAAAAAAAAAAAAAAAAAAAAAAAAAAAAAAAAAAAAAAAAAAAAAAAAAAAAAAAAAAAAAAAAAAAAAAAAAAAAAAAAAAAAAAAAAAAAAAAAAAAAAAAAAAAAAAAAAAAAAAAAAAAAAAAAAAAAAAAAAAAAAAAAAAAAAAAAAAAAAAAAAAAAAAAAAAAAAAAAAAAAAAAAAAAAAAAAAAAAAAAAAAAAAAAAAAAAAAAAAAAAAAAAAAAAAAAAAAAAAAAAAAAAAAAAAAAAAAAAAAAAAAAAAAAAAAAAAAAAAAAAAAAAAAAAAAAAAAAAAAAAAAAAAAAAAAAAAAAAAAAAAAAAAAAAAAAAAAAAAAAAAAAAAAAAAAAAAAAAAAAAAAAAAAAAAAAAAAAAAAAAAAAAAAAAAAAAAAAAAAAAAAAAAAAAAAAAAAAAAAAAAAAAAAAAAAAAAAAAAAAAAAAAAAAAAAAAAAAAAAAAAAAAAAAAAAAAAAAAAAAAAAAAAAAAAAAAAAAAAAAAAAAAAAAAAAAAAAAAAAAAAAAAAAAAAAAAAAAAAAAAAAAAAAAAAAAAAAAAAAAAAAAAAAAAAAAAAAAAAAAAAAAAAAAAAAAAAAAAAAAAAAAAAAAAAAAAAAAAAAAAAAAAAAAAAAAAAAAAAAAAAAAAAAAAAAAAAAAAAAAAAAAAAAAAAAAAAAAAAAAAAAAAAAAAAAAAAAAAAAAAAAAAAAAAAAAAAAAAAAAAAAAAAAAAAAAAAAAAAAAAAAAAAAAAAAAAAAAAAAAAAAAAAAAAAAAAAAAAAAAAAAAAAAAAAAAAAAAAAAAAAAAAAAAAAAAAAAAAAAAAAAAAAAAAAAAAAAAAAAAAAAAAAAAAAAAAAAAAAAAAAAAAAAAAAAAAAAAAAAAAAAAAAAAAAAAAAAAAAAAAAAAAAAAAAAAAAAAAAAAAAAAAAAAAAAAAAAAAAAAAAAAAAAAAAAAAAAAAAAAAAAAAAAAAAAAAAAAAAAAAAAAAAAAAAAAAAAAAAAAAAAAAAAAAAAAAAAAAAAAAAAAAAAAAAAAAAAAAAAAAAAAAAAAAAAAAAAAAAAAAAAAAAAAAAAAAAAAAAAAAAAAAAAAAAAAAAAAAAAAAAAAAAAAAAAAAAAAAAAAAAAAAAAAAAAAAAAAAAAAAAAAAAAAAAAAAAAAAAAAAAAAAAAAAAAAAAAAAAAAAAAAAAAAAAAAAAAAAAAAAAAAAAAAAAAAAAAAAAAAAAAAAAAAAAAAAAAAAAAAAAAAAAAAAAAAAAAAAAAAAAAAAAAAAAAAAAAAAAAAAAAAAAAAAAAAAAAAAAAAAAAAAAAAAAAAAAAAAAAAAAAAAAAAAAAAAAAAAAAAAAAAAAAAAAAAAAAAAAAAAAAAAAAAAAAAAAAAAAAAAAAAAAAAAAAAAAAAAAAAAAAAAAAAAAAAAAAAAAAAAAAAAAAAAAAAAAAAAAAAAAAAAAAAAAAAAAAAAAAAAAAAAAAAAAAAAAAAAAAAAAAAAAAAAAAAAAAAAAAAAAAAAAAAAAAAAAAAAAAAAAAAAAAAAAAAAAAAAAAAAAAAAAAAAAAAAAAAAAAAAAAAAAAAAAAAAAAAAAAAAAAAAAAAAAAAAAAAAAAAAAAAAAAAAAAAAAAAAAAAAAAAAAAAAAAAAAAAAAAAAAAAAAAAAAAAAAAAAAAAAAAAAAAAAAAAAAAAAAAAAAAAAAAAAAAAAAAAAAAAAAAAAAAAAAAAAAAAAAAAAAAAAAAAAAAAAAAAAAAAAAAAAAAAAAAAAAAAAAAAAAAAAAAAAAAAAAAAAAAAAAAAAAAAAAAAAAAAAAAAAAAAAAAAAAAAAAAAAAAAAAAAAAAAAAAAAAAAAAAAAAAAAAAAAAAAAAAAAAAAAAAAAAAAAAAAAAAAAAAAAAAAAAAAAAAAAAAAAAAAAAAAAAAAAAAAAAAAAAAAAAAAAAAAAAAAAAAAAAAAAAAAAAAAAAAAAAAAAAAAAAAAAAAAAAAAAAAAAAAAAAAAAAAAAAAAAAAAAAAAAAAAAAAAAAAAAAAAAAAAAAAAAAAAAAAAAAAAAAAAAAAAAAAAAAAAAAAAAAAAAAAAAAAAAAAAAAAAAAAAAAAAAAAAAAAAAAAAAAAAAAAAAAAAAAAAAAAAAAAAAAAAAAAAAAAAAAAAAAAAAAAAAAAAAAAAAAAAAAAAAAAAAAAAAAAAAAAAAAAAAAAAAAAAAAAAAAAAAAAAAAAAAAAAAAAAAAAAAAAAAAAAAAAAAAAAAAAAAAAAAAAAAAAAAAAAAAAAAAAAAAAAAAAAAAAAAAAAAAAAAAAAAAAAAAAAAAAAAAAAAAAAAAAAAAAAAAAAAAAAAAAAAAAAAAAAAAAAAAAAAAAAAAAAAAAAAAAAAAAAAAAAAAAAAAAAAAAAAAAAAAAAAAAAAAAAAAAAAAAAAAAAAAAAAAAAAAAAAAAAAAAAAAAAAAAAAAAAAAAAAAAAAAAAAAAAAAAAAAAAAAAAAAAAAAAAAAAAAAAAAAAAAAAAAAAAAAAAAAAAAAAAAAAAAAAAAAAAAAAAAAAAAAAAAAAAAAAAAAAAAAAAAAAAAAAAAAAAAAAAAAAAAAAAAAAAAAAAAAAAAAAAAAAAAAAAAAAAAAAAAAAAAAAAAAAAAAAAAAAAAAAAAAAAAAAAAAAAAAAAAAAAAAAAAAAAAAAAAAAAAAAAAAAAAAAAAAAAAAAAAAAAAAAAAAAAAAAAAAAAAAAAAAAAAAAAAAAAAAAAAAAAAAAAAAAAAAAAAAAAAAAAAAAAAAAAAAAAAAAAAAAAAAAAAAAAAAAAAAAAAAAAAAAAAAAAAAAAAAAAAAAAAAAAAAAAAAAAAAAAAAAAAAAAAAAAAAAAAAAAAAAAAAAAAAAAAAAAAAAAAAAAAAAAAAAAAAAAAAAAAAAAAAAAAAAAAAAAAAAAAAAAAAAAAAAAAAAAAAAAAAAAAAAAAAAAAAAAAAAAAAAAAAAAAAAAAAAAAAAAAAAAAAAAAAAAAAAAAAAAAAAAAAAAAAAAAAAAAAAAAAAAAAAAAAAAAAAAAAAAAAAAAAAAAAAAAAAAAAAAAAAAAAAAAAAAAAAAAAAAAAAAAAAAAAAAAAAAAAAAAAAAAAAAAAAAAAAAAAAAAAAAAAAAAAAAAAAAAAAAAAAAAAAAAAAAAAAAAAAAAAAAAAAAAAAAAAAAAAAAAAAAAAAAAAAAAAAAAAAAAAAAAAAAAAAAAAAAAAAAAAAAAAAAAAAAAAAAAAAAAAAAAAAAAAAAAAAAAAAAAAAAAAAAAAAAAAAAAAAAAAAAAAAAAAAAAAAAAAAAAAAAAAAAAAAAAAAAAAAAAAAAAAAAAAAAAAAAAAAAAAAAAAAAAAAAAAAAAAAAAAAAAAAAAAAAAAAAAAAAAAAAAAAAAAAAAAAAAAAAAAAAAAAAAAAAAAAAAAAAAAAAAAAAAAAAAAAAAAAAAAAAAAAAAAAAAAAAAAAAAAAAAAAAAAAAAAAAAAAAAAAAAAAAAAAAAAAAAAAAAAAAAAAAAAAAAAAAAAAAAAAAAAAAAAAAAAAAAAAAAAAAAAAAAAAAAAAAAAAAAAAAAAAAAAAAAAAAAAAAAAAAAAAAAAAAAAAAAAAAAAAAAAAAAAAAAAAAAAAAAAAAAAAAAAAAAAAAAAAAAAAAAAAAAAAAAAAAAAAAAAAAAAAAAAAAAAAAAAAAAAAAAAAAAAAAAAAAAAAAAAAAAAAAAAAAAAAAAAAAAAAAAAAAAAAAAAAAAAAAAAAAAAAAAAAAAAAAAAAAAAAAAAAAAAAAAAAAAAAAAAAAAAAAAAAAAAAAAAAAAAAAAAAAAAAAAAAAAAAAAAAAAAAAAAAAAAAAAAAAAAAAAAAAAAAAAAAAAAAAAAAAAAAAAAAAAAAAAAAAAAAAAAAAAAAAAAAAAAAAAAAAAAAAAAAAAAAAAAAAAAAAAAAAAAAAAAAAAAAAAAAAAAAAAAAAAAAAAAAAAAAAAAAAAAAAAAAAAAAAAAAAAAAAAAAAAAAAAAAAAAAAAAAAAAAAAAAAAAAAAAAAAAAAAAAAAAAAAAAAAAAAAAAAAAAAAAAAAAAAAAAAAAAAAAAAAAAAAAAAAAAAAAAAAAAAAAAAAAAAAAAAAAAAAAAAAAAAAAAAAAAAAAAAAAAAAAAAAAAAAAAAAAAAAAAAAAAAAAAAAAAAAAAAAAAAAAAAAAAAAAAAAAAAAAAAAAAAAAAAAAAAAAAAAAAAAAAAAAAAAAAAAAAAAAAAAAAAAAAAAAAAAAAAAAAAAAAAAAAAAAAAAAAAAAAAAAAAAAAAAAAAAAAAAAAAAAAAAAAAAAAAAAAAAAAAAAAAAAAAAAAAAAAAAAAAAAAAAAAAAAAAAAAAAAAAAAAAAAAAAAAAAAAAAAAAAAAAAAAAAAAAAAAAAAAAAAAAAAAAAAAAAAAAAAAAAAAAAAAAAAAAAAAAAAAAAAAAAAAAAAAAAAAAAAAAAAAAAAAAAAAAAAAAAAAAAAAAAAAAAAAAAAAAAAAAAAAAAAAAAAAAAAAAAAAAAAAAAAAAAAAAAAAAAAAAAAAAAAAAAAAAAAAAAAAAAAAAAAAAAAAAAAAAAAAAAAAAAAAAAAAAAAAAAAAAAAAAAAAAAAAAAAAAAAAAAAAAAAAAAAAAAAAAAAAAAAAAAAAAAAAAAAAAAAAAAAAAAAAAAAAAAAAAAAAAAAAAAAAAAAAAAAAAAAAAAAAAAAAAAAAAAAAAAAAAAAAAAAAAAAAAAAAAAAAAAAAAAAAAAAAAAAAAAAAAAAAAAAAAAAAAAAAAAAAAAAAAAAAAAAAAAAAAAAAAAAAAAAAAAAAAAAAAAAAAAAAAAAAAAAAAAAAAAAAAAAAAAAAAAAAAAAAAAAAAAAAAAAAAAAAAAAAAAAAAAAAAAAAAAAAAAAAAAAAAAAAAAAAAAAAAAAAAAAAAAAAAAAAAAAAAAAAAAAAAAAAAAAAAAAAAAAAAAAAAAAAAAAAAAAAAAAAAAAAAAAAAAAAAAAAAAAAAAAAAAAAAAAAAAAAAAAAAAAAAAAAAAAAAAAAAAAAAAAAAAAAAAAAAAAAAAAAAAAAAAAAAAAAAAAAAAAAAAAAAAAAAAAAAAAAAAAAAAAAAAAAAAAAAAAAAAAAAAAAAAAAAAAAAAAAAAAAAAAAAAAAAAAAAAAAAAAAAAAAAAAAAAAAAAAAAAAAAAAAAAAAAAAAAAAAAAAAAAAAAAAAAAAAAAAAAAAAAAAAAAAAAAAAAAAAAAAAAAAAAAAAAAAAAAAAAAAAAAAAAAAAAAAAAAAAAAAAAAAAAAAAAAAAAAAAAAAAAAAAAAAAAAAAAAAAAAAAAAAAAAAAAAAAAAAAAAAAAAAAAAAAAAAAAAAAAAAAAAAAAAAAAAAAAAAAAAAAAAAAAAAAAAAAAAAAAAAAAAAAAAAAAAAAAAAAAAAAAAAAAAAAAAAAAAAAAAAAAAAAAAAAAAAAAAAAAAAAAAAAAAAAAAAAAAAAAAAAAAAAAAAAAAAAAAAAAAAAAAAAAAAAAAAAAAAAAAAAAAAAAAAAAAAAAAAAAAAAAAAAAAAAAAAAAAAAAAAAAAAAAAAAAAAAAAAAAAAAAAAAAAAAAAAAAAAAAAAAAAAAAAAAAAAAAAAAAAAAAAAAAAAAAAAAAAAAAAAAAAAAAAAAAAAAAAAAAAAAAAAAAAAAAAAAAAAAAAAAAAAAAAAAAAAAAAAAAAAAAAAAAAAAAAAAAAAAAAAAAAAAAAAAAAAAAAAAAAAAAAAAAAAAAAAAAAAAAAAAAAAAAAAAAAAAAAAAAAAAAAAAAAAAAAAAAAAAAAAAAAAAAAAAAAAAAAAAAAAAAAAAAAAAAAAAAAAAAAAAAAAAAAAAAAAAAAAAAAAAAAAAAAAAAAAAAAAAAAAAAAAAAAAAAAAAAAAAAAAAAAAAAAAAAAAAAAAAAAAAAAAAAAAAAAAAAAAAAAAAAAAAAAAAAAAAAAAAAAAAAAAAAAAAAAAAAAAAAAAAAAAAAAAAAAAAAAAAAAAAAAAAAAAAAAAAAAAAAAAAAAAAAAAAAAAAAAAAAAAAAAAAAAAAAAAAAAAAAAAAAAAAAAAAAAAAAAAAAAAAAAAAAAAAAAAAAAAAAAAAAAAAAAAAAAAAAAAAAAAAAAAAAAAAAAAAAAAAAAAAAAAAAAAAAAAAAAAAAAAAAAAAAAAAAAAAAAAAAAAAAAAAAAAAAAAAAAAAAAAAAAAAAAAAAAAAAAAAAAAAAAAAAAAAAAAAAAAAAAAAAAAAAAAAAAAAAAAAAAAAAAAAAAAAAAAAAAAAAAAAAAAAAAAAAAAAAAAAAAAAAAAAAAAAAAAAAAAAAAAAAAAAAAAAAAAAAAAAAAAAAAAAAAAAAAAAAAAAAAAAAAAAAAAAAAAAAAAAAAAAAAAAAAAAAAAAAAAAAAAAAAAAAAAAAAAAAAAAAAAAAAAAAAAAAAAAAAAAAAAAAAAAAAAAAAAAAAAAAAAAAAAAAAAAAAAAAAAAAAAAAAAAAAAAAAAAAAAAAAAAAAAAAAAAAAAAAAAAAAAAAAAAAAAAAAAAAAAAAAAAAAAAAAAAAAAAAAAAAAAAAAAAAAAAAAAAAAAAAAAAAAAAAAAAAAAAAAAAAAAAAAAAAAAAAAAAAAAAAAAAAAAAAAAAAAAAAAAAAAAAAAAAAAAAAAAAAAAAAAAAAAAAAAAAAAAAAAAAAAAAAAAAAAAAAAAAAAAAAAAAAAAAAAAAAAAAAAAAAAAAAAAAAAAAAAAAAAAAAAAAAAAAAAAAAAAAAAAAAAAAAAAAAAAAAAAAAAAAAAAAAAAAAAAAAAAAAAAAAAAAAAAAAAAAAAAAAAAAAAAAAAAAAAAAAAAAAAAAAAAAAAAAAAAAAAAAAAAAAAAAAAAAAAAAAAAAAAAAAAAAAAAAAAAAAAAAAAAAAAAAAAAAAAAAAAAAAAAAAAAAAAAAAAAAAAAAAAAAAAAAAAAAAAAAAAAAAAAAAAAAAAAAAAAAAAAAAAAAAAAAAAAAAAAAAAAAAAAAAAAAAAAAAAAAAAAAAAAAAAAAAAAAAAAAAAAAAAAAAAAAAAAAAAAAAAAAAAAAAAAAAAAAAAAAAAAAAAAAAAAAAAAAAAAAAAAAAAAAAAAAAAAAAAAAAAAAAAAAAAAAAAAAAAAAAAAAAAAAAAAAAAAAAAAAAAAAAAAAAAAAAAAAAAAAAAAAAAAAAAAAAAAAAAAAAAAAAAAAAAAAAAAAAAAAAAAAAAAAAAAAAAAAAAAAAAAAAAAAAAAAAAAAAAAAAAAAAAAAAAAAAAAAAAAAAAAAAAAAAAAAAAAAAAAAAAAAAAAAAAAAAAAAAAAAAAAAAAAAAAAAAAAAAAAAAAAAAAAAAAAAAAAAAAAAAAAAAAAAAAAAAAAAAAAAAAAAAAAAAAAAAAAAAAAAAAAAAAAAAAAAAAAAAAAAAAAAAAAAAAAAAAAAAAAAAAAAAAAAAAAAAAAAAAAAAAAAAAAAAAAAAAAAAAAAAAAAAAAAAAAAAAAAAAAAAAAAAAAAAAAAAAAAAAAAAAAAAAAAAAAAAAAAAAAAAAAAAAAAAAAAAAAAAAAAAAAAAAAAAAAAAAAAAAAAAAAAAAAAAAAAAAAAAAAAAAAAAAAAAAAAAAAAAAAAAAAAAAAAAAAAAAAAAAAAAAAAAAAAAAAAAAAAAAAAAAAAAAAAAAAAAAAAAAAAAAAAAAAAAAAAAAAAAAAAAAAAAAAAAAAAAAAAAAAAAAAAAAAAAAAAAAAAAAAAAAAAAAAAAAAAAAAAAAAAAAAAAAAAAAAAAAAAAAAAAAAAAAAAAAAAAAAAAAAAAAAAAAAAAAAAAAAAAAAAAAAAAAAAAAAAAAAAAAAAAAAAAAAAAAAAAAAAAAAAAAAAAAAAAAAAAAAAAAAAAAAAAAAAAAAAAAAAAAAAAAAAAAAAAAAAAAAAAAAAAAAAAAAAAAAAAAAAAAAAAAAAAAAAAAAAAAAAAAAAAAAAAAAAAAAAAAAAAAAAAAAAAAAAAAAAAAAAAAAAAAAAAAAAAAAAAAAAAAAAAAAAAAAAAAAAAAAAAAAAAAAAAAAAAAAAAAAAAAAAAAAAAAAAAAAAAAAAAAAAAAAAAAAAAAAAAAAAAAAAAAAAAAAAAAAAAAAAAAAAAAAAAAAAAAAAAAAAAAAAAAAAAAAAAAAAAAAAAAAAAAAAAAAAAAAAAAAAAAAAAAAAAAAAAAAAAAAAAAAAAAAAAAAAAAAAAAAAAAAAAAAAAAAAAAAAAAAAAAAAAAAAAAAAAAAAAAAAAAAAAAAAAAAAAAAAAAAAAAAAAAAAAAAAAAAAAAAAAAAAAAAAAAAAAAAAAAAAAAAAAAAAAAAAAAAAAAAAAAAAAAAAAAAAAAAAAAAAAAAAAAAAAAAAAAAAAAAAAAAAAAAAAAAAAAAAAAAAAAAAAAAAAAAAAAAAAAAAAAAAAAAAAAAAAAAAAAAAAAAAAAAAAAAAAAAAAAAAAAAAAAAAAAAAAAAAAAAAAAAAAAAAAAAAAAAAAAAAAAAAAAAAAAAAAAAAAAAAAAAAAAAAAAAAAAAAAAAAAAAAAAAAAAAAAAAAAAAAAAAAAAAAAAAAAAAAAAAAAAAAAAAAAAAAAAAAAAAAAAAAAAAAAAAAAAAAAAAAAAAAAAAAAAAAAAAAAAAAAAAAAAAAAAAAAAAAAAAAAAAAAAAAAAAAAAAAAAAAAAAAAAAAAAAAAAAAAAAAAAAAAAAAAAAAAAAAAAAAAAAAAAAAAAAAAAAAAAAAAAAAAAAAAAAAAAAAAAAAAAAAAAAAAAAAAAAAAAAAAAAAAAAAAAAAAAAAAAAAAAAAAAAAAAAAAAAAAAAAAAAAAAAAAAAAAAAAAAAAAAAAAAAAAAAAAAAAAAAAAAAAAAAAAAAAAAAAAAAAAAAAAAAAAAAAAAAAAAAAAAAAAAAAAAAAAAAAAAAAAAAAAAAAAAAAAAAAAAAAAAAAAAAAAAAAAAAAAAAAAAAAAAAAAAAAAAAAAAAAAAAAAAAAAAAAAAAAAAAAAAAAAAAAAAAAAAAAAAAAAAAAAAAAAAAAAAAAAAAAAAAAAAAAAAAAAAAAAAAAAAAAAAAAAAAAAAAAAAAAAAAAAAAAAAAAAAAAAAAAAAAAAAAAAAAAAAAAAAAAAAAAAAAAAAAAAAAAAAAAAAAAAAAAAAAAAAAAAAAAAAAAAAAAAAAAAAAAAAAAAAAAAAAAAAAAAAAAAAAAAAAAAAAAAAAAAAAAAAAAAAAAAAAAAAAAAAAAAAAAAAAAAAAAAAAAAAAAAAAAAAAAAAAAAAAAAAAAAAAAAAAAAAAAAAAAAAAAAAAAAAAAAAAAAAAAAAAAAAAAAAAAAAAAAAAAAAAAAAAAAAAAAAAAAAAAAAAAAAAAAAAAAAAAAAAAAAAAAAAAAAAAAAAAAAAAAAAAAAAAAAAAAAAAAAAAAAAAAAAAAAAAAAAAAAAAAAAAAAAAAAAAAAAAAAAAAAAAAAAAAAAAAAAAAAAAAAAAAAAAAAAAAAAAAAAAAAAAAAAAAAAAAAAAAAAAAAAAAAAAAAAAAAAAAAAAAAAAAAAAAAAAAAAAAAAAAAAAAAAAAAAAAAAAAAAAAAAAAAAAAAAAAAAAAAAAAAAAAAAAAAAAAAAAAAAAAAAAAAAAAAAAAAAAAAAAAAAAAAAAAAAAAAAAAAAAAAAAAAAAAAAAAAAAAAAAAAAAAAAAAAAAAAAAAAAAAAAAAAAAAAAAAAAAAAAAAAAAAAAAAAAAAAAAAAAAAAAAAAAAAAAAAAAAAAAAAAAAAAAAAAAAAAAAAAAAAAAAAAAAAAAAAAAAAAAAAAAAAAAAAAAAAAAAAAAAAAAAAAAAAAAAAAAAAAAAAAAAAAAAAAAAAAAAAAAAAAAAAAAAAAAAAAAAAAAAAAAAAAAAAAAAAAAAAAAAAAAAAAAAAAAAAAAAAAAAAAAAAAAAAAAAAAAAAAAAAAAAAAAAAAAAAAAAAAAAAAAAAAAAAAAAAAAAAAAAAAAAAAAAAAAAAAAAAAAAAAAAAAAAAAAAAAAAAAAAAAAAAAAAAAAAAAAAAAAAAAAAAAAAAAAAAAAAAAAAAAAAAAAAAAAAAAAAAAAAAAAAAAAAAAAAAAAAAAAAAAAAAAAAAAAAAAAAAAAAAAAAAAAAAAAAAAAAAAAAAAAAAAAAAAAAAAAAAAAAAAAAAAAAAAAAAAAAAAAAAAAAAAAAAAAAAAAAAAAAAAAAAAAAAAAAAAAAAAAAAAAAAAAAAAAAAAAAAAAAAAAAAAAAAAAAAAAAAAAAAAAAAAAAAAAAAAAAAAAAAAAAAAAAAAAAAAAAAAAAAAAAAAAAAAAAAAAAAAAAAAAAAAAAAAAAAAAAAAAAAAAAAAAAAAAAAAAAAAAAAAAAAAAAAAAAAAAAAAAAAAAAAAAAAAAAAAAAAAAAAAAAAAAAAAAAAAAAAAAAAAAAAAAAAAAAAAAAAAAAAAAAAAAAAAAAAAAAAAAAAAAAAAAAAAAAAAAAAAAAAAAAAAAAAAAAAAAAAAAAAAAAAAAAAAAAAAAAAAAAAAAAAAAAAAAAAAAAAAAAAAAAAAAAAAAAAAAAAAAAAAAAAAAAAAAAAAAAAAAAAAAAAAAAAAAAAAAAAAAAAAAAAAAAAAAAAAAAAAAAAAAAAAAAAAAAAAAAAAAAAAAAAAAAAAAAAAAAAAAAAAAAAAAAAAAAAAAAAAAAAAAAAAAAAAAAAAAAAAAAAAAAAAAAAAAAAAAAAAAAAAAAAAAAAAAAAAAAAAAAAAAAAAAAAAAAAAAAAAAAAAAAAAAAAAAAAAAAAAAAAAAAAAAAAAAAAAAAAAAAAAAAAAAAAAAAAAAAAAAAAAAAAAAAAAAAAAAAAAAAAAAAAAAAAAAAAAAAAAAAAAAAAAAAAAAAAAAAAAAAAAAAAAAAAAAAAAAAAAAAAAAAAAAAAAAAAAAAAAAAAAAAAAAAAAAAAAAAAAAAAAAAAAAAAAAAAAAAAAAAAAAAAAAAAAAAAAAAAAAAAAAAAAAAAAAAAAAAAAAAAAAAAAAAAAAAAAAAAAAAAAAAAAAAAAAAAAAAAAAAAAAAAAAAAAAAAAAAAAAAAAAAAAAAAAAAAAAAAAAAAAAAAAAAAAAAAAAAAAAAAAAAAAAAAAAAAAAAAAAAAAAAAAAAAAAAAAAAAAAAAAAAAAAAAAAAAAAAAAAAAAAAAAAAAAAAAAAAAAAAAAAAAAAAAAAAAAAAAAAAAAAAAAAAAAAAAAAAAAAAAAAAAAAAAAAAAAAAAAAAAAAAAAAAAAAAAAAAAAAAAAAAAAAAAAAAAAAAAAAAAAAAAAAAAAAAAAAAAAAAAAAAAAAAAAAAAAAAAAAAAAAAAAAAAAAAAAAAAAAAAAAAAAAAAAAAAAAAAAAAAAAAAAAAAAAAAAAAAAAAAAAAAAAAAAAAAAAAAAAAAAAAAAAAAAAAAAAAAAAAAAAAAAAAAAAAAAAAAAAAAAAAAAAAAAAAAAAAAAAAAAAAAAAAAAAAAAAAAAAAAAAAAAAAAAAAAAAAAAAAAAAAAAAAAAAAAAAAAAAAAAAAAAAAAAAAAAAAAAAAAAAAAAAAAAAAAAAAAAAAAAAAAAAAAAAAAAAAAAAAAAAAAAAAAAAAAAAAAAAAAAAAAAAAAAAAAAAAAAAAAAAAAAAAAAAAAAAAAAAAAAAAAAAAAAAAAAAAAAAAAAAAAAAAAAAAAAAAAAAAAAAAAAAAAAAAAAAAAAAAAAAAAAAAAAAAAAAAAAAAAAAAAAAAAAAAAAAAAAAAAAAAAAAAAAAAAAAAAAAAAAAAAAAAAAAAAAAAAAAAAAAAAAAAAAAAAAAAAAAAAAAAAAAAAAAAAAAAAAAAAAAAAAAAAAAAAAAAAAAAAAAAAAAAAAAAAAAAAAAAAAAAAAAAAAAAAAAAAAAAAAAAAAAAAAAAAAAAAAAAAAAAAAAAAAAAAAAAAAAAAAAAAAAAAAAAAAAAAAAAAAAAAAAAAAAAAAAAAAAAAAAAAAAAAAAAAAAAAAAAAAAAAAAAAAAAAAAAAAAAAAAAAAAAAAAAAAAAAAAAAAAAAAAAAAAAAAAAAAAAAAAAAAAAAAAAAAAAAAAAAAAAAAAAAAAAAAAAAAAAAAAAAAAAAAAAAAAAAAAAAAAAAAAAAAAAAAAAAAAAAAAAAAAAAAAAAAAAAAAAAAAAAAAAAAAAAAAAAAAAAAAAAAAAAAAAAAAAAAAAAAAAAAAAAAAAAAAAAAAAAAAAAAAAAAAAAAAAAAAAAAAAAAAAAAAAAAAAAAAAAAAAAAAAAAAAAAAAAAAAAAAAAAAAAAAAAAAAAAAAAAAAAAAAAAAAAAAAAAAAAAAAAAAAAAAAAAAAAAAAAAAAAAAAAAAAAAAAAAAAAAAAAAAAAAAAAAAAAAAAAAAAAAAAAAAAAAAAAAAAAAAAAAAAAAAAAAAAAAAAAAAAAAAAAAAAAAAAAAAAAAAAAAAAAAAAAAAAAAAAAAAAAAAAAAAAAAAAAAAAAAAAAAAAAAAAAAAAAAAAAAAAAAAAAAAAAAAAAAAAAAAAAAAAAAAAAAAAAAAAAAAAAAAAAAAAAAAAAAAAAAAAAAAAAAAAAAAAAAAAAAAAAAAAAAAAAAAAAAAAAAAAAAAAAAAAAAAAAAAAAAAAAAAAAAAAAAAAAAAAAAAAAAAAAAAAAAAAAAAAAAAAAAAAAAAAAAAAAAAAAAAAAAAAAAAAAAAAAAAAAAAAAAAAAAAAAAAAAAAAAAAAAAAAAAAAAAAAAAAAAAAAAAAAAAAAAAAAAAAAAAAAAAAAAAAAAAAAAAAAAAAAAAAAAAAAAAAAAAAAAAAAAAAAAAAAAAAAAAAAAAAAAAAAAAAAAAAAAAAAAAAAAAAAAAAAAAAAAAAAAAAAAAAAAAAAAAAAAAAAAAAAAAAAAAAAAAAAAAAAAAAAAAAAAAAAAAAAAAAAAAAAAAAAAAAAAAAAAAAAAAAAAAAAAAAAAAAAAAAAAAAAAAAAAAAAAAAAAAAAAAAAAAAAAAAAAAAAAAAAAAAAAAAAAAAAAAAAAAAAAAAAAAAAAAAAAAAAAAAAAAAAAAAAAAAAAAAAAAAAAAAAAAAAAAAAAAAAAAAAAAAAAAAAAAAAAAAAAAAAAAAAAAAAAAAAAAAAAAAAAAAAAAAAAAAAAAAAAAAAAAAAAAAAAAAAAAAAAAAAAAAAAAAAAAAAAAAAAAAAAAAAAAAAAAAAAAAAAAAAAAAAAAAAAAAAAAAAAAAAAAAAAAAAAAAAAAAAAAAAAAAAAAAAAAAAAAAAAAAAAAAAAAAAAAAAAAAAAAAAAAAAAAAAAAAAAAAAAAAAAAAAAAAAAAAAAAAAAAAAAAAAAAAAAAAAAAAAAAAAAAAAAAAAAAAAAAAAAAAAAAAAAAAAAAAAAAAAAAAAAAAAAAAAAAAAAAAAAAAAAAAAAAAAAAAAAAAAAAAAAAAAAAAAAAAAAAAAAAAAAAAAAAAAAAAAAAAAAAAAAAAAAAAAAAAAAAAAAAAAAAAAAAAAAAAAAAAAAAAAAAAAAAAAAAAAAAAAAAAAAAAAAAAAAAAAAAAAAAAAAAAAAAAAAAAAAAAAAAAAAAAAAAAAAAAAAAAAAAAAAAAAAAAAAAAAAAAAAAAAAAAAAAAAAAAAAAAAAAAAAAAAAAAAAAAAAAAAAAAAAAAAAAAAAAAAAAAAAAAAAAAAAAAAAAAAAAAAAAAAAAAAAAAAAAAAAAAAAAAAAAAAAAAAAAAAAAAAAAAAAAAAAAAAAAAAAAAAAAAAAAAAAAAAAAAAAAAAAAAAAAAAAAAAAAAAAAAAAAAAAAAAAAAAAAAAAAAAAAAAAAAAAAAAAAAAAAAAAAAAAAAAAAAAAAAAAAAAAAAAAAAAAAAAAAAAAAAAAAAAAAAAAAAAAAAAAAAAAAAAAAAAAAAAAAAAAAAAAAAAAAAAAAAAAAAAAAAAAAAAAAAAAAAAAAAAAAAAAAAAAAAAAAAAAAAAAAAAAAAAAAAAAAAAAAAAAAAAAAAAAAAAAAAAAAAAAAAAAAAAAAAAAAAAAAAAAAAAAAAAAAAAAAAAAAAAAAAAAAAAAAAAAAAAAAAAAAAAAAAAAAAAAAAAAAAAAAAAAAAAAAAAAAAAAAAAAAAAAAAAAAAAAAAAAAAAAAAAAAAAAAAAAAAAAAAAAAAAAAAAAAAAAAAAAAAAAAAAAAAAAAAAAAAAAAAAAAAAAAAAAAAAAAAAAAAAAAAAAAAAAAAAAAAAAAAAAAAAAAAAAAAAAAAAAAAAAAAAAAAAAAAAAAAAAAAAAAAAAAAAAAAAAAAAAAAAAAAAAAAAAAAAAAAAAAAAAAAAAAAAAAAAAAAAAAAAAAAAAAAAAAAAAAAAAAAAAAAAAAAAAAAAAAAAAAAAAAAAAAAAAAAAAAAAAAAAAAAAAAAAAAAAAAAAAAAAAAAAAAAAAAAAAAAAAAAAAAAAAAAAAAAAAAAAAAAAAAAAAAAAAAAAAAAAAAAAAAAAAAAAAAAAAAAAAAAAAAAAAAAAAAAAAAAAAAAAAAAAAAAAAAAAAAAAAAAAAAAAAAAAAAAAAAAAAAAAAAAAAAAAAAAAAAAAAAAAAAAAAAAAAAAAAAAAAAAAAAAAAAAAAAAAAAAAAAAAAAAAAAAAAAAAAAAAAAAAAAAAAAAAAAAAAAAAAAAAAAAAAAAAAAAAAAAAAAAAAAAAAAAAAAAAAAAAAAAAAAAAAAAAAAAAAAAAAAAAAAAAAAAAAAAAAAAAAAAAAAAAAAAAAAAAAAAAAAAAAAAAAAAAAAAAAAAAAAAAAAAAAAAAAAAAAAAAAAAAAAAAAAAAAAAAAAAAAAAAAAAAAAAAAAAAAAAAAAAAAAAAAAAAAAAAAAAAAAAAAAAAAAAAAAAAAAAAAAAAAAAAAAAAAAAAAAAAAAAAAAAAAAAAAAAAAAAAAAAAAAAAAAAAAAAAAAAAAAAAAAAAAAAAAAAAAAAAAAAAAAAAAAAAAAAAAAAAAAAAAAAAAAAAAAAAAAAAAAAAAAAAAAAAAAAAAAAAAAAAAAAAAAAAAAAAAAAAAAAAAAAAAAAAAAAAAAAAAAAAAAAAAAAAAAAAAAAAAAAAAAAAAAAAAAAAAAAAAAAAAAAAAAAAAAAAAAAAAAAAAAAAAAAAAAAAAAAAAAAAAAAAAAAAAAAAAAAAAAAAAAAAAAAAAAAAAAAAAAAAAAAAAAAAAAAAAAAAAAAAAAAAAAAAAAAAAAAAAAAAAAAAAAAAAAAAAAAAAAAAAAAAAAAAAAAAAAAAAAAAAAAAAAAAAAAAAAAAAAAAAAAAAAAAAAAAAAAAAAAAAAAAAAAAAAAAAAAAAAAAAAAAAAAAAAAAAAAAAAAAAAAAAAAAAAAAAAAAAAAAAAAAAAAAAAAAAAAAAAAAAAAAAAAAAAAAAAAAAAAAAAAAAAAAAAAAAAAAAAAAAAAAAAAAAAAAAAAAAAAAAAAAAAAAAAAAAAAAAAAAAAAAAAAAAAAAAAAAAAAAAAAAAAAAAAAAAAAAAAAAAAAAAAAAAAAAAAAAAAAAAAAAAAAAAAAAAAAAAAAAAAAAAAAAAAAAAAAAAAAAAAAAAAAAAAAAAAAAAAAAAAAAAAAAAAAAAAAAAAAAAAAAAAAAAAAAAAAAAAAAAAAAAAAAAAAAAAAAAAAAAAAAAAAAAAAAAAAAAAAAAAAAAAAAAAAAAAAAAAAAAAAAAAAAAAAAAAAAAAAAAAAAAAAAAAAAAAAAAAAAAAAAAAAAAAAAAAAAAAAAAAAAAAAAAAAAAAAAAAAAAAAAAAAAAAAAAAAAAAAAAAAAAAAAAAAAAAAAAAAAAAAAAAAAAAAAAAAAAAAAAAAAAAAAAAAAAAAAAAAAAAAAAAAAAAAAAAAAAAAAAAAAAAAAAAAAAAAAAAAAAAAAAAAAAAAAAAAAAAAAAAAAAAAAAAAAAAAAAAAAAAAAAAAAAAAAAAAAAAAAAAAAAAAAAAAAAAAAAAAAAAAAAAAAAAAAAAAAAAAAAAAAAAAAAAAAAAAAAAAAAAAAAAAAAAAAAAAAAAAAAAAAAAAAAAAAAAAAAAAAAAAAAAAAAAAAAAAAAAAAAAAAAAAAAAAAAAAAAAAAAAAAAAAAAAAAAAAAAAAAAAAAAAAAAAAAAAAAAAAAAAAAAAAAAAAAAAAAAAAAAAAAAAAAAAAAAAAAAAAAAAAAAAAAAAAAAAAAAAAAAAAAAAAAAAAAAAAAAAAAAAAAAAAAAAAAAAAAAAAAAAAAAAAAAAAAAAAAAAAAAAAAAAAAAAAAAAAAAAAAAAAAAAAAAAAAAAAAAAAAAAAAAAAAAAAAAAAAAAAAAAAAAAAAAAAAAAAAAAAAAAAAAAAAAAAAAAAAAAAAAAAAAAAAAAAAAAAAAAAAAAAAAAAAAAAAAAAAAAAAAAAAAAAAAAAAAAAAAAAAAAAAAAAAAAAAAAAAAAAAAAAAAAAAAAAAAAAAAAAAAAAAAAAAAAAAAAAAAAAAAAAAAAAAAAAAAAAAAAAAAAAAAAAAAAAAAAAAAAAAAAAAAAAAAAAAAAAAAAAAAAAAAAAAAAAAAAAAAAAAAAAAAAAAAAAAAAAAAAAAAAAAAAAAAAAAAAAAAAAAAAAAAAAAAAAAAAAAAAAAAAAAAAAAAAAAAAAAAAAAAAAAAAAAAAAAAAAAAAAAAAAAAAAAAAAAAAAAAAAAAAAAAAAAAAAAAAAAAAAAAAAAAAAAAAAAAAAAAAAAAAAAAAAAAAAAAAAAAAAAAAAAAAAAAAAAAAAAAAAAAAAAAAAAAAAAAAAAAAAAAAAAAAAAAAAAAAAAAAAAAAAAAAAAAAAAAAAAAAAAAAAAAAAAAAAAAAAAAAAAAAAAAAAAAAAAAAAAAAAAAAAAAAAAAAAAAAAAAAAAAAAAAAAAAAAAAAAAAAAAAAAAAAAAAAAAAAAAAAAAAAAAAAAAAAAAAAAAAAAAAAAAAAAAAAAAAAAAAAAAAAAAAAAAAAAAAAAAAAAAAAAAAAAAAAAAAAAAAAAAAAAAAAAAAAAAAAAAAAAAAAAAAAAAAAAAAAAAAAAAAAAAAAAAAAAAAAAAAAAAAAAAAAAAAAAAAAAAAAAAAAAAAAAAAAAAAAAAAAAAAAAAAAAAAAAAAAAAAAAAAAAAAAAAAAAAAAAAAAAAAAAAAAAAAAAAAAAAAAAAAAAAAAAAAAAAAAAAAAAAAAAAAAAAAAAAAAAAAAAAAAAAAAAAAAAAAAAAAAAAAAAAAAAAAAAAAAAAAAAAAAAAAAAAAAAAAAAAAAAAAAAAAAAAAAAAAAAAAAAAAAAAAAAAAAAAAAAAAAAAAAAAAAAAAAAAAAAAAAAAAAAAAAAAAAAAAAAAAAAAAAAAAAAAAAAAAAAAAAAAAAAAAAAAAAAAAAAAAAAAAAAAAAAAAAAAAAAAAAAAAAAAAAAAAAAAAAAAAAAAAAAAAAAAAAAAAAAAAAAAAAAAAAAAAAAAAAAAAAAAAAAAAAAAAAAAAAAAAAAAAAAAAAAAAAAAAAAAAAAAAAAAAAAAAAAAAAAAAAAAAAAAAAAAAAAAAAAAAAAAAAAAAAAAAAAAAAAAAAAAAAAAAAAAAAAAAAAAAAAAAAAAAAAAAAAAAAAAAAAAAAAAAAAAAAAAAAAAAAAAAAAAAAAAAAAAAAAAAAAAAAAAAAAAAAAAAAAAAAAAAAAAAAAAAAAAAAAAAAAAAAAAAAAAAAAAAAAAAAAAAAAAAAAAAAAAAAAAAAAAAAAAAAAAAAAAAAAAAAAAAAAAAAAAAAAAAAAAAAAAAAAAAAAAAAAAAAAAAAAAAAAAAAAAAAAAAAAAAAAAAAAAAAAAAAAAAAAAAAAAAAAAAAAAAAAAAAAAAAAAAAAAAAAAAAAAAAAAAAAAAAAAAAAAAAAAAAAAAAAAAAAAAAAAAAAAAAAAAAAAAAAAAAAAAAAAAAAAAAAAAAAAAAAAAAAAAAAAAAAAAAAAAAAAAAAAAAAAAAAAAAAAAAAAAAAAAAAAAAAAAAAAAAAAAAAAAAAAAAAAAAAAAAAAAAAAAAAAAAAAAAAAAAAAAAAAAAAAAAAAAAAAAAAAAAAAAAAAAAAAAAAAAAAAAAAAAAAAAAAAAAAAAAAAAAAAAAAAAAAAAAAAAAAAAAAAAAAAAAAAAAAAAAAAAAAAAAAAAAAAAAAAAAAAAAAAAAAAAAAAAAAAAAAAAAAAAAAAAAAAAAAAAAAAAAAAAAAAAAAAAAAAAAAAAAAAAAAAAAAAAAAAAAAAAAAAAAAAAAAAAAAAAAAAAAAAAAAAAAAAAAAAAAAAAAAAAAAAAAAAAAAAAAAAAAAAAAAAAAAAAAAAAAAAAAAAAAAAAAAAAAAAAAAAAAAAAAAAAAAAAAAAAAAAAAAAAAAAAAAAAAAAAAAAAAAAAAAAAAAAAAAAAAAAAAAAAAAAAAAAAAAAAAAAAAAAAAAAAAAAAAAAAAAAAAAAAAAAAAAAAAAAAAAAAAAAAAAAAAAAAAAAAAAAAAAAAAAAAAAAAAAAAAAAAAAAAAAAAAAAAAAAAAAAAAAAAAAAAAAAAAAAAAAAAAAAAAAAAAAAAAAAAAAAAAAAAAAAAAAAAAAAAAAAAAAAAAAAAAAAAAAAAAAAAAAAAAAAAAAAAAAAAAAAAAAAAAAAAAAAAAAAAAAAAAAAAAAAAAAAAAAAAAAAAAAAAAAAAAAAAAAAAAAAAAAAAAAAAAAAAAAAAAAAAAAAAAAAAAAAAAAAAAAAAAAAAAAAAAAAAAAAAAAAAAAAAAAAAAAAAAAAAAAAAAAAAAAAAAAAAAAAAAAAAAAAAAAAAAAAAAAAAAAAAAAAAAAAAAAAAAAAAAAAAAAAAAAAAAAAAAAAAAAAAAAAAAAAAAAAAAAAAAAAAAAAAAAAAAAAAAAAAAAAAAAAAAAAAAAAAAAAAAAAAAAAAAAAAAAAAAAAAAAAAAAAAAAAAAAAAAAAAAAAAAAAAAAAAAAAAAAAAAAAAAAAAAAAAAAAAAAAAAAAAAAAAAAAAAAAAAAAAAAAAAAAAAAAAAAAAAAAAAAAAAAAAAAAAAAAAAAAAAAAAAAAAAAAAAAAAAAAAAAAAAAAAAAAAAAAAAAAAAAAAAAAAAAAAAAAAAAAAAAAAAAAAAAAAAAAAAAAAAAAAAAAAAAAAAAAAAAAAAAAAAAAAAAAAAAAAAAAAAAAAAAAAAAAAAAAAAAAAAAAAAAAAAAAAAAAAAAAAAAAAAAAAAAAAAAAAAAAAAAAAAAAAAAAAAAAAAAAAAAAAAAAAAAAAAAAAAAAAAAAAAAAAAAAAAAAAAAAAAAAAAAAAAAAAAAAAAAAAAAAAAAAAAAAAAAAAAAAAAAAAAAAAAAAAAAAAAAAAAAAAAAAAAAAAAAAAAAAAAAAAAAAAAAAAAAAAAAAAAAAAAAAAAAAAAAAAAAAAAAAAAAAAAAAAAAAAAAAAAAAAAAAAAAAAAAAAAAAAAAAAAAAAAAAAAAAAAAAAAAAAAAAAAAAAAAAAAAAAAAAAAAAAAAAAAAAAAAAAAAAAAAAAAAAAAAAAAAAAAAAAAAAAAAAAAAAAAAAAAAAAAAAAAAAAAAAAAAAAAAAAAAAAAAAAAAAAAAAAAAAAAAAAAAAAAAAAAAAAAAAAAAAAAAAAAAAAAAAAAAAAAAAAAAAAAAAAAAAAAAAAAAAAAAAAAAAAAAAAAAAAAAAAAAAAAAAAAAAAAAAAAAAAAAAAAAAAAAAAAAAAAAAAAAAAAAAAAAAAAAAAAAAAAAAAAAAAAAAAAAAAAAAAAAAAAAAAAAAAAAAAAAAAAAAAAAAAAAAAAAAAAAAAAAAAAAAAAAAAAAAAAAAAAAAAAAAAAAAAAAAAAAAAAAAAAAAAAAAAAAAAAAAAAAAAAAAAAAAAAAAAAAAAAAAAAAAAAAAAAAAAAAAAAAAAAAAAAAAAAAAAAAAAAAAAAAAAAAAAAAAAAAAAAAAAAAAAAAAAAAAAAAAAAAAAAAAAAAAAAAAAAAAAAAAAAAAAAAAAAAAAAAAAAAAAAAAAAAAAAAAAAAAAAAAAAAAAAAAAAAAAAAAAAAAAAAAAAAAAAAAAAAAAAAAAAAAAAAAAAAAAAAAAAAAAAAAAAAAAAAAAAAAAAAAAAAAAAAAAAAAAAAAAAAAAAAAAAAAAAAAAAAAAAAAAAAAAAAAAAAAAAAAAAAAAAAAAAAAAAAAAAAAAAAAAAAAAAAAAAAAAAAAAAAAAAAAAAAAAAAAAAAAAAAAAAAAAAAAAAAAAAAAAAAAAAAAAAAAAAAAAAAAAAAAAAAAAAAAAAAAAAAAAAAAAAAAAAAAAAAAAAAAAAAAAAAAAAAAAAAAAAAAAAAAAAAAAAAAAAAAAAAAAAAAAAAAAAAAAAAAAAAAAAAAAAAAAAAAAAAAAAAAAAAAAAAAAAAAAAAAAAAAAAAAAAAAAAAAAAAAAAAAAAAAAAAAAAAAAAAAAAAAAAAAAAAAAAAAAAAAAAAAAAAAAAAAAAAAAAAAAAAAAAAAAAAAAAAAAAAAAAAAAAAAAAAAAAAAAAAAAAAAAAAAAAAAAAAAAAAAAAAAAAAAAAAAAAAAAAAAAAAAAAAAAAAAAAAAAAAAAAAAAAAAAAAAAAAAAAAAAAAAAAAAAAAAAAAAAAAAAAAAAAAAAAAAAAAAAAAAAAAAAAAAAAAAAAAAAAAAAAAAAAAAAAAAAAAAAAAAAAAAAAAAAAAAAAAAAAAAAAAAAAAAAAAAAAAAAAAAAAAAAAAAAAAAAAAAAAAAAAAAAAAAAAAAAAAAAAAAAAAAAAAAAAAAAAAAAAAAAAAAAAAAAAAAAAAAAAAAAAAAAAAAAAAAAAAAAAAAAAAAAAAAAAAAAAAAAAAAAAAAAAAAAAAAAAAAAAAAAAAAAAAAAAAAAAAAAAAAAAAAAAAAAAAAAAAAAAAAAAAAAAAAAAAAAAAAAAAAAAAAAAAAAAAAAAAAAAAAAAAAAAAAAAAAAAAAAAAAAAAAAAAAAAAAAAAAAAAAAAAAAAAAAAAAAAAAAAAAAAAAAAAAAAAAAAAAAAAAAAAAAAAAAAAAAAAAAAAAAAAAAAAAAAAAAAAAAAAAAAAAAAAAAAAAAAAAAAAAAAAAAAAAAAAAAAAAAAAAAAAAAAAAAAAAAAAAAAAAAAAAAAAAAAAAAAAAAAAAAAAAAAAAAAAAAAAAAAAAAAAAAAAAAAAAAAAAAAAAAAAAAAAAAAAAAAAAAAAAAAAAAAAAAAAAAAAAAAAAAAAAAAAAAAAAAAAAAAAAAAAAAAAAAAAAAAAAAAAAAAAAAAAAAAAAAAAAAAAAAAAAAAAAAAAAAAAAAAAAAAAAAAAAAAAAAAAAAAAAAAAAAAAAAAAAAAAAAAAAAAAAAAAAAAAAAAAAAAAAAAAAAAAAAAAAAAAAAAAAAAAAAAAAAAAAAAAAAAAAAAAAAAAAAAAAAAAAAAAAAAAAAAAAAAAAAAAAAAAAAAAAAAAAAAAAAAAAAAAAAAAAAAAAAAAAAAAAAAAAAAAAAAAAAAAAAAAAAAAAAAAAAAAAAAAAAAAAAAAAAAAAAAAAAAAAAAAAAAAAAAAAAAAAAAAAAAAAAAAAAAAAAAAAAAAAAAAAAAAAAAAAAAAAAAAAAAAAAAAAAAAAAAAAAAAAAAAAAAAAAAAAAAAAAAAAAAAAAAAAAAAAAAAAAAAAAAAAAAAAAAAAAAAAAAAAAAAAAAAAAAAAAAAAAAAAAAAAAAAAAAAAAAAAAAAAAAAAAAAAAAAAAAAAAAAAAAAAAAAAAAAAAAAAAAAAAAAAAAAAAAAAAAAAAAAAAAAAAAAAAAAAAAAAAAAAAAAAAAAAAAAAAAAAAAAAAAAAAAAAAAAAAAAAAAAAAAAAAAAAAAAAAAAAAAAAAAAAAAAAAAAAAAAAAAAAAAAAAAAAAAAAAAAAAAAAAAAAAAAAAAAAAAAAAAAAAAAAAAAAAAAAAAAAAAAAAAAAAAAAAAAAAAAAAAAAAAAAAAAAAAAAAAAAAAAAAAAAAAAAAAAAAAAAAAAAAAAAAAAAAAAAAAAAAAAAAAAAAAAAAAAAAAAAAAAAAAAAAAAAAAAAAAAAAAAAAAAAAAAAAAAAAAAAAAAAAAAAAAAAAAAAAAAAAAAAAAAAAAAAAAAAAAAAAAAAAAAAAAAAAAAAAAAAAAAAAAAAAAAAAAAAAAAAAAAAAAAAAAAAAAAAAAAAAAAAAAAAAAAAAAAAAAAAAAAAAAAAAAAAAAAAAAAAAAAAAAAAAAAAAAAAAAAAAAAAAAAAAAAAAAAAAAAAAAAAAAAAAAAAAAAAAAAAAAAAAAAAAAAAAAAAAAAAAAAAAAAAAAAAAAAAAAAAAAAAAAAAAAAAAAAAAAAAAAAAAAAAAAAAAAAAAAAAAAAAAAAAAAAAAAAAAAAAAAAAAAAAAAAAAAAAAAAAAAAAAAAAAAAAAAAAAAAAAAAAAAAAAAAAAAAAAAAAAAAAAAAAAAAAAAAAAAAAAAAAAAAAAAAAAAAAAAAAAAAAAAAAAAAAAAAAAAAAAAAAAAAAAAAAAAAAAAAAAAAAAAAAAAAAAAAAAAAAAAAAAAAAAAAAAAAAAAAAAAAAAAAAAAAAAAAAAAAAAAAAAAAAAAAAAAAAAAAAAAAAAAAAAAAAAAAAAAAAAAAAAAAAAAAAAAAAAAAAAAAAAAAAAAAAAAAAAAAAAAAAAAAAAAAAAAAAAAAAAAAAAAAAAAAAAAAAAAAAAAAAAAAAAAAAAAAAAAAAAAAAAAAAAAAAAAAAAAAAAAAAAAAAAAAAAAAAAAAAAAAAAAAAAAAAAAAAAAAAAAAAAAAAAAAAAAAAAAAAAAAAAAAAAAAAAAAAAAAAAAAAAAAAAAAAAAAAAAAAAAAAAAAAAAAAAAAAAAAAAAAAAAAAAAAAAAAAAAAAAAAAAAAAAAAAAAAAAAAAAAAAAAAAAAAAAAAAAAAAAAAAAAAAAAAAAAAAAAAAAAAAAAAAAAAAAAAAAAAAAAAAAAAAAAAAAAAAAAAAAAAAAAAAAAAAAAAAAAAAAAAAAAAAAAAAAAAAAAAAAAAAAAAAAAAAAAAAAAAAAAAAAAAAAAAAAAAAAAAAAAAAAAAAAAAAAAAAAAAAAAAAAAAAAAAAAAAAAAAAAAAAAAAAAAAAAAAAAAAAAAAAAAAAAAAAAAAAAAAAAAAAAAAAAAAAAAAAAAAAAAAAAAAAAAAAAAAAAAAAAAAAAAAAAAAAAAAAAAAAAAAAAAAAAAAAAAAAAAAAAAAAAAAAAAAAAAAAAAAAAAAAAAAAAAAAAAAAAAAAAAAAAAAAAAAAAAAAAAAAAAAAAAAAAAAAAAAAAAAAAAAAAAAAAAAAAAAAAAAAAAAAAAAAAAAAAAAAAAAAAAAAAAAAAAAAAAAAAAAAAAAAAAAAAAAAAAAAAAAAAAAAAAAAAAAAAAAAAAAAAAAAAAAAAAAAAAAAAAAAAAAAAAAAAAAAAAAAAAAAAAAAAAAAAAAAAAAAAAAAAAAAAAAAAAAAAAAAAAAAAAAAAAAAAAAAAAAAAAAAAAAAAAAAAAAAAAAAAAAAAAAAAAAAAAAAAAAAAAAAAAAAAAAAAAAAAAAAAAAAAAAAAAAAAAAAAAAAAAAAAAAAAAAAAAAAAAAAAAAAAAAAAAAAAAAAAAAAAAAAAAAAAAAAAAAAAAAAAAAAAAAAAAAAAAAAAAAAAAAAAAAAAAAAAAAAAAAAAAAAAAAAAAAAAAAAAAAAAAAAAAAAAAAAAAAAAAAAAAAAAAAAAAAAAAAAAAAAAAAAAAAAAAAAAAAAAAAAAAAAAAAAAAAAAAAAAAAAAAAAAAAAAAAAAAAAAAAAAAAAAAAAAAAAAAAAAAAAAAAAAAAAAAAAAAAAAAAAAAAAAAAAAAAAAAAAAAAAAAAAAAAAAAAAAAAAAAAAAAAAAAAAAAAAAAAAAAAAAAAAAAAAAAAAAAAAAAAAAAAAAAAAAAAAAAAAAAAAAAAAAAAAAAAAAAAAAAAAAAAAAAAAAAAAAAAAAAAAAAAAAAAAAAAAAAAAAAAAAAAAAAAAAAAAAAAAAAAAAAAAAAAAAAAAAAAAAAAAAAAAAAAAAAAAAAAAAAAAAAAAAAAAAAAAAAAAAAAAAAAAAAAAAAAAAAAAAAAAAAAAAAAAAAAAAAAAAAAAAAAAAAAAAAAAAAAAAAAAAAAAAAAAAAAAAAAAAAAAAAAAAAAAAAAAAAAAAAAAAAAAAAAAAAAAAAAAAAAAAAAAAAAAAAAAAAAAAAAAAAAAAAAAAAAAAAAAAAAAAAAAAAAAAAAAAAAAAAAAAAAAAAAAAAAAAAAAAAAAAAAAAAAAAAAAAAAAAAAAAAAAAAAAAAAAAAAAAAAAAAAAAAAAAAAAAAAAAAAAAAAAAAAAAAAAAAAAAAAAAAAAAAAAAAAAAAAAAAAAAAAAAAAAAAAAAAAAAAAAAAAAAAAAAAAAAAAAAAAAAAAAAAAAAAAAAAAAAAAAAAAAAAAAAAAAAAAAAAAAAAAAAAAAAAAAAAAAAAAAAAAAAAAAAAAAAAAAAAAAAAAAAAAAAAAAAAAAAAAAAAAAAAAAAAAAAAAAAAAAAAAAAAAAAAAAAAAAAAAAAAAAAAAAAAAAAAAAAAAAAAAAAAAAAAAAAAAAAAAAAAAAAAAAAAAAAAAAAAAAAAAAAAAAAAAAAAAAAAAAAAAAAAAAAAAAAAAAAAAAAAAAAAAAAAAAAAAAAAAAAAAAAAAAAAAAAAAAAAAAAAAAAAAAAAAAAAAAAAAAAAAAAAAAAAAAAAAAAAAAAAAAAAAAAAAAAAAAAAAAAAAAAAAAAAAAAAAAAAAAAAAAAAAAAAAAAAAAAAAAAAAAAAAAAAAAAAAAAAAAAAAAAAAAAAAAAAAAAAAAAAAAAAAAAAAAAAAAAAAAAAAAAAAAAAAAAAAAAAAAAAAAAAAAAAAAAAAAAAAAAAAAAAAAAAAAAAAAAAAAAAAAAAAAAAAAAAAAAAAAAAAAAAAAAAAAAAAAAAAAAAAAAAAAAAAAAAAAAAAAAAAAAAAAAAAAAAAAAAAAAAAAAAAAAAAAAAAAAAAAAAAAAAAAAAAAAAAAAAAAAAAAAAAAAAAAAAAAAAAAAAAAAAAAAAAAAAAAAAAAAAAAAAAAAAAAAAAAAAAAAAAAAAAAAAAAAAAAAAAAAAAAAAAAAAAAAAAAAAAAAAAAAAAAAAAAAAAAAAAAAAAAAAAAAAAAAAAAAAAAAAAAAAAAAAAAAAAAAAAAAAAAAAAAAAAAAAAAAAAAAAAAAAAAAAAAAAAAAAAAAAAAAAAAAAAAAAAAAAAAAAAAAAAAAAAAAAAAAAAAAAAAAAAAAAAAAAAAAAAAAAAAAAAAAAAAAAAAAAAAAAAAAAAAAAAAAAAAAAAAAAAAAAAAAAAAAAAAAAAAAAAAAAAAAAAAAAAAAAAAAAAAAAAAAAAAAAAAAAAAAAAAAAAAAAAAAAAAAAAAAAAAAAAAAAAAAAAAAAAAAAAAAAAAAAAAAAAAAAAAAAAAAAAAAAAAAAAAAAAAAAAAAAAAAAAAAAAAAAAAAAAAAAAAAAAAAAAAAAAAAAAAAAAAAAAAAAAAAAAAAAAAAAAAAAAAAAAAAAAAAAAAAAAAAAAAAAAAAAAAAAAAAAAAAAAAAAAAAAAAAAAAAAAAAAAAAAAAAAAAAAAAAAAAAAAAAAAAAAAAAAAAAAAAAAAAAAAAAAAAAAAAAAAAAAAAAAAAAAAAAAAAAAAAAAAAAAAAAAAAAAAAAAAAAAAAAAAAAAAAAAAAAAAAAAAAAAAAAAAAAAAAAAAAAAAAAAAAAAAAAAAAAAAAAAAAAAAAAAAAAAAAAAAAAAAAAAAAAAAAAAAAAAAAAAAAAAAAAAAAAAAAAAAAAAAAAAAAAAAAAAAAAAAAAAAAAAAAAAAAAAAAAAAAAAAAAAAAAAAAAAAAAAAAAAAAAAAAAAAAAAAAAAAAAAAAAAAAAAAAAAAAAAAAAAAAAAAAAAAAAAAAAAAAAAAAAAAAAAAAAAAAAAAAAAAAAAAAAAAAAAAAAAAAAAAAAAAAAAAAAAAAAAAAAAAAAAAAAAAAAAAAAAAAAAAAAAAAAAAAAAAAAAAAAAAAAAAAAAAAAAAAAAAAAAAAAAAAAAAAAAAAAAAAAAAAAAAAAAAAAAAAAAAAAAAAAAAAAAAAAAAAAAAAAAAAAAAAAAAAAAAAAAAAAAAAAAAAAAAAAAAAAAAAAAAAAAAAAAAAAAAAAAAAAAAAAAAAAAAAAAAAAAAAAAAAAAAAAAAAAAAAAAAAAAAAAAAAAAAAAAAAAAAAAAAAAAAAAAAAAAAAAAAAAAAAAAAAAAAAAAAAAAAAAAAAAAAAAAAAAAAAAAAAAAAAAAAAAAAAAAAAAAAAAAAAAAAAAAAAAAAAAAAAAAAAAAAAAAAAAAAAAAAAAAAAAAAAAAAAAAAAAAAAAAAAAAAAAAAAAAAAAAAAAAAAAAAAAAAAAAAAAAAAAAAAAAAAAAAAAAAAAAAAAAAAAAAAAAAAAAAAAAAAAAAAAAAAAAAAAAAAAAAAAAAAAAAAAAAAAAAAAAAAAAAAAAAAAAAAAAAAAAAAAAAAAAAAAAAAAAAAAAAAAAAAAAAAAAAAAAAAAAAAAAAAAAAAAAAAAAAAAAAAAAAAAAAAAAAAAAAAAAAAAAAAAAAAAAAAAAAAAAAAAAAAAAAAAAAAAAAAAAAAAAAAAAAAAAAAAAAAAAAAAAAAAAAAAAAAAAAAAAAAAAAAAAAAAAAAAAAAAAAAAAAAAAAAAAAAAAAAAAAAAAAAAAAAAAAAAAAAAAAAAAAAAAAAAAAAAAAAAAAAAAAAAAAAAAAAAAAAAAAAAAAAAAAAAAAAAAAAAAAAAAAAAAAAAAAAAAAAAAAAAAAAAAAAAAAAAAAAAAAAAAAAAAAAAAAAAAAAAAAAAAAAAAAAAAAAAAAAAAAAAAAAAAAAAAAAAAAAAAAAAAAAAAAAAAAAAAAAAAAAAAAAAAAAAAAAAAAAAAAAAAAAAAAAAAAAAAAAAAAAAAAAAAAAAAAAAAAAAAAAAAAAAAAAAAAAAAAAAAAAAAAAAAAAAAAAAAAAAAAAAAAAAAAAAAAAAAAAAAAAAAAAAAAAAAAAAAAAAAAAAAAAAAAAAAAAAAAAAAAAAAAAAAAAAAAAAAAAAAAAAAAAAAAAAAAAAAAAAAAAAAAAAAAAAAAAAAAAAAAAAAAAAAAAAAAAAAAAAAAAAAAAAAAAAAAAAAAAAAAAAAAAAAAAAAAAAAAAAAAAAAAAAAAAAAAAAAAAAAAAAAAAAAAAAAAAAAAAAAAAAAAAAAAAAAAAAAAAAAAAAAAAAAAAAAAAAAAAAAAAAAAAAAAAAAAAAAAAAAAAAAAAAAAAAAAAAAAAAAAAAAAAAAAAAAAAAAAAAAAAAAAAAAAAAAAAAAAAAAAAAAAAAAAAAAAAAAAAAAAAAAAAAAAAAAAAAAAAAAAAAAAAAAAAAAAAAAAAAAAAAAAAAAAAAAAAAAAAAAAAAAAAAAAAAAAAAAAAAAAAAAAAAAAAAAAAAAAAAAAAAAAAAAAAAAAAAAAAAAAAAAAAAAAAAAAAAAAAAAAAAAAAAAAAAAAAAAAAAAAAAAAAAAAAAAAAAAAAAAAAAAAAAAAAAAAAAAAAAAAAAAAAAAAAAAAAAAAAAAAAAAAAAAAAAAAAAAAAAAAAAAAAAAAAAAAAAAAAAAAAAAAAAAAAAAAAAAAAAAAAAAAAAAAAAAAAAAAAAAAAAAAAAAAAAAAAAAAAAAAAAAAAAAAAAAAAAAAAAAAAAAAAAAAAAAAAAAAAAAAAAAAAAAAAAAAAAAAAAAAAAAAAAAAAAAAAAAAAAAAAAAAAAAAAAAAAAAAAAAAAAAAAAAAAAAAAAAAAAAAAAAAAAAAAAAAAAAAAAAAAAAAAAAAAAAAAAAAAAAAAAAAAAAAAAAAAAAAAAAAAAAAAAAAAAAAAAAAAAAAAAAAAAAAAAAAAAAAAAAAAAAAAAAAAAAAAAAAAAAAAAAAAAAAAAAAAAAAAAAAAAAAAAAAAAAAAAAAAAAAAAAAAAAAAAAAAAAAAAAAAAAAAAAAAAAAAAAAAAAAAAAAAAAAAAAAAAAAAAAAAAAAAAAAAAAAAAAAAAAAAAAAAAAAAAAAAAAAAAAAAAAAAAAAAAAAAAAAAAAAAAAAAAAAAAAAAAAAAAAAAAAAAAAAAAAAAAAAAAAAAAAAAAAAAAAAAAAAAAAAAAAAAAAAAAAAAAAAAAAAAAAAAAAAAAAAAAAAAAAAAAAAAAAAAAAAAAAAAAAAAAAAAAAAAAAAAAAAAAAAAAAAAAAAAAAAAAAAAAAAAAAAAAAAAAAAAAAAAAAAAAAAAAAAAAAAAAAAAAAAAAAAAAAAAAAAAAAAAAAAAAAAAAAAAAAAAAAAAAAAAAAAAAAAAAAAAAAAAAAAAAAAAAAAAAAAAAAAAAAAAAAAAAAAAAAAAAAAAAAAAAAAAAAAAAAAAAAAAAAAAAAAAAAAAAAAAAAAAAAAAAAAAAAAAAAAAAAAAAAAAAAAAAAAAAAAAAAAAAAAAAAAAAAAAAAAAAAAAAAAAAAAAAAAAAAAAAAAAAAAAAAAAAAAAAAAAAAAAAAAAAAAAAAAAAAAAAAAAAAAAAAAAAAAAAAAAAAAAAAAAAAAAAAAAAAAAAAAAAAAAAAAAAAAAAAAAAAAAAAAAAAAAAAAAAAAAAAAAAAAAAAAAAAAAAAAAAAAAAAAAAAAAAAAAAAAAAAAAAAAAAAAAAAAAAAAAAAAAAAAAAAAAAAAAAAAAAAAAAAAAAAAAAAAAAAAAAAAAAAAAAAAAAAAAAAAAAAAAAAAAAAAAAAAAAAAAAAAAAAAAAAAAAAAAAAAAAAAAAAAAAAAAAAAAAAAAAAAAAAAAAAAAAAAAAAAAAAAAAAAAAAAAAAAAAAAAAAAAAAAAAAAAAAAAAAAAAAAAAAAAAAAAAAAAAAAAAAAAAAAAAAAAAAAAAAAAAAAAAAAAAAAAAAAAAAAAAAAAAAAAAAAAAAAAAAAAAAAAAAAAAAAAAAAAAAAAAAAAAAAAAAAAAAAAAAAAAAAAAAAAAAAAAAAAAAAAAAAAAAAAAAAAAAAAAAAAAAAAAAAAAAAAAAAAAAAAAAAAAAAAAAAAAAAAAAAAAAAAAAAAAAAAAAAAAAAAAAAAAAAAAAAAAAAAAAAAAAAAAAAAAAAAAAAAAAAAAAAAAAAAAAAAAAAAAAAAAAAAAAAAAAAAAAAAAAAAAAAAAAAAAAAAAAAAAAAAAAAAAAAAAAAAAAAAAAAAAAAAAAAAAAAAAAAAAAAAAAAAAAAAAAAAAAAAAAAAAAAAAAAAAAAAAAAAAAAAAAAAAAAAAAAAAAAAAAAAAAAAAAAAAAAAAAAAAAAAAAAAAAAAAAAAAAAAAAAAAAAAAAAAAAAAAAAAAAAAAAAAAAAAAAAAAAAAAAAAAAAAAAAAAAAAAAAAAAAAAAAAAAAAAAAAAAAAAAAAAAAAAAAAAAAAAAAAAAAAAAAAAAAAAAAAAAAAAAAAAAAAAAAAAAAAAAAAAAAAAAAAAAAAAAAAAAAAAAAAAAAAAAAAAAAAAAAAAAAAAAAAAAAAAAAAAAAAAAAAAAAAAAAAAAAAAAAAAAAAAAAAAAAAAAAAAAAAAAAAAAAAAAAAAAAAAAAAAAAAAAAAAAAAAAAAAAAAAAAAAAAAAAAAAAAAAAAAAAAAAAAAAAAAAAAAAAAAAAAAAAAAAAAAAAAAAAAAAAAAAAAAAAAAAAAAAAAAAAAAAAAAAAAAAAAAAAAAAAAAAAAAAAAAAAAAAAAAAAAAAAAAAAAAAAAAAAAAAAAAAAAAAAAAAAAAAAAAAAAAAAAAAAAAAAAAAAAAAAAAAAAAAAAAAAAAAAAAAAAAAAAAAAAAAAAAAAAAAAAAAAAAAAAAAAAAAAAAAAAAAAAAAAAAAAAAAAAAAAAAAAAAAAAAAAAAAAAAAAAAAAAAAAAAAAAAAAAAAAAAAAAAAAAAAAAAAAAAAAAAAAAAAAAAAAAAAAAAAAAAAAAAAAAAAAAAAAAAAAAAAAAAAAAAAAAAAAAAAAAAAAAAAAAAAAAAAAAAAAAAAAAAAAAAAAAAAAAAAAAAAAAAAAAAAAAAAAAAAAAAAAAAAAAAAAAAAAAAAAAAAAAAAAAAAAAAAAAAAAAAAAAAAAAAAAAAAAAAAAAAAAAAAAAAAAAAAAAAAAAAAAAAAAAAAAAAAAAAAAAAAAAAAAAAAAAAAAAAAAAAAAAAAAAAAAAAAAAAAAAAAAAAAAAAAAAAAAAAAAAAAAAAAAAAAAAAAAAAAAAAAAAAAAAAAAAAAAAAAAAAAAAAAAAAAAAAAAAAAAAAAAAAAAAAAAAAAAAAAAAAAAAAAAAAAAAAAAAAAAAAAAAAAAAAAAAAAAAAAAAAAAAAAAAAAAAAAAAAAAAAAAAAAAAAAAAAAAAAAAAAAAAAAAAAAAAAAAAAAAAAAAAAAAAAAAAAAAAAAAAAAAAAAAAAAAAAAAAAAAAAAAAAAAAAAAAAAAAAAAAAAAAAAAAAAAAAAAAAAAAAAAAAAAAAAAAAAAAAAAAAAAAAAAAAAAAAAAAAAAAAAAAAAAAAAAAAAAAAAAAAAAAAAAAAAAAAAAAAAAAAAAAAAAAAAAAAAAAAAAAAAAAAAAAAAAAAAAAAAAAAAAAAAAAAAAAAAAAAAAAAAAAAAAAAAAAAAAAAAAAAAAAAAAAAAAAAAAAAAAAAAAAAAAAAAAAAAAAAAAAAAAAAAAAAAAAAAAAAAAAAAAAAAAAAAAAAAAAAAAAAAAAAAAAAAAAAAAAAAAAAAAAAAAAAAAAAAAAAAAAAAAAAAAAAAAAAAAAAAAAAAAAAAAAAAAAAAAAAAAAAAAAAAAAAAAAAAAAAAAAAAAAAAAAAAAAAAAAAAAAAAAAAAAAAAAAAAAAAAAAAAAAAAAAAAAAAAAAAAAAAAAAAAAAAAAAAAAAAAAAAAAAAAAAAAAAAAAAAAAAAAAAAAAAAAAAAAAAAAAAAAAAAAAAAAAAAAAAAAAAAAAAAAAAAAAAAAAAAAAAAAAAAAAAAAAAAAAAAAAAAAAAAAAAAAAAAAAAAAAAAAAAAAAAAAAAAAAAAAAAAAAAAAAAAAAAAAAAAAAAAAAAAAAAAAAAAAAAAAAAAAAAAAAAAAAAAAAAAAAAAAAAAAAAAAAAAAAAAAAAAAAAAAAAAAAAAAAAAAAAAAAAAAAAAAAAAAAAAAAAAAAAAAAAAAAAAAAAAAAAAAAAAAAAAAAAAAAAAAAAAAAAAAAAAAAAAAAAAAAAAAAAAAAAAAAAAAAAAAAAAAAAAAAAAAAAAAAAAAAAAAAAAAAAAAAAAAAAAAAAAAAAAAAAAAAAAAAAAAAAAAAAAAAAAAAAAAAAAAAAAAAAAAAAAAAAAAAAAAAAAAAAAAAAAAAAAAAAAAAAAAAAAAAAAAAAAAAAAAAAAAAAAAAAAAAAAAAAAAAAAAAAAAAAAAAAAAAAAAAAAAAAAAAAAAAAAAAAAAAAAAAAAAAAAAAAAAAAAAAAAAAAAAAAAAAAAAAAAAAAAAAAAAAAAAAAAAAAAAAAAAAAAAAAAAAAAAAAAAAAAAAAAAAAAAAAAAAAAAAAAAAAAAAAAAAAAAAAAAAAAAAAAAAAAAAAAAAAAAAAAAAAAAAAAAAAAAAAAAAAAAAAAAAAAAAAAAAAAAAAAAAAAAAAAAAAAAAAAAAAAAAAAAAAAAAAAAAAAAAAAAAAAAAAAAAAAAAAAAAAAAAAAAAAAAAAAAAAAAAAAAAAAAAAAAAAAAAAAAAAAAAAAAAAAAAAAAAAAAAAAAAAAAAAAAAAAAAAAAAAAAAAAAAAAAAAAAAAAAAAAAAAAAAAAAAAAAAAAAAAAAAAAAAAAAAAAAAAAAAAAAAAAAAAAAAAAAAAAAAAAAAAAAAAAAAAAAAAAAAAAAAAAAAAAAAAAAAAAAAAAAAAAAAAAAAAAAAAAAAAAAAAAAAAAAAAAAAAAAAAAAAAAAAAAAAAAAAAAAAAAAAAAAAAAAAAAAAAAAAAAAAAAAAAAAAAAAAAAAAAAAAAAAAAAAAAAAAAAAAAAAAAAAAAAAAAAAAAAAAAAAAAAAAAAAAAAAAAAAAAAAAAAAAAAAAAAAAAAAAAAAAAAAAAAAAAAAAAAAAAAAAAAAAAAAAAAAAAAAAAAAAAAAAAAAAAAAAAAAAAAAAAAAAAAAAAAAAAAAAAAAAAAAAAAAAAAAAAAAAAAAAAAAAAAAAAAAAAAAAAAAAAAAAAAAAAAAAAAAAAAAAAAAAAAAAAAAAAAAAAAAAAAAAAAAAAAAAAAAAAAAAAAAAAAAAAAAAAAAAAAAAAAAAAAAAAAAAAAAAAAAAAAAAAAAAAAAAAAAAAAAAAAAAAAAAAAAAAAAAAAAAAAAAAAAAAAAAAAAAAAAAAAAAAAAAAAAAAAAAAAAAAAAAAAAAAAAAAAAAAAAAAAAAAAAAAAAAAAAAAAAAAAAAAAAAAAAAAAAAAAAAAAAAAAAAAAAAAAAAAAAAAAAAAAAAAAAAAAAAAAAAAAAAAAAAAAAAAAAAAAAAAAAAAAAAAAAAAAAAAAAAAAAAAAAAAAAAAAAAAAAAAAAAAAAAAAAAAAAAAAAAAAAAAAAAAAAAAAAAAAAAAAAAAAAAAAAAAAAAAAAAAAAAAAAAAAAAAAAAAAAAAAAAAAAAAAAAAAAAAAAAAAAAAAAAAAAAAAAAAAAAAAAAAAAAAAAAAAAAAAAAAAAAAAAAAAAAAAAAAAAAAAAAAAAAAAAAAAAAAAAAAAAAAAAAAAAAAAAAAAAAAAAAAAAAAAAAAAAAAAAAAAAAAAAAAAAAAAAAAAAAAAAAAAAAAAAAAAAAAAAAAAAAAAAAAAAAAAAAAAAAAAAAAAAAAAAAAAAAAAAAAAAAAAAAAAAAAAAAAAAAAAAAAAAAAAAAAAAAAAAAAAAAAAAAAAAAAAAAAAAAAAAAAAAAAAAAAAAAAAAAAAAAAAAAAAAAAAAAAAAAAAAAAAAAAAAAAAAAAAAAAAAAAAAAAAAAAAAAAAAAAAAAAAAAAAAAAAAAAAAAAAAAAAAAAAAAAAAAAAAAAAAAAAAAAAAAAAAAAAAAAAAAAAAAAAAAAAAAAAAAAAAAAAAAAAAAAAAAAAAAAAAAAAAAAAAAAAAAAAAAAAAAAAAAAAAAAAAAAAAAAAAAAAAAAAAAAAAAAAAAAAAAAAAAAAAAAAAAAAAAAAAAAAAAAAAAAAAAAAAAAAAAAAAAAAAAAAAAAAAAAAAAAAAAAAAAAAAAAAAAAAAAAAAAAAAAAAAAAAAAAAAAAAAAAAAAAAAAAAAAAAAAAAAAAAAAAAAAAAAAAAAAAAAAAAAAAAAAAAAAAAAAAAAAAAAAAAAAAAAAAAAAAAAAAAAAAAAAAAAAAAAAAAAAAAAAAAAAAAAAAAAAAAAAAAAAAAAAAAAAAAAAAAAAAAAAAAAAAAAAAAAAAAAAAAAAAAAAAAAAAAAAAAAAAAAAAAAAAAAAAAAAAAAAAAAAAAAAAAAAAAAAAAAAAAAAAAAAAAAAAAAAAAAAAAAAAAAAAAAAAAAAAAAAAAAAAAAAAAAAAAAAAAAAAAAAAAAAAAAAAAAAAAAAAAAAAAAAAAAAAAAAAAAAAAAAAAAAAAAAAAAAAAAAAAAAAAAAAAAAAAAAAAAAAAAAAAAAAAAAAAAAAAAAAAAAAAAAAAAAAAAAAAAAAAAAAAAAAAAAAAAAAAAAAAAAAAAAAAAAAAAAAAAAAAAAAAAAAAAAAAAAAAAAAAAAAAAAAAAAAAAAAAAAAAAAAAAAAAAAAAAAAAAAAAAAAAAAAAAAAAAAAAAAAAAAAAAAAAAAAAAAAAAAAAAAAAAAAAAAAAAAAAAAAAAAAAAAAAAAAAAAAAAAAAAAAAAAAAAAAAAAAAAAAAAAAAAAAAAAAAAAAAAAAAAAAAAAAAAAAAAAAAAAAAAAAAAAAAAAAAAAAAAAAAAAAAAAAAAAAAAAAAAAAAAAAAAAAAAAAAAAAAAAAAAAAAAAAAAAAAAAAAAAAAAAAAAAAAAAAAAAAAAAAAAAAAAAAAAAAAAAAAAAAAAAAAAAAAAAAAAAAAAAAAAAAAAAAAAAAAAAAAAAAAAAAAAAAAAAAAAAAAAAAAAAAAAAAAAAAAAAAAAAAAAAAAAAAAAAAAAAAAAAAAAAAAAAAAAAAAAAAAAAAAAAAAAAAAAAAAAAAAAAAAAAAAAAAAAAAAAAAAAAAAAAAAAAAAAAAAAAAAAAAAAAAAAAAAAAAAAAAAAAAAAAAAAAAAAAAAAAAAAAAAAAAAAAAAAAAAAAAAAAAAAAAAAAAAAAAAAAAAAAAAAAAAAAAAAAAAAAAAAAAAAAAAAAAAAAAAAAAAAAAAAAAAAAAAAAAAAAAAAAAAAAAAAAAAAAAAAAAAAAAAAAAAAAAAAAAAAAAAAAAAAAAAAAAAAAAAAAAAAAAAAAAAAAAAAAAAAAAAAAAAAAAAAAAAAAAAAAAAAAAAAAAAAAAAAAAAAAAAAAAAAAAAAAAAAAAAAAAAAAAAAAAAAAAAAAAAAAAAAAAAAAAAAAAAAAAAAAAAAAAAAAAAAAAAAAAAAAAAAAAAAAAAAAAAAAAAAAAAAAAAAAAAAAAAAAAAAAAAAAAAAAAAAAAAAAAAAAAAAAAAAAAAAAAAAAAAAAAAAAAAAAAAAAAAAAAAAAAAAAAAAAAAAAAAAAAAAAAAAAAAAAAAAAAAAAAAAAAAAAAAAAAAAAAAAAAAAAAAAAAAAAAAAAAAAAAAAAAAAAAAAAAAAAAAAAAAAAAAAAAAAAAAAAAAAAAAAAAAAAAAAAAAAAAAAAAAAAAAAAAAAAAAAAAAAAAAAAAAAAAAAAAAAAAAAAAAAAAAAAAAAAAAAAAAAAAAAAAAAAAAAAAAAAAAAAAAAAAAAAAAAAAAAAAAAAAAAAAAAAAAAAAAAAAAAAAAAAAAAAAAAAAAAAAAAAAAAAAAAAAAAAAAAAAAAAAAAAAAAAAAAAAAAAAAAAAAAAAAAAAAAAAAAAAAAAAAAAAAAAAAAAAAAAAAAAAAAAAAAAAAAAAAAAAAAAAAAAAAAAAAAAAAAAAAAAAAAAAAAAAAAAAAAAAAAAAAAAAAAAAAAAAAAAAAAAAAAAAAAAAAAAAAAAAAAAAAAAAAAAAAAAAAAAAAAAAAAAAAAAAAAAAAAAAAAAAAAAAAAAAAAAAAAAAAAAAAAAAAAAAAAAAAAAAAAAAAAAAAAAAAAAAAAAAAAAAAAAAAAAAAAAAAAAAAAAAAAAAAAAAAAAAAAAAAAAAAAAAAAAAAAAAAAAAAAAAAAAAAAAAAAAAAAAAAAAAAAAAAAAAAAAAAAAAAAAAAAAAAAAAAAAAAAAAAAAAAAAAAAAAAAAAAAAAAAAAAAAAAAAAAAAAAAAAAAAAAAAAAAAAAAAAAAAAAAAAAAAAAAAAAAAAAAAAAAAAAAAAAAAAAAAAAAAAAAAAAAAAAAAAAAAAAAAAAAAAAAAAAAAAAAAAAAAAAAAAAAAAAAAAAAAAAAAAAAAAAAAAAAAAAAAAAAAAAAAAAAAAAAAAAAAAAAAAAAAAAAAAAAAAAAAAAAAAAAAAAAAAAAAAAAAAAAAAAAAAAAAAAAAAAAAAAAAAAAAAAAAAAAAAAAAAAAAAAAAAAAAAAAAAAAAAAAAAAAAAAAAAAAAAAAAAAAAAAAAAAAAAAAAAAAAAAAAAAAAAAAAAAAAAAAAAAAAAAAAAAAAAAAAAAAAAAAAAAAAAAAAAAAAAAAAAAAAAAAAAAAAAAAAAAAAAAAAAAAAAAAAAAAAAAAAAAAAAAAAAAAAAAAAAAAAAAAAAAAAAAAAAAAAAAAAAAAAAAAAAAAAAAAAAAAAAAAAAAAAAAAAAAAAAAAAAAAAAAAAAAAAAAAAAAAAAAAAAAAAAAAAAAAAAAAAAAAAAAAAAAAAAAAAAAAAAAAAAAAAAAAAAAAAAAAAAAAAAAAAAAAAAAAAAAAAAAAAAAAAAAAAAAAAAAAAAAAAAAAAAAAAAAAAAAAAAAAAAAAAAAAAAAAAAAAAAAAAAAAAAAAAAAAAAAAAAAAAAAAAAAAAAAAAAAAAAAAAAAAAAAAAAAAAAAAAAAAAAAAAAAAAAAAAAAAAAAAAAAAAAAAAAAAAAAAAAAAAAAAAAAAAAAAAAAAAAAAAAAAAAAAAAAAAAAAAAAAAAAAAAAAAAAAAAAAAAAAAAAAAAAAAAAAAAAAAAAAAAAAAAAAAAAAAAAAAAAAAAAAAAAAAAAAAAAAAAAAAAAAAAAAAAAAAAAAAAAAAAAAAAAAAAAAAAAAAAAAAAAAAAAAAAAAAAAAAAAAAAAAAAAAAAAAAAAAAAAAAAAAAAAAAAAAAAAAAAAAAAAAAAAAAAAAAAAAAAAAAAAAAAAAAAAAAAAAAAAAAAAAAAAAAAAAAAAAAAAAAAAAAAAAAAAAAAAAAAAAAAAAAAAAAAAAAAAAAAAAAAAAAAAAAAAAAAAAAAAAAAAAAAAAAAAAAAAAAAAAAAAAAAAAAAAAAAAAAAAAAAAAAAAAAAAAAAAAAAAAAAAAAAAAAAAAAAAAAAAAAAAAAAAAAAAAAAAAAAAAAAAAAAAAAAAAAAAAAAAAAAAAAAAAAAAAAAAAAAAAAAAAAAAAAAAAAAAAAAAAAAAAAAAAAAAAAAAAAAAAAAAAAAAAAAAAAAAAAAAAAAAAAAAAAAAAAAAAAAAAAAAAAAAAAAAAAAAAAAAAAAAAAAAAAAAAAAAAAAAAAAAAAAAAAAAAAAAAAAAAAAAAAAAAAAAAAAAAAAAAAAAAAAAAAAAAAAAAAAAAAAAAAAAAAAAAAAAAAAAAAAAAAAAAAAAAAAAAAAAAAAAAAAAAAAAAAAAAAAAAAAAAAAAAAAAAAAAAAAAAAAAAAAAAAAAAAAAAAAAAAAAAAAAAAAAAAAAAAAAAAAAAAAAAAAAAAAAAAAAAAAAAAAAAAAAAAAAAAAAAAAAAAAAAAAAAAAAAAAAAAAAAAAAAAAAAAAAAAAAAAAAAAAAAAAAAAAAAAAAAAAAAAAAAAAAAAAAAAAAAAAAAAAAAAAAAAAAAAAAAAAAAAAAAAAAAAAAAAAAAAAAAAAAAAAAAAAAAAAAAAAAAAAAAAAAAAAAAAAAAAAAAAAAAAAAAAAAAAAAAAAAAAAAAAAAAAAAAAAAAAAAAAAAAAAAAAAAAAAAAAAAAAAAAAAAAAAAAAAAAAAAAAAAAAAAAAAAAAAAAAAAAAAAAAAAAAAAAAAAAAAAAAAAAAAAAAAAAAAAAAAAAAAAAAAAAAAAAAAAAAAAAAAAAAAAAAAAAAAAAAAAAAAAAAAAAAAAAAAAAAAAAAAAAAAAAAAAAAAAAAAAAAAAAAAAAAAAAAAAAAAAAAAAAAAAAAAAAAAAAAAAAAAAAAAAAAAAAAAAAAAAAAAAAAAAAAAAAAAAAAAAAAAAAAAAAAAAAAAAAAAAAAAAAAAAAAAAAAAAAAAAAAAAAAAAAAAAAAAAAAAAAAAAAAAAAAAAAAAAAAAAAAAAAAAAAAAAAAAAAAAAAAAAAAAAAAAAAAAAAAAAAAAAAAAAAAAAAAAAAAAAAAAAAAAAAAAAAAAAAAAAAAAAAAAAAAAAAAAAAAAAAAAAAAAAAAAAAAAAAAAAAAAAAAAAAAAAAAAAAAAAAAAAAAAAAAAAAAAAAAAAAAAAAAAAAAAAAAAAAAAAAAAAAAAAAAAAAAAAAAAAAAAAAAAAAAAAAAAAAAAAAAAAAAAAAAAAAAAAAAAAAAAAAAAAAAAAAAAAAAAAAAAAAAAAAAAAAAAAAAAAAAAAAAAAAAAAAAAAAAAAAAAAAAAAAAAAAAAAAAAAAAAAAAAAAAAAAAAAAAAAAAAAAAAAAAAAAAAAAAAAAAAAAAAAAAAAAAAAAAAAAAAAAAAAAAAAAAAAAAAAAAAAAAAAAAAAAAAAAAAAAAAAAAAAAAAAAAAAAAAAAAAAAAAAAAAAAAAAAAAAAAAAAAAAAAAAAAAAAAAAAAAAAAAAAAAAAAAAAAAAAAAAAAAAAAAAAAAAAAAAAAAAAAAAAAAAAAAAAAAAAAAAAAAAAAAAAAAAAAAAAAAAAAAAAAAAAAAAAAAAAAAAAAAAAAAAAAAAAAAAAAAAAAAAAAAAAAAAAAAAAAAAAAAAAAAAAAAAAAAAAAAAAAAAAAAAAAAAAAAAAAAAAAAAAAAAAAAAAAAAAAAAAAAAAAAAAAAAAAAAAAAAAAAAAAAAAAAAAAAAAAAAAAAAAAAAAAAAAAAAAAAAAAAAAAAAAAAAAAAAAAAAAAAAAAAAAAAAAAAAAAAAAAAAAAAAAAAAAAAAAAAAAAAAAAAAAAAAAAAAAAAAAAAAAAAAAAAAAAAAAAAAAAAAAAAAAAAAAAAAAAAAAAAAAAAAAAAAAAAAAAAAAAAAAAAAAAAAAAAAAAAAAAAAAAAAAAAAAAAAAAAAAAAAAAAAAAAAAAAAAAAAAAAAAAAAAAAAAAAAAAAAAAAAAAAAAAAAAAAAAAAAAAAAAAAAAAAAAAAAAAAAAAAAAAAAAAAAAAAAAAAAAAAAAAAAAAAAAAAAAAAAAAAAAAAAAAAAAAAAAAAAAAAAAAAAAAAAAAAAAAAAAAAAAAAAAAAAAAAAAAAAAAAAAAAAAAAAAAAAAAAAAAAAAAAAAAAAAAAAAAAAAAAAAAAAAAAAAAAAAAAAAAAAAAAAAAAAAAAAAAAAAAAAAAAAAAAAAAAAAAAAAAAAAAAAAAAAAAAAAAAAAAAAAAAAAAAAAAAAAAAAAAAAAAAAAAAAAAAAAAAAAAAAAAAAAAAAAAAAAAAAAAAAAAAAAAAAAAAAAAAAAAAAAAAAAAAAAAAAAAAAAAAAAAAAAAAAAAAAAAAAAAAAAAAAAAAAAAAAAAAAAAAAAAAAAAAAAAAAAAAAAAAAAAAAAAAAAAAAAAAAAAAAAAAAAAAAAAAAAAAAAAAAAAAAAAAAAAAAAAAAAAAAAAAAAAAAAAAAAAAAAAAAAAAAAAAAAAAAAAAAAAAAAAAAAAAAAAAAAAAAAAAAAAAAAAAAAAAAAAAAAAAAAAAAAAAAAAAAAAAAAAAAAAAAAAAAAAAAAAAAAAAAAAAAAAAAAAAAAAAAAAAAAAAAAAAAAAAAAAAAAAAAAAAAAAAAAAAAAAAAAAAAAAAAAAAAAAAAAAAAAAAAAAAAAAAAAAAAAAAAAAAAAAAAAAAAAAAAAAAAAAAAAAAAAAAAAAAAAAAAAAAAAAAAAAAAAAAAAAAAAAAAAAAAAAAAAAAAAAAAAAAAAAAAAAAAAAAAAAAAAAAAAAAAAAAAAAAAAAAAAAAAAAAAAAAAAAAAAAAAAAAAAAAAAAAAAAAAAAAAAAAAAAAAAAAAAAAAAAAAAAAAAAAAAAAAAAAAAAAAAAAAAAAAAAAAAAAAAAAAAAAAAAAAAAAAAAAAAAAAAAAAAAAAAAAAAAAAAAAAAAAAAAAAAAAAAAAAAAAAAAAAAAAAAAAAAAAAAAAAAAAAAAAAAAAAAAAAAAAAAAAAAAAAAAAAAAAAAAAAAAAAAAAAAAAAAAAAAAAAAAAAAAAAAAAAAAAAAAAAAAAAAAAAAAAAAAAAAAAAAAAAAAAAAAAAAAAAAAAAAAAAAAAAAAAAAAAAAAAAAAAAAAAAAAAAAAAAAAAAAAAAAAAAAAAAAAAAAAAAAAAAAAAAAAAAAAAAAAAAAAAAAAAAAAAAAAAAAAAAAAAAAAAAAAAAAAAAAAAAAAAAAAAAAAAAAAAAAAAAAAAAAAAAAAAAAAAAAAAAAAAAAAAAAAAAAAAAAAAAAAAAAAAAAAAAAAAAAAAAAAAAAAAAAAAAAAAAAAAAAAAAAAAAAAAAAAAAAAAAAAAAAAAAAAAAAAAAAAAAAAAAAAAAAAAAAAAAAAAAAAAAAAAAAAAAAAAAAAAAAAAAAAAAAAAAAAAAAAAAAAAAAAAAAAAAAAAAAAAAAAAAAAAAAAAAAAAAAAAAAAAAAAAAAAAAAAAAAAAAAAAAAAAAAAAAAAAAAAAAAAAAAAAAAAAAAAAAAAAAAAAAAAAAAAAAAAAAAAAAAAAAAAAAAAAAAAAAAAAAAAAAAAAAAAAAAAAAAAAAAAAAAAAAAAAAAAAAAAAAAAAAAAAAAAAAAAAAAAAAAAAAAAAAAAAAAAAAAAAAAAAAAAAAAAAAAAAAAAAAAAAAAAAAAAAAAAAAAAAAAAAAAAAAAAAAAAAAAAAAAAAAAAAAAAAAAAAAAAAAAAAAAAAAAAAAAAAAAAAAAAAAAAAAAAAAAAAAAAAAAAAAAAAAAAAAAAAAAAAAAAAAAAAAAAAAAAAAAAAAAAAAAAAAAAAAAAAAAAAAAAAAAAAAAAAAAAAAAAAAAAAAAAAAAAAAAAAAAAAAAAAAAAAAAAAAAAAAAAAAAAAAAAAAAAAAAAAAAAAAAAAAAAAAAAAAAAAAAAAAAAAAAAAAAAAAAAAAAAAAAAAAAAAAAAAAAAAAAAAAAAAAAAAAAAAAAAAAAAAAAAAAAAAAAAAAAAAAAAAAAAAAAAAAAAAAAAAAAAAAAAAAAAAAAAAAAAAAAAAAAAAAAAAAAAAAAAAAAAAAAAAAAAAAAAAAAAAAAAAAAAAAAAAAAAAAAAAAAAAAAAAAAAAAAAAAAAAAAAAAAAAAAAAAAAAAAAAAAAAAAAAAAAAAAAAAAAAAAAAAAAAAAAAAAAAAAAAAAAAAAAAAAAAAAAAAAAAAAAAAAAAAAAAAAAAAAAAAAAAAAAAAAAAAAAAAAAAAAAAAAAAAAAAAAAAAAAAAAAAAAAAAAAAAAAAAAAAAAAAAAAAAAAAAAAAAAAAAAAAAAAAAAAAAAAAAAAAAAAAAAAAAAAAAAAAAAAAAAAAAAAAAAAAAAAAAAAAAAAAAAAAAAAAAAAAAAAAAAAAAAAAAAAAAAAAAAAAAAAAAAAAAAAAAAAAAAAAAAAAAAAAAAAAAAAAAAAAAAAAAAAAAAAAAAAAAAAAAAAAAAAAAAAAAAAAAAAAAAAAAAAAAAAAAAAAAAAAAAAAAAAAAAAAAAAAAAAAAAAAAAAAAAAAAAAAAAAAAAAAAAAAAAAAAAAAAAAAAAAAAAAAAAAAAAAAAAAAAAAAAAAAAAAAAAAAAAAAAAAAAAAAAAAAAAAAAAAAAAAAAAAAAAAAAAAAAAAAAAAAAAAAAAAAAAAAAAAAAAAAAAAAAAAAAAAAAAAAAAAAAAAAAAAAAAAAAAAAAAAAAAAAAAAAAAAAAAAAAAAAAAAAAAAAAAAAAAAAAAAAAAAAAAAAAAAAAAAAAAAAAAAAAAAAAAAAAAAAAAAAAAAAAAAAAAAAAAAAAAAAAAAAAAAAAAAAAAAAAAAAAAAAAAAAAAAAAAAAAAAAAAAAAAAAAAAAAAAAAAAAAAAAAAAAAAAAAAAAAAAAAAAAAAAAAAAAAAAAAAAAAAAAAAAAAAAAAAAAAAAAAAAAAAAAAAAAAAAAAAAAAAAAAAAAAAAAAAAAAAAAAAAAAAAAAAAAAAAAAAAAAAAAAAAAAAAAAAAAAAAAAAAAAAAAAAAAAAAAAAAAAAAAAAAAAAAAAAAAAAAAAAAAAAAAAAAAAAAAAAAAAAAAAAAAAAAAAAAAAAAAAAAAAAAAAAAAAAAAAAAAAAAAAAAAAAAAAAAAAAAAAAAAAAAAAAAAAAAAAAAAAAAAAAAAAAAAAAAAAAAAAAAAAAAAAAAAAAAAAAAAAAAAAAAAAAAAAAAAAAAAAAAAAAAAAAAAAAAAAAAAAAAAAAAAAAAAAAAAAAAAAAAAAAAAAAAAAAAAAAAAAAAAAAAAAAAAAAAAAAAAAAAAAAAAAAAAAAAAAAAAAAAAAAAAAAAAAAAAAAAAAAAAAAAAAAAAAAAAAAAAAAAAAAAAAAAAAAAAAAAAAAAAAAAAAAAAAAAAAAAAAAAAAAAAAAAAAAAAAAAAAAAAAAAAAAAAAAAAAAAAAAAAAAAAAAAAAAAAAAAAAAAAAAAAAAAAAAAAAAAAAAAAAAAAAAAAAAAAAAAAAAAAAAAAAAAAAAAAAAAAAAAAAAAAAAAAAAAAAAAAAAAAAAAAAAAAAAAAAAAAAAAAAAAAAAAAAAAAAAAAAAAAAAAAAAAAAAAAAAAAAAAAAAAAAAAAAAAAAAAAAAAAAAAAAAAAAAAAAAAAAAAAAAAAAAAAAAAAAAAAAAAAAAAAAAAAAAAAAAAAAAAAAAAAAAAAAAAAAAAAAAAAAAAAAAAAAAAAAAAAAAAAAAAAAAAAAAAAAAAAAAAAAAAAAAAAAAAAAAAAAAAAAAAAAAAAAAAAAAAAAAAAAAAAAAAAAAAAAAAAAAAAAAAAAAAAAAAAAAAAAAAAAAAAAAAAAAAAAAAAAAAAAAAAAAAAAAAAAAAAAAAAAAAAAAAAAAAAAAAAAAAAAAAAAAAAAAAAAAAAAAAAAAAAAAAAAAAAAAAAAAAAAAAAAAAAAAAAAAAAAAAAAAAAAAAAAAAAAAAAAAAAAAAAAAAAAAAAAAAAAAAAAAAAAAAAAAAAAAAAAAAAAAAAAAAAAAAAAAAAAAAAAAAAAAAAAAAAAAAAAAAAAAAAAAAAAAAAAAAAAAAAAAAAAAAAAAAAAAAAAAAAAAAAAAAAAAAAAAAAAAAAAAAAAAAAAAAAAAAAAAAAAAAAAAAAAAAAAAAAAAAAAAAAAAAAAAAAAAAAAAAAAAAAAAAAAAAAAAAAAAAAAAAAAAAAAAAAAAAAAAAAAAAAAAAAAAAAAAAAAAAAAAAAAAAAAAAAAAAAAAAAAAAAAAAAAAAAAAAAAAAAAAAAAAAAAAAAAAAAAAAAAAAAAAAAAAAAAAAAAAAAAAAAAAAAAAAAAAAAAAAAAAAAAAAAAAAAAAAAAAAAAAAAAAAAAAAAAAAAAAAAAAAAAAAAAAAAAAAAAAAAAAAAAAAAAAAAAAAAAAAAAAAAAAAAAAAAAAAAAAAAAAAAAAAAAAAAAAAAAAAAAAAAAAAAAAAAAAAAAAAAAAAAAAAAAAAAAAAAAAAAAAAAAAAAAAAAAAAAAAAAAAAAAAAAAAAAAAAAAAAAAAAAAAAAAAAAAAAAAAAAAAAAAAAAAAAAAAAAAAAAAAAAAAAAAAAAAAAAAAAAAAAAAAAAAAAAAAAAAAAAAAAAAAAAAAAAAAAAAAAAAAAAAAAAAAAAAAAAAAAAAAAAAAAAAAAAAAAAAAAAAAAAAAAAAAAAAAAAAAAAAAAAAAAAAAAAAAAAAAAAAAAAAAAAAAAAAAAAAAAAAAAAAAAAAAAAAAAAAAAAAAAAAAAAAAAAAAAAAAAAAAAAAAAAAAAAAAAAAAAAAAAAAAAAAAAAAAAAAAAAAAAAAAAAAAAAAAAAAAAAAAAAAAAAAAAAAAAAAAAAAAAAAAAAAAAAAAAAAAAAAAAAAAAAAAAAAAAAAAAAAAAAAAAAAAAAAAAAAAAAAAAAAAAAAAAAAAAAAAAAAAAAAAAAAAAAAAAAAAAAAAAAAAAAAAAAAAAAAAAAAAAAAAAAAAAAAAAAAAAAAAAAAAAAAAAAAAAAAAAAAAAAAAAAAAAAAAAAAAAAAAAAAAAAAAAAAAAAAAAAAAAAAAAAAAAAAAAAAAAAAAAAAAAAAAAAAAAAAAAAAAAAAAAAAAAAAAAAAAAAAAAAAAAAAAAAAAAAAAAAAAAAAAAAAAAAAAAAAAAAAAAAAAAAAAAAAAAAAAAAAAAAAAAAAAAAAAAAAAAAAAAAAAAAAAAAAAAAAAAAAAAAAAAAAAAAAAAAAAAAAAAAAAAAAAAAAAAAAAAAAAAAAAAAAAAAAAAAAAAAAAAAAAAAAAAAAAAAAAAAAAAAAAAAAAAAAAAAAAAAAAAAAAAAAAAAAAAAAAAAAAAAAAAAAAAAAAAAAAAAAAAAAAAAAAAAAAAAAAAAAAAAAAAAAAAAAAAAAAAAAAAAAAAAAAAAAAAAAAAAAAAAAAAAAAAAAAAAAAAAAAAAAAAAAAAAAAAAAAAAAAAAAAAAAAAAAAAAAAAAAAAAAAAAAAAAAAAAAAAAAAAAAAAAAAAAAAAAAAAAAAAAAAAAAAAAAAAAAAAAAAAAAAAAAAAAAAAAAAAAAAAAAAAAAAAAAAAAAAAAAAAAAAAAAAAAAAAAAAAAAAAAAAAAAAAAAAAAAAAAAAAAAAAAAAAAAAAAAAAAAAAAAAAAAAAAAAAAAAAAAAAAAAAAAAAAAAAAAAAAAAAAAAAAAAAAAAAAAAAAAAAAAAAAAAAAAAAAAAAAAAAAAAAAAAAAAAAAAAAAAAAAAAAAAAAAAAAAAAAAAAAAAAAAAAAAAAAAAAAAAAAAAAAAAAAAAAAAAAAAAAAAAAAAAAAAAAAAAAAAAAAAAAAAAAAAAAAAAAAAAAAAAAAAAAAAAAAAAAAAAAAAAAAAAAAAAAAAAAAAAAAAAAAAAAAAAAAAAAAAAAAAAAAAAAAAAAAAAAAAAAAAAAAAAAAAAAAAAAAAAAAAAAAAAAAAAAAAAAAAAAAAAAAAAAAAAAAAAAAAAAAAAAAAAAAAAAAAAAAAAAAAAAAAAAAAAAAAAAAAAAAAAAAAAAAAAAAAAAAAAAAAAAAAAAAAAAAAAAAAAAAAAAAAAAAAAAAAAAAAAAAAAAAAAAAAAAAAAAAAAAAAAAAAAAAAAAAAAAAAAAAAAAAAAAAAAAAAAAAAAAAAAAAAAAAAAAAAAAAAAAAAAAAAAAAAAAAAAAAAAAAAAAAAAAAAAAAAAAAAAAAAAAAAAAAAAAAAAAAAAAAAAAAAAAAAAAAAAAAAAAAAAAAAAAAAAAAAAAAAAAAAAAAAAAAAAAAAAAAAAAAAAAAAAAAAAAAAAAAAAAAAAAAAAAAAAAAAAAAAAAAAAAAAAAAAAAAAAAAAAAAAAAAAAAAAAAAAAAAAAAAAAAAAAAAAAAAAAAAAAAAAAAAAAAAAAAAAAAAAAAAAAAAAAAAAAAAAAAAAAAAAAAAAAAAAAAAAAAAAAAAAAAAAAAAAAAAAAAAAAAAAAAAAAAAAAAAAAAAAAAAAAAAAAAAAAAAAAAAAAAAAAAAAAAAAAAAAAAAAAAAAAAAAAAAAAAAAAAAAAAAAAAAAAAAAAAAAAAAAAAAAAAAAAAAAAAAAAAAAAAAAAAAAAAAAAAAAAAAAAAAAAAAAAAAAAAAAAAAAAAAAAAAAAAAAAAAAAAAAAAAAAAAAAAAAAAAAAAAAAAAAAAAAAAAAAAAAAAAAAAAAAAAAAAAAAAAAAAAAAAAAAAAAAAAAAAAAAAAAAAAAAAAAAAAAAAAAAAAAAAAAAAAAAAAAAAAAAAAAAAAAAAAAAAAAAAAAAAAAAAAAAAAAAAAAAAAAAAAAAAAAAAAAAAAAAAAAAAAAAAAAAAAAAAAAAAAAAAAAAAAAAAAAAAAAAAAAAAAAAAAAAAAAAAAAAAAAAAAAAAAAAAAAAAAAAAAAAAAAAAAAAAAAAAAAAAAAAAAAAAAAAAAAAAAAAAAAAAAAAAAAAAAAAAAAAAAAAAAAAAAAAAAAAAAAAAAAAAAAAAAAAAAAAAAAAAAAAAAAAAAAAAAAAAAAAAAAAAAAAAAAAAAAAAAAAAAAAAAAAAAAAAAAAAAAAAAAAAAAAAAAAAAAAAAAAAAAAAAAAAAAAAAAAAAAAAAAAAAAAAAAAAAAAAAAAAAAAAAAAAAAAAAAAAAAAAAAAAAAAAAAAAAAAAAAAAAAAAAAAAAAAAAAAAAAAAAAAAAAAAAAAAAAAAAAAAAAAAAAAAAAAAAAAAAAAAAAAAAAAAAAAAAAAAAAAAAAAAAAAAAAAAAAAAAAAAAAAAAAAAAAAAAAAAAAAAAAAAAAAAAAAAAAAAAAAAAAAAAAAAAAAAAAAAAAAAAAAAAAAAAAAAAAAAAAAAAAAAAAAAAAAAAAAAAAAAAAAAAAAAAAAAAAAAAAAAAAAAAAAAAAAAAAAAAAAAAAAAAAAAAAAAAAAAAAAAAAAAAAAAAAAAAAAAAAAAAAAAAAAAAAAAAAAAAAAAAAAAAAAAAAAAAAAAAAAAAAAAAAAAAAAAAAAAAAAAAAAAAAAAAAAAAAAAAAAAAAAAAAAAAAAAAAAAAAAAAAAAAAAAAAAAAAAAAAAAAAAAAAAAAAAAAAAAAAAAAAAAAAAAAAAAAAAAAAAAAAAAAAAAAAAAAAAAAAAAAAAAAAAAAAAAAAAAAAAAAAAAAAAAAAAAAAAAAAAAAAAAAAAAAAAAAAAAAAAAAAAAAAAAAAAAAAAAAAAAAAAAAAAAAAAAAAAAAAAAAAAAAAAAAAAAAAAAAAAAAAAAAAAAAAAAAAAAAAAAAAAAAAAAAAAAAAAAAAAAAAAAAAAAAAAAAAAAAAAAAAAAAAAAAAAAAAAAAAAAAAAAAAAAAAAAAAAAAAAAAAAAAAAAAAAAAAAAAAAAAAAAAAAAAAAAAAAAAAAAAAAAAAAAAAAAAAAAAAAAAAAAAAAAAAAAAAAAAAAAAAAAAAAAAAAAAAAAAAAAAAAAAAAAAAAAAAAAAAAAAAAAAAAAAAAAAAAAAAAAAAAAAAAAAAAAAAAAAAAAAAAAAAAAAAAAAAAAAAAAAAAAAAAAAAAAAAAAAAAAAAAAAAAAAAAAAAAAAAAAAAAAAAAAAAAAAAAAAAAAAAAAAAAAAAAAAAAAAAAAAAAAAAAAAAAAAAAAAAAAAAAAAAAAAAAAAAAAAAAAAAAAAAAAAAAAAAAAAAAAAAAAAAAAAAAAAAAAAAAAAAAAAAAAAAAAAAAAAAAAAAAAAAAAAAAAAAAAAAAAAAAAAAAAAAAAAAAAAAAAAAAAAAAAAAAAAAAAAAAAAAAAAAAAAAAAAAAAAAAAAAAAAAAAAAAAAAAAAAAAAAAAAAAAAAAAAAAAAAAAAAAAAAAAAAAAAAAAAAAAAAAAAAAAAAAAAAAAAAAAAAAAAAAAAAAAAAAAAAAAAAAAAAAAAAAAAAAAAAAAAAAAAAAAAAAAAAAAAAAAAAAAAAAAAAAAAAAAAAAAAAAAAAAAAAAAAAAAAAAAAAAAAAAAAAAAAAAAAAAAAAAAAAAAAAAAAAAAAAAAAAAAAAAAAAAAAAAAAAAAAAAAAAAAAAAAAAAAAAAAAAAAAAAAAAAAAAAAAAAAAAAAAAAAAAAAAAAAAAAAAAAAAAAAAAAAAAAAAAAAAAAAAAAAAAAAAAAAAAAAAAAAAAAAAAAAAAAAAAAAAAAAAAAAAAAAAAAAAAAAAAAAAAAAAAAAAAAAAAAAAAAAAAAAAAAAAAAAAAAAAAAAAAAAAAAAAAAAAAAAAAAAAAAAAAAAAAAAAAAAAAAAAAAAAAAAAAAAAAAAAAAAAAAAAAAAAAAAAAAAAAAAAAAAAAAAAAAAAAAAAAAAAAAAAAAAAAAAAAAAAAAAAAAAAAAAAAAAAAAAAAAAAAAAAAAAAAAAAAAAAAAAAAAAAAAAAAAAAAAAAAAAAAAAAAAAAAAAAAAAAAAAAAAAAAAAAAAAAAAAAAAAAAAAAAAAAAAAAAAAAAAAAAAAAAAAAAAAAAAAAAAAAAAAAAAAAAAAAAAAAAAAAAAAAAAAAAAAAAAAAAAAAAAAAAAAAAAAAAAAAAAAAAAAAAAAAAAAAAAAAAAAAAAAAAAAAAAAAAAAAAAAAAAAAAAAAAAAAAAAAAAAAAAAAAAAAAAAAAAAAAAAAAAAAAAAAAAAAAAAAAAAAAAAAAAAAAAAAAAAAAAAAAAAAAAAAAAAAAAAAAAAAAAAAAAAAAAAAAAAAAAAAAAAAAAAAAAAAAAAAAAAAAAAAAAAAAAAAAAAAAAAAAAAAAAAAAAAAAAAAAAAAAAAAAAAAAAAAAAAAAAAAAAAAAAAAAAAAAAAAAAAAAAAAAAAAAAAAAAAAAAAAAAAAAAAAAAAAAAAAAAAAAAAAAAAAAAAAAAAAAAAAAAAAAAAAAAAAAAAAAAAAAAAAAAAAAAAAAAAAAAAAAAAAAAAAAAAAAAAAAAAAAAAAAAAAAAAAAAAAAAAAAAAAAAAAAAAAAAAAAAAAAAAAAAAAAAAAAAAAAAAAAAAAAAAAAAAAAAAAAAAAAAAAAAAAAAAAAAAAAAAAAAAAAAAAAAAAAAAAAAAAAAAAAAAAAAAAAAAAAAAAAAAAAAAAAAAAAAAAAAAAAAAAAAAAAAAAAAAAAAAAAAAAAAAAAAAAAAAAAAAAAAAAAAAAAAAAAAAAAAAAAAAAAAAAAAAAAAAAAAAAAAAAAAAAAAAAAAAAAAAAAAAAAAAAAAAAAAAAAAAAAAAAAAAAAAAAAAAAAAAAAAAAAAAAAAAAAAAAAAAAAAAAAAAAAAAAAAAAAAAAAAAAAAAAAAAAAAAAAAAAAAAAAAAAAAAAAAAAAAAAAAAAAAAAAAAAAAAAAAAAAAAAAAAAAAAAAAAAAAAAAAAAAAAAAAAAAAAAAAAAAAAAAAAAAAAAAAAAAAAAAAAAAAAAAAAAAAAAAAAAAAAAAAAAAAAAAAAAAAAAAAAAAAAAAAAAAAAAAAAAAAAAAAAAAAAAAAAAAAAAAAAAAAAAAAAAAAAAAAAAAAAAAAAAAAAAAAAAAAAAAAAAAAAAAAAAAAAAAAAAAAAAAAAAAAAAAAAAAAAAAAAAAAAAAAAAAAAAAAAAAAAAAAAAAAAAAAAAAAAAAAAAAAAAAAAAAAAAAAAAAAAAAAAAAAAAAAAAAAAAAAAAAAAAAAAAAAAAAAAAAAAAAAAAAAAAAAAAAAAAAAAAAAAAAAAAAAAAAAAAAAAAAAAAAAAAAAAAAAAAAAAAAAAAAAAAAAAAAAAAAAAAAAAAAAAAAAAAAAAAAAAAAAAAAAAAAAAAAAAAAAAAAAAAAAAAAAAAAAAAAAAAAAAAAAAAAAAAAAAAAAAAAAAAAAAAAAAAAAAAAAAAAAAAAAAAAAAAAAAAAAAAAAAAAAAAAAAAAAAAAAAAAAAAAAAAAAAAAAAAAAAAAAAAAAAAAAAAAAAAAAAAAAAAAAAAAAAAAAAAAAAAAAAAAAAAAAAAAAAAAAAAAAAAAAAAAAAAAAAAAAAAAAAAAAAAAAAAAAAAAAAAAAAAAAAAAAAAAAAAAAAAAAAAAAAAAAAAAAAAAAAAAAAAAAAAAAAAAAAAAAAAAAAAAAAAAAAAAAAAAAAAAAAAAAAAAAAAAAAAAAAAAAAAAAAAAAAAAAAAAAAAAAAAAAAAAAAAAAAAAAAAAAAAAAAAAAAAAAAAAAAAAAAAAAAAAAAAAAAAAAAAAAAAAAAAAAAAAAAAAAAAAAAAAAAAAAAAAAAAAAAAAAAAAAAAAAAAAAAAAAAAAAAAAAAAAAAAAAAAAAAAAAAAAAAAAAAAAAAAAAAAAAAAAAAAAAAAAAAAAAAAAAAAAAAAAAAAAAAAAAAAAAAAAAAAAAAAAAAAAAAAAAAAAAAAAAAAAAAAAAAAAAAAAAAAAAAAAAAAAAAAAAAAAAAAAAAAAAAAAAAAAAAAAAAAAAAAAAAAAAAAAAAAAAAAAAAAAAAAAAAAAAAAAAAAAAAAAAAAAAAAAAAAAAAAAAAAAAAAAAAAAAAAAAAAAAAAAAAAAAAAAAAAAAAAAAAAAAAAAAAAAAAAAAAAAAAAAAAAAAAAAAAAAAAAAAAAAAAAAAAAAAAAAAAAAAAAAAAAAAAAAAAAAAAAAAAAAAAAAAAAAAAAAAAAAAAAAAAAAAAAAAAAAAAAAAAAAAAAAAAAAAAAAAAAAAAAAAAAAAAAAAAAAAAAAAAAAAAAAAAAAAAAAAAAAAAAAAAAAAAAAAAAAAAAAAAAAAAAAAAAAAAAAAAAAAAAAAAAAAAAAAAAAAAAAAAAAAAAAAAAAAAAAAAAAAAAAAAAAAAAAAAAAAAAAAAAAAAAAAAAAAAAAAAAAAAAAAAAAAAAAAAAAAAAAAAAAAAAAAAAAAAAAAAAAAAAAAAAAAAAAAAAAAAAAAAAAAAAAAAAAAAAAAAAAAAAAAAAAAAAAAAAAAAAAAAAAAAAAAAAAAAAAAAAAAAAAAAAAAAAAAAAAAAAAAAAAAAAAAAAAAAAAAAAAAAAAAAAAAAAAAAAAAAAAAAAAAAAAAAAAAAAAAAAAAAAAAAAAAAAAAAAAAAAAAAAAAAAAAAAAAAAAAAAAAAAAAAAAAAAAAAAAAAAAAAAAAAAAAAAAAAAAAAAAAAAAAAAAAAAAAAAAAAAAAAAAAAAAAAAAAAAAAAAAAAAAAAAAAAAAAAAAAAAAAAAAAAAAAAAAAAAAAAAAAAAAAAAAAAAAAAAAAAAAAAAAAAAAAAAAAAAAAAAAAAAAAAAAAAAAAAAAAAAAAAAAAAAAAAAAAAAAAAAAAAAAAAAAAAAAAAAAAAAAAAAAAAAAAAAAAAAAAAAAAAAAAAAAAAAAAAAAAAAAAAAAAAAAAAAAAAAAAAAAAAAAAAAAAAAAAAAAAAAAAAAAAAAAAAAAAAAAAAAAAAAAAAAAAAAAAAAAAAAAAAAAAAAAAAAAAAAAAAAAAAAAAAAAAAAAAAAAAAAAAAAAAAAAAAAAAAAAAAAAAAAAAAAAAAAAAAAAAAAAAAAAAAAAAAAAAAAAAAAAAAAAAAAAAAAAAAAAAAAAAAAAAAAAAAAAAAAAAAAAAAAAAAAAAAAAAAAAAAAAAAAAAAAAAAAAAAAAAAAAAAAAAAAAAAAAAAAAAAAAAAAAAAAAAAAAAAAAAAAAAAAAAAAAAAAAAAAAAAAAAAAAAAAAAAAAAAAAAAAAAAAAAAAAAAAAAAAAAAAAAAAAAAAAAAAAAAAAAAAAAAAAAAAAAAAAAAAAAAAAAAAAAAAAAAAAAAAAAAAAAAAAAAAAAAAAAAAAAAAAAAAAAAAAAAAAAAAAAAAAAAAAAAAAAAAAAAAAAAAAAAAAAAAAAAAAAAAAAAAAAAAAAAAAAAAAAAAAAAAAAAAAAAAAAAAAAAAAAAAAAAAAAAAAAAAAAAAAAAAAAAAAAAAAAAAAAAAAAAAAAAAAAAAAAAAAAAAAAAAAAAAAAAAAAAAAAAAAAAAAAAAAAAAAAAAAAAAAAAAAAAAAAAAAAAAAAAAAAAAAAAAAAAAAAAAAAAAAAAAAAAAAAAAAAAAAAAAAAAAAAAAAAAAAAAAAAAAAAAAAAAAAAAAAAAAAAAAAAAAAAAAAAAAAAAAAAAAAAAAAAAAAAAAAAAAAAAAAAAAAAAAAAAAAAAAAAAAAAAAAAAAAAAAAAAAAAAAAAAAAAAAAAAAAAAAAAAAAAAAAAAAAAAAAAAAAAAAAAAAAAAAAAAAAAAAAAAAAAAAAAAAAAAAAAAAAAAAAAAAAAAAAAAAAAAAAAAAAAAAAAAAAAAAAAAAAAAAAAAAAAAAAAAAAAAAAAAAAAAAAAAAAAAAAAAAAAAAAAAAAAAAAAAAAAAAAAAAAAAAAAAAAAAAAAAAAAAAAAAAAAAAAAAAAAAAAAAAAAAAAAAAAAAAAAAAAAAAAAAAAAAAAAAAAAAAAAAAAAAAAAAAAAAAAAAAAAAAAAAAAAAAAAAAAAAAAAAAAAAAAAAAAAAAAAAAAAAAAAAAAAAAAAAAAAAAAAAAAAAAAAAAAAAAAAAAAAAAAAAAAAAAAAAAAAAAAAAAAAAAAAAAAAAAAAAAAAAAAAAAAAAAAAAAAAAAAAAAAAAAAAAAAAAAAAAAAAAAAAAAAAAAAAAAAAAAAAAAAAAAAAAAAAAAAAAAAAAAAAAAAAAAAAAAAAAAAAAAAAAAAAAAAAAAAAAAAAAAAAAAAAAAAAAAAAAAAAAAAAAAAAAAAAAAAAAAAAAAAAAAAAAAAAAAAAAAAAAAAAAAAAAAAAAAAAAAAAAAAAAAAAAAAAAAAAAAAAAAAAAAAAAAAAAAAAAAAAAAAAAAAAAAAAAAAAAAAAAAAAAAAAAAAAAAAAAAAAAAAAAAAAAAAAAAAAAAAAAAAAAAAAAAAAAAAAAAAAAAAAAAAAAAAAAAAAAAAAAAAAAAAAAAAAAAAAAAAAAAAAAAAAAAAAAAAAAAAAAAAAAAAAAAAAAAAAAAAAAAAAAAAAAAAAAAAAAAAAAAAAAAAAAAAAAAAAAAAAAAAAAAAAAAAAAAAAAAAAAAAAAAAAAAAAAAAAAAAAAAAAAAAAAAAAAAAAAAAAAAAAAAAAAAAAAAAAAAAAAAAAAAAAAAAAAAAAAAAAAAAAAAAAAAAAAAAAAAAAAAAAAAAAAAAAAAAAAAAAAAAAAAAAAAAAAAAAAAAAAAAAAAAAAAAAAAAAAAAAAAAAAAAAAAAAAAAAAAAAAAAAAAAAAAAAAAAAAAAAAAAAAAAAAAAAAAAAAAAAAAAAAAAAAAAAAAAAAAAAAAAAAAAAAAAAAAAAAAAAAAAAAAAAAAAAAAAAAAAAAAAAAAAAAAAAAAAAAAAAAAAAAAAAAAAAAAAAAAAAAAAAAAAAAAAAAAAAAAAAAAAAAAAAAAAAAAAAAAAAAAAAAAAAAAAAAAAAAAAAAAAAAAAAAAAAAAAAAAAAAAAAAAAAAAAAAAAAAAAAAAAAAAAAAAAAAAAAAAAAAAAAAAAAAAAAAAAAAAAAAAAAAAAAAAAAAAAAAAAAAAAAAAAAAAAAAAAAAAAAAAAAAAAAAAAAAAAAAAAAAAAAAAAAAAAAAAAAAAAAAAAAAAAAAAAAAAAAAAAAAAAAAAAAAAAAAAAAAAAAAAAAAAAAAAAAAAAAAAAAAAAAAAAAAAAAAAAAAAAAAAAAAAAAAAAAAAAAAAAAAAAAAAAAAAAAAAAAAAAAAAAAAAAAAAAAAAAAAAAAAAAAAAAAAAAAAAAAAAAAAAAAAAAAAAAAAAAAAAAAAAAAAAAAAAAAAAAAAAAAAAAAAAAAAAAAAAAAAAAAAAAAAAAAAAAAAAAAAAAAAAAAAAAAAAAAAAAAAAAAAAAAAAAAAAAAAAAAAAAAAAAAAAAAAAAAAAAAAAAAAAAAAAAAAAAAAAAAAAAAAAAAAAAAAAAAAAAAAAAAAAAAAAAAAAAAAAAAAAAAAAAAAAAAAAAAAAAAAAAAAAAAAAAAAAAAAAAAAAAAAAAAAAAAAAAAAAAAAAAAAAAAAAAAAAAAAAAAAAAAAAAAAAAAAAAAAAAAAAAAAAAAAAAAAAAAAAAAAAAAAAAAAAAAAAAAAAAAAAAAAAAAAAAAAAAAAAAAAAAAAAAAAAAAAAAAAAAAAAAAAAAAAAAAAAAAAAAAAAAAAAAAAAAAAAAAAAAAAAAAAAAAAAAAAAAAAAAAAAAAAAAAAAAAAAAAAAAAAAAAAAAAAAAAAAAAAAAAAAAAAAAAAAAAAAAAAAAAAAAAAAAAAAAAAAAAAAAAAAAAAAAAAAAAAAAAAAAAAAAAAAAAAAAAAAAAAAAAAAAAAAAAAAAAAAAAAAAAAAAAAAAAAAAAAAAAAAAAAAAAAAAAAAAAAAAAAAAAAAAAAAAAAAAAAAAAAAAAAAAAAAAAAAAAAAAAAAAAAAAAAAAAAAAAAAAAAAAAAAAAAAAAAAAAAAAAAAAAAAAAAAAAAAAAAAAAAAAAAAAAAAAAAAAAAAAAAAAAAAAAAAAAAAAAAAAAAAAAAAAAAAAAAAAAAAAAAAAAAAAAAAAAAAAAAAAAAAAAAAAAAAAAAAAAAAAAAAAAAAAAAAAAAAAAAAAAAAAAAAAAAAAAAAAAAAAAAAAAAAAAAAAAAAAAAAAAAAAAAAAAAAAAAAAAAAAAAAAAAAAAAAAAAAAAAAAAAAAAAAAAAAAAAAAAAAAAAAAAAAAAAAAAAAAAAAAAAAAAAAAAAAAAAAAAAAAAAAAAAAAAAAAAAAAAAAAAAAAAAAAAAAAAAAAAAAAAAAAAAAAAAAAAAAAAAAAAAAAAAAAAAAAAAAAAAAAAAAAAAAAAAAAAAAAAAAAAAAAAAAAAAAAAAAAAAAAAAAAAAAAAAAAAAAAAAAAAAAAAAAAAAAAAAAAAAAAAAAAAAAAAAAAAAAAAAAAAAAAAAAAAAAAAAAAAAAAAAAAAAAAAAAAAAAAAAAAAAAAAAAAAAAAAAAAAAAAAAAAAAAAAAAAAAAAAAAAAAAAAAAAAAAAAAAAAAAAAAAAAAAAAAAAAAAAAAAAAAAAAAAAAAAAAAAAAAAAAAAAAAAAAAAAAAAAAAAAAAAAAAAAAAAAAAAAAAAAAAAAAAAAAAAAAAAAAAAAAAAAAAAAAAAAAAAAAAAAAAAAAAAAAAAAAAAAAAAAAAAAAAAAAAAAAAAAAAAAAAAAAAAAAAAAAAAAAAAAAAAAAAAAAAAAAAAAAAAAAAAAAAAAAAAAAAAAAAAAAAAAAAAAAAAAAAAAAAAAAAAAAAAAAAAAAAAAAAAAAAAAAAAAAAAAAAAAAAAAAAAAAAAAAAAAAAAAAAAAAAAAAAAAAAAAAAAAAAAAAAAAAAAAAAAAAAAAAAAAAAAAAAAAAAAAAAAAAAAAAAAAAAAAAAAAAAAAAAAAAAAAAAAAAAAAAAAAAAAAAAAAAAAAAAAAAAAAAAAAAAAAAAAAAAAAAAAAAAAAAAAAAAAAAAAAAAAAAAAAAAAAAAAAAAAAAAAAAAAAAAAAAAAAAAAAAAAAAAAAAAAAAAAAAAAAAAAAAAAAAAAAAAAAAAAAAAAAAAAAAAAAAAAAAAAAAAAAAAAAAAAAAAAAAAAAAAAAAAAAAAAAAAAAAAAAAAAAAAAAAAAAAAAAAAAAAAAAAAAAAAAAAAAAAAAAAAAAAAAAAAAAAAAAAAAAAAAAAAAAAAAAAAAAAAAAAAAAAAAAAAAAAAAAAAAAAAAAAAAAAAAAAAAAAAAAAAAAAAAAAAAAAAAAAAAAAAAAAAAAAAAAAAAAAAAAAAAAAAAAAAAAAAAAAAAAAAAAAAAAAAAAAAAAAAAAAAAAAAAAAAAAAAAAAAAAAAAAAAAAAAAAAAAAAAAAAAAAAAAAAAAAAAAAAAAAAAAAAAAAAAAAAAAAAAAAAAAAAAAAAAAAAAAAAAAAAAAAAAAAAAAAAAAAAAAAAAAAAAAAAAAAAAAAAAAAAAAAAAAAAAAAAAAAAAAAAAAAAAAAAAAAAAAAAAAAAAAAAAAAAAAAAAAAAAAAAAAAAAAAAAAAAAAAAAAAAAAAAAAAAAAAAAAAAAAAAAAAAAAAAAAAAAAAAAAAAAAAAAAAAAAAAAAAAAAAAAAAAAAAAAAAAAAAAAAAAAAAAAAAAAAAAAAAAAAAAAAAAAAAAAAAAAAAAAAAAAAAAAAAAAAAAAAAAAAAAAAAAAAAAAAAAAAAAAAAAAAAAAAAAAAAAAAAAAAAAAAAAAAAAAAAAAAAAAAAAAAAAAAAAAAAAAAAAAAAAAAAAAAAAAAAAAAAAAAAAAAAAAAAAAAAAAAAAAAAAAAAAAAAAAAAAAAAAAAAAAAAAAAAAAAAAAAAAAAAAAAAAAAAAAAAAAAAAAAAAAAAAAAAAAAAAAAAAAAAAAAAAAAAAAAAAAAAAAAAAAAAAAAAAAAAAAAAAAAAAAAAAAAAAAAAAAAAAAAAAAAAAAAAAAAAAAAAAAAAAAAAAAAAAAAAAAAAAAAAAAAAAAAAAAAAAAAAAAAAAAAAAAAAAAAAAAAAAAAAAAAAAAAAAAAAAAAAAAAAAAAAAAAAAAAAAAAAAAAAAAAAAAAAAAAAAAAAAAAAAAAAAAAAAAAAAAAAAAAAAAAAAAAAAAAAAAAAAAAAAAAAAAAAAAAAAAAAAAAAAAAAAAAAAAAAAAAAAAAAAAAAAAAAAAAAAAAAAAAAAAAAAAAAAAAAAAAAAAAAAAAAAAAAAAAAAAAAAAAAAAAAAAAAAAAAAAAAAAAAAAAAAAAAAAAAAAAAAAAAAAAAAAAAAAAAAAAAAAAAAAAAAAAAAAAAAAAAAAAAAAAAAAAAAAAAAAAAAAAAAAAAAAAAAAAAAAAAAAAAAAAAAAAAAAAAAAAAAAAAAAAAAAAAAAAAAAAAAAAAAAAAAAAAAAAAAAAAAAAAAAAAAAAAAAAAAAAAAAAAAAAAAAAAAAAAAAAAAAAAAAAAAAAAAAAAAAAAAAAAAAAAAAAAAAAAAAAAAAAAAAAAAAAAAAAAAAAAAAAAAAAAAAAAAAAAAAAAAAAAAAAAAAAAAAAAAAAAAAAAAAAAAAAAAAAAAAAAAAAAAAAAAAAAAAAAAAAAAAAAAAAAAAAAAAAAAAAAAAAAAAAAAAAAAAAAAAAAAAAAAAAAAAAAAAAAAAAAAAAAAAAAAAAAAAAAAAAAAAAAAAAAAAAAAAAAAAAAAAAAAAAAAAAAAAAAAAAAAAAAAAAAAAAAAAAAAAAAAAAAAAAAAAAAAAAAAAAAAAAAAAAAAAAAAAAAAAAAAAAAAAAAAAAAAAAAAAAAAAAAAAAAAAAAAAAAAAAAAAAAAAAAAAAAAAAAAAAAAAAAAAAAAAAAAAAAAAAAAAAAAAAAAAAAAAAAAAAAAAAAAAAAAAAAAAAAAAAAAAAAAAAAAAAAAAAAAAAAAAAAAAAAAAAAAAAAAAAAAAAAAAAAAAAAAAAAAAAAAAAAAAAAAAAAAAAAAAAAAAAAAAAAAAAAAAAAAAAAAAAAAAAAAAAAAAAAAAAAAAAAAAAAAAAAAAAAAAAAAAAAAAAAAAAAAAAAAAAAAAAAAAAAAAAAAAAAAAAAAAAAAAAAAAAAAAAAAAAAAAAAAAAAAAAAAAAAAAAAAAAAAAAAAAAAAAAAAAAAAAAAAAAAAAAAAAAAAAAAAAAAAAAAAAAAAAAAAAAAAAAAAAAAAAAAAAAAAAAAAAAAAAAAAAAAAAAAAAAAAAAAAAAAAAAAAAAAAAAAAAAAAAAAAAAAAAAAAAAAAAAAAAAAAAAAAAAAAAAAAAAAAAAAAAAAAAAAAAAAAAAAAAAAAAAAAAAAAAAAAAAAAAAAAAAAAAAAAAAAAAAAAAAAAAAAAAAAAAAAAAAAAAAAAAAAAAAAAAAAAAAAAAAAAAAAAAAAAAAAAAAAAAAAAAAAAAAAAAAAAAAAAAAAAAAAAAAAAAAAAAAAAAAAAAAAAAAAAAAAAAAAAAAAAAAAAAAAAAAAAAAAAAAAAAAAAAAAAAAAAAAAAAAAAAAAAAAAAAAAAAAAAAAAAAAAAAAAAAAAAAAAAAAAAAAAAAAAAAAAAAAAAAAAAAAAAAAAAAAAAAAAAAAAAAAAAAAAAAAAAAAAAAAAAAAAAAAAAAAAAAAAAAAAAAAAAAAAAAAAAAAAAAAAAAAAAAAAAAAAAAAAAAAAAAAAAAAAAAAAAAAAAAAAAAAAAAAAAAAAAAAAAAAAAAAAAAAAAAAAAAAAAAAAAAAAAAAAAAAAAAAAAAAAAAAAAAAAAAAAAAAAAAAAAAAAAAAAAAAAAAAAAAAAAAAAAAAAAAAAAAAAAAAAAAAAAAAAAAAAAAAAAAAAAAAAAAAAAAAAAAAAAAAAAAAAAAAAAAAAAAAAAAAAAAAAAAAAAAAAAAAAAAAAAAAAAAAAAAAAAAAAAAAAAAAAAAAAAAAAAAAAAAAAAAAAAAAAAAAAAAAAAAAAAAAAAAAAAAAAAAAAAAAAAAAAAAAAAAAAAAAAAAAAAAAAAAAAAAAAAAAAAAAAAAAAAAAAAAAAAAAAAAAAAAAAAAAAAAAAAAAAAAAAAAAAAAAAAAAAAAAAAAAAAAAAAAAAAAAAAAAAAAAAAAAAAAAAAAAAAAAAAAAAAAAAAAAAAAAAAAAAAAAAAAAAAAAAAAAAAAAAAAAAAAAAAAAAAAAAAAAAAAAAAAAAAAAAAAAAAAAAAAAAAAAAAAAAAAAAAAAAAAAAAAAAAAAAAAAAAAAAAAAAAAAAAAAAAAAAAAAAAAAAAAAAAAAAAAAAAAAAAAAAAAAAAAAAAAAAAAAAAAAAAAAAAAAAAAAAAAAAAAAAAAAAAAAAAAAAAAAAAAAAAAAAAAAAAAAAAAAAAAAAAAAAAAAAAAAAAAAAAAAAAAAAAAAAAAAAAAAAAAAAAAAAAAAAAAAAAAAAAAAAAAAAAAAAAAAAAAAAAAAAAAAAAAAAAAAAAAAAAAAAAAAAAAAAAAAAAAAAAAAAAAAAAAAAAAAAAAAAAAAAAAAAAAAAAAAAAAAAAAAAAAAAAAAAAAAAAAAAAAAAAAAAAAAAAAAAAAAAAAAAAAAAAAAAAAAAAAAAAAAAAAAAAAAAAAAAAAAAAAAAAAAAAAAAAAAAAAAAAAAAAAAAAAAAAAAAAAAAAAAAAAAAAAAAAAAAAAAAAAAAAAAAAAAAAAAAAAAAAAAAAAAAAAAAAAAAAAAAAAAAAAAAAAAAAAAAAAAAAAAAAAAAAAAAAAAAAAAAAAAAAAAAAAAAAAAAAAAAAAAAAAAAAAAAAAAAAAAAAAAAAAAAAAAAAAAAAAAAAAAAAAAAAAAAAAAAAAAAAAAAAAAAAAAAAAAAAAAAAAAAAAAAAAAAAAAAAAAAAAAAAAAAAAAAAAAAAAAAAAAAAAAAAAAAAAAAAAAAAAAAAAAAAAAAAAAAAAAAAAAAAAAAAAAAAAAAAAAAAAAAAAAAAAAAAAAAAAAAAAAAAAAAAAAAAAAAAAAAAAAAAAAAAAAAAAAAAAAAAAAAAAAAAAAAAAAAAAAAAAAAAAAAAAAAAAAAAAAAAAAAAAAAAAAAAAAAAAAAAAAAAAAAAAAAAAAAAAAAAAAAAAAAAAAAAAAAAAAAAAAAAAAAAAAAAAAAAAAAAAAAAAAAAAAAAAAAAAAAAAAAAAAAAAAAAAAAAAAAAAAAAAAAAAAAAAAAAAAAAAAAAAAAAAAAAAAAAAAAAAAAAAAAAAAAAAAAAAAAAAAAAAAAAAAAAAAAAAAAAAAAAAAAAAAAAAAAAAAAAAAAAAAAAAAAAAAAAAAAAAAAAAAAAAAAAAAAAAAAAAAAAAAAAAAAAAAAAAAAAAAAAAAAAAAAAAAAAAAAAAAAAAAAAAAAAAAAAAAAAAAAAAAAAAAAAAAAAAAAAAAAAAAAAAAAAAAAAAAAAAAAAAAAAAAAAAAAAAAAAAAAAAAAAAAAAAAAAAAAAAAAAAAAAAAAAAAAAAAAAAAAAAAAAAAAAAAAAAAAAAAAAAAAAAAAAAAAAAAAAAAAAAAAAAAAAAAAAAAAAAAAAAAAAAAAAAAAAAAAAAAAAAAAAAAAAAAAAAAAAAAAAAAAAAAAAAAAAAAAAAAAAAAAAAAAAAAAAAAAAAAAAAAAAAAAAAAAAAAAAAAAAAAAAAAAAAAAAAAAAAAAAAAAAAAAAAAAAAAAAAAAAAAAAAAAAAAAAAAAAAAAAAAAAAAAAAAAAAAAAAAAAAAAAAAAAAAAAAAAAAAAAAAAAAAAAAAAAAAAAAAAAAAAAAAAAAAAAAAAAAAAAAAAAAAAAAAAAAAAAAAAAAAAAAAAAAAAAAAAAAAAAAAAAAAAAAAAAAAAAAAAAAAAAAAAAAAAAAAAAAAAAAAAAAAAAAAAAAAAAAAAAAAAAAAAAAAAAAAAAAAAAAAAAAAAAAAAAAAAAAAAAAAAAAAAAAAAAAAAAAAAAAAAAAAAAAAAAAAAAAAAAAAAAAAAAAAAAAAAAAAAAAAAAAAAAAAAAAAAAAAAAAAAAAAAAAAAAAAAAAAAAAAAAAAAAAAAAAAAAAAAAAAAAAAAAAAAAAAAAAAAAAAAAAAAAAAAAAAAAAAAAAAAAAAAAAAAAAAAAAAAAAAAAAAAAAAAAAAAAAAAAAAAAAAAAAAAAAAAAAAAAAAAAAAAAAAAAAAAAAAAAAAAAAAAAAAAAAAAAAAAAAAAAAAAAAAAAAAAAAAAAAAAAAAAAAAAAAAAAAAAAAAAAAAAAAAAAAAAAAAAAAAAAAAAAAAAAAAAAAAAAAAAAAAAAAAAAAAAAAAAAAAAAAAAAAAAAAAAAA</BDB>
         <SB>ZXlKNE5XTWlPbHNpVFVsSlJqWnFRME5CT1V0blFYZEpRa0ZuU1VKQ1ZFRk9RbWRyY1docmFVYzVkekJDUVZGelJrRkVRbFJOVVhOM1ExRlpSRlpSVVVkRmQwcEtWR3BGVFUxQmIwZEJNVlZGUTBGM1JGTXlSBmxOVVhkM1EyZFpSRlpSVVVoRVFVNURZa2hKZUVSRVFVdENaMDVXUWtGdlRVRXdVbEZOYWtWTlRVRnZSMEV4VlVWRGQzZEVVa1pCZVUxUmQzZERaMWxFVmxGUlJFUkJUa1ZWUkVsM1NHaGpUazFxUlhoTlJFVjZUVlJCTUU5RVRUUlhhR05PVFdwSmQwNUVSWGhOVkVFd1QwUk5ORmRxUWxkTlVYTjNRMUZaUkZaUlVVZEZkMHBLVkdwRlRVMUJiMGRCTVZWRlEwRjNSRk15Um5sTlVYZDNRMmRaUkZaUlVVaEVRVTVEWWtoSmVFUlVRVXhDWjA1V1FrRnZUVUpGV2tKUk1GVjRSRlJCVEVKblRsWkNRWE5OUWtWYVFsRXdWWGhFVkVGTVFtZE9Wa0pCVFUxQ1JWcENVVEJWZDJkblNXbE5RVEJIUTFOeFIxTkpZak5FVVVWQ1FWRlZRVUUwU1VORWQwRjNaMmRKUzBGdlNVTkJVVVJvYm5ZMlZVVjBlV3hLVFhocldqBDBPREZFUWk5U05HOHljVlZOVUdWc1ZsVktlRmxpY1dKWlYyTkdNWEpQUjA4M1lteGpOelJtYVZsdmQwZDNiRXR0ZFVJNVlsWk1aRkZ0V1c5VmRXczFOMUo1VUVsR2RWUnBXblIyTlVwd1ZreE9VVWsyT0hCdVVDdEhRbU5UVlhGUlJtdFlVaTlKWnpGMVJreHRPSFpIY2xwNmNFMUlNM0pZY0U1RllqaHpTR05IVFdGSk16bDVZazFFWTNKQ1RFTkRiVkY1U2tsRWJXNVljRkpVTkhWc1ZtTXliRkZ3T1RsT1ZIUTFUMWhwZUVObE5reE9jVGMxVm1RdlNrVjBURGhrUzBGMWVVNUxhRTFMZGpCRFNESlNXRXg1T1hNMVJtTTNOMVpXWm1KSWIzZE9TMFk1ZEdkMmNVUTRiVWhEYjJweFNHeGlUbmxUUzFSc05rbHBTVXQxYjNkTk1WTjNNalJKT0ZGS01HYzBTamRJVlhsWmNHdHdRMmh0YW1KQ1YwbzJjVFJ5Um1ZNVZHZG1TMU5uTDA0eWRrdzRNRWxZYW5WbVFUSm9NMUpNWkVnMlN6ZExRbFkxUjNCM1NtOUpTRzV1YlVObFoxY3lTbGh1VUZCcU5saE1TeXM0YTI5UWMyRTNTRGRVZVc1S00xTTRTVFUxVmpkc1VHbFZPVXhqYzFoMGRGUjZXa3BLTm14SUsydHpZbVpyZDB0UGF6aEJZa1JCWkdzdlYySXpkSEZ2WWxoNWVFVlVUa2N3VlVvM1FtdFhNbEJMUjBKVGFEQnBRVWxEU1hOd2VuWndjRFZCTmpaR01XWmFhbGw2ZG5SSFJXMXROMUZCYVdaSWRVVnBaVWhDTW5wa1ZVZzBiMVV3WlhSaFJDODFNRUY2ZDJ4V05VbFdTR3hST1VsemQxRlNNaTltY1V0bVVFbzJRVUpoVjBadGJISlVhalJKZGxaRlVFeEViVGR1YkZWMmJHTm5kVkp6ZEdsemNEWXdaMlZITUU5U2MyWlFabmxJUkc1M04yZE5UMUZKUlc1WVYwdzNSBll2TVZWV2EybEtjMmN5Y25aMU5ISndReTlpUjNVMWRGVnBMemRtT0ZkbGQyUndZV3hpTm5SMFRUWnBSVkIxV1ZaeE5FMWhhWE51VVRoblNTdG1UMnh4WVZvdmFVWm1RbGszT0had1Jpc3lkMGxFUVZGQlFtODBTRVpOU1VoRFRVRnJSMEV4VldSRmQxRkRUVUZCZDBWUldVcFpTVnBKUVZsaU5GRm5SVUpDUVZGRVFXZFhaMDFFVFVkRFYwTkhVMEZIUnl0RlNVSkVVVkZ0Um1sU1VHTkhWblZWTVU1TlNVVmtiR0p0Vm5sWldGSnNXa05DUkdKSGJHeGlibEZuVVRKV2VXUkhiRzFoVjA1b1pFZFZkMGhSV1VSV1VqQlBRa0paUlVaQ2FFazJXVlZYSzJkU1VITTNka1pxYzB4dVUzUldkbEJYYVdKTlFqaEhRVEZWWkVsM1VWbE5RbUZCUmtwbVlUWlhRV3RpZVhGSllqVnZPR3BOV0hwSVQxaG9ReTg1VTAxQk5FZEJNVlZrUkhkRlFpOTNVVVZCZDBsR05FUkJaRUpuVGxaSVUxVkZSBXBCVlVKblozSkNaMFZHUWxGalJFRm5XVWxMZDFsQ1FsRlZTRUYzVVhkRVVWbEtTMjlhU1doMlkwNUJVVVZNUWxGQlJHZG5TVUpCUm5aeGVEVlZXSEU0ZFVWWVdIRTRUVTlvVUZkWVZFWjZlWE0zYkdOVmJGZEZSSFJXVFVsWUx6QXJUV0ZxYUZoR1UwUjVMek5MU3pKelVXNHJaVlZJVDA1MlZ6a3lNR2wwUVRoWFdYWnZPVXRwWms1MldsWmtTSHBoVFVScE1HeFdjM3BGUTJrMlRFRjZNWFZEYzBsMlEyeHpVbFIzZGxoRmVrOUhSSGhpYUVsYU5sUlZVak5XSzBzMU1uTktLeTlSYmxad2FrbGtVVk4xTkhCb1Vta3JZMEpKVVdOMFNIbzJPR0l2WWpFMFp6VllNREo1TXpGb2RVcFdiaTl6WkN0NWMwdEVaVEUwVEcxRWEzWjNSRkJvTnpod1VVWkNaVWxCUlhaRWEyMTBhM2xGUjBKQ1ltNVVkSGx0Y0dFMGFGaGxSMEppUm1VMFNHbDJMM3BtY0VKSmVFdHZUbUk0YWtONFUza3JTMkpUUWt4eGVFNUhkR0ZoWlRaUWRWcEVOa293VEN0QlJsaHBSBWR1Ynl0aGJ6Rm5SVnBPT0NzNE9Ea3dRbFZsVWtORlJIbGhNa1JKV0dwamRuUnVPRm93VG5KQ0wyeEVPVzU0WlM5R04yMHhVVmR2YUVWdmJEazFNM295TjJRclFWY3hTbkZoTDBWWlRWZEdZVUpCVUZWQlRrd3pjblZPU1RsclVWVlZSRUZJUld4VWNreExaRUZsUkZOU1dFMTBaemN6YzBsV1ZXZGpUVE5vVDBzNU5HTkVPRk5uSzNGbE1XMTRUSFUxWW10WWNVaEJaVUV5YW1kVGJ6SmtjRGxMYkVsM2RFNVBOMlJLUlhWR1lYZHFiRFV4WkVwVmMwVTNWR1owYlVkVVJHOVFTMHRQSzNsWWFtVk1UREJpYjBkTGVTc3hSRkUxY0VjNFlqa3ZTalUwSzB0VVJVdEJTR0pJT1c1c1YwbFpVV0kzWkd0UU0xUTRObkZ5ZURkdlZuSkhkM0ozU1RWcVEwMXRXbEZCTkhGNE1IbEdWMkpGUW1ONE5tVXZUa2xDWlUxc09FZ3pjRTAzTkZwcWJYaHZPVzlKU25WV2FYRnNLMUZKT0hWUFdIVlVUREp2UWtvMGNGZDJVSFZ5TDNWb2QyeEpZVkp5ZWpSa1ZGa3dha3ROYkUxRVYxb3dabVZTTVZOb1dXaGpaMVpaYkZWQ1ptYzRlbVZ3Y0U0eWRrMHpTbTBpWFN3aVlXeG5Jam9pVWxNeU5UWWlMQ0owZVhBaU9pSktWMVFpZlEuLmpNT1d6dnFhbFY5YlRqZGI1dXFKX0VzVFFXeS1PQ3M4b1Z5Uk42bFktcE4zbjdMRWtjcEhZTUx6RDE0VThRbkdLRThwRDNkR2ZOLURQT2xyLWxodkE3TVNqS3ExVWRhTU4zaWl0SzlWczVBZ1VGTUFWMzVGZ0twc1JhcHlORjlkTUt4RV9xTGdBby1hY3piZDdJaEFKLWlCTnpydjBGQWFTcHhpR3U5QWpVcjMyN3NCUi1aekZDNmtYNVlhMHNIbjlJd0h6UU13VktjbHF3Q0ZZOXBmTEVVUlNXNEVvVGxTa3lfVFVmZ3p2TlNwRXRSd0s0aUJrcUtnR2NHeWREbkZ5azM2S1Q5QWRSTjBTcmg2SGk2WnRRd0FkOUs5d0NMaFhKR25EMm9nb2xwUTVUaDkzcWRhVDdvYzRTaDV4X0tJVV84ME5rRzlMTkhwR1JmZDRyUW13S2pRTmp6cTN3TWhwTnI3ZHU3S3FaU1N4dU1FVkJpcG8xTmpxbnpqNFdOMk8xZlFxSkhQVUxSSF9WQWFiXzZJNGFsRzVHUGYzX3lvYkMxR29jdi1xNmpacHJkWC1JY1BHU282U19fN0pHbWw0OVBPN2xlZ0Z3aHhtdUJIWXNhNnlKVUdkcGNaejlXcXJlRU1KVFh1Z1JGUXpFREFvbjZkNlRSdjFHejQ1bG5VWjd3Q2RqZjU0aHBTbDVGYXNxMGFFMFRwY25IQWFKZ2I0ZzQxLTFWTmhkdUQtMmM0WlVacGRhbktoVWtPYjV1aC1KVFFnbTRYbHJKM2xTRHpRd3o1R0pDWVBsVWpIcy1CMU1WaTRBeEVSBGFRYlN4M2xLVHZwZ056Q25GeElheVdCY0c3bWNhVldRMXNhZllmMF9ZYU5lc3AzVVM3aFFUbTgwRXlwU21FcS1n</SB>
         <Others>
            <Key>EXCEPTION</Key>
            <Value>false</Value>
         </Others>
         <Others>
            <Key>RETRIES</Key>
            <Value>1</Value>
         </Others>
         <Others>
            <Key>SDK_Score</Key>
            <Value>0.0</Value>
         </Others>
         <Others>
            <Key>FORCE_CAPTURED</Key>
            <Value>false</Value>
         </Others>
         <Others>
            <Key>PAYLOAD</Key>
            <Value>{"digitalId":"eyJ4NWMiOlsiTUlJRjZqQ0NBOUtnQXdJQkFnSUJCVEFOQmdrcWhraUc5dzBCQVFzRkFEQlRNUXN3Q1FZRFZRUUdFd0pKVGpFTU1Bb0dBMVVFQ0F3RFMyRnlNUXd3Q2dZRFZRUUhEQU5DYkhJeEREQUtCZ05WQkFvTUEwUlFNakVNTUFvR0ExVUVDd3dEUkZBeU1Rd3dDZ1lEVlFRRERBTkVVREl3SGhjTk1qRXhNREV6TVRBME9ETTRXaGNOTWpJd05ERXhNVEEwT0RNNFdqQldNUXN3Q1FZRFZRUUdFd0pKVGpFTU1Bb0dBMVVFQ0F3RFMyRnlNUXd3Q2dZRFZRUUhEQU5DYkhJeERUQUxCZ05WQkFvTUJFWkJRMFV4RFRBTEJnTlZCQXNNQkVaQlEwVXhEVEFMQmdOVkJBTU1CRVpCUTBVd2dnSWlNQTBHQ1NxR1NJYjNEUUVCQVFVQUE0SUNEd0F3Z2dJS0FvSUNBUURobnY2VUV0eWxKTXhrWjl0ODFEQi9SNG8ycVVNUGVsVlVKeFlicWJZV2NGMXJPR083YmxjNzRmaVlvd0d3bEttdUI5YlZMZFFtWW9VdWs1N1J5UElGdVRpWnR2NUpwVkxOUUk2OHBuUCtHQmNTVXFRRmtYUi9JZzF1RkxtOHZHclp6cE1IM3JYcE5FYjhzSGNHTWFJMzl5Yk1EY3JCTENDbVF5SklEbW5YcFJUNHVsVmMybFFwOTlOVHQ1T1hpeENlNkxOcTc1VmQvSkV0TDhkS0F1eU5LaE1LdjBDSDJSWEx5OXM1RmM3N1ZWZmJIb3dOS0Y5dGd2cUQ4bUhDb2pxSGxiTnlTS1RsNklpSUt1b3dNMVN3MjRJOFFKMGc0SjdIVXlZcGtwQ2htamJCV0o2cTRyRmY5VGdmS1NnL04ydkw4MElYanVmQTJoM1JMZEg2SzdLQlY1R3B3Sm9JSG5ubUNlZ1cySlhuUFBqNlhMSys4a29Qc2E3SDdUeW5KM1M4STU1VjdsUGlVOUxjc1h0dFR6WkpKNmxIK2tzYmZrd0tPazhBYkRBZGsvV2IzdHFvYlh5eEVUTkcwVUo3QmtXMlBLR0JTaDBpQUlDSXNwenZwcDVBNjZGMWZaall6dnRHRW1tN1FBaWZIdUVpZUhCMnpkVUg0b1UwZXRhRC81MEF6d2xWNUlWSGxROUlzd1FSMi9mcUtmUEo2QUJhV0ZtbHJUajRJdlZFUExEbTdubFV2bGNndVJzdGlzcDYwZ2VHME9Sc2ZQZnlIRG53N2dNT1FJRW5YV0w3RnYvMVVWa2lKc2cycnZ1NHJwQy9iR3U1dFVpLzdmOFdld2RwYWxiNnR0TTZpRVB1WVZxNE1haXNuUThnSStmT2xxYVovaUZmQlk3OHZwRisyd0lEQVFBQm80SEZNSUhDTUFrR0ExVWRFd1FDTUFBd0VRWUpZSVpJQVliNFFnRUJCQVFEQWdXZ01ETUdDV0NHU0FHRytFSUJEUVFtRmlSUGNHVnVVMU5NSUVkbGJtVnlZWFJsWkNCRGJHbGxiblFnUTJWeWRHbG1hV05oZEdVd0hRWURWUjBPQkJZRUZCaEk2WVVXK2dSUHM3dkZqc0xuU3RWdlBXaWJNQjhHQTFVZEl3UVlNQmFBRkpmYTZXQWtieXFJYjVvOGpNWHpIT1hoQy85U01BNEdBMVVkRHdFQi93UUVBd0lGNERBZEJnTlZIU1VFRmpBVUJnZ3JCZ0VGQlFjREFnWUlLd1lCQlFVSEF3UXdEUVlKS29aSWh2Y05BUUVMQlFBRGdnSUJBRnZxeDVVWHE4dUVYWHE4TU9oUFdYVEZ6eXM3bGNVbFdFRHRWTUlYLzArTWFqaFhGU0R5LzNLSzJzUW4rZVVIT052VzkyMGl0QThXWXZvOUtpZk52WlZkSHphTURpMGxWc3pFQ2k2TEF6MXVDc0l2Q2xzUlR3dlhFek9HRHhiaElaNlRVUjNWK0s1MnNKKy9RblZwaklkUVN1NHBoUmkrY0JJUWN0SHo2OGIvYjE0ZzVYMDJ5MzFodUpWbi9zZCt5c0tEZTE0TG1Ea3Z3RFBoNzhwUUZCZUlBRXZEa210a3lFR0JCYm5UdHltcGE0aFhlR0JiRmU0SGl2L3pmcEJJeEtvTmI4akN4U3krS2JTQkxxeE5HdGFhZTZQdVpENkowTCtBRlhpRmdubythbzFnRVpOOCs4ODkwQlVlUkNFRHlhMkRJWGpjdnRuOFowTnJCL2xEOW54ZS9GN20xUVdvaEVvbDk1M3oyN2QrQVcxSnFhL0VZTVdGYUJBUFVBTkwzcnVOSTlrUVVVREFIRWxUckxLZEFlRFNSWE10Zzczc0lWVWdjTTNoT0s5NGNEOFNnK3FlMW14THU1YmtYcUhBZUEyamdTbzJkcDlLbEl3dE5PN2RKRXVGYXdqbDUxZEpVc0U3VGZ0bUdURG9QS0tPK3lYamVMTDBib0dLeSsxRFE1cEc4YjkvSjU0K0tURUtBSGJIOW5sV0lZUWI3ZGtQM1Q4NnFyeDdvVnJHd3J3STVqQ01tWlFBNHF4MHlGV2JFQmN4NmUvTklCZU1sOEgzcE03NFpqbXhvOW9JSnVWaXFsK1FJOHVPWHVUTDJvQko0cFd2UHVyL3Vod2xJYVJyejRkVFkwaktNbE1EV1owZmVSMVNoWWhjZ1ZZbFVCZmc4emVwcE4ydk0zSm0iXSwiYWxnIjoiUlMyNTYiLCJ0eXAiOiJKV1QifQ.eyJzZXJpYWxObyI6IjM0NTY3ODkwMTIiLCJtYWtlIjoiTU9TSVAiLCJtb2RlbCI6IklSSVMwMSIsInR5cGUiOiJJcmlzIiwiZGV2aWNlU3ViVHlwZSI6IkRvdWJsZSIsImRldmljZVByb3ZpZGVySWQiOiJNT1NJUC5QUk9YWS5TQkkiLCJkZXZpY2VQcm92aWRlciI6Ik1PU0lQIiwiZGF0ZVRpbWUiOiIyMDIxLTExLTE5VDA4OjM0OjQyWiJ9.DFiimPmgcWI8AuPVZrB7Z09aaU-XD0OcpQosPDrG08piHTYPfLbgFk3UqlS0uy3MjtxA41LtoTizEcftHv58s6mEpupZICKyUH7wfDORPyc3PCf6vSgC03aKxtU-geE5pEcjwiE0Q4T1reav4Ie5fkFJLfssxtRK5JH3Ib3dMUrx11MBRmasKGL5zQ72y6taLCchzMc5xiA2wrF-itXxTz10Dy7KoqVPLRto3eYi5DWxCw2m2d285Fh9v34faWhd5SM0fqG4IE1-abVUYhZck9CSv2EgsMEJdLg_i8B8BWp-6nmdgqCX8CIjP_-_6kdJOeNIIKG3-0a67M6oahUExBaFbJewewblBJqKGqtVqLbxkMqZXc1hKkjbaWlfJgxcvKLbKUCnf2DlrEk-uIMddus8fa2W8S06uyDsKikD_dh0HoOuyrbJkDCDmIernmN_eLMW_IyiScAJA8fIY9Ec0hIbNPQhz7vnufjUQwqLi0Q5Ac8MKCF50buppCJOTRmTf-3Qg8tZLqDBKZn3QIdsHrnCOz4-_WBYdDPQWKyXpPRDouAVbiyM7mmpxnQYSOgol9sH-N124i6DlfwjqSyGU4TdeEt_IDODlysf68NgrFSfWyxey9OjGQJgJ6JVoXy9jjtxhu-pc4Ef0ZxQHmHD-jjyEViOcywT1P-LIcI-JWo","deviceCode":"b692b595-3523-Iris-99fc-bd76e35f190f","deviceServiceVersion":"0.9.5","bioType":"Iris","bioSubtype":"Right","Purpose":"Registration","env":"Staging","bioValue":"&lt;bioValue&gt;","transactionId":"82bd5448-2fef-4ca1-8962-dd12a7e67878","timestamp":"2021-11-19T08:34:42Z","requestedScore":"60","QualityScore":"90"}</Value>
         </Others>
         <Others>
            <Key>SPEC_Version</Key>
            <Value>0.9.5</Value>
         </Others>
      </BIR>
      <BIR>
         <Version>
            <Major>1</Major>
            <Minor>1</Minor>
         </Version>
         <CBEFFVersion>
            <Major>1</Major>
            <Minor>1</Minor>
         </CBEFFVersion>
         <BIRInfo>
            <Integrity>false</Integrity>
         </BIRInfo>
         <BDBInfo>
            <Index>ca0fe434-0847-49c4-9295-7ece2868eeca</Index>
            <Format>
               <Organization>Mosip</Organization>
               <Type>7</Type>
            </Format>
            <CreationDate>2021-11-19T08:35:16.4909371</CreationDate>
            <Type>Finger</Type>
            <Subtype>Right MiddleFinger</Subtype>
            <Level>Raw</Level>
            <Purpose>Enroll</Purpose>
            <Quality>
               <Algorithm>
                  <Organization>HMAC</Organization>
                  <Type>SHA-256</Type>
               </Algorithm>
               <Score>90</Score>
            </Quality>
         </BDBInfo>
         <BDB>RklSADAyMAAAADXKAAEBAQAANboH5AoJECsaAXUAAAAAAAE/AEAADwIAQAIAQAIDAAEB9AH0AfQB9AgFHQEfAdwAADVJAAAADGpQICANCocKAAAAFGZ0eXBqcDIgAAAAAGpwMiAAAABHanAyaAAAABZpaGRyAAAB3AAAAR8AAQcHAAAAAAAPY29scgEAAAAAABEAAAAacmVzIAAAABJyZXNjmcoAAZnKAAEAAAAAAABqcDJj/0//UQApAAAAAAEfAAAB3AAAAAAAAAAAAAABHwAAAdwAAAAAAAAAAAABBwEB/2QAIwABQ3JlYXRvcjogSmFzUGVyIFZlcnNpb24gMS45MDAuMf9kABAAAUVuY0lEOkdSQlQwMf9SAAwAAgAJAAUEBAAA/1wAI0JvEG7obuhuuGb8Zvxm4F9MX0xfYkgDSANIRU/ST9JPYP+QAAoAAAAANEEAAf+Tz5XQE/7/NFqXx6YjogkA3cwELLa62IESBl/pDijafttTeATQZ5sMKqcEUC3BoIBtzzwU1ER6HdAF2azq2oCA1ABd7DUNDnb38+KAqQ90io+SvyKAIMpm4LAXrfoXoHf5gIDxIJbQNnlnKXBQ97kVifHt1adZ38MoPgrg4PSTR5rbPIDxkJC+FSmZluUj8vGTxbnBsT7P8q/DSQK03JD6WAIK98Qw36sxST2HhOFbjKfKLVK4tMZPV7lgR6zsDvqZaQ7Yh/JuHKZrsKDosENtwx/oVUDAIat1bsH2hW2jyzrsjICcVFh5EOdVO1UJcimfL6wQVq5qy4oqC/EuHpjDVs4sxSk1HF67g5dtQt3WK6NkEHMXRQOHgUXxnxBzl5lQDqKQq3geJf5HmNtjnUCkfMAnHNZLyOIYoO8DnqilGn6y+H6xigcFCxa47NW/5HXvW/VLY6/RLVe1ZinCphXAosOhgiouzy8kyEELwrt2U2EMz878m+mkgFWKWj3IzsDmkcUAh7Trf+6zwK+wNNr4+sfl9S+9aE4/xrD2oV2iM6LDnIVqyj8zXOKtTBaYzjy1Plz89nu779VdM8UBAwEk/yQceq2kYUljkRFJOXRrv/6xlaAGvjy1u6fhG5/s5hOwJBCm82SxQ5vnTM3WCOYQmbTkEfLzC3KItpMHGyHw6KSy8R2MbcrEozTEaFVu4nNUxXl0Josz8KaiRg6Q0JAymkEG758Y+Qv9DPPhtJxFDgptalxttzQ0+IZ5JfzS9TlZjjS0AU3cus30w7MH/PYzx2unBYxC0GWOwcxnDaJHTV7i6ukwjOAj0K2gd1pU3OcYCw1br7ZwFyLJv5CXDVJbzbTxYmGipm529iewg3kfgPKbNOKA0Hg6EFp28OyZ1FO+kKkhGTxQ0xuhhrxGUUeGgo4u3qlIZAxVOnflJE4oSmoInJDcB0ZIx8wnlHk2bPajSrbk1QTlwp4W4gSY8kE8XK/C/PDIl5QAYx5jeBNhvv16FJOV3A+0Rt871Y8XKtnY/xhXGpcy7r0XDH9prztONONUHGMzloccCNwK2Bf5XIKnmeiv7to3pvpMTR7F9oxnWO0Ndn7S3U1B7w/DbV1Ql6J/+P7ywMJGGvqeP4DtyQLWbhj9Kxo9et91XFg1mQHeCkWNzg3NuIMsJnMn0uyoP+LkZNOE3EYnGSLhqm2HEbHHmHhIGOnqDeR/Ju24y0UrjOhnGMsrkOJ6DDmYKI4DBabD+LtNMlveSBa/6VzF5V0xDL15MJQgyQcxfeWmhymU1J/CKcxlZ5scP0ug6UcxjJD3x6HF+91QbglQ0JFfcTcSpbEibVWtZsK3nYm7+OcIO8l+E+g6B9L3x6lUvbkhquG+h3dDinNPmEuIJ6LuwFv70SfHizFbayPYCjATyX9l6Q/4VK7025Fd+7kPRXuWnJXqaQeMpBGPlo4//zcyO5C5gHyFN/f6+Q0IxuqZlMgwPS6g3fmwfxA6iWVSMiU17WIcrVwNnvbxn0Y00G745MPY7eZxWHkTPlFIBugyjoU6kDqc/0th1HVaBXK/ErQ68wNm8VgWKk9VVXOZ0+qdhzYRHDjkaY4npkw773MaVRyket9xmHa2uSxJyO7fiqz4nYlZxft4jZJqzCpzxxfLQzmZwgQZGBUUGa739QC4Rw6oSoEGSLqFcBPsdDMmUs8s66PX81bOOdkiNBEIgyYw3koQObtTK2HV5YR3eGcrQE850WIDH25S1T48Y4jDn0KMvTetjskxnp2xNwfjeh7TStDqRaE6RUd0eJxQesJJYCz13cTTR+Z2Y+1DfgDRmv8VURs7PAj/EBzoyp82UUYFWhAE40SsjTlMuW3LTFRRGR/3XCS4ssv5YKozJGUqlOGnmv9iCuWp5twsHgSMwsFOLNx1t4OVdEyCSdFraQRmmqBBQYyWBCtTAoxpKucARndHWnFBTrWAlpZaAiPZ+nDwg7FyQ/CHB0vgHKAAzK2Da5uc/0MVF3hTmOv0+GXXaajM3i6yMiyyyq4t0KxrsrZYT/1Wo9USK9L/cAEBnpiuBafHTuK1KHlqJ/4/jgeBANi0DdhTpojDuGKCyRXGJvQ7hoLLO4lziBDN8JeJXS2dz7xpK7VI4/kik1t204D/W73NB7Ir1L0YKQ601CvZIqLSK7c3S7unyjT7SAz2PLsNE45Rc1ZtQT6UB6MveBwpidgOQIiOrt1ZazjZXa5rgdCnJ5DIK0KNOFbBZhartbaAKr2IgGm7oGYMZaP+/Q1EQU2iHRERF1FLnzyezgQsWgoVUJ1yZ9vQf8ytQY53SlLWgZNPVIn+0/qq3hP5pE5CqdHSadlypARm4nUpsRJA/2T1aKX1QaZM/ykgau8cDT0Aj9wcoanlXzYa9jPsVoVzWeklJFadRDWcveqCjXXbWIHYNazLWNfKHvzt4S+yChueY5lMzmVQAEaf/aW8Ac3UshFY73zm0BzL3Q7gOrXfFu5DHpBZrwl3KKK5130W1yVVhf6Lstjh0ckCMyhLSGKdRdbbeNCEH0HMylxs6TnUP6Agi4TEmPMKAPOUZ49ZeTEn3oEE5Vy0NLg23MoX9lc1/OrDRZZJ8RkEk7BaqDkLIp8gu1W1c1vPe3zYSprl+s2Lv4vFasnM4ni6Z6igoFKAdeW4adQStmVwIyx09zTmcJ6jS61smdCCfdbhatmIQm4indKEKAib49nIbk33o+wRsYZzQNM/VBB6z5XtFK8+jj3Yz+JZTxA3arWwuMeg5GvyvJU/XZ/bNiBnCcJlVVUqqxWoQjRtXdn4QsiNQQCV68yqEXARfqjVjdcaTS0nGTAJ8k3k8A26cUky57bTEwAussHmRKWIZFhpFsyXGqb9hpYn7rlDeeT285lOeSOHuJelr1hfv2tGgbKcexyyGizpPi8ybRsWQKymfr+W3n8TJBGQPrXyGuNoFdmuDK/zRKw9+004ZT+d9oTsYvCAYaM5PUhbmvth2+pDJwCGbyrhGIRr+abeUIQyAAbnhw5jEy+L5GxuvDS6l3LJ7iWFEhspMDUbpzKYs8V0Yj8ZQhoSj9xUON5FPY3Yzs4i+w5OpqUUHv448nogwZTG9nL2PjpF6Bv4OACXZy+2mqGkc4jOjP6StxfVRv4HKcD6RScedUne6C0b2lYwFICRp4SIspfHlqeODKg5gB5Ec7gsH6IKuukGuHqYu6IViQSUVqKhQAQ4v7MJk9I8QzlfgphW+xXPx+PZANsK1W1YgP94n2W6fT80t/gcNQ1SOt5VpTpMyJSBn7XtM9xNVLT3AGXM/rHJUjuJBuD5UXsEozwMoQGa1ICDP/PRNqLH9PBh0Ir4mWknaSfeG0dGcycuWl+Zhdfy8iyFG851T99sGVESHXHRTXFF/wimqB39Df6jI327r/sym77Z6izucfioibKPPoRPRv9hFRvUzsaMDC83nk3DyEKldPW8Dha9kwvpnuDZsWoDHwwNsRMVnh6629JWXwtTdixpPlOf8vTZ4NEydbSZLaa46QickWn5LmzZcHG88eZKgcgA16H41uwBz10buhW0uwdfO1+RqEZba5bMixZnFwJ+6SfdS1onxEDcNi2czOD748sxX2vt4EqZyfFwS/iec0mOlTbg4YS94FSMp5wqlBbzFWxnFaP6UU2/Qk4JnF+7FlMCamcqM33Vb1I5GjtvTj3tYb3loKCMU+OfjI/vP7cnQnSUh+2T8Pvh78RE31Lh0xLFFBXhwRZEvWWbP5mIMi2hbEZEdQGrtV0KBzdYGLTVH5yK2OwbZXVdi6teBURMHe3plMGSMd813E/ska9zx9awWfW1+kgL0vUiJBL515FaAiXNUSzIIVGpoyNiGawOVmN51/MTSWwAm2sqLcz88taUF0wNfiQCliGyO7cqnSP6yRw+QIHtEV/4rfD398qm2W1D3Cx9PEqhgMlT54g1Q+095k2m2Nf/OTJnP8Ws+6vRQ7bCG9xGrlp3BmL+mAjGoK5iQ3izEw1mCmbNKjWjwpd95uyKK9QAmWZkKYbVwMwV92YDxkm7IdB1hpvtwt9JZhEuGr11Qd6qvkUnXUwH+gm8HR5oAyuoImsAr7k8fW3yMJjTr7JO8dHc7jf0re+eqU+X06JVee4QhcV38V+muHD9mKtY5hksUfd2d8tbTa9l/erhxHtVnFGSpS8bgjy7vhgeu8XQYL9Dxg/0Nn4BH8oVHfSPhtIA2xNE8knt2RCusyRIj60wMymVEkm2suhb6+esS4bCdh5yHMOXzY8vqjVqn2iOSOw77PaPsj2iRTLM+hEC86BcbtrrlApUwNrQwVJpOh53ehc0wvC4uQ/JfzQXpI0VCdos/blLNyd+DIfQD7HAJhAjPV4AH5R885HoqsYemRLM1BCPJGbYfrcYHuvhzYxsQ9ro6xki8P78B0J2Rc6ANu7FXNHC6+OMVJ/R6lC9MwMnmJ1If8DZie+vLarNQ6M4tDd5Hd6HHlRRpeYukdP2q31zQo6Ml4xnGEQ+IoYoBzP2/1+ABbt7feJX47psoZIwwbRFAQj9EXIqWo2vJ8MH2xl5K5RSB4eYNzCRyIwL90r2eXf5d/hSe1C3UywfnFNrXuKK1DcqoUiKUwWoSoStMQGY1a67Capt2ZUzZOfDMhffw6d3N4knk1/qHG7WDYXFUFgbPE01dt2FCJ74i2A0LrNZd2qnfH4EAkSgWFET6Gs/Bv2CCjAwZJHWNRZ5Ydy5teTHIaAV0Gv1I7p7DS2tFJSi3fPBQ89vUf8MgICAs3egwLm2PQfVhFbDL1VW8pb+hbDJCdcT81yNk5LIIPHiq0aw8I6NLHLDYOVcJoImU9swREbEzTwgHwzkzVQD6OeemHVmXnnbgPA5Izror6KXsALP42S1CWEKDsAFL4D9mF80aBb+tQrp/Qf4LIPuikoN+UDT900Z+pXxGWq9ZVmdEvnAVGgVp5V01ez+6dnDQ6DkghxPaoal2y5sZTd8HBxZMxiEwaiUDEutNXUY8KHLbiaq9c5yf/jj3s96G3mXlpNxp3P1VXIHnX1WPa/q0S6IlxbEogN46h18/ZrMAv+FP6uReWioPfC3V1Gy/h0z8Ns1yAOhGbfFweEo0O9OHMeaJNH612jmWJoWCevz8CiWcOxvAb3GyGASCALjvy5wbzaIsgieSIibnqmKUvcGYZek+oX2Sogvgswp5OiTgJdUj9SEE2v0Xxa17epWTO87QR9rkj3nu/Z1AMj2iQR8hVcfAX3XiqTFnIJBdWpmoi7uE5QYaiwMsUJi+3cfbEaQQOOFPA+GsRcQIDqbSG78DCDQi2DI2EDCZrlF3ZKEpEvIbjXgssAFMYxj56LecuZ09lJorvQadxT+ViTp+J3OqyHzBtb/WxC2aN9Oxoc6XIrqQ2dv2u5HrmYUeS5N3/GQbsSGUBPrVmGvWzt+uAEgCus1ifwZj0Wb5eLX7tZ9M4dOGeEcEsl9MqprLzZsozqoZEJzzKEoNpCMKTooyfap/ogUFAOWk6AepLwO88Qz+HhXvPLyTP21vL+Psh3WGLp6C8deyAfA5N5l+InJj6SrnIrvR/vMjbPoIxGd8SvxfM9jj+WYSmgoycW6puPG2YuLhhdB0bewqWDgtUuNNwG+k53zH7MfkS6hef4XMRpqM1hhrCfKcdb+p58Sl5qoTMTZeMjZIsQPwDOmwhenoUfLKRcRqGrpi0enYYpnsKb7cfSi1n9STGSgYesF6gvzFQfPR037JzTKXLU4AyoTFcEO6Q2k/XbBjpir5RwSGwRS+pU7AoNM4GERAsFh19cjrpgy0XMPKc/tQDOdetOvsPtjme4glB/I+RQPmKnzS6JubodBO0nV52tCMZOcRd7R5iUDWDLDeppDH6aqS/JMPBTeTPO987Mv5ziRzReUrUIhftAc8mzIOvDH6Jc5SNeFpZqJdb7rPYEi+T/FEJ4+f8b6mRN/lrRh/Q+Tf7HKPz/qlGWcEJjJduykB+vpoKM59Z5VaBzEXTb0VBVrf24u5ldFijmLybM6h9T+0m62bRxUV9cxu8AJFE8btBqjG1Fm141p9MCFRQRVP9p9j8IA6SvIWFQNDg92i4Td9RvDLjfWj4waMp9PnxJW2H/iGYCBcK6wJKRm78z5zrw3rlZ0BHN/sfmj/tQCmFNmtFCYlcsmGyqSkYc2bYQjvvgdXxlwep93Xa3qAg/J0PW0D8D6HvUHlHzQJhgqtKwctg599M1I2Yadfd3S7vNjK5967gYyEl/jyTiNRSSPaOd0oM65FsP4ByI0Jk561Y666OOudXp5+wwZ0umZTIHch4qy9+YQDI3tnTFXZBBtH7r/O3Pr+SrGpvkKzk34dcDZ4cjImP3w3XwsJMW98xVctoCN6CXL/P2qmnoHxtzhPu/UCXPRYC2qe8KplyY/Ro7P+n1+QlijW/gr5Bg+3R7iNfedP8KmW5SeaOMamOIKF0LSSEeIk2pgfusP2RxmJSDzPXu64naX+Jo6j0uYArJtQh46G3UzdvueMeKKqd2AGqQJB5txOygoLw7aR8ASXMYCoRpW0KHrMDV4r+2xaaWRHOQ86YEXpjVDi/5Hv4dbqnvHFpQf7wF6Y2M58l1U88X7JuVnkrvkE3wuN67hPkpXWjHGHiKGMxL4kEu+IXHrhAq8JPUVXGgG0rnDNfmTi0CoIvGVSZgewU8xPnVaUNxrltxwctciXzi7ynNWMAhadNN32X33kkrFYw307nVfb1Mz7i6fnOtLrvL+hvgCadkqzHi8MmBBA6cwv9b2EttAgbCqYyHQisAHg4Y9O/d9jo4xFNjKpG4gT15DYY6C0h7hXnTnNrU71V+YodlhMlObjymxrmpZfqz6DjkGSy/00tpb7SXMOcgsPHbIVICY2x9nwQKYm3UwoS/OBh5CqcKCtuEO/XbfvR2+0t89YS6egXE5nEtRWfBlVVZ2ud3fJwPdHdRhA02hUrMBWk394vQzs5LGHPKnq+CHh8Wk84DJvR0jFe5QVLUVE91CU7Etn4HRUyHgvrBDFEZ4C2wxYISBZRg6tXr1zgG/3BF7cnF5zmGvOkauu8Da3fN8Zg4qI6JRR8wL6XOP4iI9o7smQoWNomBPqA7EXYhqke29m5rkxfxM5ftX/nbyqcOQ+cugisUrAx888DKB7JnRKCOAAu6bpnLdzAGSnmN4mHNZIEg4kkbFLvcpCe2W2Erj5o/aWdBJ1J9jgg8pI45QYZe3L+1n9NMp/mLTXugKnWOwZD5jK4viLAeIZMrDLjvz2TJIrT/z1yjVce5w6M1jeDhM67EiJAVW69ORM4tri3+IbE86xZ32wJBwvfVdyNBklOr1ciIKcwGaDtATgdx/jQV9/zy5RWRiEFJ0loVqxY/Zjc+DukXGdovzDnSu5A27BEnQkhkpQS9PttZIkqPe0aTMJ/98e5PWvThT8I3VBUOUugllU94nm5kE549RBjStXSRG/DvxWrbFdyop8+ktKl2t7UmCJguuQqISu+LY6nXgPTvr+n5pnSpSMLd+oB7ay0V60pHtyYgCfiK2xmeSx5Hj0aLr3Fcy4240M6RH12EAH84XnQhozl1PQqVcKWIWPEdSiMfoZz+/yzdtFd8Fva9PxQwYNv0C+nOrPrRi9KLLa5q54WUH5am1PHxanhO80mVHXAC1F1WiW3xm53yUqIw2SowsctuhqUSiR96gPjtj949/KniKtvz5gXFSnrk+VaiQnPPEjMrF5IqJQmE1OPMsOqolfQVHxUzCMkeK2CHND8oICGd8P20DYBMfPmE1YL71DyrqqxoV8DO9j5KPtkCSFaPp04mB0goluERBPGrx37Ly1e7z1hcFkbznuXB7XtEd+wFfGFSDoI+SYbx/6jxWidVtAx0CuSwkzapVTIfrbqpLyFDPTYlMGWZ/qUmST2SC0mYlnDBeNjkJHNlXZJUEFW/1m5qbaHRpSC4wk3tM2Y0CAkjLzIHMO1jmizZFXaSP0d4LZ6aigHd+undAtUB8vOXgGvgjpGAOxIyySrO18xAlNpqJYPsR9L7FQxs2Vhb3STOEjeQd+kn8/1g5yKfqL053+Bk9TOg/SOj+qc1YqqhRjbaOXgG1GEfFEFgBLbRRcYLcx0ubwelX4F6mSuIGqAgSF0nnYpSSVuz5e6oMEkDFw5DA7DLUv33xs5rFcAtztE4pwNKKwQhjxuWXVidWNlqXKCYJV+9rcY2kfttPpCzWKMrZfUwgbjxQOmRDksxp9a22XUWTmCtdGgeNg3sInBcfI4QytZ/KUoZKOchxtIPYHt42q2UZiEFjjwk0h2YTxNJtAsJnzOVUDiAzONMA8cZH7JiiLseC6N5zipkNYwejkIlB+hB0kw0R2YuaSkxhsHIdqqPq8geTf/88Nt1wZsJEIotOQtNFTjupC0OPK8k0iRVLXDjObdwVQO3kauwcPLkunYIQf4EjBfXhR/hc13vTNfPXg9eT7VIPK8AE5l0G3FPFMPgWFEsrx97nTpfEpu2laiI+at6EpDetKt9qy3qu3D4D9tKlJump95PV+m94S6O8KWSfX3PMDGewffLQ784yAvFrU06Dur8VMIKATmUy1BlMVxCv/e2VuVvSahiYF0BKZdx3k1TfAj9yqqxAUc5OYS485RQnz7fT77t7UZqIjpXDYlikWikM3jizRJ5E41r65Hva8fD80F5jI0GftyiBu4uKeHnoZo22DVxSpn9Um3xdjKNIXV257sXb2ZcdDpQof0JHfQYbjX5cOHDAXYOZxb0ZiRoCYI7jlSn9KkLZas/kiNMbftu6eluOJv8XEbPJjnS2YFZbg/ZoIvDdJrqpW2v7itqDlnV6r3cisFb0FtE1nJQZlXrKucDhgRszQFFMCDqaDtGuzrIXapdTi4YDMl6DYnMAF4N9Cknvy1Q0Zo2V/3bD9IOuIaRyvylpIAklpnZh4ssTClGsHzR79IOBz4ujSh9fuCtaKRO7xzeq+qzhTGRSFFY2Sp1kSsASgZPrzVtW+eFTpEYvec2fwLmSIk8pnSB82q8BpeWFi9wuztoyCk04Ag9h0CYrxhG0SN2tm2vtkjndoCRYqq8pCojT7qSCDvs/XxyYLl2CGYN0C4a5I/rhmgrPboj8iSZQfF2l6U6xl1RJhQM3eyRAZYtqplO1qEvLcPe3Cl6YOQg3vaBKjtRmhMUzSBZsQCwYfIMPxhK/HUFaZnhc5hB7M6x2mjpFJ30w+8grkBBLeG+rB6KDZI3G6DbGzCitCScqkC5PwU/uwuyYs5OszTs4cXMHyRYbqx8uKsnNBk3mN0wW6V712fV43mO2oEuhHw4GB4FCRe7MNtoCuf6YG6b+xq+PtSN38oyGposHE51tuH2jiFgOkBysM0FDDCwTpmRKc9VBAAhi/emKr1jB2xPhZiQLf7JttwSZmJAL5AaatqYmkOb8S2vgcSZcXsHEMzrrRzHhcrdlOPHuKXtx4p6OSqCCQAUg8+ThST9GuG+HcjfyHMKITH16IWvUKdcjNUsnWzC19Web/YaYBg6PV7g6ABX+SZWywgYpaT25edDpXzRMLB1Yb9OmMQBn6Al27MKKPEQWZph4SDz8hTOvbmH6YJIrYGdV4SESNDujVfvNdOH2e3tVeMHkWST9sE3n/HPq4bSqOPvVlS4CILCub+4iwguwWVU8oPMVnbFeHjaZSOcP1xJb6qgVeZjaWs7deTGig58B83mstZfcoKK8sE8LVR+XBhoy7PmfV2mJy+Uf5OphD4o+JGQ4qWNW7R90BR762BkrC2WP4pQNxFRrZfSsf2I1MO6vJOBNhwX4PEIp9cPPlo2ApXboKFR2H+CMlH3051wFNOv9/0Y5UPjDhtujifYiGHPeI7r4NDaSeMLqtE0v+6z7vdLrvTKgPs4S2yndfzE/HAcXv8dKwkrshIspH+krn0OgNhSKgKr8AAgGAhCpXXgo/dNxfmpR7pbESMj2rkSsQhRpwEGcmKoMhnZoFFHnFeANTdByNt0r0ECNAVMUhUUc/eeMLteUD9gTwdezuzqB2LWzZnfLzQdjKTRB31lKV8wmsxSMIpIEbjxiQl/ZyTjbHmrgsJ42xBKzxpvnlSxRoyoLJpbONNobNj/DQjYbIVZ+r8QZSja8ibD5tLTx0ZXLgcAb/wr7Laeco5f+b2z/BJiHnq6PPpBQbda6ZqdFbPaHRHGWWsdUzsjNZF6ftkc/HIIlNuswV00vmkkD8lvDdyGVETbd6EQ+CHpLFi40MiAdEkBFHLaJfn3OzDQVSYR6ULl2K553KHR+pqTkH95y5LFFoJ7+or1dpwEtiPJzFwlrRYs0BeMDT2ILZtJFDDE1G31EHavX1eS8Fm8eQcSSBHSqaTFdm1N7MfxkMr548uUH9mMGZh4kIDgvXSMG4YguNQWpW/j3VBacZUPN09bRU9pY2Xq8gOQetqu2xJJG0o3A8m6lTyMvDV5KWB+QPdGcSB7kreSEn0ZScJw2oEI5WNsUBpxRO65yw/QUCQWtF5O9QtRYP+aHX7Iaciu0UGcm2mtuA2c0F3GbCX9/O2hK2HcmjTnYUxiUkB3bZ76zePv2vnfrey5wFOSKE7Zg1ErqFadGLYyqdQrGolpdkZ7cwKhs5kNcvFNK9YkGzQw20dL6OgpQVYRaRaLPhvyku51WblxWU9DGD3yg5j51DzRkWfEl26h1KrhX/10Tbep4BQzTsW5dgb2SG0Q2OL8qKStWfeW5lFm3vtuugqb9Jp+Qb6aXa9qyx7g0aKuugMBF89PO+HWOsOKVPJNku+EFqmsQQiHdTojrh/OhNJUb6OyA9Fxr+RSIKkEXgCDlEKbwc489fMn33pHqrxgVhEJaQ2T26qEClr1IevdezX0e0xH4vTuhAMzVyxTo6H/qw+VHNbkXx4xeGwrJUNb0I0rkk2vxZCH2nrtt3q0wBYCMdLdssAEE93s9w10vlOKrKBqp+I+AfF94DXl9MJvoyipzenrXhLmjqiqJxfqrtwzphK3e+RU1o6Pk8pz0+4GiQjGO2tPmQJvSYj3LK29AmMPP2TYFz95pDriU3N/mILKLY+bSyniIh6+iJFabE6xH8xGr3MzK+0P+GNe6OPkI9sfDDJvlVAy/CKQEYILNci2IhnJp6s8s8MrsVe2DP4Dpxk5Y0Bc8o031fxU19GN+kSB2p7jmzReLyTYyR5uAh2Lq1CGWEguDBmXqsYlwbJCr6YydLEIDCqivwbJc1SymoI2twVMrdj7jK6wV5llH0gHSqXAJxDQ2VYIw+e8YNg/B+1paEdZLuXYTAv7FcC3hiHhy0WCsx7SSB2CredDZrIkciWQh+XxBzIxnXxWnw33xcvlB18uVjSK69WjswBMxcr1g8aiFOFPAoGn8DbqRbl1dghRH43B+2m4wEUJtek87kMSW0iujTRiXnnbpkSuKkHszNLez2S5LbvUBaJhhEyGKM7yNdsRCVdRIQdnikbxiNTtFPRegvCqTGHcvSF44w7+lSNIUJ7D4U3M9Q8fDUOMe6jBzIN/JcQIzfb/P244HCv8mVHAoxrryWLhwwWh7kwnYb+loUHhGHw6sVtjBVoCM4V909K3oeDmXgtXn8V4yEWq8Sv2BiY8uHZ+/y8v4KiJQ4YLfF7ZNeJY3sPsfOWcaTvQyzbptmxHYlKWhkciOCCOrhDz2z8Jml7Tl+8D3Lcu9iObZNRyFMz45aBlNR388Pkt6WRNghV9PPlGFs2TdDSkfrM/TGAZM/0F7954AG0vQNRSA3y4TyiyLeszX0G5c82fsQjEHUvXrvnTvFwQtSVSkFGVCwNOPgUMlI5T14fyZbFpUeN1OoBMbupcuA/D26wF1pJJdZdXDhtUiEDJqAa2pfQ6r6zjgrz7H0wwxEa3oPcUf9j3FSqmSZ83chVZmwSBX/kyERcC/z4gMjYn51aXe8pk/cUOz4GwOSQGoOahLkMGkKHKnGvjqbuNDX1p6BLjRcnGOA8LuXWzQnbItHBDyP+PqYwEFt+dd9m/rzFTY2I4VBhOrahTfVoP8Iut1vOI6LGxhYkDqF/nhuMPtfElUuhHRqIlsan4fHVg1JW4RzELDotWz2d2In6RYCUeiwJ3+PA2ig7dJxlQcWY9V7G/HH5Z0iidsfP69HZG+tAT5YMlWjqaIWBS5D5Ed2aer94ohOp6lrROBfd7BGZp3cU35z2jEDDuLSzvsHgW0bwzjkhabCJGcCWMPeYoTG5W76xDKrFPb2EjhRlTnJUaQsRAaiyaBYReTTKDzUD5b0UYpjMiZBSQOWqNgYtyPmUiBUEqHUv4HIS+QsfBiahBLpYAiYVAUpllXdgwcNPRPvEbNsIQ2mIlQcZAOzBsOV4V7pqrm7bgEB/3zQtFD1NRKZaIFYWWQQowG1nx493IGxMaeT8GHibBIumohrLrTMus5esWNGOPwv3th2u8QT+NZWQjdwFfu3dYuBSB89CJHcxlmtPD6yOkqwpvVMoqgbG77BvBEF37a+jMjpORdAwdWkZlayIWc0LJzrxhcd1KLcBVwKudk1C1bx/ED945E+i1zpe4EaAtsv/1L6JamCnBMcfBk8ksz4umqo7x/HVWku8KE1YOb6pWuHbKwKmKNth3+UvKzhn+p3REGOdqSuwwFMDgSYEGgiuFKETv6gBVaQRNn9O2GGorO38dm4Ef9vIK+LqpLtHFJ4yHNOsh2l4nWu1WXDd2KpouZKE3mX2e6Ax9uWWQDI2EGh27Cf17NmRJeQhR+g2VDuZws0KsejWK23m+NcKfGR+NcQOH47uGx+vZDDwy2Qy4QQfI9K6M7ruWa8ulwgdYiG+JYVjzvY6eJ46ujBtiVzvGWSQbS7DVL0rac3mRylp18kj7JPewqYENCQHd+VNZtlyyO2osoJandFZH3Y0/qPIR9srlCkHUj0mQi8LYdkLPT468PmfPQHMkof3ugK/993UypO16zg35WPyeqKfL15DPmz52dcUkJfd3FdAor+QKIX1eT13FFuRhn9vnxiUlR7xaU8cQviI5xmnotmF1+Mmxu3hJVpqBvQf9Ly+ph4gytLnlCJ4x58Ro9pG9//h9dw9duH/zrXCHBESvbi7hVj9cF9J7mzYcChxVweyrd+8sn1wJUcWn6wgDY/LsfDvb1lzxf832Kkid8F2vNT4BugyXGFp1pzJ2iARWPsUPiCrjunWhGXdABf6VkkimLk3jsDzeG6hqa4UfOWq9CmKP/VIoL52tE2uE2XtsEN+7ixSlCtW6vreWijmQNsYkG1OSVrRTwnvUXrn6KpZ6O/3zrR3c7gICAgICAgOEe0gDH503UuqqZPyphddrFgTOIhXC7WdqI+cr0VcAlEicsi2Ob7RWrrr8Ht33quveqO59CPwel6ugcfwdq2+rj24rrP8HY1z37XPWdz0naoM8FFO+M+fIL9Mk2Nr8Eq9x9UtufEqmTZgAT2ENURwjub6e5eGsnnrXaexRjnirrPe8iBEQ38nt5Y5tPczvPXF7uEUYKvfPQnD5woyLl3VWqZf10YyIz7hsAeA7ZpKHOGlLUEMiancgISrBKD6hGBaoocvIWs3vk3Bpk2Xv7LYihcPm3pO7f20HgLtPj+EckZmp21ZJDxk4kO2L6T78bjTnoDYgesU1c/RB11K2xbK5fgMN8WYjYAUZwyu/c5WLE4YNpMoRVv3Qjop5Kf73DTbYgMgnRBUKI4E0kFcZbzjIWkfbA7tpVj9isYKPbw37YAEKcD3kqixSa8PzmxoPbHWSue9A3A5JBKEPmQrsZEhCaLmNzgOJHmXhCghT5dxa/R6ZkTvcKd3+ShaTfFWSNH0UF++Z1NTfG7PvFl0VnW+skyOmEB0EcTpV6iIAKTCMLaA0y8k+WO5IsU5YVQ25aPbOHe57ahmxYcNtvJeVp4jMbmlKXOpGkMrpGfa3fNaenKJ47UEs31JLHVwAJ7fTeYH0vpQZ2VO7CVgSN8SUHG0lj5H5j/he8UazHbPdsvAoN69QqYjX+JBpZl4tf4ZEbo4I5ukKWPIeZUk8fwVusPecckHZiedkZFQfRi2qBBFnPWCa70pzRBYoe143mo1Jb2TlDabJdfVRp7CUC7eExngtc2suAlOLfOJZWjl1h5QKahY2VGrQGWWPQsrkWU2Re8r1tsjmyzbfGSo0ySG2AIXKsTrM3aiaAThlHkm/gApOlSamWaGgcxFmiOsK1Ul160yq+FpJbMvBxl4tnqXTzTCUVsyw03FAX0ZiewAFGfPT+wrUZFirM6BHS5REQ7qs0mPPS4Cw3XG/mDS5FUQ4A/qQdQHBo888D3yfTCCXAB4Ix5M5eHcapFw9G69Hbcvmu1dNbsUfiMiM53bTuoCF+Mg95WHIvYmIfAUFq3wZbW06Imwnz8wl++P1BbzZKTHX7DYls36afLc4jm00Fazb9xLcZMtKQ9lxUEaulmHJBkVBPHJSI3Hm6+lJ+v3lxZa/OgSwoLMZ6AFvhsYop9sjlsfMPn+MvovEVu61bTiaxrwnxOdkdUdN59fQTzH61jffJ9gtRNG6m9PUCMIhwQtV7dMDryAchqsP05g61gcT793tdQvZYqTARbqHQ9JcagORPLySzCl4e24+ILjgKBS0LrH01z6avC88LDxnxeRsoULblE74zAija4s5HgbSfFGBW8uDxxD5y4CZyrFi0J4hSOV8ryUeCZsWWKaPYE2wnnjxAqvkz/KCPaD0boprHpTwxJ8i/Yj2CQseQRfRcqE0yXykV5aW+yEf53Qy87HuvycvrWVpGo1B5OhyZIOuPewccZ0JeCdtkkVjlqO2QNAQGyw7+kfhQtdeDwJ3soZ3xYqcyr4QwZK3DZyjnt5I9UomcMMuc7Z4e74TXrJJkGz8klKbvS/8XJ6ckqusjd2ebFj0NvQo3tIiYZSnPnnItpln23xUnj0F/BpalTvRK+sNhJc3d3VEZ4t5P5h6R2EI6Qidg9atIPM7kWRsFyfcvUZrNhV+pp7xeBL1UOFZ4ovBwbQnMD7O7SKH5iO9445PuBrqvbG9gt+04J6G5BV5lOeR9teN90dvQ9IPi7KaaHBsytwP8ynkNAwnu2FsE0X6TM39eO83W8gP/NIwzkLdGQwY8K0SED1/bDyNBMTC/jdtf+1RIWVvw8bD320tqpHlmqXaAgswVgIe+dWwfrcQI+1B108oE5KILELWKcLyy4WpeseAJ6xBBtr61YWpw0+ov7p1MIj3Spk5LFVpD50c0qEPKHeP7pF24pgtIMSwYnAXRY1qQrpU6p2zjLR7qPV5SWm4Scl1lAp4/uOt4HBJVxDD8mOSxJv8hWl7b0JI5mQfFdiekWc+Sp0JzNkMsFw5n7Hh57jXA4/uMnadqzveBDB4MhnHFlqroAk3+Ah5Y8vTvBGf8hhKvC7hRFGYrml/6DiCa5U+DX1WYoTkwIiFyBNEE1gMzNI6BxrQlN3RPzjF+wrkXtjtQu05ShYBIfoC6qbMxMTFBLHjYh6ud9IJ80u8ph7umMdTnXcsplA8nWWKV0Jsve+8M/0ca8TtwX0P1dMT+P57zh9lwhFckmKYLl87CJBh6HY8+sa2S4WcWnFf+92uKWTmOyJbvZQFGh+xAvF5aT2Lc1TvuhrcH3Qbgm6iJK5G7Pp+k2Bx6iUiO6J3EiyeITsZ4eb+kx/2xgZwSZPonH5ZxkpF3nHULxoaSl3QON0AK7CHlgY1yaAtjIaVp6M8H0XSeRZCSKmpE/04HISq0WCYWqD2xzic4ofX1LMXBi+8HuGtQj+VaGJ6gwixMMgS02YPAu/gj1+srbW+4Mlv9PriHRNDTk9WaSJDsRwf0rVdeCu6ZRLiESYhyBPIxQEyYxgGG1CtmL6ZRuZ4FjfU9UPV03j11sIVWPkZUdulDZvT67PrNrf8e4kA7dOX0U8nnGRCBwK5g4mqxhfwnAY0dvylfLCJTEJQ3tRGG3jZKQgvv4MUSGhXNMM5t2XQryiYXnwEUeZLrU5Cm9s32wpehKkclOODklzM5ZCSD7RqZ9rcG+SeAuC/ZkgpgwXOydgFyu0hnScMEMvj1Plxyne0BAlABmZ47RIwAz2YFkfrW7604alkqYp5fHz/kBIVMK1WVBbWfQ1az/3p/AqsVURWYjqrq3G6z4ZXOUAjpPcWRDCNdvU44P6AZ5vmLMxhHEbLvuROJvaDRchBcGjU3pPURxQQl1T9Z6RZkU8wtt1yAFnHt7/qBgGZibvFHRaAYhAkl/x84qmIl54jI1Kx+6aAr1luihdqf2+m0krahfIAxWoukHasrp0buwOd707PjpIrW6lDE5pGFlntuYjQ9obGNsm5zU/7P2XLS+6ro8LBZQnPQL3fwz6N1XG8EqbQ6ylECoaRGyqgj9uHFmpNxox8jQNNva2g8wL2oqZ4Mi2Q3xPArEJrvDjDhrArUUqah/qne/y8sWhBYsLWL+BNlgqle6D+fodNLltHcbLuchcMqQuIpI2pj7qVhLfuTYycl3hj2gCQCRDgHlRxwEo+Rz1/ZglpSLuHHSog8zLTLNOXL9TcTUjBmGWhobcKkiPNbs8TY+j5oXTjiB8F+i30Xyn422SLpGjDw6V796r7Dqo5WwC5eEXvP/E2e7FesgvtwGyd9pYVp4pKyRC0Hm2kPHMxJXRRhpS2g+itT+hEAzbWX1eVxRVqRODveA7a5PlE71/E5gmA4SEvjYFheKqeye8TDgEO5G/6m52ws8Fu5wI8p9Xw2RKq19XxYkV5qfDne3EURe0Q39k3uG4bRHqw9vgfnq13OfW9TllH1x/UGaSQ6kU9K4m+zGCJd+HU6sDNTgcLsqsgoaTQKK8GhxLm7o3oZl7P8OVuP2k65DpuGA6H4DCTFMPldmmQRBFkhM8QLw2U9tqhOLWuQwqCq4EyaPwOxoaETps94IomLoZv09gco3X/ifGSENr3De/ut0HT+c/uvOLhISoTKPqSclYN0oumDk0ezywHP4mBzQ0WIYFmhnHCAbo8/yp3nZPC4IVH8KyQb6pRLukUljW6bpn02Rw2GYb5chbaB3WdWrF8NN7GgA3XTmm4OL9zIY2BR8BH7BTXDmoI1kmq4jB1+OvxJJZJ1SBeU4fCApPuM/NntEekPNxfKeyLsLn0XJtUBy0mvjY2fK64u17fkHj4N0h7vSs6oIb3n7lGUe433cssJSXxFbPaepA9S5uAdEIVGXKB9ZNm7PzjmJRRH15UOfgP4p8hCafPZTPeETeExbtTt6WAbVlMiBFlqGmkpWjblEAWBxZoAXGR3CIvjIBrSvA4IFHdXmJRimcOd0RMfJi4Y8JAm5gu51vzHy7jTaBV1Z7LqNuj+yWEOcX1e1w9pPOEzvwIgnAkx4OXy57tCYoMk2P1qq/iX/ZXL++NEQjvndIw50VSMq26Xm0nJzb5fZdCM/pU2sKVLvSHiTls+d9Jw9A/OaKY+J+E9m/NeU2aOJeGzL1mMccvv1Qn5iTmAHoRKuMUCnF8YkWCIuXGHh3I2C4n8O0Qp98rLFDRxEWkEhnmAyU5bemVaST9bxnYazzdqQjpeoKw+8L/MerICalYVoM1kA0jKRqb3xRZbK+wvpFswOepCeW/Yaiow/jOMwQyRIIfz/PhCyfxJjahIRd1fK+E0vwy6YdnClG6QhcedDT9R+JhJizXNV2jlKrNuKGhmZN2/PbJITN9iMdwKx/T9bd5fPd6PhoAta7xqs43MGGJh11etIc3fl4lF4qv6G8ifKHbcd9olLhLzqVNh6agLYx8oQwFmJIOw3yIEUt08calhYUHErXsT2/bkcC/zlSB8PQzkpXgAVvVYFl+Fps/sUt+t9lfRlsxEYPwTI6lMUThKmu2z5ZZo652y+97rnT/bj4XJm659SVm9Wt6WYpXWJcFPumz5qa8DzsTOv4JbRgTE8+etInjAReNRQVTp0FqL4X9b4Ob+1y4vfjy8aWQD05zO/AeMkK7iElNoZD+HpP+Cwf/ZAAEAGgBAAAE/AEAADwEDPwIAAAAAAR8B3AAAAgAJAgEBCgIAAwAZVGhpcyBpcyBvZiBGaW5nZXIgKDMp</BDB>
         <SB>ZXlKNE5XTWlPbHNpVFVsSlJqWnFRME5CT1V0blFYZEpRa0ZuU1VKQ1ZFRk9RbWRyY1docmFVYzVkekJDUVZGelJrRkVRbFJOVVhOM1ExRlpSRlpSVVVkRmQwcEtWR3BGVFUxQmIwZEJNVlZGUTBGM1JGTXlSBmxOVVhkM1EyZFpSRlpSVVVoRVFVNURZa2hKZUVSRVFVdENaMDVXUWtGdlRVRXdVbEZOYWtWTlRVRnZSMEV4VlVWRGQzZEVVa1pCZVUxUmQzZERaMWxFVmxGUlJFUkJUa1ZWUkVsM1NHaGpUazFxUlhoTlJFVjZUVlJCTUU5RVRUUlhhR05PVFdwSmQwNUVSWGhOVkVFd1QwUk5ORmRxUWxkTlVYTjNRMUZaUkZaUlVVZEZkMHBLVkdwRlRVMUJiMGRCTVZWRlEwRjNSRk15Um5sTlVYZDNRMmRaUkZaUlVVaEVRVTVEWWtoSmVFUlVRVXhDWjA1V1FrRnZUVUpGV2tKUk1GVjRSRlJCVEVKblRsWkNRWE5OUWtWYVFsRXdWWGhFVkVGTVFtZE9Wa0pCVFUxQ1JWcENVVEJWZDJkblNXbE5RVEJIUTFOeFIxTkpZak5FVVVWQ1FWRlZRVUUwU1VORWQwRjNaMmRKUzBGdlNVTkJVVVJvYm5ZMlZVVjBlV3hLVFhocldqBDBPREZFUWk5U05HOHljVlZOVUdWc1ZsVktlRmxpY1dKWlYyTkdNWEpQUjA4M1lteGpOelJtYVZsdmQwZDNiRXR0ZFVJNVlsWk1aRkZ0V1c5VmRXczFOMUo1VUVsR2RWUnBXblIyTlVwd1ZreE9VVWsyT0hCdVVDdEhRbU5UVlhGUlJtdFlVaTlKWnpGMVJreHRPSFpIY2xwNmNFMUlNM0pZY0U1RllqaHpTR05IVFdGSk16bDVZazFFWTNKQ1RFTkRiVkY1U2tsRWJXNVljRkpVTkhWc1ZtTXliRkZ3T1RsT1ZIUTFUMWhwZUVObE5reE9jVGMxVm1RdlNrVjBURGhrUzBGMWVVNUxhRTFMZGpCRFNESlNXRXg1T1hNMVJtTTNOMVpXWm1KSWIzZE9TMFk1ZEdkMmNVUTRiVWhEYjJweFNHeGlUbmxUUzFSc05rbHBTVXQxYjNkTk1WTjNNalJKT0ZGS01HYzBTamRJVlhsWmNHdHdRMmh0YW1KQ1YwbzJjVFJ5Um1ZNVZHZG1TMU5uTDA0eWRrdzRNRWxZYW5WbVFUSm9NMUpNWkVnMlN6ZExRbFkxUjNCM1NtOUpTRzV1YlVObFoxY3lTbGh1VUZCcU5saE1TeXM0YTI5UWMyRTNTRGRVZVc1S00xTTRTVFUxVmpkc1VHbFZPVXhqYzFoMGRGUjZXa3BLTm14SUsydHpZbVpyZDB0UGF6aEJZa1JCWkdzdlYySXpkSEZ2WWxoNWVFVlVUa2N3VlVvM1FtdFhNbEJMUjBKVGFEQnBRVWxEU1hOd2VuWndjRFZCTmpaR01XWmFhbGw2ZG5SSFJXMXROMUZCYVdaSWRVVnBaVWhDTW5wa1ZVZzBiMVV3WlhSaFJDODFNRUY2ZDJ4V05VbFdTR3hST1VsemQxRlNNaTltY1V0bVVFbzJRVUpoVjBadGJISlVhalJKZGxaRlVFeEViVGR1YkZWMmJHTm5kVkp6ZEdsemNEWXdaMlZITUU5U2MyWlFabmxJUkc1M04yZE5UMUZKUlc1WVYwdzNSBll2TVZWV2EybEtjMmN5Y25aMU5ISndReTlpUjNVMWRGVnBMemRtT0ZkbGQyUndZV3hpTm5SMFRUWnBSVkIxV1ZaeE5FMWhhWE51VVRoblNTdG1UMnh4WVZvdmFVWm1RbGszT0had1Jpc3lkMGxFUVZGQlFtODBTRVpOU1VoRFRVRnJSMEV4VldSRmQxRkRUVUZCZDBWUldVcFpTVnBKUVZsaU5GRm5SVUpDUVZGRVFXZFhaMDFFVFVkRFYwTkhVMEZIUnl0RlNVSkVVVkZ0Um1sU1VHTkhWblZWTVU1TlNVVmtiR0p0Vm5sWldGSnNXa05DUkdKSGJHeGlibEZuVVRKV2VXUkhiRzFoVjA1b1pFZFZkMGhSV1VSV1VqQlBRa0paUlVaQ2FFazJXVlZYSzJkU1VITTNka1pxYzB4dVUzUldkbEJYYVdKTlFqaEhRVEZWWkVsM1VWbE5RbUZCUmtwbVlUWlhRV3RpZVhGSllqVnZPR3BOV0hwSVQxaG9ReTg1VTAxQk5FZEJNVlZrUkhkRlFpOTNVVVZCZDBsR05FUkJaRUpuVGxaSVUxVkZSBXBCVlVKblozSkNaMFZHUWxGalJFRm5XVWxMZDFsQ1FsRlZTRUYzVVhkRVVWbEtTMjlhU1doMlkwNUJVVVZNUWxGQlJHZG5TVUpCUm5aeGVEVlZXSEU0ZFVWWVdIRTRUVTlvVUZkWVZFWjZlWE0zYkdOVmJGZEZSSFJXVFVsWUx6QXJUV0ZxYUZoR1UwUjVMek5MU3pKelVXNHJaVlZJVDA1MlZ6a3lNR2wwUVRoWFdYWnZPVXRwWms1MldsWmtTSHBoVFVScE1HeFdjM3BGUTJrMlRFRjZNWFZEYzBsMlEyeHpVbFIzZGxoRmVrOUhSSGhpYUVsYU5sUlZVak5XSzBzMU1uTktLeTlSYmxad2FrbGtVVk4xTkhCb1Vta3JZMEpKVVdOMFNIbzJPR0l2WWpFMFp6VllNREo1TXpGb2RVcFdiaTl6WkN0NWMwdEVaVEUwVEcxRWEzWjNSRkJvTnpod1VVWkNaVWxCUlhaRWEyMTBhM2xGUjBKQ1ltNVVkSGx0Y0dFMGFGaGxSMEppUm1VMFNHbDJMM3BtY0VKSmVFdHZUbUk0YWtONFUza3JTMkpUUWt4eGVFNUhkR0ZoWlRaUWRWcEVOa293VEN0QlJsaHBSBWR1Ynl0aGJ6Rm5SVnBPT0NzNE9Ea3dRbFZsVWtORlJIbGhNa1JKV0dwamRuUnVPRm93VG5KQ0wyeEVPVzU0WlM5R04yMHhVVmR2YUVWdmJEazFNM295TjJRclFWY3hTbkZoTDBWWlRWZEdZVUpCVUZWQlRrd3pjblZPU1RsclVWVlZSRUZJUld4VWNreExaRUZsUkZOU1dFMTBaemN6YzBsV1ZXZGpUVE5vVDBzNU5HTkVPRk5uSzNGbE1XMTRUSFUxWW10WWNVaEJaVUV5YW1kVGJ6SmtjRGxMYkVsM2RFNVBOMlJLUlhWR1lYZHFiRFV4WkVwVmMwVTNWR1owYlVkVVJHOVFTMHRQSzNsWWFtVk1UREJpYjBkTGVTc3hSRkUxY0VjNFlqa3ZTalUwSzB0VVJVdEJTR0pJT1c1c1YwbFpVV0kzWkd0UU0xUTRObkZ5ZURkdlZuSkhkM0ozU1RWcVEwMXRXbEZCTkhGNE1IbEdWMkpGUW1ONE5tVXZUa2xDWlUxc09FZ3pjRTAzTkZwcWJYaHZPVzlKU25WV2FYRnNLMUZKT0hWUFdIVlVUREp2UWtvMGNGZDJVSFZ5TDNWb2QyeEpZVkp5ZWpSa1ZGa3dha3ROYkUxRVYxb3dabVZTTVZOb1dXaGpaMVpaYkZWQ1ptYzRlbVZ3Y0U0eWRrMHpTbTBpWFN3aVlXeG5Jam9pVWxNeU5UWWlMQ0owZVhBaU9pSktWMVFpZlEuLjFDSi1jRFNXeDlMY3hWanJHUUdveGZBTlBOYnpPQzIyeVc0Z1JDcXNxNDhaY08zTmpvVzFVaTNMT0lEdEpKOURBSnR2VVBvZmo4bFhxOFlGR0pSUDI2WG1wVHdOZlE3V3NFYTdzWHVYUnM1bmFieXVCNE9BTnNQRGpVMVJMUEo2OUs2QnVYSUNHUl9ScHFvb1BHQWVFOVhHRVdpYzZFejI4UTJqdlQ1Y0laVkZwM214RXp2cnYwc3BCV1Bvb1VLWjFwcUZUaWdHSlROa1dwUzlGWEgtNFhObTVZdHFjeGR4RjZ4NjZRNUZVSDFzZjdSODhJREdGWk15QlI4M2JLd251Zk81b1llTk5ISTlWNHAtWTlXZXdpMGl4RzEyZVJCZzFNcEdhYXpZNEg4U0taLVdaZXJwVzFxOElGcEZDVV9jeTF5cXpJd2hYZHdEaUVIb00yMnl5Njd6SFd3aHltQ3hDRmtnUlFaMjFiWXpaR2tTMXVzRlcxcGQyOHlfS0FrbF9fT3Zld0xYbm9Lc3o2WlVEWmV1UHZQSWFaQlB4aHFVMnlzSjZIS0tjZTlhYkRraVNBQkpnOTZMVE83aGdSVnRXQ3ZrYWU4cW9DTWJvUGMzLTZnQmxMN3dNQkQ3cDE3UEZtbGdnOFFtNDFZSDFSTlJEVzg5OC1FbEJHY0Y3WXlhOUtoaHJmdjRsM2lmQ3RobVBWR1R4SUM0RkhtbUpjek82Mkl6cjd2Y0pqREIxSmR6SWRqWmNwUHBqSnlkZmlpODRDQS12QWVrU1FIN1FRWldoNzZrTURndUk4Z0RyZHc1cGo3Zl9CcWxSai16dlVPalAxRXNuSUF5blZWRWdGNVl6M0lTOThNV3dpWndkYmt4T2RGUXhEdzRVRk9VYmRvWExZX1Fnay1ocW1B</SB>
         <Others>
            <Key>EXCEPTION</Key>
            <Value>false</Value>
         </Others>
         <Others>
            <Key>RETRIES</Key>
            <Value>1</Value>
         </Others>
         <Others>
            <Key>SDK_Score</Key>
            <Value>0.0</Value>
         </Others>
         <Others>
            <Key>FORCE_CAPTURED</Key>
            <Value>false</Value>
         </Others>
         <Others>
            <Key>PAYLOAD</Key>
            <Value>{"digitalId":"eyJ4NWMiOlsiTUlJRjZqQ0NBOUtnQXdJQkFnSUJCVEFOQmdrcWhraUc5dzBCQVFzRkFEQlRNUXN3Q1FZRFZRUUdFd0pKVGpFTU1Bb0dBMVVFQ0F3RFMyRnlNUXd3Q2dZRFZRUUhEQU5DYkhJeEREQUtCZ05WQkFvTUEwUlFNakVNTUFvR0ExVUVDd3dEUkZBeU1Rd3dDZ1lEVlFRRERBTkVVREl3SGhjTk1qRXhNREV6TVRBME9ETTRXaGNOTWpJd05ERXhNVEEwT0RNNFdqQldNUXN3Q1FZRFZRUUdFd0pKVGpFTU1Bb0dBMVVFQ0F3RFMyRnlNUXd3Q2dZRFZRUUhEQU5DYkhJeERUQUxCZ05WQkFvTUJFWkJRMFV4RFRBTEJnTlZCQXNNQkVaQlEwVXhEVEFMQmdOVkJBTU1CRVpCUTBVd2dnSWlNQTBHQ1NxR1NJYjNEUUVCQVFVQUE0SUNEd0F3Z2dJS0FvSUNBUURobnY2VUV0eWxKTXhrWjl0ODFEQi9SNG8ycVVNUGVsVlVKeFlicWJZV2NGMXJPR083YmxjNzRmaVlvd0d3bEttdUI5YlZMZFFtWW9VdWs1N1J5UElGdVRpWnR2NUpwVkxOUUk2OHBuUCtHQmNTVXFRRmtYUi9JZzF1RkxtOHZHclp6cE1IM3JYcE5FYjhzSGNHTWFJMzl5Yk1EY3JCTENDbVF5SklEbW5YcFJUNHVsVmMybFFwOTlOVHQ1T1hpeENlNkxOcTc1VmQvSkV0TDhkS0F1eU5LaE1LdjBDSDJSWEx5OXM1RmM3N1ZWZmJIb3dOS0Y5dGd2cUQ4bUhDb2pxSGxiTnlTS1RsNklpSUt1b3dNMVN3MjRJOFFKMGc0SjdIVXlZcGtwQ2htamJCV0o2cTRyRmY5VGdmS1NnL04ydkw4MElYanVmQTJoM1JMZEg2SzdLQlY1R3B3Sm9JSG5ubUNlZ1cySlhuUFBqNlhMSys4a29Qc2E3SDdUeW5KM1M4STU1VjdsUGlVOUxjc1h0dFR6WkpKNmxIK2tzYmZrd0tPazhBYkRBZGsvV2IzdHFvYlh5eEVUTkcwVUo3QmtXMlBLR0JTaDBpQUlDSXNwenZwcDVBNjZGMWZaall6dnRHRW1tN1FBaWZIdUVpZUhCMnpkVUg0b1UwZXRhRC81MEF6d2xWNUlWSGxROUlzd1FSMi9mcUtmUEo2QUJhV0ZtbHJUajRJdlZFUExEbTdubFV2bGNndVJzdGlzcDYwZ2VHME9Sc2ZQZnlIRG53N2dNT1FJRW5YV0w3RnYvMVVWa2lKc2cycnZ1NHJwQy9iR3U1dFVpLzdmOFdld2RwYWxiNnR0TTZpRVB1WVZxNE1haXNuUThnSStmT2xxYVovaUZmQlk3OHZwRisyd0lEQVFBQm80SEZNSUhDTUFrR0ExVWRFd1FDTUFBd0VRWUpZSVpJQVliNFFnRUJCQVFEQWdXZ01ETUdDV0NHU0FHRytFSUJEUVFtRmlSUGNHVnVVMU5NSUVkbGJtVnlZWFJsWkNCRGJHbGxiblFnUTJWeWRHbG1hV05oZEdVd0hRWURWUjBPQkJZRUZCaEk2WVVXK2dSUHM3dkZqc0xuU3RWdlBXaWJNQjhHQTFVZEl3UVlNQmFBRkpmYTZXQWtieXFJYjVvOGpNWHpIT1hoQy85U01BNEdBMVVkRHdFQi93UUVBd0lGNERBZEJnTlZIU1VFRmpBVUJnZ3JCZ0VGQlFjREFnWUlLd1lCQlFVSEF3UXdEUVlKS29aSWh2Y05BUUVMQlFBRGdnSUJBRnZxeDVVWHE4dUVYWHE4TU9oUFdYVEZ6eXM3bGNVbFdFRHRWTUlYLzArTWFqaFhGU0R5LzNLSzJzUW4rZVVIT052VzkyMGl0QThXWXZvOUtpZk52WlZkSHphTURpMGxWc3pFQ2k2TEF6MXVDc0l2Q2xzUlR3dlhFek9HRHhiaElaNlRVUjNWK0s1MnNKKy9RblZwaklkUVN1NHBoUmkrY0JJUWN0SHo2OGIvYjE0ZzVYMDJ5MzFodUpWbi9zZCt5c0tEZTE0TG1Ea3Z3RFBoNzhwUUZCZUlBRXZEa210a3lFR0JCYm5UdHltcGE0aFhlR0JiRmU0SGl2L3pmcEJJeEtvTmI4akN4U3krS2JTQkxxeE5HdGFhZTZQdVpENkowTCtBRlhpRmdubythbzFnRVpOOCs4ODkwQlVlUkNFRHlhMkRJWGpjdnRuOFowTnJCL2xEOW54ZS9GN20xUVdvaEVvbDk1M3oyN2QrQVcxSnFhL0VZTVdGYUJBUFVBTkwzcnVOSTlrUVVVREFIRWxUckxLZEFlRFNSWE10Zzczc0lWVWdjTTNoT0s5NGNEOFNnK3FlMW14THU1YmtYcUhBZUEyamdTbzJkcDlLbEl3dE5PN2RKRXVGYXdqbDUxZEpVc0U3VGZ0bUdURG9QS0tPK3lYamVMTDBib0dLeSsxRFE1cEc4YjkvSjU0K0tURUtBSGJIOW5sV0lZUWI3ZGtQM1Q4NnFyeDdvVnJHd3J3STVqQ01tWlFBNHF4MHlGV2JFQmN4NmUvTklCZU1sOEgzcE03NFpqbXhvOW9JSnVWaXFsK1FJOHVPWHVUTDJvQko0cFd2UHVyL3Vod2xJYVJyejRkVFkwaktNbE1EV1owZmVSMVNoWWhjZ1ZZbFVCZmc4emVwcE4ydk0zSm0iXSwiYWxnIjoiUlMyNTYiLCJ0eXAiOiJKV1QifQ.eyJzZXJpYWxObyI6IjEyMzQ1Njc4OTAiLCJtYWtlIjoiTU9TSVAiLCJtb2RlbCI6IlNMQVAwMSIsInR5cGUiOiJGaW5nZXIiLCJkZXZpY2VTdWJUeXBlIjoiU2xhcCIsImRldmljZVByb3ZpZGVySWQiOiJNT1NJUC5QUk9YWS5TQkkiLCJkZXZpY2VQcm92aWRlciI6Ik1PU0lQIiwiZGF0ZVRpbWUiOiIyMDIxLTExLTE5VDA4OjM0OjI4WiJ9.1jLQpIzleEQc0_4NiiSp0mAH__BYP1gGWb3DNGein2l-O1nPj3HDVdLdl_mdLuMmQu_-RlmBoTRqBPZDcxQ1HOtnpye7XTJGpG3SHdIyDjpzIKRZMq-zTXII2dR49S0gfqRKeoxYvtSwjmpwI8orOEVmiicVN4S1t64ZNXbl0e9iOJfdjR-rKKo0lv46huLwksyfUQgxcZFitDG2HZr4wp3FU8RP3lMf_UuafNRpg4BRhcnR4fhQwK7Qb69DFtJWo7GwePVrcqxGdWyevDGcADzB7u1-P1u7QAkElV-RsT4bPbUUmkqSgXDj5agqx25Qot6hT97o33JTb2_hHkcH4rRrjIIOjkNsCgDR_k-q_7Zx1hB2lJ9g4D4S7djT0atrzfd9QqbZ7tkieD7Xalv2cykgdqd3wkyjLu_9OGy17thL7u0qZIX274TcyjHl7vYw6hGyqOceWV1Ih7Eyy3kiGgyRQ-TJ7pH1HwYUEJQ5Vf2m10jUqq7lroAmgAuDSImMj389NwMbZ84K7S2VrmdNkzekfqxkieUU2VIvOwEj5NOTf6kmijS9PQM1RXzSNMm4HtgnC0aAaJeuXp6MFQkIhF-pi-7R1EZxed3dbE9-yQq9oep6a7nJR1RON1kY3JW_faNj2Hlsrt3bSxaXoFVIhzZkDkqLSGFKWhLNMpfubbc","deviceCode":"b692b595-3523-slap-99fc-bd76e35f190f","deviceServiceVersion":"0.9.5","bioType":"Finger","bioSubtype":"Right MiddleFinger","Purpose":"Registration","env":"Staging","bioValue":"&lt;bioValue&gt;","transactionId":"6f2b5919-50dc-44fa-a897-2fec7eb6972e","timestamp":"2021-11-19T08:34:28Z","requestedScore":"40","QualityScore":"90"}</Value>
         </Others>
         <Others>
            <Key>SPEC_Version</Key>
            <Value>0.9.5</Value>
         </Others>
      </BIR>
      <BIR>
         <Version>
            <Major>1</Major>
            <Minor>1</Minor>
         </Version>
         <CBEFFVersion>
            <Major>1</Major>
            <Minor>1</Minor>
         </CBEFFVersion>
         <BIRInfo>
            <Integrity>false</Integrity>
         </BIRInfo>
         <BDBInfo>
            <Index>1d999035-0767-44ab-baff-0ddc92b32432</Index>
            <Format>
               <Organization>Mosip</Organization>
               <Type>7</Type>
            </Format>
            <CreationDate>2021-11-19T08:35:16.4909371</CreationDate>
            <Type>Finger</Type>
            <Subtype>Left RingFinger</Subtype>
            <Level>Raw</Level>
            <Purpose>Enroll</Purpose>
            <Quality>
               <Algorithm>
                  <Organization>HMAC</Organization>
                  <Type>SHA-256</Type>
               </Algorithm>
               <Score>0</Score>
            </Quality>
         </BDBInfo>
         <BDB />
         <SB />
         <Others>
            <Key>EXCEPTION</Key>
            <Value>true</Value>
         </Others>
         <Others>
            <Key>RETRIES</Key>
            <Value>0</Value>
         </Others>
         <Others>
            <Key>SDK_Score</Key>
            <Value>0.0</Value>
         </Others>
         <Others>
            <Key>FORCE_CAPTURED</Key>
            <Value>false</Value>
         </Others>
         <Others>
            <Key>PAYLOAD</Key>
            <Value />
         </Others>
         <Others>
            <Key>SPEC_Version</Key>
            <Value />
         </Others>
      </BIR>
      <BIR>
         <Version>
            <Major>1</Major>
            <Minor>1</Minor>
         </Version>
         <CBEFFVersion>
            <Major>1</Major>
            <Minor>1</Minor>
         </CBEFFVersion>
         <BIRInfo>
            <Integrity>false</Integrity>
         </BIRInfo>
         <BDBInfo>
            <Index>347863cb-9918-4be8-b8fd-0c4072433e08</Index>
            <Format>
               <Organization>Mosip</Organization>
               <Type>7</Type>
            </Format>
            <CreationDate>2021-11-19T08:35:16.4909371</CreationDate>
            <Type>Finger</Type>
            <Subtype>Left LittleFinger</Subtype>
            <Level>Raw</Level>
            <Purpose>Enroll</Purpose>
            <Quality>
               <Algorithm>
                  <Organization>HMAC</Organization>
                  <Type>SHA-256</Type>
               </Algorithm>
               <Score>0</Score>
            </Quality>
         </BDBInfo>
         <BDB />
         <SB />
         <Others>
            <Key>EXCEPTION</Key>
            <Value>true</Value>
         </Others>
         <Others>
            <Key>RETRIES</Key>
            <Value>0</Value>
         </Others>
         <Others>
            <Key>SDK_Score</Key>
            <Value>0.0</Value>
         </Others>
         <Others>
            <Key>FORCE_CAPTURED</Key>
            <Value>false</Value>
         </Others>
         <Others>
            <Key>PAYLOAD</Key>
            <Value />
         </Others>
         <Others>
            <Key>SPEC_Version</Key>
            <Value />
         </Others>
      </BIR>
      <BIR>
         <Version>
            <Major>1</Major>
            <Minor>1</Minor>
         </Version>
         <CBEFFVersion>
            <Major>1</Major>
            <Minor>1</Minor>
         </CBEFFVersion>
         <BIRInfo>
            <Integrity>false</Integrity>
         </BIRInfo>
         <BDBInfo>
            <Index>06ff1ea8-2152-46f9-ab5e-b7c0ff1debe0</Index>
            <Format>
               <Organization>Mosip</Organization>
               <Type>7</Type>
            </Format>
            <CreationDate>2021-11-19T08:35:16.4909371</CreationDate>
            <Type>Finger</Type>
            <Subtype>Left Thumb</Subtype>
            <Level>Raw</Level>
            <Purpose>Enroll</Purpose>
            <Quality>
               <Algorithm>
                  <Organization>HMAC</Organization>
                  <Type>SHA-256</Type>
               </Algorithm>
               <Score>0</Score>
            </Quality>
         </BDBInfo>
         <BDB />
         <SB />
         <Others>
            <Key>EXCEPTION</Key>
            <Value>true</Value>
         </Others>
         <Others>
            <Key>RETRIES</Key>
            <Value>0</Value>
         </Others>
         <Others>
            <Key>SDK_Score</Key>
            <Value>0.0</Value>
         </Others>
         <Others>
            <Key>FORCE_CAPTURED</Key>
            <Value>false</Value>
         </Others>
         <Others>
            <Key>PAYLOAD</Key>
            <Value />
         </Others>
         <Others>
            <Key>SPEC_Version</Key>
            <Value />
         </Others>
      </BIR>
      <BIR>
         <Version>
            <Major>1</Major>
            <Minor>1</Minor>
         </Version>
         <CBEFFVersion>
            <Major>1</Major>
            <Minor>1</Minor>
         </CBEFFVersion>
         <BIRInfo>
            <Integrity>false</Integrity>
         </BIRInfo>
         <BDBInfo>
            <Index>5e7d4d69-f20e-49d0-b078-a28e7310c361</Index>
            <Format>
               <Organization>Mosip</Organization>
               <Type>7</Type>
            </Format>
            <CreationDate>2021-11-19T08:35:16.4909371</CreationDate>
            <Type>Finger</Type>
            <Subtype>Left IndexFinger</Subtype>
            <Level>Raw</Level>
            <Purpose>Enroll</Purpose>
            <Quality>
               <Algorithm>
                  <Organization>HMAC</Organization>
                  <Type>SHA-256</Type>
               </Algorithm>
               <Score>0</Score>
            </Quality>
         </BDBInfo>
         <BDB />
         <SB />
         <Others>
            <Key>EXCEPTION</Key>
            <Value>true</Value>
         </Others>
         <Others>
            <Key>RETRIES</Key>
            <Value>0</Value>
         </Others>
         <Others>
            <Key>SDK_Score</Key>
            <Value>0.0</Value>
         </Others>
         <Others>
            <Key>FORCE_CAPTURED</Key>
            <Value>false</Value>
         </Others>
         <Others>
            <Key>PAYLOAD</Key>
            <Value />
         </Others>
         <Others>
            <Key>SPEC_Version</Key>
            <Value />
         </Others>
      </BIR>
      <BIR>
         <Version>
            <Major>1</Major>
            <Minor>1</Minor>
         </Version>
         <CBEFFVersion>
            <Major>1</Major>
            <Minor>1</Minor>
         </CBEFFVersion>
         <BIRInfo>
            <Integrity>false</Integrity>
         </BIRInfo>
         <BDBInfo>
            <Index>59b5a3ec-b585-444f-8570-1ff093d933e2</Index>
            <Format>
               <Organization>Mosip</Organization>
               <Type>7</Type>
            </Format>
            <CreationDate>2021-11-19T08:35:16.4909371</CreationDate>
            <Type>Finger</Type>
            <Subtype>Left MiddleFinger</Subtype>
            <Level>Raw</Level>
            <Purpose>Enroll</Purpose>
            <Quality>
               <Algorithm>
                  <Organization>HMAC</Organization>
                  <Type>SHA-256</Type>
               </Algorithm>
               <Score>0</Score>
            </Quality>
         </BDBInfo>
         <BDB />
         <SB />
         <Others>
            <Key>EXCEPTION</Key>
            <Value>true</Value>
         </Others>
         <Others>
            <Key>RETRIES</Key>
            <Value>0</Value>
         </Others>
         <Others>
            <Key>SDK_Score</Key>
            <Value>0.0</Value>
         </Others>
         <Others>
            <Key>FORCE_CAPTURED</Key>
            <Value>false</Value>
         </Others>
         <Others>
            <Key>PAYLOAD</Key>
            <Value />
         </Others>
         <Others>
            <Key>SPEC_Version</Key>
            <Value />
         </Others>
      </BIR>
</BIR>
